00:02:38 <Camail> house stuff is the giant money hole that adults all agree to throw their money into
00:02:46 <Camail> if its not houses, its rent
00:03:07 <skram> can i just spend all my money on pokemon cards instead
00:03:16 <Camail> you technically can
00:03:19 <Camail> no one is stopping you
00:04:09 <Camail> skram this just means we need to call dub jacob forever
00:04:15 <Camail> or jacathan
00:04:22 <Camail> jacefrey
00:04:25 <skram> he's gonna be mad
00:04:26 <skram> lets do it
00:04:40 <Camail> or J-money
00:04:54 <Camail> DuB`  which of those do you like the best
00:04:57 <skram> j-money is good
00:05:02 <DuB`> I was JDub before I was dub
00:05:18 <Rawr|Phone> I like J-money
00:05:29 <Camail> then its settled
00:05:41 <skram> jubathon?
00:05:46 <Camail> Jub
00:05:53 <skram> great
00:06:08 <Camail> .tag dub jub
00:06:36 <Camail> i put very little value in names, tbh
00:06:43 <Camail> hence my constant bastardization
00:07:02 <Camail> Adam has floated around over the years but i dont care at all what people call me
00:07:27 <skram> clamail pls
00:07:37 <Camail> shut yur face
00:07:58 <skram> sorry adamail
00:11:59 <Rawr|Phone> 🤨🤨
00:18:50 <Dot|Phone>  Dub. Are we not friends? 
00:22:39 <DuB`> ???
00:22:53 <DuB`> If you really want to call me jake feel free, just not jacob :P
00:23:30 <Rawr|Phone> Jabbe
00:23:35 <skram> haa
00:25:09 <skram> rädda jabbe
00:31:05 <Rawr|Phone> It's kind of late jonas
00:32:46 <skram> its ok
00:32:47 <skram> im an adult
00:35:03 <Camail> TIL dub doesnt like any of us
00:35:05 <Camail> so rude
00:35:07 <Camail> and hurtful
00:35:19 <Camail> dot we decided his name is Jub
00:37:59 <skram> jubba the hut
00:41:40 <Camail> calling him jake must be weir for the nords
00:41:47 <Camail> hard Js dont exist for you
00:44:45 -!- reimeuk [~thomas@cpc76294-cosh16-2-0-cust297.6-1.cable.virginm.net] has joined #tlponies
00:44:45 -!- mode/#tlponies [+v reimeuk] by Q
01:09:42 <Dot|Phone> I believe its JuB`
01:10:16 <Dot|Phone> Final raid of tarkov tonight sucked badly
01:10:55 <Dot|Phone> Went well, a bunch of kills, then because of a stomach hit earlier I ran out of hydration... Made it across the map to extraction
01:11:11 <Dot|Phone> Then died with 1 second left to extract 
01:13:10 <Dot|Phone> Also means I didn't complete the quest I was there to do
01:13:15 <Dot|Phone> Blarg
01:23:12 <Dot|Phone> Dub if you do want to join sometime. I advise if you get time to run at least customs offline a few times with a map open on your second screen
01:44:03 <reimeuk> night all
01:44:17 <Dot|Phone> Gnight Reif
02:11:04 <Runbunny> .tell Reification https://www.youtube.com/watch?v=v82oVrsg5ng
02:17:34 <skram> i dont think thats what a dominant eye means, runbun
02:23:51 <Runbunny> ;)
07:06:44 -!- Cane [~Cane@CaneCraft.users.quakenet.org] has joined #tlponies
07:06:44 -!- mode/#tlponies [+o Cane] by Q
09:15:38 -!- Dot|Phone [uid393803@2001:67c:2f08:8::6:24b] has joined #tlponies
09:18:28 <Dot|Phone> Morning pons
09:43:04 * Micen boops Dot|Phone.
09:43:52 <Dot|Phone> Micen hest! 
09:44:19 <Micen> hello!
09:44:26 <Micen> i dont know why im not asleep
09:44:33 <Micen> there is dnd in so few hours
09:46:36 <Dot|Phone> Oh right... I need to do some proper prep
09:46:54 <Dot|Phone> Lucky it's one shot
09:53:56 <Cane> So, Void Spirit is fun.
09:54:04 <Cane> He has a neat, mobile kit.
09:54:13 <Cane> People keep putting him mid but I think he may be a better offlaner.
09:54:41 -!- Golly [~kvirc@cm-84.213.21.103.getinternet.no] has joined #tlponies
10:24:07 -!- Rial [~Rial@p2429120-ipngn200603tokaisakaetozai.aichi.ocn.ne.jp] has joined #tlponies
10:25:32 -!- tredc [~tredc@c83-254-129-166.bredband.comhem.se] has joined #tlponies
10:37:09 <Micen> i forgot dota had a new hero
10:39:03 <Micen> Warcraft 3: Reforged looks so good visually.
10:39:51 -!- Micen|Droid [~AndChat91@h6.74.23.98.dynamic.ip.windstream.net] has joined #tlponies
10:40:55 -!- Mousen|Droid [~AndChat91@h6.74.23.98.dynamic.ip.windstream.net] has joined #tlponies
10:45:39 <Dot|Phone> .roll d20
10:45:44 <Rial> hi hi
10:45:51 <Dot|Phone> Hey rial
10:46:40 <Rial> Hey, what's happening?
10:49:34 -!- Runbunny [~Runbunny@91.100.28.10.generic-hostname.arrownet.dk] has joined #tlponies
10:49:42 <Runbunny> Yo.
10:49:50 <Dot|Phone> Runbun <3
10:50:06 <Dot|Phone> Not much rial 
10:50:54 <Runbunny> Dot dot.
11:12:57 <Dot|Phone> How is you bun? 
11:17:56 <Runbunny> I'm all right.
11:18:02 <Runbunny> I have to leave though.
11:18:05 <Runbunny> bbl
11:41:30 -!- Micen [~Micen@h6.74.23.98.dynamic.ip.windstream.net] has joined #tlponies
12:29:30 -!- reification [~thomas@cpc76294-cosh16-2-0-cust297.6-1.cable.virginm.net] has joined #tlponies
12:29:30 -!- mode/#tlponies [+v reification] by Q
12:43:37 <reification> hello tlpons
12:44:39 -!- skram [~skram@82.147.53.153] has joined #tlponies
12:45:36 <Rawr|Phone> Reef reef
12:45:38 <Rawr|Phone> Jonas
12:45:45 <skram> reef reef
12:45:46 <skram> henrik
12:45:53 <reification> roar roar, skram
12:46:47 <Rawr|Phone> Good afternoon frens
12:47:33 <skram> god afton
12:48:30 <Dot|Phone> Jonas friend, Reif! 
12:48:35 <Dot|Phone> How's horses
12:49:50 <skram> sleepyface
12:50:56 <reification> i found the thing i wanted, no thanks to runbun D:
12:53:43 <skram> i am sure runbun tried his best
13:09:24 <Rawr|Phone> He always does
13:11:36 -!- skrma [~skram@213.232.87.88] has joined #tlponies
14:06:53 -!- DuB` [DuB@cpe-68-174-122-249.nyc.res.rr.com] has joined #tlponies
14:15:20 <Dot|Phone> Dub dub
14:15:23 <Dot|Phone> So early
14:47:52 <Dot|Phone> Maybe not
15:12:01 <Dot|Phone> Skram
15:16:29 <DuB`> Ah!
15:16:35 <DuB`> Forgot this auto-connects now haha
15:16:38 <DuB`> Good morn :P
15:19:24 <Dot|Phone> Wow. So you just ignored me
15:19:42 <DuB`> I was shopping and stuffs!
15:20:19 <DuB`> .choose brekfest no
15:21:44 <DuB`> .choose justalittle no
15:21:46 <DuB`> ok
15:27:41 <DuB`> I unno if this big pastry covered in powdered sugar and filled with creme counts as just a little, but it was only $1.50 so I say yes
15:36:19 <Dot|Phone> Very little
15:45:04 <reification> let us hope dub only suffers "a little" for this mockery of sweetiebot...
15:45:32 <DuB`> !
16:15:56 -!- Micen|Droid [~AndChat91@h6.74.23.98.dynamic.ip.windstream.net] has joined #tlponies
16:16:34 -!- Zounds [webchat@cloak-07ouvien.14-2.cable.virginm.net] has joined #tlponies
16:18:38 -!- Rawr|Fone [~AndChat52@m83-185-81-202.cust.tele2.se] has joined #tlponies
16:22:37 <Dot|Phone> Zounds! Hello
16:25:31 -!- Runbunny [~Runbunny@91.100.28.10.generic-hostname.arrownet.dk] has joined #tlponies
16:25:37 <Runbunny> I return.
16:26:17 <Dot|Phone> Wb. Just in time
16:27:49 <Runbunny> Hmm.
16:27:59 <reification> zounds, bun
16:28:00 <Runbunny> What does that mean?
16:28:14 <Runbunny> Compared to your "just now" being whenever.
16:28:23 <Runbunny> Hai Reif.
16:29:36 <Dot|Phone> Just know means in a little bit, it's very clear
16:30:14 -!- skram [~skram@82.147.53.168] has joined #tlponies
16:30:23 <Dot|Phone> Jonas
16:31:17 <Runbunny> O:
16:31:51 <Runbunny> So "just in time" means in time, but in a little bit?
16:31:53 <Runbunny> ???
16:32:55 <Dot|Phone> No u
16:34:08 -!- Rawr|Phone [~AndChat52@c213-89-110-176.bredband.comhem.se] has joined #tlponies
16:34:26 <Rawr|Phone> Dot
16:34:28 <Rawr|Phone> Snela
16:35:00 <skram> Bjørn, Henrik, Anders
16:35:01 <skram> the gang
16:46:50 <Dot|Phone> There is a dub too somewhere around here
16:47:03 <DuB`> Here!
16:47:41 <skram> excellent
16:48:08 <Runbunny> Jonas.
16:48:09 <Runbunny> Jake.
17:00:58 <skram> Anders. Cmon.
17:04:50 <Runbunny> O:
17:09:11 -!- Crisium [~Crisium@c-24-3-150-105.hsd1.pa.comcast.net] has joined #tlponies
17:11:26 <BioSC> soon
17:11:37 <Dot|Phone> Oh dear... 
17:26:12 -!- Rawr|Fone [~AndChat52@m83-185-81-202.cust.tele2.se] has joined #tlponies
17:33:33 <reification> runbunny https://twitter.com/karion9029/status/1220696862493040640
17:48:29 -!- Rawr|Fone [~AndChat52@c-4eb4e655.020-164-6d6c6d4.bbcust.telenor.se] has joined #tlponies
17:55:54 -!- Rawr|Fone [~AndChat52@c-4eb4e655.020-164-6d6c6d4.bbcust.telenor.se] has joined #tlponies
18:29:06 -!- Camail [~Camail@45.40.84.145] has joined #tlponies
18:29:06 -!- mode/#tlponies [+v Camail] by Q
18:30:42 <Camail> no
18:30:52 <skram> YES
18:30:55 <Rawr|Fone> Yes
18:32:40 <Camail> k
18:36:32 <Dot|Phone> Yes
18:45:59 <Camail> jeez, ok
18:56:27 <skram> great
18:56:27 <Bio> asdf
18:56:29 <skram> now take your pants off
18:56:34 <Crisium> oh my
19:02:11 <Crisium> anyone for some OW?
19:02:16 <Crisium> get some event skins
19:05:16 <reification> can do in maybe 15 minutes
19:05:22 <Crisium> noice
19:05:57 <Crisium> skram zounds DuB` Micen hop on OW in 15 mins if you're up for it
19:07:17 <skram> im roleplaying an edgy cat atm
19:08:34 <Crisium> typical skram
19:10:27 <Bio> I AM an edjy cat
19:14:25 <Runbunny> I am a run bun.
19:21:45 -!- CrisPone [uid127042@2001:67c:2f08:7::1:f042] has joined #tlponies
19:24:08 <Bio> THE best bun
19:28:02 -!- reification [~thomas@cpc76294-cosh16-2-0-cust297.6-1.cable.virginm.net] has joined #tlponies
19:28:02 -!- mode/#tlponies [+v reification] by Q
19:56:50 -!- Rawr|Phone [~AndChat52@83.191.105.23] has joined #tlponies
20:24:18 <Bio> Pny
20:24:31 -!- Rawr|Fone [~AndChat52@c213-89-110-176.bredband.comhem.se] has joined #tlponies
20:24:37 <Bio> i summoned a rawr
20:24:38 <Bio> !
20:25:13 <Rawr|Fone> Good evening 🅱️io
20:25:19 <Rawr|Fone> How can I help fren
20:26:35 <Runbunny> You already helped by showing up.
20:27:33 <Bio> ^
20:27:41 <Rawr|Fone> 😊😊😊
21:02:10 <Camail> pls
21:02:55 <Camail> Dot|Phone i finally established my own kingdom in mount and blade
21:03:24 <Camail> my strategy was to hold half of an kingdom's lords hostage then take their town
21:04:50 <skram> cam why are y ou such a rough boi
21:05:14 <Camail> because when i first tried to take a castle they beat me up
21:05:32 <Camail> so then i take their town and imprison all their friends
21:05:36 <Camail> fuck them
21:06:09 <Camail> they tried to pathetically take it back a few times then asked ME to make peace
21:06:14 <Camail> felt chad as fuck
21:07:02 <Camail> i figured out how to win 1:3 battles on full difficulty so i'm pretty sure its just a matter of time before everyone is mine
21:07:57 -!- Rawr|Phone [~AndChat52@c213-89-110-176.bredband.comhem.se] has joined #tlponies
21:16:11 <Camail> DuB` https://twitter.com/RathalosSays/status/1220931892033224706?s=20
21:18:39 <skram> DuB` https://www.youtube.com/watch?v=qxqfdsp-EX0
21:20:57 -!- Dot|Phone [uid393803@2001:67c:2f08:8::6:24b] has joined #tlponies
21:21:10 <Dot|Phone> Good job cam
21:21:18 <Dot|Phone> Boy you should also murder more
21:21:25 <Dot|Phone> But *
21:21:40 <Camail> i cant kill lords =/
21:25:21 <skram> i believe in you
21:25:28 <Dot|Phone> Not with that attitude
21:30:33 -!- carcinisation [~thomas@cpc76294-cosh16-2-0-cust297.6-1.cable.virginm.net] has joined #tlponies
21:30:33 -!- mode/#tlponies [+v carcinisation] by Q
21:30:54 <skram> micen https://www.youtube.com/watch?v=fOuwRMkqqSI
21:32:27 -!- Rawr|Fone [~AndChat52@83.191.105.23] has joined #tlponies
22:18:56 -!- Crisium|2 [~Crisium@104.194.218.66] has joined #tlponies
22:42:03 -!- Rial [~Rial@p2429120-ipngn200603tokaisakaetozai.aichi.ocn.ne.jp] has joined #tlponies
22:55:04 -!- Mousen|Droid [~AndChat91@h6.74.23.98.dynamic.ip.windstream.net] has joined #tlponies
23:00:49 <Rawr|Fone> 🐴🐴🐴
23:01:33 <Dot|Phone> Rawr Rawr Rawr 
23:01:46 <Rawr|Fone> DoT DoT DoT
23:01:53 <Rawr|Fone> 💖💖💖
23:02:26 <Dot|Phone> 💖💖💖
23:02:46 <Bio> hoers
23:19:03 -!- Crisium [~Crisium@c-24-3-150-105.hsd1.pa.comcast.net] has joined #tlponies
23:28:54 -!- Rial [~Rial@p2429120-ipngn200603tokaisakaetozai.aichi.ocn.ne.jp] has joined #tlponies
23:35:42 -!- Rawr|Phone [~AndChat52@c213-89-110-176.bredband.comhem.se] has joined #tlponies
23:36:16 -!- Rawr|Fone [~AndChat52@83.191.105.23] has joined #tlponies
23:38:29 -!- Rawr|Pone [~AndChat52@c213-89-110-176.bredband.comhem.se] has joined #tlponies
23:59:12 <Runbunny> carcinisation, https://danbooru.donmai.us/posts/3758938
