00:02:12 -!- BioPone [~androirc@mobile-107-92-120-212.mycingular.net] has joined #tlponies
01:10:18 -!- Rawr|Fone [~AndChat52@c-94cfe455.020-164-6d6c6d4.bbcust.telenor.se] has joined #tlponies
01:36:10 -!- DuB` [DuB@cpe-68-174-122-249.nyc.res.rr.com] has joined #tlponies
01:54:02 -!- skram [~skram@134.19.189.156] has joined #tlponies
01:58:00 -!- Crisium [~Crisium@c-24-3-150-105.hsd1.pa.comcast.net] has joined #tlponies
01:58:57 <Crisium> noooooo runbun
01:59:02 <Crisium> he left when he saw me
01:59:34 <DuB`> You're too handsome, Crisium
01:59:37 <DuB`> Very intimidating
02:00:02 <Crisium> DuB` :D
02:14:45 -!- Micen_ [~Micen@h6.74.23.98.dynamic.ip.windstream.net] has joined #tlponies
03:08:13 -!- Rawr|Fone [~AndChat52@c-94cfe455.020-164-6d6c6d4.bbcust.telenor.se] has joined #tlponies
05:02:57 -!- Rawr|Fone [~AndChat52@c-94cfe455.020-164-6d6c6d4.bbcust.telenor.se] has joined #tlponies
05:40:39 -!- Rawr|Fone [~AndChat52@c-94cfe455.020-164-6d6c6d4.bbcust.telenor.se] has joined #tlponies
06:40:05 -!- Rawr|Fone [~AndChat52@c-94cfe455.020-164-6d6c6d4.bbcust.telenor.se] has joined #tlponies
06:47:23 -!- Rawr|Fone [~AndChat52@c-94cfe455.020-164-6d6c6d4.bbcust.telenor.se] has joined #tlponies
07:00:33 -!- Dot|Phone [uid393803@2001:67c:2f08:5::6:24b] has joined #tlponies
07:01:19 <Dot|Phone> Morning
07:04:57 <Rawr|Fone> DoT DoT DoT
07:05:00 <Rawr|Fone> 💖💖💖
07:31:18 <Dot|Phone> Rawr Rawr Rawr 
07:31:24 <Dot|Phone> 💖💖💖
08:22:49 -!- Micen_ [~Micen@h6.74.23.98.dynamic.ip.windstream.net] has joined #tlponies
09:01:10 -!- Rawr|Fone [~AndChat52@c-94cfe455.020-164-6d6c6d4.bbcust.telenor.se] has joined #tlponies
09:03:41 -!- Golly [~kvirc@cm-84.213.21.103.getinternet.no] has joined #tlponies
09:23:26 -!- Rawr|Fone [~AndChat52@c-94cfe455.020-164-6d6c6d4.bbcust.telenor.se] has joined #tlponies
09:32:35 -!- Rawr|Fone [~AndChat52@c-94cfe455.020-164-6d6c6d4.bbcust.telenor.se] has joined #tlponies
09:36:06 -!- Rial [~Rial@p2429120-ipngn200603tokaisakaetozai.aichi.ocn.ne.jp] has joined #tlponies
09:58:23 <Rawr|Fone> Good morning rial
10:14:10 -!- skram [~skram@82.147.53.124] has joined #tlponies
10:18:09 -!- Rawr|Fone [~AndChat52@c-94cfe455.020-164-6d6c6d4.bbcust.telenor.se] has joined #tlponies
10:22:07 <Dot|Phone> Jonas friend
10:22:09 <Dot|Phone> Hey rial
10:25:33 <skram> bjørn pal
10:25:35 <skram> rial frend
10:27:00 -!- tredc [~tredc@c83-254-129-166.bredband.comhem.se] has joined #tlponies
10:39:18 <Rial> Hello everyone
10:39:22 <Rial> The weekend stasrts soon!
10:40:59 -!- Rawr|Fone [~AndChat52@c-94cfe455.020-164-6d6c6d4.bbcust.telenor.se] has joined #tlponies
10:41:42 <Rawr|Fone> Jonas
10:53:23 <skram> henrik dear boy
10:56:12 <Rawr|Fone> How are you doing today skrammypants
10:57:41 <skram> sleepyface mcsleepyboi
10:57:47 <skram> but i did get paid so its not bad
10:57:53 <skram> how a boat u mr henrique
10:59:46 <Rawr|Fone> I did not get paid D:
10:59:57 <Rawr|Fone> But it's valentines day
11:07:53 <Dot|Phone> Are you going to see spike Rawr? 
11:08:43 <Rawr|Fone> He is already here dot
11:08:50 -!- reification [~thomas@cpc76294-cosh16-2-0-cust297.6-1.cable.virginm.net] has joined #tlponies
11:08:50 -!- mode/#tlponies [+v reification] by Q
11:08:50 <Dot|Phone> !! 
11:08:56 <Dot|Phone> This is great news
11:09:05 <Dot|Phone> Reef, hedge
11:09:10 <Rawr|Fone> Reef reef
11:09:25 <reification> dotties, roar roar
11:09:31 <reification> what is great news?
11:09:57 <reification> .tell runbunny https://twitter.com/sadnibutani/status/1228107630893244416
11:13:38 <Dot|Phone> Rawr is seeing spike today
11:13:42 <Dot|Phone> Reif
11:13:57 <reification> very good
11:32:22 -!- Rawr|Fone [~AndChat52@83.191.115.8] has joined #tlponies
11:36:28 <reification> in other good news it looks like i may get a full refund on holiday despite not having insurance
11:39:09 <reification> .tell runbunny https://www.youtube.com/watch?v=6Jdi67b13Aw
11:39:14 <reification> also skram
12:12:57 <Dot|Phone> Gl Reif
12:39:45 <skram> what a masterpiece
12:40:45 <Rawr|Fone> Just like your face jonas
12:40:47 <skram> and here i thought ytpmvs died in 2012
12:51:41 -!- Dot` [webchat@cloak-3uhw4kw0.161.189.80.dyn.plus.net] has joined #tlponies
12:57:00 <Rawr|Fone> Dot
12:57:03 <Rawr|Fone> Are you home
13:06:58 <Dot`> yes rawr
13:07:12 <Dot`> working from home today as im waiting for ppl to get back to me 
13:07:42 <Rawr|Fone> Sounds nice
13:17:04 -!- BioPone [~androirc@mobile-107-92-120-201.mycingular.net] has joined #tlponies
13:30:50 <Cane> I love the Cloud to Butt extension so much. https://cdn.discordapp.com/attachments/297377911852498944/677869305811173376/unknown.png
13:31:24 <Cane> I forget I have it, and then that happens and I just start laughing like an immature teenager.
13:31:28 <skram> my butt itself will last 1 round
13:31:29 <skram> lol
13:31:36 <skram> what a weak butt
13:42:57 -!- Rawr|Phone [~AndChat52@c-94cfe455.020-164-6d6c6d4.bbcust.telenor.se] has joined #tlponies
13:46:57 -!- BioPhone [~androirc@12.33.239.117] has joined #tlponies
13:48:33 <BioPhone> Hola
13:49:13 <Dot`> bayo
13:50:01 <Rawr|Phone> 🅱️io
13:50:04 -!- reification_ [~reificati@cpc76294-cosh16-2-0-cust297.6-1.cable.virginm.net] has joined #tlponies
13:54:15 <reify> https://www.reddit.com/r/IdiotsInCars/comments/f39yrb/i_dont_know_what_kind_of_driving_proceeded_this/
14:02:51 <Rial> That's...
14:11:26 <BioPhone> Bois
14:21:35 <Rial> Good morning, all. See you ttomorow
14:22:17 <Dot`> gnight rial!
15:01:05 <Dot`> hows all
15:32:29 <BioPhone> Ready for work to be over
15:32:32 <BioPhone> Already
15:37:26 <skram> trains, dot
15:37:27 <skram> TRAINS
15:37:47 <BioPhone> Trainz?
15:37:58 <skram> hek ye
15:39:42 <Dot`> TRAINS?!
15:39:44 <Dot`> ?trains
15:39:46 <Dot`> hmm
15:39:54 -!- skrma [~skram@213.232.87.78] has joined #tlponies
15:40:56 <skrma> TOOT TOOT
15:45:42 -!- Rawr|Fone [~AndChat52@c-94cfe455.020-164-6d6c6d4.bbcust.telenor.se] has joined #tlponies
15:52:01 <Dot`> is it train anime time?
15:54:01 <skrma> nono
15:54:09 <skrma> im building the trains
16:05:31 -!- BioPhone [~androirc@12.33.239.117] has joined #tlponies
17:01:27 -!- Rawr|Fone [~AndChat52@c-94cfe455.020-164-6d6c6d4.bbcust.telenor.se] has joined #tlponies
17:05:17 <BioPhone> Asdfghjkl
17:05:32 <BioPhone> Someone come abduct me from werk
17:07:17 <reify> oh dear
17:14:05 <BioPhone> 4 mo hours
17:30:14 -!- Crisium [~Crisium@c-24-3-150-105.hsd1.pa.comcast.net] has joined #tlponies
18:05:11 <Dot`> crisium!
18:14:23 <Crisium> howdy
18:20:46 -!- Camail [~Camail@45.40.84.145] has joined #tlponies
18:20:46 -!- mode/#tlponies [+v Camail] by Q
18:39:15 -!- BioPhone [~androirc@12.33.239.117] has joined #tlponies
18:44:12 <Dot`> ?dndoggos
18:50:56 -!- carcinisation [~thomas@cpc76294-cosh16-2-0-cust297.6-1.cable.virginm.net] has joined #tlponies
18:50:57 -!- mode/#tlponies [+v carcinisation] by Q
18:54:59 <Camail> hello mr. dot
18:55:08 <Camail> how has your friday been
18:55:17 <Camail> are you ready to go clubbing tonight
19:11:16 <Dot`> no seals left in skelmanthorpe
19:16:46 <skrma> no dot he's talking about gettin' FUCKED UPPPPPPPPPPPPPPP
19:17:14 <Dot`> im playing tarkov later, those high level players alwasy fuck me up
19:17:34 <skrma> no lets do drugs in the bathroom
19:19:38 <Dot`> i keep my drugs in my desk drawer
19:20:24 <BioPhone> Asdf
19:20:31 <BioPhone> Slow work is slow
19:21:35 <skrma> just go home bio
19:21:41 <skrma> do burnouts in front of the lobby
19:24:01 <Dot`> doughnuts
19:24:01 <Camail> lets set fire to the government buildings
19:24:03 <Camail> all of them
19:24:13 <Camail> burn the staaaaaate
19:24:58 <Dot`> cammamail, how did your warband game go? did you become king of all butts?
19:26:13 <Camail> last i played i went to war and while i was busy taking a castle my other lords took a city, so that was neat
19:26:36 <Camail> i haven't played in a bit, poe private league and hades have filled my game times
19:27:43 <Dot`> i die to the bull and his friend 
19:28:12 <Camail> ah, there's a trick to that
19:28:21 <Camail> the mino is super fast and theseus is super slow
19:28:38 <Camail> so you can easily separate them and fight the mino behind pillars, ignoring the spears
19:29:36 <Camail> fun game, also kinda cooling down on it
19:30:01 <Camail> found two builds i like, can consistently beat the game with them. but i dont enjoy the other weapons much
19:30:44 <Camail> they're gonna have to nerf the sword aspect that buffs your casts, its pretty broken
19:30:52 <Dot`> well nice thing update in 26 days
19:31:15 <Camail> i kinda wanna wait until it's finished
19:31:23 <Camail> adding demeter is super cool
19:31:32 <Camail> grandma is cranky
19:31:47 <Camail> i wodner how this game plays for people who dont know greek mythology 
19:32:49 <Camail> playing a game that's in the middle of a famous myth is pretty neat
19:36:04 <Dot`> im rusty on my greek mythology
19:36:23 <Dot`> mostly its from titan quest at this point probably
19:38:43 <Dot`> beyond the populour stuff i guess i dont know much really
19:39:54 <Dot`> did you ever see this cam? https://www.kickstarter.com/projects/arcanumworlds/odyssey-of-the-dragonlords-5th-edition-adventure-b
19:40:00 <Dot`> i think ive linked it before ages ago
19:40:15 <Camail> i have not
19:41:02 <Camail> looks very comprehensive
19:41:38 <Dot`> its greek myth AND linked to Kotor, suprised i didnt ping you
19:43:25 <Camail> i want darth revan in there
19:43:30 <Camail> make them a god
19:44:21 <Dot`> and some fish ppl with silly voices
20:00:31 <Crisium> Dot` https://www.instagram.com/p/B8i0PO-n3bK/
20:02:27 <Dot`> pangolins are best
20:02:38 <Crisium> indeed
20:22:31 <BioPhone> Pan
20:27:56 -!- Rawr|Fone [~AndChat52@c-94cfe455.020-164-6d6c6d4.bbcust.telenor.se] has joined #tlponies
20:37:59 <Camail> Dot`  i'm "trying" wolcen the new action rpg, if it's good i'll let you know
20:38:14 <Dot`> gl!
20:38:31 <Dot`> i grabbed kingdom come deliverance on epic as its free atm
20:39:02 <Camail> oooh
20:39:07 <Camail> i enjoyed that game a lot, actually
20:39:24 <Camail> you legit start out as like, a garbage can
20:39:32 <Camail> everything you do is bad because you suck at everything
20:39:50 <Camail> but then you get better
20:39:55 <Dot`> lol
20:40:00 <Camail> you might want to install some mods tho
20:40:06 <Camail> because in the base game you cant really...save
20:40:40 <Camail> i didnt have an issue with it, but it kinda forces a more try-hard approach if you dont mod in saves
20:41:49 <Dot`> hmm
20:43:23 <Camail> two ways to save, sleeping in a bed or drinking a save potion
20:43:39 <Camail> and it takes a bit to get the potions
20:43:53 <Camail> and then takes a bit longer to reliably  make them so you can save like a normal person
20:58:03 <Dot`> that seems unecesarily painful
20:58:33 -!- reification [~thomas@cpc76294-cosh16-2-0-cust297.6-1.cable.virginm.net] has joined #tlponies
20:58:33 -!- mode/#tlponies [+v reification] by Q
21:00:48 <Camail> enough people agreed and now there's a mod
21:01:03 <Camail> hell it might've even been patched into the main game, i only played at launch
21:02:09 -!- Rawr|Fone [~AndChat52@c-94cfe455.020-164-6d6c6d4.bbcust.telenor.se] has joined #tlponies
21:09:11 <Dot`> well i couldnt save, but i could "save and exit"
21:13:05 -!- skram [~skram@85.159.237.34] has joined #tlponies
21:26:39 -!- Runbunny [~Runbunny@91.100.28.10.generic-hostname.arrownet.dk] has joined #tlponies
21:26:55 <Runbunny> Yo.
21:27:32 <Dot`> runbun!
21:27:50 <Runbunny> Dear Dot`, I did a lot today. I was tired most of the day though. But I did a lot of manual labour so you could that I am pretty strong.
21:28:10 <Dot`> <3 im proud runbun
21:28:45 <skram> i also saw that you pet a dog runbun
21:28:54 <Runbunny> !!!
21:29:00 <Runbunny> I also petted a dog a lot!
21:29:39 <Camail> was it a good dog
21:29:59 <Runbunny> Yes.
21:30:34 -!- Rawr|Fone [~AndChat52@c-94cfe455.020-164-6d6c6d4.bbcust.telenor.se] has joined #tlponies
21:31:36 <skram> hmm
21:31:40 <skram> how many tricks did it do
21:33:19 <Runbunny> Well it was scared of this thing https://www.harald-nyborg.dk/media/cache/product/6098_564538.jpg
21:33:30 <skram> well thats entirely understandable
21:34:59 -!- Cane [~Cane@CaneCraft.users.quakenet.org] has joined #tlponies
21:34:59 -!- mode/#tlponies [+o Cane] by Q
21:35:55 -!- BioPone [~androirc@mobile-166-176-251-129.mycingular.net] has joined #tlponies
21:41:50 -!- Golly [~kvirc@cm-84.213.21.103.getinternet.no] has joined #tlponies
21:46:51 <Camail> now we know about dot and runbun, but what about you skram
21:46:58 <Camail> any dogs or free games in your life
21:47:08 <Camail> or fires, good or bad
21:50:20 <skram> no fires, no dogs, no free games
21:50:36 <skram> but i got paid and i spent some of it on a cheese so its not all sadness i guess
21:50:50 <Camail> cheese is very important to you
21:51:05 <Camail> is it good cheese
21:51:22 <skram> dont know yet, was kinda pricey tho
21:51:29 <Camail> must be good, then
21:51:35 <Camail> or else the world is made of lies
21:51:39 <Camail> and then what's the point
21:51:44 <Camail> so. it must be good
21:51:58 <Rawr|Fone> Jonas dear
21:52:45 <skram> sometimes you spend 50 dollarydoos and your apartment smells like farts for weeks, cam
21:52:56 <skram> henrik pal
21:53:01 <Camail> you dont need to spend $50 for that
21:53:06 <Camail> just get runbun to come over
21:53:49 <Rawr|Fone> Did you spend any riksdaler on lego skram
21:53:51 <skram> its better quality fart smell if you spend the skrilla
21:54:30 <skram> naw henrik, im being a sensible adult and saving my dollas for when im moving
21:54:36 <skram> well
21:54:37 <skram> mostly
21:54:49 <Rawr|Fone> Except for the cheese
21:55:05 <skram> of course
21:56:13 <Rawr|Fone> Hmm
21:59:13 <Dot`> runbun
21:59:17 <Dot`> pic of dog?
22:00:19 <Runbunny> I send it to Jonas.
22:00:27 <skram> D:
22:00:31 <skram> i forgot to screenshot
22:00:38 -!- BioPone [~androirc@097-070-165-146.res.spectrum.com] has joined #tlponies
22:00:46 <Dot`> wow
22:00:54 <Dot`> do any of you even care?
22:01:15 <Runbunny> O:
22:01:30 <Runbunny> I don't think any of them got saved to my phone :/
22:01:40 <Runbunny> and forgot to do story :/
22:02:48 <Dot`> now i will never see dog :(
22:02:57 <Camail> you will see A dog
22:03:00 <Rawr|Fone> Dot https://imgur.com/a/mk9f23S
22:03:05 <BioSC>  ja boi
22:03:06 <BioSC> is home
22:03:08 <Bio> hi
22:03:38 <skram> welcom
22:03:46 <skram> is this the spike rawr
22:04:01 <Rawr|Fone> Yes skrammypants
22:04:49 <skram> very good
22:09:36 <Runbunny> Good dog.
22:28:06 -!- Rial [~Rial@p2429120-ipngn200603tokaisakaetozai.aichi.ocn.ne.jp] has joined #tlponies
22:31:36 -!- Rawr|Fone [~AndChat52@c-94cfe455.020-164-6d6c6d4.bbcust.telenor.se] has joined #tlponies
22:33:27 <Rawr|Fone> DoT
22:44:57 <Dot`> rawr
22:45:25 <Dot`> amg rawr
22:45:27 <Dot`> hes amazing
22:45:34 <Dot`> noooo rawr
22:48:00 -!- Rawr|Fone [~AndChat52@c-94cfe455.020-164-6d6c6d4.bbcust.telenor.se] has joined #tlponies
22:58:10 <Dot`> RAWR
22:58:37 <Rawr|Fone> Did you see the link my dear
23:00:11 <Dot`> YES
23:00:16 <Dot`> amazing as always
23:00:23 <Rawr|Fone> Great
23:19:20 -!- reification_ [~reificati@cpc76294-cosh16-2-0-cust297.6-1.cable.virginm.net] has joined #tlponies
23:26:31 <Runbunny> reify, https://www.youtube.com/watch?v=q--0uFTJ9i8
23:36:56 <reify> [happy cat noises]
23:38:29 <Dot`> Runbunny https://imgur.com/gallery/nqEmHFR
23:38:44 <Runbunny> :O
23:38:46 <Runbunny> What a lad!
23:45:37 <Rial> Good morning, all
23:46:02 <skram> rial! good evening :p
23:46:42 <Runbunny> Hai Rial.
23:47:08 <Rial> Declining a job offer email at this moment. What's eveyrone up to?
23:47:36 -!- Rawr|Fone [~AndChat52@c-94cfe455.020-164-6d6c6d4.bbcust.telenor.se] has joined #tlponies
23:47:43 <skram> :O
23:47:45 <skram> was it a bad job
23:48:56 <Rial> If anyone wants, there's a "Content Writer" position that pays $15 for writing youtube scripts, and some editing, for their products for streamers and content creators
23:49:22 <Rial> I feel the job was too "Here's how to use your products. Buy them!" -- I'm non interested in being a salesperson
23:50:00 <skram> a whole 15$!
23:50:42 <skram> you'd have to write one script per hour to get a proper wage
23:51:50 <Rial> Yeah... at least from a freelancer perspective, considering all the taxes, and everything, I'd need to get something around $27 at least. But like... in Japan, most non specialized jobs only pay 900 yen. That's about 8.5 USD/hour
23:52:34 <skram> hmm
23:53:02 <skram> how much would you need per hour assuming a 40 hour work week to live not in poverty in japan?
23:54:21 <Rial> Poverty line is defined at 160,000 from a 2016 (I think) census. so that would be... 1000 yen per hour on a full 8 hour job with weekends off
23:54:59 <Dot`> depends what you consider poverty i guess
23:55:14 <Runbunny> That's 2/3 of what the lowest allowed pay is for adults in Denmark.
23:55:19 <Rial> https://www.wikiwand.com/en/Poverty_in_Japan
23:55:23 <skram> well theres usually a defined poverty limit
23:55:48 <Runbunny> I vaguely seem to recall that Japan doesn't have one.
23:55:50 <skram> in norway its about 32k usd
23:55:57 <Rial> I wonder where I read the number 160,000 yen
