00:01:26 -!- Dot|Phone [uid393803@2001:67c:2f08:5::6:24b] has joined #tlponies
01:22:27 -!- skram [~skram@ip-22-17-203-109.eidsiva.net] has joined #tlponies
03:59:02 -!- skram [~skram@ip-22-17-203-109.eidsiva.net] has joined #tlponies
06:31:43 -!- Rawr|Fone [uid440384@id-440384.highgate.irccloud.com] has joined #tlponies
06:47:13 -!- Golly [~Golly@cm-84.213.21.103.getinternet.no] has joined #tlponies
07:15:56 -!- Dot|Phone [uid393803@id-393803.brockwell.irccloud.com] has joined #tlponies
07:19:09 -!- Dot` [webchat@uqju.w7i1.m7pb.ip] has joined #tlponies
07:20:46 <Rawr|Fone> DoT DoT DoT
07:25:09 <Dot`> Rawr Rawr Rawr
07:25:11 <Dot`> <3 <3 <3
07:25:34 <Rawr|Fone> ❤❤❤
08:13:26 <Rawr|Fone> I got hired full time dot
08:16:06 <Dot`> Thats great rawr!!
08:16:17 <Dot`> does it come with more monies?
08:23:25 <Rawr|Fone> It does!
08:23:30 <Rawr|Fone> I'm rich
08:26:21 <Dot`> nice!
08:26:39 <Dot`> one step closer to getting a dog
08:28:40 <Rawr|Fone> One day dot
08:31:28 <Dot`> indeed
09:22:50 -!- reification [~thomas@cpc76294-cosh16-2-0-cust297.6-1.cable.virginm.net] has joined #tlponies
09:22:51 -!- mode/#tlponies [+v reification] by Q
09:25:37 <Dot`> reef!
09:25:44 <reification> dotties!
11:43:16 -!- tredc [~tredc@c83-254-129-166.bredband.comhem.se] has joined #tlponies
11:49:01 -!- skram [~skram@ip-22-17-203-109.eidsiva.net] has joined #tlponies
11:49:22 <Rawr|Fone> Jonas!
11:49:29 <skram> Henrik!
11:49:30 <Dot`> Jonas!
11:49:32 <skram> God morgon!
11:49:35 <skram> Bjørn!
11:49:38 <skram> Good morning!
11:50:55 <Rawr|Fone> It's afternoon already jonas
11:51:09 <skram> ah pish posh
12:05:58 -!- BioPone [~androirc@mobile-107-92-120-36.mycingular.net] has joined #tlponies
12:29:27 -!- BioPone [~androirc@12.33.239.117] has joined #tlponies
12:54:30 <BioPone> Gmon
12:54:45 <Dot`> Bio
12:55:13 <Dot`> how are you sir
13:08:39 <skram> bio is halvgud playing in the dnds
13:11:05 -!- Runbunny [~Bunnykitt@91.100.28.10.generic-hostname.arrownet.dk] has joined #tlponies
13:11:49 <Dot`> Angel!
13:11:53 <Dot`> how was your early morning
13:20:16 <Runbunny> Really bad.
13:20:34 <Runbunny> I slept horribly.
13:21:26 <Dot`> :(
13:28:00 <Runbunny> reification, skram https://danbooru.donmai.us/posts/4094268
13:28:53 <Dot`> HONK
13:30:21 <Runbunny> This particular one goes "Shuba" Dot :3
13:31:40 <Dot`> doubt
13:39:07 <Runbunny> Dot`, https://youtu.be/We0XEzgTEq8?t=21
13:40:41 <Dot`> this clear up nothing
13:42:19 <skram> https://www.youtube.com/watch?v=il9S6lDX0cI
13:42:22 <skram> how about now
13:43:55 <Dot`> but goose go honk?
13:44:27 <skram> yes but this is a duck
13:45:38 <Dot`> and your claim is ducks go shuba but actualy suba?
13:46:16 <skram> the h is optional
13:55:13 <Dot`> hmm
13:58:53 <BioPone> Werk
13:59:14 <BioPone> I'm asking him if he wants to yeah, assuming yall want him to
13:59:30 <BioPone> But yeah. Busy
14:00:05 <BioPone> Next week might just be the recap episode and setup for the next adventure
14:00:12 <BioPone> Er, nex session
14:00:21 <Dot`> i panicked
14:00:55 <Dot`> I dont have an issue with halv joining, though i thought you had already invited him
14:02:24 <BioPone> I did but then I realized I didn't even ask you, the people
14:02:33 <BioPone> Rood pon is i
14:05:13 <Dot`> please remove his invite as I have a deep dislike of the colour sache he bought at the market that one time
14:08:01 <BioPone> Done
14:08:21 <BioPone> Fashion crimes will not be tolerated
14:49:58 -!- BioPone [~androirc@12.33.239.117] has joined #tlponies
15:19:03 <Dot`> pon
15:26:35 -!- BioPone [~androirc@12.33.239.117] has joined #tlponies
15:30:37 -!- BioPone [~androirc@12.33.239.117] has joined #tlponies
16:53:02 <Rawr|Fone> DoT`
16:55:24 <Dot`> Rawr
16:55:59 <Rawr|Fone> All done with work for the day dot?
16:56:33 <Dot`> yea
16:56:34 <Dot`> you?
17:02:37 <Rawr|Fone> Yes
17:03:12 <Dot`> great
17:06:21 <Runbunny> reification, https://cdn.discordapp.com/attachments/160488682925719552/753662056024244234/1599756745471.gif
17:56:57 <skram> someone mutilated my poor chestnut tree
17:59:33 <Runbunny> O:
18:00:26 <Dot`> really? wtf
18:02:33 -!- Dot|Phone [uid393803@id-393803.brockwell.irccloud.com] has joined #tlponies
18:04:18 <skram> It was probably the road maintenance people because one branch was almost close to a public road
18:04:36 <Dot|Phone> Ppl are the worst
18:04:48 <Dot|Phone> will the tree be OK? 
18:05:10 <skram> Probably?
18:05:18 <skram> I dont really know anything about trees
18:05:54 <Dot|Phone> Could it have been a moose? 
18:06:12 <skram> well you never know about meese
18:10:44 <Dot|Phone> I advise a 6 fooot wall with electric fencing
18:10:54 <Dot|Phone> Just like good old south Africa
18:11:15 <skram> ill just get a sword
18:16:04 <Dot|Phone> Are we taking dirk or claymore? 
18:18:46 <skram> claymore of course
18:29:22 <skram> i want to try diabotical but its on epic
18:29:38 <skram> been downloading for an hour and ive got in excess of 500mb done
18:29:49 <skram> what a great company epic is
18:31:41 <Dot|Phone> You see they have a free train game atm skram 
18:32:16 <skram> yeah...
18:32:25 <skram> i dont really want to use epic at all
18:32:27 <skram> even if its trains
18:33:38 <Dot|Phone> I will never buy anything from them
18:33:55 <reification> didn't you get satisfactory dot?
18:34:01 <Dot|Phone> I just open it, grab free things, close it
18:34:12 <Dot|Phone> Nope. There was an open beta or something
18:36:33 <reification> nice gif runbun
18:43:50 <reification> seibuta ln 2 has a nice colour pullout of mai and tomoe :D
19:00:34 <Golly> https://youtu.be/_F9EMbkvLBQ
19:06:20 <reification> bees are a good weapon
19:07:11 <Golly> the problem with this is I want an actual game, like right now
20:06:58 <Dot`> runbun, hob said he was going to stream thursday this week
20:07:31 <Dot`> oh, and there it is
20:07:35 <Runbunny> !!!
20:07:42 <Runbunny> Honest man that Hob.
20:14:20 <Runbunny> Was the run yesterday PB Dot` ?
20:21:48 -!- Crisium [~Crisium@pool-71-182-195-119.pitbpa.fios.verizon.net] has joined #tlponies
20:33:16 -!- BioPhone [~androirc@12.33.239.117] has joined #tlponies
20:39:03 <Dot`> dont tihnk so, close though
20:42:03 <Rawr|Fone> DoT`
20:42:09 <Rawr|Fone> I bought a switch
20:47:42 <Dot`> gamer rawr
20:47:50 <Dot`> what games you got?
20:49:48 <Rawr|Fone> Wargroove
20:50:31 <Rawr|Fone> I am probably gonna get super mario odyssey next
20:50:54 <Dot`> nice!
20:55:19 <Rawr|Fone> It's just like advance wars but fantasy
20:55:25 <Dot`> what colour you got rawr?
20:55:39 <Dot`> also rawr it has a dog, so it cant be a bad game
20:56:03 <reification> only if you can pet it!
20:56:36 <Crisium> https://twitter.com/canyoupetthedog/status/1111275694913454080?lang=en
20:57:26 <Rawr|Fone> Black/grey dot
20:57:42 <reification> https://twitter.com/terrythethunder/status/1303880459449896960
20:57:55 -!- BioPone [~androirc@mobile-107-92-121-154.mycingular.net] has joined #tlponies
20:59:07 <Rawr|Fone> I haven't found a way to pet the dog yet reef reef
20:59:27 <reification> cris has showed you how
21:00:13 <Rawr|Fone> Oh
21:03:00 <Dot`> you should get on that rawr
21:05:09 <Rawr|Fone> I have not been able to play as the dog yet dot
21:05:50 <Dot`> D:
21:07:43 <Rawr|Fone> This game feels way more difficult than advance wars
21:11:00 <Dot`> your out of practice rawr
21:11:07 <Rawr|Fone> Maybe
21:13:10 <skram> henrik is playing video games?
21:13:16 <skram> nice
21:18:00 <Rawr|Fone> You are nice jonas
21:22:53 <Runbunny> Boys.
21:22:58 <Runbunny> It's bed time.
21:23:22 <Dot`> gnight bun
22:02:14 <BioSC> asdf
22:02:18 <BioSC> hom
22:02:34 <Dot`> good
22:02:37 <BioSC> tired
22:19:04 -!- DuB` [DuB@cpe-68-174-122-249.nyc.res.rr.com] has joined #tlponies
22:19:38 <Dot`> Dub Dub Dub 
22:19:53 <DuB`> Dot Dot Dot
22:20:06 <Dot`> how was work
22:21:46 <DuB`> Gewd, not even much of the stuff I'm supposed to be in office for though :P
22:21:54 <DuB`> Was mostly working on stuff for my usual teams
22:26:24 <Dot`> time for more Mcanning
22:29:21 <DuB`> gimme
22:31:39 <Dot`> https://www.twitch.tv/esl_sc2
22:33:37 <DuB`> wew
22:38:40 -!- Cane [~Cane@CaneCraft.users.quakenet.org] has joined #tlponies
22:38:40 -!- mode/#tlponies [+o Cane] by Q
22:40:18 <skram> DuB`?
22:40:23 <DuB`> skram?
22:40:45 <skram> good
22:40:46 <skram> gi
22:40:48 <skram> hi
22:40:54 <DuB`> Hi!
22:46:22 <Dot`> he did thing dub
22:53:11 <Dot`> thos rush
22:53:13 <Dot`> thor
22:53:25 <Dot`> well not rush a guess
22:53:39 <Dot`> just a casual thor?
22:54:27 <Dot`> 3 thors
22:58:42 <Dot`> saddest thors
23:01:44 <BioSC> ASDF
23:01:48 <BioSC> capz
23:01:56 <Dot`> lkjh
23:02:16 <Dot`> did you get halvs character sorted bio?
23:02:21 <BioSC> more or less
23:03:17 <Dot`> so many DT's Dub
23:04:11 <DuB`> swish swish
23:05:14 <Dot`> SPLAT
23:25:06 <Dot`> Dub, why is he losing
23:25:15 <DuB`> nosplat
23:25:31 <Dot`> needs mroe splat
23:28:57 <Dot`> These NA sprays
23:38:32 <Dot`> scary dub
23:42:34 <Dot`> SCV go boom
23:42:39 <DuB`> mmm
23:43:39 <Dot`> SPLAT
23:43:57 <DuB`> wew
23:43:58 <Dot`> GG
23:44:16 <Dot`> such a happy boy
23:46:27 -!- Dot|Phone [uid393803@2001:67c:2f08:5::6:24b] has joined #tlponies
23:59:38 <reification> night all
