00:01:56 <Runbunny> Woo!
00:09:49 <Runbunny> I did think he would go right into RE4.
07:36:34 -!- Cane [~Cane@CaneCraft.users.quakenet.org] has joined #tlponies
07:36:34 -!- mode/#tlponies [+o Cane] by Q
08:00:11 <Rawr|Fone> 🐴🐴🐴
08:43:52 -!- Golly [~Username@cm-84.213.21.103.getinternet.no] has joined #tlponies
08:47:19 -!- Dot|Phone [uid393803@id-393803.brockwell.irccloud.com] has joined #tlponies
09:17:14 -!- tredc [~tredc@c83-254-129-166.bredband.comhem.se] has joined #tlponies
09:59:08 <Micen> Good morning
10:23:47 -!- Runbunny [~Bunnykitt@91.100.28.10.generic-hostname.arrownet.dk] has joined #tlponies
10:30:42 <Dot|Phone> Morning Micen
10:30:47 <Dot|Phone> Hey bun
10:31:07 <Runbunny> Hai Dot.
10:32:48 <Micen> i feel accomplished. last night i rearranged part of my kitchen that needed it and ran my ethernet to my bedroom  from across the house. 
10:33:06 <Dot|Phone> Gj
10:33:24 <Micen> now i dont have to rely on my old wireless card 
10:44:47 <Runbunny> Nice, well done Micen.
12:00:50 -!- reification [~thomas@cpc76296-cosh16-2-0-cust215.6-1.cable.virginm.net] has joined #tlponies
12:00:50 -!- mode/#tlponies [+v reification] by Q
12:11:07 <Runbunny> Hai Reif.
12:11:41 <reification> hello bunners
12:20:56 <Dot|Phone> Reef Reif 
12:27:12 <reification> dawt dot
13:58:01 -!- BioSC [~BioPon@097-070-165-146.res.spectrum.com] has joined #tlponies
13:58:23 <reification> bio
13:58:49 <Dot|Phone> Bio bio
13:58:55 <Dot|Phone> Boi
13:58:58 <Dot|Phone> There we go
14:14:35 <reification> runbunny https://twitter.com/hereliesthighs/status/1326293897719521282
14:23:22 <Runbunny> His reply to himself is legit.
14:46:00 <BioSC> morn
14:54:40 <Runbunny> Hai Bio.
15:05:02 -!- Rawr|Fone [uid440384@id-440384.highgate.irccloud.com] has joined #tlponies
15:30:13 <Dot|Phone> Rawr Rawr Rawr 
15:34:06 <reification> dot did hob make it 6/12, i saw he was procrastinating well into a run?
15:35:21 <Dot|Phone> He did! 
15:35:32 <reification> \o/
15:54:08 -!- DuB` [DuB@cpe-68-174-122-249.nyc.res.rr.com] has joined #tlponies
15:57:21 <Dot|Phone> Early dub 2 days in a row? 
16:00:08 <DuB`> Oha!
16:00:15 <DuB`> Yesterday was on time, not early :P
16:00:26 <DuB`> ... and I had to stop for some 7pm work anyway
16:00:41 <DuB`> Today finally looks like a light day, first time in a couple weeks
16:09:29 <Runbunny> Nice.
16:18:25 -!- skram [~skram@109.203.22.118] has joined #tlponies
16:30:37 <skram> hello frans
16:32:14 <Runbunny> Hai jonas.
16:34:02 <skram> Anders. Hows the day off
16:35:39 <Runbunny> Pretty good. I just play video games.
16:35:43 <Dot|Phone> Jonas comrade
16:36:45 <skram> bjørn lad
16:36:57 <skram> which video games andersen
16:37:12 <skram> was it one of them one armed bandit kind of games
16:40:24 <Runbunny> Genshin had a big-ish patch today and wow also started the prepatch event.
16:41:20 <skram> oh right
16:48:21 -!- BioPone [~androirc@mobile-166-177-59-197.mycingular.net] has joined #tlponies
17:24:48 <skram> Rawr|Fone what does thinnertrasan mean
17:24:59 <skram> im listening to ancient swedish music again
17:28:59 <Rawr|Fone> I think it's getting high on paint thinner
17:30:02 <skram> i see
17:34:00 <Dot|Phone> Ancient paint
18:00:36 -!- Dot` [webchat@cloak-jygyb6tz.57.143.150.dyn.plus.net] has joined #tlponies
18:04:25 <Dot`> i am home
18:40:09 -!- Camail [~Camail@45.40.84.145] has joined #tlponies
18:40:09 -!- mode/#tlponies [+v Camail] by Q
18:55:50 <skram> welcome home dot
18:55:52 <skram> you too cam
18:56:14 <Camail> hi
18:57:32 <Dot`> cam
18:58:48 <Camail> hi
21:15:07 <Rawr|Fone> Horse
21:17:30 <Dot`> Rawr Hest
21:17:55 <Rawr|Fone> Dotpon
21:19:12 <Dot`> Hows you rawr
21:19:47 <Rawr|Fone> Good good, lots of work this week
21:19:53 <Rawr|Fone> How are you dot
21:23:46 <Dot`> im doing ok rawr
21:27:20 <Rawr|Fone> Good
22:04:56 <Dot`> what you do today rawr
22:05:44 <Rawr|Fone> Work and gym
22:05:55 <Rawr|Fone> Watching disney+ now
22:05:57 <Runbunny> DuB`, reification skram https://www.youtube.com/watch?v=RMaOn3DfrDU
22:07:11 <Dot`> what you watchign now rawr? you must have got through a fair amount
22:08:19 <Rawr|Fone> I have watched a few of the old tv-shows, but I recently decided to watch the animated movies in the order they were released
22:08:40 <Rawr|Fone> I'm on fun and fancy free
22:14:38 <Dot`> i believe in you rawr
22:14:58 <Dot`> Runbunny, 7/12 tonight? easy 1 game a night now
22:15:29 -!- skrm [webchat@pioj.eid3.5dr2.ip] has joined #tlponies
22:15:36 <Dot`> hmm, a skrm
22:15:39 <Runbunny> I don't think that Sekiro is easy though.
22:15:41 <Rawr|Fone> Thanks dot
22:15:48 <Rawr|Fone> Jonas
22:15:55 <Runbunny> Immortal severance has the real corrupt monk.
22:16:24 <Runbunny> Also the dragon, which I don't know how you can do with out getting hit by the lightning.
22:17:04 <skrm> i am a skrm
22:17:11 <skrm> short and stout
22:17:33 <Rawr|Fone> The most magnificent skrm I have ever seen
22:25:28 <Dot`> you need to believe bun
22:25:34 <Dot`> well nevermind then
22:39:03 <skrm> remind yourself that overconfidence is a slow and insidious killer
22:47:18 -!- BioPone [~androirc@mobile-166-177-59-200.mycingular.net] has joined #tlponies
23:08:20 -!- skram [~skram@109.203.22.118] has joined #tlponies
23:08:31 <skrm> fuk off skram
23:08:46 <reification> :O
23:09:16 <skrm> i bet its those neighbourhood delinquents stealing my komi-san gifs again
23:11:21 <reification> not your treasure!
23:12:23 <skrm> I shall write an angry letter to the mayor
23:15:08 <Dot`> the mayor of Norway town?
23:15:37 <skrm> well yes
23:15:51 <skrm> we're pals on the face books y'see
23:22:15 -!- BioPhone [~androirc@097-070-165-146.res.spectrum.com] has joined #tlponies
23:23:40 <BioPhone> Hej
23:27:23 <skrm> Hej u
23:54:40 -!- BioPhone [~androirc@097-070-165-146.res.spectrum.com] has joined #tlponies
