06:03:00 -!- Cane [~Cane@CaneCraft.users.quakenet.org] has joined #tlponies
06:03:00 -!- mode/#tlponies [+o Cane] by Q
06:04:40 -!- Cane [~Cane@CaneCraft.users.quakenet.org] has joined #tlponies
06:04:40 -!- mode/#tlponies [+o Cane] by Q
06:06:40 -!- Cane [~Cane@CaneCraft.users.quakenet.org] has joined #tlponies
06:06:40 -!- mode/#tlponies [+o Cane] by Q
06:07:12 -!- Cane [~Cane@CaneCraft.users.quakenet.org] has joined #tlponies
06:07:12 -!- mode/#tlponies [+o Cane] by Q
06:20:23 <Cane> Stahp.
06:32:51 -!- Rawr|Fone [uid440384@id-440384.highgate.irccloud.com] has joined #tlponies
06:57:45 -!- Dot` [webchat@cloak-mxi127u6.230.208.46.dyn.plus.net] has joined #tlponies
07:01:51 <Rawr|Fone> DoT DoT DoT
07:01:55 <Rawr|Fone> ❤❤❤
07:04:26 <Dot`> Rawr Rawr Rawr
07:04:28 <Dot`> <3 <3 <3
07:51:15 -!- Golly [~Golly@cm-84.213.21.103.getinternet.no] has joined #tlponies
08:05:11 -!- Runbunny [~Bunnykitt@91.100.28.10.generic-hostname.arrownet.dk] has joined #tlponies
08:06:20 <Dot`> Angel <3
08:07:48 <Runbunny> Hai Dot.
08:09:51 <Dot`> how are you today
08:15:09 <Runbunny> Tired.
08:15:16 <Runbunny> I think I slept for too long.
08:17:33 <Dot`> hmm
10:48:46 -!- Micen [~Micen@h187.227.130.174.dynamic.ip.windstream.net] has joined #tlponies
10:50:11 <Rawr|Fone> Anders.
11:03:21 <Runbunny> Henrik.
11:05:42 <Rawr|Fone> Do you know when you start working?
11:07:22 -!- tredc [~tredc@c83-254-129-166.bredband.comhem.se] has joined #tlponies
11:22:56 <Runbunny> Yeah, yesterday.
11:28:38 <Runbunny> .tell reification https://www.youtube.com/watch?v=spi6yOS6zy4
12:09:34 <Rawr|Fone> Hmm
12:17:10 <Runbunny> I'm going there again today.
12:17:13 <Runbunny> And tomorrow
12:17:26 <Runbunny> Even friday :D
12:20:18 <Dot`> monies?!
12:21:14 <Runbunny> Well, not really, since it is subtracted from my govermental support whatever.
12:29:02 -!- BioPhone [~androirc@12.33.239.117] has joined #tlponies
12:30:10 <Runbunny> Hai Bio.
12:31:21 <BioPhone> Morn
12:31:27 <BioPhone> Back to office today
12:32:43 <Runbunny> I should head out as well.
12:38:38 <BioPhone> Don't forget an umbrella, its a bit rainy
12:38:49 <BioPhone> Oh dear
12:41:29 <Dot`> he gone
12:45:11 <Rawr|Fone> D:
13:06:14 <BioPhone> What if he gets wet?!
13:17:34 -!- BioPhone [~androirc@12.33.239.117] has joined #tlponies
13:31:41 -!- skrm [webchat@pioj.eid3.887x.ip] has joined #tlponies
13:34:41 <Dot`> pon
13:44:12 <skrm> nop
13:45:01 <Dot`> pls
13:46:22 -!- DuB` [DuB@cpe-68-174-122-249.nyc.res.rr.com] has joined #tlponies
13:46:32 <Dot`> Dub Dub
13:48:09 <skrm> bud bud
13:48:31 <DuB`> Dot Dot mrks mrks
14:27:49 <skrm> did u see the thing i linked u last night DuB` 
15:03:38 <Rawr|Fone> Skrm
15:04:53 <skrm> rwr
15:05:28 <Rawr|Fone> It's great to see you today
15:13:11 -!- reification [~thomas@cpc76294-cosh16-2-0-cust297.6-1.cable.virginm.net] has joined #tlponies
15:13:11 -!- mode/#tlponies [+v reification] by Q
15:16:49 <Rawr|Fone> Reef reef
15:16:58 <reification> roar roar
15:18:57 <Dot`> reif
15:24:48 <reification> dotties
15:25:35 <reification> .tell runbunny i was going to send *you* that...
15:45:40 -!- BioPone [~androirc@mobile-166-177-56-18.mycingular.net] has joined #tlponies
16:28:19 <DuB`> I saw it, skrm :D
16:28:20 <DuB`> Hehe
16:40:19 <skrm> it was v sad
16:40:23 <skrm> i cry
17:36:47 -!- BioPhone [~androirc@12.33.239.117] has joined #tlponies
17:44:36 <Dot`> boi
17:50:07 <BioPhone> Ohai
17:50:14 <BioPhone> 👌
17:58:54 <Dot`> hows the dnd prep bio?
18:14:13 -!- BioPhone [~androirc@12.33.239.117] has joined #tlponies
18:21:47 -!- BioPhone [~androirc@12.33.239.117] has joined #tlponies
18:30:20 <BioPhone> It goes nonzero
19:01:03 <Dot`> thats good i guess? unless its minus
19:02:47 <DuB`> O no
19:02:51 <DuB`> Back to Greenest
19:03:18 <Dot`> if we rechase the cult do we get MORE stuff?
19:03:25 <Dot`> we even know where they are heading, easy
19:13:26 <Dot`> Dub, hows it going
19:25:08 <BioPhone> It means I've not done a whole lot during the work week, yeh
19:31:38 <skrm> Why dont we just do the first module again
19:31:50 <skrm> im betting we're gonna be better at it the second time round
19:32:50 <skrm> point 1: do not swat rats with swords
19:34:08 <BioPhone> Probs
19:42:12 <Dot`> but
19:42:15 <Dot`> what if we do
19:42:54 <skrm> good point
20:03:07 <Dot`> what doing skrm
20:03:46 <Dot`> Cane https://www.reddit.com/r/stalker/comments/igmoue/oleksiy_rysyuk_cartist_working_on_stalker_2/
20:05:28 <skrm> been running around trying to make things happen all day Dot` 
20:05:57 <skrm> did some real sketchy lifts with a crane
20:07:20 <Dot`> https://i.imgur.com/eOCtcxh.mp4
20:09:28 <BioPhone> V cool skorm
20:11:50 <Dot`> how big a crane skrammmen?
20:12:02 <Dot`> becuase i imagine its one of tos eones at the docks
20:13:56 <skrm> dimensionally pretty hefty but not that big in terms of lifting capacity
20:14:01 <skrm> WLL of a mere 9.5 tons
20:16:17 <Dot`> thats like 8 adultl read dragons
20:16:48 <Dot`> i cant type
20:16:48 <skrm> well, read dragons are unusually thicc due to their stationary lifestyle
20:16:54 <Dot`> adult red dragons
20:16:57 <skrm> oh i see
20:17:31 <Dot`> also i thought dragons would be heavier
20:18:09 <skrm> seems a bit small
20:18:19 <skrm> an adult big boi horse is like 900kg
20:21:38 <Dot`> ok, i tihnk that person missplaced a comma
20:21:42 <Dot`> 10 tons seems better
20:21:44 <Dot`> than 1
20:23:45 <Rawr|Fone> 900 kg is a very big horse
20:24:00 <skrm> there are some absolute units out there henriken
20:24:50 <Rawr|Fone> That is very true
20:24:55 <Rawr|Fone> Gym horses
20:25:05 <skrm> have you ever seen the dølahest
20:26:06 <Rawr|Fone> I have actually
20:26:33 <skrm> massive lads
20:27:18 <Rawr|Fone> I have mostly been around icelandic horses
20:27:24 <Rawr|Fone> My sister owns one
20:27:43 <Dot`> hest
20:29:12 <BioPhone> Oh lawd he coming
20:29:46 <Dot`> https://www.reddit.com/r/dwarffortress/comments/igwjsv/i_forgot_to_make_drinks_and_someone_decided_it/
20:29:48 <Dot`> ....
20:30:41 <Cane> Why is that game so good.
20:32:54 <Dot`> too good for cane
20:34:42 <BioPhone> F
20:34:51 <BioPhone> Steam release tho
20:34:54 <BioPhone> Hope soon
20:35:12 <Dot`> time is relative
20:35:42 <Dot`> Toady has never rushed anything
20:35:50 <BioPhone> Yall, I love watching my retirement 401k number go up
20:35:56 <BioPhone> Brrrrr
20:39:37 <Dot`> Hey skram, you got legs?
20:39:37 <Dot`> https://imgur.com/gallery/trPqjUg
20:53:02 -!- Crisium [~Crisium@pool-71-182-195-119.pitbpa.fios.verizon.net] has joined #tlponies
20:53:49 <Dot`> Crisium <3
20:53:59 <Crisium> senor dot
20:57:25 -!- CrisPone [uid127042@2001:67c:2f08:1::1:f042] has joined #tlponies
21:08:42 <BioPhone> That dum genius comic is a fucking V I B E
21:20:00 -!- BioPone [~androirc@mobile-166-177-58-127.mycingular.net] has joined #tlponies
21:44:28 -!- Runbunny [~Bunnykitt@91.100.28.10.generic-hostname.arrownet.dk] has joined #tlponies
21:44:39 <Runbunny> Well well well.
21:45:03 <Runbunny> If it isn't the consequences of my own actions.
21:48:47 <reification> surely you have only done good things bun :p
21:49:09 <reification> g'night all
21:56:36 <Runbunny> Goodnight!
22:02:39 -!- BioSC [~BioPon@097-070-165-146.res.spectrum.com] has joined #tlponies
22:15:23 <BioSC> poeni
22:18:07 <DuB`> I think this cookies and cream protein bar is more yummy than any candy bar I've had
22:18:09 <DuB`> waow
22:18:27 <Runbunny> Neat.
22:42:54 <BioSC> waow
22:43:48 -!- skram [~skram@ip-163-41-102-94.eidsiva.net] has joined #tlponies
23:03:07 <Runbunny> Jonas.
23:17:04 <skram> Anders!
23:20:41 <Runbunny> It's bed time though.
23:20:49 <skram> Only for good boys
23:20:52 <Runbunny> in like 5 minutes.
23:25:56 <Runbunny> It's time.
23:44:25 -!- Micen [~Micen@h187.227.130.174.dynamic.ip.windstream.net] has joined #tlponies
23:59:34 <BioSC> ?biostream
23:59:38 <BioSC> lol with the boys
