00:34:34 <skram> Runbunny
00:34:58 <Runbunny> skram.
00:35:07 <Runbunny> How might I be of service?
00:35:18 <skram> just wanted to check if you were alright pal
00:35:48 <Runbunny> Am fine. I need to get my act together soonish though.
00:35:53 <Runbunny> Slumping is too hard.
00:36:34 <skram> aye, been there
00:36:45 <skram> got any plans yet?
00:37:13 <Runbunny> Kinda, but I haven't done anything about them.
00:39:24 <skram> well
00:39:57 <skram> summer is mostly over now so its time to get back to the ol grindstone i guess
00:41:10 <Runbunny> I'll start by getting myself to bed.
00:41:19 <skram> godnat andersdreng
00:41:38 <Runbunny> Godnat ;)
04:02:04 <DuB`> .tell Runbunny https://gamepress.gg/arknights/news/arknights-cn-new-summer-skin-platinum
05:00:54 -!- Cane [~Cane@CaneCraft.users.quakenet.org] has joined #tlponies
05:00:54 -!- mode/#tlponies [+o Cane] by Q
06:24:14 -!- Rawr|Fone [uid440384@id-440384.highgate.irccloud.com] has joined #tlponies
07:37:13 -!- Dot` [webchat@wyxh.5heh.1o2l.ip] has joined #tlponies
07:37:45 -!- Dot|Phone [uid393803@2001:67c:2f08:5::6:24b] has joined #tlponies
07:44:36 -!- Runbunny [~Bunnykitt@91.100.28.10.generic-hostname.arrownet.dk] has joined #tlponies
07:48:39 <Dot`> runbun!
07:52:52 -!- reification [~thomas@cpc76294-cosh16-2-0-cust297.6-1.cable.virginm.net] has joined #tlponies
07:52:52 -!- mode/#tlponies [+v reification] by Q
07:53:09 <Dot`> hedge reef
07:53:14 <Runbunny> Hai.
07:54:09 <reification> hej dotties, runbun
08:04:52 <reification> how are you this morning?
08:13:05 <Runbunny> Pretty all right.
08:15:37 <reification> keep at it and maybe you can become as reliably excellent as rawr :p
08:16:05 <Dot`> one can dream
08:17:17 <Runbunny> I was tasked with reviewing an apartment in like 6 hours time today.
08:17:46 <Runbunny> And I don't really get why this task fell to me.
08:18:24 <reification> maybe they sensed a hidden talent?
08:18:28 <Runbunny> .tell DuB` She flies!
08:18:51 <reification> channel the judgementalness of you inner camail
08:18:52 <Runbunny> I'll hit you with the big ol' X to doubt on that one.
08:23:46 <Runbunny> I guess I'll just take a lot of pictures.
09:04:41 <reification> https://www.youtube.com/watch?v=bjTAOXfOfQ8
09:10:05 -!- Golly [~kvirc@cm-84.213.21.103.getinternet.no] has joined #tlponies
09:18:13 <Runbunny> Excellent.
09:45:52 <reification> rawr cr|42 https://www.pixiv.net/en/artworks/83371253
10:30:37 -!- tredc [~tredc@c83-254-129-166.bredband.comhem.se] has joined #tlponies
10:37:04 -!- skram [~skram@95.169.54.114] has joined #tlponies
10:41:33 <skram> hæ
10:42:34 <Dot`> hedge
10:42:52 <skram> ur a hedge
10:43:15 <Dot`> your too kind
10:44:02 <skram> impossible
12:11:34 -!- DuB` [DuB@cpe-68-174-122-249.nyc.res.rr.com] has joined #tlponies
12:14:53 <Dot`> Dub Dub
12:27:42 <reification> dawb
12:33:42 <DuB`> Oha
12:36:21 <skram> na
12:40:10 <BioSC> morn
12:40:45 <skram> morn bio
12:41:38 <BioSC> hey hey ho ho
12:41:46 <BioSC> time for a dank morning meeting
12:42:57 <skram> https://www.youtube.com/watch?v=yzSQ7ErTyoA
12:43:26 <skram> got any memey powerpoint slides bio?
12:44:54 <Dot`> Morn Bio
12:45:28 <BioSC> unfortunately not
12:45:40 <skram> then whats even the point!
12:46:21 <BioSC> werk stuff
12:47:25 <skram> if you cant meme at work you need a different job, bio
12:48:54 <BioSC> I can usually meme at work, just not at customers
12:49:59 <BioSC> good news though
12:50:02 <BioSC> in 1 month
12:50:12 <BioSC> i get moar vacation!
12:50:42 <BioSC> almost a full month, 17 days
12:50:47 <skram> hell yeah
12:50:48 <BioSC> well, working month
12:51:06 <BioSC> combined with the 10 days i didn't use this year due to the V I U R S
12:51:49 <skram> whatchu gon spend all that time on
12:55:57 <BioSC> not sure man
12:56:02 <BioSC> maybe a long xmas vacation
12:56:39 <BioSC> bout to have me almost 30 vacation
12:57:18 <skram> did you get a cane yet
12:57:23 <skram> for your old creaky bones
12:57:34 <Cane> *Shakes*
12:57:38 <skram> :D
12:57:50 <BioSC> i should get me one, for when the whipper-snappers act up
12:58:47 <skram> im gonna dab all over the front lawn just to rile old man bio up
12:59:01 <BioSC> jokes on you, i'll be dabbing with you
12:59:33 <skram> how do you do, fellow kids
13:14:07 <Dot`> Bio, any Tarkov looting last night?
13:17:06 <BioSC> I didn't, i was planning on playing some tonight
13:30:12 <BioSC> now that i'm back to working from home
13:33:22 <BioSC> and it looks like the gov is trying to make us stay home more
13:33:40 <BioSC> bruh my work is gotta be done in person
13:41:36 <Dot`> I had to get a special letter to be allowed to go places during our main lockdown
13:41:41 <Dot`> never got asked for it :(
13:52:16 <BioSC> hrumph
13:52:40 <BioSC> look, this letter says i'm the best
13:52:47 <BioSC> my werk is valuable!
13:56:28 <Dot`> i am an essential employee! with corresponding pay cut
14:00:05 <BioSC> very essential
14:07:28 <Runbunny> I'm gonna go do the thing.
14:07:30 <Runbunny> Laters.
14:07:50 <BioSC> pce
14:10:14 <Dot`> laters bun
15:10:24 <Dot`> hows all
15:13:16 <BioSC> oke
15:13:19 <BioSC> werkin
15:44:03 <Rawr|Fone> 🐴🐴🐴
15:45:56 <BioSC> ya boi bout to have some friggin LUNCH
15:49:10 <Rawr|Fone> Wonderful
15:51:46 <BioSC> infact
15:51:50 <BioSC> lets warm it up now
16:04:12 <reification> i had lemon meringue cake. i would recommend it but i ate the last slice :p
16:09:03 <BioSC> oh dear
16:11:17 <Dot`> reif doesnt even let ppl eat cake
16:14:39 <BioSC> its ok, i forgive him
16:14:51 <BioSC> only if you come over when i make choc chip cookies
16:17:06 <BioSC> ooh, pikmin 3 for switch
16:17:12 <BioSC> that one i haven't played
16:17:16 <BioSC> (since it was for WiiU
16:17:30 <BioSC> https://www.youtube.com/watch?v=aSSQ0Z6eDhU
16:44:05 <BioSC> also Bot TI3
16:44:07 <BioSC> woop
17:13:11 <reification> .tell runbunny paper of the day rabies edition: https://twitter.com/nmgrm/status/1283605937606074369
17:18:43 <Runbunny> .tell reification I just came home :3
17:27:27 -!- Dot|Phone [uid393803@2001:67c:2f08:5::6:24b] has joined #tlponies
18:06:55 -!- Golly [~kvirc@cm-84.213.21.103.getinternet.no] has joined #tlponies
18:14:40 <BioSC> https://www.youtube.com/watch?v=GKNB7Eid-ek
18:14:45 <BioSC> in case someone needs it
18:41:49 <Runbunny> That's quality Bio.
18:47:50 <BioSC> only the best for my lads
19:40:12 -!- BioPone [~androirc@mobile-166-170-23-17.mycingular.net] has joined #tlponies
20:13:44 -!- Camail [~Camail@45.40.84.145] has joined #tlponies
20:13:44 -!- mode/#tlponies [+v Camail] by Q
20:14:01 <Rawr|Fone> Horses
20:14:05 <Rawr|Fone> Camalail
20:35:21 -!- BioPone [~androirc@097-070-165-146.res.spectrum.com] has joined #tlponies
21:11:17 <BioSC> pone?
21:25:23 <skram> BioPone
21:28:33 <BioSC> skrmpne
21:30:11 <skram> i am dat boi
21:34:55 <reification> https://www.youtube.com/watch?v=oVxFk_IIB2o
21:35:15 <skram> aaaaaaaaaaAAAAAAAAAAAAAAAAAAAAH
21:35:30 <skram> .tell micen https://www.youtube.com/watch?v=nC_k8j8YwjU
21:35:38 <Camail> no
21:35:50 <skram> fuckin yes, pal
21:36:35 <Camail> i always wished the intro to that song was the entire song
21:37:07 <skram> eh
21:37:15 <skram> this cover is a lot better than the original tbh
21:37:31 <Camail> it just turns into generic nothing
21:37:55 <Camail> the marching band percussion is at least interesting
21:38:18 <Camail> always felt like two different songs entirely
21:39:01 <skram> I do wonder why they brought along those big ass timpanis and then dont use them
21:39:47 <Camail> i'm guessing they were for something else
21:39:59 <skram> they get used a lil bit at the end actually
21:40:02 <skram> cant really hear it tho
21:40:03 <Camail> judging by context, this was part of a bigger project
21:42:24 <Camail> honestly i cant tell much of a difference between the cover and the original, save for the female vocals
21:44:00 <BioSC> yo
21:44:02 <Camail> hmm, listening again, if they just cut out the middle of the song that'd be great
21:44:04 <BioSC> it IS wednesday
21:44:06 <BioSC> my dudes
21:44:37 <skram> what music do you even like cam
21:44:38 <reification> my wednesday is nearly over. g'night all
21:44:43 <BioSC> n
21:44:48 <skram> gnight reifen
21:45:04 <Camail> i dont listen to music
21:45:19 <Camail> so i dont gravitate towards any particular genre
21:46:04 <Dot`> gnight reif
21:46:16 <Camail> i like really good rhythm and really good vocals
21:46:17 <Dot`> cam!
21:46:19 <Dot`> hi
21:46:21 <Camail> dot
21:46:26 <Camail> are you real
21:46:47 <Dot`> hmm, unsure
21:55:04 <BioSC> how can our dots be real if our memes aren't real
22:01:38 <Camail> i dont think i've eaten today?
22:01:50 <BioSC> currently losing don't starve
22:01:58 <Camail> yea
22:05:59 -!- BioPone [~androirc@097-070-165-146.res.spectrum.com] has joined #tlponies
22:12:15 <Dot`> well DnD went good, apart from TJ's character being unconcious the whole session :/
22:12:26 <skram> silly goat
22:12:28 <BioSC> ez game ez life
22:12:30 <skram> tell him to wake the fuck up
22:12:54 <Dot`> well he died
22:13:04 <Dot`> had to be ressed
22:13:47 <BioSC> poor lad
22:14:00 <skram> unconciousness and death arent the same thing Dot`
22:14:41 <Dot`> well he went unconsious about 20 minutes into the session due to his running though all the enemies and getting seperated from his party
22:14:52 <skram> well that does sound like him
22:14:53 <Dot`> then he passed 2 death saves and failed 3
22:15:01 <Dot`> no one could get to him
22:15:36 <Dot`> I like to think engelbert would have got to him
22:15:54 <BioSC> i mean yeah
22:16:08 <BioSC> the lad is not stoppable when his frins are involved in some shit
22:17:02 <Dot`> i wonder who will get in more trouble, Englbert, Low wisdom otis, or Geoff
22:17:30 <skram> yes
22:17:32 <BioSC> my name geoff
22:17:38 <skram> yeos
22:18:10 <Dot`> skram, we are going to get into a lot of trouble with all 3 of us in one party...
22:18:19 <skram> pfft we'll be fine
22:19:26 <skram> you got the healing stuff and i got a great sword
22:20:46 <Dot`> New improved otis, with 3x the edge, now even more support spells
22:20:58 <skram> edges are good
22:22:51 <BioSC> almost enough edge to be a d4
22:24:30 <Dot`> too much power
22:30:30 <Dot`> just think, 1 more waterdeep session and then we get to play those characters again skram
22:31:19 <skram> Itll be fun to be bjengelbjert again but im kinda sad to retire sil
22:31:45 <Dot`> i thought you didnt like sil
22:32:15 <skram> I dont like monks much except for that one time when they're cool as balls but sil was pretty fun as a character
22:33:57 <Dot`> what is next though, a dwarf ranger?
22:34:02 <Dot`> a bard
22:34:12 <skram> im not funny enough to be a bard
22:34:18 <skram> ranger??? thats an ELF thing
22:34:29 <skram> unless you can be a ranger with a shotgun or something
22:34:34 <Dot`> crossbow
22:34:39 <skram> no
22:35:02 <Dot`> and bards dont have to be funny
22:35:34 <Dot`> i dont see a skram wizard being a thing, maybe a druid?
22:35:51 <skram> maybe
22:35:58 <skram> wizard might be alright
22:36:11 <skram> but only if I can do the wild magic table thing for every cast i ever do
22:36:31 <Dot`> thats a sorceror
22:37:02 <Dot`> also, i tihnk rolling that table every time would tire fast, maybe a 1 shot
22:37:32 <skram> right
22:37:46 <DuB`> :O
22:37:54 <skram> maybe its bjengelbjerts brother
22:37:56 <skram> gjertbjengel
22:38:03 <DuB`> Bongleborp
22:38:11 <skram> yes, him
22:38:29 <DuB`> I want more Luca
22:38:55 <DuB`> Haughty butler in silks with a lil bit of secret edge martial-ness is a great thing
22:39:24 <Dot`> Yea, i would like to get to try reach agaon, in a bit more of a not so 1 large fight game
22:43:32 <skram> im still sad you didnt play Rem, DuB`
22:45:35 <DuB`> rem ram rom
22:57:05 -!- Dot|Phone [uid393803@id-393803.brockwell.irccloud.com] has joined #tlponies
22:59:56 <BioSC> dot did an offline run and found a paracord in a bag lel
23:00:09 <Dot|Phone> Taunted
23:00:43 <Dot|Phone> Tj is up to lvl 21.i need to play soon
23:00:46 <Dot|Phone> I'm way behind
23:09:02 <BioSC> these things happen
23:17:16 -!- Golly [~kvirc@cm-84.213.21.103.getinternet.no] has joined #tlponies
23:26:56 <BioSC> not a bad first run, got 3 scav kills then died to a sniper scav
23:26:59 <BioSC> asfd
23:27:12 <BioSC> got the unknown key tho
23:30:24 <Dot|Phone> Nice. Go shoreline and raid staches. 
23:30:50 <Dot|Phone> There are some good maps showing thier locations
23:31:57 <BioSC> man
23:32:15 <BioSC> i spawned in again w/ a pistol tried to reload and pulled out my cheese
23:32:16 <BioSC> asjhdkfgl;hjadsfkhgl;j
23:33:44 <BioSC> i almost killed him too
23:34:48 <Dot|Phone> Lol
23:35:05 <Dot|Phone> How you manage that? 
23:35:27 <skram> buttons are tricky
23:36:07 <BioSC> probably fat fingered some mouse buttons
23:38:18 <Dot|Phone> Ah. Never thought to bind meds to mouse 
23:39:04 <BioSC> its my old wow mouse so its got like 12 GAMER buttons on the side
