00:16:26 <Runbunny> Time to sleep a bit.
00:16:29 <Runbunny> Goodnight.
00:17:05 <Dot`> gnight bun
00:21:36 <reification> dub https://twitter.com/kon_fox_village/status/1335056373848010752
01:05:53 <skram> i want both of these cats reification
01:07:54 <Dot`> skram
01:08:04 <skram> aye pal
01:08:08 <Dot`> - 1 dragon
01:08:19 <skram> hell yeah
01:08:35 <Dot`> just a few more to go and no more cult
01:08:35 <skram> back to back dragon slaying champs
01:09:11 <DuB`> Dungeons and Slightly Fewer Dragons
01:09:15 <Dot`> well i guess you can count the half dragon you got the sword from
01:15:08 <reification> night all
01:15:23 <DuB`> nn reif
01:16:43 <Dot`> gnight reof
01:33:19 <DuB`> skram....
01:33:59 <DuB`> Kuma kuma girl's voice has NO business being this...
01:34:01 <DuB`> ...yeah
01:49:08 <skram> is it tomboy-ish or ara ara
01:49:10 <skram> im not sure
01:49:28 <DuB`> Both is good
01:50:01 <skram> kinda reminds me of ritsu from kon
05:12:52 -!- Rawr|Fone [uid440384@id-440384.highgate.irccloud.com] has joined #tlponies
07:20:18 <Rawr|Fone> Camail DuB`
07:20:23 <Camail> no
07:20:44 <Camail> its the weekend, this isnt even that late
07:30:35 <Rawr|Fone> I did not say anything
07:30:42 <Rawr|Fone> Just checking
08:15:26 <DuB`> Rawr|Fone I'll not hear it
08:15:27 <DuB`> :P
08:16:21 <Rawr|Fone> It's late dubbles
08:16:41 <Rawr|Fone> But you can stay as long as you want
08:16:48 <DuB`> Oh good
09:01:01 <Rawr|Fone> Dub why is dot not here yet
09:01:26 <DuB`> I would hope he's not busy on a sunday
09:01:48 <DuB`> Though he was in bakewell yesterday
09:11:04 -!- Runbunny [~Bunnykitt@91.100.28.10.generic-hostname.arrownet.dk] has joined #tlponies
09:21:26 -!- reification [~thomas@cosh-18-b2-v4wan-161487-cust30.vm10.cable.virginm.net] has joined #tlponies
09:21:27 -!- mode/#tlponies [+v reification] by Q
09:26:06 <reification> morning tlpons
09:26:09 <reification> runbunny https://danbooru.donmai.us/posts/4235925
09:26:11 <DuB`> :O
09:26:59 <Runbunny> Hai.
09:27:16 <Runbunny> Pretty.
09:27:39 <Runbunny> Naga-u never disappoints.
09:28:32 <reification> yes
09:34:04 <reification> speaking of not missing, allow me to commend the daily telegraph's matt https://twitter.com/mattcartoonist
09:35:15 <reification> for those outside the uk, he does a daily topical cartoon and there is a reason he has had a spot on the front page(!) of one of our major newspapers for decades
09:42:41 -!- skram [~skram@109.203.22.118] has joined #tlponies
09:43:27 <reification> hej skram
09:44:39 <skram> tjena reifen
09:46:38 <Runbunny> Jonas.
09:46:44 <skram> Anders.
09:49:57 <reification> :O "It actually does come from the word tjänare (pronounced with a slightly longer äää), which means 'servant'"
09:51:30 <reification> tjena kexet, står du här och smular?
09:51:40 <skram> hahah
09:51:50 <skram> reif are you flirting with me?
09:52:26 <reification> isn't learning terrible pickup lines one of the key parts of learning a language?
09:56:26 -!- Dot|Phone [uid393803@id-393803.brockwell.irccloud.com] has joined #tlponies
09:59:58 <skram> that is true
10:02:42 <Dot|Phone> Morning horses
10:06:11 <reification> dotties!
10:15:27 -!- Dot` [webchat@5dx3.pthb.nklt.ip] has joined #tlponies
11:40:14 <reification> very disappointingly not real https://twitter.com/rorystrahanmauk/status/1333508546038800386/photo/1
11:46:12 -!- tredc [~tredc@c83-254-129-166.bredband.comhem.se] has joined #tlponies
12:29:53 -!- reify [~reificati@cosh-18-b2-v4wan-161487-cust30.vm10.cable.virginm.net] has joined #tlponies
13:26:35 <Dot`> whats all up to
13:26:52 <Runbunny> time to go work Dot`.
13:27:04 <Dot`> Good luck runbun
13:27:04 <Runbunny> brb 9 hours?
13:46:08 <Rawr|Fone> DoT DoT
13:51:39 <Dot`> Rawr Rawr
13:51:40 <Dot`> <3 <3
13:52:16 <Rawr|Fone> ❤❤
14:51:11 <Rawr|Fone> I think I have beaten the main storyline in hades dot
14:51:55 <reify> gg liquid
15:04:04 <Dot`> gg rawr
15:04:21 -!- Cane [~Cane@CaneCraft.users.quakenet.org] has joined #tlponies
15:04:21 -!- mode/#tlponies [+o Cane] by Q
15:06:22 -!- Golly [~Username@cm-84.213.21.103.getinternet.no] has joined #tlponies
15:19:49 <Cane> https://cdnb.artstation.com/p/assets/images/images/018/944/691/large/thibaud-pourplanche-cdc02-ninjacat.jpg Still adorable.
15:36:02 <Dot`> Not pony but cute
15:52:32 -!- Dot|Phone [uid393803@id-393803.brockwell.irccloud.com] has joined #tlponies
16:11:56 -!- BioSC [~BioPon@c-68-56-135-42.hsd1.mi.comcast.net] has joined #tlponies
16:12:14 <BioSC> gm
16:12:29 <Dot|Phone> M bio 
16:23:58 <Rawr|Fone> Good evening bio
16:30:55 <BioSC> hi ho
16:41:03 <reification> dot https://twitter.com/EmeraldDemond/status/1334173012652826629
16:42:00 <Dot|Phone> Cheese! 
16:42:58 <Golly> https://youtu.be/SyimUCBIo6c
16:44:44 <skram> cheese
16:58:52 -!- reify [~reificati@cosh-18-b2-v4wan-161487-cust30.vm10.cable.virginm.net] has joined #tlponies
17:10:33 -!- Dot` [webchat@5dx3.pthb.nklt.ip] has joined #tlponies
17:17:03 <reify> og getting fountain farmed by nigma :D
17:18:12 <BioSC> unfortunate
17:31:49 <Dot`> skram
17:34:50 <Rawr|Fone> Skram
17:55:29 <BioSC> Skram?
18:00:37 <Rawr|Fone> So rude
18:02:31 <BioSC> oh he's dead
18:02:33 <BioSC> and thats sad
18:04:26 <Rawr|Fone> Probably taking a nap
18:07:35 <Dot`> he does like his naps
18:12:37 <Dot`> Rawr, what game you plan to win at next?
18:16:47 -!- DuB` [DuB@cpe-68-174-122-249.nyc.res.rr.com] has joined #tlponies
18:17:01 <Dot`> Dab
18:17:54 <DuB`> Dat
18:18:16 -!- Camail [~Camail@45.40.84.145] has joined #tlponies
18:18:16 -!- mode/#tlponies [+v Camail] by Q
18:21:38 <Dot`> cam
18:21:43 <Camail> dot
18:24:01 <Dot`> I
18:52:07 <Rawr|Fone> Probably going to play more hades dot, there seems to be a bunch of content left
19:14:21 <skram> henrik u nerd
19:16:55 <Rawr|Fone> No u jonas
19:20:49 <DuB`> Perez - Ocon - Stroll - Sainz - Ricc top 5 result in F1 today... what HAPPENED
19:31:09 <Camail> i havent completed hades yet, it's gotten kinda grindy
19:32:34 <Camail> i might eventually do a 32 heat run but that just seems boring to me, nothing to gain
19:33:32 <Camail> i have room 1 suicided like 5-6 times just to get more cthonic npc lore
19:34:49 <Rawr|Fone> I am not that far yet
22:15:36 -!- Runbunny [~Bunnykitt@91.100.28.10.generic-hostname.arrownet.dk] has joined #tlponies
22:15:49 <skram> Anders. You're back already
22:15:55 <Runbunny> Yes.
22:16:01 <Dot`> wb runbun
22:16:05 <Dot`> that was 9 hours?
22:16:33 <Runbunny> well 8 hours and 45 minutes
22:17:35 <Runbunny> I'm on call all night Jonas. My phone could ring at any moment!
22:17:50 <skram> In case the zombie minks rise?
22:18:01 <Runbunny> Exhilarating!
22:18:03 <Runbunny> Yes.
22:22:38 <reify> bun!
22:24:23 <Dot`> whats your plan in that case bun? sounds like getting to work could be dangerous
22:24:49 <Camail> lmao, the spite is real in this nintendo drama
22:25:42 <Runbunny> My phone just rang.
22:25:51 <skram> uh oh
22:26:01 <skram> dont get bitten
22:26:03 <Camail> it was me
22:26:13 <Runbunny> Apparently the printer didn't print a thing, so I had to do more work just now.
22:26:18 <Runbunny> But now it should be over.
22:26:29 <skram> are you the it guy
22:26:51 <Dot`> he is a nerd
22:26:55 <Runbunny> O:
22:27:24 <Runbunny> No, I just had to make sure the information was delivered in another way. 
22:27:37 <skram> carrier pidgeons
22:27:39 <skram> nice
22:27:39 <Runbunny> I don't have to fix the printer :D
22:27:46 <Runbunny> Fox it.
22:28:05 <skram> y'all got courier foxes?
22:28:06 <skram> neat
22:32:11 <Dot`> can you send me one bun? any message will do , as long as its by fox courior
22:33:38 <Runbunny> It will probably have trouble with all the swimming and the snow.
22:33:50 <Dot`> i believe
