00:36:47 -!- DuB` [DuB@cpe-68-174-122-249.nyc.res.rr.com] has joined #tlponies
00:40:30 <Runbunny> Hai Dub.
01:29:04 <skram> Hai Dub.
04:12:33 <Rawr|Fone> Skram
04:26:19 <skram> henriken
04:26:20 <skram> its bed time
04:29:52 <BioSC> very much so
04:29:55 <BioSC> its MY bed time
04:47:51 <Rawr|Fone> But I just woke up bio
05:01:15 <BioSC>        pls   
05:01:18 <BioSC> nnnnnn
07:42:02 -!- Dot|Phone [uid393803@id-393803.brockwell.irccloud.com] has joined #tlponies
07:46:49 <Rawr|Fone> DoT DoT DoT
07:47:06 <Dot|Phone> Rawr Rawr Rawr 
07:47:17 <Dot|Phone>  💖💖💖
07:47:24 <Rawr|Fone> 💖💖💖
08:23:55 -!- skram [~skram@109.203.22.118] has joined #tlponies
08:24:30 <skram> good morning frens
08:24:37 <Rawr|Fone> Jonas
08:24:43 <Rawr|Fone> Didn't you just go to bee
08:24:45 <Rawr|Fone> Bed
08:25:09 <skram> Its true
08:25:34 <skram> It is good that I woke early, means that I will probably be able to go to bed at a reasonable time today
08:26:41 <Rawr|Fone> Smart horse
08:30:32 <Dot|Phone> Skram friend
08:32:24 <skram> what you rascals up to
08:32:42 <Dot|Phone> Being late for work
08:32:48 <Dot|Phone> But I'm tired
08:33:09 <Rawr|Fone> Work work
08:33:50 <skram> you should get one of those warm boxes with wheels on em
08:33:54 <skram> so you dont have to walk in the cold
08:34:20 <Dot|Phone> They cost money
08:35:46 <skram> hmm i they are a bit
08:36:37 <Dot|Phone> And I get excercise this way
08:38:17 <Dot|Phone> Skram. Are you in for one shot on Saturday? 
08:38:29 -!- Golly [~Username@cm-84.213.21.103.getinternet.no] has joined #tlponies
08:41:40 <skram> Probably not, I made some plans with my fam
08:41:44 <skram> Who's running? Micen?
08:42:53 <Dot|Phone> Me
08:43:51 <skram> ooh
08:44:07 <skram> do you remember how? Its been months!
08:44:47 <Dot|Phone> Step 1.make ppl suffer
08:45:02 <skram> ah
08:45:08 <skram> you'll be fine
08:46:20 <Dot|Phone> I had an idea for it but if your not there I will save it. It has a thing I think you will enjoy. Can't have you miss out. 
08:49:24 <skram> Am I finally gonna meet a cat that doesnt immediatly hate me??
08:50:34 -!- Runbunny [~Bunnykitt@91.100.28.10.generic-hostname.arrownet.dk] has joined #tlponies
08:50:46 <Dot|Phone> Oh I didn't think of that
08:50:53 <Runbunny> Hai.
08:50:59 <Dot|Phone> It is high fantasy I guess
08:51:02 <Dot|Phone> Hey bun
08:51:40 <skram> ya D:
08:52:00 -!- skram [~skram@109.203.22.118] has left #tlponies
08:52:06 -!- skram [~skram@109.203.22.118] has joined #tlponies
09:39:50 <skram> Anders?
09:47:02 <Micen> good morning
09:47:19 <Dot|Phone> Morning
10:01:15 <Runbunny> Jonas?
10:34:18 <Dot|Phone> Runbun. What you up to today
10:56:44 <Micen> got more streaming going if anyone can spare the views. got to climb the directory somehow 
11:31:24 <Runbunny> I got work later. So right now it's video games.
11:32:57 -!- reification [~thomas@cosh-18-b2-v4wan-161487-cust30.vm10.cable.virginm.net] has joined #tlponies
11:32:57 -!- mode/#tlponies [+v reification] by Q
11:35:07 <Dot|Phone> Reef reef
11:36:07 <reification> dawt dawt
11:52:52 -!- tredc [~tredc@c83-254-129-166.bredband.comhem.se] has joined #tlponies
12:57:52 -!- BioPone [~androirc@mobile-166-176-250-162.mycingular.net] has joined #tlponies
13:55:36 -!- BioPhone [~androirc@12.33.239.117] has joined #tlponies
13:55:41 <BioPhone> Gmnin
13:55:47 <Dot|Phone> Morn
13:55:55 <BioPhone> I stayed up till midnight playing wow
13:56:01 <BioPhone> Work is the not good
13:56:17 <BioPhone> Cure me coffee
13:56:25 <BioPhone> Of my bad decisions
14:01:30 <Rawr|Fone> Biopon
14:46:55 -!- BioPhone [~androirc@12.33.239.117] has joined #tlponies
14:55:57 -!- BioPhone [~androirc@12.33.239.117] has joined #tlponies
15:02:16 -!- BioPhone [~androirc@12.33.239.117] has joined #tlponies
15:05:31 -!- BioPhone [~androirc@12.33.239.117] has joined #tlponies
15:17:40 -!- BioPhone [~androirc@12.33.239.117] has joined #tlponies
15:26:36 <Dot|Phone> Horse
17:04:07 <Cane> Horizon Zero Dawn just released on GOG.
17:12:12 <Dot|Phone> Now to wait for a nice sale
17:26:48 <Cane> Yup, wishlisted.
17:27:02 <Cane> I've been interested in the game since its launch, but it's been a PS4 exclusive.
17:32:18 -!- Dot` [webchat@cloak-jygyb6tz.57.143.150.dyn.plus.net] has joined #tlponies
17:32:32 -!- Camail [~Camail@45.40.84.145] has joined #tlponies
17:32:32 -!- mode/#tlponies [+v Camail] by Q
18:12:13 -!- BioPhone [~androirc@12.33.239.117] has joined #tlponies
18:12:17 <BioPhone> Asdf
18:17:08 -!- Golly [~Username@cm-84.213.21.103.getinternet.no] has joined #tlponies
18:29:55 <Dot`> F hob
18:37:57 <BioPhone> F
18:49:37 <BioPhone> Boyos
18:50:50 -!- skram [~skram@109.203.22.118] has joined #tlponies
18:52:11 <BioPhone> How do
18:56:53 <skram> first
18:56:59 <skram> you must invent the universe
18:57:55 <Golly> people wont like that
19:04:15 <skram> https://www.youtube.com/watch?v=CDPhdkdR9qI
19:05:01 <skram> this is less impressive than it sounds
19:05:27 <Golly> you mean in a north south vs east west kinda way?
19:05:38 <skram> west to east
19:06:00 <Golly> what, you wanna end up in sweden?
19:06:27 <skram> I dont know yet
19:06:37 <skram> Maybe he's going from sweden to the north sea
19:20:07 -!- BioPhone [~androirc@12.33.239.117] has joined #tlponies
19:50:55 -!- BioPone [~androirc@12.33.239.117] has joined #tlponies
20:07:55 -!- BioPone [~androirc@097-070-165-146.res.spectrum.com] has joined #tlponies
20:15:56 -!- BioPhone [~androirc@mobile-166-176-250-165.mycingular.net] has joined #tlponies
20:21:44 <BioPhone> Poneigh
20:22:32 <skram> knägg
20:23:52 <Dot`> hest
20:25:03 <skram> excuse me??
20:25:45 <Golly> perd
20:28:39 <BioPhone> Vacation time lads
20:32:20 <BioPhone> Too bad ill be away from the computer. Wanna do some leveling on the mage
20:32:39 <BioPhone> You playing skorm?
20:47:12 -!- BioPone [~androirc@12.34.198.160] has joined #tlponies
20:49:57 <skram> not right now bio pal
20:50:05 <skram> but i did get to 57
20:52:08 <skram> i shall go spleep
21:10:45 -!- BioPhone [~androirc@12.34.198.160] has joined #tlponies
21:11:05 <BioPhone> I got through blue angle place then stopped
21:11:20 <BioPhone> Was memeing with the guild mostly
21:12:32 -!- BioPone [~androirc@mobile-166-176-250-147.mycingular.net] has joined #tlponies
21:27:53 -!- BioPone [~androirc@mobile-166-176-250-199.mycingular.net] has joined #tlponies
21:32:28 <BioPone> Internet pls
22:34:52 <reification> i have made a calendar error
22:35:03 <reification> i thought thing started in a fortnight
22:35:11 <reification> it actually starts friday :O
22:47:52 -!- Rawr|Fone [uid440384@id-440384.highgate.irccloud.com] has joined #tlponies
23:06:47 <Dot`> gl reif!
23:09:36 <Dot`> Hobs going to do it?
23:10:22 <Dot`> nope
23:15:24 -!- BioPhone [~androirc@mobile-166-170-55-50.mycingular.net] has joined #tlponies
23:16:28 <BioPhone> Henlo
23:16:46 <BioPhone> I have traveled many miles
23:17:01 <BioPhone> Only to still be a horse with a fone
23:20:37 <reification> you jinxed him dotties?
23:21:39 <Dot`> >.>
23:32:20 -!- Runbunny [~Bunnykitt@91.100.28.10.generic-hostname.arrownet.dk] has joined #tlponies
23:32:20 <BioPhone> The man of a 1000 ded urns?
23:32:32 <Runbunny> It's me, hello.
23:33:02 <BioPhone> Hello you
23:33:04 <Dot`> Runbun, hob was so close
23:33:08 <Dot`> final splt
23:33:13 <Dot`> then he wasnt
23:34:46 <Runbunny> Ah such the way of Hob.
23:49:10 <reification> night all
23:49:41 <Dot`> gnight reif
23:59:39 -!- Cane [~Cane@CaneCraft.users.quakenet.org] has joined #tlponies
23:59:39 -!- mode/#tlponies [+o Cane] by Q
23:59:48 -!- DuB` [DuB@cpe-68-174-122-249.nyc.res.rr.com] has joined #tlponies
