00:33:18 -!- Rawr|Fone [~AndChat52@c-94cfe455.020-164-6d6c6d4.bbcust.telenor.se] has joined #tlponies
00:49:05 -!- BioPone [~androirc@097-070-165-146.res.spectrum.com] has joined #tlponies
00:54:24 -!- Micen_ [~Micen@h6.74.23.98.dynamic.ip.windstream.net] has joined #tlponies
01:15:03 -!- BioPone [~androirc@097-070-165-146.res.spectrum.com] has joined #tlponies
03:20:07 -!- Rawr|Fone [~AndChat52@c-94cfe455.020-164-6d6c6d4.bbcust.telenor.se] has joined #tlponies
03:34:19 <Camail> woof, so much socializing in poe tonight
03:34:28 <Camail> trading, boss running, trading some more
03:34:38 <Camail> i am full up on my people meter
04:11:12 <Crisium> bad cam
04:11:16 <Crisium> you should practice social distancing
04:11:43 <Camail> but if i'm close to 8 people i get 8% phys damage reduction and 8% movespeed
04:11:54 <Camail> i need them to rub against me
04:11:57 <Camail> to zoom
05:00:34 -!- Rawr|Fone [~AndChat52@c-94cfe455.020-164-6d6c6d4.bbcust.telenor.se] has joined #tlponies
05:56:00 -!- Rawr|Fone [~AndChat52@c-94cfe455.020-164-6d6c6d4.bbcust.telenor.se] has joined #tlponies
06:24:43 -!- Cane [~Cane@CaneCraft.users.quakenet.org] has joined #tlponies
06:24:43 -!- mode/#tlponies [+o Cane] by Q
06:37:03 -!- CellRoach [~AndChat14@m83-187-180-234.cust.tele2.se] has joined #tlponies
06:52:07 -!- Rawr|Fone [~AndChat52@c-94cfe455.020-164-6d6c6d4.bbcust.telenor.se] has joined #tlponies
07:03:28 -!- Rawr|Fone [~AndChat52@c-94cfe455.020-164-6d6c6d4.bbcust.telenor.se] has joined #tlponies
07:26:26 -!- Rawr|Fone [~AndChat52@c-94cfe455.020-164-6d6c6d4.bbcust.telenor.se] has joined #tlponies
07:31:01 <Rawr|Fone> 🐴🐴🐴
07:44:59 -!- Dot` [webchat@cloak-puzvreye.123.7.51.dyn.plus.net] has joined #tlponies
07:45:41 <Rawr|Fone> DoT DoT DoT
07:47:38 <Dot`> Rawr Rawr Rawr
07:47:40 <Dot`> <3 <3 <3
07:47:45 <Rawr|Fone> ❤❤❤
08:29:27 -!- Rawr|Fone [~AndChat52@c-94cfe455.020-164-6d6c6d4.bbcust.telenor.se] has joined #tlponies
08:29:28 <Rawr|Fone> How is work today dot
08:33:08 <Dot`> in a meeting rawr
08:34:24 <Rawr|Fone> Me too
08:44:57 -!- reification [~thomas@cpc76294-cosh16-2-0-cust297.6-1.cable.virginm.net] has joined #tlponies
08:44:58 -!- mode/#tlponies [+v reification] by Q
08:46:00 <Dot`> hey reif
08:46:39 <reification> hi dotties
08:50:52 -!- Golly [~kvirc@cm-84.213.21.103.getinternet.no] has joined #tlponies
08:56:44 -!- carcinisation [~thomas@cpc76294-cosh16-2-0-cust297.6-1.cable.virginm.net] has joined #tlponies
08:56:44 -!- mode/#tlponies [+v carcinisation] by Q
09:07:56 -!- reimeuk [~thomas@cpc76294-cosh16-2-0-cust297.6-1.cable.virginm.net] has joined #tlponies
09:07:56 -!- mode/#tlponies [+v reimeuk] by Q
09:17:28 -!- Rial [~Rial@p452019-ipngn200305sasajima.aichi.ocn.ne.jp] has joined #tlponies
09:22:37 -!- Rawr|Fone [~AndChat52@c-94cfe455.020-164-6d6c6d4.bbcust.telenor.se] has joined #tlponies
09:25:38 -!- reification [~thomas@cpc76294-cosh16-2-0-cust297.6-1.cable.virginm.net] has joined #tlponies
09:25:39 -!- mode/#tlponies [+v reification] by Q
09:30:41 -!- carcinisation [~thomas@cpc76294-cosh16-2-0-cust297.6-1.cable.virginm.net] has joined #tlponies
09:30:42 -!- mode/#tlponies [+v carcinisation] by Q
09:42:16 <Dot`> this meeting is at the hour and a half point
09:42:18 <Dot`> pls end
09:48:26 <carcinisation> one does not simply "just end" a meeting
09:50:03 -!- Rawr|Fone [~AndChat52@c-94cfe455.020-164-6d6c6d4.bbcust.telenor.se] has joined #tlponies
10:00:59 -!- Runbunny [~Bunnykitt@91.100.28.10.generic-hostname.arrownet.dk] has joined #tlponies
10:12:02 <carcinisation> hi bunners
10:13:07 -!- tredc [~tredc@c83-254-129-166.bredband.comhem.se] has joined #tlponies
10:14:32 -!- Rawr|Fone [~AndChat52@c-94cfe455.020-164-6d6c6d4.bbcust.telenor.se] has joined #tlponies
10:15:47 <carcinisation> runbunny paper of the day, denmark favourably compared edition: https://www.medrxiv.org/content/10.1101/2020.03.24.20042937v1.full.pdf
10:16:00 <Runbunny> Hai.
10:21:18 <Runbunny> That is very interesting.
10:22:24 <carcinisation> pre-print so extra caution but the does seem to be a strange country difference that needs some kind of explanation like this
10:22:32 <carcinisation> *there
10:36:17 -!- Rawr|Fone [~AndChat52@c-94cfe455.020-164-6d6c6d4.bbcust.telenor.se] has joined #tlponies
10:48:56 -!- Dot|Phone [uid393803@2001:67c:2f08:5::6:24b] has joined #tlponies
11:17:46 -!- Rawr|Fone [~AndChat52@c-94cfe455.020-164-6d6c6d4.bbcust.telenor.se] has joined #tlponies
11:18:41 <Rawr|Fone> 🐴🐴🐴
11:19:49 <carcinisation> 🦓🦓🦓
11:22:26 -!- skram [~skram@194.127.172.104] has joined #tlponies
11:22:45 <Rawr|Fone> Jonad
11:22:46 <Rawr|Fone> Jonas
11:25:56 <skram> Henris
11:25:58 <skram> Henrik
11:27:36 <Rawr|Fone> 🤨
11:31:20 -!- tredc [~tredc@c83-254-129-166.bredband.comhem.se] has joined #tlponies
11:36:22 <Rial> Good morning, all
11:36:36 <carcinisation> hi rial
11:37:44 <Rial> I just posted the newest art piece I made >w< finally
11:37:45 <Rial> How goes?
11:38:33 <skram> morning rial
11:38:34 <carcinisation> pretty good today ty. you?
11:38:51 <skram> isnt it evening on the other side of the world now though?
11:40:36 <Rial> It's always morning somewhere =w=
11:40:52 <Rial> I'm okay. Working on some important tasks today
11:51:16 -!- Rawr|Fone [~AndChat52@c-94cfe455.020-164-6d6c6d4.bbcust.telenor.se] has joined #tlponies
11:53:16 <carcinisation> dot rawr https://twitter.com/MrAndrewCotter/status/1243539675031232519
12:19:12 -!- DuB` [DuB@cpe-68-174-122-249.nyc.res.rr.com] has joined #tlponies
12:28:51 <Rawr|Fone> Good afternoon dub
12:29:18 <DuB`> Hullo
12:33:58 <Dot|Phone> Hi
12:42:39 <Bio> gmorn friendos
12:42:56 <Dot|Phone> Skram always running away when I say hi
12:43:11 <Bio> F
12:55:03 <Rawr|Fone> So rude
13:02:11 <Runbunny> Hai.
13:03:13 <Rawr|Fone> Anders.
13:03:34 <DuB`> I... kind of want to upgrade to THREE monitors?
13:03:35 <DuB`> Hmm
13:04:44 <Runbunny> You have to think about placement then Dub.
13:04:54 <Runbunny> Do you go with above? or below?
13:05:04 <Runbunny> Henrik.
13:05:38 <Rawr|Fone> THREE monitors?
13:07:12 <DuB`> I think I'd just shift more toward the middle of my desk, and have a 1080p on each side of my 1440p
13:11:34 <Dot|Phone> Screens are expensive though
13:15:26 <DuB`> Can get a 1080p for $100
13:18:22 <Dot|Phone> That's lorry good actually
13:19:39 <Dot|Phone> Lorry? 
13:19:42 <Dot|Phone> Phone please
13:20:45 <DuB`> Haha
13:31:16 <DuB`> Just signed my lease renewal for another 12 mo
13:31:24 <DuB`> Hope the post office is open to actually send this back...
13:32:44 <carcinisation> hi dubbles
13:32:58 <DuB`> Hallu reif
13:33:07 <carcinisation> i have been hearing things about ny and they aren't great https://twitter.com/DKThomp/status/1243539564234448898
13:34:18 <carcinisation> three monitor looks like you should be doing flight sims or stock trading :p
13:44:57 <DuB`> Mayer has not been doing so well
13:45:00 <DuB`> Governor has been good
13:47:31 <DuB`> Off to see if post office is functional
13:48:56 -!- reimeuk [~thomas@cpc76294-cosh16-2-0-cust297.6-1.cable.virginm.net] has joined #tlponies
13:48:57 -!- mode/#tlponies [+v reimeuk] by Q
14:03:40 -!- Rawr|Fone [~AndChat52@c-94cfe455.020-164-6d6c6d4.bbcust.telenor.se] has joined #tlponies
14:10:01 -!- Rawr|Fone [~AndChat52@c-94cfe455.020-164-6d6c6d4.bbcust.telenor.se] has joined #tlponies
14:17:22 <Bio> asdf
14:17:36 <Bio> never wanna start my day with meeting
14:17:41 <Bio> werst
14:20:47 <Dot|Phone> Had a 2 hour meeting this morning. And then had to go on to the office and been sitting here for about 4 hours copying vm's
14:25:21 <Bio> ew
14:25:42 <Bio> dot p5royal comes out tomorrow
14:25:45 <Bio> wop
14:32:09 <Dot|Phone> Is that an anime? 
14:39:33 <Bio> nein
14:44:17 <Runbunny> It's very anime though.
14:44:49 <DuB`> The anime-est
14:46:44 <DuB`> Bio https://twitter.com/teddyvalenzuela/status/1244415975350362112?s=20
14:51:35 <Bio> y are u like this
14:51:47 <Bio> imma do it to em tho
15:27:36 -!- Camail [~Camail@45.40.84.145] has joined #tlponies
15:27:36 -!- mode/#tlponies [+v Camail] by Q
15:35:03 -!- Rawr|Fone [~AndChat52@c-94cfe455.020-164-6d6c6d4.bbcust.telenor.se] has joined #tlponies
15:35:45 <Camail> no
15:36:42 <Rawr|Fone> Why not
15:36:55 <Camail> no
15:55:07 -!- Dot` [webchat@cloak-puzvreye.123.7.51.dyn.plus.net] has joined #tlponies
15:59:25 -!- skram [~skram@82.147.53.108] has joined #tlponies
16:00:14 <Dot`> jonas friend
16:00:18 <Dot`> dont run again
16:00:23 <Camail> do it
16:00:24 <skram> dot pal
16:00:25 <Camail> save yourself
16:00:38 <skram> EMBRACE ME, OLD FRIEND
16:00:41 <skram> cough cough
16:01:47 <skram> I ordered internets for the new pad but i might be internetless for a whole dang week
16:02:47 <DuB`> D:
16:05:00 <Dot`> skram, thats bio terrorism
16:07:09 <Rawr|Fone> What will you do for a whole week skram
16:07:26 <skram> wallowing in self pity probably
16:17:20 <Dot`> start downloading all the animes?
16:19:58 <skram> im an adult now dot, i dont have time for cartoons
16:20:03 <skram> gonna download all the sports
16:20:46 -!- Rawr|Fone [~AndChat52@m83-185-247-185.cust.tele2.se] has joined #tlponies
16:25:22 <Bio> pls don't terrorize me
16:28:14 <Bio> krms i recommend the one with the knife shoes played on ice
16:28:23 <Bio> good sport
16:28:43 <Dot`> thats too violant for poor skram
16:28:44 <skram> ice puck is good
16:33:53 <Dot`> skram, how far you all get in bl3?
16:34:19 <Dot`> my brother called, then i went to find food, then went to sleep
16:34:41 <skram> about 1.5 hours ahead of where we were i think
16:36:41 <skram> i dont mind doing it again if you wanna play
16:47:41 <Camail> do we wanna pew now?
16:50:57 <Bio> wonderful news, our company's salary raises/promotions have been postponed
16:51:03 <Bio> oh wait, thats not wonderful
16:51:15 <Dot`> dont need to wait on me, im behind
16:51:16 <Bio> bright side is i still have a jerb
16:51:22 <Bio> but still bleh
16:51:27 <Dot`> better than the 12% pay cut everyone in my company took bio
16:51:37 <Bio> oof
16:51:50 <Bio> thats pretty shite NGL
16:57:16 <skram> i think im getting paid normally maybe
17:33:50 -!- tredc [~tredc@83.254.129.166] has joined #tlponies
17:44:31 <Dot`> cane
17:44:35 <Dot`> CANE
17:44:41 <Dot`> is that bannerlord i see on steam?
18:04:25 <Dot`> skram, did you get your artifact slot in BL3?
18:04:45 <skram> yes after doing the vault on eden 6
18:05:03 <reimeuk> bio https://twitter.com/RaminNasibov/status/1243811705806901251
18:09:17 <Dot`> any further than that skram?
18:10:24 <Cane> WTF Bannerlord early access.
18:10:45 <Cane> People can finally play it?
18:11:06 <Dot`> yea cane, is such a day even possible?
18:11:34 <reimeuk> clearly it is the end times
18:17:15 <DuB`> Oh yeah, skram!
18:17:44 <DuB`> In micencampaign I officially made this guy a pet https://forgottenrealms.fandom.com/wiki/Slobberchops
18:21:11 <Dot`> what a cat
18:24:59 -!- Micen [~Micen@h6.74.23.98.dynamic.ip.windstream.net] has joined #tlponies
18:26:06 <Dot`> hi micen
18:26:44 <Micen> good afternoon
18:27:56 -!- carcinisation [~thomas@cpc76294-cosh16-2-0-cust297.6-1.cable.virginm.net] has joined #tlponies
18:27:56 -!- mode/#tlponies [+v carcinisation] by Q
18:31:35 <DuB`> Hi hi micen
18:33:45 <Micen> hi dub
18:37:25 <Bio> that there is a good mememe reimeuk
19:17:54 <Dot`> pon pon
19:26:56 <skram> DuB`: SLOBBERCHOPS
19:27:15 <skram> Thats a good name for like an english bulldog, not sure about a catbird-thing
19:27:42 <DuB`> :D
19:27:49 <DuB`> What about a very large, ugly catbird-thing
19:27:54 <Micen> Tressym.
19:28:07 <Micen> its like qiqi but with a cat instead of a snake. 
19:28:21 <skram> Excuse me? Slobberchops is gorgeous.
19:28:25 <Dot`> skram you sound jelous
19:28:29 <skram> Very dignified
19:29:34 <skram> known languages: understood common but could not speak (and also didnt give a shit)
19:37:54 <Dot`> skram , did you go much further than the vault?
19:38:36 <skram> also did the next thing that happened
20:07:05 -!- Crisium [~Crisium@c-24-3-150-105.hsd1.pa.comcast.net] has joined #tlponies
20:16:44 <skram> blargh
20:16:48 <skram> time for werk i guess
20:17:19 <Dot`> aww
20:21:52 <DuB`> Time for free time
20:24:12 -!- reification [~thomas@cpc76294-cosh16-2-0-cust297.6-1.cable.virginm.net] has joined #tlponies
20:24:12 -!- mode/#tlponies [+v reification] by Q
20:24:21 <DuB`> Oh a big boat arrived
20:24:23 <DuB`> NYC is saved
20:25:36 <Dot`> a big boat full of virus?
20:25:57 <DuB`> A big boat full of hospital!
20:26:56 <Crisium> saved
20:27:57 <Camail> now we shoot?
20:28:19 <Camail> Runbunny  i managed to make 2 of the aura stacking jewels
20:28:22 <Dot`> hospitals are full of virus dub
20:28:31 <DuB`> I suppose so
20:32:43 <DuB`> Could shoots, but skram is work?
20:36:11 <Dot`> i sleep soon, but i am also still not caught up, so no need to wait for me
20:37:25 -!- carcinisation [~thomas@cpc76294-cosh16-2-0-cust297.6-1.cable.virginm.net] has joined #tlponies
20:37:25 -!- mode/#tlponies [+v carcinisation] by Q
20:37:51 <Camail> skram went back to work
20:37:53 <Camail> oh
20:38:14 <Camail> Dot` tomorrow me and you should play and we can catch up
20:38:57 <DuB`> I need to play through as well, I didn't actually experience most of what we did yesterday because the lag was so bad :P
20:39:01 <Dot`> i did the vault today
20:39:10 <Dot`> have to go steal a gold car or something now
20:39:12 -!- Rawr|Fone [~AndChat52@c-94cfe455.020-164-6d6c6d4.bbcust.telenor.se] has joined #tlponies
20:39:16 <Dot`> skram said you had done the next part
20:39:23 <DuB`> Ya
20:41:57 <Crisium> https://cdn.discordapp.com/attachments/276401379096920064/693200834934079608/image0.png
20:45:20 <Dot`> Crisium! i saw this yesterday https://i.imgur.com/sk7RlG1.jpg
20:45:53 <Crisium> lol
20:46:08 <DuB`> ...lol
20:52:53 <Runbunny> Camail, the name of the game is path of Heralds now.
21:03:23 <Camail> well its the first and last league for it
21:09:25 -!- Rawr|Fone [~AndChat52@c-94cfe455.020-164-6d6c6d4.bbcust.telenor.se] has joined #tlponies
21:17:38 -!- Rawr|Fone [~AndChat52@c-94cfe455.020-164-6d6c6d4.bbcust.telenor.se] has joined #tlponies
21:31:27 <Dot`> Crisium https://i.imgur.com/7k76iWl.jpg
21:32:51 <Crisium> nice
21:34:59 <Camail> Runbunny  so how goes the build? are maps fun?
21:38:30 -!- skrm [webchat@pioj.eid3.887x.ip] has joined #tlponies
21:39:48 <carcinisation> https://twitter.com/Scholars_Stage/status/1242084301719683072
21:40:08 <Dot`> skrm
21:48:55 <Rawr|Fone> Skrm
21:49:43 <skrm> dot
21:49:44 <skrm> rawr
21:49:53 <skrm> whatchu want
21:50:07 <Rawr|Fone> You
21:50:38 <skrm> you should have bigger aspirations that that henrik pal
21:51:04 <Rawr|Fone> Jonas snela
21:51:38 <Rawr|Fone> You are my favorite jonas in the whole world
21:55:43 -!- Rial [~Rial@p452019-ipngn200305sasajima.aichi.ocn.ne.jp] has joined #tlponies
21:56:45 <Rawr|Fone> Good evening rial
22:06:07 <Dot`> dub, its your boat https://imgur.com/gallery/zEa76GK
22:08:05 <Crisium> a landscape boat filmed in glorious portrait
22:08:36 <Dot`> the guy filming probably has the corona
22:08:50 <Crisium> no, just dumb smart-phone disease
22:08:57 <Crisium> it's not even a millenial thing, my boomer parents do it too
22:09:06 <Crisium> some things are great for landscape, some are great for portrait
22:09:12 <Crisium> doing everything in portrait means your human brain is wasted
22:10:06 <skrm> is that the mercy
22:10:14 <skrm> wheres the wings and the halo
22:14:21 -!- Micen [~Micen@h6.74.23.98.dynamic.ip.windstream.net] has joined #tlponies
22:17:23 <carcinisation> runbunny https://danbooru.donmai.us/posts/3841868
22:18:17 <Runbunny> The emperor.
22:29:10 <carcinisation> .tell rawr https://www.youtube.com/watch?v=ND63UPelkIw
22:29:14 <carcinisation> dot ^
22:29:23 <carcinisation> dub https://pbs.twimg.com/media/ERua1i8XUAAN87N.jpg
22:30:47 <DuB`> rip fish
22:33:54 <Dot`> fish looks like it told a really bad joke
22:34:03 <Dot`> also reif, dog likes ball
22:42:36 -!- Rawr|Fone [~AndChat52@c-94cfe455.020-164-6d6c6d4.bbcust.telenor.se] has joined #tlponies
22:57:03 -!- reification [~reificati@cpc76294-cosh16-2-0-cust297.6-1.cable.virginm.net] has joined #tlponies
23:13:25 <skrm> Dot`
23:14:35 <Dot`> skrm
23:14:38 <Dot`> i should be asleep
23:15:07 <skrm> its only 1
23:15:25 <skrm> if yer workin from home nobody notices if you oversleep probably
23:16:09 <Rawr|Fone> We have morning meetings at 8.30 every day and I usually get up at 8.25
23:19:13 <Dot`> look at this rawr
23:19:23 <Dot`> he use to be so responsable
23:22:15 <Rawr|Fone> I am very responsible!
23:22:31 <Rawr|Fone> I haven't been late once
23:24:35 <Dot`> great
23:24:40 <Bio> asdf
23:25:29 <Camail> skrm feeling better?
23:25:47 <skrm> im fine now i think
23:26:22 <skrm> ive been doing nothing for 14 days so im kinda rotten but my lungs dont hurt no more
23:29:19 <Bio> it was the beetus confirmed
23:30:15 <skrm> it was probably the vapours
23:30:27 <skrm> or an imbalance in the humours
23:30:43 <skrm> good thing ive got a stockpile of leeches and cocaine
23:31:05 <Bio> nice
