00:35:31 <Camail> i'm playing through the MC mod sevtech
00:35:34 <Camail> it's been pretty fun
00:35:45 <Camail> hella resource intensive because its 740 mods running at once
00:35:51 <Camail> but it's fun
00:39:33 -!- Rawr|Fone [~AndChat52@c-94cfe455.020-164-6d6c6d4.bbcust.telenor.se] has joined #tlponies
01:02:44 <Camail> y'know...there's a non zero chance i was one of the first people in the US to get covid? my whole family got something after they went to italy for new years
01:02:52 <Camail> i'm not even like 50% sure....
01:03:08 <Camail> but like, every day i think more about it
01:15:12 <DuB`> Oahh, yeah that's a bit crazy :o
01:15:18 <Camail> ok cool, first confirmed cases are end of january
01:15:25 <Camail> so now i'm at like a solid 20%
01:15:49 <Camail> but like, my mother lost taste and smell, and i had one of the worst coughs i've ever had
01:16:12 <Camail> we all had some key symptoms, but still, very small chance
01:19:03 <Camail> well. they did come home like january 13th. which is roughly two weeks before the first case... which is the magic number.
01:19:12 <Camail> hmmmm, oh well, i'll get an anti-body test eventually
01:53:57 <skrm> cam is patient zero
03:16:06 -!- Rawr|Fone [~AndChat52@c-94cfe455.020-164-6d6c6d4.bbcust.telenor.se] has joined #tlponies
04:32:22 -!- Micen_ [~Micen@98.18.208.106] has joined #tlponies
05:07:47 -!- Rawr|Fone [~AndChat52@c-94cfe455.020-164-6d6c6d4.bbcust.telenor.se] has joined #tlponies
06:02:08 -!- Rawr|Fone [~AndChat52@c-94cfe455.020-164-6d6c6d4.bbcust.telenor.se] has joined #tlponies
06:57:45 -!- Rawr|Fone [~AndChat52@c-94cfe455.020-164-6d6c6d4.bbcust.telenor.se] has joined #tlponies
07:26:02 -!- Golly [~kvirc@cm-84.213.21.103.getinternet.no] has joined #tlponies
07:38:54 -!- Micen_ [~Micen@h106.208.18.98.dynamic.ip.windstream.net] has joined #tlponies
07:41:55 -!- Dot|Phone [uid393803@2001:67c:2f08:5::6:24b] has joined #tlponies
07:46:43 -!- Rawr|Fone [~AndChat52@c-94cfe455.020-164-6d6c6d4.bbcust.telenor.se] has joined #tlponies
07:52:16 -!- Rawr|Phone [~AndChat52@m83-185-87-203.cust.tele2.se] has joined #tlponies
07:52:59 -!- Dot` [webchat@lijh.6nb9.0v1j.ip] has joined #tlponies
08:00:18 -!- Dot` [webchat@lijh.6nb9.0v1j.ip] has joined #tlponies
08:23:53 -!- reification [~thomas@cpc76294-cosh16-2-0-cust297.6-1.cable.virginm.net] has joined #tlponies
08:23:53 -!- mode/#tlponies [+v reification] by Q
08:29:35 <reification> good morning tlp. you know what day it is https://www.youtube.com/watch?v=d-RbOVJNtBs
08:30:43 <reification> i should tag bio for that link, he is a connoisseur of such memery 
08:31:04 <reification> also having things on the correct day of the week
08:35:25 <Rawr|Phone> Good morning reef reef
08:36:42 <reification> roar roar <3
08:36:54 <Rawr|Phone> ❤❤
08:49:44 <Dot`> Rawr Rawr Reif
08:49:45 <Dot`> <3
08:50:03 <Rawr|Phone> DoT DoT DoT
08:50:05 <Rawr|Phone> ❤❤❤
08:50:44 <reification> dotties!
08:51:41 <Rawr|Phone> How are you two horses doing today
08:52:13 <reification> excellently thankyou rawr. how is your face?
08:52:38 <Rawr|Phone> Doing great today!
08:52:44 <Rawr|Phone> So far at least
08:52:53 <reification> keep it up :D
08:53:04 <reification> it is time for me to exercise
08:53:31 <Rawr|Phone> Good luck dear
09:25:06 <Dot`> was in a video call rawr with team leader. I am doing ok
09:25:22 <Rawr|Phone> Great
09:28:06 <Dot`> no u
09:46:07 <Rawr|Phone> No u
09:51:08 -!- Runbunny [~Bunnykitt@91.100.28.10.generic-hostname.arrownet.dk] has joined #tlponies
09:55:57 <Dot`> Runbun!
09:56:04 <Rawr|Phone> Anders!
09:56:29 <Runbunny> Hai.
10:07:03 -!- carcinisation [~thomas@cpc76294-cosh16-2-0-cust297.6-1.cable.virginm.net] has joined #tlponies
10:07:03 -!- mode/#tlponies [+v carcinisation] by Q
10:38:24 -!- Rawr|Fone [~AndChat52@c-94cfe455.020-164-6d6c6d4.bbcust.telenor.se] has joined #tlponies
10:45:59 -!- Micen_ [~Micen@h106.208.18.98.dynamic.ip.windstream.net] has joined #tlponies
11:38:09 -!- Rawr|Fone [~AndChat52@c-94cfe455.020-164-6d6c6d4.bbcust.telenor.se] has joined #tlponies
11:39:22 <Dot`> runbun, you have a cs game today?
11:47:16 -!- Micen_ [~Micen@h106.208.18.98.dynamic.ip.windstream.net] has joined #tlponies
12:08:21 -!- Rawr|Fone [~AndChat52@c-94cfe455.020-164-6d6c6d4.bbcust.telenor.se] has joined #tlponies
12:24:50 <Runbunny> Dot`, yes.
12:27:35 <Dot`> gl!
12:31:38 <Runbunny> Thanks.
12:31:45 <Runbunny> It's in like 5 hours.
12:37:51 -!- Rawr|Fone [~AndChat52@c-94cfe455.020-164-6d6c6d4.bbcust.telenor.se] has joined #tlponies
12:50:54 <carcinisation> you be sure to rush 'em in their B bun :p
12:58:27 <Bio> oh hai
12:58:31 <Bio> bek to werk
12:58:38 <carcinisation> gl bio
12:58:41 <Dot`> work horse
12:59:18 <Bio> worry not, i shall be here
13:00:19 <Bio> Don’t cry because it’s over, smile because it’s Wednesday
13:00:19 <Bio> -my dudes.
13:03:56 <carcinisation> <3
13:04:22 <Runbunny> Neat.
13:05:14 -!- Rawr|Fone [~AndChat52@c-94cfe455.020-164-6d6c6d4.bbcust.telenor.se] has joined #tlponies
13:25:38 -!- tredc [~tredc@83.254.129.166] has joined #tlponies
13:26:29 -!- Rawr|Fone [~AndChat52@c-94cfe455.020-164-6d6c6d4.bbcust.telenor.se] has joined #tlponies
13:32:49 -!- skram [~skram@82.147.53.138] has joined #tlponies
13:35:37 -!- DuB` [DuB@cpe-68-174-122-249.nyc.res.rr.com] has joined #tlponies
13:36:17 <Dot`> Skram and Dub
13:37:19 -!- Rawr|Fone [~AndChat52@c-94cfe455.020-164-6d6c6d4.bbcust.telenor.se] has joined #tlponies
13:41:10 <DuB`> Oha
13:46:25 <skram> Dot` and DuB`
13:53:10 <DoT`> my program compiles, even the PID loop skram
13:53:19 <DoT`> may just call it a day and start testing tomorow
13:53:36 <skram> hell yeah buddy
13:53:42 <skram> whats your program controlling
13:54:01 <DuB`> Slude cakes? 
13:54:05 <DuB`> Sludge :O
13:54:08 <DoT`> a mobile sludge thickener
13:54:12 <DoT`> so yes, MORE SLUDGE
13:54:29 <DoT`> the joys of water infustructure jobs
13:55:18 <DuB`> Can't be having thin sludge
13:56:54 <skram> thin sludge is just soup
14:01:44 <DoT`> i forgot last night to link you a pic of the Marquise de cats skram
14:01:46 <DoT`> https://ledergames.com/w/wp-content/uploads/2019/03/The-Marquise-de-Cat.png
14:02:03 <DoT`> i fell asleep
14:02:19 <skram> majestic
14:41:52 -!- reimeuk [~thomas@cpc76294-cosh16-2-0-cust297.6-1.cable.virginm.net] has joined #tlponies
14:41:52 -!- mode/#tlponies [+v reimeuk] by Q
14:53:26 -!- Micen_ [~Micen@h106.208.18.98.dynamic.ip.windstream.net] has joined #tlponies
15:17:51 -!- Rawr|Fone [~AndChat52@c-94cfe455.020-164-6d6c6d4.bbcust.telenor.se] has joined #tlponies
15:18:25 <DoT`> you welding skram?
15:24:00 <skram> nah pal i dont have a welder at home
15:25:53 <DoT`> i thought that was your plan for today
15:25:58 <DoT`> and no one was going to stop you
15:26:23 <skram> nono my plan is carpeting, and its next week
15:44:22 <Rawr|Fone> 🐴
15:55:34 -!- carcinisation [~thomas@cpc76294-cosh16-2-0-cust297.6-1.cable.virginm.net] has joined #tlponies
15:55:34 -!- mode/#tlponies [+v carcinisation] by Q
16:00:52 -!- Rawr|Fone [~AndChat52@c-94cfe455.020-164-6d6c6d4.bbcust.telenor.se] has joined #tlponies
16:19:43 -!- reification [~thomas@cpc76294-cosh16-2-0-cust297.6-1.cable.virginm.net] has joined #tlponies
16:19:43 -!- mode/#tlponies [+v reification] by Q
16:32:53 <DoT`> so what you up to now then skram
16:32:55 <DoT`> rawr you horse
16:38:39 <skram> im lookin at vroomers on the youtubes DoT`
16:39:20 <DoT`> you dont have a vacum?
16:42:35 <skram> what?
16:42:38 <skram> cars, dot
16:42:42 <skram> they go vroom
16:43:15 <DoT`> so do vacums
16:43:30 <skram> no vacuums go wooooomm
16:43:58 -!- Rawr|Fone [~AndChat52@c-94cfe455.020-164-6d6c6d4.bbcust.telenor.se] has joined #tlponies
16:51:57 <DoT`> what about trains?
16:52:31 <skram> trains dont really wroom either
16:52:48 <skram> steam trains go toot toot and diesels go aijhsgduyiasgdfyuiagydfgag
16:53:08 <DoT`> hmm
16:58:02 -!- Camail [~Camail@45.40.84.145] has joined #tlponies
16:58:02 -!- mode/#tlponies [+v Camail] by Q
16:58:38 <skram> Camail
16:58:59 <Camail> oi
16:59:35 <DoT`> camamail
17:08:55 -!- Rawr|Fone [~AndChat52@c-94cfe455.020-164-6d6c6d4.bbcust.telenor.se] has joined #tlponies
17:19:17 -!- Zounds [webchat@cloak-07ouvien.14-2.cable.virginm.net] has joined #tlponies
17:19:20 <Zounds> hey
17:20:08 <Rawr|Fone> Good evening zoonds
17:21:03 <DoT`> Hey zounds
17:31:33 -!- Rawr|Fone [~AndChat52@c-94cfe455.020-164-6d6c6d4.bbcust.telenor.se] has joined #tlponies
17:47:57 -!- Rawr|Fone [~AndChat52@m83-185-95-61.cust.tele2.se] has joined #tlponies
18:01:07 <DoT`> walk time
18:02:21 -!- Rawr|Fone [~AndChat52@c-94cfe455.020-164-6d6c6d4.bbcust.telenor.se] has joined #tlponies
18:06:01 <reification> look out. here comes tom https://twitter.com/Coyoteblog/status/1259988219237502976
18:12:48 <Bio> thats not a boulder... its a rock!
18:21:11 -!- Rawr|Fone [~AndChat52@c-94cfe455.020-164-6d6c6d4.bbcust.telenor.se] has joined #tlponies
18:36:28 <Rawr|Fone> Hmm
18:40:23 <Rawr|Fone> Beep beep
18:41:03 <Runbunny> Another win.
18:41:07 <Runbunny> Yay~
18:42:24 <Rawr|Fone> Great job runbun
18:42:26 <Runbunny> reification, https://cdn.discordapp.com/attachments/424976647268204545/710186048512196699/EX19X04UcAAJUq3.png
18:42:30 <Rawr|Fone> I'm proud
18:42:30 <Runbunny> Thanks!
18:43:28 <Zounds> what did you win at roon
18:45:16 <Runbunny> My csgo match
18:45:25 <Runbunny> playing in a league currently.
18:52:44 <Zounds> oh very nice <3
18:57:51 -!- Micen_ [~Micen@h106.208.18.98.dynamic.ip.windstream.net] has joined #tlponies
19:29:28 <DoT`> back
19:30:11 <Runbunny> Welcome back.
19:30:41 <DoT`> Runbun!
19:30:46 <DoT`> well done <3
19:30:52 <DoT`> 4-0
19:32:03 -!- Rawr|Fone [~AndChat52@c-94cfe455.020-164-6d6c6d4.bbcust.telenor.se] has joined #tlponies
19:51:44 <Zounds> which league is it rooner
19:53:40 <reification> the bun cannot be stopped :O
19:54:46 <reification> also a very good sight to share
19:58:23 -!- Micen_ [~Micen@h106.208.18.98.dynamic.ip.windstream.net] has joined #tlponies
20:01:00 -!- Rawr|Fone [~AndChat52@c-94cfe455.020-164-6d6c6d4.bbcust.telenor.se] has joined #tlponies
20:05:37 <Runbunny> Zounds, it's a old boys csgo league on some danish esports site.
20:20:23 <Zounds> neat
20:20:27 -!- Rawr|Fone [~AndChat52@c-94cfe455.020-164-6d6c6d4.bbcust.telenor.se] has joined #tlponies
20:29:08 -!- Rawr|Fone [~AndChat52@c-94cfe455.020-164-6d6c6d4.bbcust.telenor.se] has joined #tlponies
20:51:20 -!- Crisium [~Crisium@c-24-3-150-105.hsd1.pa.comcast.net] has joined #tlponies
20:52:22 <Rawr|Fone> Good evening crisium
20:52:34 <Zounds> hey cris
20:52:40 <Crisium> howdy folks
20:59:13 <Bio> asdf
20:59:35 -!- Micen_ [~Micen@h106.208.18.98.dynamic.ip.windstream.net] has joined #tlponies
21:01:01 <DoT`> Crisium!
21:03:58 <Bio> pne
21:24:43 <Bio> haven't done me a strim in a bit
21:24:48 <Bio> feeling some rando tonight
21:24:51 <Bio> 5 mins
21:24:53 <Bio> ?biostream
21:26:21 <reification> \o/
21:35:41 <Bio> starting now
21:51:34 -!- Rawr|Fone [~AndChat52@c-94cfe455.020-164-6d6c6d4.bbcust.telenor.se] has joined #tlponies
22:04:50 -!- Rawr|Fone [~AndChat52@c-94cfe455.020-164-6d6c6d4.bbcust.telenor.se] has joined #tlponies
22:19:31 -!- Rawr|Fone [~AndChat52@c-94cfe455.020-164-6d6c6d4.bbcust.telenor.se] has joined #tlponies
22:37:49 -!- Dot|Phone [uid393803@2001:67c:2f08:5::6:24b] has joined #tlponies
22:45:01 <reification> dub https://twitter.com/NehmahlCutie/status/1260372277956395008
22:45:57 <DuB`> gimme
22:47:51 <Dot|Phone> Smol fox
22:49:12 <reification> sleep time. g'night all
22:49:18 <Dot|Phone> Gnight
22:55:26 -!- Crisium|2 [~Crisium@c-24-3-150-105.hsd1.pa.comcast.net] has joined #tlponies
22:57:01 -!- Crisium [~Crisium@172.58.204.220] has joined #tlponies
22:58:15 -!- Golly [~kvirc@cm-84.213.21.103.getinternet.no] has joined #tlponies
23:02:19 -!- Micen_ [~Micen@h106.208.18.98.dynamic.ip.windstream.net] has joined #tlponies
23:14:37 <Dot|Phone> Dub. New York has had a record number of days with no pedestrian deaths. 58! 
23:15:01 <DuB`> Cars bad, no cars good
23:15:09 <Dot|Phone> All they had to do was shut the city down
23:22:36 <Bio> new run starting soon!
23:22:48 <Bio> got a 1:43 on first run
23:22:51 <Bio> les go
23:30:34 <Runbunny> Best of luck Bio.
