00:00:15 <reification> if you saw one of the things you must want to see all of them
00:16:18 -!- Rawr|Fone [~AndChat52@c-4eb4e655.020-164-6d6c6d4.bbcust.telenor.se] has joined #tlponies
00:28:45 <Runbunny> reification, I have :D
00:29:07 <Runbunny> Rial, you can join me in vtuber hell.
00:29:45 <Runbunny> Dot`, I was hunting a Velkhana.
00:30:17 <Dot`> did you try hug them instead?
00:30:35 <Runbunny> a lot!
00:30:57 <Runbunny> But too many icy explosions.
00:32:01 <Dot`> rude
00:33:13 <Runbunny> I agree. It was also very restless, I had no chance to insert my stake. 
00:33:46 <Dot`> skram, runbun is being lewd again
00:35:28 <skram> thats ok
00:50:13 <reification> skram in your isekai quest have you read "i'm standing on a million lives" yet?
00:53:03 <skram> probably?
00:53:59 <Dot`> skram https://imgur.com/gallery/GnMDvMo
00:53:59 <skram> i have not
00:54:16 <Dot`> rawr runbun https://imgur.com/gallery/0qu7Qot
00:55:37 <reification> then you can try it skram, it looks interesting so far
00:55:52 <Dot`> reif, look at the second link too
00:55:52 <reification> very majestic dot
00:57:46 <Runbunny> Dogs.
01:16:03 -!- BioPhone [~androirc@97.70.165.146] has joined #tlponies
01:16:14 <BioPhone> Poens
01:16:27 <BioPhone> I played a bunch of FE
01:18:40 <reification> how did it go?
01:19:05 <BioPhone> Bretty gud
01:19:47 <BioPhone> Playing the red house
01:20:21 <Runbunny> I'll go sleep.
01:20:23 <Runbunny> Goodnight.
01:20:31 <reification> night bun
01:20:40 <reification> i shall do the same
01:21:16 <Runbunny> Goodnight sir.
01:21:22 <Camail> https://twitter.com/Kekeflipnote/status/1215333354528288768?s=20
01:21:59 <BioPhone> Making sure to recruit all the precious cupcakes in the blue house tho
01:23:47 <BioPhone> I fuggin love everyone in blue haus
01:31:07 <BioPhone> https://images.app.goo.gl/LaXK5vGc75NBp2N69
01:31:16 <BioPhone> They must be protecc
01:46:37 -!- Rawr|Fone [~AndChat52@c-4eb4e655.020-164-6d6c6d4.bbcust.telenor.se] has joined #tlponies
01:48:19 -!- skrma [~skram@213.232.87.82] has joined #tlponies
01:58:20 -!- DuB` [DuB@cpe-68-174-122-249.nyc.res.rr.com] has joined #tlponies
02:02:10 <skrma> DuB`
02:05:59 <DuB`> Guess who just got home from work at 9pm on a friiiiiiday
02:06:10 <DuB`> And has an hour or two of work to do tomoooooorow
02:06:10 <skrma> Oh! I know!
02:06:11 <DuB`> Heheh
02:06:13 <skrma> is it you?
02:06:16 <skrma> l u c k y
02:06:29 <DuB`> Yah but right now is #1 hamborger time
02:06:37 <DuB`> And I treated myself to a shake, on the company
02:06:38 <DuB`> So HAH
02:06:48 <skrma> heck yeh
02:06:55 <skrma> stick it to the MAN
02:08:32 <DuB`> I'd rather stick it to the mons
02:08:39 <DuB`> With my best pal skram
02:09:06 <skrma> ive started the astera wildlife conservation society
02:09:17 <skrma> we're gonna save these mons
02:09:50 <DuB`> Well you're gonna have to save them from the OTHER mons
02:09:54 <DuB`> What a dilemma
02:11:06 <skrma> very tricky
02:21:52 <DuB`> Freezy cold today :O
02:22:12 <DuB`> I can really feel the immersion in Seliana
02:59:42 -!- Rawr|Fone [~AndChat52@c-4eb4e655.020-164-6d6c6d4.bbcust.telenor.se] has joined #tlponies
05:16:45 -!- Rawr|Fone [~AndChat52@c-4eb4e655.020-164-6d6c6d4.bbcust.telenor.se] has joined #tlponies
05:36:54 -!- Rawr|Fone [~AndChat52@c-4eb4e655.020-164-6d6c6d4.bbcust.telenor.se] has joined #tlponies
05:46:25 -!- Rawr|Fone [~AndChat52@c-4eb4e655.020-164-6d6c6d4.bbcust.telenor.se] has joined #tlponies
06:00:06 -!- Rawr|Fone [~AndChat52@c-4eb4e655.020-164-6d6c6d4.bbcust.telenor.se] has joined #tlponies
06:09:20 -!- Rawr|Fone [~AndChat52@c-4eb4e655.020-164-6d6c6d4.bbcust.telenor.se] has joined #tlponies
06:29:35 -!- Rawr|Fone [~AndChat52@c-4eb4e655.020-164-6d6c6d4.bbcust.telenor.se] has joined #tlponies
06:45:42 -!- Rawr|Fone [~AndChat52@c-4eb4e655.020-164-6d6c6d4.bbcust.telenor.se] has joined #tlponies
06:58:25 -!- Rawr|Fone [~AndChat52@c-4eb4e655.020-164-6d6c6d4.bbcust.telenor.se] has joined #tlponies
07:24:23 -!- Rawr|Fone [~AndChat52@c-4eb4e655.020-164-6d6c6d4.bbcust.telenor.se] has joined #tlponies
07:50:48 -!- Rawr|Fone [~AndChat52@c-4eb4e655.020-164-6d6c6d4.bbcust.telenor.se] has joined #tlponies
09:29:24 <Dot`> Morning
09:30:33 <CockRoach|42> morning
10:18:38 -!- Golly [~kvirc@cm-84.213.21.103.getinternet.no] has joined #tlponies
10:38:17 <Dot`> CockRoach
10:38:21 <Dot`> did you see the doggos?
10:40:34 -!- Rawr|Fone [~AndChat52@85.230.180.78] has joined #tlponies
10:42:22 <Dot`> Rawr Rawr Rawr
10:42:34 <Rawr|Fone> DoT DoT DoT
10:42:37 <Rawr|Fone> ❤❤❤
10:42:40 <Dot`> <3 <3 <3
11:18:57 <Rawr|Fone> How are you dot
11:21:27 -!- skram [~skram@213.232.87.82] has joined #tlponies
11:24:37 <Rawr|Fone> Jonas dear
11:24:59 <skram> henrik you old rascal
11:25:32 <Rawr|Fone> How is your wonderful face doing today
11:25:50 <skram> Still trying to wake up!
11:26:16 <skram> How about the roar face? winning table tennises?
11:26:29 <Rawr|Fone> I have a rest day today
11:30:01 <Rawr|Fone> How is the house thing going skram
11:33:48 <skram> just waiting til next week now
11:35:09 <Dot`> Jonas friend
11:38:34 <skram> dot pal
11:40:16 <skram> hey Dot` do you wanna try a minecraft adventure with me
11:40:25 <skram> theres like premade maps now
11:59:56 <Dot`> hmm, not in much of a MC mood, maybe later
12:05:41 <Dot`> what do you do in these adventures?
12:05:54 <skram> i have no idea
12:32:28 -!- tredc [~tredc@c83-254-129-166.bredband.comhem.se] has joined #tlponies
12:51:53 -!- Rawr|Fone [~AndChat52@c-4eb4e655.020-164-6d6c6d4.bbcust.telenor.se] has joined #tlponies
12:51:56 -!- Runbunny [~Runbunny@91.100.28.10.generic-hostname.arrownet.dk] has joined #tlponies
12:55:54 <Rawr|Fone> Anders.
12:58:19 <Dot`> runbun!
13:05:54 <Runbunny> Hai.
13:13:53 -!- Rawr|Fone [~AndChat52@c-4eb4e655.020-164-6d6c6d4.bbcust.telenor.se] has joined #tlponies
13:39:10 -!- Rawr|Fone [~AndChat52@c-4eb4e655.020-164-6d6c6d4.bbcust.telenor.se] has joined #tlponies
14:01:53 <Rial> .tell reification https://i.imgur.com/1ApJiVB.png
14:02:10 <Rial> finished it =w= bed soon
14:02:37 <Dot`> looking good
14:02:41 <Dot`> sleep well rial
14:07:39 -!- DuB` [DuB@cpe-68-174-122-249.nyc.res.rr.com] has joined #tlponies
14:07:46 <DuB`> Morn!
14:08:39 <CockRoach|42> morning
14:14:07 <Dot`> Daaaaaab
14:20:01 -!- Rawr|Fone [~AndChat52@c-4eb4e655.020-164-6d6c6d4.bbcust.telenor.se] has joined #tlponies
14:28:36 <Rawr|Fone> 🐴🐴🐴
14:28:50 <DuB`> Convenience is dangerous
14:29:13 <DuB`> I can walk over to the corner and get a huge iced apple strudel for $1.75 faster than I can toast a piece of bread in my apartment :P
14:37:21 <skram> strudel v unhealthy
14:37:34 <skram> toast some kale instead
14:38:44 <DuB`> Ah yes, my favorite health food
14:38:51 <DuB`> Kale, avocade, and quinoa slurry
14:38:56 <DuB`> Just mix it all up
14:39:11 <skram> if  you keep eatin avocados youll never own property dub
14:40:23 <Dot`> kale is bad skram
14:41:09 <skram> is it
14:48:21 <skram> hey DuB` would you like to hun a mon
14:48:33 -!- Crisium [~Crisium@c-24-3-150-105.hsd1.pa.comcast.net] has joined #tlponies
14:50:54 <DuB`> Am currently hunning multiple mons
14:51:30 <DuB`> Except I got the disconnect-on-alt-tab error just now in replying to you :P
14:51:40 <skram> D:
14:51:43 <skram> sorry buddy
14:53:35 <DuB`> Just playing solo so it doesn't actually matter haha
15:10:24 -!- Rawr|Fone [~AndChat52@c-4eb4e655.020-164-6d6c6d4.bbcust.telenor.se] has joined #tlponies
15:11:40 <Crisium> let the mons live
15:11:44 <Crisium> they are ppl too
15:22:30 <Dot`> the best ppl
15:22:51 <Dot`> they are not the one out killing things "for fun"
15:25:00 -!- Crisium|2 [~Crisium@c-24-3-150-105.hsd1.pa.comcast.net] has joined #tlponies
15:50:25 <Runbunny> oh right that reminds me.
15:50:38 <Runbunny> DuB`, skram Velkhana can go suck a dick.
15:51:06 <DuB`> Was fun fight :o
15:51:28 <DuB`> (With 27 ice resist and blight immunity)
15:54:04 -!- Rawr|Fone [~AndChat52@c-4eb4e655.020-164-6d6c6d4.bbcust.telenor.se] has joined #tlponies
15:55:44 <Runbunny> All the monsters are too fast for me to stake them :/
16:32:59 -!- Micen [~Micen@h6.74.23.98.dynamic.ip.windstream.net] has joined #tlponies
16:35:35 -!- BioPhone [~androirc@97.70.165.146] has joined #tlponies
16:36:21 <BioPhone> Hoors
16:44:43 <BioPhone> ?
16:57:28 <Rawr|Fone> 🅱️io🐴
17:12:09 <Runbunny> Where is Reif ?!?!
17:12:34 <Dot`> you should go find him runbun
17:16:28 <Runbunny> I'll devout a bunch of my brain power to summon him. 
17:19:46 -!- Rawr|Fone [~AndChat52@c-4eb4e655.020-164-6d6c6d4.bbcust.telenor.se] has joined #tlponies
17:23:29 <Golly> https://www.youtube.com/watch?v=nlMwWUzLg0g
17:35:11 -!- Zounds [webchat@cloak-07ouvien.14-2.cable.virginm.net] has joined #tlponies
17:35:21 <Zounds> hey
17:35:24 <skram> zøøns
17:42:56 <Rawr|Fone> Zoons
17:48:24 -!- reification [~thomas@cpc76294-cosh16-2-0-cust297.6-1.cable.virginm.net] has joined #tlponies
17:48:24 -!- mode/#tlponies [+v reification] by Q
17:49:02 <Rawr|Fone> Reef reef
17:49:05 <Dot`> Runbun
17:49:09 <Dot`> he is here!
17:49:18 <reification> roar roar
17:49:24 <reification> i am indeed present
17:53:21 <reification> .tell rial looks genji to me https://www.youtube.com/watch?v=B0EJ3pMgQTE
18:18:53 -!- BioPhone [~androirc@97.70.165.146] has joined #tlponies
18:24:42 -!- Camail [~Camail@45.40.84.145] has joined #tlponies
18:24:42 -!- mode/#tlponies [+v Camail] by Q
18:27:25 <Camail> ew
18:27:33 <Camail> who let THAT in here
18:27:48 <skram> camail thats just ur pp
18:27:50 <skram> its attached to you
18:27:52 <skram> so basically
18:27:53 <skram> you let it in
18:28:12 <Camail> no i'm talking about the other giant dick in the room
18:48:24 <BioPhone> It's not me right?
18:53:16 <Camail> might be, i cant tell yet
18:53:34 <Camail> its most likely skram, tho
18:59:02 <BioPhone> Not our skrm tho?!
19:03:55 <Camail> the very same 
19:06:44 <DuB`> He DID leave me alone for "laundry"
19:08:56 -!- Micen [~Micen@h6.74.23.98.dynamic.ip.windstream.net] has joined #tlponies
19:11:31 <Camail> gasp
19:11:38 <Camail> he knows we cant leave you alone near animals
19:11:53 <Camail> you'll just skin them and where them as scarves!
19:14:36 <Runbunny> !!!
19:39:01 -!- Rawr|Fone [~AndChat52@c-4eb4e655.020-164-6d6c6d4.bbcust.telenor.se] has joined #tlponies
19:53:12 -!- Rawr|Fone [~AndChat52@c-4eb4e655.020-164-6d6c6d4.bbcust.telenor.se] has joined #tlponies
20:02:26 -!- Rawr|Fone [~AndChat52@c-4eb4e655.020-164-6d6c6d4.bbcust.telenor.se] has joined #tlponies
20:21:47 -!- Rawr|Fone [~AndChat52@c-4eb4e655.020-164-6d6c6d4.bbcust.telenor.se] has joined #tlponies
20:35:49 <Dot`> pon pon
20:45:00 -!- Rawr|Fone [~AndChat52@c-4eb4e655.020-164-6d6c6d4.bbcust.telenor.se] has joined #tlponies
20:45:13 <Rawr|Fone> DoT
20:49:52 <Dot`> rawr hest
20:49:56 <Dot`> how was your day
21:00:30 <skram> DuB` pls
21:00:35 <skram> there was a lot of laundry
21:00:58 -!- Rawr|Fone [~AndChat52@c-4eb4e655.020-164-6d6c6d4.bbcust.telenor.se] has joined #tlponies
21:01:06 <Rawr|Fone> Dot my internet
21:01:09 <Rawr|Fone> Halp
21:14:55 <reification> i return from winning quiz \o/
21:15:32 <skram> hurray
21:22:22 -!- Rawr|Fone [~AndChat52@c-4eb4e655.020-164-6d6c6d4.bbcust.telenor.se] has joined #tlponies
21:24:11 <Dot`> Huzzah
21:37:08 -!- Rawr|Fone [~AndChat52@c-4eb4e655.020-164-6d6c6d4.bbcust.telenor.se] has joined #tlponies
21:37:19 <Rawr|Fone> 🐴🐴🐴
22:01:55 <DuB`> Pizza time! Then more mons, because there are infinity mons
22:05:59 -!- BioPhone [~androirc@mobile-166-170-22-245.mycingular.net] has joined #tlponies
22:12:43 -!- BioPone [~androirc@97.70.165.146] has joined #tlponies
22:15:28 <DuB`> Got a whole inch of snow since this morning, didn't even realize it was snowing :O
22:15:37 -!- Rial [~Rial@p2668219-ipngn201306tokaisakaetozai.aichi.ocn.ne.jp] has joined #tlponies
22:20:11 <Dot`> hey rial
22:25:09 <reification> hej rial
22:26:23 <BioPone> Pan
22:29:03 -!- Cane [~Cane@CaneCraft.users.quakenet.org] has joined #tlponies
22:29:03 -!- mode/#tlponies [+o Cane] by Q
22:29:09 <Dot`> hey cane <3
22:29:20 <Cane> Hi, I'm hungry, help. <3
22:32:21 <Micen> Come to Kentucky Cane, we're doing steaks tonight
22:33:45 <Cane> Well, hot damn, that'd take the edge off the cold.
22:46:43 -!- BioPone [~androirc@97.70.165.146] has joined #tlponies
23:03:34 -!- Crisium [~Crisium@104.194.218.16] has joined #tlponies
23:04:25 <Rial> dot, reif
23:07:40 <Dot`> skram, i havnt eaten today, where are those jaffa cakes you where sending?
23:09:39 <skram> ah they're just in customs atm
23:09:47 <skram> they'll arrive in 5-7 weeks
23:15:56 <Dot`> i may starve by then
23:32:54 -!- BioPone [~androirc@97.70.165.146] has joined #tlponies
23:49:34 -!- Rawr|Fone [~AndChat52@c-4eb4e655.020-164-6d6c6d4.bbcust.telenor.se] has joined #tlponies
