00:09:43 <skram> lol? in 2020?
00:09:44 <skram> bro
00:25:29 <CrisPone> League of lawl 
01:07:58 -!- DvB` [DuB@cpe-68-174-122-249.nyc.res.rr.com] has joined #tlponies
01:22:33 <BioSC> yessir
01:22:41 <BioSC> it went about as well as i though
01:53:36 -!- BioPone [~androirc@097-070-165-146.res.spectrum.com] has joined #tlponies
02:14:41 -!- BioPone [~androirc@097-070-165-146.res.spectrum.com] has joined #tlponies
02:34:32 -!- BioPone [~androirc@097-070-165-146.res.spectrum.com] has joined #tlponies
06:04:08 -!- Dot|Phone [uid393803@id-393803.brockwell.irccloud.com] has joined #tlponies
06:05:55 <Dot|Phone> Morning horses
06:27:47 -!- Cane [~Cane@CaneCraft.users.quakenet.org] has joined #tlponies
06:27:47 -!- mode/#tlponies [+o Cane] by Q
06:54:06 <Dot|Phone> Hey Cane
06:54:49 <Cane> Hallo. <3
06:56:48 -!- Rawr|Fone [uid440384@2001:67c:2f08:1::6:b840] has joined #tlponies
06:59:59 <Dot|Phone> Rawr Rawr Rawr 
07:00:33 <Rawr|Fone> DoT DoT DoT
07:00:38 <Rawr|Fone> 💖💖💖
07:00:39 <Dot|Phone> 💖💖💖
07:01:10 <Dot|Phone> How are Cane and Rawr today
07:02:25 <Rawr|Fone> Good good
07:02:31 <Rawr|Fone> Work work
07:02:44 <Rawr|Fone> Are you out and about dot
07:06:11 <Dot|Phone> Yea. Off to site again
08:08:13 -!- Runbunny [~Bunnykitt@91.100.28.10.generic-hostname.arrownet.dk] has joined #tlponies
08:26:22 -!- Golly [~Golly@cm-84.213.21.103.getinternet.no] has joined #tlponies
09:06:34 <Dot|Phone> Runbun! Golly! 
09:08:01 <Golly> m0nin
09:22:40 <Dot|Phone> You back at work yet golly? 
09:24:07 <Golly> i have been back partially for a while
09:24:11 <Golly> but only around 50%
09:24:52 <Runbunny> Hai.
09:30:10 <Runbunny> .tell skram https://www.youtube.com/watch?v=hg347qO-keM
10:33:11 -!- tredc [~tredc@c83-254-129-166.bredband.comhem.se] has joined #tlponies
12:08:11 <Dot|Phone> How's work runbun
12:22:16 -!- skram [~skram@ip-163-41-102-94.eidsiva.net] has joined #tlponies
12:26:31 <Rawr|Fone> Jonas
12:26:35 <Rawr|Fone> Dear friend
12:27:19 <skram> Henrik kära vän
12:28:06 <Rawr|Fone> Hur står det till min lilla sockertopp
12:28:42 <skram> jättebra, gulligullet
12:28:50 <skram> how bout u
12:31:15 <Runbunny> Jonas.
12:31:21 <skram> Henrik.
12:31:21 <Runbunny> Just in time to see me leave.
12:31:27 <skram> Aww :(
12:31:58 <Rawr|Fone> Everything is great when you are here jonas
12:36:19 <skram> <3
12:36:34 <Runbunny> I have time to answer one question for you Jonas.
12:36:35 <Runbunny> Go.
12:37:31 <skram> Ok. Why are sausages red?
12:38:47 <Runbunny> It's coloring from the paprika used in seasoning.
12:39:14 <skram> Hmmm
12:39:20 <skram> I believe you
12:39:38 <BioSC> HOLA
12:40:43 <Runbunny> Apparently the real answer is that it's coloring from a lice that lives in south america.
12:40:45 <Runbunny> Neat.
12:41:03 <skram> disgustang
12:41:10 <skram> bio SC
12:41:30 <Runbunny> Anyhoo I am off.
12:41:32 <Runbunny> Bai.
12:42:12 <BioSC> good bai
12:42:25 <BioSC> i am do homework
12:42:35 <BioSC> i thought i was done with homework now that collage is over
12:42:38 <BioSC> but here we are
12:49:26 <Dot|Phone> Skram, bio
12:50:40 <BioSC> frins
13:10:58 <skram> am no ur frin, pal
13:40:33 <BioSC> =(
13:53:40 -!- DuB` [DuB@cpe-68-174-122-249.nyc.res.rr.com] has joined #tlponies
14:07:29 -!- reification [~reificati@cpc76294-cosh16-2-0-cust297.6-1.cable.virginm.net] has joined #tlponies
14:13:12 <reification> afternon tlpons
14:14:02 <DuB`> Hallo reif
14:16:43 <reification> hi dub
14:18:43 <reification> .tell runbunny 10pull ended well :D https://i.imgur.com/LqTBXqW.png
14:18:52 <reification> also dub ^
14:19:15 <DuB`> o wow
14:19:43 <DuB`> Took me 30, and I probably shouldn't have with bagpipe, W, weedy, phantom etc all coming up :P
14:19:56 <DuB`> Also nice Reed, #2 prettiest
14:20:40 <reification> i have mostly saved up for the big upcoming banners
14:21:58 <reification> coebe is excellent though and very worth getting
14:22:59 <DuB`> dadadadadada
14:29:47 <skram> dub are you turning into a whale
14:29:50 <skram> im worried
14:30:10 <DuB`> Always have been
14:30:12 <BioSC> rip monies
14:30:45 <DuB`> Don worry I've saved plenty for the eventual grand tour of euroland
14:30:47 <DuB`> Someday oneday
14:31:04 <BioSC> not if you keep spending on degeneracy!
14:31:57 <DuB`> Is fiiiine
14:42:16 <BioSC> i worry about the state of these horsens
15:05:48 <BioSC> skorm i'm trying to find that emote you made for my zleda runs
15:05:54 <BioSC> do you has it
15:12:31 -!- Dot|Phone [uid393803@2001:67c:2f08:5::6:24b] has joined #tlponies
15:13:04 <BioSC> also i have a twitch emote now horray
15:14:38 <skram> https://i.imgur.com/ISu3ote.jpg this one? :p
15:17:20 <BioSC> YUS
15:20:29 <BioSC> it is now my T I E R 3 E M O T E
15:20:47 <BioSC> or, will be
15:21:14 <BioSC> i actually don't think i get emote slots for those yet
15:21:40 <BioSC> OH i didn't name it lel
15:21:52 <DuB`> And skram's royalties?
15:22:31 <BioSC> well he will indeed get a cut of my profits
15:22:46 <BioSC> (I haven't seen a cent from twitch and probably never will lel)
15:24:39 <BioSC> https://imgur.com/a/w5ZooI9
15:24:50 <BioSC> fantastic
15:24:54 <BioSC> BiogamGG
15:37:02 <Dot|Phone> Right lads. I got the bus i thought I would miss
15:37:11 <Dot|Phone> No waiting around 2 and a half hours
15:37:17 <DuB`> Phew 
15:37:17 <DuB`> gj
15:39:04 <Rawr|Fone> This might be what propels you to stardom bio
15:40:19 <BioSC> I think so
15:40:36 <Dot|Phone> There is someone on the bus without a mask
15:40:46 <Dot|Phone> A real life idiot before my eyes
15:59:28 <Dot|Phone> How's all
15:59:52 <DuB`> Good! Watching Nigma dota
16:00:01 <Dot|Phone> They winning? 
16:00:15 <DuB`> Lost game 1, game 2 going v well though
16:00:36 <Dot|Phone> Against? 
16:00:58 <DuB`> Virtus Pro
16:01:35 <Dot|Phone> Just checking it wasn't liquid
16:01:40 <DuB`> Haha
16:03:02 <Dot|Phone> Starcraft dreamhack started yesterday. Some nice games
16:07:54 -!- BioPone [~androirc@mobile-166-177-56-210.mycingular.net] has joined #tlponies
17:36:58 -!- Micen [~Micen@h187.227.130.174.dynamic.ip.windstream.net] has joined #tlponies
18:01:12 -!- Camail [~Camail@45.40.84.145] has joined #tlponies
18:01:13 -!- mode/#tlponies [+v Camail] by Q
18:01:17 <Camail> Dot|Phone  no
18:07:07 <Rawr|Fone> But what if yes
18:08:33 -!- BioPhone [~androirc@12.33.239.117] has joined #tlponies
18:08:46 <Dot|Phone> Please yes
18:09:30 <BioPhone> Pnoi
18:12:58 <skram> maybe, dot
18:13:08 <skram> but only if you eat your veggies
18:13:54 <BioPhone> Veggies r good covered in butter
18:14:48 <skram> bio no
18:34:33 -!- BioPhone [~androirc@12.33.239.117] has joined #tlponies
18:47:36 <DuB`> skram why is the manga die T_T
18:47:46 <DuB`> No work to do, no reading to do
18:52:09 <skram> mangadex is kill? D:
18:52:20 <skram> i havent read any mangos for a week or more
18:52:22 <DuB`> For a few hours apparentleee
18:52:47 <skram> https://twitter.com/MangaDex/status/1299013844367486976
18:52:48 <skram> rip
19:02:10 <Dot|Phone> Skram
19:08:08 <Camail> ...whats a suspicious number of mysql traffic
19:08:21 <Golly> mafia 1 remaster... i wonder if all the fun extra stuff will be dlc...
19:09:28 <Golly> 2 had extra stuff as dlc, but was a decent game at least, 3 i didnt even touch
19:11:56 <skram> i wouldnt know cam
19:11:57 <skram> Dot|Phone
19:16:16 <Golly> you can play as the swedes in AoE 3  remaster
19:18:16 <Dot|Phone> Hi
19:19:31 <skram> hi there
19:21:22 <Dot|Phone> I am back in bakewell
19:21:32 <Dot|Phone> So much nicer than Skelmanthorpe 
19:32:12 <DuB`> Skelmanthorpe is fun to say though
19:32:24 <DuB`> Skelwell Bakethorpe
19:34:08 <Dot|Phone> No one calls it Skelmanthorpe though. They use the shortened version of it 
19:34:14 <Dot|Phone> Shat
19:34:23 <Dot|Phone> Doesn't make sense to me either
19:36:48 <skram> the shortened version of skelmanthorpe is SHAT?
19:37:27 <Dot|Phone> Yea. That's English ppl for you
19:37:51 <skram> brilliant
19:39:59 <DuB`> I feel like Skel Skep or Skorp would make more sense but go for it I guess haha
19:43:14 -!- Dot` [webchat@uqju.kue0.9x88.ip] has joined #tlponies
19:49:32 <Dot`> Maxpax vs Reynor time, these kids playing starcraft
19:58:36 <Dot`> CockRoach|42 https://imgur.com/gallery/AxLEa1O
20:41:54 -!- Runbunny [~Bunnykitt@91.100.28.10.generic-hostname.arrownet.dk] has joined #tlponies
20:45:26 <Dot`> Runbun!
20:45:28 <Dot`> you work horse
20:46:08 <Runbunny> Hai
20:46:12 <Runbunny> I return.
20:47:42 <Dot`> Did you have agood day?
20:56:23 <Runbunny> Yeah, was pretty neat.
20:57:20 <Runbunny> Had a scare with a missing plate, so I dig thoroughly through the trash... twice.
20:57:47 <Dot`> D:
20:58:41 <Runbunny> It showed up in a pcr machine named after the hobbit "Sam" from the lord of the rings.
20:59:11 <Runbunny> Which somehow showed up as run complete without being complete.
21:00:06 <skram> whats a pcr anders
21:00:56 <Runbunny> Polymerase chain reaction. It's a molecular biological method for proliferating DNA.
21:01:47 <Runbunny> The actual machine is just a thermo cycler.
21:02:49 <Runbunny> reification, Cool! I only got a Eyjafjalla.
21:19:54 <Dot`> runbun. its sleeptime soon
21:27:18 <Runbunny> True.
21:27:24 -!- BioPone [~androirc@mobile-166-170-21-152.mycingular.net] has joined #tlponies
21:30:24 <Runbunny> Still some time left though.
21:44:42 -!- BioPone [~androirc@097-070-165-146.res.spectrum.com] has joined #tlponies
21:52:59 <DuB`> Eyja better anyway, Runbunny :P
21:54:27 <BioSC> homepon
21:54:34 <Runbunny> But Reif got like 2 six star and a five star.
21:56:17 <DuB`> Luckiboi
21:59:19 <DuB`> .choose lottafood littlefood
21:59:22 <DuB`> Hmph
22:00:06 <skram> just a lil
22:00:27 <DuB`> Probably for the best, I overdid it a bit on the ice cream yesterday...
22:01:13 <skram> silly dub
22:01:15 <skram> ice cream isnt a food
22:01:21 <skram> and thus you can eat as much as you want
22:01:32 <DuB`> Not a food, but a HUMAN RIGHT
22:01:40 <skram> hear ye hear ye
22:01:41 <DuB`> But skram my toned abs goal :(
22:01:46 <DuB`> the aaaaabbs
22:02:02 <Runbunny> O:
22:02:05 <Runbunny> Abs?!
22:02:12 <skram> just paint them on
22:02:22 <skram> we're too old ot havev toned abs now
22:02:35 <Runbunny> OH no.
22:02:49 <DuB`> Speak for yourself, I've made good progress! :P
22:04:44 <Runbunny> I made progress towards having one ab.
22:04:53 <Runbunny> Very toned.
22:04:59 <skram> hahah
22:05:11 <skram> i got a whole barrel
22:07:45 <BioSC> everyone has abs
22:35:30 <skram> BioSC are you gonna play the Brand New WoW thing?
22:35:37 <skram> now with extra evil sylvanas
22:35:44 <BioSC> the expansion? maybe a bit
22:35:55 <BioSC> also my life for Sylvanas and such
22:36:05 <skram> fuk the hord
22:36:10 <skram> /dab
22:36:10 <BioSC> u wot m8
22:36:26 <skram> 4 the allians
22:36:34 <BioSC> git plagued lel
22:37:15 <Runbunny> lel
22:37:41 <BioSC> i haven't payed any attention to when its coming out
22:37:52 <skram> it was announced today i think
22:38:02 <BioSC> orly
22:38:05 <skram> its p soon
22:38:12 <BioSC> oct 26
22:38:17 <BioSC> 2 months?
22:38:19 <BioSC> not bad
22:38:27 <BioSC> yeh i'll probably level my mage
22:38:39 <skram> i might give this one a try
22:38:51 <skram> been farming rep so i can get the big tiddy goth dwarf gf unlocked
22:39:14 <BioSC> lol
22:39:33 <BioSC> i don't even know what allied races are in right now
22:39:38 <BioSC> i remember that one
22:39:40 <BioSC> and the foxes
22:39:44 <skram> dark iron dorfs
22:40:00 <skram> like 5 per faction or something
22:40:06 <skram> kul tiran humans lookin thicc asf
22:40:20 <BioSC> T H I C C
22:40:32 <BioSC> p sure all the horde ones were garbo
22:40:39 <Runbunny> O:
22:40:44 <Runbunny> Horde has foxes.
22:41:07 <BioSC> oh, Nightborne were cool
22:41:16 <skram> not every furry plays a vulpera
22:41:22 <skram> but every vulpera is a furry
22:41:25 <BioSC> LOL
22:41:30 <BioSC> i was just about to write that
22:41:40 <skram> haha
22:41:44 <skram> its the truth tho
22:42:20 <Runbunny> lel.
22:44:41 <Runbunny> Well boys. It's late and I am tired.
22:44:47 <skram> Godnat, Anders.
22:44:54 <Golly> fire ze missiles
22:45:01 <Runbunny> Godnat Jonas, gamle svinger.
22:45:17 <skram> ;)
22:50:41 <BioSC> asdf
23:07:09 <BioSC> think imma play some tarkov here in a sec
23:07:44 <skram> i hope y'all escape some day
23:08:16 <BioSC> You're here for life
23:15:16 <BioSC> ?biostream
23:15:21 <BioSC> Tarkov as stated
23:15:36 <BioSC> vibing for a sec while i get some h20
23:21:56 -!- BioPone [~androirc@097-070-165-146.res.spectrum.com] has joined #tlponies
23:34:19 -!- BioPone [~androirc@097-070-165-146.res.spectrum.com] has joined #tlponies
