00:27:30 -!- Rawr|Fone [~AndChat52@c-94cfe455.020-164-6d6c6d4.bbcust.telenor.se] has joined #tlponies
00:36:52 <Dot`> runbun, 40k has a lot of cool lore
00:37:12 <Dot`> i guess its a bit edgy, but its fleshed out enough its ok
00:42:21 <Runbunny> I'm a bit edgy ;) ;)
00:42:23 <Runbunny> Also.
00:42:36 <Runbunny> What are you doing up young lad?
00:44:31 <Dot`> not sleeping
00:44:35 <Dot`> you?
00:44:46 <Dot`> .tell reification https://imgur.com/gallery/CKSMxtD
00:49:31 <Runbunny> I was watching lore videos.
00:53:28 <Dot`> important facts to know runbun. Eldar are the coolest
00:53:32 <Dot`> dark eldar are the worst
00:53:47 <DuB`> But dot
00:53:53 <DuB`> Slaanesh is the god of FUN*
00:54:19 <Dot`> slaanesh isnt even besy chaos god
00:56:32 <Dot`> Dub https://imgur.com/gallery/yxfH5Iu
00:56:47 <Micen_> Excuse you Dot`
00:56:51 <DuB`> I saw haha
00:56:57 <Micen_> you are factually wrong there.
00:56:57 <Dot`> micen no
00:57:02 <Dot`> nurgal is the worst
00:57:23 <Micen_> Papa Nurgle #2 
00:58:16 <Dot`> Tzeentch even has a flying circus
00:58:34 <Micen_> In order Slaanesh, Nurgle, Tzeentch, Khorne 
00:59:14 <Micen_> and I dont know enough about Malal to have a place. 
01:02:38 -!- Micen|Droid [~AndChat91@h106.208.18.98.dynamic.ip.windstream.net] has joined #tlponies
01:04:30 <DuB`> Runbunny did you fight the extra-angry mons?
01:09:21 <Runbunny> Nope!
01:09:54 <Runbunny> I went at checked the spring festival at the gathering hub.
01:10:41 <Runbunny> There was something about layered weapons, but I couldn't figure out how to access it and my friend needed so help in PoE.
01:11:12 <Runbunny> I want to get the lightbreaker charge blade though.
01:11:17 <DuB`> Yaaaah
01:11:27 <Runbunny> Mission for tomorrow :3
01:11:39 <DuB`> Yeah hopefully I won't work until 8pm tomoro...
01:14:53 <Runbunny> Aren't dark eldar the cool eldar? Dot` ?
01:53:47 -!- Rawr|Fone [~AndChat52@c-94cfe455.020-164-6d6c6d4.bbcust.telenor.se] has joined #tlponies
02:32:28 -!- Mousen|Droid [~AndChat91@h106.208.18.98.dynamic.ip.windstream.net] has joined #tlponies
03:05:52 -!- Micen|Droid [~AndChat91@h106.208.18.98.dynamic.ip.windstream.net] has joined #tlponies
03:46:13 <Camail> Runbunny  i assume you're doing hollow palm?
03:46:56 <Runbunny> Not at all.
03:47:32 <Runbunny> It's actually a whispering ice build.
03:58:36 -!- Rawr|Fone [~AndChat52@c-94cfe455.020-164-6d6c6d4.bbcust.telenor.se] has joined #tlponies
04:39:17 -!- Mousen|Droid [~AndChat91@h106.208.18.98.dynamic.ip.windstream.net] has joined #tlponies
04:48:02 <Bio> thx DuB` 
04:48:11 <Bio> my most loyal viewer
04:48:12 <Bio> <3
04:48:23 <Micen_> I need to catch back up 
04:49:56 <BioSleep> many hours of content
04:50:08 <BioSleep> most of it isn't great cause im not an entertainer lel
04:54:00 <Micen_> you're good at it bio!
06:31:16 -!- Rawr|Fone [~AndChat52@c-94cfe455.020-164-6d6c6d4.bbcust.telenor.se] has joined #tlponies
07:11:51 -!- Dot` [webchat@cloak-puzvreye.123.7.51.dyn.plus.net] has joined #tlponies
07:55:51 -!- Rawr|Fone [~AndChat52@c-94cfe455.020-164-6d6c6d4.bbcust.telenor.se] has joined #tlponies
07:56:00 <Micen_> good morning all
08:01:02 <Dot`> morning
08:03:46 <Rawr|Fone> Morning
08:23:07 <Micen_> how are things going?
08:29:37 <Rawr|Fone> Pretty gooood
08:29:40 <Rawr|Fone> No work today
08:40:36 -!- reification [~thomas@cpc76294-cosh16-2-0-cust297.6-1.cable.virginm.net] has joined #tlponies
08:40:36 -!- mode/#tlponies [+v reification] by Q
08:43:34 -!- skram [~skram@82.147.53.6] has joined #tlponies
08:44:56 -!- Rawr|Phone [~AndChat52@m83-191-114-108.cust.tele2.se] has joined #tlponies
08:53:46 <reification> https://twitter.com/pheazandt/status/1247958266166030342
08:55:32 <Rawr|Phone> Reef reef
08:55:35 <Rawr|Phone> Jonas
08:56:05 -!- Golly [~kvirc@cm-84.213.21.103.getinternet.no] has joined #tlponies
08:56:28 <Dot`> reif, skram <3
08:56:33 <reification> roar roar
08:56:48 <reification> dot, i want to read the icelandic dracula now
09:07:34 <skram> pals
09:14:16 -!- Rial [~Rial@p452019-ipngn200305sasajima.aichi.ocn.ne.jp] has joined #tlponies
09:27:58 -!- carcinisation [~thomas@cpc76294-cosh16-2-0-cust297.6-1.cable.virginm.net] has joined #tlponies
09:27:58 -!- mode/#tlponies [+v carcinisation] by Q
09:35:58 -!- reification [~thomas@cpc76294-cosh16-2-0-cust297.6-1.cable.virginm.net] has joined #tlponies
09:35:58 -!- mode/#tlponies [+v reification] by Q
09:41:03 -!- Micen|Droid [~AndChat91@h106.208.18.98.dynamic.ip.windstream.net] has joined #tlponies
10:01:09 -!- Runbunny [~Bunnykitt@91.100.28.10.generic-hostname.arrownet.dk] has joined #tlponies
10:02:23 <Rawr|Phone> Anders!
10:04:45 <Dot`> Runbun!
10:06:31 <Runbunny> Hai.
10:06:40 <reification> bun!
10:06:50 <Runbunny> Where is Jonas? I have quality shitposts to share with him.
10:08:45 <Rawr|Phone> He left 20 minutes ago
10:09:18 <Runbunny> Boo.
10:09:47 <Runbunny> How's work treating you Henrik? Fitting in nicely?
10:10:31 <Rawr|Phone> Yes, it's been fum
10:10:34 <Rawr|Phone> Fun
10:13:02 <Rawr|Phone> Yesterday was the first day I got actual workto do though
10:13:34 -!- tredc [~tredc@c83-254-129-166.bredband.comhem.se] has joined #tlponies
10:16:50 <Runbunny> What did you do?
10:31:15 <Rawr|Phone> Some database changes, updating the api to use the changes
10:31:37 <Rawr|Phone> And now I am going to update the website too
10:36:32 <reification> https://www.youtube.com/watch?v=2WZAQXZZKYQ
10:37:25 -!- Rawr|Fone [~AndChat52@c-94cfe455.020-164-6d6c6d4.bbcust.telenor.se] has joined #tlponies
10:40:35 <Rawr|Fone> Hmm
10:40:39 <Runbunny> Reif squirrel girl reveal in 2 hours https://www.youtube.com/watch?v=ozANadM_Y8U
10:41:13 <reification> oh boy. what a time to be alive!
10:48:44 <Rial> What does this mean?
10:50:44 <reification> are you familiar with vtubers rial?
10:51:21 <Rial> Yes, I am one!
10:51:43 <Rial> or will be, someday
10:51:50 <Rial> or was, sometime ago
10:52:32 <reification> are you also a time traveller? :P
10:53:10 <Rial> Yes! Whenever I lie in bed every night, I seem to advance to the next day, somehow
10:55:16 <Runbunny> :D
10:55:41 <reification> true. if you figure out how to do it in reverse let us know!
10:56:25 <Rial> Well, some days I feel more jovial, younger! I may have did it in reverse, but without noticing
10:56:45 <Rial> have done it* -- see, even my english mistakes are coming back to me
10:59:10 <reification> via angla estas tre pli bona ol mia esperanto
10:59:40 <Rial> lol
10:59:45 <Rial> jajaja
11:03:25 <reification> runbunny twitter says squirel stream will mostly be in english
11:04:57 <Rial> What's the difference between a vtuber and a streamer with a live 2d avatar?
11:06:35 <reification> nothing but the site they're using
11:07:35 <reification> ppl in here (bun, skram, myself) mainly follow the hololive group
11:08:21 <Rial> I see!
11:08:42 <Rial> I was a vtuber in the past, then, yes. I just had a bootleg model. But one day I'll be truly free and in my final form
11:24:16 -!- Mousen|Droid [~AndChat91@h106.208.18.98.dynamic.ip.windstream.net] has joined #tlponies
11:50:22 <Rawr|Fone> Horse
11:50:41 <Dot`> horses?
11:56:19 <Rawr|Fone> Horseses?
11:59:58 <reification> ĉevalularoj
12:02:08 <Rawr|Fone> Hästapållar
12:02:29 <Rawr|Fone> Mina havremoppar
12:20:30 -!- Rawr|Phone [~AndChat52@m83-191-106-61.cust.tele2.se] has joined #tlponies
13:00:44 <reification> runbunny stream is go
13:05:31 -!- DuB` [DuB@cpe-68-174-122-249.nyc.res.rr.com] has joined #tlponies
13:08:16 <Dot`> dub dub
13:10:22 <DuB`> dot dot
13:12:23 <Dot`> you also have the day off?
13:13:32 <DuB`> Hm no
13:15:31 <reification> .tell skram https://imgur.com/gallery/mDYQRY1
13:56:21 <Runbunny> oh hai
13:56:25 <Runbunny> I was delayed.
13:56:58 <Runbunny> Had a mission to do some stuff outside and it got extended.
13:59:21 <Runbunny> She is kinda like Korone.
14:45:15 <reification> there was suprise korone guest appearance :p
14:45:46 <reification> runbunny https://www.youtube.com/watch?v=E1jx8zXTHek
14:47:02 <Runbunny> :D
14:49:27 -!- Cane [~Cane@CaneCraft.users.quakenet.org] has joined #tlponies
14:49:27 -!- mode/#tlponies [+o Cane] by Q
15:06:30 <reification> runbunny https://i.redd.it/mtboyiavqzr41.jpg
15:09:44 <Runbunny> reification, https://www.youtube.com/watch?v=Vc-DOgodyDA
15:23:52 <reification> lol bun. no paper of the day today so have craven and stupid apology of the day instead https://twitter.com/deploradude/status/1248331134506860544
15:29:18 <BioSleep> gmarn
15:29:25 <reification> biop1
15:30:00 <Runbunny> lel
15:42:40 <Bio> henlo horsefriends
15:42:48 <Bio> i shall consume piza now
15:43:04 -!- skram [~skram@82.147.53.47] has joined #tlponies
15:45:49 <Rawr|Phone> Jonas
15:46:51 <skram> Henrik pal
15:47:08 <Dot`> jonas
15:47:35 <skram> Bjørn buddy
15:49:08 <Dot`> friend
15:52:43 <Dot`> hows your day?
15:53:11 <skram> Hmm, I'd give it a 7
15:53:14 <skram> hows your face
15:58:54 <Dot`> ok i guess, sleepy and would like a nice hike
15:59:08 <Dot`> and wish roll20 was so broken
16:01:35 -!- Camail [~Camail@45.40.84.145] has joined #tlponies
16:01:35 -!- mode/#tlponies [+v Camail] by Q
16:02:22 <Rawr|Phone> Good evening camail
16:02:27 <Camail> hullo
16:02:39 <skram> cam
16:02:52 <Camail> skram
16:03:20 <skram> good
16:03:38 <Dot`> cann
16:04:53 <Runbunny> oh right
16:04:55 <Runbunny> skram.
16:05:05 <skram> Ja, Anders?
16:05:40 <Runbunny> https://www.youtube.com/watch?v=XuOSjZmVYp0
16:06:26 <skram> hmm
16:06:29 <skram> hey runbun do you want a monster
16:06:36 <reification> cam https://twitter.com/AkkoCaCola/status/1248241266808295426
16:06:49 <Camail> booo
16:06:57 <Camail> but good meme
16:07:56 <Runbunny> Jonas, nei.
16:09:15 <Camail> dort
16:39:59 -!- Rawr|Fone [~AndChat52@c-94cfe455.020-164-6d6c6d4.bbcust.telenor.se] has joined #tlponies
16:45:58 <Bio> ?biostream
16:46:07 <Bio> MOAR royal
17:07:54 -!- Crisium [~Crisium@c-24-3-150-105.hsd1.pa.comcast.net] has joined #tlponies
17:18:25 <Dot`> cris hest
17:18:47 <Crisium> howdy
17:26:28 <Dot`> is it nap time?
17:31:16 <Crisium> is it?
17:35:58 -!- Crisium|2 [~Crisium@104.238.32.119] has joined #tlponies
17:37:20 <skram> depends
17:37:25 <skram> have you been a good lad Dot`
17:40:58 <Bio> beach episode incoming
17:41:01 <Bio> on strim
17:42:01 <skram> how very anime
17:42:05 <Dot`> i havnt been able to leave the house skram
17:43:02 <skram> Hm i suppose hibernating bears do no harm
17:47:17 -!- Crisium [~Crisium@c-24-3-150-105.hsd1.pa.comcast.net] has joined #tlponies
17:59:11 <Rawr|Fone> Are you not allowed outside at all dot
18:10:24 <skram> the people of england would lose it if they saw a bear just wandering around, rawr
18:10:46 <Rawr|Fone> That is probably true
18:38:54 <Camail> .tell DuB`  https://twitter.com/gogalking/status/1248668465990234113
18:53:41 <DuB`> ooo pretty
18:53:52 <DuB`> I want those pants
18:59:19 <skram> .tell bio https://www.youtube.com/watch?v=Dr1S8DfNiKw
19:24:25 <Bio> bois
19:24:29 <Bio> i think i found out why
19:24:41 <Bio> my below neighbors have been so fuckin loud lately
19:24:46 <Bio> I think they are moving out
19:39:54 -!- Rawr|Fone [~AndChat52@c-94cfe455.020-164-6d6c6d4.bbcust.telenor.se] has joined #tlponies
19:45:17 <reification> https://pbs.twimg.com/media/EVG-4mdUYAAxTJK.jpg:large
19:46:49 <reification> runbunny skram https://twitter.com/snugunim/status/1233486527264645121
20:26:49 -!- Rawr|Fone [~AndChat52@c-94cfe455.020-164-6d6c6d4.bbcust.telenor.se] has joined #tlponies
20:27:31 <skram> why is their twitter handle snugumin yet theres not a single snug megumin on their feed
20:27:33 <skram> explain reification
20:29:53 <Dot`> nap was ok
20:29:55 <Dot`> still sleepy
20:30:20 <skram> isnt a nap this late just called a sleep
20:30:35 <Bio> pls
20:30:52 <Dot`> i can nap whenver i want
20:30:58 <Bio> ree
20:31:55 <Rawr|Fone> You are an adult dot
20:33:05 <skram> eeeh
20:33:47 <Rawr|Fone> He is pretty old skram
20:35:51 <skram> this is true
20:37:14 <DuB`> Camail this is your fault
20:37:29 <Camail> what is
20:37:41 <DuB`> I was stuck on a long training webcast and you made me look at weird pants
20:37:49 <DuB`> Now I want these https://www.harempants.com/collections/mens/products/peacock-paisley-drop-crotch-mens-harem-pants-in-black
20:38:19 <Camail> ahahaha
20:38:29 <skram> what the hell are harem pants
20:38:37 <skram> or elephant pants??
20:41:38 <DuB`> Comfy?
20:41:39 <DuB`> I think
20:43:51 <Dot`> almost every part of thosepants name is wierd
20:44:27 <DuB`> So many fun words in one place
20:47:14 <skram> boi i'd rather have a rainbow elephant kimono cardigan
21:01:35 -!- Rawr|Fone [~AndChat52@c-94cfe455.020-164-6d6c6d4.bbcust.telenor.se] has joined #tlponies
21:04:29 <reification> maybe they set out to deceive you skram or maybe they lost their way and fell into vtuber hell
21:07:52 <reification> is this good enough for you https://danbooru.donmai.us/posts/3479610
21:08:22 <skram> too smug
21:09:19 <Dot`> too smug?
21:10:05 <skram> indeed
21:10:11 <reification> but their name is smugumin?
21:10:38 <skram> the url says snug tho
21:11:08 <Dot`> so less smug more snug?
21:11:28 <skram> precisely
21:13:45 <reification> https://danbooru.donmai.us/posts/3844401
21:14:13 <Crisium> megumin is pretty great
21:14:16 <skram> perfect
21:15:42 <Dot`> i should watch the movie at some point
21:16:06 <Crisium> same
21:16:12 <reification> yes you get to meet megumin family!
21:16:19 <Crisium> do a discord watch party sometime
21:16:23 <Crisium> and invite me 
21:31:58 -!- Rawr|Fone [~AndChat52@c-94cfe455.020-164-6d6c6d4.bbcust.telenor.se] has joined #tlponies
22:04:10 -!- Rawr|Fone [~AndChat52@c-94cfe455.020-164-6d6c6d4.bbcust.telenor.se] has joined #tlponies
22:11:23 -!- Rial [~Rial@p452019-ipngn200305sasajima.aichi.ocn.ne.jp] has joined #tlponies
23:46:35 <Rial> Morning, all
23:57:07 <Runbunny> Hai Rial.
