00:49:04 -!- Rial [~Rial@p452019-ipngn200305sasajima.aichi.ocn.ne.jp] has joined #tlponies
01:33:08 <Bio> all finished
01:33:14 <Bio> asdf
01:52:00 <skrma> what are we gonna do now bio
01:52:16 <Bio> idk
01:52:24 <Bio> wait for persona 6 i guess
01:52:41 <skrma> maybe you should watch the cartoon
01:53:05 <Bio> idk, i think i know what happens at this point
02:43:43 -!- Rawr|Fone [~AndChat52@c-94cfe455.020-164-6d6c6d4.bbcust.telenor.se] has joined #tlponies
03:18:31 -!- Rawr|Fone [~AndChat52@c-94cfe455.020-164-6d6c6d4.bbcust.telenor.se] has joined #tlponies
05:30:58 -!- Rawr|Fone [~AndChat52@c-94cfe455.020-164-6d6c6d4.bbcust.telenor.se] has joined #tlponies
06:20:20 -!- Rawr|Fone [~AndChat52@c-94cfe455.020-164-6d6c6d4.bbcust.telenor.se] has joined #tlponies
07:14:46 -!- Rawr|Fone [~AndChat52@c-94cfe455.020-164-6d6c6d4.bbcust.telenor.se] has joined #tlponies
07:22:48 -!- Golly [~kvirc@cm-84.213.21.103.getinternet.no] has joined #tlponies
07:53:23 -!- Dot` [webchat@cloak-puzvreye.123.7.51.dyn.plus.net] has joined #tlponies
07:54:27 -!- Rawr|Fone [~AndChat52@c-94cfe455.020-164-6d6c6d4.bbcust.telenor.se] has joined #tlponies
08:24:01 -!- Rawr|Fone [~AndChat52@c-94cfe455.020-164-6d6c6d4.bbcust.telenor.se] has joined #tlponies
08:29:10 <Dot`> .tell runbunny https://imgur.com/gallery/vz7NrOT
09:02:46 -!- reification [~thomas@cpc76294-cosh16-2-0-cust297.6-1.cable.virginm.net] has joined #tlponies
09:02:47 -!- mode/#tlponies [+v reification] by Q
09:10:06 -!- Rial_fur [~Rial@p452019-ipngn200305sasajima.aichi.ocn.ne.jp] has joined #tlponies
09:26:42 -!- Rawr|Fone [~AndChat52@c-94cfe455.020-164-6d6c6d4.bbcust.telenor.se] has joined #tlponies
09:27:49 -!- Dot`_ [webchat@cloak-puzvreye.123.7.51.dyn.plus.net] has joined #tlponies
09:51:58 -!- tredc [~tredc@c83-254-129-166.bredband.comhem.se] has joined #tlponies
09:56:26 -!- Rawr|Fone [~AndChat52@c-94cfe455.020-164-6d6c6d4.bbcust.telenor.se] has joined #tlponies
10:21:11 -!- Cane [~Cane@CaneCraft.users.quakenet.org] has joined #tlponies
10:21:11 -!- mode/#tlponies [+o Cane] by Q
10:22:50 -!- Rawr|Fone [~AndChat52@c-94cfe455.020-164-6d6c6d4.bbcust.telenor.se] has joined #tlponies
10:22:51 <Rawr|Fone> 🐴🐴🐴
10:32:57 -!- Rawr|Phone [~AndChat52@m83-187-163-35.cust.tele2.se] has joined #tlponies
10:43:45 -!- Runbunny [~Bunnykitt@91.100.28.10.generic-hostname.arrownet.dk] has joined #tlponies
10:48:15 <reification> zoom https://www.nytimes.com/2020/04/20/technology/zoom-security-dropbox-hackers.html
10:50:20 <reification> runbunny paper of the day, blood zapping edition: https://www.ncbi.nlm.nih.gov/pmc/articles/PMC6122858/
10:53:39 -!- Dot` [webchat@cloak-puzvreye.123.7.51.dyn.plus.net] has joined #tlponies
10:53:43 <Dot`> Runbun, Reif <3
10:53:56 <reification> dotties!
10:54:54 <reification> https://twitter.com/_EricHu/status/1252462919218073606
10:59:46 -!- carcinisation [~thomas@cpc76294-cosh16-2-0-cust297.6-1.cable.virginm.net] has joined #tlponies
10:59:47 -!- mode/#tlponies [+v carcinisation] by Q
11:12:10 <Runbunny> Dot.
11:20:27 <Rawr|Phone> Horse
11:22:55 <Dot`> Rawr
11:23:20 <Rawr|Phone> Dot
11:24:11 <Rawr|Phone> I got my first real salary today
11:24:21 <Rawr|Phone> What should I spend all my monies on dot
11:24:25 <carcinisation> riĉa rawr
11:25:20 <Dot`> cheese
11:25:25 <Dot`> and books
11:25:53 <Rawr|Phone> No cheese
11:25:58 <Rawr|Phone> Maybe books
11:26:01 <Dot`> right, you dont like cheese
11:26:18 <carcinisation> how silly
11:26:22 <Dot`> ?silly
11:26:42 <Dot`> rawr, save as much as you can, then you buy a house
11:26:49 <Dot`> the reason you buy a house is so you have a garden
11:26:53 <Rawr|Phone> Hmm
11:26:54 <Dot`> so you can have a dog
11:26:59 <Rawr|Phone> Good plan
11:27:01 <carcinisation> save to visit the horses?
11:27:44 <Rawr|Phone> Hmm
11:28:13 <carcinisation> surprised you are not getting another tattoo 
11:28:26 <carcinisation> or are they shut down?
11:32:40 <carcinisation> dot rial https://pbs.twimg.com/media/EWRG7IgX0AEKy4-.jpg
11:33:08 <Rawr|Phone> That is definitely happening reef reef
12:10:47 -!- reimeuk [~thomas@cpc76294-cosh16-2-0-cust297.6-1.cable.virginm.net] has joined #tlponies
12:10:47 -!- mode/#tlponies [+v reimeuk] by Q
12:25:35 -!- Dot`_ [webchat@cloak-puzvreye.123.7.51.dyn.plus.net] has joined #tlponies
12:26:55 -!- skram [~skram@82.147.53.147] has joined #tlponies
12:43:24 -!- Rawr|Fone [~AndChat52@c-94cfe455.020-164-6d6c6d4.bbcust.telenor.se] has joined #tlponies
12:51:47 <Runbunny> reimeuk, https://www.youtube.com/watch?v=orVby9nNswA
13:01:07 -!- DuB` [DuB@cpe-68-174-122-249.nyc.res.rr.com] has joined #tlponies
13:07:14 -!- Rawr|Fone [~AndChat52@c-94cfe455.020-164-6d6c6d4.bbcust.telenor.se] has joined #tlponies
13:11:00 <Bio> morn
13:11:35 <reimeuk> bio dub!
13:11:53 <Bio> halo
13:11:58 <Bio> time to werk i guess
13:12:14 <reimeuk> maybe you can pizza later?
13:13:43 <Bio> I sure hope so
13:14:49 <reimeuk> matsuri <3
13:16:13 <reimeuk> dub` https://twitter.com/groyperwife/status/1253488045397028867
13:55:32 -!- Rawr|Fone [~AndChat52@c-94cfe455.020-164-6d6c6d4.bbcust.telenor.se] has joined #tlponies
14:11:00 -!- Rawr|Fone [~AndChat52@c-94cfe455.020-164-6d6c6d4.bbcust.telenor.se] has joined #tlponies
14:17:30 <Bio> finished pearsona just in time for new xcom game
14:21:18 <Dot`_> i have a such a headache
14:21:19 <reimeuk> gj bio
14:21:29 <Dot`_> maybe i should go nap
14:21:42 <reimeuk> good plan
14:22:17 <reimeuk> skram https://twitter.com/PerryFellow/status/1253355544146034690
14:25:09 <reimeuk> bio https://pbs.twimg.com/media/EWVFuusUcAAU5io.jpg
14:25:37 <Bio> that looks like ancient degeneracy
14:29:31 <reimeuk> https://pbs.twimg.com/media/EWXv_RoWsAAQI8W.jpg:large
14:29:35 -!- Rawr|Fone [~AndChat52@c-94cfe455.020-164-6d6c6d4.bbcust.telenor.se] has joined #tlponies
14:32:43 <skram> god damn it leopold
14:35:31 -!- Rawr|Phone [~AndChat52@m83-187-177-113.cust.tele2.se] has joined #tlponies
14:49:35 -!- Rawr|Fone [~AndChat52@c-94cfe455.020-164-6d6c6d4.bbcust.telenor.se] has joined #tlponies
15:02:36 -!- Rawr|Fone [~AndChat52@c-94cfe455.020-164-6d6c6d4.bbcust.telenor.se] has joined #tlponies
15:10:04 -!- Rawr|Fone [~AndChat52@c-94cfe455.020-164-6d6c6d4.bbcust.telenor.se] has joined #tlponies
15:13:41 <reimeuk> pls clam ur fon roar
15:13:59 <Rawr|Fone> 😥
15:14:30 <Bio> asdf
15:20:27 <Bio> y'all donno how much i wanna not be working today
15:20:37 <Bio> and start my 9 day weekend
15:35:29 <skram> bRUH
15:35:33 <skram> thats like 2 weekends
15:52:18 -!- Zounds [webchat@cloak-07ouvien.14-2.cable.virginm.net] has joined #tlponies
16:02:11 -!- Rawr|Fone [~AndChat52@c-94cfe455.020-164-6d6c6d4.bbcust.telenor.se] has joined #tlponies
16:06:59 <Rawr|Fone> Hmm
16:12:17 -!- Rawr|Phone [~AndChat52@m83-187-163-177.cust.tele2.se] has joined #tlponies
16:27:29 <reimeuk> runbunny may i interest you in some super rabies https://twitter.com/Peter_Nimitz/status/1252477905377980416
16:52:57 <Dot`_> hmm, finished my book :(
16:53:11 <Dot`_> next one is only scheduled yo come out spring 2021
17:04:44 -!- skrm [webchat@pioj.eid3.887x.ip] has joined #tlponies
17:06:51 <Dot`_> skrm frnd
17:08:29 <skrm> dot pal
17:09:56 -!- Camail [~Camail@45.40.84.145] has joined #tlponies
17:09:56 -!- mode/#tlponies [+v Camail] by Q
17:13:29 <skrm> cam pls
17:13:34 <Camail> no
17:14:19 <skrm> but its friday
17:16:01 <Camail> No
17:18:13 <skrm> yes it is
17:59:01 <reimeuk> soon this can be you bio https://pbs.twimg.com/media/EV6pzEvUYAAtOHK.png:large
17:59:10 <reimeuk> runbun ^
18:00:02 <reimeuk> dot https://twitter.com/romepix/status/1250850986299731968
18:00:25 <Bio> asdf
18:00:37 <Bio> its gonna be so fucking weird
18:00:39 <reimeuk> !! https://twitter.com/PopulismUpdates/status/1252342177042100231
18:00:40 <Bio> not working
18:00:43 <Bio> for a whole week
18:00:56 <reimeuk> well you have xcom to work on :p
18:01:46 <reimeuk> zounds https://twitter.com/wessiedutoit/status/1251177683180048384
18:12:10 <Bio> too true
18:12:12 <Zounds> lol
18:23:44 <Dot`_> but reif, your allowed to go for walks now, or is this a famous pic of a specific place?
18:25:28 <Dot`_> Runbunny, hob starts early stream, hit within 2 minutes
18:25:29 <Dot`_> again
18:50:48 <reimeuk> isn't it fine to get early but sad late in run?
18:53:20 <reimeuk> it's a famous painting dot https://en.wikipedia.org/wiki/Wanderer_above_the_Sea_of_Fog
18:58:26 <Bio> ajskdlfjas
18:58:31 <Bio> soon
18:58:39 <Dot`_> he was almost done with DS2 reif
19:08:55 <Zounds> pons up to much?
19:11:19 <Bio> workin
19:11:20 <Bio> kinda
19:12:08 <Zounds> work is da poop
19:12:27 <Bio> NO MORE!
19:22:02 <DuB`> Whew
19:22:03 <DuB`> Busy morn
19:22:37 <DuB`> Finished the work... we'll see if boss comes out of that meeting with anything urgent to do. If not, WEEKEND
19:30:42 <Dot`_> i have new project coming in next week and my current project has been reduced
19:31:03 <Dot`_> so i took off work early today and read my book
19:31:14 <DuB`> Woohoo
19:35:26 <skrm> whatchu readin Dot`_ 
19:39:41 <Dot`_> its all read now skram, no new book till spring 2021
19:39:58 <Dot`_> was starsight, Brandon Sanderson book
19:43:50 <skrm> whens the next cinder spire dot
19:43:55 <skrm> its been like 5 years
19:44:28 <skrm> dresden files is dung, gimme some gosh dang talking cats
19:44:53 <Dot`_> Dresden files is pretty great jonas
19:44:57 <Dot`_> but i do want more airships
19:46:10 <skrm> i need a comfy reading chair
19:46:25 <skrm> and a tiny table just big enough for one glass of gin and tonic
19:47:51 <Bio> sounds comfy af
19:52:57 <skrm> man im so pumped for the weekend to be over
19:53:22 <skrm> gonna go to the lumberyard and get so many planks
19:53:40 <skrm> maybe ill build a shed, y'all cant stop me
19:54:02 <Bio> its tru, its illegal for us to go outside
19:55:11 <skrm> what a perfect day to do a crime
19:56:22 <Bio> as a phantom thief myself, i love crime
19:59:27 <skrm> i thought they were the good guyz
19:59:49 <Bio> they are, they just do M I N D C R I M E
20:01:16 <Dot`_> this all sounds very anime
20:01:26 <Bio> you'd think that
20:01:31 <Bio> but it would be incorrect
20:03:18 <skrm> main guy has glasses that does the things
20:03:23 <skrm> its pretty anime
20:03:55 <Bio> light catches plenty of spectalces in irl skomrr
20:04:41 <skrm> i've worn glasses daily for 20 years
20:04:44 <skrm> mine never do
20:04:45 <skrm> the thing
20:05:20 <Bio> you cant see urslef doing it, its when viewed upon sir
20:06:19 <Bio> i wanna pizza
20:06:25 <Bio> anyone wanna come over and pizza part
20:06:26 <Bio> y
20:07:02 <skrm> only if we can be 6 feet apart
20:07:36 <DuB`> Mmmm pizza
20:07:41 <DuB`> I miss my favorite pizza place T_T
20:08:13 <Bio> i've constructed my apt to be maximum 5 feet apart in all social areas
20:08:39 <Bio> #frigTheRules
20:08:46 <skrm> thats TOO CLOSE
20:08:54 <skrm> DuB` get a pizza oven and be your own pizza place
20:09:12 <DuB`> Where would I fit one o those??
20:09:21 <Camail> in your pc
20:09:22 <DuB`> I don't have a YARD like YOU
20:10:59 <Bio> you chose to live in the big city willingly dorb
20:11:05 <Bio> this price you must pay
20:11:43 <reimeuk> what you get for all the bragging about fancy food places next door :p
20:12:46 <skrm> dont you have a balcony or something
20:13:00 -!- Rawr|Fone [~AndChat52@c-94cfe455.020-164-6d6c6d4.bbcust.telenor.se] has joined #tlponies
20:14:43 <DuB`> I don't think we're allowed to build things out on the fire escape
20:16:51 <skrm> ill allow it
20:31:53 <Rawr|Fone> 🤔
20:38:00 <DuB`> Essercise time
20:38:08 <DuB`> Gotta earn some calories
20:39:45 <skrm> should i call the ambulance in advance or
20:39:56 <Bio> piza coming bois
20:40:00 <Bio> last chance to come over
20:40:27 <Dot`_> bio, when is xcom stream?
20:40:40 <Bio> when my work is done prolly
20:41:07 <DuB`> skrm, my insides only bleed when I do an hour of hard cardio with no breaks
20:41:14 <DuB`> Hard to do than in a lil apartment
20:41:43 <Rawr|Fone> Hard to do anything in a lil apartment dubbles
21:00:04 <CockRoac1|42> https://imgur.com/gallery/Q6sPGim
21:28:08 <Dot`_> rawr
21:28:17 <Dot`_> how are you finding the city life
21:28:31 <Rawr|Fone> It's okay
21:28:48 <Rawr|Fone> I am mostly in my apartment though
21:29:04 <Rawr|Fone> Working from home and most of the city is kind of shut down
21:37:01 <Rawr|Fone> Skrm
21:37:10 <skrm> ye
21:37:23 <Rawr|Fone> What should I spend my first salary on
21:37:30 <Zounds> bills
21:37:48 <skrm> legos and gin
21:37:57 <Bio> hookers n blow
21:38:30 <Rawr|Fone> Hmm
21:38:34 <Rawr|Fone> So many options
21:39:22 <skrm> get a lego and then a hooker to assemble it for you
21:39:51 <Rawr|Fone> Excellent plan
21:40:06 <skrm> the drugs are optional but recommended
21:40:55 <Rawr|Fone> You are so wise jonas
21:41:09 <Bio> it comes with his many years
21:41:22 <Rawr|Fone> Truly a money spending connoisseur
21:52:55 <DuB`> I have committed to having abs before we get out of lockdown
21:52:59 <DuB`> Have made good progress :P
21:54:49 <Bio> dub you already have abs
21:54:56 <Bio> everyone does
21:58:05 <DuB`> But can you TELL
22:01:00 <Bio> uh
22:01:01 <Bio> ye
22:02:46 <Rawr|Fone> Dub snela
22:06:07 <Bio> xcom stream?
22:06:11 <Bio> ?biostream
22:06:13 <Bio> xcom stream
22:06:36 <Dot`_> not even live
22:06:41 <Bio> lies
22:06:42 <Dot`_> time to close tab
22:11:39 <reimeuk> dot https://twitter.com/PandasAndVidya/status/1251861506272133122
22:31:08 -!- Rawr|Fone [~AndChat52@c-94cfe455.020-164-6d6c6d4.bbcust.telenor.se] has joined #tlponies
22:31:34 <reimeuk> bio https://twitter.com/FutarchyNow/status/1247947600004665345
22:32:08 <reimeuk> camail https://twitter.com/analytical_shit/status/1247900528652070913
22:33:31 <Camail> i like the tattoo
22:33:45 <Camail> the dick isn't big enough tho
22:43:39 -!- reification [~reificati@cpc76294-cosh16-2-0-cust297.6-1.cable.virginm.net] has joined #tlponies
22:48:14 <DuB`> This xkcd is brilliant and I real-loled https://xkcd.com/2296/
22:48:28 <DuB`> How is one man so clever
22:52:07 <Dot`_> haha
22:58:58 -!- Rawr|Fone [~AndChat52@c-94cfe455.020-164-6d6c6d4.bbcust.telenor.se] has joined #tlponies
23:03:06 -!- Crisium [~Crisium@c-24-3-150-105.hsd1.pa.comcast.net] has joined #tlponies
23:05:46 -!- Rawr|Fone [~AndChat52@c-94cfe455.020-164-6d6c6d4.bbcust.telenor.se] has joined #tlponies
23:22:15 <Camail> https://www.twitch.tv/criticalrole
23:23:24 <DuB`> Hah nice
23:25:46 <Camail> !twitch
23:25:52 <Camail> https://www.twitch.tv/criticalrole
23:25:56 <Camail> bleh
23:28:47 -!- skram [~skram@82.147.53.184] has joined #tlponies
23:34:03 <Camail> ah, tis twitch changing APIs
23:34:09 <Camail> siiiiigh
23:34:19 <Camail> why the gotta ruin all my shit
23:39:31 <Runbunny> Hello.
23:39:36 <Runbunny> I was out for most of the day.
23:39:55 <Runbunny> I'm exhausted, going straight to bed.
23:40:11 <Camail> good luck
23:40:57 <Runbunny> Thank you friend.
23:51:22 <DuB`> Bleh I don't like bitter cheeses
23:51:52 <DuB`> Bleu and feta OUT
23:59:01 <Camail> correct
