00:01:02 -!- Rawr|Fone [~AndChat52@c-4eb4e655.020-164-6d6c6d4.bbcust.telenor.se] has joined #tlponies
00:50:25 -!- Dot|Phone [uid393803@2001:67c:2f08:8::6:24b] has joined #tlponies
00:53:30 <Dot|Phone> There was no crit roll last week :(
01:21:07 -!- Camail [~Camail@45.40.84.145] has joined #tlponies
01:21:07 -!- mode/#tlponies [+v Camail] by Q
01:28:11 <CockRoach|42> AGDQ reached 2 million :O
02:08:45 -!- Micen [~Micen@h6.74.23.98.dynamic.ip.windstream.net] has joined #tlponies
04:03:45 * skram slaps DuB` around a bit with a large trout
04:05:52 <DuB`> skram
04:06:48 <skram> heyOOOOO
04:08:46 <DuB`> I got a hotspring monkey for my head
04:09:11 <skram> how wonderful
04:16:23 -!- Rawr|Fone [~AndChat52@c-4eb4e655.020-164-6d6c6d4.bbcust.telenor.se] has joined #tlponies
04:28:11 <Camail> skram go to sleep
04:40:42 <skram> cam i already slept like 8 hours pls
04:46:58 <Camail> skram ping me again
04:47:27 <Camail> .tell camail
04:47:30 <Camail> nvm
04:47:44 * skram slaps Camail around a bit with a large trout
04:49:24 <Camail> pls
06:02:32 -!- Rawr|Fone [~AndChat52@c-4eb4e655.020-164-6d6c6d4.bbcust.telenor.se] has joined #tlponies
06:15:42 -!- Rawr|Fone [~AndChat52@c-4eb4e655.020-164-6d6c6d4.bbcust.telenor.se] has joined #tlponies
06:28:17 -!- skrm [webchat@pioj.eid3.887x.ip] has joined #tlponies
06:38:40 <skrm> wap
06:54:38 <DuB`> wop wop
06:56:32 <Rawr|Fone> Beep beep
07:09:17 -!- Rawr|Fone [~AndChat52@c-4eb4e655.020-164-6d6c6d4.bbcust.telenor.se] has joined #tlponies
07:19:48 -!- Micen|Droid [~AndChat91@h6.74.23.98.dynamic.ip.windstream.net] has joined #tlponies
07:32:15 -!- Runbunny [~Runbunny@91.100.28.10.generic-hostname.arrownet.dk] has joined #tlponies
07:37:26 <skrm> Anders?
07:40:09 <Runbunny> Jonas.
07:40:22 <DuB`> :O
07:42:33 <Runbunny> Meh, my upstairs neighbor has been banging on and off, for the past 1½ hours.
07:43:03 -!- Rial [~Rial@p2668219-ipngn201306tokaisakaetozai.aichi.ocn.ne.jp] has joined #tlponies
07:43:15 <Runbunny> The bed hitting the wall is really loud.
07:43:41 <Runbunny> Hey Rial.
07:49:26 <Rial> hi hi
07:49:29 <Rial> GDQ just ended
07:49:37 <Rial> What's happening, angel?
07:55:48 <Runbunny> Nothing much, I just got woken up by neighbors.
08:20:21 -!- Rawr|Fone [~AndChat52@c-4eb4e655.020-164-6d6c6d4.bbcust.telenor.se] has joined #tlponies
08:28:18 -!- Westy543 [Westy543@c-24-130-12-152.hsd1.ca.comcast.net] has joined #tlponies
08:28:18 -!- mode/#tlponies [+v Westy543] by Q
08:52:11 -!- Golly [~kvirc@cm-84.213.21.103.getinternet.no] has joined #tlponies
09:10:28 -!- Rawr|Fone [~AndChat52@c-4eb4e655.020-164-6d6c6d4.bbcust.telenor.se] has joined #tlponies
09:10:33 -!- Dot|Phone [uid393803@2001:67c:2f08:8::6:24b] has joined #tlponies
09:11:30 -!- Mousen|Droid [~AndChat91@h6.74.23.98.dynamic.ip.windstream.net] has joined #tlponies
09:21:59 -!- Dot` [webchat@wk3n.ptjt.ho6x.ip] has joined #tlponies
09:23:00 -!- Micen|Droid [~AndChat91@h6.74.23.98.dynamic.ip.windstream.net] has joined #tlponies
09:24:59 -!- Rawr|Fone [~AndChat52@c-4eb4e655.020-164-6d6c6d4.bbcust.telenor.se] has joined #tlponies
09:30:15 <Dot`> skrm
09:31:04 <skrm> aye pal
09:31:48 <Runbunny> Dot.
09:32:14 <Dot`> angel
09:42:39 -!- Micen [~Micen@h6.74.23.98.dynamic.ip.windstream.net] has joined #tlponies
09:56:06 <skrm> bjørn what are you doing
10:00:28 -!- Rawr|Fone [~AndChat52@c-4eb4e655.020-164-6d6c6d4.bbcust.telenor.se] has joined #tlponies
10:02:20 <Dot`> trying to wake up skrm
10:02:22 <Dot`> you?
10:04:25 <skrm> trying to stay awake i guess
10:09:00 <CockRoach|42> hors hors
10:09:30 <Dot`> cr!
10:09:34 <Dot`> ?dndoggos
10:10:12 <CockRoach|42> <3
10:24:20 <Micen> hello
10:27:15 <Runbunny> .tell DuB` 32 minute barioth fight ":D"
10:32:29 <skrm> ":D"
10:35:58 <Rawr|Fone> Jonas friend
10:36:02 <Rawr|Fone> Are you at work
10:44:17 <Dot`> skrm, did you create the "best dwarf" tag on the dnd discord?
11:01:57 <skrm> pffft
11:17:59 -!- Mousen|Droid [~AndChat91@h6.74.23.98.dynamic.ip.windstream.net] has joined #tlponies
11:20:05 -!- Micen|Droid [~AndChat91@ip-99-203-96-214.pools.cgn.spcsdns.net] has joined #tlponies
11:22:22 -!- reification [~thomas@cpc76294-cosh16-2-0-cust297.6-1.cable.virginm.net] has joined #tlponies
11:22:22 -!- mode/#tlponies [+v reification] by Q
11:39:38 <reification> hello tlp, i have returned
11:42:27 <skrm> hello reifmannen
11:42:49 <skrm> what sort of mischief have you been up to
11:43:02 <Runbunny> All of it probably.
11:43:47 <reification> weeb stuff skram, was mikuexpo in london yesterday
11:46:56 <Rawr|Fone> Reef reef!
11:49:04 <reification> roar roar!
11:52:47 <reification> also i retrieved some late christmas presents
12:06:06 <skrm> neat
12:06:10 <skrm> how was miku things
12:07:37 <Dot`> did you get a weeb pillow reef?
12:08:12 <skrm> im 69$ certain reif sleeps with a megumin pillow
12:08:42 <reification> it was really good, massive hype levels
12:09:26 <reification> also i do not have a daki and i don't think they sell (official) miku ones?
12:10:57 <skrm> i thought they made official merch of absolutely anything in japan
12:11:23 <skrm> like official miku bog roll holders
12:11:54 <skrm> or the greatest guitar pedal ever made https://www.youtube.com/watch?v=K6B9XQ4uIyE
12:13:42 <reification> wow
12:15:40 <reification> https://www.youtube.com/watch?v=bSZTCk8XSLI
12:19:17 -!- Rawr|Phone [~AndChat52@m83-187-169-165.cust.tele2.se] has joined #tlponies
12:20:24 <skrm> perfection
12:24:59 <Rawr|Phone> Skrm 
12:25:01 <Rawr|Phone> Snela
12:25:07 <skrm> pls
12:25:08 <skrm> i am snel
12:26:03 <Rawr|Phone> The snelest
12:31:52 <Dot`> skarpning
12:34:10 <Rawr|Phone> DoT DoT DoT
12:37:28 <Dot`> Rawr Rawr Rawr
12:37:32 <Dot`> <3 <3 <3
12:37:44 <Rawr|Phone> ❤❤❤
12:38:05 <Rawr|Phone> How are you doing today my dear dot
12:38:45 <Dot`> Doing ok Mr Rawr, would like a long weekend though
12:38:49 <Dot`> how about you
12:39:17 <Rawr|Phone> Pretty gooood
12:41:43 <Dot`> hows ping pong?
12:43:19 <Rawr|Phone> It's ok, we won one match and lost one yesterday
12:45:03 <Rawr|Phone> I did well though
12:59:33 <Dot`> of course you did rawr, your great
13:02:03 <Rawr|Phone> Only because of your influence dot
13:07:25 -!- tredc [~tredc@c83-254-129-166.bredband.comhem.se] has joined #tlponies
14:14:15 -!- Rawr|Fone [~AndChat52@m83-187-181-66.cust.tele2.se] has joined #tlponies
14:19:15 -!- Cane [~Cane@CaneCraft.users.quakenet.org] has joined #tlponies
14:19:15 -!- mode/#tlponies [+o Cane] by Q
14:44:57 -!- Rawr|Phone [~AndChat52@90.129.203.49] has joined #tlponies
14:45:51 -!- carcinisation [~thomas@cpc76294-cosh16-2-0-cust297.6-1.cable.virginm.net] has joined #tlponies
14:45:51 -!- mode/#tlponies [+v carcinisation] by Q
14:52:58 <Dot`> hmmm
14:53:11 <Dot`> time to leave internet, later pons <3
14:53:12 <Rial> Time for bed =w=
14:53:15 <skrm> good luck <3
14:53:18 <skrm> and good night <3
14:53:20 <Rial> Enjoy your sunday
14:53:20 <carcinisation> bye rial, dotties <3
14:53:32 <carcinisation> i shall go walk
15:08:15 -!- Dot|Phone [uid393803@2001:67c:2f08:8::6:24b] has joined #tlponies
15:13:33 <Runbunny> skrm, go fight barioth.
15:13:39 <Runbunny> Join Dub in his sadness.
15:13:49 <skrm> no
15:17:05 <Runbunny> Do it Jonas.
15:23:27 <Rawr|Phone> Anders my dear friend
15:28:39 <skrm> Anders i am done fighting the monsters
15:28:47 <skrm> we're monster pals now
15:30:47 -!- Rawr|Fone [~AndChat52@90.129.203.49] has joined #tlponies
15:34:35 <Bio> P O N E
15:35:00 <Dot|Phone> Bio
15:35:45 <Bio> idk whether to play with plates or try and get people to toss coins at me
15:36:19 <Dot|Phone> Hey ppl to toss plates at you
15:36:22 <Dot|Phone> Get
15:39:33 <Bio> HMM
15:39:42 <Bio> can always use more plates
15:46:35 <skrm> i bet the valley o plenty has plates too
15:50:41 -!- Rawr|Fone [~AndChat52@90.129.203.49] has joined #tlponies
15:51:23 -!- reification [~thomas@cpc76294-cosh16-2-0-cust297.6-1.cable.virginm.net] has joined #tlponies
15:51:23 -!- mode/#tlponies [+v reification] by Q
15:55:28 <Dot|Phone> Skrm. What you plan to do with your week off
15:55:58 <skrm> gonna fix sisters car i guess
15:56:00 <skrm> then my own
15:56:04 <skrm> then ???
15:59:21 <Dot|Phone> Find more cars
16:09:50 <Runbunny> Henrik.
16:09:57 <Runbunny> I went for a walk in the rain.
16:10:15 <Rawr|Fone> Sounds nice
16:21:22 <Dot|Phone> Did you have an umbrella 
16:32:28 -!- carcinisation [~thomas@cpc76294-cosh16-2-0-cust297.6-1.cable.virginm.net] has joined #tlponies
16:32:28 -!- mode/#tlponies [+v carcinisation] by Q
16:36:02 -!- carcinisation [~thomas@cpc76294-cosh16-2-0-cust297.6-1.cable.virginm.net] has joined #tlponies
16:36:02 -!- mode/#tlponies [+v carcinisation] by Q
16:39:44 <Runbunny> I did not.
16:43:43 -!- DuB` [DuB@cpe-68-174-122-249.nyc.res.rr.com] has joined #tlponies
16:43:48 <DuB`> :o
16:43:52 <Dot|Phone> Dub dub
16:44:05 <Dot|Phone> You nerd
16:44:05 <DuB`> Dot dot
16:44:11 <DuB`> Hey!
16:44:23 <DuB`> True (as it is for everyone here), but uncalled for!
16:45:15 <skrm> is it possible that Dot|Phone is a friggin NERD too?
16:45:39 <DuB`> Almost certainly
16:45:44 <skrm> dang
16:45:48 <skrm> im surrounded by nerds
16:45:59 <DuB`> I heard he does the *leans in to whisper* ..."DND"
16:46:29 <skrm> egads
16:47:01 <DuB`> Are you STILL work? >:T
16:47:12 <skrm> yaya
16:47:24 <DuB`> Is your boss not aware that there's ice to borne?
16:47:27 <skrm> ill be home in like 2 and a half hours or something
16:47:30 <carcinisation> https://www.youtube.com/watch?v=wHNB8IHfHdU
16:47:39 <skrm> i told him but he gave no fricks
16:47:52 <DuB`> Frick-stingy, ach
16:49:40 <Bio> frig
16:49:59 <Bio> its cold up here bois
16:51:54 <skrm> cold is the bes
16:52:00 <skrm> put some dang pants on
16:55:07 <Rawr|Fone> You should start a fire for bio skrm
16:59:31 <DuB`> I was lifting some heavy things to make my shoulders stronger
16:59:36 <DuB`> But in doing so hurt my shoulder
16:59:43 <DuB`> And now my shoulders are worse off than before!
16:59:51 <DuB`> Silly exercise
16:59:53 <skrm> is this what a catch-22 is
17:01:07 <carcinisation> you have to be careful with exercise dub, remember poor saura and his back!
17:01:34 <DuB`> I don't remember :o
17:05:35 <Bio> he broke his back plowing the fields
17:05:42 <Bio> they turnd him into glue!
17:06:15 <Bio> also how dare u suggest i wear pants in my own gosh dang house
17:07:44 <carcinisation> poor form deadlifts iirc dub
17:08:56 <carcinisation> always do warm up, dynamic stretching and proper form
17:10:52 <Bio> all excersise is destruction
17:11:12 <carcinisation> but it triggers construction
17:11:21 <Bio> Y U S
17:38:21 <Rawr|Fone> Dub you and exercise seem like a bad combination
17:40:20 <DuB`> I'm fine haha
17:40:25 <DuB`> It'll be better by tomoro
17:40:45 <Rawr|Fone> I hope so
17:48:20 -!- Rawr|Fone [~AndChat52@c-4eb4e655.020-164-6d6c6d4.bbcust.telenor.se] has joined #tlponies
17:56:16 <Rawr|Fone> 🐴🐴🐴
18:16:21 <Dot|Phone> Horse
18:31:00 -!- Rawr|Fone [~AndChat52@c-4eb4e655.020-164-6d6c6d4.bbcust.telenor.se] has joined #tlponies
18:47:21 -!- reimeuk [~thomas@cpc76294-cosh16-2-0-cust297.6-1.cable.virginm.net] has joined #tlponies
18:47:21 -!- mode/#tlponies [+v reimeuk] by Q
19:00:44 -!- Rawr|Fone [~AndChat52@c-4eb4e655.020-164-6d6c6d4.bbcust.telenor.se] has joined #tlponies
19:12:09 <Dot|Phone> How's all
19:14:03 -!- Rawr|Fone [~AndChat52@c-4eb4e655.020-164-6d6c6d4.bbcust.telenor.se] has joined #tlponies
19:14:06 <Rawr|Fone> Hmm
19:18:34 <Dot|Phone> Yes Rawr
19:18:50 <Rawr|Fone> Indeed
19:27:06 <Bio> nei
19:39:57 -!- Rawr|Fone [~AndChat52@c-4eb4e655.020-164-6d6c6d4.bbcust.telenor.se] has joined #tlponies
19:46:26 -!- reification [~thomas@cpc76294-cosh16-2-0-cust297.6-1.cable.virginm.net] has joined #tlponies
19:46:26 -!- mode/#tlponies [+v reification] by Q
20:27:06 -!- skram [~skram@82.102.22.84] has joined #tlponies
20:27:54 <skram> awoo
20:28:54 <reification> when did you become a werewolf skram?
20:29:36 <skram> since seeing this reif https://www.youtube.com/watch?v=eGslweDOihs
20:30:39 -!- Rawr|Fone [~AndChat52@c-4eb4e655.020-164-6d6c6d4.bbcust.telenor.se] has joined #tlponies
20:32:08 <reification> momiji can have that effect 
20:33:56 <Dot|Phone> Skram! 
20:38:49 <Runbunny> Inubshiri momiji is great.
20:41:48 -!- BioPone [~androirc@mobile-166-177-57-172.mycingular.net] has joined #tlponies
20:44:40 <skram> is that one of them touhous reif
20:50:08 -!- Bio [~BioPon@97.70.165.146] has joined #tlponies
20:51:32 <Runbunny> Jonas, it is.
21:05:11 -!- Rawr|Fone [~AndChat52@c-4eb4e655.020-164-6d6c6d4.bbcust.telenor.se] has joined #tlponies
21:11:35 -!- Camail [~Camail@45.40.84.145] has joined #tlponies
21:11:35 -!- mode/#tlponies [+v Camail] by Q
21:13:32 -!- Rawr|Fone [~AndChat52@c-4eb4e655.020-164-6d6c6d4.bbcust.telenor.se] has joined #tlponies
21:18:21 -!- BioPone [~androirc@97.70.165.146] has joined #tlponies
21:35:30 <skram> Runbunny
21:36:07 <Runbunny> Jonas.
21:36:18 <Runbunny> How might I be of assistance.
21:36:51 <skram> let me use your lap as a pillow, please
21:37:31 <Runbunny> I am afraid that would be too comfortable for you, as I have been slacking with my squats.
21:38:06 <skram> but thats what we want
21:42:28 <Runbunny> But what we need is that you'd prefer rocks over my thighs.
21:46:04 <skram> nope
21:46:20 <skram> im on my way over, so wax those thighs
21:55:36 <Runbunny> O:
22:31:01 -!- Rawr|Fone [~AndChat52@c-4eb4e655.020-164-6d6c6d4.bbcust.telenor.se] has joined #tlponies
22:31:18 -!- Camail [~Camail@45.40.84.145] has joined #tlponies
22:31:18 -!- mode/#tlponies [+v Camail] by Q
22:47:31 -!- Rawr|Fone [~AndChat52@c-4eb4e655.020-164-6d6c6d4.bbcust.telenor.se] has joined #tlponies
22:57:58 -!- Rawr|Fone [~AndChat52@c-4eb4e655.020-164-6d6c6d4.bbcust.telenor.se] has joined #tlponies
23:22:55 -!- Rawr|Fone [~AndChat52@c-4eb4e655.020-164-6d6c6d4.bbcust.telenor.se] has joined #tlponies
