00:03:09 -!- BioPone [~androirc@097-070-165-146.res.spectrum.com] has joined #tlponies
00:25:36 -!- BioPone [~androirc@097-070-165-146.res.spectrum.com] has joined #tlponies
00:36:25 <BioPon> https://www.youtube.com/watch?v=JWfULMcFikI
00:36:28 <BioPon> ur welcom
00:40:50 <skram> just what i needed
00:45:01 -!- BioPone [~androirc@097-070-165-146.res.spectrum.com] has joined #tlponies
00:49:43 -!- BioPone [~androirc@097-070-165-146.res.spectrum.com] has joined #tlponies
00:58:54 -!- BioPone [~androirc@097-070-165-146.res.spectrum.com] has joined #tlponies
01:27:49 <BioPon> spleepy
01:56:46 -!- BioPhone [~androirc@097-070-165-146.res.spectrum.com] has joined #tlponies
01:56:51 <BioPhone> 4 skorm
01:56:54 <BioPhone> https://youtu.be/i4QYvXpaXlY
01:59:01 <BioPhone> https://i.redd.it/ggr854u0j3c51.jpg
05:49:18 -!- BioPhone [~androirc@097-070-165-146.res.spectrum.com] has joined #tlponies
05:54:01 -!- Golly [~kvirc@cm-84.213.21.103.getinternet.no] has joined #tlponies
06:08:04 -!- BioPhone [~androirc@097-070-165-146.res.spectrum.com] has joined #tlponies
06:29:13 -!- BioPhone [~androirc@097-070-165-146.res.spectrum.com] has joined #tlponies
06:39:20 -!- Rawr|Fone [uid440384@id-440384.highgate.irccloud.com] has joined #tlponies
06:50:51 -!- Dot|Phone [uid393803@2001:67c:2f08:5::6:24b] has joined #tlponies
07:30:13 <Dot|Phone> Rawr Rawr Rawr 
07:52:11 <Rawr|Fone> DoT DoT DoT
07:52:16 <Rawr|Fone> 💖💖💖
07:59:18 <Dot|Phone> 💖💖💖
09:16:39 -!- Cane [~Cane@CaneCraft.users.quakenet.org] has joined #tlponies
09:16:39 -!- mode/#tlponies [+o Cane] by Q
10:28:51 <Rawr|Fone> DoT
10:42:30 <Dot|Phone> Rawr 
10:49:15 -!- reification [~thomas@cpc76294-cosh16-2-0-cust297.6-1.cable.virginm.net] has joined #tlponies
10:49:15 -!- mode/#tlponies [+v reification] by Q
10:56:49 <Rawr|Fone> Reef reef!
10:56:56 <Rawr|Fone> How is work dot
10:57:49 <reification> roar roar
11:16:07 -!- BioPhone [~androirc@mobile-166-176-248-98.mycingular.net] has joined #tlponies
11:23:22 <Dot|Phone> Reef! 
11:23:31 <Dot|Phone> It's ok Rawr. No pain yet today
11:23:37 <Dot|Phone> How about you
11:56:13 <BioPhone> Gutentag
11:58:28 <Dot|Phone> Hedge
12:12:53 <Rawr|Fone> Good good dot
12:12:56 <Rawr|Fone> Little busy
12:26:00 -!- BioPhone [~androirc@mobile-166-176-248-98.mycingular.net] has joined #tlponies
13:52:48 <Dot|Phone> Pon Pon
14:20:40 <BioPhone> Neigh
14:34:32 <Dot|Phone> How's bio 
14:35:11 <BioPhone> He ok
14:35:42 <BioPhone> My eye checkup went well today, gonna get me a vision contact next week
14:36:59 -!- skram [~skram@95.169.54.114] has joined #tlponies
14:38:00 <Rawr|Fone> That's wonderful bio
14:38:05 <Rawr|Fone> Jonas dear friend
14:38:13 <skram> god morgon buddy
14:38:26 <Dot|Phone> The Jonas horse
14:38:33 <Dot|Phone> So free, look at him go 
14:55:25 <BioPhone> Skormz
14:55:48 <skram> aye lad
15:04:30 <Dot|Phone> Home time
15:12:09 <reification> skram https://www.youtube.com/watch?v=SOrgw36Vyuc
15:13:50 <skram> she's really bad at this, reif
15:14:12 <reification> squirrel is no doggo
15:22:57 <BioPhone> You wanna do a nerd activity this weekend skrm
15:25:56 <skram> always
15:26:17 <skram> i might be busy on sat, actually
15:26:18 <skram> who knows
15:27:23 <Dot|Phone> Don't plan anything for the 1st August
15:28:41 <Dot|Phone> Pls
15:28:55 <Dot|Phone> We try to start dnd again
15:38:58 -!- Dot` [webchat@cloak-gilq7zq8.123.7.51.dyn.plus.net] has joined #tlponies
15:40:52 <skram> hmmm alright
15:42:02 <Dot`> Thanks, it only just occured to me how close we are and you are free now
15:42:15 <Dot`> so ppl might try grab you for dangerous social things
15:42:32 <Dot`> close to the 1st august
15:42:53 <skram> its alright, all my friends are back to work next week anyway :p
15:43:58 <Dot`> look at this guy with multiple friends
15:44:28 <Rawr|Fone> Horses are social creatures dot
15:47:39 <reification> oops https://dotclue.org/archive/2020/07/006295/
15:50:30 -!- DuB` [DuB@cpe-68-174-122-249.nyc.res.rr.com] has joined #tlponies
15:50:52 <Dot`> dub dub
15:51:12 <DuB`> Oha
15:51:48 <Dot`> Ohana
15:52:00 <skram> dub
15:53:00 <reification> ohana means immortal all-in
15:54:26 <DuB`> hehe
16:03:41 <reification> can't play comp overwatch because pc keeps freezing D:
16:04:43 <DuB`> Uh oh :(
16:05:16 <reification> time for a new pc
16:07:46 <skram> https://www.youtube.com/watch?v=U4lz8MN6MQA
16:10:36 <Dot`> skram https://imgur.com/gallery/ygctpr1 bridge isnt wearing its high vis
16:11:46 <skram> It looks like it has tugboats pushing it?
16:11:58 <skram> captain probably has beef with port authorities
16:13:11 <DuB`> They built a bridge over the tug captain's favorite fishing spot! D:
16:14:07 -!- BioPone [~androirc@mobile-166-177-58-88.mycingular.net] has joined #tlponies
16:43:26 <BioPone> Neigh?
16:52:43 -!- Crisium [~Crisium@pool-108-32-51-247.pitbpa.fios.verizon.net] has joined #tlponies
17:06:12 <BioPone> I rly wanna pley TI4
17:07:06 <Dot`> crazy horse
17:08:30 <BioPone> I know
17:10:21 -!- tredc [~tredc@c83-254-129-166.bredband.comhem.se] has joined #tlponies
17:12:27 <Crisium> what is TI4
17:13:31 <Dot`> Twilight Imperium 4
17:13:41 <Dot`> massive board game, takes about 10 hours to play
17:23:59 <BioPone> I'd be ok to split it up too
17:38:19 -!- Micen [~Micen@198.14.229.236] has joined #tlponies
17:50:22 <BioPone> I just wanna try it ya know
17:57:33 <BioPone> Skorm
18:00:48 <BioPone> Was engjelbert the leader of that merc company or just a member of it
18:11:15 -!- BioPone [~androirc@mobile-166-177-58-88.mycingular.net] has joined #tlponies
18:32:17 -!- BioPone [~androirc@mobile-166-177-58-88.mycingular.net] has joined #tlponies
18:35:29 <skram> he was the boss bio
18:39:44 <BioPone> Da Baws
18:42:29 <Dot`> why did he give it up skram?
18:42:56 <skram> he still is i guess
18:43:02 <skram> dont think we ever thought about it too hard
18:43:23 <BioPone> It's no big deal. Just wanna come up with TJs hook
18:44:53 <Dot`> skrams merc company killed him, F
18:44:59 <Dot`> dead before he started
18:45:08 <BioPone> F
18:47:51 <skram> Hey now
18:48:08 <skram> My merc company only kills bad people
18:48:09 <skram> and elves
18:50:10 <Dot`> are you saying you believe TJ to be good ppl?
18:50:21 <skram> uhuh
18:50:34 <skram> bjongelbjart has been wrong before though
18:51:42 <Dot`> hmm, are we just the new Merc company after all your other one died
18:52:04 <skram> course not, that would mean i'd have to pay you
18:52:24 <Dot`> damn, almost had it
18:52:45 <skram> its called unpaid internship
18:53:20 <Dot`> I am ganiing a lot of experience
18:57:08 <Dot`> dub https://i.imgur.com/5wqMVu6.png
19:04:05 <DuB`> haha
19:08:12 <skram> DuB` https://www.youtube.com/watch?v=fsXhtJ9BTJA
19:14:38 <DuB`> v good
19:40:22 -!- Crisium|2 [~Crisium@104.194.220.81] has joined #tlponies
19:57:32 <Dot`> how is the dnd prep going bio?
20:02:38 -!- BioPone [~androirc@mobile-166-177-58-88.mycingular.net] has joined #tlponies
20:05:35 -!- Crisium [~Crisium@pool-108-32-51-247.pitbpa.fios.verizon.net] has joined #tlponies
20:18:28 <Dot`> skram, what doing
20:20:35 <Rawr|Fone> Skram
20:21:31 <Dot`> Rawr
20:23:17 <Rawr|Fone> Dot`!
20:27:57 -!- Golly [~kvirc@cm-84.213.21.103.getinternet.no] has joined #tlponies
20:31:17 <Rawr|Fone> How was your head today dot
20:32:09 <Dot`> its been ok rawr, its just sat on the edge of hurting
20:32:11 <Dot`> lurking
20:32:30 <Rawr|Fone> D:
20:35:53 <reification> very ominous 
20:41:26 <Rawr|Fone> Tell your boss that I said you can rest for a few days dot
20:41:59 <Dot`> i was going to see how im doing thursday and wfh that day, or just take it off
20:53:35 <reification> golly skram https://www.youtube.com/watch?v=FMXimYoWevg
20:55:27 <Golly> i cant even
20:56:32 <Golly> https://www.youtube.com/watch?v=I9rRp7qwMKI
20:57:16 <reification> lol
21:07:43 -!- BioPhone [~androirc@12.33.239.117] has joined #tlponies
21:07:51 <BioPhone> Pney?
21:08:16 <Golly> Baloney
21:32:52 <BioPhone> Home time
21:51:49 -!- Runbunny [~Bunnykitt@91.100.28.10.generic-hostname.arrownet.dk] has joined #tlponies
21:52:52 <Runbunny> A lot of stuff happened today.
21:53:43 <reification> runbun! https://www.youtube.com/watch?v=F-9hxFLCh0o
21:53:58 <Runbunny> Yeah I heard abou this.
21:55:06 <Runbunny> Did she sign with hololive US yet?
21:55:22 <Rawr|Fone> Anders
21:55:28 <Rawr|Fone> Good or bad?
21:56:00 <reification> nyanners is certainly good enough for hololive
21:58:39 <reification> you've been missing her expert driving skills https://www.twitch.tv/nyannersz
22:00:48 <Runbunny> Well Henrik. Today was mostly good things.
22:01:18 <Runbunny> I did a ton of manual labor and cut down some trees. So workout is done.
22:01:21 <Runbunny> However
22:02:46 <Runbunny> Yesterday my fathers car was stolen by a guy who escaped from the psychiatric ward with a fire extinguisher. 
22:03:29 <reification> ...
22:04:32 <Dot`> denmark sounds wild
22:04:59 <reification> lets stay safely away 
22:05:22 <Runbunny> Dude it's so crazy.
22:05:36 <reification> i assume they got it back if you know that info?
22:06:00 <Runbunny> What he actually did with the car was he drove to his parents house and burned it down.
22:06:39 <Dot`> was anyone hurt during his escapades?
22:06:51 <Runbunny> Car is mostly unscaved, but is kinda ruined by the smoke.
22:07:41 <Runbunny> I don't think so.
22:07:50 <Golly> are there newspaper articles about this?
22:07:56 <Runbunny> yeah
22:08:01 <Runbunny> Mostly in danish.
22:08:37 <Runbunny> None of them mention that he was escaped from the psychiatric ward though.
22:09:26 <Runbunny> https://www.youtube.com/watch?v=aINnO3iU9Dg
22:09:36 <Runbunny> Kinda video of the fire.
22:10:25 <Golly> Smørumvang i Smørum
22:10:30 <Golly> nice
22:12:59 <Runbunny> You know it.
22:16:03 <Rawr|Fone> What a day
22:16:11 <Runbunny> Yes.
22:16:20 <Rawr|Fone> And now it is bed time
22:16:37 <Dot`> gnight rawr
22:16:45 <Runbunny> It sure is. I am going to be completely destroyed tomorrow.
22:17:00 <Dot`> i appreciate he stole the car weilding a fire extinguisher, to go start a fire
22:17:04 <Runbunny> Since using muscles is hard and all that.
22:17:15 <Runbunny> There is some irony there.
22:37:16 <Runbunny> reification, https://www.youtube.com/watch?v=w8kL6AacpCk
22:45:22 -!- BioSC [~BioPon@097-070-165-146.res.spectrum.com] has joined #tlponies
22:46:50 <BioSC> hey
22:47:01 <BioSC> I see i still can't be Bio 
22:47:13 <Crisium> i am Bio
22:47:33 <BioSC> but nuu
23:00:41 <Runbunny> The time has come to sleep.
23:01:01 <Runbunny> If I don't get on tomorrow, it's because I can't move.
23:01:06 <Runbunny> Goodnight.
