00:02:27 <DuB`> o boi
00:02:51 <skram> a boi
00:02:56 <DuB`> Time to
00:03:01 <DuB`> Eat some pizza and watch toradora
00:03:10 <DuB`> Then hunt a PSYCHO MONKEY MONSTER
00:03:52 <skram> taiga best girl
00:03:58 <skram> d  u   b
00:04:09 <DuB`> I dunno
00:04:11 <DuB`> Kawashima
00:04:42 <skram> hm no
00:04:51 <DuB`> Such a closed mind
00:06:18 <skram> did you unlock the secret harem ending yet
00:07:42 <DuB`> No I only hunt one mon at a time 
00:08:00 <skram> oh right
00:11:53 <skram> oh boi DuB` https://www.youtube.com/watch?v=oNLDJp83YAQ
00:13:38 <DuB`> Did you know
00:13:46 <DuB`> Cellos are the #1 best instrument
00:13:49 -!- Rawr|Fone [~AndChat52@c-94cfe455.020-164-6d6c6d4.bbcust.telenor.se] has joined #tlponies
00:13:55 <skram> i completely agree
00:13:56 <DuB`> Of all the musics
00:14:07 <DuB`> :D
00:22:32 <Runbunny> skram, I was out, eating dinner with my family.
00:23:01 <skram> what did you eat ranban
00:23:02 <Runbunny> DuB`, is the psycho monkey out?
00:25:17 <DuB`> Should be, scheduled 0:00 utc
00:25:28 <Runbunny> I got bruschetta, beef tournedos wrapped in bacon, veggies and mashed potatoes. For dessert I had tiramisu 
00:25:38 <DuB`> How fance
00:25:39 <Runbunny> Very delicious.
00:25:41 <Runbunny> Yeh.
00:26:03 <skram> i kinda want some tiramisu now tbh
00:28:55 <Camail> this just in: hades is fun
00:29:06 <Camail> and artemis is adorable
00:56:40 <Runbunny> I'll probably buy it when it's released Camail.
00:56:52 -!- skrma [~skram@178.239.173.160] has joined #tlponies
00:57:00 <Camail> understandable
00:57:10 <Camail> is good game, but will be great game
01:00:09 <Runbunny> I am hoping.
01:13:47 <Cane> I'll try for that walk, I think.
01:14:12 <Runbunny> Enjoy!
01:22:20 -!- Rawr|Fone [~AndChat52@c-94cfe455.020-164-6d6c6d4.bbcust.telenor.se] has joined #tlponies
01:47:15 <Runbunny> Better sleep.
01:49:50 <Camail> good idea
01:49:57 <Camail> dub should go to sleep too
02:05:08 <Bio> yeh
05:02:26 -!- Rawr|Fone [~AndChat52@c-94cfe455.020-164-6d6c6d4.bbcust.telenor.se] has joined #tlponies
07:11:28 -!- Rawr|Fone [~AndChat52@c-94cfe455.020-164-6d6c6d4.bbcust.telenor.se] has joined #tlponies
07:43:10 -!- Dot|Phone [uid393803@2001:67c:2f08:5::6:24b] has joined #tlponies
07:43:21 <Dot|Phone> Hedge
08:51:08 -!- Rawr|Fone [~AndChat52@c-94cfe455.020-164-6d6c6d4.bbcust.telenor.se] has joined #tlponies
09:03:11 -!- Rawr|Fone [~AndChat52@c-94cfe455.020-164-6d6c6d4.bbcust.telenor.se] has joined #tlponies
09:04:13 <Rawr|Fone> 🐴🐴🐴
09:07:15 <Dot|Phone> 🦓🦓🦓
09:07:19 <Dot|Phone> Rawr Rawr Rawr 
09:07:23 <Dot|Phone> 💖💖💖
09:07:38 <Rawr|Fone> DoT DoT DoT
09:07:42 <Rawr|Fone> 💖💖💖
09:08:15 -!- Rial [~Rial@p2429120-ipngn200603tokaisakaetozai.aichi.ocn.ne.jp] has joined #tlponies
09:11:16 <Dot|Phone> Hey rial
09:12:53 <Rawr|Fone> Good morning rial
09:36:07 <Micen_> Good morning everyone
09:37:29 <Rial> hi hi
09:43:02 <Dot|Phone> Hey Micen
10:13:09 <Dot|Phone> Micen, how is Adam koebals Decent into Avernus game going? 
10:17:27 <Micen_> I haven't been keeping up to be perfectly honest. 
10:37:07 -!- tredc [~tredc@c83-254-129-166.bredband.comhem.se] has joined #tlponies
10:44:58 -!- Rawr|Fone [~AndChat52@c-94cfe455.020-164-6d6c6d4.bbcust.telenor.se] has joined #tlponies
11:17:16 -!- Golly [~kvirc@cm-84.213.21.103.getinternet.no] has joined #tlponies
11:24:41 -!- skram [~skram@213.232.87.72] has joined #tlponies
11:26:54 <skram> good morgen
11:28:43 <Dot|Phone> The Jonas friend
11:29:12 <skram> the bjørn pal
12:06:28 <Dot|Phone> How's you
12:08:20 <skram> im just waiting for the weekend now
12:27:32 <Dot|Phone> Are you bored again? 
12:31:41 -!- reification [~thomas@cpc76294-cosh16-2-0-cust297.6-1.cable.virginm.net] has joined #tlponies
12:31:41 -!- mode/#tlponies [+v reification] by Q
12:36:19 <Dot|Phone> Reif hest! 
12:41:10 <reification> dot ĉevalo
12:42:46 <skram> am not dot but i would like to have some days off
12:46:13 <Dot|Phone> Me too
12:57:01 <Bio> days off are a luxury
12:57:05 <Bio> bek to work
12:58:33 <skram> werk werk
12:59:55 -!- Rawr|Fone [~AndChat52@c-94cfe455.020-164-6d6c6d4.bbcust.telenor.se] has joined #tlponies
13:03:43 <Dot|Phone> Work horse 
13:03:57 -!- BioPone [~androirc@mobile-166-176-250-147.mycingular.net] has joined #tlponies
13:05:21 <Dot|Phone> Oh no. He's gone
13:20:22 <Dot|Phone> ?picnic
13:31:14 -!- BioPhone [~androirc@12.33.239.117] has joined #tlponies
13:34:23 <BioPhone> Bush
13:42:30 -!- carcinisation [~thomas@cpc76294-cosh16-2-0-cust297.6-1.cable.virginm.net] has joined #tlponies
13:42:30 -!- mode/#tlponies [+v carcinisation] by Q
13:56:26 <BioPhone> Horsen
13:56:36 <BioPhone> I wanna slep
13:57:10 <carcinisation> i don't think this is the right time for that bio
13:57:37 <Dot|Phone> When is it not a good time to nap? 
13:58:11 -!- Rawr|Fone [~AndChat52@c-94cfe455.020-164-6d6c6d4.bbcust.telenor.se] has joined #tlponies
13:59:11 <carcinisation> when you are likely to get fired?
14:01:09 -!- Runbunny [~Runbunny@91.100.28.10.generic-hostname.arrownet.dk] has joined #tlponies
14:05:02 <BioPhone> Nah
14:05:13 <BioPhone> I will struggle on
14:07:29 <Dot|Phone> Angel! 
14:13:11 <Rial> night night all
14:27:33 <carcinisation> the bun is here
14:32:14 <Runbunny> Hai.
14:59:53 <Dot|Phone> How are you today bun
15:08:50 -!- BioPhone [~androirc@12.33.239.117] has joined #tlponies
15:28:47 -!- Micen_ [~Micen@h6.74.23.98.dynamic.ip.windstream.net] has joined #tlponies
15:35:15 -!- BioPhone [~androirc@12.33.239.117] has joined #tlponies
15:39:25 -!- skrm [webchat@pioj.eid3.887x.ip] has joined #tlponies
15:40:58 <Dot|Phone> Skrm
15:41:06 <Dot|Phone> Work horse
15:42:00 <skrm> im a working boy
15:42:00 <skrm> pls
15:42:32 <Dot|Phone> I've seen no proof of this
15:43:09 <Runbunny> I just had a guy call my about some insurance stuff.
15:43:35 <Runbunny> However I can get my insurance way cheaper through my union thingy.
15:43:44 <Dot|Phone> Where you in a car accident and are owed loads of money? 
15:44:13 <Runbunny> No no, he wanted to sell me insurance.
15:45:02 <Dot|Phone> Insurance is just gambling with a garenteed loss
16:00:21 -!- BioPhone [~androirc@12.33.239.117] has joined #tlponies
16:04:16 -!- BioPhone [~androirc@12.33.239.117] has joined #tlponies
16:05:40 <Runbunny> But it's cheap Dot ;) ;)
16:08:47 <Runbunny> carcinisation, https://cdn.discordapp.com/attachments/573350355736199168/674897176450695168/440ad824919df37c643a49d311709f9b.jpg
16:24:55 <Dot|Phone> That looks like a trap runbun
16:56:48 -!- Camail [~Camail@45.40.84.145] has joined #tlponies
16:56:48 -!- mode/#tlponies [+v Camail] by Q
17:09:40 -!- BioPhone [~androirc@12.33.239.117] has joined #tlponies
17:09:53 <BioPhone> This degeneracy made my irc crash
17:10:01 <BioPhone> Pls stahp at once
17:10:15 -!- Dot` [webchat@cloak-9l7mhjlz.115.159.143.dyn.plus.net] has joined #tlponies
17:38:04 <skrm> astolfos main weapon is a tuba, Runbunny?
17:38:07 <skrm> how does that even work
17:45:55 <Runbunny> The tuba between the legs skrm.
17:46:44 <skrm> if your pp is shaped like a tuba theres something wrong with you
17:50:12 <Runbunny> Jonas, will you be the chosen one to buy the PP tenshi shirt?
17:52:09 <skrm> i dont know what that is, anders
17:52:26 <skrm> and im not googling it on work internets
17:53:56 -!- Zounds [webchat@cloak-07ouvien.14-2.cable.virginm.net] has joined #tlponies
17:54:01 <Zounds> hey
17:54:02 <Golly> who cares unless you need to use a personal login tho
17:54:54 <skrm> ya i have personal login
17:54:58 <skrm> heya zounds
18:01:38 <Zounds> how you guys
18:14:15 <skrm> anders is trying to make me look at porn again i think
18:21:00 <skrm> Runbunny babymetal played in oslo yesterday
18:21:07 <skrm> should have gotten tickets
18:22:58 <Runbunny> O:
18:23:00 <Runbunny> Yes.
18:34:56 <Runbunny> skrm, https://twitter.com/kuroshiro1011/status/1224686154001211393/photo/1
18:35:24 <skrm> lewd
18:35:33 <Runbunny> ok?
18:43:18 -!- Micen_ [~Micen@h6.74.23.98.dynamic.ip.windstream.net] has joined #tlponies
19:03:14 -!- BioPhone [~androirc@12.33.239.117] has joined #tlponies
19:03:21 <BioPhone> Asdfghjkl
19:25:19 <BioPhone> Almost time to nap
19:41:22 -!- Cane [~Cane@CaneCraft.users.quakenet.org] has joined #tlponies
19:41:22 -!- mode/#tlponies [+o Cane] by Q
20:21:48 <Dot|Phone> Pon
20:21:55 <Cane> y
20:23:11 <Dot|Phone> Hey Cane 🦓
20:27:07 <Runbunny> carcinisation, https://twitter.com/myuliy0210/status/1225375375598862336
20:39:10 <BioPhone> Pany
20:40:45 <Dot|Phone> Yes
20:57:56 -!- Rawr|Phone [~AndChat52@83.191.121.183] has joined #tlponies
21:03:23 <carcinisation> very cute bun
21:15:27 -!- Rawr|Fone [~AndChat52@c-94cfe455.020-164-6d6c6d4.bbcust.telenor.se] has joined #tlponies
21:21:37 <BioPhone> Home time
21:21:42 <BioPhone> Is also snow time
21:21:44 <BioPhone> Asdf
21:21:51 <BioPhone> Slow driving
21:22:03 <carcinisation> take care bio
21:25:23 -!- Rawr|Fone [~AndChat52@c-94cfe455.020-164-6d6c6d4.bbcust.telenor.se] has joined #tlponies
21:32:06 -!- BioPone [~androirc@mobile-166-176-250-201.mycingular.net] has joined #tlponies
21:55:31 -!- reification [~thomas@cpc76294-cosh16-2-0-cust297.6-1.cable.virginm.net] has joined #tlponies
21:55:31 -!- mode/#tlponies [+v reification] by Q
21:57:34 -!- Rial [~Rial@p2429120-ipngn200603tokaisakaetozai.aichi.ocn.ne.jp] has joined #tlponies
22:35:29 -!- Crisium [~Crisium@c-24-3-150-105.hsd1.pa.comcast.net] has joined #tlponies
22:39:53 <Bio> we home
22:39:56 <Bio> and fed
22:41:18 <Crisium> bio nom
22:42:01 <Bio> mon nom
22:44:21 -!- skram [~skram@82.147.53.67] has joined #tlponies
22:45:20 <Bio> the one and only skrma
22:45:37 <skram> accept no substitutes
22:45:42 <Bio> agreed
22:47:45 <Bio> argh more sno tonight
22:47:55 <Bio> tell it to stahp skm
22:48:03 <skram> but i love sno
22:49:34 <Bio> i only like it when i don't have to go anywhere
22:54:55 -!- Rawr|Fone [~AndChat52@c-94cfe455.020-164-6d6c6d4.bbcust.telenor.se] has joined #tlponies
22:55:09 <skram> winter tires pal
22:55:12 <skram> you can go anywhere
23:15:05 <Bio> i'm putting off getting them this year
23:15:15 <Bio> cuz imma need new regular tires soonish
23:15:28 <Bio> i also don't have anywhere to put my tires
23:16:15 <skram> just roll them under your bed
23:16:17 <skram> np
23:19:03 -!- Rawr|Fone [~AndChat52@c-94cfe455.020-164-6d6c6d4.bbcust.telenor.se] has joined #tlponies
