00:31:59 -!- DuB` [DuB@cpe-68-174-122-249.nyc.res.rr.com] has joined #tlponies
01:36:37 -!- Rawr|Fone [~AndChat52@c-94cfe455.020-164-6d6c6d4.bbcust.telenor.se] has joined #tlponies
02:49:30 -!- Rawr|Fone [~AndChat52@c-94cfe455.020-164-6d6c6d4.bbcust.telenor.se] has joined #tlponies
04:55:13 -!- Rawr|Fone [~AndChat52@c-94cfe455.020-164-6d6c6d4.bbcust.telenor.se] has joined #tlponies
05:56:23 -!- Rawr|Fone [~AndChat52@c-94cfe455.020-164-6d6c6d4.bbcust.telenor.se] has joined #tlponies
05:56:57 -!- Golly [~kvirc@cm-84.213.21.103.getinternet.no] has joined #tlponies
07:08:35 -!- Rawr|Fone [~AndChat52@c-94cfe455.020-164-6d6c6d4.bbcust.telenor.se] has joined #tlponies
07:13:06 -!- Dot|Phone [uid393803@2001:67c:2f08:5::6:24b] has joined #tlponies
07:20:46 -!- Dot` [webchat@lijh.6nb9.0v1j.ip] has joined #tlponies
07:21:47 <Rawr|Fone> DoT DoT DoT
07:22:47 <Dot`> Rawr Rawr Rawr
07:22:49 <Dot`> <3 <3 <3
07:22:51 <Rawr|Fone> ❤❤❤
08:39:12 -!- Rawr|Fone [~AndChat52@c-94cfe455.020-164-6d6c6d4.bbcust.telenor.se] has joined #tlponies
08:49:28 -!- Rawr|Fone [~AndChat52@c-94cfe455.020-164-6d6c6d4.bbcust.telenor.se] has joined #tlponies
08:55:33 -!- reification [~thomas@cpc76294-cosh16-2-0-cust297.6-1.cable.virginm.net] has joined #tlponies
08:55:33 -!- mode/#tlponies [+v reification] by Q
08:55:48 <reification> morning tlp
09:00:32 <Dot`> Hey reif <3
09:10:06 -!- Rawr|Fone [~AndChat52@c-94cfe455.020-164-6d6c6d4.bbcust.telenor.se] has joined #tlponies
09:10:47 <reification> dotties <3
09:10:53 <reification> roar roar
09:16:11 <Rawr|Fone> Good morning reef reef
09:36:55 -!- Runbunny [~Bunnykitt@91.100.28.10.generic-hostname.arrownet.dk] has joined #tlponies
09:43:59 <Dot`> Runbun!
09:44:01 <Runbunny> Hai
09:44:04 -!- Rawr|Fone [~AndChat52@c-94cfe455.020-164-6d6c6d4.bbcust.telenor.se] has joined #tlponies
09:44:27 <Runbunny> Apparently there was a demostration in denmark this saturday.
09:44:36 <Runbunny> I am dissappointed.
09:47:43 <Rawr|Fone> Anders
09:53:55 <Dot`> i know that feel runbun
09:54:07 <Dot`> ppl here have burnt down 5G towers >.>
09:57:53 <Runbunny> yeah :S
09:58:08 -!- CellRoach [~AndChat14@m83-185-90-133.cust.tele2.se] has joined #tlponies
10:08:09 -!- tredc [~tredc@c83-254-129-166.bredband.comhem.se] has joined #tlponies
10:28:09 -!- Rawr|Fone [~AndChat52@c-94cfe455.020-164-6d6c6d4.bbcust.telenor.se] has joined #tlponies
10:47:38 -!- Rawr|Fone [~AndChat52@c-94cfe455.020-164-6d6c6d4.bbcust.telenor.se] has joined #tlponies
11:12:25 <Dot`> i should go for a walk, but dont want to
11:18:17 <Runbunny> Have fun Dot!
11:34:21 -!- Dot|Phone [uid393803@2001:67c:2f08:5::6:24b] has joined #tlponies
11:45:51 -!- Rawr|Fone [~AndChat52@c-94cfe455.020-164-6d6c6d4.bbcust.telenor.se] has joined #tlponies
11:59:19 <Dot|Phone> It's nice weather
12:03:23 -!- Rawr|Fone [~AndChat52@c-94cfe455.020-164-6d6c6d4.bbcust.telenor.se] has joined #tlponies
12:03:55 <Rawr|Fone> Horse
12:15:52 -!- carcinisation [~thomas@cpc76294-cosh16-2-0-cust297.6-1.cable.virginm.net] has joined #tlponies
12:15:52 -!- mode/#tlponies [+v carcinisation] by Q
12:21:03 <reification> i return from walk
12:21:12 <reification> hi bun
12:24:45 <Runbunny> Hai Reif.
12:25:17 -!- Rawr|Fone [~AndChat52@c-94cfe455.020-164-6d6c6d4.bbcust.telenor.se] has joined #tlponies
12:25:18 <Rawr|Fone> The project I'm working on is going live soon
12:28:37 <Runbunny> Oh? neat.
12:30:25 <Rawr|Fone> You are neat runbun!
12:44:32 -!- Rawr|Fone [~AndChat52@c-94cfe455.020-164-6d6c6d4.bbcust.telenor.se] has joined #tlponies
12:55:33 <Dot`> i back
13:02:23 <Rawr|Fone> Dot
13:05:42 <Dot`> Rawr
13:10:43 <Bio> gmorn
13:10:47 <Bio> time 4 werk
13:11:50 <Dot`> ive got no proper work done today
13:12:33 <Dot`> been awnsering emails and calling ppl to stamp out how this stupid mobile rigs automatic control is suppose to work
13:13:11 <Dot`> becuase no one could just provide a proper control scheme at the start
13:20:59 -!- skram [~skram@37.120.149.20] has joined #tlponies
13:25:48 -!- Rawr|Fone [~AndChat52@c-94cfe455.020-164-6d6c6d4.bbcust.telenor.se] has joined #tlponies
13:37:10 -!- Rawr|Fone [~AndChat52@c-94cfe455.020-164-6d6c6d4.bbcust.telenor.se] has joined #tlponies
13:37:14 -!- DuB` [DuB@cpe-68-174-122-249.nyc.res.rr.com] has joined #tlponies
13:37:38 <Dot`> Dub Dub
13:37:40 <Dot`> and skram
13:37:59 <Dot`> friends
13:39:08 <DuB`> Hi!
13:45:35 <skram> hej frens
13:50:48 <Rawr|Fone> DuB
13:50:49 <Rawr|Fone> Jonas
13:50:53 <Rawr|Fone> Dear friends
13:51:16 <Bio> pans and frins
13:59:54 <skram> whats our plans today frins
14:00:32 <Dot`> im going to try get another frend to try board games later. he is on furlough and bored
14:00:57 <Dot`> otherwise plans today is to be sad that i have to do more documentation
14:01:48 <Dot`> what about you skrammm
14:02:33 <skram> im going to my dads house and eat their food
14:03:11 <skram> then im gonna go pick up an air compressor i got from work that is too big for me to use but i still want for some reason
14:11:41 -!- Cane [~Cane@CaneCraft.users.quakenet.org] has joined #tlponies
14:11:41 -!- mode/#tlponies [+o Cane] by Q
14:29:16 <Dot`> what you going to do with such a thing skram?
14:41:24 -!- Rawr|Fone [~AndChat52@c-94cfe455.020-164-6d6c6d4.bbcust.telenor.se] has joined #tlponies
15:06:42 -!- Rawr|Fone [~AndChat52@c-94cfe455.020-164-6d6c6d4.bbcust.telenor.se] has joined #tlponies
15:14:50 <Rawr|Fone> 🐴🐴🐴
15:15:42 <Dot`> Rawr Rawr
15:15:58 <Rawr|Fone> DoT DoT
15:16:02 <Rawr|Fone> ❤❤
15:16:46 <Dot`> <3 <3
15:41:10 -!- Rawr|Fone [~AndChat52@c-94cfe455.020-164-6d6c6d4.bbcust.telenor.se] has joined #tlponies
15:49:59 -!- BioPhone [~androirc@mobile-166-170-24-95.mycingular.net] has joined #tlponies
16:03:07 -!- BioPone [~androirc@12.33.239.117] has joined #tlponies
16:03:45 <Golly> Unofficial Club Penguin server gets axed by Disney after it’s found full of “penguin e-sex”
16:03:51 <Golly> what a headline
16:04:06 <Dot`> ...
16:04:24 <Golly> noot noot
16:20:04 -!- Rawr|Fone [~AndChat52@c-94cfe455.020-164-6d6c6d4.bbcust.telenor.se] has joined #tlponies
16:26:41 -!- Rawr|Fone [~AndChat52@c-94cfe455.020-164-6d6c6d4.bbcust.telenor.se] has joined #tlponies
16:28:41 <reification> :O
16:30:22 <Runbunny> O:
16:32:52 -!- Zounds [webchat@cloak-07ouvien.14-2.cable.virginm.net] has joined #tlponies
16:32:58 <Zounds> horse
16:36:57 -!- BioPone [~androirc@12.33.239.117] has joined #tlponies
16:38:45 <Dot`> Hey zounds
16:50:26 <BioPone> Work has summoned me to the office
16:53:44 -!- carcinisation [~thomas@cpc76294-cosh16-2-0-cust297.6-1.cable.virginm.net] has joined #tlponies
16:53:44 -!- mode/#tlponies [+v carcinisation] by Q
16:53:58 <carcinisation> ul bio
16:54:06 <carcinisation> hi zounds
17:32:33 -!- BioPone [~androirc@12.33.239.117] has joined #tlponies
17:42:57 -!- Rawr|Fone [~AndChat52@c-94cfe455.020-164-6d6c6d4.bbcust.telenor.se] has joined #tlponies
18:07:57 -!- Rawr|Fone [~AndChat52@c-94cfe455.020-164-6d6c6d4.bbcust.telenor.se] has joined #tlponies
18:09:45 -!- Rawr|Phone [~AndChat52@m83-187-177-20.cust.tele2.se] has joined #tlponies
18:10:37 -!- Dot|Phone [uid393803@2001:67c:2f08:5::6:24b] has joined #tlponies
18:40:57 <DuB`> Cane, I've stolen your terraria cavern-warehouse to build in a game with some friends. <3
18:40:59 <DuB`> Is so nice
19:40:11 <Rawr|Phone> Horse
19:50:21 <Dot|Phone> Rawr hest
19:50:34 <Rawr|Phone> Dot
19:53:01 <Rawr|Phone> How was your day dot
19:54:54 <Dot|Phone> It was OK Rawr. How about you
19:55:16 <Rawr|Phone> It went well, I'm almost done with my tasks for this project
19:55:32 <Dot|Phone> Huzzah
19:59:52 <Rawr|Phone> They want to go live this week and then we have a couple of small things to fix
20:02:07 <Dot`> ooo
20:02:09 <Dot`> excited?
20:18:06 <reification> gj roar roar
20:20:20 <Rawr|Phone> A little bit maybe but the programs we develop are only used within the company, so it's not something that anyone outside the company will ever use
20:21:02 <Runbunny> Dot`, Hob just went live.
20:21:18 <Dot`> 2 minutes till first hit?
20:21:44 <Runbunny> Have some faith please.
20:24:12 <reification> gta v free on epic store o.O
20:29:47 <Runbunny> It sure is.
20:38:54 -!- Rawr|Fone [~AndChat52@c-94cfe455.020-164-6d6c6d4.bbcust.telenor.se] has joined #tlponies
20:47:37 -!- Rawr|Fone [~AndChat52@c-94cfe455.020-164-6d6c6d4.bbcust.telenor.se] has joined #tlponies
20:58:43 <Dot`> runbun, has hob said if he plans to do the longer sikro run for good ending/ or an all boss?
21:02:58 -!- Rawr|Fone [~AndChat52@c-94cfe455.020-164-6d6c6d4.bbcust.telenor.se] has joined #tlponies
21:04:40 <Runbunny> probably after god run 2.
21:06:07 <Dot`> so some time off then
21:19:05 <Dot`> runbun https://imgur.com/gallery/ssy5LXQ
21:21:17 <Runbunny> 1 hour Dot.
21:21:33 <Runbunny> Nice cats.
21:24:22 <Dot|Phone> Aww rip hob. I went to get some water
21:24:24 <Dot|Phone> Missed it
21:25:26 -!- BioPone [~androirc@mobile-166-170-26-42.mycingular.net] has joined #tlponies
21:38:40 <reification> night all
21:43:18 -!- Rawr|Fone [~AndChat52@c-94cfe455.020-164-6d6c6d4.bbcust.telenor.se] has joined #tlponies
21:43:31 <Dot|Phone> Gnight Reif
21:43:43 <Dot|Phone> Rawr you should sleep 
21:46:03 <Rawr|Fone> Very soon dear
21:46:07 <Bio> asdf
21:46:23 <Bio> im bek from the work
21:46:27 <Bio> all wet due to the sky water
21:47:01 -!- Camail [~Camail@45.40.84.145] has joined #tlponies
21:47:01 -!- mode/#tlponies [+v Camail] by Q
21:47:11 <Rawr|Fone> Good evening camail
21:47:17 <Camail> yo
21:56:13 <Dot|Phone> Cam it's bed time
21:57:24 <Camail> it is dinner time
21:57:31 <Camail> it is bed time for you
21:57:36 <Camail> go to sleep
22:00:37 <Dot|Phone> Hmm. Ok
22:40:47 -!- Rawr|Fone [~AndChat52@c-94cfe455.020-164-6d6c6d4.bbcust.telenor.se] has joined #tlponies
22:56:02 -!- Rawr|Fone [~AndChat52@c-94cfe455.020-164-6d6c6d4.bbcust.telenor.se] has joined #tlponies
23:07:27 <skram> wew lads
23:07:28 <skram> Camail pls
23:07:45 <Camail> skram no
23:08:20 <skram> aw cmon
23:08:35 <skram> just for a minute
23:08:52 <Bio> i'll allow it, but i can only give you 45s
23:09:25 <skram> thats all i need, pal
23:09:51 -!- skrma [~skram@82.147.53.151] has joined #tlponies
23:09:59 <skrma> nice
23:10:05 <Bio> NICE
