00:23:55 -!- Rawr|Fone [~AndChat52@c-94cfe455.020-164-6d6c6d4.bbcust.telenor.se] has joined #tlponies
01:04:37 -!- Micen_ [~Micen@h106.208.18.98.dynamic.ip.windstream.net] has joined #tlponies
01:53:16 <Bio> .tell Runbunny 1:35:07.74 last run, 11 min off PB
01:56:30 -!- Crisium|2 [~Crisium@104.238.32.208] has joined #tlponies
03:10:14 -!- Micen_ [~Micen@h106.208.18.98.dynamic.ip.windstream.net] has joined #tlponies
03:11:44 -!- Rawr|Fone [~AndChat52@c-94cfe455.020-164-6d6c6d4.bbcust.telenor.se] has joined #tlponies
04:01:33 -!- skram [~skram@82.147.53.138] has joined #tlponies
05:03:21 -!- Rawr|Fone [~AndChat52@c-94cfe455.020-164-6d6c6d4.bbcust.telenor.se] has joined #tlponies
06:13:41 -!- Dot|Phone [uid393803@2001:67c:2f08:5::6:24b] has joined #tlponies
06:26:56 -!- Rawr|Fone [~AndChat52@c-94cfe455.020-164-6d6c6d4.bbcust.telenor.se] has joined #tlponies
06:55:07 -!- Golly [~kvirc@cm-84.213.21.103.getinternet.no] has joined #tlponies
07:23:36 -!- Dot` [webchat@lijh.6nb9.0v1j.ip] has joined #tlponies
07:36:35 -!- Rawr|Fone [~AndChat52@c-94cfe455.020-164-6d6c6d4.bbcust.telenor.se] has joined #tlponies
07:46:52 <Rawr|Fone> 🐴
07:50:57 <Dot`> Rawr Rawr Rawr
07:51:01 <Dot`> <3 <3 <3
07:51:09 <Rawr|Fone> DoT DoT DoT
07:51:11 <Rawr|Fone> ❤❤❤
08:15:22 <Rawr|Fone> Dot
08:15:29 <Rawr|Fone> How are you today
08:17:43 <Dot`> doing ok rawr
08:17:45 <Dot`> how about you
08:18:29 <Rawr|Fone> Pretty good, work is slow
08:20:30 <Dot`> hmm, at laest when wfh slow work isnt too bad
08:39:28 -!- Rawr|Fone [~AndChat52@c-94cfe455.020-164-6d6c6d4.bbcust.telenor.se] has joined #tlponies
08:42:53 <Rawr|Fone> Hmm
08:53:54 -!- Runbunny [~Bunnykitt@91.100.28.10.generic-hostname.arrownet.dk] has joined #tlponies
08:54:11 <Dot`> Bun!
08:55:44 <Runbunny> Hai.
09:04:57 <Rawr|Fone> Anders
09:05:12 <Runbunny> Henrik.
09:05:26 <Rawr|Fone> Good morning friend
09:06:52 <Runbunny> Good morning to you as well friend.
09:39:39 -!- Rawr|Fone [~AndChat52@c-94cfe455.020-164-6d6c6d4.bbcust.telenor.se] has joined #tlponies
10:00:32 -!- Micen_ [~Micen@h106.208.18.98.dynamic.ip.windstream.net] has joined #tlponies
10:09:02 -!- Rawr|Fone [~AndChat52@c-94cfe455.020-164-6d6c6d4.bbcust.telenor.se] has joined #tlponies
10:11:17 -!- tredc [~tredc@83.254.129.166] has joined #tlponies
10:19:08 -!- reification [~thomas@cpc76294-cosh16-2-0-cust297.6-1.cable.virginm.net] has joined #tlponies
10:19:08 -!- mode/#tlponies [+v reification] by Q
10:21:39 <Dot`> Hedge reef
10:22:16 <reification> arbetoj dotties
11:17:44 -!- Micen_ [~Micen@h106.208.18.98.dynamic.ip.windstream.net] has joined #tlponies
11:28:45 <Dot`> pon pon
11:30:23 <Runbunny> Dot`, apparently there is a secret swedish song that makes cows horny.
11:31:34 <Dot`> ?silly
11:44:24 -!- Micen [~Micen@h106.208.18.98.dynamic.ip.windstream.net] has joined #tlponies
12:27:43 -!- Rawr|Fone [~AndChat52@m83-187-176-100.cust.tele2.se] has joined #tlponies
12:47:53 -!- Rawr|Fone [~AndChat52@c-94cfe455.020-164-6d6c6d4.bbcust.telenor.se] has joined #tlponies
12:54:31 -!- Rawr|Fone [~AndChat52@c-94cfe455.020-164-6d6c6d4.bbcust.telenor.se] has joined #tlponies
13:08:25 -!- Rawr|Phone [~AndChat52@m83-187-176-100.cust.tele2.se] has joined #tlponies
13:10:25 <Bio> gmarn
13:11:20 <Dot`> morn
13:19:35 -!- Rawr|Fone [~AndChat52@c-94cfe455.020-164-6d6c6d4.bbcust.telenor.se] has joined #tlponies
13:24:29 <Dot`> Did you beat your record last night bio?
13:26:37 <Bio> nein
13:26:44 <Bio> but i did get within 11 m
13:26:46 <Bio> min
13:27:14 <Dot`> nice
13:28:20 <Runbunny> I am proud of you Bio.
13:28:27 <Runbunny> .tell Camail https://twitter.com/EVO/status/1260778864323596288
13:28:58 <Bio> I attribute it to the dank new phoenix wright sprite
13:31:02 <Dot`> Did you *DESK SLAM* afrer the run?
13:41:34 -!- Zounds [webchat@cloak-07ouvien.14-2.cable.virginm.net] has joined #tlponies
13:41:54 <Zounds> Hidely ho neighbourinos
13:46:24 <reification> i bak from the seaside. hello zounds
13:46:34 <reification> it was a good run bio
13:47:26 <Bio> it was scurry
13:47:34 <Bio> green mail no silvers
13:48:06 <Zounds> I want to go to the seaside but I must werk
13:50:59 <Zounds> Also the nearest beach is like 40mins by car away, not exactly a huge distance but prohibitive D:
13:59:18 -!- DuB` [DuB@cpe-68-174-122-249.nyc.res.rr.com] has joined #tlponies
14:05:23 <Dot`> Zounds, Dub
14:05:24 <Dot`> hi
14:13:42 <DuB`> G'morn
14:26:59 <Dot`> a dub but no skram
14:27:02 <Dot`> hmm
14:35:58 -!- Rawr|Fone [~AndChat52@c-94cfe455.020-164-6d6c6d4.bbcust.telenor.se] has joined #tlponies
15:03:31 -!- skram [~skram@82.147.53.30] has joined #tlponies
15:03:48 -!- Rawr|Fone [~AndChat52@c-94cfe455.020-164-6d6c6d4.bbcust.telenor.se] has joined #tlponies
15:06:18 <Dot`> There he is
15:06:23 <Dot`> Jonas comrade
15:09:42 <skram> privet, dot
15:30:26 <Bio> suka
15:30:49 <Bio> beeg storm today
15:31:02 <Bio> many water from ski
15:31:12 <skram> da
15:57:30 -!- Rawr|Fone [~AndChat52@c-94cfe455.020-164-6d6c6d4.bbcust.telenor.se] has joined #tlponies
16:22:22 <Runbunny> reification, https://youtu.be/Kmmo5rgb64c?t=146
16:22:41 <Runbunny> This sequence, also the whole video.
16:27:05 <skram> is that yagoo
16:30:06 <skram> oh no Runbunny
16:30:10 <skram> she's a pervert
16:34:39 <Runbunny> That is Yagoo and his idol dream.
16:40:39 <skram> it is going well
17:06:43 <Runbunny> Just as he envisioned it, probably.
17:18:50 <Dot`> runbyn, how was your day
17:34:46 -!- Zounds [webchat@cloak-07ouvien.14-2.cable.virginm.net] has joined #tlponies
17:38:21 -!- Crisium [~Crisium@c-24-3-150-105.hsd1.pa.comcast.net] has joined #tlponies
17:41:17 <Zounds> hey
17:42:17 -!- skram [~skram@82.147.53.30] has joined #tlponies
17:48:44 <Crisium> yo
17:51:52 <skram> cris lad
17:53:59 <Dot`> Crisium!
17:57:23 <Crisium> skram https://www.reddit.com/r/MapPorn/comments/7muu16/eight_ways_to_divide_norway_oc_987_x_1024/?sort=top
17:57:27 <Crisium> i dont know what most of these means
17:57:29 <Crisium> maybe you will
17:59:58 -!- Rawr|Fone [~AndChat52@c-94cfe455.020-164-6d6c6d4.bbcust.telenor.se] has joined #tlponies
18:01:43 <skram> this makes perfect sense to me
18:02:22 <reification> hmm what's the deal with the none of the above liquor store zone? bootlegging?
18:02:32 <Crisium> https://www.reddit.com/r/MapPorn/comments/9ti932/fantasystyle_map_of_norways_unification_oc/?sort=top
18:02:40 <skram> moonshining, reifen
18:02:51 -!- Dot|Phone [uid393803@2001:67c:2f08:5::6:24b] has joined #tlponies
18:04:02 <skram> i live in ringisakr, crisimum
18:04:29 <Dot|Phone> No you live on Norway
18:05:03 <Crisium> major battle
18:05:54 <Crisium> https://www.reddit.com/r/MapPorn/comments/6yhqe5/every_river_and_stream_in_norway_5424_x_6680/
18:09:06 <skram> this just looks like hair
18:09:44 <Dot|Phone> Is Norway the hair of scandanavia
18:09:57 <skram> das rude
18:10:17 <Dot|Phone> You said it
18:10:25 <Bio> asdf
18:17:25 <skram> fuck it
18:17:35 <skram> im gonna go to bed at 8:30 because im a grown ass boy
18:21:43 <Crisium> mapporn is great tho
18:21:47 <Crisium> https://i.redd.it/y71xh9fu8jy41.jpg
18:21:55 <Crisium> this is old Portugal propaganda
18:22:05 <Crisium> "Portugal is Not A Small Country" by showing its colonies lol
18:22:10 <Crisium> suuure guys
18:23:53 <reification> poor yagoo runbunny
18:29:23 <reification> good news: more rushia english to come probably https://www.youtube.com/watch?v=tUEGrHex6Fk
18:51:27 -!- Rawr|Phone [~AndChat52@m83-185-240-115.cust.tele2.se] has joined #tlponies
18:53:52 <Dot|Phone> Crisium. Everyone knows Angola is a densely populated 1st world country that is flourishing
18:54:32 <Crisium> and then some
19:35:27 -!- Camail [~Camail@45.40.84.145] has joined #tlponies
19:35:27 -!- mode/#tlponies [+v Camail] by Q
19:42:00 <Dot`> cam
19:42:29 <Camail> Dotthew
19:45:04 <Runbunny> Camaileth.
20:18:37 <Camail> Runbunny  yea i saw that, was pretty funny
20:18:57 <Camail> all of a sudden they are doing the games with good netcode
20:19:06 <Camail> JP devs are losing so much money
20:19:21 <Camail> serves them right, their higher ups are fucking brain dead
20:19:29 <Runbunny> Hopefully then they will commit to proper netcode.
20:19:44 <Camail> literally, all i can do is hope
20:19:47 <Camail> like...fuck
20:21:14 <Runbunny> It's mind boggling that fan made fixes exists and the actual devs have no clue.
20:35:08 <DuB`> What's this?
20:48:56 <Runbunny> DuB`, https://twitter.com/EVO/status/1260778864323596288?s=19
20:51:06 <Dot`> horse game
20:54:02 <Runbunny> It made it EVO.
21:00:06 <Dot`> guess i have to watch now
21:01:49 -!- Rawr|Fone [~AndChat52@c-94cfe455.020-164-6d6c6d4.bbcust.telenor.se] has joined #tlponies
21:15:47 -!- Rawr|Fone [~AndChat52@c-94cfe455.020-164-6d6c6d4.bbcust.telenor.se] has joined #tlponies
21:42:59 <Crisium> curious how professional horse fighter plays
21:57:51 <Zounds> same
21:58:32 <Zounds> Shares some DNA with skull girls I think, thought I might be way off on that
22:00:00 <Camail> it was build int he same engine
22:00:18 <Camail> it shares a lot of design philosophy, but actual execution is quite different
22:00:44 <Camail> instead of infinite protection and undizzy being burt mecahnics, they prefer to increase gravity like in mvc 2
22:00:53 <Camail> very combo and mix up heavy
22:07:57 <Bio> BEK
22:07:59 <Bio> work off
22:11:49 -!- skram [~skram@82.147.53.30] has joined #tlponies
22:19:09 <Dot`> skram
22:19:12 <Dot`> how was sleep
22:56:20 -!- Golly [~kvirc@cm-84.213.21.103.getinternet.no] has joined #tlponies
23:31:47 -!- Rawr|Fone [~AndChat52@c-94cfe455.020-164-6d6c6d4.bbcust.telenor.se] has joined #tlponies
