00:00:49 <skrm> what
00:01:55 -!- DuB` [DuB@cpe-68-174-122-249.nyc.res.rr.com] has joined #tlponies
00:09:37 <Camail> pls!
00:19:28 -!- BioPone [~androirc@097-070-165-146.res.spectrum.com] has joined #tlponies
00:20:19 <DuB`> Always 7pm work
00:24:10 <skrm> just go home DuB` 
00:30:00 <DuB`> Am home!
00:30:16 <DuB`> That's the problem with "home office", home becomes office and you're always in it
00:31:12 <skrm> Just say you have a hot date at the roller disco and log out of teams
00:31:54 <DuB`> Why am I going on dates and going to roller discos in the midst of a pandemic!
00:34:40 <skrm> I read an article in a national newspaper about a guy who had a one night stand and got the coronas
00:34:48 <skrm> he said it was worth it
00:35:21 <skrm> so maybe roller discoing with some fly honeys is worth it despite the plague
01:04:38 -!- BioPone [~androirc@097-070-165-146.res.spectrum.com] has joined #tlponies
01:12:56 -!- Camail [~Camail@45.40.84.145] has joined #tlponies
01:12:56 -!- mode/#tlponies [+v Camail] by Q
01:13:00 -!- DvB` [DuB@cpe-68-174-122-249.nyc.res.rr.com] has joined #tlponies
01:13:02 -!- Raelcun [~Raelcun@pool-96-255-140-13.washdc.fios.verizon.net] has joined #tlponies
01:23:29 -!- BioPone [~androirc@097-070-165-146.res.spectrum.com] has joined #tlponies
01:33:52 -!- GGMethos [~methos@li1447-9.members.linode.com] has joined #tlponies
03:05:00 <skrm> DvB`
03:14:28 <DvB`> skrm
03:14:49 <skrm> are you hunting monsters again
03:14:56 <DvB`> Not atm
03:15:26 <DvB`> I was watching 110k shrimps watch the shark sing
03:18:04 <skrm> ya i had to do a work so i missed all of it :(
03:20:06 <DvB`> NOW I monhun :P
03:20:20 <DvB`> Brother and friend finally got back into it and have progressing, funtimes
03:28:38 <skrm> whats DuBro up to these days
03:38:25 <DvB`> Just school really
03:38:31 <DvB`> School 'n WoW
03:57:45 <skrm> those two things are mutually exclusive for a lot of folks i know
07:12:17 -!- skram [~skram@109.203.22.118] has joined #tlponies
07:26:37 <Rawr|Fone> Skram
07:28:11 <skram> god morgon henriken
07:50:46 <Rawr|Fone> How was it at work today jonas?
07:51:27 <skram> not bad, good to be home though
07:51:30 <skram> what you up to henriken
07:52:02 <Rawr|Fone> Morning meetings
07:53:52 <Rawr|Fone> The project I am working on is going live soon jonas
07:54:30 <skram> ooh
07:54:33 <skram> very exciting
07:55:01 <skram> werent you working on a payment system of some sort?
07:59:22 <Rawr|Fone> I did during my internship
08:00:31 <Rawr|Fone> This is for managing internal access levels for other applications
08:01:56 <skram> sounds difficult
08:09:01 <Rawr|Fone> It's pretty much so people can easily say, hey I need to access these pages and I can't do that with my current role
08:09:20 <Rawr|Fone> And then that persons boss can say ok or no
08:09:35 <Rawr|Fone> If they are approved they can access the page
08:41:38 -!- Dot|Phone [uid393803@id-393803.brockwell.irccloud.com] has joined #tlponies
08:41:47 <Rawr|Fone> DoT DoT DoT
08:41:51 <Rawr|Fone> 💖💖💖
08:46:09 <Dot|Phone> Rawr Rawr Rawr 
08:46:12 <Dot|Phone> 💖💖💖
08:47:06 <Rawr|Fone> You missed skram by a few minutes again dot D:
08:55:09 <Dot|Phone> Aww
08:55:30 <Dot|Phone> He needs to stop working shifts
09:03:54 <Rawr|Fone> Yes
09:49:09 -!- Golly [~Username@cm-84.213.21.103.getinternet.no] has joined #tlponies
11:21:24 -!- tredc [~tredc@c83-254-129-166.bredband.comhem.se] has joined #tlponies
11:29:20 -!- Cane [~Cane@CaneCraft.users.quakenet.org] has joined #tlponies
11:29:20 -!- mode/#tlponies [+o Cane] by Q
11:30:37 <Cane> 'Allo. <3
11:43:30 <Dot|Phone> Hey Cane <3
12:14:57 -!- reification [~thomas@cpc76296-cosh16-2-0-cust215.6-1.cable.virginm.net] has joined #tlponies
12:14:57 -!- mode/#tlponies [+v reification] by Q
12:16:33 <Dot|Phone> Reef
12:17:20 <reification> dotties
12:55:37 -!- BioPhone [~androirc@097-070-165-146.res.spectrum.com] has joined #tlponies
13:03:00 <reification> .tell DuB` https://japantoday.com/category/national/japanese-town-deploys-'monster-wolf'-robots-to-deter-wild-bears
13:13:26 -!- BioPone [~androirc@mobile-166-177-58-136.mycingular.net] has joined #tlponies
14:01:53 <Dot|Phone> Got all the way home. 40 minutes walk uphill to find I had left my keys at the office
14:04:15 <Cane> So, I'm all back into roguelikes right now.
14:04:36 <Cane> I downloaded Cataclysm: Dark Days Ahead because I'd never played it before. Here's hoping it's awesome.
14:07:22 <Dot|Phone> It looks really cool.i think I last looked at it about a year ago. There is a lot to it
14:07:31 <Cane> Yeah, it's a big game.
14:07:51 <Dot|Phone> The dorf Fort of stalkers 
14:08:17 <Cane> Hah, that's a pretty good description.
14:21:47 <Cane> The tutorial's a mess.
14:25:27 -!- Dot` [webchat@cloak-jygyb6tz.57.143.150.dyn.plus.net] has joined #tlponies
14:26:02 <Dot|Phone> A tutorial? Luxury
14:28:54 -!- BioPone [~androirc@mobile-166-177-58-136.mycingular.net] has joined #tlponies
14:32:08 <Cane> The game has a dedicated suicide button. It's that kind of atmosphere.
14:32:23 <Dot`> haha
14:32:59 <Dot`> now is it becuase you expect to want to just end it or its so buggy its the final solution to fix it
15:04:36 -!- BioPone [~androirc@mobile-166-177-58-136.mycingular.net] has joined #tlponies
15:05:41 <BioPone> Asdf
15:10:32 <Dot`> Bayo
16:03:38 -!- Rawr|Fone [uid440384@id-440384.highgate.irccloud.com] has joined #tlponies
16:41:02 -!- BioPone [~androirc@mobile-166-177-58-135.mycingular.net] has joined #tlponies
16:47:05 -!- Runbunny [~Bunnykitt@91.100.28.10.generic-hostname.arrownet.dk] has joined #tlponies
16:47:12 <Runbunny> Hai
16:47:41 <Dot`> The greatest of buns
16:47:44 <Dot`> how was your day
16:59:46 -!- BioPone [~androirc@12.33.239.117] has joined #tlponies
17:07:17 <BioPone> Poen
17:12:35 <Runbunny> Well, it was all right, but then I spent like 3 hours trying to find stuff.
17:13:22 <Runbunny> But I got a bunch of ideas for optimizations.
17:13:32 <Runbunny> So hopefully that will be rolled out next week.
17:39:29 -!- Camail [~Camail@45.40.84.145] has joined #tlponies
17:39:30 -!- mode/#tlponies [+v Camail] by Q
17:42:25 <reification> hello bun cam
17:42:54 <Camail> yo
17:44:59 <Dot`> yo
18:16:47 -!- DuB` [DuB@cpe-68-174-122-249.nyc.res.rr.com] has joined #tlponies
18:20:46 <Dot`> Dub Dub
18:21:02 <DuB`> Dot Dot
18:26:50 -!- BioPone [~androirc@12.33.239.117] has joined #tlponies
18:37:23 <reification> dob dut
19:00:15 <Dot`> what you up to reif
19:10:30 -!- Golly [~Username@cm-84.213.21.103.getinternet.no] has joined #tlponies
19:20:07 <reification> winning a very silly game of overwatch where the enemy doomfist got to take more naps than skram
19:21:01 <reification> now i shall be educated
19:28:54 <reification> how about you dotties?
19:30:10 <Dot`> just had some pasta, thinking about what i will do next
20:15:14 <Camail> man, godfall is the prettiest game but looks so boring to play
20:15:45 <Camail> it is the epitome of AAA
20:25:44 -!- skram [~skram@109.203.22.118] has joined #tlponies
20:29:15 <skram> hmmm
20:34:56 <Camail> the final nail in the coffin is the drab, ultra-minimalist menu design
20:35:43 <skram> Who's coffin?
20:35:48 <Camail> godfall
20:36:08 <Camail> i've been watching a few streams, and its a beautiful husk of a game
21:02:24 <Camail> DuB` https://twitter.com/PonkichiM/status/1327248490938859521
21:50:00 -!- BioPhone [~androirc@12.33.239.117] has joined #tlponies
22:09:03 <Dot`> dub
22:16:14 -!- BioPhone [~androirc@12.33.239.117] has joined #tlponies
22:16:53 <DuB`> dot
22:17:14 <DuB`> Next week thurs and friday off, and then the same for the next week too!
22:17:38 <DuB`> Celebrating... former Cyberpunk release date next week, then thanksgiving the next :P
22:18:47 <Dot`> haha, ouch
22:18:52 <Dot`> but, days off!
22:23:20 -!- BioPone [~androirc@mobile-166-177-58-144.mycingular.net] has joined #tlponies
22:35:49 <Runbunny> whelp, I need to go sleep.
22:35:51 <Runbunny> Goodnight.
22:36:21 <DuB`> G'night!
22:36:58 <Dot`> gnight bun
22:46:06 <Dot`> hobs on a good run and runbun isnt here D:
22:46:23 <DuB`> I'll not open the stream to help preserve the run
22:49:25 <reification> what is he run now?
22:49:58 <Dot`> sekiro normal ending
22:50:34 <Dot`> nevermind
22:50:49 <reification> F
22:50:54 <Dot`> F
22:52:48 <DuB`> Haha
22:59:01 -!- BioSC [~BioPon@097-070-165-146.res.spectrum.com] has joined #tlponies
23:07:23 <BioSC> hej
23:07:26 <BioSC> i hom
23:09:44 <reification> #o/
23:13:53 <Dot`> cane how goes the game
23:22:16 <skram> Rawr|Fone what does mickad mean
23:23:02 <Rawr|Fone> In what context
23:23:12 <skram> https://www.youtube.com/watch?v=TXafziRZAfI
23:23:43 <skram> i watched one hockey thing and now my youtubes is filled with swedish hockey things
23:23:54 <BioSC> I see nothing wrong with this
23:23:55 <Rawr|Fone> That just means they have a microphone
23:24:05 <skram> oh lol
23:24:11 <skram> that makes sense
23:24:37 <Rawr|Fone> Mikrofon - mick - mickad
23:27:04 <Dot`> skram
23:27:14 <skram> yas
23:29:33 -!- BioHorse [~BioPon@097-070-165-146.res.spectrum.com] has joined #tlponies
23:31:22 <BioHorse> neigh
