00:47:32 -!- DuB` [DuB@cpe-68-174-122-249.nyc.res.rr.com] has joined #tlponies
01:11:33 <Bio> L O O P
02:13:27 -!- Rawr|Fone [~AndChat52@c-94cfe455.020-164-6d6c6d4.bbcust.telenor.se] has joined #tlponies
03:50:36 -!- Micen [~Micen@h6.74.23.98.dynamic.ip.windstream.net] has joined #tlponies
04:33:59 -!- Rawr|Fone [~AndChat52@c-94cfe455.020-164-6d6c6d4.bbcust.telenor.se] has joined #tlponies
05:51:11 -!- Rawr|Fone [~AndChat52@c-94cfe455.020-164-6d6c6d4.bbcust.telenor.se] has joined #tlponies
06:04:18 -!- Rawr|Fone [~AndChat52@c-94cfe455.020-164-6d6c6d4.bbcust.telenor.se] has joined #tlponies
06:17:08 -!- Rawr|Fone [~AndChat52@c-94cfe455.020-164-6d6c6d4.bbcust.telenor.se] has joined #tlponies
06:25:24 -!- Rawr|Fone [~AndChat52@c-94cfe455.020-164-6d6c6d4.bbcust.telenor.se] has joined #tlponies
06:32:58 -!- Rawr|Phone [~AndChat52@m77-218-224-242.cust.tele2.se] has joined #tlponies
06:39:50 -!- Golly [~kvirc@cm-84.213.21.103.getinternet.no] has joined #tlponies
08:00:55 -!- Runbunny [~Runbunny@91.100.28.10.generic-hostname.arrownet.dk] has joined #tlponies
08:05:41 -!- Dot|Phone [uid393803@2001:67c:2f08:5::6:24b] has joined #tlponies
08:05:52 <Dot|Phone> Morning
08:07:57 <Rawr|Phone> DoT DoT DoT
08:08:17 <Dot|Phone> Rawr Rawr Rawr 
08:08:21 <Dot|Phone> 💖💖💖
08:14:01 <Runbunny> Hai.
08:19:38 <Rawr|Phone> 💖💖💖
08:21:30 <Dot|Phone> Runbun! 
08:22:24 -!- Rawr|Fone [~AndChat52@c-94cfe455.020-164-6d6c6d4.bbcust.telenor.se] has joined #tlponies
08:22:37 <Dot|Phone> Are you doing your best at trying today? 
08:23:47 <Runbunny> I guess.
08:23:50 <Runbunny> Maybe in a bit.
08:37:17 <Rawr|Fone> I believe in you runbun
09:04:08 <Dot|Phone> You can do it bun
09:17:34 -!- Rial [~Rial@p2429120-ipngn200603tokaisakaetozai.aichi.ocn.ne.jp] has joined #tlponies
09:20:15 <Rawr|Fone> Good morning rial
09:28:14 <Dot|Phone> Hey rial
10:05:57 -!- Rawr|Fone [~AndChat52@c-94cfe455.020-164-6d6c6d4.bbcust.telenor.se] has joined #tlponies
10:12:42 -!- Rawr|Fone [~AndChat52@c-94cfe455.020-164-6d6c6d4.bbcust.telenor.se] has joined #tlponies
10:23:43 -!- Rawr|Fone [~AndChat52@c-94cfe455.020-164-6d6c6d4.bbcust.telenor.se] has joined #tlponies
10:24:45 -!- Rawr|Phone [~AndChat52@m83-187-186-73.cust.tele2.se] has joined #tlponies
10:44:56 <Rial> Hi there! How goes?
10:47:24 -!- tredc [~tredc@c83-254-129-166.bredband.comhem.se] has joined #tlponies
10:53:35 <Rawr|Phone> It is time to gym
11:05:00 <Dot|Phone> Gl
11:20:31 -!- reification [~thomas@cpc76294-cosh16-2-0-cust297.6-1.cable.virginm.net] has joined #tlponies
11:20:31 -!- mode/#tlponies [+v reification] by Q
11:28:17 <Rawr|Phone> Reef reef
11:31:57 <Dot|Phone> Hey Reif
11:40:03 <reification> roar roar
11:40:06 <reification> dotties
12:52:38 -!- Rawr|Fone [~AndChat52@m83-187-186-73.cust.tele2.se] has joined #tlponies
13:08:49 -!- Rawr|Phone [~AndChat52@c-94cfe455.020-164-6d6c6d4.bbcust.telenor.se] has joined #tlponies
13:12:37 -!- BioPone [~androirc@mobile-166-170-21-71.mycingular.net] has joined #tlponies
13:14:04 <reification> time for legendary video game music https://www.youtube.com/watch?v=CC_Y4zOUdcI
13:21:12 -!- Rawr|Fone [~AndChat52@c-94cfe455.020-164-6d6c6d4.bbcust.telenor.se] has joined #tlponies
13:30:11 -!- Rawr|Fone [~AndChat52@c-94cfe455.020-164-6d6c6d4.bbcust.telenor.se] has joined #tlponies
13:44:10 <Rawr|Fone> 🐴🐴🐴
14:02:06 <Dot|Phone> 🦓🦓🦓
14:03:12 <Dot|Phone> Rawr https://www.reddit.com/r/photoshopbattles/comments/f2p9gi/psbattle_this_happy_corgy_walking_on_a_train_track
14:16:11 <Rawr|Fone> Waow dot
14:20:46 <Dot|Phone> It's a neato dog
14:21:11 <Rawr|Fone> You are pretty neato too dot
14:22:09 -!- skram [~skram@95.174.67.83] has joined #tlponies
14:23:16 <Dot|Phone> As is this horse here
14:24:14 <skram> are you talking about yourself again
14:24:34 <Dot|Phone> Neigh. Tis you
14:24:48 <skram> incorrect
14:29:05 <Rawr|Fone> Hmm
14:29:07 <Rawr|Fone> Jonas
14:29:37 <skram> hei
14:34:35 <Rawr|Fone> Hej
14:54:26 <reification> runbunny paper of the day shared by someone with the right surname https://twitter.com/DegenRolf/status/1227474178305077248
14:58:09 <reification> .tell dub` https://pbs.twimg.com/media/EQadVy9WoAADHNF.jpg
14:59:04 <Dot|Phone> Cozy
14:59:39 <reification> dot https://twitter.com/scienceshitpost/status/1226923376221904898
15:03:56 <Dot|Phone> Haha
15:38:03 -!- carcinisation [~thomas@cpc76294-cosh16-2-0-cust297.6-1.cable.virginm.net] has joined #tlponies
15:38:03 -!- mode/#tlponies [+v carcinisation] by Q
15:40:30 -!- Rawr|Fone [~AndChat52@c-94cfe455.020-164-6d6c6d4.bbcust.telenor.se] has joined #tlponies
15:52:33 -!- Rawr|Fone [~AndChat52@c-94cfe455.020-164-6d6c6d4.bbcust.telenor.se] has joined #tlponies
15:54:01 -!- reification [~thomas@cpc76294-cosh16-2-0-cust297.6-1.cable.virginm.net] has joined #tlponies
15:54:01 -!- mode/#tlponies [+v reification] by Q
16:17:34 -!- Camail [~Camail@45.40.84.145] has joined #tlponies
16:17:34 -!- mode/#tlponies [+v Camail] by Q
16:20:11 <Rawr|Fone> Good evening cam
16:20:19 <Camail> hihi
16:31:10 <Dot|Phone> cAm
16:31:19 <Camail> nope
16:31:21 <Camail> just missed him
16:34:52 <Dot|Phone> Guess I'll say hi again to runbun instead
16:51:05 -!- Dot` [webchat@cloak-3uhw4kw0.161.189.80.dyn.plus.net] has joined #tlponies
17:06:40 -!- Rawr|Fone [~AndChat52@c-94cfe455.020-164-6d6c6d4.bbcust.telenor.se] has joined #tlponies
17:23:56 <reification> yo dawg https://www.pcjs.org/disks/pcx86/windows/3.10/
17:34:47 <reification> dot skram https://pbs.twimg.com/media/EQi9XpHXkAQCTjR.jpg
17:36:26 -!- Rawr|Fone [~AndChat52@m83-185-87-111.cust.tele2.se] has joined #tlponies
17:44:35 <Rawr|Fone> 🐴🐴🐴
18:15:59 <skram> reification why did i spend several minutes playing solitaire in a windows 3.11 emulator
18:17:24 <Camail> i did some minesweeper
18:18:02 <Camail> boy is old minesweeper unfair
18:19:31 <skram> minesweeper was always unfair cam
18:19:47 <Camail> its better now, its not compeltely random
18:19:58 <Camail> with some version allowing for perfect deduction
18:20:48 <Camail> clicking in the middle and getting a single cleared space
18:29:04 -!- BioPhone [~androirc@12.33.239.117] has joined #tlponies
18:52:19 <BioPhone> My first half of bonus check hast arrived
18:52:39 <BioPhone> Woop!
18:52:51 <BioPhone> Time to pay off loans!
18:52:59 <BioPhone> 🙃
18:56:06 <skram> fiscal responsibility woo
19:00:49 <reification> skram to see the bouncing cards ending of course
19:02:39 -!- carcinisation [~thomas@cpc76294-cosh16-2-0-cust297.6-1.cable.virginm.net] has joined #tlponies
19:02:39 -!- mode/#tlponies [+v carcinisation] by Q
19:22:46 <BioPhone> Half to loans, half for me
20:08:52 <BioPhone> I can buy a thing!
20:09:05 <BioPhone> I also get normal monies friday
20:09:11 <BioPhone> Woop!
20:14:01 <Dot`> get cheese
20:17:58 <BioPhone> I can get me a whole wheel!
20:18:19 <skram> good for when you take critical damage
20:24:19 -!- reification [~thomas@cpc76294-cosh16-2-0-cust297.6-1.cable.virginm.net] has joined #tlponies
20:24:19 -!- mode/#tlponies [+v reification] by Q
20:58:46 -!- Rawr|Phone [~AndChat52@83.191.126.36] has joined #tlponies
21:09:34 -!- Crisium [~Crisium@c-24-3-150-105.hsd1.pa.comcast.net] has joined #tlponies
21:10:38 <Rawr|Phone> Crisioom
21:11:11 <Crisium> howdy
21:15:46 <Dot`> cris horse
21:16:05 <BioPhone> Pan
21:16:23 <Dot`> skram, runbun, reif https://i.imgur.com/ugylqCy.jpg
21:17:05 <skram> zombo cat
21:19:35 <Crisium> zombo cat
21:22:50 <Dot`> Runbunny, i need to know how the trying went today
21:23:01 <Dot`> and for you to know im proud of your efforts
21:23:03 <BioPhone> I would like day to be done
21:23:10 <BioPhone> Can it?
21:23:53 <skram> very soon it is time for all the lil bois an grils to do a spleep, bio
21:32:33 <BioPhone> No
21:32:39 <BioPhone> Cant plspleep
21:32:53 <BioPhone> I ain't home yet to frolic with the horsens
21:56:12 -!- BioPone [~androirc@mobile-166-170-21-140.mycingular.net] has joined #tlponies
21:59:38 -!- Rawr|Fone [~AndChat52@c-94cfe455.020-164-6d6c6d4.bbcust.telenor.se] has joined #tlponies
22:10:22 <Runbunny> Dot`, I played video games for like most of the day.
22:10:38 <Runbunny> I did try hard in my video games, if that matters.
22:13:48 <Dot`> what games?
22:16:40 <Runbunny> World of warcraft.
22:20:49 -!- Rial [~Rial@p2429120-ipngn200603tokaisakaetozai.aichi.ocn.ne.jp] has joined #tlponies
22:21:22 <Dot`> was it fun?
22:23:38 <Runbunny> Yeah, was all right.
22:24:47 <Dot`> great
22:29:20 <Bio> hows the wow these days
22:29:26 <Bio> i miss playing with my guild
22:38:01 -!- skram [~skram@95.174.67.83] has joined #tlponies
22:43:49 <Runbunny> It's like wow always is
22:43:53 <Runbunny> Everyone is mad.
22:44:13 <Runbunny> This expansion bad, previous expansion good.
22:44:29 <Bio> yeah but remember expansion - 2?
22:44:35 <Bio> those were the times
22:44:39 <Runbunny> and next expansion it's the exact same thing.
22:45:11 <Runbunny> The exception to this rule is Cataclysm, no one like that one.
22:48:34 <Bio> truf
22:48:41 <Bio> didn't play much for that one i think
23:00:20 -!- Rawr|Fone [~AndChat52@c-94cfe455.020-164-6d6c6d4.bbcust.telenor.se] has joined #tlponies
23:05:24 -!- BioPone [~androirc@mobile-166-170-21-140.mycingular.net] has joined #tlponies
23:18:48 -!- BioPone [~androirc@mobile-166-170-21-140.mycingular.net] has joined #tlponies
23:21:24 <Runbunny> I think I watch two episodes of JoJo and then bed.
23:21:32 <Runbunny> There's stuff to be done tomorrow.
23:28:38 <Crisium> runbunny is watching jojo!
23:28:40 <Crisium> nice
23:28:46 <Crisium> what part are you on
23:38:29 <reification> did sakuya give you good advice runbunny?
23:41:16 -!- DuB` [DuB@cpe-68-174-122-249.nyc.res.rr.com] has joined #tlponies
23:43:26 <reification> dawb
23:43:39 <DuB`> rawf?
23:44:43 <DuB`> O boi, .tells
23:44:52 <DuB`> Yurucamp one too, lucky day
23:45:08 <DuB`> I just started the Hestia anime last night
23:47:00 <Camail> dub ur a dumb
23:47:30 <DuB`> oh :(
23:47:38 <Camail> haha, i win
23:48:00 <Camail> i am under an influence, tooooo early in the night
23:48:14 <Camail> so i cant play poe because i dont want to die
23:48:20 <DuB`> Which influence?
23:48:23 <Camail> so i take my bordom out on you
23:48:27 <Camail> the liquid kind
23:48:48 <Camail> and good mon hunning lately?
23:48:54 <Camail> any*
23:49:03 <DuB`> So much of it
23:49:05 <Camail> is skram good at the game yet
23:49:17 <DuB`> Got beat up by angry monkey a bit
23:49:23 <DuB`> skram hasn't played in a whiiiile
23:49:31 <Camail> because you dont force him to play
23:49:37 <Camail> be like me, really be an dick about it
23:49:42 <Runbunny> Crisium, part 5.
23:49:50 <Camail> skram: HEY PLAY GAMES WITH DUB YOU FUCK
23:50:16 <DuB`> Speaking of other people who won't hunt mons...
23:50:21 <Camail> look
23:50:32 <Camail> if i hunted mons it would just be a lie
23:50:36 <Camail> and i dont want to lie to you
23:50:58 <DuB`> I'm not sure I understand, but I appreciate the sentiment :P
23:51:01 <Camail> it took be 3 weeks to well up enough interest to try hades, it takes time
23:51:10 <Camail> i'm weird
23:51:28 <DuB`> Haha
23:51:45 <Camail> i'm hyped as fuck that you like monhun so much, tho
23:51:50 <Camail> its a very good game
23:52:02 <Runbunny> Yes.
23:52:25 <Runbunny> I got caught in playing wow with friends, so I haven't been playing as much as I wanted to either.
23:52:36 <Camail> well dub will be waiting for you
23:52:37 <Camail> watching
23:52:40 <DuB`> Only a handful of games I've had 550+ hour from for sure
23:52:40 <Camail> foaming at the mouth
23:53:00 <DuB`> And a smaller handful where that time was in <5 months...
23:53:08 <Camail> yea maybe its unhealthy
23:53:10 <Camail> but oh well
23:53:23 <Camail> at least you arent shitting out your own ass
23:53:29 <Camail> which is what happened when you tried to be healthy
23:53:33 <Camail> so this is better
23:54:07 <DuB`> I tend to just describe it as my insides bleeding but sure
23:54:27 <Camail> you were, for a brief moment, a water balloon of blood
23:55:48 <Camail> but yea, i might play it one day, maybe if it gets a story update? i can appreciate it from afar, at least
23:56:06 <Camail> i still havent finished blood and wine from witcher 3
23:56:35 <DuB`> Same, never was able to decide if I wanted to restart from the beginning or not after being away from it for like 2 years
23:56:49 <DuB`> And then it was too late because monhun!
23:56:57 <Camail> hahaha
23:57:00 <Camail> problem solved for you
23:57:31 <Camail> monhun is so good, such an immersive game for how little lore there actually is
23:57:57 <Camail> pure mechanical immersion 
23:58:00 <DuB`> Story what story
23:58:04 <Camail> lul
23:58:10 <Camail> i enjoy handler!
23:58:28 <DuB`> Definitely haven't enjoyed the core, basic gameplay mechanics of a game quite like this. Everything is satisfying
23:58:39 <Camail> the longsword counterrrrrr
23:58:44 <Camail> the switch axeeeeeee
23:58:52 <Camail> every weapons has at least one big pop
23:58:59 <DuB`> LS got ANOTHER i-frame weebslash, too
23:59:02 <Camail> the insect glaive is kinda lame thooooo
23:59:22 <Runbunny> LS is even more weeb now than before.
23:59:29 <Camail> do i get big eyes
23:59:38 <Camail> and incestuous leanings
23:59:42 <Camail> cuz thats anime
