00:05:42 <Runbunny> Sleep time.
00:05:44 <Runbunny> Goodnight.
00:08:23 <DuB`> Seeya run
00:08:24 <skram> godnat anders
02:29:23 -!- skram [~skram@95.169.54.114] has joined #tlponies
02:52:08 -!- Cane [~Cane@CaneCraft.users.quakenet.org] has joined #tlponies
02:52:08 -!- mode/#tlponies [+o Cane] by Q
06:14:51 -!- BioPone [~androirc@mobile-107-92-122-222.mycingular.net] has joined #tlponies
06:25:11 -!- Rawr|Fone [uid440384@id-440384.highgate.irccloud.com] has joined #tlponies
07:32:28 -!- Dot|Phone [uid393803@2001:67c:2f08:5::6:24b] has joined #tlponies
07:35:39 -!- BioPone [~androirc@mobile-107-92-122-222.mycingular.net] has joined #tlponies
07:50:35 -!- BioPone [~androirc@mobile-107-92-122-222.mycingular.net] has joined #tlponies
08:06:34 -!- BioPone [~androirc@mobile-107-92-122-222.mycingular.net] has joined #tlponies
08:42:03 -!- BioPone [~androirc@mobile-107-92-122-222.mycingular.net] has joined #tlponies
08:50:07 -!- BioPone [~androirc@mobile-107-92-122-222.mycingular.net] has joined #tlponies
08:55:25 -!- Bio [~BioPon@097-070-165-146.res.spectrum.com] has joined #tlponies
08:57:22 -!- Golly [~kvirc@cm-84.213.21.103.getinternet.no] has joined #tlponies
08:58:30 -!- BioPone [~androirc@097-070-165-146.res.spectrum.com] has joined #tlponies
09:05:13 <Dot|Phone> Rawr Rawr Rawr 
09:20:34 <Rawr|Fone> DoT DoT DoT
09:20:41 <Rawr|Fone> 💖💖💖
09:25:21 -!- reification [~thomas@cpc76294-cosh16-2-0-cust297.6-1.cable.virginm.net] has joined #tlponies
09:25:22 -!- mode/#tlponies [+v reification] by Q
09:33:42 <Rawr|Fone> Reef reef
09:43:59 -!- Runbunny [~Bunnykitt@91.100.28.10.generic-hostname.arrownet.dk] has joined #tlponies
09:44:31 <Runbunny> Hai.
10:22:08 <reification> roar roar, bun
10:45:35 <Dot|Phone> Rawr 💖💖💖
10:45:45 <Dot|Phone> Hey Reif, runbun
10:46:00 <reification> dotties
10:49:55 <Dot|Phone> Not a fan of this whole being in an office thing
10:56:11 <reification> oh dear
11:31:06 <Runbunny> You can do it Dot.
11:31:09 <Runbunny> I believe.
11:55:17 <reification> https://twitter.com/RealMindofJson/status/1282796817743306754
11:56:52 <reification> https://twitter.com/LuckiestPeopIe/status/1282730450717249536
12:06:04 <Runbunny> https://twitter.com/Artia_Hololive/status/1283721749859688448
12:06:12 <Runbunny> for reification mostly.
12:11:09 <reification> that is too late bun :(
12:13:10 <Runbunny> O:
12:40:20 <reification> micen https://twitter.com/yanniversace/status/1283587902333546496
13:07:35 -!- skram [~skram@213.232.87.94] has joined #tlponies
13:09:13 <Dot|Phone> Jonas friend
13:09:27 <skram> Bjørn pal
13:19:14 -!- DuB` [DuB@cpe-68-174-122-249.nyc.res.rr.com] has joined #tlponies
13:19:47 <skram> DuB`
13:23:48 <Dot|Phone> Dub dub
13:28:52 <skram> do you think he broke his keyboard so he cant respond or does he just hate us, dot?
13:33:49 <Bio> ded prolly
13:35:46 <Dot|Phone> Probably hate
13:35:58 <skram> no doubt
13:37:39 <Bio> guhmanin
13:37:42 <Rawr|Fone> You never know with this dubpon skrm
13:38:00 <skram> true day
13:38:02 <skram> bio, the boi
13:49:39 <Bio> mornen folks
13:52:30 <Dot|Phone> Bio
13:52:40 <Bio> coffee soon
13:52:55 <Bio> and my contact fell out this morning
13:52:58 <Bio> so theres that
13:53:14 <Bio> no more sticky eye
14:02:32 <reification> beyeo
14:02:49 <skram> does your laser vision work yet bio
14:03:38 <Bio> i think i just started a fire with it, so i'd say yes
14:03:50 <skram> awsomeeeee
14:07:05 <Rawr|Fone> You could get hired where skram works
14:15:46 <Dot|Phone> Home time
14:16:20 <Bio> its rainy now
14:16:24 <Bio> less fire
14:53:53 -!- Dot` [webchat@cloak-gilq7zq8.123.7.51.dyn.plus.net] has joined #tlponies
14:56:26 <Dot`> hmm, Neeb vs Innovation
14:58:37 <Rawr|Fone> DoT DoT
14:58:45 <Rawr|Fone> Did you not work from home today
14:59:00 <Dot`> no, i had to go into the office
14:59:04 <Dot`> and need to go in tomorow
14:59:24 <Rawr|Fone> D:
15:25:06 <Dot`> how was your day rawr
15:25:32 <Rawr|Fone> Finished work early
15:25:56 <Rawr|Fone> Not very eventful
15:26:04 <Rawr|Fone> Going to the gym soon
15:26:23 <Dot`> gl! dont let ppl near you
15:28:37 <Dot`> Dub
15:48:25 <Dot`> skram, dubs ignoring again
16:18:09 <Bio> what a lad
16:27:55 <reification> i have obtained fresh strawberries and raspberries directly from the field
16:28:11 <reification> soon i shall attempt to fashion them into icecream
16:31:06 <Dot`> gl
16:31:49 <Micen_> ooh raspberries. 
16:32:49 <Micen_> I planted a raspberry plant eariler and its starting to finally starting to have fruit. 
16:32:59 <Micen_>  also hello
16:39:33 <Dot`> hi
16:40:42 <CockRoach|42> henlo hores
16:40:45 <CockRoach|42> horses even
16:41:53 <DuB`> Phew busy
16:41:55 <DuB`> Hallos
16:48:14 <reification> good choice, we used to grow raspberries
16:48:24 <Dot`> hey cr
16:48:38 -!- Dot|Phone [uid393803@id-393803.brockwell.irccloud.com] has joined #tlponies
16:48:38 <Dot`> dub you finaly got work?
16:48:44 <DuB`> A lil
16:51:29 <Bio> i can give you some work dub
17:19:46 -!- Crisium [~Crisium@pool-108-32-51-247.pitbpa.fios.verizon.net] has joined #tlponies
17:27:50 <reification> crispon
17:28:03 <Crisium> reef
17:29:26 <skram> be careful with your raspberi micen, they grow like weeds if you let em
17:35:20 <Dot|Phone> Crisium! 
17:35:56 <Crisium> mr dot
17:46:41 -!- skrma [~skram@95.169.54.114] has joined #tlponies
17:47:14 <skrma> reification my favorite fishing mango got animated but apperently its on hiatus :(
17:49:19 <reification> fishing mango?
17:49:43 <reification> i don't even read one, let alone have a favourite :O
17:50:00 <skrma> https://myanimelist.net/anime/39730/Houkago_Teibou_Nisshi
17:50:23 <Dot|Phone> Is it an isekia fishing manga? 
17:50:41 <Crisium> another world where you fish mangos instead of fish
17:50:50 <skrma> nono we're done with isekais now
17:51:46 <skrma> except the bear one and the pantsu shrine NEET one
17:52:14 <reification> i see you chose one that starts with unwanted tentacle on schoolgirl action skram :p
17:52:16 <Dot|Phone> Skram done with isekia??? 
17:52:24 <reification> maybe he finish them all
17:52:51 <skrma> I've read at least 3/4 of all isekais on MD
17:53:17 <reification> :O
17:53:57 <DuB`> Guess you're not done yet then
17:54:59 <skrma> Once you've seen enough you've seen all of them tbh
17:56:01 <reification> maybe it's time to make you own original one!
17:56:27 <skrma> Nah
17:56:37 <skrma> But I should make one with ALL the tropes
19:19:58 <Bio> poen
19:20:16 <Runbunny> Bio.
19:20:21 <Crisium> Iob
19:21:36 <Dot`> oi
19:21:56 <skrma> muisirc
19:23:12 <Bio> how do sirs
19:23:33 <Dot`> sleepy
19:23:37 <Bio> bruh same
19:24:36 <Runbunny> Me too.
19:24:48 <skrma> wanted to do a dota
19:24:49 <Runbunny> It's not good really.
19:24:53 <skrma> my update will finish in a mere 22 hours
19:26:44 <Dot`> skrma, no work again? im very confused all the time by your schedue
19:27:08 <skrma> its not that difficult
19:27:20 <skrma> its early early evening day off night night night
19:28:07 <Dot`> for 1 of your 6 weeks cycle
19:28:47 <skrma> correct
19:29:06 <reification> skram https://twitter.com/beegkee/status/1275585917428789248
19:30:49 <reification> bio uh oh https://pbs.twimg.com/media/Ec_GfHPWkAQ21Wi?format=png&name=small
19:31:02 <skrma> BONG
19:32:13 <Bio> my dudes...
19:32:23 <skrma> bio its thursday
19:32:35 <Runbunny> Sure.
19:32:40 <Bio> whats it like in the future skorm
19:32:57 <skrma> bio you're also in thursday
19:34:01 <Bio> not mentally
19:34:12 <Bio> its always wednesday  my dudes
19:35:27 -!- Golly [~kvirc@cm-84.213.21.103.getinternet.no] has joined #tlponies
19:41:00 <reification> dot rawr https://twitter.com/Miatadoge/status/1283414780888387584
19:41:49 <reification> runbunny https://twitter.com/AnimegirlENG/status/1283804281909448705 vs https://twitter.com/HoloLiveMoments/status/1283307068661747712
19:42:53 <Runbunny> That Matsuri clip is so good.
19:50:45 <Crisium> funny
19:53:16 <Rawr|Fone> This is a good dog reef reef
20:07:52 <Bio> what do
20:08:08 <Dot`> be the best horse you can be bio
20:17:04 <Bio> i will try
20:21:13 <Rawr|Fone> You are doing a good job bio
20:23:45 <Bio> thank sir
20:33:16 <Bio> https://www.youtube.com/watch?v=27VtkpwPBnM
20:37:45 <Bio> time to make some friggin D I N N E R
21:24:10 <Rawr|Fone> What did you make bio
21:24:52 <Bio> som mac n cheese w/ snausages that i was supposed to make yesterday
21:26:25 <Rawr|Fone> Good job my friend
21:26:36 <Bio> was pretty tasty not gonna lie
21:26:41 <Bio> and i have leftovers of it tomorrow
21:31:36 <Rawr|Fone> Send some by mail
21:41:25 <Bio> but then i will have no lunch tomorrow!
21:46:53 <Golly> https://www.youtube.com/watch?v=Iol3Xydcn4I
21:49:45 <reification> high effort meme
21:50:08 <Bio> good mem
21:50:32 <Golly> quite
22:03:19 <DuB`> 0xxx
22:06:53 <DuB`> :O oops
22:08:59 <Dot`> daaab
22:09:27 <Bio> DAB
22:09:34 <DuB`> ??
22:20:15 <Rawr|Fone> Hey dub
22:20:28 <Rawr|Fone> Do you ever get tired of being such a cute little pony
22:35:07 <DuB`> So tired
22:37:49 <Bio> do a cheeky slep
23:50:52 <Runbunny> Sleep.
