07:05:33 -!- Rawr|Fone [uid440384@id-440384.highgate.irccloud.com] has joined #tlponies
07:29:35 -!- Golly [~Username@cm-84.213.21.103.getinternet.no] has joined #tlponies
08:24:30 -!- Dot|Phone [uid393803@id-393803.brockwell.irccloud.com] has joined #tlponies
08:27:22 -!- Runbunny [~Bunnykitt@91.100.28.10.generic-hostname.arrownet.dk] has joined #tlponies
08:27:46 <Rawr|Fone> Horses
08:28:16 <Runbunny> Henrik.
08:28:31 <Runbunny> .tell reification https://twitter.com/OutofVTubers/status/1334887181874130946
08:28:36 <Rawr|Fone> Anders.
08:28:42 <Rawr|Fone> God morgon
08:32:20 <Dot|Phone> Runbun, Rawr
08:32:49 <Rawr|Fone> DoT DoT DoT
08:34:42 <Runbunny> Bjørn. Hai.
08:34:52 <Runbunny> We're 9/12.
08:34:55 <Runbunny> Hope is there.
08:38:06 <Dot|Phone> Rawr Rawr Rawr 
08:38:09 <Dot|Phone> 💖💖💖
08:38:25 <Rawr|Fone> 💖💖💖
08:38:32 <Dot|Phone> Runbun. He is to busy taking days off and paying warzone
08:39:46 -!- Dot` [webchat@cloak-jygyb6tz.57.143.150.dyn.plus.net] has joined #tlponies
08:40:10 <Runbunny> Well he was playing warzone because he got the run no?
08:42:07 <Dot`> oh, sorry just woke up i thought you asked "where is"
10:01:33 -!- skram [~skram@109.203.22.118] has joined #tlponies
10:19:43 <Dot`> Jonas friend
10:22:22 <skram> Bjørn old pal
10:44:40 <Rawr|Fone> Jonas
10:44:56 <skram> Henriken
13:24:10 -!- Dot|Phone [uid393803@id-393803.brockwell.irccloud.com] has joined #tlponies
13:59:08 <Dot|Phone> Skram. What doing
14:16:17 <Rawr|Fone> Dot
14:16:45 <Dot|Phone> Rawr 
14:16:49 <Dot|Phone> 💖
14:17:42 <Rawr|Fone> 💖
14:17:50 <Dot|Phone> How's you
14:17:58 <Rawr|Fone> I played more hades today
14:18:09 <Dot|Phone> More winning? 
14:18:28 <Rawr|Fone> I have beaten him with all the weapons now
14:18:39 <Dot|Phone> Wow 
14:18:49 <Dot|Phone> How many runs you done? 
14:19:38 <Rawr|Fone> About 25 I think
14:19:43 <Rawr|Fone> A little less than 30
14:19:50 <Dot|Phone> That's not very many
14:20:17 <Dot|Phone> Gj horse 
14:21:35 <Rawr|Fone> I think you just have to learn the boss fights
14:21:49 <Rawr|Fone> Hades is very easy to see what he is going to do
14:23:21 <Dot|Phone> Hmm. Second phase just gets me. 
14:25:34 <Rawr|Fone> Getting more dashes from the mirror and then getting hermes to give you more dashes makes it pretty easy to dodge his attacks
14:25:49 <Rawr|Fone> And if you have the shield, you can block those lasers he does
14:26:05 <Rawr|Fone> The shield was really easy when I figured oit how to use it
14:26:09 <Rawr|Fone> Out
14:26:56 <Rawr|Fone> With the fist weapon, I just stacked a bunch of those boons that damage enemies around you when you take damage
14:27:04 <Rawr|Fone> And hades pretty much killed himself
14:35:43 <Dot|Phone> Lol. Nice
14:42:55 -!- Dot` [webchat@5dx3.pthb.nklt.ip] has joined #tlponies
14:47:05 -!- Cane [~Cane@CaneCraft.users.quakenet.org] has joined #tlponies
14:47:05 -!- mode/#tlponies [+o Cane] by Q
14:49:25 <Dot`> hey cane <3
14:50:13 <Cane> Hiya. <3
14:50:55 -!- tredc [~tredc@c83-254-129-166.bredband.comhem.se] has joined #tlponies
15:20:22 <BioSC> gmnin
15:32:30 <Dot`> G
15:38:46 -!- DuB` [DuB@cpe-68-174-122-249.nyc.res.rr.com] has joined #tlponies
15:51:19 <skram> pals
15:51:57 <Dot`> Jonas
15:51:58 <Dot`> Dub
15:52:06 <skram> Bjørn
15:52:07 <skram> Jake
15:52:19 <DuB`> Ohao
15:52:27 <DuB`> My strudel was missing most of its icing >:T
15:53:11 <DuB`> Or is it a turnover
15:53:15 <DuB`> Some sort of pastry
15:53:28 <skram> There's like 20 people working at the plant I work at, 10 of them are put in quaratine and 1 has tested positive so far
15:54:06 <skram> Guess there wont be no christmas break for ol skrammen
15:54:23 <DuB`> Oh no
15:54:35 <DuB`> Chrismis work deserves quadruple pay 
15:54:55 <skram> I get 60% extra >_>
15:55:41 <skram> I've worked every chrimmas except 1 since i started there
15:56:41 <Rawr|Fone> Work horse
16:02:26 -!- reification [~reificati@cosh-18-b2-v4wan-161487-cust30.vm10.cable.virginm.net] has joined #tlponies
16:11:42 <Dot`> reef!
16:12:03 <reification> dawt!
16:19:06 <DuB`> Played slay the spire a bit
16:19:19 <DuB`> Did some endless mode and got a 42k damage poison stack on a boss
16:19:21 <DuB`> heheh
16:24:05 <reification> exponential poisoning
16:24:18 <BioSC> neigh
17:24:51 <Dot|Phone> Nej
17:25:31 <Rawr|Fone> Jo
17:25:55 <Dot|Phone> Rawr you need to be calm
17:26:15 <Rawr|Fone> I'll try
17:26:35 <Dot|Phone> Ty
17:29:21 <Rawr|Fone> Why are you phone today dot
17:31:41 <Dot|Phone> Come down to bakewell
18:36:46 -!- Camail [~Camail@45.40.84.145] has joined #tlponies
18:36:46 -!- mode/#tlponies [+v Camail] by Q
18:37:20 <Rawr|Fone> Good evening camail
18:37:25 <Camail> hullo
19:08:42 <skram> Camail
19:08:43 <skram> hello
19:08:46 <skram> DuB`
19:08:47 <skram> pls
19:09:42 <Camail> hi
19:36:56 <Dot`> cam
19:37:11 <Camail> dot
21:47:38 <Dot`> Runbunny, is hob taking mroe days off?
21:47:48 <Runbunny> I am unsure.
21:48:22 <Runbunny> I think he took a day off.
21:48:49 <Runbunny> I should take a day off as well. On like tuesday or something.
21:59:18 <Camail> ok so i think i dont hate dota as an esport, i just got into it at the wrong time
21:59:33 <Camail> because everything is one sided as fuck and the games are boring 95% of the time
21:59:42 <Camail> but i remember that not being the case, so it must be a meta thing
21:59:52 <Camail> so its just that this patch sucks?
22:00:50 <Camail> i cant click on a stream, see someone 10k up at 30 minutes and then be told to care
22:05:39 <reification> new patch is badly needed
22:07:21 <reification> should be mid month
22:07:23 <Camail> i like pangolin boy, he's neat
22:07:36 <Camail> but sven puts me to sleep
22:08:27 <Camail> faceless void is fun to watch
22:08:32 <reification> sven and spec should be getting chunky nerf
22:12:28 <reification> having a cool ulti is very important: enigma, necro etc.
22:15:05 <DuB`> Right now is often PA and Sven it seems, big bursty carries who just kinda right click on things very hard
22:15:13 <DuB`> Also Nigma lost >:(
22:19:47 <Camail> but... liquid
22:19:59 <Camail> arent you a liquid guy
22:47:55 <DuB`> Nigma is old liquid, and I am fan
23:40:09 <reification> skram https://twitter.com/AnimalsWorId/status/1335050382033088512
23:43:07 <Camail> uh oh, DuB`  is a dota boomer
23:43:50 <DuB`> GH and Kuroky are best guys
23:43:57 <DuB`> That's all that matters
23:44:01 <Camail> out with old liquid, in with old alliance
