00:02:44 <Rawr|Fone> Hmm
00:02:59 <Dot`> mhm
00:04:36 <Rawr|Fone> Mmh
00:18:07 <reification> dub this is how i imagine new york https://www.thecut.com/2020/10/sinkhole-opens-in-nyc-sidewalk-plunging-man-into-rat-pit.html
00:18:56 <reification> did you see we are going to get a lockdown sequel dotties?
00:19:24 <Dot`> oh? i saw many ppl where in tier 3
00:19:46 <reification> this is clearly in response to me trying to make plans today D:
00:20:37 <Dot`> why would you tempt fate
00:20:50 <Dot`> also is there a date for this new lockdown?
00:23:34 <DuB`> I've seen a grand total of 2 rats in the last year, reification, both down in the subway tracks
00:24:36 <DuB`> Apparently I haven't found enough sidewalk death holes
00:46:03 <reification> no dot, it just that current levels are 4 times what they thought were worst case scenarios
00:46:28 <Dot`> because ppl are dumb
01:03:44 <reification> iirc if you ask ppl to give 99% confidence interval prediction it actually covers 50% of the results
01:04:01 <reification> anyway i got the mercy skin :D
01:04:03 <reification> night all
01:04:44 <DuB`> nn reif
01:04:46 <Dot`> gnight reif
01:08:00 -!- Dot|Phone [uid393803@id-393803.brockwell.irccloud.com] has joined #tlponies
06:06:05 -!- skrm [webchat@pioj.eid3.5dr2.ip] has joined #tlponies
08:18:41 -!- Golly [~Username@cm-84.213.21.103.getinternet.no] has joined #tlponies
09:59:41 -!- Dot` [webchat@5dx3.pthb.nklt.ip] has joined #tlponies
10:10:00 -!- reification [~thomas@cpc76296-cosh16-2-0-cust215.6-1.cable.virginm.net] has joined #tlponies
10:10:00 -!- mode/#tlponies [+v reification] by Q
10:18:39 <Dot`> Morning reif
10:19:31 <reification> hi dotties
10:20:09 <reification> darned video games https://twitter.com/robdelaney/status/1322156783826325504
11:09:06 -!- skrm [webchat@pioj.eid3.5dr2.ip] has joined #tlponies
11:10:32 <Dot`> skrm
11:12:34 <skrm> ye
11:13:21 <Dot`> hi friend
11:14:11 <skrm> hey buddy
11:16:24 <Dot`> hows you
11:17:34 <skrm> im alright i guess
11:17:44 <skrm> bit of trouble at work
11:19:15 <Dot`> you set some things on fire?
11:19:47 <skrm> no had to cancel the fire
11:20:18 <skrm> big ass steel pipe got stuck where the stuff thats finished burning drops out and we have to remove it
11:23:13 <Dot`> hmm, needs more duck tape
11:23:39 <Dot`> oh i missread that
11:24:35 -!- tredc [~tredc@c83-254-129-166.bredband.comhem.se] has joined #tlponies
11:25:10 <skrm> yeaaah im not sure how duct tape helps this situation
11:27:38 <Dot`> probably just needed a hotter fire
11:47:45 -!- Rawr|Fone [uid440384@id-440384.highgate.irccloud.com] has joined #tlponies
11:58:29 <ZK> how does duct tape not help?
11:58:36 <ZK> duct tape is best
12:35:29 -!- reify [~reificati@cpc76296-cosh16-2-0-cust215.6-1.cable.virginm.net] has joined #tlponies
12:36:17 <reify> .tell runbunny https://danbooru.donmai.us/posts/4177016
12:55:04 <Dot`> RIP Sean Connery
13:05:52 <reify> F
13:13:33 -!- BioPhone [~androirc@097-070-165-146.res.spectrum.com] has joined #tlponies
13:13:40 <BioPhone> Neigh
13:14:05 <reify> bio
13:19:23 <Dot`> Bio
13:19:47 <BioPhone> Me
13:23:51 -!- BioSC [~BioPon@097-070-165-146.res.spectrum.com] has joined #tlponies
13:27:08 <BioSC> asdf
13:31:06 <BioSC> making covfef
13:32:50 <reify> .tell DuB` odd fox https://www.bbc.co.uk/news/uk-england-surrey-54755697
13:33:09 <reify> dot cr|42 ^
13:41:24 <skrm> fox spiders are more spiders than foxes
13:47:25 <Dot`> only 2", ok they look far bigger from that first image
14:06:26 <BioSC> nerds pls
14:08:24 <BioSC> come do board gaem
14:21:48 <BioSC> asdf
14:40:00 <skrm> nani the fuck did you just say
14:40:28 <BioSC> dont you moonspeak at me sir
14:41:13 <skrm> bio we had big trouble at work today
14:41:19 <skrm> but that means we get to order pizza
14:41:21 <skrm> im not even mad
14:41:24 <BioSC> oh no
14:41:25 <BioSC> oh yes
14:42:00 <skrm> Like it prolly cost my company thousands in OT and loss of production
14:42:02 <skrm> but PIZZA
14:43:06 <BioSC> oof
14:55:56 <skrm> .tell BioSC https://www.youtube.com/watch?v=dhqyMblMjGg
14:56:05 <skrm> .tell BioSC important
14:57:38 -!- Cane [~Cane@CaneCraft.users.quakenet.org] has joined #tlponies
14:57:38 -!- mode/#tlponies [+o Cane] by Q
15:00:11 <BioSC> What is this cursed audio you send me skrm
15:00:56 <skrm> christmas cheer, bio
15:00:57 <skrm> the boi
15:37:20 <BioSC> hrmmm
15:39:04 <Micen> skrm, you have to wait until tomorrow to start posting Christmas music like that
15:39:15 <Micen> its still spooky time. 
15:40:16 <Micen> https://www.youtube.com/watch?v=FcKKTR0Sg7k
15:58:09 -!- BioPhone [~androirc@097-070-165-146.res.spectrum.com] has joined #tlponies
16:11:41 -!- BioPhone [~androirc@097-070-165-146.res.spectrum.com] has joined #tlponies
16:18:55 -!- DuB` [DuB@cpe-68-174-122-249.nyc.res.rr.com] has joined #tlponies
16:23:27 <DuB`> :o
16:24:13 <DuB`> Reif no
16:24:13 <BioSC> hi
16:24:16 <DuB`> No spoder
16:28:35 <BioSC> Any responses on board games today horses
16:37:31 <reification> dot lockdown 2 dates are Thursday to 2 December
16:37:39 <BioSC> K
16:37:47 <reification> unlikely to be possible for me today bio :(
16:42:30 <skrm> i dont believe in spooky season Micen 
16:44:48 <DuB`> But skrm
16:44:56 <DuB`> We get a halloween Calli song tonight
16:46:04 <skrm> its not halloweed themed i dont think
16:47:11 <DuB`> Still you must beleev
16:47:24 <DuB`> Ooh, coco played terrarrereir
16:52:15 <skrm> coco is kinda bad at all video games that arent ARK
16:54:35 <DuB`> Haha
17:33:49 -!- Dot|Phone [uid393803@id-393803.brockwell.irccloud.com] has joined #tlponies
17:38:23 <reification> i am also kinda bad at all video games that arent ARK... and ones that are :/
17:40:32 <skrm> aww :(
17:41:24 <skrm> well, i have 2500 hours in dota2
17:41:26 <skrm> and im still bad
17:41:57 <Dot|Phone> But your less bad than others jonas
17:57:54 -!- Camail [~Camail@45.40.84.145] has joined #tlponies
17:57:55 -!- mode/#tlponies [+v Camail] by Q
18:25:13 <Rawr|Fone> 🐴🐴🐴
18:28:01 <Camail> yo
18:29:07 <Rawr|Fone> Good evening camamail
18:39:25 -!- skram [~skram@109.203.22.118] has joined #tlponies
18:52:56 <Rawr|Fone> Jonas
19:11:35 <skram> Henriken
19:17:01 <Rawr|Fone> How is your face
19:19:09 <skram> just about ready for bed
19:22:11 <Rawr|Fone> Long workday for the workhorse
19:28:14 <skram> too long pal
20:26:44 <Cane> https://cdn.discordapp.com/attachments/112512700420005888/772194640833150986/unknown.png
20:26:45 <Cane> Headphones.
20:44:43 -!- Dot` [webchat@5dx3.pthb.nklt.ip] has joined #tlponies
20:44:45 <Dot`> horses
20:44:47 <Dot`> i am back from walk
20:46:20 <Dot`> hows all doing
20:46:33 <Golly> i ate too much jello
20:48:08 <Golly> am noe blob man
20:48:43 <Dot`> wobble
20:55:01 <Cane> https://www.twitch.tv/gamesdonequick
20:55:04 <Cane> Spooky games done quick.
20:55:35 <Rawr|Fone> DoT DoT DoT
20:57:08 <Dot`> Rawr Rawr Rawr
20:57:11 <Dot`> <3 <3 <3
20:57:19 <Golly> somehow i feel like the speedrunners arent gonna be spooked
20:57:28 <Rawr|Fone> ❤❤❤
20:58:38 <Dot`> speedyspooks
20:58:49 <Dot`> or are they more scared of follow quests
20:59:09 <Golly> unskippable cutscenes
20:59:31 <Golly> and or loading screen elevators
21:10:08 <Dot`> Dub
21:27:43 <DuB`> Dot
21:27:48 <Dot`> Hi
21:27:55 <Dot`> what you up to?
21:28:11 <DuB`> Watching zoomers dota
21:28:16 <DuB`> And eating burrito yum
21:29:34 <Dot`> good dotes?
21:31:36 <DuB`> Ya
21:31:41 <DuB`> https://www.twitch.tv/beyondthesummit
21:32:17 <DuB`> Sammyboy sven went 27-0 last game and was v manly
21:34:00 <Dot`> easy game
21:34:44 <DuB`> Gonna try levelling a WoW guy to make my bro and friends happy I guess
21:35:21 <Dot`> sounds dangerous
21:50:20 <Dot`> Dub, i have seen no dota on this stream
21:52:48 <DuB`> wha
21:53:34 <Dot`> i just realised i opened the ESL stream, TL vs Mudgolems in the title
21:53:51 <Dot`> i cna tell you, that stream has no dota happening no matter what they claim in the title
21:54:02 <DuB`> aha
22:06:01 -!- Runbunny [~Bunnykitt@91.100.28.10.generic-hostname.arrownet.dk] has joined #tlponies
22:06:38 <Dot`> RUNBUN
22:07:12 <Runbunny> Hai
22:07:28 <Dot`> hows you
22:07:57 <Runbunny> A bit tired. Work yesterday into drinking into work today.
22:08:01 <Runbunny> And now we here.
22:08:54 <Dot`> and no hob
22:09:03 <Dot`> becuase weak british stomach
22:09:32 <Runbunny> He really wants that tattoo.
22:19:07 <Rawr|Fone> Anders.
22:29:35 -!- reify [~reificati@cpc76296-cosh16-2-0-cust215.6-1.cable.virginm.net] has joined #tlponies
22:30:17 <Runbunny> Henrik.
22:42:42 <reification> well the rugby finished france 35-27 ireland which means... england wins :D
22:52:29 <Dot`> yay?
23:16:40 <Dot`> rawr
23:17:00 <Rawr|Fone> dot
23:17:10 <Dot`> <3
23:17:16 <Dot`> what you been up to today?
23:18:19 <Rawr|Fone> ❤
23:18:51 <Rawr|Fone> Not much, new restrictions means we can't play table tennis for the next three weeks
23:18:57 <Rawr|Fone> Did some work actually
23:28:01 <Dot`> weekend work? dedication rawr
23:29:21 <Rawr|Fone> Well, only some small bug fixes that took me 20 minutes
