00:00:44 -!- BioSC [~BioPon@097-070-165-146.res.spectrum.com] has joined #tlponies
00:10:26 <BioSC> asdf
00:28:14 <BioSC> sleppy
00:28:33 <BioSC> mebby go chill on couch
00:28:36 <BioSC> brb
00:52:18 -!- DuB` [DuB@cpe-68-174-122-249.nyc.res.rr.com] has joined #tlponies
00:52:27 <skram> dub
00:52:29 <skram> ur late
00:53:16 <DuB`> quite
00:53:19 <DuB`> busybusy
00:54:31 <skram> what you been up to pal
00:54:38 <DuB`> Haven't finished work before 7pm in weeks! ... and I just got a message today, "Hey, our big project which got put on hold back in March is back on! Let's get back into that this week"
00:54:44 <DuB`> ach
00:55:14 <skram> just be like
00:55:15 <skram> no
00:56:22 <DuB`> It IS a pretty cool project, I'll probably tell one of the other project teams I'm not as deep in that I need to de-participate a bit
00:57:55 <DuB`> Anyway, I have villainess manga to keep me going
00:58:35 <skram> theres more to life than villainess mangos!
00:59:37 <DuB`> Well
00:59:38 <DuB`> no
01:00:12 <skram> what about 3d shark girls that sing 80s city pop songs?
01:00:30 <DuB`> Secretly villainess
01:01:28 <skram> i dont believe it
01:01:51 <DuB`> Ayame, Polka, and Calli are my top 3, anyway
01:02:14 <skram> they're pretty good, too
01:48:01 -!- BioPhone [~androirc@097-070-165-146.res.spectrum.com] has joined #tlponies
05:25:26 -!- Rawr|Fone [uid440384@id-440384.highgate.irccloud.com] has joined #tlponies
06:23:15 -!- skram [~skram@109.203.22.118] has joined #tlponies
06:31:47 <Rawr|Fone> Skram
06:31:53 <skram> god morgon henriken
06:32:58 <Rawr|Fone> God morgon min kära vän
06:48:27 <Rawr|Fone> Are you up early or very late skram
06:53:00 <skram> im up early
06:53:07 <skram> i had a long nap yesterday
07:00:08 <Rawr|Fone> A night's sleep is not a nap jonas
07:00:42 <skram> well I had both!
07:00:45 <skram> hence why im up so early
07:02:52 <Rawr|Fone> Hmm
07:33:05 <Rawr|Fone> What is your plan for today then skram
07:33:09 <Rawr|Fone> Video games?
07:33:12 <Rawr|Fone> Work?
07:40:36 <skram> Video games for a bit and then work later
07:40:55 <skram> Am getting my 3d printer at some point today
07:41:45 <skram> What about you bud
07:49:23 <Rawr|Fone> Work all day
07:49:33 <Rawr|Fone> Maybe gym tonight
07:58:04 -!- Dot|Phone [uid393803@id-393803.brockwell.irccloud.com] has joined #tlponies
08:10:33 <Rawr|Fone> DoT DoT DoT
08:15:12 <CockRoach|42> do we still like horses? https://derpicdn.net/img/view/2020/11/17/2490495.jpg
08:15:14 <Dot|Phone> Rawr Rawr Rawr 
08:15:17 <Dot|Phone> 💖💖💖
08:15:31 <Rawr|Fone> 💖💖💖
08:21:52 <Rawr|Fone> They are okay cr, but skram is my favorite horse
09:14:26 <Dot|Phone> Horses! 
10:02:23 <skram> but henrik, im a real boy :/
10:02:27 <skram> Dot|Phone
10:03:21 <Dot|Phone> Skram|horse 
10:03:31 <skram> r u d e
10:03:42 <Dot|Phone> How's you
10:04:53 <skram> my head hurts now so im gonna do some drugs and hope i get better in time for work
10:05:02 <skram> where you at pal
10:05:29 <Dot|Phone> Oh no!  I advise skipping work
10:05:45 <skram> i dont like doing that
10:05:59 <Dot|Phone> I'm at work. I woke up with a cough though... 
10:06:05 <skram> but i will if i have to, gonna see if my migraine meds kick in
10:06:14 <skram> is it the plague?
10:06:35 <Dot|Phone> I have no fever and my cheap coffee still tastes
10:06:44 <skram> its probably fine then
10:14:01 -!- Golly [~Username@cm-84.213.21.103.getinternet.no] has joined #tlponies
10:28:43 -!- tredc [~tredc@c83-254-129-166.bredband.comhem.se] has joined #tlponies
11:03:52 -!- reification [~thomas@cosh-18-b2-v4wan-161487-cust30.vm10.cable.virginm.net] has joined #tlponies
11:03:52 -!- mode/#tlponies [+v reification] by Q
11:04:07 <Dot|Phone> Reef 
11:04:15 <reification> dawt
12:17:21 -!- carcinisation [~thomas@cosh-18-b2-v4wan-161487-cust30.vm10.cable.virginm.net] has joined #tlponies
12:17:21 -!- mode/#tlponies [+v carcinisation] by Q
12:20:12 <carcinisation> .tell runbunny https://www.pixiv.net/en/artworks/85660456
12:20:46 <carcinisation> .tell runbunny https://twitter.com/kurige_horse/status/1328268634695712771
13:30:40 -!- BioPhone [~androirc@12.33.239.117] has joined #tlponies
13:31:00 <BioPhone> Mang
13:31:12 <Dot|Phone> Morn
13:32:04 <reification> biop
13:36:02 <BioPhone> Someone brought bagels
13:36:03 <BioPhone> Mm
13:41:36 -!- Rawr|Fone [uid440384@id-440384.highgate.irccloud.com] has joined #tlponies
13:53:44 <reification> https://pbs.twimg.com/media/Em-nIi6XEAQVeWv?format=jpg&name=medium
14:18:44 <BioPhone> Hint, its all lasagna
14:18:58 <Golly> all the way DOWN
14:22:57 <BioPhone> Now I want some lasagna
14:23:00 <BioPhone> Mmm
14:31:34 <BioPhone> If I wasn't making gumbo this weekend I'd do lasagna
15:36:59 <Dot|Phone> Skram
15:57:38 -!- Runbunny [~Bunnykitt@91.100.28.10.generic-hostname.arrownet.dk] has joined #tlponies
16:00:08 <Dot|Phone> Runbun! 
16:00:40 <Runbunny> Hai
16:22:27 <skram> Dot|Phone
16:22:30 <skram> Anders.
16:41:12 <Dot|Phone> Hi friend. How the face? No work then
16:42:08 <skram> Naw, I called in sick and went to bed
16:42:33 <skram> Its better, good enough to the store and get some food at least
16:56:50 <Runbunny> Jonas friend.
16:56:58 <Runbunny> Good that you found some food.
17:07:52 -!- Cane [~Cane@CaneCraft.users.quakenet.org] has joined #tlponies
17:07:52 -!- mode/#tlponies [+o Cane] by Q
17:10:28 -!- Dot` [webchat@cloak-jygyb6tz.57.143.150.dyn.plus.net] has joined #tlponies
17:37:07 -!- BioPhone [~androirc@12.33.239.117] has joined #tlponies
17:37:44 <BioPhone> Neigh
17:45:12 <Runbunny> Dot`, this is no good, I am very tired, but there is still 12 hours till I have to work
17:45:29 <reification> have you tried coffee bun?
17:45:32 <Runbunny> If I fall asleep now everything will be not good.
17:46:11 <Runbunny> Reif, I am honoured that you consider me adult enough for such beverages.
17:48:51 <reification> you could be a gamer and get one of them there energy drinks :p
17:49:43 <Runbunny> I do like the cut of your jib.
17:51:28 <Dot`> 12 hours bun, an 8 hour nap fits within 12 hours
17:51:56 <reification> i checked and if you drop by i have some polish energy drink called tiger
17:52:12 <reification> it must be good if they bought it all the way from poland
17:52:30 <Runbunny> O:
17:53:01 <reification> dot the third griftlands character isn't done yet, it only has half the story D:
17:53:01 <Runbunny> I think I am sadly denied entry into Britain.
17:53:25 <Runbunny> You know, with the corona, bird flu and mink.
17:54:12 <Dot`> D: reif, they lied
17:58:47 <reification> hmm i turn on twitch and get a red bull ad. i think they are watching me >.>
18:00:10 <Dot`> Bio https://imgur.com/gallery/5k4f9sY
18:06:20 <Runbunny> reification, https://www.youtube.com/watch?v=mG_LK3KzN-c
18:12:25 -!- Camail [~Camail@45.40.84.145] has joined #tlponies
18:12:25 -!- mode/#tlponies [+v Camail] by Q
18:12:33 <Dot`> cam, again?
18:12:41 <Camail> yup
18:15:24 <Runbunny> Camail!
18:15:26 <Runbunny> Hai.
18:16:37 <Camail> hiya
18:34:33 <reification> bun project melody flavoured pop tart?!
18:42:13 <Runbunny> Would that be to your liking Sir?
18:45:33 -!- BioPhone [~androirc@12.33.239.117] has joined #tlponies
19:02:50 -!- BioPhone [~androirc@12.33.239.117] has joined #tlponies
19:02:56 <BioPhone> My dudes
19:03:06 <skram> my dude
19:04:07 <BioPhone> It is in fact Wednesday
19:06:02 <skram> aaaaaaaaaaaAAAAAAAAAAAAAAA
19:19:48 -!- BioPhone [~androirc@12.33.239.117] has joined #tlponies
19:28:04 -!- BioPhone [~androirc@12.33.239.117] has joined #tlponies
19:38:53 -!- BioPhone [~androirc@12.33.239.117] has joined #tlponies
19:40:43 <Camail> skram are you sleeping
19:41:15 <Camail> did you falla sleep on your a key
19:43:48 <skram> no cam i was shouting
19:44:10 <skram> https://www.youtube.com/watch?v=du-TY1GUFGk
19:49:04 <Camail> hmm, nah you're sleeping
19:49:16 <Camail> sleep memeing 
20:00:36 <skram> man i wish i was that cool
20:09:04 <Dot`> runbun, didnt realise it was early hob again, i guess this may be more normal now for the next 6 weeks
20:10:05 -!- BioPhone [~androirc@12.33.239.117] has joined #tlponies
20:13:41 <BioPhone> Asdf
20:30:59 -!- BioPhone [~androirc@12.33.239.117] has joined #tlponies
20:34:40 <Runbunny> He really need the extra time Dot.
20:35:49 <Dot`> Bun! i thught you may have gone to sleep
20:57:34 <Runbunny> I managed to stay awake.
20:57:49 <Runbunny> And salty at bad game design.
21:00:53 <Dot`> which game is this?
21:03:40 -!- Rawr|Fone [uid440384@id-440384.highgate.irccloud.com] has joined #tlponies
21:10:42 <Runbunny> Genshin.
21:23:23 -!- BioPhone [~androirc@12.33.239.117] has joined #tlponies
21:23:43 <reification> you knew what you were getting into bun :p
21:42:54 <Runbunny> Most of it is alright, however making an encounter where you have to be inside a circle and just have the mobs you have to kill go outside the circle is pretty meh.
21:43:41 <Runbunny> Oh and they have a buff which gives them damage reduction and you have to run a specific element to that my to counter that buff.
21:43:50 <Runbunny> And he heals the other guys
21:44:06 <Runbunny> and you lose progress if you're outside the circle
21:44:08 <Runbunny> and it's timed.
21:48:13 -!- BioPhone [~androirc@12.33.239.117] has joined #tlponies
22:05:29 <skram> reification https://reverb.com/item/35981597
22:05:39 <skram> why this
22:06:20 <reification> eva still printing the merch $$$
22:09:01 <skram> seems like an odd market to bring anime merch into
22:10:41 <Dot`> will he do it bun
22:11:54 -!- reification [~thomas@cosh-18-b2-v4wan-161487-cust30.vm10.cable.virginm.net] has joined #tlponies
22:11:54 -!- mode/#tlponies [+v reification] by Q
22:13:02 <reification> eva is like 25 years old so merch can target rich ppl?
22:13:20 <BioPhone> I smell degeneracy
22:14:03 <skram> the pickups are dated 4/20 apparently so it might have some value
22:15:16 <Cane> I need a name for an object class folder. "Enemies" isn't quite right, nor is "Entities" really. Mobs that exist in the game world, basically.
22:15:52 <skram> acquaintances
22:16:31 <BioPhone> N pc
22:16:48 <Cane> Super Happy Friends.
22:17:31 <Dot`> fodder
22:17:50 <Cane> Target Practice.
22:18:03 <Cane> Pinatas.
22:18:07 <skram> meatbags?
22:18:23 <Dot`> annoynces
22:20:01 <Dot`> game play time padding
22:20:10 <Dot`> Runbun, hob got the dragon
22:20:18 <Dot`> here we go
22:22:21 <reification> is it the urn?
22:22:59 <Dot`> i dont dare tell runbun that, hob will get hit immediatly
22:23:29 <BioPhone> The urn
22:28:15 <Dot`> that dodge
22:28:19 <Dot`> and then not
22:28:25 <Dot`> F
22:28:26 <reification> F
22:28:41 <BioPhone> I was promised an urn
22:29:05 <Dot`> well now you can see the urn from the start
22:29:54 <BioPhone> Still work
22:35:17 <BioPhone> Calibrating simulated cells for ev battery testing
22:37:15 <BioPhone> But we dun
22:37:23 <BioPhone> Time to go home
22:47:44 -!- BioPone [~androirc@mobile-166-170-20-215.mycingular.net] has joined #tlponies
22:58:44 <Runbunny> I should have been sleeping.
22:58:55 <skram> Its too late now, Anders.
22:59:01 <skram> It is already tomorrow.
22:59:02 <Runbunny> Indeed.
22:59:07 <Runbunny> 1 minute left!
22:59:12 <reification> i thought you had to *not* sleep bun?
22:59:28 <Runbunny> That was like 6 hours ago.
23:03:29 <Dot`> that means he only has like 4 hours to sleep
23:03:35 <Dot`> this seems badly planned
23:04:03 <skram> a bit
23:20:25 -!- BioSC [~BioPon@097-070-165-146.res.spectrum.com] has joined #tlponies
23:45:37 -!- Micen [~Micen@h189.67.91.75.dynamic.ip.windstream.net] has joined #tlponies
23:50:11 <BioSC> https://www.youtube.com/watch?v=DvdfMYWmhSs
23:50:28 <BioSC> dot pls
23:53:10 <BioSC> y so cute aminals
23:54:10 <Dot`> they living their best lives
23:54:38 <Dot`> cam, i am caught up on crit rol
23:54:57 <Camail> nice, things get interesting next episode
23:55:16 <Camail> hopefully some questions are answered
23:55:19 <Camail> or someone dies
