00:13:50 * skram slaps DuB` around a bit with a large trout
00:19:16 -!- carcinisation [~thomas@cpc76294-cosh16-2-0-cust297.6-1.cable.virginm.net] has joined #tlponies
00:19:16 -!- mode/#tlponies [+v carcinisation] by Q
00:44:47 -!- skrma [~skram@82.147.53.216] has joined #tlponies
00:57:54 -!- reification [~reificati@cpc76294-cosh16-2-0-cust297.6-1.cable.virginm.net] has left #tlponies
06:30:04 -!- Dot|Phone [uid393803@2001:67c:2f08:5::6:24b] has joined #tlponies
06:44:27 -!- Golly [~kvirc@cm-84.213.21.103.getinternet.no] has joined #tlponies
08:10:32 <Rawr|Fone> 🐴🐴🐴
08:10:39 <Dot|Phone> Rawr Rawr Rawr 
08:10:43 <Dot|Phone> 💖💖💖
08:10:50 <Rawr|Fone> DoT DoT DoT
08:10:53 <Rawr|Fone> 💖💖💖
08:11:21 <Dot|Phone> 🦓🦓🦓
08:16:44 <Rawr|Fone> Dot dear
08:16:58 <Rawr|Fone> I don't have to work today
08:48:49 -!- reification [~thomas@cpc76294-cosh16-2-0-cust297.6-1.cable.virginm.net] has joined #tlponies
08:48:50 -!- mode/#tlponies [+v reification] by Q
08:55:30 <CockRoach|42> hors hors
08:55:45 <reification> i'm not sure i see how one of these questions is related https://www.quora.com/What-is-the-best-free-RSS-to-email-service
08:55:58 <reification> hello cr|42 <3
09:03:01 <Rawr|Fone> I thik this client just doesn't show when I disconnect
09:04:05 <Dot|Phone> I do have to work Rawr
09:04:29 <Rawr|Fone> D:
09:05:03 <CockRoach|42> .tell Rawr|Fone https://imgur.com/gallery/uuJfiWZ
09:05:56 <Rawr|Fone> .tell cockroach|42 <3
09:06:03 <CockRoach|42> <3
09:06:05 <Rawr|Fone> What a good boy
09:06:17 <CockRoach|42> https://imgur.com/gallery/ChxKylv
09:06:20 <CockRoach|42> literally the  best
09:19:03 <Rawr|Fone> I think that would be your face cr
09:33:40 -!- Runbunny [~Bunnykitt@91.100.28.10.generic-hostname.arrownet.dk] has joined #tlponies
09:34:03 <Runbunny> I'm awake.
09:34:11 <Dot|Phone> Great
09:35:29 <Runbunny> Yes.
09:43:31 <reification> well done
09:53:22 <CockRoach|42> awwww Rawr|Fone <3 <3 <3
09:53:52 <Runbunny> Thanks!
10:20:54 -!- Zounds [webchat@cloak-07ouvien.14-2.cable.virginm.net] has joined #tlponies
10:21:00 <Zounds> Horsefriends
10:21:18 <Zounds> I am here to revel in my long weekend
10:25:00 <Golly> \0/
10:25:17 <Golly> \o/
10:35:12 -!- tredc [~tredc@c83-254-129-166.bredband.comhem.se] has joined #tlponies
10:38:27 <Dot|Phone> Zoonds. What is this long weekend? 
10:48:34 <Zounds> Nothing official, just a day off I took for myself
10:48:54 <Zounds> Zounds Day
10:49:05 <Runbunny> Zounds day!
10:49:16 <Runbunny> I'll celebrate that as well, by taking the day off.
10:49:40 <Zounds> All are welcome
11:04:31 <Rawr|Fone> I'll do the same and not work today
11:07:17 <Runbunny> Rawr is on board!
12:23:44 <Zounds> Are my fellow celebrants up to much
12:28:22 <Runbunny> I'm about to head out, going to ride my bike for a bit and then walk around for a bit.
12:37:46 <Rawr|Fone> I am at the gym
12:41:46 <Zounds> gyms are closed around here
12:56:30 -!- carcinisation [~thomas@cpc76294-cosh16-2-0-cust297.6-1.cable.virginm.net] has joined #tlponies
12:56:30 -!- mode/#tlponies [+v carcinisation] by Q
13:11:10 -!- DuB` [DuB@cpe-68-174-122-249.nyc.res.rr.com] has joined #tlponies
13:24:36 <Rawr|Fone> Ours are open for now zounds
13:47:06 <Runbunny> I am back.
13:47:23 <Zounds> hi back
13:47:29 <Zounds> im zounds
13:47:41 <Runbunny> I'll rephrase to "I have returned"
13:49:39 -!- skram [~skram@82.147.53.219] has joined #tlponies
13:50:15 <carcinisation> i went to the beach it was quite empty
13:50:26 <carcinisation> also i left just in time to avoid the hail
13:50:41 <skram> did you have a swim reifmannen
13:52:32 <Rawr|Fone> Jonas
13:52:58 <skram> Henriken you old rascal
13:53:13 <Rawr|Fone> My dear old friend
13:54:23 <carcinisation> not this time skram, but soon
14:05:58 <Runbunny> carcinisation, https://www.youtube.com/watch?v=R1c8-LGMWDQ
14:06:06 <Runbunny> Moona was in the chat O:
14:07:23 <carcinisation> the other hololive id members often are
14:11:41 <Bio> asdaf
14:19:43 <Bio> gmon
14:20:29 <carcinisation> ohayou bio
14:21:32 <Bio> halo
15:16:10 <Rawr|Fone> Hmm
15:38:19 <Runbunny> Hmm.
16:06:31 <Dot|Phone> Hmm
16:06:34 <Dot|Phone> Work work
16:28:26 -!- Camail [~Camail@45.40.84.145] has joined #tlponies
16:28:26 -!- mode/#tlponies [+v Camail] by Q
16:32:07 <Zounds> hi cam
16:33:25 <Camail> yo
16:51:21 <Golly> https://twitter.com/elonmusk/status/1256239815256797184 absolute madlad
17:00:27 <Camail> elon is going crazy....er
17:00:51 <Golly> also if he were to be hacked, how would you tell
17:06:24 <Bio> i can tell
17:06:26 <Bio> by the pixels
17:13:09 <Dot|Phone> Where is bio stream. Its been days
17:18:48 <Bio> ded
17:19:01 <Dot|Phone> F
17:27:29 <Runbunny> .tell skram https://www.youtube.com/watch?v=R16cVvg2OyY
17:31:05 -!- skram [~skram@82.147.53.170] has joined #tlponies
17:32:19 <Runbunny> Speak of the devil.
17:32:47 <skram> I am not a bad slime, you know
17:39:50 <Runbunny> You probably could be, if you wanted to.
17:44:58 <skram> nono
17:45:00 <skram> im a good lad
17:45:19 <skram> this is a proper jam though Runbunny
17:45:40 <Runbunny> Yeh.
17:46:14 <skram> almost as good as the fubuki version
18:06:15 <Dot|Phone> Skram
18:06:18 <Dot|Phone> Hi friend
18:06:42 <skram> dot fren
18:10:02 -!- Cane [~Cane@CaneCraft.users.quakenet.org] has joined #tlponies
18:10:02 -!- mode/#tlponies [+o Cane] by Q
19:00:01 <Dot|Phone> How's all
19:04:26 <skram> im a bored, Dot|Phone
19:04:31 <skram> hows bakewell
19:04:45 <Dot|Phone> How you bored
19:05:05 <Dot|Phone> Bakewell is good. I have macaroni cheese
19:08:33 <Camail> skram you have so many videogames to play
19:08:35 <Camail> play them all
19:09:06 <Dot|Phone> Is there no more cartoons to watch skram
19:10:10 <skram> im sure there are
19:10:17 <skram> im just not in the mood i guess
19:11:22 <Dot|Phone> Hmm. Troubling
19:11:28 <Dot|Phone> Are you sick? 
19:11:34 <skram> rude
19:12:05 <Rawr|Fone> Jonas snela
19:14:23 -!- Crisium [~Crisium@c-24-3-150-105.hsd1.pa.comcast.net] has joined #tlponies
19:14:33 <Dot|Phone> Crisium! 
19:14:51 <Crisium> howdy
19:16:32 <Bio> skram same tbqh
19:16:39 <Zounds> hey
19:16:51 <Bio> hi
19:59:03 <Runbunny> Cheer up Jonas.
20:22:58 <Dot|Phone> Skram. You still bored? 
20:23:08 <skram> lil bit
20:24:41 <Dot|Phone> Hmm. 
20:26:36 <Dot|Phone> I was thinking I should try a barbarian character at some point skram
20:26:50 <skram> hmm
20:26:54 <skram> an elf barbarian?
20:27:23 <Dot|Phone> Why would you ruin a prefectly good barbarian like that
20:46:41 <Runbunny> Dot|Phone, https://i.redd.it/ma87bzyc61w41.jpg
20:46:49 <Runbunny> Dang 15 min late.
20:48:16 <Dot|Phone> Runbun. Is there no hob stream for days now? 
20:51:54 <Runbunny> He said that he was doing something today.
20:51:58 <Runbunny> At least no stream
20:52:04 <Runbunny> Think he's back tomorrow.
20:52:18 <Camail> runbun how is you
20:52:24 <Camail> havin a decent day?
21:03:14 <Dot|Phone> What about your cam? Crush anyone's dreams today? 
21:03:24 <Camail> not yet
21:03:36 <Dot|Phone> Still time. I believe in you
21:09:39 <DuB`> Oops, forgot to cancel my commuter benefits account
21:09:45 <DuB`> I now have $600 on my subway pass card
21:09:48 <Dot|Phone> Dub
21:09:49 <Dot|Phone> Why
21:09:52 <DuB`> I can go EVERYWHERE
21:10:12 <Dot|Phone> Just take it to the hospital
21:13:38 <DuB`> I am helthie
21:13:46 <DuB`> skram I watched Books now what
21:14:58 <Runbunny> Camail, yeah, I went a bicycle ride with my flatmate earlier.
21:15:34 <Camail> yo, nice
21:15:41 <Camail> fresh air is something humans seem to like
21:34:13 <DuB`> O ya, breakfast
21:34:16 <DuB`> Hmmm, burger?
21:42:55 <Zounds> You are what you eat
21:53:10 <skram> DuB`: Im all out of decent isekais
21:53:21 <skram> shield hero maybe?? theres a raccoon in it
21:53:59 <DuB`> Hmm hmm
21:55:04 <skram> if you're able to turn your head off you could watch if its for my daughter, i'd defeat a demon lord
21:55:09 <skram> its kinda cute but thats it tbh
21:58:53 <Rawr|Fone> You are kinda cute skrammypants
21:59:30 <skram> henrik you old flirt
22:02:32 <Rawr|Fone> How has your day been jonas dear
22:03:25 <skram> Its been alright, not been up to much though
22:03:29 <skram> hows your face henriken
22:18:29 <Rawr|Fone> Pretty gooood, I am being very active with work, table tennis and gym stuff
22:18:43 <Rawr|Fone> It's bed time now though
22:18:54 <skram> aww but its only midnight
22:21:58 <Rawr|Fone> Yes, but as a responsible adult, I have to get up early
23:34:01 <Rawr|Fone> Hmm
23:34:50 <skram> Werent you going to bed an hour ago henriken
23:35:28 <Rawr|Fone> Yes, but maybe I am not as responsible as I should be
23:35:45 <skram> nobody is buddy
23:36:37 <Rawr|Fone> I am in bed at least
23:36:48 <skram> spicy
23:41:03 <Dot|Phone> skram what doing
23:41:29 <skram> im looking at people being bad at their jobs
23:41:48 <skram> according to youtube, nobody has ever used a crane successfully
23:43:13 <Dot|Phone> Tricky things
23:43:40 <skram> why do people keep buying em if all they do is fall over
23:45:42 <Dot|Phone> So they can get a bigger crane to pick it up
23:46:01 <skram> which inevitably also falls over
23:46:09 <skram> its cranes falling over all the way down, dot
23:48:33 <Dot|Phone> It's a big crane conspiracy 
23:50:36 -!- reification [~reificati@cpc76294-cosh16-2-0-cust297.6-1.cable.virginm.net] has joined #tlponies
23:54:38 <carcinisation> seems like a good plan if you're selling them
