00:20:02 <Runbunny> It's the middle of the night, but it's too warm.
00:20:08 <Runbunny> I don't even want to sleep.
00:26:04 <skram> maybe look at some memes runbun
00:26:17 <Runbunny> That is what I am doing. 
00:27:00 <Runbunny> But I kinda want to sleep, but there's not really a point in going to bed as I know I can't sleep.
00:27:12 -!- skrma [~skram@213.232.87.138] has joined #tlponies
00:40:07 <skrma> .tell runbunny https://drive.google.com/file/d/1zbxTM5BkL0q3ULpYJk8kKwcbvu7W5_vS/view
00:40:43 <Crisium> dog
00:41:06 -!- skram [~skram@37.120.203.212] has joined #tlponies
01:06:19 <Zounds> nn horsemen
01:06:46 <skram> gnight horsepal
01:10:10 -!- skrma [~skram@37.120.203.212] has joined #tlponies
01:26:56 -!- skram [~skram@37.120.203.212] has joined #tlponies
02:36:01 <Crisium> https://cdn.discordapp.com/attachments/209775823174107137/715746965228617868/facebook_1590711897543_6671929274712376983.jpg
03:22:21 -!- skram [~skram@194.127.172.74] has joined #tlponies
04:52:38 -!- Rawr|Fone [~AndChat52@c-94cfe455.020-164-6d6c6d4.bbcust.telenor.se] has joined #tlponies
06:37:27 -!- Rawr|Fone [~AndChat52@c-94cfe455.020-164-6d6c6d4.bbcust.telenor.se] has joined #tlponies
07:16:28 -!- Dot|Phone [uid393803@id-393803.brockwell.irccloud.com] has joined #tlponies
07:17:10 -!- Dot` [webchat@2pdb.orml.de28.ip] has joined #tlponies
07:34:05 -!- Golly [~kvirc@cm-84.213.21.103.getinternet.no] has joined #tlponies
08:02:00 -!- Runbunny [~Bunnykitt@91.100.28.10.generic-hostname.arrownet.dk] has joined #tlponies
08:02:35 <Dot`> RUNBUN
08:02:51 <Dot`> look https://imgur.com/gallery/pa665cw
08:03:28 <Runbunny> Hai.
08:03:53 <Runbunny> O:
08:03:55 <Runbunny> Nice.
08:31:53 <Dot`> Where is rawr
08:34:18 <Runbunny> yeah!
08:34:26 <Runbunny> Also where is reif?
08:34:44 <Runbunny> .tell reification https://twitter.com/uruharushia/status/1272009367026450439
08:35:55 <Dot`> hmm
