00:01:07 <Bio> poggers
00:01:46 <Bio> as
00:01:46 <Bio> df
00:04:13 <reimeuk> what is the best window gba emulator?
00:04:51 <Bio> i used NO$GBA
00:04:58 <Bio> not sure if its still a thing tho
00:05:18 <DuB`> Runner goes too fast and skips all the great music >:(
00:06:04 <Bio> ask them to slow down
00:07:46 <Runbunny> reimeuk, DEsmuME
00:08:07 <Runbunny> Wait that might be ds.
00:08:28 <Runbunny> Visual boy advance.
00:08:41 <DuB`> I never played any DS games
00:08:46 <DuB`> Missed a lot o pokemans
00:13:06 <Runbunny> Sleep!
00:20:44 <Crisium> NO$GBA probably
00:20:53 <Crisium> VBA second best maybe
00:51:16 <reimeuk> ty all i have this running now https://youtu.be/M8589I2H3Bc?t=138
01:09:10 <reimeuk> night all
01:39:57 <DuB`> Oooh terraria run in an hour or so
01:40:00 <DuB`> Haven't seen one o thems
01:50:25 -!- Rawr|Fone [~AndChat52@c-4eb4e655.020-164-6d6c6d4.bbcust.telenor.se] has joined #tlponies
01:51:44 <skrm> is it the summoner 100% speedrun
01:51:48 <skrm> only takes like 30 episodes
01:52:50 <DuB`> :D
02:13:05 <Camail> yo that run tho
02:13:12 <DuB`> waow
02:33:55 <skrm> think terraria guy is a bit nervous
02:34:09 -!- skrm [webchat@skram.users.quakenet.org] has joined #tlponies
02:46:28 -!- Rawr|Fone [~AndChat52@c-4eb4e655.020-164-6d6c6d4.bbcust.telenor.se] has joined #tlponies
04:31:49 <Camail> i havent watched any agdq, really
04:32:04 <Camail> i always flip to a different channel when they start reading donations
04:32:31 <Camail> which is a bummer because i wanna watch runs
04:33:35 <DuB`> Iceborne TWOOOO days
05:04:54 -!- Rawr|Fone [~AndChat52@c-4eb4e655.020-164-6d6c6d4.bbcust.telenor.se] has joined #tlponies
05:14:48 <skrm> DuB` its +7 outside
05:14:50 <skrm> in january
05:15:19 <skrm> give me my cold back PLS
05:17:24 <DuB`> Ya :(
05:21:35 -!- Rawr|Fone [~AndChat52@c-4eb4e655.020-164-6d6c6d4.bbcust.telenor.se] has joined #tlponies
07:31:20 -!- Rawr|Fone [~AndChat52@c-4eb4e655.020-164-6d6c6d4.bbcust.telenor.se] has joined #tlponies
07:41:24 -!- Dot|Phone [uid393803@2001:67c:2f08:8::6:24b] has joined #tlponies
07:42:22 <Dot|Phone> Morning horses 
07:43:22 <skram> gmorning dotpal
08:14:06 -!- Rawr|Fone [~AndChat52@c-4eb4e655.020-164-6d6c6d4.bbcust.telenor.se] has joined #tlponies
08:26:04 <Dot|Phone> Hmm
08:35:19 -!- Rawr|Fone [~AndChat52@c-4eb4e655.020-164-6d6c6d4.bbcust.telenor.se] has joined #tlponies
08:57:51 -!- Rawr|Fone [~AndChat52@c-4eb4e655.020-164-6d6c6d4.bbcust.telenor.se] has joined #tlponies
08:59:12 -!- Cane [~Cane@CaneCraft.users.quakenet.org] has joined #tlponies
08:59:12 -!- mode/#tlponies [+o Cane] by Q
09:03:05 -!- Rawr|Phone [~AndChat52@m83-187-188-97.cust.tele2.se] has joined #tlponies
09:16:23 <Dot|Phone> Cane, Rawr
09:16:26 <Dot|Phone> 💖💖💖
09:16:28 <Cane> Boop.
09:35:38 <Rawr|Phone> DoT DoT
09:35:41 <Rawr|Phone> 💖💖
09:38:41 -!- reification [~thomas@cpc76294-cosh16-2-0-cust297.6-1.cable.virginm.net] has joined #tlponies
09:38:42 -!- mode/#tlponies [+v reification] by Q
09:43:04 <Dot|Phone> Reif! 
09:44:20 <reification> dawt!
09:46:45 -!- Rawr|Fone [~AndChat52@c-4eb4e655.020-164-6d6c6d4.bbcust.telenor.se] has joined #tlponies
10:52:23 -!- Rawr|Fone [~AndChat52@c-4eb4e655.020-164-6d6c6d4.bbcust.telenor.se] has joined #tlponies
11:34:23 -!- Rial [~Rial@p2668219-ipngn201306tokaisakaetozai.aichi.ocn.ne.jp] has joined #tlponies
11:35:59 <Rial> Greetings
11:49:35 <Dot|Phone> Hey rial 
11:50:27 <Rial> Hi hi, what's going on?
11:50:50 -!- Golly [~kvirc@cm-84.213.21.103.getinternet.no] has joined #tlponies
11:52:49 <Dot|Phone> Work
11:52:58 <Rial> Ah yes, I've experienced that today
11:57:00 <Dot|Phone> You still assembling camera lenses? 
11:57:36 <Dot|Phone> My information is a few years old
12:00:28 -!- Runbunny [~Runbunny@91.100.28.10.generic-hostname.arrownet.dk] has joined #tlponies
12:00:51 -!- Rawr|Fone [~AndChat52@c-4eb4e655.020-164-6d6c6d4.bbcust.telenor.se] has joined #tlponies
12:02:00 <Dot|Phone> Runbun! You made it
12:02:53 <Rial> Yeah, I'm still doing the same thing lol, it's been almost a decade now
12:11:39 <Runbunny> Hai.
12:12:19 <Runbunny> My friend graduated today, so I went to his thesis defense.
12:16:24 <Dot|Phone> Did he defend the thing? 
12:19:37 <Runbunny> Yes.
12:22:02 <Dot|Phone> Great! 
12:22:18 <Dot|Phone> What they graduate in? 
12:31:09 -!- Rawr|Fone [~AndChat52@c-4eb4e655.020-164-6d6c6d4.bbcust.telenor.se] has joined #tlponies
12:40:19 -!- Rawr|Fone [~AndChat52@c-4eb4e655.020-164-6d6c6d4.bbcust.telenor.se] has joined #tlponies
12:40:21 <Rawr|Fone> Internet bad D:
12:47:15 <Rawr|Fone> Horses
12:49:44 <Dot|Phone> Horses
12:50:13 <Runbunny> Dot|Phone, he is now a doctor.
12:51:02 <Dot|Phone> Ooo. Very fancy
12:58:21 <Bio> ever get that feel of not wanting to leave warm bed
12:58:23 <Bio> that is today
12:58:25 <Bio> but alas
12:58:29 <Bio> must go work
12:58:33 <Bio> drive through dum sno
12:58:39 <BioWork> asdf
13:08:48 <Dot|Phone> Such is life
13:24:32 -!- BioPhone [~androirc@12.33.239.117] has joined #tlponies
13:32:34 <BioPhone> Pon
13:34:13 -!- Rawr|Fone [~AndChat52@c-4eb4e655.020-164-6d6c6d4.bbcust.telenor.se] has joined #tlponies
13:36:01 -!- Rawr|Phone [~AndChat52@83.191.110.47] has joined #tlponies
13:59:42 -!- Rawr|Fone [~AndChat52@c-4eb4e655.020-164-6d6c6d4.bbcust.telenor.se] has joined #tlponies
14:16:21 -!- Rawr|Phone [~AndChat52@83.191.110.47] has joined #tlponies
14:33:39 -!- Rawr|Fone [~AndChat52@c-4eb4e655.020-164-6d6c6d4.bbcust.telenor.se] has joined #tlponies
15:01:37 -!- skram [~skram@95.174.67.164] has joined #tlponies
15:02:44 <Runbunny> Jonas.
15:03:10 <skram> Anders!
15:03:26 <skram> Tell me, Anders. Hows is your face?
15:05:57 <Dot|Phone> Skram
15:06:29 <skram> Bjørn my boy
15:06:40 <skram> Whats your face like?
15:07:51 <Rawr|Fone> Jonas dearest
15:08:01 <Rawr|Fone> What about your face?
15:08:50 <skram> Henrique pal
15:08:59 <skram> Its attached so im sure its fine
15:09:08 <Rawr|Fone> Wonderful
15:09:31 <skram> How a boat you old pal
15:09:47 <Rawr|Fone> My face is doing great
15:11:23 <Dot|Phone> I'm tired
15:11:54 <Runbunny> skram, my face is all right.
15:12:01 <Runbunny> My hair is all over the place though.
15:12:29 <skram> thats sorta how hair works, runbun
15:25:01 -!- Rawr|Phone [~AndChat52@m83-187-180-69.cust.tele2.se] has joined #tlponies
15:27:40 -!- BioPhone [~androirc@12.33.239.117] has joined #tlponies
15:38:19 -!- BioPhone [~androirc@12.33.239.117] has joined #tlponies
15:43:53 <BioPhone> Neigh phon
15:44:21 <Rawr|Phone> 🅱️io
15:46:18 <BioPhone> Rawr
15:46:20 <BioPhone> Henlo
15:46:33 <BioPhone> I'm procrastinating at work
15:46:36 <BioPhone> Dont tell
15:46:39 <BioPhone> 🙃
15:46:41 <Rawr|Phone> Good afternoon my horse friend
15:46:55 <Rawr|Phone> Don't worry, I won't tell anyone 😇
15:49:57 <Runbunny> Bio-san
15:50:28 <Runbunny> Ganbatte.
15:56:17 <reification> sweden has gone pink but estonia is holding on https://pbs.twimg.com/media/ENgVAE1XsAAcHy4.png:large
16:11:46 -!- BioPhone [~androirc@12.33.239.117] has joined #tlponies
16:11:53 <Dot|Phone> Home time
16:25:25 <skram> Too late BioPhone, i've already called the FBI
16:25:40 <BioPhone> Sir pls
16:26:11 <BioPhone> I have a baby roomba at home
16:26:56 <skram> We already called the Robit Protective Services
16:27:36 <BioPhone> How could u
16:27:44 <BioPhone> 😥
16:29:51 <skram> You're setting a bad example to your childbot!
16:35:59 <BioPhone> All it knows is cleaning
16:36:11 <BioPhone> I'm teaching it a rebellious spirit
16:36:25 <BioPhone> Like in persona!
16:37:43 <skram> What are you gonna do if he turns against you and stops cleaning?
16:37:52 <skram> or even starts dirtying the floors on PURPOSE
16:38:57 <BioPhone> I for one welcome our new robit overlords
16:40:20 <skram> traitor
16:54:18 <Dot|Phone> Beep boop
16:54:42 -!- carcinisation [~thomas@cpc76294-cosh16-2-0-cust297.6-1.cable.virginm.net] has joined #tlponies
16:54:42 -!- mode/#tlponies [+v carcinisation] by Q
17:43:21 <skram> I went and looked at a house, Dot
17:44:01 <skram> it kinda funny, its a lil one-floor kinda pedestrian lookin house in a neighbourhood of very nice looking, expensive homes
17:54:56 <Dot|Phone> Sounds nice
17:55:58 <BioPhone> Move there
17:56:07 <BioPhone> Become friends with the 1%
17:56:13 <BioPhone> Get their trust
17:56:18 <carcinisation> i saw some nice houses in rotterdam skram, you could go there: https://www.atlasobscura.com/places/cube-house
17:56:21 <BioPhone> Then take their monies
17:57:09 <skram> im worried about the commute, reif
17:57:29 <skram> ill just be the peasant, bio
18:01:25 <BioPhone> Another valid strat
18:03:21 <skram> maybe plow up the lawn and plant potatoes
18:03:28 <skram> just to complete the image
18:35:38 -!- BioPhone [~androirc@12.33.239.117] has joined #tlponies
18:47:58 -!- tredc [~tredc@c83-254-129-166.bredband.comhem.se] has joined #tlponies
19:05:23 <Rawr|Phone> 🐴🐴🐴
19:29:14 <Dot|Phone> Rawr Rawr Rawr 
19:29:24 <Rawr|Phone> DoT DoT DoT
19:29:27 <Rawr|Phone> 💖💖💖
19:30:23 <Dot|Phone> 💖💖💖
19:30:28 <Dot|Phone> How's you
19:30:46 <Rawr|Phone> Pretty good
19:30:54 <Rawr|Phone> How are you my dear
19:31:15 <Runbunny> Aren't you two lovely.
19:33:10 <Rawr|Phone> You are lovely Anders
19:34:40 <Dot|Phone> I'm good Rawr. Think I might have pizza tonight
19:34:46 <Dot|Phone> Even though its not Friday
19:35:03 <reification> :O
19:35:33 <Rawr|Phone> 🤨
19:35:45 <Rawr|Phone> DoT snela
19:36:12 <skram> so many rebels here today
19:36:50 <Rawr|Phone> There you are jonas dear
19:37:50 <Runbunny> Jonas.
19:37:55 <Runbunny> I made my own burritos.
19:37:59 <Runbunny> Lots of beans.
19:38:02 <Runbunny> BEANS!
19:38:09 -!- Golly [~kvirc@cm-84.213.21.103.getinternet.no] has joined #tlponies
19:38:15 <skram> hell yeah buddy
19:38:42 <skram> what else did you put in it
19:38:47 <skram> or is it all beans
19:40:22 <BioPhone> Meat prolly
19:40:36 <BioPhone> Maybe even a cheese
19:41:06 <Dot|Phone> Cheese! 
19:41:47 <Runbunny> ground beef, onions and cabbage.
19:42:00 <Runbunny> I was out of tomatoes :/
19:57:42 <Dot|Phone> No cheese? 
20:03:36 <Runbunny> I was out of cheese.
20:04:39 <skram> unforgivable
20:04:57 <reification> how terrible. i shall go eat some now
20:05:12 <BioPhone> Repent gouda
20:06:09 -!- carcinisation [~thomas@cpc76294-cosh16-2-0-cust297.6-1.cable.virginm.net] has joined #tlponies
20:06:09 -!- mode/#tlponies [+v carcinisation] by Q
20:06:29 <Runbunny> Reif is gonna eat some cheese for me.
20:06:33 <Runbunny> All is fine.
20:09:58 -!- Rawr|Fone [~AndChat52@c-4eb4e655.020-164-6d6c6d4.bbcust.telenor.se] has joined #tlponies
20:15:31 -!- BioPhone [~androirc@12.33.239.117] has joined #tlponies
20:17:44 <Rawr|Fone> Finally home
20:22:58 <Runbunny> Okaeri.
20:30:42 <Rawr|Fone> 🤨🤨
20:31:43 <skram> anders u weeb
20:32:10 <Runbunny> Jonas...
20:32:25 <Runbunny> Put a potato in your mouth and say that word.
20:32:29 <Runbunny> It's danish.
20:35:44 <Rawr|Fone> Hmm
20:35:48 <Rawr|Fone> Doubt it
20:36:44 <skram> I have no potato
20:37:50 <Dot|Phone> That's why you need to plant potatoes in front front of your house
20:42:57 <BioPhone> Something something latvia
20:45:21 <skram> Three Latvian are brag about sons. "My son is soldier. He have rape as many women as want," says the first Latvian. "Zo?" second say, "My son is farmer. He have all potato he want!" Third Latvian wait long time, then say, "My son is die at birth. For him, struggle is over." "Wow! You are win us," say others. But all are feel sad.
20:46:04 <skram> Two Latvian look at clouds. One see potato. Others see impossible dream. Is same cloud.
20:47:09 <skram> Latvian girl is say, "I want go America one day." Father say, "I send you America." Daughter is thank father. Make tears of happy. Father use for salty potato. Father think moment, say, "Daughter, I no send you America." Potato is more salt.
20:47:21 <skram> Latvian jokes are the best.
20:49:17 <Rawr|Fone> You are the best jonas
20:59:14 -!- Camail [~Camail@45.40.84.145] has joined #tlponies
20:59:14 -!- mode/#tlponies [+v Camail] by Q
20:59:17 <Camail> no
20:59:26 <skram> try me
20:59:27 <skram> bitch
21:00:35 <Rawr|Fone> Rude
21:36:49 -!- Crisium [~Crisium@c-24-3-150-105.hsd1.pa.comcast.net] has joined #tlponies
21:48:36 <Dot|Phone> Rip
21:49:23 <Crisium> rop
21:49:37 <Dot|Phone> Crisium! 
21:50:13 <Crisium> howdy dot
21:51:46 <Rawr|Fone> Crisioom!
21:51:59 <Crisium> rooroo
21:54:39 <Rawr|Fone> How are you today crisium
21:55:00 <Crisium> work was frustrating, but suvived another day
21:55:05 <Crisium> how about you sir
22:12:33 <Dot|Phone> Rawr snela
22:13:03 <Rawr|Fone> Pretty good cris, almost bed time after a long day
22:13:08 <Rawr|Fone> Dot skärpning
22:16:05 <carcinisation> https://twitter.com/EquestriaDaily/status/1214574927203983361
22:20:29 -!- BioPhone [~androirc@12.33.239.117] has joined #tlponies
22:27:03 -!- BioPone [~androirc@mobile-166-170-22-81.mycingular.net] has joined #tlponies
23:26:58 -!- Rawr|Fone [~AndChat52@c-4eb4e655.020-164-6d6c6d4.bbcust.telenor.se] has joined #tlponies
23:28:59 -!- DuB` [DuB@cpe-68-174-122-249.nyc.res.rr.com] has joined #tlponies
23:29:05 <DuB`> :o
23:30:54 <carcinisation> :D
23:31:20 <DuB`> :D indeed, iceborne in 18 hours!
23:32:19 <DuB`> I even got permission to work from home from around noon tomorrow...
23:33:36 <carcinisation> nice
