00:02:03 -!- Rawr|Fone [~AndChat52@c-94cfe455.020-164-6d6c6d4.bbcust.telenor.se] has joined #tlponies
00:10:06 <Runbunny> lol
00:17:01 <skram> DuB`: https://www.youtube.com/watch?v=ZgjWOo7IqQY
00:17:21 <DuB`> Have seen this one :P
00:17:46 <skram> ah, why would i think otherwise :p
00:18:36 <skram> this announcer lady is like "das why it cost as much as 11 dollar per pound!!1"
00:18:56 <skram> thats like a third of what i have to pay
00:19:02 <skram> maybe i need a new cheese guy
00:19:03 <DuB`> heh
00:26:34 <reification> skram https://twitter.com/GY18164253/status/1231340737587011590
00:27:12 <skram> what
00:27:32 <skram> im pretty sure cats have bones in them
00:34:10 -!- Rawr|Fone [~AndChat52@c-94cfe455.020-164-6d6c6d4.bbcust.telenor.se] has joined #tlponies
00:38:19 <Runbunny> Oh boy it's sleep time.
00:38:29 <skram> same buddy
00:38:37 <skram> ill be there soon
00:39:19 <Runbunny> I'll be going on ahead.
00:59:43 -!- Rawr|Fone [~AndChat52@c-94cfe455.020-164-6d6c6d4.bbcust.telenor.se] has joined #tlponies
01:18:13 -!- Rawr|Fone [~AndChat52@c-94cfe455.020-164-6d6c6d4.bbcust.telenor.se] has joined #tlponies
01:26:06 <Bio> Dot`, 
01:26:09 <Bio> https://media.discordapp.net/attachments/351435942957154304/681926566175178804/image0.jpg?width=411&height=454
01:26:18 <Bio> thoughts?
01:43:54 -!- Rawr|Fone [~AndChat52@c-94cfe455.020-164-6d6c6d4.bbcust.telenor.se] has joined #tlponies
01:44:04 <reification> night all
02:27:01 -!- Crisium [~Crisium@c-24-3-150-105.hsd1.pa.comcast.net] has joined #tlponies
02:40:15 -!- Rawr|Fone [~AndChat52@c-94cfe455.020-164-6d6c6d4.bbcust.telenor.se] has joined #tlponies
04:13:35 -!- Micen__ [~Micen@98.23.74.6] has joined #tlponies
04:45:20 -!- BioPone [~androirc@mobile-107-92-121-241.mycingular.net] has joined #tlponies
05:18:19 -!- Micen__ [~Micen@98.23.74.6] has joined #tlponies
05:24:45 -!- Rawr|Fone [~AndChat52@c-94cfe455.020-164-6d6c6d4.bbcust.telenor.se] has joined #tlponies
06:57:42 -!- Rawr|Fone [~AndChat52@c-94cfe455.020-164-6d6c6d4.bbcust.telenor.se] has joined #tlponies
07:23:35 -!- Micen_ [~Micen@98.23.74.6] has joined #tlponies
07:36:04 -!- Dot|Phone [uid393803@2001:67c:2f08:5::6:24b] has joined #tlponies
07:36:19 <Dot|Phone> Morn
08:31:03 -!- Rawr|Fone [~AndChat52@c-94cfe455.020-164-6d6c6d4.bbcust.telenor.se] has joined #tlponies
08:55:48 -!- Micen_ [~Micen@98.23.74.6] has joined #tlponies
09:14:25 -!- Rial [~Rial@p2429120-ipngn200603tokaisakaetozai.aichi.ocn.ne.jp] has joined #tlponies
09:22:01 -!- Rawr|Fone [~AndChat52@c-94cfe455.020-164-6d6c6d4.bbcust.telenor.se] has joined #tlponies
09:32:03 -!- Rawr|Phone [~AndChat52@m83-187-191-229.cust.tele2.se] has joined #tlponies
09:44:33 -!- Golly [~kvirc@cm-84.213.21.103.getinternet.no] has joined #tlponies
10:18:45 <Dot|Phone> Rawr Rawr Rawr 
10:18:49 <Dot|Phone> 💖💖💖
10:21:02 -!- reification [~thomas@cpc76294-cosh16-2-0-cust297.6-1.cable.virginm.net] has joined #tlponies
10:21:02 -!- mode/#tlponies [+v reification] by Q
10:22:47 <reification> background on r/casualuk threw me for a bit https://www.reddit.com/r/CasualUK/comments/f9pwep/american_description_of_tyson_fury_fans_makes_me/
10:22:51 <reification> hello tlp
10:30:25 -!- Micen_ [~Micen@h6.74.23.98.dynamic.ip.windstream.net] has joined #tlponies
10:52:29 <Dot|Phone> Did Tyson win? 
10:53:40 <Dot|Phone> Hi Reif 
11:00:25 <Rawr|Phone> DoT DoT DoT
11:00:29 <Rawr|Phone> 💖💖💖
11:10:42 <reification> hello dotties
11:11:05 <reification> yes he dominated
11:11:15 <Dot|Phone> So yay England? 
11:12:07 <Rial> Morning, all
11:13:03 <Dot|Phone> Hey rial
11:13:20 <reification> hello rial
11:13:30 <reification> it is time to go spray the house
11:13:41 <reification> fortunately i already have a mask
11:13:51 <Rial> mask!
11:16:37 -!- Rawr|Fone [~AndChat52@c-94cfe455.020-164-6d6c6d4.bbcust.telenor.se] has joined #tlponies
11:17:29 -!- tredc [~tredc@c83-254-129-166.bredband.comhem.se] has joined #tlponies
11:33:52 <Rawr|Fone> Horses
11:33:56 -!- Micen_ [~Micen@h6.74.23.98.dynamic.ip.windstream.net] has joined #tlponies
11:34:04 <Dot|Phone> Rawrses
11:34:13 <Dot|Phone> 🦓
11:39:23 <Rawr|Fone> DoT
11:39:25 <Rawr|Fone> 🐴
12:16:25 -!- Rawr|Phone [~AndChat52@m83-185-92-95.cust.tele2.se] has joined #tlponies
12:28:05 -!- skram [~skram@134.19.189.60] has joined #tlponies
12:35:05 <Dot|Phone> Jonas friend
12:37:31 <skram> dot pal
12:51:06 -!- carcinisation [~thomas@cpc76294-cosh16-2-0-cust297.6-1.cable.virginm.net] has joined #tlponies
12:51:06 -!- mode/#tlponies [+v carcinisation] by Q
12:59:01 -!- reimeuk [~thomas@cpc76294-cosh16-2-0-cust297.6-1.cable.virginm.net] has joined #tlponies
12:59:01 -!- mode/#tlponies [+v reimeuk] by Q
13:20:42 -!- reification [~thomas@cpc76294-cosh16-2-0-cust297.6-1.cable.virginm.net] has joined #tlponies
13:20:42 -!- mode/#tlponies [+v reification] by Q
13:21:22 <Bio> its still snowing what the frick
13:23:27 <Dot|Phone> Stay home
13:29:01 -!- skram [~skram@213.232.87.82] has joined #tlponies
13:29:52 <Dot|Phone> Jonas again! 
13:30:54 <skram> iama jonas
13:30:54 <skram> ama
13:36:05 <Dot|Phone> Cake or death
13:38:02 <skram> both
13:38:19 <Dot|Phone> You can't have both! 
13:38:37 <Dot|Phone> Greed wasn't an option
13:38:49 <skram> cyanide laced chocolate cake
13:39:36 <Dot|Phone> He died the way he lived, having his cake AND eating it 
13:39:47 <skram> haha
13:46:26 -!- BioPhone [~androirc@mobile-107-92-123-40.mycingular.net] has joined #tlponies
13:49:44 <Dot|Phone> What doing skram
13:50:00 <skram> im thinkin bout breakfast
13:50:15 <Dot|Phone> ?pancakes
13:50:20 <skram> hmm no
13:50:30 <Dot|Phone> Scones? 
13:50:59 <skram> also no
13:51:37 <Dot|Phone> Hmm. Crumpets? 
13:51:49 <skram> those arent real food items dot
13:52:59 <Dot|Phone> ... 
13:53:02 <Dot|Phone> Reif! 
13:53:54 <BioPhone> Nei
13:54:07 <BioPhone> I werk
13:54:14 <BioPhone> Most people stayed home
13:54:22 <BioPhone> I should have werk at home
13:54:24 <Dot|Phone> Smart horses
13:54:25 <BioPhone> Ho well
13:57:02 -!- skrma [~skram@185.38.150.79] has joined #tlponies
13:57:52 <BioPhone> Maybe I just do some things
13:57:59 <BioPhone> Skarmen!
13:58:38 <Dot|Phone> You should plan your next move in dnd
13:58:40 -!- skraam [~skram@213.232.87.88] has joined #tlponies
13:58:58 <Dot|Phone> He's powering up
13:59:06 <skraam> dot where do you pirate in 2020
13:59:18 <Dot|Phone> Pirate bay probably
13:59:30 <reification> we will have to bring him some when we visit dot
13:59:38 <Dot|Phone> Cam would know skram
13:59:55 <reification> look at the r/piracy wiki?
14:00:41 <Dot|Phone> When is subtitled tank anime out? 
14:01:41 <skraam> hmm
14:01:44 <skraam> piratebay wont load
14:02:34 <Rawr|Phone> Jonas snela
14:02:34 <Dot|Phone> Most sites I know are probably gone or moved
14:02:40 <Dot|Phone> Isohunt? 
14:02:53 <reification> blu-ray isn't even out in japan till tomorrow dot
14:03:03 <reification> you will have to wait a while for subs
14:03:10 <Dot|Phone> :(
14:03:31 <Dot|Phone> Maybe I should just rewatch them all while I wait
14:03:33 -!- BioPone [~androirc@12.33.239.117] has joined #tlponies
14:06:58 <reification> .tellm zounds runbunny, https://twitter.com/Kenzhadley/status/1232187708635787264
14:24:36 <BioPone> Asdd
14:24:43 <BioPone> I missed
14:38:23 -!- Micen_ [~Micen@h6.74.23.98.dynamic.ip.windstream.net] has joined #tlponies
14:41:33 <Rial> Bedtime. Good morning
14:51:46 -!- Rawr|Fone [~AndChat52@c-94cfe455.020-164-6d6c6d4.bbcust.telenor.se] has joined #tlponies
15:04:42 -!- Rawr|Fone [~AndChat52@c-94cfe455.020-164-6d6c6d4.bbcust.telenor.se] has joined #tlponies
15:28:07 -!- Rawr|Fone [~AndChat52@c-94cfe455.020-164-6d6c6d4.bbcust.telenor.se] has joined #tlponies
15:41:11 -!- Micen_ [~Micen@h6.74.23.98.dynamic.ip.windstream.net] has joined #tlponies
16:04:33 -!- Rawr|Fone [~AndChat52@c-94cfe455.020-164-6d6c6d4.bbcust.telenor.se] has joined #tlponies
16:06:09 <Rawr|Fone> Hmm
16:07:40 <Dot|Phone> Mmh
16:08:09 -!- Runbunny [~Runbunny@91.100.28.10.generic-hostname.arrownet.dk] has joined #tlponies
16:08:21 <Runbunny> Hai.
16:08:35 <Runbunny> My computer BSOD'd when I tried to get on IRC :/
16:09:20 <skraam> oh no D:
16:10:23 <Runbunny> Also, apparently the inventor of the konami code has died.
16:11:39 <BioPone> F
16:13:50 <Runbunny> Don't you mean... ↑ ↑ ↓ ↓ ← → ← → B A F ?
16:28:53 <BioPone> Ye
16:39:26 -!- Rawr|Fone [~AndChat52@c-94cfe455.020-164-6d6c6d4.bbcust.telenor.se] has joined #tlponies
16:43:43 -!- Micen_ [~Micen@98.23.74.6] has joined #tlponies
16:51:57 <Runbunny> reification, https://www.youtube.com/watch?v=tvkMUfPaWqE
16:53:40 <reification> perfect
17:03:30 <reification> https://www.youtube.com/watch?v=YS1kjnOtOOk
17:10:24 -!- Dot` [webchat@cloak-jlzhn5po.230.208.46.dyn.plus.net] has joined #tlponies
17:18:29 <BioPone> Wake me up inside
17:32:47 -!- Rawr|Fone [~AndChat52@c-94cfe455.020-164-6d6c6d4.bbcust.telenor.se] has joined #tlponies
17:33:46 <Dot`> bio
17:34:48 -!- Rawr|Phone [~AndChat52@m83-187-183-104.cust.tele2.se] has joined #tlponies
17:36:06 <BioPone> Dotfon
17:36:16 <BioPone> Dothom*
17:36:39 <Dot`> you too should go hom
17:37:17 <BioPone> If I didn't have a meeting I would
17:37:28 <BioPone> But I will after
17:37:41 <Dot`> tell them i said the meeting can be an email
17:41:19 <BioPone> It probably could
17:47:58 -!- Micen_ [~Micen@98.23.74.6] has joined #tlponies
18:14:31 -!- carcinisation [~thomas@cpc76294-cosh16-2-0-cust297.6-1.cable.virginm.net] has joined #tlponies
18:14:31 -!- mode/#tlponies [+v carcinisation] by Q
18:22:19 -!- reimeuk [~thomas@cpc76294-cosh16-2-0-cust297.6-1.cable.virginm.net] has joined #tlponies
18:22:19 -!- mode/#tlponies [+v reimeuk] by Q
19:03:20 <reimeuk> you should be getting snow soon dotties
19:04:08 <skraam> lucky
19:04:28 <BioPone> Nein
19:04:34 <BioPone> Sno is the werst
19:04:48 <skraam> how the heck dare u
19:04:54 <BioPone> It's cold, irritating, and it gets everwhere
19:06:23 <skraam> but its so peaceful bio
19:07:46 <Dot`> i hear you get nice fluffy snow in norway
19:07:52 <Dot`> here in england its just slushy
19:07:58 <skraam> aww :(
19:08:08 <skraam> its usually cold enough
19:08:17 <skraam> to be powder
19:11:41 <BioPone> It's fine if I dont have to travel and it's gone before I need to travel next
19:14:26 <skraam> wheres your sense of adventure pal
19:33:52 <BioPone> Over there somewhere warm
19:56:41 -!- Golly [~kvirc@cm-84.213.21.103.getinternet.no] has joined #tlponies
20:42:20 <skraam> im eating a greasy ass döner while looking at cooking shows
20:42:30 <skraam> look at this fuckin' nerd with his michelin stars and beluga caviar
21:01:17 -!- BioPone [~androirc@12.33.239.117] has joined #tlponies
21:23:47 -!- Rawr|Fone [~AndChat52@c-94cfe455.020-164-6d6c6d4.bbcust.telenor.se] has joined #tlponies
21:29:40 <reimeuk> skram are you trying to be like korone?
21:36:32 <reimeuk> oh taco is streaming tarkov now dot https://www.twitch.tv/chocotaco
21:38:24 <Dot`> i dont know thos person reif
21:38:34 <Dot`> and i was suprised you didnt link a vtuber
21:38:57 <reimeuk> that's ok dot you can't help your ignorance :p
21:39:55 <Dot`> its due to my 3rd world background
21:41:05 <reimeuk> if you want vtuber then watch the linked korone vids from earlier
21:44:02 -!- Rawr|Fone [~AndChat52@c-94cfe455.020-164-6d6c6d4.bbcust.telenor.se] has joined #tlponies
21:52:53 -!- reification [~thomas@cpc76294-cosh16-2-0-cust297.6-1.cable.virginm.net] has joined #tlponies
21:52:53 -!- mode/#tlponies [+v reification] by Q
22:01:25 <Rawr|Fone> 🐴🐴🐴
22:01:37 -!- Rial [~Rial@p2429120-ipngn200603tokaisakaetozai.aichi.ocn.ne.jp] has joined #tlponies
22:05:08 -!- carcinisation [~thomas@cpc76294-cosh16-2-0-cust297.6-1.cable.virginm.net] has joined #tlponies
22:05:08 -!- mode/#tlponies [+v carcinisation] by Q
22:07:13 <Rawr|Fone> Good evening rial
22:08:29 <skraam> good morning rial :D
22:11:37 <Dot`> Hi Rial
22:12:47 <Rawr|Fone> Jonas skärp dig
22:12:51 <Rawr|Fone> Det är kväll
22:16:15 -!- Micen_ [~Micen@h6.74.23.98.dynamic.ip.windstream.net] has joined #tlponies
22:16:17 <skraam> henrik dear, the sun doesnt revolve around you
22:16:33 <Rawr|Fone> Ummmm
22:16:34 -!- BioPone [~androirc@097-070-165-146.res.spectrum.com] has joined #tlponies
22:16:37 <Rawr|Fone> I think it does
22:17:03 <skraam> we're all just helpless passangers on this carousel of despair
22:17:27 <Dot`> have you been watchign emo animes again skram?
22:18:45 <Dot`> did you watch elfen lied?
22:18:47 <skraam> naw ive been listening to country music
22:18:55 <skraam> which is basically hilbilly emo
22:19:54 <Dot`> i got the perfect song for you
22:19:55 <Dot`> https://www.youtube.com/watch?v=rqR1cjuPXUg
22:22:22 <skraam> this guy is like
22:22:25 <skraam> rawrs age
22:22:38 <skraam> why does he sound like he's been a coal miner for 78 years
22:22:39 <Dot`> hes 12?
22:23:31 <skraam> henrik is like 23ish maybe
22:23:46 <Dot`> he stared at the setting sun out on the range too much of his ife?
22:23:49 <Rawr|Fone> I'm 25!
22:25:02 <skraam> my apologies, when you get as old as me you start to forget things henrik
22:25:36 <Rawr|Fone> I understand dear
22:26:36 <Dot`> rawr is almost that old
22:28:48 <skraam> another 2 years
22:40:18 <Rial> morning
22:40:20 <Rial> running to work
22:40:35 <skraam> bye :(
22:42:52 <Bio> hoi
22:42:58 <Bio> fugh
22:43:00 <Bio> snow
22:43:11 <Bio> freakin car was slip sliding all the way home from work
22:43:20 <skraam> winter tires u noob
22:43:26 <Bio> bru
22:43:26 <Bio> h
22:43:36 <skraam> get you some hakkapelittaas on that bitch
22:43:50 <Bio> I'm tryna get through this winter
22:43:57 <Bio> cuz imma need some new regular tires
22:44:10 <Bio> so i don't buy regular AND winter tires all at the same itme
22:44:16 <Dot`> reminds me i meant to look for shoes
22:44:20 <Bio> cuz my tires are FUGGIN EXPENSEIVE
22:44:23 <Dot`> i think my right shoe is leaking
22:44:33 <skraam> bruh what size tires u wear
22:44:33 <Dot`> had a wet sock
22:45:03 <skraam> just put a plastic bag inside your sock
22:45:39 <Dot`> great plan
22:45:42 <Bio> p245/45r19
22:46:01 <skraam> thats pretty fat actually
22:46:20 <Bio> ye
22:46:30 <Bio> muh impala is a CHONK
22:46:45 <Dot`> very american
22:48:12 <skraam> how much does your vroomer weigh bio
22:48:21 <Dot`> at least 10
22:48:47 <skraam> like 2 tons?
22:48:51 <Bio> https://www.autoblog.com/buy/2018-Chevrolet-Impala-Premier_w_2LZ__4dr_Sedan/specs#pricing
22:49:10 <Bio> 3867 POUNDS
22:50:08 <Dot`> in human measurments?
22:50:30 <Bio> ... pounds.
22:50:47 <skraam> thats like 1700 kg i guess
22:51:10 <Bio> 1754.042
22:51:11 <Bio> kg
22:51:33 <Dot`> thats more than me
22:51:41 <skraam> good
22:52:10 <skraam> how did they make it so gosh dang heavy though
22:52:30 <skraam> my 5-door estate is like 300 less
22:52:33 <Dot`> gold rims?
22:52:50 <skraam> 12-way adjustable cup holders
22:53:04 <Bio> its a long heavy boi
22:53:07 <skraam> wrought iron exhaust
22:53:52 <skraam> thats the name of my autobiography Bio
22:54:14 <Bio> a perfect 5/7 would read
22:55:29 <Dot`> is it the kind of book you need to roll up before swattign at a fly or is a a good solid leathbound tome?
22:56:22 <skraam> leatherbound with a big ass clasp and gilded pages to make up for the lack of meaningful content
22:57:28 <Dot`> its ok, we judge books by thier cover
22:57:36 <skraam> yay
23:00:09 <Dot`> https://www.reddit.com/r/dwarffortress/comments/f9nmbh/so_drakes_are_ducks_not_dragonlike_creatures/
23:00:45 <skraam> lol what
23:01:18 <Dot`> i sense a dnd one shot
23:01:28 <Dot`> to hunt down the drake terrorising the town
23:02:01 <skraam> honk
23:03:07 <Dot`> ?honk
23:03:12 <Dot`> hmm
23:04:48 <Dot`> https://i.imgur.com/gX6sVbK.jpg
23:05:03 <skraam> perfection
23:22:23 -!- Micen_ [~Micen@h6.74.23.98.dynamic.ip.windstream.net] has joined #tlponies
23:32:12 -!- DuB` [DuB@cpe-68-174-122-249.nyc.res.rr.com] has joined #tlponies
23:36:15 <skraam> well well well
23:38:12 <DuB`> how the tarn turbles
23:38:33 <skraam> look what the horse dragged in
23:42:19 <Bio> a raggety dob
