00:37:45 -!- Dot|Phone [uid393803@id-393803.brockwell.irccloud.com] has joined #tlponies
00:47:44 <BioSC> nn folks
00:48:11 <skram> good night bio, the boi
00:48:24 <Dot`> night bio
00:48:26 <BioSC> the end of a nother week, time for the sleep
00:49:02 <Bunny> Goodnight Bio.
01:12:20 <skram> isnt it still kind of early in amerika
01:12:33 <skram> DuB` what time is it
02:02:53 -!- Bunny [webchat@cloak-gnrygg19.mbb.telenor.dk] has joined #tlponies
03:35:42 <Camail> this is normal person sleep time
03:39:24 <Bunny> Too bad it's work time.
07:16:57 -!- Golly [~Username@cm-84.213.21.103.getinternet.no] has joined #tlponies
08:02:27 -!- Rawr|Fone [uid440384@id-440384.highgate.irccloud.com] has joined #tlponies
08:24:58 -!- Dot` [webchat@5dx3.pthb.nklt.ip] has joined #tlponies
08:51:20 <Rawr|Fone> DoT DoT DoT
09:06:22 <Dot`> Rawr Rawr Rawr
09:06:24 <Dot`> <3 <3 <3
09:06:57 <Rawr|Fone> ❤❤❤
09:44:16 -!- Cane [~Cane@CaneCraft.users.quakenet.org] has joined #tlponies
09:44:16 -!- mode/#tlponies [+o Cane] by Q
10:32:35 -!- tredc [~tredc@c83-254-129-166.bredband.comhem.se] has joined #tlponies
12:08:09 -!- BioPone [~androirc@mobile-166-177-56-197.mycingular.net] has joined #tlponies
12:33:48 -!- BioPhone [~androirc@12.33.239.117] has joined #tlponies
12:33:52 <BioPhone> Good morning
12:54:47 <Dot`> morn
12:57:51 -!- reification [~thomas@cpc76296-cosh16-2-0-cust215.6-1.cable.virginm.net] has joined #tlponies
12:57:51 -!- mode/#tlponies [+v reification] by Q
13:07:53 -!- Rawr|Fone [uid440384@id-440384.highgate.irccloud.com] has joined #tlponies
13:07:58 <Dot`> reef
13:21:17 <reification> dawt
13:56:12 <BioPhone> Overcast n cloudy day
13:56:39 -!- Runbunny [~Bunnykitt@91.100.28.10.generic-hostname.arrownet.dk] has joined #tlponies
13:57:07 <Runbunny> Guess who just earned another night shift.
13:57:08 <Dot`> runbun
13:57:16 <Runbunny> You're right Dot!
13:59:51 <Dot`> im seldom wrong when it comes to danish ppl
14:25:18 <Runbunny> Wait, there is no Hob tonight either right?
14:28:59 <Dot`> 1 attempt at FO i believe
14:29:08 <Dot`> when it ends the stream ends
14:29:21 <Dot`> ready for 2 minute stream
14:35:14 <Runbunny> That's pretty rough.
14:47:13 <reification> working night shifts is not good for you bun :/
15:04:40 <Runbunny> Rather me than someone else. 
15:04:47 <Runbunny> Who knows, maybe I'll be different.
15:05:05 <Dot`> we have seen how skram is
15:11:14 <Runbunny> A hecking good lad?
15:54:58 -!- skram [~skram@178.239.173.176] has joined #tlponies
15:55:12 <Runbunny> Jonas.
15:55:35 <skram> Anders.
15:59:12 <Dot`> Jonas friend
15:59:23 <Dot`> been up to mischief today?
15:59:25 <skram> Bjørn pal
15:59:28 <skram> No, not yet
16:02:38 <Rawr|Fone> Is that because you just woke up jonas
16:02:46 <skram> ...Yes!
16:02:54 <skram> Im going to work in a few hours though
16:07:54 <Rawr|Fone> You are a good boi skrammypants
16:14:13 <Runbunny> O:
16:14:22 <Runbunny> I am going to work as well.
16:14:47 <Runbunny> You're going to burn stuff and I am going to watch the country burn down.
16:21:47 <reification> 🧯🧯🧯
16:23:14 <reification> rawr dot https://twitter.com/cctv_idiots/status/1320698315302985728
16:25:29 -!- BioPhone [~androirc@12.33.239.117] has joined #tlponies
17:12:38 -!- Camail [~Camail@45.40.84.145] has joined #tlponies
17:12:38 -!- mode/#tlponies [+v Camail] by Q
17:12:42 <Camail> hello
17:12:50 <Camail> to everyone other than skram
17:13:00 <Camail> dot gets his hello
17:13:38 <Rawr|Fone> Good evening camail
17:13:49 <Dot`> what a day!
17:23:30 <skram> wow so good to see you camail
17:23:38 <Camail> :)
17:23:53 <skram> u cheeky boy
17:26:39 <Runbunny> Hai Camail.
17:26:55 <Camail> hullo bun
17:27:05 <Camail> oh hey, so i won poe again
17:27:18 <skram> how do you win poe
17:27:21 <Camail> got a max frenzy charge implicit ring
17:27:31 <Camail> and once i sell it i buy a headhunter
17:27:34 <Camail> and then i win
17:27:47 <Camail> i get to play HH aura stacker again and pretend its delirium
17:30:41 <BioPhone> Asdf
17:30:55 <Runbunny> O:
17:30:57 <Runbunny> Nice.
17:30:58 <BioPhone> It updates to my computer
17:31:06 <BioPhone> Werk stalled
18:40:57 -!- BioPhone [~androirc@12.33.239.117] has joined #tlponies
18:48:22 -!- BioPhone [~androirc@12.33.239.117] has joined #tlponies
18:51:19 -!- BioPhone [~androirc@12.33.239.117] has joined #tlponies
19:21:37 -!- BioPhone [~androirc@12.33.239.117] has joined #tlponies
19:29:48 <BioPhone> Neigh
19:31:22 -!- Rawr|Fone [uid440384@id-440384.highgate.irccloud.com] has joined #tlponies
19:41:49 -!- skrma [~skram@109.203.22.118] has joined #tlponies
19:55:37 -!- Dot` [webchat@5dx3.pthb.nklt.ip] has joined #tlponies
19:59:43 <Dot`> horse
20:00:11 <skrma> dot pls
20:02:17 <Dot`> skram, how you doing
20:02:59 <skrma> I walked to the store earlier, but forgot my wallet so I had to walk home and fetch it
20:06:04 <skrma> are you in skelly man thorpe now dot
20:06:54 -!- BioPhone [~androirc@12.33.239.117] has joined #tlponies
20:10:13 <Dot`> no, going back sunday
20:49:40 <BioPhone> Ponefrins
20:49:47 <BioPhone> Time to go hom
20:49:55 <BioPhone> But, first the food library
20:55:00 -!- BioPone [~androirc@mobile-166-177-56-187.mycingular.net] has joined #tlponies
21:01:28 <Rawr|Fone> 🐴🐴🐴
21:03:01 <Dot`> rawr
21:03:11 <Rawr|Fone> dot
21:03:25 -!- DuB` [DuB@cpe-68-174-122-249.nyc.res.rr.com] has joined #tlponies
21:03:33 <Rawr|Fone> There he is
21:03:44 <DuB`> Indeedy
21:03:45 <Rawr|Fone> Look at this magnificent horse dot
21:04:11 <DuB`> I ordered a new microphone and a whole mic arm thing
21:05:03 <Dot`> dub dub
21:05:23 <skrma> dub is a streamer now
21:06:44 <Dot`> when is dub vtuber debut?
21:07:23 <reification> bio you are going to borrow food?
21:07:37 <DuB`> I would just like to not deafen my friends with click clacks whenever I'm playing lucio
21:08:00 <DuB`> Current setup is a blue snowball which kind of rolls around on my desk unsecured and is right behind my keyboard lol
21:08:14 <reification> but isn't that the point of mech keyboard?
21:08:20 <Dot`> surely a stand is cheaper dub?
21:09:13 <DuB`> I have the cheaper version of snowball which has no directionality at all, a stand wouldn't change the sound issues and would just add to my crowded desk
21:09:17 <DuB`> Arm will be nice
21:10:22 <skrma> naw its a good point
21:10:56 <skrma> been thinkin bout getting one just so i can get the mic away from my desk when im not using it
21:11:27 <skrma> anyway
21:11:28 <skrma> work work
21:11:35 <DuB`> glhf
21:11:37 <Dot`> gl skram
21:11:57 <Dot`> does everyone have a desk mic?
21:12:06 <Dot`> am i too third world for all this?
21:12:50 <DuB`> Using headset mic?
21:13:16 <Dot`> yea?
21:14:16 <DuB`> I've had the same nice headphones for 5 years now, would rather use desk mic than try to replace those
21:16:00 <Dot`> Dub, you been catching up on CR yet?
21:17:18 <DuB`> Naw, last 3 weeks have been dead busy
21:17:35 <DuB`> And vtubers take all my passive content consumption time that remains!
21:20:41 <Dot`> ah, research for your own vtuber channel, makes sense
21:22:39 <Camail> ok, new biggest sale of my poe life
21:22:44 <Camail> 90 ex is pretty nice
21:23:16 <Camail> dont feel bad for selling it that low considering i had it at 110, 100, and 95 before that
21:24:04 <reification> dot what animal will vtuber dub be?
21:24:22 <Dot`> there is aready a fox isnt there?
21:25:15 <Dot`> birb of some kind
21:28:35 <DuB`> There's two foxes and a phoenix in holo
21:28:50 <Dot`> two foxes? is that legal?
21:31:20 <DuB`> Well one is all white, the other is a fennc
21:31:22 <DuB`> Quite different!
21:31:28 <Dot`> hmm
21:35:18 <DuB`> https://twitter.com/KobayashisEgo/status/1320776560652308481?s=20
21:38:12 -!- BioSC [~BioPon@097-070-165-146.res.spectrum.com] has joined #tlponies
21:39:38 <reification> maybe... a horse?!
21:40:03 <Dot`> thats for skram
21:40:31 <BioSC> we bek
21:40:47 <Camail> i played through fe3h once and enjoyed it a lot
21:41:00 <Camail> the ending fell apart, but the rest was great
21:41:09 <Camail> i want to replay it, i do
21:41:17 <Camail> but it feels weird
21:41:41 <Camail> if i choose a new house, seeing all the others treat MC like a stranger is weird
21:42:07 <DuB`> It's one of two or three reason's I'll consider a switch
21:42:23 <DuB`> Not sure how many reasons I need before I'll feel like buying
21:42:24 <BioSC> just buy their loyalty
21:42:27 <BioSC> with fame
21:42:36 <DuB`> Not sure why I apostrophe-d reasons :T
21:42:48 <BioSC> or cook many meals
21:45:24 <DuB`> I had a big katsu curry and pumpkin tempura meal yesterday
21:45:28 <DuB`> I'm STILL full
21:45:45 <BioSC> good job eating
21:46:02 <BioSC> also pumpkin tempura wat
21:46:47 <BioSC> i mean, i guess you can fry anything
21:46:54 <DuB`> Is very good
21:47:58 <DuB`> Like dis https://image.made-in-china.com/202f0j00CTWUJQrzJVgw/Frozen-Pre-Fried-Vegetable-Pumpkin-Tempura-Supplier.jpg
21:48:28 <Camail> breath of the wild is fun, overrated but very fun still
21:48:39 <Camail> it does have birds tho
21:48:43 <Camail> so you probably would love it
21:49:02 <DuB`> My reasons are fe3h and monhun rise, so far
21:49:15 <DuB`> With botw and pokemon as sort-ofs
21:49:21 <Camail> you'll be getting it for monhun, regardless
21:49:28 <Camail> 2 weeks before it comes ouy you'll break
21:49:42 <Camail> mario odyssey is VERY good
21:49:54 <Camail> i adored that game, its the next step after mario galaxy
21:51:02 <Camail> it could have more rosalina tho
21:52:08 <DuB`> How many games makes $300 worth... HMM
21:52:31 <Camail> luigi's mansion is fun and true to form
21:53:14 <Camail> if you use it for 200 hours, which is easy, its probably gonna be like 5 dollars an hour of entertainment
21:53:32 <DuB`> Troo
21:53:34 <Camail> as an adult, you can start thinking of purchases like that
21:53:43 <Camail> unless you are a child like rawr
21:54:18 <Camail> cadence of hyrule is good if you like crypt of the necrodancer
21:54:38 <DuB`> Dollars per hour of use would also make justifying a herman miller pretty easy...
21:54:50 <DuB`> Though I guess a console doesn't have cheaper comparables
21:54:56 <DuB`> Like a chair would
21:55:15 <Runbunny> Time to go work.
21:55:24 <Dot`> gl bun
21:55:27 <Camail> well, lots of people are making big purchases now, because they arent spending it on travel
21:55:30 <Camail> bye runbun
21:55:35 <Camail> i'll miss you
21:55:40 <Camail> and that tight ass
21:55:40 <BioSC> gone forever
21:56:08 <Camail> hyrule warriors is a good game to play after you play botw
21:56:25 <Camail> muso games are fun as hell, and the spin offs are even moreso
21:56:36 <Camail> the 3 kingdoms got old real fast
21:56:56 <Rawr|Fone> New luigi's mansion was really good!
21:57:33 <Camail> yea on all accounts its a great, campy, game
22:00:09 <Camail> bayonetta 2 is technially exclusive to switch cuz the wii u is dead
22:00:24 <Camail> i dont like character action personally, but you might
22:01:49 <Camail> those are all the exclusives that i'd say are worth mentioning
22:02:07 <Camail> i dont peg you as an animal crossing kind of person
22:07:18 -!- BioPone [~androirc@mobile-166-177-56-187.mycingular.net] has joined #tlponies
22:15:15 -!- skrm [webchat@pioj.eid3.5dr2.ip] has joined #tlponies
22:16:13 <Dot`> is that a workhorse rawr?
22:17:10 <skrm> im a real human bean
22:18:31 <Rawr|Fone> It is the best workhorse!
22:22:03 <BioSC> plowin away
22:28:54 -!- BioPone [~androirc@mobile-166-177-56-187.mycingular.net] has joined #tlponies
22:29:46 <DuB`> .choose learn sword 'n shield, learn gunlance, learn hunting horn
22:29:51 <DuB`> doot doot
22:30:52 <Dot`> dub
22:31:42 <skrm> heeehehe
22:32:56 <DuB`> dot
22:33:06 <Dot`> yes
22:33:19 <BioSC> HONK
22:35:20 <skrm> shuba shuba shuba
22:41:11 -!- skrm_ [webchat@pioj.eid3.5dr2.ip] has joined #tlponies
23:40:31 <skrm_> hmm
23:42:13 <Dot`> mhm
23:42:20 <BioSC> mmh
23:53:52 <Camail> woo, i'm hunting heads
