00:15:51 <skram> DuB` are you doing space drugs again
00:34:01 -!- Rawr|Fone [~AndChat52@c-94cfe455.020-164-6d6c6d4.bbcust.telenor.se] has joined #tlponies
01:45:09 -!- Micen [~Micen@h106.208.18.98.dynamic.ip.windstream.net] has joined #tlponies
01:52:20 -!- Camail [~Camail@45.40.84.145] has joined #tlponies
01:52:20 -!- mode/#tlponies [+v Camail] by Q
02:19:20 -!- Rawr|Fone [~AndChat52@c-94cfe455.020-164-6d6c6d4.bbcust.telenor.se] has joined #tlponies
04:17:17 -!- Rawr|Fone [~AndChat52@c-94cfe455.020-164-6d6c6d4.bbcust.telenor.se] has joined #tlponies
04:20:56 <Bio> nn
04:20:58 <Bio> strim done
05:03:29 -!- Micen [~Micen@h106.208.18.98.dynamic.ip.windstream.net] has joined #tlponies
05:52:36 -!- Rawr|Fone [~AndChat52@c-94cfe455.020-164-6d6c6d4.bbcust.telenor.se] has joined #tlponies
06:11:17 -!- Micen [~Micen@h106.208.18.98.dynamic.ip.windstream.net] has joined #tlponies
07:01:03 -!- Rawr|Fone [~AndChat52@c-94cfe455.020-164-6d6c6d4.bbcust.telenor.se] has joined #tlponies
07:07:07 <Rawr|Fone> 🐴🐴🐴
07:19:34 -!- Micen [~Micen@h106.208.18.98.dynamic.ip.windstream.net] has joined #tlponies
07:26:03 -!- Dot` [webchat@cloak-puzvreye.123.7.51.dyn.plus.net] has joined #tlponies
07:38:50 <Rawr|Fone> DoT DoT DoT
07:45:01 <Dot`> Rawr Rawr Rawr
07:45:03 <Dot`> <3 <3 <3
07:45:09 <Rawr|Fone> ❤❤❤
08:22:18 -!- Rawr|Fone [~AndChat52@c-94cfe455.020-164-6d6c6d4.bbcust.telenor.se] has joined #tlponies
08:29:57 -!- Runbunny [~Bunnykitt@91.100.28.10.generic-hostname.arrownet.dk] has joined #tlponies
08:30:05 <Runbunny> Look I am up "early"
08:30:33 -!- Rawr|Fone [~AndChat52@83.187.189.175] has joined #tlponies
08:35:47 <Runbunny> Henrik.
08:35:55 <Rawr|Fone> Anders.
08:37:37 <Rawr|Fone> How are you runbun
08:38:04 <Runbunny> Pretty good.
08:38:07 <Runbunny> You?
08:40:38 <Rawr|Fone> Same
08:40:45 <Rawr|Fone> No work today
08:45:01 -!- Golly [~kvirc@cm-84.213.21.103.getinternet.no] has joined #tlponies
08:46:14 -!- reification [~thomas@cpc76294-cosh16-2-0-cust297.6-1.cable.virginm.net] has joined #tlponies
08:46:14 -!- mode/#tlponies [+v reification] by Q
08:48:01 <Rawr|Fone> Reef reef
09:03:55 <reification> roar roar
09:04:24 <reification> .tell dub` uh oh https://twitter.com/PreezerWim/status/1251299647919882240
09:17:09 -!- Zounds [webchat@cloak-07ouvien.14-2.cable.virginm.net] has joined #tlponies
09:17:19 <Zounds> good morning
09:22:13 <reification> morning zounds
09:22:44 <Runbunny> Hai Zounds.
09:23:02 <Runbunny> Rawr, I think it's pizza day today.
09:23:16 <Rawr|Fone> Is it
09:24:05 <reification> friday is more standard but any day can be pizza day if you try
09:34:24 -!- Cane [~Cane@CaneCraft.users.quakenet.org] has joined #tlponies
09:34:24 -!- mode/#tlponies [+o Cane] by Q
10:22:39 <Runbunny> Well flatmate is out today, so it's the perfect crime.
10:23:02 <reification> :O
10:40:33 -!- tredc [~tredc@c83-254-129-166.bredband.comhem.se] has joined #tlponies
11:11:44 -!- skram [~skram@82.147.53.4] has joined #tlponies
11:14:57 <Zounds> skram
11:16:17 <skram> ey zounds
11:16:35 <Zounds> hi
11:17:46 <skram> you doin alright?
11:20:59 <Zounds> yeah doing ok
11:24:16 <skram> no cabin fever yet?
11:30:45 <Dot`> horses
11:30:47 <Dot`> hello
11:31:11 <skram> bjørn
11:32:16 <Dot`> jonas
11:37:12 <Runbunny> Dot.
11:37:17 <Runbunny> You're here.
11:44:48 <Zounds> a little bit skram
12:03:08 <Dot`> runbun, i am
12:20:15 <Cane> https://www.twitch.tv/esl_dota2
12:20:18 <Cane> Dotas starting.
12:34:07 <reification> bio https://twitter.com/MedMindset/status/1249768075093737472
12:37:47 <skram> .tell dub` https://i.imgur.com/VEOFOp5.jpg
12:40:07 <Rawr|Fone> Horse
13:15:19 <reification> dot rawr https://pbs.twimg.com/media/EV0hT1qU0AEQRCN.jpg
13:15:48 <Rawr|Fone> Good dog reef reef
13:29:08 <Dot`> i concur with rawr
13:29:52 -!- DuB` [DuB@cpe-68-174-122-249.nyc.res.rr.com] has joined #tlponies
13:30:15 <skram> what kind of dog would DuB` be
13:30:42 <DuB`> A yorkie?
13:30:53 <skram> i think samoyed
13:31:07 <Rawr|Fone> Samoyed yes
13:31:19 <DuB`> Well samoyeds are my favorite pups
13:31:25 <skram> rawr is a corgi of course
13:31:28 <skram> what would dot be
13:32:31 <skram> maybe a shiba due to excessive sassiness
13:33:07 <Dot`> last time you called me a samoyed
13:33:15 <skram> hmm hmm
13:33:24 <skram> you've grown sassier with time, Dot`
13:37:46 <Dot`> lies and slander
13:37:53 <reification> runbunny paper of the day, note the WHO bit edition https://mbio.asm.org/content/6/4/e01013-15
13:38:31 -!- skrma [~skram@134.19.189.244] has joined #tlponies
13:38:46 <skrma> i never speak lies
13:45:54 <Bio> good morning friends
13:45:59 <Dot`> hi
13:46:00 <Bio> imma go fight a baws
13:46:03 <Bio> ?biostream
13:59:49 <reification> viking :O
14:03:47 <Cane> Vikin.gg wrecking face.
14:03:49 <Cane> This is so great.
14:19:28 <skrma> gg
14:19:53 <reification> gg
14:19:55 <Cane> Holy crap.
14:19:56 <Cane> gg
14:44:33 <Runbunny> reification, https://www.youtube.com/watch?v=SAORQQrMuwY
14:58:12 <reification> jahy-sama!
15:04:10 <Runbunny> .choose monhun othergame
15:12:31 <Runbunny> reification, https://cdn.discordapp.com/attachments/131946718471127041/701078118370246856/D7gty-WV4AAoqG-.png
15:13:34 <Runbunny> Roughly translate to elf soldier who doesn't retweet lewd art but wants his timeline full of it anyway.
15:13:49 <reification> !
15:14:35 <reification> ty my japanese was struggling there
15:15:49 -!- Rawr|Fone [~AndChat52@c-94cfe455.020-164-6d6c6d4.bbcust.telenor.se] has joined #tlponies
15:27:55 -!- skram [~skram@82.147.53.4] has joined #tlponies
16:02:34 <Rawr|Fone> Hmm
16:02:41 <Dot`> mmh
16:03:03 <Rawr|Fone> Dot dot
16:04:53 <Dot`> rawrasaur <3
16:05:28 <Rawr|Fone> ❤
16:05:44 <Rawr|Fone> How are you doing today dot
16:05:59 <Dot`> doing ok rawr, trying to prep dnd
16:07:01 <Dot`> how abotu you
16:07:23 <Rawr|Fone> Good good
16:07:28 <Rawr|Fone> I drove today
16:07:33 <Rawr|Fone> Played some table tennis
16:10:40 <DuB`> VP... techies
16:10:41 <DuB`> O boi
16:13:41 -!- Camail [~Camail@45.40.84.145] has joined #tlponies
16:13:41 -!- mode/#tlponies [+v Camail] by Q
16:14:39 <Rawr|Fone> C
16:14:48 <Camail> r
16:16:20 <DuB`> a
16:17:46 <Rawr|Fone> 🅱️
16:22:07 <Cane> Hai Camail.
16:22:34 <Camail> hi cane
16:33:40 <Dot`> hey cam
16:33:55 <Camail> hi
16:41:44 <Dot`> hows your lockdown going?
16:44:08 <Camail> its going just fine
16:44:19 <Camail> a lot more poe
16:45:43 <Dot`> nice
16:46:57 -!- Rawr|Fone [~AndChat52@c-94cfe455.020-164-6d6c6d4.bbcust.telenor.se] has joined #tlponies
16:57:57 -!- Rawr|Fone [~AndChat52@c-94cfe455.020-164-6d6c6d4.bbcust.telenor.se] has joined #tlponies
17:01:03 <skram> ceeeeeeeb
17:20:43 -!- Rawr|Fone [~AndChat52@c-94cfe455.020-164-6d6c6d4.bbcust.telenor.se] has joined #tlponies
17:26:21 -!- Zounds [webchat@cloak-07ouvien.14-2.cable.virginm.net] has joined #tlponies
18:01:07 -!- Rawr|Fone [~AndChat52@c-94cfe455.020-164-6d6c6d4.bbcust.telenor.se] has joined #tlponies
18:46:37 <Rawr|Fone> 🐴
19:07:04 -!- Rawr|Fone [~AndChat52@c-94cfe455.020-164-6d6c6d4.bbcust.telenor.se] has joined #tlponies
19:14:15 <Zounds> where muh pons at
19:14:59 <skram> in the stable, zounds
19:15:01 <skram> where they live
19:15:09 <Zounds> ah
19:15:15 <Zounds> well as long as they're comfy
19:21:02 <Cane> 8th pick Brood.
19:21:05 <Cane> Rood.
19:23:34 <Cane> I'm so confused.
20:03:56 -!- Rawr|Fone [~AndChat52@c-94cfe455.020-164-6d6c6d4.bbcust.telenor.se] has joined #tlponies
20:21:16 -!- Rawr|Fone [~AndChat52@c-94cfe455.020-164-6d6c6d4.bbcust.telenor.se] has joined #tlponies
20:50:54 <reification> hmm maybe it will be italeave https://twitter.com/GoodwinMJ/status/1251593824020856833
20:57:34 <DuB`> Oh dear
21:05:27 <reification> (germany/holland went with a screw you, we're fine approach to coronabonds vs southern eu)
21:12:19 <reification> dub` bio https://www.youtube.com/watch?v=F6V7y0brtAQ
21:18:54 -!- Crisium [~Crisium@c-24-3-150-105.hsd1.pa.comcast.net] has joined #tlponies
21:34:24 -!- Rawr|Fone [~AndChat52@c-94cfe455.020-164-6d6c6d4.bbcust.telenor.se] has joined #tlponies
21:34:43 <Zounds> muh Crisium 
21:34:51 <Crisium> good evening zoonds
23:03:39 -!- Rial [~Rial@p452019-ipngn200305sasajima.aichi.ocn.ne.jp] has joined #tlponies
23:03:48 <Rial> morning!
23:03:54 <Rial> Michelle Creber is live
23:04:28 <skram> good morning Rial
23:07:16 <Rial> https://www.youtube.com/watch?v=g4Ilk17asY4
23:07:47 <skram> imma check it out
23:10:13 -!- Rawr|Fone [~AndChat52@c-94cfe455.020-164-6d6c6d4.bbcust.telenor.se] has joined #tlponies
23:13:53 <Bio> ?biostream
23:13:56 <Bio> ree
23:14:10 -!- reify [~reificati@cpc76294-cosh16-2-0-cust297.6-1.cable.virginm.net] has joined #tlponies
23:15:15 <DuB`> https://twitter.com/themouseyouknow/status/1251582115273203713?s=20
23:19:39 <reification> TIL https://twitter.com/scotpenetwork/status/1251075039761481728
23:21:45 <skram> 2 penguins died for this information
23:21:46 <skram> rip
23:36:48 <Dot`> the party failed to TPK again
23:36:52 <Dot`> very dissapointing
23:39:42 <reification> i’m sure you can do it if you try
23:41:36 <Dot`> its nice you believe in me reif
23:43:02 <Rial> for horse fans: https://shop.techycutie.com/product/pony-faces-face-masks
23:49:37 <Crisium> my state now wants face masks
23:49:42 <Crisium> i dun have any
23:50:36 <reification> time to get sewing
