00:24:02 <BioSC> stole a decked out sks from some nerd dot
00:35:30 <BioSC> also i'm tired and my eyes hurt. nn
00:36:35 <skram> bio
00:36:36 <skram> good night
06:34:43 -!- Golly [~kvirc@cm-84.213.21.103.getinternet.no] has joined #tlponies
06:36:40 -!- Rawr|Fone [uid440384@id-440384.highgate.irccloud.com] has joined #tlponies
06:51:49 -!- CellRoach [~AndChat14@m83-187-186-4.cust.tele2.se] has joined #tlponies
07:18:56 -!- Dot|Phone [uid393803@2001:67c:2f08:5::6:24b] has joined #tlponies
07:24:18 -!- Dot` [webchat@wyxh.5heh.1o2l.ip] has joined #tlponies
07:33:02 -!- Runbunny [~Bunnykitt@91.100.28.10.generic-hostname.arrownet.dk] has joined #tlponies
07:36:24 <Dot`> Runbun
07:49:11 <Runbunny> Dot.
08:05:29 <Dot`> how you bun?
08:30:50 <Runbunny> Dying in the heat.
08:30:54 <Runbunny> What about you friend?
08:31:15 <Runbunny> Think I'll go try a cold shower, see if that helps me any.
08:31:45 <Dot`> Im tired
08:59:56 <Runbunny> I know that sentiment.
09:00:04 <Runbunny> Have a cold shower.
09:04:17 <Dot`> ill give it a go
09:39:17 -!- Dot` [webchat@wyxh.5heh.1o2l.ip] has joined #tlponies
09:40:59 -!- Dot|Phone [uid393803@id-393803.brockwell.irccloud.com] has joined #tlponies
10:05:07 <Dot`> Rawr Rawr Rawr
10:22:16 <Rawr|Fone> DoT DoT DoT
10:22:18 <Rawr|Fone> ❤❤❤
10:40:56 -!- reification [~thomas@cpc76294-cosh16-2-0-cust297.6-1.cable.virginm.net] has joined #tlponies
10:40:56 -!- mode/#tlponies [+v reification] by Q
10:45:44 <Dot`> Rawr <3 <3 <3
10:45:55 <Dot`> was in a work meeting/call
10:45:57 <Dot`> Hey reif
10:51:54 -!- tredc [~tredc@c83-254-129-166.bredband.comhem.se] has joined #tlponies
11:36:48 <reification> hi dotties
11:45:55 <Runbunny> Hai reif.
11:46:16 <reification> hi bun
11:53:54 -!- BioPone [~androirc@mobile-166-177-56-184.mycingular.net] has joined #tlponies
12:07:55 -!- Cane [~Cane@CaneCraft.users.quakenet.org] has joined #tlponies
12:07:55 -!- mode/#tlponies [+o Cane] by Q
12:10:04 -!- Cane [~Cane@CaneCraft.users.quakenet.org] has joined #tlponies
12:10:04 -!- mode/#tlponies [+o Cane] by Q
12:12:04 -!- Cane [~Cane@CaneCraft.users.quakenet.org] has joined #tlponies
12:12:04 -!- mode/#tlponies [+o Cane] by Q
12:12:37 -!- Cane [~Cane@CaneCraft.users.quakenet.org] has joined #tlponies
12:12:37 -!- mode/#tlponies [+o Cane] by Q
12:14:03 <Cane> Why is it doing that.
12:15:13 <Rawr|Fone> Hmm
12:15:14 <Dot`> Cane, you need to calm down
12:22:20 <Runbunny> Cup'a tea.
12:22:37 -!- BioPhone [~androirc@12.33.239.117] has joined #tlponies
12:22:43 <Dot`> Bio
12:22:49 <Runbunny> Bio.
12:29:39 <BioPhone> Frins
12:39:09 <Dot`> Bio, vog-17 is the grenade with the 2.5 second timer
12:56:03 -!- skram [~skram@95.169.54.114] has joined #tlponies
12:57:40 <Runbunny> Jonas.
12:57:41 <Runbunny> You came.
12:58:36 <skram> Anders. You know it bby ;)
12:59:34 <Dot`> Jonas
13:00:30 <skram> Bjørn
13:09:09 <Rawr|Fone> Jonas
13:09:14 <Rawr|Fone> Wonderful
14:09:59 -!- BioPhone [~androirc@12.33.239.117] has joined #tlponies
14:16:59 <BioPhone> Seems like a strong grenade
14:17:11 <BioPhone> Did you see my last loot dot
14:17:41 <BioPhone> Had to go back to customs and get the Intel again, I forgot to move it to my stash
14:18:27 <BioPhone> Merked some skrub and stole his decked out sks and one of the biggest chest rigs I've ever seen
14:20:14 <BioPhone> I think it was the 25 slotter
14:20:45 <BioPhone> Aka its now my key container
14:22:28 <Dot|Phone> Oooo. Very nice
14:25:11 <Runbunny> Are you stealing Bio?
14:26:35 <BioPhone> Is it stealing if its from a corpse?
14:27:04 <BioPhone> He did shoot me back
14:27:13 <Dot|Phone> Well he probably had insurance
14:41:06 <BioPhone> Probably, but prapor ain't getting into my stash, namsayin
14:41:31 <BioPhone> Stripped that boy clean
14:59:03 <Dot|Phone> Work meeting has reached the 1 hour 30 minute mark
15:08:50 <Runbunny> reification, https://www.youtube.com/watch?v=bo-d5DD-qnY
15:09:28 <Runbunny> Excuse yourself to the bathroom Dot|Phone and just browse the net on your phone.
15:10:34 <Dot|Phone> It's a video call but the camera is high enough I can be on my phone just fine
15:34:14 <Dot`> done!
16:04:48 -!- BioPhone [~androirc@12.33.239.117] has joined #tlponies
16:12:16 <Rawr|Fone> Good job dot
16:12:25 <Rawr|Fone> Meetings are tough
16:48:46 -!- BioPhone [~androirc@mobile-166-177-57-8.mycingular.net] has joined #tlponies
16:49:26 -!- BioPone [~androirc@12.33.239.117] has joined #tlponies
17:08:58 <BioPone> Paytime friday
17:09:02 <BioPone> This is nice
17:33:26 <Runbunny> Yay just in time for pizza.
17:37:27 <Dot|Phone> Runbun you anarchist
17:38:16 <Dot|Phone> Ah, I see, I read that as you about to have pizza. 
17:38:23 <Dot|Phone> But still
17:43:49 -!- BioPone [~androirc@12.33.239.117] has joined #tlponies
18:03:51 <BioPone> Oh man
18:04:38 <BioPone> One of my work buddies sent me a picture of a customer that installed a high voltage outlet in the ceiling on a drop tile
18:06:28 <BioPone> Just imagine having the hookup for your washer and dryer held up by a tile that crumbles in a light breeze
18:47:41 -!- Dot` [webchat@cloak-mxi127u6.230.208.46.dyn.plus.net] has joined #tlponies
18:57:36 -!- reification [~thomas@cpc76294-cosh16-2-0-cust297.6-1.cable.virginm.net] has joined #tlponies
18:57:36 -!- mode/#tlponies [+v reification] by Q
19:02:12 <Dot`> no dub?
19:02:14 <Dot`> hmm
19:03:10 <reification> skram runbun https://twitter.com/cmt_jtg/status/1289546425743769606
19:04:13 <reification> the true danger noodle https://twitter.com/OutofVTubers/status/1289709442699649025
19:08:16 <reification> https://twitter.com/osakaki_yt/status/1292243340990115840 then https://twitter.com/An_ca_te/status/1292506338875060224/photo/1
19:09:22 <reification> bun https://twitter.com/AnimegirlENG/status/1291842674677383171
19:11:42 <reification> finally https://twitter.com/telewaifus/status/1292200470472282112
19:23:10 <Runbunny> Reif did you hear the watame hololive opening song?
19:24:13 <Runbunny> reification, https://www.youtube.com/watch?v=q4O-JlmrdQA
19:25:15 -!- carcinisation [~thomas@cpc76294-cosh16-2-0-cust297.6-1.cable.virginm.net] has joined #tlponies
19:25:15 -!- mode/#tlponies [+v carcinisation] by Q
19:25:24 <carcinisation> no bun i did not
19:29:51 <Runbunny> Do you need the link again?
19:32:15 <reification> yes
19:40:25 <Runbunny> https://www.youtube.com/watch?v=q4O-JlmrdQA
19:40:43 <Runbunny> Sorry, I was a bit busy.
19:46:33 <reification> very good
20:13:21 <BioPone> Pnai
20:18:13 <Rawr|Fone> Pony
20:20:34 <Dot`> pny
21:47:32 -!- Dot|Phone [uid393803@id-393803.brockwell.irccloud.com] has joined #tlponies
21:55:28 <reification> runbunny paper of the day: https://fliptomato.wordpress.com/2007/03/19/medical-researcher-discovers-integration-gets-75-citations/
22:07:17 -!- BioPone [~androirc@097-070-165-146.res.spectrum.com] has joined #tlponies
22:24:38 <skram> pals
22:25:37 <Dot|Phone> Hmm
22:25:50 <skram> dont you hmm me young man
22:26:43 <Dot|Phone> I'll hit you with my walking stick
22:27:15 <skram> friggin whippersnappers
22:28:50 <Dot|Phone> I think it's time to nap
22:29:55 <Dot|Phone> I got to get to work at an unnatural hour 
22:30:02 <Dot|Phone> 8;30
22:30:11 <Dot|Phone> Who is even awake then
22:30:12 <skram> wow
22:30:13 <skram> poor you
22:31:31 <Dot|Phone> You sympathy has been noted 
22:33:43 <BioSleep> am hom
22:33:51 <BioSC> still can't be Bio
22:33:55 <BioSC> =(
22:44:29 -!- BioPone [~androirc@097-070-165-146.res.spectrum.com] has joined #tlponies
22:48:06 <Runbunny> Great paper btw.
22:49:03 -!- BioPone [~androirc@097-070-165-146.res.spectrum.com] has joined #tlponies
23:04:12 <reification> night all
23:05:07 <skram> gnight pal
23:09:00 -!- Kittybunny [~Bunnykitt@91.100.28.10.generic-hostname.arrownet.dk] has joined #tlponies
23:22:29 -!- DuB` [DuB@cpe-68-174-122-249.nyc.res.rr.com] has joined #tlponies
23:26:18 <DuB`> prrrrrbbrbrrraaaa
23:40:29 <skram> where you been DuB`
23:40:33 <skram> we've been worried sick
23:40:34 <DuB`> werk
23:42:18 <skram> oh
23:42:23 <skram> well alright then
23:49:33 <BioSC> yeh
