00:00:51 -!- BioPhone [~androirc@097-070-165-146.res.spectrum.com] has joined #tlponies
00:19:31 -!- BioPhone [~androirc@097-070-165-146.res.spectrum.com] has joined #tlponies
00:20:30 -!- Micen [~Micen@h189.67.91.75.dynamic.ip.windstream.net] has joined #tlponies
00:24:41 <Micen> good evening
01:16:53 <skrm> micen fren
01:26:03 -!- BioPhone [~androirc@097-070-165-146.res.spectrum.com] has joined #tlponies
01:38:49 -!- Rawr|Fone [uid440384@id-440384.highgate.irccloud.com] has joined #tlponies
01:42:58 <BioPhone> Asdf
01:43:59 <skrm> whats for dinner bio
02:18:14 <skrm> .tell Dot` https://www.youtube.com/watch?v=DH3hCy4l4sY
04:54:51 -!- BioSC [~BioPon@097-070-165-146.res.spectrum.com] has joined #tlponies
06:21:00 <Rawr|Fone> Hmm
06:21:06 <Rawr|Fone> DuB`
06:45:47 <Rawr|Fone> Rude
07:06:39 -!- skram [~skram@109.203.22.118] has joined #tlponies
07:21:41 <Rawr|Fone> Jonas
07:21:50 <skram> henriken
07:21:55 <skram> god morgon
07:22:09 <Rawr|Fone> God morgon min vän
07:23:08 <skram> are you at work already henriken
07:32:31 <Rawr|Fone> Yes
07:33:52 <skram> how diligent
07:34:08 <Rawr|Fone> I try
07:34:24 <Rawr|Fone> Did you jusg get home from work jonas
07:34:27 <Rawr|Fone> Just
07:35:03 <skram> Just about
07:35:09 <skram> had some knäckebröds
07:35:43 <Rawr|Fone> Sounds nice
07:36:13 <Rawr|Fone> Did you lift any forks today?
07:38:03 <skram> no forks today
07:39:12 <Rawr|Fone> Maybe next time
07:58:11 -!- Dot` [webchat@cloak-jygyb6tz.57.143.150.dyn.plus.net] has joined #tlponies
07:59:30 <Rawr|Fone> DoT DoT DoT
08:05:10 <Dot`> Rawr Rawr Rawr
08:05:14 <Dot`> <3 <3 <3
08:05:15 <Rawr|Fone> ❤❤❤
08:05:19 <Dot`> Skram left D:
08:05:52 <Rawr|Fone> He didn't even say goodbye D:
08:06:07 <Rawr|Fone> He didn't lift any forks today though
08:07:26 <Dot`> must be all worn out
08:07:46 <Rawr|Fone> Probably
09:05:42 -!- Runbunny [~Bunnykitt@91.100.28.10.generic-hostname.arrownet.dk] has joined #tlponies
09:14:37 <Dot`> Runbun <3
09:26:18 <Rawr|Fone> Anders.
09:38:19 <Runbunny> Hai.
09:50:25 <Micen> hello
09:54:01 <Rawr|Fone> Moocen
09:54:07 <Rawr|Fone> Good morning
09:54:13 <Micen> it is I the Micen
10:14:42 <Dot`> Hi micen
10:14:53 <Micen> Morning
10:16:27 -!- Micen [~Micen@h189.67.91.75.dynamic.ip.windstream.net] has joined #tlponies
10:16:36 <Micen> huh strange
10:36:05 -!- Golly [~Username@cm-84.213.21.103.getinternet.no] has joined #tlponies
10:51:47 -!- Cane [~Cane@CaneCraft.users.quakenet.org] has joined #tlponies
10:51:47 -!- mode/#tlponies [+o Cane] by Q
10:54:12 -!- tredc [~tredc@c83-254-129-166.bredband.comhem.se] has joined #tlponies
11:22:21 -!- reification [~thomas@cpc76296-cosh16-2-0-cust215.6-1.cable.virginm.net] has joined #tlponies
11:22:21 -!- mode/#tlponies [+v reification] by Q
11:25:26 -!- Dot|Phone [uid393803@id-393803.brockwell.irccloud.com] has joined #tlponies
12:14:27 <Dot|Phone> Hmm
13:06:18 <reification> what is hmm?
13:10:48 <Dot|Phone> The day is a hmm day
13:20:00 -!- BioPhone [~androirc@mobile-166-177-58-56.mycingular.net] has joined #tlponies
13:20:00 -!- BioPone [~androirc@mobile-166-177-58-56.mycingular.net] has joined #tlponies
13:29:00 <Runbunny> Very suspicious.
13:55:18 -!- BioPone [~androirc@mobile-166-177-58-56.mycingular.net] has left #tlponies
13:55:22 -!- BioPhone [~androirc@mobile-166-177-58-56.mycingular.net] has left #tlponies
13:55:42 -!- BioPhone [~androirc@mobile-166-177-58-56.mycingular.net] has joined #tlponies
14:16:05 -!- BioPhone [~androirc@mobile-166-177-58-56.mycingular.net] has joined #tlponies
15:42:50 -!- BioPhone [~androirc@mobile-166-177-58-56.mycingular.net] has joined #tlponies
15:48:11 <BioPhone> Werk werk
15:48:45 -!- BioPone [~androirc@12.33.239.117] has joined #tlponies
16:24:59 -!- BioPone [~androirc@12.33.239.117] has joined #tlponies
16:42:13 <BioPone> Pon
16:46:07 <Dot|Phone> Tired pon 
16:49:38 <reification> went on hike. it was wet
16:49:51 <reification> someone slipped and took a swim
16:54:07 <Dot|Phone> Oh dear
17:00:46 -!- skram [~skram@109.203.22.118] has joined #tlponies
17:01:40 <Dot|Phone> Skram friend
17:04:19 <Runbunny> Jonas.
17:05:32 <skram> Dot pal, Anders.
17:44:44 -!- Dot` [webchat@cloak-jygyb6tz.57.143.150.dyn.plus.net] has joined #tlponies
17:46:46 <skram> what you up to frens
17:48:06 <Dot`> just got home
17:51:37 <Runbunny> Jonas, the rare that drops the bag is spawning in 10 minutes.
17:54:16 <skram> what bag ranban
17:54:32 <Runbunny> 34 slot bag in world of warcraft.
17:54:52 <Runbunny> All you have to do is get yourself to ice crown.
17:59:07 <skram> eeeh
18:01:06 <Runbunny> 2 minutes Jonas.
18:01:15 <Runbunny> It's a 7 hour wait for the next one.
18:05:48 <skram> Thats alright, Anders. I will get it next time, im sure.
18:42:10 -!- Rawr|Fone [uid440384@id-440384.highgate.irccloud.com] has joined #tlponies
18:48:40 <Dot`> reif, hows griftlands going?
18:54:25 -!- Camail [~Camail@45.40.84.145] has joined #tlponies
18:54:25 -!- mode/#tlponies [+v Camail] by Q
18:58:23 <Dot`> camamail
19:16:26 <reification> going to try new chara next. first two were great
19:16:59 <reification> currently i'm playing big hammer dude in ow tho
19:41:17 <Camail> yo
20:19:59 <Dot`> rawr
20:21:23 <Rawr|Fone> dot
20:21:34 <Dot`> <3
20:21:36 <Dot`> hows you
20:21:52 <Rawr|Fone> ❤
20:21:56 <Rawr|Fone> Good good
20:22:09 <Dot`> great
20:22:10 <Rawr|Fone> How has your day been
20:22:33 <Dot`> was ok
21:10:28 <Dot`> runbun, hob time
21:15:03 -!- BioPhone [~androirc@12.33.239.117] has joined #tlponies
21:15:09 <BioPhone> Neigh
21:15:48 <Dot`> nej
21:17:39 <CockRoach|42> pls calm down
21:18:26 <Dot`> no u
21:29:38 -!- BioPhone [~androirc@12.33.239.117] has joined #tlponies
22:04:32 -!- reification [~thomas@cpc76296-cosh16-2-0-cust215.6-1.cable.virginm.net] has joined #tlponies
22:04:32 -!- mode/#tlponies [+v reification] by Q
22:09:16 -!- BioPhone [~androirc@12.33.239.117] has joined #tlponies
22:10:34 -!- skrm [webchat@pioj.eid3.5dr2.ip] has joined #tlponies
22:10:42 <Dot`> skrm
22:10:46 <Dot`> halp
22:10:54 <skrm> whats wrong pal
22:10:54 <Dot`> i got hiccups
22:11:07 <skrm> watch a scary movie
22:11:28 <Dot`> too scary
22:27:35 <Dot`> finaly gone
22:27:43 <Dot`> thanks skram
22:28:25 <skrm> im getting a 5.4% raise dot
22:28:34 <skrm> with 6 months of back pay \o/
22:29:35 <reification> \o/
22:29:52 <reification> what will you spend your riches on?
22:30:43 <Dot`> 6 months? like half a year
22:30:47 <Dot`> nice
22:35:59 <BioPhone> Man I want that
22:36:09 <BioPhone> Girf
22:36:23 <skrm> im gonna buy a 3d printer and make bootleg anime figurines to become rich
22:37:09 <Dot`> pls provide dnd minis too
22:37:43 <Dot`> i need an ancient silver dragon.... no reason
22:41:16 -!- BioPone [~androirc@mobile-166-177-57-252.mycingular.net] has joined #tlponies
22:46:02 <Dot`> yuo could even 3d print vakists death slap the green dragon
23:00:23 <skrm> where do i buy 3d modeling skills though
23:06:18 -!- BioPone [~androirc@097-070-165-146.res.spectrum.com] has joined #tlponies
23:11:34 -!- BioPone [~androirc@097-070-165-146.res.spectrum.com] has joined #tlponies
23:24:46 <Runbunny> Time to sleep a bit.
23:24:48 -!- BioSC [~BioPon@097-070-165-146.res.spectrum.com] has joined #tlponies
23:24:48 <Runbunny> Goodnight.
23:24:52 <Runbunny> Hai Bio.
23:25:03 <BioSC> haibai
23:44:35 -!- BioPone [~androirc@097-070-165-146.res.spectrum.com] has joined #tlponies
23:56:05 <Camail> pls
