00:00:22 <Dot`> sorry dub, was only 1 other person when i invited you
00:00:25 <Dot`> then MORE showed up
00:00:28 <DvB`> Haha
00:00:37 <DvB`> Np, there's lotsa esports on right now to enjoy too
00:06:06 <carcinisation> dub https://twitter.com/41Oerror/status/1227894064353292288
00:13:23 <Dot`> SKRAM https://imgur.com/gallery/XX7deBg
00:15:12 <skram> good sheep
00:23:08 <Crisium> good skram
00:25:19 <skram> good cowboy
00:28:21 -!- BioPone [~androirc@097-070-165-146.res.spectrum.com] has joined #tlponies
00:35:26 <carcinisation> good night
00:35:32 <Crisium> nn
01:17:53 <Dot`> jonas https://imgur.com/gallery/yVnORuk
01:34:32 <Dot`> dub
01:34:36 <Dot`> why is skram ignoring me
01:42:15 <DvB`> v busy on a saturday night
01:42:27 <Dot`> out being cool probably
01:43:27 <skram> dot pls im doing drugs and listening to popular music
01:43:41 <skram> dot do you only like 1 meme
01:58:06 <Dot`> no!
01:58:12 <Dot`> there are like 3
01:59:17 <skram> weirdo
02:00:36 <Dot`> i just have standards skram
02:02:30 <skram> standards?? what a waste of effort
03:06:47 <Dot`> what doing dub
03:15:07 <DvB`> oberwaj
03:53:05 <Micen_> Dot, what three memes do you like?
04:30:07 -!- Rawr|Fone [~AndChat52@c-94cfe455.020-164-6d6c6d4.bbcust.telenor.se] has joined #tlponies
04:45:18 <Camail> ok wolcen sucks
04:45:29 <Camail> i cant make it passed the tutorial it just looks like garbage
06:02:20 -!- Rawr|Fone [~AndChat52@c-94cfe455.020-164-6d6c6d4.bbcust.telenor.se] has joined #tlponies
06:17:16 -!- Rawr|Fone [~AndChat52@c-94cfe455.020-164-6d6c6d4.bbcust.telenor.se] has joined #tlponies
06:39:49 -!- Rawr|Fone [~AndChat52@m83-187-184-155.cust.tele2.se] has joined #tlponies
07:34:57 <Rawr|Fone> 🐴🐴🐴
07:37:40 <Rial> I'm a hacker
08:44:06 -!- Rawr|Phone [~AndChat52@c-94cfe455.020-164-6d6c6d4.bbcust.telenor.se] has joined #tlponies
08:54:38 -!- Rawr|Fone [~AndChat52@c-94cfe455.020-164-6d6c6d4.bbcust.telenor.se] has joined #tlponies
09:09:41 -!- Golly [~kvirc@cm-84.213.21.103.getinternet.no] has joined #tlponies
09:21:42 -!- Rawr|Fone [~AndChat52@c-94cfe455.020-164-6d6c6d4.bbcust.telenor.se] has joined #tlponies
09:28:45 <Dot`> Micen_, only 2 actually, Goose and loops
09:41:21 -!- Rawr|Fone [~AndChat52@c-94cfe455.020-164-6d6c6d4.bbcust.telenor.se] has joined #tlponies
09:52:57 -!- Rawr|Phone [~AndChat52@m83-187-184-155.cust.tele2.se] has joined #tlponies
10:55:17 <Rawr|Phone> 🐴🐴🐴
11:08:50 -!- reification [~thomas@cpc76294-cosh16-2-0-cust297.6-1.cable.virginm.net] has joined #tlponies
11:08:50 -!- mode/#tlponies [+v reification] by Q
11:10:38 <Dot`> rawr rawr rawr
11:10:42 <Dot`> <3 <3 <3
11:10:45 <Dot`> hey reif!
11:12:01 -!- tredc [~tredc@c83-254-129-166.bredband.comhem.se] has joined #tlponies
11:13:10 <reification> hi dotties
11:20:25 <Rawr|Phone> Dot dot dot
11:20:29 <Rawr|Phone> ❤❤❤
11:20:34 <Rawr|Phone> Reef reef
11:20:40 <reification> roar roar
11:47:27 <Rial> Today I learned how to mod a PSVita
11:51:34 <reification> it's ok i won't tell sony :p
12:10:06 <reification> what do you need to mod a vita for rial?
12:13:13 -!- Rawr|Fone [~AndChat52@c-94cfe455.020-164-6d6c6d4.bbcust.telenor.se] has joined #tlponies
12:19:19 -!- skram [~skram@85.159.237.34] has joined #tlponies
12:19:56 <reification> skramu
12:21:05 <skram> reifsan
12:22:27 <reification> it is time for culture
12:23:45 <skram> oh boy
12:23:51 <skram> what sort of culture is it this time
12:24:18 <reification> the latest ep of reviewers is out :D
12:26:48 <skram> haha
12:26:52 <skram> the apex of culture
12:27:12 -!- Zounds [webchat@cloak-07ouvien.14-2.cable.virginm.net] has joined #tlponies
12:27:18 <Zounds> m'pons
12:27:24 <reification> m'zounds
12:27:25 <skram> m'zounnds
12:27:46 <Zounds> hows you
12:28:00 <skram> reif is watching hentai, and i just woke up
12:30:33 <Zounds> haha
12:30:47 <Zounds> having fun reif?
12:37:43 <reification> so far it's exceeding expectations once again :D
12:45:54 <Dot`> hey zounds <3
12:46:30 <Zounds> hai
13:32:34 <Dot`> skra, how you doing today
13:36:53 <skram> hmm im not sure yet Dot`
13:37:02 <skram> seems well enough
13:37:04 <skram> hows your face
13:37:39 <Dot`> its ok, looking like im going to waste another day playing tarkov
13:37:46 <Dot`> but i at least got to the shops for milk and bread
13:40:37 <Zounds> keep yourself sustained dottles
14:07:58 <Dot`> and how are you doing zoonds?
14:10:07 -!- Runbunny [~Runbunny@91.100.28.10.generic-hostname.arrownet.dk] has joined #tlponies
14:13:02 <reification> ranban
14:13:47 -!- DuB` [DuB@cpe-68-174-122-249.nyc.res.rr.com] has joined #tlponies
14:14:06 <Runbunny> Hai.
14:14:59 <DuB`> Good morns
14:16:06 <Dot`> dub dub
14:16:11 <Dot`> Ruuuunbun
14:19:31 <skram> Anders, Jake
14:20:46 <Runbunny> Bjørn, Jonas.
14:20:51 <Runbunny> Jake.
14:21:08 <Runbunny> The game is all here.
14:21:42 <DuB`> The game or the gang
14:21:44 <DuB`> Are we gaming?
14:21:49 <skram> Yes.
14:22:07 <skram> Im building a shinkansen atm.
14:22:23 <DuB`> :o
14:22:35 <Dot`> there is room this time in tarkov if you want dub atm
14:22:40 <Dot`> i dont know what that is skram
14:23:26 <reification> fast weeb train
14:23:36 <Runbunny> What a bunch of gamers.
14:24:26 <Rial> Good morning, it's bedtime~ 
14:24:43 <reification> nn rial
14:24:44 <Rial> I'm working on a big piece of art. Super proud of it. Will be released on the 21st
14:24:56 <DuB`> Oh boi
14:25:01 <DuB`> I'll put it on my calendar ;D
14:25:16 <Dot`> gnight rial
14:26:02 <Runbunny> Sounds cool Rial.
14:29:48 -!- Crisium [~Crisium@c-24-3-150-105.hsd1.pa.comcast.net] has joined #tlponies
14:35:03 <Dot`> a Crisium? at this time of day
14:35:27 <Crisium> yes
14:35:28 <Crisium> howdy
14:41:40 <skram> yee haw
15:08:49 -!- Rawr|Fone [~AndChat52@c-94cfe455.020-164-6d6c6d4.bbcust.telenor.se] has joined #tlponies
15:54:13 <Runbunny> Dot`, Dot` Have you escaped from Tarkov yet?
15:58:19 -!- Crisium [~Crisium@c-24-3-150-105.hsd1.pa.comcast.net] has joined #tlponies
16:12:25 <skram> i dont think anyone ever escapes from tarkov, Anders
16:17:34 <Dot`> no bun, i died again
16:17:40 <Dot`> and dub stood and watched
16:17:48 <skram> LONG LIVE THE KING
16:22:58 <Bio> poor hors
16:23:19 <Bio> also morn
16:24:10 <skram> morn pal
16:34:28 <Bio> store time?
16:34:30 <Bio> food store time
16:38:50 <Dot`> morn bio
16:38:53 <Dot`> dub` https://imgur.com/gallery/yguPuwc
16:39:06 <Bio> asduff
16:39:24 -!- Rawr|Fone [~AndChat52@c-94cfe455.020-164-6d6c6d4.bbcust.telenor.se] has joined #tlponies
16:39:28 <Rawr|Fone> 🐴🐴🐴
16:40:40 <Bio> bbl
16:45:37 -!- BioPone [~androirc@mobile-166-176-250-78.mycingular.net] has joined #tlponies
16:48:46 <Dot`> skram https://i.imgur.com/WVgA88d.png
17:02:14 <Rawr|Fone> Dot dot
17:04:44 <skram> haha
17:04:50 <skram> what a stupid question Dot`
17:05:24 <Rawr|Fone> Obviously yes
17:15:17 -!- BioPone [~androirc@74.85.109.4] has joined #tlponies
17:26:25 -!- BioPone [~androirc@74.85.109.4] has joined #tlponies
17:28:03 -!- BioPone [~androirc@74.85.109.4] has joined #tlponies
17:30:40 <Dot`> rawr
17:30:49 <Rawr|Fone> Dot
17:33:23 <Dot`> tarkov is being especialy sad today
17:35:13 <Runbunny> That's all right.
17:42:02 <DuB`> Bring back capes https://twitter.com/MonmoN2133/status/1228659427051393025?s=20
17:42:29 <skram> theres nothing stopping you from just buying a cape, DuB`
17:42:33 <DuB`> Also baroque ornate aesthetics
17:42:58 <skram> ugh no
17:43:10 <skram> if we're gonna bring something back it should be art deco
17:43:38 <DuB`> Well you'd like nyc
17:44:20 <skram> heck yeah
17:45:08 <DuB`> Wait
17:45:10 <DuB`> lol
17:45:16 <DuB`> Sending you a pic of my pants :P
17:45:32 <skram> uuuuh
17:45:42 <skram> oh hahah
17:48:12 -!- BioPone [~androirc@74.85.109.4] has joined #tlponies
17:51:16 -!- BioPone [~androirc@74.85.109.4] has joined #tlponies
17:53:37 -!- BioPone [~androirc@74.85.109.4] has joined #tlponies
17:57:12 -!- BioPone [~androirc@74.85.109.4] has joined #tlponies
18:00:51 <BioPone> Asdf
18:02:59 <Rawr|Fone> Ghjk
18:16:38 -!- Rawr|Fone [~AndChat52@c-94cfe455.020-164-6d6c6d4.bbcust.telenor.se] has joined #tlponies
18:16:46 -!- BioPhone [~androirc@mobile-166-176-250-112.mycingular.net] has joined #tlponies
18:17:00 <BioPhone> Spent lots of skrilla on foods
18:17:09 <BioPhone> Time to put it all away
18:23:18 <skram> did you get any eggplants
18:23:41 <DuB`> And ICE CREAM
18:25:59 <skram> ice cream is not a vegetable dub :(
18:26:28 <Dot`> dub dub
18:26:38 <Dot`> ive cream to counter tarkov sadness?
18:27:15 <Dot`> icw*
18:27:20 <Dot`> ice*
18:27:21 <DuB`> Dot pls
18:27:22 <DuB`> Haha
18:27:23 <skram> lol
18:27:24 <Dot`> hmm, i may need more sleep
18:28:32 <DuB`> It would be better if the sadness would just happen faster! :P
18:28:59 <Dot`> games are slow today
18:29:12 <DuB`> I think 3 gunfights in 2h
18:29:32 <Dot`> woods was a bad choice to take you to, its always dead
18:30:01 <Dot`> but yea, its not as fast as overwatch :P
18:30:15 <Dot`> somewhere between pubg and arma
18:33:58 -!- BioPone [~androirc@097-070-165-146.res.spectrum.com] has joined #tlponies
18:38:02 -!- Crisium [~Crisium@24.3.150.105] has joined #tlponies
18:38:24 -!- Crisium_ [webchat@cloak-tt0hdt6l.hsd1.pa.comcast.net] has joined #tlponies
18:45:23 <reification> https://knowyourmeme.com/photos/645705-why-are-you-eating-ice-cream
18:45:38 <reification> you aren't really selling me on this tarkov thing :p
18:46:37 <skram> is it like dota in the way that you need to suffer through 9 games of sadness for a single moment of glory that somehow makes it worth it
18:46:40 <BioPone> Pee pew
18:46:54 <BioPone> Pew pew even
18:48:50 <DuB`> Except after 9 losses you have no gear left :P
18:49:10 <skram> well after 9 games of dota you have no will to live
18:50:23 <DuB`> Hm
18:50:37 <DuB`> Better to hum mons 
18:50:44 <reification> maybe i go back to starcraft
18:51:10 <Rawr|Fone> That's only of you had one in the first place skram
18:53:57 <skram> its show up again from time to time
18:54:45 <Dot`> tarkov is the best fps i have played, it has the complexity of arma without most of the clunkyness, so many intracacies to the play, unmatched gun modding, and a bunch more, but some days game is hard and sad
18:55:35 <Crisium> hard and sad
19:00:41 <Dot`> im sure i could word at some point
19:00:57 <Crisium> https://www.thesun.co.uk/news/10947705/pets-china-makeshift-face-masks-coronavirus/
19:01:03 <Crisium> well this is something
19:01:16 <reification> speaking of sad there was an unfortunate incident where someone put a limb into the bathroom via the loft today...
19:02:28 <Dot`> hmm
19:02:28 <skram> how does such an incident occur reif
19:02:38 <Dot`> thats not where limbs are designated to enter from reif
19:02:53 <Crisium> are you sure
19:03:28 <reification> too bad they will be completely useless cris, if i need to wear the masks i have i will need to lose the beard :(
19:05:06 <reification> they were investigating a leak and slipped. at least it was only a limb and not full entry 
19:05:30 <reification> (only part of the loft is boarded)
19:06:46 <skram> walk on the friggin beams you dumdums
19:06:49 <skram> go scold 'em reif
19:24:33 -!- BioPone [~androirc@097-070-165-146.res.spectrum.com] has joined #tlponies
19:28:30 -!- Camail [~Camail@45.40.84.145] has joined #tlponies
19:28:30 -!- mode/#tlponies [+v Camail] by Q
19:42:14 <skram> camail
19:42:19 <Camail> skram
19:42:20 <BioPone> Skram
19:44:59 <Dot`> skram
19:45:08 <skram> whaddayawant you punks
19:47:23 <Dot`> i would think its obvious
19:57:42 <Bio> cake
19:57:44 <Bio> or someth
19:59:52 <skram> I already said you could have a little salami!
20:00:40 <Bio> hmm
20:00:49 <Dot`> but just one bit?
20:00:52 <Dot`> what if i want more
20:08:14 <skram> then you're SOL, pal
20:12:12 <Bio> (don't worry dot i bought you a whole lasami
20:12:27 <Bio> eat as much as u want)
20:14:50 <skram> dont spoil the lad
20:18:10 <Dot`> i dont know what SOL is!
20:25:33 <reification> something obnoxious likely
20:42:49 <Dot`> well dub, we had one rage quite in the end (claming supper was ready) and 1 leave the moment the last raid was done
20:43:01 <Dot`> the parralels with dota are actually very apt
20:43:09 <Dot`> bad day for tarkov
20:44:12 <DuB`> o dear
20:45:27 <Dot`> we will try again next weekend if you still wish to try
20:45:41 <DuB`> oke
20:46:10 <skram> whos tarkov anyway
20:47:05 <Dot`> russian
20:50:32 <skram> friggin russians
21:12:04 <CockRoach|42> hors hors
21:13:00 <Dot`> cr hest!
21:20:34 <CockRoach|42> !!!
21:20:49 <Dot`> how have you been?
21:21:37 <CockRoach|42> i've been a good boy
21:22:33 <Dot`> i would never doubt it, unlike skram
21:23:12 <Dot`> he is always up to sometihng
21:32:21 <Rawr|Fone> Very true
21:56:38 -!- Rial [~Rial@p2429120-ipngn200603tokaisakaetozai.aichi.ocn.ne.jp] has joined #tlponies
21:57:56 <Dot`> mornign rial
22:04:00 <skram> good morning rial
22:04:28 <skram> are you spreading falsehoods again Dot`??
22:04:36 <Dot`> never
22:12:12 <Crisium> Rial
22:12:14 <Crisium> how are you pon
22:25:01 -!- Rawr|Fone [~AndChat52@c-94cfe455.020-164-6d6c6d4.bbcust.telenor.se] has joined #tlponies
22:28:30 <Rial> Morning, all
22:28:33 <Rial> Getting ready for work
22:28:43 <skram> ah dang
22:28:49 <skram> its already monday across the world isnt it
22:29:26 <CockRoach|42> Dot`: i think skram is the rowdiest of boys
22:30:40 <Dot`> hmm, ive done a study and foud this to be true
22:30:58 <skram> noobs
22:31:05 -!- Micen_ [~Micen@h6.74.23.98.dynamic.ip.windstream.net] has joined #tlponies
22:49:04 -!- Rawr|Fone [~AndChat52@c-94cfe455.020-164-6d6c6d4.bbcust.telenor.se] has joined #tlponies
22:54:03 <Dot`> jonas
22:54:08 <Dot`> why you name calling
22:55:17 <Rawr|Fone> That's just how he is dot
23:12:47 <Crisium> dot and roor
23:12:50 <Crisium> you are good pons
23:15:26 <reification> night all https://twitter.com/JucikaDaily/status/1226536233213583365
23:22:29 -!- sweetiebot [~skybot@209.141.41.184] has joined #tlponies
23:29:41 <Crisium> they are dogs i think
23:31:35 <Dot`> https://www.nationalgeographic.com/animals/mammals/s/spotted-hyena/
23:31:51 <Dot`> Although hyenas appear similar to dogs, they are actually more closely related to cats.
23:32:26 <Dot`> you like cats skram!
23:32:44 <skram> not hyenas
23:34:20 <Dot`> :(
