00:12:01 <skram> Runbunny im 69% certain i recognize guras voice from a different youtube creator
00:12:24 <Runbunny> Do you want me to tell you who?
00:12:56 <Dot`> probably lewd
00:13:09 <skram> sure bun
00:13:11 <skram> and probably, dot
00:29:50 <Dot`> he ran away skram
00:32:03 -!- Dot|Phone [uid393803@id-393803.brockwell.irccloud.com] has joined #tlponies
00:34:21 <Runbunny> I am fairly certain that I lost yet another round of season anime draft.
00:39:59 <skram> is that like fantasy football
00:40:16 <Runbunny> Yes.
00:42:39 <Runbunny> Anyhoo I sleep.
02:22:59 -!- Cane [~Cane@CaneCraft.users.quakenet.org] has joined #tlponies
02:23:00 -!- mode/#tlponies [+o Cane] by Q
03:19:03 <BioSC> n
03:25:01 <skram> nn
05:13:38 -!- Rawr|Fone [uid440384@id-440384.highgate.irccloud.com] has joined #tlponies
05:34:08 <Rawr|Fone> Good morning
07:21:21 <Cane> Hiya Rawr. <3
07:21:33 <DuB`> Good morning
07:31:42 -!- Golly [~Username@cm-84.213.21.103.getinternet.no] has joined #tlponies
07:55:51 <Rawr|Fone> Hi cane ❤
08:01:59 -!- Runbunny [~Bunnykitt@91.100.28.10.generic-hostname.arrownet.dk] has joined #tlponies
08:18:16 -!- Dot|Phone [uid393803@id-393803.brockwell.irccloud.com] has joined #tlponies
08:18:24 -!- Dot` [webchat@07ne.847t.e8w3.ip] has joined #tlponies
09:21:50 <Dot`> walk time
09:21:53 <Dot`> later horses
09:51:23 -!- tredc [~tredc@c83-254-129-166.bredband.comhem.se] has joined #tlponies
11:56:02 -!- Golly [~Username@cm-84.213.21.103.getinternet.no] has joined #tlponies
12:36:58 -!- reification [~thomas@cpc76296-cosh16-2-0-cust215.6-1.cable.virginm.net] has joined #tlponies
12:36:58 -!- mode/#tlponies [+v reification] by Q
12:38:27 <Runbunny> Hai Reif.
12:44:07 <reification> hi bun
12:49:00 <Dot`> i am back from walk
12:49:01 <Dot`> hedge
12:49:21 <reification> wb dotties
12:51:19 <reification> well it's a good job the concrete in the new porch has hardened as the amazon guy yeeted my manga in to it through a small window left open...
12:51:51 <Dot`> ...
12:54:55 <Runbunny> O:
13:08:52 -!- BioPhone [~androirc@097-070-165-146.res.spectrum.com] has joined #tlponies
13:10:30 -!- skram [~skram@95.169.37.64] has joined #tlponies
13:14:18 <Dot`> Jonas
13:14:22 <Dot`> hows your face?
13:14:37 <skram> dot
13:14:44 <skram> not brilliant
13:15:08 <reification> oh no!
13:15:27 <reification> what is afflicting it?
13:15:42 <Dot`> still sore? :(
13:16:00 <skram> just slept too much i think
13:22:17 -!- Rawr|Fone [uid440384@id-440384.highgate.irccloud.com] has joined #tlponies
13:40:18 <BioSC> asdf
13:40:22 <BioSC> mann
13:40:58 <Dot`> Biopon
13:41:50 <BioSC> theres an alien terror attack in cape town dot
13:42:17 <BioSC> Chrissalids everywhere
13:48:58 <Dot`> make sure to go see the waterfront while your there
13:53:09 <BioCom> oh, we will
13:53:22 <BioCom> i'm looking up goofy alien dance gifs for a splash screen
13:53:28 <BioCom> stream to start soon
13:56:21 <Runbunny> O:
13:56:32 <Runbunny> I can watch Bio and play Hades at the same time.
14:06:28 <BioCom> tru
14:11:59 -!- BioPhone [~androirc@097-070-165-146.res.spectrum.com] has joined #tlponies
14:14:25 <BioCom> ?biostream
15:29:56 <Dot`> skram
15:30:04 <Dot`> feeling better?
15:57:29 <Rawr|Fone> DoT
16:02:53 <Dot`> Rawr
16:03:11 <Rawr|Fone> ❤❤
16:03:17 <Rawr|Fone> How are you today
16:10:08 <Dot`> <3 <3
16:10:12 <Dot`> pretty good
16:10:45 <Dot`> went for a nice walk and now playing pc while its raining outside
16:10:48 <Dot`> how about you?
16:16:15 <Rawr|Fone> Good good
16:16:21 <Rawr|Fone> Not doing much today
16:42:45 <Runbunny> Me neither!
16:42:53 <Runbunny> Have today off :D
16:52:34 <Rawr|Fone> Great runbun
17:32:59 -!- Dot|Phone [uid393803@id-393803.brockwell.irccloud.com] has joined #tlponies
17:46:13 -!- DuB` [DuB@cpe-68-174-122-249.nyc.res.rr.com] has joined #tlponies
17:53:16 <Dot|Phone> Dub dub
17:57:12 <DuB`> Dot dot
17:57:18 <DuB`> Work done, did lotsa exercise
18:02:21 <Dot|Phone> No bleeding? 
18:02:30 <DuB`> Psh
18:03:33 -!- reify [~reificati@cpc76296-cosh16-2-0-cust215.6-1.cable.virginm.net] has joined #tlponies
18:09:58 <Dot|Phone> Hmm
18:14:28 <Runbunny> Hmm.
18:16:55 <reify> hmm
18:41:44 -!- Camail [~Camail@45.40.84.145] has joined #tlponies
18:41:44 -!- mode/#tlponies [+v Camail] by Q
18:44:20 <Dot`> cammml
18:51:23 <reify> https://twitter.com/Mengo329/status/1312522784719867904
18:55:44 <Dot`> sneaky
19:06:39 <Camail> hullo
20:08:00 -!- Golly [~Username@cm-84.213.21.103.getinternet.no] has joined #tlponies
20:13:17 <BioSC> asdf
20:13:29 <Dot`> africa > bio
20:16:11 <BioSC> lets be real, the aliens can have it
20:26:16 <reify> danish football looks quite silly https://streamable.com/lppfjb
20:28:16 <Golly> big oof
20:41:21 <Dot`> looks like soccer reif
21:16:26 <Runbunny> Hahaha that's a great clip.
21:18:49 <Dot`> runbun
21:33:56 <Runbunny> Dot.
21:34:18 <Dot`> where is hob
21:41:13 <Dot`> also, im still waiting on an update from you
21:41:52 <Runbunny> from me?
21:42:08 <Dot`> yes
21:42:40 <Runbunny> Regarding what exactly?
21:42:53 <Dot`> your friend
21:44:16 <Runbunny> Oh that. I was just riled up by new coworkers. I kinda extended an open invitation, which wasn't accepted so it's cool.
21:44:37 <Dot`> ah well
22:12:53 <Runbunny> Anyhoo I need to get to bed.
22:13:11 <Runbunny> Gonna learn how to use a robot tomorrow.
22:13:24 <Dot`> bbeep boop?
22:13:27 <Dot`> gnight bun
22:13:36 <skram> robits woo
22:13:41 <skram> godnat, andersen
22:14:16 <Runbunny> Thanks friends.
22:23:42 <BioSC> beep boop
22:34:13 <reification> skram dot https://twitter.com/TheElfnostate/status/1311818067945623553/photo/1
23:01:44 -!- Dot|Phone [uid393803@id-393803.brockwell.irccloud.com] has joined #tlponies
