01:40:31 <Camail> there we go, better build, crushed it
01:40:47 <Camail> the trick is to do thousands of damage
01:41:29 <skram> I always go for the dash modifiers so i can just zoom around
01:48:58 -!- Cane [~Cane@CaneCraft.users.quakenet.org] has joined #tlponies
01:48:58 -!- mode/#tlponies [+o Cane] by Q
07:26:10 -!- Runbunny [~Bunnykitt@91.100.28.10.generic-hostname.arrownet.dk] has joined #tlponies
07:58:35 -!- Dot` [webchat@5dx3.pthb.nklt.ip] has joined #tlponies
08:09:25 <Runbunny> Hai Dot.
08:13:21 <Dot`> Runbun <3
08:21:07 -!- reification [~thomas@cpc76296-cosh16-2-0-cust215.6-1.cable.virginm.net] has joined #tlponies
08:21:07 -!- mode/#tlponies [+v reification] by Q
08:30:55 <Dot`> reef!
08:31:34 <reification> dotties!
08:49:03 <Runbunny> Hai Reif.
08:49:17 <reification> hi bun
09:05:12 -!- Golly [~Username@cm-84.213.21.103.getinternet.no] has joined #tlponies
09:13:54 -!- Rawr|Fone [uid440384@id-440384.highgate.irccloud.com] has joined #tlponies
09:14:32 <Dot`> Rawr Rawr Rawr
09:14:55 <Rawr|Fone> DoT DoT Dot
09:15:00 <Rawr|Fone> ❤❤❤
09:15:31 <Dot`> <3 <3 <3
09:18:57 <Cane> https://www.youtube.com/watch?v=Wqwslx5rW2Q
09:24:32 <Golly> ive seen this before, but i dont think ive ever played it myself
09:25:40 <Golly> maybe on gamegrumps? not sure
09:26:34 <reification> cane's dos game streams were great
09:50:09 -!- tredc [~tredc@c83-254-129-166.bredband.comhem.se] has joined #tlponies
09:52:46 <Cane> Thank you! <3
10:01:32 <Dot`> morning cane <3
12:04:19 <reification> hike time
12:10:01 -!- skram [~skram@109.203.22.118] has joined #tlponies
12:14:07 -!- skrma [~skram@109.203.22.118] has joined #tlponies
12:16:29 <skrma> helo frens
12:19:26 -!- BioPone [~androirc@mobile-166-177-58-208.mycingular.net] has joined #tlponies
12:22:52 <Runbunny> Work time!
12:23:48 <Dot`> skrma
12:31:07 <skrma> doot
12:32:01 <BioPone> Morning
12:41:59 <Dot`> Bio
12:50:03 -!- BioPhone [~androirc@12.33.239.117] has joined #tlponies
12:58:21 <BioPhone> Work internet butt
13:28:45 <Dot`> .tell runbunny degeneracy explained? https://imgur.com/gallery/IlNCFtq
13:35:58 -!- BioPhone [~androirc@12.33.239.117] has joined #tlponies
13:44:28 -!- BioPhone [~androirc@12.33.239.117] has joined #tlponies
14:33:54 <skrma> Dot`
14:35:46 <Dot`> Hi friend
14:36:11 <skrma> what you up to buddy
14:36:58 <Dot`> work
14:37:02 <Dot`> like a peasant
14:37:32 <Dot`> SCADA and LOI for new Hull Dewatering
14:37:51 <skrma> whats dewatering
14:40:48 <Dot`> Lime + Poly + sludge
14:40:50 <skrma> oh i see
14:40:51 <Dot`> into a centrifuge
14:40:53 <skrma> yeah
14:41:17 <skrma> poly? like flocculation?
14:41:32 <Dot`> yea, to thicken the sludge
14:41:46 <skrma> that makes sense
14:46:43 -!- BioPhone [~androirc@12.33.239.117] has joined #tlponies
14:53:40 <Dot`> what you been up to today skram
14:55:00 <skrma> My brother dropped by earlier to change his tires
14:55:05 <skrma> then we had a coffee and a cake
14:55:56 <Dot`> did you bake the cake?
14:56:28 <skrma> naah
15:04:21 <Dot`> what kind of cake though?
15:04:23 <Dot`> i want cake now
15:07:10 <Dot`> skram, cougar is putting everyone back on what pay we had before the pandemic. so im back up 12% from november
15:07:34 <Dot`> also there is still hope we will get backpayed what we didnt get next year
15:26:37 <skrma> woo
15:26:42 <skrma> money is good
15:27:18 <skrma> we had a... napoleon cake?
15:27:27 <skrma> its sort of like a mille-feuille i think
15:28:39 <Dot`> dont know it
15:29:33 <skrma> its puff pastry with custard and icing onm top
15:49:56 <reification> fancy
15:50:17 <reification> i have returned from hike
15:50:31 <reification> we only had to cross one stream from going the wrong way
15:50:41 <reification> and a horse tried to eat our map
15:50:50 <skrma> very rude horse
16:18:24 -!- BioPhone [~androirc@12.33.239.117] has joined #tlponies
17:00:17 <reification> https://pbs.twimg.com/media/Ek7OaAzWAAA-Ym9?format=jpg&name=900x900
17:07:10 -!- BioPhone [~androirc@12.33.239.117] has joined #tlponies
17:07:22 <reification> dot cane this looks like your sort of thing: https://www.youtube.com/watch?v=o_PBfLbd3zw
17:12:16 <Dot`> oh a new Sseth video
17:31:18 -!- DuB` [DuB@cpe-68-174-122-249.nyc.res.rr.com] has joined #tlponies
17:31:30 <skrma> well well well
17:31:49 <reification> dub
17:32:05 <DuB`> :O
17:34:15 -!- Dot|Phone [uid393803@id-393803.brockwell.irccloud.com] has joined #tlponies
17:34:38 <Cane> Caves of Qud is one of the few true roguelikes I haven't tried.
17:46:28 <reification> https://twitter.com/markowenmartin/status/1319222420020969473
18:02:42 -!- skram [~skram@109.203.22.118] has joined #tlponies
18:23:05 -!- Camail [~Camail@45.40.84.145] has joined #tlponies
18:23:05 -!- mode/#tlponies [+v Camail] by Q
18:36:29 -!- Dot` [webchat@5dx3.pthb.nklt.ip] has joined #tlponies
18:58:53 <Dot`> horse
19:00:55 <Rawr|Fone> DoT my dear friend
19:01:06 <Rawr|Fone> How has your day been
19:01:38 <Dot`> Rawr hest
19:02:40 <Dot`> it was ok, how about you?
19:05:02 <Rawr|Fone> Busy work day
19:07:42 <Dot`> hmm
19:17:53 <skram> im watching accordion videos on youtube
19:17:55 <skram> what are you doing dot
19:20:05 <Dot`> working on dnd stuff, and talking to my brother a bit
19:20:34 <Dot`> he sayd there have been warnings for the past weeks about a large amount of funnel webs heading into houses due to rains
19:21:13 <skram> why would you ever live a place where thats something you have to worry about
19:21:55 <Dot`> well you have mooseseses
19:22:28 <skram> mooses dont hurt nobody
19:22:34 <skram> unless you slam into them with your car
19:22:58 <Dot`> what about carving intiitals?
