00:05:58 -!- BioPone [~androirc@097-070-165-146.res.spectrum.com] has joined #tlponies
00:18:38 -!- Crisium|2 [~Crisium@c-24-3-150-105.hsd1.pa.comcast.net] has joined #tlponies
00:32:06 <reify> night all
00:33:23 <DuB`> g'night!
00:41:53 <skram> gnight reifen
00:58:42 -!- Rawr|Fone [~AndChat52@c-94cfe455.020-164-6d6c6d4.bbcust.telenor.se] has joined #tlponies
00:58:45 -!- Runbunny [~Runbunny@91.100.28.10.generic-hostname.arrownet.dk] has joined #tlponies
01:03:28 <skram> anders
01:03:51 <Runbunny> Jonas.
01:04:03 <skram> Hi there.
01:04:44 <Runbunny> I am writing a application for a job in the middle of the night since I have a review of said application in like 8-9 hours.
01:04:57 <skram> you can do it
01:04:58 <Runbunny> and it's litterally the hardest thing ever.
01:05:08 <skram> do you want me to be your reference
01:05:16 <Runbunny> Like, your dick doesn't even compare.
01:05:31 <Runbunny> I kinda want this job O:
01:05:38 <skram> anders drenge er lige en riktigt godt gut
01:05:44 <skram> signed, skram
01:05:49 <Runbunny> :D
01:06:17 <Runbunny> You could add a line about genes and stuff.
01:06:32 <skram> he also did experiments on rats or something
01:09:14 <Bio> this bun is a very good horse - Bio
01:09:21 <Bio> 10/10 would hire
01:10:24 <Runbunny> Given my license I am allowed to: design procedures to be done on laboratory animals, do said procedures provided they fall within the bounds of the legislation, Euthanize animals.
01:10:28 <Runbunny> However.
01:10:41 <Runbunny> I am not allowed to care for them.
01:25:00 <skram> so you're allowed to kill peoples pets but not love them
01:25:09 <skram> how sad
01:27:22 <Runbunny> Basically. 
01:28:54 <Runbunny> Every project involving animal models are required to have a veterinarian to care for the animals.
01:37:16 -!- BioPone [~androirc@097-070-165-146.res.spectrum.com] has joined #tlponies
01:46:59 -!- BioPone [~androirc@097-070-165-146.res.spectrum.com] has joined #tlponies
01:56:09 <Bio> T_T
01:56:46 <skram> P_P
02:03:16 -!- BioPone [~androirc@097-070-165-146.res.spectrum.com] has joined #tlponies
02:36:11 <Runbunny> I better be sleeping.
02:36:24 <Runbunny> Enjoy your fire skram.
03:08:59 -!- Crisium|2 [~Crisium@24.3.150.105] has joined #tlponies
03:40:13 -!- Rawr|Fone [~AndChat52@c-94cfe455.020-164-6d6c6d4.bbcust.telenor.se] has joined #tlponies
05:02:16 -!- Rawr|Fone [~AndChat52@c-94cfe455.020-164-6d6c6d4.bbcust.telenor.se] has joined #tlponies
05:18:04 -!- Rawr|Fone [~AndChat52@c-94cfe455.020-164-6d6c6d4.bbcust.telenor.se] has joined #tlponies
05:34:13 -!- Rawr|Phone [~AndChat52@83.191.116.198] has joined #tlponies
05:42:14 <Rawr|Phone> 🐴🐴🐴
06:35:51 -!- sweetiebot [~skybot@209.141.41.184] has joined #tlponies
07:21:05 -!- Dot|Phone [uid393803@2001:67c:2f08:5::6:24b] has joined #tlponies
07:25:32 <Rawr|Phone> DoT DoT DoT
07:49:44 <Dot|Phone> Rawr Rawr Rawr 
07:49:48 <Dot|Phone> 💖💖💖
07:50:49 -!- Rawr|Fone [~AndChat52@c-94cfe455.020-164-6d6c6d4.bbcust.telenor.se] has joined #tlponies
07:51:52 <Rawr|Fone> 💖💖💖
08:46:44 -!- Rawr|Fone [~AndChat52@c-94cfe455.020-164-6d6c6d4.bbcust.telenor.se] has joined #tlponies
09:11:52 -!- Golly [~kvirc@cm-84.213.21.103.getinternet.no] has joined #tlponies
09:12:56 -!- Rial [~Rial@p452129-ipngn200305sasajima.aichi.ocn.ne.jp] has joined #tlponies
10:19:59 -!- reification [~reificati@cpc76294-cosh16-2-0-cust297.6-1.cable.virginm.net] has joined #tlponies
10:26:22 <Dot|Phone> Hey Reif
10:26:38 <reification> hi dotties
10:58:51 -!- Rial [~Rial@p452129-ipngn200305sasajima.aichi.ocn.ne.jp] has joined #tlponies
11:44:01 <Rawr|Fone> Horses
11:44:34 <Dot|Phone> 🦓🦓🦓
11:44:44 <Rawr|Fone> 🦄🦄🦄
11:49:33 <Rial> Morning, all
11:50:35 <Rawr|Fone> Good afternoon rial
11:57:31 <Dot|Phone> Hedge Rial <3
12:15:22 -!- skram [~skram@213.232.87.112] has joined #tlponies
12:17:34 <skram> morning pals
12:19:51 <reification> hej skram
12:20:37 -!- Rawr|Phone [~AndChat52@m83-187-176-8.cust.tele2.se] has joined #tlponies
12:20:58 <skram> ooh slimesekai update reifen
12:24:08 <Dot|Phone> Jonas friend
12:24:18 <skram> dot fren
13:03:07 <reification> https://twitter.com/jin00001/status/1233071818983927811
13:21:12 -!- Runbunny [~Runbunny@91.100.28.10.generic-hostname.arrownet.dk] has joined #tlponies
13:21:37 <skram> Anders.
13:21:42 <skram> How did your application go
13:24:50 <Runbunny> It's not done yet. I got more ideas from my meeting, so now I can implement those.
13:25:22 <Runbunny> How's the fire?
13:25:44 <skram> I dont bring fires home, runbunny
13:26:13 <skram> im a pyromaniac by trade only
13:27:06 <Runbunny> Seems like missed potential.
13:28:26 <skram> nono its important to keep your private business seperated
13:28:47 <Rawr|Phone> Good luck anders
13:29:06 <Rawr|Phone> Jonas my friend
13:29:36 <skram> henrik gamle ørn
13:32:50 <Runbunny> Job applications are the worst though.
13:32:59 <skram> yeah no kidding
13:33:10 <Runbunny> I constantly feel like I am trick to con someone.
13:35:27 <skram> runbun the conman
13:37:07 <Golly> oh suuuuure im a people person who works well with otheeeeers
13:37:17 <Golly> eheh
13:37:39 <skram> my greatest weakness is that im just so gosh dang diligent
13:39:24 -!- tredc [~tredc@c83-254-129-166.bredband.comhem.se] has joined #tlponies
13:39:46 <Golly> i thought it was crippling lego addiction
13:40:04 <Golly> but maybe dont tell them that
13:40:12 <skram> haha
13:40:23 <skram> well you never tell the truth in these things
13:41:49 <Runbunny> lel
13:46:56 <Dot|Phone> Runbun, just ask if you need a reference, I can write one. 
13:47:06 <Dot|Phone> " he's a good lad that one" 
13:47:20 -!- BioPone [~androirc@12.33.239.117] has joined #tlponies
13:52:45 <Golly> will work for headpats
13:58:40 <BioPone> Pat pat
13:58:57 <BioPone> Also hi
13:58:57 <Dot|Phone> Bio, you know what today is
13:59:06 <BioPone> P A Y D A Y
13:59:12 <Dot|Phone> Pizza day! 
13:59:39 <BioPone> It can and is both!
13:59:46 <Dot|Phone> What a day
14:02:03 <BioPone> Glorious day
14:19:28 <Runbunny> O:
14:19:30 <Runbunny> Nice.
14:38:02 <Rial> bedtime~
14:40:11 <skram> good night rial !
14:40:22 <Rial> good morning, skram =w= zZ
14:56:25 -!- Rawr|Fone [~AndChat52@c-94cfe455.020-164-6d6c6d4.bbcust.telenor.se] has joined #tlponies
14:57:41 <Rawr|Fone> 🐴🐴🐴
14:59:17 <reification> 🦄🦄🦄
15:01:39 <Rawr|Fone> Reef reef
15:05:20 <reification> roar roar
15:05:27 <BioPone> Everyone's work computer restarted all at once just now
15:05:31 <BioPone> Spoopy
15:05:45 <skram> knock knock
15:05:47 <skram> whos there
15:05:48 <skram> is putin
15:05:51 <reification> sounds like tiny power cut to me
15:07:01 <skram> nono
15:07:03 <reification> we can only wish that putin level competence was in charge of things skram ;/
15:07:05 <skram> russian hackers def
15:12:21 <BioPone> Nah, like windows restart
15:30:27 -!- Rawr|Fone [~AndChat52@c-94cfe455.020-164-6d6c6d4.bbcust.telenor.se] has joined #tlponies
15:35:44 <BioPone> But could be ruskies
15:35:50 <BioPone> Who knows?
15:45:40 -!- Dot` [webchat@cloak-jlzhn5po.230.208.46.dyn.plus.net] has joined #tlponies
15:50:16 <BioPone> Dot horse
15:50:29 <BioPone> What pizza did u buy today sir
15:52:06 <Dot`> a spicy one with some salami on it, nothing fancy
15:52:17 <Dot`> and its raining so im not going to go buy olives for it
15:53:13 <Dot`> what about you sir?
15:53:34 <skram> why cant you eat olives in rainy weather
15:56:59 <Dot`> i have to go to the shops to get olives
15:57:16 <skram> oh lol
16:06:05 <BioPone> I'm still at werk, I have some time to mull it over
16:06:21 <BioPone> I don't usually put vegetables on tho
16:21:55 <Runbunny> You don't the glory of salad pizza.
16:23:27 <BioPone> It's true. And I probably will keep it that way xd
16:24:06 <Dot`> My mom and i share a birthday, and we alwasy use to drive out to a town called Franschhoek, great pizza place there, i use to get this green pepper, chillie and feta cheese pizza
16:24:25 <Dot`> dont know why i ever picked that one, but it was one of the best pizzas and i got it every year
16:27:18 <Runbunny> Dot, that sounds way too fancy.
16:27:33 <Runbunny> Just get a pizza with salad, dressing and kebab.
16:27:40 <Runbunny> reification, skram https://www.youtube.com/watch?v=Icjlhps-tJ0
16:28:56 <Dot`> runbun, one day we will go there together and get one of those pizzas, then you will see
16:40:55 <Runbunny> All right.
16:40:59 <Runbunny> It's a date.
17:26:27 -!- Rawr|Fone [~AndChat52@c-94cfe455.020-164-6d6c6d4.bbcust.telenor.se] has joined #tlponies
17:29:43 <Rawr|Fone> 🐴🐴🐴
17:33:01 <Golly> any of you nerds want a diabotical key, i have 2 extra
17:34:37 <reification> runbunny i understand nothing
17:35:23 <Runbunny> I kinda want one Golly, if you're sharing.
17:36:01 <Golly> sec
17:39:39 <Golly> so they did a deal with epic sooo
17:39:51 <Golly> they did offer the kickstarter people money back at least
17:40:46 <skram> is it an epic exclusive now
17:41:32 <Golly> I think so
17:42:05 <skram> james is an ass
17:42:06 <skram> etc
17:42:36 <Golly> hard to turn down a big bag of cash
17:42:51 <skram> guess so
17:43:27 <skram> seems like the sorta thing that would make a lot tof people mad though
17:43:55 <Golly> a game like this lives or dies based on the community
17:44:07 <Golly> taking a big cash pile, and letting them go f2p
17:44:12 <Golly> helps with that
17:44:21 <Golly> but yea
17:59:21 -!- BioPone [~androirc@12.33.239.117] has joined #tlponies
18:03:01 <BioPone> I dont even know what diabolical is
18:03:49 <Golly> https://twitter.com/Slasher/status/1233358407241019393
18:06:05 <Dot`> new quake?
18:06:08 <Golly> spiritual successor to quake 33
18:06:12 <Golly> y
18:06:15 <Dot`> with beep boop
18:26:52 <Rawr|Fone> DoT DoT
18:30:16 <Runbunny> Rawr Rawr.
18:30:35 <Rawr|Fone> Run Bun
18:41:44 <Dot`> Rawr Rawr
18:42:21 <Rawr|Fone> Did you have a good day today dotpon
18:42:28 <Rawr|Fone> And what about you anders
18:43:50 <Dot`> there is still pizza to eat rawr
18:43:55 <Dot`> so it will improve soon
18:45:07 <Rawr|Fone> Hmm
18:50:37 <Dot`> hmm
18:50:58 <Rawr|Fone> 🤔🤔🤔
18:58:06 <Dot`> i even put extra cheese on it rawr
18:59:19 <Rawr|Fone> How decadent
19:02:06 <Rawr|Fone> I started reading wheel of time again dot
19:04:35 <Dot`> great rawr
19:04:48 <Dot`> going to finish in time for the series and then we can both hate it and be sad?
19:05:02 <Rawr|Fone> Maybe
19:05:14 <Golly> wait theres a series coming
19:05:20 <Rawr|Fone> Yes
19:06:10 <Rawr|Fone> I think Amazon picked it up?
19:09:38 <Golly> egwene looks a bit more
19:09:45 <Golly> ethnic
19:09:52 <Golly> than i remember
19:10:59 <Golly> guess thats par for the course these days
19:11:31 <Golly> theres a pratchett film coming where like half the characters are gender swapped
19:11:43 <Dot`> weird
19:13:47 <Golly> or series rather https://en.wikipedia.org/wiki/The_Watch_(TV_series)
19:18:58 <Golly> the bbc are currently trying their best to destroy dr who
19:19:04 <Golly> I feel bad for the fans
19:22:01 <Dot`> yea, i still watch it, its ok, but nothing what it was
19:22:14 <Dot`> they have been making a lot of realy weird choices
19:23:53 -!- Camail [~Camail@45.40.84.145] has joined #tlponies
19:23:53 -!- mode/#tlponies [+v Camail] by Q
19:24:23 <Dot`> its the butt of butts
19:28:35 -!- BioPone [~androirc@12.33.239.117] has joined #tlponies
19:30:19 <Camail> yes
19:35:13 <BioPone> Yes
19:36:38 <Rawr|Fone> Yes
19:50:43 <BioPone> It's almost pizza time
19:58:57 <BioPone> 30 mins more work
20:01:32 <Dot`> !!
20:05:39 <BioPone> Now I hope my new windows are done
20:23:49 <BioPone> Time to find out
20:23:54 <BioPone> Its home time
20:23:56 <BioPone> Brb
20:54:46 -!- BioPone [~androirc@097-070-165-146.res.spectrum.com] has joined #tlponies
21:02:15 -!- Rawr|Fone [~AndChat52@c-94cfe455.020-164-6d6c6d4.bbcust.telenor.se] has joined #tlponies
21:04:17 <skram> Im getting kinda sick and I suddenly got a bit worried that I might have caught corona but then I remembered that I dont really go outside so where the hell would I get infected lel
21:04:25 <skram> camail you old butt, where have you been
21:04:47 <Camail> first i was sick, then i was playing fire emblem
21:04:53 <Camail> still am
21:05:06 <Camail> but i hook it up to my monitor so i cant really alt tab
21:05:15 <skram> cool cool cool
21:05:34 <skram> i played a lil bit on the train earlier
21:05:50 <skram> but apparently i cant really enjoy games on the tiny monitor
21:06:40 <Runbunny> Well Jonas, there's a two week incubation period of the virus.
21:07:21 <Runbunny> I am guessing that it's just hysteria/nocebo. 
21:07:51 <Runbunny> I suggest taking it easy, maybe order a nice large pizza.
21:09:48 <skram> its just a bit of tonsilitis i guess
21:10:13 <skram> i get that maybe once per year but my doc dont wanna snip my tonsils
21:27:01 -!- Bio [~BioPon@097-070-165-146.res.spectrum.com] has joined #tlponies
21:27:09 <Bio> hola
21:27:16 <Bio> soy Bio
21:27:17 <Camail> boi
21:27:31 <skram> oib bio
21:35:07 <Rawr|Fone> Jonas
21:35:15 <Rawr|Fone> Take care of yourself my dear
21:48:10 <Dot`> tonsils are important skram
21:51:09 <skram> whats the point of them
21:52:30 <Bio> sir
21:52:31 <Bio> pls
21:52:45 <Bio> i have had my 'zza
21:52:55 <Runbunny> Please sir.
21:53:09 <Bio> also my windows are done
21:53:10 <Runbunny> describe your feelings to me.
21:53:11 <Bio> and they are nice
21:53:31 <Bio> i am content, i didn't eat too many slice like i usually do
21:53:39 <Bio> i may have some ice cream later
21:53:45 <Bio> got off werk erly today
21:53:49 <Bio> happi for weekend
21:53:54 <skram> no
21:54:00 <skram> icecream is illegal in winter
21:54:14 <Bio> falsities
21:54:17 <Bio> you forget
21:54:23 <Bio> i live in F R E E D O M L A N D
21:55:06 <Dot`> skram https://imgur.com/gallery/JiGE2fH
21:55:40 <skram> orwell you fuckin' weeb
21:56:02 -!- Rawr|Phone [~AndChat52@m83-185-94-65.cust.tele2.se] has joined #tlponies
21:57:11 <Bio> https://i.imgur.com/lWmyx9c.mp4
21:57:13 <Bio> for skram only
21:57:30 <Dot`> well i looked
21:57:54 <skram> what a fuckin' unit tthis is
21:57:59 <skram> i want it
21:58:40 -!- Rial [~Rial@p452129-ipngn200305sasajima.aichi.ocn.ne.jp] has joined #tlponies
21:58:51 <skram> good morning rial
21:58:53 <Bio> I cahnt believe you've done this
21:59:57 <skram> im watching anthony bourdain go around and eat stuff
22:00:09 <skram> and he's eating TACO RICE and it looks delicious
22:00:12 <Bio> bruh he ded
22:00:14 <skram> i want it
22:00:27 <skram> well he didnt use to be :(
22:00:37 <Bio> tru
22:09:58 <Rial> Good mornign
22:11:24 <Dot`> hey rial
22:21:40 -!- Crisium [~Crisium@c-24-3-150-105.hsd1.pa.comcast.net] has joined #tlponies
22:38:58 <Dot`> hey Crisium 
22:39:17 <Crisium> howdy
22:47:02 -!- DuB` [DuB@cpe-68-174-122-249.nyc.res.rr.com] has joined #tlponies
22:47:35 <Dot`> dub dub
22:47:39 <DuB`> dot dot
22:48:30 <DuB`> pizza get
22:48:34 <DuB`> weekend freedom get
22:49:29 <skram> d|_|b
22:49:44 <skram> crisinyan
22:51:19 <DuB`> emergency supplies get
22:51:30 <DuB`> skr/\m
22:51:54 <skram> nice
23:03:33 -!- Rawr|Fone [~AndChat52@c-94cfe455.020-164-6d6c6d4.bbcust.telenor.se] has joined #tlponies
23:04:11 <Rawr|Fone> 🐴🐴🐴
23:04:21 <Rawr|Fone> It's bed time euro pons
23:16:21 <Runbunny> It sure is.
23:19:37 -!- Dot|Phone [uid393803@2001:67c:2f08:5::6:24b] has joined #tlponies
23:46:04 -!- Dot` [webchat@cloak-jlzhn5po.230.208.46.dyn.plus.net] has joined #tlponies
23:48:06 <Bio> asdf
