21:09:10 -!- sweetiebot [~skybot@209.141.41.184] has joined #tlponies
21:22:13 -!- Rawr|Fone [~AndChat52@c-94cfe455.020-164-6d6c6d4.bbcust.telenor.se] has joined #tlponies
21:25:22 <Bio> chad 2020
21:25:35 <Bio> we are back from the store bois
21:25:39 <Bio> spent even more dollar
21:25:51 <Bio> how i should be good to go to not leave my house for another 2 months
21:25:57 <Bio> now*
21:30:21 <Camail> stock up
21:30:27 <Camail> prep for The End
21:46:30 <skram> bio old pal
21:46:41 <skram> how much TP did you get
21:47:56 <Camail> you dont need tp when you have a belt grinder
21:48:33 <skram> a grinding belt gets saturated with poo faster than TP does
21:49:12 <Bio> i actuall did see some tp
21:49:14 <skram> well not really, but a grinding belt is much too short
21:49:17 <Bio> but i'm good and stocked
21:49:39 <Bio> moar persona now i think
21:50:12 <Dot`> gl bio
21:51:05 <skram> when are we gonna watch the anime together bio
21:51:21 <Bio> licherally N E V E R
21:51:39 <Bio> ?biostream
21:51:50 <skram> its on crunchyroll and i got a premium pass??
21:51:58 <skram> cmon bud
21:52:23 <Bio> lol
21:53:52 -!- Rial [~Rial@p452019-ipngn200305sasajima.aichi.ocn.ne.jp] has joined #tlponies
21:54:15 <skram> good mornin rial
22:04:59 <Dot`> which anime skram?
22:05:17 <skram> the persona one
22:07:19 <Dot`> bio is playing it right now
22:07:22 <Dot`> you can watch
22:07:31 <skram> i am, but thats the video game
22:07:34 <skram> theres a cartoon as well
22:16:34 <skram> when are we watching the panzer cartoon Dot`
22:16:47 -!- Rawr|Fone [~AndChat52@c-94cfe455.020-164-6d6c6d4.bbcust.telenor.se] has joined #tlponies
22:17:35 <Dot`> is it out?
22:17:43 <skram> does not seem so
22:22:18 <Dot`> :(
22:30:24 <skram> There's a couple slightly dodgy version on nuaa
22:30:27 <skram> nyaa
22:49:22 <reification> night all
22:52:47 <Dot`> gnight reif <3
23:06:42 <skram> i shall also abscond
23:06:44 <skram> good night frens
23:07:05 <Crisium> nn skram
23:19:07 -!- Rawr|Fone [~AndChat52@c-94cfe455.020-164-6d6c6d4.bbcust.telenor.se] has joined #tlponies
