01:16:22 -!- Rawr|Fone [~AndChat52@c-94cfe455.020-164-6d6c6d4.bbcust.telenor.se] has joined #tlponies
02:54:12 -!- Rawr|Fone [~AndChat52@c-94cfe455.020-164-6d6c6d4.bbcust.telenor.se] has joined #tlponies
05:38:09 -!- Rawr|Fone [~AndChat52@c-94cfe455.020-164-6d6c6d4.bbcust.telenor.se] has joined #tlponies
06:38:08 -!- skrm [webchat@pioj.eid3.887x.ip] has joined #tlponies
06:38:11 <skrm> hmm
06:58:55 -!- Rawr|Fone [~AndChat52@c-94cfe455.020-164-6d6c6d4.bbcust.telenor.se] has joined #tlponies
07:11:10 -!- Golly [~kvirc@cm-84.213.21.103.getinternet.no] has joined #tlponies
07:39:05 -!- reification [~thomas@cpc76294-cosh16-2-0-cust297.6-1.cable.virginm.net] has joined #tlponies
07:39:05 -!- mode/#tlponies [+v reification] by Q
07:39:17 <reification> it's a dazzling morning today
07:39:21 <reification> hello tlpons
07:45:24 -!- Dot` [webchat@lijh.6nb9.0v1j.ip] has joined #tlponies
07:45:24 <Dot`> Morning
07:47:29 -!- Rawr|Fone [~AndChat52@c-94cfe455.020-164-6d6c6d4.bbcust.telenor.se] has joined #tlponies
07:48:52 <reification> hedge dotties <3
07:49:49 <Dot`> reif!
08:20:24 <skrm> reifen, bjørnen
08:25:28 <Dot`> its that skrm
08:29:21 <Dot`> i woke up this morning missing a sock
08:29:24 <Dot`> and i cant find it
08:32:59 <Dot`> is dub still playing terraria
08:37:58 <reification> sounds like he has an alibi for the missing sock then :p
08:39:40 <Dot`> I wouldnt count him out just yet
08:42:06 <skrm> did you dream about eating
08:42:10 <skrm> maybe you munched it
08:42:46 <Dot`> i dont have sock taste in my mouth
08:44:52 <Dot`> skrm, do you?
08:45:08 <skrm> dont think so
08:49:19 <reification> somehow i appear to have lived my life so far without learning the taste of socks
08:49:26 <reification> have i been missing out?
08:51:29 <Dot`> well, there is an easy way to find out
08:51:56 <Dot`> but rememeber socks are like cheese, many variaties, hand knitted wool are up there as one of the best
08:55:58 <skrm> i know what socks taste like but i have no memory of ever tasting one
08:56:32 <Dot`> proof skrm is a sleep sock eater
09:12:42 <reification> either that or he has very peculiar mystical powers
09:14:20 <reification> i have found a strange 'almost a country but not really' i want to visit https://en.wikipedia.org/wiki/Transnistria
09:22:36 -!- carcinisation [~thomas@cpc76294-cosh16-2-0-cust297.6-1.cable.virginm.net] has joined #tlponies
09:22:36 -!- mode/#tlponies [+v carcinisation] by Q
09:24:38 <skrm> oh boy
09:47:55 <skrm> .tell reification https://www.youtube.com/watch?v=2O-sIUIzUGM ??
10:05:16 <carcinisation> now that is a some *advanced* video shitposting :O
10:10:01 -!- tredc [~tredc@c83-254-129-166.bredband.comhem.se] has joined #tlponies
10:20:55 <skrm> this channel is pretty great
10:22:34 -!- Rawr|Fone [~AndChat52@c-94cfe455.020-164-6d6c6d4.bbcust.telenor.se] has joined #tlponies
10:26:47 <reification> you are pretty great
10:56:40 <Dot`> its walk time
10:56:44 <Dot`> later horses
10:57:06 <Dot`> gl with the last bit of your week skrammmen
11:10:30 -!- Rawr|Fone [~AndChat52@c-94cfe455.020-164-6d6c6d4.bbcust.telenor.se] has joined #tlponies
11:32:05 -!- Rawr|Fone [~AndChat52@c-94cfe455.020-164-6d6c6d4.bbcust.telenor.se] has joined #tlponies
11:43:24 -!- Zounds [webchat@cloak-07ouvien.14-2.cable.virginm.net] has joined #tlponies
11:57:41 -!- carcinisation [~thomas@cpc76294-cosh16-2-0-cust297.6-1.cable.virginm.net] has joined #tlponies
11:57:41 -!- mode/#tlponies [+v carcinisation] by Q
12:00:20 -!- Rawr|Fone [~AndChat52@m83-185-92-225.cust.tele2.se] has joined #tlponies
12:06:48 <Rawr|Fone> 🐴🐴🐴
12:17:22 <carcinisation> 🦓🦓🦓
12:18:15 -!- Dot|Phone [uid393803@2001:67c:2f08:5::6:24b] has joined #tlponies
12:18:19 -!- Rawr|Phone [~AndChat52@m83-185-92-225.cust.tele2.se] has joined #tlponies
13:16:41 <Dot`> Back
13:16:50 <Dot`> Hello horses
13:20:31 <skrm> hallo bjørnen
13:21:58 <Dot`> skrm, still working? pls
13:22:07 <skrm> pls
13:22:17 <skrm> i do want to go home and celevrate norway day
13:25:35 <Dot`> its norway day?
13:27:06 <Dot`> Rawr, explain norway day to me pls
13:28:21 <Dot`> ALso i feel dub fell asleep at his keyboard while playing terraria
13:32:37 -!- Cane [~Cane@CaneCraft.users.quakenet.org] has joined #tlponies
13:32:37 -!- mode/#tlponies [+o Cane] by Q
13:32:44 <Cane> Hallo. <3
13:32:47 <Dot`> Hey cane <3
13:32:51 <Dot`> Happy norway day?
13:33:24 <Cane> Yup yup, a weird one featuring social distancing and takeout pizzas, but still.
13:39:31 -!- Zounds [webchat@cloak-07ouvien.14-2.cable.virginm.net] has joined #tlponies
13:40:04 -!- reimeuk [~thomas@cpc76294-cosh16-2-0-cust297.6-1.cable.virginm.net] has joined #tlponies
13:40:04 -!- mode/#tlponies [+v reimeuk] by Q
14:09:23 -!- Runbunny [~Bunnykitt@91.100.28.10] has joined #tlponies
14:09:47 <Runbunny> Hai.
14:10:05 <Runbunny> I returned home again.
14:14:20 <Dot`> runbun!
14:14:45 <DuB`> Morn!
14:15:03 <DuB`> Dot I left the game up so my west-coasters could keep going :P
14:15:30 <Dot`> suuuure
14:15:36 <Runbunny> I sat in a park and drank some beer for the most of the day.
14:16:13 <Dot`> did you shout at ppl to keep thier distance?
14:25:22 <Runbunny> I did rant.
14:26:32 <Dot`> great
14:27:34 -!- carcinisation [~thomas@cpc76294-cosh16-2-0-cust297.6-1.cable.virginm.net] has joined #tlponies
14:27:34 -!- mode/#tlponies [+v carcinisation] by Q
14:37:16 <Runbunny> carcinisation, I have to spent 1600 sanity today :/
14:38:18 <carcinisation> having too much sanity must be a new problem for you :p
14:39:01 <Runbunny> Are you calling me insane?
14:39:24 <Runbunny> Also https://www.youtube.com/post/UgxkN9hFoDHtEvTSlk14AaABCQ
14:39:38 <carcinisation> it was implied >.>
14:40:30 <carcinisation> what a useful image, especially for haachama fans
14:43:53 <Dot`> Dub, how is terrarara
14:44:07 <Runbunny> I think that Haato herself will have the most use for the image though.
14:44:13 <carcinisation> if you have reached the daytime drunken park ranting state already bun, i can see i shall have to visit to sort you out soon...
14:44:28 <Runbunny> :D
14:45:47 <carcinisation> yes, i mean the fans will be on the receiving end. though if you call your fans pigs, you know what you're getting into xD
14:50:01 <Runbunny> I missed this while I was out though https://www.youtube.com/watch?v=0v2yvlPBWZ4
14:50:48 <carcinisation> the perils of not being constantly online
14:52:03 <carcinisation> this cat has such an incredible case of resting smug face :3
15:33:48 <Rawr|Phone> Dot I can't explain norway, since I am not norwegian
15:33:52 <Rawr|Phone> Even they couldn't explain
15:35:09 -!- Dot|Phone [uid393803@2001:67c:2f08:5::6:24b] has joined #tlponies
15:36:51 <skrm> gratulerer med dagen, Cane
15:42:15 <carcinisation> there are about 200 countries and 366 days so there are plenty to go around
15:42:23 <Cane> Gratulerer skrm <3
15:42:39 <carcinisation> i hope you norwegians enjoy yours <3
15:44:25 <Runbunny> Hurra Jonas?
15:44:39 <skrm> Hurra!
15:46:25 <Runbunny> Hurra!
15:51:46 <carcinisation> Hurra‽
15:55:48 <Rawr|Phone> Hurra
16:00:30 <Cane> Hurra!
16:00:43 <Dot|Phone> Hurra
16:14:45 <Runbunny> skrm, https://www.youtube.com/watch?v=Kl40J5YMmcI
16:16:11 <skrm> i miss 1330s music, runbun
16:16:16 <skrm> kids today dont know what REAL music is
16:18:40 <Runbunny> :D
16:21:37 <carcinisation> really neat. it's too bad he only has a couple of them. i thought it would make a great quiz round :/
16:25:26 -!- BioPhone [~androirc@097-070-165-146.res.spectrum.com] has joined #tlponies
16:26:18 <Dot|Phone> Bio
16:33:00 <carcinisation> oh boy a bio
16:50:17 -!- Camail [~Camail@45.40.84.145] has joined #tlponies
16:50:17 -!- mode/#tlponies [+v Camail] by Q
16:50:40 <Dot|Phone> Cam
16:50:47 <Camail> dot
16:55:12 -!- Rawr|Fone [~AndChat52@c-94cfe455.020-164-6d6c6d4.bbcust.telenor.se] has joined #tlponies
16:55:25 <Dot|Phone> How's your weekend cam
17:00:52 <Camail> weekend is fine
17:01:01 <Camail> i'd give it a 7/10
17:01:12 <Dot|Phone> Not bad
17:02:51 <Runbunny> oh hey Camail.
17:03:02 <Camail> hullo bun
18:18:35 <Camail> the terraria forums are dead, can even look up patch notes
18:19:08 <Dot|Phone> To many ppl dead? 
18:19:37 <Camail> probably
18:22:53 -!- Golly [~kvirc@cm-84.213.21.103.getinternet.no] has joined #tlponies
18:29:53 <carcinisation> bio dot https://www.youtube.com/watch?v=1NY8L0YM_Mw
19:13:13 <carcinisation> in the first ten minutes of the sunday poker i double up with a royal flush :O
19:17:32 <Dot|Phone> Easy game
19:23:02 <carcinisation> now AA vs KK for another stack :O
19:23:16 <carcinisation> if only i had realised earlier
19:23:50 <carcinisation> the key is just get dealt AA, have them put in all their chips way behind and then hold :p
19:24:58 <DuB`> carcinisation, is today!
19:25:13 <DuB`> Had a birthday bagel, may have birthday burrito later :P
19:25:22 <DuB`> And having lots of terrarrer...
19:25:24 <carcinisation> !!!
19:25:41 <carcinisation> i hope it keeps going great
19:25:52 <carcinisation> happy birthday dub <3
19:27:32 <Camail> oh snap
19:27:37 <Camail> i swear dub just had a birthday
19:27:41 <Camail> maybe he's lying
19:27:47 <Camail> to get free bagels?
19:27:50 <Camail> devious.
19:28:01 <carcinisation> i can see the temptation
19:28:10 <DuB`> Wasn't even free :(
19:28:25 <Camail> well, happy birthday
19:28:29 <Camail> but i'm watching you
19:28:39 <Camail> any more birthdays and i'll call the bagel cops
19:29:50 <Dot|Phone> Dub! Happy birthday you horse
19:32:01 <Dot|Phone> Have you tried having 2 birthday bagels? 
20:01:43 <carcinisation> .tell skram i remembered this anime op song out of nowhere and must share it with you https://www.youtube.com/watch?v=apgSTyrKlcI
20:01:52 <carcinisation> also dub
20:10:07 <Runbunny> It's Dub birthday?
20:10:15 <Runbunny> Congratulations DuB`.
20:10:24 <Dot|Phone> Skram should be here. He is being lazy
20:12:53 <Dot|Phone> Works 60 hours on a week and just wants to sleep after
20:16:51 <Rawr|Fone> So lazy
20:19:01 -!- Dot` [webchat@lijh.6nb9.0v1j.ip] has joined #tlponies
20:19:30 <Dot`> Runbun, hob hot hit  by first boss on sekiro
20:27:39 <Runbunny> oh no.
20:38:08 -!- Rawr|Fone [~AndChat52@c-94cfe455.020-164-6d6c6d4.bbcust.telenor.se] has joined #tlponies
20:41:37 <Golly> https://www.youtube.com/watch?v=etc6EUz91Ck curtesy of youtube algorithm
20:48:49 <Bio> I woke up today with one of the worst headaches ever
20:48:57 <Bio> and did nothing
20:48:58 <Bio> =)
20:50:12 <Golly> i hope you had some water at least
20:50:28 <Bio> a little
20:59:50 -!- skram [~skram@82.147.53.169] has joined #tlponies
21:03:11 <carcinisation> get well soon bio
21:11:37 <Golly> https://www.youtube.com/watch?v=MBOhNfmbSsQ
21:13:08 <Dot`> skram friend!
21:13:11 <Dot`> freedom?
21:13:24 <skram> bjørn lad
21:13:26 <skram> freeedooooooooooooooooom
21:13:55 <Dot`> \o/
21:14:29 <skram> Golly, I hate this song so much
21:14:34 <Golly> haha
21:14:52 <skram> This version is pretty good tbh and im not sure how to feel about that
21:15:57 <carcinisation> conflicted would seem the right choice
21:24:02 <Golly> how many icecreams did you have today skram
21:24:47 <skram> im having my first one right now
21:24:53 <skram> there was no icecream at work >:(
21:25:36 <Golly> slackin
21:26:01 <skram> i already sent my boss a sternly worded letter
21:27:28 <carcinisation> what flavour?
21:27:49 <skram> strawberry
21:28:46 <carcinisation> good choice for this time of year. i approve
21:33:06 <carcinisation> hmm golly's blue monday link appear to have been yeeted in the past hour :O
21:34:38 <Golly> link not working?
21:36:31 <Golly> or do you mean as in noone coimmenting on it
21:39:34 <carcinisation> youtube says "video unavailable"
21:39:49 <Golly> strange
21:46:35 <Golly> maybe a region thing as it still works here
21:47:05 -!- Crisium [~Crisium@c-24-3-150-105.hsd1.pa.comcast.net] has joined #tlponies
21:50:51 <Dot`> skram!
21:51:16 <Dot`> my bro got invited to play in another persons dnd game and accepted
21:51:24 <Dot`> in australia
21:51:37 <Dot`> im one step closer to getting to play a DnD game with him
21:56:44 <carcinisation> you'll get there dotties
21:56:54 <carcinisation> time zones could be tricky tho
21:57:41 <carcinisation> sadly i have botched my new poker strat. i was dealt AA but lost a lot of chips to a straight :/
21:57:55 <skram> i bet dots brother is the type to roll an elf
21:58:12 <carcinisation> extra sad as i def misplayed the hand...
21:58:38 <carcinisation> you can't just say that about ppl skram D:
21:58:40 <skram> did you get cocky reif
21:59:16 <carcinisation> i raised to charge a draw but it turned out he had a made hand :(
22:00:45 <Dot`> wow skram
22:01:01 <Dot`> he has always prefered dwarves over elves
22:01:08 <Dot`> but i will tell him what you said
22:01:43 <skram> whats he gonna do
22:01:51 <skram> he's on a prison island, he cant reach me
22:02:32 <Golly> they might evolve wings some day
22:03:06 <Dot`> he is on first name terms with many spiders skram
22:03:37 <carcinisation> or they could learn to hop really far
22:04:16 <skram> i aint scare
22:05:14 <Dot`> skram, your scared of cute puppies
22:05:35 <skram> spiders are fine
22:05:43 <carcinisation> you shouldn't be scared they won't be used to being the right way up and the ground harness will slow them down :p
22:06:01 <skram> good point
22:06:38 <carcinisation> have you been watching monmusume again skram?
22:07:24 <skram> its not like a want a spider oneesan to tie me up or anything
22:18:58 <carcinisation> oh boy now someone else did the AA thing on me for all my remaining chips D:
22:19:19 <skram> hah
22:19:25 <skram> life is hard, reifen
22:19:38 <Dot`> oh dear
22:20:18 <carcinisation> at least i can feel less bad about my earlier misplay, i would have lost a bigger stack there too.
22:21:14 <carcinisation> also getting in for free helps too :D
22:34:39 <Rawr|Fone> It is time to go to bed
22:34:49 <Dot|Phone> I'm in bed Rawr
22:35:21 <Rawr|Fone> Good
22:35:39 <Rawr|Fone> You have to be well-rested for work
22:36:08 <Dot|Phone> You too Rawr 
22:36:19 <Rawr|Fone> Yes
23:03:10 <Runbunny> carcinisation, https://www.youtube.com/watch?v=tHoM2VxxqXU
23:26:10 <carcinisation> ty for doggo
23:26:19 <carcinisation> i shall sleep soon
23:26:22 <carcinisation> g'night all
23:26:26 <skram> good night pal
23:28:34 -!- skrma [~skram@37.120.149.20] has joined #tlponies
