00:16:39 -!- Camail [~Camail@45.40.84.145] has joined #tlponies
00:16:39 -!- mode/#tlponies [+v Camail] by Q
06:26:44 -!- Rawr|Fone [uid440384@2001:67c:2f08:1::6:b840] has joined #tlponies
06:41:46 -!- Dot|Phone [uid393803@2001:67c:2f08:5::6:24b] has joined #tlponies
07:00:00 <Rawr|Fone> DoT DoT DoT
07:00:02 <Rawr|Fone> 💖💖💖
07:19:38 <Dot|Phone> Rawr Rawr Rawr 
07:19:41 <Dot|Phone> 💖💖💖
07:45:18 -!- Golly [~kvirc@cm-84.213.21.103.getinternet.no] has joined #tlponies
08:11:36 <Dot|Phone> How's you today Rawr
08:13:34 -!- Runbunny [~Bunnykitt@91.100.28.10.generic-hostname.arrownet.dk] has joined #tlponies
08:27:00 <Dot|Phone> Angel! 
08:32:30 <Runbunny> I am here.
08:34:23 <Dot|Phone> Great. How's the arms? 
08:35:26 <Runbunny> A bit sore.
08:35:50 <Runbunny> Is not an understatement to say the least :P
08:42:53 <Rawr|Fone> Goooood dot
08:42:57 <Rawr|Fone> How about you
08:43:01 <Rawr|Fone> Anders.
08:46:34 <Runbunny> Henrik.
09:15:42 <Dot|Phone> I'm ok Rawr
09:17:02 <Runbunny> welp my weight has gone a bit up again, so I guess it's time to go on a walk.
09:29:06 <Dot|Phone> Gl bun
09:46:26 <Rawr|Fone> I am almost 95 kg now
09:55:45 <Dot|Phone> That's a lot Rawr
09:55:53 <Dot|Phone> I'm still 60kg
09:56:05 <Dot|Phone> Buff Rawr
09:58:29 <Rawr|Fone> It's going pretty well
10:04:36 -!- tredc [~tredc@c83-254-129-166.bredband.comhem.se] has joined #tlponies
10:06:08 <Dot|Phone> Rawr training to hug so hard
10:06:27 -!- Cane [~Cane@CaneCraft.users.quakenet.org] has joined #tlponies
10:06:27 -!- mode/#tlponies [+o Cane] by Q
10:06:49 <Rawr|Fone> One day dot
10:20:28 <Dot|Phone> Hey Cane <3
10:42:42 <Runbunny> I return.
11:01:04 <Dot|Phone> Wb
11:05:35 <Rawr|Fone> Good afternoon Anders
11:05:53 <Rawr|Fone> That was a long walk
11:19:50 <Runbunny> I am ready for bed, completely wasted.
11:21:36 <Dot|Phone> An afternoon nap can be rather nice
11:59:27 <Runbunny> I'm tired per say. Everything is just sore, hard work is hard.
12:15:39 <BioSC> neigh
12:15:40 <BioSC> brb
12:16:24 <Dot|Phone> Hi. Bye. 
12:43:54 -!- BioPhone [~androirc@mobile-166-177-59-229.mycingular.net] has joined #tlponies
12:44:13 <BioPhone> Neigh
12:44:17 <BioPhone> Pone
12:47:10 <Rawr|Fone> Hai 🅱️io
13:08:37 <BioPhone> Sir rawr
13:08:52 <Runbunny> Bio-san
13:08:54 <BioPhone> Henlow
13:15:29 <Dot|Phone> Bio, Rawr, runbun
13:15:53 <Rawr|Fone> Dot
13:19:22 <BioPhone> Now that we are all introduced
13:19:24 <BioPhone> ...
13:39:09 -!- BioPhone [~androirc@mobile-166-177-59-229.mycingular.net] has joined #tlponies
13:40:19 <Runbunny> So... It has finally come to this.
13:45:22 <BioPhone> The moment we've all been waiting for
13:50:21 <Runbunny> .tell DuB` FESTIVAL !!! Quick! New stuff!
13:50:37 -!- DuB` [DuB@cpe-68-174-122-249.nyc.res.rr.com] has joined #tlponies
13:54:25 <Rawr|Fone> DuB`
13:56:48 <Runbunny> DuB`.
13:56:59 <Runbunny> Did I actually summon him?
13:57:03 <Runbunny> That is pretty crazy.
13:58:11 <DuB`> :o
14:00:16 <BioPhone> This is a power that must be used sparingly
14:27:08 <Dot|Phone> Dub dub
14:27:52 -!- skram [~skram@95.169.54.114] has joined #tlponies
14:28:08 <Dot|Phone> Jonas friend
14:32:12 <Dot|Phone> What you up to today
14:32:35 -!- BioPone [~androirc@097-070-165-146.res.spectrum.com] has joined #tlponies
14:34:12 -!- reification [~thomas@cpc76294-cosh16-2-0-cust297.6-1.cable.virginm.net] has joined #tlponies
14:34:12 -!- mode/#tlponies [+v reification] by Q
14:34:20 <Dot|Phone> Reef! 
14:34:34 <reification> dotties!
14:34:45 <Dot|Phone> How is the South
14:36:01 <skram> Bjørn pal, Reif pal
14:38:17 <BioSC> bek
14:38:21 <BioSC> re
14:38:26 <skram> bio pal
14:38:34 <BioSC> oh hai
14:44:16 <Dot|Phone> Wb
14:44:47 <BioSC> time to try and do some werk
14:45:08 <Dot|Phone> It's too late now. May as well leave it to tomorrow
14:48:01 <skram> good point
15:01:26 <BioSC> hmm
15:01:28 <BioSC> its tru
15:06:21 <Runbunny> reification!
15:09:38 -!- Dot` [webchat@cloak-gilq7zq8.123.7.51.dyn.plus.net] has joined #tlponies
15:33:22 <Runbunny> Dot` you came.
15:36:51 <BioSC> lunch tiem
15:46:16 <Runbunny> DuB`!
15:46:24 <DuB`> Runbunny!
15:46:35 <Runbunny> DuB` DuB` DuB` They added bunny ears DuB`.
15:46:41 <DuB`> I saw haha
15:46:49 <DuB`> Must-haves
15:46:55 <Runbunny> Grinding it right now.
15:47:21 -!- BioPone [~androirc@097-070-165-146.res.spectrum.com] has joined #tlponies
15:59:03 -!- BioPone [~androirc@097-070-165-146.res.spectrum.com] has joined #tlponies
15:59:37 <Runbunny> https://imgur.com/a/MVl7gR3
15:59:39 <Runbunny> Yay
16:09:06 <DuB`> :D
16:28:17 <Runbunny> Also DuB` the music playing in the gathering hub is a total banger.
16:35:23 -!- BioPone [~androirc@097-070-165-146.res.spectrum.com] has joined #tlponies
16:41:31 -!- BioPone [~androirc@097-070-165-146.res.spectrum.com] has joined #tlponies
16:48:11 -!- BioPone [~androirc@097-070-165-146.res.spectrum.com] has joined #tlponies
17:57:11 <Dot`> pons
17:57:20 <Rawr|Fone> DoT
17:57:31 <Dot`> Rawr
17:57:32 <Dot`> hows you
17:58:12 <Rawr|Fone> Great! Probably moving in september
17:58:22 <Rawr|Fone> How is your head today dot
18:00:05 <Dot`> its doing ok, i was thinking of going to bed early, then i recalled its wednesday and i run a DnD game
18:00:10 <Dot`> where you moving rawr?
18:03:28 <Rawr|Fone> Not very far
18:06:36 -!- Golly [~kvirc@cm-84.213.21.103.getinternet.no] has joined #tlponies
18:13:10 -!- BioPone [~androirc@097-070-165-146.res.spectrum.com] has joined #tlponies
18:23:11 <BioSC> its W E D N E S D A Y my D U D E S
18:29:18 <Runbunny> Rawr|Fone, let me know if you need help moving. I'll come help.
18:29:22 <Runbunny> Bio bio.
18:29:32 <Runbunny> What are you gonna spend it on?
18:33:21 <BioSC> BEEO
19:25:32 -!- BioPone [~androirc@097-070-165-146.res.spectrum.com] has joined #tlponies
19:36:36 <BioSC> i hangr
19:48:37 -!- BioPone [~androirc@097-070-165-146.res.spectrum.com] has joined #tlponies
20:17:23 <Rawr|Fone> Sure Anders
20:44:56 -!- BioPone [~androirc@097-070-165-146.res.spectrum.com] has joined #tlponies
20:46:07 <BioSC> pon
20:46:13 <BioSC> work is eh
20:46:34 <BioSC> but i did spend some customer money
20:46:39 <BioSC> buying P A R T S
21:46:41 <Dot`> poms
21:47:56 <BioSC> poni
21:48:38 <Dot`> another day of not killing a dnd party
21:48:44 <BioSC> gratz
21:49:39 <Dot`> they keep trying to kill themselves
21:50:20 <BioSC> this is as intended
22:05:37 <Dot`> I used vakist in my game
22:06:09 <skram> ...you'll hear from my lawyers
22:06:48 <Dot`> he was leading a group of dwarves to claim a old dwarf fort with a powerful forge
22:06:58 <skram> did he win
22:07:21 <Dot`> kinda?
22:07:23 <Dot`> its ongoing
22:07:29 <Dot`> the party is helping him now
22:07:33 <Dot`> there is a necromancer
22:15:32 <Dot`> i needed a name skram D:
22:15:39 <Dot`> he was the nest dorf cleric i know
22:15:50 <skram> did he keep his hat
22:20:30 <Dot`> he wasnt wearing it, who knows what happened to it D:
22:23:27 <Dot`> whats all been up to
22:37:03 <Dot`> skram https://imgur.com/gallery/APXRBjD
22:37:14 <Dot`> sounds like amini kiesh to me
22:37:53 <Dot`> keish
22:50:50 <skram> whats a keish
22:51:12 <skram> a quiche?
22:51:15 <Dot`> yes
22:51:25 <skram> ah
22:51:26 <Dot`> no idea why i spelt it like that
22:51:31 <skram> well a quiche is basically a pie
22:51:34 <skram> its french
22:52:07 <Dot`> yes, hence the bad name
22:52:14 <Dot`> but they are nice, mini ones are even better
23:21:03 <BioSC> ASDF
23:21:05 <BioSC> caps
23:21:26 <Dot`> bio
23:23:46 <BioSC> me
23:24:07 <Dot`> maybe
23:24:36 <BioSC> https://www.youtube.com/watch?v=1p3xLhBMvUc
23:24:39 <BioSC> lookit this unit
23:26:09 <BioSC> he saved this poor big lad
23:27:30 <Dot`> thought it was a fake or dead birb at the start
23:32:07 <BioSC> he save birb
23:32:10 <BioSC> good job!
