00:10:56 <BioSC> my eyes started hurtin so i stopped.
00:10:59 <BioSC> f
00:11:05 <BioSC> maybe tomoro
00:12:16 <skrm> rip
02:11:36 <Camail> path of diablo is fun
02:11:46 <Camail> i havent gotten to the modded content yet really
02:12:10 <Camail> but i got one singular piece of currency so i am feeling rich
03:22:15 -!- CrisPone [uid127042@id-127042.highgate.irccloud.com] has joined #tlponies
03:28:48 -!- Crisium [~Crisium@pool-71-182-195-119.pitbpa.fios.verizon.net] has joined #tlponies
03:31:48 <Crisium> skrm
03:55:46 <skrm> hey buddy
03:58:06 <Crisium> are you working at 6 am
04:01:14 <skrm> gasp how do you know what time it is where i live
04:01:54 <Crisium> something something norway is 6 hours ahead of eastern USA
04:02:01 <skrm> ive been wrenching for about 7 hours and now im gonna do nothing for an hour and then go home
04:02:24 <Crisium> nice
04:03:18 <skrm> think i pulled something in my back while trying to open this big ass valve
04:03:22 <skrm> oopsie doodle
04:03:27 <skrm> what you up to crisimum
04:06:06 <Crisium> oh my back hurts too lately
04:06:13 <Crisium> we can be bad back brothers
04:08:18 <skrm> hell yeah brother, pass the ibuprofen
04:08:45 <Crisium> OTC Drugs !
04:14:47 <skrm> only the best for us old people
04:15:24 <Crisium> hehe, you can think you're old
04:18:11 <skrm> sure feels like i am
04:18:30 <skrm> i almost yelled at some youths the other day
04:18:33 <skrm> making a ruckus
04:18:52 <Crisium> get off my lawn
04:22:20 <skrm> apparently the guy that used to live here was terrorized by the local delinquients enough to remove the doorbell
04:23:39 <Crisium> damn local kids
05:07:50 -!- Micen [~Micen@h253.230.130.174.dynamic.ip.windstream.net] has joined #tlponies
05:57:59 -!- Golly [~Golly@cm-84.213.21.103.getinternet.no] has joined #tlponies
06:06:50 -!- skram [~skram@ip-163-41-102-94.eidsiva.net] has joined #tlponies
06:22:03 -!- Runbunny [~Bunnykitt@91.100.28.10.generic-hostname.arrownet.dk] has joined #tlponies
06:26:37 <skram> Anders. God morgen.
06:34:43 <Runbunny> Jonas. God morgen.
06:39:56 <skram> Why are you up this early, buddy?
06:41:38 <Runbunny> I woke up early.
06:41:54 <Runbunny> I didn't want to go back to sleep.
06:42:43 <skram> I dont think i ever wanna go back to sleep when i wake up early
06:44:31 <Runbunny> if I for some reason wake up at like 5 am. I usually go back to sleep.
06:47:03 <Runbunny> But today it was like 6.30
06:47:25 <skram> poor lad
06:53:00 <Runbunny> It's alright.
07:01:35 -!- Gollie [~Golly@cm-84.213.21.103.getinternet.no] has joined #tlponies
07:21:45 -!- Rawr|Fone [uid440384@id-440384.highgate.irccloud.com] has joined #tlponies
07:21:52 -!- Dot` [webchat@cloak-mxi127u6.230.208.46.dyn.plus.net] has joined #tlponies
07:22:09 <Dot`> blarg, upstairs neighbour is stomping around
07:22:12 <Rawr|Fone> DoT DoT DoT
07:23:41 <Dot`> Rawr Rawr Rawr
07:23:42 <Dot`> <3 <3 <3
07:23:50 <Rawr|Fone> ❤❤❤
07:31:47 <Dot`> Runbunny https://imgur.com/gallery/yyAM66Z
07:31:53 <Runbunny> Dot Dot.
07:32:34 <Runbunny> Good stuff.
07:35:12 <Runbunny> https://i.imgur.com/uD46pHY.jpeg is pretty good. skram take a gander.
07:39:24 <skram> Gander taken. Very good. Good night.
07:55:52 <Rawr|Fone> .tell skram good night
08:43:28 <Dot`> Horse game on SGDQ
08:56:42 <Dot`> Saint Hazels Horsepital No.1 SGDQ game?
09:29:21 -!- tredc [~tredc@c83-254-129-166.bredband.comhem.se] has joined #tlponies
10:08:26 <Runbunny> Dot`, this is pure lag.
10:09:29 <Dot`> indeed
11:27:31 -!- reification [~thomas@cpc76294-cosh16-2-0-cust297.6-1.cable.virginm.net] has joined #tlponies
11:27:31 -!- mode/#tlponies [+v reification] by Q
11:29:35 <Dot`> reif!
11:29:49 <Dot`> runbun, reif https://imgur.com/gallery/PsRJAlN
11:47:26 <reification> dotties <3
11:48:04 <reification> very pretty
11:52:03 <reification> i have done sea, now is time for forest :D
12:01:33 -!- Gollie [~Golly@cm-84.213.21.103.getinternet.no] has joined #tlponies
12:48:10 <BioSC> morn
12:57:34 <Rawr|Fone> Good morning bio
12:57:39 <Rawr|Fone> How is your eye doing
12:58:21 <BioSC> better, it always is fine after slep
12:58:31 <BioSC> the good eye def over strains for the bad one
12:58:41 <BioSC> hopefully getting this contact helps with that
13:16:07 <Rawr|Fone> Sounds great
13:24:22 <Runbunny> reification?
13:51:43 <Dot`> I back from office
14:56:01 <BioSC> i'm v bleh
14:56:06 <BioSC> asdf
15:03:36 <Runbunny> rebooting
15:06:00 -!- Runbunny [~Bunnykitt@91.100.28.10.generic-hostname.arrownet.dk] has joined #tlponies
15:17:52 <BioSC> need to reboot muh head
15:18:47 <Runbunny> Hmm.
15:18:56 <Runbunny> Not a bad suggestion.
15:29:19 <Dot`> i dont feel like i slept at all last night
15:29:28 <Dot`> need to be up at 5am tomorow to go to site
15:30:29 <Runbunny> I'll remind you to go early to bed today then.
15:31:11 <Dot`> Thanks Bun
15:34:10 <Dot`> Doom 64 tim
15:34:13 <Dot`> time
15:44:54 -!- skram [~skram@ip-163-41-102-94.eidsiva.net] has joined #tlponies
15:46:04 <Dot`> Horse
15:46:25 <Rawr|Fone> Jonas!
15:46:27 <Rawr|Fone> Dot!
15:46:55 <skram> Henrik, Bjørn
15:46:56 <skram> the Boys
15:48:03 <Dot`> Rawr
15:51:25 <Rawr|Fone> Did you just wake up skrammypants
15:53:07 <Runbunny> Jonas you're back!
15:54:46 <skram> ive been up for a bit
15:54:50 <skram> Anders you old rascal
15:55:49 <reification> i return
15:59:28 <Rawr|Fone> Welcome back reef reef
15:59:39 <reification> roar roar
16:00:04 <Dot`> wb
16:01:12 <Runbunny> Reif!
16:06:11 <reification> bun
16:06:13 <reification> dot
16:08:15 <reification> is this you runbun? https://www.animemaru.com/man-spends-entire-quarantine-bingeing-vtuber-streams/
16:09:10 <Runbunny> I believe so yes.
16:09:15 <reification> also https://www.animemaru.com/in-memoriam-kissanime-thank-you-for-all-the-memories-malware/ and https://www.animemaru.com/your-takes-hatsune-miku-cant-understand-virtual-idols-these-days/
16:10:50 <Runbunny> Is this website "anime onion"?
16:10:51 <reification> tbf i did immediately recognise the miko video in the article's picture >.>
16:11:02 <reification> basically yes
16:11:51 <Runbunny> That's a great clip that one.
16:12:45 <skram> https://www.youtube.com/watch?v=COQR9A8D4XQ
16:13:45 <reification> perfect
16:19:56 <Runbunny> Jonas, min helt.
16:25:10 -!- DuB` [DuB@cpe-68-174-122-249.nyc.res.rr.com] has joined #tlponies
16:25:31 <Dot`> Dub Dub`
16:25:42 -!- Crisium [~Crisium@pool-71-182-195-119.pitbpa.fios.verizon.net] has joined #tlponies
16:25:52 <Crisium> skram https://cdn.discordapp.com/attachments/77823400734633984/746038760449376357/FB_IMG_1597933741407.jpg
16:26:01 -!- Camail [~Camail@45.40.84.145] has joined #tlponies
16:26:02 -!- mode/#tlponies [+v Camail] by Q
16:26:40 <Dot`> Crisium, cam <3
16:26:52 <Camail> hilo
16:26:57 <Crisium> hedge
16:27:20 <Runbunny> Hai Camail.
16:27:38 <Camail> lohi
16:47:37 <Dot`> Hey cam, did you ever try the second character in Griftlands?
16:48:00 <Camail> not yet, no
17:38:42 <Dot`> Dub, there is a warframe speedrun?
17:40:19 <DuB`> Hmmmmm?
17:40:25 <DuB`> "Boss showcase", huh
18:17:55 <Runbunny> How long would it take to clear the entire star chart, solo, with a new account?
18:20:01 <DuB`> Pretty sure you'd have to wait for foundry jobs to be completed 'n stuff, so a long time
18:21:29 <Runbunny> and quests for the junctions.
18:21:34 <Runbunny> and stuff.
19:09:20 <reification> runbunny skram https://pbs.twimg.com/media/Ef1txlxWAAAUO6u?format=jpg&name=large
19:10:03 <skram> :\
19:21:10 <Dot`> warframe run time dub`
19:25:55 <Runbunny> Hahaha Reif :D
19:41:49 <DuB`> Looks like normal WF gameplay :P
19:41:50 <DuB`> Gotta fast!
19:42:38 <Dot`> speeeed
19:44:09 <Runbunny> What was the "run"?
19:44:21 <Runbunny> As in the category.
19:46:14 <DuB`> Boss rush, 20 min
19:46:26 <Runbunny> Oh.
19:54:04 <Dot`> runbun, skram, reif https://imgur.com/gallery/KJH4lXx
19:55:41 <Runbunny> Relevant.
19:56:01 <skram> https://i.imgur.com/9VlalpR.png
19:57:05 <Runbunny> Excellent slap.
19:59:04 <BioSC> mood
20:05:20 <BioSC> i need a nap
20:05:29 <BioSC> or some tasty food
20:05:31 <BioSC> maybe both
20:06:17 <Dot`> both
20:29:55 <Rawr|Fone> .tell DuB` https://youtu.be/bFvqf8Z13PU
20:55:06 <Runbunny> That channel is verified O:
20:56:27 <Dot`> Runbun! you forgot to tell me to go to sleep
21:04:37 -!- BioPhone [~androirc@38.142.65.21] has joined #tlponies
21:04:44 <BioPhone> Neigh
21:14:22 -!- BioPone [~androirc@mobile-107-92-123-176.mycingular.net] has joined #tlponies
21:17:23 <Runbunny> It's not that late yet.
21:17:45 <Runbunny> I was going to wait at least 43 minutes more. Dot`.
21:20:49 <Dot`> runbun, i have to be up in 6 and a half hours
21:25:41 <Runbunny> Sleep well Dot!
21:25:46 <Runbunny> Goodnight friend :)
21:38:11 -!- BioPone [~androirc@097-070-165-146.res.spectrum.com] has joined #tlponies
21:50:17 -!- Gollie [~Golly@cm-84.213.21.103.getinternet.no] has joined #tlponies
22:03:54 -!- BioPone [~androirc@097-070-165-146.res.spectrum.com] has joined #tlponies
22:07:51 -!- BioPone [~androirc@097-070-165-146.res.spectrum.com] has joined #tlponies
22:10:58 -!- BioPone [~androirc@097-070-165-146.res.spectrum.com] has joined #tlponies
