00:02:01 <Dot`> i saw that
00:02:07 <Dot`> poor confused snek
00:21:14 <Dot`> how is all 
00:21:18 <Dot`> having a good weekend?
00:21:24 <Crisium> what did that snek eat
00:21:26 <Crisium> i cant tell
00:21:33 <Dot`> towel
00:45:12 <Dot`> skram
01:19:59 <Runbunny> DuB`, https://www.twitch.tv/monsterhunter
01:26:12 <skrma> Dot`
01:26:21 <skrma> DuB` did you wastch the monsterhunter movie yet
01:36:08 <DuB`> It's not out yet!
01:36:13 <DuB`> Will probably be very bad lol
01:36:30 <Runbunny> oh no
01:36:39 <Runbunny> North American sound.
01:36:48 <Runbunny> Stream please.
01:36:56 <Runbunny> my left ear want some too.
01:42:10 <skrma> pfft movies based on video games are always great
01:42:16 <skrma> just like live action animes
01:48:54 <Runbunny> What about cgi adaptations of cartoons?
01:49:19 <skrma> my favorite
02:04:41 <Bio> asdf
02:04:51 <Bio> henlo
02:04:57 <Runbunny> Hai Bio.
02:05:00 <skrma> whoa nelly
02:05:04 <Bio> i think imma go get a breakfast tomorrow morning
02:06:24 <Bio> anyone wanna come along
02:07:07 <skrma> i dont think im gonna be able to fly to michigan for breakfast
02:09:02 <Bio> sir pls
02:09:37 <Bio> what if i saved you a seat next to me in the comfy booth
02:10:19 <skrma> a plane can only go so fast
02:12:37 <CockRoach|42> you wont make it with that attitude, skrma 
02:13:09 <Runbunny> Yeah, I can't make it. 
02:13:31 <skrma> ill fry some bacon while thinkin bout u
02:14:10 <Bio> this will have to suffice
02:14:39 <CockRoach|42> you should stream it, Bio 
02:14:52 <Bio> oh fuck right
02:14:56 <Bio> i can stream
02:14:59 <Bio> and haven't
02:15:04 <Bio> in many moons
02:15:36 <Bio> i should change that
02:18:43 -!- Rawr|Fone [~AndChat52@c-94cfe455.020-164-6d6c6d4.bbcust.telenor.se] has joined #tlponies
02:35:50 <DuB`> Ya bio
02:36:16 <Bio> i've been so apathetic to gaming in general lately
02:36:36 <Bio> need to find that Passion(tm) again
02:38:00 <Bio> I can probably stream Persona 5 Royal when it comes out
02:38:22 <Bio> (a week afterwards since i go to a work trip first week april)
02:39:26 -!- Rawr|Fone [~AndChat52@c-94cfe455.020-164-6d6c6d4.bbcust.telenor.se] has joined #tlponies
05:03:59 -!- Rawr|Fone [~AndChat52@c-94cfe455.020-164-6d6c6d4.bbcust.telenor.se] has joined #tlponies
07:03:45 -!- Rawr|Fone [~AndChat52@c-94cfe455.020-164-6d6c6d4.bbcust.telenor.se] has joined #tlponies
07:21:00 -!- Rawr|Fone [~AndChat52@c-94cfe455.020-164-6d6c6d4.bbcust.telenor.se] has joined #tlponies
07:49:50 <Rawr|Fone> 🐴🐴🐴
09:11:34 -!- Dot|Phone [uid393803@id-393803.brockwell.irccloud.com] has joined #tlponies
09:13:03 <Rawr|Fone> DoT DoT DoT
09:19:51 <Dot|Phone> Rawr Rawr Rawr 
09:19:59 <Dot|Phone> 💖💖💖
09:20:05 <Rawr|Fone> 💖💖💖
09:24:04 -!- Dot` [webchat@cloak-jlzhn5po.230.208.46.dyn.plus.net] has joined #tlponies
09:30:31 -!- Golly|2 [~kvirc@cm-84.213.21.103.getinternet.no] has joined #tlponies
09:55:23 -!- reification [~reificati@cpc76294-cosh16-2-0-cust297.6-1.cable.virginm.net] has joined #tlponies
09:56:45 <Dot`> reef!
09:57:43 <reification> dotties!!
10:03:16 <reification> https://twitter.com/380kmh/status/1233173832871108614
10:05:16 <Dot`> haha
10:11:05 -!- tredc [~tredc@c83-254-129-166.bredband.comhem.se] has joined #tlponies
12:01:46 -!- sweetiebot [~skybot@209.141.41.184] has joined #tlponies
12:21:14 -!- Runbunny [~Runbunny@91.100.28.10.generic-hostname.arrownet.dk] has joined #tlponies
12:22:10 -!- Rawr|Fone [~AndChat52@c-94cfe455.020-164-6d6c6d4.bbcust.telenor.se] has joined #tlponies
12:23:30 <Runbunny> Hai.
12:27:26 <Dot`> Runbun!
12:34:57 <Runbunny> Dot dot.
12:35:03 <Runbunny> I have to AFK though.
12:35:17 <Runbunny> going to thestore.
12:37:13 <Dot`> wear your hardhat
12:37:29 <Runbunny> Don't have one :D
12:41:21 <Dot`> D:
12:41:31 <Dot`> stop living life so near the edge pls
12:41:58 -!- Rawr|Phone [~AndChat52@83.191.112.153] has joined #tlponies
12:46:20 <Rawr|Phone> Horse
12:58:07 <Dot`> rawr horse <3
12:58:23 <Rawr|Phone> Dot ❤
13:25:17 -!- Rawr|Fone [~AndChat52@m83-185-94-47.cust.tele2.se] has joined #tlponies
13:34:19 <Runbunny> Back.
13:35:05 <Dot`> well done
13:44:40 <reification> wb bun
13:46:30 -!- carcinisation [~thomas@cpc76294-cosh16-2-0-cust297.6-1.cable.virginm.net] has joined #tlponies
13:46:30 -!- mode/#tlponies [+v carcinisation] by Q
14:24:11 <Rial> bedtime! good morning
14:26:15 -!- skram [~skram@213.232.87.86] has joined #tlponies
14:28:17 <Dot`> Jonas
14:29:21 <skram> Bjørn
14:30:33 <Runbunny> Jonas.
14:30:36 <Runbunny> Er det du?
14:31:05 <skram> Anders. Det er sånn det er.
14:33:54 <Runbunny> skram, https://youtu.be/ulutyp-8yG4?t=140
14:36:07 <Runbunny> Take a look as well Rawr.
14:36:46 <Dot`> skram, is next week a work week for you, i dont think so.. but i really cant recall
14:38:34 <skram> ya its not work weekend
14:38:48 -!- BioPhone [~androirc@097-070-165-146.res.spectrum.com] has joined #tlponies
14:38:59 <skram> redda fjotta runbun
14:39:28 <BioPhone> Asdf
14:39:33 <BioPhone> Mornens
14:39:47 <Runbunny> Hahaha
14:40:16 <Dot`> hi bio
14:50:00 <Runbunny> Jonas I had forgotten some of the gems in that show. The credits are absolutely hilarious.
15:19:00 <Golly|2> is kruttugle an actual word you use
15:24:57 <Runbunny> Yes.
15:25:01 <Runbunny> Well kinda. 
15:25:29 <Runbunny> It's mostly something you say to and about kids.
15:26:33 <Golly> i googled it and found a news story  about some kid stabbing another kid :/
15:33:11 <BioPhone> I havent got out of bed yet
15:33:20 <BioPhone> No brekfast
15:35:36 <Bio> i did get tarkov last night tho dot
15:35:42 <Bio> i should pley it
15:35:51 <Bio> but first coffee and brekfast
15:40:45 <Dot`> why you want so much sadness?
15:43:34 <BioBrek> borne in it, molded by it. by the time Tarkov came out I was already a dotes master
15:44:21 <Dot`> i advise you do a few offlive runs to at least recognise the map
15:44:29 <Dot`> customs and factory
15:47:45 <Dot`> ill await the stream
15:58:21 -!- DuB` [DuB@cpe-68-174-122-249.nyc.res.rr.com] has joined #tlponies
16:03:27 <Dot`> dub dub
16:06:03 <DuB`> dot dot
16:06:24 <DuB`> Same dnd time? Don't think anyone confirmed
16:07:58 <Dot`> micen never put it in discord but he did mention last night it would be same time as last week
16:08:00 <Dot`> so in an hour
16:08:09 <DuB`> o
16:08:47 <Dot`> o
16:08:53 -!- BioPone [~androirc@mobile-107-92-122-221.mycingular.net] has joined #tlponies
16:27:15 <skram> Dot` i had to go outside
16:28:15 <Dot`> ?ohno
16:28:36 <skram> .tell DuB` https://www.youtube.com/watch?v=Ms_oAa3tchY
16:28:58 <skram> its okay though Dot`
16:29:02 <skram> im getting paid for it
16:30:15 <Dot`> in cheeese?
16:30:53 <skram> no in real money
16:30:58 <skram> which can be exchanged for cheese
16:32:51 <Dot`> so.. yes?
16:33:05 <DuB`> Might as well reduce the number of steps there
16:33:38 <DuB`> O snap
16:33:42 <skram> well sometimes i want things that are not cheese
16:33:52 <skram> like saltines
16:33:54 <DuB`> skram I remember this song from one of my Pandora stations years ago
16:34:18 <carcinisation> i went outside and it rained on me D:
16:34:34 <skram> good old pandora
16:34:41 <skram> wear your umbrella reifen
16:34:56 <carcinisation> the forecast said sun!
16:35:03 <skram> cant trust anyone
16:35:16 <Rawr|Fone> Always bring your paraflax
16:38:52 <BioBrek> asdf
16:38:58 <Bio> this was good brekky
16:40:42 <skram> did you get chickin tendies
16:42:37 <Bio> no
16:42:45 <Bio> i got the 10 dollar S U P E R brekky
16:43:09 <Bio> eggs hashbrowns, sausage links bacon H A M and some french toast
16:43:17 <Bio> it was actually too much foods
16:43:26 <skram> no spam?
16:43:38 <Bio> no spam
16:43:46 <Bio> that goes into my prep closet
16:47:10 <Bio> I shouold probably go shopping first tho
16:47:20 <Bio> have some recycling to do
17:08:14 <Rawr|Fone> Horse horse
17:11:52 <Bio> horse goes neigh
17:13:18 <Rawr|Fone> Hästen säger gnägg
17:20:14 <Bio> indeed.
17:20:15 <Bio> brb
17:25:31 -!- Micen [~Micen@h6.74.23.98.dynamic.ip.windstream.net] has joined #tlponies
17:38:56 -!- Rawr|Phone [~AndChat52@c-94cfe455.020-164-6d6c6d4.bbcust.telenor.se] has joined #tlponies
18:10:28 -!- Rawr|Fone [~AndChat52@c-94cfe455.020-164-6d6c6d4.bbcust.telenor.se] has joined #tlponies
18:18:50 <BioPone> Fone
18:19:30 <Rawr|Fone> Pone
18:21:47 <Runbunny> carcinisation, https://www.youtube.com/watch?v=K17ki9CiqiQ
18:33:07 <carcinisation> hahaha
18:37:38 <skram> oh no
18:38:22 <skram> thats a big oof, chief
19:01:07 <Dot`> what doing skram
19:07:05 <skram> im watching The Animes
19:21:46 <Runbunny> Dot I bought cheese today.
19:21:52 <Runbunny> Aren't you proud of me?
19:22:18 <carcinisation> what kind?
19:24:08 <Dot`> tell us bun
19:24:23 <Runbunny> Gouda.
19:24:48 <Runbunny> And mozzarella.
19:25:55 <carcinisation> safe choices
19:33:04 <Bio> degenerate anime detected
19:33:14 <Bio> dot do i pick bear or usec
19:33:27 <Bio> or does it matter
19:37:22 <Dot`> BEAR
19:37:24 <Dot`> it doesnt matter
19:37:57 <Bio> das vidanya
20:03:02 <Dot`> how many times you died bio?
20:07:29 -!- Rawr|Fone [~AndChat52@c-94cfe455.020-164-6d6c6d4.bbcust.telenor.se] has joined #tlponies
20:14:27 <Bio> zero
20:14:47 -!- Rawr|Fone [~AndChat52@c-94cfe455.020-164-6d6c6d4.bbcust.telenor.se] has joined #tlponies
20:15:31 <skram> doubt
20:16:27 <Bio> its tru if i haven't played yet xD
20:19:51 <skram> galaxy brain
20:20:52 <Bio> ?biostream
20:20:53 <Bio> soon
20:21:43 <Bio> aka now
21:00:54 -!- Rawr|Fone [~AndChat52@c-94cfe455.020-164-6d6c6d4.bbcust.telenor.se] has joined #tlponies
21:34:34 -!- BioPone [~androirc@mobile-107-92-122-221.mycingular.net] has joined #tlponies
21:37:50 -!- Rawr|Fone [~AndChat52@c-94cfe455.020-164-6d6c6d4.bbcust.telenor.se] has joined #tlponies
21:45:44 -!- BioPone [~androirc@mobile-107-92-122-221.mycingular.net] has joined #tlponies
21:52:24 <Dot`> dub, bio needs a better gun in tarkov
21:52:37 <Bio> its tru
21:59:04 <Dot`> didi you escape yet?
22:01:22 -!- Rial [~Rial@p452129-ipngn200305sasajima.aichi.ocn.ne.jp] has joined #tlponies
22:01:33 <Dot`> morning rial
22:07:58 -!- Rawr|Fone [~AndChat52@c-94cfe455.020-164-6d6c6d4.bbcust.telenor.se] has joined #tlponies
22:16:16 <Dot`> skram
22:20:34 <Dot`> well fine then
22:20:38 <Dot`> Dub https://imgur.com/gallery/PwiL6N9
22:27:07 <Rial> morningu
22:29:01 <DuB`> Great parrotfox
22:29:03 <DuB`> Hi rial!
22:36:53 <skram> dot pls
22:36:57 <skram> gmorning rial
22:37:37 <Dot`> skram, i had a question for you
22:37:47 <skram> nani
22:38:09 <Dot`> i forgot it but now i recall, did you see the dnd twitter?
22:38:14 <Dot`> with the cat gifs
22:40:09 <skram> i think you did but i cant find it
22:41:21 <Dot`> i put it in dnd discord genral
22:41:36 <Dot`> but you didnt say anything so i worried you missed it
22:42:29 <Rial> I go to work
22:42:34 <Rial> See you later =w=
22:42:36 <skram> good luck!
22:42:39 <Rial> ty ty
22:43:40 <skram> this is a good twitter dot
22:50:19 <skram> i have to work again tomorrow 
22:50:20 <skram> :((((
22:53:04 <Dot`> me too friend
22:53:10 <Dot`> but at least you got a week off
22:55:31 <skram> i want 2
22:58:26 <Dot`> hmm
23:03:53 <Bio> i want a month
23:03:58 <Bio> also hi
23:42:18 -!- reification [~reificati@cpc76294-cosh16-2-0-cust297.6-1.cable.virginm.net] has left #tlponies
