00:19:18 <Camail> hey skram have you invented an imaginary friend yet
00:20:51 <skram> yes
00:20:54 <skram> he's called camail
00:21:05 <Camail> good name
00:21:11 <Crisium> gross
00:21:26 <Camail> a little
00:24:33 -!- Rawr|Fone [~AndChat52@c-94cfe455.020-164-6d6c6d4.bbcust.telenor.se] has joined #tlponies
00:38:51 -!- Micen [~Micen@h6.74.23.98.dynamic.ip.windstream.net] has joined #tlponies
01:36:27 -!- Rawr|Fone [~AndChat52@c-94cfe455.020-164-6d6c6d4.bbcust.telenor.se] has joined #tlponies
01:43:09 -!- Micen [~Micen@h6.74.23.98.dynamic.ip.windstream.net] has joined #tlponies
02:46:21 -!- Micen [~Micen@h6.74.23.98.dynamic.ip.windstream.net] has joined #tlponies
03:53:41 -!- Micen [~Micen@h6.74.23.98.dynamic.ip.windstream.net] has joined #tlponies
04:58:48 -!- Micen [~Micen@h6.74.23.98.dynamic.ip.windstream.net] has joined #tlponies
06:01:57 -!- Micen [~Micen@h6.74.23.98.dynamic.ip.windstream.net] has joined #tlponies
07:00:17 -!- Rawr|Fone [~AndChat52@c-94cfe455.020-164-6d6c6d4.bbcust.telenor.se] has joined #tlponies
07:04:14 -!- Micen [~Micen@h6.74.23.98.dynamic.ip.windstream.net] has joined #tlponies
07:35:38 -!- Dot|Phone [uid393803@2001:67c:2f08:5::6:24b] has joined #tlponies
08:16:48 -!- Golly [~kvirc@cm-84.213.21.103.getinternet.no] has joined #tlponies
08:51:21 -!- Rawr|Fone [~AndChat52@c-94cfe455.020-164-6d6c6d4.bbcust.telenor.se] has joined #tlponies
09:21:09 <Dot|Phone> Rawr Rawr Rawr 
09:22:48 <Rawr|Fone> DoT DoT DoT
09:22:51 <Rawr|Fone> 💖💖💖
09:29:22 <Dot|Phone> 💖💖💖
09:42:18 -!- Rawr|Fone [~AndChat52@c-94cfe455.020-164-6d6c6d4.bbcust.telenor.se] has joined #tlponies
10:29:11 -!- Zounds [webchat@cloak-07ouvien.14-2.cable.virginm.net] has joined #tlponies
10:30:42 <Dot|Phone> Hey zounds
10:30:48 <Zounds> hey
10:39:57 <CockRoach|42> hors hors
10:44:36 -!- Runbunny [~Bunnykitt@91.100.28.10.generic-hostname.arrownet.dk] has joined #tlponies
10:45:12 <Dot|Phone> Cr! Runbun! 
10:49:22 -!- tredc [~tredc@c83-254-129-166.bredband.comhem.se] has joined #tlponies
10:53:42 <CockRoach|42> <3
10:53:51 <Dot|Phone> 🦓
11:05:16 <Runbunny> Hai.
11:28:20 -!- reification [~thomas@cpc76294-cosh16-2-0-cust297.6-1.cable.virginm.net] has joined #tlponies
11:28:20 -!- mode/#tlponies [+v reification] by Q
11:31:53 <Dot|Phone> Reef! 
11:34:18 <reification> dawt!
11:34:36 <Dot|Phone> How's the South doing? 
11:51:38 -!- Rawr|Fone [~AndChat52@c-94cfe455.020-164-6d6c6d4.bbcust.telenor.se] has joined #tlponies
12:13:53 <reification> the weather is nice
12:16:14 <reification> of course everyone gets the same idea https://www.bbc.co.uk/news/uk-wales-51994504
12:16:18 <reification> how's you?
12:18:51 -!- carcinisation [~thomas@cpc76294-cosh16-2-0-cust297.6-1.cable.virginm.net] has joined #tlponies
12:18:51 -!- mode/#tlponies [+v carcinisation] by Q
12:38:49 -!- reimeuk [~thomas@cpc76294-cosh16-2-0-cust297.6-1.cable.virginm.net] has joined #tlponies
12:38:49 -!- mode/#tlponies [+v reimeuk] by Q
12:46:19 <Dot|Phone> Doing ok
12:51:56 <Rial> https://i.imgur.com/vYoOzTi.jpg
13:33:47 -!- Rawr|Fone [~AndChat52@c-94cfe455.020-164-6d6c6d4.bbcust.telenor.se] has joined #tlponies
13:39:37 -!- DuB` [DuB@cpe-68-174-122-249.nyc.res.rr.com] has joined #tlponies
13:48:58 <Dot|Phone> Dub dub
13:54:27 <DuB`> Dot dot
14:01:07 <Zounds> cute Rial 
14:11:18 <Rial> Thanks! It was the best I could do with my fingers lol
14:16:57 <Micen> good morning
14:19:36 <Zounds> good morning micen
14:20:41 <Rial> good morning. time for bed
14:20:48 <Micen> good night
14:21:43 <Zounds> nn mate
14:22:55 <Dot|Phone> Gnight
15:14:32 <Bio> gmorn
15:15:01 <Dot|Phone> Morn
15:15:03 <Dot|Phone> G
15:23:03 -!- Camail [~Camail@45.40.84.145] has joined #tlponies
15:23:03 -!- mode/#tlponies [+v Camail] by Q
15:27:01 -!- Rawr|Fone [~AndChat52@c-94cfe455.020-164-6d6c6d4.bbcust.telenor.se] has joined #tlponies
15:31:38 -!- skram [~skram@213.232.87.62] has joined #tlponies
15:31:42 <Dot|Phone> Camalamal
15:31:49 <Dot|Phone> Jonas friend
15:33:35 <Bio> horsns
15:40:14 <skram> hej
15:40:30 <skram> DuB` Camail Dot|Phone border lans question mark
15:40:48 <Camail> sure
15:41:02 <Dot|Phone> Can't. Dnd in 20 minutes
15:41:08 <Camail> DuB`  Dot|Phone  if we dont i think he'll start peeling off his own skin out of boredom
15:41:19 <Camail> i thought dnd was saturdays
15:41:25 <Camail> you people, always changing things
15:41:49 <Dot|Phone> I tried to play bl3 yesterday, no one was game
15:42:03 <Dot|Phone> And no one was around earlier vervain time zones
15:42:16 <skram> pls
15:42:29 <Dot|Phone> You can carry on without me
15:43:09 * skram slaps DuB` around a bit with a large trout
15:50:52 <DuB`> wha
15:51:20 <skram> pew pew?
15:58:07 <DuB`> dnd
16:01:59 <Camail> F
16:28:01 <Bio> pow
17:01:36 <reimeuk> dub i see new york is racing ahead https://twitter.com/MarkJHandley/status/1241539659307667456
17:03:19 <DuB`> hM
17:03:20 <DuB`> Hm
17:03:47 <DuB`> Lotsa testing, dunno how testing rate per million compares to other states and these results
17:05:44 -!- Rawr|Fone [~AndChat52@c-94cfe455.020-164-6d6c6d4.bbcust.telenor.se] has joined #tlponies
17:16:29 -!- Dot` [webchat@cloak-puzvreye.123.7.51.dyn.plus.net] has joined #tlponies
17:50:08 <Camail> skram  if you need something to vacuum your time up, poe is here waiting, legs open
17:54:32 <DuB`> skram hasn't cleared iceborne!
17:57:59 <Dot`> and he needs to learn to play Dorf fort!
17:59:05 <skram> i already know how to dorf fort
17:59:27 <skram> and mhw is exhausting to play solo
17:59:31 <DuB`> And he needs to rest and be healthy!
17:59:41 <skram> maybe ill hit up the ol village bicycle
18:00:02 <DuB`> You don have to solo, I play every day :P
18:00:51 <skram> im gonna nom this here za that i crafted personally while thinkin bout it all
18:01:00 <DuB`> mmm
18:23:47 -!- Rawr|Fone [~AndChat52@c-94cfe455.020-164-6d6c6d4.bbcust.telenor.se] has joined #tlponies
18:36:53 -!- Rawr|Fone [~AndChat52@c-94cfe455.020-164-6d6c6d4.bbcust.telenor.se] has joined #tlponies
19:07:24 -!- Crisium [~Crisium@c-24-3-150-105.hsd1.pa.comcast.net] has joined #tlponies
19:07:32 <Dot`> Crisium!
19:07:53 <Crisium> howdy
19:14:16 <Zounds> cris hullo
19:14:35 <Crisium> zoonds
19:15:21 <Zounds> muh cris can I interest you in the overwatches
19:15:33 <Crisium> yes
19:16:19 <Zounds> excellent
19:17:15 <Zounds> reif too if you're out there
19:17:19 <Crisium> EU now then?
19:17:37 <Zounds> Sure man
20:00:49 -!- carcinisation [~thomas@cpc76294-cosh16-2-0-cust297.6-1.cable.virginm.net] has joined #tlponies
20:00:49 -!- mode/#tlponies [+v carcinisation] by Q
20:09:29 <Runbunny> skram, carcinisation https://www.youtube.com/watch?v=Q44ka5y9_KY
20:38:20 <CockRoach|42> i didnt know i wanted to see that, Runbunny 
20:39:30 <Runbunny> I am glad to help out.
20:39:59 <Dot`> a true man of the ppl runbun
20:41:10 <Rawr|Fone> Hmm
21:06:13 <Dot`> another session with no TPK
21:16:29 <skram> ur a good pal, runbun
21:17:07 <Dot`> skrammmmen
21:17:10 <Dot`> how you feeling?
21:19:29 <DuB`> One more slot in EU OW stack!
21:20:43 -!- Cane [~Cane@CaneCraft.users.quakenet.org] has joined #tlponies
21:20:43 -!- mode/#tlponies [+o Cane] by Q
21:23:19 <Dot`> hey cane <3
21:24:50 <Cane> Evening. <3
21:30:02 <skram> like shit, Dot`
21:30:38 <Dot`> D:
21:30:43 <Dot`> i thought you where getting better
21:31:11 <Dot`> i need someone to help me finish this icecream so there is room in my freezer
21:32:33 <skram> i thought so too
21:33:50 <Dot`> did you go and catch covid19 v2.0?
21:34:04 <Dot`> only available to prime subcribers
21:34:04 <skram> no its ebola this time
21:34:47 <Dot`> you going to go for TB after then think about aids?
21:34:54 <Dot`> get all the african diseases
21:36:11 <skram> maybe ill just get the bubonic plague
21:36:13 <skram> real old school
21:38:04 <Dot`> nice nice
22:24:34 -!- Rial [~Rial@p452019-ipngn200305sasajima.aichi.ocn.ne.jp] has joined #tlponies
22:28:04 <Dot`> hey rial
22:37:28 <Zounds> ggs lads
22:40:22 <Dot`> skram https://i.imgur.com/uENJWWy.jpg
22:53:37 <DuB`> GGs!
22:53:39 <DuB`> Very hungery
22:59:32 -!- reification [~thomas@cpc76294-cosh16-2-0-cust297.6-1.cable.virginm.net] has joined #tlponies
22:59:32 -!- mode/#tlponies [+v reification] by Q
23:15:57 <CockRoach|42> &win 23
23:16:04 <CockRoach|42> welp
23:16:10 <Rial> Morning, all
23:16:28 <DuB`> wb Rial
23:16:59 <CockRoach|42> hi Rial 
23:18:22 <Dot`> cr calm down
23:18:29 <Dot`> so rowdy
23:19:05 <CockRoach|42> sorry :/
23:19:27 <CockRoach|42> skram is a bad influence
23:20:35 <Dot`> understadable
23:20:45 <Dot`> also cr,
23:20:53 <Dot`> ?dndoggos
23:34:10 -!- Rawr|Fone [~AndChat52@c-94cfe455.020-164-6d6c6d4.bbcust.telenor.se] has joined #tlponies
23:40:17 <Bio> asdf
23:48:36 <DuB`> My sister got a cat
23:48:37 <DuB`> aaaaaaa
23:48:45 <Crisium> nyan
23:49:06 <DuB`> Biggest pet we've ever had was a hamster because my dad is allergic to everything
23:49:17 <DuB`> Now I wanna cat toooooo
23:49:28 <Crisium> get cat then
23:51:30 <DuB`> I would say "I'm never home" but now I am :P
23:51:34 <DuB`> Home is v small tho
23:51:39 <Crisium> cats are small
23:51:58 <skram> dub pls provide picture
23:53:14 <DuB`> Did send
23:53:57 <Camail> you're home a lot dub
23:54:02 <Camail> we see you
23:56:15 <Camail> still sane, skram?
23:57:46 <skram> i spent 2 hours looking at gokarts on youtube
23:57:48 <skram> you decide
