00:02:13 <DuB`> I got a salad once without realizing it was kale, feta, and balsamic
00:02:20 <DuB`> I literally COULDN'T eat it lol
00:02:37 <reification> night all
00:02:59 <DuB`> Seeya reif
00:42:23 <skrm> DuB` why are you so picky
00:43:27 <DuB`> It's called having tastebuds, pls
00:45:24 <skrm> aPPARANTLY NOT
00:47:44 <skrm> i love feta cheese
00:47:51 <skrm> balsamic vinegar can go home tho
00:51:03 <Dot`_> Dub doesnt like feta??
00:51:34 <Dot`_> dub, did you eat chalk by mistake and think it was feta?
00:51:57 <DuB`> Might as well have
00:52:20 <Dot`_> skram, american feta must be bad
00:55:45 <Camail> we have good cheese
00:56:19 <Dot`_> are you saying dub just has bad taste
00:57:28 -!- Rial [~Rial@p452019-ipngn200305sasajima.aichi.ocn.ne.jp] has joined #tlponies
00:57:36 <Dot`_> skram https://imgur.com/gallery/8vnp9c5
01:00:55 <skrm> look at this boi https://i.imgur.com/QP9B5rE.jpeg
01:01:19 <skrm> sure cam
01:01:37 <skrm> you've got the orange squares and the aerosolized kind
01:01:55 <Camail> those are also good
01:02:00 <Camail> you have nothing
01:03:21 <skrm> uh huh
01:05:50 -!- Dot` [webchat@cloak-puzvreye.123.7.51.dyn.plus.net] has joined #tlponies
01:11:16 <skrm> bjørn
01:11:35 <Dot`> Jonas
01:11:42 <skrm> it is late
01:11:48 <Dot`> it is
01:11:53 <Dot`> and your at work
01:13:20 <skrm> well i get paid for being up late
01:14:19 <DuB`> !
01:14:21 <DuB`> I just get sleepy :T
01:57:15 -!- Rawr|Fone [~AndChat52@c-94cfe455.020-164-6d6c6d4.bbcust.telenor.se] has joined #tlponies
02:18:52 <Bio> asdf
02:18:56 <Bio> sleep time
02:19:00 <BioBed> nn
02:51:43 -!- sweetiebot [~skybot@209.141.41.184] has joined #tlponies
02:54:18 -!- Westy543 [Westy543@c-24-130-12-152.hsd1.ca.comcast.net] has joined #tlponies
02:54:24 -!- mode/#tlponies [+v Westy543] by Q
03:52:24 -!- Rawr|Fone [~AndChat52@c-94cfe455.020-164-6d6c6d4.bbcust.telenor.se] has joined #tlponies
05:47:17 -!- Rawr|Fone [~AndChat52@c-94cfe455.020-164-6d6c6d4.bbcust.telenor.se] has joined #tlponies
05:52:20 -!- Golly [~kvirc@cm-84.213.21.103.getinternet.no] has joined #tlponies
07:19:23 -!- Dot` [webchat@cloak-puzvreye.123.7.51.dyn.plus.net] has joined #tlponies
07:40:43 -!- Rawr|Fone [~AndChat52@c-94cfe455.020-164-6d6c6d4.bbcust.telenor.se] has joined #tlponies
07:51:34 -!- Rawr|Fone [~AndChat52@c-94cfe455.020-164-6d6c6d4.bbcust.telenor.se] has joined #tlponies
08:08:07 -!- Micen [~Micen@h106.208.18.98.dynamic.ip.windstream.net] has joined #tlponies
08:09:16 -!- Rawr|Fone [~AndChat52@c-94cfe455.020-164-6d6c6d4.bbcust.telenor.se] has joined #tlponies
08:26:47 -!- Rawr|Phone [~AndChat52@m83-187-166-245.cust.tele2.se] has joined #tlponies
09:07:57 <Rawr|Phone> 🐴🐴🐴
09:09:11 <Dot`> Rawr Rawr Rawr
09:09:14 <Dot`> <3 <3 <3
09:09:26 <Rawr|Phone> DoT DoT DoT
09:09:29 <Rawr|Phone> ❤❤❤
09:12:39 <Rawr|Phone> How are you today dot
09:16:30 <Dot`> doing ok rawr, trying to get back in being fit, but neck is sore again :/
09:17:19 <Rawr|Phone> D:
09:25:26 <Rawr|Phone> Do you have any gyms where you live dot?
09:25:43 <Dot`> im not a fan of gyms rawr
09:25:59 <Rawr|Phone> Hmm
09:26:02 <Dot`> and i dont have a car, there is nothign nearby
09:32:03 <Rawr|Phone> I think homeworkouts are better than nothing, but they are often vastly overestimated
09:32:23 <Rawr|Phone> Just getting fit is mostly about diet though
09:36:42 -!- reification [~thomas@cpc76294-cosh16-2-0-cust297.6-1.cable.virginm.net] has joined #tlponies
09:36:42 -!- mode/#tlponies [+v reification] by Q
09:39:03 <Dot`> yea i know, my deit is ok, its not great but its on the healthier side
09:39:05 <Dot`> besides pizza
09:39:49 <Dot`> and most normal excersice is bad for me as it puts some strain on my neck
09:39:57 <Dot`> which i screwed up doing kickboxing
09:45:51 <Rawr|Phone> That does make it more difficult
09:46:23 <Rawr|Phone> Counting calories is the best thing that I have done in recent years though
09:46:27 <Rawr|Phone> Would recommend
09:54:35 -!- Micen [~Micen@h106.208.18.98.dynamic.ip.windstream.net] has joined #tlponies
10:03:32 <reification> most people have the opposite weight difficulty than you though rawr
10:03:36 <reification> you are special
10:03:40 -!- tredc [~tredc@c83-254-129-166.bredband.comhem.se] has joined #tlponies
10:06:36 <Dot`> ive thankfully always managed to maintain a certian level of fitness and not get overweight
10:07:29 <Rawr|Phone> I think counting calories would probably be even better when trying to lose weight reef reef
10:10:20 <reification> intermittent fasting is good for that rawr. the one surprising thing to be careful of is gout though!
10:15:44 <Rawr|Phone> Hmm, well even if you do intermittent fasting, if you are above maintenance you are still going to gain weight
10:15:54 <Rawr|Phone> Your window of eating is just smaller
10:23:54 <reification> yes, however it is hard to eat a lot in a short time
10:24:06 <Rawr|Phone> Very true
10:25:47 <reification> careful calorie counting is excellent for troubleshooting when things aren't working
10:27:32 -!- Rawr|Fone [~AndChat52@c-94cfe455.020-164-6d6c6d4.bbcust.telenor.se] has joined #tlponies
10:28:30 <Dot`> ive seen ppl who do fasting days and then pig out the rest of the time
10:28:34 <Dot`> and complain its not working
10:28:40 <Dot`> ppl are silly
10:29:59 -!- Runbunny [~Bunnykitt@91.100.28.10.generic-hostname.arrownet.dk] has joined #tlponies
10:30:21 <Runbunny> Yo.
10:30:37 <reification> and many of them do not even have the excuse of being swedish dot
10:30:41 <reification> hello bun
10:30:45 <Runbunny> Reif.
10:30:51 <Dot`> speaking of silly
10:30:53 <Dot`> hi runbun
10:32:27 <Rawr|Fone> Anders.
10:34:42 <Runbunny> Bjørn, Henrik.
10:42:10 <Rawr|Fone> How are you feeling today bunbun
10:42:35 <Runbunny> I'm pretty good, a bit tired. I was out most of yesterday.
10:43:36 <Rawr|Fone> I heard they were debating lifting some restrictions in denmark
10:53:58 <Runbunny> I think some of the younger kids are already back in school.
11:19:17 -!- Rawr|Phone [~AndChat52@m83-187-166-245.cust.tele2.se] has joined #tlponies
12:29:43 <reification> runbunny paper of the day, pre-workout edition? https://www.ncbi.nlm.nih.gov/pmc/articles/PMC544093/
13:19:05 -!- Cane [~Cane@CaneCraft.users.quakenet.org] has joined #tlponies
13:19:06 -!- mode/#tlponies [+o Cane] by Q
13:57:52 -!- Zounds [webchat@cloak-07ouvien.14-2.cable.virginm.net] has joined #tlponies
14:23:12 -!- skram [~skram@82.147.53.197] has joined #tlponies
14:24:46 <Zounds> hi skram
14:25:58 <skram> zounds old boy
14:26:04 <Rawr|Phone> Jonas
14:26:37 <skram> henrik gamle ørn
14:27:47 <Dot`> Zounds, Jonas <3
14:28:10 <skram> Bjørnen
14:33:23 <Cane> https://gfycat.com/babyishuniquechital
14:39:28 -!- DuB` [DuB@cpe-68-174-122-249.nyc.res.rr.com] has joined #tlponies
14:41:24 <Dot`> dub dub
14:41:49 <DuB`> dot dot
14:41:57 <DuB`> Ohayou
14:42:49 <Dot`> hows the americas dub?
14:43:03 <DuB`> Well the part of it that's in my apartment is nice
14:47:07 <Dot`> great
14:47:31 <reification> skram zounds dub
14:47:45 <Zounds> sup
14:51:46 <DuB`> Hello reification
14:53:05 -!- carcinisation [~thomas@cpc76294-cosh16-2-0-cust297.6-1.cable.virginm.net] has joined #tlponies
14:53:05 -!- mode/#tlponies [+v carcinisation] by Q
15:00:40 <DuB`> Looks like no dnd this weekend
15:00:57 <DuB`> Lotsa OW / monhun / spacegame time :O
15:19:10 <carcinisation> every day twitter bans ppl in more idiotic ways... https://pbs.twimg.com/media/EWVSG4QVcAMzxPS.jpg:large
15:19:49 <skram> dont spread falsehoods, tanya
15:20:06 <DuB`> Dontcha know political jokes are voter suppression
15:20:28 <Golly> you'd think the algorithms would be getting more meme savvy 
15:21:53 <Dot`> skram https://imgur.com/gallery/P2fYLKG
15:23:09 <skram> where can i get this chonk
15:51:12 <Golly> im getting pretty chonk off of 10kr ballerina cookies at europris
15:55:19 <skram> ballerina is the best cookie
15:57:20 <Golly> the original yea, blueberry however
15:57:44 <Golly> like trying to eat glue
16:01:05 -!- Crisium [~Crisium@c-24-3-150-105.hsd1.pa.comcast.net] has joined #tlponies
16:01:42 -!- Rawr|Fone [~AndChat52@c-94cfe455.020-164-6d6c6d4.bbcust.telenor.se] has joined #tlponies
16:02:56 <Runbunny> Let me know when we're hunting, DuB`.
16:07:12 -!- carcinisation [~thomas@cpc76294-cosh16-2-0-cust297.6-1.cable.virginm.net] has joined #tlponies
16:07:12 -!- mode/#tlponies [+v carcinisation] by Q
16:40:41 <Rawr|Fone> Horse
17:01:41 <Crisium> horse
17:06:28 <Rawr|Fone> Crisioom
17:11:55 -!- skrm [webchat@pioj.eid3.887x.ip] has joined #tlponies
17:12:54 <Bio> asdf
17:14:36 <Runbunny> Hai Bio.
17:15:09 <Bio> hello
17:17:31 <Runbunny> How are things?
17:17:44 <skrm> Anders.
17:18:17 -!- Camail [~Camail@45.40.84.145] has joined #tlponies
17:18:17 -!- mode/#tlponies [+v Camail] by Q
17:20:00 <skrm> han forvandlede sig til en sylteagure
17:22:56 <Bio> im asdf bun
17:23:05 <Bio> but probably just need water
17:24:27 <Rawr|Fone> En ättiksgurka jonas
17:24:31 <Rawr|Fone> Roligaste jag sett
17:24:39 -!- Zounds [webchat@cloak-07ouvien.14-2.cable.virginm.net] has joined #tlponies
17:28:26 <Runbunny> Jonas.
17:28:42 <Runbunny> Hahaha Henrik.
17:29:37 <skrm> Sjoveste lort jeg har set
17:32:10 <Runbunny> :D
17:32:44 <Runbunny> Assume a power pose for short while Bio.
17:34:26 <Rawr|Fone> Anders
17:34:53 <Dot`> hedge
17:34:58 <Dot`> i napped
17:35:41 <Rawr|Fone> Dot dot
17:36:30 <Dot`> rawr rawr
17:36:38 <Rawr|Fone> ❤❤
17:36:52 <Dot`> <3 <3
17:38:40 <Bio> I will begin T-Posing
17:44:42 <Dot`> you finish xcom yet bio?
17:44:50 <Dot`> i fell aslep
17:44:51 <Bio> no
17:44:59 <Bio> havent played since last night
17:45:53 <Runbunny> Dot.
17:45:56 <Runbunny> You're back.
17:46:52 <Dot`> Runbun, kinda
17:49:05 <Runbunny> How was your nap?
17:49:13 <Runbunny> How is your face?
17:49:49 <Runbunny> Does it look like this? https://imgur.com/gallery/ba1FuDn
17:51:54 <Dot`> thats actually very accurate
18:01:33 <skrm> dot is a dog confirmed
18:03:11 <Dot`> life goals skram
18:03:16 <Dot`> to be as happy as dogs are
18:06:35 <skrm> that dog doesnt look very happy tho
18:12:39 <Runbunny> It's just nervous, since it has to drive a car.
18:26:09 <Bio> ?biostream
18:29:09 <Bio> rando today
18:42:42 -!- Rawr|Fone [~AndChat52@c-94cfe455.020-164-6d6c6d4.bbcust.telenor.se] has joined #tlponies
19:12:15 -!- Rawr|Fone [~AndChat52@c-94cfe455.020-164-6d6c6d4.bbcust.telenor.se] has joined #tlponies
19:23:17 <DuB`> Runbunny I'm gonna greatsword some things
19:23:38 <Runbunny> I'll be your shield.
19:26:50 <Dot`> gl horses
19:34:16 <skrm> whos gonna play the tuba
19:47:40 -!- Crisium [~Crisium@c-24-3-150-105.hsd1.pa.comcast.net] has joined #tlponies
19:49:34 <Zounds> crispon
19:51:05 <Crisium> yo
19:58:43 <skrm> poncris
20:08:58 <Dot`> hey Crisium
20:09:02 <Dot`> dub
20:41:09 <CockRoac1|42> hors hors
20:45:00 <Bio> gonna do another run here in a sec
20:45:06 <Bio> if yall wanna watch
20:47:19 <carcinisation> you're back to zelda?
20:50:55 <Bio> for today
20:50:58 <Bio> maybe even more
21:17:28 <Zounds> Crisium carcinisation either of you wanna overwatch
21:17:54 <Zounds> DaB` too but he's busy slaying monsters
21:18:04 <carcinisation> i can do a little
21:18:55 <Zounds> Alright a couple rounds then >:)
21:19:38 <carcinisation> downloading update now
21:21:30 <Zounds> Micen
21:21:32 <Crisium> not tonight
21:22:07 <Zounds> np
21:46:50 <Runbunny> carcinisation, https://twitter.com/sa_tea/status/1253688569853431808
21:55:07 <skrm> why is the bunny crying
21:58:16 -!- Rawr|Fone [~AndChat52@c-94cfe455.020-164-6d6c6d4.bbcust.telenor.se] has joined #tlponies
22:01:03 <Runbunny> Jonas.
22:01:39 <Runbunny> Because she's an idol.
22:18:50 <Bio> one last run in rando boys
22:18:55 <Bio> starting now
22:23:06 <skrm> Do idols cry a lot, Runbunny?
22:36:00 <carcinisation> yes 
22:38:49 <Runbunny> skrm, carcinisation https://twitter.com/i/status/1251871610283253760
22:43:45 <Dot`> skram https://imgur.com/gallery/y20aDbM
22:44:53 <skrm> Who gave the psycho rabbit a gun
22:44:55 <skrm> irresponsible
22:45:20 <Runbunny> carcinisation, https://www.youtube.com/watch?v=FN7iwduOllI
22:58:41 -!- Rawr|Fone [~AndChat52@c-94cfe455.020-164-6d6c6d4.bbcust.telenor.se] has joined #tlponies
23:02:31 <carcinisation> lol
23:06:09 <Bio> too tilted from deleting my save
23:06:11 <Bio> rip
23:06:18 <Bio> try again tomorrow probably
23:06:26 <BioBrb> brb
23:10:15 <carcinisation> F
23:10:21 <Dot`> F
23:18:27 <Dot`> runbun https://imgur.com/gallery/N14acFX
23:22:47 <Runbunny> That is pretty cute Dot.
23:25:16 -!- Golly [~kvirc@cm-84.213.21.103.getinternet.no] has joined #tlponies
23:30:33 <skrm> run bunny
23:31:11 <Dot`> jo nas
23:33:03 <skrm> lil jo nas x
23:59:06 <Zounds> ggs nice staq
23:59:09 <Zounds> good night everypon
23:59:13 <carcinisation> ggs and g'night
