00:01:42 <Runbunny> reification, oh boy
00:01:46 <Runbunny> I have spice for you.
00:01:58 <reification> :D
00:02:09 <reification> does it come with wolf?
00:02:20 <Runbunny> Sadly not.
00:02:21 <Runbunny> https://twitter.com/LewdGamer/status/1226514855970119682?s=20
00:02:29 <Runbunny> https://twitter.com/BitchAssBowie/status/1226534607690006529
00:02:40 <Runbunny> Ends with a meme https://pbs.twimg.com/media/EQWQsHOU4AAA0DF.jpg
00:04:29 <reification> anime too strong
00:18:23 <Bio> gonna make me a heckkin hot chocolate
00:20:50 <DuB`> cozy
00:20:59 <reification> good idea, i shall copy it
00:24:07 -!- Rawr|Fone [~AndChat52@c-94cfe455.020-164-6d6c6d4.bbcust.telenor.se] has joined #tlponies
00:27:26 <Runbunny> I require sleep.
00:31:14 <reification> another idea to copy
00:47:51 -!- Rawr|Fone [~AndChat52@c-94cfe455.020-164-6d6c6d4.bbcust.telenor.se] has joined #tlponies
00:59:22 <skram> i slept a whole hour
01:21:44 <DuB`> Long nap or short night?
01:22:48 <skram> short night
01:33:39 -!- Cane [~Cane@CaneCraft.users.quakenet.org] has joined #tlponies
01:33:39 -!- mode/#tlponies [+o Cane] by Q
01:33:43 <DuB`> o noe
01:57:27 -!- Rawr|Fone [~AndChat52@c-94cfe455.020-164-6d6c6d4.bbcust.telenor.se] has joined #tlponies
03:21:02 -!- BioPhone [~androirc@097-070-165-146.res.spectrum.com] has joined #tlponies
04:47:50 -!- Rawr|Fone [~AndChat52@c-94cfe455.020-164-6d6c6d4.bbcust.telenor.se] has joined #tlponies
05:27:47 -!- skram [~skram@213.232.87.72] has joined #tlponies
07:10:40 -!- Dot|Phone [uid393803@2001:67c:2f08:5::6:24b] has joined #tlponies
07:50:39 -!- Rawr|Fone [~AndChat52@c-94cfe455.020-164-6d6c6d4.bbcust.telenor.se] has joined #tlponies
08:06:16 -!- CellRoach [~AndChat14@213.102.103.89] has joined #tlponies
08:09:08 -!- Rawr|Fone [~AndChat52@c-94cfe455.020-164-6d6c6d4.bbcust.telenor.se] has joined #tlponies
08:29:26 -!- Rawr|Fone [~AndChat52@c-94cfe455.020-164-6d6c6d4.bbcust.telenor.se] has joined #tlponies
08:37:22 -!- Rawr|Fone [~AndChat52@c-94cfe455.020-164-6d6c6d4.bbcust.telenor.se] has joined #tlponies
08:38:36 <Rawr|Fone> 🐴🐴🐴
08:42:45 <Dot|Phone> 🦓🦓🦓
09:03:24 <Rawr|Fone> 🦄🦄🦄
09:07:04 -!- Golly [~kvirc@cm-84.213.21.103.getinternet.no] has joined #tlponies
10:19:39 -!- Rawr|Fone [~AndChat52@m83-187-188-58.cust.tele2.se] has joined #tlponies
11:20:24 <Rawr|Fone> 🐴🐴🐴
11:22:35 <Dot|Phone> Rawr Rawr Rawr 
11:22:38 <Dot|Phone> 💖💖💖
11:23:05 <Rawr|Fone> DoT DoT DoT
11:23:08 <Rawr|Fone> 💖💖💖
11:23:45 -!- reification [~thomas@cpc76294-cosh16-2-0-cust297.6-1.cable.virginm.net] has joined #tlponies
11:23:45 -!- mode/#tlponies [+v reification] by Q
11:25:31 <Rawr|Fone> Reef reef
11:25:44 <Dot|Phone> Hey Reif
11:25:52 <reification> roar roar
11:25:59 <reification> hej dot
11:51:35 -!- tredc [~tredc@c83-254-129-166.bredband.comhem.se] has joined #tlponies
12:36:43 -!- Rawr|Fone [~AndChat52@c-94cfe455.020-164-6d6c6d4.bbcust.telenor.se] has joined #tlponies
12:37:10 <reification> .tell runbunny https://twitter.com/kyma_curry/status/1226196223473799168 https://pbs.twimg.com/media/EP_oL66X4AEezWc.jpg
13:08:04 -!- BioPhone [~androirc@mobile-166-176-250-102.mycingular.net] has joined #tlponies
13:12:11 -!- Rawr|Fone [~AndChat52@c-94cfe455.020-164-6d6c6d4.bbcust.telenor.se] has joined #tlponies
13:25:57 -!- BioPone [~androirc@12.33.239.117] has joined #tlponies
13:40:31 -!- Rawr|Fone [~AndChat52@c-94cfe455.020-164-6d6c6d4.bbcust.telenor.se] has joined #tlponies
13:48:37 <Dot|Phone> Pon Pon
13:56:25 -!- Runbunny [~Runbunny@91.100.28.10.generic-hostname.arrownet.dk] has joined #tlponies
13:57:53 <Runbunny> Yo.
13:58:18 <Runbunny> reification, https://www.youtube.com/watch?v=o44J1hQC3gY
14:00:22 <reification> hi bun
14:05:05 <Runbunny> Hai~
14:22:36 <reification> hmm
14:23:39 <Dot|Phone> Hey bun 
14:25:45 <Rial> nini all
14:30:16 -!- Rawr|Fone [~AndChat52@c-94cfe455.020-164-6d6c6d4.bbcust.telenor.se] has joined #tlponies
14:32:03 -!- Rawr|Phone [~AndChat52@m83-187-188-58.cust.tele2.se] has joined #tlponies
14:32:54 <Runbunny> I got to go though
14:38:21 <Dot|Phone> :/
15:08:45 -!- BioPone [~androirc@12.33.239.117] has joined #tlponies
15:19:30 -!- BioPone [~androirc@12.33.239.117] has joined #tlponies
15:49:42 -!- BioPone [~androirc@12.33.239.117] has joined #tlponies
15:55:10 -!- BioPone [~androirc@12.33.239.117] has joined #tlponies
16:04:21 -!- Rawr|Fone [~AndChat52@c-94cfe455.020-164-6d6c6d4.bbcust.telenor.se] has joined #tlponies
16:11:17 <Rawr|Fone> Horses
16:14:52 <Dot|Phone> Rawr hest
16:17:00 <Rawr|Fone> DoT
16:26:11 <Dot|Phone> How's you
16:35:05 <Rawr|Fone> Pretty good dot, just got done witj 
16:35:13 <Rawr|Fone> With a driving lesson
16:35:18 <Rawr|Fone> How are you
16:55:45 <BioPone> Hej
16:55:52 <BioPone> Driving is the best
17:16:10 -!- Rawr|Fone [~AndChat52@c-94cfe455.020-164-6d6c6d4.bbcust.telenor.se] has joined #tlponies
17:28:44 -!- Dot` [webchat@cloak-3uhw4kw0.161.189.80.dyn.plus.net] has joined #tlponies
17:41:04 -!- Rawr|Fone [~AndChat52@c-94cfe455.020-164-6d6c6d4.bbcust.telenor.se] has joined #tlponies
17:41:29 -!- BioPone [~androirc@12.33.239.117] has joined #tlponies
17:55:18 -!- BioPone [~androirc@12.33.239.117] has joined #tlponies
18:02:41 -!- BioPone [~androirc@12.33.239.117] has joined #tlponies
18:15:35 -!- Runbunny [~Runbunny@91.100.28.10.generic-hostname.arrownet.dk] has joined #tlponies
18:16:56 <Dot`> angel!
18:16:59 <Dot`> your back!
18:34:58 -!- Rawr|Fone [~AndChat52@c-94cfe455.020-164-6d6c6d4.bbcust.telenor.se] has joined #tlponies
18:36:01 <BioPone> Asdf
18:36:03 <Rawr|Fone> Hmm
18:38:42 <BioPone> My poor roomba
18:38:50 <BioPone> Has gotten stuck again
18:39:20 <Dot`> poor beep boop
18:45:59 <BioPone> Bop
19:04:30 <Runbunny> I am!
19:20:30 -!- skram [~skram@213.232.87.72] has joined #tlponies
19:21:11 <Dot`> Skram freidn
19:21:33 <skram> dot pail
19:24:35 <BioPone> Dot bucket even
19:26:35 <Rawr|Fone> Jonas
19:29:30 <Dot`> did you have a fun day skram
19:30:41 <skram> no?
19:33:31 <Dot`> aww
19:33:35 <Dot`> why what happened
19:35:53 <skram> i mean its just been A Day
19:36:02 <skram> nothing particular either way, y'know?
19:39:35 <Dot`> hmm
19:43:31 <skram> what a boat u
19:51:15 <Dot`> i feel a bit unwell, but otherwise doing ok
19:56:34 <BioPone> Eat a whole chocolate
19:58:49 <skram> a WHOLE chocolat?
20:03:14 <BioPone> Yes
20:03:43 <skram> pls provide materials
20:09:17 <BioPone> https://shop.hersheys.com/gifts/hersheys-exclusives/HSY-363025.html?adtype=pla&gclid=EAIaIQobChMI_I2xjuTH5wIVB__jBx1_BgRzEAQYASABEgKMTvD_BwE&utm_medium=cpc&gclsrc=aw.ds&utm_source=google
20:09:45 <skram> theres no shipping option for straight into my face hole
20:13:29 <Rawr|Fone> They should add that
20:20:11 <Dot`> you should send them to rawr, then he can feed them to you
20:25:47 <BioPone> Delicious
21:12:03 -!- Cane [~Cane@CaneCraft.users.quakenet.org] has joined #tlponies
21:12:03 -!- mode/#tlponies [+o Cane] by Q
21:26:24 <reification> hersheys ewww
21:27:00 <reification> i have some nice green&blacks dark choc with ginger :D
21:27:37 <BioPone> Bruh I just googled big chocolate bar and got the firstol one
22:05:26 <reification> i guess you weren't feeling lucky
22:19:37 -!- Rial [~Rial@p2429120-ipngn200603tokaisakaetozai.aichi.ocn.ne.jp] has joined #tlponies
22:21:23 <reification> hi rial
22:22:08 <reification> runbunny !! https://twitter.com/chihaya513/status/1226528797299621888
22:25:44 -!- Camail [~Camail@45.40.84.145] has joined #tlponies
22:25:44 -!- mode/#tlponies [+v Camail] by Q
22:27:56 <Cane> butts?
22:34:29 -!- BioPone [~androirc@097-070-165-146.res.spectrum.com] has joined #tlponies
22:35:49 <Rial> Good morning
22:36:11 <Rial> This is now my favorite things to leave in the background 
22:36:15 <Rial> https://www.twitch.tv/fftbattleground
22:38:28 <Dot`> ?butts
22:39:15 <Dot`> lol
22:41:21 <Camail> is good picture
22:44:30 -!- DuB` [DuB@cpe-68-174-122-249.nyc.res.rr.com] has joined #tlponies
22:44:45 <Dot`> dub
22:44:53 <DuB`> dot
22:45:05 <Dot`> do you think he sensed the picture cam?
22:45:18 <Camail> likely
22:45:40 <DuB`> Well I can't SEE it >:(
22:46:18 <Dot`> but yet you know
22:51:58 <Camail> ?butts
22:52:29 <Cane> Hmmm.
22:53:21 <Cane> Can the bot have a function that can memorize multiple entries for a single ?r and randomly choose between them every time someone does the command?
22:56:37 <Camail> that would really just be a new function at that point
23:00:09 <Rial> alternatigvely, you can add more 't's to butt !buttt !buttttt
23:03:09 -!- Micen [~Micen@h6.74.23.98.dynamic.ip.windstream.net] has joined #tlponies
23:12:04 -!- skram [~skram@213.232.87.72] has joined #tlponies
23:16:52 <Runbunny> Sleep.
23:34:17 -!- carcinisation [~thomas@cpc76294-cosh16-2-0-cust297.6-1.cable.virginm.net] has joined #tlponies
23:34:17 -!- mode/#tlponies [+v carcinisation] by Q
