00:11:18 <Runbunny> .tell reification https://www.youtube.com/watch?v=g_509P_QT64&feature=youtu.be&t=12407 Dog vs Cockroach, match last for quite a while.
00:29:17 -!- Cane [~Cane@CaneCraft.users.quakenet.org] has joined #tlponies
00:29:17 -!- mode/#tlponies [+o Cane] by Q
02:00:52 -!- Crisium|2 [~Crisium@c-24-3-150-105.hsd1.pa.comcast.net] has joined #tlponies
02:28:35 -!- Rawr|Fone [~AndChat52@c-94cfe455.020-164-6d6c6d4.bbcust.telenor.se] has joined #tlponies
02:36:39 -!- Crisium|2 [~Crisium@c-24-3-150-105.hsd1.pa.comcast.net] has joined #tlponies
04:08:54 <Cane> .tell DoT` https://www.reddit.com/r/stalker/comments/gf8vqk/you_have_the_essential_gear_now_its_time_to_work/
04:19:54 -!- Micen [~Micen@h106.208.18.98.dynamic.ip.windstream.net] has joined #tlponies
04:37:20 -!- Rawr|Fone [~AndChat52@c-94cfe455.020-164-6d6c6d4.bbcust.telenor.se] has joined #tlponies
06:02:16 -!- Rawr|Fone [~AndChat52@c-94cfe455.020-164-6d6c6d4.bbcust.telenor.se] has joined #tlponies
06:16:48 -!- Golly [~kvirc@cm-84.213.21.103.getinternet.no] has joined #tlponies
06:25:45 -!- Rawr|Fone [~AndChat52@c-94cfe455.020-164-6d6c6d4.bbcust.telenor.se] has joined #tlponies
06:47:11 -!- Rawr|Fone [~AndChat52@c-94cfe455.020-164-6d6c6d4.bbcust.telenor.se] has joined #tlponies
07:18:39 -!- Rawr|Fone [~AndChat52@c-94cfe455.020-164-6d6c6d4.bbcust.telenor.se] has joined #tlponies
07:29:42 -!- Dot` [webchat@lijh.6nb9.0v1j.ip] has joined #tlponies
07:29:55 <Dot`> Morning
07:48:08 <Cane> Morning. <3
07:51:44 -!- Rawr|Fone [~AndChat52@c-94cfe455.020-164-6d6c6d4.bbcust.telenor.se] has joined #tlponies
07:51:45 <Rawr|Fone> DoT DoT DoT
07:53:33 <Dot`> Cane <3 why does any reminder of stalker just make me want to play it
07:53:36 <Dot`> Rawr RAwr Rawr
07:53:38 <Micen> good morning dot. 
07:53:40 <Dot`> <3 <3 <3
07:53:48 <Dot`> hedge micen
07:53:49 <Rawr|Fone> ❤❤❤
07:53:54 <Cane> Dot`, it does to me too, I'm just sharing the pain.
07:53:59 <Cane> Need STALKER 2.
07:54:16 <Rawr|Fone> Good morning micen and cane
07:55:32 <Micen> Hi Rawr
07:56:50 <Micen> How are you? 
07:57:29 <Rawr|Fone> Pretty good, busy with work
07:57:35 <Rawr|Fone> How are you moocen
08:00:20 <Micen> ive finally exhausted all other forms of distraction and am cleaning. 
08:32:20 -!- Rawr|Fone [~AndChat52@c-94cfe455.020-164-6d6c6d4.bbcust.telenor.se] has joined #tlponies
08:42:00 <Dot`> rawr, your phone is back to its old tricks
08:44:02 -!- Rawr|Fone [~AndChat52@c-94cfe455.020-164-6d6c6d4.bbcust.telenor.se] has joined #tlponies
08:45:06 <Dot`> rawr
08:45:55 <Rawr|Fone> Dot
08:47:51 <Dot`> why so much DC
08:47:56 <Dot`> i thought it was fixed
08:50:56 <Rawr|Fone> I switched back to andchat because irccloud doesn't work anymore
09:03:32 <Dot`> :/
09:07:00 <Rawr|Fone> Well, it works, but the free version seems to disconnect just as much
09:14:53 -!- Runbunny [~Bunnykitt@91.100.28.10.generic-hostname.arrownet.dk] has joined #tlponies
09:19:28 <Dot`> Angel!
09:39:27 -!- tredc [~tredc@c83-254-129-166.bredband.comhem.se] has joined #tlponies
09:41:40 -!- Rawr|Fone [~AndChat52@c-94cfe455.020-164-6d6c6d4.bbcust.telenor.se] has joined #tlponies
09:53:18 <Runbunny> Hai.
10:02:42 -!- Rawr|Fone [~AndChat52@c-94cfe455.020-164-6d6c6d4.bbcust.telenor.se] has joined #tlponies
10:12:25 -!- Rawr|Fone [~AndChat52@m83-187-187-23.cust.tele2.se] has joined #tlponies
10:50:35 -!- skram [~skram@82.147.53.124] has joined #tlponies
10:55:20 <Rawr|Fone> Jonas
10:57:28 <Dot`> Skram comrade
11:12:53 <Dot`> walk time
11:20:51 -!- Dot|Phone [uid393803@id-393803.brockwell.irccloud.com] has joined #tlponies
11:45:48 <Runbunny> Have fun Dot!
11:56:20 <Dot|Phone> I'm trying
12:04:34 -!- Rawr|Phone [~AndChat52@c-94cfe455.020-164-6d6c6d4.bbcust.telenor.se] has joined #tlponies
12:33:57 <Dot|Phone> How are you today bun
12:36:47 <Runbunny> Eh.
12:37:30 <Runbunny> Throat is kinda hurting, seems like I caught what my flatmate had a few days ago. 
12:37:43 <Runbunny> Which isn't corona as he tested negative for that.
12:38:04 <Dot|Phone> Oh dear. You should have defenestrated him
12:38:53 <Dot|Phone> When is your next CS game? 
12:41:46 <Runbunny> However, I ordered a pizza which just came.
12:41:57 <Runbunny> not until wednesday I believe.
12:58:01 -!- Rawr|Fone [~AndChat52@c-94cfe455.020-164-6d6c6d4.bbcust.telenor.se] has joined #tlponies
13:50:12 -!- DuB` [DuB@cpe-68-174-122-249.nyc.res.rr.com] has joined #tlponies
13:53:58 <Bio> marnen
14:06:29 <Bio> oh boy, may snowflakes
14:06:35 <Bio> the narth everyone
15:22:46 <skram> b io
15:26:21 -!- skrma [~skram@188.95.55.69] has joined #tlponies
15:31:40 <Bio> skorm
15:31:50 <Bio> i do the werk today
15:31:53 <Bio> but almost weekend!
15:49:15 <Rawr|Fone> I got to finish work 90 minutes early today
15:59:03 -!- skram [~skram@82.147.53.124] has joined #tlponies
16:01:53 -!- Dot` [webchat@lijh.6nb9.0v1j.ip] has joined #tlponies
16:02:08 <DuB`> Simultaneous skramdot
16:02:09 <Dot`> i bek
16:02:18 <Dot`> A skram AND a  dub??
16:02:27 <Dot`> how fortuitious
16:02:47 <skram> hello frans
16:04:24 <Rawr|Fone> Jonas
16:04:26 <Rawr|Fone> Dot
16:04:33 <Bio> launch time
16:04:48 <Dot`> rawr
16:11:02 <Rawr|Fone> How was your walk dot
16:20:17 <Dot`> great rawr
16:20:36 <Dot`> no one around on one of the most populour walking spots in th epeak district
16:20:59 <Dot`> how are you rawr
16:21:10 <Rawr|Fone> Wonderful
16:21:26 <Rawr|Fone> I had a short work day today
16:26:27 <Dot`> great
16:28:36 -!- Rawr|Phone [~AndChat52@m83-187-180-227.cust.tele2.se] has joined #tlponies
16:29:09 -!- reification [~thomas@cpc76294-cosh16-2-0-cust297.6-1.cable.virginm.net] has joined #tlponies
16:29:09 -!- mode/#tlponies [+v reification] by Q
16:33:46 <Rawr|Phone> Reef reef
16:33:51 <reification> roar roar
17:00:27 -!- Camail [~Camail@45.40.84.145] has joined #tlponies
17:00:27 -!- mode/#tlponies [+v Camail] by Q
17:08:19 <Rawr|Phone> Good evening camail
17:08:24 <Camail> hullo
18:09:01 <reification> rawr https://youtu.be/d-RbOVJNtBs?t=980
19:20:29 <DuB`> workdone
19:20:34 <DuB`> Weekending!
19:20:37 <Golly> zug zug
19:22:25 <DuB`> .choose burritto pizza hamborgar pasta
19:29:01 <Dot`> DAAAB
19:29:05 <Dot`> its pizza day
19:29:14 <Dot`> why you got to be such a rebel
19:29:34 <DuB`> Because I can't get the GOOD pizza :T
19:30:51 <skram> I think I need a hair cut
19:30:57 <skram> I keep getting my hair stuck in power tools todayu
19:31:24 <Golly> hit the on button and solve the problem
19:32:28 <skram> Its not powerful enough sadly
19:34:29 <Dot`> is skram the type to have a man bun
19:34:39 <skram> no
19:35:18 <Dot`> well, shave it all off it is
19:35:25 <Dot`> those are the 2 options
19:35:38 -!- Dot|Phone [uid393803@id-393803.brockwell.irccloud.com] has joined #tlponies
19:38:13 <skram> hmm
19:38:16 <skram> ill do neither thanks
19:41:44 <Rawr|Phone> Why not jonas
19:48:02 -!- Zounds [webchat@cloak-07ouvien.14-2.cable.virginm.net] has joined #tlponies
19:48:20 <Zounds> Horsefellas
19:49:13 <skram> my favorite horse-themed mafia movie
19:49:16 <skram> evenin zounds
19:49:38 <Zounds> o/
20:08:23 <Bio> Looks liek production will be starting back up for my work next week
20:08:35 <Bio> i however shall be remaining home since i am able to do the work here
20:09:13 <Bio> also yeh its pizza time . mp3
20:09:59 <Runbunny> Nice.
20:10:06 <Runbunny> I too had pizza today.
20:14:11 <skram> good job
20:17:01 <Bio> well celebrated boys
20:17:51 <Dot|Phone> Pizza had
20:19:30 <skram> i didnt have pizza
20:20:42 <Dot|Phone> How you going to celebrate VE day skram
20:23:41 <skram> well its almost over now
20:23:44 <skram> but i put a flag out
20:29:50 <Dot|Phone> What was on the flag? 
20:31:45 <Runbunny> lolis probably.
20:33:14 <skram> no im not you, runbun
20:33:16 <Dot|Phone> Skram hoisting the loli flag in his home town. What a inspiration
20:33:18 <skram> the norwegian flag, dot
20:33:24 <skram> why would i put anything else up
20:33:54 <Dot|Phone> Maybe you have a favourite flag
20:38:32 <Dot`> Runbun, time to see if hob can get past sekiro
20:38:48 <Dot`> 3 games runs in row have ended due to it
20:39:41 <Bio> i'd unironically tell you to stop being degenerate then skrm
20:40:17 <skram> good
20:41:41 <Bio> patriotism is perf fine with me
20:42:25 <skram> GOD, GUNS & GUTS
20:43:28 <Bio> F A C T
20:45:21 <Camail> unless you're Canadian, then its just GUTS
20:46:42 <skram> isnt maple syrup the canadian deity
20:46:43 <Bio> kek
20:47:01 <Bio> do do do do do you have it G U T S
20:50:21 <Runbunny> Dot`, I saw the isshin hit.
20:50:39 <Runbunny> The last boss.
21:06:49 <Runbunny> He did it Dot.
21:12:13 <Dot`> now to just to the rest
21:15:34 <skram> DuB`
21:16:46 <DuB`> o wha
21:16:55 <skram> Hi
21:17:00 <skram> Are you gambling again
21:17:09 <DuB`> Nevur
21:17:22 <skram> Well I heard you were doing gachas
21:17:43 <DuB`> Gamble is money
21:17:45 <DuB`> Gacha is waifus
21:18:34 <skram> how many waifus u need
21:19:09 <DuB`> Maybe all of 'em, I unno
21:23:00 <skram> thats too many
21:28:33 <DuB`> I DO already have the best one
21:28:34 <DuB`> Maybe
21:30:35 -!- Crisium [~Crisium@c-24-3-150-105.hsd1.pa.comcast.net] has joined #tlponies
21:30:50 <Runbunny> Just don't throw money at it.
21:31:02 <Crisium> throw money at me
21:31:20 <skram> i dont think i can throw that far
21:31:30 <Crisium> wire my account money
21:31:54 <skram> sure, just gimme ur credit card info and ill give you lots
21:31:59 <skram> im a prince dontchaknow
21:32:28 <Crisium> thats not how it works skram
21:32:43 <skram> nono im good at banks
21:32:44 <skram> trust me
21:33:16 <Crisium> well you have such a trustworthy face so
21:33:34 <Crisium> horses look honest
21:34:04 <skram> neigh
22:18:11 <reification> night all
22:19:00 <Dot`> gnight reif
22:21:23 -!- Rawr|Fone [~AndChat52@c-94cfe455.020-164-6d6c6d4.bbcust.telenor.se] has joined #tlponies
23:07:46 <Runbunny> Dot`, I don't think Hob wants to be a rat.
23:37:07 <Dot`> maybe thats why he keeps gettning hit bun
23:39:18 <Runbunny> Hmm.
23:39:20 -!- Golly [~kvirc@cm-84.213.21.103.getinternet.no] has joined #tlponies
23:41:31 -!- Dot|Phone [uid393803@2001:67c:2f08:5::6:24b] has joined #tlponies
