00:09:53 <DuB`> Always end up having little to do in the morning and then working until 8 >:T
00:18:45 <skram> i got some mad tunes for you to relax with DuB`: https://www.youtube.com/watch?v=egVP73hjPF0
00:21:50 <Kittybunny> That video is not available in my country.
00:22:15 <DuB`> v cool one
00:24:08 <skram> molchat doma is really good but incredibly depressing
01:13:31 <Kittybunny> .tell reification https://danbooru.donmai.us/posts/4044439
02:38:54 -!- Micen [~Micen@h253.230.130.174.dynamic.ip.windstream.net] has joined #tlponies
02:40:55 -!- Micen [~Micen@h253.230.130.174.dynamic.ip.windstream.net] has joined #tlponies
02:42:35 -!- Micen [~Micen@h253.230.130.174.dynamic.ip.windstream.net] has joined #tlponies
05:31:41 -!- Dot|Phone [uid393803@2001:67c:2f08:5::6:24b] has joined #tlponies
06:17:25 -!- Rawr|Fone [uid440384@id-440384.highgate.irccloud.com] has joined #tlponies
06:20:56 <Dot|Phone> Rawr Rawr Rawr 
06:31:27 <Rawr|Fone> DoT DoT DoT
06:31:33 <Dot|Phone> 💖💖💖
06:31:43 <Rawr|Fone> 💖💖💖
06:31:47 <Dot|Phone> How's you
06:32:27 <Rawr|Fone> Pretty gooood, work day just started
06:32:31 <Rawr|Fone> How are you
06:32:57 <Dot|Phone> Doing ok. Walking to work atm
06:34:59 <Rawr|Fone> Seems dangerous to walk and phone
06:35:50 <Dot|Phone> Your worth the risk Rawr
06:39:26 <Rawr|Fone> 💖💖💖
06:39:58 <Dot|Phone> 💖💖💖
07:15:54 -!- Runbunny [~Bunnykitt@91.100.28.10.generic-hostname.arrownet.dk] has joined #tlponies
07:16:33 <Runbunny> Am awake.
07:21:19 <Dot|Phone> Bun! 
07:23:14 <Rawr|Fone> Anders.
07:31:40 <Runbunny> Bjørn, Henrik.
07:31:45 <Runbunny> The lads.
07:32:17 <Runbunny> Someone was banging on some metal outside, so I woke up early.
07:32:23 <Dot|Phone> Runbun, I saw 5 labradors on my walk to work today, 3 chocolate, 1 white and 1 black. 
07:42:47 <Runbunny> !!!
07:42:58 <Runbunny> It's already a good day then.
07:51:41 <Rawr|Fone> !
08:06:38 <Dot|Phone> You are Rawr being here already makes it a good day runbun
08:15:51 <Rawr|Fone> Dot you are a wonderful pon
08:52:10 <Dot|Phone> No u
09:35:46 -!- tredc [~tredc@c83-254-129-166.bredband.comhem.se] has joined #tlponies
10:17:35 -!- skram [~skram@95.169.54.114] has joined #tlponies
10:36:51 <Dot|Phone> Sk r am
10:36:56 <skram> d o t
10:44:57 <Rawr|Fone> Jonas
10:45:08 <skram> Henrik
11:13:50 <Dot|Phone> How's all
11:17:35 <skram> i wanna go back to bed dot
11:23:23 <Dot|Phone> Then do
11:23:30 <Dot|Phone> Also, any results yet? 
11:23:49 <skram> ah yes, was negative
11:23:58 <Dot|Phone> Great
11:24:36 <skram> yeh while an extra few weeks off work sounds neat i dot think i want the complications that come with koronas
11:24:45 <skram> dont
11:29:30 <Dot|Phone> You don't want to possibly die and then if you live have lifelong issues with your lungs, heart and possibly more? 
11:29:41 <skram> exactly
11:30:00 <Dot|Phone> Hmm
11:41:45 <Rawr|Fone> Hmm
12:11:10 -!- BioPone [~androirc@mobile-166-177-58-131.mycingular.net] has joined #tlponies
12:49:58 -!- BioPhone [~androirc@12.33.239.117] has joined #tlponies
12:52:56 -!- Cane [~Cane@CaneCraft.users.quakenet.org] has joined #tlponies
12:52:56 -!- mode/#tlponies [+o Cane] by Q
13:06:32 -!- BioPhone [~androirc@12.33.239.117] has joined #tlponies
13:07:13 <BioPhone> Morn
13:24:45 <Runbunny> Hai Bio.
13:32:12 <Dot|Phone> Morn
13:39:17 -!- BioPhone [~androirc@12.33.239.117] has joined #tlponies
13:48:50 -!- reification [~thomas@cpc76294-cosh16-2-0-cust297.6-1.cable.virginm.net] has joined #tlponies
13:48:50 -!- mode/#tlponies [+v reification] by Q
13:51:07 <Dot|Phone> Reef
14:01:56 -!- DuB` [DuB@cpe-68-174-122-249.nyc.res.rr.com] has joined #tlponies
14:06:03 <Dot|Phone> Dub dub
14:06:08 <Dot|Phone> You made it! 
14:24:09 <reification> dawt
14:49:00 <Runbunny> reification, https://www.youtube.com/watch?v=7_m9cwNkYmA
15:31:24 -!- Dot` [webchat@cloak-mxi127u6.230.208.46.dyn.plus.net] has joined #tlponies
15:40:04 <Dot`> pons
15:42:20 -!- Rawr|Fone [uid440384@id-440384.highgate.irccloud.com] has joined #tlponies
15:47:20 <reification> now with british dlc :O
16:18:25 <Runbunny> reification, https://www.youtube.com/watch?v=PfvPWacRS-Y
16:51:51 <BioPhone> Pls
17:08:52 <reification> saw this live bun
17:41:12 <Dot`> Bio
18:29:59 <Runbunny> I still have to plug my guy's translation video of it reification.
18:46:49 -!- skram [~skram@ip-163-41-102-94.eidsiva.net] has joined #tlponies
18:48:03 <skram> reification: brrrr
18:55:08 <Runbunny> Jonas.
18:56:54 <skram> Anders, gamle ørn.
19:00:51 <reification> skram dot https://www.youtube.com/watch?v=3cpsy3p1ZC4
19:01:36 <reification> bun skram https://www.youtube.com/watch?v=997OE0jFSMQ
19:28:58 <skram> doggo has good taste
19:34:43 -!- BioPhone [~androirc@12.33.239.117] has joined #tlponies
19:35:04 <BioPhone> Internet pls
19:39:09 <Runbunny> What the hell?
19:39:19 <Runbunny> I can't watch that video?
19:39:38 <Runbunny> Does it have some sort of music?
19:48:53 <BioPhone> Ree
20:28:35 <Dot`> Bio
20:28:45 <Dot`> looking forward to running DnD games again?
20:34:47 <Runbunny> Have you seen this reification? https://twitter.com/aconbwakame/status/1292914609939083264
20:40:11 <BioPhone> Yeh
20:40:26 <BioPhone> Gotta not be lazy and do some of that dank prep
20:43:30 <Dot`> no breaks bio, we cant finish my game and then not start yours the next week
20:43:34 <CockRoach|42> Dot`: https://i.redd.it/j1wzesma87g51.jpg
20:44:14 <Dot`> cute snek
20:55:08 <reification> i have now bun https://danbooru.donmai.us/posts/3929575
20:56:12 -!- BioPone [~androirc@mobile-166-170-20-174.mycingular.net] has joined #tlponies
21:26:10 -!- Dot|Phone [uid393803@2001:67c:2f08:5::6:24b] has joined #tlponies
21:29:28 <Runbunny> She is doing english releases now btw.
21:31:59 <reification> i saw jahy-sama up on amazon uk but not till next year
21:34:57 <BioSC> thats probably not happening lol
21:35:00 <BioSC> also bek
21:35:24 <BioSC> made me some fried rice
21:58:49 <Dot|Phone> Why you got to make me sad bio
21:59:24 <BioSC> think of it as tarkov training
22:01:27 <Dot|Phone> I just want to smite dragon cultists
22:06:51 <Runbunny> reification, doesn't this work as well? https://www.amazon.ca/dp/B082ZP41VS/ref=cm_sw_r_tw_awdb_t1_x_sxAmFbSWQQQ1J
22:07:06 <BioSC> these things happen
22:07:42 <reification> runbun it's still a preorder for april 2021
22:07:42 <Runbunny> I think I only ever bought one thing on amazon, a book I needed for a course which I bought from Germany.
22:08:05 <Runbunny> Oh.
22:08:07 <Runbunny> Rip.
22:08:35 <Runbunny> Might as well just learn japanese then.
22:10:27 <reification> that would solve a lot of problems
22:18:52 <DuB`> Learning japanese and learning to comfortably read japanese are very different things :P
22:21:18 <Runbunny> Dreams are broken, heart is too.
22:55:58 <reification> isn't that what furigana are for dub?
23:01:25 <DuB`> Well yes
23:09:29 <reification> .tell golly https://twitter.com/BeigeShiba/status/1293142762989092866
23:09:55 <Runbunny> Dot`, Are you sleeping yet?
23:22:42 <BioSC> tird
