00:12:51 -!- Rawr|Fone [~AndChat52@c-94cfe455.020-164-6d6c6d4.bbcust.telenor.se] has joined #tlponies
00:25:26 <Camail> they exist
00:25:33 <Camail> you kill them in 1 star missions
00:26:04 <Camail> most of the animals you see are passive, there's only like 3 per map that hate you
01:37:04 -!- Rawr|Fone [~AndChat52@c-94cfe455.020-164-6d6c6d4.bbcust.telenor.se] has joined #tlponies
02:14:45 -!- Rawr|Fone [~AndChat52@c-94cfe455.020-164-6d6c6d4.bbcust.telenor.se] has joined #tlponies
02:51:54 -!- Rawr|Fone [~AndChat52@c-94cfe455.020-164-6d6c6d4.bbcust.telenor.se] has joined #tlponies
04:04:26 -!- Rawr|Fone [~AndChat52@c-94cfe455.020-164-6d6c6d4.bbcust.telenor.se] has joined #tlponies
05:12:16 -!- Rawr|Fone [~AndChat52@c-94cfe455.020-164-6d6c6d4.bbcust.telenor.se] has joined #tlponies
06:16:11 -!- Rawr|Fone [~AndChat52@c-94cfe455.020-164-6d6c6d4.bbcust.telenor.se] has joined #tlponies
06:17:42 -!- Micen [~Micen@h106.208.18.98.dynamic.ip.windstream.net] has joined #tlponies
06:21:02 -!- Micen|Droid [~AndChat91@h106.208.18.98.dynamic.ip.windstream.net] has joined #tlponies
06:27:15 <Micen|Droid> Horse. 
06:27:53 <Micen|Droid> 🐴🐴🐴🦄🐴🐴
07:27:16 -!- Micen [~Micen@h106.208.18.98.dynamic.ip.windstream.net] has joined #tlponies
07:37:27 -!- Dot` [webchat@cloak-puzvreye.123.7.51.dyn.plus.net] has joined #tlponies
07:40:56 -!- Rawr|Fone [~AndChat52@c-94cfe455.020-164-6d6c6d4.bbcust.telenor.se] has joined #tlponies
07:52:27 <Rawr|Fone> 🐴🐴🐴
07:55:03 <Dot`> 🐴🐴🐴
07:55:22 <Rawr|Fone> Dot my dear horsefriend
07:55:29 <Rawr|Fone> How are you today
07:57:07 <Dot`> rawr sir, sleepy, just got up
07:57:16 <Dot`> you?
07:57:52 <Rawr|Fone> I am getting used to my new routine
07:58:01 <Rawr|Fone> Already had two meetings today
08:01:14 <Dot`> wow
08:17:05 -!- Rawr|Fone [~AndChat52@c-94cfe455.020-164-6d6c6d4.bbcust.telenor.se] has joined #tlponies
08:36:05 -!- Micen [~Micen@h106.208.18.98.dynamic.ip.windstream.net] has joined #tlponies
08:43:10 -!- reification [~thomas@cpc76294-cosh16-2-0-cust297.6-1.cable.virginm.net] has joined #tlponies
08:43:10 -!- mode/#tlponies [+v reification] by Q
08:43:21 <Rawr|Fone> Reef reef!
08:43:27 <Dot`> reif!
08:43:32 <reification> roar roar!
08:43:35 <reification> dotties!
08:45:04 <reification> you asked how my dad was. he is good now, he recovered pretty quickly
08:45:23 <Dot`> thats great to hear reif <3
08:45:29 <reification> we even got bonus gov food yesterday
09:12:14 -!- Rial [~Rial@p452019-ipngn200305sasajima.aichi.ocn.ne.jp] has joined #tlponies
09:18:05 -!- Golly [~kvirc@cm-84.213.21.103.getinternet.no] has joined #tlponies
09:46:48 -!- Rawr|Fone [~AndChat52@c-94cfe455.020-164-6d6c6d4.bbcust.telenor.se] has joined #tlponies
09:50:24 -!- tredc [~tredc@c83-254-129-166.bredband.comhem.se] has joined #tlponies
10:06:02 -!- Rawr|Fone [~AndChat52@c-94cfe455.020-164-6d6c6d4.bbcust.telenor.se] has joined #tlponies
10:24:39 -!- skram [~skram@82.147.53.21] has joined #tlponies
10:27:01 <skram> IAMA real human bean
10:27:01 <skram> AMA
10:36:04 <Dot`> whats it like being a horse
10:36:18 <skram> iama real human bean
10:36:21 <skram> what about this dont you get
10:38:18 <Dot`> the denail
10:39:13 -!- Micen_ [~Micen@h106.208.18.98.dynamic.ip.windstream.net] has joined #tlponies
10:48:47 <CockRoach|42> .tell dot` have a dangernoodle https://cdn.discordapp.com/attachments/576374508798345226/697758385814110218/IMG_6175.jpeg
10:54:22 -!- Runbunny [~Bunnykitt@91.100.28.10.generic-hostname.arrownet.dk] has joined #tlponies
10:54:28 <reification> hi bun
10:54:35 <Runbunny> Hai
10:55:30 <reification> in todays great news about corona-chan, she has a R of 5.7 (95% CI 3.8–8.9), cats have community droplet transmission and also it may reactivate in patients classed as cured according the the Korean CDC
10:57:59 <reification> sources: https://wwwnc.cdc.gov/eid/article/26/7/20-0282_article https://www.biorxiv.org/content/10.1101/2020.03.30.015347v1 https://www.bloomberg.com/news/articles/2020-04-09/coronavirus-may-reactivate-in-cured-patients-korean-cdc-says
11:07:28 <Dot`> odd snek cr
11:07:33 <Dot`> runbun!
11:11:42 <Runbunny> Hai.
11:16:50 <Dot`> hows you runbun
11:24:57 <CockRoach|42> so rude, Dot` 
11:25:45 <Runbunny> I am pretty good
11:26:06 <Runbunny> I am waiting notification from the jobcenter, prolonging my "vacation"
11:30:33 <Runbunny> What about you Dot?
11:34:11 <Dot`> work work
11:34:17 <Dot`> tomorw is a holiday though
11:35:34 <skram> pls
11:35:38 <skram> today is a holiday
11:40:32 <Dot`> only for horses
11:51:15 -!- Rawr|Fone [~AndChat52@c-94cfe455.020-164-6d6c6d4.bbcust.telenor.se] has joined #tlponies
12:11:31 -!- Rawr|Fone [~AndChat52@c-94cfe455.020-164-6d6c6d4.bbcust.telenor.se] has joined #tlponies
12:35:13 <Rawr|Fone> 🐴
12:35:46 -!- Mousen|Droid [~AndChat91@h106.208.18.98.dynamic.ip.windstream.net] has joined #tlponies
13:03:08 <reification> https://twitter.com/nathanhammond/status/1247789702171615233
13:10:06 <Dot`> The future!
13:16:45 -!- Rawr|Fone [~AndChat52@c-94cfe455.020-164-6d6c6d4.bbcust.telenor.se] has joined #tlponies
13:21:11 -!- Bio [~BioPon@097-070-165-146.res.spectrum.com] has joined #tlponies
13:21:30 <Bio> good morning ponnerds
13:22:11 <Dot`> bio you horse
13:25:07 <reification> hi bio https://twitter.com/EruseaRise/status/1248058993055911936
13:26:13 <reification> also (see date posted) https://twitter.com/shenanigansen/status/1195375829288509441
13:32:03 <skram> well
13:32:09 <skram> he was 25% right I guess
13:32:12 <skram> bring back art deco
13:32:35 <reification> skram truly a man of culture
13:40:46 <Bio> asdf
14:02:46 <Bio> today only just started and i'm already bleh
14:12:16 <skram> have you tried turning it off and on again
14:13:48 <Bio> I only wish
14:14:41 -!- Rawr|Fone [~AndChat52@c-94cfe455.020-164-6d6c6d4.bbcust.telenor.se] has joined #tlponies
14:14:53 <Bio> i just wanna turn my brain off
14:15:16 <skram> do a nap
14:15:34 <Bio> i've got too much shit to do
14:15:38 <Bio> unfortunately
14:15:40 <skram> :(
14:15:56 <Bio> luckily i have off tomorrow
14:16:05 <Bio> so i just gotta get through today
14:18:42 <skram> you can do it buddy
14:24:09 <Bio> i'm tryin
14:36:27 <skram> some of my pals invited me to go out and drink an alcoholic beverage down by the shore, but they werent certain which shore they were on
14:36:38 <skram> time to do some orienteering i guess
14:38:22 <Bio> how very social of you
14:38:49 <Dot`> skram, social distancing?
14:39:07 <Bio> hes gonna lick their beers
14:44:18 <Dot`> there is reasons gatherings are prohibited, and the sooner ppl pay attention to them the sooner we can get back to not being stuck inside
14:46:43 <Runbunny> But stuck inside is the NEET life style.
14:47:57 <Runbunny> Jonas, do you want to social distance at my place sometime?
14:48:43 <Bio> "2 dudes, sittin in the hot tub, 6 feet apart because they don't want to infect each other with covid-19"
15:12:35 -!- Cane [~Cane@CaneCraft.users.quakenet.org] has joined #tlponies
15:12:35 -!- mode/#tlponies [+o Cane] by Q
15:13:08 -!- Crisium [~Crisium@c-24-3-150-105.hsd1.pa.comcast.net] has joined #tlponies
15:33:14 <Rawr|Fone> Crisioom
15:33:27 <Crisium> howdy
15:34:30 <Rawr|Fone> Good evening
15:41:35 <reification> hi cris, cane
15:41:55 <Cane> Hi, this game is nuts right now. =)
15:41:56 <reification> dota is over. this is esports now https://twitter.com/EmperorLemon/status/1247620790843052034
15:44:39 <Bio> what a world we live in
15:47:33 <CockRoach|42> https://imgur.com/gallery/0tQXWUH
15:47:40 -!- Rawr|Phone [~AndChat52@m83-185-244-1.cust.tele2.se] has joined #tlponies
15:48:40 <Crisium> nascar yeehaw
15:48:51 <reification> NSFW topical pin-ups https://www.instagram.com/ruttu_ruttu/
15:49:12 <Bio> is it safe for work from home
15:49:50 <reification> depends who's home
15:50:46 -!- Camail [~Camail@45.40.84.145] has joined #tlponies
15:50:46 -!- mode/#tlponies [+v Camail] by Q
15:50:50 <Bio> the giraffe is what my downstairs neighbors sound like
16:07:20 <reification> https://twitter.com/S20_TBL/status/1247181637994987520
16:10:27 <Runbunny> Camail.
16:12:06 <Camail> oi
16:19:38 <Bio> thats neat, its hailing outside
16:19:56 <Bio> lucky my car is under a covered roof
16:21:42 <reification> you don't want some added texture?
16:22:17 <Bio> nein
16:22:47 <Bio> man its really coming down
16:22:58 <reification> bio https://pbs.twimg.com/media/EU7WWOsXsAEgl0g.jpg
16:23:31 <Bio> Pog
16:59:04 <Cane> Na'Vi is just gonna get wrecked in game 2.
16:59:10 <Cane> When they outdraft that hard and still lose, oof.
17:12:45 <Bio> navi isn't what it used to be, unfortunately
17:15:48 <Cane> Yeah, even Dendi had to make his own team with blackjack and hookers.
17:44:11 -!- carcinisation [~thomas@cpc76294-cosh16-2-0-cust297.6-1.cable.virginm.net] has joined #tlponies
17:44:11 -!- mode/#tlponies [+v carcinisation] by Q
17:52:18 -!- DuB` [DuB@cpe-68-174-122-249.nyc.res.rr.com] has joined #tlponies
17:53:23 <DuB`> Whew
17:53:26 <Dot`> dub dub
17:53:31 <DuB`> dot dot
17:53:38 <Rawr|Phone> DuB`
17:53:52 <DuB`> Rawr|Phone
17:54:10 <DuB`> Had some actual serious work today and didn't turn on my desktop until now :P
17:55:15 <Rawr|Phone> I had lots of work today actually
17:55:21 <Rawr|Phone> First time since I started
17:56:29 <Camail> dub was it a conference call on who has the best waifu
17:58:41 <carcinisation> dub https://twitter.com/NACCHOAustralia/status/1247409485984845826
17:58:55 <DuB`> Yes and I convinced them all on Senjougahara
17:59:12 <DuB`> And then we moved on to the urgent law research :P
18:00:43 <DuB`> carcinisation guess we're a whole parlaiment of owls in here
18:01:28 <carcinisation> the best choice
18:01:54 <DuB`> Got a nice thunderystorm to listen to
18:02:05 <DuB`> Crack open the window I sit right next to and bundle up nice and warm
18:06:31 <carcinisation> very nice
18:06:47 <carcinisation> i don't want that though cause our roof still not fixed
18:24:15 <Runbunny> DuB`!
18:37:31 <Cane> Let's go Liquid!
18:43:07 <DuB`> Runbunny!
18:43:28 <Runbunny> When do we hunt, brother?
18:44:55 <DuB`> When I finish work, dunno
18:45:22 -!- reification [~reificati@cpc76294-cosh16-2-0-cust297.6-1.cable.virginm.net] has joined #tlponies
18:47:37 <Runbunny> Well, if you want to, at some point, let me know :)
18:50:50 <Runbunny> carcinisation, Bio  https://twitter.com/hhoneymelon/status/1248284260294852611
19:03:16 <DuB`> Buff visage pls
19:03:18 <DuB`> I want visage
19:10:47 -!- Rawr|Fone [~AndChat52@c-94cfe455.020-164-6d6c6d4.bbcust.telenor.se] has joined #tlponies
19:45:00 <reification> high power level bun
19:45:36 <reification> nice henneko shirt https://www.animemaru.com/cdc-recommends-wearing-anime-shirts-to-socially-distance-others-away-from-you/
19:48:25 <Runbunny> Hahaha :D
19:49:13 -!- Rawr|Phone [~AndChat52@m83-185-244-1.cust.tele2.se] has joined #tlponies
19:50:55 -!- skram [~skram@82.147.53.206] has joined #tlponies
19:52:18 <skram> I found the shore, but declined to partake in the consumption of alcohol
19:52:29 <skram> Went home and organized my graphic novels in stead
19:56:50 <Runbunny> Hai Jonas.
19:58:00 <skram> Anders, my frend.
20:08:20 <Runbunny> Jonas.
20:08:31 <Runbunny> Were you out spelunking?
20:09:09 <skram> no there were no caves
20:09:13 <skram> meandering more like
20:09:19 -!- Rawr|Fone [~AndChat52@c-94cfe455.020-164-6d6c6d4.bbcust.telenor.se] has joined #tlponies
20:10:37 <Bio> bun pls
20:10:40 <Bio> y u do this
20:13:30 <Runbunny> I am saving the world Bio.
20:13:43 <Bio> x
20:13:47 <Bio> doubt
20:16:43 <Cane> Good lord, ban Tusk.
20:16:46 <Cane> What do you *do* against that.
20:17:18 <Bio> just dont get snoballed 4head
20:35:50 <Bio> im ordering a pza
20:36:00 <Bio> anyone wanna come over and social distance
20:40:33 <reification> it’s not even friday :O
20:43:51 <Dot`> fake friday
20:57:40 <Bio> today is bad friday
20:57:45 <Bio> tomorrow is good frida
21:01:10 -!- Rawr|Fone [~AndChat52@c-94cfe455.020-164-6d6c6d4.bbcust.telenor.se] has joined #tlponies
21:08:58 <Cane> Woo Liquid.
21:09:28 <Bio> its stream time i think
21:10:08 <Cane> So that's how you beat Tusk. You just outplay him.
21:10:13 <Cane> Obviously.
21:10:32 <Bio> like I said, just dont get snuballed 4head
21:22:10 <Cane> Holy crap Insania.
21:31:27 -!- Rawr|Fone [~AndChat52@c-94cfe455.020-164-6d6c6d4.bbcust.telenor.se] has joined #tlponies
21:41:16 <reification> skram https://twitter.com/ishitakuma/status/1248161770469904385
21:46:53 -!- Rawr|Fone [~AndChat52@c-94cfe455.020-164-6d6c6d4.bbcust.telenor.se] has joined #tlponies
21:54:34 -!- Rial [~Rial@p452019-ipngn200305sasajima.aichi.ocn.ne.jp] has joined #tlponies
21:55:00 <reification> https://www.thedailymash.co.uk/news/arts-entertainment/man-playing-doom-eternal-for-escape-into-a-brighter-happier-world-20200409195301
22:00:33 <Crisium> cat
22:23:24 -!- Rawr|Fone [~AndChat52@c-94cfe455.020-164-6d6c6d4.bbcust.telenor.se] has joined #tlponies
22:24:36 <Bio> ?biostream
22:24:39 <Bio> more persona
22:25:05 <DuB`> But who is
22:25:09 <DuB`> The Person A
22:25:16 <Bio> boo
22:44:03 <reification> hmm https://twitter.com/WellAged_/status/1244833908748886017
23:02:21 -!- Micen|Droid [~AndChat91@h106.208.18.98.dynamic.ip.windstream.net] has joined #tlponies
23:10:02 <Dot`> pons
23:18:07 <skram> bjørn
23:19:25 <Runbunny> Jonas, Bjørn.
23:25:13 <skram> Anders you old rascal.
23:30:56 <Runbunny> I got sucked into watching warhammer 40k videoes after the astrates one.
23:44:51 <Golly> like helsreach
23:44:53 <Golly> or lore vids
23:46:08 <Runbunny> Luetin09 lore videos. Right now.
23:46:34 <Golly> he's pretty good yea
23:47:24 -!- Mousen|Droid [~AndChat91@h106.208.18.98.dynamic.ip.windstream.net] has joined #tlponies
23:52:31 -!- Micen_ [~Micen@h106.208.18.98.dynamic.ip.windstream.net] has joined #tlponies
