00:01:10 <reification> 🦓🦓🦓
00:03:15 -!- Golly [~kvirc@cm-84.213.21.103.getinternet.no] has joined #tlponies
00:03:33 <Runbunny> Spooky robots.
01:06:33 <Dot|Phone> Another day off sadness in tarkov complete
01:09:35 <Rial> Here, finally posted it
01:09:37 <Rial> https://twitter.com/z32o/status/1231022765387370496
01:09:42 <Rial> My current masterpiece \o/
01:18:22 <DuB`> On the 21st too, right on schedule :D
01:18:25 <DuB`> Very nice!
01:26:32 <Dot|Phone> Nice job rial
01:27:52 <Rial> Yes, yes! I had it done. Just needed cropping and stuff. Waiting on the 21st to deliver, because it's her cakeday
01:35:24 <Rial> Today is cat day in Japan
01:35:40 <Rial> (2) Feb. 22nd ->  nyan nyan nyan
01:42:55 -!- Rawr|Fone [~AndChat52@c-94cfe455.020-164-6d6c6d4.bbcust.telenor.se] has joined #tlponies
02:07:29 -!- Crisium [~Crisium@c-24-3-150-105.hsd1.pa.comcast.net] has joined #tlponies
02:08:33 <Dot|Phone> Crisium! 
02:08:41 <Crisium> howdy mr dot
02:08:47 <Dot|Phone> Gnight <3
02:08:53 <Crisium> D:
02:08:55 <Crisium> gn dot
02:08:56 <Crisium> hehe
02:09:08 <Dot|Phone> Now I've seen you I can sleep better
02:09:16 <Crisium> ^_^ ur cute
02:10:09 <Dot|Phone> Have a good Friday evening and eat pizza
02:10:16 <Crisium> yes sir, same to you
02:20:58 -!- Rawr|Fone [~AndChat52@c-94cfe455.020-164-6d6c6d4.bbcust.telenor.se] has joined #tlponies
04:01:10 -!- Rawr|Fone [~AndChat52@c-94cfe455.020-164-6d6c6d4.bbcust.telenor.se] has joined #tlponies
05:19:00 -!- skram [~skram@82.147.53.254] has joined #tlponies
05:21:44 -!- Micen_ [~Micen@h6.74.23.98.dynamic.ip.windstream.net] has joined #tlponies
05:44:17 -!- Rawr|Fone [~AndChat52@c-94cfe455.020-164-6d6c6d4.bbcust.telenor.se] has joined #tlponies
06:43:38 -!- Rawr|Fone [~AndChat52@c-94cfe455.020-164-6d6c6d4.bbcust.telenor.se] has joined #tlponies
07:12:20 -!- Golly [~kvirc@cm-84.213.21.103.getinternet.no] has joined #tlponies
07:32:29 -!- Rawr|Fone [~AndChat52@c-94cfe455.020-164-6d6c6d4.bbcust.telenor.se] has joined #tlponies
08:04:15 -!- Dot|Phone [uid393803@2001:67c:2f08:5::6:24b] has joined #tlponies
08:06:00 <Dot|Phone> Hmm
08:27:01 -!- Rawr|Fone [~AndChat52@c-94cfe455.020-164-6d6c6d4.bbcust.telenor.se] has joined #tlponies
08:53:10 <Dot|Phone> Rawr Rawr Rawr 
08:53:15 <Dot|Phone> 💖💖💖
08:53:29 <Rawr|Fone> DoT DoT DoT
08:53:31 <Rawr|Fone> 💖💖💖
09:21:35 <Rawr|Fone> How are you today dot
09:26:21 <Dot|Phone> A bit sleepy Rawr, but doing good
09:26:26 <Dot|Phone> You sir? 
09:29:27 <Rawr|Fone> Just eating breakfast
09:36:47 <Dot|Phone> Is it healthy?
10:15:32 -!- Runbunny [~Runbunny@91.100.28.10.generic-hostname.arrownet.dk] has joined #tlponies
10:15:40 <Dot|Phone> Runbun! 
10:15:55 <Runbunny> Dot.
10:22:27 <Rial> Back home =w=
10:24:16 <Runbunny> Welcome back!
11:12:46 -!- tredc [~tredc@c83-254-129-166.bredband.comhem.se] has joined #tlponies
12:13:03 -!- skrm [webchat@pioj.eid3.887x.ip] has joined #tlponies
12:15:17 <skrm> wah
12:18:48 <Runbunny> Jonas.
12:26:13 <Dot|Phone> Jonas friend
12:26:19 <Dot|Phone> Your finally awake
12:30:47 -!- Rawr|Fone [~AndChat52@c-94cfe455.020-164-6d6c6d4.bbcust.telenor.se] has joined #tlponies
12:44:47 -!- Rawr|Fone [~AndChat52@c-94cfe455.020-164-6d6c6d4.bbcust.telenor.se] has joined #tlponies
13:15:07 <Dot|Phone> Skram https://www.reddit.com/r/DnD/comments/f75dt7/oc_bloodmaw_tortle_barbarian_by_me
13:23:22 <skrm> tortles are lame dot
13:23:54 -!- Rawr|Fone [~AndChat52@c-94cfe455.020-164-6d6c6d4.bbcust.telenor.se] has joined #tlponies
13:27:09 <Dot|Phone> That's rude
13:31:24 <Dot|Phone> .tag Skram Rude horse
13:57:56 <skrm> im not gonna apologize for the TRUTH
13:58:20 <Rawr|Fone> Jonas
13:58:28 <Rawr|Fone> What did you say
14:03:44 <skrm> i said that tortles are dum
14:12:38 <Rawr|Fone> Hmm
14:23:00 <Dot|Phone> Mmh
14:25:42 <Runbunny> Dot help.
14:25:46 <Runbunny> My streams are lagging.
14:30:56 <Dot|Phone> Download more Internet
15:08:29 -!- DuB` [DuB@cpe-68-174-122-249.nyc.res.rr.com] has joined #tlponies
15:08:38 <Dot|Phone> Dub dub
15:08:58 <DuB`> Dot dot
15:09:13 <Dot|Phone> It's weird not having dnd on a Saturday
15:10:21 <DuB`> YA
15:10:24 <DuB`> Ya
15:12:28 <DuB`> Sleep is nonsense
15:12:35 <Dot|Phone> Indeed
15:12:47 <DuB`> I go to bed at 11:30 or midnight on weekdays to wake up around 8 for work and feel like garbage
15:13:09 <DuB`> Go to bed at 3am on friday night and wake up naturally at 8am still despite setting 10:30am alarm, and feel fantastic and go for a run
15:13:18 <Dot|Phone> Maybe you get too much sleep on weekdays
15:13:37 <Dot|Phone> If I get 9 hours or more sleep I feel awful
15:15:21 <Dot|Phone> Did you manage to run without any blood coming out? 
15:16:43 <DuB`> Seems so
15:16:48 <DuB`> And got a toasted bagel
15:17:26 <Dot|Phone> What a life
15:25:26 <Bio> gmarn
15:25:33 <Dot|Phone> You done your level up to lvl 4 on Rylan dub? 
15:25:35 <Dot|Phone> Hey bio
15:33:00 <DuB`> Think I decided on sentinel
15:33:03 <DuB`> Haven't done hp up
15:33:06 <Runbunny> DuB`, 
15:33:33 <Runbunny> Do I just farm guilding lands till I have the stuff I want? !??!
15:35:26 <DuB`> Basically
15:35:46 <DuB`> All the different augments will take different monster mats from there
15:36:54 <DuB`> Bring 1 level of Geologist, doubles the shiny pickups which are the main source of the mats
15:39:23 <Runbunny> O:
15:39:25 <Runbunny> Smart!
15:39:56 <skrm> Anders. Jake.
15:41:43 <Runbunny> Jonas.
15:43:54 <DuB`> Farming GL is pretty chill. Deaths don't matter at all, which also makes a level of Fortify very strong
15:44:02 <DuB`> Get that +20% atk and 30% def
15:44:04 <DuB`> skrm!
15:56:52 -!- reification [~thomas@cpc76294-cosh16-2-0-cust297.6-1.cable.virginm.net] has joined #tlponies
15:56:52 -!- mode/#tlponies [+v reification] by Q
15:57:06 <Dot|Phone> Reef! 
15:57:15 <reification> dawt!
15:58:50 <reification> dub bio https://twitter.com/IsekaidIncel/status/1230749043212443648
15:59:07 <Bio> G U N
15:59:21 -!- Rawr|Fone [~AndChat52@c-94cfe455.020-164-6d6c6d4.bbcust.telenor.se] has joined #tlponies
16:07:22 <Bio> Pon
16:07:24 <Bio> EEEEEE
16:09:59 <Dot|Phone> Horse! 
16:13:45 <reification> runbunny double paper of the day, to cover your whole weekend https://forbetterscience.com/2020/01/24/the-full-service-paper-mill-and-its-chinese-customers/
16:13:56 <reification> and https://twitter.com/tsuyomiyakawa/status/1230672758163402752
16:23:45 <reification> oh and for everyone else there is this: https://twitter.com/TheIllegit/status/1229958214612963328
16:29:53 <Rawr|Fone> 🤨🤨
16:35:10 <skrm> something or someone made my turbine trip dot
16:35:17 <skrm> did u hacc my scadas again
16:35:29 <Bio> that was me sry
16:43:08 <Dot|Phone> I'm a good boy
16:45:01 -!- Rawr|Phone [~AndChat52@m83-185-247-65.cust.tele2.se] has joined #tlponies
16:56:25 -!- Rawr|Fone [~AndChat52@c-94cfe455.020-164-6d6c6d4.bbcust.telenor.se] has joined #tlponies
17:26:24 <Bio> last leftover chili for lunch
17:26:28 <Bio> then some friggin pasta
17:33:34 -!- Crisium [~Crisium@c-24-3-150-105.hsd1.pa.comcast.net] has joined #tlponies
17:33:43 <Dot|Phone> Cris pon! 
17:33:50 <Crisium> howdy
17:34:55 <Bio> howdy howdy
17:39:47 <skrm> howdy howdy howdy
17:41:16 <Bio> ze trifecta
17:45:25 <Runbunny> Quite the paper reif.
18:20:15 -!- Zounds [webchat@cloak-07ouvien.14-2.cable.virginm.net] has joined #tlponies
18:20:22 <Zounds> hey
18:25:41 -!- skram [~skram@82.147.53.9] has joined #tlponies
18:26:37 <Crisium> howdy zounds
18:26:59 <Dot|Phone> Zounds! Skram! 
18:27:36 <skram> hej pals
18:28:47 <Rawr|Fone> So many ponyfriends
18:34:05 <Zounds> hello
19:04:33 -!- Camail [~Camail@45.40.84.145] has joined #tlponies
19:04:33 -!- mode/#tlponies [+v Camail] by Q
19:04:38 <skram> oh
19:04:43 <Rawr|Fone> The camail
19:04:54 <Camail> nah
19:05:41 <skram> then who is it
19:07:29 <Runbunny> Boys.
19:07:33 <Runbunny> It's time to go drinking.
19:07:35 <Runbunny> Laters.
19:07:43 <skram> be safe runbun
19:07:59 <Runbunny> Sure.
19:14:03 <Camail> skram hi
19:14:22 <Camail> it is day 3 of being fucked by microorganisms 
19:14:29 <Camail> i do not enjoy it, but they do not care
19:14:42 <skram> are you having a flu
19:15:00 <Camail> not sure, it could just be a really bad cold
19:15:13 <Camail> i dont think its the flu tho
19:15:25 <Dot|Phone> Corvid-19.  F
19:15:43 <Camail> pls
19:15:54 <skram> rude
19:16:56 <Camail> i've been playing wolcen while not bed-ridden so i am having really weird fever dreams
19:17:04 <Camail> imagining new bugs in my dreams
19:17:47 <skram> are you enjoying wolcen?
19:17:56 <Camail> only cuz i pirated it
19:18:01 <skram> i heard its got a lot of bugs and stuff
19:18:01 <Camail> if i payed money i'd be pissed
19:18:09 <skram> but das illegal cam
19:18:14 <Camail> yes
19:18:22 <skram> oh
19:18:36 <skram> have you no morals
19:18:48 <Camail> mostly
19:18:55 <Camail> i do still talk to you
19:19:56 <skram> i dont know how that is evidence of morals cam
19:21:27 <Camail> what kinda of upstanding citizen would associate with a degen like you
19:21:59 <skram> indeed
19:22:15 <Dot|Phone> It's our duty skram to try to socialise you
19:22:39 <skram> pls i go outside sometimes
19:22:50 <Dot|Phone> Yes... We heard
19:23:17 <skram> ??
19:29:36 <Crisium> ???
19:30:23 <Dot|Phone> ???? 
19:44:00 -!- Micen [~Micen@h6.74.23.98.dynamic.ip.windstream.net] has joined #tlponies
19:46:00 <Dot|Phone> Hey Micen
19:46:52 <Crisium> moocen
19:46:55 <Micen> hello
19:58:33 <skram> dot what did you mean
19:59:30 <Dot|Phone> I meant hello Micen
20:07:17 <skram> ok
20:08:38 <Rawr|Fone> What did you think it meant jonas
20:14:20 <DuB`> Don't tease the skram
20:14:40 <DuB`> He is upstandingest
20:17:35 <Rawr|Fone> Yes, on all fours
20:51:47 -!- Rawr|Fone [~AndChat52@c-94cfe455.020-164-6d6c6d4.bbcust.telenor.se] has joined #tlponies
21:39:18 -!- Rial [~Rial@p2429120-ipngn200603tokaisakaetozai.aichi.ocn.ne.jp] has joined #tlponies
21:51:30 <Rawr|Fone> Good evening rial
22:05:28 -!- Rawr|Fone [~AndChat52@c-94cfe455.020-164-6d6c6d4.bbcust.telenor.se] has joined #tlponies
22:20:31 <Dot|Phone> Hey Rial 
22:56:17 -!- Golly [~kvirc@cm-84.213.21.103.getinternet.no] has joined #tlponies
23:23:23 <Rawr|Fone> Dot
23:30:03 <Crisium> Dot
23:37:08 <Rawr|Fone> Where could he be crisium
23:39:45 <Dot|Phone> Dying in tarkov
23:44:44 <Rawr|Fone> It's bed time dot
23:44:55 <reification> that is one way to escape i guess
