16:17:30 -!- sweetiebot [~skybot@209.141.41.184] has joined #tlponies
16:17:52 <reification> sweetie returns!
16:18:56 <Rawr|Fone> Great
16:23:01 <Bio> woop
16:24:25 <reification> my rss scraping is working, new oddman 11 skram
16:25:48 -!- skram [~skram@82.147.53.125] has joined #tlponies
16:51:10 -!- Mousen|Droid [~AndChat91@h106.208.18.98.dynamic.ip.windstream.net] has joined #tlponies
16:59:20 -!- Micen|Droid [~AndChat91@h106.208.18.98.dynamic.ip.windstream.net] has joined #tlponies
17:20:11 <Dot`> walk time
17:25:55 <Runbunny> Have fun Friend.
17:32:20 <Camail> runbun how is you
17:32:31 <Camail> i saw that you are winning at the countstrike
17:32:47 <Camail> have any t1 teams scouted you yet
17:32:59 <Camail> dont play with the french
17:39:58 <Runbunny> Hai.
17:40:04 <Runbunny> lol
17:40:17 <Runbunny> Nah we're in like division 3.
17:40:33 <Runbunny> I think Sonic and his old 1.6 team is in div 1.
17:40:44 <Runbunny> But I do have a match in like 20 min.
17:54:18 <reification> runbunny i now think of you like arisugawa from 'i fell in love so i tried livestreaming'
17:56:51 -!- Micen|Droid [~AndChat91@h106.208.18.98.dynamic.ip.windstream.net] has joined #tlponies
18:05:43 <Bio> good luck in the point and click adventure bun
18:05:49 <Bio> make sure to stay still while shoots
18:11:59 <Dot|Phone> Gl bun
18:23:45 <Bio> i looked under twitches esports tab and couldn't find bun
18:23:54 <Bio> the worst
18:28:39 <reify> what a terrible deficiency 
18:36:02 <Runbunny> Thanks.
18:36:05 <Runbunny> We won O:
18:38:10 <reify> still undefeated?!
18:38:21 <Runbunny> Yep.
18:38:25 <Runbunny> Always.
18:39:05 <Runbunny> We kinda don't want to stream since bad pcs and stuff.
18:40:43 <reify> you just don’t want to give away your super secret strats! :p
18:43:30 <Runbunny> I only get 180~ ish fps in game, I don't want that to go lower.
18:47:46 <reify> save the frames
18:48:42 <Dot|Phone> Just get esports rich bun. Then get fancy pc
18:51:01 <reify> do squirrel strats and become vtuber for those new pc superchats
18:52:18 <reify> you may have to work on your singing dlc first tho
18:52:51 <Runbunny> lel.
18:53:09 <Runbunny> I'll do a projekt melody.
18:53:26 <reify> :O
19:03:45 <Dot`> i return
19:04:50 <skram> Runbunny din gris
19:04:50 <skram> hej frens
19:04:50 <skram> bjørn
19:11:15 <Dot`> Jonas
19:11:52 <skram> whats up you old rascal
19:20:15 <Runbunny> Hey Jonas.
19:25:53 -!- skrma [~skram@82.147.53.125] has joined #tlponies
19:34:10 <Dot`> im playing space game, food soon
19:34:17 <Dot`> what abotu you skram
19:38:40 <skrma> i should go get some dinner too i guess
20:05:22 <Dot|Phone> Don't starve
20:07:13 <Runbunny> oh right food.
20:08:13 <Dot|Phone> You horses are all bad at food 
20:20:03 <Runbunny> Yes :D
20:45:21 <Bio> don't starve, together
20:49:31 <Camail> i wish we had a dedicated server of something to play together
20:49:41 <Camail> sadly my vps is too baby to do almost anything
20:49:58 <Camail> even since its been upgraded form 512 to 2048
21:00:47 <Rawr|Fone> Horses
21:09:39 <DuB`> Gonna be lotsa terrairireia to do in 10 days, Camail
21:09:41 <DuB`> If that qualifies
21:09:46 <Camail> true
21:09:55 <Bio> i'll come back for that i think
21:12:07 <Camail> i could try to set it up on my vps, ram seems high enough
21:12:58 <Camail> but thats a ways away
21:30:47 -!- Mousen|Droid [~AndChat91@h106.208.18.98.dynamic.ip.windstream.net] has joined #tlponies
21:40:14 <skrma> Dot`
21:41:52 <Bio> i could also never turn my computer off Cappa
21:50:30 <Dot`> Skram
21:52:04 <skrma> what you up to old boy
21:52:45 <DuB`> Oh, this is a pretty big change: https://forums.terraria.org/index.php?threads/expand-your-terraria-empire-pylons-town-building-and-npc-happiness.88128/
21:53:22 <DuB`> Well-designed incentives to not put all the npcs in an underground prison block :P
21:53:44 <skrma> boo :(
21:57:53 <DuB`> skrma they don't have to live in squalor anymore
21:57:55 <DuB`> This is good
21:58:36 <skrma> but building houses is so much work
21:58:47 <DuB`> It's FUN
21:58:57 <skrma> pfft
22:01:15 -!- Micen|Droid [~AndChat91@h106.208.18.98.dynamic.ip.windstream.net] has joined #tlponies
22:01:56 <Runbunny> Dot`, I thought Hob had wednesdays off.
22:05:17 <Dot`> i thought it was thursday
22:05:48 <Dot`> not up to much skrammen
22:16:13 <skrma> did you conquer all of space yet
22:16:52 <Bio> https://www.youtube.com/watch?v=4t0I10eMoJU&t=28s
22:17:47 <skrma> cats have good acoustics apparently
22:22:39 <Bio> ye
22:40:17 -!- Mousen|Droid [~AndChat91@h106.208.18.98.dynamic.ip.windstream.net] has joined #tlponies
22:46:58 <skrma> imma try going to bed at a reasonable time
22:47:05 <skrma> good job, me
22:50:24 <Bio> have you considered not?
23:22:30 -!- Cane [~Cane@CaneCraft.users.quakenet.org] has joined #tlponies
23:22:30 -!- mode/#tlponies [+o Cane] by Q
