00:13:47 <Dot`> cane, why you got to give stalker art
00:13:53 <Dot`> all i want to do now is play stalker
00:15:10 <Cane> Suffer with me.
00:48:54 <Bio> friends suffer together
01:04:43 -!- Rial [~Rial@p452019-ipngn200305sasajima.aichi.ocn.ne.jp] has joined #tlponies
01:13:39 <Bio> somehow my elgato changed over to 720p
01:13:41 <Bio> ree
01:13:49 <Bio> my stream was looking like booty
01:13:56 <Bio> fixed it
01:25:28 -!- Micen [~Micen@h106.208.18.98.dynamic.ip.windstream.net] has joined #tlponies
01:40:51 -!- Golly [~kvirc@cm-84.213.21.103.getinternet.no] has joined #tlponies
02:21:04 -!- Rawr|Fone [~AndChat52@c-94cfe455.020-164-6d6c6d4.bbcust.telenor.se] has joined #tlponies
03:17:08 -!- Rawr|Fone [~AndChat52@c-94cfe455.020-164-6d6c6d4.bbcust.telenor.se] has joined #tlponies
03:28:48 -!- Micen_ [~Micen@h106.208.18.98.dynamic.ip.windstream.net] has joined #tlponies
03:48:48 -!- BioPhone [~androirc@097-070-165-146.res.spectrum.com] has joined #tlponies
04:35:28 -!- BioPhone [~androirc@097-070-165-146.res.spectrum.com] has joined #tlponies
06:05:29 -!- Rawr|Fone [~AndChat52@c-94cfe455.020-164-6d6c6d4.bbcust.telenor.se] has joined #tlponies
06:34:26 -!- Bio [~BioPon@097-070-165-146.res.spectrum.com] has joined #tlponies
07:03:24 -!- Rawr|Fone [~AndChat52@c-94cfe455.020-164-6d6c6d4.bbcust.telenor.se] has joined #tlponies
08:05:50 -!- skram [~skram@82.147.53.210] has joined #tlponies
08:06:26 <Rawr|Fone> Jonas dear friend
08:07:08 <skram> Henrik old rebel
08:09:14 <Rawr|Fone> How is the new house skram
08:12:48 <skram> its old and worn and all mine, rawr
08:13:15 <Rawr|Fone> Sounds great
08:13:23 <Rawr|Fone> Does it look like the moomin house
08:13:27 <skram> haha i wish
08:14:38 <Rawr|Fone> Hmm
08:14:47 <Rawr|Fone> Maybe you can rebuild it
08:15:03 <skram> we have the technology
08:16:14 <Rawr|Fone> .roll d20 to rebuild
08:24:21 -!- reification [~thomas@cpc76294-cosh16-2-0-cust297.6-1.cable.virginm.net] has joined #tlponies
08:24:21 -!- mode/#tlponies [+v reification] by Q
08:27:23 -!- carcinisation [~thomas@cpc76294-cosh16-2-0-cust297.6-1.cable.virginm.net] has joined #tlponies
08:27:23 -!- mode/#tlponies [+v carcinisation] by Q
08:32:12 -!- BioPhone [~androirc@097-070-165-146.res.spectrum.com] has joined #tlponies
08:34:56 <Rawr|Fone> It's snowing
08:35:11 <skram> impossible
08:35:12 <Rawr|Fone> Yesterday was the warmest day of the year so far
08:35:13 <skram> its spring, henrik!
08:35:19 <carcinisation> lucky you rawr
08:36:37 <Rawr|Fone> I guess you are right jonas
08:36:48 <Rawr|Fone> False alarm reef reef, must be something else
09:12:34 -!- Dot` [webchat@cloak-puzvreye.123.7.51.dyn.plus.net] has joined #tlponies
09:12:43 <Dot`> morning
09:12:55 <skram> good morning, Dot`
09:12:56 <skram> its late
09:13:18 <Dot`> i was playing dnd till late skrammen
09:14:26 <skram> how improper
09:19:51 <Dot`> how you skram
09:22:16 <skram> I have not decided yet
09:22:42 <skram> But im probably gonna go with meh+
09:22:49 <skram> whats your face like
09:24:56 <Dot`> in need of coffee
09:25:40 <skram> Someoen should get you an aeropress and a case of beans for your birthday
09:25:51 -!- Golly [~kvirc@cm-84.213.21.103.getinternet.no] has joined #tlponies
09:26:42 <Dot`> sounds too fancy for 3rd world me
09:27:03 <carcinisation> bio https://www.youtube.com/watch?v=nxO-bML_MsU
09:49:02 -!- reification [~thomas@cpc76294-cosh16-2-0-cust297.6-1.cable.virginm.net] has joined #tlponies
09:49:02 -!- mode/#tlponies [+v reification] by Q
09:51:15 <Rawr|Fone> DoT DoT DoT
09:54:51 <Dot`> rawr rawr rawr
09:54:53 <Dot`> <3 <3 <3
09:57:03 -!- Rawr|Phone [~AndChat52@m83-191-118-99.cust.tele2.se] has joined #tlponies
10:03:58 <reification> .tell bio morgana anime https://twitter.com/DaiohBot/status/1248495681800564742
10:05:36 -!- Runbunny [~Bunnykitt@91.100.28.10.generic-hostname.arrownet.dk] has joined #tlponies
10:07:12 <reification> bun! https://twitter.com/380kmh/status/1249454647108141057
10:07:13 <Dot`> runbun!
10:08:01 <Runbunny> Hai.
10:08:27 <Runbunny> Reif https://twitter.com/Zeroblade/status/1249487464554803203
10:09:31 -!- Rawr|Fone [~AndChat52@c-94cfe455.020-164-6d6c6d4.bbcust.telenor.se] has joined #tlponies
10:13:16 <reification> ZUN!
10:16:57 -!- Rawr|Fone [~AndChat52@c-94cfe455.020-164-6d6c6d4.bbcust.telenor.se] has joined #tlponies
10:30:33 -!- Rawr|Phone [~AndChat52@m83-191-118-99.cust.tele2.se] has joined #tlponies
10:31:24 <skram> reif who is zun
10:51:51 <skram> .tell Bio https://www.youtube.com/watch?v=tw8vK4TuQXM
11:06:05 <reification> skram pls. zun is the creator of touhou
11:08:47 <Dot`> and you call yourself a weeb skram
11:10:33 <skram> right right
11:10:38 <skram> i have no interest in touhou
11:12:20 <reification> very silly of you. probably too much time spent in the proximity of sweden
11:12:46 <Dot`> ?silly
11:18:28 <reification> https://twitter.com/knmnku/status/1249140572733964292
11:40:55 -!- tredc [~tredc@c83-254-129-166.bredband.comhem.se] has joined #tlponies
12:25:24 <Rawr|Phone> 🐴🐴🐴
12:37:03 -!- Rawr|Fone [~AndChat52@c-94cfe455.020-164-6d6c6d4.bbcust.telenor.se] has joined #tlponies
12:45:45 -!- DuB` [DuB@cpe-68-174-122-249.nyc.res.rr.com] has joined #tlponies
12:46:54 -!- Rawr|Fone [~AndChat52@c-94cfe455.020-164-6d6c6d4.bbcust.telenor.se] has joined #tlponies
12:48:44 <Dot`> dub dub
12:50:04 <DuB`> dot dot
12:50:05 <DuB`> G'morn
12:59:52 <DuB`> Rainystorm <3
13:00:02 <DuB`> Too cold to opern the window and listen though :P
13:03:47 <Bio> asdf
13:03:50 <Bio> gmrn
13:14:51 -!- carcinisation [~thomas@cpc76294-cosh16-2-0-cust297.6-1.cable.virginm.net] has joined #tlponies
13:14:51 -!- mode/#tlponies [+v carcinisation] by Q
13:17:53 -!- skrm [webchat@pioj.eid3.887x.ip] has joined #tlponies
13:17:59 <skrm> hmm
13:25:45 <Rawr|Fone> Skrm
13:25:56 <Rawr|Fone> Why work today
13:25:56 <skrm> henrik lad
13:26:02 <skrm> the boss man told me
13:28:39 <Rawr|Fone> Hmm
13:28:59 <Rawr|Fone> Pretty rude
13:39:04 <Dot`> skrm, have you told him its easter?
13:39:27 -!- BioPhone [~androirc@097-070-165-146.res.spectrum.com] has joined #tlponies
13:40:22 <skrm> he didnt care
13:41:00 <Dot`> D:
13:46:22 <Bio> easter was yesterday tho
13:48:41 <Dot`> today litrally called easter monday
13:51:12 <Runbunny> DuB`!
13:52:03 <Runbunny> I had forgotten that I haven't unlocked armor augmentation yet. Which is probably why all the monsters are kicking my ass.
13:53:21 <DuB`> LOL
13:53:26 <DuB`> Yes pls do that
13:53:43 <DuB`> Also we desperately need to get you some health steal augments on all your weapons
13:58:41 <Runbunny> I need that as well.
14:17:05 <skrm> i had a lil turbine trip Dot` 
14:17:34 <Dot`> did you put a plaster on its scraped knee
14:17:34 <skrm> just like chernobyl
14:18:10 <Dot`> oh boy! time for the disaster of the month
14:19:53 -!- Crisium [~Crisium@c-24-3-150-105.hsd1.pa.comcast.net] has joined #tlponies
14:22:58 <Dot`> cris hest!
14:26:01 -!- Rawr|Fone [~AndChat52@c-94cfe455.020-164-6d6c6d4.bbcust.telenor.se] has joined #tlponies
14:27:29 <skrm> its fine Dot`
14:27:31 <skrm> maybe
14:27:47 <Dot`> not good, not terrible
14:35:19 -!- Rawr|Phone [~AndChat52@m83-187-173-173.cust.tele2.se] has joined #tlponies
14:41:47 <Runbunny> Have you doomed all of Europe Jonas?
14:42:39 <Dot`> probably just the direction of the prevailing wind
14:51:38 -!- Micen_ [~Micen@h106.208.18.98.dynamic.ip.windstream.net] has joined #tlponies
14:55:46 <skrm> its doing the spinny thing again now
14:57:38 -!- Rawr|Fone [~AndChat52@c-94cfe455.020-164-6d6c6d4.bbcust.telenor.se] has joined #tlponies
14:59:51 <Crisium> ahoy
15:10:44 -!- Camail [~Camail@45.40.84.145] has joined #tlponies
15:10:44 -!- mode/#tlponies [+v Camail] by Q
15:33:16 -!- Rawr|Fone [~AndChat52@c-94cfe455.020-164-6d6c6d4.bbcust.telenor.se] has joined #tlponies
15:33:17 <Rawr|Fone> It's snowing again
15:33:37 <Crisium> snowing here 2 days ago
15:33:40 <Crisium> such a cold spring
15:59:23 -!- Rawr|Fone [~AndChat52@c-94cfe455.020-164-6d6c6d4.bbcust.telenor.se] has joined #tlponies
16:10:03 <Bio> how do
16:13:27 <Runbunny> Hmm. I should build some food.
16:13:43 <skrm> fr esh a va ca do
16:14:43 <Dot`> construct additional pasta runbun
16:17:25 -!- Rawr|Phone [~AndChat52@m83-191-120-248.cust.tele2.se] has joined #tlponies
16:25:14 <Runbunny> Might have to go to the store though :&
16:25:48 <Rawr|Phone> D:
16:26:01 <Bio> FREE SHA VACA DO
16:26:41 <Bio> skrom i dun wanna work i wanna meme
16:27:32 <Runbunny> You can meme at work.
16:30:59 <Bio> tru
16:31:08 <Bio> i guess i wanna meme INSTEAD of work
16:34:44 <skrm> bio
16:34:46 <skrm> do both
16:35:54 <Bio> i shouldn't tho
16:36:04 <Bio> i do gots to finish this thinger
16:38:08 <skrm> who cares, memes are important
16:38:20 <Bio> u rite
16:40:49 <Bio> https://i.imgur.com/9t2Xzvn.jpeg
16:43:01 <carcinisation> :<
16:43:05 <Bio> https://pa1.narvii.com/6504/159e6bb52c03029292c0e1c9575c4e33540fd06a_hq.gif
16:49:06 <skrm> morgana is a cat tho???
16:51:24 <Bio> no, hes a human
16:51:30 <Bio> he says that like 30 times !
16:51:53 <Dot`> skram also says he is a human
16:51:59 <Dot`> many times
16:54:21 <carcinisation> skram estas frostiĝinta ĉevalaĉo :p
17:06:07 <Runbunny> Apparently.
17:06:14 <Runbunny> It's easter and everything is closed.
17:06:24 <carcinisation> yes bun
17:06:39 <Runbunny> even the store that specifically wrote on their website that they are open all easter is closed.
17:06:57 <carcinisation> i feel that a bun should know when it is easter...
17:06:59 <Runbunny> I even went to two different ones.
17:07:12 <Runbunny> To a bun it's always easter.
17:30:51 <skrm> dont insult me in a language i dont understand carcinisation, du din lettkledde skjøge
17:53:58 <Dot`> hows work skrm
17:54:02 <carcinisation> MDR
17:54:18 <skrm> apart from all the explosions its fine
17:54:46 <carcinisation> are you trying to attract a wild megumin?
17:55:40 <skrm> megumin isnt real!
17:56:15 <carcinisation> that is what runbuns experiments are supposed to fix
17:56:50 <skrm> i thought he was doing catgirls first
17:58:11 <carcinisation> https://danbooru.donmai.us/posts/3518873
18:29:10 <carcinisation> bio https://twitter.com/380kmh/status/1249347080277106688
18:29:24 <carcinisation> dot https://twitter.com/NehmahlCutie/status/1247559161812004864
18:29:43 <Bio> clap
18:38:26 <carcinisation> bio and dot https://twitter.com/CityBureaucrat/status/1249680417495678976
18:39:25 <Bio> irl memers
18:39:52 <Crisium> deercow
18:40:22 <Dot`> haha
18:55:11 <Bio> should i make tacos tonight boys
18:58:18 <carcinisation> monday is pasta day
18:58:51 <skrm> go here Bio https://www.youtube.com/watch?v=0TA2quPkkXY
18:59:04 <skrm> dont listen to reif, taco is forever food
18:59:50 <Bio> taco is eternal
18:59:58 <Bio> do taco bell even still make those
19:00:05 <Bio> i hope so
19:00:16 <skrm> i want the drive through borgar with cheddar on it, but i have all the stuff needed for tacos at home
19:00:24 <skrm> :thinking:
19:03:16 <skrm> .tell micen https://www.youtube.com/watch?v=R2DTXCEXnTU
19:11:55 <Runbunny> .choose grind grindhard
19:11:58 <Runbunny> Nice!
19:12:13 <CockRoach|42> hors hors
19:12:33 <Runbunny> Cok roch.
19:35:46 <Bio> i had the scratchy throat last night bois
19:35:54 <Bio> got worried, but its gone today
19:36:02 <Bio> must have been all the talking i did this weekend
19:37:01 <carcinisation> article of the day dub edition https://www.universal-sci.com/headlines/2020/4/12/coronavirus-people-in-tall-buildings-may-be-more-at-risk-heres-how-to-stay-safe
19:38:35 <carcinisation> bonus probably good news chart https://twitter.com/EthicalSkeptic/status/1249474211539804163
19:40:14 <carcinisation> nice mashup skram
19:50:08 <carcinisation> skram https://www.youtube.com/watch?v=IsKfdrWqW08
19:52:30 -!- reification [~thomas@cpc76294-cosh16-2-0-cust297.6-1.cable.virginm.net] has joined #tlponies
19:52:30 -!- mode/#tlponies [+v reification] by Q
19:52:55 <skrm> this is a travesty, reif
19:52:57 <skrm> why is it so good
19:53:20 <Runbunny> Hahaha.
19:58:36 <Bio> sweet fat bottomed alabama
19:59:10 <reification> runbunny https://www.youtube.com/watch?v=XqG9DC6ajFg
19:59:28 <Runbunny> I like that one.
20:05:31 <reification> wait have we had this version? https://www.youtube.com/watch?v=_N66Hud_Tq4
20:05:56 <Camail> i got into valorant mere hours after learning about their kernel level anti-cheat
20:06:01 <Camail> i'm torn
20:06:20 <Camail> because on the one hand i want to try it...but also holy fuck no i'm not giving riot access to my kernal
20:08:43 <skrm> I've linked it to you weeks ago, reification!
20:08:53 <skrm> I listen to it every day
20:08:53 <reification> make a bootable external drive for it?
20:09:32 <reification> sry skram i've just heard so many versions recently and i didn't want you to miss something this great 
20:12:58 <skrm> its pretty great
20:13:05 <skrm> did you listen to the jazz version
20:13:16 <reification> yep
20:14:50 <skrm> maybe i should watch evangelion
20:14:53 <skrm> its on netflix, right?
20:17:03 <reification> yes but they may not have the right music :/
20:26:20 <Bio> Drops Enabled!
20:31:26 <DuB`> OOOH
20:31:35 <DuB`> Terraria: Journey's End update launches May 16
20:31:44 <DuB`> One month... I'll enjoy that very much for my birthday :D
20:39:41 <Dot`> Dubday!
20:40:58 <DuB`> Wel, one day before it
20:41:06 <DuB`> Runbunny I had just joined your session lol T_T
20:41:12 <Runbunny> oh
20:41:13 <Runbunny> !
20:41:15 <Runbunny> I'll come back
20:49:32 <skrm> i wanna hun a mon in like 2 hrs DuB` 
21:03:33 -!- carcinisation [~thomas@cpc76294-cosh16-2-0-cust297.6-1.cable.virginm.net] has joined #tlponies
21:03:33 -!- mode/#tlponies [+v carcinisation] by Q
21:19:21 -!- Rawr|Fone [~AndChat52@c-94cfe455.020-164-6d6c6d4.bbcust.telenor.se] has joined #tlponies
21:35:06 -!- Rawr|Fone [~AndChat52@c-94cfe455.020-164-6d6c6d4.bbcust.telenor.se] has joined #tlponies
21:42:30 -!- Rawr|Fone [~AndChat52@c-94cfe455.020-164-6d6c6d4.bbcust.telenor.se] has joined #tlponies
21:48:03 -!- skram [~skram@82.147.53.54] has joined #tlponies
21:50:23 <Rawr|Fone> Jonas
21:54:49 -!- Rial [~Rial@p452019-ipngn200305sasajima.aichi.ocn.ne.jp] has joined #tlponies
21:55:02 <Rawr|Fone> Good evening rial
21:55:19 <skram> Good morning rial
21:55:21 <skram> Henrik
21:56:37 <Rawr|Fone> It is time to go to bed so I can wake up for work tomorrow
21:56:57 <skram> Very diligent
21:57:36 <Rawr|Fone> As always
21:57:49 <skram> Hmmm
21:58:37 <Rawr|Fone> 🤨🤨🤨
22:00:45 -!- Cane [~Cane@CaneCraft.users.quakenet.org] has joined #tlponies
22:00:45 -!- mode/#tlponies [+o Cane] by Q
22:02:00 <Cane> May 16 will be the Terraria update Journey's End.
22:02:04 <Cane> I think I may need to play again.
22:03:30 <DuB`> :D
22:04:30 <DuB`> We'll eagerly await the Summoner Challenge Season 2
22:04:38 <skram> :D
22:05:04 <DuB`> With finale in 2024 ;)
22:06:14 <Dot`> its a speedrun this time?
22:06:20 -!- reimeuk [~thomas@cpc76294-cosh16-2-0-cust297.6-1.cable.virginm.net] has joined #tlponies
22:06:20 -!- mode/#tlponies [+v reimeuk] by Q
22:09:09 <DuB`> O, I didn't see your line about monhun skram
22:09:18 <DuB`> I'm on a brief work task for a bit then can do whatever
22:09:43 <DuB`> And runbun is still hunmon right now I thinks
22:15:57 <Bio> biggest summoner challange fan here fite me irl 
22:21:59 <Runbunny> Yes.
22:22:19 <Runbunny> I found a Velkhana, so I had to hunt that.
22:28:09 <skram> hickity heck
22:28:19 <skram> come at me, bio boi
22:30:54 <DuB`> hunt time hunt time
22:31:13 <skram> what are we hunting this time, master hunter dubles
22:31:25 <DuB`> I think that's up to you
22:31:30 <DuB`> Progression time!
22:31:50 <skram> HMMM
22:31:54 <skram> lets hunt a GREAT JAGRAS
22:32:53 -!- Rawr|Fone [~AndChat52@c-94cfe455.020-164-6d6c6d4.bbcust.telenor.se] has joined #tlponies
22:42:58 -!- Rawr|Fone [~AndChat52@c-94cfe455.020-164-6d6c6d4.bbcust.telenor.se] has joined #tlponies
23:16:19 <reimeuk> night all
23:20:41 -!- Rawr|Fone [~AndChat52@c-94cfe455.020-164-6d6c6d4.bbcust.telenor.se] has joined #tlponies
