01:28:35 <Camail> skram, you should also sleep
01:30:30 <skram> once i finish all my youtube recommendations i will
01:32:04 <Camail> those generate infinitely
01:32:35 <skram> guess ill be here until the big sleep takes me then
02:24:50 <BioSC> sleppy time
07:30:02 -!- Dot` [webchat@07ne.847t.e8w3.ip] has joined #tlponies
07:38:14 -!- Rawr|Fone [uid440384@id-440384.highgate.irccloud.com] has joined #tlponies
07:44:13 <Dot`> rawr rawr rawr
07:55:23 <Rawr|Fone> dot dot dot
07:55:25 <Rawr|Fone> ❤❤❤
08:01:59 <Dot`> <3 <3 <3
08:31:33 -!- Cane [~Cane@CaneCraft.users.quakenet.org] has joined #tlponies
08:31:33 -!- mode/#tlponies [+o Cane] by Q
08:32:12 <Dot`> Hey Cane <3
08:32:31 <Cane> Hiya Dot`, hi everyone. <3
08:41:36 -!- reification [~thomas@cpc76296-cosh16-2-0-cust215.6-1.cable.virginm.net] has joined #tlponies
08:41:36 -!- mode/#tlponies [+v reification] by Q
08:49:07 <Dot`> reef
08:50:08 <reification> dawt
09:02:47 <Dot`> i alwasy forget how cold my head gets after a haircut
10:40:39 <reification> it's like hair is insulation
10:42:51 <Dot`> weird right?
11:00:59 <reification> https://twitter.com/backt0nature/status/1313708129264205824
11:14:54 <CockRoach|42> https://imgur.com/gallery/xSLlCKA
11:14:59 <CockRoach|42> is this good?
11:40:14 -!- Golly [~Username@84.213.21.103] has joined #tlponies
12:27:35 -!- reify [~reificati@cpc76296-cosh16-2-0-cust215.6-1.cable.virginm.net] has joined #tlponies
12:28:44 <reify> ‘In 1650, he reluctantly took a position in Sweden (which he scorned as “the country of bears, amid rocks and ice”) as Queen Christina’s personal philosophy tutor. Unfortunately for Descartes, the energetic young queen was an early riser. She insisted on lessons at five in the morning, an ungodly hour’
12:33:24 <Golly> indeed, I got up at 4 ><
12:38:31 -!- tredc [~tredc@c83-254-129-166.bredband.comhem.se] has joined #tlponies
12:56:10 -!- BioSC [~BioPon@097-070-165-146.res.spectrum.com] has joined #tlponies
13:36:17 -!- Runbunny [~Bunnykitt@91.100.28.10.generic-hostname.arrownet.dk] has joined #tlponies
13:37:45 <Rawr|Fone> Anders.
13:37:52 <Rawr|Fone> Good afternoon
13:38:05 <Runbunny> Hai.
13:39:49 <Dot`> Runbun
14:12:56 <BioSC> gut mornen
14:14:41 <Dot`> Morn
14:19:19 -!- skram [~skram@109.203.22.118] has joined #tlponies
14:19:43 <Rawr|Fone> Jonas!
14:27:14 <skram> Henrik!
14:27:44 <Dot`> Jonas!
14:28:00 <skram> Bjørn!
14:55:49 <reify> bun and skram
15:36:49 <BioSC> NAMES
15:38:41 <skram> oh hey bob
15:42:38 <BioSC> mark my friend hallo
15:43:17 <skram> friend marked
16:15:55 <Dot`> hows all
16:17:53 <skram> finally had some food
16:21:08 <Dot`> good job
16:21:24 <skram> another life saved
16:21:28 <skram> what you up to bjørnen
16:22:53 <Dot`> work work
16:33:20 <Rawr|Fone> Are you not done for today dot
16:37:56 <Dot`> had a small thing i wanted to get finished but turns out someone else was lazy so there is more to do than just copy the stuff across
17:11:31 <Dot`> now im done
17:11:53 <Dot`> rawr rawr
17:11:54 <Dot`> hows you
17:54:43 -!- Dot|Phone [uid393803@id-393803.brockwell.irccloud.com] has joined #tlponies
18:21:14 <skram> Dot` https://www.youtube.com/watch?v=_GBdvm7_MrY
18:35:21 <Golly> you havin a laff?
18:59:16 -!- Dot` [webchat@07ne.847t.e8w3.ip] has joined #tlponies
19:23:42 -!- Rawr|Fone [uid440384@id-440384.highgate.irccloud.com] has joined #tlponies
19:40:49 <Dot`> Runbunny, how many runs you done in hades?
19:56:30 <Runbunny> About 38 I think.
19:56:56 <Runbunny> well like 70 in total if you count my old save.
19:57:08 <Runbunny> What about you friend Dot` ?
19:58:03 <Dot`> 18 current, and i think i had 19 in the beta
20:00:00 <Dot`> look runbun https://imgur.com/gallery/N3OgXii
20:00:13 <Dot`> qwest sprout is great
20:14:21 <Runbunny> Nice!
20:25:14 <reification> bio https://twitter.com/nfoliage_/status/1314084711442968576
20:25:29 <reification> also bun skram https://twitter.com/findoland/status/1313555090251407362
21:22:06 <Runbunny> reification, skram https://cdn.discordapp.com/attachments/160488682925719552/763873031478313011/unknown.png
21:23:00 <reify> :o
21:23:44 -!- Dot` [webchat@07ne.847t.e8w3.ip] has joined #tlponies
21:23:46 <Dot`> hmm
21:24:01 <Dot`> i had planned to get some stuff done, then brother calls and talks to me for an hour
21:28:28 <Runbunny> Well you got talking to your brother done.
21:33:16 -!- mode/#tlponies [+vvvvvv BioSC Dot` Dot|Phone GGMethos Golly Micen] by Cane
21:33:16 -!- mode/#tlponies [+vvvvvv Raelcun Rawr|Fone reify Runbunny skram sweetiebot] by Cane
21:33:16 -!- mode/#tlponies [+v tredc] by Cane
21:33:23 <Cane> Blues for everyone.
21:35:30 <Runbunny> Yay!
21:35:35 <Runbunny> too bad I have to go sleep now.
21:35:44 <Runbunny> There' stuff to learn tomorrow.
21:36:28 <reify> you get a blue and you get a blue
21:36:32 <reify> night bun
21:36:36 <Runbunny> Goodnight sir.
22:01:35 -!- Dot` [webchat@07ne.847t.e8w3.ip] has joined #tlponies
22:07:24 -!- DuB` [DuB@cpe-68-174-122-249.nyc.res.rr.com] has joined #tlponies
22:07:34 <Dot`> dub dub
22:07:42 <DuB`> dot dot
22:22:04 <Dot`> hows you
22:24:03 <DuB`> Gewd
22:24:09 <DuB`> oh bye
22:24:17 -!- Dot` [webchat@07ne.847t.e8w3.ip] has joined #tlponies
22:24:23 <Dot`> huh, internet fell over
22:24:29 <DuB`> Clumsy
22:57:49 -!- Dot` [webchat@07ne.847t.e8w3.ip] has joined #tlponies
