16:34:15 -!- sweetiebot [~skybot@209.141.41.184] has joined #tlponies
16:34:42 <Camail> yo
16:38:12 <Dot`> Zoonds, camail. Hello
16:38:19 <Camail> oy
17:18:52 -!- BioPhone [~androirc@097-070-165-146.res.spectrum.com] has joined #tlponies
18:29:42 -!- Micen [~Micen@h106.208.18.98.dynamic.ip.windstream.net] has joined #tlponies
18:30:04 <Micen> hello
18:34:32 <Dot`> hey
18:41:33 <DuB`> Hey Micen
18:43:05 <DuB`> Oooh, very thunderystorm
18:49:52 <Micen> hmm?
18:57:17 <DuB`> Rain an lighting, kaboom!
18:57:27 <Micen> ahh dont get tornados 
19:25:59 <skram> very very frightening DuB`?
19:29:02 <DuB`> No is v nice
19:29:12 <DuB`> Also found a guy doing MHW base game no-hit run :D
19:29:43 <skram> does it count if you got hit with the yellow cape
19:30:24 <DuB`> He's calling it a "no damage" run, so probl ok
19:30:33 <DuB`> You get that quite late though
19:30:58 <DuB`> After the story, in fact, so not relevant
19:31:07 <DuB`> https://www.twitch.tv/TDS_Chris
19:33:43 <Dot`> how many hours is the run?
19:35:16 <DuB`> No idea
19:39:46 <skram> a lot, dot
19:40:11 <Dot`> at least 2?
19:40:49 <skram> at least TWICE 2
19:42:23 <Dot`> but thats as many as 4
19:42:33 <skram> indeed
19:49:40 <carcinisation> bun https://danbooru.donmai.us/posts/3869737
19:53:41 <Dot`> runbun https://imgur.com/gallery/qxrf5sB
19:55:11 <Runbunny> DuB`, How do you do rotten vale?
19:55:45 <DuB`> Mebbe can get miasma resist gear before going deeper
19:56:45 <Dot`> reif https://imgur.com/gallery/6ZjgQeA
19:56:56 <Runbunny> Hmm.
19:58:28 <carcinisation> that will be hard to carry and dance
20:34:28 <Dot`> runbun, hob starts stream, hob gets hiy
20:34:32 <Dot`> hit
20:35:08 <Dot`> under 2 minutes in
20:55:44 -!- Rawr|Fone [~AndChat52@c-94cfe455.020-164-6d6c6d4.bbcust.telenor.se] has joined #tlponies
21:00:49 <Rawr|Fone> 🐴🐴🐴
21:09:42 <Runbunny> Poor Hob :/
21:13:26 -!- Rawr|Fone [~AndChat52@c-94cfe455.020-164-6d6c6d4.bbcust.telenor.se] has joined #tlponies
21:19:43 <Dot`> rawr rawr rawr
21:19:49 <Dot`> you horse
21:20:57 -!- Rawr|Fone [~AndChat52@c-94cfe455.020-164-6d6c6d4.bbcust.telenor.se] has joined #tlponies
21:23:23 <Dot`> rawwwwr
21:31:13 -!- Crisium [~Crisium@c-24-3-150-105.hsd1.pa.comcast.net] has joined #tlponies
21:31:54 <Dot`> Crisium!
21:32:05 <Crisium> howdy dot
21:33:52 <Zounds> hey
21:42:22 <Bio> asdf
21:43:27 <Bio> i was gonna make steak and potatoes for din
21:43:41 <Bio> but i got really lazy the last 2h and i'm just gonna make some brekfast
21:49:53 <Runbunny> DuB`, I got ruiner nergio down. 2 pieces of gear upgraded.
21:50:01 <DuB`> O, I was just bout to hop on
21:50:04 <DuB`> Noice
21:50:59 <Runbunny> You want to join me for one more?
21:59:14 -!- Rial [~Rial@p452019-ipngn200305sasajima.aichi.ocn.ne.jp] has joined #tlponies
22:04:16 -!- Rawr|Fone [~AndChat52@c-94cfe455.020-164-6d6c6d4.bbcust.telenor.se] has joined #tlponies
22:05:26 <Bio> and done
22:05:39 <Rawr|Fone> DoT
22:05:47 <Dot`> Rawr
22:05:59 <Rawr|Fone> How are you today
22:06:16 <Dot`> its bed time rawr
22:06:25 <Dot`> my book arrived today, so i read it a bit
22:06:28 <Dot`> but now sleep
22:06:33 <skram> what book was it
22:06:46 <skram> is it a cookbook
22:06:55 <Dot`> skram i dont cook
22:07:52 <Rawr|Fone> I am also going to bed now dot
22:08:02 <Rawr|Fone> Maybe you were going to start
22:08:27 <skram> dot you should
22:08:48 <Dot`> i need you to cook for me skram
22:10:06 <skram> i am very far away
22:10:13 <Dot`> i know :(
22:10:19 <Rawr|Fone> You could send the food by mail skram
22:10:42 <Bio> make an egg
22:10:44 <Bio> its p quick
22:11:06 <Dot`> i got to shop to get egg
22:13:25 <skram> Dot` you need to shop to get whatever else it is that you eat
22:14:03 <Dot`> but i hate shops :(
22:17:37 <skram> well
22:17:38 <skram> too bad
22:18:53 <Dot`> i thought you cared
22:19:43 <skram> well yeah but unless you do some serious gardening you need to go to the shops sometimes
22:20:26 <Dot`> hmm, im going to get my food delivered
22:20:56 <skram> get groceries too
22:21:13 <Dot`> like a carrot?
22:22:22 <skram> yeah or 2
22:24:58 <skram> maybe a turnip
22:26:31 <Dot`> a great big turnip in the country
22:26:56 <skram> get the god star turnips
22:27:00 <skram> gold
22:28:05 <Dot`> i can never think of turnips without beign reminded of buldric
22:30:22 <skram> whhats a buldric
22:30:36 <Dot`> Blackadder
22:30:47 <skram> ah right
22:31:40 <Dot`> form a time before memes
22:32:38 <skram> blackadder is basically a proto-shitpost
22:33:06 <Dot`> true acendancy
23:18:58 -!- Rial [~Rial@p452019-ipngn200305sasajima.aichi.ocn.ne.jp] has joined #tlponies
23:23:23 <DuB`> .choose bot alive, bot ded
23:23:27 <DuB`> Aha!
23:23:39 <skram> is a miracle
23:23:55 <DuB`> .choose overeat pasta, exercise, read book
23:24:20 <skram> why dont you multitask and eat a book
23:24:24 <skram> or read some pasta
23:24:32 <DuB`> Penne has not plot
23:24:39 <DuB`> And Dune tastes like sand, I bet
23:24:42 <DuB`> Or paper maybe
23:26:18 <skram> dont you have alphabet pasta
23:26:54 <DuB`> No I'm not a BABY child
23:27:32 <skram> an adult child then
23:27:45 <DuB`> Sounds about right
23:27:56 <DuB`> With grown-up fusilli and penne pastas
23:31:18 <Runbunny> Dot`, Hob got robbed.
23:33:33 <Bio> ?biostream
23:33:37 <Bio> more game
23:34:01 <Runbunny> Dot`, https://clips.twitch.tv/VainDirtyIcecreamPipeHype
