00:04:36 <skrm> yikes, buddy
00:10:09 <skrm> why are you danish lads so keen on bitters anyway, Anders?
00:27:02 <Runbunny> It was something I learned in Uni.
00:27:12 <Runbunny> A good hunt bitter.
00:27:40 <Runbunny> Just as you wake up on a morning of shitty sleep.
00:31:23 <skrm> jegerdram
00:31:24 <skrm> i see
00:34:34 <Runbunny> We don't have the norwegian brændevin.
00:37:06 <skrm> There's plenty of danish akevitt
00:37:36 <Runbunny> but snaps is horrible.
00:38:17 <skrm> agreed
00:38:43 <Runbunny> Anyhoo I better sleep.
00:38:56 <Runbunny> Goodnight.
00:39:20 <skrm> godnat andersdreng
06:10:22 -!- Rawr|Fone [uid440384@id-440384.highgate.irccloud.com] has joined #tlponies
06:29:29 -!- Micen [~Micen@h109.118.89.75.dynamic.ip.windstream.net] has joined #tlponies
06:46:15 <Rawr|Fone> Skram
06:47:24 <skram> Henrik lad
06:47:26 <skram> god morgon
06:48:17 <Rawr|Fone> God morgon min käre vän
07:47:56 -!- Dot` [webchat@uqju.w7i1.m7pb.ip] has joined #tlponies
08:21:30 <Rawr|Fone> DoT DoT DoT
08:22:46 <Dot`> Rawr Rawr Rawr
08:22:48 <Dot`> <3 <3 <3
08:22:55 -!- Golly [~Golly@cm-84.213.21.103.getinternet.no] has joined #tlponies
08:23:06 <Rawr|Fone> ❤❤❤
09:12:19 -!- Runbunny [~Bunnykitt@91.100.28.10.generic-hostname.arrownet.dk] has joined #tlponies
09:13:33 <Rawr|Fone> Anders.
09:14:00 <Dot`> Its the work bun
09:18:09 <Runbunny> Hai
09:18:15 <Runbunny> Got today off.
09:18:27 <Runbunny> .tell Reification https://twitter.com/MrSnakesnake628/status/1305673352615346178
09:23:18 <Runbunny> I'll go to the store and get myself some nice breakfast.
09:23:25 <Runbunny> probably cake too.
09:25:11 <Dot`> celebratory cake!
09:30:55 <Runbunny> Yay!
10:07:49 <Runbunny> Hmmm.
10:08:09 <Runbunny> I got to the store and then I didn't want cake, at least not what they had.
10:09:07 <Rawr|Fone> Hmm
10:35:56 <Cane> https://cdna.artstation.com/p/assets/images/images/030/113/740/large/vitaliy-ostaschenko-kestrel6.jpg?1599651097
10:36:01 <Cane> Neat, the Kestrel from FTL.
11:10:05 -!- Dot` [webchat@uqju.w7i1.m7pb.ip] has joined #tlponies
11:10:10 <Dot`> horse
11:17:48 <Runbunny> Dot.
11:18:44 <Dot`> Runbun, just set up a little mikrotik in my room so now i have good wifi 
11:19:51 <Runbunny> "good wifi" is an oxymoron right?
11:20:59 <Runbunny> But nice, I thought you were cabled.
11:21:06 <Dot`> well... full signal tather than 1 to nothing
11:21:10 <Dot`> rather*
11:21:21 <Runbunny> That is however good news.
11:21:56 <Runbunny> Looking forward to the next Bio X Dot collab in the lands of Tarkov
11:22:17 <Dot`> i havnt played in weeks now, game is hard, and i am bad
11:22:52 <Runbunny> Surely the wifi was the cause of that!
11:23:37 <Runbunny> I can tell you with absolute certainty that Rawr thinks your great.
11:23:54 <Runbunny> you're
11:24:42 <Rawr|Fone> I do!
11:50:46 <Dot`> hmm
11:50:55 <Dot`> Runbun, did you see if Hobs run died?
12:10:57 <Runbunny> I did not.
12:11:24 <Runbunny> It was pretty close at armor knight (?) in ds3
12:12:29 <Runbunny> The last hit command hasn't been updated for 4 days.
12:13:09 <Dot`> thast promising
12:18:26 <Runbunny> Dot`!!!
12:18:50 <Runbunny> The run is alive!
12:20:26 <Dot`> !!!!
12:20:34 <Dot`> is he on deamon souls now then?
12:21:12 <Runbunny> Yeah a few bosses, then Sekiro as the last game.
12:21:42 <Runbunny> Some kind souls hanging out in Hob's chat told me when I asked.
12:23:26 <Dot`> lol, there are always ppl hanging about in there
13:20:42 -!- BioPhone [~androirc@12.33.239.117] has joined #tlponies
13:24:08 <BioPhone> Pon
13:24:46 <Runbunny> Hai Bio.
13:35:29 -!- BioPhone [~androirc@12.33.239.117] has joined #tlponies
13:38:53 -!- DuB` [DuB@cpe-68-174-122-249.nyc.res.rr.com] has joined #tlponies
13:40:56 <Dot`> Dub Dub
14:10:54 <DuB`> Dot Dot
14:11:07 <DuB`> Runbunny, blessed Korone English-only stream
14:23:51 <Runbunny> O:
14:25:43 <Runbunny> Blessed dog.
14:29:49 -!- tredc [~tredc@c83-254-129-166.bredband.comhem.se] has joined #tlponies
14:50:56 -!- Rawr|Fone [uid440384@id-440384.highgate.irccloud.com] has joined #tlponies
14:54:24 <Rawr|Fone> 🐴🐴🐴
14:58:22 <Runbunny> Where is Reif?
14:58:38 <Runbunny> .tell Reification https://www.youtube.com/watch?v=KoU-s08g5Hc
15:35:35 <BioPhone> Pls
15:35:40 <BioPhone> No degen
15:38:07 <Dot`> too late
15:40:56 <DuB`> degen bakari da
15:49:30 <Runbunny> いけます
16:23:37 <Runbunny> DuB`, Have you played any of the new warframe stuff?
16:23:44 <DuB`> naw
16:24:05 <Runbunny> I haven't gotten around to it either.
16:32:02 <Dot`> Runbun, how you doing
16:39:48 -!- reification [~reificati@cpc76294-cosh16-2-0-cust297.6-1.cable.virginm.net] has joined #tlponies
16:41:11 <Runbunny> Dot`, I am good, there were changes to the work schedule so I have days off till saturday
16:41:16 <Runbunny> Hai Reif.
16:41:38 <reification> hello bun
16:41:40 <Dot`> thats good to hear
16:41:43 <Dot`> Hey reif!
16:41:49 <Runbunny> What about you? Are you speeding through the internets now?
16:41:51 <reification> .showtells
16:41:59 <reification> hi dotties
16:47:49 <reification> dub https://twitter.com/MugiWhite/status/1305818638478237696
16:48:22 <DuB`> -_-
16:48:25 <reification> bio https://twitter.com/ntontheterrible/status/1305701088398458881
16:53:59 <Runbunny> DuB`, https://www.youtube.com/watch?v=lWVt0YnSYEY
16:54:55 -!- skram [~skram@ip-22-17-203-109.eidsiva.net] has joined #tlponies
16:55:48 <DuB`> waow
16:56:23 <reification> good speed listening test for dub
17:00:10 <skram> hi
17:01:08 <Runbunny> Hai Jonas.
17:01:44 <Dot`> Jonas friend
17:01:57 <Dot`> where you been hiding
17:06:29 <skram> i has been spleeping
17:16:46 <Dot`> did it go well?
17:17:04 <skram> i think im getting pretty good at it
17:53:53 -!- BioPhone [~androirc@12.33.239.117] has joined #tlponies
18:31:14 -!- Dot` [webchat@uqju.w7i1.m7pb.ip] has joined #tlponies
18:43:05 -!- Dot|Phone [uid393803@2001:67c:2f08:5::6:24b] has joined #tlponies
18:52:31 <Rawr|Fone> Horse
19:05:46 <Dot|Phone> Rawr hest
19:07:26 <BioPhone> Good mem reify
19:15:43 <Rawr|Fone> Dotpon
19:27:11 -!- Dot` [webchat@uqju.w7i1.m7pb.ip] has joined #tlponies
20:04:13 <reification> time to gym
20:05:41 <DuB`> gl!
20:05:42 <reification> and then rest
20:05:46 <reification> night all
20:06:16 <Dot`> gnighth reif!
20:06:22 <Dot`> so early
20:07:02 <Rawr|Fone> Won't be so early when he gets back from gym dot
20:08:25 <reification> ^
20:16:40 -!- BioPhone [~androirc@12.33.239.117] has joined #tlponies
20:17:37 <BioPhone> Horse?
20:29:06 <Rawr|Fone> Horse!
20:29:36 <Dot`> Runbun, hob live
20:29:49 <Dot`> look at that tracker, hes so far
20:33:00 -!- BioPhone [~androirc@12.33.239.117] has joined #tlponies
20:37:17 -!- BioPone [~androirc@mobile-107-92-123-102.mycingular.net] has joined #tlponies
21:08:16 <BioSC> pons i homes
21:08:36 <Rawr|Fone> Great work bio
21:09:14 <Dot`> gj
21:43:56 <Dot`> he got past spider bun!
21:51:41 -!- Dot|Phone [uid393803@id-393803.brockwell.irccloud.com] has joined #tlponies
21:55:07 -!- skrm [webchat@pioj.eid3.887x.ip] has joined #tlponies
21:55:20 <Dot|Phone> Skrm
21:55:31 -!- skram [~skram@ip-22-17-203-109.eidsiva.net] has joined #tlponies
21:55:40 <skrm> yes
21:55:47 <skrm> fuk off skram
22:06:12 <Dot|Phone> Rude
22:10:20 <Runbunny> lets go Hob!
22:17:25 <Dot|Phone> Runbun, demon should is so slow
22:18:01 <Dot|Phone> Souls 
22:18:04 <Runbunny> But it's exciting!
22:22:40 <Golly> I've fallen in a meme rabbit hole, and i cant get out
22:22:44 <Golly> https://youtu.be/P5MpLQ8TQcQ
22:29:45 <skrm> eekum bokum
22:40:36 <Runbunny> Welcome to hell comrade Golly. We have cute vtubers here.
22:41:21 * Golly yells NOOOOOOO like Darth Vader
22:41:49 <Runbunny> https://www.youtube.com/watch?v=ycyocrZLjDM
22:43:34 <Dot|Phone> Runbun. Hob hit 12k for a moment
22:47:16 <Dot|Phone> The late run host... Usually leads to getting hit soon after. 
22:50:32 <Runbunny> Believe Dot.
22:51:07 <Dot|Phone> It's dangerous to have hope
22:51:48 <Runbunny> But hope makes you move forward, else you'll stagnate.
22:52:51 <Dot|Phone> He needs to focus
22:56:10 -!- BioPone [~androirc@mobile-107-92-123-102.mycingular.net] has joined #tlponies
22:59:34 -!- BioPone [~androirc@mobile-107-92-123-102.mycingular.net] has joined #tlponies
23:05:06 <Dot|Phone> Oh
23:05:12 <Dot|Phone> F
23:05:14 <Runbunny> ?ohno
23:07:05 -!- BioPone [~androirc@mobile-107-92-123-102.mycingular.net] has joined #tlponies
23:15:06 -!- BioPone [~androirc@mobile-107-92-123-102.mycingular.net] has joined #tlponies
23:20:16 -!- BioPone [~androirc@mobile-107-92-123-102.mycingular.net] has joined #tlponies
23:28:55 <Golly> oh no
23:29:04 <Golly> ive upset the youtube algorithm
23:29:14 <Golly> my home page is infected
23:31:46 <Golly> ahhhhhhh
23:34:35 <Runbunny> He'll be back..
23:34:51 <Runbunny> You don't escape that easily.
23:51:31 -!- Micen [~Micen@h109.118.89.75.dynamic.ip.windstream.net] has joined #tlponies
23:57:29 -!- Micen_ [~Micen@h32.221.141.67.dynamic.ip.windstream.net] has joined #tlponies
