00:02:54 <DuB`> I certainly liked the "you can stealth kill enemies by leaping on them from heights" perk
00:03:01 <DuB`> With the highjump leg upgrade
00:08:02 <Camail> also i wish my 130k katana was worth more as a resell
00:08:09 <Camail> but thats just a small gripe
00:08:23 <Camail> that would just make it easier to buy all the cars
00:56:11 <Camail> word of warning, there might be a large gap of no sweetie depending on how the server situation goes
00:56:27 <Dot`_> D: picnic
01:21:28 <DuB`> Bots deserve a little picnic once in a while
01:51:10 -!- BioPhone [~androirc@075-132-160-107.res.spectrum.com] has joined #tlponies
02:02:20 -!- BioPhone [~androirc@075-132-160-107.res.spectrum.com] has joined #tlponies
02:24:38 -!- BioPhone [~androirc@075-132-160-107.res.spectrum.com] has joined #tlponies
04:24:40 -!- BioPhone [~androirc@075-132-160-107.res.spectrum.com] has joined #tlponies
06:49:37 -!- skram [~skram@95.169.39.122] has joined #tlponies
07:01:19 -!- Micen [~Micen@h28.50.172.72.dynamic.ip.windstream.net] has joined #tlponies
09:36:00 -!- Dot` [webchat@5dx3.pthb.nklt.ip] has joined #tlponies
09:52:24 -!- Golly [~Username@84.213.21.103] has joined #tlponies
10:14:27 -!- Rawr|Fone [uid440384@id-440384.highgate.irccloud.com] has joined #tlponies
10:15:22 <Dot`> Rawr Rawr Rawr
10:15:38 <Rawr|Fone> DoT DoT DoT
10:15:41 <Rawr|Fone> ❤❤❤
10:17:44 <Dot`> <3 <3 <3
10:24:31 <Dot`> Rawr, Good Jule
10:24:32 <Dot`> i think
10:31:30 -!- Runbunny [~Bunnykitt@91.100.28.10.generic-hostname.arrownet.dk] has joined #tlponies
10:33:18 <Runbunny> Happy christmas.
10:33:28 <Runbunny> Winter solstice yay!
10:33:39 <Dot`> Runbun <3
10:34:03 <Dot`> Good Jule? did i get it right, rawr wont tell me
10:34:34 <Rawr|Fone> God jul dotpon
10:34:38 <Runbunny> God jul.
10:34:54 <Rawr|Fone> Anders dear friend
10:35:22 <Runbunny> Henrik kæreste ven.
10:52:20 <Dot`> you would think after so many years i would get it right
10:56:37 <Rawr|Fone> One day dot
10:58:47 <Dot`> maybe next year
11:01:45 <Rawr|Fone> I believe in you
11:07:41 <Dot`> thanks rawr
11:43:56 <Runbunny> It's time to leave.
11:44:06 <Dot`> later bun
11:44:09 <Runbunny> Have fun friends.
11:44:12 <Runbunny> See you later.
13:02:53 -!- Cane [~Cane@CaneCraft.users.quakenet.org] has joined #tlponies
13:02:54 -!- mode/#tlponies [+o Cane] by Q
13:19:50 -!- Cane [~Cane@CaneCraft.users.quakenet.org] has joined #tlponies
13:19:50 -!- mode/#tlponies [+o Cane] by Q
13:25:00 <Dot`> God Jul Cane <3
13:58:37 -!- tredc [~tredc@c83-254-129-166.bredband.comhem.se] has joined #tlponies
14:01:25 <Rawr|Fone> Tredc it's starting
14:22:43 -!- BioPhone [~androirc@075-132-160-107.res.spectrum.com] has joined #tlponies
14:22:53 <BioPhone> Good morning
14:23:09 <BioPhone> Merry happy holidays horsens
14:26:21 <Dot`> Hedge Bio
14:34:53 -!- reification [~thomas@cosh-18-b2-v4wan-161487-cust30.vm10.cable.virginm.net] has joined #tlponies
14:34:53 -!- mode/#tlponies [+v reification] by Q
14:36:25 <Dot`> reef!
14:38:28 <reification> dawt!
14:43:29 -!- BioPhone [~androirc@075-132-160-107.res.spectrum.com] has joined #tlponies
14:51:47 <reification> chess https://www.twitch.tv/maskenissen/clip/HumbleDepressedNarwhalBCouch
15:01:34 <Dot`> he did a chess
15:11:17 -!- BioPhone [~androirc@75.132.160.107] has joined #tlponies
15:15:30 -!- BioPhone [~androirc@75.132.160.107] has joined #tlponies
15:20:39 -!- skram [~skram@95.169.39.122] has joined #tlponies
15:20:54 <Dot`> Jonas friend
15:20:56 <Dot`> God Jul
15:23:03 <skram> :D
15:23:07 <skram> merry christmas, dot old pal
15:24:17 <Rawr|Fone> Jonas dear
15:24:24 <Rawr|Fone> God jul
15:26:02 <skram> god jul henriken
15:27:09 <skram> what you up to today old frend
15:28:34 <reification> god jul skandis
15:29:38 <skram> you too reifen :D
15:37:53 <Dot`> what you get skram?
15:46:00 <skram> nothing yet
15:46:07 <skram> im leaving for the thing now, see ya later
15:46:16 <reification> take care skram
15:46:28 <reification> what is this crime?! https://pbs.twimg.com/media/EpJCLieW4AwNhye?format=png&name=900x900
15:48:15 <Dot`> dont go near any ppl skram
15:56:10 -!- BioPhone [~androirc@075-132-160-107.res.spectrum.com] has joined #tlponies
16:05:36 -!- BioPhone [~androirc@075-132-160-107.res.spectrum.com] has joined #tlponies
16:35:33 <Cane> https://www.youtube.com/watch?v=qJ_MGWio-vc 'Tis the season. God jul. <3
16:44:49 -!- BioPhone [~androirc@075-132-160-107.res.spectrum.com] has joined #tlponies
16:46:39 <Dot`> .tell Dub` https://imgur.com/gallery/QnIuJPL
16:50:21 <BioPhone> Asdf
16:51:40 -!- Camail [~Camail@45.40.84.145] has joined #tlponies
16:51:40 -!- mode/#tlponies [+v Camail] by Q
16:53:01 <Dot`> camamal
17:05:02 <Camail> dot
17:55:31 <reification> .tell skram https://twitter.com/ru_ruru831/status/1341370708207820800
18:06:08 -!- Dot|Phone [uid393803@id-393803.brockwell.irccloud.com] has joined #tlponies
