02:31:40 -!- Cane [~Cane@CaneCraft.users.quakenet.org] has joined #tlponies
02:31:40 -!- mode/#tlponies [+o Cane] by Q
04:42:51 -!- Rawr|Fone [uid440384@id-440384.highgate.irccloud.com] has joined #tlponies
07:41:52 -!- Dot` [webchat@cloak-jygyb6tz.57.143.150.dyn.plus.net] has joined #tlponies
07:45:39 <Rawr|Fone> DoT DoT DoT
07:45:42 <Rawr|Fone> ❤❤❤
07:47:06 <Dot`> Rawr Rawr Rawr
07:47:08 <Dot`> <3 <3 <3
07:49:04 <Rawr|Fone> Working from home today dot?
07:50:07 <Dot`> yes
07:50:22 <Dot`> save up what work i cna do from home for friday
07:50:41 <Rawr|Fone> Smart
07:52:38 <Rawr|Fone> Rude
07:56:15 -!- Dot` [webchat@cloak-jygyb6tz.57.143.150.dyn.plus.net] has joined #tlponies
07:56:17 <Dot`> hmm
08:20:58 -!- Runbunny [~Bunnykitt@91.100.28.10.generic-hostname.arrownet.dk] has joined #tlponies
08:25:35 <Dot`> Runbun!
08:38:17 <Runbunny> Dot!
08:38:19 -!- skram [~skram@109.203.22.118] has joined #tlponies
08:42:48 <Dot`> Jonas
08:47:44 <Rawr|Fone> Anders, Jonas.
08:47:49 <Rawr|Fone> Dear friends
08:52:24 <skram> god morgon pals
08:53:21 <Rawr|Fone> You are awake quite early today jonas
08:54:27 <skram> I did go to bed quite early yesterdayt
08:55:19 <Rawr|Fone> As in 3 am instead of 6 am?
08:55:39 <skram> yes
08:56:10 <Rawr|Fone> I'm proud of you skrammypants
08:57:48 <skram> thanks buddy
09:00:07 <Dot`> what you have planned today skram
09:03:10 <skram> not sure yet
09:04:55 <Rawr|Fone> No workpon today?
09:05:35 <skram> nope :D
09:15:41 -!- Golly [~Username@cm-84.213.21.103.getinternet.no] has joined #tlponies
11:19:28 -!- tredc [~tredc@c83-254-129-166.bredband.comhem.se] has joined #tlponies
11:38:24 <Rawr|Fone> Horse horse
11:43:37 <Dot`> hest
12:45:14 <Rawr|Fone> How is work today dot
12:46:15 <Dot`> going slow
12:48:08 <Rawr|Fone> Hmm
13:59:03 -!- BioPhone [~androirc@71.76.74.14] has joined #tlponies
14:01:54 <BioPhone> Gmn
14:09:10 <Dot`> \m
14:12:28 <Dot`> m
14:22:37 -!- DuB` [DuB@cpe-68-174-122-249.nyc.res.rr.com] has joined #tlponies
14:37:18 <Dot`> Dub Dub
14:37:27 <DuB`> Dot Dot
14:38:34 <Runbunny> .tell reification https://twitter.com/nanojyaa/status/1332116998994718730?s=20
14:40:36 <skram> Anders. Jake.
14:41:20 <Runbunny> Jonas.
14:41:35 -!- Golly [~Username@cm-84.213.21.103.getinternet.no] has joined #tlponies
14:41:43 -!- BioPhone [~androirc@mobile-166-170-54-228.mycingular.net] has joined #tlponies
14:53:36 <Dot`> skram, what you been doing with yourself
14:58:06 -!- BioPhone [~androirc@mobile-166-170-54-228.mycingular.net] has joined #tlponies
15:03:26 <skram> im playing the world
15:03:30 <skram> of warcrafts
15:03:34 <skram> this time we're in hell
15:08:02 <Golly> are you sure its not lasagna
15:10:59 -!- BioPone [~androirc@65.246.72.66] has joined #tlponies
15:38:16 -!- BioPhone [~androirc@mobile-166-170-54-140.mycingular.net] has joined #tlponies
16:35:12 -!- BioPone [~androirc@71.76.74.14] has joined #tlponies
16:54:58 -!- Dot` [webchat@cloak-jygyb6tz.57.143.150.dyn.plus.net] has joined #tlponies
17:06:42 -!- BioPone [~androirc@71.76.74.14] has joined #tlponies
17:45:52 -!- Camail [~Camail@45.40.84.145] has joined #tlponies
17:45:52 -!- mode/#tlponies [+v Camail] by Q
17:46:02 <Camail> no
17:46:07 <BioPone> Pone
17:47:13 <Rawr|Fone> Maybe though
17:53:53 <Camail> hmmm
17:53:54 <Camail> maybe
18:27:54 -!- BioPone [~androirc@71.76.74.14] has joined #tlponies
18:30:59 <BioPone> Did everyone have a good week
18:32:04 <Rawr|Fone> Yes biopon
18:32:09 <Rawr|Fone> How was your week
18:48:57 <Rawr|Fone> Rude
18:52:46 <Camail> tawt pls
18:52:48 <Camail> rawr
18:53:09 <Rawr|Fone> Snela
18:53:12 <Camail> pls
18:53:21 <Rawr|Fone> No u
18:53:28 <Camail> well then
18:53:41 <Camail> also america is on fire
18:54:21 <Camail> so we're all kinda on edge
18:54:27 <Camail> but it was a short week this week, so woo
18:54:28 <Rawr|Fone> A new fire?
18:54:35 <Camail> same fire, bigger
18:55:13 <Camail> 175k cases a day, fun stuff
18:55:58 <Camail> if we try hard enough we can have 5 million in november 
18:56:12 <Camail> which is probably like 10 million
18:56:18 <Camail> fuuuuuuun times
18:56:42 <Rawr|Fone> Hmm
19:00:03 -!- BioPhone [~androirc@71.76.74.14] has joined #tlponies
19:01:46 <Dot`> cammm
19:01:49 <BioPhone> Its been good. Visiting with ma and bro
19:03:14 -!- BioPhone [~androirc@71.76.74.14] has left #tlponies
19:03:28 -!- BioPhone [~androirc@71.76.74.14] has joined #tlponies
19:10:07 <BioPhone> Niegh
19:10:54 <Rawr|Fone> Bio snela
19:20:11 <Dot`> Rawr
19:20:35 <Rawr|Fone> DoT`
19:20:44 <Dot`> <3
19:20:51 <Dot`> you got any ping pong this weekend?
19:20:52 <Rawr|Fone> ❤
19:21:03 <Rawr|Fone> Maybe
19:23:23 <BioPhone> Snel u
19:26:20 <Dot`> Runbun, did you see where hob died?
19:26:43 <Dot`> exact same place as a few days ago in the final split
19:37:51 <Runbunny> I did not
19:47:03 <Runbunny> Was it last night?
19:54:30 <Dot`> yea
19:55:45 <Dot`> well about 5am 
19:56:45 <Runbunny> I was sleeping there :/
19:57:04 <DuB`> I enjoy clicking through random xkcds pretty often... Gnome Ann is top-tier https://xkcd.com/1704/
20:14:46 -!- BioPhone [~androirc@71.76.74.14] has joined #tlponies
20:21:08 -!- BioPone [~androirc@mobile-166-170-54-192.mycingular.net] has joined #tlponies
20:24:28 -!- BioPone [~androirc@mobile-166-170-54-192.mycingular.net] has joined #tlponies
21:04:15 <skram> DuB`, Watson is reading an isekai light novel
21:14:49 <DuB`> Ah yes, potion danomi
21:14:51 <DuB`> haha
21:18:50 -!- BioPone [~androirc@71.76.74.14] has joined #tlponies
21:33:45 -!- BioPone [~androirc@71.76.74.14] has joined #tlponies
21:42:56 <BioPone> Asdf
22:38:47 -!- BioPone [~androirc@71.76.74.14] has joined #tlponies
22:41:04 <Dot`> hmm
23:10:50 -!- BioPone [~androirc@71.76.74.14] has joined #tlponies
23:32:04 <Runbunny> Hmm.
23:36:39 -!- BioPone [~androirc@71.76.74.14] has joined #tlponies
23:38:21 <Dot`> runbun, hows you
23:39:50 <Runbunny> I'm alright.
23:39:56 <Runbunny> I don't have to work tomorrow apparently.
23:42:53 <Dot`> thats good
23:52:43 -!- BioPone [~androirc@71.76.74.14] has joined #tlponies
