00:06:00 <skrma> impossible
01:06:03 -!- Dot|Phone [uid393803@id-393803.brockwell.irccloud.com] has joined #tlponies
01:06:44 <Dot|Phone> Skram how hades going
01:07:35 <skrma> im bad at it so i took a break
01:07:50 <Dot|Phone> Game is hard
01:07:51 <skrma> its pretty good though
01:08:17 <Dot|Phone> How far you get? 
01:08:31 <skrma> first boss
01:08:33 <skrma> megara
01:08:47 <Dot|Phone> Ah. Great voice 
01:10:20 <Dot|Phone> Tip: reduce her health bar to 0 to win
01:10:28 <skrma> oh i see
01:10:30 <skrma> very helpful tip
01:11:59 <Dot|Phone> If you need any more help feel free to ask
01:27:26 <DuB`> Looks fun but rougelikes make me the sad 
01:27:27 <DuB`> :P
01:30:26 <Camail> hades runs are around 30 minutes
01:30:33 <Camail> for like a full run
01:30:48 <Camail> it can take 5-10 minutes to reach the first boss
01:31:20 <Camail> and you get SO MANY resources when you keep repeating bosses without beating the game
01:31:50 <Camail> going on win streaks is actually bad if you are grinding certain things
01:33:14 <DuB`> Hm
01:33:17 <DuB`> I'll try it
01:34:00 <Camail> i treat it like darksouls
01:34:18 <Camail> though since i played before 1.0, the third area got harder
01:37:52 <skrma> i got god mode on so at some point im gonna be a winner
01:37:52 <skrma> maybe
01:39:40 <Camail> oh
01:41:04 <Camail> that's a neat mechanic
01:41:15 <Camail> it certainly helps if all you care about is the story
01:56:09 <DuB`> Hmm controller or mkb
02:28:27 <Camail> i use controller
02:29:02 <Camail> wasd doesnt do well with games like this
02:30:50 <Camail> and the auto-aim for ranged weapons is generous
03:08:18 -!- skram [~skram@213.232.87.60] has joined #tlponies
03:12:24 -!- skrma [~skram@109.203.22.118] has joined #tlponies
03:17:18 -!- skram [~skram@109.203.22.118] has joined #tlponies
04:15:35 -!- Crisium|2 [~Crisium@45.56.183.120] has joined #tlponies
04:44:03 -!- Runbunny [~Bunnykitt@91.100.28.10.generic-hostname.arrownet.dk] has joined #tlponies
08:00:30 -!- Golly [~Username@cm-84.213.21.103.getinternet.no] has joined #tlponies
08:03:16 -!- Rawr|Fone [uid440384@id-440384.highgate.irccloud.com] has joined #tlponies
08:09:09 -!- Dot` [webchat@07ne.847t.e8w3.ip] has joined #tlponies
08:25:02 <Rawr|Fone> DoT DoT DoT
08:26:38 <Dot`> Rawr Rawr Rawr
08:26:41 <Dot`> <3 <3 <3
08:27:11 <Rawr|Fone> ❤❤❤
08:30:02 <Dot`> what you up to today rawr
08:34:57 <Rawr|Fone> Not much yet
08:35:11 <Rawr|Fone> Some table tennis soon
08:40:01 <Dot`> great
08:48:20 -!- reification [~thomas@cpc76296-cosh16-2-0-cust215.6-1.cable.virginm.net] has joined #tlponies
08:48:20 -!- mode/#tlponies [+v reification] by Q
08:49:41 <Dot`> reef!
08:49:59 <reification> dotties!
08:54:37 <reification> https://pbs.twimg.com/media/EkY3FaSUYAATJFB?format=jpg&name=medium
09:42:12 <Rawr|Fone> Reef reef
09:42:21 <reification> roar roar
09:44:04 <Rawr|Fone> How are you doing today reef reef
09:44:29 <reification> i am being lazy :/
09:44:37 <reification> how are you rawr?
09:45:58 <Rawr|Fone> Good good
09:46:17 <Rawr|Fone> Some table tennis soon, gym later probably
09:50:18 <reification> gl
10:27:54 <Cane> https://www.youtube.com/watch?v=kglIPom7dnc Finally episode 3 of ibb & obb. It was just such a cute game.
11:53:21 -!- tredc [~tredc@c83-254-129-166.bredband.comhem.se] has joined #tlponies
12:57:03 -!- skram [~skram@109.203.22.118] has joined #tlponies
13:01:20 <Dot`> Skram friend
13:01:37 <skram> Dot pal
13:02:08 <reification> skram \o/
13:05:48 <skram> reifen buddy
13:12:49 <Dot`> did you sleep 13 hours again?
13:14:04 <skram> nah only 7 today
13:14:13 <skram> so i might need a big nap later
13:20:52 <Dot`> CockRoach https://imgur.com/gallery/JHVEupl
14:05:42 <Dot`> skram, hows hades going? you play more last night?
14:32:02 -!- Rawr|Fone [uid440384@id-440384.highgate.irccloud.com] has joined #tlponies
15:05:34 -!- DuB` [DuB@cpe-68-174-122-249.nyc.res.rr.com] has joined #tlponies
15:08:03 <Dot`> Daab
15:08:41 <DuB`> Daat
15:10:10 <Dot`> hows oyu
15:10:43 <DuB`> Little headache
15:11:00 <DuB`> Nice and chilly today
15:11:46 <Dot`> drink more water
15:31:38 -!- reify [~reificati@cpc76296-cosh16-2-0-cust215.6-1.cable.virginm.net] has joined #tlponies
15:32:36 <Rawr|Fone> This horse dot
15:42:55 <Dot`> rawr
15:42:57 <Dot`> how was ping pong
15:43:32 <Rawr|Fone> It went well
15:45:23 <Dot`> great
15:53:10 <Rawr|Fone> No u
15:54:26 <BioSC> mon
15:57:19 <Dot`> m
16:11:16 -!- Runbunny [~Bunnykitt@91.100.28.10.generic-hostname.arrownet.dk] has joined #tlponies
16:11:22 <Runbunny> Hai.
16:11:30 <Rawr|Fone> Anders.
16:11:34 <Runbunny> Henrik.
16:11:37 <Rawr|Fone> I am glad to see you.
16:11:38 <reify> bun
16:19:29 <Runbunny> I am glad to see you too.
16:19:32 <Runbunny> Reif.
16:20:33 <Dot`> Runbun!
16:20:39 <Dot`> did you have work today?
16:22:33 <Runbunny> I did work from home. Then went to family brunch and did more work from home.
16:22:47 <Runbunny> reification, https://www.youtube.com/watch?v=Tmm8ig9P_Ak&feature=youtu.be
16:25:37 <reification> bun https://twitter.com/AnimegirlENG/status/1316916148617814018
16:26:37 <reification> https://twitter.com/AnimegirlENG/status/1316470058508525569
16:27:09 <reification> 🦀 https://twitter.com/Jeichan_V/status/1315555939164942336
16:28:09 <reification> https://twitter.com/AnimegirlENG/status/1314957965510795264
16:29:29 <reification> finally is pptenshi scandi? https://twitter.com/AnimegirlENG/status/1314564013511053312
16:31:38 <Runbunny> O:
16:39:17 <skram> what a bounty, reifen
16:48:37 -!- Camail [~Camail@45.40.84.145] has joined #tlponies
16:48:37 -!- mode/#tlponies [+v Camail] by Q
16:58:39 -!- Dot|Phone [uid393803@id-393803.brockwell.irccloud.com] has joined #tlponies
17:17:47 <Dot|Phone> Horse
17:18:33 <Camail> no
17:19:10 <Dot|Phone> Why
17:23:04 <Camail> cuz
17:31:19 <reify> dot https://twitter.com/aucklandzoo/status/1315804535726669825/photo/1
17:38:39 <Dot`> this is great news reif
17:43:38 <Dot`> cam, i saw the cupcake episode in crit role today
17:43:55 <Micen> bout time dot.
17:44:07 <Dot`> im only like 10 months behind
17:44:47 <Micen> that including the 5 months of off time the cast took due to covid?
17:45:41 <Dot`> i guess 
17:47:45 <Camail> yea thats a top 3 moments in cr
17:48:04 <Camail> that, The Counterspell, and something that happened recently
17:49:00 <Micen> Grog vs the Herd in C1 floats in and out for me as top three moment as well 
17:49:41 <Camail> yea him getting the kamikaze was pretty good
17:50:36 <Micen> and it felt as equally character important as the cupcake.  its hard. the best moments all stick out together 
17:52:07 <Camail> i dont think anything touches the cupcake for me, gros desperate lucky roll was really cool for the story, but the cupcake was like... seeing an entire character distilled into one brilliant action
17:52:25 <Camail> matt even said that its what pushed him over to go with the next arc for her
17:52:35 <Camail> grog*
17:53:16 <Camail> but they're all quite good, top 3 is a bit too restrictive, even
17:53:35 <Camail> like the start of the chroma conclave was amazing, the timing was perfect
17:53:50 <Camail> the group was JUST about to start drifting apart
17:54:40 <Camail> and i think this campaign 2 is gonna end in a few months
17:55:34 <Micen> I can see that 
17:56:10 <Camail> it needs to end before jester completely takes over laura's brain
17:56:20 <Camail> and she'll be lost forever
17:57:56 <Camail> was reminded of one more really good moment, when vax went after the briarwoods and jenga'd so hard i think he died?
17:58:49 <Camail> that was also the start of the best c1 arc
17:58:57 <Camail> or when he dropped that acid on his party, also good
18:01:59 <Micen> so many good moments.  I tihnk i need to watch C1 again 
18:50:37 <Dot`> Runbunny, you think hob will do it today?
18:55:28 <Camail> all signs point to no
18:56:30 <Dot`> its true
18:57:49 <Runbunny> I hope that he'll try his best.
18:58:14 <Runbunny> Overcome his mental blocks and transcend.
19:03:17 <Golly> hm i bought a mango flavor monster can, but the contents are orange flavor
19:03:21 <Golly> this is the worst
19:04:41 <Golly> well it would be anyway if I didnt also like orange
19:07:40 <Runbunny> That is unfortunate. 
19:35:11 -!- Rawr|Fone [uid440384@id-440384.highgate.irccloud.com] has joined #tlponies
20:05:08 -!- Cane [~Cane@CaneCraft.users.quakenet.org] has joined #tlponies
20:05:08 -!- mode/#tlponies [+o Cane] by Q
21:26:09 <Rawr|Fone> Horse horse
21:26:24 <Dot`> Rawr Hest
21:39:39 <Rawr|Fone> DoT Hest
21:44:09 <reify> bio have cursed meme https://twitter.com/ESYudkowsky/status/1317569577199362048
21:45:35 <skram> BioSC https://www.youtube.com/watch?v=1YZeTfJwmLg
21:57:36 <skram> hows your bro Dot`
21:57:43 <skram> is he still upside down
21:58:36 <Dot`> yea
22:02:25 <BioSC> did you warn him about the drop bears
22:20:40 <Dot`> the true threat is swooping season
23:05:32 <BioSC> asdf
23:12:49 <Camail> DuB` have you dipped into hades at all
23:46:02 <Dot`> did you escape elysium dub?
23:58:41 <skram> I escaped elysium dot
23:58:47 <skram> and then got murdered by poison bois
23:59:54 <Dot`> did you see you can get cured?
