00:04:57 <skram> hnng
00:05:12 <skram> grats on leaving europe, Dot`
00:05:22 -!- Rawr|Fone [~AndChat52@c-94cfe455.020-164-6d6c6d4.bbcust.telenor.se] has joined #tlponies
00:05:34 <Runbunny> Oh it happened?
00:05:42 -!- Crisium|2 [~Crisium@173.239.197.112] has joined #tlponies
00:05:55 <Dot`> :/
00:08:10 <Runbunny> This means that we have to apply for a visa if we want to go to britain right?
00:11:17 <Runbunny> Hmm nothing will change (for me) until the year is out.
00:15:37 -!- Crisium [~Crisium@c-24-3-150-105.hsd1.pa.comcast.net] has joined #tlponies
00:20:37 <reimeuk> i doubt you will need visa after then even bun
00:22:21 -!- Crisium|2 [~Crisium@c-24-3-150-105.hsd1.pa.comcast.net] has joined #tlponies
00:35:36 -!- Rawr|Fone [~AndChat52@c-94cfe455.020-164-6d6c6d4.bbcust.telenor.se] has joined #tlponies
01:37:44 -!- Micen_ [~Micen@h6.74.23.98.dynamic.ip.windstream.net] has joined #tlponies
01:54:43 -!- Rawr|Fone [~AndChat52@c-94cfe455.020-164-6d6c6d4.bbcust.telenor.se] has joined #tlponies
02:01:43 <Camail> Dot` benefit of having the center town: big dollars from tariffs- detriment: people seem to think THEY should own it instead of me =/
02:02:05 <Camail> and none of my lords like me very much so they wont die for me!
02:02:45 <Camail> also playing a woman is a pain in the ass, no one wants to be a stay at home dad
02:14:14 -!- Rawr|Fone [~AndChat52@c-94cfe455.020-164-6d6c6d4.bbcust.telenor.se] has joined #tlponies
03:10:58 -!- Rawr|Fone [~AndChat52@c-94cfe455.020-164-6d6c6d4.bbcust.telenor.se] has joined #tlponies
03:45:54 -!- Rawr|Fone [~AndChat52@c-94cfe455.020-164-6d6c6d4.bbcust.telenor.se] has joined #tlponies
04:02:06 -!- Rawr|Fone [~AndChat52@c-94cfe455.020-164-6d6c6d4.bbcust.telenor.se] has joined #tlponies
05:09:04 -!- Rawr|Fone [~AndChat52@c-94cfe455.020-164-6d6c6d4.bbcust.telenor.se] has joined #tlponies
06:37:49 -!- Dot|Phone [uid393803@2001:67c:2f08:5::6:24b] has joined #tlponies
06:37:57 <Dot|Phone> Blarg
06:38:03 <Dot|Phone> To early
06:38:08 <DuB`> ! 
06:38:09 <DuB`> :O
06:38:12 <DuB`> Indeed
06:47:11 -!- Rawr|Fone [~AndChat52@c-94cfe455.020-164-6d6c6d4.bbcust.telenor.se] has joined #tlponies
06:48:50 <Dot|Phone> Dub you horse
06:48:57 <Dot|Phone> How's the murder going? 
07:00:35 <DuB`> So so good
07:00:41 <DuB`> 3man with bro and fren tonight
07:03:27 -!- Rawr|Fone [~AndChat52@c-94cfe455.020-164-6d6c6d4.bbcust.telenor.se] has joined #tlponies
07:03:33 <Rawr|Fone> Horse
07:19:56 <Dot|Phone> Great dub
07:21:02 -!- Rawr|Fone [~AndChat52@c-94cfe455.020-164-6d6c6d4.bbcust.telenor.se] has joined #tlponies
07:42:58 <Dot|Phone> It's cold outside. Why is England
07:46:35 <Rawr|Fone> Good question dot
07:48:54 <Dot|Phone> Rawr 
07:49:03 <Dot|Phone> Hello
07:49:28 <Rawr|Fone> DoT
07:49:30 <Dot|Phone> Phone has to go off for test soon. 
07:49:35 <Rawr|Fone> D:
07:49:50 <Rawr|Fone> Be careful my dear
07:51:19 <Dot|Phone> Thanks Rawr
07:51:22 <Dot|Phone> 💖
07:51:29 <Rawr|Fone> 💖
08:03:59 -!- Rawr|Phone [~AndChat52@m83-185-92-27.cust.tele2.se] has joined #tlponies
08:28:54 -!- Golly [~kvirc@cm-84.213.21.103.getinternet.no] has joined #tlponies
08:43:52 <DuB`> Now sleeps
08:44:00 <Rial> trying to draw wood table texture
08:47:21 <Dot|Phone> Pons 
08:47:26 <Dot|Phone> I made it
08:52:43 -!- Micen_ [~Micen@h6.74.23.98.dynamic.ip.windstream.net] has joined #tlponies
09:57:42 -!- Micen_ [~Micen@h6.74.23.98.dynamic.ip.windstream.net] has joined #tlponies
10:33:58 -!- Runbunny [~Runbunny@91.100.28.10.generic-hostname.arrownet.dk] has joined #tlponies
10:38:39 <Runbunny> .tell reification https://twitter.com/whritual/status/1223373039196237826?s=21
10:51:24 <Dot|Phone> Runbun, 
11:00:24 -!- tredc [~tredc@c83-254-129-166.bredband.comhem.se] has joined #tlponies
11:13:04 <Runbunny> Dot.
11:19:30 -!- skram [~skram@178.239.173.180] has joined #tlponies
11:19:55 <skram> waah
11:22:27 <Runbunny> Jonas!
11:22:40 <skram> and ers
11:23:08 <Dot|Phone> Jonas friend
11:23:23 <skram> bj ørn
11:30:11 <Dot|Phone> How's you
11:31:39 <skram> face is alright i suppose
11:31:41 <skram> how a boat you
11:34:46 <Dot|Phone> Doing ok. Did my drivers theory this morning and passed. So that's out of the way now 
11:34:50 <Dot|Phone> Tired thigh
11:34:53 <Dot|Phone> Though
11:34:55 <skram> heck yeah
11:35:09 <skram> whats left in your drivers ed programme
11:37:25 <Dot|Phone> The main test
11:46:39 <Dot|Phone> What you up to today skram
11:49:04 <skram> nothing much
11:49:11 <skram> gotta go work in a bit
11:50:22 <Dot|Phone> Aww
12:02:16 -!- Micen_ [~Micen@h6.74.23.98.dynamic.ip.windstream.net] has joined #tlponies
12:04:13 <Rawr|Phone> Jonas don't
12:18:29 <Dot|Phone> Rawr are you winning? 
12:50:10 <Runbunny> Yes.
13:00:28 <Rawr|Phone> First match was a draw dot
13:00:34 <Rawr|Phone> I won 2 and lost 1
13:21:41 <Runbunny> I'm proud of you Henrik.
14:17:04 <Rawr|Phone> Thank you anders
14:44:08 -!- Cane [~Cane@CaneCraft.users.quakenet.org] has joined #tlponies
14:44:08 -!- mode/#tlponies [+o Cane] by Q
14:45:17 <Rial> night night
15:09:07 -!- Micen_ [~Micen@h6.74.23.98.dynamic.ip.windstream.net] has joined #tlponies
15:18:54 -!- DuB` [DuB@cpe-68-174-122-249.nyc.res.rr.com] has joined #tlponies
15:21:12 <DuB`> G'morn
15:21:25 <Dot|Phone> The dub
15:24:37 <skram> gasp
15:24:53 <skram> hey dot do you think this is the real dub?
15:24:56 <skram> or is it perhaps
15:25:00 <skram> dubs EVIL TWIN BROTHER
15:25:56 <Dot|Phone> One way to find out
15:26:03 <Dot|Phone> Dub. Do you have a goatee
15:26:32 <DuB`> Me? Facial hair? Hah!
15:26:44 <DuB`> That'd take a year or two to grow in
15:27:06 <Dot|Phone> Evil dub is to vain to not boast of his goatee
15:27:19 <skram> true
15:27:31 <skram> regular dub confirmed
15:27:34 <skram> good morning pal
15:27:50 <Dot|Phone> Regular? This is special dub
15:28:17 <skram> ah the deluxe model with extra long arms for increased huggin' capacitiy?
15:29:49 <DuB`> Uhm
15:30:13 <DuB`> I thought there were for wielding extra-long swords for smacking mons with
15:30:17 <DuB`> But maybe hugs
15:31:01 <skram> maybe its the S model
15:31:01 <Dot|Phone> Now I'm just picturing the monty python sketch with the fish poem 
15:31:06 <skram> haha
15:53:43 -!- Rawr|Fone [~AndChat52@c-94cfe455.020-164-6d6c6d4.bbcust.telenor.se] has joined #tlponies
16:10:42 -!- Rawr|Fone [~AndChat52@c-94cfe455.020-164-6d6c6d4.bbcust.telenor.se] has joined #tlponies
16:30:07 <Dot|Phone> Skram
16:30:29 <Dot|Phone> If you didn't work you could play more dnd with us. Can you talk to your boss
16:35:29 <skram> my boss doesnt like me all that much
16:35:33 <skram> maybe you should instead
16:41:07 <Dot|Phone> Should I practice my Danish first? 
16:41:43 -!- Zounds [webchat@cloak-07ouvien.14-2.cable.virginm.net] has joined #tlponies
16:41:48 <Zounds> hey
16:41:54 <Dot|Phone> Zoonds
17:01:24 -!- Rawr|Fone [~AndChat52@c-94cfe455.020-164-6d6c6d4.bbcust.telenor.se] has joined #tlponies
17:07:49 <Bio> good mornen horselords
17:07:59 <Rawr|Fone> Good evening 🅱️io
17:08:50 <Bio> there is soft fluffy sno falling outside
17:08:56 <Bio> good day to stay inside
17:11:10 -!- Camail [~Camail@45.40.84.145] has joined #tlponies
17:11:10 -!- mode/#tlponies [+v Camail] by Q
17:12:40 -!- Micen_ [~Micen@h6.74.23.98.dynamic.ip.windstream.net] has joined #tlponies
17:21:53 <Runbunny> Bio do you have hot chocolate?
17:22:15 <Runbunny> This is important when it's soft fluffy snow that is falling outside.
17:28:08 <Bio> frig
17:28:14 <Bio> i doent
17:28:21 <Bio> guess i gotta go get some
17:31:56 <Dot|Phone> Hey bio boi
17:36:29 <Bio> hola
17:42:31 <DuB`> DnD is same as last week, 1h15min from now?
17:42:35 <DuB`> Or in 15min
17:43:48 <Dot|Phone> 1 hr 15
17:47:10 <Bio> brb
18:22:29 <Golly> hmmm, so many games yet nothing to play
18:45:17 -!- skrm [webchat@pioj.eid3.887x.ip] has joined #tlponies
18:48:05 -!- reification [~reificati@cpc76294-cosh16-2-0-cust297.6-1.cable.virginm.net] has joined #tlponies
18:50:51 <Runbunny> You're right Golly. Lets go to bed early today and be alone with our feelings.
18:51:14 <Golly> :o
18:51:52 <reification> :O
18:52:59 <Runbunny> skrm, apparently all of the hololive girls have been remonetized. 
18:54:00 <Runbunny> Except for Kanata and Coco who weren't monetized in the first place.
18:54:29 <skrm> good news
18:54:56 <reification> yes
18:55:12 <reification> very helpful guide bun
18:55:52 <Runbunny> Indeed.
18:55:53 <reification> sadly i don’t know most of the hololive crew enough to fully apreciate it
18:56:28 <Runbunny> In time, as you dragged more thoroughly into hell.
19:06:13 <Bio> did i hear degeneracy
19:08:07 <Runbunny> Hai Bio.
19:31:18 -!- Crisium [~Crisium@c-24-3-150-105.hsd1.pa.comcast.net] has joined #tlponies
19:46:33 <Bio> good luck in the piracy
19:46:34 <Bio> !
19:47:02 <Crisium> pirates where
19:47:53 <BioAFK> all around u
19:50:54 <skrm> are familiar faces?? worn out places??
19:51:00 <skrm> also howdy crisinyan
20:03:57 <Crisium> howdy skrammen
20:32:58 -!- Rawr|Fone [~AndChat52@c-94cfe455.020-164-6d6c6d4.bbcust.telenor.se] has joined #tlponies
20:51:02 -!- Crisium|2 [~Crisium@104.194.218.10] has joined #tlponies
21:23:15 -!- Crisium [~Crisium@c-24-3-150-105.hsd1.pa.comcast.net] has joined #tlponies
21:32:41 <Rawr|Fone> Horse
22:09:44 -!- Rawr|Fone [~AndChat52@c-94cfe455.020-164-6d6c6d4.bbcust.telenor.se] has joined #tlponies
22:11:11 -!- reification [~thomas@cpc76294-cosh16-2-0-cust297.6-1.cable.virginm.net] has joined #tlponies
22:11:12 -!- mode/#tlponies [+v reification] by Q
22:31:06 -!- Rial [~Rial@p2429120-ipngn200603tokaisakaetozai.aichi.ocn.ne.jp] has joined #tlponies
22:36:36 <reification> hi rial
23:22:14 -!- skram [~skram@178.239.173.180] has joined #tlponies
23:27:24 -!- Rawr|Fone [~AndChat52@c-94cfe455.020-164-6d6c6d4.bbcust.telenor.se] has joined #tlponies
23:28:37 <Runbunny> reification, https://files.catbox.moe/pyslso.webm
23:28:47 <Runbunny> This dog is having trouble.
23:31:49 <reification> what a dog
23:35:47 <skrm> why is the url about cats but theres a webm of a dog
23:35:50 <skrm> CURIOUS
23:48:52 <reification> the dog and cat go together skram
23:50:26 <Runbunny> If the dog is lost, please return it to the cat.
23:50:47 <Runbunny> Reif did you watch the court btw?
23:51:01 <reification> no
23:53:26 <Runbunny> https://www.youtube.com/watch?v=_1i3ldvF3us
23:53:32 <Runbunny> That is the first one.
