00:08:22 <Dot`> another co-op game lost
00:09:21 <skram> but the real win condition was the friendship we made along
00:10:33 <Dot`> with the bugs?
00:10:41 <Dot`> with the amount you got infected
00:11:23 <Dot`> another normal game, then we add expansions
00:13:30 -!- Dot|Phone [uid393803@2001:67c:2f08:5::6:24b] has joined #tlponies
00:15:20 <Dot|Phone> Runbun. Hob has lost many things
00:15:24 <Dot|Phone> Mostly runs
00:22:20 <Dot|Phone> Dub. What we need to do is play a game more than twice before moving on then we can get you a win
00:22:49 -!- Crisium|2 [~Crisium@c-24-3-150-105.hsd1.pa.comcast.net] has joined #tlponies
00:23:13 <skram> no we need to keep trying new ones until we fin something we\re good at
00:26:57 <Dot|Phone> I do have a few other games we can spend hours learning rules for just to lose and move on
00:30:15 <Dot|Phone> Next time cam will hopefully join
00:32:19 -!- Crisium [~Crisium@c-24-3-150-105.hsd1.pa.comcast.net] has joined #tlponies
00:32:29 -!- Crisium [~Crisium@c-24-3-150-105.hsd1.pa.comcast.net] has joined #tlponies
00:33:36 <Runbunny> .tell reification https://twitter.com/c2switch/status/1233225087991590913?s=19
00:34:19 <skram> anders please
00:34:24 <skram> this is an abomination
00:35:04 <Dot|Phone> Rip hob
00:48:11 <Runbunny> Jonas, yes that is the point.
00:52:17 <Crisium> well a tree just fell onto our patio awning
00:52:28 <Crisium> luckily only damaged that but if tree broke higher would have hit the house proper
00:53:07 <Crisium> https://cdn.discordapp.com/attachments/77823400734633984/709205775515517048/IMG_20200510_204451.jpg
00:53:13 <Crisium> https://cdn.discordapp.com/attachments/77823400734633984/709205994390945832/IMG_20200510_204502.jpg
00:53:35 <DuB`> Spooky D:
00:54:16 <Crisium> hopefully we can get home owners insurance to pay removal of tree and repair of awning
00:54:20 <skram> whoah
00:54:28 <skram> wind did that_
00:54:31 <skram> ?
00:54:42 <Crisium> it is windy cause a storm is brewing so i guess
00:54:57 <Crisium> it's been windier before, but i guess this was the straw that broke the camel's back
00:55:38 <skram> well looks like you got lucky, all things considered
00:55:53 <skram> free firewood tho \o/
00:56:03 <Crisium> no fireplace tho lol
00:56:42 <skram> hmm
00:56:48 <skram> bonfire night at cris' pad 2020?
01:04:05 <Crisium> https://i.kym-cdn.com/photos/images/newsfeed/001/822/163/b5a.gif
02:08:30 -!- Rawr|Fone [~AndChat52@c-94cfe455.020-164-6d6c6d4.bbcust.telenor.se] has joined #tlponies
04:38:55 -!- Rawr|Fone [~AndChat52@c-94cfe455.020-164-6d6c6d4.bbcust.telenor.se] has joined #tlponies
05:44:09 -!- Golly [~kvirc@cm-84.213.21.103.getinternet.no] has joined #tlponies
05:56:55 -!- Micen [~Micen@h106.208.18.98.dynamic.ip.windstream.net] has joined #tlponies
06:01:34 -!- Rawr|Fone [~AndChat52@c-94cfe455.020-164-6d6c6d4.bbcust.telenor.se] has joined #tlponies
06:45:23 -!- Rawr|Fone [~AndChat52@c-94cfe455.020-164-6d6c6d4.bbcust.telenor.se] has joined #tlponies
07:18:08 -!- Cane [~Cane@CaneCraft.users.quakenet.org] has joined #tlponies
07:18:08 -!- mode/#tlponies [+o Cane] by Q
07:20:11 -!- Rawr|Fone [~AndChat52@c-94cfe455.020-164-6d6c6d4.bbcust.telenor.se] has joined #tlponies
07:26:06 <Rawr|Fone> 🐴🐴🐴
07:34:47 -!- Dot` [webchat@lijh.6nb9.0v1j.ip] has joined #tlponies
08:07:46 -!- reification [~thomas@cpc76294-cosh16-2-0-cust297.6-1.cable.virginm.net] has joined #tlponies
08:07:47 -!- mode/#tlponies [+v reification] by Q
08:08:06 <reification> morning tlp
08:08:48 <reification> sky poker would like me to play their exciting new slot machine: vomiting unicorns
08:09:08 <reification> "Look out for what the Unicorns are wishing for, match the symbol on the reels and see them vomit expanding wilds!"
08:10:31 <reification> .tell runbunny that's horrific D:
08:14:22 <Dot`> Rawr Rawr Reif
08:14:24 <Dot`> <3 <3 <3
08:15:46 <reification> dotties <3
08:30:03 -!- Rawr|Fone [~AndChat52@c-94cfe455.020-164-6d6c6d4.bbcust.telenor.se] has joined #tlponies
09:11:14 -!- Micen [~Micen@h106.208.18.98.dynamic.ip.windstream.net] has joined #tlponies
09:35:04 -!- Rawr|Fone [~AndChat52@c-94cfe455.020-164-6d6c6d4.bbcust.telenor.se] has joined #tlponies
09:49:55 -!- Rawr|Fone [~AndChat52@c-94cfe455.020-164-6d6c6d4.bbcust.telenor.se] has joined #tlponies
10:07:39 -!- Runbunny [~Bunnykitt@91.100.28.10.generic-hostname.arrownet.dk] has joined #tlponies
10:12:00 -!- Rawr|Fone [~AndChat52@c-94cfe455.020-164-6d6c6d4.bbcust.telenor.se] has joined #tlponies
10:13:54 -!- Micen [~Micen@h106.208.18.98.dynamic.ip.windstream.net] has joined #tlponies
10:24:17 -!- Rawr|Fone [~AndChat52@c-94cfe455.020-164-6d6c6d4.bbcust.telenor.se] has joined #tlponies
10:38:50 -!- Rawr|Fone [~AndChat52@c-94cfe455.020-164-6d6c6d4.bbcust.telenor.se] has joined #tlponies
10:53:34 -!- Rawr|Fone [~AndChat52@c-94cfe455.020-164-6d6c6d4.bbcust.telenor.se] has joined #tlponies
11:08:49 -!- skram [~skram@82.147.53.173] has joined #tlponies
11:13:27 <Dot`> skram
11:13:56 -!- Rawr|Fone [~AndChat52@c-94cfe455.020-164-6d6c6d4.bbcust.telenor.se] has joined #tlponies
11:16:58 -!- Micen [~Micen@h106.208.18.98.dynamic.ip.windstream.net] has joined #tlponies
11:17:32 <skram>  dot
11:22:33 -!- tredc [~tredc@c83-254-129-166.bredband.comhem.se] has joined #tlponies
11:22:39 <Dot`> still bitter over the lose last night skram?
11:22:45 <Runbunny> O:
11:22:57 <Runbunny> Those are fighting words Dot.
11:23:03 <skram> no im not
11:23:09 <Dot`> it was a co-op game bun
11:23:15 <Dot`> we where 1 turn from winning
11:23:17 <Dot`> then we didnt
11:23:29 <skram> and we would've won if dot was better at drawing random cards
11:23:46 <Runbunny> Oh.
11:30:25 <Dot`> runbun, hows you
11:41:32 <Runbunny> I'm alright.
11:41:38 <Runbunny> Just slacking.
11:44:26 <Runbunny> What about you Dot?
11:46:38 <Dot`> struggling to code
11:51:14 <Runbunny> Because it's hard?
11:57:58 <Dot`> mixture of first full code im doing on my own from scratch and its monday
12:03:30 -!- Rawr|Fone [~AndChat52@c-94cfe455.020-164-6d6c6d4.bbcust.telenor.se] has joined #tlponies
12:18:13 -!- Micen [~Micen@h106.208.18.98.dynamic.ip.windstream.net] has joined #tlponies
12:27:13 -!- Rawr|Fone [~AndChat52@c-94cfe455.020-164-6d6c6d4.bbcust.telenor.se] has joined #tlponies
12:54:09 -!- Rawr|Fone [~AndChat52@c-94cfe455.020-164-6d6c6d4.bbcust.telenor.se] has joined #tlponies
13:06:16 <Dot`> rawr snela
13:08:10 <skram> Dot` theres sunshine
13:08:11 <skram> what do i do
13:08:17 <Dot`> hide
13:08:33 <skram> i am!
13:11:33 <Dot`> good
13:18:11 -!- Rawr|Fone [~AndChat52@c-94cfe455.020-164-6d6c6d4.bbcust.telenor.se] has joined #tlponies
13:21:48 -!- Micen [~Micen@h106.208.18.98.dynamic.ip.windstream.net] has joined #tlponies
13:34:07 -!- DuB` [DuB@cpe-68-174-122-249.nyc.res.rr.com] has joined #tlponies
13:36:09 <skram> DuB`.
13:36:30 <Dot`> Dub
13:40:08 <DuB`> :o
13:40:11 <DuB`> Morn
13:50:05 <Dot`> hows you
13:50:34 <DuB`> Sleepies
13:51:05 <Dot`> D:
13:52:15 <reification> i bak from the outside
13:52:23 <reification> it is sunny and windy
13:52:35 <reification> sounds like dub and dot both need more coffee
13:53:51 <skram> .tell DuB` https://www.youtube.com/watch?v=g5AQRffHQG4
13:59:45 -!- Rawr|Fone [~AndChat52@c-94cfe455.020-164-6d6c6d4.bbcust.telenor.se] has joined #tlponies
14:00:16 <Runbunny> Welcome back Reif.
14:00:19 <Runbunny> Also Hai Dub.
14:05:51 <reification> what a find skram. i feel i should have been squatting in my tracksuit to watch this
14:11:41 -!- Rawr|Fone [~AndChat52@c-94cfe455.020-164-6d6c6d4.bbcust.telenor.se] has joined #tlponies
14:12:11 <reification> bio https://www.youtube.com/watch?v=jhExvE5fvJw
14:12:21 <Rawr|Fone> Hmm
14:12:29 <reification> roar roar 
14:12:37 <Rawr|Fone> Reef reef
14:13:51 <skram> i should buy a lada, reification
14:14:23 <reification> haven't you spend all the money you don't have on a house?
14:14:42 <skram> Well yeah
14:14:50 <skram> but i wanna do skids in the forest
14:15:02 <reification> i doesn't hurt to dream
14:21:14 <Rawr|Fone> They can always print more money skram
14:29:23 -!- Micen [~Micen@h106.208.18.98.dynamic.ip.windstream.net] has joined #tlponies
14:35:54 <Bio> asdf
14:37:23 <Bio> brrrr
14:39:28 <Dot`> bio
14:39:36 <Dot`> are you stealing all the snow again?
14:40:06 <Bio> not me i dont want it
14:40:09 <Bio> its just cold
14:40:11 <Bio> take it
15:03:39 <Bio> freeze warning. in may.
15:03:40 <Bio> asdf
15:21:41 -!- Golly [~kvirc@cm-84.213.21.103.getinternet.no] has joined #tlponies
15:27:20 -!- Dot`_ [webchat@lijh.6nb9.0v1j.ip] has joined #tlponies
15:27:23 <Dot`_> hmm
15:30:38 -!- Micen [~Micen@h106.208.18.98.dynamic.ip.windstream.net] has joined #tlponies
15:42:15 <Dot`_> skram, is it another week of sitting around waiting to be called?
15:42:57 <skram> nono i work 60 hours this week
15:43:06 <skram> im leaving in 4 hours or so
15:43:32 <Dot`_> oh right :(
15:45:54 <skram> but next week im off again
15:46:02 <skram> and ive got PLANS
15:46:16 <Dot`_> PLANS?
15:46:23 <Dot`_> like to sit inside and avoid all ppl?
15:46:26 <skram> PROJECTS, dot!
15:46:40 <Dot`_> to play games all week with your good friends Dub and Dot
15:46:48 <skram> well that too
15:47:10 <skram> my garage looks like shit so im gonna build some proper workbenches and stuff
15:47:14 <skram> maybe do a french cleat wall
15:47:16 <skram> y'all cant stop me
15:47:22 <Dot`_> look at you go
15:47:26 <DuB`> I'm terraria full time from saturday
15:47:38 <skram> rip
15:47:45 <Dot`_> for the 3 days it takes for you to finish it?
15:47:57 <DuB`> No I'm gonna go SLOW and BUILD STUFF
15:49:47 <Dot`_> suuure
15:52:50 -!- Dot` [webchat@lijh.6nb9.0v1j.ip] has joined #tlponies
15:56:02 -!- Rawr|Fone [~AndChat52@c-94cfe455.020-164-6d6c6d4.bbcust.telenor.se] has joined #tlponies
15:59:47 <reification> skram https://www.youtube.com/watch?v=RhMYBfF7-hE
16:01:35 -!- Dot` [webchat@lijh.6nb9.0v1j.ip] has joined #tlponies
16:02:25 <skram> these guys are great reification
16:03:00 <reification> yep
16:03:26 <skram> the bit where he puts a fake mustache on his real mustache is pretty funny
16:03:27 <reification> too bad eurovision got corana'd
16:03:53 <reification> no one expects that disguise
16:05:15 <skram> foolproof
16:17:09 <reification> skram this playlist is gold https://www.youtube.com/watch?v=nqLKCjBXLDg&list=PLF8yJKJeWZ6dhL0ubZoolVBHwc1sgoqTf&index=45
16:17:49 <reification> ^ also cane and bio maybe?
16:18:37 <DuB`> Friends dragged me into playing Paladins last night (the sorta-overwatch game)
16:18:46 <DuB`> Whatever their matchmaking system is, it's BAD
16:18:53 <DuB`> We played for 3 hours and didn't lose a single game
16:18:54 <Dot`> lol
16:19:05 <DuB`> I can count the number of deaths I had all night on one hand
16:19:14 <reification> dub stomping the poor noobs without mercy
16:19:18 <skram> maybe you're a savant
16:19:18 <DuB`> Went something like 20-0-20 in every game
16:19:25 <skram> the sleeper has awakened
16:19:28 <DuB`> lol
16:19:49 <reification> i don't think there are many esports opportunities in paladins i'm afraid...
16:20:11 <DuB`> Pretty sure the fact that it's f2p OW means its full of 10-year-olds or something
16:20:15 <skram> the comments on this video are pretty funny
16:21:04 <reification> the comments on many of them in the list are good
16:25:38 -!- Rawr|Fone [~AndChat52@c-94cfe455.020-164-6d6c6d4.bbcust.telenor.se] has joined #tlponies
16:30:30 <Bio> asdf
16:30:39 <Bio> stop beating up children dub
16:30:47 <Bio> i thought i taught you better
16:31:12 <DuB`> Bio it's AIM PRACTICE
16:31:54 <skram> and punching babies is punching practice
16:32:00 <skram> dont mean its morally correct bud
16:32:32 <Bio> fax
16:32:39 -!- Micen [~Micen@h106.208.18.98.dynamic.ip.windstream.net] has joined #tlponies
16:42:46 <Runbunny> DuB`, if I recall paladins does the "playing against bots, but you think it's real players" thing.
16:43:31 <DuB`> Well they typed at us and were mad
16:43:39 <DuB`> So they certainly weren't all bots
16:44:05 <reification> well i remember those dota bots...
16:57:31 -!- Rawr|Fone [~AndChat52@c-94cfe455.020-164-6d6c6d4.bbcust.telenor.se] has joined #tlponies
17:21:08 -!- Rawr|Fone [~AndChat52@c-94cfe455.020-164-6d6c6d4.bbcust.telenor.se] has joined #tlponies
17:34:39 -!- Micen [~Micen@h106.208.18.98.dynamic.ip.windstream.net] has joined #tlponies
17:44:36 <reification> skram https://www.youtube.com/watch?v=3pL1plgdPbg
17:44:49 <reification> dot can have this too https://www.youtube.com/watch?v=DS8HbMFwjGY
17:53:39 <skram> man you got all the sweet jamz today reification
17:56:53 <skram> reification https://www.youtube.com/watch?v=oPxLTD9gbh4
18:00:06 <reification> thanks skram i was trying to explain why the music video is such a great artistic canvas and i refound this which set me off https://www.youtube.com/watch?v=NkRkuI0ZgX0
18:01:22 -!- Rawr|Phone [~AndChat52@m83-187-162-156.cust.tele2.se] has joined #tlponies
18:01:24 <reification> now that's an album cover that tell you what you're getting
18:02:39 <reification> also as you spoke of fighting babies https://www.youtube.com/watch?v=-tJSkkkTRw0
18:03:29 <skram> hold up
18:03:43 <skram> arent these the ultimate showdown of ultimate destiny boys
18:19:00 <reification> apparently yes! i hadn't realised
18:19:35 <skram> These guys are legit though
18:19:47 <reification> also your music did the trick, satellited my way into the major this sunday
18:20:06 <reification> will see if i can win the $$$ then
18:21:12 <reification> good to have something chill for the final table bubble stress
18:27:08 -!- Dot` [webchat@lijh.6nb9.0v1j.ip] has joined #tlponies
18:37:33 -!- Micen [~Micen@h106.208.18.98.dynamic.ip.windstream.net] has joined #tlponies
18:44:30 <DuB`> :o
18:44:39 <DuB`> glhf with that!
18:44:43 <DuB`> Maybe you become famous
18:44:55 <skram> DuB` https://i.imgur.com/wipYq3G.mp4
18:46:03 <DuB`> Is there supposed to be audio? Can't hear it :T
18:47:22 <skram> aww
18:47:42 <Dot`> there is audio
18:47:47 <skram> well yes but im sure you can ascertain whats happening here without audio
18:48:37 <DuB`> O, worked on 2nd time
18:48:39 <DuB`> Hehe
19:03:49 -!- Crisium [~Crisium@c-24-3-150-105.hsd1.pa.comcast.net] has joined #tlponies
19:10:54 <reification> oh is that the only kpop group i liked i hear?
19:14:24 <Bio> ya boi is getting a promotion lads
19:14:36 <Bio> woop
19:14:50 -!- skrma [~skram@109.202.111.231] has joined #tlponies
19:16:32 <reification> promotions \o/
19:17:22 <reification> i shall not post 1 (one) weeb thing in honour
19:17:54 <Bio> dank
19:19:52 -!- Zounds [webchat@cloak-07ouvien.14-2.cable.virginm.net] has joined #tlponies
19:19:56 <Zounds> Horse
19:20:00 -!- Camail [~Camail@45.40.84.145] has joined #tlponies
19:20:00 -!- mode/#tlponies [+v Camail] by Q
19:22:02 <reification> too late zounds, i already posted horse
19:23:27 <Zounds> :(
19:23:31 <Zounds> Pony then!
19:25:56 <skrma> grats Bio boi
19:25:58 <skrma> zounds, cam
19:26:00 <skrma> hej
19:26:04 <Camail> skrum
19:31:59 <reification> oh neat i get all the overwatch homestand sprays :D
19:33:30 <Bio> horse can be post more than once i allow it
19:33:49 <skrma> what about animemes
19:34:28 <reification> i was being silly bio, referring to the salvatore ganacci track i posted before
19:35:17 <reification> the day bio approves of animemes is the day we investigate his kidnapping and replacement
19:37:14 <Bio> i c 
19:38:17 <Bio> y were those people punching aminals
19:38:28 <skrma> dont worry
19:38:35 <skrma> jesus comes and rescues the animals
19:38:57 <reification> bio because they are bad, which is the usual reason
19:39:58 -!- Micen [~Micen@h106.208.18.98.dynamic.ip.windstream.net] has joined #tlponies
19:42:45 <Bio> T_T
20:01:02 -!- Rawr|Fone [~AndChat52@c-94cfe455.020-164-6d6c6d4.bbcust.telenor.se] has joined #tlponies
20:08:15 -!- Dot|Phone [uid393803@2001:67c:2f08:5::6:24b] has joined #tlponies
20:12:48 <Camail> skram are you watching grand new animal yet
20:12:50 <Camail> because i am not
20:12:57 <Camail> and i am mad at myself for not doing so
20:13:13 <Camail> its the trigger furry universe we all dream of
20:29:08 <Crisium> the dream
20:32:35 -!- Rawr|Phone [~AndChat52@m83-187-162-156.cust.tele2.se] has joined #tlponies
20:35:24 <Bio> I might do me a rule break and get a celebratory pizza tonight
20:37:59 <Crisium> what are you celebrating
20:38:05 <Crisium> oh promotion
20:38:06 <Crisium> nice
20:42:22 -!- Micen [~Micen@h106.208.18.98.dynamic.ip.windstream.net] has joined #tlponies
20:48:57 -!- Rawr|Fone [~AndChat52@c-94cfe455.020-164-6d6c6d4.bbcust.telenor.se] has joined #tlponies
20:52:17 <Bio> yeh buddy
20:54:35 <Zounds> gz bayo
21:10:20 -!- Rawr|Fone [~AndChat52@c-94cfe455.020-164-6d6c6d4.bbcust.telenor.se] has joined #tlponies
21:12:06 <Bio> ty sir
21:24:13 <DuB`> gz! 
21:34:39 <Bio> thank sir dob
21:53:17 <Camail> https://twitter.com/squeaklilmouse/status/1259680838897328131
21:53:26 <Camail> not sure who to ping, i'm sure someone likes that
21:54:13 -!- skram [~skram@109.202.111.231] has joined #tlponies
21:58:18 -!- Rawr|Fone [~AndChat52@c-94cfe455.020-164-6d6c6d4.bbcust.telenor.se] has joined #tlponies
21:59:44 <Bio> good content
22:01:17 <DuB`> Probably skram, but he juuust missed it :P
22:01:32 <DuB`> <+Camail> https://twitter.com/squeaklilmouse/status/1259680838897328131
22:02:21 <Crisium> i liked it
22:08:29 <Runbunny> I liked it as well.
22:25:43 -!- Rawr|Fone [~AndChat52@c-94cfe455.020-164-6d6c6d4.bbcust.telenor.se] has joined #tlponies
22:47:41 -!- Micen_ [~Micen@h106.208.18.98.dynamic.ip.windstream.net] has joined #tlponies
23:05:07 -!- Rawr|Fone [~AndChat52@c-94cfe455.020-164-6d6c6d4.bbcust.telenor.se] has joined #tlponies
