02:10:34 -!- Rawr|Fone [~AndChat52@c-94cfe455.020-164-6d6c6d4.bbcust.telenor.se] has joined #tlponies
03:26:39 <Crisium> Bio DuB'
04:09:24 -!- Rawr|Fone [~AndChat52@c-94cfe455.020-164-6d6c6d4.bbcust.telenor.se] has joined #tlponies
05:14:52 -!- Rawr|Fone [~AndChat52@c-94cfe455.020-164-6d6c6d4.bbcust.telenor.se] has joined #tlponies
05:49:23 -!- Rawr|Fone [~AndChat52@c-94cfe455.020-164-6d6c6d4.bbcust.telenor.se] has joined #tlponies
05:51:53 -!- Golly [~kvirc@cm-84.213.21.103.getinternet.no] has joined #tlponies
06:14:44 -!- Rawr|Fone [~AndChat52@c-94cfe455.020-164-6d6c6d4.bbcust.telenor.se] has joined #tlponies
06:34:53 -!- Dot` [webchat@uqju.w7i1.rm0l.ip] has joined #tlponies
06:48:24 -!- Rawr|Fone [~AndChat52@c-94cfe455.020-164-6d6c6d4.bbcust.telenor.se] has joined #tlponies
06:48:26 <Rawr|Fone> 🐴🐴🐴
06:48:38 <Dot`> Rawr Rawr Rawr
06:48:40 <Dot`> <3 <3 <3
06:49:36 <Rawr|Fone> DoT DoT DoT
06:49:37 <Rawr|Fone> ❤❤❤
07:18:40 -!- Rawr|Fone [~AndChat52@c-94cfe455.020-164-6d6c6d4.bbcust.telenor.se] has joined #tlponies
07:55:00 -!- reification [~thomas@cpc76294-cosh16-2-0-cust297.6-1.cable.virginm.net] has joined #tlponies
07:55:00 -!- mode/#tlponies [+v reification] by Q
07:55:38 <reification> good morning tlpons
07:59:07 <Dot`> Reef!
08:00:03 <reification> dotties!
08:00:30 <reification> did you win the thing yesterday?
08:01:09 <reification> i was sad about missing it, especially as am busy this eve and tomorrow
08:01:41 <Dot`> no we lost, as is tradition
08:01:45 <reification> but now i have pings fixed and TTS downloaded, so next time...
08:01:54 -!- Rawr|Fone [~AndChat52@c-94cfe455.020-164-6d6c6d4.bbcust.telenor.se] has joined #tlponies
08:01:54 <Dot`> next time i will ping you twice
08:02:06 <reification> the game was nemesis right?
08:02:11 <Dot`> yea
08:02:26 <Dot`> dont know if i will get skram to play that again
08:02:32 <reification> you can always text message me in case i am away from pc and laptop
08:02:46 <Dot`> 2 is also the number of times i got ppl to play eldritch horror before they gave up
08:03:04 <reification> oh, i was thinking of reading rules
08:03:51 <Dot`> someone else reading rules and not having me reapeat myself for 3 hours? sounds weird
08:03:52 <reification> my mum loved playing super hard to win card games so don't expect me to give up without a fight
08:05:22 <reification> i should play some 9 column patience again today
08:05:57 <Dot`> well im up to try nemisis again, and pretty much most board games, we have played terraforming mars once, bio wants to play dune sometime (i dont know the rules except its really complex)
08:06:18 <Dot`> if we can get the ppl again, betrayal on house on the hill was fun
08:06:41 <reification> if the rules to a dune game weren't complex, it wouldn't be right.
08:06:47 <reification> that's a big brain book
08:07:26 <Dot`> haha, i watched a review of it and there is a lot going on
08:08:06 <Dot`> we played dead of winter a few times too, sould try that again, though i dont recall the ruules now
08:08:17 <reification> i've only listened to first audiobook, but imo it deserves its place in the classics
08:09:11 <Dot`> ive never read it, i did play one of the old pc games, does that count for something, i know what spice is and 4 of the houses
08:10:05 <Dot`> oh we also played pandemic a few times on TTS but now its been DCMA'ed so its no longer up
08:14:33 <Dot`> Also you should look at Root or Vast, both by the same guy. They are asyimetrical games, with great art, though i have yet to get the horses to play either yet
08:34:06 <CockRoach|42> hors hors
08:36:08 <Dot`> cr!
08:38:08 <reification> roachorse!
08:38:58 <reification> dot, dune 2000 was the first rts i played :D
08:39:56 <reification> ooh this looks neat: https://www.youtube.com/watch?v=yNl0hY_h0ws
08:40:37 <Dot`> i did play that once, but i had emporer battle for dune
08:40:48 <Dot`> westwood games!
08:43:44 -!- skram [~skram@82.147.53.13] has joined #tlponies
08:44:29 <Dot`> Jonas
08:44:38 <skram> Bjørn
08:49:16 <Rawr|Fone> Jonas
08:50:21 <skram> Henrik
08:52:04 <Rawr|Fone> How are you doing today my dear
08:52:50 <reification> skramu!
08:53:05 <skram> reifen!
08:53:10 <skram> I am doing well, Henrik
08:53:15 <skram> how is work again
08:53:18 <reification> what did you make of girl intercorrupted skram?
08:53:46 <reification> did you guess correctly?
08:53:55 <skram> ive not gotten that far yet reif
08:54:16 <skram> ive not decided if im just gonna get a kindle or if i have to get the paperback
08:54:18 <Rawr|Fone> I am working on something that has to be done in 2 hours, and then we will be testing 
08:54:31 <Rawr|Fone> Project might go live next week
08:54:37 <reification> aww. you need to be less busy
08:55:02 <reification> that was for skram but maybe rawr too ;p
08:55:35 <skram> well its my week off so im very busy, ill be at work next week so then ill have time to relax
08:56:07 <reification> i like physical books but this is fine for kindle because of its brief length
08:56:27 <skram> Yeah, but i'd need to buy the whole kindle
08:56:33 <reification> hahaha
08:56:56 <reification> you can get the kindle app for your pc for free you know...
08:57:17 <skram> ooooh
08:57:24 <reification> or your phone/tablet
08:57:42 <skram> phones are too small to read on
08:57:46 <skram> ill get the desktop thing
08:58:25 <reification> most stuff i won't read on phones, but the bakemonogatari light novels were a good fit
09:01:21 <skram> anyway, i need to run
09:01:24 <skram> laters yall
09:04:17 <Dot`> aww
09:04:20 <Dot`> bye skram
09:24:11 -!- carcinisation [~thomas@cpc76294-cosh16-2-0-cust297.6-1.cable.virginm.net] has joined #tlponies
09:24:11 -!- mode/#tlponies [+v carcinisation] by Q
09:36:34 -!- Runbunny [~Bunnykitt@91.100.28.10.generic-hostname.arrownet.dk] has joined #tlponies
09:36:42 <Dot`> Runbun!
09:37:25 <Runbunny> Hai Dot.
10:02:48 -!- Dot|Phone [uid393803@2001:67c:2f08:5::6:24b] has joined #tlponies
10:04:40 <Dot|Phone> How you doing runbun
10:17:04 -!- tredc [~tredc@83.254.129.166] has joined #tlponies
10:22:59 <carcinisation> anders <3
10:27:16 <Runbunny> been sleeping kinda weird.
10:27:23 <Runbunny> So my head kinda hurts a bit.
10:28:00 <Dot|Phone> :/
10:31:52 <Runbunny> yeh.
10:32:14 <Runbunny> I did also get a little too much sun yesterday, my arm is a bit red.
10:51:10 <Rawr|Fone> Hmm
11:06:48 <reification> take care of yourself bun, we can't be there to look after you :/
11:07:56 -!- Rawr|Fone [~AndChat52@c-94cfe455.020-164-6d6c6d4.bbcust.telenor.se] has joined #tlponies
11:08:06 <reification> it is time for the dramatic continuation of Star☆Twinkle Precure :D
11:51:59 -!- Rawr|Fone [~AndChat52@c-94cfe455.020-164-6d6c6d4.bbcust.telenor.se] has joined #tlponies
11:55:28 <reification> duolingo is telling me lies again: "Mi devas elsaluti la babilejon."
12:13:09 -!- Rawr|Fone [~AndChat52@c-94cfe455.020-164-6d6c6d4.bbcust.telenor.se] has joined #tlponies
12:29:18 -!- skram [~skram@82.147.53.74] has joined #tlponies
12:35:10 <Dot`> jonas
12:35:11 <Dot`> again
12:35:53 <skram> wow thanks for the warm welcome
12:38:39 <Dot`> its a pleasure
12:42:26 <skram> are you sure
12:46:13 <Dot`> ill think on it and get back to you
12:46:23 <skram> sounds good
12:46:35 <Bio> werk
12:46:54 <Dot`> no werk
12:47:06 <skram> no werk!
12:47:17 <Bio> today is like all meetings so i can't really skip
12:47:23 <Bio> T_T
12:47:40 <skram> Take a picture of yourself paying attention
12:47:43 <skram> tape it to your camera
12:47:48 <skram> nap on sofa
12:50:56 <Dot`> big brain time
12:51:50 <Bio> :thinking:
12:57:26 <Dot`> what you up to skram
12:58:41 <skram> i feel like shit so imma take a lil nap
12:58:45 <Bio> I can learn you Dune
12:58:47 <Bio> its not that hard
12:59:09 <skram> wat
12:59:18 <Dot`> it looks very complex frm the review i watched
12:59:32 <Dot`> im happy to learn though
13:00:52 <Dot`> skram, i was thiniking earlier, i dont think you have ever requested a board game, only joined in
13:01:47 -!- Rawr|Fone [~AndChat52@c-94cfe455.020-164-6d6c6d4.bbcust.telenor.se] has joined #tlponies
13:02:59 <skram> i dont know any boardgames honestly
13:04:11 <Dot`> but i am not even sure wht kind of boardgame you like
13:04:59 <skram> me neither
13:05:03 <skram> i liked the mars game
13:05:27 <Dot`> thats the only one youve won?
13:06:38 <skram> yes :p
13:15:36 <Rawr|Fone> What a horse
14:24:34 <Bio> its not awful, the faction specific stuff has some interesting interactions, but the general mechanics aren't too tough
14:26:07 -!- Rawr|Fone [~AndChat52@c-94cfe455.020-164-6d6c6d4.bbcust.telenor.se] has joined #tlponies
14:28:01 -!- Kittybunny [~Bunnykitt@91.100.28.10.generic-hostname.arrownet.dk] has joined #tlponies
14:29:05 -!- skrma [~skram@82.147.53.74] has joined #tlponies
14:32:04 <Dot`> skrma, how was the nap?
14:35:57 <Bio> i've taught 2 diff groups how to play
14:39:28 <Kittybunny> And now you're going to watch them fight against eachother?
14:40:29 -!- carcinisation [~thomas@cpc76294-cosh16-2-0-cust297.6-1.cable.virginm.net] has joined #tlponies
14:40:29 -!- mode/#tlponies [+v carcinisation] by Q
14:44:45 <Bio> basically
14:44:52 <Bio> also poor splat
14:46:19 <Kittybunny> .tell DuB` https://www.youtube.com/watch?v=LQXaHh8Xa4I
14:54:06 <carcinisation> skram dot https://www.reddit.com/r/serval/comments/gn0oc6/stryker_and_his_plushie/
14:54:15 <Bio> pnani
14:54:39 <Dot`> cute for a cat
15:27:02 -!- Rawr|Fone [~AndChat52@c-94cfe455.020-164-6d6c6d4.bbcust.telenor.se] has joined #tlponies
15:46:55 <skrma> Dot` i am awake now
15:47:21 <skrma> good nap, i feel a real human bean again
15:47:29 <Dot`> huzzah
15:47:40 <Dot`> maybe i should nap
15:48:00 <skrma> too late now
15:48:49 <Dot`> never too late
15:49:16 <Dot`> but there is liquid playing dota so i guess ill just watch that
15:49:32 <Dot`> maybe they will pick tree
15:50:12 <skrma> dont get yer hopes up
15:51:14 -!- Rawr|Fone [~AndChat52@c-94cfe455.020-164-6d6c6d4.bbcust.telenor.se] has joined #tlponies
15:52:15 -!- Rawr|Phone [~AndChat52@m83-187-167-204.cust.tele2.se] has joined #tlponies
15:55:42 <Dot`> liquid BANNED tree skram
15:55:45 <Dot`> why would they do this
15:56:10 <skrma> tree too powerful
15:56:23 <Dot`> mmm, makes sense
15:56:50 <skrma> i have no idea what the meta is these days but tree being too powerful sounds like a joke
15:57:20 <Dot`> i am very confused, there are a lot of things diffrent
15:57:32 <Dot`> i havnt seen any dota since before that large big patch
15:59:33 <skrma> international soon!
15:59:43 <skrma> 3 months maybe
16:00:06 <Dot`> confirmed? last i saw was delayed
16:00:35 <skrma> oh
16:00:58 <skrma> yeah maybe delayed then
16:17:04 -!- Camail [~Camail@45.40.84.145] has joined #tlponies
16:17:04 -!- mode/#tlponies [+v Camail] by Q
16:17:41 <Camail> pls
16:17:46 <skrma> cam
16:17:48 <skrma> cmon
16:17:48 <Dot`> snela
16:17:53 <Camail> you cant make me
16:18:36 <skrma> ill punch ur butt
16:20:28 -!- Rawr|Fone [~AndChat52@c-94cfe455.020-164-6d6c6d4.bbcust.telenor.se] has joined #tlponies
16:23:23 -!- DuB` [DuB@68.174.122.249] has joined #tlponies
16:24:47 <Dot`> Dub Dub
16:26:28 <DuB`> Good morn
16:26:56 <carcinisation> hello dub
16:29:39 <Kittybunny> Hai Dub.
16:40:11 <carcinisation> that's a clever homepage theme: https://unsafe.link/
17:52:31 -!- Rawr|Fone [~AndChat52@m83-187-163-58.cust.tele2.se] has joined #tlponies
17:55:44 -!- Dot|Phone [uid393803@2001:67c:2f08:5::6:24b] has joined #tlponies
18:03:26 <carcinisation> oh! overwatch league tokens are back, and at 5 per hour
18:08:50 <skrma> Kittybunny, carcinisation: https://www.reddit.com/r/Hololive/comments/g6x5jd/rushia_in_the_bathtub/
18:29:42 <carcinisation> poor rushia
18:30:48 <Kittybunny> Rushia gets bullied so much.
18:41:59 -!- reimeuk [~thomas@cpc76294-cosh16-2-0-cust297.6-1.cable.virginm.net] has joined #tlponies
18:41:59 -!- mode/#tlponies [+v reimeuk] by Q
18:46:38 <Dot|Phone> How's horses
19:02:52 <Rawr|Fone> DoT DoT DoT
19:06:09 <Kittybunny> DuB`, I am so embarrased.
19:06:36 <Dot|Phone> Rawr Rawr Rawr 
19:06:41 <Dot|Phone> 🦓🦓🦓
19:06:43 <Kittybunny> I just found out that I have been running with the regular branchy set instead of the raging one.
19:07:04 <Rawr|Fone> 🐎🐎🐎
19:07:05 <Dot|Phone> Why would you do such a thing runbun
19:07:43 <Kittybunny> Well I wouldn't, but I had done so anyway :/
19:14:49 <Kittybunny> okay okay okay, Dot I am safe.
19:15:02 <Kittybunny> Instead of all the gear it was actually only one piece.
19:15:07 <Kittybunny> That was a close one.
19:18:49 <Dot|Phone> Phew. I was worried
19:28:53 <Bio> last meeting done
19:29:25 <Bio> i'm so demoralized from work that all i have to do is send one customer email to justify finishing work and I can't even do that
19:29:38 <Bio> maybe demoralized isn't the right word
19:29:42 <Bio> but so bleh
19:30:48 <Golly> maybe click a reply all to spice things up
19:31:54 <Dot|Phone> Then as a meme
19:32:59 <Dot|Phone> And start the email with. " I hope this email finds you in a well" 
19:33:47 <Kittybunny> reimeuk, skrma https://www.myinstants.com/instant/akai-haato-degenelates-3465/
19:37:07 <Dot`> skram, what doing
19:40:30 <Bio> ok, just sent
19:40:35 <Bio> time to get my FRIGGIN pizza
19:40:37 <Dot`> gj
19:40:40 <Bio> then figure out what imma do
19:40:42 <Bio> tonigth
19:40:45 <Dot`> i had pizza, it was good
19:45:26 <Bio> more rando?
19:45:28 <Bio> mayhaps
19:45:39 <Bio> cast my stream upon the void
19:45:47 <Bio> the cold, dead void of the horse's eyes
19:47:59 <Dot`> did you ever finish chimera?
19:49:38 <Bio> the game bugged out on me, half my people couldn't equip armor or weapons
19:49:41 <Bio> so no
19:49:44 <Bio> xdee
19:57:38 <Bio> or maybe fuck around in terarria
19:59:48 <Bio> https://imgur.com/a/ILMlWFp
20:11:46 <Dot`> runbun, no hob stream today. hmm
20:12:12 <Bio> i'm in tererererir, yall can join on steam i think if ya'll wanna plej
20:23:06 -!- skram [~skram@82.147.53.74] has joined #tlponies
20:23:40 <Dot`> skram, where you been
20:28:39 <Bio> doing skram things do doubt
20:29:47 <Dot`> thats wht worries me
20:30:26 <Bio> pizza get
20:34:32 -!- Zounds [webchat@5p3p.k2gt.gqqg.ip] has joined #tlponies
20:34:44 <Zounds> hey
20:36:08 <reimeuk> hi zounds
20:36:31 -!- skrma [~skram@82.147.53.74] has joined #tlponies
20:36:55 <skrma> tried bannerlord
20:37:00 <skrma> am doing dota
20:39:52 <Dot`> are you playing tree?
20:40:59 -!- skram [~skram@82.147.53.74] has joined #tlponies
20:41:40 <reimeuk> that's a very useful button bun
20:42:01 <reimeuk> .r degenelates https://www.myinstants.com/instant/akai-haato-degenelates-3465/
20:42:22 <reimeuk> uh oh sweetie
20:45:40 <Camail> .remember
20:45:44 <Camail> .r
20:45:57 <Camail> .r degenelates https://www.myinstants.com/instant/akai-haato-degenelates-3465/
20:46:01 <Camail> hmmm
20:46:10 <Camail> .r test big test
20:46:15 <Camail> ahhh yea its been borked
20:46:21 <Camail> for a long time now i think
20:46:29 <Camail> .tell skram u r a butt
20:46:37 <reimeuk> which bot is sweatie based on cam?
20:46:42 <Camail> skybot
20:47:03 <Camail> its just a sqlite3 table
20:48:26 <reimeuk> .roll d20
20:52:09 <Kittybunny> Dot`, I'd wish Hob would just write on twitter if he aren't streaming.
21:03:13 <Bio> neato, beat the slime king, got the slime staff
21:08:28 <reimeuk> gj bio
21:18:04 -!- skrma [~skram@82.147.53.74] has joined #tlponies
21:46:48 <skrma> .tell camail pls
21:46:58 <Camail> no
21:47:31 <skrma> ur a butt nd u should b ashame
21:50:46 <Bio> thank reif
22:03:14 -!- Golly [~kvirc@cm-84.213.21.103.getinternet.no] has joined #tlponies
22:11:20 -!- Cane [~Cane@CaneCraft.users.quakenet.org] has joined #tlponies
22:11:20 -!- mode/#tlponies [+o Cane] by Q
23:04:04 <reimeuk> night all
23:04:52 <Camail> https://www.twitch.tv/criticalrole
23:05:31 <Dot`> i should catch up
23:06:02 <Dot`> also i have been told i should watch the telephone thing
23:12:51 <Camail> those are fun, but i dont actually "watch" them
23:13:11 <Camail> if you are averse to embarrassment entertainment you shouldnt watch too closely
23:13:30 <Camail> i just skim through for their reactions, but i dont watch the performances
23:14:06 <Camail> 1. saves time 2. i dont like seeing people get embarrassed 
23:19:12 <Dot`> hmm
23:22:45 -!- Rawr|Fone [~AndChat52@c-94cfe455.020-164-6d6c6d4.bbcust.telenor.se] has joined #tlponies
23:27:57 <Camail> DuB`  https://twitter.com/Rubber0Cement/status/1263542384823906305
23:29:11 <Dot`> toucan!
23:30:10 <Camail> it's face noise is great
23:30:28 <Camail> https://www.youtube.com/watch?v=my9xPO3VHJI
23:34:39 <skrma> it sounds kinda like a woodpecker?
23:34:47 <skrma> yet it pecks no wood
23:34:51 <skrma> c u r i o u s
