00:12:20 <Camail> skram  gloves are recommended
00:15:22 <Dot`> get a second, larger bird and send it in
00:19:17 <skram> i dont have any of those things
00:19:46 <skram> im gonna try get some water in there and let him sleep tonight and then ill get an adult to help me in the morning
00:19:56 <skram> he's pecking things and im not gonna stick my naked hands in there
00:24:03 <Dot`> runbun https://imgur.com/gallery/oI2PoXz
00:24:40 <Dot`> also hob is 2 games in
00:32:44 <Dot`> skram, is this your rollmodel? https://imgur.com/gallery/oramLUq
00:33:02 <skram> TROGDOOR
00:35:00 <Dot`> https://imgur.com/gallery/J9WfcNu
01:13:19 -!- Rial [~Rial@p452019-ipngn200305sasajima.aichi.ocn.ne.jp] has joined #tlponies
01:33:28 -!- Rawr|Fone [~AndChat52@c-94cfe455.020-164-6d6c6d4.bbcust.telenor.se] has joined #tlponies
01:47:48 -!- Micen_ [~Micen@h106.208.18.98.dynamic.ip.windstream.net] has joined #tlponies
01:57:54 <skram> i think the birb was able to escape the way it came in
01:58:12 <skram> which is good since it looked like a jackdaw who are a protected species and everything
02:07:21 -!- BioSC [~BioPon@097-070-165-146.res.spectrum.com] has joined #tlponies
02:09:03 -!- Crisium [~Crisium@c-24-3-150-105.hsd1.pa.comcast.net] has joined #tlponies
02:11:35 -!- skram [~skram@82.147.53.81] has joined #tlponies
02:26:16 -!- Rawr|Fone [~AndChat52@c-94cfe455.020-164-6d6c6d4.bbcust.telenor.se] has joined #tlponies
03:21:02 <Camail> dub go to sleep
03:26:47 <DuB`> I can sleep in
03:26:50 <DuB`> No commute time!
03:34:59 <Camail> tsk
03:49:47 -!- Rawr|Fone [~AndChat52@c-94cfe455.020-164-6d6c6d4.bbcust.telenor.se] has joined #tlponies
04:47:06 -!- Micen_ [~Micen@h106.208.18.98.dynamic.ip.windstream.net] has joined #tlponies
05:02:04 -!- Rawr|Fone [~AndChat52@c-94cfe455.020-164-6d6c6d4.bbcust.telenor.se] has joined #tlponies
05:51:21 -!- Micen_ [~Micen@h106.208.18.98.dynamic.ip.windstream.net] has joined #tlponies
06:16:44 -!- Rawr|Fone [~AndChat52@c-94cfe455.020-164-6d6c6d4.bbcust.telenor.se] has joined #tlponies
06:42:08 -!- Rawr|Fone [~AndChat52@c-94cfe455.020-164-6d6c6d4.bbcust.telenor.se] has joined #tlponies
06:56:49 -!- Micen__ [~Micen@h106.208.18.98.dynamic.ip.windstream.net] has joined #tlponies
06:57:38 -!- Micen__ [~Micen@h106.208.18.98.dynamic.ip.windstream.net] has joined #tlponies
07:14:26 -!- Rawr|Fone [~AndChat52@c-94cfe455.020-164-6d6c6d4.bbcust.telenor.se] has joined #tlponies
07:14:35 <Rawr|Fone> Hmm
07:58:21 -!- Dot` [webchat@cloak-puzvreye.123.7.51.dyn.plus.net] has joined #tlponies
08:15:52 -!- Rawr|Fone [~AndChat52@c-94cfe455.020-164-6d6c6d4.bbcust.telenor.se] has joined #tlponies
08:47:27 -!- Rawr|Fone [~AndChat52@c-94cfe455.020-164-6d6c6d4.bbcust.telenor.se] has joined #tlponies
08:47:35 <Rawr|Fone> Beep beep
09:05:33 -!- Rawr|Fone [~AndChat52@c-94cfe455.020-164-6d6c6d4.bbcust.telenor.se] has joined #tlponies
09:21:11 -!- Rawr|Fone [~AndChat52@c-94cfe455.020-164-6d6c6d4.bbcust.telenor.se] has joined #tlponies
09:29:23 -!- Rial_fur [~Rial@p452019-ipngn200305sasajima.aichi.ocn.ne.jp] has joined #tlponies
09:33:54 -!- reification [~thomas@cpc76294-cosh16-2-0-cust297.6-1.cable.virginm.net] has joined #tlponies
09:33:54 -!- mode/#tlponies [+v reification] by Q
09:36:40 -!- Runbunny [~Bunnykitt@91.100.28.10.generic-hostname.arrownet.dk] has joined #tlponies
09:36:51 <reification> bun!
09:37:56 <Dot`> hey reif, bun <3
09:41:37 <Runbunny> Hello.
09:41:54 <Runbunny> I'm awake or something along those lines.
09:42:42 <reification> either that or you have become expert at sleep typing
09:47:05 <Runbunny> I'd wish.
10:02:32 <reification> dot https://twitter.com/NotJohnDaker/status/1249882278219612161
10:08:29 -!- Rawr|Fone [~AndChat52@c-94cfe455.020-164-6d6c6d4.bbcust.telenor.se] has joined #tlponies
10:09:25 <Rawr|Fone> 🐴
10:19:05 -!- skram [~skram@82.147.53.21] has joined #tlponies
10:20:13 <skram> frens
10:20:35 <reification> roar roar, skramannen
10:21:21 <Rawr|Fone> Reef reef
10:21:23 <Rawr|Fone> Jonas
10:24:35 -!- tredc [~tredc@c83-254-129-166.bredband.comhem.se] has joined #tlponies
10:26:00 <skram> the Boys
10:36:10 <reification> oh boy i won a whole 15 pence on the lotto this morning :D
10:45:26 -!- Golly [~kvirc@cm-84.213.21.103.getinternet.no] has joined #tlponies
10:49:44 <Runbunny> oh dang.
10:49:58 <Dot`> rawr rawr
10:50:02 <Runbunny> That's like a whole tin of beans.
10:50:02 <Dot`> jonas friend 
10:51:26 <skram> is reif the kind of lad to eat beans at the cinema
10:51:27 <skram> discuss
10:51:30 <skram> dot pal
10:55:24 <reification> i have almost run out of beans :/
10:55:37 <Runbunny> I guess that answers it Jonas.
10:56:12 <reification> i have the pick and mix sweets at the cinema
10:56:29 <skram> Hmm
10:57:40 <reification> regular baked beans in the uk are disgustingly sweet, you need the reduced sugar ones
11:00:16 -!- Rawr|Fone [~AndChat52@c-94cfe455.020-164-6d6c6d4.bbcust.telenor.se] has joined #tlponies
12:17:26 <Rawr|Fone> 🐴
12:38:33 <Runbunny> Time for a walk.
12:46:33 <reification> yes bun, make that vitamin d
12:57:30 <reification> skram runbunny https://twitter.com/snugunim/status/1249783046288691201
13:02:57 -!- Rawr|Fone [~AndChat52@c-94cfe455.020-164-6d6c6d4.bbcust.telenor.se] has joined #tlponies
13:24:09 <Rawr|Fone> Dot
13:36:28 <Dot`> rawr
13:38:17 <Rawr|Fone> How are you today
13:38:22 <Rawr|Fone> Busy with work?
13:38:46 <Dot`> yea, trying to work rawr, dont feel like it
13:38:49 <Dot`> you?
13:39:37 <Rawr|Fone> We are sending out invoices and stuff
13:40:06 <Rawr|Fone> Apparently me and one other person are responsible for the entire cashflow process for the company
13:40:55 <Dot`> thats not programming rawr, thats accounting
13:41:12 <Rawr|Fone> Kind of
13:41:46 <reification> are you becoming dub?
13:41:51 <Rawr|Fone> We are building an automatic system that is supposed to check how much each customer should pay and then charges them
13:42:10 <Rawr|Fone> Maybe reef reef
13:42:22 <Rawr|Fone> They didn't mention this before
13:43:21 <reification> getting the monies is the important bit
13:44:46 <Rawr|Fone> Yes, apparently they leave that to two programmers to do for the entire company
13:55:26 <skram> let me know if you need help
13:55:42 <skram> ive got experience with HTML and bake sale accounting
14:09:40 <Runbunny> I return.
14:09:59 <skram> Anders.
14:10:06 <skram> I have been waiting for you.
14:10:07 <Runbunny> Jonas.
14:10:12 <Runbunny> Gutteskerdet?
14:11:11 <skram> Syglekugle
14:21:05 <BioSC> its friggin snowing
14:21:06 <BioSC> here
14:21:12 <BioSC> weather pls
14:21:16 <skram> hell yeah
14:21:35 <Dot`> cant be bio, its 14 degrees here
14:22:09 <BioSC> well 14 is below freezing Kappa
14:22:22 -!- skrma [~skram@95.174.67.140] has joined #tlponies
14:39:45 <Runbunny> lel
14:40:04 -!- DuB` [DuB@cpe-68-174-122-249.nyc.res.rr.com] has joined #tlponies
14:41:25 <skrma> DuB` cmon
14:41:34 <Dot`> Dub Dub
14:44:05 <skrma> Dot`, DuB` https://i.imgur.com/tn1ieM1.jpg
14:44:23 <Dot`> its your birb?
14:44:39 <skrma> Yeah thats my fireplace lol
14:44:51 -!- Rawr|Fone [~AndChat52@c-94cfe455.020-164-6d6c6d4.bbcust.telenor.se] has joined #tlponies
14:45:10 <skrma> i think its this https://en.wikipedia.org/wiki/Western_jackdaw
14:45:23 <DuB`> :O
14:45:24 <Dot`> cite
14:45:26 <Dot`> cute
14:45:42 <skrma> s c a r y
14:46:57 <Dot`> skram, do butterflys scare you?
14:47:38 <skrma> no, but wild animals do
14:48:28 <Dot`> and domesticated
14:49:06 <skrma> no i like cats
14:49:15 <Dot`> which are wild animals
14:49:38 <skrma> no?
15:12:08 <Runbunny> Ah skrma, I am so proud of you.
15:12:12 <Runbunny> You made a friend.
15:25:01 <Cane> Meepo's hard, yo.
15:47:55 -!- Camail [~Camail@45.40.84.145] has joined #tlponies
15:47:55 -!- mode/#tlponies [+v Camail] by Q
16:18:35 <Rawr|Fone> Camail
16:18:42 <Camail> roar
16:20:16 <Rawr|Fone> How is life
16:28:22 -!- Rawr|Phone [~AndChat52@m83-187-190-32.cust.tele2.se] has joined #tlponies
16:32:02 <Runbunny> oh right
16:32:15 <Runbunny> DuB`, I beat Ruiner nergio with the charge blade. 
16:34:13 <Runbunny> I comically messed up my first try. He had a skull and went to sleep, so I placed my bombs and the nearby wall clutched his hand, shot my pods, got thrown off, tremored and killed.
16:35:17 <DuB`> LOL and great job :D
16:35:24 <DuB`> Now we can augment up and be aaalll ready for next week
16:37:05 <Runbunny> I don't know how to get threat 3 mobs to show up in the guiding lands though
16:41:02 <DuB`> Quickest way to get things to chow up (besides lures) is to go back and forth between 2 expedition areas and just check what mons are in GL on the map
16:41:06 <DuB`> to show up*
16:50:44 -!- Crisium [~Crisium@c-24-3-150-105.hsd1.pa.comcast.net] has joined #tlponies
16:53:51 <Rawr|Phone> Good evening crisioom
16:55:27 <BioSC> asdf
16:55:51 <Crisium> howdy
16:55:57 <Crisium> 12:55 here mr roor
16:57:00 <Bio> i had some leftover taco
16:57:01 <Bio> mm
16:58:58 <Rawr|Phone> But the world revolves around me crisium
16:59:12 <Crisium> true
17:05:02 -!- Zounds [webchat@cloak-07ouvien.14-2.cable.virginm.net] has joined #tlponies
17:05:06 <Zounds> Hey
17:05:14 <Crisium> zoonds
17:05:21 <Crisium> echo came out in OW 
17:05:26 <Crisium> fun to play
17:08:15 <Zounds> ooh neat
17:12:13 <Crisium> we should plej
17:12:29 <Zounds> yes just taking a look at the hero in shooting range
17:14:38 <Zounds> can't duplicate the training bots sadly ^^
17:14:42 <skrma> I did it, DuB`. I have crafted the Borgar.
17:14:51 <Crisium> zounds they added an  enemy hero spawner
17:14:55 <Crisium> check to the left of spawn
17:15:14 <Crisium> or did you mean you wanted to dupe them lol
17:16:13 <Zounds> I wanted to dupe them specifically hehe
17:16:59 <Crisium> question is when PvE rotates in again, can you dupe the bosses?
17:24:39 <Zounds> hmmm will be fun to find out ^^
17:25:44 <Zounds> I'm up for plej now Crisium
17:25:47 <Zounds> shall I meet you on NA or EU
17:25:53 <Crisium> ill hop in EU in a min
17:25:57 <Crisium> peak EU time so
17:27:19 <DuB`> I wanna oberwaaaaj D:
17:42:37 <Bio> then do
17:43:27 <skrma> i think we're at work
17:44:04 <skrma> Bio ask ur dad if he remember this classic https://www.youtube.com/watch?v=CgvwIQfNCPo
17:49:06 <Bio> i can vibe to this
17:52:33 <skrma> I bet Dot` used to blast this all the time on his twin cassette deck in 1988
17:53:14 <Dot`> the tribes cassete player*
17:55:11 <skrma> I want this played at my wedding https://www.youtube.com/watch?v=nRTBM4UwnBs
17:56:11 <Dot`> well this is certainly..  music
17:58:45 <skrma> nicki minaj AND pachebel
17:58:47 <skrma> all my faves
17:59:56 <DuB`> Nicki Pachelbel's Fugue in Vogue
18:00:37 <skrma> Nickis Fugue in D MAJOR ;) ;)
18:02:56 <DuB`> hah
18:16:11 <Camail> pachelbel's canon is probably my favorite classical piece
18:16:40 <Camail> like in a top 10 regardless of genre, for me
18:18:18 <skrma> thats kinda interesting
18:18:35 <skrma> i think its kinda bland honestly, like lounge jazz or whatever
18:21:02 <Camail> the scales are just so pleasing to my ear
18:23:00 <skrma> well that chord progression is used in like every song ever made since
18:24:00 <Camail> i dont mean just the chord progression tho
18:24:10 <Golly> https://www.youtube.com/watch?v=-b5B-9aCAeE
18:24:25 <Camail> like yea that's pervasive throughout the song, but thats just the underlying structure of it
18:24:41 <skrma> ya i getchu
18:37:56 <Camail> so skram, how are the fires
18:38:04 <Camail> of the appropriate size and heat?
18:39:31 <skrma> i dont know
18:39:35 <skrma> im not at work yet
18:40:15 <Camail> have yu considered starting a fire in your home, to make you feel more productive
18:56:50 <skrma> i would but someone lives in my fireplace now
19:00:00 <Dot`> dont hurt the birb!
19:28:29 -!- Bio [~BioPon@097-070-165-146.res.spectrum.com] has joined #tlponies
19:28:32 <DuB`> Oh hey I got my stimulus monies
19:28:35 <DuB`> And paycheck
19:28:41 <DuB`> And tax refund all in the same week!
19:28:42 <DuB`> haha
19:28:51 <DuB`> Who wants to party
19:29:15 <Bio> gov bux deposited here 2
19:29:42 <Bio> i did my taxes ages ago tho
19:45:22 <skrma> pls gib monies DuB`
19:45:25 <skrma> am poor boy
19:47:41 <DuB`> Maybe your chimneybird has some
19:47:57 <Bio> charge him rent
19:48:46 <skrma> im too scared of them
19:49:27 <skrma> i should go to work tho
19:49:30 <skrma> seeya
19:49:34 <Dot`> them? more than 1?
19:49:36 <DuB`> glhf
19:49:38 <Dot`> no work pls
19:49:38 <Bio> bai
19:49:44 <Dot`> gl skram
20:12:18 <DuB`> Official office closure extended through May 31 now
20:12:41 <DuB`> I'd predicted a late June reopening, we'll see...
20:12:58 <Dot`> we will see how the darkzone goes dub
20:15:17 <DuB`> Office is in the middle of the darkzone
20:15:21 <DuB`> Home is well north of it :P
20:40:50 <Dot`> good planning
20:44:48 <Dot`> Runbunny, 2 and a half  games done for hob
20:45:43 <Dot`> cane, runbun rawr https://imgur.com/gallery/IOmTzzk
20:46:26 <Dot`> .tell skrm https://imgur.com/gallery/vUbW6SK
20:46:35 <Rawr|Phone> Good dog
20:49:30 <reification> zounds crisium dub` free overwatch tokens in case you hadn't seen https://overwatchleague.com/en-us/email
20:50:05 <reification> bio too i guess as he plays it again now according to the stream i missed
20:52:39 <Dot`> https://imgur.com/gallery/nbABZmr
20:52:41 <Dot`> rawr
20:53:13 <Rawr|Phone> This is a good dog too dot
20:54:29 <Dot`> yes
21:06:45 <Dot`> dub dub, hows work today?
21:09:35 <Dot`> runbun, rip hob run
21:10:57 <Rawr|Phone> How was your day dot
21:12:08 <Dot`> slow rawr, i might have a cold, would explain the tiredness
21:12:19 <Rawr|Phone> Hmm
21:14:02 <Dot`> how abotu you rawr
21:14:22 <Rawr|Phone> Pretty goood
21:14:31 <Rawr|Phone> I got a lot done today
21:14:36 <Dot`> great
21:14:45 <Rawr|Phone> The company will get money this month as well
21:14:55 <Dot`> that is also great
21:15:01 <Dot`> becuase tht means you get mone
21:15:02 <Dot`> y
21:16:33 <Rawr|Phone> Yes!
21:16:35 <Rawr|Phone> Soon
21:16:53 <Rawr|Phone> But I will only get half of my salary since I have only worked 2 weeks
21:17:10 <Dot`> money though
21:18:39 <Rawr|Phone> It's still more than what I got from playing table tennis
21:19:56 -!- Rawr|Fone [~AndChat52@c-94cfe455.020-164-6d6c6d4.bbcust.telenor.se] has joined #tlponies
21:20:38 <Rawr|Fone> And I can still play table tennis
21:21:12 <Dot`>  \o/
21:24:47 -!- skrm [webchat@pioj.eid3.887x.ip] has joined #tlponies
21:29:44 <skrm> Hmm
21:29:56 <Crisium> mmH skram
21:30:03 <Dot`> mhm
21:30:44 <skrm> i accidentally invited people over for dinner this weekend
21:30:46 <skrm> what should i make
21:30:55 <Dot`> pizza
21:31:04 <Dot`> like 3 diffrent ones
21:31:09 <DuB`> That's not very isolation of you
21:31:12 <Crisium> dont give them the corona
21:31:12 <DuB`> But yes, pizza
21:32:01 <skrm> well its only 2 people so its fine if we wash our hands
21:32:35 <skrm> kinda need a pizza oven to make the pizza i want though
21:32:36 <Dot`> i wasnt invited over for pizza
21:32:36 <skrm> hmmm
21:32:39 <Dot`> where you dub?
21:32:48 <DuB`> I had my own pizza yesterday
21:32:50 <DuB`> And am still full
21:33:12 <skrm> well if you guys leave tonight we can have pizza in 14 days, once you finish your quarantine
21:35:04 <skrm> i could own a wood fired pizza oven for only 500 dollars
21:35:07 <skrm> shit, thats not bad at all
21:35:28 <Dot`> sounds better than the frier you wanted
21:35:33 <Dot`> fryer?
21:35:35 <Dot`> hmmm
21:35:41 <Dot`> im going to give up on this one
21:35:58 <skrm> i did buy a deep fryer today
21:36:05 <skrm> it was only 50
21:36:17 <Dot`> a zero is litrally nothing skram
21:38:45 <Bio> asdf
21:38:47 -!- Micen [~Micen@h106.208.18.98.dynamic.ip.windstream.net] has joined #tlponies
21:39:29 <Micen> Hello
21:39:48 <skrm> Micen!
21:39:55 <Dot`> hi
21:41:20 <Rawr|Fone> Hmm
21:41:27 <Micen> skrm https://www.youtube.com/watch?v=loRA5XxACcw
21:41:28 <Rawr|Fone> Jonas
21:42:25 <Micen> i havent spoken in here in 2 days apparently 
21:42:32 <Micen> i blame my bad sleeping schedule. 
21:43:21 <skrm> this is way good micen
21:44:30 <Micen> I know! 
21:44:43 <Micen> I didnt expect it to bop as hard as it does. 
21:47:37 <skrm> https://www.youtube.com/watch?v=zdohpTAFQqE
21:47:41 <skrm> another absolute slapper
21:47:58 <Runbunny> Is your bird still there Jonas?
21:48:29 <skrm> Dont think so
21:48:47 <skrm> He wasnt in the fireplace no more, might have a house in the chimney somewhere though
21:49:34 <Micen> https://www.youtube.com/watch?v=kR0gOEyK6Tg
21:50:00 <Micen> though using Neil C for great mashups kind of feels like cheating
21:52:17 <Golly> https://www.youtube.com/watch?v=pm08v69vG10
21:53:11 -!- Rial [~Rial@p452019-ipngn200305sasajima.aichi.ocn.ne.jp] has joined #tlponies
21:53:32 <Rawr|Fone> Good evening rial
21:53:58 <Micen> This is great Golly! 
21:54:14 <skrm> scary spice is different from how i remembered her
21:54:34 <Golly> better than both songs its based on strangely
21:58:24 <skrm> pump the brakes there, Golly 
21:58:29 <skrm> wannabe is a cultural icon
21:59:08 <Golly> well yes
22:06:55 <Dot`> micen https://imgur.com/gallery/tB6ewyp
22:07:37 <Micen> haha 
22:07:55 <Micen> i did a 100 card deck before back in the earliest days of yugioh. 
22:31:20 <Runbunny> Dot`, Hob is having a rough night.
22:31:31 <Runbunny> You should cheer him up by cheering him on.
22:31:35 <Dot`> yea
22:31:46 <Dot`> he was very silly in that oblivian run
22:31:54 <Dot`> got between allies and enemy
22:32:22 <Camail> man watching seagulls crosshair placement gives me anxiety
22:32:26 <Camail> my dude needs to chill
22:34:32 <Runbunny> Also was twitch always this mean?
22:34:41 <Runbunny> I liked it better when it just spamming emotes.
22:35:54 <Camail> fanboys be fanboys
22:39:41 <Runbunny> Aren't fanboys supposed to like whatever they're fans of? Instead of berating it.
22:40:07 <Dot`> its cool to hate runbun
22:40:21 <Dot`> dont you want to be cool
22:40:35 <Runbunny> Well not if it's like that.
22:40:55 <Camail> they are fans of something else
22:41:07 <Camail> and like to shit on this in order to show how much they like the other thing
22:43:14 <Runbunny> Hmm.
22:48:18 <reification> skram https://twitter.com/NehmahlCutie/status/1250447134404550656
23:02:38 <reification> night all
23:14:05 <Dot`> hob just not there today runbun
23:21:38 <Micen> mmm today is good, got pizza, and Persona 5, so now I can be a degenerate like Bio 
23:21:56 <DuB`> :D
23:22:37 <Bio> rood
23:22:37 <Micen> though I dont have a capture card to strim it 
23:22:52 <Micen> your my favorite degenerate bio <3 
23:24:24 <skrm> thats his favorite anime, micen
23:26:21 <Dot`> only becuase he hasnt watxhed tank anime
23:28:46 <Micen> Girls und panzer?
23:29:01 <Micen> or is there another tank anime? 
23:32:45 <skrm> Aye, Girls und Panzer
23:32:54 <skrm> the best anime
23:40:17 <Micen> I need to actually watch it.
23:40:24 <Micen> Ill add it to the backlog
23:42:30 <skrm> put it on top
23:42:33 <skrm> its got everything
23:42:35 <skrm> girls
23:42:37 <skrm> AND tanks
23:42:42 <Micen> help my anime backlog is getting large
23:43:22 <Micen> https://i.imgur.com/YJGu8Si.png
23:43:24 <skrm> i deleted mine because the pressure was too much
23:43:38 <Micen> i just keep a sticky note. 
23:43:40 <skrm> now i just rewatch the 3 shows i like ad infinitum
23:44:19 <Micen> Naruto, Bleach, & One Piece?
23:45:10 <skrm> panzer, toradora, slimesekai
23:45:13 <skrm> oh and yuru camp
23:45:17 <skrm> all of which are on your list lol
23:45:33 <Micen> haha
23:46:04 <Micen> Dorohedero is good. you should watch skrm. 
23:47:05 <skrm> hmm maybe
23:47:26 <Micen> At least the first episode. and like im not one to watch post credits stuff but it has a "in this episode we learned X" and some of it seems like the most random stuff 
23:47:40 <Micen> but if they are calling attention to it specifically, it has to be important. Right?
23:48:54 <skrm> Thats what they want you to think
23:49:23 <skrm> And then you forget the actual important bits and then you get properly whiplashd by the ending
23:49:31 <skrm> i think its directed by m night shamalamadingdong
23:55:31 <Camail> so skram, how are the fires now?
