00:07:44 <carcinisation> night all
00:23:45 -!- Cane [~Cane@CaneCraft.users.quakenet.org] has joined #tlponies
00:23:45 -!- mode/#tlponies [+o Cane] by Q
00:42:41 -!- Rawr|Fone [~AndChat52@c-4eb4e655.020-164-6d6c6d4.bbcust.telenor.se] has joined #tlponies
00:53:32 -!- Rawr|Fone [~AndChat52@c-4eb4e655.020-164-6d6c6d4.bbcust.telenor.se] has joined #tlponies
01:40:54 <Bio> 0
02:02:35 -!- Rawr|Fone [~AndChat52@c-4eb4e655.020-164-6d6c6d4.bbcust.telenor.se] has joined #tlponies
03:40:49 -!- Rawr|Fone [~AndChat52@c-4eb4e655.020-164-6d6c6d4.bbcust.telenor.se] has joined #tlponies
05:18:40 -!- Rial [~Rial@p2668219-ipngn201306tokaisakaetozai.aichi.ocn.ne.jp] has joined #tlponies
06:24:33 -!- Micen [~Micen@h6.74.23.98.dynamic.ip.windstream.net] has joined #tlponies
06:50:57 -!- Rawr|Fone [~AndChat52@c-4eb4e655.020-164-6d6c6d4.bbcust.telenor.se] has joined #tlponies
07:26:36 -!- Micen [~Micen@h6.74.23.98.dynamic.ip.windstream.net] has joined #tlponies
08:11:52 -!- CellRoach [~AndChat14@m213-101-108-95.cust.tele2.se] has joined #tlponies
08:28:15 -!- Micen [~Micen@h6.74.23.98.dynamic.ip.windstream.net] has joined #tlponies
08:30:27 -!- Dot|Phone [uid393803@2001:67c:2f08:8::6:24b] has joined #tlponies
08:30:38 <Dot|Phone> Morning pons
08:32:41 -!- skram [~skram@213.232.87.82] has joined #tlponies
08:33:24 <Dot|Phone> Jonas friend
08:34:50 <skram> ah, dot pal
08:35:22 <skram> how is face
08:37:36 <Dot|Phone> Sleepy
08:37:41 <Dot|Phone> Yours? 
08:38:06 <skram> pretty normal feels like
08:38:52 <Dot|Phone> What adventures await you today
08:39:26 <skram> im gonna eat lunch and then go to work at some point i guess
08:40:17 <Dot|Phone> Lunch sounds nice
08:41:21 -!- Rawr|Fone [~AndChat52@c-4eb4e655.020-164-6d6c6d4.bbcust.telenor.se] has joined #tlponies
08:46:32 <Dot|Phone> Skram. I was playing escape from tarkov with 2 Norwegians yesterday
08:46:54 <Dot|Phone> And neither where you :(
08:46:56 <skram> the worst kind of people
08:47:11 <Dot|Phone> One did shoot me
08:52:19 <skram> rude
08:59:43 <Rawr|Fone> So rude
09:09:57 <Dot|Phone> Rawr Rawr Rawr 
09:10:10 <Rawr|Fone> DoT DoT DoT
09:10:13 <Rawr|Fone> 💖💖💖
09:12:21 <Dot|Phone> 💖💖💖
09:21:49 -!- Rial [~Rial@p2668219-ipngn201306tokaisakaetozai.aichi.ocn.ne.jp] has joined #tlponies
09:26:08 <Dot|Phone> Hey rial
09:35:33 <Rial> Hi hi
09:41:45 <Rawr|Fone> Good morning rial
10:17:31 <Rawr|Fone> 🐴🐴🐴
10:39:47 -!- Rawr|Phone [~AndChat52@m83-185-87-94.cust.tele2.se] has joined #tlponies
10:57:07 -!- Rawr|Fone [~AndChat52@m83-185-87-94.cust.tele2.se] has joined #tlponies
11:14:28 -!- Runbunny [~Runbunny@91.100.28.10.generic-hostname.arrownet.dk] has joined #tlponies
11:27:14 <Rawr|Fone> Anders
11:27:28 <Runbunny> Henrik.
11:29:08 <Dot|Phone> Runbun
11:30:29 <Runbunny> Dot.
11:30:36 <Runbunny> .tell reification https://www.youtube.com/watch?v=VAkv2487Ko0
12:34:16 -!- Micen [~Micen@h6.74.23.98.dynamic.ip.windstream.net] has joined #tlponies
13:09:05 -!- BioPone [~androirc@mobile-166-170-22-229.mycingular.net] has joined #tlponies
13:16:13 -!- Rawr|Phone [~AndChat52@c-4eb4e655.020-164-6d6c6d4.bbcust.telenor.se] has joined #tlponies
13:27:48 <Rial> Studied some poses and style today. Good drawing stuff. Bed soon
13:54:04 <Runbunny> That sound nice.
14:02:21 -!- BioPhone [~androirc@12.33.239.117] has joined #tlponies
14:02:50 <BioPhone> Po
14:04:05 <Dot|Phone> Ne
14:04:33 <BioPhone> Hi
14:04:39 <Dot|Phone> Hedge
14:05:01 <BioPhone> *horse noise*
14:05:39 <Rawr|Phone> 🅱️io📱
14:14:58 -!- reification [~reificati@cpc76294-cosh16-2-0-cust297.6-1.cable.virginm.net] has joined #tlponies
14:16:22 <Dot|Phone> Reeeef
14:17:36 <BioPhone> Pani
14:17:55 <reification> dotties
14:20:21 <reification> that’s what happens when you trust google translate runbun
14:29:27 -!- BioPhone [~androirc@12.33.239.117] has joined #tlponies
14:35:56 -!- Rawr|Fone [~AndChat52@c-4eb4e655.020-164-6d6c6d4.bbcust.telenor.se] has joined #tlponies
14:50:16 -!- Rawr|Fone [~AndChat52@c-4eb4e655.020-164-6d6c6d4.bbcust.telenor.se] has joined #tlponies
14:58:40 -!- Golly [~kvirc@cm-84.213.21.103.getinternet.no] has joined #tlponies
15:05:31 -!- sweetiebot [~skybot@209.141.41.184] has joined #tlponies
15:16:06 <Dot|Phone> BioPhone: you going to make dnd sat? 
15:16:55 <BioPhone> I should be, sry was werkin
15:17:15 <Dot|Phone> Np. That just gets me 4 yes. So I can go ahead
15:18:51 <Dot|Phone> I'm just being impatient
15:20:41 <reification> time to go
15:55:11 -!- Crisium [~Crisium@c-24-3-150-105.hsd1.pa.comcast.net] has joined #tlponies
15:55:26 <BioPhone> We playing our rescue bois yes?
15:55:39 <BioPhone> Hopefully discord doesn't shit itself
16:00:15 -!- Rawr|Fone [~AndChat52@c-4eb4e655.020-164-6d6c6d4.bbcust.telenor.se] has joined #tlponies
16:00:21 <Dot|Phone> Yes. You still need to rescue the unfortunate souls
16:00:31 <Dot|Phone> If they live
16:07:00 <Dot|Phone> I look forward to more mildly senile dorf druid 
16:25:47 -!- Camail [~Camail@45.40.84.145] has joined #tlponies
16:25:47 -!- mode/#tlponies [+v Camail] by Q
16:26:44 <Dot|Phone> Cam! 
16:26:52 <Camail> dot.
16:27:07 <Dot|Phone> It's nice to continue to live
16:27:21 <Dot|Phone> You
16:30:26 <Camail> yup, keep on trucking
16:30:27 <Camail> all the trucks
16:30:39 <Camail> honk honk
16:33:43 -!- skrm [webchat@pioj.eid3.887x.ip] has joined #tlponies
16:43:02 <skrm> huh
16:44:47 <Camail> honk.
16:48:04 <skrm> boing boing
16:53:56 <Rawr|Fone> Jonas
17:03:56 <skrm> henrikk
17:07:32 -!- Dot` [webchat@cloak-6bkyd833.120.143.150.dyn.plus.net] has joined #tlponies
17:07:40 <Dot`> pon pon
17:21:48 -!- Rawr|Phone [~AndChat52@m83-187-174-151.cust.tele2.se] has joined #tlponies
17:22:11 <skrm> ot dot
17:31:11 -!- sweetiebot [~skybot@209.141.41.184] has joined #tlponies
17:32:28 <Dot`> no u
17:45:19 <Runbunny> Halp.
17:47:20 <Runbunny> Pc stop dying!
17:55:22 <Dot`> oh dear
18:09:18 -!- reification [~thomas@cpc76294-cosh16-2-0-cust297.6-1.cable.virginm.net] has joined #tlponies
18:09:18 -!- mode/#tlponies [+v reification] by Q
18:16:01 <Runbunny> Welcome back Reif.
18:19:18 <Micen> hello, good afternoon
18:23:08 -!- Zounds [webchat@cloak-07ouvien.14-2.cable.virginm.net] has joined #tlponies
18:23:10 <Zounds> pons
18:28:45 <Crisium> zons
18:29:26 <Dot`> Zounds <3
18:29:38 <Zounds> hi
18:32:14 <skrm> zøønds
18:33:06 <Zounds> hello
18:40:45 <Runbunny> reification, https://www.youtube.com/watch?v=1vJgO1eZbKs
18:42:41 <skrm> such violence
18:45:20 <reification> lol
18:45:53 <reification> hello bun, micen
18:46:29 <reification> skram the v in vtuber also stands for violent
18:48:37 <BioPhone> Why are the potatoes violent tho
18:53:38 <reification> years of being dug up from peaceful slumber, cut apart, boiled alive and eaten
18:53:51 <reification> runbunny https://www.youtube.com/watch?v=boW9VgzOV8c
18:59:04 <reification> dot https://www.reddit.com/r/AIDungeon/comments/er1otl/i_decided_to_read_a_book_in_the_game_and_was/
19:03:47 <Dot`> we all know the trebuche is the only true form of transportation
19:05:16 <Golly> only if youre 90kg tho
19:14:21 <Dot`> weight goals
19:43:12 <Zounds> pons up to much
19:43:50 <Dot`> eating supper
19:44:45 <Dot`> hows about you
19:48:39 <Zounds> mjah nothing too exciting
19:53:15 <BioPhone> Just werk things
20:00:59 <skrm> I drove the fork lifter zounds
20:01:09 <Zounds> cool
20:01:10 <skrm> with the extendable trunk
20:01:29 <skrm> its for picking up forks that are all the way over there
20:06:00 <Dot`> did you stab anyone with the forks?
20:06:07 <Dot`> or did you remember the video 
20:07:05 <skrm> what?
20:14:00 <Dot`> the fork lift saftey video
20:15:59 <skrm> oh haha
20:16:03 <skrm> stapelfuhrer klaus
20:16:22 <skrm> managed to dodge the guy with the chainsaw
20:31:56 <Dot`> good job
20:37:25 <BioPhone> I think I saw that safety vid
20:48:35 <skrm> .tell bio https://www.youtube.com/watch?v=YKrKKOx7NiY
20:51:19 <BioPhone> Good old tik tok mems
20:51:36 <Rawr|Phone> Jonas
20:52:05 <skrm> yass
20:52:32 <Rawr|Phone> Is this what you do at work
20:55:05 <Runbunny> reification, https://twitter.com/c0rn3r/status/1218906227238817792
20:55:44 <BioPhone> I wanna look at mems at work
20:56:15 <Dot`> then do it bio
20:56:24 <Dot`> be the meme you want to see
20:59:01 <BioPhone> https://i.redd.it/s17sfqqvlsb41.jpg
20:59:20 <BioPhone> All I have time for, meeting now
21:00:44 <skrm> bio u weeb
21:02:00 <BioPhone> No u
21:12:15 <reification> i was watching children of men on bluray zounds
21:12:21 <reification> it's still a great film
21:12:51 <reification> that i remembered from the long takes in 1917
21:14:12 <Dot`> i heard 1917 is pretty good
21:15:20 <reification> worth seeing it on the big screen i would say
21:15:56 <reification> runbun it is appropriate for you to post pekora
21:17:16 <reification> also today i ate christmas leftover white chocolate carrots sainsbury's were selling for pennies
21:21:27 <Runbunny> Pekora is pretty cute.
21:22:27 <Runbunny> Though I was just awarded a Haato nickname on a discord server I frequent.
21:22:55 -!- Rawr|Fone [~AndChat52@c-4eb4e655.020-164-6d6c6d4.bbcust.telenor.se] has joined #tlponies
21:26:55 <Zounds> nice reif
21:41:53 -!- Rawr|Fone [~AndChat52@c-4eb4e655.020-164-6d6c6d4.bbcust.telenor.se] has joined #tlponies
21:58:27 <reification> you and your discord servers runbun
22:00:24 <Runbunny> This is pretty much the only one I actively follow, other ones I am mostly just there and then I have one me and friends uses for voice chat.
22:01:31 -!- Rial [~Rial@p2668219-ipngn201306tokaisakaetozai.aichi.ocn.ne.jp] has joined #tlponies
22:06:28 <Zounds> hey
22:07:47 <reification> hi rial
22:13:40 <BioPhone> Meeting over
22:14:19 <BioPhone> I hope everyone enjoyed my persona mem
22:26:08 <Rial> `hihi
22:26:21 <Dot`> bio, did they discuss diversifying thier assets and increasing productivity by manging customer expectations?
22:30:49 <BioPhone> Nah, they told me their shit i/o mapping
22:31:23 <BioPhone> It was basically we dont know shit, figure it out for us
22:35:44 -!- skram [~skram@213.232.87.82] has joined #tlponies
22:37:42 <reification> skram is back with an a
22:38:34 <Dot`> aaaaa
22:39:23 <reification> did you enjoy ep 2 of ishuzoku reviewers?
22:40:32 <skram> pals
22:40:40 <skram> i dont know reif, it might be too trashy even for me
22:41:23 <reification> is such a thing possible?
22:41:53 <skram> hmm logically such a limit does exist
22:41:59 <Dot`> doubt it
22:42:13 -!- Rawr|Fone [~AndChat52@85.230.180.78] has joined #tlponies
22:44:48 <Zounds> nn horsen
22:44:52 <reification> night zounds
22:45:23 <reification> .tell zounds wow a whole 4 seconds notice D:
22:47:14 <Dot`> dub law!
22:47:18 <Rawr|Fone> How rude
22:59:16 <BioPhone> Dublaw
23:09:24 <BioPhone> Poenz
23:10:18 <reification> boi
23:15:34 <BioPhone> Imma get me some foods here in a sec
23:16:07 <BioPhone> Jw what imma get
23:23:28 -!- BioPone [~androirc@mobile-166-177-56-96.mycingular.net] has joined #tlponies
23:36:07 -!- DuB` [DuB@cpe-68-174-122-249.nyc.res.rr.com] has joined #tlponies
23:44:00 <reification> the dub is here https://danbooru.donmai.us/posts/3754988
23:44:03 <DuB`> donmai donmai
23:46:55 <Bio> the me
23:46:57 <Bio> is home
23:47:22 <reification> did you get good food?
23:48:48 -!- carcinisation [~thomas@cpc76294-cosh16-2-0-cust297.6-1.cable.virginm.net] has joined #tlponies
23:48:48 -!- mode/#tlponies [+v carcinisation] by Q
