00:02:56 <carcinisation> ty bun
00:03:02 <carcinisation> night all
00:03:06 <Zounds> nn
00:03:09 <Dot`> gnight reif
00:24:15 <Runbunny> I guess it's sleep time.
00:24:18 <Runbunny> Goodnight!
00:24:21 <Dot`> aww
00:24:24 <Dot`> gnight bun
00:30:20 <Dot`> dub, what doing
00:32:04 <DuB`> Dunno
00:32:26 <DuB`> Looking for something to be doing!
00:36:22 <Dot`> hmm
00:36:40 <Dot`> have you tried making a stack of DnD characters you will never get to use?
00:37:28 <DuB`> ... no
00:38:28 <Bio> ?biostream
00:38:35 <Bio> tune in for gold elims gold healing zen
01:32:21 <DuB`> https://xkcd.com/2286/
01:44:10 -!- Rawr|Fone [~AndChat52@c-94cfe455.020-164-6d6c6d4.bbcust.telenor.se] has joined #tlponies
01:45:03 -!- Micen_ [~Micen@h6.74.23.98.dynamic.ip.windstream.net] has joined #tlponies
01:45:35 <Zounds> nn pon
01:56:56 <Camail> randall is wrong
01:57:01 <Camail> we dont care just about a circle
01:57:08 <Camail> it needs to be a sphere of isolation
01:57:19 <Camail> meaning we can fit more horses above, and potentially below, our persons
01:57:33 <DuB`> Aha
04:02:20 -!- Rawr|Fone [~AndChat52@c-94cfe455.020-164-6d6c6d4.bbcust.telenor.se] has joined #tlponies
04:03:10 <Bio> good strim
04:03:26 <Bio> but ow my hand
04:10:28 -!- Cane [~Cane@CaneCraft.users.quakenet.org] has joined #tlponies
04:10:28 -!- mode/#tlponies [+o Cane] by Q
04:38:57 -!- Micen_ [~Micen@h6.74.23.98.dynamic.ip.windstream.net] has joined #tlponies
05:41:28 -!- Micen_ [~Micen@h6.74.23.98.dynamic.ip.windstream.net] has joined #tlponies
07:43:25 -!- Golly [~kvirc@cm-84.213.21.103.getinternet.no] has joined #tlponies
07:44:18 -!- Rawr|Fone [~AndChat52@c-94cfe455.020-164-6d6c6d4.bbcust.telenor.se] has joined #tlponies
07:44:53 -!- Micen_ [~Micen@h6.74.23.98.dynamic.ip.windstream.net] has joined #tlponies
08:11:37 -!- Rawr|Fone [~AndChat52@c-94cfe455.020-164-6d6c6d4.bbcust.telenor.se] has joined #tlponies
09:34:07 -!- Dot|Phone [uid393803@id-393803.brockwell.irccloud.com] has joined #tlponies
09:35:00 -!- skram [~skram@134.19.189.124] has joined #tlponies
09:47:49 -!- Dot` [webchat@cloak-puzvreye.123.7.51.dyn.plus.net] has joined #tlponies
09:54:46 -!- Dot` [webchat@cloak-puzvreye.123.7.51.dyn.plus.net] has joined #tlponies
09:58:44 <Dot`> morning
10:00:18 <Cane> Hiya Dot`. <3
10:00:26 <Dot`> <3
10:16:51 -!- reification [~thomas@cpc76294-cosh16-2-0-cust297.6-1.cable.virginm.net] has joined #tlponies
10:16:51 -!- mode/#tlponies [+v reification] by Q
10:17:12 <Dot`> reif!
10:17:24 <reification> dotties!
10:18:18 <Dot`> i have to go outside later, to get milk :(
10:19:13 <reification> yes, i should have gotten more uht milk
10:28:05 -!- Runbunny [~Bunnykitt@91.100.28.10.generic-hostname.arrownet.dk] has joined #tlponies
10:28:10 <reification> hello bub
10:28:12 <reification> *bun
10:28:35 <Runbunny> Hai.
10:33:08 <Dot`> runbun!
10:34:56 <Runbunny> Dot!
10:43:18 <Dot`> hows you
10:51:35 -!- Micen_ [~Micen@h6.74.23.98.dynamic.ip.windstream.net] has joined #tlponies
10:53:36 <Runbunny> I'm all right
10:53:44 <Runbunny> Didn't sleep that well though
10:56:50 <Dot`> :/
11:00:25 <reification> you need to stay healthy for your volunteering bun!
11:12:20 <Runbunny> I am!
11:12:43 <Runbunny> I have yet to hear from them though.
11:30:24 <reification> we are going to lose an our of sleep tomorrow D:
11:38:15 <Runbunny> Great!
11:50:04 <Rawr|Fone> Hmm
11:50:07 <Rawr|Fone> Horse
11:51:54 <Runbunny> Rawr.
11:52:24 <Rawr|Fone> Runbunny.
12:27:43 -!- Rawr|Fone [~AndChat52@c-94cfe455.020-164-6d6c6d4.bbcust.telenor.se] has joined #tlponies
12:35:33 <Dot`> i return
12:35:37 <Dot`> went to the shops
12:45:55 <reification> did you get anything good?
12:46:17 <Dot`> just bread and milk :(
12:46:23 <Dot`> i shoul dhave got cookies
12:46:45 <reification> yes
12:47:27 <reification> i suggest making fewer but bigger shopping trips
12:47:43 <Dot`> i dont need anything else for at least a week
13:06:47 -!- Rawr|Fone [~AndChat52@c-94cfe455.020-164-6d6c6d4.bbcust.telenor.se] has joined #tlponies
13:07:51 <Dot`> Rawr Rawr Rawr
13:27:50 -!- carcinisation [~thomas@cpc76294-cosh16-2-0-cust297.6-1.cable.virginm.net] has joined #tlponies
13:27:50 -!- mode/#tlponies [+v carcinisation] by Q
13:56:09 -!- Rawr|Fone [~AndChat52@c-94cfe455.020-164-6d6c6d4.bbcust.telenor.se] has joined #tlponies
13:58:41 <carcinisation> .tell skram "Horses have hair, because they count as human, for obvious reasons" <- does this explain you
14:00:29 <Rawr|Fone> 🤔🤔🤔
14:09:16 <Runbunny> https://i.imgur.com/14COhR2.png
14:19:30 -!- DuB` [DuB@cpe-68-174-122-249.nyc.res.rr.com] has joined #tlponies
14:24:35 <Dot`> dub dub
14:25:41 <DuB`> dot dot
14:25:42 <DuB`> morn
14:28:03 -!- Rawr|Fone [~AndChat52@c-94cfe455.020-164-6d6c6d4.bbcust.telenor.se] has joined #tlponies
14:34:34 <Runbunny> Dub.
14:35:26 <DuB`> Runbunny.
14:35:58 <Runbunny> Let me know if you want to red dragon at some point.
14:36:13 <DuB`> I'll brekfist then red dragon!
14:37:07 <Runbunny> !!!
15:02:50 -!- reimeuk [~thomas@cpc76294-cosh16-2-0-cust297.6-1.cable.virginm.net] has joined #tlponies
15:02:50 -!- mode/#tlponies [+v reimeuk] by Q
15:25:19 -!- Rawr|Fone [~AndChat52@c-94cfe455.020-164-6d6c6d4.bbcust.telenor.se] has joined #tlponies
15:30:18 -!- Crisium [~Crisium@c-24-3-150-105.hsd1.pa.comcast.net] has joined #tlponies
15:31:17 -!- tredc [~tredc@c83-254-129-166.bredband.comhem.se] has joined #tlponies
15:37:26 <Dot`> hey Crisium 
15:37:31 <Crisium> howdy
15:39:33 <Golly> https://www.youtube.com/watch?v=Lf2rZqfYNPA thats
15:39:41 <Golly> quite lively for a ded game
16:06:46 -!- Camail [~Camail@45.40.84.145] has joined #tlponies
16:06:47 -!- mode/#tlponies [+v Camail] by Q
16:06:55 <Dot`> cawm
16:18:35 <Camail> doot
16:25:47 -!- Rawr|Fone [~AndChat52@c-94cfe455.020-164-6d6c6d4.bbcust.telenor.se] has joined #tlponies
16:47:29 <reimeuk> bio https://twitter.com/GalagaWiki/status/1243630340301873152
16:52:31 <Bio> gmorn
16:57:28 <Dot`> morn
17:35:20 <Bio> asdf
17:50:45 <Runbunny> Bio-san.
17:51:09 <Bio> bun
18:07:33 <Dot`> reif, runbun https://imgur.com/gallery/JrUZMot
18:13:48 <DuB`> Camail, I think the Lunastra palico set is about to get out-fancy-ed https://twitter.com/MHinfo_en/status/1243840287509598208?s=20
18:14:21 <Camail> those are two different eras of fancy
18:14:51 <Camail> but it is much frillier 
18:15:17 <Camail> oh god, the eye rose
18:15:21 <Camail> that's peak anime
18:15:33 <Camail> like, plant the flag you've reached the summity of anime
18:16:03 <DuB`> Those sets are awful lol
18:16:09 <DuB`> Too flowers
18:16:25 <Runbunny> I got exactly one legiana fellwing Dub O:
18:16:35 <DuB`> lol
18:16:50 <DuB`> We killed two! Or was it three
18:16:58 <Runbunny> Two!
18:17:21 <Runbunny> reimeuk, https://www.youtube.com/watch?v=xcmfGKh7aY0&feature=youtu.be
18:27:42 <reimeuk> very helpful bun
18:53:26 -!- Rawr|Fone [~AndChat52@c-94cfe455.020-164-6d6c6d4.bbcust.telenor.se] has joined #tlponies
19:04:47 -!- Rawr|Fone [~AndChat52@c-94cfe455.020-164-6d6c6d4.bbcust.telenor.se] has joined #tlponies
19:11:05 <Camail> where the hell is skram
19:11:14 <Camail> we need to shot and/or loot
19:11:20 <DuB`> Dnd nows
19:11:26 <DuB`> But yes where is skram it's dnd time!
19:11:31 <Camail> last week it was sunday
19:11:45 <DuB`> There is also dnd tomoro
19:11:45 <Camail> you fellas need to be more consistent
19:11:56 <Camail> wtf
19:12:06 <Camail> two campaigns seems like a lot
19:12:19 <Camail> 12 hours of dnd a week would burn me out
19:12:37 <Dot`> 12 hours?
19:12:40 <Dot`> its more like 6
19:24:11 -!- Rawr|Fone [~AndChat52@c-94cfe455.020-164-6d6c6d4.bbcust.telenor.se] has joined #tlponies
19:38:42 <Camail> dub said dnd was today and tomorrow
19:40:05 <Dot`> yea, but mostly about 3 hour session, sometimes 4
19:40:18 <Dot`> not 6 hours at a time
19:40:19 <Runbunny> reimeuk, https://www.youtube.com/watch?v=c3C9U8I_wXQ
19:43:48 <Camail> this is why japanese is a strictly inferior language
19:56:08 -!- Dot` [webchat@cloak-puzvreye.123.7.51.dyn.plus.net] has joined #tlponies
20:11:52 -!- Rawr|Fone [~AndChat52@c-94cfe455.020-164-6d6c6d4.bbcust.telenor.se] has joined #tlponies
20:32:56 -!- skram [~skram@82.147.53.121] has joined #tlponies
20:41:47 -!- Rawr|Fone [~AndChat52@c-94cfe455.020-164-6d6c6d4.bbcust.telenor.se] has joined #tlponies
20:42:16 <Rawr|Fone> 🐴🐴🐴
20:43:25 <Dot`> rawr rawr rawr
20:43:47 <Rawr|Fone> DoT DoT DoT
20:43:49 <Rawr|Fone> ❤❤❤
20:44:16 <Dot`> <3 <3 <3
20:53:20 -!- carcinisation [~thomas@cpc76294-cosh16-2-0-cust297.6-1.cable.virginm.net] has joined #tlponies
20:53:20 -!- mode/#tlponies [+v carcinisation] by Q
22:04:29 -!- Rawr|Fone [~AndChat52@c-94cfe455.020-164-6d6c6d4.bbcust.telenor.se] has joined #tlponies
22:23:02 -!- Rawr|Fone [~AndChat52@c-94cfe455.020-164-6d6c6d4.bbcust.telenor.se] has joined #tlponies
22:31:01 -!- Rawr|Fone [~AndChat52@c-94cfe455.020-164-6d6c6d4.bbcust.telenor.se] has joined #tlponies
22:41:57 -!- Rial [~Rial@p452019-ipngn200305sasajima.aichi.ocn.ne.jp] has joined #tlponies
22:59:01 -!- Rawr|Fone [~AndChat52@c-94cfe455.020-164-6d6c6d4.bbcust.telenor.se] has joined #tlponies
23:13:26 -!- Rawr|Fone [~AndChat52@c-94cfe455.020-164-6d6c6d4.bbcust.telenor.se] has joined #tlponies
23:15:01 <Camail> Runbunny  just got a shav's from the void
23:15:08 <Camail> probably the first time i've ever got something good from that
23:32:23 <Rial> Morning, all
23:32:36 <skram> good morning rial
23:32:39 <skram> how's the future
23:41:14 -!- Rawr|Fone [~AndChat52@c-94cfe455.020-164-6d6c6d4.bbcust.telenor.se] has joined #tlponies
23:42:02 <Runbunny> Nice Camail!
23:42:40 <Runbunny> I am certain that I haven't gotten anything decent from it.
23:50:23 <Rial> Japan is finally starting to take the current situation seriously
23:51:22 <skram> stay safe out there
23:53:01 <Crisium> https://nypost.com/2020/03/27/first-known-cat-infected-with-coronavirus-reported-in-belgium/
23:53:10 <skram> oh no
23:57:40 -!- Rawr|Fone [~AndChat52@c-94cfe455.020-164-6d6c6d4.bbcust.telenor.se] has joined #tlponies
23:58:29 <Rial> oh, I saw that this morning too ;w; wish they had more information
