00:02:42 <reification> night all
00:03:20 <Crisium> nn reif
00:16:04 <Crisium> https://video.twimg.com/ext_tw_video/1233113368610975744/pu/vid/480x480/diBJlHXp5a5apYa_.mp4?tag=10
00:25:40 -!- Rawr|Fone [~AndChat52@c-94cfe455.020-164-6d6c6d4.bbcust.telenor.se] has joined #tlponies
00:49:13 <Runbunny> I guess it's time to sleep.
00:49:30 <skram> is it?
00:49:36 <Runbunny> Yes.
00:49:39 <skram> Aww.
00:49:44 <Runbunny> Goodnight Jonas.
00:49:50 <skram> godnat andersdreng
00:49:59 <Runbunny> Grabbar
00:53:27 -!- BioPone [~androirc@097-070-165-146.res.spectrum.com] has joined #tlponies
00:56:52 -!- BioPone [~androirc@097-070-165-146.res.spectrum.com] has joined #tlponies
01:38:30 <Dot`> pon pon
01:42:28 <DuB`> Dot is still wake!
01:42:44 <Dot`> i think
01:42:51 <Dot`> though i died many times in Tarkov
01:43:18 <Dot`> i did a really good fight and clutched a 3v1 fight first raid against high level players
01:43:29 <Dot`> after that i couldnt do anything any other raids
01:50:55 <DuB`> 3v1 hero
01:51:34 <DuB`> I'm sure many poor scavs fell
01:53:36 <Dot`> nope
01:53:44 <Dot`> never got a single scav kill
01:53:47 <Dot`> it was sad
01:58:54 <Dot`> oh well, more tomorow, then dnd
01:59:05 <Dot`> maybe dnd prep at some point? who knows? 
01:59:18 <Dot`> its not like i have anything to prep for
02:18:32 -!- BioPone [~androirc@097-070-165-146.res.spectrum.com] has joined #tlponies
02:20:20 <Dot`> CockRoach|42 https://imgur.com/gallery/rij71KH
02:45:21 <Dot`> is ther no other EU left?
02:45:24 <Dot`> hmm
02:45:34 <Dot`> even skram has abandoned me
02:45:54 <DuB`> o no
03:06:28 <Rial> It is too late, folks
03:06:59 <Rial> If things go awry, I may have to clean my butt by means other than toilet paper
03:24:57 -!- Rawr|Fone [~AndChat52@c-94cfe455.020-164-6d6c6d4.bbcust.telenor.se] has joined #tlponies
04:20:38 -!- Rawr|Fone [~AndChat52@c-94cfe455.020-164-6d6c6d4.bbcust.telenor.se] has joined #tlponies
06:08:18 -!- Rawr|Fone [~AndChat52@c-94cfe455.020-164-6d6c6d4.bbcust.telenor.se] has joined #tlponies
07:41:05 -!- Rawr|Fone [~AndChat52@c-94cfe455.020-164-6d6c6d4.bbcust.telenor.se] has joined #tlponies
07:58:05 -!- Golly [~kvirc@cm-84.213.21.103.getinternet.no] has joined #tlponies
08:15:06 -!- Rawr|Fone [~AndChat52@85.228.207.148] has joined #tlponies
08:25:05 <CockRoach|42> .tell dot` <3
09:10:17 -!- Zounds [webchat@cloak-07ouvien.14-2.cable.virginm.net] has joined #tlponies
09:10:24 <Zounds> pon
09:16:24 <Rawr|Fone> Zoonds
09:18:49 -!- Dot` [webchat@cloak-jlzhn5po.230.208.46.dyn.plus.net] has joined #tlponies
09:19:04 <Dot`> morning
09:21:39 <Rawr|Fone> DoT DoT DoT
09:21:42 <Rawr|Fone> ❤❤❤
09:25:07 <Dot`> Rawr Rawr Rawr
09:25:09 <Dot`> <3 <3 <3
09:32:31 -!- Runbunny [~Runbunny@91.100.28.10.generic-hostname.arrownet.dk] has joined #tlponies
09:32:57 <Dot`> Angel <3
09:33:57 <Runbunny> Hai.
09:34:28 <Rawr|Fone> Anders.
09:34:32 <Runbunny> Henrik.
09:41:57 <Zounds> hey
09:42:53 <Runbunny> Hey Zounds.
09:43:02 <Runbunny> How are things?
09:43:28 <Zounds> Not bad roon, got a nice chill weekend infront of me
09:43:43 <Runbunny> Has Dot recruited you to his fancy cheese club yet?
09:43:55 <Runbunny> Nice with a chill weekend.
09:44:41 <Zounds> Not officially but that sounds interesting
09:47:42 <Zounds> send me an application pack dot
09:51:23 -!- reification [~reificati@cpc76294-cosh16-2-0-cust297.6-1.cable.virginm.net] has joined #tlponies
09:53:02 <Runbunny> Hai Reif.
09:53:22 <reification> hello bun
09:53:45 <reification> how are you this rare bonus day?
09:54:09 <Zounds> reef
09:54:18 <reification> zounds!
09:56:12 <Dot`> Hey Zounds, Reif <3
09:56:29 <Dot`> zounds, in order to join you have to awnser a question
09:56:32 <reification> dotties <3
09:56:36 <Dot`> whats your favorite cheese
09:56:42 <Zounds> cheddar
09:56:52 <Dot`> nice
09:57:04 <reification> pleb answer :p
09:57:15 <Dot`> all cheese is good cheese
09:57:22 <Dot`> we dont gatekeep cheese
09:57:57 <reification> i guard my cheese very fiercly actually ;p
09:58:23 <Zounds> its not hte only cheese i like but it is my fave
10:02:16 <reification> as long as you don’t cut the rind off brie it’s ok…
10:03:41 <Dot`> what if you cut off the rind to eat it 
10:04:09 <reification> weird but not a crime
10:05:04 <Zounds> what do you guys like in your french onion soup
10:06:03 <Zounds> gruyère? provolone? something else entirely?
10:06:35 <Runbunny> I'm pretty good.
10:06:57 <reification> i haven’t had french onion soup in like 20 years, and back then i took what i was given
10:07:14 <Dot`> i dont know if ive ever had french onion soup
10:08:18 <reification> runbun for arknghts how do you register an acount with yostar?
10:09:30 <reification> i would probably go gruyere now zounds as my fave hard cheese
10:13:50 <Zounds> I'm a gruyére man myself but I wont complain either way
10:14:53 <Zounds> Cheddar might be the pleb choice but a lunchbox with a cheese 'n branston pickle sammich has seen me through many work days
10:15:12 <Zounds> cheddar*
10:15:21 <reification> oh and remember to be careful in case you are proposed to today! https://www.mirror.co.uk/news/weird-news/tradition-behind-women-proposing-leap-21571801
10:15:25 <Dot`> applewood smoked cheddar is best cheddar
10:15:51 <reification> cheddar is a fine cheese for it’s uses
10:20:07 -!- Dot` [webchat@cloak-jlzhn5po.230.208.46.dyn.plus.net] has joined #tlponies
10:20:08 <Dot`> hmm
10:20:38 <Rawr|Fone> Hmm
10:24:47 <Runbunny> Yeah Reif that is what I did.
10:27:00 <reification> bun you appear to have missed the word “how”. where is registration?
10:27:11 <Runbunny> I just pressed the yostar thing, then it wanted me to put in my email and it send me a mail.
10:27:32 <Runbunny> There's a button called send activation code or something I think
10:27:37 <reification> oh it didn’t send me mail…
10:28:32 <reification> so i assumed you had to sign up elsewhere and just played as guest
10:28:37 <reification> i will try again
10:29:15 <Runbunny> well it went directly to my unwanted mail section
10:35:58 <reification> works now, so no problem
10:48:39 -!- Micen_ [~Micen@h6.74.23.98.dynamic.ip.windstream.net] has joined #tlponies
11:21:04 <reification> https://i.redd.it/8s0spit29sj41.jpg
11:23:16 -!- tredc [~tredc@c83-254-129-166.bredband.comhem.se] has joined #tlponies
12:48:44 -!- skram [~skram@213.232.87.112] has joined #tlponies
12:49:54 <Dot`> Jonas friend <3
12:53:02 <Zounds> jonas pal
12:53:32 <skram> Bjør, zounds
12:53:36 <skram> lads
12:56:51 <Zounds> o/
13:08:05 -!- Rawr|Fone [~AndChat52@c-94cfe455.020-164-6d6c6d4.bbcust.telenor.se] has joined #tlponies
13:12:22 <CockRoach|42> Dot`!
13:12:32 <CockRoach|42> Dot`: https://i.imgur.com/LrehbtJ.jpg
13:13:17 <Runbunny> Snek.
13:20:16 <reification> ooh shiny
13:33:39 -!- Zounds [webchat@cloak-07ouvien.14-2.cable.virginm.net] has joined #tlponies
13:34:00 <Dot`> snek
13:53:07 -!- Micen_ [~Micen@h6.74.23.98.dynamic.ip.windstream.net] has joined #tlponies
14:04:52 -!- skrma [~skram@213.232.87.86] has joined #tlponies
14:20:36 <Rawr|Fone> Skram
14:25:45 -!- DuB` [DuB@cpe-68-174-122-249.nyc.res.rr.com] has joined #tlponies
14:26:01 <DuB`> Morn morn
14:26:32 <Rawr|Fone> Dub dub
14:26:38 <reification> dubbles!
14:26:39 <Rawr|Fone> Good afternoon
14:28:18 <DuB`> O no
14:28:23 <DuB`> There's a monster hunter movie
14:28:26 <DuB`> Haha
14:28:29 <Dot`> dub dub
14:28:53 <DuB`> dot!
14:45:31 -!- Rawr|Fone [~AndChat52@c-94cfe455.020-164-6d6c6d4.bbcust.telenor.se] has joined #tlponies
15:14:29 <Zounds> buttlords
15:14:32 <Zounds> what are folks up to
15:16:46 <skrma> thinkin bout dinner zounds
15:16:48 <skrma> any advice?
15:19:09 <Zounds> pulled pork sammich
15:19:31 <skrma> that does sound delicious but thats like a lunch meal
15:19:40 <Zounds> make a big one
15:20:39 <Zounds> or put it in a pile nachos and all the gooey goodness that goes with 'em
15:20:55 <skrma> ooh
15:21:22 <skrma> thats a pretty good idea
15:24:29 <Zounds> yeh made myself hungry now
15:24:43 <DuB`> mmmm
15:47:18 <reification> i return from gym but must soon go obtain food for tea
15:47:24 <reification> pork pie sounds good
16:00:29 -!- Rawr|Fone [~AndChat52@c-94cfe455.020-164-6d6c6d4.bbcust.telenor.se] has joined #tlponies
16:09:03 <DuB`> But was it leg day?
16:11:48 <reification> i am not doing a split atm dub so yes and no
16:12:22 <reification> my shimoneta blu-ray from last year finally arrived so it can be pantsu day later
16:12:49 <DuB`> o my
16:13:03 <DuB`> I watched that one
16:13:27 <skrma> spicy
16:18:33 -!- Rawr|Fone [~AndChat52@c-94cfe455.020-164-6d6c6d4.bbcust.telenor.se] has joined #tlponies
16:34:03 <Bio> asdf
17:08:35 <Dot`> pon
17:09:50 <skrma> guess what dot
17:11:41 <Dot`> your going for a nap in 2 hours
17:11:54 <skrma> ah good plan but no
17:12:04 <skrma> im making pizza on a saturday
17:12:25 <Dot`> what a rebel you are
17:12:51 <Dot`> whats going on it?
17:21:21 <skrma> sugar
17:21:22 <skrma> spice
17:21:24 <skrma> everything nice
17:24:24 <Zounds> sounds more like a pancake
17:35:35 -!- Zounds_ [webchat@cloak-07ouvien.14-2.cable.virginm.net] has joined #tlponies
17:35:45 <reification> ?pancakes
17:45:36 -!- Micen_ [~Micen@98.23.74.6] has joined #tlponies
19:01:09 <Dot`> skram fashnably late as usual
19:03:29 <Bio> He's nothing if not fasnabl
19:03:46 <skrma> so fasnbl
19:33:41 -!- Rawr|Fone [~AndChat52@c-94cfe455.020-164-6d6c6d4.bbcust.telenor.se] has joined #tlponies
20:44:40 <Rawr|Fone> 🐴
21:11:20 -!- Rawr|Fone [~AndChat52@c-94cfe455.020-164-6d6c6d4.bbcust.telenor.se] has joined #tlponies
21:24:00 -!- Rawr|Fone [~AndChat52@c-94cfe455.020-164-6d6c6d4.bbcust.telenor.se] has joined #tlponies
21:54:02 -!- Rawr|Fone [~AndChat52@c-94cfe455.020-164-6d6c6d4.bbcust.telenor.se] has joined #tlponies
22:40:24 <Dot`> Rawr Rawr Rawr
22:40:38 <Rawr|Fone> DoT DoT DoT
22:40:45 <Rawr|Fone> ❤❤❤
22:45:22 <Dot`> <3 <3 <3
23:13:54 -!- Crisium [~Crisium@104.238.32.100] has joined #tlponies
23:20:38 -!- Rial [~Rial@p452129-ipngn200305sasajima.aichi.ocn.ne.jp] has joined #tlponies
23:21:55 <Crisium> Riality
23:39:04 <Dot`> Crisium!
23:39:07 <Dot`> my friend
23:43:48 <CockRoach|42> hors hors
23:49:26 <Dot`> cr!
23:57:35 <Crisium> howdy fren dot
23:59:45 <skrma> https://i.imgur.com/gPFgHcm.mp4
