00:00:36 <BioPone> Asdf
00:00:49 <BioPone> Lazy, time for ramen
00:03:11 <skram> weeb
00:04:25 <BioPone> Nein.
02:12:37 -!- Rawr|Fone [~AndChat52@c-94cfe455.020-164-6d6c6d4.bbcust.telenor.se] has joined #tlponies
03:35:01 -!- Micen [~Micen@h6.74.23.98.dynamic.ip.windstream.net] has joined #tlponies
05:02:44 -!- Rawr|Fone [~AndChat52@c-94cfe455.020-164-6d6c6d4.bbcust.telenor.se] has joined #tlponies
05:40:23 -!- Micen [~Micen@h6.74.23.98.dynamic.ip.windstream.net] has joined #tlponies
06:02:24 -!- Westy543 [Westy543@c-24-130-12-152.hsd1.ca.comcast.net] has joined #tlponies
06:02:24 -!- mode/#tlponies [+v Westy543] by Q
06:41:40 -!- Micen [~Micen@h6.74.23.98.dynamic.ip.windstream.net] has joined #tlponies
07:16:06 -!- Rawr|Fone [~AndChat52@c-94cfe455.020-164-6d6c6d4.bbcust.telenor.se] has joined #tlponies
07:54:47 -!- Dot|Phone [uid393803@2001:67c:2f08:5::6:24b] has joined #tlponies
08:12:16 -!- CellRoach [~AndChat14@m83-185-245-180.cust.tele2.se] has joined #tlponies
08:51:01 <Dot|Phone> Pon Pon
09:04:17 -!- Rawr|Fone [~AndChat52@c-94cfe455.020-164-6d6c6d4.bbcust.telenor.se] has joined #tlponies
09:14:26 -!- Rawr|Fone [~AndChat52@c-94cfe455.020-164-6d6c6d4.bbcust.telenor.se] has joined #tlponies
09:17:07 -!- Rial [~Rial@p452129-ipngn200305sasajima.aichi.ocn.ne.jp] has joined #tlponies
09:17:46 <Rawr|Fone> Good morning rial
09:33:28 <Rial> Good morning!
09:36:56 -!- Golly [~kvirc@cm-84.213.21.103.getinternet.no] has joined #tlponies
09:52:14 <Dot|Phone> Hey rial, Rawr
09:52:29 <Rawr|Fone> DoT DoT DoT
09:52:34 <Rawr|Fone> 💖💖💖
10:19:43 -!- Runbunny [~Runbunny@91.100.28.10.generic-hostname.arrownet.dk] has joined #tlponies
10:19:48 <Rawr|Fone> Anders
10:19:50 <Runbunny> Henrik.
10:20:01 <Rawr|Fone> Dot is not returning my love today
10:20:10 <Rawr|Fone> Quite rude
10:20:40 <Runbunny> if I understand my IRC program correctly, he's only partially online.
10:20:45 <Runbunny> Which might be why.
10:22:30 <Rawr|Fone> Hmm
10:22:44 <Rawr|Fone> I might partially forgive him then
10:22:47 <Runbunny> He'll show up eventually.
10:22:49 <Runbunny> lel.
10:25:22 <Rawr|Fone> How are you today runbun
10:27:03 <Runbunny> I'm all right.
10:27:32 <Runbunny> Didn't sleep that well.
10:28:00 <Rial> For a moment I thought that Dot RAWRed me
10:30:32 <Runbunny> O:
10:30:36 -!- reification [~reificati@cpc76294-cosh16-2-0-cust297.6-1.cable.virginm.net] has joined #tlponies
10:30:54 <Runbunny> Hai Reif.
10:31:03 <Rawr|Fone> Reef reef
10:31:04 <reification> hello bun
10:31:07 <reification> roar roar
10:31:30 <reification> bio https://twitter.com/380kmh/status/1234299112209702912
10:44:30 <Dot|Phone> Oh dear
10:44:33 <Dot|Phone> I'm in a meeting
10:44:46 <Rial> brb updating mirc
10:45:24 -!- Rial [~Rial@p452129-ipngn200305sasajima.aichi.ocn.ne.jp] has joined #tlponies
10:52:00 -!- Rawr|Fone [~AndChat52@c-94cfe455.020-164-6d6c6d4.bbcust.telenor.se] has joined #tlponies
10:52:11 <reification> time for you to play “escapre from meeting” dot
10:52:17 <reification> try to get some good loot
11:13:07 -!- skram [~skram@95.174.67.148] has joined #tlponies
11:22:32 -!- Rawr|Fone [~AndChat52@c-94cfe455.020-164-6d6c6d4.bbcust.telenor.se] has joined #tlponies
11:27:07 <Dot|Phone> Rawr Rawr Rawr 
11:27:10 <Dot|Phone> 💖💖💖
11:27:18 <Dot|Phone> Hedge skram friend
11:59:57 -!- tredc [~tredc@c83-254-129-166.bredband.comhem.se] has joined #tlponies
12:07:32 -!- Rawr|Fone [~AndChat52@c-94cfe455.020-164-6d6c6d4.bbcust.telenor.se] has joined #tlponies
12:37:50 -!- Rawr|Fone [~AndChat52@c-94cfe455.020-164-6d6c6d4.bbcust.telenor.se] has joined #tlponies
12:37:56 <Rawr|Fone> 🐴🐴🐴
12:39:27 <Dot|Phone> 🦓🦓🦓
12:49:56 -!- Micen [~Micen@98.23.74.6] has joined #tlponies
12:52:18 -!- Rawr|Fone [~AndChat52@c-94cfe455.020-164-6d6c6d4.bbcust.telenor.se] has joined #tlponies
12:53:39 <reification> runbunny https://www.youtube.com/watch?v=lXzFy3SI9bc
12:56:57 <Runbunny> Sure is a hamburger.
12:57:31 <Runbunny> https://www.youtube.com/watch?v=54futGN2fmI
12:57:47 <Runbunny> Korone Ib stream.
13:00:18 <reification> oh dear, i’m gonna miss it, or most of it :(
13:00:38 <reification> you will have to keep watch on thee doggo bun
13:21:44 -!- Rawr|Fone [~AndChat52@c-94cfe455.020-164-6d6c6d4.bbcust.telenor.se] has joined #tlponies
13:40:03 -!- Rawr|Fone [~AndChat52@c-94cfe455.020-164-6d6c6d4.bbcust.telenor.se] has joined #tlponies
13:42:43 -!- Rawr|Phone [~AndChat52@m83-187-166-134.cust.tele2.se] has joined #tlponies
14:02:57 -!- BioPhone [~androirc@12.33.239.117] has joined #tlponies
14:06:18 -!- Kittybunny [~Runbunny@91.100.28.10.generic-hostname.arrownet.dk] has joined #tlponies
14:14:04 <Rial> Study https://i.imgur.com/vu0yas0.png
14:22:05 <BioPhone> Morn
14:26:05 <Rial> Hi Bio
14:33:45 <BioPhone> Henlo
14:59:58 <reification> i back but streams won’t load for me bun D:
15:01:18 <reification> have this though https://www.youtube.com/watch?v=uJfG9HCjXkE
15:29:43 -!- skrm [webchat@pioj.eid3.887x.ip] has joined #tlponies
15:32:20 <Dot|Phone> Skrm
15:41:57 <reification> skramu
15:58:02 <Kittybunny> Reif they don't load for me either.
15:58:36 <Kittybunny> So I started digging and now I found a bunch of shit on my pc that I have been installed, somehow.
15:58:55 <Kittybunny> E.g. I have hotspot shield for some reason.
15:59:00 <Kittybunny> however...
15:59:15 <Kittybunny> The uninstall exe isn't there.
15:59:26 <Kittybunny> So I have to manual uninstall it.
16:03:13 -!- Rawr|Fone [~AndChat52@c-94cfe455.020-164-6d6c6d4.bbcust.telenor.se] has joined #tlponies
16:26:41 -!- Rawr|Fone [~AndChat52@m83-187-177-212.cust.tele2.se] has joined #tlponies
17:00:03 -!- Micen_ [~Micen@h6.74.23.98.dynamic.ip.windstream.net] has joined #tlponies
17:19:38 <BioPhone> Asdd
17:19:41 <BioPhone> F
17:23:02 <Kittybunny> Ass.
17:32:53 -!- Dot` [webchat@cloak-jlzhn5po.230.208.46.dyn.plus.net] has joined #tlponies
17:33:15 <Kittybunny> Hello Dot.
17:33:17 <Kittybunny> You made it.
17:33:30 <Dot`> thanks bun <3
17:40:33 <BioPhone> Vell done
18:01:29 -!- Micen_ [~Micen@h6.74.23.98.dynamic.ip.windstream.net] has joined #tlponies
18:19:37 -!- Camail [~Camail@45.40.84.145] has joined #tlponies
18:19:37 -!- mode/#tlponies [+v Camail] by Q
18:21:13 <Dot`> cam, you sick horse
18:21:16 <Dot`> you better yet?
18:21:37 <Camail> mostly
18:21:57 <Dot`> great
18:22:26 <Camail> yup yup
18:31:14 <BioPhone> No Corona in this irc pls
19:21:08 <Rawr|Fone> 🐴🐴🐴
19:45:15 <Dot`> rawr
19:45:17 <Dot`> how was your day
19:45:34 <Rawr|Fone> Pretty good dot
19:45:46 <Rawr|Fone> Gym and then table tennis
19:45:55 <Rawr|Fone> How was your day dear
19:47:56 <Dot`> it was ok rawr, still no work to do so a bit boring
19:48:06 <Rawr|Fone> Hmm
20:13:06 -!- skrm [webchat@pioj.eid3.887x.ip] has joined #tlponies
20:13:15 <skrm> well well well
20:14:30 -!- Rawr|Fone [~AndChat52@c-94cfe455.020-164-6d6c6d4.bbcust.telenor.se] has joined #tlponies
20:15:50 <Dot`> oh boy, its that skram horse
20:28:32 -!- Rawr|Fone [~AndChat52@c-94cfe455.020-164-6d6c6d4.bbcust.telenor.se] has joined #tlponies
20:29:05 <skrm> iama human boy
20:29:06 <skrm> ama
20:29:46 <Rawr|Fone> Are you really though
20:29:58 <Rawr|Fone> I would need proof
20:35:27 <BioPhone> X
20:38:58 -!- Crisium [~Crisium@c-24-3-150-105.hsd1.pa.comcast.net] has joined #tlponies
20:42:57 <skrm> help crisium
20:43:00 <skrm> i am being harassed
20:43:03 <Crisium> oh no
20:43:11 <Crisium> who is attacking skram
20:43:45 <skrm> rawr and dot and bio
20:44:50 <Rawr|Fone> Not true
20:45:40 <BioPhone> That horse thinks hes a lad
20:54:20 <Dot`> lies
20:56:33 <skrm> see?
21:00:37 <Dot`> pls skram
21:00:43 <Dot`> the truth is fact
21:00:57 <Dot`> you cant deny your horsnes
21:08:21 <Crisium> skram is a horse indeed
21:25:14 -!- BioPhone [~androirc@12.33.239.117] has joined #tlponies
21:30:01 -!- BioPhone [~androirc@12.33.239.117] has joined #tlponies
21:30:16 <BioPhone> Almost home time
21:32:03 <Camail> pls
21:37:31 -!- Rawr|Fone [~AndChat52@c-94cfe455.020-164-6d6c6d4.bbcust.telenor.se] has joined #tlponies
21:38:15 -!- BioPone [~androirc@mobile-166-177-59-206.mycingular.net] has joined #tlponies
21:48:25 -!- Rawr|Fone [~AndChat52@c-94cfe455.020-164-6d6c6d4.bbcust.telenor.se] has joined #tlponies
22:03:25 -!- Rawr|Fone [~AndChat52@c-94cfe455.020-164-6d6c6d4.bbcust.telenor.se] has joined #tlponies
22:05:50 -!- Rial [~Rial@p452129-ipngn200305sasajima.aichi.ocn.ne.jp] has joined #tlponies
22:19:12 <Bio> i hom
22:19:22 <Bio> man 
22:19:27 <Bio> today was one of those work days
22:19:34 <Bio> where every little thing was annoying
22:19:37 <Bio> glad to be hom
22:22:04 -!- Bio [~BioPon@097-070-165-146.res.spectrum.com] has joined #tlponies
22:22:16 <Bio> asdf
22:24:17 <Dot`> lkj
22:39:02 -!- skram [~skram@95.174.67.148] has joined #tlponies
22:40:57 <skram> ai
22:41:23 <Bio> skorm
22:41:36 <skram> beo
22:43:01 <Bio> how do
22:43:55 <skram> i have acquired borgar
22:44:05 <Bio> very good
22:44:14 <Bio> i kinda want borger too
22:44:23 <Bio> but i already made the dinner
22:49:51 <Dot`> skram
22:50:06 <Kittybunny> Jonas.
22:53:49 <skram> Bjørn, Anders.
22:54:45 <reification> don’t make me link ars again
22:55:00 <skram> please do
22:55:39 <Kittybunny> reification, https://www.youtube.com/watch?v=h_2qNTNsXYs
22:55:46 <reification> oh you weren’t here for https://www.youtube.com/watch?v=lXzFy3SI9bc
22:56:21 -!- BioSC [~BioPon@097-070-165-146.res.spectrum.com] has joined #tlponies
23:01:59 -!- Rawr|Fone [~AndChat52@c-94cfe455.020-164-6d6c6d4.bbcust.telenor.se] has joined #tlponies
23:03:04 -!- BioHorse [~BioPon@097-070-165-146.res.spectrum.com] has joined #tlponies
23:03:32 <reification> amazing bun
23:05:44 <skram> ars is so pure and innocent its easy to forget the keeps slaves in inhuman conditions and sheep in 1x1x1 pens
23:11:18 <reification> try roa skram
23:12:48 <skram> she's a literal demon reifen
23:18:20 <reification> with a ferocious dog 
23:39:05 -!- BioHorse [~BioPon@097-070-165-146.res.spectrum.com] has joined #tlponies
23:47:55 -!- BioHorse [~BioPon@097-070-165-146.res.spectrum.com] has joined #tlponies
23:52:07 -!- BioHorse [~BioPon@097-070-165-146.res.spectrum.com] has joined #tlponies
