00:27:23 -!- BioPhone [~androirc@097-070-165-146.res.spectrum.com] has joined #tlponies
00:45:46 -!- Camail [~Camail@45.40.84.145] has joined #tlponies
00:45:46 -!- mode/#tlponies [+v Camail] by Q
00:52:32 -!- BioPhone [~androirc@097-070-165-146.res.spectrum.com] has joined #tlponies
01:28:10 <skrm> Camail
01:28:19 <Camail> yo
01:32:08 <skrm> what you been up to buddy
01:51:11 <Bio> asdf
01:51:20 <Bio> hola
01:57:33 <skrm> bio, a boi
02:23:57 <Bio> skrm
02:24:01 <Bio> u lost ur vowel
02:24:12 <skrm> yas
02:24:22 <skrm> is because im at work
02:24:45 <skrm> those management bitches wont let me have no vowels
02:30:33 -!- BioPhone [~androirc@097-070-165-146.res.spectrum.com] has joined #tlponies
02:46:19 <Bio> jerkz
02:51:10 <skrm> the worst
03:10:13 -!- BioPhone [~androirc@097-070-165-146.res.spectrum.com] has joined #tlponies
03:32:13 <DuB`> skrm
03:32:25 <skrm> yeah buddy?
03:33:05 <DuB`> I got the "Viscountess" title in pokemans, so now when I blow up Schoolboy Timmy's weedle with my alakazam and take his lunch money I feel like a real villainess
03:33:14 <DuB`> Sometimes I ohoho
03:34:12 <DuB`> Noble villainess really is the ideal... something
03:49:46 <skrm> the dream, DuB` 
03:49:55 <skrm> every boy wants to be the vilainess when they grow up
03:50:45 <DuB`> srs
05:09:12 <Camail> skrm pls
05:09:45 <Camail> i had a busy day of talking to little cousins
05:09:58 <Camail> now i'm leveling a new spinny boy in poe
05:30:59 <skram> are you the cool cousin cam
05:35:11 <Camail> maybe
06:24:26 <Camail> zzz
06:44:45 -!- Cane [~Cane@CaneCraft.users.quakenet.org] has joined #tlponies
06:44:45 -!- mode/#tlponies [+o Cane] by Q
06:53:58 -!- Rawr|Fone [uid440384@2001:67c:2f08:1::6:b840] has joined #tlponies
06:55:23 -!- Golly [~kvirc@cm-84.213.21.103.getinternet.no] has joined #tlponies
08:26:51 -!- Dot` [webchat@cloak-gilq7zq8.123.7.51.dyn.plus.net] has joined #tlponies
09:00:08 -!- Runbunny [~Bunnykitt@91.100.28.10.generic-hostname.arrownet.dk] has joined #tlponies
09:01:58 <Dot`> Morning Bun
09:39:28 <CockRoach|42> morning horses
09:41:20 <Dot`> Cr hest. hedge
09:43:11 <CockRoach|42> i hope you're being a good horse, dot
09:44:08 <Dot`> im trying my best cr
09:44:11 <Dot`> how about you
09:44:25 <CockRoach|42> i'm always a good boy
09:45:55 <Dot`> suuure
09:46:20 <CockRoach|42> :(
09:46:35 <Dot`> <3
09:46:41 <CockRoach|42> <3 <3 <3
10:24:33 <Dot`> Runbunny https://imgur.com/gallery/cjAG2kD
10:26:42 <Runbunny> Dot.
10:27:15 <Runbunny> Where can I befriend one?
10:28:12 <Dot`> canada and siberia i believe
10:28:15 <Dot`> also norway?
10:28:57 <Runbunny> Even Sweden it seems.
10:30:21 <Dot`> your so close bun, go make friends
10:31:48 <Runbunny> Hmm.
11:14:06 -!- tredc [~tredc@c83-254-129-166.bredband.comhem.se] has joined #tlponies
11:52:46 -!- Rawr|Fone [uid440384@id-440384.highgate.irccloud.com] has joined #tlponies
11:55:10 <Dot`> Rawr Rawr Rawr
12:02:31 <Rawr|Fone> DoT DoT DoT
12:02:35 <Rawr|Fone> ❤❤❤
12:04:19 <Dot`> <3 <3 <3
12:04:22 <Dot`> hows the ping pong
12:17:12 <Rawr|Fone> I just got done dot
12:17:17 <Rawr|Fone> On my way home
13:11:54 <Rawr|Fone> Horse 
13:36:10 -!- reification [~thomas@cpc76294-cosh16-2-0-cust297.6-1.cable.virginm.net] has joined #tlponies
13:36:10 -!- mode/#tlponies [+v reification] by Q
13:44:45 <Runbunny> Hai Reif.
13:45:28 <reification> hi bun
14:20:28 <Dot`> hey reif
14:22:24 <reification> hi dotties
14:31:27 <Dot`> dual disrupter drop incoming from trap?
14:32:19 <Dot`> hmm, not working out
14:38:08 <Dot`> up 2-0, last protoss hope
14:54:49 <Dot`> hmm, not a great game for trap
14:55:03 -!- skram [~skram@95.169.54.114] has joined #tlponies
14:56:48 <Dot`> skram
14:57:04 <Dot`> does this meme make sense https://i.imgur.com/ENaYGhw.jpeg
14:58:00 <skram> hold the press, is that a dacia sandero
14:58:31 <Dot`> aahhh
15:07:08 <Cane> Good news!
15:07:59 <Dot`> lol
15:08:59 <Dot`> skram, how do you distinguish this car from all the other 600 that look the same
15:09:33 <skram> the grill says dacia
15:10:24 <Dot`> hmm
15:17:52 <Runbunny> skram, https://www.youtube.com/watch?v=4FrFfsI_snQ
15:20:42 -!- BioPhone [~androirc@097-070-165-146.res.spectrum.com] has joined #tlponies
15:21:32 <skram>  is this the danish version of that benny benassi video from like 2002
15:22:11 <Runbunny> Not at all.
15:22:23 <Runbunny> It's very current events.
15:23:03 <skram> i dont think people churn butter in 2020??
15:23:28 <Runbunny> I am very certain some people do.
15:23:47 <Runbunny> Or rather they will, when we stop supplying.
15:30:28 <skram> you wouldnt dare
15:33:45 <Runbunny> :3
15:48:01 -!- DuB` [DuB@cpe-68-174-122-249.nyc.res.rr.com] has joined #tlponies
15:55:14 <Dot`> hmm
15:59:33 <Bio> i slept in
15:59:34 <Bio> hi
15:59:41 <Bio> its now rainin
15:59:58 <Runbunny> Hai Bio.
16:00:03 <Runbunny> Welcome.
16:03:15 <Bio> its rainin pretty hard actually
16:05:12 <Bio> looks like a pretty cozy rainy sunday for me lads
16:19:04 -!- Camail [~Camail@45.40.84.145] has joined #tlponies
16:19:04 -!- mode/#tlponies [+v Camail] by Q
16:21:04 <Dot`> cam pls
16:34:44 <Rawr|Fone> So rude
16:46:29 -!- BioPone [~androirc@mobile-107-92-121-18.mycingular.net] has joined #tlponies
17:08:50 -!- skrm [webchat@pioj.eid3.887x.ip] has joined #tlponies
17:09:08 <skrm> hey now
17:09:32 <Dot`> why you do this skram
17:13:51 <skrm> i havent done nothin
17:14:07 <Rawr|Fone> Jonas
17:14:45 <Dot`> you know what you did
17:18:50 <reification> bio https://twitter.com/GodCloseMyEyes/status/1275941004684771328
17:21:27 <Bio> this is very tru
17:21:33 <Bio> and i did read this book
17:23:32 -!- BioPone [~androirc@097-070-165-146.res.spectrum.com] has joined #tlponies
17:36:06 <skrm> did you try the book about the moon yet Dot` 
17:40:36 <Dot`> no, i forgot it when packing
17:40:45 <Dot`>  i also didnt plan to be up north for so long
17:40:53 <skrm> D:
18:30:15 <Rawr|Fone> Hmm
18:31:59 <DuB`> 34c 93f here right now T_T
18:32:02 <DuB`> Hot is yuck
18:32:04 <DuB`> halp
18:36:13 <Runbunny> Halp.
18:51:15 -!- BioPone [~androirc@097-070-165-146.res.spectrum.com] has joined #tlponies
18:52:41 <skrm> DuB`
18:52:44 <skrm> get nekkid
18:57:37 <Dot`> how do you know he isnt?
18:59:24 <Runbunny> He is always naked under his clothes Jonas.
19:00:31 <Dot`> how lewd
19:03:32 <DuB`> oh my
19:03:47 <Dot`> skram https://i.imgur.com/kDrHV2t.mp4
19:05:07 -!- BioPone [~androirc@097-070-165-146.res.spectrum.com] has joined #tlponies
19:11:52 <skrm> this is like 3 levels deep Dot` 
19:19:15 -!- BioPone [~androirc@097-070-165-146.res.spectrum.com] has joined #tlponies
19:25:57 <skrm> dont you have AC DuB`
19:27:16 <DuB`> I do
19:27:26 <DuB`> It sorta keeps up with the hot
19:27:30 <DuB`> But I had to go outside!
19:27:47 <skrm> ah
19:27:52 <skrm> dont be going outside, DuB` 
19:33:40 <reification> skram https://twitter.com/eliistender10/status/1284793495333621761
19:42:09 <skrm> bears are friend shaped
19:54:13 <Bio> asdf
19:54:59 <Dot`> i am back
19:55:01 <Dot`> thanks skram
19:55:05 <Bio> brother
19:57:49 <skrm> brøther
19:57:54 <Runbunny> Broder.
19:58:26 <Bio> tis a lazy day frinds
19:58:32 <Bio> nothin gettin done today
19:58:44 <Runbunny> I have tried this.
19:59:09 <Dot`> i went ot the shops and got milk, thats my achievment today
20:05:24 -!- BioPone [~androirc@097-070-165-146.res.spectrum.com] has joined #tlponies
20:13:19 -!- BioPone [~androirc@097-070-165-146.res.spectrum.com] has joined #tlponies
20:34:16 -!- BioPone [~androirc@097-070-165-146.res.spectrum.com] has joined #tlponies
20:39:05 -!- BioPone [~androirc@097-070-165-146.res.spectrum.com] has joined #tlponies
20:48:36 -!- BioPone [~androirc@097-070-165-146.res.spectrum.com] has joined #tlponies
20:59:13 <Dot`> runbun, i dont think this is helping hobs mental state
20:59:45 -!- Camail [~Camail@45.40.84.145] has joined #tlponies
20:59:45 -!- mode/#tlponies [+v Camail] by Q
20:59:59 <Dot`> its that cam again
21:00:06 <Camail> sure
21:01:53 <Dot`> where you been
21:11:32 <skrm> dot has been worried sick
21:12:15 <Dot`> yea
21:12:20 <Dot`> and you missed board games
21:24:18 <Bio> meep merp
21:32:44 <Runbunny> He might be going crazy Dot`.
21:43:46 <Camail> its hard doing stuff on euro time, now =/
21:44:27 <Dot`> are you a late night person now cam?
21:44:40 <Camail> i am normal time person now
21:45:35 <Dot`> Dub is normal
21:45:48 -!- skram [~skram@95.169.54.114] has joined #tlponies
21:46:05 <Dot`> kinda
21:46:52 <Camail> true, i just wake up fairly late on weekends
21:50:25 <Dot`> cam pls, its 5pm
21:50:30 <Dot`> this is skram level of sleep
21:51:02 <Camail> i did not log onto irc when i woke up
21:51:16 <Camail> but i was leveling a poe boy for a few hours
22:04:20 -!- BioPone [~androirc@097-070-165-146.res.spectrum.com] has joined #tlponies
22:09:46 -!- Dot` [webchat@cloak-gilq7zq8.123.7.51.dyn.plus.net] has joined #tlponies
22:25:35 <skrm> Dot`
22:25:36 <skrm> rude
22:25:42 <Dot`> skram?
22:25:58 <Dot`> my laptops wifi died
22:26:13 <Dot`> and it took mulyiple restarts and uninstalling the driver to fix it
22:40:15 -!- BioPone [~androirc@097-070-165-146.res.spectrum.com] has joined #tlponies
22:47:23 -!- BioPone [~androirc@097-070-165-146.res.spectrum.com] has joined #tlponies
23:18:18 -!- BioPone [~androirc@097-070-165-146.res.spectrum.com] has joined #tlponies
23:20:40 <Runbunny> .choose sleep no
23:20:46 <Runbunny> Goodnight guys.
23:33:41 <skrm> are you working tomorrow Dot` 
23:33:56 -!- BioPone [~androirc@097-070-165-146.res.spectrum.com] has joined #tlponies
23:41:36 <Camail> skram i am enjoying this spinny boy i am playing
23:41:44 <Camail> i am 3 men
23:41:51 <Camail> my sword makes two of them
23:44:33 <skrm> does your spinny boy jump?
23:45:19 -!- BioPone [~androirc@097-070-165-146.res.spectrum.com] has joined #tlponies
23:50:31 -!- BioPone [~androirc@097-070-165-146.res.spectrum.com] has joined #tlponies
23:56:25 -!- BioPone [~androirc@097-070-165-146.res.spectrum.com] has joined #tlponies
