00:05:38 <skrm> Anders?
00:39:02 <Runbunny> skrm, Jonas?
00:39:27 <skrm> How you bean
00:39:44 <Runbunny> Alright. I have been working.
00:39:54 <Runbunny> But now it's the weekend.
00:40:08 <skrm> hows that going
00:40:19 <skrm> are you the boss yet
00:41:43 <Runbunny> Let me tell you, when everyone goes home at like 19, in the evening. I sit there alone, drink my tea and dictates who has corona or not.
00:41:54 <skrm> the power
00:41:58 <skrm> are you mad with it yet?
00:42:11 <Runbunny> MY secret is that I was mad all along.
00:42:28 <DuB`> y u have to be mad
00:44:42 <Runbunny> Much less time to watch vtubers though :/
00:45:09 <skrm> just do it at work
00:45:28 <skrm> not that ya boi skrm ever does he he
00:46:05 <DuB`>  It's easy when you work from home!
00:49:00 <Runbunny> I don't work from home O:
00:49:52 <DuB`> Darn
00:53:20 <Runbunny> I should go sleep soon though, on monday I work from 6.30 till 15.
00:53:22 <skrm> Some people dont let that stop them
00:53:32 <skrm> Monday is DAYS away, runbun!
00:53:53 <Runbunny> Yeah, but it's 2 am now, and tomorrow I probably go drinking.
00:54:07 <Runbunny> So technically monday is like tomorrow.
00:54:11 <skrm> ah
00:54:13 <skrm> fair point
01:25:11 <Runbunny> But I level'd up in arknights and now I have to spent all my sanity again.
01:27:20 <skrm> did you have any to begin with
01:33:39 <Runbunny> I just emptied my supply.
01:34:22 <BioSC> gege
01:37:10 <Runbunny> Al right, sleep.
02:33:21 -!- Micen_ [~Micen@h187.227.130.174.dynamic.ip.windstream.net] has joined #tlponies
06:19:12 -!- skram [~skram@ip-163-41-102-94.eidsiva.net] has joined #tlponies
06:29:29 -!- Cane [~Cane@CaneCraft.users.quakenet.org] has joined #tlponies
06:29:29 -!- mode/#tlponies [+o Cane] by Q
06:35:03 -!- Dot|Phone [uid393803@id-393803.brockwell.irccloud.com] has joined #tlponies
06:35:23 <Dot|Phone> Morning
06:38:20 <skram> good mornin pal
06:38:22 <skram> you're up early
06:38:59 <Dot|Phone> Earlyish I guess
06:39:33 <skram> its not even noon
06:42:09 <Dot|Phone> That's too much sleep. I would feel awful
06:42:32 -!- Dot` [webchat@uqju.kue0.9x88.ip] has joined #tlponies
06:44:02 -!- Rawr|Fone [uid440384@id-440384.highgate.irccloud.com] has joined #tlponies
06:44:09 <Dot|Phone> What you up to Jonas
06:44:14 <Dot`> Rawr Rawr Rawr
06:44:51 <Rawr|Fone> DoT DoT DoT
06:45:14 <Dot`> <3 <3 <3
06:45:30 <Rawr|Fone> ❤❤❤
06:59:42 <Dot`> What arre skram and rawr up to today
07:05:36 <skram> im like 5 minutes away from passing out
07:06:15 <Rawr|Fone> I am going to play table tennis very soon
07:11:43 <Dot`> sleep well sarkm
07:12:09 <Dot`> are you going to win rawr?
07:13:51 <Rawr|Fone> I am going to try my best dot
07:41:50 -!- Runbunny [~Bunnykitt@91.100.28.10.generic-hostname.arrownet.dk] has joined #tlponies
07:42:30 <Runbunny> Hai.
07:42:54 <Dot`> runbun <3
07:43:08 <Runbunny> Dot dot.
07:43:20 <Runbunny> What are you doing this weekend?
07:43:51 <Dot|Phone> Hmm. Not sure yet. 
07:43:55 <Dot|Phone> You? 
07:48:58 <Runbunny> We're kinda throwing a surprise party for a friend of mine later, then probably drinking.
10:00:44 -!- Dot|Phone [uid393803@2001:67c:2f08:5::6:24b] has joined #tlponies
10:04:16 -!- Golly [~Golly@cm-84.213.21.103.getinternet.no] has joined #tlponies
10:28:31 -!- Rawr|Fone [uid440384@2001:67c:2f08:1::6:b840] has joined #tlponies
10:54:45 <Rawr|Fone> Horses
10:58:31 <Runbunny> Henrik.
10:58:35 <Runbunny> It's you.
10:58:40 <Dot`> rawr, runbun
10:58:50 <Runbunny> Bjørn, my guy.
10:58:51 <Rawr|Fone> Anders.
10:58:57 <Rawr|Fone> DoT`
11:02:04 -!- tredc [~tredc@c83-254-129-166.bredband.comhem.se] has joined #tlponies
11:02:06 -!- reification [~thomas@cpc76294-cosh16-2-0-cust297.6-1.cable.virginm.net] has joined #tlponies
11:02:06 -!- mode/#tlponies [+v reification] by Q
11:03:39 <Dot`> reef!
11:09:54 <reification> dotties!
11:11:46 <Rawr|Fone> Reef reef
11:11:52 <Dot`> walk time
11:18:11 <Runbunny> Have fun Dot.
11:35:21 <reification> roar roar
13:06:55 <Runbunny> welp time to go.
13:07:07 <Runbunny> Later boys.
13:27:42 <Dot`> i back
13:45:43 <Rawr|Fone> DoT DoT
13:45:45 <Rawr|Fone> ❤❤
13:47:28 <Dot`> Rawr Rawr 
13:47:29 <Dot`> <3 <3
13:50:47 <Dot`> .tell runbunny https://imgur.com/gallery/6ujkdEc
13:50:49 <Dot`> reif
13:51:15 <Dot`> degeneracy for you
14:12:18 -!- DuB` [DuB@cpe-68-174-122-249.nyc.res.rr.com] has joined #tlponies
14:17:20 <Dot`> Dub Dub
14:22:07 <DuB`> Dot Dot
14:25:34 <Dot`> hows you
14:25:49 <DuB`> Stiff sore neck for some reason >:(
14:26:01 <DuB`> Otherwise good, gonna go out and do some more clothes shoppin later
14:26:51 <Dot`> dont get sick 
14:30:31 <DuB`> Missed liquid doto but just in time for nigma!
14:30:36 <DuB`> https://www.twitch.tv/weplayesport_en
14:43:12 <BioSC> gmon
14:43:23 <DuB`> Ohayou bayou
14:49:40 <Dot`> mrn
15:29:30 <Dot`> hmm, time for tarkov
15:40:15 <DuB`> glhf!
15:42:32 <BioSC> tarky time?
15:58:35 -!- Micen [~Micen@h40.168.91.75.dynamic.ip.windstream.net] has joined #tlponies
16:08:55 <Dot`> 1st raid, dead to ai skav >.>
16:10:21 <BioSC> F
16:11:26 <DuB`> Not enough vodka
16:15:26 <BioSC> truly
16:15:50 <BioSC> but can there ever be enough for cheeki breeki
16:35:34 <reification> ty dotties
16:37:18 <reification> .tell runbunny https://twitter.com/bwubblz/status/1299439525673005056
16:41:26 <Dot`> bio, are you joibing the sadness?
17:00:07 <BioSC> i can
17:00:18 <BioSC> sry was doin a watch of vid
17:00:57 <BioSC> where go Dot` 
17:01:08 <Dot`> PICNIC
17:11:23 -!- skrm [webchat@pioj.eid3.887x.ip] has joined #tlponies
17:14:41 <Dot`> mrks
17:14:48 <skrm> tod
17:19:39 <BioSC> ?biostream
17:19:44 <BioSC> tarkov with the BOYS
17:39:12 <Rawr|Fone> Skrm
17:47:49 -!- Camail [~Camail@45.40.84.145] has joined #tlponies
17:47:49 -!- mode/#tlponies [+v Camail] by Q
17:57:45 <Dot`> cmmmml
18:22:44 <Camail> hullo
19:42:08 <Rawr|Fone> Hmm
19:46:17 <Dot`> mhm
20:17:53 <skrm> mmh?
20:24:33 <Rawr|Fone> Are you being a good work horse skrm
20:24:53 <skrm> no
20:26:02 <Rawr|Fone> D:
21:34:59 -!- Runbunny [~Bunnykitt@91.100.28.10.generic-hostname.arrownet.dk] has joined #tlponies
21:35:09 <Runbunny> I return.
21:38:41 <Rawr|Fone> Welcome back friend
21:38:51 <Rawr|Fone> I am glad to see you
21:44:57 <Runbunny> Thank You.
21:49:45 <reification> i shall pay a late gym visit. night all
21:51:45 <Runbunny> Goodnight Reif.
22:15:14 <Runbunny> I gotta sleep too
22:49:25 <Dot`> horses
22:58:51 <skrm> neigh
23:23:07 <BioSC> chikin n rice was good firnds
