00:18:43 -!- BioPone [~androirc@97.70.165.146] has joined #tlponies
00:18:55 <carcinisation> you need to get practicing for when hololive open their scandinavian branch skram
00:28:07 <skrm> i'd raid the hololive minecraft server but frankly im terrified of those anime grills in there
00:28:10 <skrm> they're all mental
00:33:04 <carcinisation> what would make you say that skram?
00:33:05 <carcinisation> https://www.youtube.com/watch?v=z4cENOcD0yU
00:37:13 -!- BioPone [~androirc@97.70.165.146] has joined #tlponies
00:39:32 <skrm> https://www.youtube.com/watch?v=gDsgYjJdVRI
00:40:10 <skrm> 1000 years dungeon with a copy of your own head, reif
00:46:07 -!- reimeuk [~thomas@cpc76294-cosh16-2-0-cust297.6-1.cable.virginm.net] has joined #tlponies
00:46:07 -!- mode/#tlponies [+v reimeuk] by Q
00:47:54 <reimeuk> that's a very appropriate creation for aqua
00:51:11 <reimeuk> dot https://twitter.com/jokanhiyou/status/1220300926981832704
01:15:24 -!- Rawr|Fone [~AndChat52@c-4eb4e655.020-164-6d6c6d4.bbcust.telenor.se] has joined #tlponies
01:50:14 -!- BioPone [~androirc@97.70.165.146] has joined #tlponies
02:04:20 -!- Rawr|Fone [~AndChat52@c-4eb4e655.020-164-6d6c6d4.bbcust.telenor.se] has joined #tlponies
03:55:35 -!- Rawr|Fone [~AndChat52@c-4eb4e655.020-164-6d6c6d4.bbcust.telenor.se] has joined #tlponies
04:50:52 -!- Cane [~Cane@CaneCraft.users.quakenet.org] has joined #tlponies
04:50:52 -!- mode/#tlponies [+o Cane] by Q
05:54:34 -!- Rawr|Fone [~AndChat52@c-4eb4e655.020-164-6d6c6d4.bbcust.telenor.se] has joined #tlponies
06:34:01 <Cane> I'm watching a Dreamhack game of Dota right now where a player got Divine Rapier, Divine Rapier, Paladin Sword, and a double damage rune.
06:34:09 <Cane> This VOD delivers.
07:21:13 -!- skram [~skram@82.147.53.62] has joined #tlponies
07:24:30 -!- Golly [~kvirc@cm-84.213.21.103.getinternet.no] has joined #tlponies
07:42:03 -!- Rawr|Fone [~AndChat52@c-4eb4e655.020-164-6d6c6d4.bbcust.telenor.se] has joined #tlponies
07:58:04 -!- Dot|Phone [uid393803@2001:67c:2f08:8::6:24b] has joined #tlponies
07:58:18 <Dot|Phone> Morning
07:59:15 <skram> mornin dot
08:02:24 <Dot|Phone> It's the home owner
08:03:07 <skram> I hit a deer on my way home this morning :/
08:03:37 <Dot|Phone> Are you OK? 
08:04:20 <skram> it ran into the side of my car so no damage to anyone but itself
08:04:42 <skram> hopefully its fine, had to call the cops etc
08:04:52 <Dot|Phone> Aww. Poor thing
08:05:44 <skram> There's a whole county dept. that deals with this sort of thing so one of them showed up and they were gonna use a dog and see if they could find them
08:06:27 <skram> but they thought it would be fine since there really wasnt any sort of signs of injury
08:09:07 <Dot|Phone> That's not fun skram 
08:09:50 <skram> nope :(
08:13:23 <Dot|Phone> :(
08:35:04 <Cane> Dot|Phone, https://i.redd.it/zk4k79hoikc41.png
08:40:18 <Dot|Phone> Seems legit 
08:44:36 <skram> time for bed
08:49:41 <Dot|Phone> Gnight skram
08:55:24 -!- Micen [~Micen@h6.74.23.98.dynamic.ip.windstream.net] has joined #tlponies
09:08:17 -!- Rawr|Fone [~AndChat52@c-4eb4e655.020-164-6d6c6d4.bbcust.telenor.se] has joined #tlponies
09:08:49 <Dot|Phone> Rawr Rawr Rawr 
09:09:36 <Rawr|Fone> DoT DoT DoT
09:09:39 <Rawr|Fone> 💖💖💖
09:09:45 <Dot|Phone> 💖💖💖
09:16:18 -!- Rial [~Rial@p2429120-ipngn200603tokaisakaetozai.aichi.ocn.ne.jp] has joined #tlponies
09:54:22 -!- tredc [~tredc@c83-254-129-166.bredband.comhem.se] has joined #tlponies
10:15:50 <Dot|Phone> Hey rial
10:20:02 <Rial> hey hey
10:35:36 <Rial> my roomie got a job wooo
10:40:23 <Dot|Phone> Nice! 
10:46:43 -!- Rawr|Fone [~AndChat52@c-4eb4e655.020-164-6d6c6d4.bbcust.telenor.se] has joined #tlponies
11:53:51 -!- Rawr|Fone [~AndChat52@c-4eb4e655.020-164-6d6c6d4.bbcust.telenor.se] has joined #tlponies
12:07:57 -!- Rawr|Fone [~AndChat52@c-4eb4e655.020-164-6d6c6d4.bbcust.telenor.se] has joined #tlponies
12:10:50 -!- Runbunny [~Runbunny@91.100.28.10.generic-hostname.arrownet.dk] has joined #tlponies
12:17:47 <Dot|Phone> Bun! 
12:18:36 <Rawr|Fone> Anders
12:32:30 <Runbunny> Hai.
12:34:17 -!- reification [~thomas@cpc76294-cosh16-2-0-cust297.6-1.cable.virginm.net] has joined #tlponies
12:34:17 -!- mode/#tlponies [+v reification] by Q
12:34:28 <Runbunny> Reif!
12:34:48 <Runbunny> You missed the illegal restream of the hololive fes.
12:35:20 <reification> :(
12:35:28 <reification> hello bun!
12:36:10 <reification> my pc has started giving DRIVER_POWER_STATE_FAILURE BSODs D:
12:36:25 <Runbunny> :/
12:44:25 <Rial> oh no ;w;
13:31:02 <reification> runbunny https://giphy.com/gifs/lnUtj96KUgW2Uo0pN0
13:31:45 -!- Rawr|Phone [~AndChat52@m83-185-87-94.cust.tele2.se] has joined #tlponies
13:34:18 -!- carcinisation [~thomas@cpc76294-cosh16-2-0-cust297.6-1.cable.virginm.net] has joined #tlponies
13:34:18 -!- mode/#tlponies [+v carcinisation] by Q
14:06:07 <Rial> Gnight
14:09:29 <Dot|Phone> Gnight
14:11:45 <carcinisation> night rial
14:20:54 <carcinisation> .r hove https://www.reddit.com/r/Esperanto/comments/esih6v/mi_%C5%9Dajnigos_ke_mi_ne_vidis_tion/
14:21:07 <carcinisation> ?ohno
14:21:14 <carcinisation> ?hove
14:21:55 <carcinisation> everything is slowly falling apart :/
14:22:36 <Rawr|Phone> D:
14:33:52 <Dot|Phone> Can we panic yet? 
14:42:14 <Rawr|Phone> Yes dot
14:56:40 <Dot|Phone> Thanks
14:56:48 <Dot|Phone> ?panic
14:57:03 <Dot|Phone> Hmm. Not pony
15:19:33 <carcinisation> speaking of panic https://twitter.com/LokiJulianus/status/1220537270555627520
15:23:37 <Dot|Phone> Rip
15:24:21 -!- skram [~skram@37.120.143.228] has joined #tlponies
15:26:07 <skram> hello everynayan
15:26:55 <Dot|Phone> Skram horse 
15:28:21 <skram> no i am a cat
15:29:41 <Dot|Phone> The facts say otherwise
15:30:00 <skram> which facts
15:30:05 <carcinisation> i this you skram https://www.youtube.com/watch?v=E-Xxo6utgNA
15:30:08 <Dot|Phone> The fact your a horse
15:30:10 <carcinisation> *is
15:31:24 <skram> no foxu
15:31:58 <carcinisation> kitsuneko?
15:34:41 <skram> cat alien
15:35:22 <carcinisation> we always did think you weren't of this world :p
15:36:09 <skram> how flattering :p
15:36:47 <Dot|Phone> Space dorf? 
15:37:04 <skram> thats you, dot
15:37:30 <Dot|Phone> Just because I'm short doesn't make me a dwarf skram 
15:37:33 <Dot|Phone> Rude
15:37:46 <skram> i see
15:37:55 <skram> i thought you were one because you have 9000 hours in dwarf fortress
15:38:28 <Dot|Phone> Well I'm not an elf at least. You can tell that from my dorf Fort
15:38:40 <skram> i guess thats all that matters
15:41:04 <BioSC> hoers
15:41:16 <carcinisation> bio is here
15:41:19 <carcinisation> time to flee
15:41:26 <skram> how do we know its the REAL bio
15:43:21 <BioSC> i could smell the degeneracy
15:44:14 <skram> it is you
15:44:48 <Cane> Help, I'm snowed in.
15:45:07 <skram> uh oh
15:45:13 <BioSC> you need to wurf some flamms
15:45:26 <skram> how come you guys are getting snow and all im getting is rain cane
15:45:31 -!- Rawr|Fone [~AndChat52@c-4eb4e655.020-164-6d6c6d4.bbcust.telenor.se] has joined #tlponies
15:45:39 <skram> it looks like spring down here and its terrible
15:46:01 <Cane> skram, it's been awful here too. Finally we're getting a bit of snow to add some nice white landscapes, but the sky decided to dump way too much of it.
15:47:56 <skram> stupid sky
15:49:10 <Runbunny> Don't worry Jonas.
15:49:13 <Runbunny> I get rain as well.
15:49:58 <skram> im going to the north on sunday though, hopefully they have a snow up in trondheim
15:54:34 <Dot|Phone> Is that not one of the planes in Norse mythology 
15:55:13 <skram> nop
15:56:05 <skram> they all end in -heim though
15:56:21 <skram> which means home
15:56:51 <skram> so its where trond lives and he is not one of the gods y'know
16:02:39 <Dot|Phone> Ah. So there is now a Jonasheim
16:03:26 <skram> thats probably how it works
16:05:02 <Runbunny> Jonasheim is your heart Dot.
16:40:08 -!- BioPone [~androirc@mobile-166-170-25-225.mycingular.net] has joined #tlponies
17:07:47 <Dot|Phone> Pon
17:11:13 <Rawr|Fone> Pon
17:12:15 -!- reimeuk [~thomas@cpc76294-cosh16-2-0-cust297.6-1.cable.virginm.net] has joined #tlponies
17:12:15 -!- mode/#tlponies [+v reimeuk] by Q
17:26:42 <reification> time for corona meems
17:26:48 <reification> dot https://twitter.com/Glauscon/status/1220458942192672779
17:27:01 <reification> bio https://twitter.com/mirthismight/status/1220472876039573505
17:27:16 <reification> runbunny https://twitter.com/mirthismight/status/1220715661673947137
17:27:56 <Runbunny> Hahaha.
17:33:33 -!- BioPone [~androirc@mobile-166-170-25-225.mycingular.net] has joined #tlponies
17:44:42 <Dot|Phone> This is good meme Reif
17:50:33 -!- Camail_ [~Camail@45.40.84.145] has joined #tlponies
17:50:33 -!- mode/#tlponies [+v Camail_] by Q
17:51:27 <Dot|Phone> Cam
17:55:43 <Runbunny> reification, https://www.youtube.com/watch?v=sJJEiG0QOBI
17:59:30 <Camail_> pls
17:59:38 <Camail_> my internet is trash today =/
18:03:34 -!- Dot` [webchat@uqju.1ygd.qqdk.ip] has joined #tlponies
18:09:28 <reification> runbun that's what playing all that tetris gets you
18:19:10 <BioPone> Ya boy getting some sushi for lunch
18:24:10 <reification> not pizza :O
18:24:25 <Runbunny> It's probably a pizza with sushi on it.
18:28:14 <BioPone> Implying I cant get pizza for dinner
18:31:34 <reification> have a short video https://twitter.com/xueshudi/status/1220492256039374848
18:33:02 <Runbunny> reification, https://www.youtube.com/watch?v=zHLvkTUTWNk
18:33:30 <BioPone> How horrifying 🙂
18:37:20 <Dot`> i have pizza in 10 minutes
18:37:50 <reification> i want pizza too. maybe i shall go and find it
18:40:15 <Golly> https://www.youtube.com/watch?v=aEhsE7mCpRI
18:43:45 -!- carcinisation [~thomas@cpc76294-cosh16-2-0-cust297.6-1.cable.virginm.net] has joined #tlponies
18:43:45 -!- mode/#tlponies [+v carcinisation] by Q
18:44:03 <Dot`> its in bakewell reif
18:44:35 <carcinisation> i was going to go for a closer option
18:46:50 <Camail> Runbunny hi, how ya been
18:47:00 <carcinisation> runbunny dog is neither good at remembering or undetected cheating https://www.youtube.com/watch?v=xyAvPAjNNeY
18:49:02 <Runbunny> Hai Camail.
18:49:30 <Runbunny> idk, has been a weird week.
18:50:49 <Camail> yea? weird isn't bad, which is good in its own way
18:51:16 <Camail> i'd rather be confused than sad
18:55:53 <Camail> play any monhun with the local crazy boy?
19:02:48 <Dot|Phone> Runbunny is probably busy watching vtubers 
19:07:09 <carcinisation> he is lost to vtuber hell dot. shouganai
19:07:47 <Dot|Phone> He's happy there and that's what matters
19:10:22 <Dot|Phone> Camail. How was your week? Did you get exiled on paths again? 
19:10:54 <Camail> nah i've stepped away from poe for awhile, will go back before the end to mess around with the HH and do challenges
19:11:07 <Camail> but yea, been doing ok
19:11:24 <Camail> things can be better, they can be worse, it's all good
19:12:36 <Dot|Phone> What you been up to instead of being an exile? 
19:14:08 <Camail> the internet, mostly
19:14:15 <Camail> mount and blade occasionally
19:14:26 <Camail> but thats about it this week
19:14:38 <Camail> gonna start hades eventually
19:14:58 <Camail> gonna be fun to play a bastion-esque game from them again
19:15:20 <Dot|Phone> You looked at battle brothers? 
19:15:28 <Dot|Phone> Hades is fun
19:15:37 <Dot|Phone> Just had a big update I saw too
19:16:10 <Camail> i have never heard of battle brothers, will take a glance
19:16:31 <Camail> yea i havent looked at what the hades update is cuz spoilers, but the game looks so cool
19:16:47 <Camail> super giant is easily in the top 5 game devs
19:17:02 <Camail> they make extremely polished experimental games
19:17:40 <Dot|Phone> Yea. I really like thier at style too
19:18:07 <Dot|Phone> Art 
19:19:09 <Camail> also been meaning to play slay the spire again
19:19:23 <Camail> new character, but i dont have that flame to play anymore
19:19:32 <Camail> which is a shame cuz its the best game of its genre
19:19:51 <Camail> my gripe is that despite the new character, the monsters are the same
19:20:00 <carcinisation> i found a reason i should reinstall it https://www.reddit.com/r/Esperanto/comments/epq856/slay_the_spire_haveblas_en_esperanto/
19:20:11 <Camail> and after you learn every monster pattern on every floor...kinda doesn't feel new
19:20:29 <Camail> reif with the esperanto 
19:20:39 <Dot|Phone> No good mods that mix it up? 
19:21:13 <Camail> there are mods that change some things, but modders arent as good at making StS as the devs are
19:25:39 <Dot|Phone> That's a shame
19:26:14 <Camail> yea, but thats just how i play games
19:26:25 <Camail> 0 or 100
19:26:55 <Cane> Welp, I just finished a two hour session of shovelling snow from three driveways.
19:27:07 <Cane> Norway can stop dropping snow on my head now.
19:28:50 <Camail> not burning enough oil
19:28:56 <Camail> get those carbon emissions up
19:30:02 <Cane> We just found another oil field, we're working on it.
19:30:53 <Dot|Phone> Quick set it on fire 
19:32:26 <Cane> It started snowing really hard halfway through my work, as if to say, "hello Sisyphus, how are you, I'm fine, how's the weather lol"
19:34:46 <carcinisation> it is telling you to read camus
19:41:36 <Camail> never read french authors, and never read existentialists
19:41:51 <Camail> especially never read french existentialists
19:42:42 -!- Zounds [webchat@cloak-07ouvien.14-2.cable.virginm.net] has joined #tlponies
19:43:17 <Dot|Phone> A zounds
19:43:22 <Zounds> hey
19:48:55 <carcinisation> bit tough on the danes cam, do they even have any other philosophers than kierkegaard?
20:17:41 -!- Rawr|Fone [~AndChat52@m83-187-170-124.cust.tele2.se] has joined #tlponies
20:34:24 <skram> kim larsen?
20:39:39 -!- Rawr|Phone [~AndChat52@c213-89-110-176.bredband.comhem.se] has joined #tlponies
20:41:06 -!- reification [~thomas@cpc76294-cosh16-2-0-cust297.6-1.cable.virginm.net] has joined #tlponies
20:41:06 -!- mode/#tlponies [+v reification] by Q
20:54:21 <Zounds> blarp
20:56:20 <skram> blarp?
21:00:25 -!- carcinisation [~thomas@cpc76294-cosh16-2-0-cust297.6-1.cable.virginm.net] has joined #tlponies
21:00:25 -!- mode/#tlponies [+v carcinisation] by Q
21:01:07 -!- Dot` [webchat@uqju.1ygd.qqdk.ip] has joined #tlponies
21:03:53 <Zounds> yes blarp
21:44:27 -!- Rawr|Fone [~AndChat52@c213-89-110-176.bredband.comhem.se] has joined #tlponies
21:45:18 -!- Rawr|Pone [~AndChat52@m83-187-170-124.cust.tele2.se] has joined #tlponies
21:56:39 -!- Rawr|Fone [~AndChat52@c213-89-110-176.bredband.comhem.se] has joined #tlponies
21:56:50 <Camail> carcinisation bold of you to call him a philosopher
21:57:04 <Camail> all of the continentalists can just disappear
21:57:10 <Camail> mainland europe was a mistake
22:15:32 -!- Crisium [~Crisium@c-24-3-150-105.hsd1.pa.comcast.net] has joined #tlponies
22:17:14 -!- Rial [~Rial@p2429120-ipngn200603tokaisakaetozai.aichi.ocn.ne.jp] has joined #tlponies
22:21:06 <Dot|Phone> Crisium and rial! 
22:21:15 <Crisium> howdy
22:21:58 -!- Camail [~Camail@45.40.84.145] has joined #tlponies
22:21:59 -!- mode/#tlponies [+v Camail] by Q
22:34:03 <Dot|Phone> Wb cam
22:34:12 <Camail> sigh
22:37:01 <Dot|Phone> Yea.my WiFi is useless in this room
22:37:08 <Dot|Phone> Phone is sitting on data 
23:07:23 -!- skrma [~skram@37.120.143.228] has joined #tlponies
23:10:28 <Dot|Phone> Jonas friend
23:11:15 -!- DuB` [DuB@cpe-68-174-122-249.nyc.res.rr.com] has joined #tlponies
23:11:26 <DuB`> Wekend wew!
23:12:38 <skrma> Weeeeew
23:15:54 -!- tredc [~tredc@c83-254-129-166.bredband.comhem.se] has joined #tlponies
23:15:54 -!- Westy543 [Westy543@c-24-130-12-152.hsd1.ca.comcast.net] has joined #tlponies
23:15:54 -!- mode/#tlponies [+v Westy543] by *.quakenet.org
23:16:56 <Dot|Phone> Daaab
23:17:02 <DuB`> Daaat
23:17:27 <DuB`> Having dnd tomorrow got me out of a saturday work call :P
23:18:19 <Dot|Phone> I'm glad I could help
23:23:32 <Dot|Phone> Did you just say you had something on. Or that you had a strategy and Co ordination meeting in interpersonal training and asset aquirement
23:24:18 <DuB`> Just made sure it was on my calendar and said, "Nope, busy sorry" :P
23:32:04 -!- Rawr|Phone [~AndChat52@c213-89-110-176.bredband.comhem.se] has joined #tlponies
23:35:50 -!- tredc [~tredc@c83-254-129-166.bredband.comhem.se] has joined #tlponies
23:35:50 -!- Westy543 [Westy543@c-24-130-12-152.hsd1.ca.comcast.net] has joined #tlponies
23:35:50 -!- mode/#tlponies [+v Westy543] by *.quakenet.org
23:47:48 <DuB`> Gamestime!
23:48:03 <Dot|Phone> Gl horse
23:48:12 -!- skram [~skram@45.12.223.252] has joined #tlponies
23:48:16 <Dot|Phone> Did you dl tarkov? 
23:48:20 <DuB`> Ya
23:48:27 <Dot|Phone> Great
23:48:38 <DuB`> Dl had finished within 15 min of you reminding me! :P
23:49:08 <Dot|Phone> Look at you with your big city internet
23:49:43 <DuB`> Slower than I had in the uni town, but still 200/15 :)
23:49:44 <skram> dont you also live somewhat urban dot
23:50:00 <DuB`> skram! Hi
23:50:12 <skram> jacob you old rascal
23:50:17 <DuB`> ...
23:50:25 <skram> no?
23:50:29 <DuB`> It's weeeeird
23:50:36 <DuB`> My friends call me jake ;D
23:50:44 <skram> oh
23:50:47 <skram> i thought we were enemies
23:51:12 <DuB`> Only mons
23:52:28 <skram> dont we become the monsters if we hunt for too long?
23:53:04 <DuB`> We'll know if one day we are hunned
23:53:25 <skram> or the abyss peeks at us in the showers
23:54:16 <Rawr|Phone> Jonas
23:54:18 <Rawr|Phone> Snela
23:54:22 <skram> henrik pls
23:54:25 <skram> you know i am snelø
23:54:27 <skram> snel
23:54:34 <Rawr|Phone> The snelest
23:55:18 <skram> why are showers so dang expensive
23:55:25 <skram> they're like a 1000 dollarydoos
23:55:29 <skram> and i need one
23:57:05 <Rawr|Phone> Everything is expensive
23:57:14 <Rawr|Phone> Money is the worst
23:57:29 <skram> agreed
