00:55:12 -!- DuB` [DuB@cpe-68-174-122-249.nyc.res.rr.com] has joined #tlponies
01:22:10 <Runbunny> DuB`, Have you experienced monhun dropping your inputs?
01:25:11 <DuB`> Hm
01:25:44 <DuB`> I've noticed some awkwardness with trying to buffer or quickly chain shield/attack inputs with lance. Nothing on other weapons
01:27:03 -!- skram [~skram@213.232.87.72] has joined #tlponies
01:27:40 <DuB`> skram! hi
01:43:24 <Runbunny> For some reason I find the timing for chaining charged shells kinda strict, too fast, nothing comes out, too slow it's normal shell.
01:46:53 -!- Rawr|Fone [~AndChat52@c-94cfe455.020-164-6d6c6d4.bbcust.telenor.se] has joined #tlponies
01:55:38 <DuB`> I've only ever done burst normal shelling, dunno :T
02:10:23 <Runbunny> :/
02:31:50 -!- Kittybunny [~Runbunny@91.100.28.10.generic-hostname.arrownet.dk] has joined #tlponies
03:57:21 -!- Rawr|Fone [~AndChat52@c-94cfe455.020-164-6d6c6d4.bbcust.telenor.se] has joined #tlponies
05:30:23 -!- Rawr|Fone [~AndChat52@c-94cfe455.020-164-6d6c6d4.bbcust.telenor.se] has joined #tlponies
05:45:22 -!- Rawr|Fone [~AndChat52@c-94cfe455.020-164-6d6c6d4.bbcust.telenor.se] has joined #tlponies
05:50:16 <Rawr|Fone> 🐴🐴🐴
06:21:53 -!- Rawr|Phone [~AndChat52@m83-187-169-5.cust.tele2.se] has joined #tlponies
06:55:52 -!- Dot|Phone [uid393803@2001:67c:2f08:5::6:24b] has joined #tlponies
07:33:56 <Dot|Phone> Ponies
08:08:29 -!- Golly [~kvirc@cm-84.213.21.103.getinternet.no] has joined #tlponies
08:15:45 -!- Rawr|Fone [~AndChat52@c-94cfe455.020-164-6d6c6d4.bbcust.telenor.se] has joined #tlponies
08:24:16 <Rawr|Fone> Hmm
08:59:07 <Rawr|Fone> 🐴🐴🐴
09:12:08 -!- Rial [~Rial@p2429120-ipngn200603tokaisakaetozai.aichi.ocn.ne.jp] has joined #tlponies
09:19:58 <Rawr|Fone> Good morning rial
09:20:05 <Rial> Good morning!
09:20:07 <Rial> How goes?
09:22:36 -!- Rawr|Phone [~AndChat52@m83-187-169-5.cust.tele2.se] has joined #tlponies
09:31:17 <Rawr|Phone> Tired today
09:31:40 <Rawr|Phone> I forgot I had a driving lesson at 7.35
09:31:46 <Rawr|Phone> So I stayed up late
09:31:52 <Rawr|Phone> And got up supet 
09:31:57 <Rawr|Phone> Super early
09:32:33 <Rawr|Phone> How are you rial
10:02:08 <Dot|Phone> Rawr Rawr 
10:02:14 <Dot|Phone> 🦓🦓
10:16:29 <Rial> I'm okay, getting ready to enjoy the weekend
11:14:43 <Rawr|Phone> DoT DoT
11:14:48 <Rawr|Phone> 🐴🐴
11:43:11 -!- Rawr|Fone [~AndChat52@c-94cfe455.020-164-6d6c6d4.bbcust.telenor.se] has joined #tlponies
11:50:55 -!- reification [~thomas@cpc76294-cosh16-2-0-cust297.6-1.cable.virginm.net] has joined #tlponies
11:50:55 -!- mode/#tlponies [+v reification] by Q
11:51:05 <reification> morning tlp
11:51:43 <Dot|Phone> Hey Reif
11:52:54 <reification> hi dotties
12:01:27 -!- skram [~skram@213.232.87.72] has joined #tlponies
12:01:37 <skram> mornin pals
12:01:46 <reification> afternoon skram
12:04:34 -!- Rawr|Fone [~AndChat52@c-94cfe455.020-164-6d6c6d4.bbcust.telenor.se] has joined #tlponies
12:07:02 <reification> .tell runbunny https://pbs.twimg.com/media/EP-u9FRWAAAedxk.jpg
12:17:37 <reification> i see epic store changed their mind on giving away free copies of Pandemic...
12:18:12 -!- tredc [~tredc@c83-254-129-166.bredband.comhem.se] has joined #tlponies
12:19:43 <Rial> huh?
12:21:24 <Rial> Carcassone and Ticket To Ride
12:44:41 <reification> yes they are still giving away two of the three they said
12:45:06 <reification> just delayed the other until there isn't an actual pandemic happening
12:52:35 -!- Runbunny [~Runbunny@91.100.28.10.generic-hostname.arrownet.dk] has joined #tlponies
12:53:40 <Runbunny> reification, https://twitter.com/isyuzoku/status/1225675564108984320
12:54:03 <Runbunny> Tokyo MX dropped interspecies reviewers.
12:58:27 <reification> oh dear
12:58:50 <reification> isn't ATX the uncensored source?
12:59:00 <Runbunny> No clue.
13:00:31 <reification> rawr https://www.reddit.com/r/aww/comments/f07uom/having_fun_with_friend/
13:01:59 <Rawr|Fone> Wow, such good boys
13:02:21 -!- BioPone [~androirc@mobile-166-176-250-178.mycingular.net] has joined #tlponies
13:04:27 -!- carcinisation [~thomas@cpc76294-cosh16-2-0-cust297.6-1.cable.virginm.net] has joined #tlponies
13:04:27 -!- mode/#tlponies [+v carcinisation] by Q
13:08:32 <carcinisation> runbun tokyo mx are putting a series about cruise ships in the time slot xD
13:11:02 <carcinisation> .tell dub` https://gfycat.com/dismalsoftamurstarfish
13:22:06 -!- Rawr|Phone [~AndChat52@m83-187-185-16.cust.tele2.se] has joined #tlponies
14:00:45 -!- BioPone [~androirc@mobile-166-176-250-178.mycingular.net] has joined #tlponies
14:12:38 <Rial> Done with another artsss 
14:12:40 <Rial> Now I sleep
14:12:42 <Rial> Gnight all
14:28:58 <Rawr|Phone> Beep beep
14:31:00 <skram> beep bop im a jeep
14:33:05 -!- Kittybunny [~Runbunny@91.100.28.10.generic-hostname.arrownet.dk] has joined #tlponies
14:34:41 -!- tredc_ [~tredc@c83-254-129-166.bredband.comhem.se] has joined #tlponies
14:35:13 <carcinisation> the rare catbun
14:36:19 <skram> its pretty good
14:39:20 <Rawr|Phone> Jonas
14:44:06 <skram> Henrik
14:44:07 -!- BioPhone [~androirc@12.33.239.117] has joined #tlponies
14:44:25 <BioPhone> Hors
14:44:28 <BioPhone> Morn
14:44:31 <BioPhone> Is Friday
14:44:41 <skram> my dudes
14:45:46 <BioPhone> My skrm
14:46:36 <Rawr|Phone> Are you not working today skrammypants
14:50:51 <skram> nein
14:54:11 <Rawr|Phone> Great
14:54:22 <Rawr|Phone> You can graze all you want
14:54:56 <skram> very humerus
14:59:35 <Dot|Phone> Pons
14:59:38 <Dot|Phone> I'm tired
14:59:52 <skram> go have a nap
15:00:44 <Dot|Phone> Half way home. one more bus
15:07:46 <Rawr|Phone> You could nap on the bus dot
15:11:57 <Dot|Phone> No. They will Rob me
15:12:23 <Dot|Phone> Bus is late. I'm losing feeling in my fingers. 
15:12:45 <skram> when are you getting a car dot
15:12:51 <Dot|Phone> This is not a good place to wait. Its on top of a moor in icy winds
15:12:58 <Dot|Phone> Working on it
15:13:09 <BioPhone> Get a little scootaloo
15:16:33 <Dot|Phone> On bus
15:41:42 -!- Rawr|Fone [~AndChat52@c-94cfe455.020-164-6d6c6d4.bbcust.telenor.se] has joined #tlponies
15:48:11 -!- Rawr|Fone [~AndChat52@c-94cfe455.020-164-6d6c6d4.bbcust.telenor.se] has joined #tlponies
15:48:14 <Rawr|Fone> 🐴🐴🐴
16:16:48 -!- Rawr|Fone [~AndChat52@c-94cfe455.020-164-6d6c6d4.bbcust.telenor.se] has joined #tlponies
16:35:08 <CockRoach|42> hors hors
16:43:52 -!- Rawr|Fone [~AndChat52@c-94cfe455.020-164-6d6c6d4.bbcust.telenor.se] has joined #tlponies
16:44:25 -!- BioPone [~androirc@mobile-166-176-250-199.mycingular.net] has joined #tlponies
16:56:06 <Rawr|Fone> Horses
16:56:29 <CockRoach|42> i will be down in your hood in a few weeks, Rawr|Fone 
16:56:32 <CockRoach|42> being all rowdy!
16:56:48 <Rawr|Fone> :o
16:58:19 <Rawr|Fone> What rowdy things will you be doing cr
16:58:46 <CockRoach|42> just things that a good pony would do... drink a fair amount of alcohol
17:03:46 <Rawr|Fone> D:
17:05:33 <Rawr|Fone> DoT
17:11:26 <CockRoach|42> not even dot can save you
17:11:42 <Dot|Phone> Rawr
17:12:07 <Rawr|Fone> Can you confirm if this is what good ponies do dot
17:12:55 <Dot|Phone> I don't drink Rawr
17:13:08 <Rawr|Fone> I don't either
17:13:35 <CockRoach|42> :|
18:25:15 -!- Rawr|Fone [~AndChat52@c-94cfe455.020-164-6d6c6d4.bbcust.telenor.se] has joined #tlponies
18:37:34 <carcinisation> maybe cr can drive you to drinking
18:45:14 -!- Zounds [webchat@cloak-07ouvien.14-2.cable.virginm.net] has joined #tlponies
18:45:17 <Zounds> sugarcubes
18:46:37 <carcinisation> hey zounds 
18:46:41 <carcinisation> .tell skram https://twitter.com/TRHLofficial/status/1225567208845213700
18:46:44 <Zounds> hey
19:28:00 <Dot|Phone> Hi pons
19:31:42 -!- BioPhone [~androirc@12.33.239.117] has joined #tlponies
19:31:47 <BioPhone> Asdf
19:31:55 <BioPhone> Almost time to home bois
19:35:51 <BioPhone> How are mine little cute equinites
19:38:19 <Dot|Phone> Work sucked
19:38:27 <Dot|Phone> Pizza time now though
19:38:44 <carcinisation> zounds i saw the azur lane/arknights ppl have a free waifu riichi mahjong game in case you are still interested in such things https://apps.apple.com/us/app/mahjong-soul/id1464872167
19:39:47 -!- Dot` [webchat@2klw.4zv3.leui.ip] has joined #tlponies
20:00:20 -!- Cane [~Cane@CaneCraft.users.quakenet.org] has joined #tlponies
20:00:20 -!- mode/#tlponies [+o Cane] by Q
20:08:24 -!- Camail [~Camail@45.40.84.145] has joined #tlponies
20:08:25 -!- mode/#tlponies [+v Camail] by Q
20:11:14 <BioPhone> Pizza time sounds good
20:21:05 <Kittybunny> Pizza time!
20:21:32 <Camail> its the bun
20:21:34 <Camail> arrest him
20:21:39 <Camail> for crimes against humanity
20:23:00 <Kittybunny> Already?
20:23:05 <Camail> yes
20:23:06 <Kittybunny> Can it wait till after pizza?
20:23:12 <Camail> have pizza in jail
20:23:39 <Kittybunny> Well if jail is just a room, then I can just stay at home and it's jail?
20:23:43 <Kittybunny> Right?
20:24:25 <carcinisation> well house arrest is a thing
20:27:06 <Camail> fine
20:27:10 <Camail> but lock yourself in
20:29:16 <Dot|Phone> Yes 
20:29:19 <Dot|Phone> Be safe
20:29:34 <Kittybunny> Will do!
20:29:43 <Kittybunny> I'm safe now that I am locked in.
20:32:34 <Dot|Phone> Did you get pizza before locking it? 
20:33:53 <Kittybunny> oh noes. :(
20:37:06 <BioPhone> A tragedy in 3 acts
20:37:40 <BioPhone> I'll call it "A Bun's Tail"
21:03:58 -!- Rawr|Fone [~AndChat52@c-94cfe455.020-164-6d6c6d4.bbcust.telenor.se] has joined #tlponies
21:13:48 -!- BioPhone [~androirc@12.33.239.117] has joined #tlponies
21:15:57 -!- skram [~skram@213.232.87.72] has joined #tlponies
21:17:16 <skram> wah
21:18:15 <skram> lol reif
21:18:48 <BioPhone> Wah
21:20:32 <skram> bio y u is phone
21:21:35 <BioPhone> At werk still
21:21:42 <BioPhone> Not much longer
21:21:51 <BioPhone> Like 8 more mins
21:23:13 <skram> fuck yeah weekend woo
21:26:07 <Dot|Phone> Skram friend
21:27:22 <BioPhone> Woooooo
21:27:42 <skram> bjørn you rascal
21:27:57 <skram> i autographed all the papers today
21:28:10 <skram> im officially in debt for 30 years
21:28:22 <Dot|Phone> Huzzah
21:29:49 <Kittybunny> Well done Jonas.
21:30:58 <carcinisation> congratulations on your surfdom
21:33:00 <skram> i dont think its quite that severe reifmannen
21:41:04 <Dot|Phone> That's the spirit
21:41:40 <Rawr|Fone> Jonas
21:41:46 <Rawr|Fone> Seems great
21:50:29 <Kittybunny> carcinisation, memes https://www.youtube.com/watch?v=aJMpj75H4Yg
22:02:01 <carcinisation> it that some kill me baby ed dance i see
22:02:09 <carcinisation> *is
22:02:23 -!- Rawr|Fone [~AndChat52@c-94cfe455.020-164-6d6c6d4.bbcust.telenor.se] has joined #tlponies
22:18:22 -!- Rawr|Fone [~AndChat52@c-94cfe455.020-164-6d6c6d4.bbcust.telenor.se] has joined #tlponies
22:24:51 -!- BioPone [~androirc@097-070-165-146.res.spectrum.com] has joined #tlponies
22:30:38 -!- DuB` [DuB@cpe-68-174-122-249.nyc.res.rr.com] has joined #tlponies
22:30:59 <DuB`> WEW
22:32:02 <DuB`> Is friday, have borger 'n garlic+parmesean fries
22:33:38 <Bio> thats not pizza
22:33:51 <Bio> i'm reporting you
22:34:06 <Bio> also hi im home
22:34:10 <DuB`> I had pizza yesterday!
22:34:11 <DuB`> Hi
22:34:28 <carcinisation> i had pizza today. it was excellent
22:34:59 <Bio> a double violation dub
22:35:08 <Bio> disgraceful how you've fallen
22:35:40 <DuB`> Can't hear you over this anime I'm watching, sorry
22:36:00 <Bio> OH MY LORD HAVE MERCY
22:36:37 <Bio> The crusade never ends
22:36:37 <Rawr|Fone> 🤯🤯🤯
22:38:17 -!- reification [~thomas@cpc76294-cosh16-2-0-cust297.6-1.cable.virginm.net] has joined #tlponies
22:38:17 -!- mode/#tlponies [+v reification] by Q
22:41:39 <reification> what you watching dub?
22:42:16 <DuB`> Toradora 'cause I haven't in a few years
22:42:24 <DuB`> And Kawashima Ami is the best
22:42:32 <skram> did you get to the big sad yet
22:42:54 <DuB`> The big sad is that Ami isn't the main character
22:43:02 -!- Rial [~Rial@p2429120-ipngn200603tokaisakaetozai.aichi.ocn.ne.jp] has joined #tlponies
22:44:40 <skram> haha no
22:45:53 <DuB`> >:T
22:47:17 <DuB`> Don't hate just 'cause she's the only capable and intelligent character
22:48:20 <skram> haha no
22:48:32 <skram> thats just what makes her boring, DuB`
22:48:34 <skram> no growth
22:49:41 <DuB`> She do!
22:50:04 <Zounds> the growth in your trousers doesn't count
22:52:17 <skram> ;) ;) ;)
22:55:08 <Bio> pls be less degenert thx
22:55:36 <Bio> anime was a mistake
22:56:10 <skram> bio pls i know ur watching the persona animu in secret
22:58:13 <Bio> false
22:58:32 <Bio> I just replay the game over and over
22:58:46 <DuB`> am not dergenerant
22:59:13 <Bio> having studied the weeb dob you are the most detergent here
22:59:35 <skram> friggin woobs
22:59:49 <DuB`> This is the first anime I've seen in months!
23:00:21 <reification> it's no ishuzoku reviewers
23:00:38 <reification> (rank no. 2 on MAL btw)
23:00:45 <skram> lol
23:00:46 <skram> why
23:01:20 <reification> i think ppl spamming 10s due to funi drama
23:01:26 <skram> ah
23:01:28 <skram> of course
23:04:35 <Zounds> I watched some of that reif
23:05:15 <Zounds> I would the angel boy
23:05:41 -!- BioPone [~androirc@097-070-165-146.res.spectrum.com] has joined #tlponies
23:07:47 <reification> you say boy but crim is both zounds
23:08:06 <Zounds> I know that
23:08:07 <reification> also best char
23:08:33 <Zounds> But if you're packing that size
23:09:23 <Zounds> and yes best char
23:19:04 -!- Crisium [~Crisium@c-24-3-150-105.hsd1.pa.comcast.net] has joined #tlponies
23:37:31 <DuB`> o ya
23:37:40 <DuB`> reification I'm pretty sure baby birbs are aliens
23:41:33 <reification> pretty much
