00:05:50 <BioHorse> https://i.redd.it/k2raoh7lsyi51.jpg
00:05:52 <BioHorse> lel
00:31:58 -!- BioPone [~androirc@097-070-165-146.res.spectrum.com] has joined #tlponies
00:55:17 -!- BioPone [~androirc@097-070-165-146.res.spectrum.com] has joined #tlponies
01:00:24 -!- BioHorse [~BioPon@097-070-165-146.res.spectrum.com] has joined #tlponies
01:07:31 -!- BioPone [~androirc@097-070-165-146.res.spectrum.com] has joined #tlponies
03:49:55 -!- Cane [~Cane@CaneCraft.users.quakenet.org] has joined #tlponies
03:49:55 -!- mode/#tlponies [+o Cane] by Q
04:03:54 -!- Dot` [webchat@cloak-mxi127u6.230.208.46.dyn.plus.net] has joined #tlponies
04:23:23 <Dot`> blarg
04:29:18 <DuB`> So earlydot
04:29:53 <Dot`> so early
04:29:56 <Dot`> hows dubs
04:32:53 <DuB`> Gewd
04:33:50 <Dot`> great
04:40:08 <Dot`> what you up to dub
04:42:22 <DuB`> Was doin OW
04:42:24 <DuB`> Now nuffin
04:45:24 <Dot`> whats the time there
04:45:31 <DuB`> 12:45
04:48:35 -!- Micen [~Micen@h187.227.130.174.dynamic.ip.windstream.net] has joined #tlponies
04:50:39 <Dot`> so late D:
04:51:59 <DuB`> Nothing waiting for me to work on in the morning, kinda ded work week
04:52:10 <Dot`> sounds nice
04:52:30 <DuB`> Wake up at 8:30 and putter around for a bit probl
04:52:47 <DuB`> I unno, is kinda confusing to be wondering what the heck I should be doing so often
04:52:54 <Dot`> haha
04:53:09 <Dot`> feel like you should be doing something as its work time
04:54:06 -!- Dot|Phone [uid393803@2001:67c:2f08:5::6:24b] has joined #tlponies
04:55:37 <DuB`> 1000% glad I'm WFH
04:56:07 <DuB`> Sitting in the office twiddling my thumbs until evening and then commuting would be the sadness
04:57:02 <DuB`> This is so nice https://donjon.bin.sh/fantasy/demographics/
04:58:46 <Dot|Phone> I did not know donjon had this section
05:00:12 <DuB`> "Fantasy world generator" is crazy
05:06:28 <DuB`> Now zZz
05:09:02 <Dot|Phone> Gnight
05:09:08 <Dot|Phone> Sleep well Dubs
06:59:44 <Dot|Phone> No skram
07:00:28 -!- Rawr|Fone [uid440384@2001:67c:2f08:1::6:b840] has joined #tlponies
07:00:40 <Dot|Phone> Rawr Rawr Rawr 
07:01:33 <Rawr|Fone> DoT DoT DoT
07:01:35 <Rawr|Fone> 💖💖💖
07:16:34 <Dot|Phone> 💖💖💖
07:57:04 -!- Golly [~Golly@cm-84.213.21.103.getinternet.no] has joined #tlponies
08:34:19 -!- Runbunny [~Bunnykitt@91.100.28.10.generic-hostname.arrownet.dk] has joined #tlponies
08:42:55 <Dot|Phone> Runbun! 
08:46:30 <Rawr|Fone> Anders.
08:50:37 <Runbunny> Hai.
08:51:58 <Dot|Phone> Runbun, any idea why hob had a black eye? 
09:30:25 <Runbunny> Nope.
09:30:55 <Runbunny> He didn't say, he teased it a lot though.
10:18:10 -!- tredc [~tredc@c83-254-129-166.bredband.comhem.se] has joined #tlponies
10:27:17 -!- reification [~thomas@cpc76294-cosh16-2-0-cust297.6-1.cable.virginm.net] has joined #tlponies
10:27:17 -!- mode/#tlponies [+v reification] by Q
10:33:42 <Dot|Phone> Reif 
10:38:55 <Runbunny> Reif.
10:53:29 -!- skrm [webchat@pioj.eid3.887x.ip] has joined #tlponies
10:53:37 <reification> dot bun skm
10:54:03 <skrm> rif dot bun
10:57:00 <Dot|Phone> Skrm
10:57:20 <skrm> how ur butt
11:10:38 <Dot|Phone> Cold. I'm on site. 
11:10:46 <Dot|Phone> It's been raining all day
11:11:04 <Dot|Phone> These electrical ppl have been trying to sort out thier wiring
11:12:07 <Runbunny> Dot.
11:12:15 <Runbunny> Give them some sass.
11:12:56 <Dot|Phone> I don't dare. Once they are finished I start testing my code
11:13:14 <Dot|Phone> Runbun. When is your meeting /work /organ harvesting today? 
11:13:54 <reification> when should we report you as missing if you don't return? :p
11:14:25 <Runbunny> I have to show up in 2 hours.
11:14:32 <Runbunny> Well I won't disappear.
11:20:02 <Runbunny> I will disappear into the shower though.
12:24:39 <Runbunny> I'm out.
12:25:50 <Rawr|Fone> .tell Runbunny good luck friend
12:52:13 <BioHorse> gmon
13:33:13 <BioSC> surprise wfh today
13:51:36 <Rawr|Fone> Good afternoon bio
13:59:23 -!- reification [~reificati@cpc76294-cosh16-2-0-cust297.6-1.cable.virginm.net] has joined #tlponies
14:00:18 <reification> afternoon tlp
14:00:49 <reification> i have returned from lunch out to find the kitchen covered in broken glass :O
14:01:03 <BioSC> thats not good
14:04:11 <reification> cabinet with all the glassware fell off the wall and threw its contents everywhere
14:04:23 <reification> at least nobody was around at the time
14:04:57 <BioSC> still not a fun time
14:05:32 <reification> yes. it is less than ideal
14:59:44 <skram> uh oh
15:00:12 <skram> how are you gonna be able to drink things now, reifen??
15:00:48 <BioSC> cupped hands i thin
15:00:49 <BioSC> k
15:01:07 <skram> man thats rough
15:01:43 <skram> how's you gonna be able to pour things into your cupped hands if you're already using them to pour??
15:01:58 <BioSC> oh gods
15:02:02 <BioSC> i don't know
15:02:07 <BioSC> picnic?
15:02:24 <Golly> all he needs is a skull from one of his enemies
15:03:29 -!- carcinisation [~thomas@cpc76294-cosh16-2-0-cust297.6-1.cable.virginm.net] has joined #tlponies
15:03:29 -!- mode/#tlponies [+v carcinisation] by Q
15:22:10 -!- BioPone [~androirc@mobile-166-177-57-103.mycingular.net] has joined #tlponies
15:30:15 <BioSC> oh pone
15:30:26 -!- BioPone [~androirc@097-070-165-146.res.spectrum.com] has joined #tlponies
15:30:30 <carcinisation> bio
15:38:41 <BioSC> yo
15:46:01 <carcinisation> cinema time. hopefully the house will not disintegrate further in my absence... :/
16:33:30 -!- Camail [~Camail@45.40.84.145] has joined #tlponies
16:33:30 -!- mode/#tlponies [+v Camail] by Q
16:49:59 -!- DuB` [DuB@cpe-68-174-122-249.nyc.res.rr.com] has joined #tlponies
16:55:56 <Dot|Phone> Horses
16:56:08 <Dot|Phone> Hi
17:02:14 -!- Micen [~Micen@h187.227.130.174.dynamic.ip.windstream.net] has joined #tlponies
17:02:25 <DuB`> Hiya dot
17:04:15 -!- Micen [~Micen@h187.227.130.174.dynamic.ip.windstream.net] has joined #tlponies
17:04:39 <Dot|Phone> Dubs
17:04:48 <Dot|Phone> I have to wait an hour for the bus
17:04:59 <Dot|Phone> It's already 6pm
17:06:15 -!- Micen [~Micen@h187.227.130.174.dynamic.ip.windstream.net] has joined #tlponies
17:06:41 <DuB`> T_T
17:06:54 -!- Micen [~Micen@h187.227.130.174.dynamic.ip.windstream.net] has joined #tlponies
17:07:03 <DuB`> That's enough time for like 3 Practical Guide to Evil chapters! :P
17:07:56 <Dot|Phone> Haha
17:13:48 <Dot|Phone> Bio. Tj has returned. He went north for a week
17:13:52 <Dot|Phone> Silly Canadian
17:20:25 <Dot|Phone> Dub. You get any work
17:24:03 <Rawr|Fone> How long until we should be worried for runbun
17:24:48 <Dot|Phone> Probably should of sent someone already Rawr. To late now
17:25:04 <Dot|Phone> Too*
17:25:54 <Rawr|Fone> D:
17:27:39 <Rawr|Fone> He was a good bun
17:28:23 <Dot|Phone> The best of buns 
17:28:46 <DuB`> I did. dot
17:28:48 <DuB`> Phew
17:31:47 <Dot|Phone> I plan to not do much tomorrow. By the time I'm home today and done final site stuff I will have been working for 14 hours today
17:34:22 <DuB`> ow
17:40:07 <Rawr|Fone> You are a good work horse dot
17:42:12 <Dot|Phone> Will need to go back Thursday or seems 
17:42:47 <Dot|Phone> It seems
17:44:56 <Rawr|Fone> Hmm
17:50:16 <Dot|Phone> How's your day been Rawr
17:51:03 <Rawr|Fone> Not very exciting, worked and went to the gym
17:51:43 <Dot|Phone> Work still slow? 
18:27:43 <Rawr|Fone> Not as slow, but still kinda slow
18:55:23 -!- skram [~skram@ip-163-41-102-94.eidsiva.net] has joined #tlponies
18:59:30 <Rawr|Fone> Jonas
19:02:43 -!- Dot` [webchat@cloak-mxi127u6.230.208.46.dyn.plus.net] has joined #tlponies
19:10:28 <Dot`> done for the day, code is checked in
19:10:53 <DuB`> Hooray!
19:11:00 <DuB`> Relaxe time https://www.youtube.com/watch?v=hvzQQOAjuoU
19:13:16 <BioSC> asdf
19:26:58 <Rawr|Fone> DoT DoT
19:27:44 <Dot`> Rawr Rawr
19:27:45 <Dot`> <3 <3
19:27:59 <Rawr|Fone> ❤❤
19:35:48 <Dot`> rawr have you been told today that your great
19:37:50 <Rawr|Fone> You are great dot
20:04:38 -!- Runbunny [~Bunnykitt@91.100.28.10.generic-hostname.arrownet.dk] has joined #tlponies
20:06:18 <Dot`> runbun!
20:06:25 <Dot`> how many liverrs you got?
20:06:28 <Runbunny> Well look who is it.
20:06:29 <Dot`> less? more?
20:06:39 <Runbunny> Plenty.
20:06:56 <Dot`> are you a work horse now?
20:07:46 <Runbunny> Kinda.
20:08:14 <Runbunny> Technically I am still unemployed. However I am working nearly every day the next 3 weeks.
20:08:32 <Dot`> sounds suspicious
20:09:33 <Dot`> are you a test subject?
20:13:00 <Runbunny> I answer and validate most corona tests done in the country.
20:14:53 <Runbunny> reification, https://twitter.com/OutofVTubers/status/1298098922934505472?s=20
20:15:04 -!- Crisium [~Crisium@pool-71-182-195-119.pitbpa.fios.verizon.net] has joined #tlponies
20:28:41 <skram> donkey konguu
20:29:13 <Runbunny> Jonas.
20:29:45 <skram> Anders. Congratulations on your temporary employment.
20:30:53 -!- Crisium|2 [~Crisium@45.41.180.74] has joined #tlponies
20:33:05 <reification> i bak
20:33:08 <reification> ty bun
20:34:08 <reification> saw interstellar sitting at front of cinema. would recommend
20:35:05 <Runbunny> Thank you Jonas.
20:35:09 <Runbunny> I have one more for you Reif.
20:35:23 <Runbunny> reification, https://twitter.com/airaniiofifteen/status/1298286878894907398?s=19
20:35:29 <Runbunny> Jonas you may look as well.
20:36:15 <reification> i shall save it for when i go to bed :p
20:37:40 <reification> bun skram https://twitter.com/nmmn_raw/status/1297849903993851905
20:38:06 <skram> this is pretty great
20:38:17 <reification> you are pretty great
20:38:41 <skram> contrary to popular belief then?
20:39:32 <reification> who dares say otherwise?!
20:40:39 <skram> my 9th grade literature teacher probably
20:43:16 <reification> so nobody worth listening to ;p
20:48:10 <Rawr|Fone> Runbunny
20:48:21 <Runbunny> Henrik.
20:48:52 <Rawr|Fone> Are you sure you have all of your organs where they should be
20:50:00 <Runbunny> Yes.
20:50:12 <Rawr|Fone> Good
20:50:25 <Rawr|Fone> Great job today, I am proud of you
20:53:51 <BioSC> asdf
20:53:54 <BioSC> geve
21:40:31 <Dot`> runbun, F hob
21:43:28 <Dot`> skram https://imgur.com/gallery/NmpCVNJ
21:50:03 <Runbunny> Boys.
21:50:07 <Runbunny> I am beat.
21:50:10 <Runbunny> See you tomorrow.
21:50:21 <Dot`> gnight bun
22:16:17 <BioSC> same, but its like not even 7 yet
22:42:35 <skram> dot
22:55:47 <BioSC> skom
22:57:52 <BioSC> the crispon
23:00:37 <Crisium> howdy
23:00:42 <skram> bio
23:00:47 <skram> crismium
23:07:14 -!- Crisium|2 [~Crisium@pool-71-182-195-119.pitbpa.fios.verizon.net] has joined #tlponies
23:08:21 <carcinisation> night all
23:08:26 <BioSC> n
23:53:47 <skram> .tell DuB` https://www.youtube.com/watch?v=XR3Y_9Y74L0
