00:07:11 -!- Micen [~Micen@h253.230.130.174.dynamic.ip.windstream.net] has joined #tlponies
00:08:47 -!- skrm [webchat@pioj.eid3.887x.ip] has joined #tlponies
00:12:16 <skrm> well well well
00:19:04 -!- Cane [~Cane@CaneCraft.users.quakenet.org] has joined #tlponies
00:19:04 -!- mode/#tlponies [+o Cane] by Q
00:45:44 <DuB`> skrm
00:45:54 <skrm> im a skram
00:46:00 <DuB`> So
00:46:20 <skrm> so
00:46:22 <DuB`> The crepe street across the street sells a "prosciutto, arugala, and melon" crepe
00:46:35 <DuB`> I thought "... there's no way that's good, right?" and was intrigued
00:46:37 <DuB`> I bought it
00:46:39 <DuB`> It was not good
00:46:44 <skrm> LOL
00:46:56 <DuB`> -$10
00:50:47 <skrm> just raw prosciutto?
01:09:24 <DuB`> ye
01:10:17 <skrm> i wonder who thought that was a good idea
01:10:33 <skrm> i'd rather have seaweed pizza
01:46:05 <Cane> God, Dark Souls is so good.
02:42:12 -!- Cane_ [~Cane@CaneCraft.users.quakenet.org] has joined #tlponies
02:42:12 -!- mode/#tlponies [+o Cane_] by Q
02:43:41 -!- Micen_ [~Micen@h253.230.130.174.dynamic.ip.windstream.net] has joined #tlponies
02:45:41 -!- Micen_ [~Micen@h253.230.130.174.dynamic.ip.windstream.net] has joined #tlponies
02:47:41 -!- Micen_ [~Micen@h253.230.130.174.dynamic.ip.windstream.net] has joined #tlponies
02:48:20 -!- Micen_ [~Micen@h253.230.130.174.dynamic.ip.windstream.net] has joined #tlponies
04:28:14 -!- Dot|Phone [uid393803@id-393803.brockwell.irccloud.com] has joined #tlponies
04:28:26 <Dot|Phone> Blarg
04:37:11 <Dot|Phone> It's too early
04:50:45 <Crisium> indeed
04:50:53 <Crisium> morno dot
04:55:56 <Dot|Phone> Morn 
05:15:15 <Dot|Phone> What's crisium up to at this time of the day
05:15:25 <Crisium> heading to bed soon heh
05:15:39 <Dot|Phone> Gnight!  Enjoy sleep
05:15:54 <Crisium> thanky
06:01:34 -!- skram [~skram@ip-163-41-102-94.eidsiva.net] has joined #tlponies
06:02:50 <Dot|Phone> Skram
06:03:55 <skram> mornin bjørnen
06:09:21 <Dot|Phone> I've been up since 5. I didn't even know the was such a time
06:12:17 <skram> is it even legal to wake up that early?
06:12:57 <Dot|Phone> No sirens yet. But the bus was nice and empty
06:13:23 <Dot|Phone> I saw ppl who dunt know how to wear masks..... 
06:13:27 <Dot|Phone> Don't
06:14:05 <Dot|Phone> I didn't think it was a tricky concept. But apparently the nose isn't connected to the lungs or something
06:14:17 <skram> did you stop doing driving lessons?
06:14:46 <skram> dont need the mask to cover your nose if you decide to not use your nose
06:21:57 -!- Rawr|Fone [uid440384@2001:67c:2f08:1::6:b840] has joined #tlponies
06:22:08 <Rawr|Fone> 🐴🐴🐴
06:22:31 <skram> henrik
06:22:32 <skram> god morgon
06:23:59 <Rawr|Fone> God morgon jonas
06:28:45 <Dot|Phone> Rawr Rawr Rawr 
06:29:03 <Dot|Phone> Skram driving lessons are tricky with Covid-19 
06:29:19 <skram> i suppose das true
06:36:06 -!- BioSC [~BioPon@097-070-165-146.res.spectrum.com] has joined #tlponies
06:37:25 <Rawr|Fone> DoT DoT DoT
06:37:29 <Rawr|Fone> ❤❤❤
06:58:55 <Dot|Phone> 💖💖💖
07:10:36 <Rawr|Fone> He left us dot D:
07:12:09 <Dot|Phone> Oh dear
07:12:14 <Dot|Phone> Probably tired
07:27:30 <Rawr|Fone> Hmm
07:27:39 -!- Golly [~Golly@cm-84.213.21.103.getinternet.no] has joined #tlponies
08:46:37 -!- Runbunny [~Bunnykitt@91.100.28.10.generic-hostname.arrownet.dk] has joined #tlponies
08:50:34 -!- Rawr|Fone [uid440384@id-440384.highgate.irccloud.com] has joined #tlponies
09:19:37 <Dot|Phone> Runbun
10:06:07 -!- Rawr|Fone [uid440384@id-440384.highgate.irccloud.com] has joined #tlponies
11:26:40 <Runbunny> Dot|Phone.
11:34:39 <Dot|Phone> Finally
11:35:04 <Dot|Phone> Lunch time
11:36:55 -!- reification [~reificati@cpc76294-cosh16-2-0-cust297.6-1.cable.virginm.net] has joined #tlponies
11:37:10 <reification> hello all
11:38:47 <Dot|Phone> Hey Reif
11:38:54 <reification> hej dotties
11:38:59 <reification> bun https://danbooru.donmai.us/posts/4059535
11:43:10 <Dot|Phone> I'm bored. Site in sorting at is still not ready to test. Hopefully I don't need to be back Monday
11:44:43 -!- Micen_ [~Micen@h253.230.130.174.dynamic.ip.windstream.net] has joined #tlponies
11:45:03 <reification> was that autocorrected dot?
11:55:19 <Dot|Phone> Yes
11:55:30 <Dot|Phone> Site I am sitting at
12:25:22 <reification> that is why you bring a book
12:25:49 -!- tredc [~tredc@c83-254-129-166.bredband.comhem.se] has joined #tlponies
12:26:22 <Dot|Phone> Hmm. Next time
12:30:51 <reification> you could listen to audiobook on phone still. i recommend https://www.youtube.com/watch?v=BB0CXnkgDqA
12:35:05 <BioSC> Chrysalids???
12:35:12 <BioSC> (PTSD INTENSIFIES)
12:39:39 <BioSC> gmon
12:41:06 <Rawr|Fone> Good afternoon bio
12:43:48 <BioSC> time to try and be productive
13:46:49 <Dot|Phone> It's Friday bio 
13:57:42 <Runbunny> Oh dang it's friday.
14:05:19 <BioSC> oh shit whaddup
15:02:15 <Dot|Phone> Bus time
15:11:48 -!- DuB` [DuB@cpe-68-174-122-249.nyc.res.rr.com] has joined #tlponies
15:12:54 <Runbunny> Hai Dub.
15:13:02 <DuB`> Yahallo
15:13:52 <Runbunny> Nyahallo?
15:14:11 <DuB`> Nyan datte
15:15:16 <Runbunny> Anyhoo I would have loved to continue this. But I forgot if I recharged my public transportation card.
15:15:23 <Runbunny> So I'll have to go.
15:15:29 <DuB`> o no
15:15:45 <DuB`> My metro card has like $600 on it because I forgot to turn off autosave when I stopped commuting
15:15:49 <DuB`> Use mine! :P
15:15:56 <Runbunny> O:
15:16:00 <Runbunny> I would!
15:16:12 <Runbunny> Korean bbq awaits!
15:16:16 <DuB`> o nice
15:18:18 <Dot|Phone> Dub dub
15:18:34 <DuB`> Dot dot
15:18:40 <DuB`> Probl not much work today
15:18:51 <DuB`> Friday is
15:18:52 <DuB`> wew
15:19:20 <Dot|Phone> I sat on site all day waiting to test stuff and only really did about 20 minutes of work
15:19:20 <DuB`> So much dota to watch on the side during long workweek was nice
15:19:24 <DuB`> All my teams lost though...
15:19:49 <DuB`> Haha, thumb-twiddling is an important skill to have in many professional settings :P
15:20:18 <Dot|Phone> My part would have taken under an hour if they where ready 
15:20:35 <Dot|Phone> Now I have to go back either Monday or Tuesday
15:34:01 <DuB`> I feel like I've never seen Riki win in pro doto
15:34:03 <DuB`> Liquid pls
15:34:06 <BioSC> riki bad
15:34:20 <BioSC> 2 squish
15:34:20 <Dot|Phone> He has a point
15:34:27 <DuB`> Riki says "FIGHT ME, SVEN!" Riki goes splat
15:35:23 <Dot|Phone> Who Sven is a strong scandanavian. 
15:36:25 <Dot|Phone> Well
15:38:48 <Dot|Phone> I keep getting buses all too myself
15:49:29 -!- skram [~skram@ip-163-41-102-94.eidsiva.net] has joined #tlponies
15:54:39 <DuB`> O nice, liquid game straight into a nigma game
15:54:41 <DuB`> yay doto
15:54:52 <skram> yaaay
15:55:04 <DuB`> And my one work call for today lasted just 9 minutes :D
15:58:41 <Dot|Phone> Nice
15:58:46 <Dot|Phone> Jonas hest 
16:02:45 <skram> bjørnbjørn
16:02:47 <DuB`> Dot, ok PGtE might be a bit longer than I though https://practicalguidetoevil.wordpress.com/table-of-contents/
16:02:57 <DuB`> Hadn't looked at that page in a while haha
16:05:19 <Dot|Phone> Lol
16:24:46 <DuB`> Brilliant tree game happening, dot https://www.twitch.tv/weplayesport_en
16:24:49 -!- Dot` [webchat@cloak-mxi127u6.230.208.46.dyn.plus.net] has joined #tlponies
16:33:51 -!- reification [~thomas@cpc76294-cosh16-2-0-cust297.6-1.cable.virginm.net] has joined #tlponies
16:33:51 -!- mode/#tlponies [+v reification] by Q
17:43:47 <Dot`> pom
17:43:51 <Dot`> pon
17:50:13 -!- Camail [~Camail@45.40.84.145] has joined #tlponies
17:50:13 -!- mode/#tlponies [+v Camail] by Q
17:50:22 <Camail> nah
17:50:43 <Dot`> hmm
17:59:28 -!- reify [~reificati@cpc76294-cosh16-2-0-cust297.6-1.cable.virginm.net] has joined #tlponies
18:35:01 <Dot`> wait wait wait, whats this, the steam dorf fort will have CLICKABLE BUTTONS
18:35:06 <Dot`> where is the suffering??
18:35:36 <Dot`> https://www.reddit.com/r/dwarffortress/comments/idtxku/devlog_21_august_2020_last_week_we_worked_to_get/
18:35:46 <Dot`> https://bay12games.com/dwarves/imgs/embark_item.png
19:01:00 <Camail> that seems like a great way to get people to play dwarf fortress
19:01:07 <Camail> so needless to say, it was an unpopular move
19:01:18 -!- Golly [~Golly@cm-84.213.21.103.getinternet.no] has joined #tlponies
19:06:19 <Dot`> exactly
19:14:00 -!- Runbunny [~Bunnykitt@91.100.28.10.generic-hostname.arrownet.dk] has joined #tlponies
19:15:39 <Runbunny> Hai.
19:20:09 <Dot`> Bun!
19:22:04 <Runbunny> I return.
19:30:16 <BioSC> buttons!
19:58:26 <Rawr|Fone> Horse horse
20:12:59 <BioSC> asdf
20:14:37 <Dot`> hows horses
20:22:42 <BioSC> F
20:45:26 <Rawr|Fone> DoT DoT
20:46:57 <Dot`> Rawr Rawr
20:47:01 <Dot`> its almost bed time i think
20:47:23 <Rawr|Fone> It is close
20:47:41 <Rawr|Fone> But I just got home from table tennis, have to eat and shower
20:49:58 <Dot`> you should do those
20:54:18 <Rawr|Fone> On my way
21:09:58 <Runbunny> I am proud of you Henrik.
21:10:29 <Rawr|Fone> Thank you Anders
21:27:56 <skram> eat in the shower
21:32:31 <Rawr|Fone> I did not Jonas
21:32:35 <Rawr|Fone> Maybe next time
21:47:45 <reification> i bak from bbq & quiz
21:50:25 <Rawr|Fone> How did you do reef reef
21:51:26 <reification> pretty well ty roar roar
21:54:29 <reification> runbunny https://danbooru.donmai.us/posts/4061327
21:54:44 <reification> how was your table tennis rawr?
21:55:41 <Runbunny> Neat.
22:15:09 <Rawr|Fone> It went great reef reef
22:52:41 <Runbunny> reification, https://www.youtube.com/watch?v=BmfnleCqH0k
22:53:38 <skram> my heart
22:55:46 <reification> :O
23:06:22 <reification> night all
23:08:35 <Runbunny> Goodnight Reif.
