00:07:53 <reification> but what was the sentence?
00:11:23 <Runbunny> oh there is 4 parts.
00:11:36 <Runbunny> Part 2 https://www.youtube.com/watch?v=x13fKN3HDcM
00:35:29 -!- Rawr|Fone [~AndChat52@c-94cfe455.020-164-6d6c6d4.bbcust.telenor.se] has joined #tlponies
00:37:21 -!- Dot|Phone [uid393803@2001:67c:2f08:5::6:24b] has joined #tlponies
00:37:22 <Dot|Phone> Ponies
00:38:38 <reification> dot
00:38:50 <Dot|Phone> Reif Reif
00:45:11 <DuB`> .choose kebab borger
00:45:15 <DuB`> wew
00:52:42 <reification> runbunny there still is no sentence in final part...
00:56:11 <Runbunny> There is ?!?!
00:56:38 <reification> it just ends with verdict
00:57:27 <Runbunny> Oh. 
00:58:35 <Runbunny> You see her in prison clothes and cuffed and everything.
01:10:14 <reification> i am unsatisfied and shall not use this legal process D:
01:10:28 <reification> also lol https://twitter.com/HalgoniaKen/status/1223435080158236678
01:10:54 -!- Rawr|Fone [~AndChat52@c-94cfe455.020-164-6d6c6d4.bbcust.telenor.se] has joined #tlponies
01:11:01 <reification> funi pulling a seven seas/kodomo no jikan move with reviewers
01:11:33 <skrm> LOL
01:11:42 <skrm> i mean it was pretty lewd
01:19:49 <Runbunny> It should have been hentai.
01:21:42 <Runbunny> Enjoy this meme reification https://www.youtube.com/watch?v=9BfixKam50I
01:33:37 -!- Rawr|Fone [~AndChat52@c-94cfe455.020-164-6d6c6d4.bbcust.telenor.se] has joined #tlponies
01:49:35 <Camail> i took a surprise nap
02:06:18 -!- Rawr|Fone [~AndChat52@c-94cfe455.020-164-6d6c6d4.bbcust.telenor.se] has joined #tlponies
02:11:06 <DuB`> They are very sneaky.
03:24:52 -!- Rawr|Fone [~AndChat52@c-94cfe455.020-164-6d6c6d4.bbcust.telenor.se] has joined #tlponies
04:25:33 -!- Rawr|Fone [~AndChat52@c-94cfe455.020-164-6d6c6d4.bbcust.telenor.se] has joined #tlponies
04:33:04 -!- Rawr|Fone [~AndChat52@c-94cfe455.020-164-6d6c6d4.bbcust.telenor.se] has joined #tlponies
06:20:30 -!- Rawr|Fone [~AndChat52@c-94cfe455.020-164-6d6c6d4.bbcust.telenor.se] has joined #tlponies
06:55:06 -!- Rawr|Fone [~AndChat52@c-94cfe455.020-164-6d6c6d4.bbcust.telenor.se] has joined #tlponies
07:12:04 -!- Rawr|Fone [~AndChat52@c-94cfe455.020-164-6d6c6d4.bbcust.telenor.se] has joined #tlponies
07:39:04 -!- Golly [~kvirc@cm-84.213.21.103.getinternet.no] has joined #tlponies
08:25:31 -!- Micen [~Micen@h6.74.23.98.dynamic.ip.windstream.net] has joined #tlponies
08:31:01 -!- Rawr|Fone [~AndChat52@c-94cfe455.020-164-6d6c6d4.bbcust.telenor.se] has joined #tlponies
08:44:06 <Micen> hello tlp
08:44:14 <Micen> how is everyone's day going?
08:45:05 <DuB`> Uh
08:45:10 <DuB`> My day is going too late
08:45:11 <DuB`> Whoops
08:47:24 <Micen> bad dub!
08:47:41 <Micen> its 4am 
08:47:49 <Micen> well near... and hes gone
08:49:59 -!- Rawr|Fone [~AndChat52@c-94cfe455.020-164-6d6c6d4.bbcust.telenor.se] has joined #tlponies
09:19:34 -!- Rawr|Fone [~AndChat52@c-94cfe455.020-164-6d6c6d4.bbcust.telenor.se] has joined #tlponies
09:32:26 -!- Dot|Phone [uid393803@2001:67c:2f08:5::6:24b] has joined #tlponies
09:32:30 <Dot|Phone> Morning
09:40:11 <Rawr|Fone> DoT DoT DoT
09:40:14 <Rawr|Fone> 💖💖💖
09:42:30 <Dot|Phone> Rawr Rawr Rawr 
09:42:36 <Dot|Phone> 💖💖💖
10:50:56 <Dot|Phone> Rawr. I've had hiccups for half an hour. Help
10:51:12 <Rawr|Fone> Boo
11:45:21 -!- Runbunny [~Runbunny@91.100.28.10.generic-hostname.arrownet.dk] has joined #tlponies
11:46:48 -!- Rawr|Fone [~AndChat52@c-94cfe455.020-164-6d6c6d4.bbcust.telenor.se] has joined #tlponies
12:08:11 <Dot|Phone> Angel! 
12:22:53 -!- Rawr|Fone [~AndChat52@c-94cfe455.020-164-6d6c6d4.bbcust.telenor.se] has joined #tlponies
12:28:27 -!- Dot` [webchat@cloak-6bkyd833.120.143.150.dyn.plus.net] has joined #tlponies
12:38:02 -!- reification [~reificati@cpc76294-cosh16-2-0-cust297.6-1.cable.virginm.net] has joined #tlponies
12:44:19 <reification> hello tlpons https://pbs.twimg.com/media/EJhkevlW4A89D3s?format=jpg&name=large
12:45:29 <Dot`> hedge reif
12:45:48 <reification> shrub dot
13:02:07 -!- Rawr|Fone [~AndChat52@c-94cfe455.020-164-6d6c6d4.bbcust.telenor.se] has joined #tlponies
13:13:42 -!- Rawr|Fone [~AndChat52@c-94cfe455.020-164-6d6c6d4.bbcust.telenor.se] has joined #tlponies
13:14:16 -!- reification [~reificati@cpc76294-cosh16-2-0-cust297.6-1.cable.virginm.net] has joined #tlponies
13:16:35 -!- Rawr|Phone [~AndChat52@m83-187-183-143.cust.tele2.se] has joined #tlponies
13:17:42 -!- Rawr|Phone [~AndChat52@c-94cfe455.020-164-6d6c6d4.bbcust.telenor.se] has joined #tlponies
13:19:46 -!- Rawr|Fone [~AndChat52@m83-187-183-143.cust.tele2.se] has joined #tlponies
13:47:43 <Dot`> ponies pls
14:03:14 -!- reification [~reificati@cpc76294-cosh16-2-0-cust297.6-1.cable.virginm.net] has joined #tlponies
14:09:28 -!- Rawr|Phone [~AndChat52@m83-187-160-138.cust.tele2.se] has joined #tlponies
14:28:59 -!- skram [~skram@178.239.173.180] has joined #tlponies
14:32:11 <skram> it smells like hay in here
14:34:44 <reification> bonvolu skramo
14:35:54 <skram> are you speaking in tongues again reifmann
14:39:34 <reification> la internacia lingvo
14:44:08 <skram> i thought english was la internacia lingvo
14:45:50 <reification> if you invade enough of the world your language become international
14:47:22 -!- Cane [~Cane@CaneCraft.users.quakenet.org] has joined #tlponies
14:47:22 -!- mode/#tlponies [+o Cane] by Q
14:53:12 <Dot`> hey cane, skram <3
14:59:15 <skram> bjørn old chum
15:13:13 <Dot`> how was work mr jonas
15:20:42 <skram> boring as HECK
15:21:26 <skram> i still have one shift to go
15:27:58 <Dot`> aww
16:09:50 <Rawr|Phone> Hmm
16:12:34 <Dot`> rawr hest
16:12:38 <Dot`> hows the ping pong?
16:12:40 <Dot`> more wins?
16:12:52 <Rawr|Phone> Dot hest
16:12:56 <Rawr|Phone> No matches today
16:13:07 -!- DuB` [DuB@cpe-68-174-122-249.nyc.res.rr.com] has joined #tlponies
16:13:51 <DuB`> Ohayougomorning
16:16:54 <Dot`> dub dub
16:16:59 <skram> nyello
16:20:44 <skram> what are you thoughts on this DuB`, mr Dot`
16:20:52 <skram> as an expert in friend shapes
16:21:01 <Dot`> just about perfect
16:21:08 <Dot`> needs more scarfs though
16:21:10 <skram> marvelous
16:21:15 <DuB`> hmm hmm
16:21:29 <skram> a neck is only so big
16:21:31 <DuB`> It's nice and cozy inside, don't need any scarfes!
16:21:38 <skram> at some point you reach maximum scarf saturation
16:22:25 <Dot`> thats why giraffes are the supirior animal
16:23:55 <DuB`> Indisputable logics
16:23:56 -!- reification [~reificati@cpc76294-cosh16-2-0-cust297.6-1.cable.virginm.net] has joined #tlponies
16:48:20 <DuB`> https://www.twitch.tv/dubphool
16:48:25 <DuB`> I s'pose
17:12:45 <skram> asdf
17:12:46 <skram> werk
17:25:06 -!- Rawr|Fone [~AndChat52@m83-187-181-107.cust.tele2.se] has joined #tlponies
17:25:46 -!- Rawr|Pone [~AndChat52@c-94cfe455.020-164-6d6c6d4.bbcust.telenor.se] has joined #tlponies
17:33:51 -!- Dot` [webchat@cloak-t9p6wmor.115.159.143.dyn.plus.net] has joined #tlponies
17:33:59 <Dot`> hmm
17:36:14 <Runbunny> Hmmm.
17:36:25 <Runbunny> What are you thinking about Dot?
17:36:47 -!- Camail [~Camail@45.40.84.145] has joined #tlponies
17:36:47 -!- mode/#tlponies [+v Camail] by Q
17:37:21 <Runbunny> In case it was worry, I'll have you know that I am cooking some dinner now.
17:37:45 <Runbunny> I'm not starving and such. Hopefully that will put your mind at ease Dot.
17:38:54 <Dot`> this helps me greatly runbun
17:41:43 <reification> we can all rest safely assured now
18:04:47 -!- skrm [webchat@pioj.eid3.887x.ip] has joined #tlponies
18:06:12 <Dot`> skrm
18:06:17 <Dot`> my favourite work horse
18:06:18 <skrm> dot
18:06:27 <skrm> im a real human bean :(
18:07:56 <Runbunny> Jonas, Bean of Humans.
18:07:59 <Runbunny> I greet you.
18:09:10 <skrm> Thank you, my son
18:16:18 <Rawr|Pone> Jonas
18:16:26 <Rawr|Pone> My horsey friend
18:24:54 <skrm> neigh
18:24:56 <skrm> am human
18:37:27 <Dot`> always banging on about being human skram, why you hate horses?
18:37:37 <Rawr|Pone> .is skram actual horse
18:37:40 <Rawr|Pone> Hmm
19:23:28 <Camail> Dot`  i started playing hades last night, it's very fun
19:23:43 <Dot`> great!
19:23:51 <Dot`> i need to play it agian since that big update came out
19:25:30 <Camail> i still like bastion more, i dont think anything they make is gonna top the final level of that game
19:29:25 <Dot`> they set the bar too high for themselves
19:30:40 <Camail> hades is more about character development, which is cool
19:30:47 <Camail> i'm a slut for a strong narrative, tho
20:52:03 -!- Rawr|Fone [~AndChat52@c-94cfe455.020-164-6d6c6d4.bbcust.telenor.se] has joined #tlponies
21:12:20 <Golly> ACE
21:12:37 <Golly> rip liquid tho
21:45:22 <Dot`> skrm
21:45:36 <skrm> hey buddy
21:45:50 <Dot`> hello friend
21:45:56 <Dot`> hows you surviving work?
21:51:18 <skrm> did some plumbing
21:51:36 <skrm> gonna have a cheese to celebrate zerotwos eve
21:55:16 <Dot`> is paldindrom day
21:55:50 <skrm> nono we're celebrating best dinosaur
21:57:41 <Dot`> what is your favourite dino skram?
21:57:41 -!- Rawr|Fone [~AndChat52@c-94cfe455.020-164-6d6c6d4.bbcust.telenor.se] has joined #tlponies
22:00:02 <skrm> zerotwo, dot!
22:02:20 <skrm> https://www.youtube.com/watch?v=0sLaYGjGIDo
22:08:44 <Dot`> this doesnt look like a dinosaur
22:10:04 <skrm> trust me pal
22:10:11 <skrm> its totally a dinosaur
22:10:27 -!- Rial [~Rial@p2429120-ipngn200603tokaisakaetozai.aichi.ocn.ne.jp] has joined #tlponies
22:11:15 <Dot`> where are the feathers?
22:17:06 <skrm> have you ever seen a dinosaur skeleton with feathers on it?
22:19:33 <Dot`> this 02 person is a animated dino skelton?
22:41:16 -!- skram [~skram@178.239.173.180] has joined #tlponies
22:42:43 <Dot`> skram home?
22:42:50 <Dot`> skrm control your pc
22:43:02 <skrm> oh no
22:43:14 <skrm> someone has broken into my apt to steal my komisan emoji collection
22:44:11 <Dot`> i bet it was dub
22:50:40 <Dot`> https://imgur.com/gallery/QEeHL0z
22:50:45 <Dot`> runbun
22:53:46 -!- Rawr|Fone [~AndChat52@c-94cfe455.020-164-6d6c6d4.bbcust.telenor.se] has joined #tlponies
23:09:37 -!- Rawr|Fone [~AndChat52@c-94cfe455.020-164-6d6c6d4.bbcust.telenor.se] has joined #tlponies
23:26:12 <Dot`> DuB`, https://imgur.com/gallery/kTnKV1P
23:26:31 <Dot`> woops, meant to link just the dog
23:36:59 <Rawr|Fone> Dot
23:39:17 <Runbunny> Wood shavings?
23:53:35 <DuB`> Samoyeeeeeeed
