00:59:05 <Rawr|Fone> 🐴🐴🐴
01:44:04 -!- BioPone [~androirc@mobile-166-176-249-209.mycingular.net] has joined #tlponies
01:58:33 -!- BioPone [~androirc@mobile-166-170-20-14.mycingular.net] has joined #tlponies
02:29:23 -!- BioPone [~androirc@mobile-166-170-20-14.mycingular.net] has joined #tlponies
02:36:35 -!- BioPone [~androirc@mobile-166-170-20-14.mycingular.net] has joined #tlponies
04:41:28 -!- Rawr|Fone [~AndChat52@c-94cfe455.020-164-6d6c6d4.bbcust.telenor.se] has joined #tlponies
06:37:47 -!- Rawr|Fone [~AndChat52@c-94cfe455.020-164-6d6c6d4.bbcust.telenor.se] has joined #tlponies
07:16:00 -!- Dot|Phone [uid393803@2001:67c:2f08:5::6:24b] has joined #tlponies
07:48:06 <Dot|Phone> Morn
07:50:53 -!- Golly [~kvirc@cm-84.213.21.103.getinternet.no] has joined #tlponies
08:27:32 -!- Rawr|Fone [~AndChat52@c-94cfe455.020-164-6d6c6d4.bbcust.telenor.se] has joined #tlponies
08:59:38 <Dot|Phone> Rawr, skram
08:59:53 <Rawr|Fone> DoT DoT DoT
09:00:00 <Rawr|Fone> 💖💖💖
09:00:09 <Dot|Phone> Rawr Rawr Rawr 
09:00:17 <Dot|Phone> 💖💖💖
09:37:53 -!- Rawr|Fone [~AndChat52@c-94cfe455.020-164-6d6c6d4.bbcust.telenor.se] has joined #tlponies
09:55:03 -!- Rawr|Fone [~AndChat52@c-94cfe455.020-164-6d6c6d4.bbcust.telenor.se] has joined #tlponies
10:16:58 -!- Rawr|Fone [~AndChat52@c-94cfe455.020-164-6d6c6d4.bbcust.telenor.se] has joined #tlponies
10:29:37 -!- reification [~thomas@cpc76294-cosh16-2-0-cust297.6-1.cable.virginm.net] has joined #tlponies
10:29:37 -!- mode/#tlponies [+v reification] by Q
10:30:21 <reification> .tell dub` https://twitter.com/gunsnrosesgirl3/status/1226490886151954435
10:41:56 <skram> good morning frens
10:42:10 <skram> something keeps waking skramputer up at night :f
10:46:50 -!- tredc [~tredc@c83-254-129-166.bredband.comhem.se] has joined #tlponies
10:52:36 <Dot|Phone> Morning horse
11:25:59 <Dot|Phone> Reif Reif
11:26:01 <Dot|Phone> How's all
11:26:04 <reification> dot dot
11:26:13 <reification> pretty good ty
11:26:16 <reification> how's you
11:28:07 <Dot|Phone> Doing ok. Almost lunch time
11:29:55 -!- Micen [~Micen@h6.74.23.98.dynamic.ip.windstream.net] has joined #tlponies
11:30:18 <reification> .tell dub` https://twitter.com/dodo/status/1226989216409640960
11:30:29 <reification> skram dot ^ good dog
11:30:58 <reification> and another: https://twitter.com/onewalleee/status/1226354791196041217
11:34:30 <reification> .tell zounds https://twitter.com/380kmh/status/1226579885113708544
11:34:34 <reification> bio ^
11:41:51 -!- carcinisation [~thomas@cpc76294-cosh16-2-0-cust297.6-1.cable.virginm.net] has joined #tlponies
11:41:51 -!- mode/#tlponies [+v carcinisation] by Q
12:02:55 <Dot|Phone> They are all great dogs
12:04:16 -!- Rawr|Fone [~AndChat52@c-94cfe455.020-164-6d6c6d4.bbcust.telenor.se] has joined #tlponies
12:32:27 -!- Micen [~Micen@h6.74.23.98.dynamic.ip.windstream.net] has joined #tlponies
12:39:37 -!- Rawr|Fone [~AndChat52@c-94cfe455.020-164-6d6c6d4.bbcust.telenor.se] has joined #tlponies
13:01:31 -!- Rawr|Fone [~AndChat52@c-94cfe455.020-164-6d6c6d4.bbcust.telenor.se] has joined #tlponies
13:09:26 <Rawr|Fone> Hmm
13:09:36 <Rawr|Fone> Internet bad
13:09:53 -!- BioPone [~androirc@mobile-166-170-21-252.mycingular.net] has joined #tlponies
13:21:13 <Dot|Phone> Rawr please
13:25:14 <Rial> https://twitter.com/z32o/status/1227220271632748545
13:25:18 <Rial> Art art =w=
13:30:13 -!- Cane [~Cane@CaneCraft.users.quakenet.org] has joined #tlponies
13:30:13 -!- mode/#tlponies [+o Cane] by Q
13:30:34 <Rawr|Fone> Dot please
13:46:04 <BioPone> Nap
13:55:43 <Dot|Phone> Pan
14:01:03 -!- Runbunny [~Runbunny@91.100.28.10.generic-hostname.arrownet.dk] has joined #tlponies
14:01:22 <Runbunny> ugh.
14:02:02 <Runbunny> It's rough actually doing stuff.
14:04:29 <Golly> ikr
14:08:17 <BioPone> I wish to not do thing
14:08:21 <BioPone> But here we are
14:08:29 <BioPone> Currently at the eye doc
14:09:31 <Dot|Phone> Life is suffering
14:11:44 <BioPone> Then you die
14:12:01 <BioPone> But there's some cheese every bow and again
14:16:19 <Runbunny> How's your eye Bio?
14:18:02 <Dot|Phone> Did you try to be a pirate bio? 
14:40:27 -!- Rawr|Fone [~AndChat52@c-94cfe455.020-164-6d6c6d4.bbcust.telenor.se] has joined #tlponies
14:55:25 <carcinisation> bio https://pbs.twimg.com/media/EQf_LLqUEAMbEXi.jpg
15:05:04 -!- Rawr|Fone [~AndChat52@c-94cfe455.020-164-6d6c6d4.bbcust.telenor.se] has joined #tlponies
15:21:03 -!- Rawr|Fone [~AndChat52@c-94cfe455.020-164-6d6c6d4.bbcust.telenor.se] has joined #tlponies
15:22:08 <Rawr|Fone> 🐴🐴🐴
15:32:40 <Bio> eye still shite, but not getting more shite
15:54:10 -!- BioPone [~androirc@mobile-166-170-21-252.mycingular.net] has joined #tlponies
17:01:13 -!- Camail [~Camail@45.40.84.145] has joined #tlponies
17:01:13 -!- mode/#tlponies [+v Camail] by Q
17:02:38 <Rawr|Fone> Good evening cam
17:02:45 <Camail> hullo
17:04:02 <skram> cam
17:04:11 <Camail> skrum
17:20:37 -!- Rawr|Fone [~AndChat52@c-94cfe455.020-164-6d6c6d4.bbcust.telenor.se] has joined #tlponies
17:35:48 -!- BioPone [~androirc@mobile-166-170-22-23.mycingular.net] has joined #tlponies
17:39:26 <Dot|Phone> Cam
17:39:32 <Camail> dut
17:49:39 -!- Dot` [webchat@cloak-3uhw4kw0.161.189.80.dyn.plus.net] has joined #tlponies
18:49:34 -!- Rawr|Fone [~AndChat52@c-94cfe455.020-164-6d6c6d4.bbcust.telenor.se] has joined #tlponies
18:59:38 -!- BioPhone [~androirc@12.33.239.117] has joined #tlponies
18:59:44 <BioPhone> Hay
18:59:50 <BioPhone> Its for horses
19:02:36 -!- Rawr|Fone [~AndChat52@m83-187-164-70.cust.tele2.se] has joined #tlponies
19:05:29 <Dot`> its the bio
19:05:34 <Dot`> wat a boi
19:06:49 -!- skrma [~skram@82.147.53.191] has joined #tlponies
19:10:10 <Rawr|Fone> And the jonas
19:13:15 -!- Rawr|Phone [~AndChat52@c-94cfe455.020-164-6d6c6d4.bbcust.telenor.se] has joined #tlponies
19:21:49 <BioPhone> Happi neighing
19:23:54 <skrma> HONK
19:25:44 -!- skram [~skram@95.174.67.83] has joined #tlponies
19:26:31 <Dot`> skram fiend
19:27:54 <BioPhone> Bop
19:28:44 <skram> Dot` scoundrel
19:29:48 -!- Crisium [~Crisium@c-24-3-150-105.hsd1.pa.comcast.net] has joined #tlponies
19:31:36 -!- Rawr|Fone [~AndChat52@c-94cfe455.020-164-6d6c6d4.bbcust.telenor.se] has joined #tlponies
19:38:46 -!- Micen [~Micen@h6.74.23.98.dynamic.ip.windstream.net] has joined #tlponies
20:08:58 <Dot`> hows all
20:12:32 <Runbunny> Dot.
20:12:37 <Runbunny> It's alright.
20:14:55 <Dot`> runbun
20:15:02 <Dot`> what would make it better?
20:15:59 <Runbunny> I don't think I can improve in such a short time.
20:16:04 <Runbunny> I try everyday.
20:16:08 <Runbunny> But it's hard.
20:19:10 <Dot`> trying everyday is the important part
20:26:15 -!- Crisium [~Crisium@c-24-3-150-105.hsd1.pa.comcast.net] has joined #tlponies
20:37:29 <BioPhone> Crispyone
20:42:36 <Crisium> howdy
20:47:26 <BioPhone> Howdy howdy howdy
21:38:02 -!- Rawr|Fone [~AndChat52@c-94cfe455.020-164-6d6c6d4.bbcust.telenor.se] has joined #tlponies
21:49:01 -!- BioPone [~androirc@12.33.239.117] has joined #tlponies
21:56:52 <Dot`> whats all up to
22:01:17 -!- Rawr|Fone [~AndChat52@c-94cfe455.020-164-6d6c6d4.bbcust.telenor.se] has joined #tlponies
22:01:30 <skram> TRAINZ
22:02:28 <Dot`> are they anime trains?
22:02:30 <carcinisation> lead news was trains today skram 
22:02:36 <Dot`> how many train animes are there skram?
22:02:40 <carcinisation> we gonna spend all our monies on them
22:02:42 <skram> oh boy
22:02:50 <skram> wonderful
22:02:59 <carcinisation> i think rail wars was more about lewds?
22:03:34 <Dot`> jonas would know
22:03:39 <skram> i have yet to see an anime about trains
22:03:42 <skram> but i should find out
22:03:44 <Dot`> ?????
22:04:27 <Dot`> you havnt seen any train animes? this concerns me skram
22:05:43 -!- Rial [~Rial@p2429120-ipngn200603tokaisakaetozai.aichi.ocn.ne.jp] has joined #tlponies
22:06:10 <Dot`> hey rial
22:07:01 <Rawr|Fone> Good evening rial
22:09:47 <Bio> hej
22:09:49 <Bio> i hom
22:09:58 <Bio> tfw not hungry
22:10:02 <skram> welkome home
22:10:09 <Bio> but still need to cook foods so to have lunch tomorow
22:12:50 <Rial> Morning, all
22:14:33 <Crisium> evening rial
22:24:44 <Dot`> rawr runbun reif https://imgur.com/gallery/wVxMLPE
22:25:25 <Rawr|Fone> That is nice dot
22:29:53 <Bio> asdf
22:30:05 <Dot`> like your face rawr
22:30:18 <Rawr|Fone> No like u!
22:39:16 <Rial> carcinisation, beetroot soup sounds nice
22:41:22 -!- Micen [~Micen@h6.74.23.98.dynamic.ip.windstream.net] has joined #tlponies
22:42:08 <carcinisation> i also had rock cakes which don't sound so appetising but are very tasty
22:42:42 <skram> are they named rock cakes because they resemble rocks or because rocks are the main ingredient
22:48:44 <Runbunny> That's a good dog Dot.
22:50:04 <carcinisation> fortunately it is a surface resemblance skram
22:50:21 <Runbunny> carcinisation, https://danbooru.donmai.us/posts/3781317
22:51:51 <carcinisation> runbunny https://danbooru.donmai.us/posts/3775056
22:52:13 <Runbunny> carcinisation, https://danbooru.donmai.us/posts/3781219
22:54:07 <Runbunny> This Tewi is so good though.
22:54:26 <carcinisation> runbunny https://danbooru.donmai.us/posts/3747147
22:54:58 <skram> ah
22:55:04 <skram> bunny senpai
22:56:22 <Runbunny> You didn't name the other bunnies Jonas...
22:57:02 <skram> these other bunnies aint shit, runbun
22:57:05 <skram> except you obviously
22:57:45 <carcinisation> oh the movie must be out ages ago
22:57:51 <carcinisation> i haven't seen it
23:00:42 <Runbunny> Dot`, https://i.imgur.com/FAH4XmA.mp4
23:03:25 <Dot`> i need to hug it
23:09:44 <Bio> made my dinner
23:09:57 <Bio> decided i wasn't hangry enough to eat half like i usually do
23:10:01 <Bio> make sammich
23:10:08 <Bio> realize i have no lunch meat
23:10:12 <Bio> fry egg instead
23:10:16 <Bio> a story by Bio
23:17:00 <carcinisation> what an adventure
23:22:49 <Bio> thank you for coming to my ted talk
23:26:27 <Dot`> it was most excellent
23:26:55 <Dot`> SKRAM
23:26:57 <Dot`> skram
23:26:58 <Dot`> https://imgur.com/gallery/mEakvs3
23:27:03 <Runbunny> Well it's bed time.
23:27:14 <Runbunny> So I'll go sleep.
23:39:53 <skram> haha dot
23:39:58 <skram> this meme is immortal
23:42:44 -!- Micen [~Micen@h6.74.23.98.dynamic.ip.windstream.net] has joined #tlponies
