00:43:39 -!- Cane [~Cane@CaneCraft.users.quakenet.org] has joined #tlponies
00:43:39 -!- mode/#tlponies [+o Cane] by Q
01:29:00 -!- Rawr|Fone [uid440384@id-440384.highgate.irccloud.com] has joined #tlponies
02:17:02 <skrm> DuB`
03:01:36 <DuB`> skrm
04:22:36 <skrm> I just spent 130 dollarydoos on chocolate
04:22:59 <skrm> is this a good use of money
04:23:01 <skrm> please advise
04:42:54 <Rawr|Fone> Skrm
04:42:56 <Rawr|Fone> Yes
04:42:59 <Rawr|Fone> Probably
04:43:06 <skrm> ah, thanks for the help rawr
04:43:21 <Rawr|Fone> You're welcome
04:49:46 <Rawr|Fone> How long are you going to be at work jonad
04:49:49 <Rawr|Fone> Jonas
04:57:14 <skrm> another hour
04:57:29 <skrm> why you up so early on a saturday henriken
04:59:19 <Rawr|Fone> I am about to go to the gym
04:59:37 <Rawr|Fone> It's empty around this time
04:59:50 <Rawr|Fone> So I can avoid the plague
07:13:48 -!- skram [~skram@109.203.22.118] has joined #tlponies
07:20:04 <Rawr|Fone> Jonas
07:20:08 <Rawr|Fone> Welcome back
07:22:03 -!- Runbunny [~Bunnykitt@91.100.28.10.generic-hostname.arrownet.dk] has joined #tlponies
07:22:29 <Runbunny> .tell reification https://www.youtube.com/watch?v=N8c319wcbMQ
07:22:38 <Rawr|Fone> Anders
07:22:41 <Rawr|Fone> God morgon
07:23:36 <Runbunny> Henrik det samme.
07:24:28 <Rawr|Fone> Did you sleep well my friend?
07:28:31 <skram> Henrik, Anders.
07:28:33 <skram> Grabbar.
07:28:45 <Runbunny> Yeah, was pretty good
07:28:49 <Runbunny> What about you?
07:28:52 <Runbunny> Jonas.
07:28:54 <Runbunny> Grabbar.
07:29:33 <Rawr|Fone> Very good Anders
07:30:03 <Rawr|Fone> How was work skrammypants
07:30:47 <skram> Long and boring
07:31:21 <Rawr|Fone> No fires today?
07:31:32 <skram> Naw
07:31:51 <skram> There was a lil one on wednesday but I wasnt there
07:32:48 <Runbunny> What did you do for the entire time then?
07:33:39 <skram> preventative maintenance
07:33:46 <skram> improvement stuff
07:34:08 <skram> i certainly didnt spend an hour watching an anime chicken interview a horny pirate
07:34:49 <Runbunny> *wink wink*
07:35:07 <Rawr|Fone> Hmmm
08:23:33 -!- Golly [~Username@cm-84.213.21.103.getinternet.no] has joined #tlponies
08:46:26 <DuB`> skram I am proud of your decisions regarding chocolate
08:46:41 <DuB`> And the talk show was certainly worth an hour of time!
08:52:54 -!- Dot|Phone [uid393803@id-393803.brockwell.irccloud.com] has joined #tlponies
09:10:07 <Dot|Phone> Rawr Rawr Rawr 
09:14:02 <Runbunny> Dot dot dot.
09:14:25 <DuB`> Good morning EUs
09:16:00 <Dot|Phone> Runbun, Dub <3
09:17:00 -!- Dot` [webchat@5dx3.pthb.nklt.ip] has joined #tlponies
09:26:03 <Rawr|Fone> DoT DoT DoT
09:26:16 <Rawr|Fone> Isn't it late for you dub
09:27:08 <DuB`> ... a little
09:28:05 <Rawr|Fone> Sleeping is important dear
09:31:04 <Runbunny> Dub Dub!
09:31:22 <DuB`> If you say so, rawr
09:31:25 <DuB`> Run Bun!
09:31:42 <Runbunny> Stay fancy Dub <3
09:31:57 <Rawr|Fone> DuB` snela
09:32:21 <Dot`> Rawr <3
09:32:45 <Rawr|Fone> ❤
09:37:54 <DuB`> zZz
09:38:14 <Dot`> .tell Dub` Dub Law!
09:58:42 <Dot`> .tell Dub` https://imgur.com/gallery/MZHQysJ
10:02:09 <Rawr|Fone> How are you today dot
10:02:16 <Rawr|Fone> Did you sleep well
10:05:54 <Dot`> pretty good rawr
10:06:04 <Dot`> might go for a walk later
10:06:07 <Dot`> what you up to today?
10:07:20 <Rawr|Fone> I went to the gym early this morning
10:15:13 <Dot`> avoiding ppl?
10:21:44 <Rawr|Fone> Yes
10:21:52 <Rawr|Fone> It was empty
10:27:06 <Dot`> great
10:38:27 <Rawr|Fone> You are great dot
10:40:25 <Dot`> no u
10:53:05 -!- reification [~thomas@cosh-18-b2-v4wan-161487-cust30.vm10.cable.virginm.net] has joined #tlponies
10:53:05 -!- mode/#tlponies [+v reification] by Q
10:55:01 <Dot`> reif hedge
10:56:47 <reification> dot shrub
10:59:41 <Dot`> how is the south?
11:03:28 <Runbunny> Reif!
11:06:15 <reification> still attached dotties
11:06:20 <reification> bun!
11:08:16 <reification> nice casting
11:14:17 <Runbunny> Is the north still attached as well?
11:15:25 <Dot`> I spite of all the scots try, yes
11:16:21 <Dot`> In spite*
12:01:07 <reification> the south is slowly sinking due to ice age rebound of the north
12:16:16 -!- tredc [~tredc@c83-254-129-166.bredband.comhem.se] has joined #tlponies
12:30:25 -!- Dot` [webchat@5dx3.pthb.nklt.ip] has joined #tlponies
13:03:32 -!- Dot|Phone [uid393803@id-393803.brockwell.irccloud.com] has joined #tlponies
13:32:31 <Runbunny> reification, https://www.youtube.com/watch?v=s23MOsgs8_4
16:03:47 -!- carcinisation [~thomas@cosh-18-b2-v4wan-161487-cust30.vm10.cable.virginm.net] has joined #tlponies
16:03:47 -!- mode/#tlponies [+v carcinisation] by Q
16:04:28 -!- BioSC [~BioPon@097-070-165-146.res.spectrum.com] has joined #tlponies
16:04:45 <BioSC> i rise
16:05:24 -!- reimeuk [~thomas@cosh-18-b2-v4wan-161487-cust30.vm10.cable.virginm.net] has joined #tlponies
16:05:24 -!- mode/#tlponies [+v reimeuk] by Q
16:07:36 <Runbunny> Hai Bio.
16:07:40 <Runbunny> You have risen.
16:07:58 <BioSC> i have been risen from my slumber
16:08:26 <BioSC> who dares summon me
16:09:50 <Dot`> Horses, I am back from walk
16:12:11 <BioSC> me too, i just walked to my kitchen and back
16:14:07 <Dot`> quite the adventure there bio
16:34:00 <reimeuk> runbun https://pbs.twimg.com/media/EnWFKZzXYAYO0UL?format=jpg&name=large
16:51:40 -!- skram [~skram@109.203.22.118] has joined #tlponies
16:52:57 <Dot`> Jonas friend
16:52:59 <Dot`> look rawr
17:34:33 -!- DuB` [DuB@cpe-68-174-122-249.nyc.res.rr.com] has joined #tlponies
17:35:35 <Dot`> Dub!
17:35:43 <Dot`> Did you watch the spacex launch?
17:35:50 <DuB`> Dot!
17:35:53 <DuB`> Todey?
17:35:58 <Dot`> about 10 minutes ago
17:37:44 <DuB`> Oops nope
17:39:49 <BioSC> asdfjkl;
17:39:54 <BioSC> afternoonz
17:53:44 <Runbunny> Dub!
17:53:47 <Runbunny> You're back!
17:59:34 -!- Camail [~Camail@45.40.84.145] has joined #tlponies
17:59:34 -!- mode/#tlponies [+v Camail] by Q
18:04:09 <Dot|Phone> Cann
18:04:25 <Camail> dot
18:07:35 <Dot|Phone> Tis I
18:15:19 <Camail> yup
18:45:33 -!- skrm [webchat@pioj.eid3.5dr2.ip] has joined #tlponies
18:45:45 <Dot|Phone> There is the work horse
18:58:42 <skrm> im a work human
19:07:29 <BioSC> i hear neighing
19:10:41 <Golly> he's in deneighal
19:55:54 <skrm> y'all are awful
20:01:34 <Golly> d'aww foal
20:21:19 -!- Cane [~Cane@CaneCraft.users.quakenet.org] has joined #tlponies
20:21:19 -!- mode/#tlponies [+o Cane] by Q
20:39:05 <Dot`> runbun, its time
20:40:50 <Camail> dot
20:40:56 <Camail> not phone?
20:40:58 <Camail> unlikely
20:41:09 <Camail> more likely? clone.
20:41:20 <Dot|Phone> Lies 
20:41:24 <Dot`> agreed
20:41:28 <Camail> fucking clones.
20:41:34 <Camail> Runbunny help
20:41:49 <Runbunny> Oh no.
20:41:59 <Runbunny> Did Dot get cloned again?
20:42:24 <Camail> i think he did it himself this time
20:43:18 <Runbunny> We shall hope it won't happen again.
20:43:47 <Dot`> cams just scared becuase now together we are normal person hight
20:54:39 <Runbunny> O:
20:54:49 <Runbunny> You'll be unstoppable.
20:56:16 -!- Rawr|Fone [uid440384@id-440384.highgate.irccloud.com] has joined #tlponies
21:02:03 <reimeuk> bio https://pbs.twimg.com/media/EnH3pOFW4AELuJI?format=jpg&name=medium
21:23:47 <skrm> hold on a minute
21:23:54 <skrm> you're just 3 dots in a trench coat
21:26:16 <reimeuk> hmm https://twitter.com/thespandrell/status/1327056043084537856
21:35:16 <Camail> its a stock market crash from chinese anti-trust announcements
21:36:12 <Camail> i dont suspect that its a downsizing, just a dip
21:36:53 <Camail> i'd be happy to be wrong
21:51:40 <reimeuk> https://twitter.com/sexconfetti/status/1329419163006332928
21:59:25 <skrm> yea lets celebrate a leader in a poor country that made a friggin giant gold statue
21:59:27 <skrm> smh my head
22:05:10 <BioSC> asdf
22:05:14 <BioSC> i did a spaget
22:05:17 <BioSC> for din
22:05:24 <BioSC> now what do
22:09:32 <skrm> did you make spaget and didnt share with ur best pal jonas?
22:10:03 <BioSC> i have plenty leftover my sir
22:10:22 <skrm> cool
22:10:31 <skrm> if you'd let me quarantine in your shed i be right over
22:11:00 <BioSC> absolutely
22:34:40 <skrm> hmm plane tickets seem to be very expensive for some reason
22:58:13 <BioSC> these things happen
23:23:51 -!- Dot` [webchat@5dx3.pthb.nklt.ip] has joined #tlponies
23:41:56 <Dot`> skrm
23:53:25 <skrm> dot
23:55:38 <BioSC> for skram only
23:55:40 <BioSC> https://www.youtube.com/watch?v=Q2nW_N0t8Ls
23:55:48 <Dot`> k
23:56:13 <Dot`> skrm, you see the video i sent you on disocrd
23:56:18 <Dot`> its a tiny little tank
