00:11:15 -!- Micen|Droid [~AndChat91@h253.141.40.162.dynamic.ip.windstream.net] has joined #tlponies
00:16:25 -!- Dot|Phone [uid393803@2001:67c:2f08:5::6:24b] has joined #tlponies
00:21:29 -!- Mousen|Droid [~AndChat91@h253.141.40.162.dynamic.ip.windstream.net] has joined #tlponies
00:22:35 -!- Micen|Droid [~AndChat91@h253.141.40.162.dynamic.ip.windstream.net] has joined #tlponies
00:46:52 <Camail> i had pizza
00:46:59 <Camail> get on my level you fuckin nerds
00:47:12 <Camail> DuB` are you playing d3
00:47:12 <Dot|Phone> I too had pizza. Its Friday after all
00:47:35 <Dot|Phone> D3? You mean Poe lite? 
00:48:50 <Camail> you can't talk smack if you play neither game
00:48:54 <Camail> then their's no stakes
00:49:40 <Dot|Phone> It's so much easier to do so though
00:49:57 <Camail> eyup
00:50:07 <Dot|Phone> And I've played both before. It's something
00:57:25 <DuB`> Wasn't planning to, but brother may be doing new seaons so I probly will join
00:57:26 <Camail> https://www.twitch.tv/btscsgo
00:57:33 <Camail> tl vs eg
00:57:54 <Camail> fuckin... i need to update to the new twitch api...ugggghh
00:58:05 <Camail> how about you stop depricating APIs you assholes
00:59:08 <DuB`> Man, good ol' Good Guys Liquid v Bad Guys EG
00:59:17 <DuB`> Then they did the TL+EG korea team house...
00:59:22 <DuB`> And then HuK went to EG...
00:59:28 <DuB`> and things got so confusing!
01:10:56 -!- Mousen|Droid [~AndChat91@h253.141.40.162.dynamic.ip.windstream.net] has joined #tlponies
01:13:53 -!- Micen|Droid [~AndChat91@h253.141.40.162.dynamic.ip.windstream.net] has joined #tlponies
02:34:04 -!- Micen_ [~Micen@h253.141.40.162.dynamic.ip.windstream.net] has joined #tlponies
04:25:01 -!- Mousen|Droid [~AndChat91@h253.141.40.162.dynamic.ip.windstream.net] has joined #tlponies
04:27:28 -!- Micen|Droid [~AndChat91@h253.141.40.162.dynamic.ip.windstream.net] has joined #tlponies
05:23:01 -!- Golly [~kvirc@cm-84.213.21.103.getinternet.no] has joined #tlponies
06:11:10 -!- Mousen|Droid [~AndChat91@h253.141.40.162.dynamic.ip.windstream.net] has joined #tlponies
06:19:00 -!- Micen|Droid [~AndChat91@h253.141.40.162.dynamic.ip.windstream.net] has joined #tlponies
08:25:22 -!- Dot|Phone [uid393803@id-393803.brockwell.irccloud.com] has joined #tlponies
08:25:43 -!- Mousen|Droid [~AndChat91@h253.141.40.162.dynamic.ip.windstream.net] has joined #tlponies
08:29:54 -!- Dot` [webchat@wyxh.5heh.3neh.ip] has joined #tlponies
09:03:58 -!- Rawr|Fone [uid440384@2001:67c:2f08:1::6:b840] has joined #tlponies
09:05:57 <Dot`> Rawr Rawr Rawr
09:05:59 <Dot`> <3 <3 <3
09:06:21 <Rawr|Fone> DoT DoT DoT
09:06:24 <Rawr|Fone> ❤❤❤
09:12:13 -!- Runbunny [~Bunnykitt@91.100.28.10.generic-hostname.arrownet.dk] has joined #tlponies
09:12:57 <Runbunny> Yo.
09:13:46 <Dot`> Bun!
09:18:45 <Runbunny> Dot dot
09:18:50 <Rawr|Fone> Anders.
09:18:50 <Runbunny> I have to leave soon.
09:18:54 <Runbunny> Henrik.
09:19:05 <Rawr|Fone> Don't go
09:19:18 <Runbunny> Henrik, there will be cake.
09:19:21 <Runbunny> I have to go.
09:19:55 <Runbunny> possibly two cakes will be present.
09:19:56 <Runbunny> Two.
09:26:01 <Dot`> Two?!
09:29:24 <Runbunny> Yes.
09:32:58 <Dot`> That does sound like an important thing to go to
09:36:52 <Runbunny> I must be off.
09:36:59 <Runbunny> Take care of Henrik for me Dot`.
10:05:56 <Rawr|Fone> I am your responsibility now dot
10:07:41 <Dot`> just be a good lad
10:28:37 -!- tredc [~tredc@c83-254-129-166.bredband.comhem.se] has joined #tlponies
10:35:40 <Dot`> all going well so far rawr
10:48:41 -!- skram [~skram@95.169.54.114] has joined #tlponies
10:53:26 <Dot`> Jonas friend
10:53:52 <skram> Bjørn pal
10:54:03 <skram> what you up to old bean
10:55:48 <Dot`> Gaming, wasting time
10:56:29 <skram> excellent
11:01:37 <Dot`> how about you
11:02:54 <skram> gonna do some tidying up, got a bunch of debris that needs tossing
11:02:58 <skram> then ???
11:13:03 -!- reification [~thomas@cpc76294-cosh16-2-0-cust297.6-1.cable.virginm.net] has joined #tlponies
11:13:03 -!- mode/#tlponies [+v reification] by Q
11:23:29 <Dot`> reef!
11:23:58 <reification> dot!
11:32:52 <reification> skram https://twitter.com/faeryinchains/status/1276539936544456704
11:38:44 <reification> forbidden doughnut https://twitter.com/ZONEPHYSlCS/status/1278857838694002688
11:41:27 <reification> .tell runbunny https://twitter.com/Vivdoku/status/1279280210769113089/photo/1
11:43:11 -!- Cane [~Cane@CaneCraft.users.quakenet.org] has joined #tlponies
11:43:11 -!- mode/#tlponies [+o Cane] by Q
11:45:55 <skram> good cats, reifen
11:47:31 <reification> https://twitter.com/SATISFYINGNOT/status/1277736681110724609
11:48:42 <skram> I can not imagine having the patience to fiddle with tiny stuff like this
11:48:51 <Rawr|Fone> Jonas
11:48:58 <Rawr|Fone> Like building lego
11:49:46 <skram> most lego bricks are big enough to manipulate with hands :P
11:50:19 <reification> https://twitter.com/SATISFYINGNOT/status/1279167861509033989
13:06:50 -!- Golly [~kvirc@cm-84.213.21.103.getinternet.no] has joined #tlponies
13:12:09 <Cane> Happy fireworks day to all the US peoples.
13:14:16 <reification> for once it is also freedom day in the uk
14:03:12 -!- Dot|Phone [uid393803@id-393803.brockwell.irccloud.com] has joined #tlponies
14:41:01 -!- Micen|Droid [~AndChat91@h253.141.40.162.dynamic.ip.windstream.net] has joined #tlponies
14:42:59 -!- Mousen|Droid [~AndChat91@h253.141.40.162.dynamic.ip.windstream.net] has joined #tlponies
14:47:59 -!- DuB` [DuB@cpe-68-174-122-249.nyc.res.rr.com] has joined #tlponies
14:53:49 <DuB`> G'morn
15:04:54 -!- BioPhone [~androirc@097-070-165-146.res.spectrum.com] has joined #tlponies
15:05:21 <BioPhone> Poens
15:12:29 -!- Micen|Droid [~AndChat91@h253.141.40.162.dynamic.ip.windstream.net] has joined #tlponies
15:12:56 <Dot|Phone> Dub, bio 
15:13:45 <Bio> marn
15:18:13 -!- BioPone [~androirc@mobile-166-177-56-231.mycingular.net] has joined #tlponies
15:23:53 -!- Mousen|Droid [~AndChat91@h253.141.40.162.dynamic.ip.windstream.net] has joined #tlponies
15:26:53 -!- Micen|Droid [~AndChat91@h253.141.40.162.dynamic.ip.windstream.net] has joined #tlponies
15:34:53 -!- Mousen|Droid [~AndChat91@h253.141.40.162.dynamic.ip.windstream.net] has joined #tlponies
15:40:38 -!- BioPone [~androirc@mobile-166-177-56-170.mycingular.net] has joined #tlponies
15:42:56 -!- Micen|Droid [~AndChat91@h253.141.40.162.dynamic.ip.windstream.net] has joined #tlponies
15:54:59 -!- BioPhone [~androirc@74.85.109.5] has joined #tlponies
15:55:16 <BioPhone> Neigh
15:55:37 <Dot`> Hedge
15:55:44 <Dot`> hows the eye horse?
15:57:58 <BioPhone> Healing.
15:58:20 <BioPhone> Doc said it was coming along good. I'll see him later this month
16:05:06 <Dot`> great
16:13:32 -!- BioPone [~androirc@mobile-166-177-56-229.mycingular.net] has joined #tlponies
16:23:37 -!- BioPhone [~androirc@mobile-166-177-56-229.mycingular.net] has joined #tlponies
16:31:51 -!- Mousen|Droid [~AndChat91@h253.141.40.162.dynamic.ip.windstream.net] has joined #tlponies
16:45:22 <Dot`> rawr
16:49:00 -!- BioPhone [~androirc@097-070-165-146.res.spectrum.com] has joined #tlponies
16:52:26 <Bio> bek
16:52:39 <Bio> out the store, was crazy
16:53:48 <Bio> guess it is independance day
16:56:11 <Rawr|Fone> Dot
17:02:49 <skram> happy americaday Bio DuB` Micen_
17:03:26 <Bio> thank!
17:03:47 <Bio> I hope by next year I have my own place to do a proper celebration
17:04:20 <Dot`> rawr, are you still doing well?
17:04:33 <skram> Its decided then, horsefest at Bios domicile next fireworks day
17:06:01 <Micen_> done 
17:06:37 <Micen_> I just watched a man break a world record. 75 Hot dogs and buns in 10 mins. 
17:06:52 <skram> to the face hole?
17:06:57 <Micen_> yes.
17:07:06 <skram> is he still alive
17:07:08 <Micen_> yes
17:07:13 <skram> how
17:07:15 <Micen_> 13 time champion. 
17:07:21 <Micen_> err 12 
17:07:23 <skram> he's like 25% sausage at this point
17:07:42 <Micen_>  also this is his 7th time breaking his own world record. 
17:08:08 <Micen_> https://twitter.com/darrenrovell/status/1279460345158012928?ref_src=twsrc%5Egoogle%7Ctwcamp%5Eserp%7Ctwgr%5Etweet
17:10:26 -!- Micen|Droid [~AndChat91@h253.141.40.162.dynamic.ip.windstream.net] has joined #tlponies
17:32:38 <Dot`> skram, you finish your floor?
17:33:06 <skram> as finished as its gonna be for a while
17:42:59 -!- Mousen|Droid [~AndChat91@h253.141.40.162.dynamic.ip.windstream.net] has joined #tlponies
17:49:09 -!- BioPhone [~androirc@097-070-165-146.res.spectrum.com] has joined #tlponies
17:52:29 <Rawr|Fone> Dot
17:52:31 <Rawr|Fone> Yes
17:53:33 <Dot`> Great, i would hate for Runbun to get back and find you neglected
17:54:41 <Rawr|Fone> I'll tell him you have done a great job
17:55:27 <Dot`> Thanks <3
17:55:39 <Rawr|Fone> ❤
18:22:34 -!- Dot|Phone [uid393803@2001:67c:2f08:5::6:24b] has joined #tlponies
18:42:38 <Dot|Phone> Horses
18:53:19 <skram> neight
18:53:23 <skram> it is u who is
18:53:25 <skram> the hors
18:55:07 <Dot|Phone> It's the horsest horse horself
18:55:20 <skram> lies and slander
19:08:50 -!- Zounds [webchat@ni2k.e5zj.rph8.ip] has joined #tlponies
19:09:50 <Dot|Phone> Zounds! 
19:09:52 <Dot|Phone> Hi friend
19:15:07 <Zounds> hi
19:16:12 -!- Micen|Droid [~AndChat91@h253.141.40.162.dynamic.ip.windstream.net] has joined #tlponies
19:28:48 -!- reify [~reificati@cpc76294-cosh16-2-0-cust297.6-1.cable.virginm.net] has joined #tlponies
19:30:41 <reify> .tell runbunny https://danbooru.donmai.us/posts/3984623
19:59:45 -!- Camail [~Camail@45.40.84.145] has joined #tlponies
19:59:45 -!- mode/#tlponies [+v Camail] by Q
19:59:58 <skram> cam
20:00:05 <Camail> hullo
20:00:12 <skram> happy americaday
20:02:39 <Dot|Phone> Did you lose any fingers yet? 
20:06:43 <Camail> i dont plan on doing anything
20:06:57 <skram> not even a little bit of fireworks
20:07:37 <Camail> nope
20:07:40 <Camail> 1. illegal in my state
20:07:45 <Camail> 2. covid
20:08:06 <skram> ah dang
20:08:15 <skram> you could cherry bomb your own toilet?
20:13:47 <Dot|Phone> Dub
20:13:55 <Dot|Phone> How's D3 going
20:25:32 <Rawr|Fone> Is that what you do on syttende mai jonas
20:28:30 <skram> fireworks are illegal even on the 17th henrik :/
20:28:51 <Rawr|Fone> Hmm
20:33:16 <Golly> https://bit.ly/3gxx9ip we have these things tho
20:33:28 <skram> oh yeah
20:33:33 <skram> filled with excellent jokes
20:33:44 <Golly> the best
20:34:27 <Rawr|Fone> Almost looks like spiddekauga
20:37:01 <skram> i think they taste very different
20:38:27 <reification> not being able to fireworks is sad
20:39:46 <Dot`> runbun has been gone a long time, i hope he got cake
20:49:35 -!- Micen|Droid [~AndChat91@h253.141.40.162.dynamic.ip.windstream.net] has joined #tlponies
21:06:53 -!- Mousen|Droid [~AndChat91@h253.141.40.162.dynamic.ip.windstream.net] has joined #tlponies
21:31:50 -!- Micen|Droid [~AndChat91@h253.141.40.162.dynamic.ip.windstream.net] has joined #tlponies
21:43:31 -!- Micen|Droid [~AndChat91@h253.141.40.162.dynamic.ip.windstream.net] has joined #tlponies
21:51:37 -!- Runbunny [~Bunnykitt@91.100.28.10.generic-hostname.arrownet.dk] has joined #tlponies
21:52:09 <Runbunny> I return.
21:52:13 <Runbunny> Cakes were nice.
21:53:29 <skram> hooray
21:56:25 <Runbunny> Jonas.
21:56:31 <Runbunny> How was your day?
21:57:05 <skram> pretty good, Anders. Did some tidying up and then made some green tea sorbet
21:57:19 <Dot`> Runbun!
21:57:37 <skram> What you been up to old pal?
21:59:57 <Dot`> Rawr
22:00:56 <Rawr|Fone> Dot
22:01:20 <Runbunny> I was seeing friends all day.
22:01:37 <Runbunny> They all apparently have jobs now, so I am the only one left behind
22:01:45 <Runbunny> I am also the oldest.
22:01:52 <Runbunny> And the only male.
22:01:59 <reify> bun!
22:02:54 <reify> are you secretly a harem anime protagonist?
22:03:32 <Dot`> i believe it
22:05:00 <Runbunny> the group I was talking with in university was me and a bunch of girls.
22:05:45 <Runbunny> For one course we were a member short, so we recruited another girl.
22:06:16 -!- Mousen|Droid [~AndChat91@h253.141.40.162.dynamic.ip.windstream.net] has joined #tlponies
22:09:58 <reification> bun skram https://twitter.com/OutofVTubers/status/1279342587107631104
22:10:10 <reification> also https://twitter.com/OutofVTubers/status/1252764491214807042
22:12:10 <skram> lol
22:13:35 <skram> im worried about haachama
22:14:19 <Dot`> so thats a yes runbun. also hob just finished 3rd game
22:22:10 <Mousen|Droid> Reif and skra linking your potatoes. 
22:22:48 <skram> what?
22:33:54 <Dot`> probably related to potato graphics?
22:35:41 <reification> ooh there is official nijisanji english now https://www.youtube.com/watch?v=dP8atr2Ivlk
22:45:44 <skram> This 80£ gin is the best 80£ i've spent all year I think, Dot`
22:45:56 <skram> we should have some when we go to that gin&pizza place in bakewell
22:49:06 <Dot`> surely you have enough to last you like a year?
22:49:58 <skram> probably
22:50:42 <reification> https://pbs.twimg.com/media/EcCydzZXgAE2zLe?format=jpg&name=900x900
22:50:44 <skram> Since I dont really party any more im probably averaging a whole unit per month
22:51:26 <skram> I didnt know that teaching letterss to crustaceans was an adult topic, reif
22:51:43 <Dot`> There was a Dorf Fort thread a long time ago i use to read, it was a succession fort, meaning each player played for a game year then passed it on
22:51:57 <Dot`> the requirment for ppl taking a turn was it was done while drunk
22:52:10 <skram> boatmurder?
22:52:20 <skram> ah
22:52:29 <skram> being drunk is the worst, tbh
22:52:33 <Dot`> haha no, there are a few sucesion forts
22:52:51 <Dot`> boatmurderd is the og though
22:53:24 <skram> its also the greatest DF story ever told
22:54:37 <skram> reif, Runbunny: https://www.youtube.com/watch?v=rAEjfEd8uSk
22:55:50 <Runbunny> Oh no.
22:58:14 -!- Micen|Droid [~AndChat91@ip-99-203-97-178.pools.cgn.spcsdns.net] has joined #tlponies
23:00:26 -!- Mousen|Droid [~AndChat91@ip-99-203-97-45.pools.spcsdns.net] has joined #tlponies
23:01:04 -!- Micen|droid2 [~AndChat91@h253.141.40.162.dynamic.ip.windstream.net] has joined #tlponies
23:01:57 <Rawr|Fone> Jonas, Anders. It is bed time
23:02:16 <skram> But Henrik
23:02:19 <skram> It is saturday
23:02:45 <Rawr|Fone> Yes, but it's late
23:02:51 <Rawr|Fone> There is a day tomorrow too
23:03:15 <skram> Cmon mom, I dont start work until late on monday anyway!
23:03:31 <Rawr|Fone> Straight to bed young man
23:04:16 <skram> At least let me finish this youtube video :(
23:04:44 <Dot`> F Hob
23:04:57 <Rawr|Fone> Okay Jonas
23:05:02 <Runbunny> I am down for sleeping.
23:05:02 <Rawr|Fone> But only this one
23:05:05 <Dot`> 3 and a half games to die to Robertooo
23:05:13 <skram> thanks mom https://www.youtube.com/watch?v=z9Uz1icjwrM
23:05:40 <Rawr|Fone> 🤨🤨🤨
23:05:53 <Runbunny> That's too bad.
23:06:07 <Runbunny> Hopefully he's improving and will win his bet.
23:08:22 <Runbunny> All right
23:08:23 <Runbunny> Sleep.
23:08:24 <Runbunny> Goodnight.
23:08:33 <Dot`> gnight
23:08:43 <skram> Godnat andersdreng
23:09:04 <skram> Ill be there in a minute and its my turn to to be the little spoon, remember?
23:09:15 <Runbunny> Nei?
23:09:30 <skram> .tell runbunny eh
23:09:32 <skram> .tell runbunny jo?
23:15:05 -!- reify [~reificati@cpc76294-cosh16-2-0-cust297.6-1.cable.virginm.net] has left #tlponies
23:17:14 <Dot`> Hob is full tilt
23:17:29 <skram> Isnt hob a buddhist
23:22:07 <Dot`> i dont know?
23:22:41 <skram> I thought you knew everything
23:24:06 <Dot`> You are under some very wrong assumptions friend
23:24:32 <skram> aww
23:33:46 <skram> DuB`: https://www.youtube.com/watch?v=R9Ux_a1BhoA
23:33:57 <skram> Why does porter robinson sound like sad robots
23:45:14 -!- Golly [~kvirc@cm-84.213.21.103.getinternet.no] has joined #tlponies
23:52:45 -!- Micen|Droid [~AndChat91@ip-99-203-96-117.pools.spcsdns.net] has joined #tlponies
23:55:26 -!- Mousen|Droid [~AndChat91@h253.141.40.162.dynamic.ip.windstream.net] has joined #tlponies
