00:20:21 -!- Micen|Droid [~AndChat91@h6.74.23.98.dynamic.ip.windstream.net] has joined #tlponies
00:22:41 <Runbunny> Think I'll head to bed and just play tomorrow.
00:22:44 <Runbunny> Goodnight.
01:00:28 -!- Micen [~Micen@h6.74.23.98.dynamic.ip.windstream.net] has joined #tlponies
01:30:31 -!- Rawr|Fone [~AndChat52@c-94cfe455.020-164-6d6c6d4.bbcust.telenor.se] has joined #tlponies
01:42:29 -!- Rawr|Fone [~AndChat52@c-94cfe455.020-164-6d6c6d4.bbcust.telenor.se] has joined #tlponies
01:46:02 -!- Camail [~Camail@45.40.84.145] has joined #tlponies
01:46:02 -!- mode/#tlponies [+v Camail] by Q
02:04:41 -!- Micen [~Micen@h6.74.23.98.dynamic.ip.windstream.net] has joined #tlponies
02:09:12 -!- BioPhone [~androirc@097-070-165-146.res.spectrum.com] has joined #tlponies
02:17:17 -!- BioPhone [~androirc@97.70.165.146] has joined #tlponies
02:36:20 -!- Mousen|Droid [~AndChat91@ip-99-203-97-28.pools.cgn.spcsdns.net] has joined #tlponies
02:37:23 -!- Micen|droid2 [~AndChat91@h212.3.17.98.dynamic.ip.windstream.net] has joined #tlponies
03:07:21 * skram slaps DuB` around a bit with a large trout
03:07:56 -!- Micen [~Micen@h6.74.23.98.dynamic.ip.windstream.net] has joined #tlponies
03:13:16 <DuB`> skram wha :O
03:14:09 <skram> just wanted to check if you were alive
03:14:11 <skram> and you are
03:14:11 <skram> good
03:46:10 -!- Rawr|Fone [~AndChat52@c-94cfe455.020-164-6d6c6d4.bbcust.telenor.se] has joined #tlponies
04:10:35 -!- Micen [~Micen@h6.74.23.98.dynamic.ip.windstream.net] has joined #tlponies
04:11:31 -!- skram [~skram@213.232.87.62] has joined #tlponies
04:20:02 -!- BioPhone [~androirc@097-070-165-146.res.spectrum.com] has joined #tlponies
04:31:23 <Rial> animal crosssssssssinnnnngggggg
04:31:45 <skram> :D
04:32:41 <DuB`> I fought a big red dragon
04:32:45 <DuB`> And got cool weapons
04:32:46 <Rial> 6231-2894-9123, my FC
04:32:48 <DuB`> weee
04:40:06 -!- Micen_ [~Micen@h6.74.23.98.dynamic.ip.windstream.net] has joined #tlponies
05:14:19 -!- Micen_ [~Micen@h6.74.23.98.dynamic.ip.windstream.net] has joined #tlponies
05:16:41 -!- Micen|Droid [~AndChat91@h212.3.17.98.dynamic.ip.windstream.net] has joined #tlponies
05:43:40 -!- Mousen|Droid [~AndChat91@h212.3.17.98.dynamic.ip.windstream.net] has joined #tlponies
05:48:49 -!- Micen|Droid [~AndChat91@h212.3.17.98.dynamic.ip.windstream.net] has joined #tlponies
05:50:08 -!- Mousen|Droid [~AndChat91@h6.74.23.98.dynamic.ip.windstream.net] has joined #tlponies
06:17:00 -!- Micen_ [~Micen@h6.74.23.98.dynamic.ip.windstream.net] has joined #tlponies
06:32:55 -!- Micen_ [~Micen@h6.74.23.98.dynamic.ip.windstream.net] has joined #tlponies
06:48:43 -!- Rawr|Fone [~AndChat52@c-94cfe455.020-164-6d6c6d4.bbcust.telenor.se] has joined #tlponies
06:53:37 -!- Micen|Droid [~AndChat91@h6.74.23.98.dynamic.ip.windstream.net] has joined #tlponies
07:05:10 -!- Dot|Phone [uid393803@2001:67c:2f08:5::6:24b] has joined #tlponies
07:20:07 -!- Micen_ [~Micen@h6.74.23.98.dynamic.ip.windstream.net] has joined #tlponies
07:28:00 -!- ZK [webchat@cloak-jig9w1yo.HINET-IP.hinet.net] has joined #tlponies
07:28:35 <ZK> .roll d20 to boop Dot|Phone 
07:30:31 <Dot|Phone> What is this. You must be quarantined 
07:30:33 <Dot|Phone> Haha
07:30:38 <Dot|Phone> Hey zk, how's it been
07:31:05 <ZK> Hi Dottoes, im good! How are you?
07:31:17 <ZK> still in your town in Britain?
07:31:38 <ZK> was cleaning up my discord servers and saw TLponies, thought it had been a while :P
07:32:07 <Dot|Phone> Yes. Still in the north of England
07:32:26 <Dot|Phone> It has been a while. You still over on Dutch land
07:32:33 <ZK> nope, currently in Taiwan
07:32:45 <ZK> got tired of the salary life, so decided to start traveling
07:32:47 <Dot|Phone> Not a great place to be at this time I works think
07:32:58 <Dot|Phone> Would *
07:33:04 <ZK> been in south east asia 7 months now, went through vietnam, laos, cambodia and now taiwan
07:33:09 <ZK> actually, taiwan is very safe!
07:33:20 <ZK> safer than Italy or USA, or even Canada :P
07:34:38 <Dot|Phone> Haha. Well that's good to hear
07:34:58 <ZK> your town safe as well?
07:35:20 <Dot|Phone> You living the dream then? Being able to just travel
07:35:49 <Dot|Phone> Yea, so fine here, I still go into work. 
07:36:03 <ZK> eh, im gonna run out of money too soon :P kinda invested most of my money, and that may not have been the best move haha
07:36:18 <Dot|Phone> It's worse down south. And there are like 5 emails a day about how to stay safe, a bit annoying
07:36:22 <ZK> itll be good again in a few years, but im not gonna look at it too much now
07:36:31 <Dot|Phone> Oh... Ouch. 
07:36:32 <ZK> oh yea, every company sending out emails
07:36:40 <ZK> eh, its only money
07:36:51 <ZK> still gonna enjoy traveling for a bit
07:37:02 <ZK> head back towards the end of the year
07:37:11 <ZK> probably get married or something then head back to canada
07:38:28 <Dot|Phone> Someone you met in Holland? You traveling together atm? 
07:39:21 <ZK> Met her in Japan a while back, and yea been traveling together
07:39:52 <ZK> easiest way to import her to canada is with spouse visa, so gonna end up doing that
07:40:41 <Dot|Phone> That's great, I'm happy for you zk
07:41:03 <ZK> how's your life outside of work? Enjoying hiking around?
07:41:04 <Dot|Phone> Sounds like it's really going well for you., apart from the stock market thing
07:41:12 -!- Rawr|Fone [~AndChat52@c-94cfe455.020-164-6d6c6d4.bbcust.telenor.se] has joined #tlponies
07:41:19 <Dot|Phone> Rawr Rawr Rawr 
07:41:20 <ZK> .roll d20 to bap Rawr|Fone 
07:41:25 <ZK> such a bap
07:41:34 <ZK> .roll d20 to crit confirm
07:43:58 <Dot|Phone> Well I need rui finish getting ready for work. Great to see you again zk. Try to be around more. 
07:44:33 <ZK> ill try :P good luck at work!
07:44:42 <Dot|Phone> It's not too busy during EU day time, but it picks up as the Americans wake up, just friends hanging out
07:51:39 -!- Mousen|Droid [~AndChat91@h6.74.23.98.dynamic.ip.windstream.net] has joined #tlponies
08:03:41 -!- Micen|Droid [~AndChat91@h6.74.23.98.dynamic.ip.windstream.net] has joined #tlponies
08:27:08 -!- Micen_ [~Micen@h6.74.23.98.dynamic.ip.windstream.net] has joined #tlponies
08:41:18 -!- Golly [~kvirc@cm-84.213.21.103.getinternet.no] has joined #tlponies
09:24:36 -!- Mousen|Droid [~AndChat91@h6.74.23.98.dynamic.ip.windstream.net] has joined #tlponies
09:41:31 -!- Runbunny [~Bunnykitt@91.100.28.10.generic-hostname.arrownet.dk] has joined #tlponies
09:42:14 -!- Micen_ [~Micen@h6.74.23.98.dynamic.ip.windstream.net] has joined #tlponies
09:42:42 <Dot|Phone> Runbun! 
09:46:27 <Runbunny> Dot.
10:04:43 -!- Rawr|Fone [~AndChat52@c-94cfe455.020-164-6d6c6d4.bbcust.telenor.se] has joined #tlponies
10:05:44 -!- Micen|Droid [~AndChat91@h6.74.23.98.dynamic.ip.windstream.net] has joined #tlponies
10:29:20 -!- Rawr|Fone [~AndChat52@c-94cfe455.020-164-6d6c6d4.bbcust.telenor.se] has joined #tlponies
10:37:45 -!- Rawr|Fone [~AndChat52@c-94cfe455.020-164-6d6c6d4.bbcust.telenor.se] has joined #tlponies
10:38:08 <Rawr|Fone> 🐴🐴🐴
10:38:14 <Dot|Phone> 🦓🦓🦓
10:38:27 <Rawr|Fone> DoT DoT DoT
10:38:30 <Rawr|Fone> 💖💖💖
10:38:32 <Dot|Phone> Rawr Rawr Rawr 
10:38:35 <Dot|Phone> 💖💖💖
10:38:41 <Dot|Phone> How's work Rawr
10:39:16 <Rawr|Fone> Many meetings
10:45:15 -!- Micen_ [~Micen@h6.74.23.98.dynamic.ip.windstream.net] has joined #tlponies
10:46:09 <Dot|Phone> Hmm. :/
10:53:23 -!- Micen|Droid [~AndChat91@h6.74.23.98.dynamic.ip.windstream.net] has joined #tlponies
10:55:35 -!- Rawr|Fone [~AndChat52@c-94cfe455.020-164-6d6c6d4.bbcust.telenor.se] has joined #tlponies
10:58:05 -!- reification [~thomas@cpc76294-cosh16-2-0-cust297.6-1.cable.virginm.net] has joined #tlponies
10:58:05 -!- mode/#tlponies [+v reification] by Q
11:00:07 <Dot|Phone> Reif reef
11:00:23 <Runbunny> Reif.
11:01:16 <reification> dawt dawt
11:01:17 <reification> bun
11:09:36 -!- carcinisation [~thomas@cpc76294-cosh16-2-0-cust297.6-1.cable.virginm.net] has joined #tlponies
11:09:36 -!- mode/#tlponies [+v carcinisation] by Q
11:10:42 -!- Rawr|Fone [~AndChat52@c-94cfe455.020-164-6d6c6d4.bbcust.telenor.se] has joined #tlponies
11:54:19 -!- Mousen|Droid [~AndChat91@h6.74.23.98.dynamic.ip.windstream.net] has joined #tlponies
11:54:34 -!- tredc [~tredc@c83-254-129-166.bredband.comhem.se] has joined #tlponies
12:03:20 <Dot|Phone> Reif, zk was here this morning
12:03:30 <Dot|Phone> He's been travelling in Asia for 7 months
12:04:14 -!- Micen|Droid [~AndChat91@h6.74.23.98.dynamic.ip.windstream.net] has joined #tlponies
12:06:05 -!- Mousen|Droid [~AndChat91@h6.74.23.98.dynamic.ip.windstream.net] has joined #tlponies
12:42:24 <Bio> asdf
12:42:25 <Bio> gmorn
12:47:47 <Dot|Phone> Bio boi
12:48:28 <Bio> dotson
12:53:55 -!- Micen_ [~Micen@h6.74.23.98.dynamic.ip.windstream.net] has joined #tlponies
12:57:00 -!- DuB` [DuB@cpe-68-174-122-249.nyc.res.rr.com] has joined #tlponies
12:57:17 <DuB`> G'morn!
12:59:22 -!- Micen|Droid [~AndChat91@h6.74.23.98.dynamic.ip.windstream.net] has joined #tlponies
12:59:23 <Dot|Phone> Dub dub
12:59:42 <Dot|Phone> How much further you get in the Borderlands? 
13:04:21 <DuB`> Maybe an hour of stuff, not too much
13:06:47 <DuB`> Cleared the asian looking level that comes next and stopped after that, it's a pretty short episode
13:11:35 <Dot|Phone> Will pay a bit when I get home, maybe check side quests from the previous planet if we missed any
13:12:58 <DuB`> I think there was the claptrap antenna and Vaugn statuettes one we didn't get
13:13:41 <Dot|Phone> I like completing side quests
13:13:53 <Dot|Phone> And just wondering about exploring
13:22:31 <DuB`> Ya ya
13:22:48 <DuB`> Man I wanna borderlands and monhun raid and OW event and my PC is RIGHT HERE but woooork aaaaaaaaa
13:23:14 <Dot|Phone> Tough life of a work horse
13:44:31 -!- Rawr|Fone [~AndChat52@c-94cfe455.020-164-6d6c6d4.bbcust.telenor.se] has joined #tlponies
13:44:41 -!- BioPhone [~androirc@mobile-107-92-120-147.mycingular.net] has joined #tlponies
13:47:10 -!- Mousen|Droid [~AndChat91@ip-99-203-97-51.pools.spcsdns.net] has joined #tlponies
13:52:26 -!- Micen|Droid [~AndChat91@h6.74.23.98.dynamic.ip.windstream.net] has joined #tlponies
13:58:47 -!- BioPone [~androirc@12.33.239.117] has joined #tlponies
14:03:59 -!- reification [~reificati@cpc76294-cosh16-2-0-cust297.6-1.cable.virginm.net] has joined #tlponies
14:18:04 <Rial> https://i.imgur.com/pQonUns.jpg
14:18:07 <Rial> Good night =w=
14:18:28 <DuB`> Cozy :D
14:18:45 <DuB`> Though perhaps more comfy with a better bed...
14:18:55 <DuB`> Good night!
14:20:00 -!- Rawr|Fone [~AndChat52@c-94cfe455.020-164-6d6c6d4.bbcust.telenor.se] has joined #tlponies
14:20:08 -!- Micen|Droid [~AndChat91@h6.74.23.98.dynamic.ip.windstream.net] has joined #tlponies
14:24:24 <Dot|Phone> The glowy eyes are worrying
14:25:08 <DuB`> The wat
14:25:28 <Dot|Phone> Rials link
14:26:24 <DuB`> Her eyes? Those are eyelids
14:26:28 <DuB`> Not sure what's glowing lol
14:27:08 <Dot|Phone> Glowy pink unblinking eyes
14:39:25 -!- Mousen|Droid [~AndChat91@h212.3.17.98.dynamic.ip.windstream.net] has joined #tlponies
14:40:20 -!- Micen|droid2 [~AndChat91@h212.3.17.98.dynamic.ip.windstream.net] has joined #tlponies
14:44:09 -!- BioPone [~androirc@097-070-165-146.res.spectrum.com] has joined #tlponies
14:48:24 -!- Micen|Droid [~AndChat91@h212.3.17.98.dynamic.ip.windstream.net] has joined #tlponies
14:49:52 <Bio> asdf
14:49:57 <Bio> had to run in to the office
14:50:03 <Bio> to answer a silly question
14:50:09 <Bio> big waste
14:51:44 -!- Mousen|Droid [~AndChat91@h6.74.23.98.dynamic.ip.windstream.net] has joined #tlponies
14:51:48 <Bio> but i have pika-mug full of coffee now and a task to work on
14:54:55 <Runbunny> Neat.
14:56:17 <Dot|Phone> Home time
15:14:40 -!- Rawr|Fone [~AndChat52@c-94cfe455.020-164-6d6c6d4.bbcust.telenor.se] has joined #tlponies
15:17:52 <Dot|Phone> Boss calls me while I'm mid walk home asking if I'm still on the office
15:21:08 -!- skram [~skram@213.232.87.62] has joined #tlponies
15:22:51 <skram> well now
15:23:04 <Dot|Phone> Jonas friend
15:23:07 <Dot|Phone> Where you been
15:23:26 <skram> mostly asleep
15:23:38 <DuB`> Thas good
15:23:45 <Dot|Phone> Did you go to bed late
15:24:43 <skram> ya
15:24:48 <skram> wasnt able to seelp
15:24:51 <skram> sleep
15:25:11 <Dot|Phone> D:
15:33:40 <DuB`> skram
15:33:48 <DuB`> F1 is going virtual :P
15:34:04 <DuB`> Going to have full Virtual GPs with all the drivers
15:34:12 <skram> hahah
15:34:14 <skram> marvelous
15:35:05 <Dot|Phone> Like charity things? I assume no real stakes 
15:35:34 <DuB`> https://www.formula1.com/en/latest/article.formula-1-launches-virtual-grand-prix-series-to-replace-postponed-races.1znLAbPzBbCQPj1IDMeiOi.html
15:36:08 <DuB`> No points, no mention of charity
15:37:21 <Dot|Phone> Bit is the real normal drivers? 
15:37:28 <Dot|Phone> But
15:38:24 <DuB`> Ya
15:38:29 -!- reimeuk [~thomas@cpc76294-cosh16-2-0-cust297.6-1.cable.virginm.net] has joined #tlponies
15:38:29 -!- mode/#tlponies [+v reimeuk] by Q
15:38:54 <DuB`> Well, "the first race of the series will see current F1 drivers line up on the grid alongside a host of stars to be announced in due course"
15:39:44 <Dot|Phone> Normally they stick charity on front of these kind of things. Probably for tax reasons
15:40:15 <DuB`> Haha
15:40:38 <skram> i wonder if old jimmy is gonna be invited
15:40:55 <skram> he lives in a shed because he spent all of his youtube money on a sim rig and an r32
15:48:06 -!- BioPone [~androirc@097-070-165-146.res.spectrum.com] has joined #tlponies
15:56:36 -!- Dot` [webchat@cloak-puzvreye.123.7.51.dyn.plus.net] has joined #tlponies
16:00:56 -!- Camail [~Camail@45.40.84.145] has joined #tlponies
16:00:57 -!- mode/#tlponies [+v Camail] by Q
16:09:53 <Camail> ey
16:10:34 <Dot`> ye
16:10:35 <Camail> so my state is gonna go into super-quarantine this weekend
16:12:36 <skram> D:
16:12:38 <skram> what does that mean
16:13:19 <Camail> the term is "shelter in place", but its basically an even more strict quarantine, almost every establishment shuts down
16:14:03 <Camail> i dont know exactly what, because we're getting this info second hand
16:14:26 <Camail> my brother's girlfriend works at a company with very close ties to state govt, so they know about it a few days early
16:16:54 -!- Micen__ [~Micen@h6.74.23.98.dynamic.ip.windstream.net] has joined #tlponies
16:18:53 <skram> thats probably a wise precaution, but people are gonna freak out at the grocery store
16:19:53 <skram> its good that you have a heads up though so you dont need to go to the thunderdome for a pack of asswipe and 2 pounds of rice
16:29:49 <skram> DuB` Dot` Camail do you wanna border lans
16:30:57 <Camail> if everyone's up for it i can play, but dub might be working
16:31:15 <skram> hmm this is true
16:33:30 <DuB`> am work
16:33:44 <skram> have you considered to not be work
16:37:04 -!- carcinisation [~thomas@cpc76294-cosh16-2-0-cust297.6-1.cable.virginm.net] has joined #tlponies
16:37:04 -!- mode/#tlponies [+v carcinisation] by Q
16:49:00 <DuB`> I think that would not be ideal for my career
16:49:13 <DuB`> BUT work may not be too much longer today specifically :P
17:00:49 -!- Zounds [webchat@cloak-07ouvien.14-2.cable.virginm.net] has joined #tlponies
17:00:55 <Zounds> hey
17:08:18 -!- Rawr|Fone [~AndChat52@c-94cfe455.020-164-6d6c6d4.bbcust.telenor.se] has joined #tlponies
17:12:32 <Dot`> hi zoonds
17:15:41 <carcinisation> hey zounds
17:16:53 <DuB`> Well there it is https://www.cnbc.com/2020/03/20/new-york-gov-cuomo-orders-100percent-of-non-essential-businesses-to-work-from-home.html
17:16:59 <carcinisation> https://twitter.com/padrebrendon/status/1240851702208749569
17:20:37 <carcinisation> if you wanna buy music of bandcamp today is good https://twitter.com/Bandcamp/status/1240008947639169025
17:31:40 -!- Rawr|Fone [~AndChat52@c-94cfe455.020-164-6d6c6d4.bbcust.telenor.se] has joined #tlponies
17:41:09 -!- Rawr|Fone [~AndChat52@c-94cfe455.020-164-6d6c6d4.bbcust.telenor.se] has joined #tlponies
17:48:28 <Zounds> How are muh pons
17:54:09 <DuB`> Working from home, going to grab a burger now before things start shutting down this weekend...
17:56:36 <Bio> watch out for the chitlona virus
18:06:22 <Bio> peeps on reddit posting they getting their p5royal delivered erly
18:06:25 <Bio> jelly
18:07:39 <Bio> https://i.redd.it/ep4sm4z3dnn41.jpg
18:16:30 <skram> you're such a weeb, bio
18:17:43 <DuB`> Ya
18:19:13 <Bio> that is a picture of my boy Joker, from Persona 5
18:19:20 <Bio> i have no idea what you are talking about
18:19:30 <Bio> he's saying things about living in a society, ect
18:21:08 -!- Micen__ [~Micen@h6.74.23.98.dynamic.ip.windstream.net] has joined #tlponies
18:22:38 -!- Rawr|Fone [~AndChat52@c-94cfe455.020-164-6d6c6d4.bbcust.telenor.se] has joined #tlponies
18:37:37 <skram> ya boi joker, from your favorite japanese cartoon, persona
18:51:35 <Bio> sir pls
18:51:46 <Bio> its a japanese vidja gaem
18:51:51 -!- Dot|Phone [uid393803@id-393803.brockwell.irccloud.com] has joined #tlponies
18:51:55 <Bio> like mario and final fantasy
18:52:02 <Bio> Dot|Phone
18:52:09 <Dot|Phone> Bio
18:52:12 <carcinisation> and nekopara :p
18:52:13 <Bio> is there a reset planned soon for tarkov
18:52:39 <Dot|Phone> Not for a few months I believe
18:56:39 <Bio> ic
18:57:01 <Bio> then i wont worry so much about grinding quests and such, and just learn how to play slowly
18:57:17 <Dot|Phone> Yea. That's best. 
19:00:01 <Bio> i might do me a bit of a cheeky stream tonight. Depends on if my work buddies wanna play something or no
19:46:51 -!- Rawr|Fone [~AndChat52@c-94cfe455.020-164-6d6c6d4.bbcust.telenor.se] has joined #tlponies
19:54:26 <DuB`> Gonna try putting the laptop aside and being done with work for the day, we'll see if it sticks
19:54:53 <skram> ohoh
19:54:56 <skram> is it time
19:55:32 <DuB`> I think so, though maybe not make me host just in case :P
19:55:54 <skram> Camail Dot|Phone 
19:56:13 <Camail> i can play for like a bit more than an hour
19:57:09 <Camail> i'm free all weekend tho
19:59:27 <skram> i dont know where dot is at
19:59:54 <DuB`> Well he's the one whose group we should join
20:00:03 <DuB`> Don wanna go further ahead too much
20:03:28 <carcinisation> oh boy https://pbs.twimg.com/media/EThBD5yXYAAdk-C.jpg
20:04:11 <carcinisation> well at least ppl will be reluctant to queue to get their money
20:18:08 -!- Crisium [~Crisium@c-24-3-150-105.hsd1.pa.comcast.net] has joined #tlponies
20:20:47 <Zounds> Crisium
20:20:49 <Zounds> hello
20:20:59 <Crisium> Zounds!
20:21:03 <Crisium> long time no see
20:21:04 <Crisium> how are ye
20:21:25 <Zounds> I'm good mate
20:21:26 <Zounds> How are you
20:21:55 <Crisium> all good
20:21:58 <Crisium> trying to keep inside
20:22:00 <Crisium> avoid the plague
20:22:02 <Crisium> the usual
20:22:11 <Zounds> Yep
20:22:17 <Zounds> I'm working from home starting monday
20:22:21 <Crisium> nice
20:29:46 <Zounds> I'm gonna do some overwatch archive event
20:29:50 <Zounds> not done it yet
20:30:03 <Crisium> i can join you
20:30:33 <Crisium> lemme know when ill hop on EU
20:30:35 <Zounds> SUre, playing with a buddy who doesn't play overwatch much
20:30:38 <Zounds> just starting now
20:35:14 <carcinisation> maybe i join in a bit
20:35:27 <carcinisation> dub bio https://pbs.twimg.com/media/EThvsRJXQAUhpSY.jpg
20:46:45 <carcinisation> runbunny https://twitter.com/Death_Sights/status/1240464941183913987
20:48:21 <Runbunny> She's a killer!
20:48:52 <Runbunny> ここだよ
20:50:52 <carcinisation> bio https://pbs.twimg.com/media/ETiQMkuXsAAIL1e.jpg
20:51:20 <Bio> an excellent prequel meme
20:56:00 <Dot|Phone> Oh no
20:56:04 <Dot|Phone> Skram
20:56:17 <Dot|Phone> I hope you all went ahead and played
21:03:48 <skram> we're doing sidequests
21:03:50 <skram> are you playing dot
21:04:19 <Dot|Phone> For 10 minutes while pizza cooks. Then I go eat
21:07:19 <Bio> oh right its pizza day
21:07:24 <Bio> i don't have any 
21:08:39 <Dot|Phone> It's truly dark times bio
21:09:14 <Bio> should i get delivery tho
21:11:10 <Bio> I should be responsible and eat the shit i have at home 
21:13:29 <Bio> but on the other hand, pizza
21:14:51 <Runbunny> put the shit you have at home, on the pizza
21:14:54 <Runbunny> Easy.
21:15:28 <Bio> rice and chikin pizza
21:21:10 <Runbunny> Bio, https://www.youtube.com/watch?v=344_zmPupfM
21:21:34 <Dot|Phone> Bio of you order pizza while you can then you still have your home food for when your stuck 
21:23:04 <Bio> DeltaRune when?
21:27:08 -!- Micen__ [~Micen@h6.74.23.98.dynamic.ip.windstream.net] has joined #tlponies
21:31:03 <Bio> fugg it i'll get a pizz
21:31:20 <Golly> treat yoself
21:38:49 <Bio> oh alright
21:38:54 <Bio> i'll do it
21:51:31 -!- Rawr|Fone [~AndChat52@c-94cfe455.020-164-6d6c6d4.bbcust.telenor.se] has joined #tlponies
22:03:56 <DuB`> skram i spy a new fantasy villainess manga
22:03:58 <DuB`> wee
22:04:12 <skram> oooh gimme gimme
22:04:28 <DuB`> https://mangadex.org/title/45252/villainess-level-99-i-may-be-the-hidden-boss-but-i-m-not-the-demon-lord
22:04:36 <DuB`> into my veins
22:07:49 -!- Rial [~Rial@p452019-ipngn200305sasajima.aichi.ocn.ne.jp] has joined #tlponies
22:08:14 <skram> good morning rial
22:19:41 <Bio> S K O R M
22:20:49 <skram> BiO
22:29:39 <Rial> Good morning!
22:58:51 <Zounds> <3
23:00:51 <Crisium> imagine living in a land where it's morning now
23:15:12 <Bio> terrifying
23:53:52 <Bio> its spooky windy out tonight bois
