00:47:52 <Runbunny> Guess I should be sleeping.
01:44:27 -!- BioPhone [~androirc@097-070-165-146.res.spectrum.com] has joined #tlponies
02:23:11 <Bio> asdf
02:24:31 <Crisium> fdsa
02:56:27 -!- Dot|Phone [uid393803@id-393803.brockwell.irccloud.com] has joined #tlponies
06:05:27 -!- Golly [~kvirc@cm-84.213.21.103.getinternet.no] has joined #tlponies
07:25:53 -!- Dot|Phone [uid393803@2001:67c:2f08:5::6:24b] has joined #tlponies
07:32:49 -!- Rawr|Fone [uid440384@2001:67c:2f08:1::6:b840] has joined #tlponies
07:39:08 -!- Dot` [webchat@wyxh.5heh.3neh.ip] has joined #tlponies
07:56:30 <Rawr|Fone> DoT DoT DoT
07:58:03 <Dot`> Rawr Rawr Rawr
07:58:05 <Dot`> <3 <3 <3
07:58:20 <Dot`> your pretty great rawr, i tihnk its important you know
07:58:33 <Rawr|Fone> ❤❤❤
07:59:10 <Rawr|Fone> I think you should know that you are pretty great too dot!
08:37:02 <Rawr|Fone> How was it in wales dot
08:40:19 <Dot`> it was great rawr, got to see mountain and the see and went for a bunch of nice walks
08:40:49 <Dot`> havnt seen the sea in a year
08:40:56 <Rawr|Fone> Did you see any dragons?
08:41:09 <Dot`> no :(
08:41:16 <Dot`> next itme hopefully
08:52:46 <Rawr|Fone> Definitely next time
09:08:15 -!- Micen [~Micen@h146.212.18.98.dynamic.ip.windstream.net] has joined #tlponies
09:44:07 -!- Runbunny [~Bunnykitt@91.100.28.10.generic-hostname.arrownet.dk] has joined #tlponies
09:44:12 <Dot`> runbun!
10:00:10 <Runbunny> Hai.
10:42:46 -!- tredc [~tredc@c83-254-129-166.bredband.comhem.se] has joined #tlponies
10:43:06 -!- reification [~thomas@cpc76294-cosh16-2-0-cust297.6-1.cable.virginm.net] has joined #tlponies
10:43:06 -!- mode/#tlponies [+v reification] by Q
10:46:01 <Runbunny> Hey Reif.
10:46:53 <reification> hi bun
10:52:22 -!- Dot|Phone [uid393803@2001:67c:2f08:5::6:24b] has joined #tlponies
12:20:45 -!- Rawr|Fone [uid440384@2001:67c:2f08:1::6:b840] has joined #tlponies
13:16:34 -!- reify [~reificati@cpc76294-cosh16-2-0-cust297.6-1.cable.virginm.net] has joined #tlponies
13:19:09 <Runbunny> reification, I know you like puns https://www.youtube.com/watch?v=aVNpr3XARnY
13:20:36 <reify> good sighing
13:22:30 <reify> also read unsong for best puns
13:27:10 -!- BioPhone [~androirc@097-070-165-146.res.spectrum.com] has joined #tlponies
13:27:16 <BioPhone> Guhmorn
13:27:33 <Runbunny> Unsong by Scott Alexander?
13:27:50 <Runbunny> BioPhone, you heave air in through your mouth.
13:28:13 <BioPhone> Well, that's true I guess
13:39:04 <reify> yes bun
13:50:47 <Dot`> Hey reif, bio
13:51:42 <reify> hi dotties
14:00:36 <reify> https://twitter.com/OptimoPrincipi/status/1281534833320222721
14:03:41 <Micen> well thats cool
15:08:37 -!- DuB` [DuB@cpe-68-174-122-249.nyc.res.rr.com] has joined #tlponies
15:10:19 <reification> hi dub https://twitter.com/shackle_ton/status/1281761167992475650
15:10:46 <DuB`> Hallu :)
15:13:47 <Dot|Phone> Dub dub
15:14:11 <Bio> hej
15:41:59 -!- BioPhone [~androirc@097-070-165-146.res.spectrum.com] has joined #tlponies
15:47:28 <Bio> poens
16:09:50 <Micen> hej
16:09:57 <Micen> 1h 50m till Dune?
16:10:13 <Bio> ye
16:13:13 -!- Camail [~Camail@45.40.84.145] has joined #tlponies
16:13:13 -!- mode/#tlponies [+v Camail] by Q
16:31:24 <Runbunny> reify, https://twitter.com/terebi1996/status/1281556198639067136?s=21
16:36:16 <DuB`> $3000 boba, waow
16:38:35 <Runbunny> ;)
16:40:51 <reification> about in line with hololive goods prices :/
16:48:44 -!- BioPhone [~androirc@097-070-165-146.res.spectrum.com] has joined #tlponies
16:54:18 -!- BioPhone [~androirc@097-070-165-146.res.spectrum.com] has joined #tlponies
17:30:23 -!- skram [~skram@37.120.203.204] has joined #tlponies
17:30:49 <skram> asdf
17:34:19 <Bio> oh hi
17:34:21 <Bio> mr skm
17:34:28 <skram> bio lad
17:35:01 <Bio> I haven't heard from my work buddy
17:35:04 <Bio> angery
17:35:36 <skram> what a bitch
17:41:23 <Dot|Phone> Skram friend
17:42:30 <Bio> ?biostream
17:42:33 <Bio> music atm
17:43:02 <Bio> also looking for a backup in case my friend dosn't make it
17:50:32 <skram> do we need 6 pals to play
17:51:53 <Bio> no, but its p fun with 6
17:51:55 <Bio> 5 is fine
17:52:57 <skram> im watching the rule video thing now
17:53:20 <Bio> mkay, i can go over it as well, and i can answer any questions you got
17:53:39 <Bio> can meet up in the bored gaems channel
17:58:20 <skram> theres a lot of rules
17:58:24 <Bio> there is
17:58:43 <skram> narrator guy sounds a bit like damian lewis
17:59:11 <Bio> errbody can pop into discrawds
18:04:44 <Bio> DuB`, pls
18:04:52 -!- Zounds [webchat@ni2k.e5zj.rph8.ip] has joined #tlponies
18:05:03 <Zounds> Nipponers
18:05:09 <Bio> mr zoond
18:05:44 * skram slaps DuB` around a bit with a large trout
18:05:45 <Bio> we are plejing a board game, if you wanna play we got a spot, if you wanna watch my stream is up
18:10:11 <Dot`> reification
18:11:03 <reify> may be available later
18:11:09 <Zounds> Ah cool ^^
18:15:45 -!- BioPhone [~androirc@097-070-165-146.res.spectrum.com] has joined #tlponies
18:52:20 <reify> https://twitter.com/tasty/status/1280966608933003264
18:57:42 <reify> camail https://www.reddit.com/r/CasualUK/comments/hp77z8/i_understand_lockdown_butt_this_is_too_much/
18:58:20 <Camail> butts are important to protect
19:09:52 -!- Golly [~kvirc@cm-84.213.21.103.getinternet.no] has joined #tlponies
22:18:00 -!- Cane [~Cane@CaneCraft.users.quakenet.org] has joined #tlponies
22:18:00 -!- mode/#tlponies [+o Cane] by Q
22:38:29 -!- Rawr|Fone [uid440384@id-440384.highgate.irccloud.com] has joined #tlponies
23:47:14 -!- Golly [~kvirc@cm-84.213.21.103.getinternet.no] has joined #tlponies
23:59:09 <Runbunny> Dot`, https://clips.twitch.tv/CrispyAntediluvianPieDansGame
