00:06:00 <Dot|Phone> Maybe Rawr
00:07:19 <Bio> asdf
00:15:12 <Crisium> fdsa
00:22:42 <Bio> how do crisi-poo
00:27:13 <Crisium> watching OWL
00:27:17 <Crisium> pretty funny games
00:27:19 <Crisium> how is u
00:29:13 <Bio> im ok
00:29:19 <Bio> trying to keep busy
00:29:40 <Crisium> why's that? something on your mind?
00:31:04 <Bio> tryna come to terms with being an actual person and stuff, ya kno
00:31:14 <Crisium> ya i know
00:31:16 <Bio> fuggin adult shit
00:31:25 <Crisium> now that im unemployed im kinda feeling weird hehe
00:31:38 <Crisium> luckily got the emergency fund to ride it out a while
00:32:05 <Bio> yeah, building that up myself
00:32:15 <Bio> tryna pay off my dum student loans too
00:32:39 <Crisium> good luck!
00:33:03 <Bio> thx
00:33:14 <Bio> paid off 3 with my first bonus
00:33:23 <Bio> but still so many much left
00:33:47 <Crisium> ganbare!
00:44:43 <Rial> Good morning, yes
00:44:49 <Rial> Slow sunday morning =w=
00:44:58 <Rial> Leaving for grocery shopping and paying bills soon
00:54:34 <Dot|Phone> Gl
01:19:23 -!- carcinisation [~thomas@cpc76294-cosh16-2-0-cust297.6-1.cable.virginm.net] has joined #tlponies
01:19:23 -!- mode/#tlponies [+v carcinisation] by Q
01:28:48 <carcinisation> night all
01:29:36 <Crisium> nn
01:33:16 <Dot|Phone> Gnight Reif
02:00:33 -!- Rawr|Fone [~AndChat52@c-94cfe455.020-164-6d6c6d4.bbcust.telenor.se] has joined #tlponies
03:04:01 -!- Rawr|Fone [~AndChat52@c-94cfe455.020-164-6d6c6d4.bbcust.telenor.se] has joined #tlponies
04:27:48 -!- Rawr|Fone [~AndChat52@c-94cfe455.020-164-6d6c6d4.bbcust.telenor.se] has joined #tlponies
05:20:07 -!- skram [~skram@134.19.189.60] has joined #tlponies
05:23:43 -!- Rawr|Fone [~AndChat52@c-94cfe455.020-164-6d6c6d4.bbcust.telenor.se] has joined #tlponies
06:03:18 -!- Rawr|Fone [~AndChat52@c-94cfe455.020-164-6d6c6d4.bbcust.telenor.se] has joined #tlponies
06:36:33 -!- Rawr|Fone [~AndChat52@c-94cfe455.020-164-6d6c6d4.bbcust.telenor.se] has joined #tlponies
06:46:05 -!- Rawr|Fone [~AndChat52@c-94cfe455.020-164-6d6c6d4.bbcust.telenor.se] has joined #tlponies
07:00:31 -!- Rawr|Fone [~AndChat52@c-94cfe455.020-164-6d6c6d4.bbcust.telenor.se] has joined #tlponies
07:10:32 -!- Rawr|Fone [~AndChat52@c-94cfe455.020-164-6d6c6d4.bbcust.telenor.se] has joined #tlponies
09:05:08 -!- Rawr|Fone [~AndChat52@c-94cfe455.020-164-6d6c6d4.bbcust.telenor.se] has joined #tlponies
09:06:11 -!- Dot|Phone [uid393803@2001:67c:2f08:5::6:24b] has joined #tlponies
09:06:16 <Dot|Phone> Morning
09:16:37 <Rawr|Fone> DoT DoT DoT
09:17:06 <Dot|Phone> Rawr Rawr Rawr 
09:17:09 <Dot|Phone> 💖💖💖
09:17:12 <Rawr|Fone> 💖💖💖
09:22:58 -!- Golly [~kvirc@cm-84.213.21.103.getinternet.no] has joined #tlponies
11:13:14 -!- reification [~thomas@cpc76294-cosh16-2-0-cust297.6-1.cable.virginm.net] has joined #tlponies
11:13:15 -!- mode/#tlponies [+v reification] by Q
11:13:30 -!- Runbunny [~Runbunny@91.100.28.10.generic-hostname.arrownet.dk] has joined #tlponies
11:13:38 <reification> hello bun and friends
11:16:57 <Runbunny> Hai.
11:17:33 <reification> https://twitter.com/OS_X_Lanius/status/1230807758061985792
11:18:46 <reification> .tell skram https://twitter.com/heyitschili/status/1229502781104545792
11:19:12 <Dot|Phone> Reef and runbun! 
11:19:33 <Runbunny> Dot dot.
11:20:33 <Runbunny> How long till Doom eternal Dot ?!?!
11:20:33 <reification> dot
11:20:45 <Dot|Phone> Soon (tm) 
11:21:28 <Runbunny> for whatever reason I have been having bad connections to youtube streams lately.
11:21:38 <Runbunny> Can't watch my vtubers :(
11:21:58 <Dot|Phone> ?ohnoes
11:22:07 <Dot|Phone> ?ohno
11:24:35 <reification> how unfortunate
11:25:31 <Runbunny> It's very sad.
11:28:12 <Runbunny> Videos are completely fine, streams are completely not fine.
11:33:16 <Runbunny> It still doesn't load even if I put the quality to 144p :/
11:33:18 <Runbunny> Halp.
11:33:58 <Rial> You could try switching your DNS to the GoogleDNS
11:34:23 <Rial> https://www.howtogeek.com/164981/how-to-switch-to-opendns-or-google-dns-to-speed-up-web-browsing/
11:51:24 -!- tredc [~tredc@c83-254-129-166.bredband.comhem.se] has joined #tlponies
12:29:00 -!- Rawr|Fone [~AndChat52@c-94cfe455.020-164-6d6c6d4.bbcust.telenor.se] has joined #tlponies
12:58:31 <reification> have you tried on another device?
12:59:25 <reification> also opening stream in something like vlc?
12:59:34 <Dot|Phone> Have you tried gom player
13:04:03 <Runbunny> lel.
14:04:47 -!- DuB` [DuB@cpe-68-174-122-249.nyc.res.rr.com] has joined #tlponies
14:05:08 <Dot|Phone> Dub dub
14:05:16 <DuB`> G'morn!
14:05:19 <DuB`> Dnd 3hr?
14:05:41 <Dot|Phone> I think
14:08:15 -!- Dot` [webchat@cloak-6mnm8y5u.123.7.51.dyn.plus.net] has joined #tlponies
14:20:49 <Bio> morn
14:20:56 <Dot`> Bayo
14:21:02 <Bio> dort
14:22:31 <reification> a dub and a bio :O
14:22:45 <Bio> fact
14:26:59 <reification> dub https://www.reddit.com/r/EsperantoFeed/comments/f86mn7/word_of_the_hour_dubo/
14:29:19 <Bio> pan
14:29:43 <DuB`> o
14:36:47 <reification> pano is bread
14:37:30 <DuB`> pan pan pan
15:14:19 <Bio> p AN i
15:48:43 <Dot`> hows horses?
16:04:25 <Bio> neigh
16:15:26 <Rawr|Fone> Jo
16:21:10 -!- Rawr|Phone [~AndChat52@m77-218-229-54.cust.tele2.se] has joined #tlponies
16:54:12 -!- Rawr|Fone [~AndChat52@84-217-62-32.customers.ownit.se] has joined #tlponies
17:29:47 <Bio> https://i.redd.it/bnl7yg957li41.jpg
17:32:09 <Dot`> HONK
18:23:00 -!- skram [~skram@134.19.189.60] has joined #tlponies
18:27:49 <Dot`> skram!
18:40:03 <Bio> a wild skrm apears
18:44:02 <Rawr|Fone> The jonas
18:44:11 <Rawr|Fone> My favorite jonas in the world
18:44:26 <skram> hej
18:58:52 -!- Rawr|Phone [~AndChat52@83.191.112.204] has joined #tlponies
19:04:39 <Bio> https://www.ign.com/articles/against-all-odds-the-animal-crossing-and-doom-communities-have-united?sf117802209=1
19:08:53 <skram> very wholesome
19:09:58 <Golly>  https://tinyurl.com/snafn65 lul
19:12:03 -!- Camail [~Camail@45.40.84.145] has joined #tlponies
19:12:04 -!- mode/#tlponies [+v Camail] by Q
19:14:05 <Dot`> cammm
19:18:22 <Camail> hello dot
19:18:43 <Camail> you are now allowed to be happy
19:18:48 <Camail> enjoy it while i am here
19:19:54 <Dot`> yay~
19:20:01 -!- Rawr|Fone [~AndChat52@c-94cfe455.020-164-6d6c6d4.bbcust.telenor.se] has joined #tlponies
19:54:47 -!- Rawr|Fone [~AndChat52@c-94cfe455.020-164-6d6c6d4.bbcust.telenor.se] has joined #tlponies
20:10:06 -!- Rawr|Fone [~AndChat52@c-94cfe455.020-164-6d6c6d4.bbcust.telenor.se] has joined #tlponies
21:07:41 <Golly> woo nigma!
21:07:54 <Golly> with the 2-3 comeback
21:12:19 -!- Rawr|Fone [~AndChat52@c-94cfe455.020-164-6d6c6d4.bbcust.telenor.se] has joined #tlponies
21:16:32 <DuB`> Wew!
21:27:10 <skram> uwu
21:28:46 <reification> ŭaŭ
21:36:23 <reification> bio https://pbs.twimg.com/media/ERaTV11WkAEyq-C.jpg
21:36:28 <Camail> i stopped watching at 1-2, dang
21:38:24 <Golly> its a nice storyline, a win after failing both qualifs for major/minor
21:41:43 <DuB`> And what an event haha
21:41:47 <DuB`> Production/theme and all
21:43:02 <Golly> I lost it when they brought out the cybertruck
21:43:09 -!- Rawr|Fone [~AndChat52@c-94cfe455.020-164-6d6c6d4.bbcust.telenor.se] has joined #tlponies
21:45:18 <Rawr|Fone> Internet is bad
21:49:46 <Bio> checkmate rief
22:00:47 -!- Rawr|Fone [~AndChat52@c-94cfe455.020-164-6d6c6d4.bbcust.telenor.se] has joined #tlponies
22:28:30 -!- Rial [~Rial@p2429120-ipngn200603tokaisakaetozai.aichi.ocn.ne.jp] has joined #tlponies
22:29:19 <skram> good morning rial
22:30:07 <skram> whats its like in the future
22:30:57 -!- Rawr|Fone [~AndChat52@c-94cfe455.020-164-6d6c6d4.bbcust.telenor.se] has joined #tlponies
22:31:11 <Runbunny> skram, reification https://www.youtube.com/watch?v=YpmNMfJfIJc
22:31:53 <skram> everything about this makes sense and that worries me
22:32:10 <Runbunny> Mofu mofu.
22:32:55 <reification> that means you can no longer escape skram
22:33:09 <Rial> morning
22:35:43 <Bio> sdfa
22:36:02 <Bio> I did nothing today :smile:
22:37:00 <reification> https://www.youtube.com/watch?v=pQlb449sKh0 vs https://www.bbc.co.uk/news/av/uk-51598237/lorry-driver-jailed
22:55:58 <Runbunny> Perfect.
23:06:14 -!- Rawr|Fone [~AndChat52@c-94cfe455.020-164-6d6c6d4.bbcust.telenor.se] has joined #tlponies
