00:00:17 <Runbunny> .tell reification https://twitter.com/Armand_Gman/status/1238694461787394054?s=20
00:17:15 -!- Mousen|Droid [~AndChat91@h6.74.23.98.dynamic.ip.windstream.net] has joined #tlponies
00:35:22 <reimeuk> i'm here bun but i feel the need not to be
00:35:29 <reimeuk> night all
01:09:16 -!- Crisium [~Crisium@c-24-3-150-105.hsd1.pa.comcast.net] has joined #tlponies
01:31:56 <skrm> crisiminium
01:34:06 <skrm> or is it crisinum in north america
01:56:59 <Camail> man, i am already bored of the corona panic
01:57:00 <Crisium> ja
01:57:40 <Camail> everyone doing dumb shit wont be deterred by bad memes and daily news updates
02:27:54 -!- Rawr|Fone [~AndChat52@c-94cfe455.020-164-6d6c6d4.bbcust.telenor.se] has joined #tlponies
02:41:02 -!- Micen [~Micen@h6.74.23.98.dynamic.ip.windstream.net] has joined #tlponies
04:47:19 -!- Micen [~Micen@h6.74.23.98.dynamic.ip.windstream.net] has joined #tlponies
05:00:52 -!- Rawr|Fone [~AndChat52@c-94cfe455.020-164-6d6c6d4.bbcust.telenor.se] has joined #tlponies
05:13:20 -!- Rawr|Fone [~AndChat52@c-94cfe455.020-164-6d6c6d4.bbcust.telenor.se] has joined #tlponies
05:13:21 <Rawr|Fone> 🐴🐴🐴
05:22:36 -!- Rawr|Phone [~AndChat52@m83-185-241-57.cust.tele2.se] has joined #tlponies
05:50:46 -!- Micen [~Micen@h6.74.23.98.dynamic.ip.windstream.net] has joined #tlponies
06:04:07 <Rawr|Phone> 🐴🐴🐴
06:31:52 -!- skram [~skram@178.239.173.240] has joined #tlponies
06:53:06 -!- Rawr|Fone [~AndChat52@c-94cfe455.020-164-6d6c6d4.bbcust.telenor.se] has joined #tlponies
06:54:40 -!- Micen [~Micen@h6.74.23.98.dynamic.ip.windstream.net] has joined #tlponies
07:01:30 <Rawr|Fone> Skram
07:05:24 <skram> God morgon henriken
07:06:32 <Rawr|Fone> I have been to the gym and I am ready to go to work
07:07:35 <skram> remember not to shake hands!
07:07:42 <skram> when do you start
07:08:15 <Rawr|Fone> 9 am
07:08:21 <skram> oooh
07:08:23 <Rawr|Fone> 50 minutes
07:08:24 <skram> are you nervous
07:08:35 <Rawr|Fone> Only takes ten to walk over there
07:08:43 <Rawr|Fone> I don't know yet
07:09:54 <skram> i am confident in your success
07:12:00 <Rawr|Fone> That warms my heart my dear
07:29:34 -!- CellRoach [~AndChat14@83.191.123.91] has joined #tlponies
07:29:41 -!- Golly [~kvirc@cm-84.213.21.103.getinternet.no] has joined #tlponies
07:29:46 <Rawr|Fone> Cr
07:30:04 <CellRoach> Hors 
07:30:54 <skram> cr you old rascal
07:45:55 -!- Rawr|Phone [~AndChat52@m83-185-241-57.cust.tele2.se] has joined #tlponies
07:54:49 <CellRoach> I am!
07:57:12 -!- Micen [~Micen@h6.74.23.98.dynamic.ip.windstream.net] has joined #tlponies
08:01:43 -!- Dot|Phone [uid393803@2001:67c:2f08:5::6:24b] has joined #tlponies
08:02:03 <Dot|Phone> Skram
08:02:15 <skram> aye pal
08:09:49 <skram> imma go zzz
08:19:18 <Dot|Phone> Dammit
09:00:09 -!- Micen [~Micen@h6.74.23.98.dynamic.ip.windstream.net] has joined #tlponies
09:10:30 <Dot|Phone> Rawr Rawr Rawr 
09:10:34 <Dot|Phone> 💖💖💖
09:10:40 <Dot|Phone> Gl today! 
09:12:36 -!- Rial [~Rial@p452019-ipngn200305sasajima.aichi.ocn.ne.jp] has joined #tlponies
09:16:08 <Dot|Phone> Hey rial
09:33:46 -!- Runbunny [~Bunnykitt@91.100.28.10.generic-hostname.arrownet.dk] has joined #tlponies
09:37:37 <Dot|Phone> Angel! 
09:39:13 <Runbunny> Hai.
09:46:14 <Dot|Phone> What doing today bun? More isolation? More poe? 
09:49:17 <Runbunny> Isolation
09:49:51 <Runbunny> I might have to get some stuff from my mothers work and deliver it to her across town.
10:01:35 <Runbunny> Thing is that my mother is sick and I am going to deliver stuff to her right now.
10:01:48 <Runbunny> I'll be going on ahead.
10:04:20 -!- Micen [~Micen@h6.74.23.98.dynamic.ip.windstream.net] has joined #tlponies
10:04:37 <Dot|Phone> Wear your high vi's! 
10:04:42 <Dot|Phone> Vis
10:25:13 -!- Micen|Droid [~AndChat91@h6.74.23.98.dynamic.ip.windstream.net] has joined #tlponies
10:32:40 -!- reification [~thomas@cpc76294-cosh16-2-0-cust297.6-1.cable.virginm.net] has joined #tlponies
10:32:40 -!- mode/#tlponies [+v reification] by Q
10:34:45 <reification> morning tlp
10:36:33 -!- Mousen|Droid [~AndChat91@h6.74.23.98.dynamic.ip.windstream.net] has joined #tlponies
10:40:52 <Dot|Phone> Hey Reif
10:40:57 <reification> hi dotties
11:01:02 <Rial> Hi all
11:03:49 <reification> hello rial
11:04:34 -!- Micen|Droid [~AndChat91@h6.74.23.98.dynamic.ip.windstream.net] has joined #tlponies
11:05:18 <reification> runbunny today's? paper is cassandra edition: https://twitter.com/jonst0kes/status/1239193979725504513
11:07:28 -!- Mousen|Droid [~AndChat91@h6.74.23.98.dynamic.ip.windstream.net] has joined #tlponies
11:12:46 -!- Rawr|Fone [~AndChat52@c-94cfe455.020-164-6d6c6d4.bbcust.telenor.se] has joined #tlponies
11:33:12 -!- Rawr|Fone [~AndChat52@c-94cfe455.020-164-6d6c6d4.bbcust.telenor.se] has joined #tlponies
11:38:02 -!- Micen|Droid [~AndChat91@h6.74.23.98.dynamic.ip.windstream.net] has joined #tlponies
11:39:31 <Dot|Phone> Rawr Rawr Rawr 
11:40:14 <Rawr|Fone> DoT DoT DoT
11:40:16 <Rawr|Fone> 💖💖💖
11:47:05 <Dot|Phone> 💖💖💖
11:47:11 <Dot|Phone> How's it going horse? 
11:47:17 <Dot|Phone> They good ppl? 
11:47:20 -!- Rawr|Phone [~AndChat52@m83-185-241-57.cust.tele2.se] has joined #tlponies
11:53:29 <Dot|Phone> Rawr please
11:53:33 <Dot|Phone> How's it going? 
12:00:37 <Runbunny> I return
12:01:47 <Rawr|Phone> It's going well so far dot
12:02:03 <Runbunny> The hysteria nearly got to me, but then I managed to empty my mind and then everything was fine.
12:02:16 <Runbunny> Rawr is a real work horse now.
12:02:42 <Runbunny> reification, https://twitter.com/kaneneko_813/status/1239193459182845955
12:03:51 -!- Micen [~Micen@h6.74.23.98.dynamic.ip.windstream.net] has joined #tlponies
12:04:05 <Rawr|Phone> Yes runbun
12:07:58 <Runbunny> reification, if you need some context https://www.youtube.com/watch?v=HjhQk21hPMU
12:18:49 <Dot|Phone> Are they nice ppl Rawr? 
12:19:37 <Bio> gmorn
12:19:46 <Dot|Phone> Bio lad
12:19:47 <Rawr|Phone> So far dot
12:19:57 <Bio> i'm now working at the home
12:25:39 <Dot|Phone> So how's the tarkov servers today bio? 
12:31:53 <Bio> unknown
13:09:47 <reification> poor aqua
13:09:51 -!- Micen [~Micen@h6.74.23.98.dynamic.ip.windstream.net] has joined #tlponies
13:18:17 -!- Mousen|Droid [~AndChat91@h6.74.23.98.dynamic.ip.windstream.net] has joined #tlponies
13:42:05 <Micen> hello. good morning. 
13:44:13 <reification> hello micen
13:44:24 <Micen> How are you reif?
13:51:12 <reification> i'm good, been busy sorting out things for my dad for the coming weeks
13:51:17 <reification> how's you?
13:53:48 <Micen> im doing okay. not much has really changed for me since i am jsut getting to continue doing my hermit type things. 
13:56:11 <Bio> asdf
13:56:24 <Bio> I shouldn't be working from home :smile:
13:58:06 <Micen> no bio, you keep working from home. 
14:08:05 <reification> dot https://twitter.com/west_on/status/1238552107147505664
14:09:45 <Bio> i just mean i've done like nothing yet of value
14:11:40 -!- skram [~skram@178.239.173.240] has joined #tlponies
14:13:43 <reification> skram!
14:14:44 <Dot|Phone> Jonas friend
14:15:33 <skram> hello frens
14:16:33 <Bio> never mind i answered a question
14:16:36 <Bio> >STONKS
14:16:49 <skram> are y'all immune yet
14:16:57 <Bio> probably not
14:17:21 <Runbunny> Nope.
14:17:34 <Runbunny> But I am also not sick :D
14:17:43 <reification> bio here are your stonks https://twitter.com/kevineusebio/status/1239550249888350208
14:18:27 <Bio> tumbling down tumbling down tubling doooooooooooooooown
14:24:10 <Runbunny> To that I say https://www.youtube.com/watch?v=oIscL-Bjsq4
14:24:47 <reification> it's the perfect time for onion based financial crimes: https://kmikeym.com/questions/153
14:26:19 <reification> https://www.youtube.com/watch?v=z5Otla5157c
14:32:27 <Bio> asdf
14:32:40 <Bio> its hard to focus bois
14:33:54 <Bio> mostly because screeching child is doing what it believes to be its only purpose in life
14:43:03 <Dot|Phone> Put on headphones with music
14:43:45 <skram> ya put this on https://www.youtube.com/watch?v=fAdyp4eUqDY
14:49:27 <Bio> i miss the rains skrm
14:50:51 <skram> there's nothing that a 100 men or more could ever do, bio
14:57:47 <Bio> https://www.youtube.com/watch?v=UJRnfN8DfWM
14:57:50 <Bio> skrm lel
14:58:08 <Bio> title
14:58:35 <skram> no sudoku pls ;_;
14:59:08 <Bio> def
15:17:19 <Dot|Phone> Skram stop distracting bio. He needs to be a work horse 
15:17:51 <skram> i am only enhancing his performance
15:23:26 -!- Micen|Droid [~AndChat91@h6.74.23.98.dynamic.ip.windstream.net] has joined #tlponies
15:24:08 -!- Mousen|Droid [~AndChat91@h6.74.23.98.dynamic.ip.windstream.net] has joined #tlponies
15:27:30 <Bio> fact
15:41:59 -!- reify [~reificati@cpc76294-cosh16-2-0-cust297.6-1.cable.virginm.net] has joined #tlponies
15:46:32 -!- Micen|Droid [~AndChat91@h6.74.23.98.dynamic.ip.windstream.net] has joined #tlponies
16:05:51 <reify> runbunny got a top operator tag in recruitment!
16:06:45 <reify> and it’s apple pie :O
16:11:34 <Rawr|Phone> 🐴🐴🐴
16:13:24 -!- Mousen|Droid [~AndChat91@h6.74.23.98.dynamic.ip.windstream.net] has joined #tlponies
16:15:34 -!- Camail [~Camail@45.40.84.145] has joined #tlponies
16:15:35 -!- mode/#tlponies [+v Camail] by Q
16:22:32 <Dot|Phone> Rawr! 
16:22:35 <Dot|Phone> 🦓🦓🦓
16:22:53 <Dot|Phone> You all done with your first day? 
16:23:26 <Dot|Phone> Cam ale 
16:23:37 <Camail> hihi
16:24:32 <Dot|Phone> Are you being told to isolate yet cam? 
16:24:43 <Camail> i dont need to be told
16:24:44 <Camail> but yes
16:24:51 <Camail> illinois has basically shut down
16:24:56 <Camail> we were one of the first
16:25:03 <Camail> in the us*
16:26:12 <Dot|Phone> Have a lot of us cities gone into lock down? Not heard much about that
16:27:04 <Camail> i cant speak for every state, some have very different population densities 
16:28:44 <Dot|Phone> It's kinda weird watching how varied and seemingly uncoordinated all the responses are. 
16:29:16 <Camail> all i know for sure is that chicago forced any event over 200 people to cancel, and then the IL governor pretty much did the same for the entire state
16:29:29 <Camail> yea, there are a lot of moving parts
16:29:33 -!- Rawr|Fone [~AndChat52@c-94cfe455.020-164-6d6c6d4.bbcust.telenor.se] has joined #tlponies
16:29:52 <Camail> global, country, then further divisions depending
16:29:58 <skram> I think thats true for everyone, dot
16:30:10 <skram> except maybe SK?
16:30:13 <Camail> we have had no federal restrictions, but this country is very big
16:30:21 <Dot|Phone> Yea. I meant globally skram
16:30:32 <Camail> i'm not bothered by leaving it up to the states
16:31:03 <Camail> globally its weird because at that scale you are more concerned about border control
16:31:55 <Rawr|Fone> I am home now dot
16:32:19 <Rawr|Fone> I didn't have to work a full day because I haven't gotten access to anything yet
16:44:41 <Dot|Phone> Do you drink coffee yet Rawr? 
16:44:53 <Dot|Phone> He ran for it
16:45:50 -!- Rawr|Fone [~AndChat52@c-94cfe455.020-164-6d6c6d4.bbcust.telenor.se] has joined #tlponies
16:50:29 <reify> bio https://pbs.twimg.com/media/ETHlbrsWkAA1rSu?format=png&name=900x900
17:02:18 <Dot|Phone> There was no bread in the shop. I'm very disappointed in England
17:03:26 -!- reify [~reificati@cpc76294-cosh16-2-0-cust297.6-1.cable.virginm.net] has joined #tlponies
17:12:46 -!- Rawr|Phone [~AndChat52@m83-185-241-57.cust.tele2.se] has joined #tlponies
17:16:11 -!- Dot` [webchat@cloak-puzvreye.123.7.51.dyn.plus.net] has joined #tlponies
17:29:54 -!- reify [~reificati@cpc76294-cosh16-2-0-cust297.6-1.cable.virginm.net] has joined #tlponies
17:30:23 <reify> seems like a reasonable deal bun https://twitter.com/BueRubner/status/1239181160061833217
17:56:48 -!- Micen|Droid [~AndChat91@h6.74.23.98.dynamic.ip.windstream.net] has joined #tlponies
18:32:01 -!- Mousen|Droid [~AndChat91@h6.74.23.98.dynamic.ip.windstream.net] has joined #tlponies
18:33:05 -!- Micen|Droid [~AndChat91@ip-99-203-97-217.pools.spcsdns.net] has joined #tlponies
18:33:59 -!- Micen|droid2 [~AndChat91@ip-99-203-97-128.pools.cgn.spcsdns.net] has joined #tlponies
18:36:58 <Runbunny> Denmark is pretty all right.
18:50:49 <Dot`> pon pon
18:52:02 <reification> ... https://pbs.twimg.com/media/ETPqKw5WoAMS4xf.jpg
18:52:06 <reification> dot dot
18:56:45 <Dot`> bio, i hate this worm part so much
18:56:48 <Runbunny> Dot.
18:57:01 <Runbunny> Now I know there's a worm part.
18:57:02 <Dot`> reif, runbun
18:57:11 <reification> https://mainichi.jp/english/articles/20200312/p2g/00m/0na/019000c
18:57:17 <reification> report dot for spoilers
18:57:33 <reification> :p
19:00:31 <skram> great
19:00:36 <skram> now i dont ned to play it
19:00:48 <Camail> ban dot
19:01:40 <Bio> bant
19:02:40 -!- Crisium [~Crisium@c-24-3-150-105.hsd1.pa.comcast.net] has joined #tlponies
19:20:32 <skram> crisinyan
19:21:06 -!- Micen|Droid [~AndChat91@h212.3.17.98.dynamic.ip.windstream.net] has joined #tlponies
19:23:29 <reification> skram https://twitter.com/netgeekAnimal/status/1239479719004745729
19:25:18 <skram> :3
19:27:28 <Crisium> howdy folks
19:27:34 -!- Mousen|Droid [~AndChat91@h6.74.23.98.dynamic.ip.windstream.net] has joined #tlponies
19:29:10 <Crisium> cat
19:34:34 <skram> how you doin crisimum
19:36:16 <Crisium> ok, tired
19:36:24 <Crisium> got up early to drop car off for inspection
19:36:27 <Crisium> still took 6 hours
19:37:14 <skram> thats a very thorough inspection
19:39:24 <skram> is that something you have to do in able to keep it insured or something?
19:39:29 <skram> like we do in yurop
19:52:35 -!- Golly [~kvirc@cm-84.213.21.103.getinternet.no] has joined #tlponies
19:56:12 -!- tredc [~tredc@c83-254-129-166.bredband.comhem.se] has joined #tlponies
19:57:27 <Camail> i think you just need to do it to get insurance
19:57:52 <Camail> tho it can depends from company to company
20:04:17 <Crisium> most states require yearly inspections
20:04:24 <Crisium> or else you are unlawfully driving the vehicle
20:04:28 <Crisium> some dont, like Ohio i think
20:06:27 <skram> what do they inspect
20:07:09 <Crisium> emissions, fluids, wear and tear of things like breaks, tired, air filters
20:09:40 <skram> very sensible
20:09:46 <skram> did you get any remarks though
20:29:45 <skram> .tell dub` https://www.youtube.com/watch?v=ZrjuyXfLD6s
20:31:02 <Bio> asdf
20:31:17 <Bio> think i slept wrong
20:31:24 <skram> its The Bio, a Boi
20:31:25 <Bio> neck sore and headache all day
20:31:39 <Bio> heya skrm
20:32:49 <skram> Im getting my keys tomorrow
20:33:03 <Bio> noice!
20:33:30 <skram> but all my fam works in healthcare and have been told to stay away from people
20:33:34 <skram> it is a bit lonely
20:33:53 <Bio> oh dear
20:34:23 <Bio> probably the best part of the intranet
20:34:37 <Bio> at least theres some horse behind that internet name to connect with briefly
20:34:58 <skram> im always connected to u pal
20:35:49 <Bio> you romantic you
20:39:49 <Bio> yo this vid is fire skrm
20:39:58 <skram> its pretty great
20:40:03 <Bio> electronic music makes the best orchestral music
20:41:11 <skram> what makes the best electronic music though
20:41:48 <Bio> probably robits
20:42:06 <skram> robits are pretty good yeah
20:48:11 <Crisium> they said my breaks were close to the mark of not passing the inspection, so i just had them get it over with and replace the pads or whatever
20:48:20 <Crisium> i figure #YOLO with your breaks is not a good idea
20:49:06 <skram> thats a good idea
20:49:21 <skram> but you'll definitly know when the pads are worn all the way down :P
20:49:35 <Crisium> isnt it too late by then
20:49:42 <Crisium> as i descend down a cliff
20:50:06 <skram> probably
20:50:41 <skram> if you're lucky it'll get hot enough to fuse everything together maybe
21:00:25 <Camail> skram did i ever tell you about that time my break line snapped
21:00:33 <Camail> luckily my car had two
21:00:49 <Camail> but yea, feeling the tension leave the brake pedal is a unique experience
21:00:53 <skram> uh oh
21:01:18 <Camail> it was a few years ago now
21:01:47 <skram> yeah luckily double circuit brakes are required by law
21:01:56 <skram> thats gotta be disconcerting to say the least
21:02:17 <skram> did you have to pump it
21:18:45 -!- Micen|Droid [~AndChat91@h6.74.23.98.dynamic.ip.windstream.net] has joined #tlponies
21:23:56 <Camail> i remember just pressing down harder and serpentining 
21:25:15 <Dot`> only serpentine while trying to dodge a shooter
21:26:11 <Camail> i was the bullet
21:32:37 -!- Rawr|Fone [~AndChat52@c-94cfe455.020-164-6d6c6d4.bbcust.telenor.se] has joined #tlponies
21:43:12 <Dot`> discord ded?
21:44:56 -!- Rawr|Fone [~AndChat52@c-94cfe455.020-164-6d6c6d4.bbcust.telenor.se] has joined #tlponies
21:48:21 <skram> looks that way
21:49:28 <Dot`> americans need to go to work
21:50:04 <Cane> Odd. To me, *some* Discord servers are down, the rest are not.
21:50:30 <Dot`> i had a few down so restarted it, now it wont open
21:50:50 <skram> https://status.discordapp.com/
21:56:23 -!- Rial [~Rial@p452019-ipngn200305sasajima.aichi.ocn.ne.jp] has joined #tlponies
21:57:49 <Bio> my dumb discord is alive
21:58:25 <Bio> asdf
22:04:21 -!- Rawr|Fone [~AndChat52@c-94cfe455.020-164-6d6c6d4.bbcust.telenor.se] has joined #tlponies
22:09:20 -!- Mousen|Droid [~AndChat91@h6.74.23.98.dynamic.ip.windstream.net] has joined #tlponies
22:16:16 -!- Micen|Droid [~AndChat91@h6.74.23.98.dynamic.ip.windstream.net] has joined #tlponies
22:24:57 <Camail> supposedly they were scaling up
22:25:19 <Camail> cuz everyone is staying home
22:38:19 -!- Rawr|Fone [~AndChat52@c-94cfe455.020-164-6d6c6d4.bbcust.telenor.se] has joined #tlponies
23:08:36 -!- DuB` [DuB@cpe-68-174-122-249.nyc.res.rr.com] has joined #tlponies
23:11:41 <Runbunny> Ugh.
23:11:45 <Runbunny> CS is so stressful.
23:16:16 -!- Rawr|Fone [~AndChat52@c-94cfe455.020-164-6d6c6d4.bbcust.telenor.se] has joined #tlponies
23:19:35 <Camail> yup
23:20:02 <Camail> well, i dont think i ever stressed, it was fun, but i can understand
23:21:14 <Camail> poe has been a blast, if i had a 6 link and uber lab i'd be doing nutty stuff
23:21:21 <Runbunny> O:
23:21:27 <Runbunny> I am 2 trials away.
23:33:14 <Camail> me too
23:59:30 -!- Mousen|Droid [~AndChat91@h6.74.23.98.dynamic.ip.windstream.net] has joined #tlponies
