00:00:30 <Runbunny> Dot|Phone, Hob is still going at it.
00:10:55 <Runbunny> DuB`, skram https://www.youtube.com/watch?v=HoSYQfBDGwQ
00:11:01 <Runbunny> All right, time to sleep
00:11:03 <Runbunny> Goodnight Sirs.
00:11:09 <skram> goodnight anders
04:09:01 -!- BioPone [~androirc@mobile-107-92-122-36.mycingular.net] has joined #tlponies
04:27:32 -!- Cane [~Cane@CaneCraft.users.quakenet.org] has joined #tlponies
04:27:32 -!- mode/#tlponies [+o Cane] by Q
04:46:27 -!- BioPone [~androirc@mobile-107-92-122-36.mycingular.net] has joined #tlponies
04:57:46 -!- BioSC [~BioPon@097-070-165-146.res.spectrum.com] has joined #tlponies
05:27:41 -!- BioPone [~androirc@mobile-107-92-122-36.mycingular.net] has joined #tlponies
05:48:22 -!- Micen [~Micen@h109.118.89.75.dynamic.ip.windstream.net] has joined #tlponies
06:25:26 -!- Rawr|Fone [uid440384@id-440384.highgate.irccloud.com] has joined #tlponies
06:35:40 <CockRoach|42> .tell zounds happy late birthday!
07:40:41 -!- Dot` [webchat@uqju.w7i1.m7pb.ip] has joined #tlponies
07:41:11 <Rawr|Fone> DoT DoT DoT
07:41:14 <Rawr|Fone> ❤❤❤
07:43:16 <Dot`> Rawr Rawr Rawr
07:43:19 <Dot`> <3 <3 <3
07:54:22 -!- Golly [~Golly@cm-84.213.21.103.getinternet.no] has joined #tlponies
08:36:56 -!- Runbunny [~Bunnykitt@91.100.28.10.generic-hostname.arrownet.dk] has joined #tlponies
08:39:34 <Runbunny> Hai
08:40:54 <Dot`> Runbun!
08:46:34 <Runbunny> Dot!
08:48:34 <Rawr|Fone> Anders.
08:49:08 <Runbunny> Henrik, min ven.
08:49:50 <Rawr|Fone> Hur står det till, min lilla sockertopp
08:50:43 <Runbunny> It's pretty good, lots of work to be done, but it's nice to be working.
08:51:19 <Rawr|Fone> Wonderful
08:52:33 -!- reification [~thomas@cpc76294-cosh16-2-0-cust297.6-1.cable.virginm.net] has joined #tlponies
08:52:33 -!- mode/#tlponies [+v reification] by Q
08:56:21 <Runbunny> Hai Reif.
08:56:43 <Runbunny> What about you Rawr? Everything as it should be?
09:04:00 <Rawr|Fone> It's going well runbun
09:16:50 <reification> hi bun
09:22:19 <reification> rawr https://twitter.com/KaneUnabIe/status/1304858819139268608
09:23:26 <Rawr|Fone> 🤯
09:24:49 <reification> https://twitter.com/Lucha_Goddess/status/1304028562584936449
10:07:05 <Dot`> Hey reif
10:08:21 <reification> hi dotties
11:45:14 -!- BioPone [~androirc@mobile-107-92-120-42.mycingular.net] has joined #tlponies
12:26:49 -!- BioPhone [~androirc@12.33.239.117] has joined #tlponies
12:27:38 <BioPhone> Monpon
12:32:36 <reification> monster pony?!
12:40:14 <Dot`> they are predatory creatures
12:48:31 -!- skram [~skram@ip-22-17-203-109.eidsiva.net] has joined #tlponies
12:51:35 <Rawr|Fone> Jonas
12:51:59 <skram> Henrik
12:53:08 <Dot`> Jonas
12:53:45 <skram> Bjørn
12:55:43 <Dot`> hi
12:55:56 <skram> hello fren
12:58:35 <Dot`> hows you
12:59:00 <skram> meh
12:59:03 <skram> i have to go to work today
13:00:39 <Dot`> well at least you get to set things on fire, you enjoy that
13:01:48 <skram> well thats true
13:02:21 <Dot`> maybe even get to lift some forks
13:08:34 <BioPhone> Only 2 at a time young man
13:09:58 <skram> i do what i want
13:12:51 <Dot`> mad lad
13:13:33 <Runbunny> Time for work.
13:13:40 <Runbunny> Later boys.
13:14:31 <Dot`> later runbun
13:55:35 <skram> im getting paid tomorrow Dot`
13:55:46 <skram> what am i supposed to do with all these dollars
13:56:37 <Dot`> give them to a poor african
13:57:15 <Dot`> or you know, your house
14:06:14 <skram> its stolen all my money for months now
14:08:14 <Dot`> africans are like that
14:09:06 <Golly> africans are like houses?
14:13:33 <Dot`> Yea, they offer shelter then take all your money
14:34:24 <BioPhone> Yey debt
15:17:47 -!- DuB` [DuB@cpe-68-174-122-249.nyc.res.rr.com] has joined #tlponies
15:21:30 <Dot`> Daab
15:22:32 -!- tredc [~tredc@c83-254-129-166.bredband.comhem.se] has joined #tlponies
15:22:43 <DuB`> Daat
15:22:56 <Dot`> No office today?
15:24:44 <skram> Maybe he got fired for embezzeling funds into his gacha accounts Dot`
15:24:53 <DuB`> No office todey
15:25:12 <DuB`> Fewer documents came in for review than expected so they just sent one of us four in today
15:26:11 <Dot`> skram, doesnt that get him a promotion?
15:26:25 <skram> im not sure to be honest
15:37:37 -!- BioPhone [~androirc@12.33.239.117] has joined #tlponies
16:24:05 <BioPhone> Pnai
16:24:55 <Dot`> pn
16:25:16 <BioPhone> Lunch time
16:43:33 <Dot`> walk time
17:11:17 <Cane> 1h 9m 50s video currently rendering. Longest I've ever had to render I think.
17:19:20 -!- Dot|Phone [uid393803@id-393803.brockwell.irccloud.com] has joined #tlponies
17:22:41 <BioPhone> Oh dear
17:22:54 <BioPhone> That sounds like an event
17:27:18 <DuB`> :o
17:52:37 <Cane> lol it's not too exciting, just a Dead Cells playthrough.
17:57:58 -!- BioPhone [~androirc@12.33.239.117] has joined #tlponies
18:30:58 <Dot`> TLO has left TL D:
18:31:22 <DuB`> Ya
18:34:22 -!- BioPhone [~androirc@12.33.239.117] has joined #tlponies
18:37:28 -!- BioPhone [~androirc@12.33.239.117] has joined #tlponies
18:58:34 -!- Rawr|Fone [uid440384@id-440384.highgate.irccloud.com] has joined #tlponies
19:03:51 <Dot`> rawr rawr
19:07:47 <Rawr|Fone> DoT DoT
19:07:51 <Rawr|Fone> ❤❤
19:08:05 <Dot`> <3 <3
19:08:10 <Dot`> hows the switch gaming going?
19:12:32 <Rawr|Fone> I haven't played much yet
19:12:52 <Rawr|Fone> But wargroove is kinda fun, although the ai seems pretty dumb
19:13:55 <Dot`> maybe you need to be less smart rawr
19:14:27 <Rawr|Fone> That might be an option
19:14:33 <Rawr|Fone> You are clever dot
19:14:45 <Dot`> no u
19:20:52 -!- BioPhone [~androirc@12.33.239.117] has joined #tlponies
19:21:45 <BioPhone> Pn
19:26:36 <Rawr|Fone> Oy
19:34:59 <Dot`> skram
19:36:26 <Rawr|Fone> skram
19:37:20 <skram> skram
19:37:55 <Dot`> no work yet?
19:45:56 -!- BioPhone [~androirc@12.33.239.117] has joined #tlponies
19:47:18 <skram> im leaving in like 20 minutes or so
19:56:41 -!- BioPhone [~androirc@12.33.239.117] has joined #tlponies
19:58:48 <Rawr|Fone> Jonas don't
20:02:54 <Dot`> i agree with rawr
20:07:23 -!- BioPhone [~androirc@12.33.239.117] has joined #tlponies
20:13:01 -!- BioPhone [~androirc@12.33.239.117] has joined #tlponies
20:18:18 -!- BioPhone [~androirc@12.33.239.117] has joined #tlponies
20:20:10 <Rawr|Fone> He left dot
20:22:11 <Dot`> :(
20:25:30 <Dot`> maybe runbun will return to us soon
20:29:29 <DuB`> I was assigned as a buddy to a new hire
20:29:32 <DuB`> I am senpai now
20:30:12 <Rawr|Fone> Moving up in the world dub
20:33:48 <Dot`> dub https://i.imgur.com/d8Odh2H_d.webp?maxwidth=728
20:34:25 <Rawr|Fone> 4 hours until disney+ is released dot
20:34:42 <Dot`> no sleep tonight rawr?
20:35:12 <Rawr|Fone> Hmm, I have to go to the office tomorrow, so I have to get up early
20:35:17 <Rawr|Fone> Maybe
20:35:23 <Rawr|Fone> But it will be 2am
20:41:10 -!- BioPhone [~androirc@12.33.239.117] has joined #tlponies
21:02:18 -!- BioPhone [~androirc@12.33.239.117] has joined #tlponies
21:06:17 -!- BioPhone [~androirc@12.33.239.117] has joined #tlponies
21:07:49 <CockRoach|42> https://pbs.twimg.com/media/Eh1K3q2XgAAjyz5?format=jpg&name=large
21:10:09 <reification> you need to be well rested rawr
21:12:50 -!- BioPone [~androirc@mobile-166-177-56-122.mycingular.net] has joined #tlponies
21:16:01 <Rawr|Fone> I will have to wait until tomorrow reef reef
21:27:07 -!- skrm [webchat@pioj.eid3.887x.ip] has joined #tlponies
21:28:41 <Dot`> skrmmmmmm
21:29:26 <skrm> hej
21:31:22 <Dot`> hedge
21:57:57 -!- Dot|Phone [uid393803@id-393803.brockwell.irccloud.com] has joined #tlponies
22:03:57 <BioSC> hom
22:06:37 -!- skram [~skram@ip-22-17-203-109.eidsiva.net] has joined #tlponies
22:06:49 <Dot|Phone> Bio
22:07:38 <BioSC> hi
22:07:43 <skrm> skram go home
22:07:45 <skrm> bio come in
22:07:58 <BioSC> are they the same?
22:08:05 <BioSC> hmmmmmmm
22:14:52 <reification> night all
22:17:46 <BioSC> nn
22:18:05 -!- Runbunny [~Bunnykitt@91.100.28.10.generic-hostname.arrownet.dk] has joined #tlponies
22:19:26 <Runbunny> Hey boys.
22:19:40 <skrm> Hey boy!
22:20:06 <Runbunny> skram, https://www.youtube.com/watch?v=Xy9diayolLI
22:20:15 <Runbunny> Good shit.
22:20:23 <Runbunny> I got the job.
22:20:32 <skrm> Congratulations my fren!
22:20:55 <Runbunny> officially hired when I have had my interview in a few days that we are going to skip.
22:20:59 <Runbunny> Thank you Jonas.
22:21:31 <Rawr|Fone> Great work runbun dear
22:21:39 <Rawr|Fone> I'm very proud
22:22:05 <Dot|Phone> Runbun! 
22:22:09 <Dot|Phone> Congrats! 
22:22:14 <Dot|Phone> This is great
22:24:36 <Runbunny> Yes!
22:28:42 <DuB`> Nice ranban!
22:29:52 <Runbunny> I also have tomorrow off!
22:32:46 <Dot|Phone> Woo! 
22:32:49 <Runbunny> skram, DuB` https://cdn.discordapp.com/attachments/160488682925719552/755190219178901504/unknown.png
22:37:08 -!- BioPone [~androirc@mobile-166-177-56-122.mycingular.net] has joined #tlponies
22:39:27 <Dot|Phone> Runbun hob is doing well
22:43:05 <Runbunny> Yeah I am watching.
22:43:11 <Runbunny> It's great!
22:44:15 <Dot|Phone> That sellout 
23:00:58 <Runbunny> I think Dot talks like Hob in private.
23:12:08 <Dot|Phone> Accent or mannerisms 
23:12:33 <skrm> Anders how are you going to celebrate all your hard work?
23:12:54 -!- BioPone [~androirc@mobile-166-177-56-122.mycingular.net] has joined #tlponies
23:13:16 <Runbunny> I was thinking choice of words Dot.
23:13:53 <Runbunny> Jonas, I am going to work a lot, then probably pc upgrades. Or maybe I'll invest them in myself.
23:14:20 <Dot|Phone> Runbun is going to buy all the body pillows
23:14:46 <Dot|Phone> Choice if words? Interesting 
23:21:42 <skrm> Which parts of yourself are you gonna invest in? Pedicure for your feetsies? Or buckets of gammel dansk?
23:30:19 <DuB`> 2 minutes to more space https://www.youtube.com/watch?v=kkEdYPdivJw&ab_channel=CosmoSapiens
23:53:22 <Runbunny> Dr Nielsen Jonas.
