00:12:38 -!- Micen [~Micen@h6.74.23.98.dynamic.ip.windstream.net] has joined #tlponies
00:13:07 <reification> bio i am reading the manga skram talked about. it is very degenerate
00:26:49 <Runbunny> Time to go sleep.
00:26:55 <reification> nn bun
00:26:57 <reification> i go too
00:27:04 <Runbunny> Goodnight Reif sir.
01:12:16 <Bio> how
01:12:18 <Bio> degenerate
03:19:03 -!- Rawr|Fone [~AndChat52@c-4eb4e655.020-164-6d6c6d4.bbcust.telenor.se] has joined #tlponies
04:18:07 -!- Micen [~Micen@h6.74.23.98.dynamic.ip.windstream.net] has joined #tlponies
04:51:17 -!- Rawr|Fone [~AndChat52@c-4eb4e655.020-164-6d6c6d4.bbcust.telenor.se] has joined #tlponies
05:21:12 -!- Micen [~Micen@h6.74.23.98.dynamic.ip.windstream.net] has joined #tlponies
05:21:48 -!- Rawr|Fone [~AndChat52@c-4eb4e655.020-164-6d6c6d4.bbcust.telenor.se] has joined #tlponies
05:21:56 <Rawr|Fone> 🐴🐴🐴
05:27:48 -!- Rawr|Phone [~AndChat52@m83-187-182-181.cust.tele2.se] has joined #tlponies
05:32:38 -!- BioSC [~BioPon@97.70.165.146] has joined #tlponies
05:38:08 <Rawr|Phone> Horses
06:10:20 <CockRoach|42> rawr! <3
06:10:27 <CockRoach|42> why are you up so early?
06:10:40 <Rawr|Phone> Good morning cr <3
06:10:51 <Rawr|Phone> I'm playing table tennis
06:10:54 <CockRoach|42> oh!
06:11:04 <CockRoach|42> win the thing!
06:11:26 <Rawr|Phone> Need to practice for tomorrow
06:11:34 <Rawr|Phone> First league matches in a while
06:13:12 <CockRoach|42> !!!!
06:13:18 <CockRoach|42> you can do it!
06:28:03 -!- Micen [~Micen@h6.74.23.98.dynamic.ip.windstream.net] has joined #tlponies
07:19:46 -!- skrm [webchat@pioj.eid3.887x.ip] has joined #tlponies
07:31:36 <Rawr|Phone> Thanks cr
07:31:41 <Rawr|Phone> Jonas dear
07:33:35 -!- Micen [~Micen@h6.74.23.98.dynamic.ip.windstream.net] has joined #tlponies
07:37:27 -!- Dot|Phone [uid393803@2001:67c:2f08:8::6:24b] has joined #tlponies
07:37:48 <Dot|Phone> Morning
07:37:56 <Rawr|Phone> DoT DoT DoT
07:38:01 <Dot|Phone> Rawr Rawr Rawr 
07:38:04 <Dot|Phone> 💖💖💖
07:38:06 <Rawr|Phone> 💖💖💖
07:58:00 -!- Rawr|Fone [~AndChat52@c-4eb4e655.020-164-6d6c6d4.bbcust.telenor.se] has joined #tlponies
08:11:42 -!- Rawr|Fone [~AndChat52@c-4eb4e655.020-164-6d6c6d4.bbcust.telenor.se] has joined #tlponies
08:20:56 <Dot|Phone> Skrm
08:37:57 -!- Micen [~Micen@h6.74.23.98.dynamic.ip.windstream.net] has joined #tlponies
08:56:03 -!- Golly [~kvirc@cm-84.213.21.103.getinternet.no] has joined #tlponies
09:17:30 <skrm> Dot|Phone
09:18:26 <Dot|Phone> Hi friend
09:18:47 <skrm> hey buddy
09:19:46 <skrm> hows the work
09:22:03 -!- Rawr|Phone [~AndChat52@m83-187-182-181.cust.tele2.se] has joined #tlponies
09:26:30 <Dot|Phone> Friday at least. 
09:27:01 <Dot|Phone> The work set for me to do hasn't come in yet. So not up to much
09:27:03 <Dot|Phone> You? 
09:42:18 -!- Micen [~Micen@h6.74.23.98.dynamic.ip.windstream.net] has joined #tlponies
09:51:59 <skrm> im just running around tryna get things done, dot
09:52:13 <skrm> is cold this morning and we're running outta JUICE
09:52:53 <Dot|Phone> Oh no! Set more fires! 
09:58:07 <Rawr|Phone> Jonas
10:06:29 <Rawr|Phone> He is gone dot
10:09:19 <Dot|Phone> Oh dear. Maybe consumed by the fire he loved so much
10:09:31 <Dot|Phone> Eventually have into the urge to hug it
10:11:01 <Rawr|Phone> D:
10:13:48 <Rawr|Phone> Maybe we should go look for him
10:48:09 -!- tredc [~tredc@c83-254-129-166.bredband.comhem.se] has joined #tlponies
10:49:28 <Dot|Phone> I'll meet you there Rawr
10:50:23 <Rawr|Phone> Wonderful
11:37:06 -!- Rawr|Fone [~AndChat52@c-4eb4e655.020-164-6d6c6d4.bbcust.telenor.se] has joined #tlponies
11:40:11 <skrm> i lit like 2 extra fires Dot|Phone 
11:40:48 <Dot|Phone> Where though? 
11:46:22 <skrm> downtown somwhere
11:46:44 <Dot|Phone> Well at least they will be warm for a bit
11:59:52 -!- Runbunny [~Runbunny@91.100.28.10.generic-hostname.arrownet.dk] has joined #tlponies
12:00:15 <Runbunny> Yo.
12:00:20 <Dot|Phone> Angel! 
12:00:23 <Runbunny> Dot.
12:00:30 <Dot|Phone> How's you
12:04:25 <Runbunny> Pretty good
12:04:33 <Runbunny> went for a walk with some friends.
12:04:57 <Rawr|Fone> Anders.
12:05:07 <Runbunny> What about you?
12:05:09 <Runbunny> Henrik.
12:07:36 <Dot|Phone> Sitting at work
12:07:53 <Dot|Phone> Walk with friends sounds nice
12:09:09 <Rawr|Fone> You are a good work horse dot
12:14:53 -!- reification [~thomas@cpc76294-cosh16-2-0-cust297.6-1.cable.virginm.net] has joined #tlponies
12:14:53 -!- mode/#tlponies [+v reification] by Q
12:28:12 <Rawr|Fone> Reef reef!
12:30:49 <Dot|Phone> Hey Reif
12:39:10 <reification> roar roar!
12:39:15 <reification> hey dotties
12:41:24 <Runbunny> .tell DuB` Apparently... Having DirectX12 API enabled causes those small freezes I was talking about. However, not having DirectX 12 API enable causes causes those small freezes I was talking about.
12:41:44 <Runbunny> Reif.
12:41:46 <Runbunny> Hello sir.
12:47:14 -!- Rawr|Phone [~AndChat52@m83-187-182-181.cust.tele2.se] has joined #tlponies
12:49:21 -!- Micen [~Micen@h6.74.23.98.dynamic.ip.windstream.net] has joined #tlponies
12:50:39 -!- Cane [~Cane@CaneCraft.users.quakenet.org] has joined #tlponies
12:50:39 -!- mode/#tlponies [+o Cane] by Q
12:54:13 <Rawr|Phone> Seems like a dilemma runbun
13:00:13 <Runbunny> Yes, I agree.
13:00:25 <Runbunny> So now I'll try to update my gfx drivers.
13:00:50 <reification> hello small frozen bun
13:15:24 -!- BioPone [~androirc@mobile-166-177-59-147.mycingular.net] has joined #tlponies
13:20:37 -!- Rawr|Fone [~AndChat52@c-4eb4e655.020-164-6d6c6d4.bbcust.telenor.se] has joined #tlponies
13:45:48 <Rawr|Fone> 🐴🐴
13:50:34 <reification> 🐴 - don't forget the third horse rawr
13:50:53 <Rawr|Fone> 🐴🐴🐴
13:50:57 <Rawr|Fone> Thanks reif
13:54:24 -!- Micen [~Micen@h6.74.23.98.dynamic.ip.windstream.net] has joined #tlponies
14:21:18 -!- BioPhone [~androirc@12.33.239.117] has joined #tlponies
14:27:45 <BioPhone> Hors
14:31:07 <reification> uh oh bio, the memes have reached danbooru https://danbooru.donmai.us/posts/3743979
14:55:33 <Dot|Phone> Home time
15:06:57 -!- BioPhone [~androirc@12.33.239.117] has joined #tlponies
15:07:05 <Dot|Phone> Bio
15:07:10 <Dot|Phone> It's Friday
15:08:17 <BioPhone> It is
15:08:27 <BioPhone> And I feel like garbage 🤣
15:09:23 -!- skrm [webchat@pioj.eid3.887x.ip] has joined #tlponies
15:10:10 <BioPhone> But imma play a boardgame tonight with a frind
15:10:30 <Dot|Phone> Nice 
15:10:32 <Dot|Phone> Skrm
15:10:34 <BioPhone> Then tomorrow gonna work on dragon game a bit
15:11:02 <BioPhone> Def gonna be a recluse this weekend
15:11:21 <BioPhone> Cleaning and staying inside
15:11:23 <skrm> yes
15:11:38 <BioPhone> Supposed to do freezing rain all weekend
15:11:44 <BioPhone> Ew
15:12:42 <Dot|Phone> I want dragon game too 
15:14:24 <BioPhone> There are some bretty kewl parts in part 2
15:14:24 -!- Rawr|Fone [~AndChat52@c-4eb4e655.020-164-6d6c6d4.bbcust.telenor.se] has joined #tlponies
15:14:35 <BioPhone> Skarmz
15:14:40 <BioPhone> Rawr
15:17:11 <BioPhone> Might even look for a internet for me switch
15:17:17 <BioPhone> To do smesh
15:17:23 <BioPhone> O N L I N E
15:17:32 <BioPhone> The possibility is neigh
15:22:58 <Rawr|Fone> 🅱️io
15:41:12 <BioPhone> 🅱️rawr
16:00:36 -!- Micen [~Micen@h6.74.23.98.dynamic.ip.windstream.net] has joined #tlponies
16:03:59 <BioPhone> Is there a tag for tiamat campaign? If no, can someone make one? For discrward
16:15:00 <Dot|Phone> What you want tag to be
16:20:37 <Runbunny> "TiaMAN"
16:48:37 -!- BioPone [~androirc@mobile-166-177-59-238.mycingular.net] has joined #tlponies
16:51:43 -!- carcinisation [~thomas@cpc76294-cosh16-2-0-cust297.6-1.cable.virginm.net] has joined #tlponies
16:51:43 -!- mode/#tlponies [+v carcinisation] by Q
16:59:04 -!- BioPone [~androirc@mobile-166-177-59-238.mycingular.net] has joined #tlponies
17:04:49 -!- Micen [~Micen@h6.74.23.98.dynamic.ip.windstream.net] has joined #tlponies
17:34:30 <Rawr|Fone> 🐴🐴🐴
17:42:18 -!- BioPone [~androirc@mobile-166-177-59-238.mycingular.net] has joined #tlponies
17:47:11 <Runbunny> Dot|Phone, ?
17:51:48 <Dot|Phone> Runbun
17:59:30 -!- reimeuk [~thomas@cpc76294-cosh16-2-0-cust297.6-1.cable.virginm.net] has joined #tlponies
17:59:30 -!- mode/#tlponies [+v reimeuk] by Q
18:02:55 <Dot|Phone> Runbunny
18:03:38 <Runbunny> I am just checking in.
18:03:42 <Runbunny> You should go home.
18:06:02 <Dot|Phone> I am heading down to bakewell as we speak
18:09:50 -!- Micen [~Micen@h6.74.23.98.dynamic.ip.windstream.net] has joined #tlponies
18:21:28 <reimeuk> .tell skram https://twitter.com/41Strange/status/1215115303983562752
18:24:05 <Runbunny> Dot|Phone, https://i.imgur.com/OSzB5I2.mp4
18:34:02 -!- skram [~skram@82.102.22.84] has joined #tlponies
18:34:23 -!- BioPone [~androirc@12.33.239.117] has joined #tlponies
18:35:02 <skram> hva fanden mand
18:35:39 <skram> reif: BABOU!
18:37:59 <Rawr|Fone> Jonas
18:39:39 <skram> Henrik you old rascal
18:43:12 <Runbunny> Jonas.
18:43:18 <Rawr|Fone> How are you doing jonas my dear friend
18:44:07 <skram> Anders.
18:44:20 <skram> I am the tired, Henrik. I shall be going to bed soon (TM)
18:44:31 <skram> hows the tennis with the tables
18:46:37 <Rawr|Fone> It went okay today
18:46:45 <Rawr|Fone> Matches tomorrow!
18:47:15 <skram> Do your best!
18:48:20 <Rawr|Fone> I will 
18:52:49 <Runbunny> skram, https://i.imgur.com/05jWYsK.mp4
18:56:59 <skram> neko
19:04:07 <Runbunny> Neko dayo.
19:09:55 <BioPone> I went to a lunch
19:09:57 <BioPone> Am bek
19:13:26 <BioPone> How are my B O I S
19:15:42 <Dot|Phone> Tired
19:16:01 -!- Micen [~Micen@h6.74.23.98.dynamic.ip.windstream.net] has joined #tlponies
19:17:27 <BioPone> Poor horse
19:17:36 <BioPone> Be sure to sleep standing up
19:18:55 <Rawr|Fone> Are you working hard biopon
19:20:32 -!- Camail [~Camail@45.40.84.145] has joined #tlponies
19:20:33 -!- mode/#tlponies [+v Camail] by Q
19:22:53 <Camail> no
19:22:57 <Rawr|Fone> Camail please
19:23:14 <Camail> i told you, i told skram, i told everybody: no
19:23:29 <Rawr|Fone> But what if
19:23:32 <Rawr|Fone> Maybe
19:25:13 <Camail> EH
19:25:19 <Camail> still no
19:26:12 <Rawr|Fone> Okay
19:27:21 <skram> cam you harlot
19:27:23 <skram> dot said yes
19:27:35 <Camail> cuz his standards are very low
19:28:05 <skram> PLS
19:28:26 <skram> You're too weeb to have standards clamail
19:34:39 <BioPone> I have 1 more work hour
19:34:57 <BioPone> Not much work will get done tho
19:35:00 <BioPone> So no
19:35:06 <skram> then what happens
19:51:51 -!- BioPone [~androirc@12.33.239.117] has joined #tlponies
19:58:57 <BioPone> Then I go hom skrm
19:59:18 <BioPone> Mayhaps to the store for some cheese
20:00:20 <BioPone> 30 mins moar
20:00:42 -!- Rawr|Fone [~AndChat52@c-4eb4e655.020-164-6d6c6d4.bbcust.telenor.se] has joined #tlponies
20:22:51 <Dot|Phone> I have standards!  Electrical safety standards
20:23:47 <Camail> suuuure
20:24:13 -!- Micen [~Micen@h6.74.23.98.dynamic.ip.windstream.net] has joined #tlponies
20:41:19 -!- Rawr|Fone [~AndChat52@c-4eb4e655.020-164-6d6c6d4.bbcust.telenor.se] has joined #tlponies
20:42:39 <Dot|Phone> Rude
20:44:08 <Camail> i wanna find a new boardgame to play
21:07:00 -!- BioPone [~androirc@97.70.165.146] has joined #tlponies
21:12:33 <Dot|Phone> Hmm
21:15:02 -!- Rawr|Fone [~AndChat52@m83-187-178-55.cust.tele2.se] has joined #tlponies
21:49:03 -!- DuB` [DuB@cpe-68-174-122-249.nyc.res.rr.com] has joined #tlponies
21:49:07 <DuB`> wewew
21:49:52 <Dot|Phone> Daaaab
21:50:08 <DuB`> Daaaat
21:50:29 <DuB`> I think I'd be good at dieting if I ever really needed to
21:50:33 <Dot|Phone> Are you killing all the cute critters? 
21:50:40 <DuB`> Just realized I inadvertently fasted for 32 hours
21:51:32 <DuB`> I haven't killed ANY critters today! I will remedy this soon, however
22:00:50 -!- BioPone [~androirc@38.142.65.19] has joined #tlponies
22:01:41 <Camail> dub you need to eat
22:02:53 <DuB`> Am doing
22:04:30 <Dot|Phone> Eat pizza
22:06:02 <DuB`> That was the LAST thing I ate
22:10:29 -!- Rawr|Fone [~AndChat52@c-4eb4e655.020-164-6d6c6d4.bbcust.telenor.se] has joined #tlponies
22:15:55 -!- Micen [~Micen@h6.74.23.98.dynamic.ip.windstream.net] has joined #tlponies
22:28:42 -!- Crisium [~Crisium@c-24-3-150-105.hsd1.pa.comcast.net] has joined #tlponies
22:29:20 <Dot|Phone> Crisiumumenum
22:31:13 <Crisium> hi
22:31:38 <DuB`> Back to mons and the hunning of them
22:43:51 -!- BioPone [~androirc@97.70.165.146] has joined #tlponies
23:25:03 -!- skram [~skram@82.102.22.84] has joined #tlponies
23:30:16 <Crisium> skrammm
