00:09:01 -!- Cane [~Cane@CaneCraft.users.quakenet.org] has joined #tlponies
00:09:01 -!- mode/#tlponies [+o Cane] by Q
06:27:22 <Dot`> MOrning pons
06:27:27 <DuB`> :o
06:27:49 <Dot`> Dub pls
06:27:50 <Cane> Hiya. <3
06:27:58 <Dot`> <3
06:42:13 <DuB`>  zZz
06:42:27 <Dot`> gnight dubs
06:42:50 <DuB`>  Finished all my mountains and got distracted putting color in, suddenly 3am
06:43:42 <Dot`> haha
07:41:26 -!- Golly [~Golly@cm-84.213.21.103.getinternet.no] has joined #tlponies
07:55:10 -!- Rawr|Fone [uid440384@2001:67c:2f08:1::6:b840] has joined #tlponies
08:00:19 <Dot`> Rawr Rawr Rawr
08:13:06 <Rawr|Fone> DoT DoT DoT
08:13:10 <Rawr|Fone> ❤❤❤
08:13:35 <Dot`> <3 <3 <3
09:12:28 -!- Runbunny [~Bunnykitt@91.100.28.10.generic-hostname.arrownet.dk] has joined #tlponies
09:12:40 <Runbunny> I stayed up too long playing Mahjong.
09:16:53 <Dot`> Runbun <3
09:34:34 <Runbunny> Dot dot.
09:38:40 -!- reification [~thomas@cpc76294-cosh16-2-0-cust297.6-1.cable.virginm.net] has joined #tlponies
09:38:40 -!- mode/#tlponies [+v reification] by Q
09:40:46 <Runbunny> Hai Reif.
09:41:26 <reification> hi bun, a few days late for you: https://www.youtube.com/watch?v=k_zU0q6Kxkw
09:41:30 <Dot`> reef
09:41:45 <reification> dawt
09:46:01 <Runbunny> But reif what about these seals? https://www.youtube.com/watch?v=yl9Y303ER_Y
09:46:35 <reification> they are also good
10:23:30 <Runbunny> How are you today reification?
10:43:27 <reification> i am quite well ty
10:43:32 <reification> how are you bun?
11:16:55 <Runbunny> Pretty good, a bit tired though.
11:41:24 -!- reify [~reificati@cpc76294-cosh16-2-0-cust297.6-1.cable.virginm.net] has joined #tlponies
12:06:47 <Golly> hm I didnt know i was this popular
12:07:12 <Golly> the US, Korea, Canada, Vietnam and Italy have all tried to hack me recently
12:07:47 <Golly> aaand France and Brazil
12:07:49 <Golly> nice
12:12:32 <Dot`> are you a spy?
12:13:01 <Golly> no, but my email account is a slut
12:17:47 <Runbunny> If I ever have to make an autobiography I'll be sure to mention the time where I knew a master spy.
12:18:42 <Golly> dont make me have to kill you
12:34:09 <Dot`> i dont understand this game on aqdg
12:52:24 <Runbunny> Dot dot.
13:00:30 <Dot`> Hey runbun
13:06:29 -!- skram [~skram@ip-163-41-102-94.eidsiva.net] has joined #tlponies
13:10:59 <Runbunny> Jonas.
13:13:17 <Dot`> Jonas
13:18:14 <skram> Anders.
13:18:17 <skram> Bjørn.
13:28:02 -!- tredc [~tredc@c83-254-129-166.bredband.comhem.se] has joined #tlponies
13:35:48 <BioSC> asdf
13:37:24 <Runbunny> Bio-san,
13:37:47 <Dot`> Bio
13:37:51 <skram> bio my good bitch
13:37:51 <BioSC> me
13:38:02 <BioSC> gmonen my horsnens
13:39:23 <skram> hows your face
13:39:56 <BioSC> tired right now
13:40:07 <BioSC> but i got out of bed before like 10 so theres that
13:40:18 <skram> way too early
13:41:51 <Dot`> i made 2 baked potatoes because i was hungry, now its looking like too much potatoe
13:42:04 <BioSC> a latvian dream
13:43:17 <skram> What are one potato say to other potato? Premise ridiculous. Who have two potato?
13:59:17 <BioSC> neigh
14:20:13 -!- BioSC [~BioPon@097-070-165-146.res.spectrum.com] has joined #tlponies
14:20:19 <BioSC> mon
14:20:25 <BioSC> had to restart
14:41:18 <Dot`> some tarkov later bio?
14:42:39 <BioSC> yeah alright
14:45:20 -!- DuB` [DuB@cpe-68-174-122-249.nyc.res.rr.com] has joined #tlponies
14:46:58 <Dot`> Dub Dub
14:50:14 <DuB`> Dot Dot
14:50:19 <DuB`> Going for haircut here in a min
14:50:20 <DuB`> wew
14:50:32 <BioSC> dub you really should get all of them cut
14:50:39 <Dot`> be safe, there are ppl outside
14:51:00 <skram> if the hairdresser brings a chainsaw, remove yourself from the premises post-haste
14:51:13 <DuB`> I unno that sounds pretty effective
14:51:17 <DuB`> v faste haircut
14:51:36 <skram> so effective your hair wont grow ever again
14:51:40 <skram> because you're dead
14:52:14 <BioSC> i've heard that hair and nails grow for a while post mortem!
14:52:16 <DuB`> ya
14:52:20 <Dot`> it will grow for a little bit
14:52:38 <BioSC> makes note for next zombies to show up 
14:53:41 <skram> fine
14:53:47 <skram> you'll have luscious locks
14:53:49 <skram> but you'll be dead
14:54:13 <BioSC> all together not what i would want tbf
14:54:26 <skram> what about alive and bald
15:05:16 <Golly> bold and beatiful
15:21:37 <Runbunny> reification, https://cdn.discordapp.com/attachments/131946718471127041/746750333757423726/unknown.png
15:32:33 <skram> what a precious child
15:41:30 <reification> lol
15:48:01 <DuB`> weeee
15:49:03 <DuB`> Haircut looking good, AND I got to have a real conversation in Japanese for the first time in like 5 years
15:52:04 <skram> did you talk about secret stuff
15:52:34 <DuB`> All the secrets
16:05:19 <BioSC> couple a fuggin WEEBs imo
16:06:14 <Runbunny> Nice Dub.
16:08:40 <DuB`> My guy was from Osaka, ended verbs in -hen, and brought up manzai comedy very first thing :P
16:08:46 <DuB`> Sasuga osaka
16:14:42 <reification> this is real osaka https://danbooru.donmai.us/posts/1554722
16:15:35 <reification> ... https://video.twimg.com/ext_tw_video/1297010857646288898/pu/vid/430x240/0jhnjJYZDIYaHlW0.mp4?tag=10
16:20:05 <BioSC> that was NOT an epic gamer moment
16:20:46 <DuB`> Pattern recognition is... hard?
16:22:53 <Runbunny> Hahahaha.
16:26:14 <Dot`> oh dear
16:27:19 <reification> https://pbs.twimg.com/media/EftrmdkX0AMIfrO?format=jpg&name=900x900 vs https://pbs.twimg.com/media/EftdhPIXkAM8mzm?format=png&name=large
16:29:55 <Dot`> lol
16:38:12 <reification> dub have you watched azumanga daioh?
16:40:04 <DuB`> nu
16:42:02 <reification> that is probably a mistake given how much you like nichijou
16:44:32 <DuB`> hmm hmm
17:02:39 <BioSC> cheeki
17:11:40 <Dot`> is that meant ping me bio? oddly i dont have cheeki or breeki on my ping list
17:18:36 <BioSC> ?BIOSTREAM
17:18:38 <BioSC> caps
17:18:40 <BioSC> tarkov
17:27:00 <reification> runbun bio dub in further vote rigging disappointment https://twitter.com/thehill/status/1294398911730388993
17:27:59 <Runbunny> Hehe.
17:28:56 -!- Camail [~Camail@45.40.84.145] has joined #tlponies
17:28:56 -!- mode/#tlponies [+v Camail] by Q
17:29:07 <Dot`> cml
17:30:51 <Camail> hello mr. dottington
17:31:02 <Rawr|Fone> Calamalail
17:32:10 <Camail> hi bark boi
17:32:42 <Golly> i dont think this is the real californiamail
17:33:32 <Camail> rude
17:33:51 <reification> is he on fire?
17:34:45 <Golly> just the pants
17:35:08 <Camail> you just want me to take my pants off
17:35:10 <Camail> wont work
17:35:18 <Golly> aww
18:15:53 <Runbunny> Camail. Hai.
18:16:01 <Camail> oh hey there
18:16:06 <Camail> run any good buns lately?
18:49:13 <Runbunny> Sadly no.
18:49:47 <Runbunny> I had some leftovers today and they ruined me. I am completely spent.
18:57:34 <Camail> is there tie for a nap? i know its getting dangerously close to sleep time in euroland
18:57:37 <Camail> lime*
18:57:39 <Camail> t*
19:00:04 <Runbunny> I had one earlier.
19:00:27 <Runbunny> I'm probably fine tomorrow.
19:24:34 <Dot`> what you been up to cam
19:25:08 <Camail> nothing really, messed around with valorant a bit, path of diablo 
19:25:18 <Camail> today just floating around on the internet
19:33:03 -!- Crisium [~Crisium@pool-71-182-195-119.pitbpa.fios.verizon.net] has joined #tlponies
19:33:39 <Dot`> path of diablo?
19:33:41 <Dot`> hey Crisium 
19:34:07 <Crisium> howdy
20:08:24 <Camail> yea path of diablo is a d2 mod
20:08:40 <Camail> lots of little tweaks and an end game overhaul
20:08:50 <Dot`> oh, intersting
20:24:31 <Golly> wOoooOoo tasbot
20:24:54 <Crisium> woo
21:04:12 -!- skram [~skram@ip-163-41-102-94.eidsiva.net] has joined #tlponies
21:07:15 <skram> håhå
21:08:54 <Dot`> maybe
21:18:02 <Rawr|Fone> Håhå e de en jonas
21:18:05 <Rawr|Fone> Min favvo
21:19:13 <skram> henrik gamle ørn
21:19:31 <Rawr|Fone> Jonte-ponte min lilla sockertopp
21:24:09 <Dot`> did we play tarkov and not decend into misery bio?
21:26:10 <BioSC> WE SURE DID LAD
21:26:22 <BioSC> GG
21:26:26 <Crisium> you mean it doesnt always go that smooth?
21:26:28 <BioSC> thx for turnin on the strim bois
21:26:35 <BioSC> def not
21:27:09 <Crisium> Bio have  you heard that Roadhog is now meta in OW
21:35:08 <BioSC> its my time again
21:35:12 <BioSC> and n o
21:35:41 <Crisium> yeah they deleted Orisa and buffed Hog's shot damage
21:35:47 <Crisium> so it's Hog Zarya meta now
21:35:49 <Crisium> fat DPS time
21:39:21 <Dot`> they removed orisa? 
21:39:34 <Crisium> no just nerfed her so hard thats shes gutter trash
21:40:18 <Crisium> tank pick rates and winrates from a couple days ago https://cdn.discordapp.com/attachments/183385308186935296/746073904564404365/tanks.png
21:41:08 <BioSC> sold Reshala's keycard, ez 260k
21:41:25 <BioSC> street pig best
21:41:37 <Dot`> thats more than my whole bank
21:41:41 <Dot`> i have 250k
21:41:45 <Dot`> lol
21:51:57 <Dot`> runbun, hob just died on rotten...
22:38:26 <Dot`> sleep?
22:39:40 <reification> sleep sounds good. night all
22:39:54 <Dot`> gnight
22:41:16 <BioSC> n
23:20:52 <Runbunny> Dot`, unfortunate.
23:21:26 <Runbunny> I've been watching SDGQ.
23:37:38 <Runbunny> .tell reification https://www.youtube.com/watch?v=AwTiaIJ9lIs Can recommend.
