05:24:53 -!- Rawr|Fone [uid440384@id-440384.highgate.irccloud.com] has joined #tlponies
06:35:39 -!- Runbunny [~Bunnykitt@91.100.28.10.generic-hostname.arrownet.dk] has joined #tlponies
07:37:52 -!- Dot` [webchat@p0ke.gvi3.odox.ip] has joined #tlponies
07:52:50 <Dot`> horses
08:08:01 -!- Dot|Phone [uid393803@id-393803.brockwell.irccloud.com] has joined #tlponies
08:18:06 <Rawr|Fone> DoT DoT DoT
08:25:00 <Dot|Phone> Rawr Rawr Rawr 
08:25:03 <Dot|Phone> 💖💖💖
08:37:02 <Rawr|Fone> 💖💖💖
08:59:45 -!- Golly [~Golly@cm-84.213.21.103.getinternet.no] has joined #tlponies
09:39:55 <Dot|Phone> You finished your move Rawr? 
09:42:50 <Rawr|Fone> Nope
09:43:04 <Rawr|Fone> Moving some furniture on saturday
09:43:24 -!- tredc [~tredc@c83-254-129-166.bredband.comhem.se] has joined #tlponies
12:03:52 -!- reification [~thomas@cpc76294-cosh16-2-0-cust297.6-1.cable.virginm.net] has joined #tlponies
12:03:52 -!- mode/#tlponies [+v reification] by Q
12:21:02 -!- Cane [~Cane@CaneCraft.users.quakenet.org] has joined #tlponies
12:21:02 -!- mode/#tlponies [+o Cane] by Q
12:21:45 <Dot|Phone> Hey Cane, Reif
12:34:09 -!- Micen [~Micen@h57.51.172.72.dynamic.ip.windstream.net] has joined #tlponies
12:41:49 <Runbunny> It's time to go work.
12:42:07 <Runbunny> Bai.
12:42:33 -!- BioPhone [~androirc@12.33.239.117] has joined #tlponies
12:51:54 <reification> hi dotties
12:54:00 <BioPhone> Morn
12:54:50 <reification> bai yo
13:00:50 <BioPhone> Hallo reef
13:09:18 <Cane> So hungry.
13:48:28 <BioPhone> Eat some meat
14:14:06 <Dot|Phone> Bio
14:14:26 -!- DuB` [DuB@cpe-68-174-122-249.nyc.res.rr.com] has joined #tlponies
14:15:33 <Dot|Phone> DUB
14:17:15 <reification> dub https://twitter.com/hourlyFox/status/1301444870603767811
14:17:41 <DuB`> Oha
14:26:45 <BioPhone> Dotphne
14:37:46 <Dot|Phone> Yes
14:47:48 <BioPhone> Hi
14:48:14 <Dot|Phone> Hi
15:07:22 -!- BioPhone [~androirc@12.33.239.117] has joined #tlponies
15:08:36 -!- skrm [webchat@pioj.eid3.887x.ip] has joined #tlponies
15:14:03 <BioPhone> Rent sucks
15:14:12 <BioPhone> Amirite
15:15:00 <Rawr|Fone> Rent is the worst
15:19:05 <DuB`> Know what doesn't suck?
15:19:20 <DuB`> Having friday and monday off work, and the big meeting/call I had today got moved to tuesday
15:19:22 <DuB`> YUS
16:07:26 -!- skrm [webchat@pioj.eid3.887x.ip] has joined #tlponies
16:07:35 <skrm> you know whats even worse than rent bio?
16:07:38 <skrm> being homeless
16:09:31 <CockRoach|42> hors hors
16:23:24 <Rawr|Fone> You are always so practical jonas
16:30:39 <skrm> thanks buddy
16:53:12 <Dot|Phone> Skrm
16:53:19 <Dot|Phone> Comrade 
16:53:20 <skrm> dot
16:53:22 <skrm> pal
17:09:43 <Dot|Phone> How's you
17:09:58 <skrm> Hmm
17:10:11 <skrm> Im not entirely sure, its going well so far though
17:10:15 <skrm> what you up to bjørnen
17:10:36 <Dot|Phone> Heading back to bakewell 
17:10:47 <Dot|Phone> Been in Wales all day
17:20:21 <reification> how did you end up there?
17:37:14 <Dot|Phone> Not sure, I had only had 1 cup of coffee at that point
17:38:51 <reification> you should leave wales to jonas :p
17:38:57 <reification> https://twitter.com/ClickAgain/status/1301461725384826881
17:40:08 -!- Camail [~Camail@45.40.84.145] has joined #tlponies
17:40:08 -!- mode/#tlponies [+v Camail] by Q
17:40:29 <Dot|Phone> I spelt out right for once
17:40:32 <Dot|Phone> It
17:41:05 <Dot|Phone> Cam why
17:41:10 <Camail> cuz
17:42:24 <Dot|Phone> Look what you did
17:42:39 <Camail> yes i amaware
17:42:45 <Camail> and i want it to happen more often
18:57:28 -!- BioPhone [~androirc@12.33.239.117] has joined #tlponies
18:57:39 <BioPhone> Pneigh
19:03:00 <BioPhone> Hej
19:08:14 <Dot|Phone> Hedge
19:09:14 -!- skrm [webchat@pioj.eid3.887x.ip] has joined #tlponies
19:11:42 <skrm> why are you in wales Dot|Phone 
19:12:01 <skrm> and also did reif just call me fat earlier?
19:12:45 <Dot|Phone> Probably
19:13:10 <Dot|Phone> I was there to see things
19:13:14 <skrm> such rudeness is intolerable
19:13:29 <DuB`> Perhaps referencing consumption of whales, not your resembling a whale
19:13:36 <skrm> did you see any corgis, dragons, or leprechauns?
19:13:52 <Dot|Phone> Sshhh dub. No sensible answers pls
19:14:04 <Dot|Phone> Leprechaun is Irish
19:14:13 <Dot|Phone> Corgis are London
19:14:21 <Dot|Phone> I saw many dragons
19:14:32 <skrm> pls, corgis are from wales
19:15:18 <Dot|Phone> They come from Buckingham Palace
19:15:31 <skrm> nono those are the royal corgis
19:15:34 <skrm> theres lots of regular ones
19:16:37 <Dot|Phone> Hmm
19:18:14 <Dot|Phone> Has you weekend started yet dub
19:18:59 <DuB`> 1h 15min away :P
19:19:09 <Dot|Phone> Nice. 
19:19:22 <Dot|Phone> Skrm I saw 4 lighthouses today
19:24:13 <DuB`> Enlightening
19:25:20 <skrm> dub are you pregantè
19:25:30 <skrm> you've been stepping up the dadjokes lately
19:25:59 <BioPhone> How is babby formed
19:26:37 <skrm> how to know if preganant
19:30:56 <skrm> I had to do some MATHS today
19:31:14 <skrm> my tummy hurts just thinkin bout it
19:31:22 <Dot|Phone> Did you use a calculator? 
19:31:33 <Dot|Phone> To do 1+1
19:31:37 <Dot|Phone> That's what I do
19:31:57 <Dot|Phone> Airways check
19:32:03 <Dot|Phone> Always *
19:39:48 <skrm> there were exponents and everything
19:40:27 <Dot|Phone> Got out the old t80 then
19:42:12 <Dot|Phone> Also did that mean pay off Norways per grid is kept up by the mathematical know how of skrm
19:44:03 <skrm> ??
19:45:02 <skrm> my meagre math skills have no bearing on the operation of the norwegian power grid, thankfully
19:45:39 <skrm> just the poor suckers in town who wants hot water
19:57:02 -!- Rawr|Fone [uid440384@id-440384.highgate.irccloud.com] has joined #tlponies
20:09:36 -!- Dot` [webchat@p0ke.gvi3.odox.ip] has joined #tlponies
20:13:11 <Dot`> almost exactly a 12 hour trip
20:20:24 <skrm> dat overtime tho
20:26:07 <Rawr|Fone> Horse
20:28:04 <Dot`> rawr
20:28:56 <Rawr|Fone> DoT`
20:32:56 <Dot`> <3
20:33:09 <Dot`> did you have a good day rawr
20:35:56 <reification> no skram, dub is close - it is reference to jonah and the whale
20:37:05 <Dot`> oh, i also thought it was a norway whale killing refernace
20:37:31 <skrm> bible references?
20:37:35 <Dot`> Dub, Mcanning is 4-0 so far in WCS games
20:37:38 <skrm> i guess this is a christian irc channel
20:37:39 <reification> that would have been good too
20:38:16 <Rawr|Fone> Absolutely dot
20:38:27 <Rawr|Fone> How have you been
20:38:28 <DuB`> Very murica, dot
20:38:34 <Dot`> thats great to hear rawr
20:38:41 <Dot`> ive been good mr rawr
20:38:53 <Rawr|Fone> Great
20:39:03 <Dot`> .tell runbunny https://imgur.com/gallery/UBcECHe
20:39:05 <Dot`> skram, reif
20:42:26 -!- Runbunny [~Bunnykitt@91.100.28.10.generic-hostname.arrownet.dk] has joined #tlponies
20:42:40 <Dot`> just in time bun
20:42:59 <reification> bun is here; i had better run
20:43:08 <reification> gym time. laters all
20:43:18 <Runbunny> Hai
20:43:42 <Dot`> later reif
20:46:10 <Runbunny> It's me.
20:48:50 <Dot`> why is NA starcraft all about the sprays atm?
20:48:55 <Dot`> what is happening america
20:48:57 <Runbunny> Nice Cat Dot.
21:02:54 -!- BioPone [~androirc@12.33.239.117] has joined #tlponies
21:13:26 -!- Dot` [webchat@p0ke.gvi3.odox.ip] has joined #tlponies
21:28:28 -!- Dot` [webchat@p0ke.gvi3.odox.ip] has joined #tlponies
21:45:38 <Dot`> MCanning throwing?
21:45:52 -!- skram [~skram@ip-221-9-248-87.eidsiva.net] has joined #tlponies
21:46:19 <Dot`> Jonas
21:46:46 -!- BioPone [~androirc@12.33.239.117] has joined #tlponies
21:46:50 <skram> Greet
21:48:59 <Dot`> no throw!
22:03:48 <skram> im not throwing anything!
22:08:32 <Dot`> skram calm down. 
22:08:48 <skram> No!
22:11:50 <Runbunny> skram, https://www.youtube.com/watch?v=VP5ZkrU8wvQ
22:17:30 <skram> i cant believe my duck is this rude
22:21:34 -!- BioHoN [~androirc@mobile-166-170-24-52.mycingular.net] has joined #tlponies
22:23:19 <Dot`> HoN? what is this
22:28:13 <DuB`> ded
22:31:19 <Dot`> F
22:40:44 <Dot`> dub, is it time for 4 days of map making?
22:47:32 <BioSC> dedr than ded game
22:50:38 <Runbunny> Actually it's time to sleep.
22:50:43 <BioSC> no
22:50:50 <BioSC> be W O K E
22:51:25 <skram> yeah runbun its the weekend
22:52:05 -!- BioPone [~androirc@097-070-165-146.res.spectrum.com] has joined #tlponies
22:52:46 <Runbunny> ???
22:53:14 <Runbunny> I have work friday and saturday.
22:53:22 <BioSC> thats NOT pog
22:53:48 <Runbunny> Sleeeeeeeeeeeeep
23:08:28 -!- Dot|Phone [uid393803@id-393803.brockwell.irccloud.com] has joined #tlponies
23:18:05 <Camail> so i'm finally playing metro 2033 after owning it for years
23:18:16 <Dot|Phone> Great
23:18:33 <Camail> it scratches the itch
23:18:38 <Dot|Phone> Though has it aged well? 
23:18:44 <Camail> even on hardcore ranger it's not very punishing
23:18:51 <Camail> i'm palying the remaster
23:19:02 <Camail> and yea its holding up
23:19:14 <Dot|Phone> Oh. Didn't know they did one. It's a fun game
23:19:30 <Camail> i'm at a pretty boring part where the mechanic is to stare at a scary monsters for 15 seconds before they just...leave
23:19:50 <Camail> but other than that everything has been at least a 7/10, which is acceptable
23:19:52 <Dot|Phone> Talk to all the npc's. Nice lore bits
23:20:09 <Camail> with ranger its a bit tough to see whose an npc and whose just an idle model
23:20:26 <Camail> there's literally no ui so i miss a decent amount of that
23:20:30 <Dot|Phone> Yea, you just have to try on everyone
23:20:43 <Dot|Phone> I played ranger but it's been a while
23:20:47 <Camail> i listen to campfire dialogue
23:20:50 <Camail> before killing them all
23:20:55 <skram> .tell DuB` https://www.youtube.com/watch?v=5DyOwSCNkOY
23:26:26 <Dot|Phone> Skram, dnd in just over a week! Soon dragon killing
23:26:46 <BioSC> does anyone ever think of the dragons tho
23:27:01 <skram> yes
23:27:07 <Dot|Phone> Yes.
23:27:09 <skram> i they should die
23:27:16 <BioSC> oh dear
23:27:29 <Dot|Phone> Bengelbert knows
23:27:37 <skram> bramblebjort
23:30:41 <Dot|Phone> We know dub is all about hunting large critters
23:31:23 <Dot|Phone> He needs murder
