00:03:58 <Camail> Runbunny they're patching the aura builds
00:04:21 <Runbunny> They should.
00:05:49 <Runbunny> I should sleep or something though
00:05:50 <Camail> yea, i'm guessing the fix will be changing what is and is not an aura
00:05:54 <Camail> yea, shoo
00:10:02 <skrm> i wanna go to bed too
00:11:14 <Dot`> me too
00:21:07 <Bio> no
00:26:25 -!- Rawr|Fone [~AndChat52@c-94cfe455.020-164-6d6c6d4.bbcust.telenor.se] has joined #tlponies
00:28:22 <skrm> bio :(
00:37:55 <Bio> no spleep
00:38:01 <Bio> cuz then its more work time
00:38:04 <Bio> stay up
00:38:17 <Bio> and drown out the screaming stomping shithead child with me
00:41:57 <skrm> are you a dad now bio
00:42:05 <skrm> or is the child you
00:43:08 <Bio> neither
00:43:14 <Bio> its the demon in the apt below me
00:43:23 <Bio> possibly 2 of them tbf
00:44:11 <skrm> stomp back
00:44:25 <Dot`> https://imgur.com/gallery/aVBuPXK
00:46:35 <skrm> eww
00:49:44 <Bio> i've considered screaming while T-Posing to assert dominance
00:51:30 <skrm> good plan
01:05:13 <Crisium> https://www.youtube.com/watch?v=M_meEsHZtHM&feature=youtu.be
01:52:23 -!- Rawr|Fone [~AndChat52@c-94cfe455.020-164-6d6c6d4.bbcust.telenor.se] has joined #tlponies
03:12:59 <skrm> .tell DuB` https://www.youtube.com/watch?v=OlAx0a82beU
03:47:59 -!- Rawr|Fone [~AndChat52@c-94cfe455.020-164-6d6c6d4.bbcust.telenor.se] has joined #tlponies
03:48:37 <Micen> Hello
05:01:32 -!- Rawr|Fone [~AndChat52@c-94cfe455.020-164-6d6c6d4.bbcust.telenor.se] has joined #tlponies
05:34:07 -!- skram [~skram@82.147.53.70] has joined #tlponies
05:55:48 -!- Micen [~Micen@h6.74.23.98.dynamic.ip.windstream.net] has joined #tlponies
06:13:59 -!- Rawr|Fone [~AndChat52@c-94cfe455.020-164-6d6c6d4.bbcust.telenor.se] has joined #tlponies
06:27:50 -!- Rawr|Fone [~AndChat52@c-94cfe455.020-164-6d6c6d4.bbcust.telenor.se] has joined #tlponies
07:04:12 -!- Micen [~Micen@h6.74.23.98.dynamic.ip.windstream.net] has joined #tlponies
07:12:01 -!- Rawr|Fone [~AndChat52@c-94cfe455.020-164-6d6c6d4.bbcust.telenor.se] has joined #tlponies
07:24:02 <Rawr|Fone> 🐴
07:48:11 -!- Dot|Phone [uid393803@2001:67c:2f08:5::6:24b] has joined #tlponies
07:49:56 -!- Golly [~kvirc@cm-84.213.21.103.getinternet.no] has joined #tlponies
08:00:50 -!- Rawr|Fone [~AndChat52@c-94cfe455.020-164-6d6c6d4.bbcust.telenor.se] has joined #tlponies
08:12:36 -!- Micen [~Micen@h6.74.23.98.dynamic.ip.windstream.net] has joined #tlponies
08:37:08 -!- reification [~thomas@cpc76294-cosh16-2-0-cust297.6-1.cable.virginm.net] has joined #tlponies
08:37:08 -!- mode/#tlponies [+v reification] by Q
08:40:30 -!- Rawr|Fone [~AndChat52@c-94cfe455.020-164-6d6c6d4.bbcust.telenor.se] has joined #tlponies
08:42:32 -!- Dot` [webchat@cloak-puzvreye.123.7.51.dyn.plus.net] has joined #tlponies
08:42:48 <reification> roar roar dotties
08:43:06 <Rawr|Fone> Good morning reef reef
08:45:24 <Dot`> reif rawr
08:45:28 <Dot`> <3 <3
08:45:50 <Rawr|Fone> Dot dot
08:45:51 <Rawr|Fone> ❤❤
08:48:20 <reification> .tell skram https://twitter.com/Fetusberry/status/1244740516140339200
09:07:50 -!- Rawr|Fone [~AndChat52@c-94cfe455.020-164-6d6c6d4.bbcust.telenor.se] has joined #tlponies
09:14:23 -!- Rial [~Rial@p452019-ipngn200305sasajima.aichi.ocn.ne.jp] has joined #tlponies
09:16:56 <Rawr|Fone> Good morning rial
09:27:03 -!- Cane [~Cane@CaneCraft.users.quakenet.org] has joined #tlponies
09:27:03 -!- mode/#tlponies [+o Cane] by Q
09:43:24 -!- carcinisation [~thomas@cpc76294-cosh16-2-0-cust297.6-1.cable.virginm.net] has joined #tlponies
09:43:24 -!- mode/#tlponies [+v carcinisation] by Q
10:26:36 -!- reimeuk [~thomas@cpc76294-cosh16-2-0-cust297.6-1.cable.virginm.net] has joined #tlponies
10:26:36 -!- mode/#tlponies [+v reimeuk] by Q
10:42:37 <reimeuk> dot https://twitter.com/CanYouPetTheDog/status/1244647200283639808
10:44:02 <Dot`> D:
10:44:04 <Dot`> pls fix
10:44:43 <Dot`> unplayable
10:58:22 <Rial> hello hi
10:58:28 <Dot`> hi rial
11:46:55 -!- Runbunny [~Bunnykitt@91.100.28.10.generic-hostname.arrownet.dk] has joined #tlponies
11:47:11 <Dot`> runbun
11:48:37 <Runbunny> I am here
11:48:37 <Runbunny> https://www.reddit.com/r/aww/comments/fs5s3b/grand_entrance/
11:49:10 <Runbunny> .tell DuB` https://www.reddit.com/r/aww/comments/fs5s3b/grand_entrance/
11:49:16 <Runbunny> Dub needs to see it as well.
12:14:35 -!- tredc [~tredc@c83-254-129-166.bredband.comhem.se] has joined #tlponies
12:26:40 -!- tredc [~tredc@c83-254-129-166.bredband.comhem.se] has joined #tlponies
12:47:14 -!- Rawr|Fone [~AndChat52@c-94cfe455.020-164-6d6c6d4.bbcust.telenor.se] has joined #tlponies
13:06:01 <reimeuk> https://twitter.com/JSJisDuke/status/1243299559968661504
13:08:56 -!- Rawr|Fone [~AndChat52@c-94cfe455.020-164-6d6c6d4.bbcust.telenor.se] has joined #tlponies
13:08:58 <Rawr|Fone> Hmm
13:09:35 -!- DuB` [DuB@cpe-68-174-122-249.nyc.res.rr.com] has joined #tlponies
13:10:05 <Dot`> dub dub
13:10:28 <Rawr|Fone> DuB`
13:11:07 -!- skram [~skram@194.127.172.104] has joined #tlponies
13:11:16 <Rawr|Fone> Jonas!
13:11:51 <skram> ah, henrik!
13:12:11 <skram> you're here. good.
13:12:58 <DuB`> Good morn!
13:13:10 <skram> and the dub as well
13:13:13 <skram> wonderful
13:13:22 <DuB`> :D
13:14:31 <Rawr|Fone> I am thinking about buying the latest luigi's mansion
13:14:58 <Rawr|Fone> I have heard it is good
13:15:07 <skram> i didnt know you played video games rawr
13:15:13 <Bio> gmorn
13:16:18 <skram> gmorn, bio old chum
13:16:34 <Bio> skram old pal
13:16:41 <Bio> how the higgity hecc are you
13:17:17 <skram> Well I wanted to sleep forever today but I was unable to do more than like 7 hours
13:17:21 <Bio> oof
13:17:50 <skram> Gonna go down and do a bit of paint prep soon I guess
13:17:54 <Bio> well, ur up now, have a friggin coffee
13:17:59 <Bio> thats what imma do
13:18:17 <skram> I dont drink coffee at home
13:21:02 <Dot`> skram, bio <3
13:21:13 <skram> bjørn pal
13:24:44 <Rawr|Fone> Is it too late to start now skram
13:24:54 <Bio> cofvefe is gud tho
13:25:06 -!- Micen [~Micen@h6.74.23.98.dynamic.ip.windstream.net] has joined #tlponies
13:36:27 <skram> i gots 2 go
13:40:00 -!- Rawr|Fone [~AndChat52@c-94cfe455.020-164-6d6c6d4.bbcust.telenor.se] has joined #tlponies
13:41:48 -!- tredc [~tredc@c83-254-129-166.bredband.comhem.se] has joined #tlponies
13:44:04 <Bio> aw
13:48:23 <Rawr|Fone> Bio boi
13:53:59 <Bio> fone rawr
13:55:01 <Rawr|Fone> Isn't it quite early where you are bio
13:55:36 <Bio> 10 am
13:55:37 <Bio> not too bad
13:55:55 <Rawr|Fone> I see
13:56:04 <Rawr|Fone> Are you working hard from home
13:57:23 <Bio> i certainly am working
13:58:26 <Rawr|Fone> Me too
13:58:46 <Rawr|Fone> I definitely didn't sleep half an hour extra during my lunch break
13:59:31 <Bio> nice! i definitely didn't play a twitch stream either
13:59:54 <Rawr|Fone> Wonderful
14:00:00 <Rawr|Fone> Such discipline
14:02:24 <Bio> i get my persona 5 royal game today
14:02:30 <Bio> such wonderful news
14:30:01 -!- Micen [~Micen@h6.74.23.98.dynamic.ip.windstream.net] has joined #tlponies
14:41:07 -!- reification [~thomas@cpc76294-cosh16-2-0-cust297.6-1.cable.virginm.net] has joined #tlponies
14:41:07 -!- mode/#tlponies [+v reification] by Q
14:44:17 <Dot`> dub
14:45:22 <DuB`> dot
14:46:43 <Dot`> did you have a look at downtime stuff rylan can do? might have ways to spend all your gold
14:47:17 -!- Rawr|Fone [~AndChat52@c-94cfe455.020-164-6d6c6d4.bbcust.telenor.se] has joined #tlponies
14:48:49 <DuB`> A lil
15:01:21 <Runbunny> reification, https://twitter.com/flat_fish_/status/1244913182105206784
15:04:27 -!- Rawr|Fone [~AndChat52@c-94cfe455.020-164-6d6c6d4.bbcust.telenor.se] has joined #tlponies
15:14:28 -!- Crisium [~Crisium@c-24-3-150-105.hsd1.pa.comcast.net] has joined #tlponies
15:30:39 -!- Rawr|Fone [~AndChat52@c-94cfe455.020-164-6d6c6d4.bbcust.telenor.se] has joined #tlponies
16:11:29 <Dot`> hows work today dub?
16:17:01 <Bio> busy apparentl
16:17:03 <Bio> y
16:17:24 <Dot`> such a work horse
16:26:26 -!- Camail [~Camail@45.40.84.145] has joined #tlponies
16:26:26 -!- mode/#tlponies [+v Camail] by Q
16:27:51 -!- Rawr|Fone [~AndChat52@c-94cfe455.020-164-6d6c6d4.bbcust.telenor.se] has joined #tlponies
16:37:21 -!- Micen [~Micen@h6.74.23.98.dynamic.ip.windstream.net] has joined #tlponies
16:41:47 <Camail> covid finally reached my little town
16:41:50 <Camail> let the games begin!
16:42:43 <Runbunny> Stay safe Camail.
16:42:54 <Camail> i am very safe, no worries
16:42:56 <Runbunny> Actually. It's time to become a hermit in the forest.
16:43:19 <Camail> i'm just gonna stay inside and play poe
16:46:09 <Runbunny> Neat!
17:10:10 -!- Rawr|Fone [~AndChat52@c-94cfe455.020-164-6d6c6d4.bbcust.telenor.se] has joined #tlponies
17:16:53 -!- Rawr|Fone [~AndChat52@c-94cfe455.020-164-6d6c6d4.bbcust.telenor.se] has joined #tlponies
17:17:27 <Crisium> https://twitter.com/queersiren/status/1244390824361758722
17:24:48 <Camail> Dot`  wanna do some bl3?
17:34:09 -!- skram [~skram@194.127.172.104] has joined #tlponies
17:38:55 -!- Rawr|Fone [~AndChat52@c-94cfe455.020-164-6d6c6d4.bbcust.telenor.se] has joined #tlponies
17:55:53 <skram> did you see the ads on MD yet DuB`
17:57:12 <DuB`> Ya
17:58:17 <skram> theres hot single 2d girls in my area
18:02:16 <Runbunny> O:
18:02:31 <Dot`> sure cam, can play a bit
18:02:39 <Dot`> skram, calm down pls
18:03:07 <skram> fuck no
18:04:31 <Camail> i am prepared
18:04:37 <Camail> to fight
18:07:46 <Dot`> skram, what doing
18:08:27 <Camail> skram you are allowed to play with us
18:08:30 <Camail> but just this once
18:08:37 <Camail> next time you can't
18:09:04 <skram> aw shucks
18:09:13 <skram> im having a nap before i leave for work tho
18:09:32 <Camail> enjoy!
18:11:38 <Dot`> no need for nap
18:27:01 -!- Rawr|Phone [~AndChat52@m83-191-103-113.cust.tele2.se] has joined #tlponies
18:44:30 -!- Rawr|Fone [~AndChat52@c-94cfe455.020-164-6d6c6d4.bbcust.telenor.se] has joined #tlponies
19:07:04 <Bio> bois
19:07:12 <Bio> I T C A M E
19:07:23 <Dot`> bye bio
19:07:45 <Bio> if you don't hear from me in 200h just know its planned
19:08:20 <Bio> hmm
19:08:30 <Bio> should i drag my playstation back to the computer for streaming
19:08:47 <Bio> would you nerds want to watch that
19:16:16 <Micen> what came?
19:18:02 <Bio> persona 5 royal
19:21:33 <DuB`> https://xkcd.com/2287/
19:21:50 <DuB`> I have been training to stay inside and gorge myself on pasta for YEARS
19:23:02 <Bio> pasta is p great ngl
19:24:24 <Bio> man, you anime nerds are gonna like the new girl i think
19:33:09 <Dot`> so sleepy
19:34:00 <Rawr|Fone> Dot
19:34:05 <Dot`> rawr
19:34:29 <Rawr|Fone> Did you do a whole lot of work today?
19:35:24 <Dot`> no, i spent a few hours trying to get info, and a few more going around in circles, then got told after a a while of actually getting things done i had to put it all on hold till we confirmed some stuff
19:35:30 <Dot`> so pretty wasted
19:36:00 <Camail> but that means its someone elses fault, so that's good
19:36:10 <Camail> if you dont make any mistakes that means you were perfect
19:37:34 <Bio> ideal werk horse
19:37:52 <Bio> this is what peak performance looks like
19:52:19 <Bio> frig yeah bois
19:52:33 <Bio> imma get a friggin d i n n e r
19:53:39 <Bio> https://xkcd.com/2286/
19:53:41 <Bio> also this one
20:17:01 <Bio> ?biostream
20:17:05 <Bio> starting in like 5
20:24:15 -!- Rawr|Fone [~AndChat52@c-94cfe455.020-164-6d6c6d4.bbcust.telenor.se] has joined #tlponies
20:41:08 -!- Rawr|Fone [~AndChat52@c-94cfe455.020-164-6d6c6d4.bbcust.telenor.se] has joined #tlponies
20:53:06 <Rawr|Fone> Hmm
20:53:44 <Crisium> whew finally beat enter the gungeon for the first time
20:55:01 <Dot`> gg
20:56:31 <Rawr|Fone> Good job crisioom
21:00:13 <Crisium> such hard game
21:00:24 <Crisium> but i had good gun that i ffarmed ammo for
21:00:31 <Crisium> https://enterthegungeon.gamepedia.com/Big_Iron
21:01:48 <Dot`> did you have it on your hip?
21:01:53 <DuB`> I shud play that
21:02:17 <Dot`> and stream it
21:02:30 <DuB`> O dear
21:05:34 -!- skrm [webchat@pioj.eid3.887x.ip] has joined #tlponies
21:06:45 <Dot`> skrm!
21:18:44 <Camail> got my third shavs of the league....
21:38:45 -!- skram [~skram@82.147.53.60] has joined #tlponies
21:39:22 <Dot`> skrm pls
21:39:28 <Dot`> your skram has escaped
21:40:13 <skrm> fuck
21:41:09 -!- Rawr|Fone [~AndChat52@c-94cfe455.020-164-6d6c6d4.bbcust.telenor.se] has joined #tlponies
21:41:31 <Dot`> got to go catch it
21:47:49 <reification> dot https://twitter.com/iucounu/status/1244689321334013953
21:50:56 <Dot`> thats a large otter!
21:51:04 <Dot`> but he has a great name
22:00:34 -!- Rial [~Rial@p452019-ipngn200305sasajima.aichi.ocn.ne.jp] has joined #tlponies
22:03:00 <Rawr|Fone> Good evening rial
22:03:09 <Rawr|Fone> It is time for bed dot
22:06:51 <Runbunny> Sleep well Henrik.
22:07:49 <Rawr|Fone> You too Anders.
22:08:04 <Crisium> otters
22:08:39 <Cane> Dot`, gib STALKER 2.
22:08:45 <Dot`> gnight rawr <3
22:08:55 <Rawr|Fone> ❤
22:08:56 <Dot`> Cane, you have bannerlord! 
22:09:20 <Cane> Does Bannerlord have slav squats? DOES IT BOLLOCKS
22:09:20 <Dot`> will that not sate you for a week at least?
22:10:28 <Dot`> you make a good argument
22:25:10 -!- skrm [webchat@pioj.eid3.887x.ip] has joined #tlponies
22:30:29 * skrm slaps Dot` around a bit with a large fishbot
22:31:08 <Dot`> oi!
22:33:45 <reification> https://www.theguardian.com/australia-news/2020/mar/30/astrophysicist-gets-magnets-stuck-up-nose-while-inventing-coronavirus-device
22:38:45 <Micen> thanks for the laugh reif
22:39:38 <skrm> bjørn
22:42:27 <Dot`> jonas
22:45:16 <skrm> the internet man is coming tomorrow
22:45:29 <skrm> to conjure the inter tubes
22:46:07 <Dot`> so soon?
22:46:10 <Dot`> this is good news
22:47:52 <reification> .tell rial https://twitter.com/Atiarta7/status/1244785221196820484
22:48:00 <reification> bun ^
22:48:14 <reification> night all https://pbs.twimg.com/media/EUaPT9yXQAAAj4b.jpg
22:50:21 <Dot`> gnight reif <3
22:53:36 <skrm> good night reifen
