00:21:41 -!- Rawr|Fone [uid440384@id-440384.highgate.irccloud.com] has joined #tlponies
00:24:17 <DuB`> skram
00:24:24 <skram> aye?
00:24:39 <DuB`> Komi came to NYC
00:24:44 <DuB`> to heeeeere
00:24:48 <skram> what
00:24:54 <DuB`> https://mangadex.org/title/16617/komi-san-wa-komyushou-desu
00:24:55 <DuB`> !
00:25:00 <skram> oh dang
00:25:14 <skram> did you get her autograph
00:25:59 <DuB`> She went to shake shack, but probably one of them down midtown, not the one on my street...
00:26:08 <skram> aww
00:26:10 <skram> shame
02:04:24 -!- Cane [~Cane@CaneCraft.users.quakenet.org] has joined #tlponies
02:04:24 -!- mode/#tlponies [+o Cane] by Q
07:53:49 -!- Rawr|Fone [uid440384@id-440384.highgate.irccloud.com] has joined #tlponies
07:53:49 -!- DuB` [DuB@cpe-68-174-122-249.nyc.res.rr.com] has joined #tlponies
07:53:49 -!- Micen|Stream [~Micen@h189.67.91.75.dynamic.ip.windstream.net] has joined #tlponies
07:53:49 -!- GGMethos [~methos@li1447-9.members.linode.com] has joined #tlponies
07:53:49 -!- Raelcun [~Raelcun@pool-96-255-140-13.washdc.fios.verizon.net] has joined #tlponies
07:53:49 -!- CockRoach|42 [~CR@CockRoach|42.users.quakenet.org] has joined #tlponies
07:53:49 -!- Cane [~Cane@CaneCraft.users.quakenet.org] has joined #tlponies
07:53:49 -!- Q [TheQBot@CServe.quakenet.org] has joined #tlponies
07:53:49 -!- mode/#tlponies [+oov Q Cane CockRoach|42] by *.quakenet.org
08:47:35 -!- Dot|Phone [uid393803@id-393803.brockwell.irccloud.com] has joined #tlponies
08:48:08 <Dot|Phone> Rawr Rawr Rawr 
09:06:54 -!- Golly [~Username@cm-84.213.21.103.getinternet.no] has joined #tlponies
09:20:54 <Rawr|Fone> DoT DoT DoT
09:30:49 <Dot|Phone> 💖💖💖
09:31:51 <Rawr|Fone> 💖💖💖
09:32:04 <Rawr|Fone> I beat hades for the first time today dot
09:52:53 <Dot|Phone> Wow that was fast Rawr
09:53:01 <Dot|Phone> What build? 
09:56:46 <Rawr|Fone> I used the bow and upgraded the special with ares upgrade
09:57:03 <Rawr|Fone> Pretty much just that
09:57:13 <Rawr|Fone> And then the athena dash
09:59:01 <Dot|Phone> Is that the multi shot special? 
10:03:40 <Rawr|Fone> Yes
10:04:12 <Rawr|Fone> Every target you hit takes like 200 damage
10:04:26 <Dot|Phone> The only build I have finished the game with
10:04:47 <Rawr|Fone> It seems like it is very effective
10:05:07 <Rawr|Fone> I only did 10 runs or something
10:11:44 <Dot|Phone> I was probably on 20 something when I got that skill
10:12:22 <Dot|Phone> Havn't finished the game since, I can now reliably get to the second phase of hades fight but die there every time
10:12:30 -!- tredc [~tredc@c83-254-129-166.bredband.comhem.se] has joined #tlponies
10:13:48 <Rawr|Fone> Definitely seems like you need some luck with the upgrades you get
10:56:49 <Dot|Phone> With the gifts you can force specific gods but yea there is still a certain amount of rng
11:13:09 -!- reification [~thomas@cosh-18-b2-v4wan-161487-cust30.vm10.cable.virginm.net] has joined #tlponies
11:13:09 -!- mode/#tlponies [+v reification] by Q
11:15:55 <Dot|Phone> Reef! 
11:17:55 <reification> dotties!
12:42:40 -!- BioPone [~androirc@mobile-166-170-53-226.mycingular.net] has joined #tlponies
14:12:59 -!- BioPone [~androirc@71.76.74.14] has joined #tlponies
14:20:58 <BioPone> Morn lads
14:21:32 <Dot|Phone> Morn
14:31:01 -!- BioPone [~androirc@71.76.74.14] has joined #tlponies
14:51:04 -!- skrm [webchat@pioj.eid3.5dr2.ip] has joined #tlponies
15:12:03 <Dot|Phone> Skrm pal
15:12:42 <skrm> bjørn lad
15:17:02 -!- BioPhone [~androirc@71.76.74.14] has joined #tlponies
15:17:20 <BioPhone> Asdf
15:17:36 <BioPhone> Hapy turkey day my euros
15:18:12 <Dot|Phone> Is the steam sale started? 
15:18:30 <Dot|Phone> I thought it was too early but I've seen a meme 
15:18:38 <Dot|Phone> My main news source
15:34:33 -!- BioPone [~androirc@71.76.74.14] has joined #tlponies
15:54:11 -!- BioPone [~androirc@mobile-166-170-53-240.mycingular.net] has joined #tlponies
16:07:23 -!- DuB` [DuB@cpe-68-174-122-249.nyc.res.rr.com] has joined #tlponies
16:10:53 <BioPone> Gobble gobble
16:25:05 <DuB`> This thanksgiving looking nice and rainy and autumnal
16:26:03 <BioPone> P much
16:31:58 -!- Runbunny [~Bunnykitt@91.100.28.10.generic-hostname.arrownet.dk] has joined #tlponies
16:32:29 <Runbunny> Hello.
16:33:47 <DuB`> Welcom ranban
16:41:17 -!- DuB` [DuB@cpe-68-174-122-249.nyc.res.rr.com] has joined #tlponies
16:46:47 <Dot|Phone> Dub dub
16:47:07 <Runbunny> Dub!
16:49:40 <Runbunny> reification, https://twitter.com/ayunda_risu/status/1331888154882703362
16:50:43 <Runbunny> Dot|Phone, Hob is on O:
16:51:03 <reification> dub bun https://mangadex.org/chapter/722156/1
16:52:23 <Dot|Phone> Runbun
16:56:29 <Dot|Phone> I'm still at work
17:00:54 -!- BioPhone [~androirc@71.76.74.14] has joined #tlponies
17:02:44 <Runbunny> This is pretty wholesome Reif.
17:02:53 <Runbunny> You have to take care of yourself.
17:03:10 <reification> yes
17:55:26 <skrm> i dont think i should read this at work, reifen
17:58:00 -!- Dot` [webchat@cloak-jygyb6tz.57.143.150.dyn.plus.net] has joined #tlponies
17:58:22 <Dot`> Runbun, has hob been live for almost 5 hours?
18:01:33 <Runbunny> Yes.
18:01:43 <Runbunny> 5 hours in like 20 seconds.
18:02:02 <Runbunny> Jonas, it's very wholesome.
18:02:28 <Runbunny> First chapters even have a good message that you should heed.
18:03:26 <skrm> .tell skram https://mangadex.org/chapter/722156/1
18:03:30 <skrm> maybe later
18:09:35 -!- BioPhone [~androirc@71.76.74.14] has joined #tlponies
18:28:57 <Runbunny> Absolute robbery Dot`.
18:31:35 <Dot`> he should have just not missed
18:51:43 -!- BioPhone [~androirc@71.76.74.14] has joined #tlponies
18:55:03 -!- Kittybunny [~Bunnykitt@91.100.28.10.generic-hostname.arrownet.dk] has joined #tlponies
18:57:46 -!- Camail [~Camail@45.40.84.145] has joined #tlponies
18:57:46 -!- mode/#tlponies [+v Camail] by Q
19:02:00 <Dot`> Cam
19:02:07 <Camail> dot
19:04:06 <Dot`> probably
19:54:58 <skrm> are you sure
19:56:44 <Camail> yes
19:56:52 <Camail> skmr how are ya bud
19:56:56 <Camail> with all that work
19:57:00 <Camail> and fire
19:57:01 <Camail> and fire work
20:03:03 <Kittybunny> Too busy incinerating stuff.
20:12:43 <skrm> i had to extinguish a lil fire earlier cam
20:12:48 <skrm> poor lil boiler, it did its best
20:12:54 <Camail> :(
20:13:05 <Camail> maybe it did too well
20:13:28 <Camail> sometimes fire-things get very happy
20:13:38 <Camail> and want to share their happiness so they make more fire
20:13:59 <Camail> its not fun to be a wet blanket, but it's necessary 
20:14:39 <Camail> Kittybunny  hullo
20:15:17 <skrm> we'll set fire to it again soon, im sure
20:16:04 <Kittybunny> Hai Camail.
20:16:45 <Camail> let the poor thing rest skrm, it mus be so confused
20:17:02 <Camail> you tell it to have fire, then you extuingish it, then what.. you tell it to have fire again!?
20:17:16 <Camail> what message are you trying to send here
20:17:31 <skrm> that life is hard and confusing
20:22:35 -!- BioPhone [~androirc@71.76.74.14] has joined #tlponies
20:47:28 -!- BioPhone [~androirc@71.76.74.14] has joined #tlponies
20:47:32 <BioPhone> Pen
20:52:41 <Dot`> pon
21:16:58 <Camail> nope
21:55:56 -!- DuB` [DuB@cpe-68-174-122-249.nyc.res.rr.com] has joined #tlponies
21:58:49 <Camail> DuB`  how has your holiday been
22:17:45 <Dot`> this dub
22:26:27 <reification> a dub
22:49:36 -!- skram [~skram@109.203.22.118] has joined #tlponies
22:50:30 <Dot`> you made it
22:54:03 <skram> i made it!
22:54:06 <skram> vacation time wooooo
22:54:19 <Dot`> a tough 2 days this week?
22:57:54 <skram> its a hard life
22:58:39 <Dot`> but you persevere and are an insperation to us all
22:58:56 <skram> you're welcome
23:00:52 <Kittybunny> Thank you Jonas.
23:02:28 <Camail> skram's our hero
23:02:50 -!- Rawr|Fone [uid440384@id-440384.highgate.irccloud.com] has joined #tlponies
23:15:14 -!- BioPhone [~androirc@71.76.74.14] has joined #tlponies
23:15:23 <BioPhone> Asdf
23:15:31 <BioPhone> Full of stuff
23:18:37 <Dot`> cam, how is your holiday going
23:19:35 <Camail> its goin good, never invested that much into thanksgiving 
23:19:40 <Camail> but its just a nice day to do nothing
23:34:30 <skram> did you cook a turkey
23:35:52 <Dot`> .tell cane https://www.reddit.com/r/dwarffortress/comments/k1j0t1/i_got_a_little_carried_away_with_my_current_fort/ and check the imgur album he links for the rest of the fort
23:48:22 -!- BioPhone [~androirc@71.76.74.14] has joined #tlponies
