00:00:59 <Rial> Hi hi
00:01:06 <Rial> Breakfast in my tumnmy!
00:04:35 -!- Crisium [~Crisium@c-24-3-150-105.hsd1.pa.comcast.net] has joined #tlponies
00:23:42 -!- Micen [~Micen@h6.74.23.98.dynamic.ip.windstream.net] has joined #tlponies
01:28:36 -!- Micen [~Micen@h6.74.23.98.dynamic.ip.windstream.net] has joined #tlponies
01:50:19 -!- Rawr|Fone [~AndChat52@c-4eb4e655.020-164-6d6c6d4.bbcust.telenor.se] has joined #tlponies
02:35:22 -!- Micen [~Micen@h6.74.23.98.dynamic.ip.windstream.net] has joined #tlponies
03:29:05 -!- Dot|Phone [uid393803@2001:67c:2f08:8::6:24b] has joined #tlponies
03:34:44 -!- Rawr|Fone [~AndChat52@c-4eb4e655.020-164-6d6c6d4.bbcust.telenor.se] has joined #tlponies
03:44:50 -!- Micen [~Micen@h6.74.23.98.dynamic.ip.windstream.net] has joined #tlponies
04:53:42 -!- Micen [~Micen@h6.74.23.98.dynamic.ip.windstream.net] has joined #tlponies
05:31:01 -!- Rawr|Fone [~AndChat52@c-4eb4e655.020-164-6d6c6d4.bbcust.telenor.se] has joined #tlponies
06:00:47 -!- Micen [~Micen@h6.74.23.98.dynamic.ip.windstream.net] has joined #tlponies
06:01:48 -!- Rawr|Fone [~AndChat52@c-4eb4e655.020-164-6d6c6d4.bbcust.telenor.se] has joined #tlponies
07:07:29 -!- Micen [~Micen@h6.74.23.98.dynamic.ip.windstream.net] has joined #tlponies
08:12:09 -!- Micen_ [~Micen@h6.74.23.98.dynamic.ip.windstream.net] has joined #tlponies
08:29:08 -!- Rawr|Fone [~AndChat52@c-4eb4e655.020-164-6d6c6d4.bbcust.telenor.se] has joined #tlponies
08:42:21 -!- Rawr|Fone [~AndChat52@c-4eb4e655.020-164-6d6c6d4.bbcust.telenor.se] has joined #tlponies
08:44:07 -!- Westy543 [Westy543@c-24-130-12-152.hsd1.ca.comcast.net] has joined #tlponies
08:44:07 -!- mode/#tlponies [+v Westy543] by *.quakenet.org
08:45:07 -!- CellRoach [~AndChat14@83.191.126.67] has joined #tlponies
08:49:11 -!- Dot|Phone [uid393803@2001:67c:2f08:8::6:24b] has joined #tlponies
08:49:21 <Dot|Phone> Morning horses
08:50:00 <Rawr|Fone> DoT DoT DoT
08:57:11 -!- Cane [~Cane@CaneCraft.users.quakenet.org] has joined #tlponies
08:57:11 -!- mode/#tlponies [+o Cane] by Q
09:02:53 <Dot|Phone> Rawr Rawr Rawr 
09:02:58 <Dot|Phone> 💖💖💖
09:03:01 <Dot|Phone> Hey Cane
09:03:03 <Rawr|Fone> 💖💖💖
09:03:16 <Cane> Hello hello. <3
09:08:22 <Rawr|Fone> Good morning cane
09:08:47 <Cane> How's things?
09:12:31 <Dot|Phone> Pretty good apart from it being Monday. How about your side? 
09:28:38 -!- Golly [~kvirc@cm-84.213.21.103.getinternet.no] has joined #tlponies
09:44:02 -!- Rawr|Fone [~AndChat52@m77-218-227-27.cust.tele2.se] has joined #tlponies
10:33:11 <Rawr|Fone> 🐴🐴🐴
10:51:32 -!- reification [~thomas@cpc76294-cosh16-2-0-cust297.6-1.cable.virginm.net] has joined #tlponies
10:51:33 -!- mode/#tlponies [+v reification] by Q
10:56:24 <Dot|Phone> Reif
10:59:26 <reification> dawt
11:01:39 <Rawr|Fone> Reef reef
11:01:45 <Rawr|Fone> Good afternoon
11:06:33 -!- carcinisation [~thomas@cpc76294-cosh16-2-0-cust297.6-1.cable.virginm.net] has joined #tlponies
11:06:34 -!- mode/#tlponies [+v carcinisation] by Q
11:11:15 -!- reimeuk [~thomas@cpc76294-cosh16-2-0-cust297.6-1.cable.virginm.net] has joined #tlponies
11:11:16 -!- mode/#tlponies [+v reimeuk] by Q
11:15:00 <reimeuk> roar roar
11:15:24 <Rawr|Fone> How are you doing today reef reef
11:20:18 <reimeuk> good ty rawr
11:20:26 <reimeuk> how's you?
11:20:34 <Rawr|Fone> Pretty goood
11:20:42 <Rawr|Fone> Currently at the gym
11:27:14 -!- tredc [~tredc@c83-254-129-166.bredband.comhem.se] has joined #tlponies
11:40:45 <reimeuk> i should go there too
11:46:30 <Rawr|Fone> 🏋️‍♂️
12:06:49 <Dot|Phone> 🦓
12:07:38 -!- Runbunny [~Runbunny@91.100.28.10.generic-hostname.arrownet.dk] has joined #tlponies
12:08:13 <Runbunny> Hai.
12:09:10 <Dot|Phone> Runbun, hi
12:09:37 <Runbunny> Dot, hello.
12:12:54 <reimeuk> hej bun
12:13:22 <reimeuk> https://danbooru.donmai.us/posts/3758444
12:13:55 <Runbunny> Nice Perth.
12:25:26 -!- Rawr|Phone [~AndChat52@c-4eb4e655.020-164-6d6c6d4.bbcust.telenor.se] has joined #tlponies
12:53:26 -!- Rawr|Fone [~AndChat52@c-4eb4e655.020-164-6d6c6d4.bbcust.telenor.se] has joined #tlponies
12:55:26 -!- BioPone [~androirc@mobile-166-170-26-140.mycingular.net] has joined #tlponies
13:35:49 -!- BioPhone [~androirc@12.33.239.117] has joined #tlponies
13:46:03 <BioPhone> Hors
13:46:39 <Dot|Phone> 🦓
13:46:44 <Rawr|Fone> 🐴
13:46:49 <Rawr|Fone> 🦄
13:50:00 <Dot|Phone> 🐎
13:50:12 <Dot|Phone> 🦒
13:55:47 <Runbunny> reimeuk, https://www.youtube.com/watch?v=lZg9_bdLCCU
14:15:27 <BioPhone> Many hors
14:32:42 -!- Rawr|Fone [~AndChat52@c-4eb4e655.020-164-6d6c6d4.bbcust.telenor.se] has joined #tlponies
14:33:47 -!- Rawr|Phone [~AndChat52@83.191.122.198] has joined #tlponies
15:35:19 <reimeuk> what a cat runbun
15:35:20 <BioPhone> Asdf
16:02:34 <Dot|Phone> Lkjh
16:05:03 <reimeuk> qwop
16:06:17 <Runbunny> Yo Dot|Phone, I tried this nap thing again.
16:06:32 <Runbunny> Not sleeping more than 1 hour and stuff.
16:06:57 <Runbunny> But I am still tired and now my head hurts as well.
16:06:58 <Dot|Phone> How did it go? 
16:10:14 <BioPhone> Well!
16:11:10 <Runbunny> I wouldn't call that well :/
16:11:50 <Dot|Phone> That seems normal for any nap I manage
17:10:33 -!- Dot` [webchat@cloak-6bkyd833.120.143.150.dyn.plus.net] has joined #tlponies
17:21:12 -!- skrm [webchat@574k.okxr.36xg.ip] has joined #tlponies
17:21:33 <Dot`> skrm!
17:21:50 <skrm> dot pal
17:22:30 <skrm> this town is called the moustache city yet i've not seen many moustaches
17:22:33 <skrm> c u ri o u s
17:22:44 <Dot`> very suspect
17:27:16 <skrm> ugh i wanna go home dot
17:35:07 <Dot`> should i write you a sick note?
17:37:04 <skrm> i think i would be fired if i left this thing unless it was in an ambulance
17:37:28 <reimeuk> https://www.reddit.com/r/gaming/comments/euo9a1/i_drew_a_more_realistic_solid_snake/
17:39:35 <skrm> i dont know, seems kinda floppy to me reif
17:41:12 <reimeuk> that's what... wait no
17:44:19 <skrm> rip :(
17:59:39 <reimeuk> https://twitter.com/rouhi_tv/status/1219506227677474817
18:09:18 <reimeuk> https://twitter.com/380kmh/status/1214268546253033474
18:46:30 <BioPhone> Poor skrm
18:46:51 <Dot`> its a tough life being a horse
18:47:23 <BioPhone> Agreed
19:37:44 <Rawr|Phone> 🐴🐴🐴
19:44:39 <BioPhone> Rawr-equine
19:45:27 <Rawr|Phone> 🅱️io🐴
19:52:27 <BioPhone> Neigh!
20:10:03 -!- Rawr|Fone [~AndChat52@c-4eb4e655.020-164-6d6c6d4.bbcust.telenor.se] has joined #tlponies
20:25:08 -!- Zounds [webchat@cloak-07ouvien.14-2.cable.virginm.net] has joined #tlponies
20:25:14 <Zounds> hey
20:28:18 <Dot`> hey zounds
20:40:01 -!- Camail [~Camail@45.40.84.145] has joined #tlponies
20:40:01 -!- mode/#tlponies [+v Camail] by Q
20:42:25 <Dot`> is that a camail?
20:45:27 <Camail> maybe
20:45:43 <Camail> windows update borked some stuff so i gotta get a new cable
20:45:48 <Camail> hence my lack of being here
20:55:22 -!- skrm [webchat@574k.okxr.36xg.ip] has joined #tlponies
20:56:27 <Dot`> skrm, hows the course going?
20:56:33 <Dot`> are you smart yet>
20:56:52 <skrm> so far its just stuff i already knew
21:01:59 -!- reification [~thomas@cpc76294-cosh16-2-0-cust297.6-1.cable.virginm.net] has joined #tlponies
21:02:00 -!- mode/#tlponies [+v reification] by Q
21:12:38 <BioPhone> Skarm is learning!
21:13:01 <Dot`> he claims to have already learnted
21:14:30 <BioPhone> Hmm
21:16:31 -!- Rawr|Fone [~AndChat52@c-4eb4e655.020-164-6d6c6d4.bbcust.telenor.se] has joined #tlponies
21:23:53 <skrm> ama about boilers
21:24:38 <Dot`> do they boil?
21:25:14 <skrm> some do, some dont
21:26:16 -!- Crisium [~Crisium@c-24-3-150-105.hsd1.pa.comcast.net] has joined #tlponies
21:26:27 <reification> sometimes they make odd noises, are they plotting against us?
21:26:31 <reification> hey cris
21:27:06 <skrm> always
21:27:17 <skrm> thats why you need training to make them behave
21:28:03 <Crisium> howdy
21:28:27 <skrm> yeehaw
21:29:56 <Runbunny> Jonas.
21:30:00 <Runbunny> Are you burning stuff?
21:31:29 <skrm> not today, pal
21:31:33 <BioPhone> Can a horse operate a boiler?
21:31:45 -!- carcinisation [~thomas@cpc76294-cosh16-2-0-cust297.6-1.cable.virginm.net] has joined #tlponies
21:31:46 -!- mode/#tlponies [+v carcinisation] by Q
21:31:54 <BioPhone> Asking for a friend
21:32:27 <skrm> only if the valves are big enough to be operated by hooves
21:46:16 <Dot`> is that not discrimination to make valves too small?
21:49:46 -!- BioPone [~androirc@mobile-166-170-27-74.mycingular.net] has joined #tlponies
21:54:50 <BioPone> Home time lads
22:06:13 -!- Rial [~Rial@p2429120-ipngn200603tokaisakaetozai.aichi.ocn.ne.jp] has joined #tlponies
22:21:38 -!- BioPhone [~androirc@97.70.165.146] has joined #tlponies
22:23:12 -!- Rawr|Fone [~AndChat52@c-4eb4e655.020-164-6d6c6d4.bbcust.telenor.se] has joined #tlponies
22:47:10 <Runbunny> carcinisation, https://www.youtube.com/watch?v=sWooGV5kON4
22:47:36 <Runbunny> I have to sleep.
22:48:01 <carcinisation> g'night bun
22:55:48 <BioSC> imma go have some chiggin wings
22:56:02 <BioWing> rip in peps wwing
22:56:11 <BioWing> (prolly not ded but not 4gotten)
23:09:50 -!- Rawr|Fone [~AndChat52@c-4eb4e655.020-164-6d6c6d4.bbcust.telenor.se] has joined #tlponies
23:14:54 -!- BioPone [~androirc@mobile-166-170-27-36.mycingular.net] has joined #tlponies
23:24:18 <reification> .tell runbunny https://www.youtube.com/watch?v=Ae-g2-nAQAI
23:30:25 -!- Rawr|Fone [~AndChat52@c-4eb4e655.020-164-6d6c6d4.bbcust.telenor.se] has joined #tlponies
23:35:14 <BioPone> Hej
23:38:52 <Rawr|Fone> Hej
