00:25:17 <Runbunny> Very cute Dot`.
00:53:23 -!- Rial [~Rial@p452019-ipngn200305sasajima.aichi.ocn.ne.jp] has joined #tlponies
00:56:12 <Camail> oh wow even valorant's scoreboard looks exactly like csgo's
00:56:58 -!- Rawr|Fone [~AndChat52@c-94cfe455.020-164-6d6c6d4.bbcust.telenor.se] has joined #tlponies
02:19:09 -!- Micen_ [~Micen@h106.208.18.98.dynamic.ip.windstream.net] has joined #tlponies
02:52:25 -!- Rawr|Fone [~AndChat52@c-94cfe455.020-164-6d6c6d4.bbcust.telenor.se] has joined #tlponies
04:12:04 -!- Rawr|Fone [~AndChat52@c-94cfe455.020-164-6d6c6d4.bbcust.telenor.se] has joined #tlponies
05:13:30 -!- Micen_ [~Micen@h106.208.18.98.dynamic.ip.windstream.net] has joined #tlponies
05:21:47 -!- Rawr|Fone [~AndChat52@c-94cfe455.020-164-6d6c6d4.bbcust.telenor.se] has joined #tlponies
06:00:34 -!- Rawr|Fone [~AndChat52@c-94cfe455.020-164-6d6c6d4.bbcust.telenor.se] has joined #tlponies
06:51:16 -!- Rawr|Fone [~AndChat52@c-94cfe455.020-164-6d6c6d4.bbcust.telenor.se] has joined #tlponies
07:08:52 <Micen_> good morning
07:42:27 -!- Dot` [webchat@cloak-puzvreye.123.7.51.dyn.plus.net] has joined #tlponies
07:57:43 -!- Rawr|Fone [~AndChat52@c-94cfe455.020-164-6d6c6d4.bbcust.telenor.se] has joined #tlponies
08:10:07 -!- Rawr|Fone [~AndChat52@c-94cfe455.020-164-6d6c6d4.bbcust.telenor.se] has joined #tlponies
08:11:20 <Rawr|Fone> 🐴
08:19:02 <Dot`> hest <3
08:19:15 <Rawr|Fone> DoT DoT DoT
08:19:18 <Rawr|Fone> ❤❤❤
08:23:09 -!- Golly [~kvirc@cm-84.213.21.103.getinternet.no] has joined #tlponies
08:53:48 -!- Micen [~Micen@h106.208.18.98.dynamic.ip.windstream.net] has joined #tlponies
08:55:57 -!- tredc [~tredc@c83-254-129-166.bredband.comhem.se] has joined #tlponies
09:10:21 -!- skram [~skram@82.147.53.22] has joined #tlponies
09:11:57 <Dot`> Jonas friend
09:12:51 <skram> dot pal
09:16:49 <skram> you're up early today
09:17:36 <Dot`> skram, its after 10 on a weekday
09:17:50 <Dot`> im up at 8 every day becuase i have work still
09:18:31 <skram> fair enough
09:18:34 <skram> feels like weekend
09:18:50 -!- Rial [~Rial@p452019-ipngn200305sasajima.aichi.ocn.ne.jp] has joined #tlponies
09:21:45 -!- Rawr|Fone [~AndChat52@c-94cfe455.020-164-6d6c6d4.bbcust.telenor.se] has joined #tlponies
09:24:44 -!- reification [~thomas@cpc76294-cosh16-2-0-cust297.6-1.cable.virginm.net] has joined #tlponies
09:24:44 -!- mode/#tlponies [+v reification] by Q
09:35:00 <Dot`> reif!
09:35:22 <reification> dawt!
09:36:00 <skram> reifmannen
10:02:29 <reification> skramĉevalo
10:16:47 -!- Rawr|Fone [~AndChat52@c-94cfe455.020-164-6d6c6d4.bbcust.telenor.se] has joined #tlponies
10:20:42 -!- Rawr|Phone [~AndChat52@m83-187-191-199.cust.tele2.se] has joined #tlponies
10:36:40 -!- Runbunny [~Bunnykitt@91.100.28.10.generic-hostname.arrownet.dk] has joined #tlponies
10:36:57 <reification> hello bun
10:37:15 <reification> isn't science wonderful https://twitter.com/albrgr/status/1247555065520345090
10:37:53 <Runbunny> Hai.
10:39:47 <Runbunny> Yay!
10:39:50 <Runbunny> Science.
10:39:59 <Rial> morning, all
10:40:25 <reification> hi rial
10:40:56 <Runbunny> Hai Rial.
10:41:27 <Runbunny> reif, Haato is doing a "fashion stream" in like 1½ hours. 
10:41:48 <Runbunny> She and a nijisanji is going to look at peoples style of fashion and critize it.
10:42:03 <reification> oh boy
11:00:42 <Dot`> runbun
11:07:44 <Runbunny> Dot.
12:02:41 <Rawr|Phone> 🐴🐴🐴
12:04:55 <Dot`> 🐴🐴🐴
12:05:28 <Rawr|Phone> Dot horse
12:06:42 <Dot`> rawr hest
12:06:44 <Dot`> hows your day
12:06:59 <Rawr|Phone> It's going well
12:07:08 <Rawr|Phone> Not much work to do
12:07:36 <Rawr|Phone> The project I was working on will be paused due to the virus, so I will move to another project
12:07:39 <reification> bun haachama is ill so no stream :(
12:12:37 <Runbunny> Yeah
12:12:50 <Runbunny> Rest well Haato-chan.
12:12:52 -!- Micen [~Micen@h106.208.18.98.dynamic.ip.windstream.net] has joined #tlponies
12:14:10 <Runbunny> A guy in the chat in yesterday's singing stream was noting that Haato had become more "hoarse" recently. So it's probably a well deserved rest.
12:17:44 -!- Rawr|Fone [~AndChat52@c-94cfe455.020-164-6d6c6d4.bbcust.telenor.se] has joined #tlponies
13:15:41 -!- Rawr|Fone [~AndChat52@c-94cfe455.020-164-6d6c6d4.bbcust.telenor.se] has joined #tlponies
13:33:48 -!- Rawr|Fone [~AndChat52@c-94cfe455.020-164-6d6c6d4.bbcust.telenor.se] has joined #tlponies
13:46:05 -!- DuB` [DuB@cpe-68-174-122-249.nyc.res.rr.com] has joined #tlponies
13:47:58 <DuB`> Ohayous
13:50:00 <Dot`> dub dub
13:53:57 <Bio> morn
13:55:57 <reification> bio dub
13:58:37 <Runbunny> Hai.
14:07:53 <DuB`> Welp, even less work today
14:07:58 <DuB`> Maybe I go straight to SPACEGAME
14:08:46 <reification> proceed directly to spaaaaace
14:09:55 <DuB`> I spent a million moneys on a miner ship last night and immediately handed control over to a low-skill lizard pilot who I had just met. I'm sure he'll do great and make me some money
14:11:28 <Bio> there are so many space game
14:11:32 <Bio> which now
14:11:36 <DuB`> X4
14:18:57 <Bio> it looks like single player Eve online
14:20:03 <DuB`> P much
14:20:15 <DuB`> And you get to actually fly instead of click around
14:20:18 <DuB`> And is janky :P
14:23:54 <Runbunny> Spaaaaaaaaaaaaaaace!
14:24:02 <Runbunny> It's so janky.
14:24:58 <DuB`> Nigma up next https://www.twitch.tv/esl_dota2
14:25:24 <Runbunny> In the one I played, during one of the tutorials, you were giving a transport ship with pretty decent shields which you could sell before completing the mission.
14:26:32 <Runbunny> It sat you up pretty well for your first station.
14:38:33 -!- Micen [~Micen@h106.208.18.98.dynamic.ip.windstream.net] has joined #tlponies
14:48:24 -!- Rawr|Fone [~AndChat52@c-94cfe455.020-164-6d6c6d4.bbcust.telenor.se] has joined #tlponies
15:03:19 -!- Rawr|Fone [~AndChat52@c-94cfe455.020-164-6d6c6d4.bbcust.telenor.se] has joined #tlponies
15:14:20 <Bio> asdf
15:23:02 -!- Rawr|Fone [~AndChat52@c-94cfe455.020-164-6d6c6d4.bbcust.telenor.se] has joined #tlponies
15:29:21 -!- Crisium [~Crisium@c-24-3-150-105.hsd1.pa.comcast.net] has joined #tlponies
15:29:30 <Rawr|Fone> Crisioom
15:30:59 <Crisium> howdy roor
15:35:14 -!- Cane [~Cane@CaneCraft.users.quakenet.org] has joined #tlponies
15:35:14 -!- mode/#tlponies [+o Cane] by Q
16:05:42 <Cane> https://www.twitch.tv/esl_dota2 live again.
16:08:17 -!- Camail [~Camail@45.40.84.145] has joined #tlponies
16:08:17 -!- mode/#tlponies [+v Camail] by Q
16:09:49 <Camail> no
16:12:37 <Runbunny> No.
16:13:01 <Rawr|Fone> Jo
16:21:11 <Bio> there is a full on boomer across the street in my apt complex hitting golfballs on strings
16:21:31 <Bio> what a time we live in
16:29:18 -!- Rawr|Phone [~AndChat52@m83-185-87-223.cust.tele2.se] has joined #tlponies
16:58:11 <Cane> I want to laugh, but I shouldn't talk. If the pandemic prevented me from playing videogames, I'd probably craft DOOM out of handpuppets and string and ketchup.
17:03:32 <Bio> oh i know
17:03:42 <Bio> i mention it because i didn't see the strings at first
17:03:55 <Bio> and just thought he was hitting balls towards the parking lot
17:30:20 <Dot`> pons
17:33:07 <Bio> pen
17:45:51 <Cane> lol wtf was that fight.
18:34:53 <Cane> LUL
18:35:25 <Cane> OG holding on to the tips until Vikin.gg does a trainwreck of a throw.
18:35:26 <Cane> New meta.
18:37:14 <Bio> OG def define tip meta
18:38:03 -!- Micen [~Micen@h106.208.18.98.dynamic.ip.windstream.net] has joined #tlponies
18:51:18 <Cane> What in the hell is this game looool
18:57:11 <reification> quite an og game
19:08:06 <Dot`> where is skram today
19:36:29 -!- skram [~skram@82.147.53.148] has joined #tlponies
19:38:27 <skram> frens
19:40:15 <Rawr|Phone> There he is dot
19:40:19 <Rawr|Phone> Hi jonas dear
19:41:05 -!- Micen [~Micen@h106.208.18.98.dynamic.ip.windstream.net] has joined #tlponies
19:41:45 <skram> henrik my dear fren
19:43:42 <Rawr|Phone> How are you skrammypants
19:44:46 <skram> i am grrrreat
19:44:50 <skram> hows your face these days
19:47:00 <Rawr|Phone> Pretty good
19:47:14 <Rawr|Phone> Lots of work to do nowadays
20:04:13 <skram> its good to be busy, henrik
20:08:51 <Dot`> skram friend
20:08:57 <Dot`> where you been horse?
20:09:46 <Cane> lol wtf OG
20:09:46 <skram> been moving the last of my stuff
20:09:49 <skram> hit up the ikeas
20:13:05 <Cane> WTF
20:13:58 <skram> lel
20:14:14 <skram> I guess it doesnt matter so much when you're back to back TI champs
20:19:51 -!- Cane_ [~Cane@CaneCraft.users.quakenet.org] has joined #tlponies
20:19:51 -!- mode/#tlponies [+o Cane_] by Q
20:22:49 -!- tredc [~tredc@c83-254-129-166.bredband.comhem.se] has joined #tlponies
20:27:46 <Cane> Rude.
20:38:23 -!- Rawr|Fone [~AndChat52@c-94cfe455.020-164-6d6c6d4.bbcust.telenor.se] has joined #tlponies
20:44:37 <Runbunny> reification, skram https://www.youtube.com/watch?v=Sf6fUnHZSwI
20:53:06 <reification> hmm twitter says canadians have been getting $3500 coronamonies :O lucky zk
21:05:16 <Runbunny> I asked some canadians, they say it's true.
21:19:33 -!- Crisium [~Crisium@c-24-3-150-105.hsd1.pa.comcast.net] has joined #tlponies
21:23:17 -!- Camail_ [~Camail@45.40.84.145] has joined #tlponies
21:23:17 -!- mode/#tlponies [+v Camail_] by Q
21:28:30 -!- tredc [~tredc@c83-254-129-166.bredband.comhem.se] has joined #tlponies
21:39:58 <reification> runbunny https://twitter.com/AudemusX/status/1247733090878918662
21:42:29 <Runbunny> nice :D
21:46:27 <reification> skram you made one of these iirc? https://www.reddit.com/r/CasualUK/comments/fx71lk/giant_jaffacake_anyone_quite_pleased_with_the/
21:46:44 -!- Rawr|Fone [~AndChat52@c-94cfe455.020-164-6d6c6d4.bbcust.telenor.se] has joined #tlponies
21:48:05 <skram> I made slightly larger than normal jaffa cakes but the recipe is identical
21:48:46 <skram> I properly tempered my chocolate though, unlike this ruffian
21:49:17 <Dot`> you never told me how they tasted skram
21:49:29 <skram> ah no, not identical
21:50:12 <skram> and they were too orange-y because i used marmalade and orange jelly
21:51:51 <Dot`> CockRoach|42 https://imgur.com/gallery/BFDohrQ
21:52:03 <Dot`> you should have sent some to me and some to reif skram
21:52:07 <Dot`> so we could confirm
21:52:16 <skram> i was much too embarassed
21:55:23 -!- Rial [~Rial@p452019-ipngn200305sasajima.aichi.ocn.ne.jp] has joined #tlponies
21:57:13 <Dot`> dub` how is space?
22:02:35 <skram> dub went to space??
22:03:04 <Dot`> dub is space force now
22:03:44 <skram> you cant see me but im saluting right now
22:15:56 <Dot`> have you finished saluting yet?
22:16:16 <skram> im gonna keep at it until he answers
22:17:24 <Dot`> as is proper
22:18:16 <Rawr|Fone> Could take some time since he is in space
22:18:37 <Dot`> dedication rawr
22:22:11 <Dot`> skram, opinion on coffin dance meme?
22:22:35 <skram> ive not been able to keep up with the freshest memes lately
22:22:53 <reification> give examples dot
22:23:03 <Dot`> https://imgur.com/gallery/r9eMz2x
22:23:46 <Dot`> its no loops
22:24:07 <skram> this is white hot
22:25:05 <reification> looks like a rework of dark souls/gta game over memes
22:25:26 <Dot`> pretty much reof
22:25:28 <Dot`> reif
22:27:01 <Dot`> gta was just an image, DS one then was a gof
22:27:03 <Dot`> gif
22:27:08 <Dot`> now we have sound
22:33:44 -!- carcinisation [~thomas@cpc76294-cosh16-2-0-cust297.6-1.cable.virginm.net] has joined #tlponies
22:33:44 -!- mode/#tlponies [+v carcinisation] by Q
22:34:10 <Dot`> reif, hows your father doing? 
22:34:24 <Runbunny> .choose hunt path
22:34:43 <Runbunny> Should have added eat as well :/
22:34:49 <skram> too late
22:34:57 <Dot`> never eat
22:35:20 <Dot`> you reminded me im want food runbun, but i dont want to get out of bed
22:39:01 <DuB`> O
22:39:04 <DuB`> Space is great
22:39:22 <skram> You know what else is great? BANJOS https://www.youtube.com/watch?v=WMvpeYBnwTg
22:39:36 <skram> and pretty girls with accordians i guess
22:39:59 <skram> did you know that finnish is the languge of LOVE?
22:44:57 <DuB`> If you sey so
22:50:37 -!- reification [~thomas@cpc76294-cosh16-2-0-cust297.6-1.cable.virginm.net] has joined #tlponies
22:50:37 -!- mode/#tlponies [+v reification] by Q
22:56:02 <Dot`> https://imgur.com/gallery/ncCiLOi
22:57:26 <Camail_> skram not immediately also linking the weeb version?
22:57:29 <Camail_> i'm disapointed
22:58:50 <Dot`> hes probably too busy watchign his cartoons
23:00:01 <Dot`> skram, you started watching vtubers yet?
23:00:20 <skram> of course not, who would do such a thing
23:13:00 <DuB`> Monhun update in 45 min, oooh
23:13:51 <skram> whats new in this one pal
23:14:31 <DuB`> Even ANGRIER monkey, extra-explodey brachy, first batch of layered weapons
23:17:15 <skram> when are the calm monsters gonna show up
23:17:24 <skram> just give me a chill giant giraffe
23:35:53 -!- Rawr|Fone [~AndChat52@c-94cfe455.020-164-6d6c6d4.bbcust.telenor.se] has joined #tlponies
