00:01:24 <DuB`> nn gg!
00:18:54 <Runbunny> It's sleep time.
00:59:49 <skrm> DuB`
01:00:36 <DuB`> skrm
01:00:53 <skrm> good
01:03:31 -!- Rawr|Fone [~AndChat52@c-94cfe455.020-164-6d6c6d4.bbcust.telenor.se] has joined #tlponies
01:19:04 <skrm> .tell Bio https://www.youtube.com/watch?v=thjjIdScRtk&feature=youtu.be&t=260
02:40:58 -!- Westy543 [Westy543@c-24-130-12-152.hsd1.ca.comcast.net] has joined #tlponies
02:40:59 -!- mode/#tlponies [+v Westy543] by Q
03:44:42 -!- Rawr|Fone [~AndChat52@c-94cfe455.020-164-6d6c6d4.bbcust.telenor.se] has joined #tlponies
05:55:07 -!- skram [~skram@82.147.53.127] has joined #tlponies
06:48:35 -!- Rawr|Fone [~AndChat52@c-94cfe455.020-164-6d6c6d4.bbcust.telenor.se] has joined #tlponies
07:46:07 -!- Rawr|Fone [~AndChat52@c-94cfe455.020-164-6d6c6d4.bbcust.telenor.se] has joined #tlponies
07:53:23 <Dot`> morning
07:57:22 <Dot`> .tell runbunny https://imgur.com/gallery/8rwSRUN
07:59:40 <Rawr|Fone> DoT DoT DoT
08:00:12 <Dot`> Rawr Rawr Rawr
08:00:13 <Rawr|Fone> ❤❤❤
08:00:20 <Dot`> <3 <3 <3
08:20:29 -!- reification [~thomas@cpc76294-cosh16-2-0-cust297.6-1.cable.virginm.net] has joined #tlponies
08:20:29 -!- mode/#tlponies [+v reification] by Q
08:36:51 -!- carcinisation [~thomas@cpc76294-cosh16-2-0-cust297.6-1.cable.virginm.net] has joined #tlponies
08:36:51 -!- mode/#tlponies [+v carcinisation] by Q
08:38:06 -!- Runbunny [~Bunnykitt@91.100.28.10.generic-hostname.arrownet.dk] has joined #tlponies
08:38:37 <carcinisation> bun!
08:41:48 <Rawr|Fone> Reef reef!
08:41:52 <Rawr|Fone> Anders.
08:46:01 <Runbunny> Hai.
08:46:11 <carcinisation> roar roar
08:48:14 -!- Golly [~kvirc@cm-84.213.21.103.getinternet.no] has joined #tlponies
09:03:42 -!- tredc [~tredc@c83-254-129-166.bredband.comhem.se] has joined #tlponies
09:08:27 <Dot`> Reif, runbun
09:10:34 <Runbunny> Dot.
09:11:39 <carcinisation> dotties
09:34:46 <Dot`> hows all
09:35:15 <Dot`> runbun https://imgur.com/gallery/5QJ54cd
09:37:27 -!- reimeuk [~thomas@cpc76294-cosh16-2-0-cust297.6-1.cable.virginm.net] has joined #tlponies
09:37:27 -!- mode/#tlponies [+v reimeuk] by Q
09:51:11 <Runbunny> Those are quite the ears Dot.
10:00:45 <reimeuk> bun not-paper of the day, kinda good news edition: https://twitter.com/jonkay/status/1253148252733673473
10:01:43 <reimeuk> tl;dr large droplets not aerosol/surfaces
10:02:25 <Runbunny> Yeah. Didn't we know this already? 
10:03:19 <Runbunny> Mio played Return of the Obra Dinn earlier, she just said "Denmark" It's like she knows I exist.
10:03:20 <Runbunny> Yay!
10:03:29 <reimeuk> is just more analysis confirming what we suspected
10:03:49 <reimeuk> denmark is real now!
10:04:39 <Runbunny> Finally I get to be a real boy!
10:06:06 <reimeuk> the thing is it will take a fair amount of convincing to get many places to update to keeping and enhancing the important precautions and losing the ineffective but expensive ones
10:16:30 -!- carcinisation [~thomas@cpc76294-cosh16-2-0-cust297.6-1.cable.virginm.net] has joined #tlponies
10:16:30 -!- mode/#tlponies [+v carcinisation] by Q
10:47:05 -!- Rawr|Fone [~AndChat52@c-94cfe455.020-164-6d6c6d4.bbcust.telenor.se] has joined #tlponies
10:48:18 -!- Rawr|Phone [~AndChat52@m77-218-226-2.cust.tele2.se] has joined #tlponies
11:17:08 -!- Rawr|Fone [~AndChat52@c-94cfe455.020-164-6d6c6d4.bbcust.telenor.se] has joined #tlponies
11:25:33 -!- Rawr|Fone [~AndChat52@c-94cfe455.020-164-6d6c6d4.bbcust.telenor.se] has joined #tlponies
11:45:13 -!- Micen [~Micen@h106.208.18.98.dynamic.ip.windstream.net] has joined #tlponies
11:47:46 <carcinisation> dot https://twitter.com/LetsWeeb/status/1254123995202543617
11:50:16 -!- Zounds [webchat@cloak-07ouvien.14-2.cable.virginm.net] has joined #tlponies
11:50:27 <carcinisation> pretty good flag rawr https://commons.wikimedia.org/wiki/File:..Kalmar_Flag(SWEDEN).png
11:52:11 <Rawr|Fone> Hmm
11:57:30 <Zounds> hey
12:12:34 <Rawr|Fone> Hi zounds
12:27:53 -!- Rawr|Fone [~AndChat52@c-94cfe455.020-164-6d6c6d4.bbcust.telenor.se] has joined #tlponies
12:40:09 <carcinisation> bio https://twitter.com/NepuNepugear/status/1254154020865953794
12:42:30 -!- reification [~thomas@cpc76294-cosh16-2-0-cust297.6-1.cable.virginm.net] has joined #tlponies
12:42:30 -!- mode/#tlponies [+v reification] by Q
12:53:23 -!- Micen [~Micen@h106.208.18.98.dynamic.ip.windstream.net] has joined #tlponies
13:43:32 -!- DuB` [DuB@cpe-68-174-122-249.nyc.res.rr.com] has joined #tlponies
13:45:05 <Dot`> dub dub
13:46:06 <DuB`> Morning!
13:51:52 <Dot`> reif https://i.imgur.com/A2r8Gkn.jpg
13:52:04 <reification> lol
13:54:09 -!- Cane [~Cane@CaneCraft.users.quakenet.org] has joined #tlponies
13:54:09 -!- mode/#tlponies [+o Cane] by Q
14:00:19 -!- Micen [~Micen@h106.208.18.98.dynamic.ip.windstream.net] has joined #tlponies
14:15:53 <Dot`> hows the horses doing?
14:29:17 <DuB`> Wonderin wat do
14:29:36 <DuB`> Get space-rich? Hun mons? Practice shoots?
14:29:51 <Dot`> so many options
14:33:29 <Runbunny> Indeed.
15:08:18 -!- Micen [~Micen@h106.208.18.98.dynamic.ip.windstream.net] has joined #tlponies
15:10:44 -!- Rawr|Fone [~AndChat52@c-94cfe455.020-164-6d6c6d4.bbcust.telenor.se] has joined #tlponies
15:11:21 <reification> https://twitter.com/acczibit/status/1254058378445361152
15:33:50 -!- skram [~skram@82.147.53.85] has joined #tlponies
15:35:49 -!- Zounds [webchat@cloak-07ouvien.14-2.cable.virginm.net] has joined #tlponies
15:40:30 -!- carcinisation [~thomas@cpc76294-cosh16-2-0-cust297.6-1.cable.virginm.net] has joined #tlponies
15:40:30 -!- mode/#tlponies [+v carcinisation] by Q
15:40:45 <Rawr|Fone> Jonas
15:40:48 <Rawr|Fone> Zounds
15:40:59 <Zounds> rawr
15:41:16 <Rawr|Fone> Good evening dear friend
15:43:54 <skram> hej pals, gotta run
15:46:46 <Runbunny> Bye Jonas.
15:54:06 <Rawr|Fone> How rude
16:42:57 -!- reimeuk [~thomas@cpc76294-cosh16-2-0-cust297.6-1.cable.virginm.net] has joined #tlponies
16:42:57 -!- mode/#tlponies [+v reimeuk] by Q
17:04:37 -!- skrm [webchat@pioj.eid3.887x.ip] has joined #tlponies
17:05:14 <Dot`> skrm
17:05:19 <skrm> Dot`
17:19:01 -!- Camail [~Camail@45.40.84.145] has joined #tlponies
17:19:01 -!- mode/#tlponies [+v Camail] by Q
17:22:55 <Rawr|Fone> Good evening camail
17:23:03 <Rawr|Fone> Welcome back skrm
17:23:57 -!- carcinisation [~thomas@cpc76294-cosh16-2-0-cust297.6-1.cable.virginm.net] has joined #tlponies
17:23:57 -!- mode/#tlponies [+v carcinisation] by Q
17:26:42 <Dot`> camamail!
17:33:39 <Camail> pls
17:34:02 <Dot`> your welcome
17:34:55 <skrm> cam
17:34:58 <Camail> skram
17:35:14 <skrm> good
17:35:23 <Dot`> is it?
17:35:42 <skrm> obviously
17:38:05 <Dot`> interisting
17:54:45 <carcinisation> skram runbunny NSFW in parts https://twitter.com/GothicLoliIdol/status/1254002918816206849
17:55:24 <carcinisation> this also belongs https://twitter.com/CuteAnimeBot/status/1253571902511202305
17:57:34 <carcinisation> dub can watch this too https://twitter.com/botttomtext/status/1253787059719815170
18:09:27 -!- reimeuk [~thomas@cpc76294-cosh16-2-0-cust297.6-1.cable.virginm.net] has joined #tlponies
18:09:27 -!- mode/#tlponies [+v reimeuk] by Q
18:15:26 <skrm> i dont think imma open it at work reif :P
18:15:56 <reimeuk> you need more 'a's
18:16:23 <skrm> too true
18:30:27 <Runbunny> reimeuk, https://www.youtube.com/watch?v=QuC8adML-sk
18:42:44 -!- Rawr|Fone [~AndChat52@c-94cfe455.020-164-6d6c6d4.bbcust.telenor.se] has joined #tlponies
18:46:14 <Dot`> dub pls
18:53:21 <reimeuk> runbunny i watched the stream
19:05:18 -!- Rawr|Fone [~AndChat52@c-94cfe455.020-164-6d6c6d4.bbcust.telenor.se] has joined #tlponies
19:06:42 <Runbunny> oh.
19:18:11 <reimeuk> runbunny https://www.youtube.com/watch?v=_SsYzF2jOHQ
19:46:20 -!- reification [~thomas@cpc76294-cosh16-2-0-cust297.6-1.cable.virginm.net] has joined #tlponies
19:46:20 -!- mode/#tlponies [+v reification] by Q
20:04:05 -!- Rawr|Fone [~AndChat52@c-94cfe455.020-164-6d6c6d4.bbcust.telenor.se] has joined #tlponies
20:26:47 -!- sweetiebot [~skybot@209.141.41.184] has joined #tlponies
20:35:32 -!- Rawr|Fone [~AndChat52@c-94cfe455.020-164-6d6c6d4.bbcust.telenor.se] has joined #tlponies
20:54:24 -!- reify [~reificati@cpc76294-cosh16-2-0-cust297.6-1.cable.virginm.net] has joined #tlponies
21:05:46 <skrm> Runbunny?
21:06:02 <Runbunny> Jonas.
21:06:05 <Runbunny> Hello.
21:06:39 <skrm> Hi.
21:06:52 <skrm> Whats your face doing, Anders.
21:07:38 <Runbunny> I'm all right.
21:08:10 <Runbunny> I have a match in like 21 hours.
21:08:21 <skrm> What sort of match
21:08:27 <skrm> Are you doing MMA again
21:09:01 <Runbunny> CSGO.
21:09:06 <Runbunny> We joined a league.
21:09:19 <skrm> ah
21:09:20 <skrm> neat
21:09:26 <skrm> are you global yet
21:11:28 <Runbunny> lol no.
21:11:45 <Runbunny> My head is usually too full of bullets to be global.
21:11:49 <Rawr|Fone> You are global in our hearts bunbun
21:12:44 <Runbunny> You're only saying that to make me feel round.
21:13:25 <Rawr|Fone> I believe in you Anders
21:17:04 <Runbunny> I'll do my best.
21:20:47 -!- Micen [~Micen@h106.208.18.98.dynamic.ip.windstream.net] has joined #tlponies
21:21:03 <Rawr|Fone> That is enough for me runbun
21:30:45 -!- Rawr|Fone [~AndChat52@c-94cfe455.020-164-6d6c6d4.bbcust.telenor.se] has joined #tlponies
21:43:44 <reification> runbun is carrying the tlp esports dream now? :O
21:52:03 <Runbunny> I am gambling.
21:52:30 <Runbunny> Didn't you play on an overwatch team Reif?
21:52:48 -!- carcinisation [~thomas@cpc76294-cosh16-2-0-cust297.6-1.cable.virginm.net] has joined #tlponies
21:52:48 -!- mode/#tlponies [+v carcinisation] by Q
21:55:06 <carcinisation> .tell bio https://pbs.twimg.com/media/EWVeIIqWkAEq1Fl.jpg https://twitter.com/loneargos/status/1254190500518621184
21:57:37 <Runbunny> DvB`, I melded 156 incandescent weapons and I didn't get the charge blade.
21:58:08 <carcinisation> maybe the 157th time will be the charm
21:59:56 <Runbunny> I would but I am out of materials.
22:28:30 <Camail> are you trying to get a KT weapon
22:28:44 <Camail> hasnt that made you miserable before?
22:59:27 -!- reimeuk [~thomas@cpc76294-cosh16-2-0-cust297.6-1.cable.virginm.net] has joined #tlponies
22:59:27 -!- mode/#tlponies [+v reimeuk] by Q
23:55:03 <Runbunny> Well Camail, maybe.
