07:09:52 -!- Rawr|Fone [uid440384@id-440384.highgate.irccloud.com] has joined #tlponies
07:20:00 -!- Dot` [webchat@cloak-mxi127u6.230.208.46.dyn.plus.net] has joined #tlponies
08:09:24 <Rawr|Fone> DoT DoT DoT
08:12:07 -!- Runbunny [~Bunnykitt@91.100.28.10.generic-hostname.arrownet.dk] has joined #tlponies
08:12:29 <Dot`> Rawr Rawr Runbun
08:12:31 <Dot`> <3 <3 <3
08:15:25 <Runbunny> Hai.
08:16:23 <Rawr|Fone> ❤❤❤
08:16:28 <Rawr|Fone> Anders.
08:23:34 <Runbunny> Henrik.
08:35:23 -!- CellRoach [~AndChat14@m83-187-186-4.cust.tele2.se] has joined #tlponies
09:43:31 -!- Rawr|Fone [uid440384@2001:67c:2f08:1::6:b840] has joined #tlponies
10:24:19 -!- skram [~skram@ip-163-41-102-94.eidsiva.net] has joined #tlponies
10:38:26 <Rawr|Fone> Jonas
10:42:34 <skram> Henrik
10:47:40 <Dot`> Jonas, Henrik
11:00:54 <skram> Bjørn
11:40:03 <skram> i have to go to work :((((((((((((((((((((((((
11:55:23 <BioSC> work time 2
11:56:20 <Dot`> werk werk
12:29:53 -!- BioPhone [~androirc@12.33.239.117] has joined #tlponies
12:30:29 <Dot`> need to go into the office now to pick up a gas monitor
12:32:41 <Runbunny> Godspeed friend.
12:48:14 -!- BioPhone [~androirc@12.33.239.117] has joined #tlponies
12:52:49 -!- BioPhone [~androirc@12.33.239.117] has joined #tlponies
13:00:54 -!- BioPhone [~androirc@12.33.239.117] has joined #tlponies
13:04:02 <Rawr|Fone> Runbunny
13:04:08 <Rawr|Fone> Are you being a good bun today
13:12:19 -!- BioPhone [~androirc@12.33.239.117] has joined #tlponies
13:15:21 <Runbunny> Yes.
13:16:01 <Runbunny> I don't think I have broken any laws today.
13:17:13 <Runbunny> And I was only outside briefly so there's a low risk of me being infected.
13:19:20 <BioPhone> Morn
13:19:27 <BioPhone> At werk
13:19:40 <BioPhone> Writing install docs for a customer
13:19:55 <BioPhone> Fukin lab reports were useful fug
13:20:20 <Runbunny> Hai Bio.
13:23:48 <BioPhone> Hoi
13:31:23 -!- Gollie [~Golly@cm-84.213.21.103.getinternet.no] has joined #tlponies
13:31:27 <Rawr|Fone> Good job bun
13:33:05 <Golly> new pc who dis
13:41:52 -!- BioPhone [~androirc@12.33.239.117] has joined #tlponies
13:45:34 <Runbunny> Hai Golly.
13:46:22 <Golly> i had to get edge and cortana off my back
13:46:47 <Golly> they were quite intimidating
13:51:06 <BioPhone> Dot I got that rifle back you hid ina bush
13:51:08 <BioPhone> Well done
13:51:48 <Runbunny> O:
13:51:53 <BioPhone> Now to figure out where to get boolet. For it
13:52:09 <Runbunny> How does that work?
13:53:28 <BioPhone> Prapor' suicidal goons go and magically find it after we die.
13:53:41 <BioPhone> As long as we pay him rubles to insure it
13:53:47 <Runbunny> Oh!
13:54:00 <BioPhone> They take our bullets though, punks
13:54:03 <Runbunny> Slav magic is the best.
13:54:23 <BioPhone> Truly good stuff
14:08:03 <Dot`> Back
14:37:28 <Dot`> Bio, just need to get lvl 10
14:37:53 <Runbunny> Fight scavs, get levels?
14:38:01 <Runbunny> Or was that by selling stuff?
14:40:33 <Dot`> kill things, loot things, survive
15:44:43 <BioPhone> Yeah, might run woods tonight and get some scav kills
15:46:16 <Dot`> i really should
16:01:20 <Runbunny> Get 'em Dot.
16:01:23 <Runbunny> Kill them all!
16:02:23 <Dot`> its stressful bun, a lot more fun with friends
16:12:22 <BioPhone> Gotta make sure the woods don't kill dots intranets too
16:13:53 <Dot`> I blame being on an NA server
16:34:23 -!- DuB` [DuB@cpe-68-174-122-249.nyc.res.rr.com] has joined #tlponies
16:35:12 <Dot`> Dub Dub
16:36:34 <DuB`> Dot Dot
16:50:22 -!- reification [~thomas@cpc76294-cosh16-2-0-cust297.6-1.cable.virginm.net] has joined #tlponies
16:50:22 -!- mode/#tlponies [+v reification] by Q
16:51:09 -!- skrm [webchat@pioj.eid3.887x.ip] has joined #tlponies
16:51:09 <Dot`> reif
16:51:12 <skrm> reif
16:51:22 <reification> dot skram
16:51:46 <reification> runbunny https://danbooru.donmai.us/posts/4054702
16:51:55 <Runbunny> Hai.
17:05:04 <Dot`> its a skrm, been a while
17:10:06 <skrm> a whole gosh dang month
17:10:18 <skrm> im already looking forward to my next summer break
17:37:15 -!- BioPhone [~androirc@12.33.239.117] has joined #tlponies
17:43:58 -!- BioPhone [~androirc@12.33.239.117] has joined #tlponies
17:59:19 -!- BioPhone [~androirc@12.33.239.117] has joined #tlponies
17:59:58 -!- BioPone [~androirc@12.33.239.117] has joined #tlponies
18:24:21 -!- Rawr|Fone [uid440384@2001:67c:2f08:1::6:b840] has joined #tlponies
18:35:06 -!- Cane [~Cane@CaneCraft.users.quakenet.org] has joined #tlponies
18:35:07 -!- mode/#tlponies [+o Cane] by Q
18:44:18 <Rawr|Fone> 🐴🐴🐴
18:44:57 <Dot`> Rawr Rawr
18:45:28 <Rawr|Fone> DoT DoT
18:45:30 <Rawr|Fone> ❤❤
18:49:05 <Dot`> <3 <3
18:49:11 <Dot`> hows you rawr
18:49:40 <Rawr|Fone> Gooood
18:49:54 <Rawr|Fone> Played some table tennis today
18:50:06 <Dot`> great
18:50:32 <BioPhone> Pnai
19:06:59 <Rawr|Fone> How has your day been dot
19:08:46 <Runbunny> reification, skrm https://www.youtube.com/post/UgxCENaamk4gFi-uZPV4AaABCQ
19:09:47 <reification> 🍔🍔🍔
19:12:21 <Dot`> its been ok rawr, im rather sleepy now
19:14:32 <Rawr|Fone> Well it's not long until bed time
20:03:07 <reification> skram bun https://pbs.twimg.com/media/EfmGqMCX0AYiFxE?format=jpg&name=large
20:03:29 -!- Crisium [~Crisium@pool-71-182-195-119.pitbpa.fios.verizon.net] has joined #tlponies
20:03:49 <reification> hi cris
20:04:21 <Runbunny> Hachama-chama.
20:04:42 <Crisium> howdy folks
20:06:08 <reification> so that's how it's done https://twitter.com/EyePoppingFact/status/1294477257306566660
20:06:09 -!- CrisPone [uid127042@id-127042.highgate.irccloud.com] has joined #tlponies
20:43:10 <BioPhone> X
20:57:55 <Dot`> Crisium <3
21:01:45 -!- Golly [~Golly@cm-84.213.21.103.getinternet.no] has joined #tlponies
21:22:40 <Dot`> DuB`: https://www.reddit.com/r/MapPorn/comments/i2scim/the_surface_of_mars_if_like_earth_71_of_its
21:25:41 <DuB`> Ooh v nice
21:25:51 -!- BioPone [~androirc@097-070-165-146.res.spectrum.com] has joined #tlponies
21:42:03 <reification> night all
21:46:18 <Rawr|Fone> Good night reef reef
21:54:22 -!- skram [~skram@ip-163-41-102-94.eidsiva.net] has joined #tlponies
21:56:40 -!- Camail [~Camail@45.40.84.145] has joined #tlponies
21:56:40 -!- mode/#tlponies [+v Camail] by Q
21:56:58 <Rawr|Fone> Jonas
21:57:39 <skram> Good evening mr henriken
21:57:41 <BioWork> hom
21:57:49 <BioSC> hoi
21:58:04 <skram> hoi
22:11:51 <BioSC> sir skorm
22:11:54 <BioSC> how do
22:13:10 <skram> am good
22:13:12 <skram> how is u
22:16:04 <BioSC> oke
22:16:28 <BioSC> tryna come up with some motivation to do things besides just sit here lel
22:18:24 <skram> meh
22:18:30 <skram> go look at cool stuff on the internet instead
22:23:03 <BioSC> too true
22:44:52 -!- BioPone [~androirc@097-070-165-146.res.spectrum.com] has joined #tlponies
22:55:41 -!- BioPone [~androirc@097-070-165-146.res.spectrum.com] has joined #tlponies
23:22:01 <BioSC> asdf
23:22:27 <Runbunny> Did you find your resolve?
