00:14:25 <Runbunny> Dot`, Hob is 8/12 ?!?!
00:14:35 <Runbunny> When did that happen?
00:38:24 -!- DuB` [DuB@cpe-68-174-122-249.nyc.res.rr.com] has joined #tlponies
03:45:23 -!- Rawr|Fone [uid440384@id-440384.highgate.irccloud.com] has joined #tlponies
08:47:06 -!- Dot|Phone [uid393803@id-393803.brockwell.irccloud.com] has joined #tlponies
08:49:44 <Rawr|Fone> DoT DoT DoT
08:49:47 <Rawr|Fone> 💖💖💖
08:56:13 <Dot|Phone> Rawr Rawr Rawr 
08:56:16 <Dot|Phone> 💖💖💖
08:56:37 <Rawr|Fone> I played some more hafes yesterday dot
08:57:33 <Rawr|Fone> I have cleared it 4 times, but it seems like there is a lot more story left
09:00:37 <Dot|Phone> 4 times? Rawr why am I so bad
09:01:01 <Rawr|Fone> Probably not doing the easy build
09:02:28 <Dot|Phone> Oh. You is the same build? 
09:03:46 -!- skram [~skram@109.203.22.118] has joined #tlponies
09:03:52 <Rawr|Fone> Three times with the bow and once with the gun
09:04:02 <Rawr|Fone> Basically the same build though
09:04:05 <Rawr|Fone> Jonas
09:05:16 <Dot|Phone> Jonas friend
09:05:32 <Dot|Phone> Ah well then Rawr. I feel less bad
09:05:41 <Dot|Phone> I'm still bad at game though
09:08:49 <Rawr|Fone> How many runs have you done?
09:09:03 <skram> Bjørn, Henrik
09:09:05 <skram> The Boys
09:09:37 <Rawr|Fone> God morgon jonas min käre vän
09:23:08 <Dot|Phone> It started slushy raining skram. That's close to snow
09:23:19 <skram> one step ahead of you, dear friend
09:23:23 <skram> it is snowing here today
09:23:30 <Dot|Phone> Only problem is I was mid walk to work
09:24:14 <skram> ah
09:24:32 <skram> did you have your winter coat on
09:24:57 <Dot|Phone> If course
09:25:03 <skram> good
09:36:28 -!- Runbunny [~Bunnykitt@91.100.28.10.generic-hostname.arrownet.dk] has joined #tlponies
09:36:43 <Runbunny> Yay weekend!
09:36:50 <skram> Yay weekend!
09:37:01 <Runbunny> Jonas, gamle dreng.
09:37:10 <skram> Anders, gamle røver
09:37:14 <Runbunny> :D
09:37:52 <skram> I have been watching a tv series about a danish farmer lately
09:37:59 <Runbunny> We should see if we can get Zounds, then we can play some bgs together.
09:38:09 <Runbunny> Bonderøven?
09:38:15 <skram> yeah
09:38:24 <skram> what a hipster
09:38:37 <skram> isnt zounds alliance?
09:38:40 <Runbunny> He is the hispterest
09:38:46 <Runbunny> So am i?
09:38:49 <skram> oh
09:39:06 <Runbunny> Jonas...
09:39:08 <skram> i have no max level alliance boys these days
09:39:14 <Runbunny> Hmm.
09:39:36 <Dot|Phone> Well get to it skram
09:39:38 <Runbunny> This is a conundrum. 
09:41:07 <Dot|Phone> How long did it take to get max lvl? Like 2 hours
09:41:18 <skram> about 10 or 12
09:41:35 <Dot|Phone> Oh. A casual half day
09:43:05 <Runbunny> Look at this epic pro gamer.
09:43:43 <Runbunny> You have probably already done the god run 1, 2 and 3 Dot.
09:44:12 <skram> have you done any mythics yet ranban
09:44:39 <Dot|Phone> Runbun. I couldn't even finish DS1
09:47:03 <Runbunny> Yeah Jonas.
09:47:17 <Runbunny> He is even humble!
09:50:29 -!- reification [~thomas@cosh-18-b2-v4wan-161487-cust30.vm10.cable.virginm.net] has joined #tlponies
09:50:29 -!- mode/#tlponies [+v reification] by Q
09:50:57 <Runbunny> Hai Reification.
09:51:07 <reification> hello runbunny
09:58:27 <Dot|Phone> Reif! 
09:58:34 <reification> dotties!
09:58:45 <Dot|Phone> Any snow down south? 
10:18:38 <reification> cold but no snow :(
10:18:46 <reification> how about you?
10:26:37 <Dot|Phone> Slushy snow 
10:44:49 <Runbunny> Is it yay or nay?
10:55:36 <reification> sounds unsatisfying 
11:02:51 <Dot|Phone> Indeed
11:05:33 <reification> go here dotties https://www.reddit.com/r/CasualUK/comments/k6iinz/the_peak_district_at_10am_this_morning/
11:13:46 <Dot|Phone> I'm suppose to be heading to bakewell tomorrow
11:44:10 -!- Cane [~Cane@CaneCraft.users.quakenet.org] has joined #tlponies
11:44:10 -!- mode/#tlponies [+o Cane] by Q
11:46:18 <Dot|Phone> Hey Cane
12:34:53 -!- Golly [~Username@cm-84.213.21.103.getinternet.no] has joined #tlponies
13:45:13 <BioSC> goooooooood morning party ponies
13:46:54 <reification> hi bio
13:54:03 <BioSC> https://www.gematsu.com/2020/12/persona-5-strikers-coming-west-for-ps4-switch-and-pc-on-february-23-2021
13:54:05 <BioSC> bruh
13:55:26 <reification> ooh
13:55:52 <skram> bruh
13:55:58 <skram> i resent your accusation
13:56:01 <skram> i am no party pon
13:57:30 <Rawr|Fone> Party horsr
13:57:35 <Rawr|Fone> Horse
13:58:23 <reification> 🎉🐎🎈
14:01:03 <BioSC> then why are you wearing the hat of party?
14:01:13 <skram> neigh
14:01:19 <skram> tis the hat of quiet contemplation
14:18:30 -!- tredc [~tredc@c83-254-129-166.bredband.comhem.se] has joined #tlponies
14:29:27 <Dot|Phone> Skram seems pretty party pony right now
14:29:57 <Golly> no party
14:29:59 <Golly> only poop
14:35:20 <BioSC> https://i.imgur.com/6fpCTuf.png
14:35:20 <BioSC> skrm
14:40:51 <skram> rip
14:42:42 <BioSC> as a mage, i've found it faster to just port back to oribos if i need to change zones lel
14:48:54 <skram> as a night fae, i only travel by mushroom
14:50:15 <BioSC> pretty sure thats just getting high then having faeries carry you places while you are stoned
14:50:27 <skram> sounds perfect
16:20:38 <Rawr|Fone> Weekend
16:21:06 <reification> well done rawr
16:21:39 <Rawr|Fone> Thank you reef reef, lots of work this week
16:34:21 <reification> Depending on the Planck energy cutoff and other factors, the discrepancy is as high as 120 orders of magnitude,[1] a state of affairs described by physicists as "the largest discrepancy between theory and experiment in all of science"[1] and "the worst theoretical prediction in the history of physics."
16:34:29 <reification> - https://en.wikipedia.org/wiki/Cosmological_constant_problem
16:37:29 <reification> also there is this: https://en.wikipedia.org/wiki/Axis_of_evil_(cosmology)
17:07:29 <BioSC> skorm
17:07:36 <BioSC> doin some mythic dungeons tonit
17:09:09 <BioSC> will probably do a bit of a cheeky strim
17:17:07 <reification> with your fast new internets
17:22:30 <Dot|Phone> Time to start the cold dark walk home
17:23:39 <Runbunny> Take care Dot.
17:52:30 -!- Runbunny [~Bunnykitt@91.100.28.10.generic-hostname.arrownet.dk] has joined #tlponies
17:55:52 <BioSC> watch out for drop bears
18:15:51 -!- reify [~reificati@cosh-18-b2-v4wan-161487-cust30.vm10.cable.virginm.net] has joined #tlponies
18:19:45 -!- Dot` [webchat@cloak-jygyb6tz.57.143.150.dyn.plus.net] has joined #tlponies
18:20:27 <Dot`> Made it
18:20:41 <Dot`> it was cold and pouring rain
18:20:49 <Dot`> but i made a stop at the shops to pick up a pizza
18:35:24 <reify> what kind?
18:36:02 <Dot`> meat lovers and then i added olives, some chillie and more cheese
18:39:16 -!- skram [~skram@109.203.22.118] has joined #tlponies
18:39:36 <skram> went to town to get pizza
18:39:39 <skram> car died on the way home
18:39:42 <skram> now pizza is cold
18:40:01 <Dot`> ooh no D:
18:40:18 <Dot`> you should have shoved it down quick before gettign out the car
18:58:18 <BioSC> i was just about to think about pza
18:58:27 <BioSC> time to get chiburger piza
18:58:32 <BioSC> full murrican
19:35:59 <reify> bio i know you like the icefight https://twitter.com/AIR_News01/status/1334833690321416193
19:44:00 <reify> also there is this https://twitter.com/BeigeShiba/status/1334829781150388225
19:56:16 -!- reify [~reificati@cosh-18-b2-v4wan-161487-cust30.vm10.cable.virginm.net] has joined #tlponies
20:01:12 <BioSC> She's a WITCH
20:01:17 <BioSC> also i'm conflicted
20:01:35 <BioSC> full degeneracy with the most powerful display of athletics known to mankind
20:01:43 <BioSC> stahp tempt me so
20:02:17 <skram> bio lets do a watchalong of the ice fight animated tv series
20:23:36 <Golly> https://youtu.be/f4ZRK8YLmPc
21:37:27 <Dot`> horse
21:41:32 <BioSC> horse?
21:42:19 <Golly> correct
21:53:06 <reify> memes are the international language
21:58:53 <BioSC> correct horse battery staple
22:18:32 <skram> how did you know my password
22:23:30 <BioSC> finally guessed it after all these years
22:59:19 -!- DuB` [DuB@cpe-68-174-122-249.nyc.res.rr.com] has joined #tlponies
23:00:18 <skram> Dub. You've arrived.
23:00:49 <Dot`> dub dub
23:02:17 <skram> He's ignoring us, Dot`
23:02:28 <Dot`> rude
23:03:27 <BioSC> very
23:03:34 <BioSC> frig i was gonna strim
23:03:37 <BioSC> one sec
23:05:47 <DuB`> Ohao
23:11:22 <skram> where have you been young man
23:11:29 <skram> dot has been worried sick
23:15:18 <BioSC> hey
23:15:20 <BioSC> ?biogaming
23:15:29 <BioSC> www.twitch.tv/biogaming
23:15:35 <BioSC> its wow, don't watch
23:16:13 <BioSC> friggin around with audio atm
23:16:24 <Dot`> dub, did you complete all your work 
23:16:27 <Dot`> and get pizza
23:20:51 <DuB`> No pizza yet
23:20:54 <DuB`> Work is done enough
23:24:00 <DuB`> I had a manager assume I was an experienced senior associate (3-4 years) law-background person today, based on my research 'n writing skillz
23:24:17 <DuB`> But I'm just a 1.5-year accounting background newbie! Hah! 
23:24:19 <DuB`> So that was nice
23:24:25 <Dot`> nice
23:24:44 <Dot`> now ask for the related salary
23:26:07 <DuB`> Saving all my good boy points for potential promotion next summer
23:51:12 <reify> neat https://www.bbc.co.uk/news/world-europe-55195390
