00:08:37 -!- Rawr|Fone [~AndChat52@c-94cfe455.020-164-6d6c6d4.bbcust.telenor.se] has joined #tlponies
00:32:39 <skram> DuB`
00:33:42 <Crisium> Dab
00:34:11 <skram> cris
00:34:13 <skram> anthemums
00:34:30 <DuB`> skrum 'n crismimum
00:35:48 <skram> https://www.youtube.com/watch?v=zSWNWWREtsI
00:36:13 <DuB`> Needs more traffic cone saxes
00:36:26 <skram> kruangbin is my favorite 70's thai psychadelic rock band
00:36:40 <DuB`> But there are so many
00:36:58 <skram> das true, but this one is my fave
00:37:09 <DuB`> mm mmm
00:37:30 <DuB`> My kebab has fries in it today and it's good
00:38:17 <skram> have you seen the bass player though
00:38:33 <skram> she looks like a femme fatale from an austin powers flick in the best possible way
00:39:56 <DuB`> :o
02:23:32 -!- Rawr|Fone [~AndChat52@c-94cfe455.020-164-6d6c6d4.bbcust.telenor.se] has joined #tlponies
03:39:26 -!- Rawr|Fone [~AndChat52@c-94cfe455.020-164-6d6c6d4.bbcust.telenor.se] has joined #tlponies
03:52:38 <Bio> asdf
03:53:18 <Bio> I played Dune the boardgame tonight fellaz
03:53:33 <Bio> 10/10 can recommend its as fun as MCDM makes it look
04:55:11 <Micen> nice. 
04:55:33 <Micen> i wish it were easier to get into boardgames out here. 
05:06:36 -!- Rawr|Fone [~AndChat52@c-94cfe455.020-164-6d6c6d4.bbcust.telenor.se] has joined #tlponies
05:25:23 <Rawr|Fone> 🐴🐴🐴
05:33:57 -!- Rawr|Phone [~AndChat52@83.191.101.207] has joined #tlponies
06:05:25 -!- Micen [~Micen@98.23.74.6] has joined #tlponies
07:16:01 <Rawr|Phone> 🐴🐴🐴
07:36:28 -!- Dot|Phone [uid393803@2001:67c:2f08:5::6:24b] has joined #tlponies
07:42:56 -!- Rawr|Fone [~AndChat52@c-94cfe455.020-164-6d6c6d4.bbcust.telenor.se] has joined #tlponies
07:49:12 -!- Rawr|Fone [~AndChat52@c-94cfe455.020-164-6d6c6d4.bbcust.telenor.se] has joined #tlponies
08:01:39 -!- wololo [Westy543@c-24-130-12-152.hsd1.ca.comcast.net] has joined #tlponies
08:01:45 -!- mode/#tlponies [+v wololo] by Q
08:27:46 -!- Rawr|Fone [~AndChat52@c-94cfe455.020-164-6d6c6d4.bbcust.telenor.se] has joined #tlponies
08:45:25 -!- Golly [~kvirc@cm-84.213.21.103.getinternet.no] has joined #tlponies
08:46:53 <Dot|Phone> Rawr Rawr Rawr 
08:46:57 <Dot|Phone> 🦓🦓🦓
08:57:00 <Rawr|Fone> DoT DoT DoT
08:57:02 <Rawr|Fone> 🐴🐴🐴
09:08:25 -!- Rial [~Rial@p2429120-ipngn200603tokaisakaetozai.aichi.ocn.ne.jp] has joined #tlponies
09:13:02 <Dot|Phone> Hey rial
09:20:38 -!- Runbunny [~Runbunny@91.100.28.10.generic-hostname.arrownet.dk] has joined #tlponies
09:20:43 <Rawr|Fone> Good morning rial
09:20:46 <Rawr|Fone> Anders.
09:21:11 <Runbunny> Hai.
09:21:17 <Runbunny> I "work" from home today.
09:21:47 <Dot|Phone> Angel
09:21:51 <Dot|Phone> This is great news
09:22:16 <Runbunny> I guess.
09:22:58 <Runbunny> Just means more trouble rest of the week.
09:23:05 <Runbunny> Maybe.
09:24:33 <Runbunny> .tell reification https://twitter.com/Descend222/status/1231852466536353795
09:30:26 -!- Rawr|Phone [~AndChat52@83.191.101.207] has joined #tlponies
09:53:18 -!- reification [~thomas@cpc76294-cosh16-2-0-cust297.6-1.cable.virginm.net] has joined #tlponies
09:53:18 -!- mode/#tlponies [+v reification] by Q
09:53:39 <reification> morning tlp
09:58:40 <reification> i clearly need to finish my coffee
09:59:15 <reification> just dmed all the vtuber links to sweetie instead of runbun >.>
10:03:06 -!- Micen [~Micen@h6.74.23.98.dynamic.ip.windstream.net] has joined #tlponies
10:16:46 <Dot|Phone> Lol
10:16:51 <Dot|Phone> Morning Reif
10:21:27 <reification> hej dotties
10:57:42 <Runbunny> O:
11:09:59 -!- skram [~skram@82.147.53.220] has joined #tlponies
11:12:20 -!- tredc [~tredc@c83-254-129-166.bredband.comhem.se] has joined #tlponies
11:18:49 -!- Rawr|Fone [~AndChat52@c-94cfe455.020-164-6d6c6d4.bbcust.telenor.se] has joined #tlponies
11:25:58 -!- Rawr|Fone [~AndChat52@c-94cfe455.020-164-6d6c6d4.bbcust.telenor.se] has joined #tlponies
11:26:00 <Rawr|Fone> 🐴🐴🐴
11:31:07 <Dot|Phone> Jonas friend
11:32:20 <Rial> Morning, all
11:45:31 <Runbunny> Or is it night time ?!?!
11:45:35 <Runbunny> Who really knows?
11:47:37 <reification> i do, still 13 minutes of morning
11:47:47 <reification> better be productive in them
11:53:03 <Runbunny> Morning ended 3 hours ago. O:
11:59:11 <skram> morning lats til noon run of buns
11:59:18 <skram> also hello everynyan
12:01:04 <Dot|Phone> Are you having a stroke skram? 
12:07:14 <skram> boy i wish
12:29:58 <Dot|Phone> What's the plan today skram
12:41:18 <skram> im gonna make breakfast and then start packing my books
12:41:59 <skram> last time i moved i had about 200kgs of books
12:51:02 <Dot|Phone> Yea. Books where about half my stuff when I moved
12:52:45 <skram> i should toss them and get one of them new fangled digital internet books
12:53:05 <skram> or maybe i should just take a picture of each page so i dont need the physical copy
12:53:57 <Dot|Phone> Nooo
12:54:06 <Dot|Phone> Can't get rid of books you monster
12:56:05 -!- Rawr|Fone [~AndChat52@85.228.207.148] has joined #tlponies
13:01:44 <Runbunny> skram, then what the hell is "formiddag"
13:01:47 <Runbunny> reification, https://youtu.be/rzx0T9cxd6o?t=3465
13:02:16 <skram> its the period between morning and noon runbun
13:02:23 <skram> literally before midday
13:09:58 <reification> i have reblochon cheese skram, it's really good
13:11:00 <skram> I havent been able to find that up here yet reif :(
13:15:15 <Bio> asdf
13:15:20 <Dot|Phone> Bio boi
13:15:26 <Bio> ye
13:15:31 <Bio> i dun wan go werk
13:15:37 <Bio> but i must
13:15:44 <skram> then dun
13:15:59 <Bio> fdsa
13:28:19 -!- Rawr|Fone [~AndChat52@c-94cfe455.020-164-6d6c6d4.bbcust.telenor.se] has joined #tlponies
13:37:23 -!- Rawr|Fone [~AndChat52@c-94cfe455.020-164-6d6c6d4.bbcust.telenor.se] has joined #tlponies
13:37:24 <Rawr|Fone> Horses
13:42:29 <BioPone> I here
13:42:37 <BioPone> Neigh btw
13:52:20 <Rawr|Fone> Hai bio
14:02:29 <BioPone> Henlo
14:05:13 -!- Rawr|Fone [~AndChat52@c-94cfe455.020-164-6d6c6d4.bbcust.telenor.se] has joined #tlponies
14:30:03 <Rial> Time for sleep. Good morning
14:33:15 <Rawr|Fone> Good night rial
14:33:18 <Runbunny> Goodnight Rial
14:33:27 <Dot|Phone> Gnight rial
14:37:04 <Rial> <3
14:37:10 <Rial> <3
14:37:11 <Rial> <3
15:11:29 -!- Micen [~Micen@h6.74.23.98.dynamic.ip.windstream.net] has joined #tlponies
15:17:03 -!- Rawr|Fone [~AndChat52@c-94cfe455.020-164-6d6c6d4.bbcust.telenor.se] has joined #tlponies
15:24:04 <skram> 10 boxes, Dot|Phone
15:24:08 <skram> each roughly 30kg
15:26:21 <Dot|Phone> You have many things skram
15:26:31 <Dot|Phone> Gj
15:26:43 <skram> thats just books
15:27:18 <skram> still need to pack my records and my kitchen stuff
15:30:36 <Dot|Phone> I need more books
15:31:58 -!- Rawr|Fone [~AndChat52@c-94cfe455.020-164-6d6c6d4.bbcust.telenor.se] has joined #tlponies
15:34:36 <skram> i have too many
15:34:41 <skram> how will we solve this conundrum
15:34:47 <skram> do you read norwegian by chance
15:35:22 <Rawr|Fone> Jonas
15:35:45 <skram> henrik
15:36:06 <Rawr|Fone> Are you talking about your books
15:36:33 <skram> yes pal
15:36:50 <Rawr|Fone> Have you considered being less of a nerd
15:37:39 <skram> what, like you?
15:37:40 <skram> l o l
15:38:46 <Rawr|Fone> I was thinking more like anders
15:40:51 <skram> sure buddy
15:41:07 <Rawr|Fone> Ok pal
15:41:35 <Dot|Phone> Rawr is a jock nerd 
15:41:52 <skram> henrik has literal nerd tatts on his body
15:42:17 <Dot|Phone> He gyms and did sport all day everyday
15:42:21 <Dot|Phone> Does
15:42:38 <Dot|Phone> And doesn't eat pizza
15:43:29 <Rawr|Fone> Jonas snela
15:44:02 <skram> ples
15:44:09 <skram> anyway, i gots to go
15:44:30 <Rawr|Fone> Don't
15:45:38 <Dot|Phone> Gl. Wear your hard hat
15:56:07 <Rawr|Fone> He is gone dot
16:12:48 <Runbunny> hol' up.
16:12:52 <Runbunny> I'm not a nerd?
16:13:02 -!- Micen [~Micen@h6.74.23.98.dynamic.ip.windstream.net] has joined #tlponies
16:24:18 <Dot|Phone> I'm pretty sure you are bun
16:24:42 <Dot|Phone> All evidence points to it being fact
16:37:31 -!- Dot` [webchat@cloak-jlzhn5po.230.208.46.dyn.plus.net] has joined #tlponies
16:39:43 <Rawr|Fone> Dot
16:39:51 <Dot`> Rawr
16:39:56 <Rawr|Fone> Are you finally home 
16:42:47 <Dot`> yes rawr
16:42:52 <Dot`> long day of not doign much
17:11:14 <BioPone> Oof
17:11:28 <BioPone> Long customer meeting this morning bois
17:17:03 -!- Micen_ [~Micen@98.23.74.6] has joined #tlponies
17:35:14 <BioPone> I soothed them with my horse wiles
17:36:15 <Rawr|Fone> Great job biopon
17:48:28 -!- Rawr|Fone [~AndChat52@c-94cfe455.020-164-6d6c6d4.bbcust.telenor.se] has joined #tlponies
18:20:39 -!- Micen_ [~Micen@98.23.74.6] has joined #tlponies
18:58:32 <reification> .tell skram https://twitter.com/MeguminBot_/status/1232269289828364288
18:58:36 <reification> runbun ^
19:06:09 <reification> ooh experiment card live on overwatch https://www.youtube.com/watch?v=cXtJeSH8V5A
19:06:15 <reification> https://www.twitch.tv/fitzyhere
19:10:49 <reification> zarya aoe bubble :O https://playoverwatch.com/en-us/news/patch-notes/pc
19:16:09 -!- Rawr|Phone [~AndChat52@m83-185-244-138.cust.tele2.se] has joined #tlponies
19:26:28 -!- Rawr|Fone [~AndChat52@c-94cfe455.020-164-6d6c6d4.bbcust.telenor.se] has joined #tlponies
20:14:34 <Runbunny> reification, https://i.redd.it/7c2u7yyw8yi41.jpg
20:17:43 <Runbunny> Everything is a JoJo reference. Just what has my life become?
20:22:57 -!- skram [~skram@82.147.53.54] has joined #tlponies
20:23:17 <Rawr|Fone> Jobas
20:23:20 <Rawr|Fone> Jonas
20:23:24 <Rawr|Fone> Welcome back
20:24:02 <Dot`> jonas
20:24:54 <skram> henrik, bjørn
20:29:55 <reification> you knew this would happen when you started watching it bun
20:30:33 <skram> has runbun, my sweet boy, been corrupted by your cartoons reif
20:31:47 <reification> i have never watched jojo and it is unlikely i ever will skram
20:32:30 <skram> I think you dont need to if you just read like 20 pages of r/animemes
20:33:21 <Runbunny> But it happened before I watched it as well.
20:33:40 <Runbunny> shitpostcrusaders are on the /r/all from time to time.
20:50:34 -!- Rawr|Fone [~AndChat52@c-94cfe455.020-164-6d6c6d4.bbcust.telenor.se] has joined #tlponies
20:58:45 -!- Micen_ [~Micen@h6.74.23.98.dynamic.ip.windstream.net] has joined #tlponies
21:27:58 -!- Rawr|Fone [~AndChat52@c-94cfe455.020-164-6d6c6d4.bbcust.telenor.se] has joined #tlponies
21:32:12 <Dot`> runbun
21:32:20 <Dot`> how was your day, you get much work done
21:35:37 -!- Rawr|Fone [~AndChat52@c-94cfe455.020-164-6d6c6d4.bbcust.telenor.se] has joined #tlponies
21:37:58 <Dot`> skram https://i.imgur.com/Y8FClq0.jpg
21:43:51 <skram> music used to be good, dot
21:47:04 -!- Cane_ [~Cane@77.222.195.203] has joined #tlponies
21:47:04 -!- Westy543 [~Westy543@24.130.12.152] has joined #tlponies
21:47:04 -!- Micen__ [~Micen@98.23.74.6] has joined #tlponies
21:47:04 -!- Cane_ [~Cane@77.222.195.203] has joined #tlponies
21:47:04 -!- Micen__ [~Micen@h6.74.23.98.dynamic.ip.windstream.net] has joined #tlponies
21:47:29 -!- Dot` [webchat@cloak-jlzhn5po.230.208.46.dyn.plus.net] has joined #tlponies
21:47:29 -!- mode/#tlponies [+v Westy543] by Q
21:47:29 <reification> are you saying this was not a work of art skram https://www.youtube.com/watch?v=PaEnaoydUUo
21:47:29 -!- Cane_ [~Cane@CaneCraft.users.quakenet.org] has joined #tlponies
21:47:29 -!- mode/#tlponies [+o Cane_] by Q
21:47:33 <Dot`> hmm
21:47:43 <Dot`> quaknet unhappy?
21:47:59 <reification> it was just joining in dot
21:48:00 <skram> no reif
21:48:05 <skram> this was the peak
21:49:01 <Dot`> i saw nothign after i linked thatt pic
21:54:07 <skram> maybe its your internets that are unhappy Dot`
21:54:24 <Dot`> it was only irc that died
21:54:38 <skram> what with all the animes you keep putting it thtough
21:54:39 <Dot`> are you unhappy skram?
21:54:41 <skram> through
21:57:04 <skram> .tell dub` https://www.youtube.com/watch?v=2tN1OI0e280
21:57:19 <skram> i dont think my emotions have any sway over your irc connection Dot`
21:58:46 <Dot`> hmm, but i still need to check on you
21:59:51 -!- Rial [~Rial@p2429120-ipngn200603tokaisakaetozai.aichi.ocn.ne.jp] has joined #tlponies
22:00:05 -!- Golly [~kvirc@cm-84.213.21.103.getinternet.no] has joined #tlponies
22:09:07 <Dot`> rawr https://imgur.com/gallery/FzAMduv
22:09:11 <Dot`> runbun
22:09:26 <skram> whats wrong with this dog, dot
22:11:01 -!- Rawr|Fone [~AndChat52@c-94cfe455.020-164-6d6c6d4.bbcust.telenor.se] has joined #tlponies
22:11:06 <Rawr|Fone> Horses
22:28:04 <Rial> lol
22:28:08 <Rial> Morning all
22:28:14 <reification> hej rial
22:28:19 <Rial> the 4th picture is me before I go to work
22:28:20 <skram> good morning rial
22:28:32 <skram> haha
22:29:04 <skram> adroable
22:30:46 <BioPone> Asdf
22:30:49 <BioPone> Hom
22:33:36 <skram> moh
22:33:53 <skram> bio come back
22:34:13 <Bio> ok
22:34:21 <skram> good
22:34:23 <skram> you're here
22:35:53 <Bio> yus
22:36:05 <skram> whats your face like today
22:36:06 <Bio> it is also jon snowing
22:36:26 <Bio> it is cold, but now i'm inside
22:36:32 <Bio> so it should warm up
22:36:36 <Bio> i need some meats tho
22:36:46 <Bio> i should probably cook then eat some
22:38:28 <skram> hmm
22:38:32 <skram> what sort of meat though
22:39:19 <Bio> https://i.redd.it/tpsimd2ds4j41.jpg
22:39:31 <Bio> i've got some nice sliced steak
22:39:38 <Bio> v v lean
22:39:49 <skram> hell yeah
22:42:24 <Bio> i'm gonna go cook it, while jamming to some fuggin persona slappers
22:42:40 <skram> did you watch the cartoon yet
22:46:16 <Dot`> https://i.imgur.com/sVUUFps.jpg
22:46:52 <skram> works every time
22:47:15 <Bio> I watched the first half on hulu. turns out its the same story!
22:47:35 <skram> gasp
22:49:38 <Dot`> is bio watchign animes?
22:50:28 <Bio> one must know thyne enemy
22:50:55 <Dot`> is it golden boy?
22:50:56 <Bio> (The show has even more bangers for the credits/openers)
22:50:59 <skram> i give him 2 months before he got the lewd ann body pillow
22:51:11 <Bio> d-degeneracy
22:51:39 <Bio> persona 5 royal in a month skrm
22:51:42 <Bio> v soon
22:52:02 <Bio> lots of goodness in vidya coming out 
22:52:12 <skram> alyx soon
22:52:14 <skram> then borderlans
22:52:14 <Bio> animal crossing, royal, xenoblade, ect
22:52:20 <Bio> bordrlns
22:52:26 <skram> d00m
22:52:32 <Dot`> Dorf fort
22:54:33 <Bio> Time is subjective
22:54:46 <Dot`> https://i.imgur.com/BsQGGA7.jpg
22:54:56 <Dot`> goat life
22:55:23 <reification> lol
22:56:23 <skram> hmmm
22:56:31 <skram> i think i'd rather be a human anyway
22:57:22 <Bio> as a human i can do everything a goat can do
22:57:44 <Bio> eat grass, scream, faint, ect
22:58:07 <Bio> but i also have T H U M B S
22:58:49 <Bio> ok dinner time
22:59:26 <skram> good luck
22:59:56 -!- DuB` [DuB@cpe-68-174-122-249.nyc.res.rr.com] has joined #tlponies
23:00:09 <skram> look at this guy
23:00:12 <reification> dub!
23:00:14 <skram> eyy im walkin heere
23:01:42 <DuB`> :o
23:05:32 <Dot`> gnight dub
23:05:36 <reification> https://pbs.twimg.com/media/ERnLig1XUAAllHo.jpg
23:05:52 <DuB`> G'night!
23:19:36 -!- Rawr|Fone [~AndChat52@c-94cfe455.020-164-6d6c6d4.bbcust.telenor.se] has joined #tlponies
23:22:06 <skram> DuB` https://www.youtube.com/watch?v=tpYyWY5wzs8
23:22:19 <skram> do you ever wish you were cool enough to wear a leopard skin fur coat
23:26:48 <Runbunny> reification, https://www.youtube.com/watch?v=hG9rgrhKirA
23:30:27 <DuB`> Who says I'm not, skram?
23:31:37 <skram> how many saxophones do you have
23:31:46 <DuB`> ... none :(
23:31:56 <skram> im afraid your level isnt high enough :|
23:32:54 <reification> this dog
23:40:01 <Runbunny> This dog and cat combo.
23:44:35 <Bio> im bek
23:52:04 <skram> hi bek
23:52:04 <skram> IM DAD
23:52:33 <reification> https://www.reddit.com/r/starcraft/comments/f8mba1/idra_was_right_how_florencio_and_i_killed_armies/
23:53:30 <reification> also dot grubby is stream sc2 again https://www.twitch.tv/followgrubby
23:53:49 <Bio> i always believed Idra
23:55:26 -!- Rawr|Fone [~AndChat52@c-94cfe455.020-164-6d6c6d4.bbcust.telenor.se] has joined #tlponies
