00:00:57 <Bio> dot
00:01:06 <Bio> did tarkov get suddenly popular
00:01:33 <Bio> its like right behind fortnite on twitch
00:02:33 <Crisium> suddenly tarkov
00:04:03 -!- Micen [~Micen@h6.74.23.98.dynamic.ip.windstream.net] has joined #tlponies
00:04:48 -!- DuB` [DuB@cpe-68-174-122-249.nyc.res.rr.com] has joined #tlponies
00:27:28 -!- Rawr|Fone [~AndChat52@c-94cfe455.020-164-6d6c6d4.bbcust.telenor.se] has joined #tlponies
01:09:59 -!- Micen [~Micen@h6.74.23.98.dynamic.ip.windstream.net] has joined #tlponies
02:40:41 -!- Rawr|Fone [~AndChat52@c-94cfe455.020-164-6d6c6d4.bbcust.telenor.se] has joined #tlponies
02:50:46 -!- Camail [~Camail@45.40.84.145] has joined #tlponies
02:50:46 -!- mode/#tlponies [+v Camail] by Q
02:50:55 <Camail> oi
03:52:33 -!- Crisium|2 [~Crisium@104.194.218.27] has joined #tlponies
04:26:50 -!- Rawr|Fone [~AndChat52@c-94cfe455.020-164-6d6c6d4.bbcust.telenor.se] has joined #tlponies
05:03:22 -!- skram [~skram@82.147.53.115] has joined #tlponies
06:16:38 -!- Rawr|Fone [~AndChat52@c-94cfe455.020-164-6d6c6d4.bbcust.telenor.se] has joined #tlponies
07:00:12 -!- Rawr|Fone [~AndChat52@c-94cfe455.020-164-6d6c6d4.bbcust.telenor.se] has joined #tlponies
07:37:29 -!- Rawr|Fone [~AndChat52@c-94cfe455.020-164-6d6c6d4.bbcust.telenor.se] has joined #tlponies
07:57:09 -!- Dot` [webchat@cloak-3uhw4kw0.161.189.80.dyn.plus.net] has joined #tlponies
07:57:14 <Dot`> mornign pons
07:57:17 <Dot`> bio
07:57:30 -!- Rawr|Fone [~AndChat52@c-94cfe455.020-164-6d6c6d4.bbcust.telenor.se] has joined #tlponies
08:03:57 -!- Rawr|Phone [~AndChat52@83.191.112.227] has joined #tlponies
08:04:10 <Dot`> .tell Bio About a 2 months ago there was a big update (0.12) and to celebrate russian new year they had a week long twitch event whereby watching tarkov you got free items randomly. after that the peak playerbase went from maxing at 30k to over 100k average.
08:04:53 <Dot`> rip swoots
08:17:14 -!- Micen [~Micen@h6.74.23.98.dynamic.ip.windstream.net] has joined #tlponies
09:10:38 -!- Rial [~Rial@p2429120-ipngn200603tokaisakaetozai.aichi.ocn.ne.jp] has joined #tlponies
09:21:27 -!- Micen [~Micen@h6.74.23.98.dynamic.ip.windstream.net] has joined #tlponies
09:34:03 <Dot`> hey rial
09:43:32 <Rawr|Phone> DoT DoT DoT
09:44:23 <Dot`> rawr rawr rawr
09:44:25 <Dot`> <3 <3 <3
09:44:36 <Rawr|Phone> ❤❤❤
09:44:49 <Rawr|Phone> Are you working from home today dot
09:45:24 -!- reification [~thomas@cpc76294-cosh16-2-0-cust297.6-1.cable.virginm.net] has joined #tlponies
09:45:25 -!- mode/#tlponies [+v reification] by Q
09:48:04 <Dot`> i am rawr
09:48:15 <Dot`> got to wait on smart meter installation guy
09:49:21 <Rawr|Phone> If the meter is so smart, why can't it install itself?
09:49:39 <Dot`> ill ask him when he gets here rawr
09:49:59 <Rawr|Phone> Good
10:05:29 -!- Rawr|Fone [~AndChat52@c-94cfe455.020-164-6d6c6d4.bbcust.telenor.se] has joined #tlponies
10:30:35 -!- Golly [~kvirc@cm-84.213.21.103.getinternet.no] has joined #tlponies
10:33:01 -!- Rawr|Fone [~AndChat52@c-94cfe455.020-164-6d6c6d4.bbcust.telenor.se] has joined #tlponies
10:44:23 <Rawr|Fone> 🐴🐴🐴
10:50:20 -!- Dot|Phone [uid393803@2001:67c:2f08:5::6:24b] has joined #tlponies
10:54:09 <Rial> Morning all
10:59:06 -!- tredc [~tredc@c83-254-129-166.bredband.comhem.se] has joined #tlponies
11:09:47 -!- Rawr|Fone [~AndChat52@c-94cfe455.020-164-6d6c6d4.bbcust.telenor.se] has joined #tlponies
11:13:39 <reification> hello rial
11:14:33 -!- Runbunny [~Runbunny@91.100.28.10.generic-hostname.arrownet.dk] has joined #tlponies
11:19:36 <reification> bun!
11:25:41 -!- Micen [~Micen@h6.74.23.98.dynamic.ip.windstream.net] has joined #tlponies
11:28:22 -!- Dot` [webchat@cloak-6mnm8y5u.123.7.51.dyn.plus.net] has joined #tlponies
11:36:19 -!- Rawr|Fone [~AndChat52@c-94cfe455.020-164-6d6c6d4.bbcust.telenor.se] has joined #tlponies
11:46:39 <Runbunny> Hai.
11:47:27 <Dot`> Angel <3
11:47:38 <Dot`> where you been off getting into trouble?
12:26:49 <Runbunny> No.
12:27:02 <Runbunny> I have been off to avoid trouble.
12:27:34 -!- Micen [~Micen@h6.74.23.98.dynamic.ip.windstream.net] has joined #tlponies
12:27:47 <Dot`> i highly doubt that
12:27:59 -!- Rawr|Fone [~AndChat52@m77-218-224-128.cust.tele2.se] has joined #tlponies
12:29:03 <Runbunny> Busy days, these.
12:29:31 <Runbunny> I have to attend a job searching thing. 
12:30:15 <Dot`> gl!
12:31:11 <Runbunny> but today I am just doing laundry and chilling at home.
12:39:24 <Dot`> great
13:20:17 -!- Rawr|Fone [~AndChat52@c-94cfe455.020-164-6d6c6d4.bbcust.telenor.se] has joined #tlponies
13:27:06 -!- BioPhone [~androirc@12.33.239.117] has joined #tlponies
13:30:05 -!- Micen [~Micen@h6.74.23.98.dynamic.ip.windstream.net] has joined #tlponies
13:42:44 -!- Rawr|Fone [~AndChat52@m77-218-224-128.cust.tele2.se] has joined #tlponies
14:20:20 <BioPhone> Jej
14:23:29 <Dot`> hedge
14:26:44 <Cane> https://clips.twitch.tv/EntertainingTacitFerretPRChase
14:28:15 <BioPhone> Dotes
14:31:38 -!- Micen [~Micen@h6.74.23.98.dynamic.ip.windstream.net] has joined #tlponies
14:54:43 -!- skram [~skram@95.174.66.88] has joined #tlponies
14:55:05 <Dot`> Jonas!
14:55:19 <skram> Bjørn!
14:59:24 <Dot`> hows you
15:00:06 <skram> i am le tired and i wish to nap
15:00:09 <skram> hows your face
15:01:09 <Dot`> go nap
15:01:11 <Dot`> i believe in you
15:01:37 <skram> i would but i have guests soon
15:01:48 <skram> :((
15:01:56 <Dot`> just put some headphones on while you sleep
15:01:59 <Dot`> then they cant wake you
15:03:41 <skram> good planm
15:05:34 <reification> i was confused yesterday as to why i felt so compelled to nap and then i remembered i had taken antihistamines for allergy...
15:09:46 <skram> dont do drugs reif
15:10:32 <reification> i feel this conflicts with earlier advice you have given
15:11:56 <skram> i dont think i've encouraged drugs yet
15:13:37 <reification> you will have to take my caffeine from my shaky tired hands :p
15:14:07 <skram> well im not a cop or anything so i cant really do anything
15:20:18 <reification> on the topic of thing to drive one to drugs, this is out now https://store.steampowered.com/app/913740/WORLD_OF_HORROR/
15:25:06 <reification> runbunny here is paper of the day https://www.cmu.edu/dietrich/sds/docs/loewenstein/hotColdEmpathyGaps.pdf
15:26:57 <Runbunny> I'll check it as soon as my pc stop freaking out for no reason.
15:29:57 <Runbunny> Interesting.
15:33:44 -!- Micen [~Micen@h6.74.23.98.dynamic.ip.windstream.net] has joined #tlponies
16:04:50 <Rawr|Fone> 🐴🐴🐴
16:32:49 <Golly> https://www.youtube.com/watch?v=IwLSrNu1ppI maybe thats enough youtube for today
16:36:16 -!- Micen [~Micen@h6.74.23.98.dynamic.ip.windstream.net] has joined #tlponies
16:50:34 <reification> but is it? https://www.youtube.com/watch?v=NkRkuI0ZgX0
16:50:45 <reification> note top comment by rawr :p
16:55:57 <Golly> sneaky
17:14:38 <Runbunny> Both of these are quite something.
17:38:24 -!- Micen [~Micen@h6.74.23.98.dynamic.ip.windstream.net] has joined #tlponies
17:47:30 <BioPhone> Asdf
17:56:31 -!- carcinisation [~thomas@cpc76294-cosh16-2-0-cust297.6-1.cable.virginm.net] has joined #tlponies
17:56:32 -!- mode/#tlponies [+v carcinisation] by Q
18:40:27 -!- Micen [~Micen@h6.74.23.98.dynamic.ip.windstream.net] has joined #tlponies
18:59:31 -!- Dot` [webchat@cloak-6mnm8y5u.123.7.51.dyn.plus.net] has joined #tlponies
19:00:17 <Dot`> internet pls
19:04:06 <BioPhone> Dot pls
19:04:13 <skram> bio pls
19:07:29 <BioPhone> I agree
19:19:28 <Dot`> maybe
20:01:59 <Dot`> i am sleepy
20:02:59 <skram> dot go to bed
20:05:13 <Dot`> hmm, i just may
20:05:26 <Dot`> you still have guests skram?
20:07:04 <skram> nein
20:07:11 <skram> im all by myself now
20:08:32 <skram> i forgot to do my laundry though
20:08:39 <skram> i have exactly 1 underpant and 1 shirt
20:09:45 <carcinisation> you only have 1 body so that seems sufficient
20:11:01 <skram> but im working all day tomorrow so i dont have time
20:11:10 <skram> so that means im gonna have to go nude on sat
20:13:23 <Dot`> just be carefull around the fires
20:13:51 <skram> you're not the boss of me
20:14:19 <Dot`> shows what you know
20:26:10 <Dot`> bio
20:26:22 <Dot`> swoots wouldnt pass on my message but you asked about tarkov
20:28:45 <BioPhone> I did
20:28:47 <Dot`> 0.12 came out, a big update, about 2 months ago. then during russian new year they had a twitch event whereby watching tarkov you had a chance to get random items in game. a lot of big streamers came back. like sacriel, summit, shroud all at once
20:29:13 <BioPhone> Neato
20:29:15 <Dot`> then more joined
20:29:19 <Dot`> now servers are dying
20:29:27 <BioPhone> Maybe I get and join the sadness
20:29:42 <Dot`> went from peaks of 30k players to a above average of 100k
20:29:53 <Dot`> and then servers litrally caught fire
20:30:34 <Dot`> they are adding 5-7 servers a week and working 24/7. poor Battlestate
20:31:56 <BioPhone> Smol indie devs
20:47:19 -!- Crisium [~Crisium@104.194.218.27] has joined #tlponies
20:48:05 <Dot`> Crisium!
20:48:19 <Crisium> howdy dot :)
20:48:35 <skram> kris old pal
20:48:55 <Crisium> scram young enemy
20:49:07 <BioPhone> Whoa pardner
20:49:33 <skram> whoa pardner
20:50:27 <skram> thats the name of my soundcloud
20:50:29 <skram> i do raps
20:50:44 <BioPhone> Noice
20:51:52 <Crisium> skram "skrapper" the rapper
20:53:35 <skram> someone close to where i live is selling the car i really want but i have no money
20:53:38 <skram> bio can u help
20:53:52 <Dot`> just remorgage your house
20:54:04 <Dot`> thats all i ever hear home owners doing
20:54:38 <skram> you can only do that if your mortgage is lower than the value of your property by a certain margin :(
20:55:03 <skram> its only like 3000 dollarinos
20:55:04 <skram> bio pls
20:55:26 <Dot`> have you offerd him memes?
20:55:40 <skram> i gave him like 30 dongers
21:00:10 <Dot`> what more can he want?
21:00:50 <skram> might be that he wants something with actual value
21:00:54 <skram> but he's never getting my komisan gifs
21:04:23 <Dot`> whats a horse to do
21:09:15 <Crisium> BioPhone https://ih1.redbubble.net/image.104813765.6952/pencil_skirt,x1000,front-c,468,0,701,935-bg,f8f8f8.u1.jpg
21:09:18 -!- Rawr|Fone [~AndChat52@c-94cfe455.020-164-6d6c6d4.bbcust.telenor.se] has joined #tlponies
21:10:31 <skram> spicy
21:10:55 <BioPhone> Bruh
21:11:29 <BioPhone> Ay yo girl lemme speed run you NAMSAYIN
21:12:12 <skram> whats ur pb
21:12:15 <skram> mine's 43 seconds
21:14:56 <BioPhone> Depends on if I nail bomb jump first try
21:17:48 <BioPhone> Also I have a reasonable interest rate good sir skrm
21:20:32 <Dot`> reasnably large
21:26:02 <Rawr|Fone> Horses
21:27:16 <skram> i accept ur offer bio
21:27:24 <skram> pls send bill to Bjørn B
21:28:16 <Dot`> i only accept pelican and duck bills
21:31:03 <skram> what about king haralds
21:34:07 <Dot`> Princess Celestia > King Harold
21:34:22 <skram> first of all
21:34:23 <skram> rude
21:34:26 <skram> second
21:34:30 <skram> harold is the meme guy
21:34:38 <skram> im talking about HIS MAJESTY THE KING
21:35:15 <Dot`> now i can only see your money as having harolds face in it
21:35:37 <skram> you're the last worst
21:36:46 <Dot`> CockRoach https://imgur.com/gallery/7zVGisU
21:42:57 <Dot`> skram https://imgur.com/gallery/CbrWSIV
21:43:09 <Dot`> great summary, i now dont need to read the book
21:43:28 <skram> the book is like 500 years old or something
21:43:29 <skram> too old, dot
21:44:50 <Dot`> i just really like one of the most iconic books ever written be referred to as " self-insert fanfiction"
21:45:31 -!- Micen [~Micen@h6.74.23.98.dynamic.ip.windstream.net] has joined #tlponies
21:45:43 <skram> someone made fanfiction of don quixote
21:45:48 <skram> in like 1610 or whatever
21:45:55 <Dot`> haha
21:50:56 <skram> i should go to bed tho
21:54:04 <Dot`> yes
21:55:54 <carcinisation> that's underselling it a bit dot. it has a cast to match the fate franchise expect with endless torment instead of changing them into cute girls https://en.wikipedia.org/wiki/List_of_cultural_references_in_the_Divine_Comedy
21:58:17 <Dot`> hmm, maybe if he turned them into cute girls it would have been even better?
21:58:26 -!- Rial [~Rial@p2429120-ipngn200603tokaisakaetozai.aichi.ocn.ne.jp] has joined #tlponies
21:59:09 <Dot`> did you read the whole thing reif?
21:59:59 <carcinisation> no i think i read the first part
22:00:23 <carcinisation> it was long ago
22:02:36 <carcinisation> youtube is not playing the old videos i want to see D:
22:07:24 <Crisium> oh my gawd
22:07:28 <Crisium> youtube pls
22:18:58 -!- BioPone [~androirc@mobile-166-176-249-43.mycingular.net] has joined #tlponies
22:20:36 <carcinisation> it's working now; good job cris
22:28:05 -!- DuB` [DuB@cpe-68-174-122-249.nyc.res.rr.com] has joined #tlponies
22:32:41 <Rial> I thought someone here might enjoy this? https://i.imgur.com/X8ad4uo.jpg
22:32:45 <Rial> Morning
22:33:07 <DuB`> Ohayou
22:35:10 -!- Rawr|Fone [~AndChat52@c-94cfe455.020-164-6d6c6d4.bbcust.telenor.se] has joined #tlponies
22:39:41 <Bio> hedje
22:39:46 <Bio> i hom
22:48:02 -!- Micen [~Micen@h6.74.23.98.dynamic.ip.windstream.net] has joined #tlponies
23:06:18 -!- Rawr|Fone [~AndChat52@c-94cfe455.020-164-6d6c6d4.bbcust.telenor.se] has joined #tlponies
23:11:27 <Crisium> https://cdn.discordapp.com/attachments/634442792705196052/680171152588668989/Pie-Pyramid-e1417455667996.png
23:12:56 <DuB`> perfec
23:32:58 -!- reification [~reificati@cpc76294-cosh16-2-0-cust297.6-1.cable.virginm.net] has joined #tlponies
23:38:25 -!- Rawr|Fone [~AndChat52@c-94cfe455.020-164-6d6c6d4.bbcust.telenor.se] has joined #tlponies
23:44:53 <Crisium> https://twitter.com/UnusualVideos/status/1230632961650769920
23:48:00 <Runbunny> Imagine being that cool Crisium.
23:57:27 -!- Crisium|2 [~Crisium@c-24-3-150-105.hsd1.pa.comcast.net] has joined #tlponies
