00:02:23 -!- Crisium|2 [~Crisium@104.238.32.72] has joined #tlponies
00:19:50 -!- Crisium [~Crisium@c-24-3-150-105.hsd1.pa.comcast.net] has joined #tlponies
06:13:32 <Rawr|Fone> Horse horse
06:54:39 -!- Golly [~kvirc@cm-84.213.21.103.getinternet.no] has joined #tlponies
07:06:20 -!- Dot|Phone [uid393803@id-393803.brockwell.irccloud.com] has joined #tlponies
07:06:32 <Dot|Phone> Morning
07:28:21 <Rawr|Fone> DoT DoT DoT
07:28:26 <Rawr|Fone> 💖💖💖
07:30:35 <Dot|Phone> Rawr Rawr Rawr 
07:30:38 <Dot|Phone> 💖💖💖
08:30:47 -!- Runbunny [~Bunnykitt@91.100.28.10.generic-hostname.arrownet.dk] has joined #tlponies
08:30:57 <Dot|Phone> Angel! 
08:31:00 <Runbunny> Hai.
09:07:13 -!- reification [~thomas@cpc76294-cosh16-2-0-cust297.6-1.cable.virginm.net] has joined #tlponies
09:07:13 -!- mode/#tlponies [+v reification] by Q
09:36:08 <reification> https://twitter.com/jcbonthedl/status/1255903922855841792
09:59:46 -!- tredc [~tredc@c83-254-129-166.bredband.comhem.se] has joined #tlponies
10:44:16 -!- carcinisation [~thomas@cpc76294-cosh16-2-0-cust297.6-1.cable.virginm.net] has joined #tlponies
10:44:16 -!- mode/#tlponies [+v carcinisation] by Q
11:04:46 <Dot|Phone> Reif Reif
11:06:04 <carcinisation> dot dot
11:06:23 -!- carcinisation [~thomas@cpc76294-cosh16-2-0-cust297.6-1.cable.virginm.net] has joined #tlponies
11:06:24 -!- mode/#tlponies [+v carcinisation] by Q
11:10:31 <carcinisation> uh oh the mystery disconnects are back :/
11:10:42 <Dot|Phone> Oh dear
11:10:52 <carcinisation> also worrying https://twitter.com/year_progress/status/1255934949443723269
11:15:26 -!- skram [~skram@82.147.53.121] has joined #tlponies
11:15:53 <carcinisation> hello skram https://twitter.com/NaturelsMetal/status/1256297852289990656
11:16:00 <Dot|Phone> Jonas friend
11:18:56 <skram> hey pals
11:20:12 <skram> do you know how i can do this on purpose reif
11:29:04 <carcinisation> i thought you were the expert on correctly placing fires?
11:30:40 <skram> i dont do trees
13:30:05 -!- DuB` [DuB@cpe-68-174-122-249.nyc.res.rr.com] has joined #tlponies
13:30:36 <Dot|Phone> Dub dub
13:30:44 <DuB`> dotdot
13:52:42 <carcinisation> dubbles
14:32:37 -!- reification [~reificati@cpc76294-cosh16-2-0-cust297.6-1.cable.virginm.net] has joined #tlponies
14:44:02 <Rawr|Fone> Hmm
14:45:52 <Dot|Phone> Hmm
14:46:19 <Rawr|Fone> Dotpon
14:50:18 <Dot|Phone> Rawr hest
14:50:55 <Rawr|Fone> How are you doing today dot
14:52:35 <Dot|Phone> Good Rawr. It walking atm. Got dnd later
14:52:41 <Dot|Phone> How about you
14:56:30 <Rawr|Fone> Good good, I have played some table tennis
14:56:45 <Rawr|Fone> Going to watch the world record deadlift attempt today
14:59:52 <Dot|Phone> Rawr your not suppose to be going to gatherings! I worry
15:01:02 <Rawr|Fone> Hmm, I think it's fine, we are doing lots of risk mitigation stuff
15:15:52 <Dot|Phone> Hmm
15:36:02 <carcinisation> it's ok dot, swedish sportsmen are powered by delusion https://pbs.twimg.com/media/EW9fsYrUEAIe3U1.jpg:large
15:42:23 <Runbunny> .choose nap walk
15:42:28 <Runbunny> See you later boys.
15:43:01 <Dot|Phone> Gl
15:51:58 -!- Zounds [webchat@cloak-07ouvien.14-2.cable.virginm.net] has joined #tlponies
15:58:43 <carcinisation> hi zounds
15:58:45 <carcinisation> https://pbs.twimg.com/media/EW_R1ycXkAApM3i.jpg:large
15:59:06 <Zounds> hey
16:01:05 <Dot|Phone> Hey zounds
16:19:47 <CockRoach|42> .tell Dot|Phone https://i.imgur.com/TLW4nAe.jpg
16:21:23 <Dot|Phone> Odd snek, still cute
16:23:16 <Runbunny> I return.
16:23:38 <Dot|Phone> Wb bun
16:23:43 <Runbunny> Feeling mentally refreshed and ready to get upset over something new.
16:23:46 <Runbunny> Dot dot.
16:24:06 <Dot|Phone> Great
16:25:08 -!- Camail [~Camail@45.40.84.145] has joined #tlponies
16:25:08 -!- mode/#tlponies [+v Camail] by Q
16:30:00 <Runbunny> Camail.
16:30:05 <Camail> runbun
16:30:07 <Camail> .
16:31:09 <Dot|Phone> Cam
16:31:16 <Camail> doot
16:32:24 <Runbunny> How are you Cam?
16:32:37 <Camail> doing good, didn't wake up tired
16:32:42 <Camail> which is always nice
16:32:52 <Camail> and thinking aobut what to do today
16:32:52 <Dot|Phone> What a nice start
16:33:45 <Runbunny> Yeah sounds pretty neat.
16:57:47 -!- Yolteotl [webchat@heee.m5w6.8n9o.ip] has joined #tlponies
16:58:11 <Yolteotl> HI
17:21:58 <reification> wow a yolteotl! :D
17:22:12 <reification> how are you?
17:31:26 <Yolteotl> has been a while
17:32:04 <Yolteotl> still doing good, pretty bored by the stayathome thing
17:34:54 <Bio> asdf
17:35:03 <Bio> gnoon
17:35:36 <Yolteotl> Hi bio
17:35:52 <Bio> henlo
17:36:57 <reification> at least it was a nice day to spend in the garden here
17:37:21 <carcinisation> bio https://pbs.twimg.com/media/EWkiw4vXgAIudfd.jpg:large
17:59:43 -!- Dot` [webchat@07ne.j60n.4071.ip] has joined #tlponies
18:02:40 <Yolteotl> Dot`?
18:17:14 <Dot`> YOLT?
18:17:17 <Dot`> hi 
18:19:12 <Dot`> hows you
18:22:21 -!- Cane [~Cane@CaneCraft.users.quakenet.org] has joined #tlponies
18:22:22 -!- mode/#tlponies [+o Cane] by Q
18:23:23 <Yolteotl> good and you?
18:23:31 <Yolteotl> has been a while
18:26:27 <Dot`> yip
18:26:45 <Dot`> Im guessing you just working from hom in this time
18:27:29 <Yolteotl> yep D:
18:34:38 <Yolteotl> and playing a lot
18:36:15 <Dot`> still rocket league?
18:36:25 <Yolteotl> apex legends noz..
18:36:30 <Yolteotl> https://www.twitch.tv/yolteotl :D
18:45:19 <Runbunny> Video games are too hard. I guess I'll go ruin some food and then eat it instead.
19:22:37 <DuB`> D:
19:23:29 <Dot`> i wonder if we should play some tabletop sim or something then dub
19:25:34 <Dot`> or i can wallow in self pity that ppl didnt turn up to play dnd 
19:25:38 <Dot`> and play stellaris
19:34:01 <DuB`> O, I could play somethin
19:41:14 <Camail> i could TTS
20:33:46 <Camail> what do we play
20:38:33 <Dot`> there is only 3 of us it seems
20:40:34 <Camail> when is skram gonna be here
20:40:42 <Camail> is he doing work stuff or house stuff
20:41:16 <Dot`> he was suppose to be an hour or so late for dnd, so should have been here about an hour ago
20:42:31 <Camail> hmmm, maybe he had to stay late at work
20:42:34 <Camail> extra fire
20:43:04 <Dot`> no work, he was going to a social thing
20:44:26 <Rawr|Fone> Hmm
20:45:13 <Camail> rawr is back on phone
20:45:18 <Camail> the world is right again
20:45:31 <Rawr|Fone> I have always been fone
20:46:02 <Camail> weren't you not phone like 2 days ago
20:46:04 <Camail> dont gaslight me
20:51:47 <Rawr|Fone> No, I changed to another app
20:52:11 <Rawr|Fone> And it connected as just rawr at first since this name was taken by the other app
20:54:50 <Dot`> seems suspicious
20:57:46 <Rawr|Fone> 😇😇😇
20:58:29 <Dot`> how do i know your the real rawr now
20:58:35 <Dot`> your not even dcing every 5 minutes
20:59:12 <Rawr|Fone> You will never know
20:59:28 <Rawr|Fone> Andchat was the problem though
21:07:36 <carcinisation> ooh https://www.reddit.com/r/Games/comments/gca6p7/a_huge_leak_of_old_nintendo_related_source_code/
21:07:50 -!- skram [~skram@82.147.53.152] has joined #tlponies
21:09:12 <Rawr|Fone> Jonas
21:09:19 <Rawr|Fone> Dot has been worried about you
21:09:36 <skram> Henriken
21:09:53 <skram> I know, but I am somehow still alive
21:10:23 <Rawr|Fone> I am glad to hear that
22:14:32 <Rawr|Fone> 🐴🐴🐴
22:27:30 -!- Crisium [~Crisium@c-24-3-150-105.hsd1.pa.comcast.net] has joined #tlponies
22:29:19 <Rawr|Fone> Crisioom
22:29:57 <Camail> oh, skram isn't dead
22:30:01 <Camail> i owe dub $5
22:40:15 <carcinisation> dub https://pbfcomics.com/comics/the-flight/
22:43:08 <carcinisation> also https://pbfcomics.com/comics/command-respect/
23:05:16 -!- Golly [~kvirc@cm-84.213.21.103.getinternet.no] has joined #tlponies
