00:00:36 -!- Dot|Phone [uid393803@id-393803.brockwell.irccloud.com] has joined #tlponies
00:35:46 -!- Rawr|Fone [~AndChat52@c-94cfe455.020-164-6d6c6d4.bbcust.telenor.se] has joined #tlponies
00:51:30 -!- Camail [~Camail@45.40.84.145] has joined #tlponies
00:51:30 -!- mode/#tlponies [+v Camail] by Q
03:38:02 <skrm> .tell camail eat pant
03:45:25 -!- Rawr|Fone [~AndChat52@c-94cfe455.020-164-6d6c6d4.bbcust.telenor.se] has joined #tlponies
04:53:07 -!- Rawr|Fone [~AndChat52@c-94cfe455.020-164-6d6c6d4.bbcust.telenor.se] has joined #tlponies
05:51:33 -!- skram [~skram@178.239.173.220] has joined #tlponies
05:55:06 -!- Rawr|Fone [~AndChat52@c-94cfe455.020-164-6d6c6d4.bbcust.telenor.se] has joined #tlponies
06:39:32 -!- Rawr|Fone [~AndChat52@c-94cfe455.020-164-6d6c6d4.bbcust.telenor.se] has joined #tlponies
06:54:56 -!- Dot|Phone [uid393803@id-393803.brockwell.irccloud.com] has joined #tlponies
06:59:08 -!- Dot` [webchat@452t.r07m.11zj.ip] has joined #tlponies
07:22:09 -!- Rawr|Fone [~AndChat52@c-94cfe455.020-164-6d6c6d4.bbcust.telenor.se] has joined #tlponies
07:22:20 <Rawr|Fone> 🐴🐴🐴
07:22:51 <Dot`> Rawr Rawr Rawr
07:22:53 <Dot`> <3 <3 <3
07:23:13 <Rawr|Fone> DoT` DoT` DoT`
07:23:16 <Rawr|Fone> ❤❤❤
07:49:24 -!- Golly [~kvirc@cm-84.213.21.103.getinternet.no] has joined #tlponies
08:31:46 -!- Rawr|Fone [~AndChat52@c-94cfe455.020-164-6d6c6d4.bbcust.telenor.se] has joined #tlponies
08:44:31 -!- CellRoach [~AndChat14@m83-187-184-200.cust.tele2.se] has joined #tlponies
08:46:47 -!- Rawr|Fone [~AndChat52@c-94cfe455.020-164-6d6c6d4.bbcust.telenor.se] has joined #tlponies
09:22:41 -!- Runbunny [~Bunnykitt@91.100.28.10.generic-hostname.arrownet.dk] has joined #tlponies
09:30:49 -!- Rawr|Fone [~AndChat52@c-94cfe455.020-164-6d6c6d4.bbcust.telenor.se] has joined #tlponies
09:44:24 <Dot`> Hey runbun
09:46:26 <Runbunny> Hai Dot.
09:46:34 <Runbunny> How are you feeling today buddy?
09:49:53 <Dot`> pretty good, how about you?
09:55:00 -!- Rawr|Fone [~AndChat52@c-94cfe455.020-164-6d6c6d4.bbcust.telenor.se] has joined #tlponies
10:21:08 <Runbunny> I'm all right.
10:21:11 <Runbunny> A bit tired.
10:23:46 <Dot`> hmm
10:24:04 <Dot`> we all could do with being like rawr, he is always great
10:28:26 <Runbunny> I don't think I want a tattoo though. 
10:31:00 <Dot`> is it the tattoos that makes him feel great? hmm
10:35:24 <Runbunny> No clue.
10:35:53 <Runbunny> but here Dot` https://www.youtube.com/watch?v=clGjbCKWWrE
10:46:45 <Dot`> beep boop
10:56:04 -!- Rawr|Fone [~AndChat52@c-94cfe455.020-164-6d6c6d4.bbcust.telenor.se] has joined #tlponies
11:47:02 -!- reification [~thomas@cpc76294-cosh16-2-0-cust297.6-1.cable.virginm.net] has joined #tlponies
11:47:02 -!- mode/#tlponies [+v reification] by Q
12:00:48 -!- Rawr|Fone [~AndChat52@c-94cfe455.020-164-6d6c6d4.bbcust.telenor.se] has joined #tlponies
12:01:32 <reification> afternoon tlpons
12:02:54 <Rawr|Fone> Good afternoon reef reef
12:07:20 <Micen> good afternoon. 
12:10:18 <reification> roar roar, micen <3
12:18:37 -!- carcinisation [~thomas@cpc76294-cosh16-2-0-cust297.6-1.cable.virginm.net] has joined #tlponies
12:18:38 -!- mode/#tlponies [+v carcinisation] by Q
12:44:12 -!- reification [~thomas@cpc76294-cosh16-2-0-cust297.6-1.cable.virginm.net] has joined #tlponies
12:44:12 -!- mode/#tlponies [+v reification] by Q
12:45:48 -!- reimeuk [~thomas@cpc76294-cosh16-2-0-cust297.6-1.cable.virginm.net] has joined #tlponies
12:45:48 -!- mode/#tlponies [+v reimeuk] by Q
13:05:46 -!- BioPhone [~androirc@12.33.239.117] has joined #tlponies
13:15:11 <BioPhone> Hej
13:15:16 <Micen|Stream> hej bio
13:22:19 <BioPhone> Werk werk
13:25:27 -!- Rawr|Fone [~AndChat52@c-94cfe455.020-164-6d6c6d4.bbcust.telenor.se] has joined #tlponies
13:27:52 <Rawr|Fone> Hmm
13:30:45 <Dot`> mhm
13:32:00 <Rawr|Fone> How are you spending your day dot
13:32:04 <Rawr|Fone> Lots of work?
13:36:00 <Dot`> im on furlough now rawr
13:36:05 <Dot`> 3 weeks of no work
13:36:29 <Rawr|Fone> Oh
13:37:25 <Rawr|Fone> Do you still get your regular salary?
13:38:24 <Dot`> yea
13:39:46 <Rawr|Fone> Good
13:44:15 <BioPhone> Man, that shits a vacation for free dot
13:44:20 <BioPhone> Grats!
13:47:35 <Dot`> i know!
13:47:51 <Dot`> all these ppl that have been on furlough for like 2 months are comaplaining
13:48:02 <Dot`> while the rest of us work that they have nothign to do
13:52:08 -!- DuB` [DuB@cpe-68-174-122-249.nyc.res.rr.com] has joined #tlponies
13:55:43 <Dot`> Dub Dub
13:56:10 <DuB`> Dot Dot
13:56:11 <DuB`> G'morn
13:56:25 <Rawr|Fone> Good afternoon dub
14:26:56 <BioPhone> Dob pls
14:34:04 <Runbunny> reimeuk, https://cdn.discordapp.com/attachments/131946718471127041/719542299448836177/73028238_p3.png
14:51:33 <Runbunny> reification, https://www.youtube.com/watch?v=NZbMOSHvWfE
15:05:15 <reification> homolive strikes again
15:14:26 <reification> runbunny https://www.youtube.com/watch?v=7RKA7VlBAfU
15:14:40 <reification> also bio because memes :p
15:15:18 <Runbunny> I watched this one live :D
15:15:36 <reification> smart of you
15:18:46 <reification> you would be even smarter to be watching Star☆Twinkle Precure and its yukata catgirl ;D
15:23:40 <Runbunny> O:
15:25:17 -!- skram [~skram@178.239.173.220] has joined #tlponies
15:28:56 <reification> just lost to royal flush :O
15:29:19 <skram> :O
15:29:34 <skram> I thought those only existed in movies
15:31:16 <Dot`> Skram!
15:42:32 <Runbunny> Dang Reif.
15:42:36 <Runbunny> Jonas.
15:42:37 <Runbunny> Hai.
15:43:30 <skram> hej pals
15:46:44 <reification> hej skram
16:07:14 -!- BioPhone [~androirc@12.33.239.117] has joined #tlponies
16:13:22 -!- Zounds [webchat@ni2k.e5zj.rph8.ip] has joined #tlponies
16:15:39 <reification> zounds!
16:18:55 <Runbunny> Zounds!
16:26:53 <Zounds> hi guys
16:27:03 <Zounds> werks done gonna order a pizza
16:27:35 <Runbunny> Nice. Get a banana curry pizza.
16:27:47 <skram> what
16:29:29 <Runbunny> I heard about it from a swede Jonas.
16:29:34 <Runbunny> It's apparently "good"
16:29:47 <skram> Im pretty sure this person was lying to you, Anders
16:30:15 <Runbunny> He seemed genuine.
16:30:26 <Runbunny> He is, however, swedish.
16:31:14 <skram> There's a limit even to swedens degeneracy, runbun
16:36:00 <Zounds> First time I visited my friend in sweden we had that
16:36:06 <Zounds> So it is a thing
16:36:35 <skram> :(
16:36:45 <Zounds> It was ok
16:37:46 <reification> every day we stray further...
16:38:57 <Dot`> just need to add some pinapple to that
16:39:26 <Runbunny> O:
16:39:32 <Runbunny> Dot is a master chef?
16:40:27 <Zounds> I've nothing against pineapple on pizza except for the opportunity cost
16:41:02 <Zounds> So if I'm ordering my own its not going on but if its around I'll eat it sure
16:43:12 <Zounds> going for pepperoni and jalapeño tonight should be nice
16:43:14 <Zounds> its on the way
16:43:32 <Zounds> I skipped lunch so im a hungry boy
16:44:50 <skram> well now im hungry too
16:45:21 <Dot`> its still so far from friday
16:45:25 <Dot`> no pizza for DAYS
16:48:48 <Runbunny> True.
16:48:59 <Runbunny> We can starve together Dot.
16:50:09 <Zounds> don't starve together™
16:59:21 <skram> maybe ill just make my own pizza
16:59:24 <skram> with blackjack and hookers
17:01:18 -!- Zounds [webchat@ni2k.e5zj.rph8.ip] has joined #tlponies
17:29:41 <Runbunny> That does sound insanitary.
17:30:02 <skram> thats the best part, Anders.
17:36:44 <Runbunny> O:
17:36:49 <Runbunny> You dirty boy.
17:51:52 -!- tredc [~tredc@c83-254-129-166.bredband.comhem.se] has joined #tlponies
17:55:15 -!- Rawr|Fone [~AndChat52@c-94cfe455.020-164-6d6c6d4.bbcust.telenor.se] has joined #tlponies
18:01:56 -!- BioPhone [~androirc@12.33.239.117] has joined #tlponies
18:02:20 -!- Rawr|Fone [~AndChat52@c-94cfe455.020-164-6d6c6d4.bbcust.telenor.se] has joined #tlponies
18:04:35 <BioPhone> Pan
18:05:15 <reification> bread?
18:06:35 <BioPhone> Maybe...
18:08:21 <Runbunny> Bio-sama.
18:09:02 <Dot`> bio boi
18:10:54 <BioPhone> Tis eye
18:11:39 <Dot`> is
18:11:52 <BioPhone> I think I'm finally all caught up at werk
18:11:56 <BioPhone> P much
18:12:16 <reification> gj bio
18:13:37 -!- Rawr|Fone [~AndChat52@c-94cfe455.020-164-6d6c6d4.bbcust.telenor.se] has joined #tlponies
18:18:35 -!- Dot|Phone [uid393803@2001:67c:2f08:5::6:24b] has joined #tlponies
18:36:31 <reification> dot https://twitter.com/0zmnds/status/1268765856017772545
18:52:42 -!- BioPhone [~androirc@12.33.239.117] has joined #tlponies
18:53:14 <Rawr|Fone> Horses
18:53:30 <Micen>  Yes Rawr?
18:53:49 <Rawr|Fone> How has your day been moocen
18:54:19 <Micen> Its been okay, sitting down to eat a late lunch 
19:31:49 -!- Rawr|Phone [~AndChat52@m83-185-90-151.cust.tele2.se] has joined #tlponies
19:49:26 -!- BioPhone [~androirc@12.33.239.117] has joined #tlponies
20:15:21 -!- BioPhone [~androirc@12.33.239.117] has joined #tlponies
20:42:51 -!- BioPhone [~androirc@12.33.239.117] has joined #tlponies
20:55:06 -!- Micen [~Micen@h234.208.18.98.dynamic.ip.windstream.net] has joined #tlponies
21:09:55 -!- BioPhone [~androirc@12.33.239.117] has joined #tlponies
21:13:18 <Rawr|Phone> 🐴🐴🐴
21:13:36 -!- skrma [~skram@82.147.53.200] has joined #tlponies
21:20:37 -!- BioPone [~androirc@mobile-166-176-248-150.mycingular.net] has joined #tlponies
21:28:00 <BioPone> Home time bois
21:37:59 -!- Rawr|Fone [~AndChat52@c-94cfe455.020-164-6d6c6d4.bbcust.telenor.se] has joined #tlponies
21:50:01 <reification> dub https://twitter.com/Rainmaker1973/status/1269947474795511812
21:50:33 <Bio> bek
22:01:21 -!- Micen [~Micen@h234.208.18.98.dynamic.ip.windstream.net] has joined #tlponies
22:09:08 -!- skram [~skram@178.239.173.192] has joined #tlponies
22:10:39 <Runbunny> Dot`, Hob isn't back yet.
22:10:50 <Dot`> i see :(
22:11:57 <DuB`> Time for breakfast
22:11:58 <DuB`> Hm
22:12:17 <skram> HMM
22:12:38 <skram> I had mcdonaldo for breakfast/dinner
22:12:40 <skram> brinner
22:12:43 <skram> dinnerfast
22:23:35 * skram slaps Dot` around a bit with a large trout
22:23:40 <Runbunny> Did you get a "McBurger"?
22:23:42 <Dot`> oi!
22:23:55 <Bio> mcdoogles bad 4head
22:24:30 <skram> I got a Prodigious Macintosh
22:24:51 <skram> bjørn where are you
22:26:45 <Runbunny> I'm guessing home.
22:27:01 <Runbunny> What is your guess Jonas?
22:27:02 <skram> hey you never know
22:27:49 <skram> Hmmm im thinking he's stuck in vtuber hell too, Anders
22:27:56 <Runbunny> I doubt it.
22:28:14 <skram> Tell him about the band aids, anders
22:28:32 <Runbunny> Though I do think that the musclely embrace of Noel would be just right for Dot.
22:29:12 <Runbunny> Jonas, do you know about the lesbian play story?
22:29:23 <skram> Not yet, Anders
22:29:58 <Runbunny> here you go https://www.youtube.com/watch?v=NZbMOSHvWfE
22:33:20 <skram> perverts the lot of them, runbunny
22:34:09 <Runbunny> They're great.
22:34:16 <Dot`> skram, im here
22:41:33 <skram> excellent
22:51:06 <Dot`> what you up to jonas friend
22:53:26 <skram> just thinkin bout baking a cake
22:53:33 <skram> what a boat you
22:56:14 <reification> i'm thinking about going to sleep
22:56:19 <reification> g'night all
22:56:40 <skram> gnight reifen
22:58:05 <Dot`> gnight reif!
22:58:15 <Dot`> im a bit tired skram
22:59:12 <Dot`> i kind of off hand offered to run a short dnd campghn for some friends, and was trying to set up a day to get online and talk about thwn ppl are free to play
22:59:37 <Dot`> instead they all ended up online tonight and we made most of thier characters
22:59:53 <Dot`> and i now need to prep this 4-5 session campgn by wednesday
23:00:09 -!- Dot|Phone [uid393803@id-393803.brockwell.irccloud.com] has joined #tlponies
23:00:49 <skram> thats a lot of work dot
23:00:59 <skram> whats the campaign gonna be
23:03:28 <Dot|Phone> It's a short 4 to 5 session  module that's in Tales from the Yawning Portal. 
23:04:16 <Dot|Phone> It's a dwarven mine dungeon delve. So shouldn't be much work. Especially compared to waterdeep
23:05:56 <skram> i hope they're all dwarfs
23:08:50 <Dot|Phone> Not a one. 2 dragonborn though
23:08:58 <Dot|Phone> Weird
23:09:32 <Dot|Phone> Geoff is back. Well Geoffs brother, Geoff
23:09:51 <skram> hahah
23:12:35 <skram> are you sure its not jeff
23:13:42 <Dot|Phone> Hmm. I'll have to check
23:14:00 <Dot|Phone> Forge of fury is what the adventure is called
23:15:36 <Dot|Phone> I think there is a dragon at the end. I'll need to read it tomorrow
23:18:37 <skram> dragons are scary
23:20:01 <Dot|Phone> All dragons? 
23:20:22 <skram> not the bronze prankster of waterdeep, of course
23:21:28 <Dot|Phone> Well the fisherman think different
23:22:33 <skram> eh
23:22:46 <skram> we dont care about the fisherman
23:29:24 -!- Cane [~Cane@CaneCraft.users.quakenet.org] has joined #tlponies
23:29:24 -!- mode/#tlponies [+o Cane] by Q
23:30:45 -!- skram [~skram@82.147.53.200] has joined #tlponies
23:40:09 <Dot|Phone> Hmm
23:40:24 <Dot|Phone> It's sleep time skram
23:40:41 <skram> soon maybe
23:40:55 <Dot|Phone> What you up to
23:44:37 <Dot|Phone> Evo is 1 month away. Then horse game! 
23:44:52 <skram> im gonna try a dota
23:44:54 <skram> whats evo
23:45:11 <Dot|Phone> The fighting game tourney
23:45:55 <Dot|Phone> Why would you want to make yourself sad at 1 am skram? 
23:46:20 <skram> its the best time to be sad
23:46:29 <skram> naw its just custom games
23:46:31 <skram> not that sad
23:47:40 <Dot|Phone> It's weird that thems fighting herds is at one of the main fighting tournaments 
23:54:36 <DuB`> This is so quality https://www.youtube.com/watch?v=_xLOLGfFA5E
23:54:39 <DuB`> Love these
