06:01:04 -!- Rawr|Fone [uid440384@id-440384.highgate.irccloud.com] has joined #tlponies
08:09:34 -!- Golly [~Username@cm-84.213.21.103.getinternet.no] has joined #tlponies
08:16:27 -!- Dot` [webchat@07ne.847t.e8w3.ip] has joined #tlponies
10:56:46 <Rawr|Fone> DoT DoT DoT
11:03:22 <Dot`> Rawr Rawr Rawr
11:03:24 <Dot`> <3 <3 <3
11:57:19 -!- tredc [~tredc@c83-254-129-166.bredband.comhem.se] has joined #tlponies
12:07:43 <Rawr|Fone> ❤❤❤
12:08:08 <Rawr|Fone> How is your day going dot
12:10:25 <Dot`> Doing ok rawr, its a bit chilly though
12:10:28 <Dot`> how about you?
12:10:48 <Rawr|Fone> Hmm
12:10:57 <Rawr|Fone> Pretty goood, lots of work today
12:16:12 <Dot`> not fun on a friday
13:01:46 -!- reification [~thomas@cpc76296-cosh16-2-0-cust215.6-1.cable.virginm.net] has joined #tlponies
13:01:46 -!- mode/#tlponies [+v reification] by Q
13:02:02 <reification> afternoon tlp
13:09:30 <Dot`> reef!
13:09:33 -!- BioSC [~BioPon@097-070-165-146.res.spectrum.com] has joined #tlponies
13:17:48 <reification> dotties!
13:21:30 -!- skram [~skram@109.203.22.118] has joined #tlponies
13:21:43 <Dot`> Jooonas
13:22:56 <skram> Bjøøøørn
13:24:58 <Dot`> DnD tomorow skram!
13:25:14 <Dot`> we going to go have a nice chat with some savage natives
13:25:29 <reification> try not to get skewered
13:25:39 <Dot`> its the most likley outcome
13:26:34 <skram> we're gonna fight the natives
13:26:55 <Dot`> i do hope so, there has been far too much talking
13:28:23 -!- skrma [~skram@109.203.22.118] has joined #tlponies
13:32:38 <Rawr|Fone> Jonas
13:47:03 <skrma> henrik my fren
13:57:23 <Dot`> .roll d20 to finish work for the day
13:57:29 <Dot`> guess thats a yes
13:59:23 <Rawr|Fone> Early :o
13:59:38 <Rawr|Fone> Did you get some good sleep today skram
14:00:33 <Dot`> rawr yesterday i realised ive worked about 9 hours each day 
14:00:53 <Dot`> so im over hours already
14:12:30 <skrma> i had too many sleep rawr
14:21:58 <Rawr|Fone> Feels like you always do skram
14:23:40 <Rawr|Fone> Do you get paid for overtime dot
14:32:09 <Dot`> not unless its authorised or on site
14:36:00 <Rawr|Fone> Hmm
14:58:08 <Dot`> rawr are you done with work yet?
14:58:38 <Rawr|Fone> In two minutes
15:00:06 <Dot`> great
15:00:21 <Dot`> you get your work done?
15:01:03 -!- Runbunny [~Bunnykitt@91.100.28.10.generic-hostname.arrownet.dk] has joined #tlponies
15:01:06 <Rawr|Fone> Yes
15:01:12 <Rawr|Fone> Runbun
15:01:44 <Rawr|Fone> We are going to have some testing of the project on monday dot, then hopefully go live later this month
15:05:01 <Runbunny> Hello
15:05:20 <Runbunny> My day off tomorrow got promoted to a work from home instead.
15:05:45 <reification> that is not what i would call a promotion D:
15:06:42 <Runbunny> Well before it was no money, now it is money.
15:08:16 <reification> richbun
15:28:03 <Dot`> gl rawr 
15:28:06 <Dot`> Hey runbun
15:28:46 <Runbunny> Hai Dot.
15:28:50 <Runbunny> reification, https://twitter.com/ninomaeinanis/status/1317065602012344320
16:03:51 -!- Camail [~Camail@45.40.84.145] has joined #tlponies
16:03:52 -!- mode/#tlponies [+v Camail] by Q
16:25:38 <Dot`> cam!
16:26:50 <Camail> dot.
16:45:34 <reification> perfect bun
16:58:18 -!- Dot|Phone [uid393803@id-393803.brockwell.irccloud.com] has joined #tlponies
17:47:12 <BioSC> tired
17:55:51 <Runbunny> Same Bio.
18:00:51 <Dot|Phone> Bio. Runbun
18:08:16 <BioSC> i would like the work to be over
18:08:17 <BioSC> thx
18:08:33 <BioSC> or at least just not have to talk to anyone for the rest of the day
18:10:17 <Dot|Phone> Hey pizza bio 
18:36:54 <Dot`> get*
18:38:14 -!- Cane [~Cane@CaneCraft.users.quakenet.org] has joined #tlponies
18:38:14 -!- mode/#tlponies [+o Cane] by Q
18:39:11 <Dot`> Hey cane <3
18:55:43 <Dot`> no dub?
18:55:57 <Dot`> runbun, do we need to send a search party?
19:04:52 <Runbunny> Hmm.
19:05:05 <Runbunny> Is your left knee hurting?
19:06:03 <Dot`> left arm was earlier, does that count?
19:49:01 -!- Dot` [webchat@07ne.847t.e8w3.ip] has joined #tlponies
20:35:10 <Dot`> Runbun, hob hit 2 minutes into stream, as is tradition
20:49:47 <Runbunny> Dot`, I would be surprised if this wasn't the case now.
21:03:23 <skrma> Anders...
21:07:35 <Runbunny> Jonas.
21:07:42 <Runbunny> Gutteskerdet?
21:07:59 <skrma> syglekugle
21:09:01 <Runbunny> spisneagle.
21:09:29 <skrma> u just ordered 1000 liter milk
21:10:42 -!- DuB` [DuB@cpe-68-174-122-249.nyc.res.rr.com] has joined #tlponies
21:11:07 <DuB`> ... Not to jinx it, but I think I've managed to be done with work before the sun went down today
21:11:13 <DuB`> First time this week!
21:12:28 <Dot`> DUB
21:12:37 <DuB`> DOT
21:12:40 <Dot`> <3
21:12:44 <Dot`> pizza time?
21:13:10 <DuB`> Hm
21:13:26 <DuB`> I got midtown pizza when I had to head into the office yesterday
21:13:42 <Dot`> anarchy
21:13:52 <DuB`> And my insides are a little unsettled today for some reason, maybe no zza
21:15:21 <skrma> Best way to settle an upset tummy is pepperoni 'za
21:16:43 <DuB`> My insides have been a bit weak to oily stuff ever since japan
21:16:44 <DuB`> I doubt
21:20:01 <Rawr|Fone> Have you been exercising again dub
21:20:28 <Dot`> hmm, rawr is onto something
21:21:08 <DuB`> Not enough no
21:22:36 -!- Crisium [~Crisium@pool-71-182-201-156.pitbpa.fios.verizon.net] has joined #tlponies
21:22:50 <Rawr|Fone> Good evenin crisium
21:23:02 <Crisium> howdy rppr
21:23:05 <Crisium> roor
21:23:27 <Runbunny> DuB`, Did you see the trailer?
21:23:55 <DuB`> The wha trailer
21:24:21 <Dot`> THE trailer
21:25:12 <Rawr|Fone> Are you even paying attention dub
21:25:15 <Rawr|Fone> Snela
21:25:25 <DuB`> Well
21:25:28 <DuB`> No! Too busy
21:25:41 <Rawr|Fone> Hmm
21:25:54 <Runbunny> The monster hunter trailer.
21:26:39 <DuB`> dun wanna
21:26:44 <DuB`> They put CoD in my MonHun
21:26:45 <skrma> oh DUB
21:26:48 <skrma> its gonna be GREAT
21:27:12 <DuB`> CoD AND isekai
21:27:40 <skrma> all your favorites
21:29:20 <DuB`> She uses fire dual blades against black diablos
21:29:23 <DuB`> What a noob
21:29:50 <DuB`> Time to catch up on Kiara/Subaru collab
21:30:04 <skrma> its very loud
21:30:18 <DuB`> HONK
21:30:22 <skrma> it looks cool as frick DuB`, and as we all know, coolness is the only important part of monhun
21:30:47 <Crisium> havent you beaten monster hunter yet
21:31:27 <DuB`> yus
21:31:54 <DuB`> After 2 years we got a final FINAL boss a couple o weeks ago
21:31:59 <Dot`> Crisium!
21:32:01 <Dot`> hi
21:32:59 <Crisium> mr dot
21:35:48 <DuB`> Oh, speaking of monhun. Arch tempered velkhana today! https://twitter.com/monsterhunter/status/1317211212271157248?s=20
21:35:50 <DuB`> v pretty
21:40:13 <Runbunny> DuB`, https://twitter.com/ninomaeinanis/status/1317065602012344320
21:53:11 <reification> dub https://twitter.com/PabloRochat/status/1285598426881720320
21:53:50 <DuB`> https://i.imgur.com/e9o8eI5.mp4
21:54:06 <Runbunny> Hahaha
21:54:10 <Runbunny> That's great.
21:54:30 <reification> https://pbs.twimg.com/media/EdeUPypXgAAoxA-?format=jpg&name=medium
21:56:23 <Crisium> DuB` are you interested in any overguys
21:56:28 <Crisium> new event started btw
21:56:31 <Crisium> gotta get skins
22:00:38 <Runbunny> I'll go start an event in bed as well.
22:00:44 <Runbunny> Hopefully I'll be getting sleep.
22:01:01 <reification> night bun
22:01:09 <reification> and night everyone else
22:01:30 <Crisium> gl on your sleep event
22:03:04 <reification> rawr https://twitter.com/TRAVELxNATURE/status/1317053870472753153
22:06:59 <DuB`> Probl not tonight, Crisium
22:07:53 <BioSC> asdf
22:07:59 <Crisium> fdsa
22:10:34 <BioSC> pnai
22:10:38 <BioSC> crisipon
22:10:49 <Crisium> bee yo
22:11:52 <Dot`> biop
22:22:46 <BioSC> helo
22:26:37 <skrma> Dot` did you do hades
22:34:07 <Dot`> not today
22:34:23 <Dot`> have you played it now skram?
22:39:06 <skrma> well i was thinkin about getting it
22:39:16 <skrma> but since you didnt answer i bought it anyway
22:40:16 <Dot`> nice
22:40:21 <Dot`> its a great game
22:40:32 <Dot`> what made you want to get it?
22:41:38 <Dot`> make  sure to pet cerberus EVERY time your back
22:42:01 <Dot`> most important part of the game
22:42:02 <skrma> well its a supergiant game and the guys on the besties podcast talked about it
22:42:35 <Dot`> i dont know besties podcast but if they talked about hades they must be alright
22:43:40 <skrma> Its justin+griffin mcelroy and 2 former polygon people I think?
22:43:46 <skrma> game journalists of some sort
22:44:43 <Dot`> ah
22:47:08 <DuB`> How topical, skrma https://www.youtube.com/watch?v=kZOAG6nyIQo&ab_channel=NinomaeIna%27nisCh.hololive-EN
22:47:12 <DuB`> In 15 min :P
23:00:39 <DuB`> .choose splurge on shake, no
23:00:41 <DuB`> hm fine
23:01:38 <Dot`> the new fiscaly responsable swoots
23:02:57 <DuB`> It's ooonly 900 calories
23:06:26 <Dot`> well dub, your stomach isnt feeling great so stick to lettuce
23:06:49 <DuB`> I deserve big warm dinner after this week
23:07:02 <DuB`> Insides are feeling settled now
23:07:14 <DuB`> Maybe lotas italian or somethin
23:07:16 <DuB`> lotsa
23:09:59 <Dot`> skram, how it going? you pet cerberus yet?
23:10:03 <DuB`> .choose Gnocchi sorrentina, risotto al porcini
23:10:10 <Rawr|Fone> I thought you were training to get abs dub
23:10:26 <Dot`> chicken and rice everyday
23:10:40 <DuB`> I've hardly eaten all week, and have been exercising regularly
23:10:41 <DuB`> Is fiiiine
23:10:49 <Rawr|Fone> Hmm
23:11:52 <Dot`> he worries me rawr
23:12:08 <DuB`> I'll get some veggies too
23:12:23 <Rawr|Fone> Me too dot
23:14:11 <Rawr|Fone> Do you want us to come over and take care of you dub
23:14:12 <DuB`> Cam
23:14:16 <DuB`> Whooops
23:14:23 <DuB`> Can't imagine why you'd worry!
23:14:44 <Camail> Me.
23:15:03 <Dot`> you
23:15:05 <DuB`> I started typing "can't" but my right hand was one space too far to the right. :P
23:15:17 <Camail> you have summoned me
23:15:21 <Camail> make your wish or begone
23:15:26 <Camail> i will not grant it
23:15:28 <DuB`> n->m and '->enter
23:15:30 <Camail> but you can say it anyway
23:15:39 <DuB`> I want italian dinner
23:15:47 <Camail> me too
23:15:55 <Camail> which is why i am getting spaghetti 
23:33:14 <skrma> DuB` please explain https://www.youtube.com/watch?v=ShBtK1eYacY
23:51:37 <Dot`> Dub` https://imgur.com/gallery/4n9o3yV
23:52:41 <DuB`> Thanks for granting my wish, Camail
23:52:44 <DuB`> So quick
23:53:01 <Camail> you're welcome
23:53:11 <DuB`> skrma too much internet for you today
