00:41:59 -!- Crisium [~Crisium@c-24-3-150-105.hsd1.pa.comcast.net] has joined #tlponies
00:56:53 <Crisium> skrma
01:01:16 <skrma> hey bud
01:01:33 <Crisium> how are the norwegian nights
01:02:08 <skrma> kinda cold
01:02:12 <skrma> my strawberries are freezing
01:02:28 <Crisium> skramdew valley is failing
01:02:36 <skrma> ye :(
01:02:53 <DuB`> poor strorberries
01:04:05 <skrma> how are the trees doing cris
01:04:13 <skrma> still where they're supposed to be?
01:04:52 <Crisium> yeah only the one fallen so far
01:04:59 <Crisium> gonna get the other one cut down one of these days
01:07:02 <skrma> good idea
01:59:23 -!- Rawr|Fone [~AndChat52@c-94cfe455.020-164-6d6c6d4.bbcust.telenor.se] has joined #tlponies
04:34:38 -!- Rawr|Fone [~AndChat52@c-94cfe455.020-164-6d6c6d4.bbcust.telenor.se] has joined #tlponies
05:02:22 -!- Golly [~kvirc@cm-84.213.21.103.getinternet.no] has joined #tlponies
05:31:06 -!- Rawr|Fone [~AndChat52@c-94cfe455.020-164-6d6c6d4.bbcust.telenor.se] has joined #tlponies
06:08:32 -!- Rawr|Fone [~AndChat52@c-94cfe455.020-164-6d6c6d4.bbcust.telenor.se] has joined #tlponies
07:05:29 -!- Rawr|Fone [~AndChat52@c-94cfe455.020-164-6d6c6d4.bbcust.telenor.se] has joined #tlponies
07:11:27 -!- Dot|Phone [uid393803@2001:67c:2f08:5::6:24b] has joined #tlponies
07:16:54 -!- Dot` [webchat@uqju.w7i1.rm0l.ip] has joined #tlponies
