00:33:05 <Dot`> skram
00:47:33 -!- Dot|Phone [uid393803@id-393803.brockwell.irccloud.com] has joined #tlponies
01:15:27 <Dot|Phone> Dub
01:44:11 <skram> Dot|Phone
02:52:28 -!- Cane [~Cane@CaneCraft.users.quakenet.org] has joined #tlponies
02:52:28 -!- mode/#tlponies [+o Cane] by Q
03:49:57 -!- skram [~skram@ip-22-17-203-109.eidsiva.net] has joined #tlponies
06:33:10 -!- Micen [~Micen@h109.118.89.75.dynamic.ip.windstream.net] has joined #tlponies
07:24:29 -!- Golly [~Golly@cm-84.213.21.103.getinternet.no] has joined #tlponies
07:40:47 -!- Rawr|Fone [uid440384@2001:67c:2f08:1::6:b840] has joined #tlponies
07:41:10 <Rawr|Fone> Skram
07:57:04 -!- Dot` [webchat@uqju.w7i1.m7pb.ip] has joined #tlponies
07:57:11 <Dot`> Morning
08:43:41 <Rawr|Fone> DoT DoT DoT
08:53:07 <Dot`> Rawr Rawr Rawr
08:53:09 <Dot`> <3 <3 <3
08:53:30 <Rawr|Fone> ❤❤❤
09:17:51 <Rawr|Fone> Disney+ comes to sweden tomorrow dot!
09:18:46 <Dot`> great rawr!
09:18:59 <Dot`> what you going to watch first? robin hood?
09:20:29 <Rawr|Fone> Hmm
09:20:35 <Rawr|Fone> I don't know yet!
09:36:02 -!- Dot|Phone [uid393803@2001:67c:2f08:5::6:24b] has joined #tlponies
09:45:02 -!- Runbunny [~Bunnykitt@91.100.28.10.generic-hostname.arrownet.dk] has joined #tlponies
09:48:26 <Dot`> runbun!
09:49:59 <Rawr|Fone> Anders.
09:54:21 <Runbunny> Hai
09:54:26 <Runbunny> Bjørn, Henrik.
10:18:19 <CockRoach|42> https://twitter.com/HigglyTH/status/1304959759972536320
10:23:46 <Dot`> swoots
10:48:34 -!- reification [~thomas@cpc76294-cosh16-2-0-cust297.6-1.cable.virginm.net] has joined #tlponies
10:48:34 -!- mode/#tlponies [+v reification] by Q
10:48:45 <reification> morning tlpons
10:49:28 <Dot`> reif!
10:49:35 <reification> dotties!
12:48:07 <Runbunny> Time to get to work.
12:48:18 <Runbunny> Well shower and then work.
13:05:31 -!- Dot|Phone [uid393803@id-393803.brockwell.irccloud.com] has joined #tlponies
13:07:52 -!- reify [~reificati@cpc76294-cosh16-2-0-cust297.6-1.cable.virginm.net] has joined #tlponies
13:08:17 <reify> skram https://www.reddit.com/r/Catswithjobs/comments/irh6vd/coffee_making_serval_cat/
13:10:08 -!- BioPhone [~androirc@097-070-165-146.res.spectrum.com] has joined #tlponies
13:10:13 <BioPhone> Asdf
13:10:21 <BioPhone> Gmon
13:13:09 <Dot|Phone> M
13:24:28 <reify> bio
13:24:30 <reify> https://twitter.com/PharaohOW/status/1304303819271155713
13:26:42 <skram> Helo frens.
13:26:44 <BioPhone> Imma go store I think
13:27:07 <skram> get me some wakeup juice bio pls
13:27:37 <BioPhone> I've got a pot of coffee going come on down
13:27:59 <skram> omw
13:32:47 <DuB`> Good morn
13:34:46 <skram> gute morgen
13:36:04 <Dot|Phone> Skram
13:36:10 <skram> doot
13:39:50 <Dot|Phone> How's your face
13:40:16 <skram> quite dreadful
13:42:21 <skram> are you in bakewell still bjørnen?
13:57:15 <Dot|Phone> Yea 
14:02:33 <BioSC> brb
14:08:51 -!- BioPone [~androirc@mobile-107-92-122-55.mycingular.net] has joined #tlponies
14:09:34 <Dot|Phone> What you up to today skram
14:10:46 <skram> chores
14:10:50 <skram> laundry and stuff
14:16:57 <skram> how you been dot
14:20:11 <Dot|Phone> Feeling better. Still a bit tired
14:25:25 -!- tredc [~tredc@c83-254-129-166.bredband.comhem.se] has joined #tlponies
14:39:11 -!- Rawr|Fone [uid440384@2001:67c:2f08:1::6:b840] has joined #tlponies
15:08:59 <Rawr|Fone> 🐴🐴🐴
15:11:39 <Dot`> horse
15:12:31 <Rawr|Fone> Dotpon
15:29:20 -!- reify [~reificati@cpc76294-cosh16-2-0-cust297.6-1.cable.virginm.net] has joined #tlponies
15:51:00 <reify> .tell runbunny https://www.animemaru.com/msi-reveals-hololive-geforce-rtx-3080-graphics-card/
16:43:14 <BioSC> hi
16:43:20 <BioSC> im bek
16:43:33 <BioSC> dinner on the stove burblin away
18:16:03 <Rawr|Fone> Was it a good dinner bio
18:27:56 <Dot`> what you have rawr?
18:28:54 <Rawr|Fone> Rice and chicken
18:29:11 <Dot`> a classic
18:30:31 <Rawr|Fone> It's pretty good
19:06:17 -!- Dot|Phone [uid393803@id-393803.brockwell.irccloud.com] has joined #tlponies
21:06:14 <BioSC> it is a good dinner yes
21:16:29 -!- skram [~skram@ip-22-17-203-109.eidsiva.net] has joined #tlponies
21:22:18 <skram> well well well
21:24:16 <Dot`> so. its come to this
21:24:50 <skram> come at me bro
21:27:39 <Dot`> no, you keep your distance you plaugue vessel
21:27:43 <Dot`> plague*
21:53:51 <BioSC> ?
21:54:16 <Dot`> ??
21:57:44 <reification> speaking of plague, my visit up north may be under threat if wolverhampton gets the special restrictions :/
22:32:52 <Dot|Phone> Skram. It's Monday soon
22:33:02 <skram> yeah
22:33:04 <skram> fuck
22:34:52 -!- Runbunny [~Bunnykitt@91.100.28.10.generic-hostname.arrownet.dk] has joined #tlponies
22:35:24 <Dot|Phone> Angel
22:35:28 <Dot|Phone> Why you awake
22:40:01 <Runbunny> ???
22:40:08 <Runbunny> I am fresh off work
22:40:14 <Dot|Phone> How was work
22:40:21 <Runbunny> Was all right. 
22:40:46 <Runbunny> It's always something new that's work, but it went kinda smoothly today, for me at least. 
22:40:53 <Runbunny> There was trouble in the laboratories.
22:41:36 <Dot|Phone> Runbun. What is hob doing.. 
22:42:21 <Dot|Phone> Gone full meme? 
22:45:41 <Runbunny> What is Hob doing ?!?
22:45:47 <Runbunny> You don't have time for that sir.
22:45:59 <Dot|Phone> Playing a game we all know
22:46:13 <Dot|Phone> Raid Shadow Legends
22:53:37 <Dot|Phone> He must have truly given up on the runs challenge 
22:58:58 <Runbunny> He has accepted defeat in his heart.
22:59:37 <Dot|Phone> A sad day 
23:03:32 <skram> has hob lost it
23:03:34 <skram> (again)
23:04:43 <Dot|Phone> He's lost now than his mind this time
23:04:44 <Runbunny> Yes.
23:04:53 <Dot|Phone> More*
23:06:50 <skram> did you see the shark yesterday
23:06:57 <skram> and the tentacle person and their friends
23:06:59 <skram> Runbunny
23:07:07 <Runbunny> Jonas.
23:07:30 <Runbunny> I saw the rapper and the shark
23:07:41 <Runbunny> I think I know who the rapper is.
23:07:52 <skram> she seems very familiar
23:08:22 <skram> is she the weeb shit youtuber
23:08:25 <skram> gigguk but a girl
23:09:11 <Runbunny> Gigguk's wife?
23:09:21 <skram> uuuh no?
23:09:22 <Runbunny> Sydnaps or whatever?
23:10:09 <skram> red bard
23:10:21 <skram> but now that im hearing her again im not so sure
23:10:26 <skram> who do you think it is andersen
23:10:39 <Runbunny> I believe it to be "ValkyrieAuroa" 
23:11:39 <skram> probably
23:11:54 <Runbunny> Maybe not
23:12:48 <Runbunny> Nah I was wrong, maybe. I don't know.
23:12:52 <Runbunny> Doesn't matter anyways.
23:13:04 <skram> yeh true
23:44:35 <reification> night all
23:45:13 <Dot|Phone> Gnight
23:52:24 <Runbunny> Goodnight Reif.
