00:00:17 <skram> Anders?
00:11:17 <Runbunny> Jonas?
00:11:39 <Runbunny> skram, https://imgur.com/sXtAWie
01:14:50 <Cane> https://cdn.discordapp.com/attachments/112498538897776640/724069758823170058/unknown.png
04:46:46 <Micen_> Thats spooky Cane.
04:47:18 <Cane> <3
04:50:06 <Micen> Maybe I should be bad at Terraria for a bit. I played a total of 3 hours according to steam, and i think 2.5 of that was card farming one year. 
04:50:47 <Cane> Have you played anything like it that you enjoyed?
04:51:22 <Cane> It's in my top 10 games of all time list, and I've clocked a ridiculous amount of hours in it.
04:53:55 <Micen> I played a bit once, but i kind of felt like i was cheating since a friend loaded me out with end game items.  Some big sowrd thing that reminded me of the big sword in SOTN and flight. 
04:55:20 <Micen> and after that going back to having nothing didnt feel too great. but my backlog is so huge 
04:56:45 <Micen> I also have issues with any games with building in them. years of mmo has ruined me for just having fun. Always got to go after that next carrot. or upgrade. 
05:03:50 <Micen> And what do you consider like Terraria? I dont really have enough experience to say what is and isnt like it. 
05:13:57 <Cane> Yeah, the whole point of a Metroidvania is the progression. Getting endgame gear right away means you saw none of the game.
05:14:20 <Cane> Terraria is not exactly 2D Minecraft, but it's a good starting point for an explanation.
05:14:28 <Cane> Minecraft is almost entirely building, with some digging for materials.
05:14:51 <Cane> Terraria is that, but in 2D, and with Metroidvania progression and tons and tons of weapons and equipment and armour and spells and loot and tons of bosses and challenging events.
05:15:10 <Micen> hmm, I should give it another go. 
05:15:18 <Cane> Building homes is optional, although at least making some boxes so your NPC friends can move in is useful since they all do useful things.
05:15:29 <Cane> Several people in this channel have played it. Maybe ask them for a co-op playthrough.
05:15:35 <Cane> It's usually more fun with friends.
05:15:44 <Micen> thats an option. 
05:20:31 -!- Golly [~kvirc@cm-84.213.21.103.getinternet.no] has joined #tlponies
06:08:21 <Cane> I made a Terraria YouTube series that was well-regarded, if you want an introduction of sorts.
06:08:22 <Cane> https://www.youtube.com/watch?v=7ToNlNY7CNk&list=PLDASTNW-R2eosYgQCnnHL0T_DmVH-XKdB
06:08:38 <Micen> ooh ill add it to my watch later
07:54:21 -!- Rawr|Fone [uid440384@id-440384.highgate.irccloud.com] has joined #tlponies
08:13:01 -!- Dot` [webchat@wyxh.5heh.3neh.ip] has joined #tlponies
08:23:48 -!- Runbunny [~Bunnykitt@91.100.28.10.generic-hostname.arrownet.dk] has joined #tlponies
08:26:41 <Rawr|Fone> DoT DoT DoT
08:26:54 <Rawr|Fone> Bun Bun Bun
08:29:15 <Dot`> Rawr Rawr Rawr
08:29:27 <Rawr|Fone> ❤❤❤
08:36:48 <Dot`> <3 <3 <3
08:45:13 <Dot`> how are you today rawr
08:52:11 <Rawr|Fone> Pretty good my dear
08:52:18 <Rawr|Fone> How are you dot
09:02:07 <Dot`> im ok rawr
09:02:54 <Rawr|Fone> Great
09:05:34 <Dot`> your great
09:11:40 <Rawr|Fone> No u!
09:36:55 <Runbunny> Oh hai.
10:00:40 <Rawr|Fone> Anders
10:05:37 <Runbunny> It's shower time.
10:17:56 -!- tredc [~tredc@c83-254-129-166.bredband.comhem.se] has joined #tlponies
10:39:10 <Rawr|Fone> DoT`
10:39:16 <Rawr|Fone> Where is skram
10:40:42 <Dot`> either sleeping or gardening
10:42:08 <Runbunny> Could be both.
10:42:42 <Runbunny> it's time to go
10:42:53 <Runbunny> my younger brother is graduating high school.
10:42:57 <Dot`> later bun
10:43:04 <Dot`> congrats to him
10:43:07 <Runbunny> So I have to prepare.
10:43:12 <Runbunny> Bai.
10:43:15 <Dot`> now he gets to be a sad adult
10:43:27 <Runbunny> Or a happy one ;) ;)
10:43:30 <Runbunny> Like you Dot.
10:45:54 <Dot`> i go for a walk too now
10:46:08 <Rawr|Fone> Bye dot
10:46:11 <Rawr|Fone> Good luck
11:16:46 -!- reification [~thomas@cpc76294-cosh16-2-0-cust297.6-1.cable.virginm.net] has joined #tlponies
11:16:46 -!- mode/#tlponies [+v reification] by Q
11:35:25 <reification> afternoon tlpons
11:43:50 <reification> https://twitter.com/SlavaMalamud/status/1274042710081654784
11:54:34 -!- Micen [~Micen@h234.208.18.98.dynamic.ip.windstream.net] has joined #tlponies
12:21:46 -!- skram [~skram@82.147.53.245] has joined #tlponies
12:21:51 <skram> butts
12:33:43 <reification> .butt skram
12:33:57 <skram> :(
12:47:49 <reification> https://twitter.com/AChillGhost/status/1271284463410896897
14:09:04 -!- Rawr|Fone [uid440384@2001:67c:2f08:1::6:b840] has joined #tlponies
14:28:22 <skram> i goofed
14:29:07 <skram> i was at my dads the other day and i said i'd never had a flat tire for some reason
14:29:29 <skram> walked out today and i noticed i had a flat tire with a 6x120 screw in it ...
14:32:30 <reification> oh dear
14:33:45 <Rawr|Fone> Jonas
14:33:47 <Rawr|Fone> Oof
14:34:39 -!- Dot` [webchat@wyxh.5heh.3neh.ip] has joined #tlponies
14:34:46 <Dot`> Hedge Pons
14:35:48 <skram> i am no a hedge, Dot`
14:36:04 <Dot`> the hedgest
14:36:08 <Dot`> you horse
14:36:33 <skram> gasp
14:36:47 <skram> you're getting coal for christmas this year, lad
14:37:02 <Dot`> so i can stay warm in the middle of winter?
14:37:18 <Rawr|Fone> DoT DoT
14:37:31 <Dot`> Rawr Rawr
14:37:35 <Dot`> <3 <3
14:37:36 <Rawr|Fone> ❤❤
14:37:40 <Dot`> see how thoughtful skram is
14:37:41 <skram> im almost certain burning coal in a private home is illegal??
14:38:46 <Rawr|Fone> He is the best dot
14:38:52 <Rawr|Fone> So caring
15:16:17 <Micen> Hello
15:16:27 <skram> heya micen
15:19:38 <Micen> Skram, ive watched an episode of Girls Und Panzer finally
15:19:52 <skram> Its really good, right?
15:19:57 <Micen> the main characters best friends kind of suck. 
15:20:03 <skram> :O
15:20:14 <skram> no way
15:20:55 <skram> actually yes, but not in episode 2->
15:21:43 <Micen> MC: "I dont want to do this one particular thing thats is in our culture." and friends say okay,  then immedately after in the last half of the episode they are talking about how awesome sensha do is, and life will be ruined if they all dont do it. 
15:22:28 <Micen> but then again, i might be over analyzing a single episode of an anime. 
15:22:59 <skram> dont think too hard about it lol
15:23:19 <skram> its a funny sol cartoon about tanks and not a commentary on friend dynamics, just do the rest
15:23:33 <Micen> im also still up from before dnd yesterday. 
15:23:57 <skram> you should go to bed micen thats like 10 hours ago D:
15:24:18 <Micen> but Halvs dnd is in like a half hour. 
15:25:07 <skram> well dang
15:25:37 <Micen> i shall chug all the caffeinated beverages. 
15:25:47 <skram> if you do 100, time stops
15:26:59 <Micen> maybe. 
15:27:17 <Micen> or maybe it will be like this meme bio linked
15:27:29 <Micen> https://images.app.goo.gl/8Yqo9sefrvU37CtY7
15:28:28 <Bio> get into the forever box
15:29:02 <Micen> maybe. 
15:33:03 -!- DuB` [DuB@cpe-68-174-122-249.nyc.res.rr.com] has joined #tlponies
15:33:11 <Micen> Hi dub 
15:34:12 <DuB`> Oha
15:35:48 <Dot`> Dub Dub
15:36:16 <DuB`> Dot Dot
16:05:15 <Dot`> Bio
16:43:06 -!- Camail [~Camail@45.40.84.145] has joined #tlponies
16:43:06 -!- mode/#tlponies [+v Camail] by Q
16:53:22 <Rawr|Fone> Good evening camalamail
16:55:42 -!- Runbunny [~Bunnykitt@91.100.28.10.generic-hostname.arrownet.dk] has joined #tlponies
16:56:22 <Runbunny> I have returned.
16:56:49 <Rawr|Fone> Welcome back runbun
17:12:08 <reification> wb bun
17:19:22 <Dot`> bun!
17:24:16 <Camail> hullo
17:25:17 <Dot`> calamail
17:55:46 <reification> runbunny have you been swimming? https://twitter.com/BeigeShiba/status/1274588256353390592
17:56:16 <Runbunny> I'd wish.
18:18:37 -!- Camail_ [~Camail@45.40.84.145] has joined #tlponies
18:18:37 -!- mode/#tlponies [+v Camail_] by Q
18:46:46 <skram> hey Dot`, I found a photograph of my house from the early 1910s
18:46:53 <skram> https://digitaltmuseum.no/011012764284/fra-hoyre-er-johannes-1842-1922-karen-1839-1916-johan-1880-1963-og-anna
18:48:26 <DuB`> Oooooh nice
18:50:37 <skram> Probably built by someone reasonably wealthy considering its got electricity and a lot of glass
18:55:58 <Dot`> what a nice place
18:56:54 <skram> pretty neat
18:57:02 <skram> they probably didnt even have dial-up
19:05:50 <Dot`> hows your face today skram
19:06:36 <skram> pretty good
19:06:40 <skram> got stuff done
19:06:41 <skram> had cake
19:06:45 <skram> what about you lad
19:08:20 -!- Cane [~Cane@CaneCraft.users.quakenet.org] has joined #tlponies
19:08:20 -!- mode/#tlponies [+o Cane] by Q
19:08:23 <Dot`> i had no cake
19:08:35 <Dot`> i did go for a nice walk
19:08:59 <Runbunny> O:
19:09:08 <Runbunny> Was it a nice walk?
19:11:31 <Dot`> was pretty good
19:20:17 <Runbunny> You're pretty good.
19:20:26 <Runbunny> skram, https://www.youtube.com/watch?v=Ch1aVmjvYTI
19:22:19 <skram> i love that this is a thing so much
19:22:48 <Runbunny> Bardcore is great.
19:37:53 <skram> Runbunny https://www.youtube.com/watch?v=JR6kZQMFBa0
19:37:54 <skram> ????
19:38:55 <Runbunny> Oh you found it.
19:41:42 <skram> whats even going on
19:54:37 <Runbunny> Well.
19:55:11 <Runbunny> It's just shitposting, I guess.
19:56:27 <Runbunny> Seems (to me) like Haato has been messing about with degenerates and tries to play off them.
19:56:29 <Runbunny> Kinda.
19:56:34 <Runbunny> I am not sure how to explain it.
19:56:58 <skram> I get it
19:57:14 <skram> Not very idol-like tho
19:58:41 <Runbunny> I guess.
19:58:46 <Rawr|Fone> 🤨
19:59:13 <Runbunny> It's not very appealing to me. She might be down ranked on my tier list.
19:59:25 <skram> you have a tier list?
20:06:18 -!- BioPone [~androirc@mobile-166-176-249-44.mycingular.net] has joined #tlponies
20:08:07 <Runbunny> yeah
20:10:22 <skram> you cant just say that and not show it
20:11:18 <skram> .tell DuB` https://www.youtube.com/watch?v=iPlFdIpgioI
20:11:43 <Runbunny> skram, https://imgur.com/a/9m2Vtvz
20:11:50 <Runbunny> I didn't bother with cropping.
20:12:19 <skram> most of it is wrong
20:15:13 <Runbunny> Maybe Haato is too high.
20:15:26 <Runbunny> Since new information.
20:18:38 <Runbunny> You want the template?
20:18:53 <reification> of all the things to downrank haachama on... smh
20:21:43 <reification> also rushia at C tier = https://i.kym-cdn.com/photos/images/original/000/651/474/3a7.jpg
20:26:15 <Runbunny> O:
20:30:26 <reification> also a disappointing lack of squirrel D:
20:40:13 <Runbunny> That is the templates fault.
20:40:50 <reification> you could have picked the right template...
20:48:03 <Runbunny> This was the best one I could find, at the time :P
20:48:13 <Runbunny> I couldn't be bothered to make my own.
20:51:39 <skram> ya lemme see the template
20:58:48 <reification> here is one with squirrel and friends https://tiermaker.com/create/hololive-180517
21:02:06 <skram> here we go Runbunny https://i.imgur.com/1d4U0vY.png
21:02:55 <reification> wait a minute! bun not even making his own tierlist but passing off someone else's‽
21:03:44 <reification> that's a very full S tier
21:04:17 <skram> the way god intended
21:05:43 <reification> i didn't realise you were such a cultured squirrel respecter or indeed that you watched enough hololive to rate almost all of them
21:06:08 <reification> maybe you are just quick to judge but i couldn't place half of them
21:07:18 <skram> reifen its been all downhill ever since one of yous linked pekora quest a few months ago
21:08:02 <reification> that would be bun, i can't claim credit for that
21:08:11 <DuB`> skram is lost forever
21:08:29 <DuB`> mou dame peko da
21:08:43 <skram> nnaaaaaaaaa
21:11:41 <Runbunny> Hahaha
21:12:00 <Runbunny> I made my own!
21:18:54 -!- Dot|Phone [uid393803@2001:67c:2f08:5::6:24b] has joined #tlponies
21:23:27 <reification> i'm not seeing it bun
21:23:44 <reification> also that matsuri live was very good
21:27:38 <Dot|Phone> Skram
21:27:50 <skram> yee
21:28:01 <Runbunny> reification, https://imgur.com/a/cfkgXCq
21:28:30 <Dot|Phone> How was your week
21:28:53 <skram> Hmm..
21:29:07 <skram> I'd give it a 6.5/10
21:29:31 <Dot|Phone> You at work next week? 
21:29:46 <skram> did you get all your chores done?
21:29:47 <skram> yah
21:36:04 <Dot|Phone> Well I had a walk planned and dnd. Both accomplished
21:36:12 <reification> gj dotties
21:37:59 <Dot|Phone> Reif you horse. How's you
21:39:46 <reification> good ty. i have been reading books from brits who fought in the spanish civil war
21:41:01 <Dot|Phone> Is it to balance out the Spanish you have been reading? 
21:41:32 <skram> esperanto isnt spanish, Dot|Phone
21:41:39 <skram> its spanish but you're also having a stroke
21:43:46 <reification> spanish is much worse, i had to suffer through spanish lessons at school :/
21:45:00 <skram> well
21:45:04 <skram> at least its not french
21:47:17 <reification> but i had to learn that too...
21:47:26 <skram> but why
21:48:30 <reification> my school had a stupid system for assigning foreign languages so i couldn't do any i actually wanted to do :(
21:49:31 <DuB`> Oh yuck :(
21:49:38 <skram> Luckily I graduated school before they made foreign language classes mandatory
21:49:39 <reification> i responded by putting fuck all effort into the classes, which was actually a stupid mistake
21:49:45 <skram> other than english
21:50:39 <reification> i'm glad you learned english skram, as i doubt i shall ever learn vikingese
21:52:40 <skram> Vikingnese is very useful if you ever plan on visiting Lidisfarne
21:54:41 <reification> i haven't been there since i was a small kid
21:58:47 <skram> did you find any gold
22:02:00 <Dot|Phone> Some ppl came by and took it all a while ago
22:04:28 <skram> im sure theres some left
22:07:44 <reification> no i didn't skram, but i would say that wouldn't i ;p
22:08:16 <skram> aww boo
22:12:10 <DuB`> Went to the corner store for some bread and butter 'n stuff
22:12:24 <DuB`> Came back with those plus oreos and ice cream, oops :P
22:13:12 <skram> dub pls :/
22:13:30 <skram> well, at least you got the bread
22:13:40 <DuB`> I exercised every day this week, I earned it!
22:13:51 <DuB`> Hehe
22:30:22 -!- BioPone [~androirc@mobile-166-176-249-44.mycingular.net] has joined #tlponies
22:40:47 <reification> g'night all
22:42:28 <DuB`> G'night reif
23:08:44 <skram> how was dnd DuB`
23:14:03 <DuB`> v gud
23:14:16 <DuB`> I was haughty butler and we rescued the ojou-sama
23:14:40 <skram> haha
23:14:45 <skram> very good
23:17:13 <DuB`> And now I have oreos and got a 15-min nap, great day
23:17:29 <skram> i dont wanna start a fight, DuB`
23:17:41 <skram> but i think oreos are not that good
23:17:46 <DuB`> ban
23:17:50 <skram> :(
23:17:54 <DuB`> @Q, ban this boy
23:18:23 <skram> chocolate chip things are so much better!
23:42:38 <DuB`> skram, oreos are the NUMBAH ONE snack and that's just that
23:44:00 <skram> DuB`, have you ever had a jaffa?
23:44:07 <DuB`> Yes jaffa is meh
23:45:43 <skram> what the f----
23:45:53 <skram> dub
23:45:54 <skram> what
23:46:01 <skram> DUB
23:47:00 <skram> you're so wrong about this that you've made me speechless
23:59:55 <DuB`> Well then I suppose there's nothing more to say
23:59:56 <DuB`> HMPH
