00:27:59 -!- Rial [~Rial@p452019-ipngn200305sasajima.aichi.ocn.ne.jp] has joined #tlponies
01:02:21 -!- Rawr|Fone [~AndChat52@c-94cfe455.020-164-6d6c6d4.bbcust.telenor.se] has joined #tlponies
02:37:17 -!- Rawr|Fone [~AndChat52@c-94cfe455.020-164-6d6c6d4.bbcust.telenor.se] has joined #tlponies
02:48:59 -!- Rial [~Rial@p452019-ipngn200305sasajima.aichi.ocn.ne.jp] has joined #tlponies
03:04:07 -!- Westy543 [Westy543@c-24-130-12-152.hsd1.ca.comcast.net] has joined #tlponies
03:04:08 -!- mode/#tlponies [+v Westy543] by Q
03:04:23 -!- Westy543 [Westy543@c-24-130-12-152.hsd1.ca.comcast.net] has joined #tlponies
03:04:24 -!- mode/#tlponies [+v Westy543] by Q
03:36:35 -!- Micen [~Micen@h106.208.18.98.dynamic.ip.windstream.net] has joined #tlponies
05:00:29 -!- Rawr|Fone [~AndChat52@c-94cfe455.020-164-6d6c6d4.bbcust.telenor.se] has joined #tlponies
06:08:00 -!- Rawr|Fone [~AndChat52@c-94cfe455.020-164-6d6c6d4.bbcust.telenor.se] has joined #tlponies
06:28:07 -!- BioSC [~BioPon@097-070-165-146.res.spectrum.com] has joined #tlponies
06:47:10 -!- Westy543 [Westy543@c-24-130-12-152.hsd1.ca.comcast.net] has joined #tlponies
06:47:10 -!- mode/#tlponies [+v Westy543] by *.quakenet.org
07:01:47 -!- Golly [~kvirc@cm-84.213.21.103.getinternet.no] has joined #tlponies
07:03:58 -!- Rawr|Fone [~AndChat52@c-94cfe455.020-164-6d6c6d4.bbcust.telenor.se] has joined #tlponies
07:06:13 <Rawr|Fone> 🐴🐴🐴
07:16:46 -!- Dot` [webchat@cloak-puzvreye.123.7.51.dyn.plus.net] has joined #tlponies
07:17:48 -!- Rial [~Rial@p452019-ipngn200305sasajima.aichi.ocn.ne.jp] has joined #tlponies
07:32:01 -!- Rawr|Fone [~AndChat52@c-94cfe455.020-164-6d6c6d4.bbcust.telenor.se] has joined #tlponies
08:04:52 -!- Rawr|Fone [~AndChat52@c-94cfe455.020-164-6d6c6d4.bbcust.telenor.se] has joined #tlponies
08:06:31 -!- wololo [~Westy543@c-24-130-12-152.hsd1.ca.comcast.net] has joined #tlponies
08:08:42 -!- Westy543 [Westy543@c-24-130-12-152.hsd1.ca.comcast.net] has joined #tlponies
08:08:46 -!- mode/#tlponies [+v Westy543] by Q
08:43:15 -!- Runbunny [~Bunnykitt@91.100.28.10.generic-hostname.arrownet.dk] has joined #tlponies
08:44:26 <Dot`> runbun!
08:52:56 <Runbunny> Me!
08:53:35 <Runbunny> It's like 18 degrees today Dot.
08:53:42 <Runbunny> Very warm.
08:56:32 <Dot`> im cold thugh
09:00:43 -!- Rawr|Fone [~AndChat52@c-94cfe455.020-164-6d6c6d4.bbcust.telenor.se] has joined #tlponies
09:01:35 <Runbunny> O:
09:15:13 -!- Rial [~Rial@p452019-ipngn200305sasajima.aichi.ocn.ne.jp] has joined #tlponies
09:24:51 <Runbunny> .tell DuB` Oh no.. We have to farm Kjarr weapons now.
09:25:51 <Runbunny> .tell DuB` Apparently Kjárr strongarm "Ice" is insane. 
09:26:02 <Runbunny> .tell DuB` hold me.
09:26:25 <Dot`> .tell Dub` HI DUB
09:26:46 <Dot`> is swoots case sensitive?
09:27:08 <Dot`> .tell runbunny poke
09:37:19 -!- Rawr|Fone [~AndChat52@c-94cfe455.020-164-6d6c6d4.bbcust.telenor.se] has joined #tlponies
09:49:05 <Runbunny> Yo.
09:49:09 <Runbunny> It is.
09:49:15 <Runbunny> No it isn't
09:51:22 <Dot`> great
09:57:34 <Rawr|Fone> Hmm
10:09:42 -!- Cane [~Cane@CaneCraft.users.quakenet.org] has joined #tlponies
10:09:42 -!- mode/#tlponies [+o Cane] by Q
10:14:49 -!- reification [~thomas@cpc76294-cosh16-2-0-cust297.6-1.cable.virginm.net] has joined #tlponies
10:14:49 -!- mode/#tlponies [+v reification] by Q
10:19:33 <Dot`> Rawr Rawr Rawr
10:19:38 <Dot`> Reef
10:21:04 -!- Rawr|Fone [~AndChat52@c-94cfe455.020-164-6d6c6d4.bbcust.telenor.se] has joined #tlponies
10:21:51 <Rawr|Fone> Horse
10:23:03 <Dot`> <3
10:23:18 <Rawr|Fone> ❤
10:33:35 -!- tredc [~tredc@c83-254-129-166.bredband.comhem.se] has joined #tlponies
11:09:02 <reification> dotties
11:17:12 <Runbunny> reification, https://danbooru.donmai.us/posts/3876408
11:19:28 <reification> oh i hadn't realised new gits and ilya kuvshinov working as lead chara design :O
11:21:36 <reification> runbunny paper of the day, wide implications edition https://www.ncbi.nlm.nih.gov/pmc/articles/PMC3167012/#R27
11:49:39 -!- skram [~skram@109.202.111.140] has joined #tlponies
11:51:07 <Dot`> Jonas friend
11:53:04 <skram> dot pal
12:01:28 <Runbunny> Both the placebo and the nocebo effect is quite powerful actually. 
12:02:45 <Runbunny> If I recall one study found that even though people were told they were getting a placebo drug, it still had an effect compared to a controls.
12:07:06 <Runbunny> .tell DuB` I did like 5 sieges and rolled the regular taroth stormarm ice once. No kjárr :(
12:07:15 -!- Rawr|Fone [~AndChat52@c-94cfe455.020-164-6d6c6d4.bbcust.telenor.se] has joined #tlponies
12:07:30 <Runbunny> Sweetie melted.
12:13:55 <Runbunny> Dot`, I am going for a walk. Do you need anything?
12:14:09 <Dot`> a hug
12:15:30 <Runbunny> Don't break my heart like this.
12:15:36 <Runbunny> You know a hug could kill you.
12:20:09 <Dot`> well gl bun
12:27:40 -!- Rawr|Fone [~AndChat52@c-94cfe455.020-164-6d6c6d4.bbcust.telenor.se] has joined #tlponies
12:43:29 -!- DuB` [DuB@cpe-68-174-122-249.nyc.res.rr.com] has joined #tlponies
13:13:23 <Dot`> dub dub
13:22:30 -!- Rawr|Fone [~AndChat52@c-94cfe455.020-164-6d6c6d4.bbcust.telenor.se] has joined #tlponies
13:24:03 <Rawr|Fone> 🐴🐴🐴
13:34:55 <Runbunny> I return.
13:35:33 <DuB`> Gud morn
13:36:18 <Rawr|Fone> Anders.
13:36:24 <Rawr|Fone> DuB`
13:36:26 <Rawr|Fone> Friends
13:36:36 <Runbunny> Henrik.
13:36:48 <Runbunny> I saw 0 dogs on my walk.
13:37:17 <Rawr|Fone> D:
13:37:45 <Runbunny> It was very disappointing.
13:42:03 <Rawr|Fone> I can see why
13:47:50 <Rawr|Fone> Maybe next time runbun
13:48:44 <Runbunny> Hopefully.
13:53:25 <DuB`> Runbunny
13:53:56 <DuB`> Got my full alpha and beta kulve sets, so pretty :D
13:54:06 <DuB`> But yeah I need that kjarr ice CB...
14:07:26 <Runbunny> Too bad it's RNG on top of RNG.
14:10:11 <DuB`> Can meld a bunch of weapons with the mats now, at least
14:10:12 <reification> embrace the rng bun, like using exusiai and gitano as your main damage and wondering why auto-replay often fails
14:13:51 <Runbunny> My melder didn't have that option :S
14:13:58 <Runbunny> Maybe I was looking at the wrong thing.
14:19:34 <DuB`> The armor is nice, I was able to make a full support build (free meal secret, wide range, speed eat) and still have maxed out crit eye, crit dmg, wex, focus, and health boost
14:19:36 <DuB`> crazy
14:20:09 <DuB`> ... and I find that you NEED to be a dedicated support to keep randoms from failing the kulve hunt :P
14:20:11 <DuB`> They drop like flies
14:41:13 <BioSC> asdf
14:43:13 <BioSC> gmorn
14:59:36 <Runbunny> I Haven't tried the hunt yet.
14:59:40 <Runbunny> I just did siege :S
15:27:25 -!- Crisium [~Crisium@c-24-3-150-105.hsd1.pa.comcast.net] has joined #tlponies
15:30:42 <DuB`> It's pretty scary haha
15:30:44 <DuB`> Very exciting
15:45:36 <Dot`> Crisium!
15:45:43 <Crisium> howdy
16:03:08 -!- Zounds [webchat@cloak-07ouvien.14-2.cable.virginm.net] has joined #tlponies
16:03:13 <Zounds> horse
16:03:23 <Rawr|Fone> Zönds
16:03:59 -!- BioSC [~BioPon@097-070-165-146.res.spectrum.com] has joined #tlponies
16:17:42 -!- Rawr|Fone [~AndChat52@c-94cfe455.020-164-6d6c6d4.bbcust.telenor.se] has joined #tlponies
16:19:17 <Crisium> zoonds horse
16:25:01 <Zounds> crispybum
16:27:06 <reification> oh boy null started a 9chan
16:27:39 <reification> 3 day in and in the news for hacking, domain seized by registrar and ddosed off cloudflare
16:27:45 <reification> sounds about right
16:32:55 <Runbunny> Who is Null?
16:33:55 <reification> the kiwifarms dude not your fave artist bun :p
16:34:46 <Runbunny> Oh.
16:35:17 <reification> also you can have this https://twitter.com/MiraiAkari_prj/status/1239093892043042817
16:35:20 <Runbunny> He is his twitter handle in my mind.
16:35:20 <reification> ^ bio
16:40:18 -!- Camail [~Camail@45.40.84.145] has joined #tlponies
16:40:18 -!- mode/#tlponies [+v Camail] by Q
16:44:32 <BioSC> pls
16:51:46 -!- Rawr|Fone [~AndChat52@c-94cfe455.020-164-6d6c6d4.bbcust.telenor.se] has joined #tlponies
16:56:51 <Camail> no
17:07:08 -!- Rawr|Fone [~AndChat52@c-94cfe455.020-164-6d6c6d4.bbcust.telenor.se] has joined #tlponies
17:13:38 -!- Crisium|2 [~Crisium@45.56.154.3] has joined #tlponies
17:40:46 <Runbunny> DuB`, MR KT is cool. The Attack where she crawls around the pillar in the middle is amazing.
17:42:08 -!- Crisium [~Crisium@c-24-3-150-105.hsd1.pa.comcast.net] has joined #tlponies
19:11:53 <Crisium> what is everyone up to today
19:25:41 <Runbunny> Slacking.
19:25:46 <Runbunny> Just like everyday.
19:26:38 <Crisium> nice
19:28:19 <Dot`> work, now cooking supper
19:32:20 <Crisium> are you eating fish n chips
19:32:37 <Dot`> sshhh, dont tell the english but i dont even like fish
19:33:27 <Crisium> egads!
19:33:43 <Runbunny> O:
19:36:32 <Zounds> not any kind of fish Dot` ?
19:38:06 <Dot`> all fish smells rotten to me, something to do with a chemical in dead fish smell, just how it is for some ppl
19:39:05 <Zounds> Oh I wouldn't like fish either then
19:39:32 <Crisium> there's far better seafood anyway
19:39:34 <Crisium> crab is best
19:40:06 <Zounds> never had
19:42:31 <reification> just as well it's lockdown dot or we might have to exile you immediately!
19:43:11 <reification> i see we have a competing account for "can you pet the dog?"
19:43:13 <reification> https://twitter.com/ViolateGeneva
19:44:16 <Dot`> lol
19:45:39 <reification> linked on the rimworld entry... https://steamcommunity.com/sharedfiles/filedetails/?id=1756678588
19:46:33 <Dot`> im suprised dorf fort wasnt first
19:47:19 <reification> you have to create your own demonic machinery from scratch in dorf fort
19:48:31 <Dot`> mermaid headbones where removed from the game after too much discussion on how to force breed them and mass murder the children easly
19:48:34 <Dot`> what a game
19:49:31 <Rawr|Fone> 🤨🤨🤨
19:49:48 <Dot`> but you can also pet the dogs in it rawr
19:50:30 <Rawr|Fone> That is a great feature
19:50:55 <Rawr|Fone> Almost as great as my dear friend dotpon
19:51:04 <Dot`> no u
19:51:14 <Dot`> i tihnk you will find rawr is the greatest
19:56:58 <Rawr|Fone> 🤔
19:58:16 <reification> CockRoac1|42, https://twitter.com/EmmArrGus/status/1253050946193485824
20:03:22 <reification> hollywood still not learning https://variety.com/2020/film/news/sony-film-manga-one-punch-man-venom-writers-1234585282/
20:14:56 <Dot`> at least they never tried to make a Last Airbender movie
20:17:14 -!- skram [~skram@109.202.111.140] has joined #tlponies
20:17:22 <Crisium> oof dont remind me dot
20:17:39 <skram> Hmm
20:17:46 <skram> Dot` are you being naughty again
20:19:05 <Dot`> im always impecable jonas
20:19:18 <Dot`> dont you project
20:20:29 <skram> uh-huh
20:25:41 <Dot`> help! im being maligned
20:25:54 -!- BioPone [~androirc@mobile-166-170-21-236.mycingular.net] has joined #tlponies
20:31:41 <Crisium> i blame skram
20:34:11 <CockRoac1|42> reification: <3 <3 <3
20:40:27 -!- Rawr|Fone [~AndChat52@c-94cfe455.020-164-6d6c6d4.bbcust.telenor.se] has joined #tlponies
20:42:16 -!- Rawr|Phone [~AndChat52@m83-185-94-38.cust.tele2.se] has joined #tlponies
20:43:08 <Camail> a opm adaptation as a critique on action movies would be great
20:43:25 <Camail> but 100% chance they dont have the people to pull it off
20:56:30 -!- Rawr|Fone [~AndChat52@c-94cfe455.020-164-6d6c6d4.bbcust.telenor.se] has joined #tlponies
21:10:11 -!- Rawr|Fone [~AndChat52@c-94cfe455.020-164-6d6c6d4.bbcust.telenor.se] has joined #tlponies
21:18:42 -!- BioPone [~androirc@mobile-166-170-21-219.mycingular.net] has joined #tlponies
21:41:47 <skram> Dot` did you make ikea meatballs yet
21:43:26 <Dot`> no, i need to shop soon, but i dont think ill get so many extravegant ingrediants
21:43:52 <Dot`> you?
21:44:04 <skram> i dont even like meatballs
21:44:29 <Dot`> how odd
21:44:56 <Dot`> not chicken, or pork, or beef?
21:44:59 <Dot`> or horse
21:45:16 <skram> its the shape
21:45:21 <skram> i hate spherical foods
21:45:31 <Dot`> scoops of ice cream?
21:45:37 <Dot`> almlst any fruit
21:45:42 <BioSC> i think
21:45:44 <BioSC> imma strim
21:45:49 <BioSC> ?biostream
21:45:56 <Dot`> gl
21:45:57 <Bio> most likely final boss strim
21:46:17 <Dot`> skram, doghnut middles??
21:46:18 <skram> i only eat ice cream in rectangular scoops
21:51:22 <Dot`> hmm
21:51:34 <Zounds> I had turkey meatballs yesterday
21:53:29 -!- Rawr|Fone [~AndChat52@c-94cfe455.020-164-6d6c6d4.bbcust.telenor.se] has joined #tlponies
21:55:53 -!- Rial [~Rial@p452019-ipngn200305sasajima.aichi.ocn.ne.jp] has joined #tlponies
21:56:10 <Zounds> good eatin'
21:57:46 <Crisium> nice
21:58:00 <skram> Hmm
21:59:51 <Dot`> you should try making some meatcubes skram
22:00:00 <skram> sounds delish
22:00:39 <skram> Actually, maybe ill get a bbq over the weekend and do some ribs or something
22:03:33 <Dot`> sit on your porch, of your own house
22:04:49 <skram> yell at the clouds
22:14:45 <DuB`> I have to call an intern recruit from my alma mater tomoro :T
22:14:52 <DuB`> And say "hey come work here it's cool"
22:15:02 <skram> you're the big dawg now, DuB`
22:16:34 <Dot`> sounds like a cult dub
22:17:04 <skram> you work for a company that calls their employees CATS, Dot`
22:17:08 <skram> pot kettle etc
22:17:25 <Dot`> a proud cult
22:17:48 <Dot`> supirior to those other, lesser cults
22:18:53 -!- reify [~reificati@cpc76294-cosh16-2-0-cust297.6-1.cable.virginm.net] has joined #tlponies
22:20:27 -!- Rawr|Fone [~AndChat52@c-94cfe455.020-164-6d6c6d4.bbcust.telenor.se] has joined #tlponies
22:22:25 <skram> My company has made plans to make all non-ops people work from home until 2021
22:23:10 <skram> no bosses ever again, woo
22:25:58 <reification> skram runbunny streaming anime LUL https://www.sankakucomplex.com/wp-content/uploads/2020/04/Tamayomi-Episode4-Funimation-Simulcast-Pure-Quality-5.jpg
22:26:23 <Dot`> you can burn all the things you want skram
22:26:46 <Runbunny> lol.
22:27:16 <skram> wha t
22:28:47 <reification> funimation seem to have used an early unfinished version for their stream (bottom) compare to the actual broadcast (top)
22:33:32 <Runbunny> Reif the bottom picture gets better the longer you look at it.
22:34:20 <skram> guy in front has great legs
22:34:43 <Runbunny> Look at the ogre in the back.
22:34:52 <Runbunny> What a lad.
22:36:35 <reification> the batters cap seems to be both on the ground and on her head
22:36:51 <reification> still can’t beat polyphonica
22:38:06 <Runbunny> Can't say that I know it.
22:39:06 <reification> https://www.youtube.com/watch?v=LUlhkgffLtQ
22:40:25 <reification> sad thing is i played the vn demo which is amazing until the last minute which clearly announces the rest of the game will be generic trash
22:43:21 <reification> now i must sleep 
22:43:26 <reification> g’night
22:44:03 <skram> good night reifen
23:02:14 <Zounds> Crisium: mind if I join you for a few games
23:04:54 <Micen> you doing ranked?
23:05:42 <Micen> Zounds, Crisium
23:05:58 <Zounds> I'm not doing anything yet =P looks like cris is in ranked though
23:06:14 <Micen> ahh if youre doign unranked ill join for a stack 
23:06:22 <DuB`> Impromptustack!
23:06:31 <Crisium> ya when my ranked is over ill join
23:06:42 <Zounds> kool
23:06:57 <skram> what rank are you these days crisimum
23:09:38 <Micen> in discord when you horses are ready to join 
23:11:46 <Zounds> I'll join when we start proper :3
23:34:01 <Runbunny> Time to relocate myself to my bed.
23:37:08 -!- skrma [~skram@82.147.53.31] has joined #tlponies
23:45:50 -!- Camail [~Camail@45.40.84.145] has joined #tlponies
23:45:50 -!- mode/#tlponies [+v Camail] by Q
23:49:11 -!- Rawr|Fone [~AndChat52@c-94cfe455.020-164-6d6c6d4.bbcust.telenor.se] has joined #tlponies
