00:00:23 <Camail> WEEBS have either of you watched that prostitute show that funimation cancelled
00:00:26 -!- Rawr|Fone [~AndChat52@c-94cfe455.020-164-6d6c6d4.bbcust.telenor.se] has joined #tlponies
00:00:39 <Camail> its _just_ porn
00:00:56 <DuB`> the wha
00:01:13 <Camail> ishuzoku reviewers
00:01:40 <Camail> its a monster girl anime, that turned into hentai mid season and funimation freaked out and cancelled it
00:01:48 <Camail> but its was getting a simul-cast dub so luuuuuuuuuuul
00:01:52 <Camail> that fucked up
00:02:53 <DuB`> The entire show is them going to brothels
00:03:02 <DuB`> I'm not sure what else could have resulted from this
00:03:03 <DuB`> lol
00:03:58 <Camail> apparently the manga was pretty tame but the animation house turned it to 11
00:04:21 <Camail> Runbunny  have you heard about it
00:04:22 <DuB`> "Hah, GOTCHA!"
00:05:12 <Camail> the premise is interesting, because 90% of the characters are like " this hot  300 year old elf is disgusting, give us this this young 55 year old human"
00:05:14 <Camail> but THEN
00:05:19 <Camail> it just turns to porn
00:05:22 <Camail> a real bait and switch
00:07:40 <Runbunny> Yeah. Reification knows more about it than me though
00:11:15 <Runbunny> Hmm
00:11:29 <Runbunny> For some reason Ublock just disabled all my filters.
00:12:56 <Camail> did you have custom filters?
00:13:03 <Runbunny> Nope. 
00:13:03 <Camail> i only ever use the default
00:13:06 <Camail> weird.
00:13:16 <Camail> reinstall, i guess
00:13:26 <Runbunny> I added some region specific filters.
00:13:36 <DuB`> Time for kebab get 
00:13:40 <Camail> do it
00:13:42 <Runbunny> Nah, no need, it's quite easy to add filters.
00:13:49 <Runbunny> I'm gonna go sleep though
00:13:51 <Camail> i'd forget what i added >_>
00:13:57 <Camail> good night roon of boons
00:14:02 <Camail> dream of rooning boons
00:14:09 <Runbunny> oh boy I hope so.
00:14:13 <Camail> fluffy
00:14:49 <Camail> i hope runbun cheers up eventually
00:14:52 <Camail> he's a sad bun
00:20:22 <reification> ishuzoku reviewers is the only thing i'm watching this season
00:20:30 <DuB`> rofl
00:20:53 <reification> not surprised funi and the like got caught out
00:21:07 <Camail> there's some fun stuff that they do
00:21:28 <reification> so far it's doing a good job of having twists given the very simple premise
00:21:35 <Camail> being open to sexual concepts is interesting there's a lot to talk about
00:21:42 <Camail> but also like...there's a lot of sex
00:21:48 <Camail> th hyena scene....
00:23:31 <Camail> we always ask what a world with harpies would be like
00:23:54 <Camail> in witcher they are monsters, in this show you can fuck them
00:23:58 <Camail> two side of the same coin
00:24:02 <reification> funny that murenase seton gakuen would also have a hyena girl at the same time
00:24:29 <Camail> hyena have a lot to work with, in that region
00:30:32 <reification> night all
00:31:57 <Camail> nn
00:35:50 -!- Rawr|Fone [~AndChat52@c-94cfe455.020-164-6d6c6d4.bbcust.telenor.se] has joined #tlponies
00:42:44 -!- Rawr|Fone [~AndChat52@c-94cfe455.020-164-6d6c6d4.bbcust.telenor.se] has joined #tlponies
01:17:42 -!- Rawr|Fone [~AndChat52@c-94cfe455.020-164-6d6c6d4.bbcust.telenor.se] has joined #tlponies
03:52:00 -!- Rawr|Fone [~AndChat52@c-94cfe455.020-164-6d6c6d4.bbcust.telenor.se] has joined #tlponies
05:46:04 -!- BioSC [~BioPon@097-070-165-146.res.spectrum.com] has joined #tlponies
05:46:25 -!- Rawr|Fone [~AndChat52@c-94cfe455.020-164-6d6c6d4.bbcust.telenor.se] has joined #tlponies
07:02:25 -!- Rawr|Fone [~AndChat52@c-94cfe455.020-164-6d6c6d4.bbcust.telenor.se] has joined #tlponies
07:11:58 -!- Dot|Phone [uid393803@2001:67c:2f08:5::6:24b] has joined #tlponies
07:12:06 <Dot|Phone> Morning
08:19:43 -!- Rawr|Fone [~AndChat52@c-94cfe455.020-164-6d6c6d4.bbcust.telenor.se] has joined #tlponies
08:45:10 -!- Golly [~kvirc@cm-84.213.21.103.getinternet.no] has joined #tlponies
08:50:34 -!- Rawr|Fone [~AndChat52@c-94cfe455.020-164-6d6c6d4.bbcust.telenor.se] has joined #tlponies
08:59:10 -!- Rawr|Fone [~AndChat52@c-94cfe455.020-164-6d6c6d4.bbcust.telenor.se] has joined #tlponies
09:09:12 -!- Rial [~Rial@p2429120-ipngn200603tokaisakaetozai.aichi.ocn.ne.jp] has joined #tlponies
09:16:15 <Rawr|Fone> Good morning rial
09:37:30 <Dot|Phone> Rial, Rawr <3
09:37:52 <Rawr|Fone> DoT DoT DoT
09:37:55 <Rawr|Fone> 💖💖💖
09:38:08 <Rial> hi all
09:47:36 <Dot|Phone> 💖💖💖
09:51:58 -!- Rawr|Fone [~AndChat52@c-94cfe455.020-164-6d6c6d4.bbcust.telenor.se] has joined #tlponies
10:03:47 -!- Rawr|Fone [~AndChat52@c-94cfe455.020-164-6d6c6d4.bbcust.telenor.se] has joined #tlponies
10:17:48 -!- Rawr|Fone [~AndChat52@c-94cfe455.020-164-6d6c6d4.bbcust.telenor.se] has joined #tlponies
10:33:09 -!- Rawr|Fone [~AndChat52@c-94cfe455.020-164-6d6c6d4.bbcust.telenor.se] has joined #tlponies
10:43:22 -!- reification [~thomas@cpc76294-cosh16-2-0-cust297.6-1.cable.virginm.net] has joined #tlponies
10:43:22 -!- mode/#tlponies [+v reification] by Q
11:06:08 -!- Rawr|Fone [~AndChat52@c-94cfe455.020-164-6d6c6d4.bbcust.telenor.se] has joined #tlponies
11:08:05 <Dot|Phone> Hey Reif
12:10:17 -!- Micen [~Micen@h6.74.23.98.dynamic.ip.windstream.net] has joined #tlponies
12:37:50 -!- Golly [~kvirc@cm-84.213.21.103.getinternet.no] has joined #tlponies
13:14:57 -!- tredc [~tredc@c83-254-129-166.bredband.comhem.se] has joined #tlponies
13:27:49 -!- Rawr|Fone [~AndChat52@c-94cfe455.020-164-6d6c6d4.bbcust.telenor.se] has joined #tlponies
13:44:09 -!- Rawr|Fone [~AndChat52@c-94cfe455.020-164-6d6c6d4.bbcust.telenor.se] has joined #tlponies
14:03:30 <Dot|Phone> Hnm
14:07:57 <Rawr|Fone> Hmm
14:09:53 -!- BioPhone [~androirc@12.33.239.117] has joined #tlponies
14:10:03 <BioPhone> Neigh
14:11:56 <Dot|Phone> Bio, Rawr
14:12:32 <BioPhone> Hola
14:12:36 <BioPhone> Is sno
14:22:53 -!- skrm [webchat@pioj.eid3.887x.ip] has joined #tlponies
14:29:55 -!- Rawr|Fone [~AndChat52@m83-187-162-58.cust.tele2.se] has joined #tlponies
14:31:09 <skrm> iama real human, ama
14:37:18 <Dot|Phone>  What's it like being a horse in denial? 
14:38:20 <skrm> i wouldnt know
14:38:26 <skrm> as i am a real human bean
14:38:51 <Dot|Phone> Very sad
14:39:11 <Rawr|Fone> Jonas snela
15:08:52 -!- carcinisation [~thomas@cpc76294-cosh16-2-0-cust297.6-1.cable.virginm.net] has joined #tlponies
15:08:52 -!- mode/#tlponies [+v carcinisation] by Q
15:39:51 -!- reimeuk [~thomas@cpc76294-cosh16-2-0-cust297.6-1.cable.virginm.net] has joined #tlponies
15:39:51 -!- mode/#tlponies [+v reimeuk] by Q
15:43:55 <Dot|Phone> I go home
15:50:39 -!- Rawr|Fone [~AndChat52@c-94cfe455.020-164-6d6c6d4.bbcust.telenor.se] has joined #tlponies
16:03:03 -!- Rawr|Fone [~AndChat52@c-94cfe455.020-164-6d6c6d4.bbcust.telenor.se] has joined #tlponies
16:22:29 -!- BioPhone [~androirc@12.33.239.117] has joined #tlponies
16:24:30 -!- Dot` [webchat@cloak-3uhw4kw0.161.189.80.dyn.plus.net] has joined #tlponies
16:41:09 -!- Runbunny [~Runbunny@91.100.28.10.generic-hostname.arrownet.dk] has joined #tlponies
16:41:19 <Runbunny> Yo.
16:42:55 <Dot`> runbun!
16:43:23 <Runbunny> Dot Dot.
16:47:06 <Runbunny> Dot`, BioPhone https://www.youtube.com/watch?v=GJ0mO8P37Eg
16:49:06 <skrm> Anders you rascal.
16:49:20 <Runbunny> Jonas.
16:55:00 <reimeuk> got my masks from screwfix just before the rationing kicked in
16:55:21 <reimeuk> wouldn't want not to be ready for corona-chan's arrival
16:56:22 <Dot`> self isolation is the only way to go reif
16:58:14 <reimeuk> but i might run out of something important like cheese!
17:00:08 <Dot`> Kingdom Come is free on epic store
17:01:26 <reimeuk> neat i shall grab
17:02:25 <skrm> but that would mean you'd have to download the epic launcher
17:02:46 <Dot`> its true skram
17:03:07 <Dot`> i like free stuff though
17:20:21 <BioPhone> What chonks
17:51:31 <Rawr|Fone> 🐴🐴🐴
18:35:31 -!- reification [~thomas@cpc76294-cosh16-2-0-cust297.6-1.cable.virginm.net] has joined #tlponies
18:35:31 -!- mode/#tlponies [+v reification] by Q
18:41:38 <reification> hmm our mp just got made attorney general
18:44:51 -!- carcinisation [~thomas@cpc76294-cosh16-2-0-cust297.6-1.cable.virginm.net] has joined #tlponies
18:44:51 -!- mode/#tlponies [+v carcinisation] by Q
18:45:50 -!- skram [~skram@134.19.189.156] has joined #tlponies
18:46:06 <skram> wew
18:46:07 <skram> finally home
18:48:10 <Rawr|Fone> Great job jonas
18:48:17 <Rawr|Fone> I'm proud of you
19:11:02 <Runbunny> carcinisation, https://twitter.com/ochamint/status/1226672784711004160/photo/1
19:13:39 <carcinisation> oh dear runbun is falling into levels of degeneracy that didn't even exist until days ago :O
19:24:31 <Dot`> is such a thing even possible?
19:26:41 <skram> who dat
19:27:44 <Dot`> jonas
19:28:54 <skram> nono
19:28:58 <skram> i am the jonas
19:29:25 <Dot`> the very jonas? the one and only?
19:29:51 <skram> yes indeedy
19:29:57 <Runbunny> But JoJo memes O:
19:44:26 -!- BioPhone [~androirc@12.33.239.117] has joined #tlponies
20:24:32 <Rawr|Fone> Horses
20:34:14 <Dot`> rawrasaur
20:35:22 <Rawr|Fone> DoT 
20:35:27 <Rawr|Fone> My dear friend
20:39:34 -!- Golly [~kvirc@cm-84.213.21.103.getinternet.no] has joined #tlponies
20:40:03 <Dot`> hows you rawr
20:41:18 <Rawr|Fone> Pretty great dot
20:41:26 <Rawr|Fone> How was your day
20:47:41 <Dot`> good enough rawr
20:47:50 <Rawr|Fone> Hmm
20:49:18 -!- Camail [~Camail@45.40.84.145] has joined #tlponies
20:49:19 -!- mode/#tlponies [+v Camail] by Q
20:50:47 <skram> cam??
20:50:57 <Camail> Yes. it is me
20:51:01 <Camail> skram???
20:51:09 <skram> oh ok
20:51:10 <skram> good
20:51:20 <Rawr|Fone> The actual camail
20:51:25 <Rawr|Fone> Probably
20:51:45 <Camail> at least i think i'm me
20:53:09 <Rawr|Fone> That is good enough for me
21:24:40 -!- BioPhone [~androirc@12.33.239.117] has joined #tlponies
21:39:49 <carcinisation> runbunny https://www.youtube.com/watch?v=4OuGCU1ZGzU
21:39:56 -!- BioPhone [~androirc@12.33.239.117] has joined #tlponies
21:51:11 <Runbunny> :D
22:01:18 <skram> this is fine runbunny
22:07:37 <BioPhone> Asdf
22:07:40 <BioPhone> Home time
22:11:37 -!- Rial [~Rial@p2429120-ipngn200603tokaisakaetozai.aichi.ocn.ne.jp] has joined #tlponies
22:19:43 -!- BioPone [~androirc@mobile-107-92-120-212.mycingular.net] has joined #tlponies
22:38:13 -!- reification [~thomas@cpc76294-cosh16-2-0-cust297.6-1.cable.virginm.net] has joined #tlponies
22:38:13 -!- mode/#tlponies [+v reification] by Q
22:42:55 -!- carcinisation [~thomas@cpc76294-cosh16-2-0-cust297.6-1.cable.virginm.net] has joined #tlponies
22:42:55 -!- mode/#tlponies [+v carcinisation] by Q
23:09:33 <Camail> Runbunny  i RIP'd last night at 87, melee sucks so much
23:41:18 -!- BioPone [~androirc@mobile-107-92-120-212.mycingular.net] has joined #tlponies
23:41:32 -!- Micen_ [~Micen@h6.74.23.98.dynamic.ip.windstream.net] has joined #tlponies
