00:29:00 -!- Micen_ [~Micen@h6.74.23.98.dynamic.ip.windstream.net] has joined #tlponies
01:22:05 -!- BioPone [~androirc@097-070-165-146.res.spectrum.com] has joined #tlponies
01:27:09 -!- BioPone [~androirc@097-070-165-146.res.spectrum.com] has joined #tlponies
01:34:25 -!- Micen_ [~Micen@h6.74.23.98.dynamic.ip.windstream.net] has joined #tlponies
02:12:14 -!- BioPone [~androirc@097-070-165-146.res.spectrum.com] has joined #tlponies
02:23:47 -!- BioPone [~androirc@097-070-165-146.res.spectrum.com] has joined #tlponies
02:36:01 -!- Micen_ [~Micen@h6.74.23.98.dynamic.ip.windstream.net] has joined #tlponies
03:27:59 -!- BioPone [~androirc@097-070-165-146.res.spectrum.com] has joined #tlponies
03:34:39 -!- BioPone [~androirc@097-070-165-146.res.spectrum.com] has joined #tlponies
03:38:46 -!- BioPone [~androirc@097-070-165-146.res.spectrum.com] has joined #tlponies
03:46:41 -!- BioPone [~androirc@097-070-165-146.res.spectrum.com] has joined #tlponies
03:58:55 -!- BioPone [~androirc@097-070-165-146.res.spectrum.com] has joined #tlponies
04:06:32 -!- BioPone [~androirc@097-070-165-146.res.spectrum.com] has joined #tlponies
04:43:45 -!- Micen_ [~Micen@h6.74.23.98.dynamic.ip.windstream.net] has joined #tlponies
05:48:32 -!- Micen_ [~Micen@h6.74.23.98.dynamic.ip.windstream.net] has joined #tlponies
06:49:17 -!- Golly [~kvirc@cm-84.213.21.103.getinternet.no] has joined #tlponies
06:55:41 -!- Micen__ [~Micen@h6.74.23.98.dynamic.ip.windstream.net] has joined #tlponies
07:41:44 -!- Dot|Phone [uid393803@2001:67c:2f08:5::6:24b] has joined #tlponies
07:59:38 -!- Rawr|Fone [~AndChat52@c-94cfe455.020-164-6d6c6d4.bbcust.telenor.se] has joined #tlponies
08:33:31 -!- Rawr|Fone [~AndChat52@c-94cfe455.020-164-6d6c6d4.bbcust.telenor.se] has joined #tlponies
08:37:23 <Dot|Phone> Morning pons
08:43:11 <Dot|Phone> Camamail please. Are you up late playing on the pc games again
08:49:29 -!- Rawr|Fone [~AndChat52@c-94cfe455.020-164-6d6c6d4.bbcust.telenor.se] has joined #tlponies
08:49:31 <Rawr|Fone> DoT DoT DoT
08:49:53 <Dot|Phone> Rawr Rawr Rawr 
08:49:57 <Dot|Phone> 💖💖💖
08:50:02 <Rawr|Fone> 💖💖💖
08:51:32 <Dot|Phone> He left Rawr
08:51:47 <Dot|Phone> .tell camail rude
08:52:06 <Rawr|Fone> .tell camail so rude
08:59:24 -!- Micen__ [~Micen@h6.74.23.98.dynamic.ip.windstream.net] has joined #tlponies
09:10:54 -!- Rawr|Fone [~AndChat52@c-94cfe455.020-164-6d6c6d4.bbcust.telenor.se] has joined #tlponies
10:02:40 -!- Micen__ [~Micen@h6.74.23.98.dynamic.ip.windstream.net] has joined #tlponies
11:07:12 -!- Micen__ [~Micen@h6.74.23.98.dynamic.ip.windstream.net] has joined #tlponies
11:15:38 -!- reification [~thomas@cpc76294-cosh16-2-0-cust297.6-1.cable.virginm.net] has joined #tlponies
11:15:39 -!- mode/#tlponies [+v reification] by Q
11:17:36 <Dot|Phone> Hey Reif
11:18:22 <reification> hey dotties
11:40:08 -!- Rial [~Rial@p2429120-ipngn200603tokaisakaetozai.aichi.ocn.ne.jp] has joined #tlponies
11:44:09 -!- Rawr|Fone [~AndChat52@c-94cfe455.020-164-6d6c6d4.bbcust.telenor.se] has joined #tlponies
11:54:57 -!- tredc [~tredc@c83-254-129-166.bredband.comhem.se] has joined #tlponies
11:56:20 <Dot|Phone> Hey rial
12:08:15 -!- Rial_fur [~Rial@p2429120-ipngn200603tokaisakaetozai.aichi.ocn.ne.jp] has joined #tlponies
12:08:36 -!- tredc_ [~tredc@c83-254-129-166.bredband.comhem.se] has joined #tlponies
12:09:00 -!- Rawr|Fone [~AndChat52@c-94cfe455.020-164-6d6c6d4.bbcust.telenor.se] has joined #tlponies
12:12:20 -!- Micen__ [~Micen@h6.74.23.98.dynamic.ip.windstream.net] has joined #tlponies
12:19:17 -!- Runbunny [~Runbunny@91.100.28.10.generic-hostname.arrownet.dk] has joined #tlponies
12:19:58 -!- Rawr|Phone [~AndChat52@m83-187-162-72.cust.tele2.se] has joined #tlponies
12:21:09 <Dot|Phone> Runbun! 
12:21:55 -!- skrem [webchat@574k.okxr.36xg.ip] has joined #tlponies
12:22:45 <Runbunny> Hai.
12:23:44 <Rawr|Phone> Anders. Jonas.
12:23:46 <Rawr|Phone> Frens
12:24:00 <Dot|Phone> Skrim
12:38:46 -!- Rawr|Fone [~AndChat52@c-94cfe455.020-164-6d6c6d4.bbcust.telenor.se] has joined #tlponies
12:52:02 <skrem> The Boys.
12:52:07 <skrem> Hello.
13:03:28 <Rawr|Fone> Good afternoon jonas
13:16:13 -!- Micen__ [~Micen@h6.74.23.98.dynamic.ip.windstream.net] has joined #tlponies
13:16:32 <Dot|Phone> Skrm how you today
13:22:51 <skrem> p good
13:23:11 <skrem> done with lunch, time for more class
13:36:52 -!- Rawr|Fone [~AndChat52@c-94cfe455.020-164-6d6c6d4.bbcust.telenor.se] has joined #tlponies
13:37:14 -!- BioPone [~androirc@12.33.239.117] has joined #tlponies
13:41:10 <BioPone> Asdf
13:45:48 <Rial_fur> hey dot
13:47:34 <Dot|Phone> Bio
14:01:55 -!- Rawr|Fone [~AndChat52@c-94cfe455.020-164-6d6c6d4.bbcust.telenor.se] has joined #tlponies
14:19:06 -!- Micen__ [~Micen@h6.74.23.98.dynamic.ip.windstream.net] has joined #tlponies
14:28:46 -!- Rawr|Fone [~AndChat52@c-94cfe455.020-164-6d6c6d4.bbcust.telenor.se] has joined #tlponies
14:32:18 -!- Cane [~Cane@CaneCraft.users.quakenet.org] has joined #tlponies
14:32:18 -!- mode/#tlponies [+o Cane] by Q
14:32:58 -!- mode/#tlponies [+vvvvvv BioPone BioWing Dot|Phone Micen__ Rawr|Fone Runbunny] by Cane
14:32:59 -!- mode/#tlponies [+vv sweetiebot tredc] by Cane
14:45:42 <Cane> Cr1t has been spamming Earth Spirit for several days now. If he picks him up as a main because he's decent this patch I'll be very happy.
14:53:32 <Dot|Phone> I am assuming that's pronounced cront
15:21:21 -!- Micen__ [~Micen@h6.74.23.98.dynamic.ip.windstream.net] has joined #tlponies
15:22:49 -!- Rawr|Fone [~AndChat52@c-94cfe455.020-164-6d6c6d4.bbcust.telenor.se] has joined #tlponies
15:27:46 -!- BioPone [~androirc@12.33.239.117] has joined #tlponies
15:34:17 -!- BioPone [~androirc@12.33.239.117] has joined #tlponies
15:35:08 -!- Rawr|Fone [~AndChat52@c-94cfe455.020-164-6d6c6d4.bbcust.telenor.se] has joined #tlponies
16:22:02 <Cane> RIP Steam.
16:23:38 -!- Micen__ [~Micen@h6.74.23.98.dynamic.ip.windstream.net] has joined #tlponies
16:25:51 <Dot|Phone> Hmm
16:43:44 -!- BioPone [~androirc@mobile-166-176-250-139.mycingular.net] has joined #tlponies
16:58:04 -!- Rawr|Phone [~AndChat52@m83-185-83-98.cust.tele2.se] has joined #tlponies
17:08:36 <Rawr|Phone> Hmmm
17:13:48 <BioPone> Hoors
17:16:39 <Rawr|Phone> Indeed 
17:25:43 -!- Micen__ [~Micen@h6.74.23.98.dynamic.ip.windstream.net] has joined #tlponies
17:39:20 -!- Camail [~Camail@45.40.84.145] has joined #tlponies
17:39:21 -!- mode/#tlponies [+v Camail] by Q
17:39:49 <Dot|Phone> Cam
17:40:42 <Camail> nope
17:53:45 -!- Micen__ [~Micen@h6.74.23.98.dynamic.ip.windstream.net] has joined #tlponies
18:17:54 -!- Micen__ [~Micen@h6.74.23.98.dynamic.ip.windstream.net] has joined #tlponies
18:28:16 -!- Micen__ [~Micen@h6.74.23.98.dynamic.ip.windstream.net] has joined #tlponies
18:29:45 -!- BioPhone [~androirc@12.33.239.117] has joined #tlponies
18:41:46 <Dot|Phone> Hmm
18:44:02 <BioPhone> Hej
19:19:07 <Dot|Phone> Hedge
19:30:48 -!- Micen__ [~Micen@h6.74.23.98.dynamic.ip.windstream.net] has joined #tlponies
20:01:49 <Dot|Phone> How's all
20:05:03 <Rawr|Phone> DoT DoT
20:06:25 <Dot|Phone> Rawr Rawr 
20:06:36 <Rawr|Phone> 💖💖
20:06:42 <Dot|Phone> 💖💖
20:06:47 <Dot|Phone> How's you
20:07:54 <Rawr|Phone> Pretty good my dear
20:08:00 <Dot|Phone> Great
20:08:07 <Rawr|Phone> On my way home from table tennis
20:08:15 <Rawr|Phone> How are you dot
20:08:28 <Dot|Phone> I'm good
20:08:35 <Dot|Phone> How was ping pong? 
20:09:30 <Rawr|Phone> It was great
20:09:33 <Rawr|Phone> Like you!
20:16:32 <Dot|Phone> No u
20:24:04 <CockRoach|42> hors hors
20:31:02 <Dot|Phone> Cr! 
20:31:31 -!- Rawr|Fone [~AndChat52@c-94cfe455.020-164-6d6c6d4.bbcust.telenor.se] has joined #tlponies
20:42:26 -!- skrem [webchat@574k.okxr.36xg.ip] has joined #tlponies
20:42:56 <skrem> whys bio got wings
20:48:08 -!- Rawr|Fone [~AndChat52@c-94cfe455.020-164-6d6c6d4.bbcust.telenor.se] has joined #tlponies
21:01:41 -!- Rawr|Fone [~AndChat52@c-94cfe455.020-164-6d6c6d4.bbcust.telenor.se] has joined #tlponies
21:11:04 -!- Rawr|Fone [~AndChat52@c-94cfe455.020-164-6d6c6d4.bbcust.telenor.se] has joined #tlponies
21:25:40 -!- Golly [~kvirc@cm-84.213.21.103.getinternet.no] has joined #tlponies
21:29:02 -!- Rawr|Fone [~AndChat52@c-94cfe455.020-164-6d6c6d4.bbcust.telenor.se] has joined #tlponies
21:38:05 -!- Micen__ [~Micen@h6.74.23.98.dynamic.ip.windstream.net] has joined #tlponies
21:38:41 -!- BioPhone [~androirc@12.33.239.117] has joined #tlponies
21:38:48 <BioPhone> Hoi
21:45:39 <Runbunny> Poi.
21:55:54 -!- Rawr|Fone [~AndChat52@c-94cfe455.020-164-6d6c6d4.bbcust.telenor.se] has joined #tlponies
22:02:08 -!- BioPone [~androirc@mobile-166-176-250-135.mycingular.net] has joined #tlponies
22:05:37 -!- Rial [~Rial@p2429120-ipngn200603tokaisakaetozai.aichi.ocn.ne.jp] has joined #tlponies
22:06:18 -!- reification [~thomas@cpc76294-cosh16-2-0-cust297.6-1.cable.virginm.net] has joined #tlponies
22:06:19 -!- mode/#tlponies [+v reification] by Q
22:07:12 <reification> evening all
22:08:01 <Runbunny> Hai Reif.
22:08:10 <reification> hi bun
22:12:33 <Runbunny> Have some Pekora Reif https://www.youtube.com/watch?v=5-u0q6x4eUc
22:16:42 -!- Dot` [webchat@cloak-6bkyd833.120.143.150.dyn.plus.net] has joined #tlponies
22:18:04 <Runbunny> Dot dot.
22:19:01 <Dot`> my favourite dane <3
22:21:21 <Runbunny> Neat.
22:21:38 -!- Dot` [webchat@cloak-6bkyd833.120.143.150.dyn.plus.net] has joined #tlponies
22:21:41 <Dot`> woops
22:31:43 -!- Rawr|Fone [~AndChat52@c-94cfe455.020-164-6d6c6d4.bbcust.telenor.se] has joined #tlponies
22:41:49 -!- Micen__ [~Micen@h6.74.23.98.dynamic.ip.windstream.net] has joined #tlponies
22:49:29 <Camail> am i your favorite dane
22:53:05 <Runbunny> Sure.
22:55:22 <Dot`> cam is my favourite Chicago mobster
23:04:25 <reification> .butt pekora
23:14:20 -!- Rawr|Fone [~AndChat52@c-94cfe455.020-164-6d6c6d4.bbcust.telenor.se] has joined #tlponies
23:18:52 <Runbunny> O:
23:37:11 -!- Rawr|Fone [~AndChat52@c-94cfe455.020-164-6d6c6d4.bbcust.telenor.se] has joined #tlponies
23:46:09 -!- Micen__ [~Micen@h6.74.23.98.dynamic.ip.windstream.net] has joined #tlponies
23:59:41 -!- Rawr|Fone [~AndChat52@c-94cfe455.020-164-6d6c6d4.bbcust.telenor.se] has joined #tlponies
