00:26:21 -!- Cane [~Cane@CaneCraft.users.quakenet.org] has joined #tlponies
00:26:21 -!- mode/#tlponies [+o Cane] by Q
05:59:46 -!- skram [~skram@95.169.37.64] has joined #tlponies
06:02:16 -!- Rawr|Fone [uid440384@id-440384.highgate.irccloud.com] has joined #tlponies
06:39:02 <Rawr|Fone> Skram
06:50:32 -!- Runbunny [~Bunnykitt@91.100.28.10.generic-hostname.arrownet.dk] has joined #tlponies
06:52:11 <Runbunny> Good morning Sirs.
06:56:05 <Rawr|Fone> Anders.
07:01:34 <skram> god morgon, frens
07:01:37 <skram> i have to spleep now
07:15:25 <Runbunny> Henrik.
07:16:26 -!- Dot` [webchat@07ne.847t.e8w3.ip] has joined #tlponies
07:24:35 <Rawr|Fone> How are you today dear runbun
07:24:39 <Rawr|Fone> DoT DoT DoT
07:26:05 <Dot`> Rawr Rawr Rawr
07:26:07 <Dot`> <3 <3 <3
07:26:13 <Rawr|Fone> ❤❤❤
08:35:53 <Runbunny> I'm pretty good
08:35:56 <Runbunny> I was at the store
08:36:00 <Runbunny> Hai Dot.
08:37:30 <Dot`> Runbun! my favourite dane <3
09:00:00 -!- Golly [~Golly@cm-84.213.21.103.getinternet.no] has joined #tlponies
09:04:08 -!- tredc [~tredc@c83-254-129-166.bredband.comhem.se] has joined #tlponies
09:04:40 -!- reification [~thomas@cpc76296-cosh16-2-0-cust215.6-1.cable.virginm.net] has joined #tlponies
09:04:40 -!- mode/#tlponies [+v reification] by Q
09:05:13 <Dot`> reef!
09:06:15 <reification> dotties!
10:09:44 <Cane> Factorio is so good.
10:10:01 <Cane> Hi everyone, I hope you all have a great day. <3 <3
10:12:25 <Dot`> Hey cane <3
10:14:34 <Cane> How's your day goin' Dot`?
10:16:50 <Dot`> working on some code that will generate other code to make life easier on jobs for another team
10:17:04 <Dot`> PLC code in XML format is the bane of my existence atm
10:17:23 <Dot`> so going ok, how about you?
10:18:45 <Cane> Golly, you're playing one of my favourite ever games. Hope it treats you well.
10:18:57 <Cane> I'm doing okay, winding down for the "night".
10:19:43 <Dot`> going to dream of plates?
10:19:52 <Rawr|Fone> Good afternoon Cane
10:20:11 <Cane> I did dream of Factorio last night.
10:20:22 <Cane> It was a confusing mess of conveyor belts and nonsense.
10:20:45 <Dot`> haha
10:22:08 <Dot`> i havnt played a long run of factorio since before cliffs where added, its almost time
10:29:05 <Rawr|Fone> DoT
10:29:11 <Rawr|Fone> When is your lunch break
10:30:42 <Dot`> normaly i take it in about 30 minutes, but its whenever i get hungry
10:35:54 <Dot`> whats up rawr?
10:40:47 <Runbunny> You boys eating lunch together?
10:40:51 <Runbunny> That's pretty cute.
10:41:40 <Dot`> you joining runbun?
10:42:16 <Runbunny> Hmm.. It's shower time soonish.
10:42:30 <Runbunny> Probably another day.
10:42:42 <Dot`> mmh
10:43:27 <Rawr|Fone> I have already had lunch
10:47:17 <Dot`> what was for lunch rawr?
10:47:42 <Rawr|Fone> Chicken and rice
10:48:56 <Dot`> do you eat that for every meal?
10:49:03 <Dot`> you need a balanced diet horse
10:59:56 <Rawr|Fone> No sillypon
11:43:21 <Dot`> no u
11:58:46 <Rawr|Fone> No u
11:59:42 <Dot`> D:
12:52:19 <Rawr|Fone> Hmm
12:52:21 <Rawr|Fone> DoT
12:53:44 <Dot`> mhm
12:53:45 <Dot`> Rawr
12:55:18 <Rawr|Fone> How is your work day going
12:56:18 <Dot`> doing ok
12:56:36 <Dot`> how about you
12:57:01 <Rawr|Fone> It's going well
12:57:15 <Rawr|Fone> My project is going to go live this month
12:58:19 <Dot`> nice, you comfortable it will be ready?
13:00:27 <Rawr|Fone> Maybe
13:01:21 <Rawr|Fone> There will be lots of updating after it goes live
13:01:30 <BioSC> good morning
13:05:38 <Rawr|Fone> Good afternoon biopon
13:08:35 <Dot`> Morn Bio
13:14:50 <Runbunny> It's work time.
13:15:00 <Runbunny> brb 9 hours.
13:23:06 <Rawr|Fone> 9 hours is a long time
13:23:16 <Rawr|Fone> What should we do while he is gone dot
13:25:45 <Dot`> wait
13:26:04 <Dot`> what else is there
13:27:32 <Rawr|Fone> Not much I guess
13:29:14 <BioSC> do a thing
13:29:21 <Dot`> panic?
13:33:16 <Rawr|Fone> Stay calm dot
13:37:14 <BioSC> https://www.reddit.com/r/funny/comments/j36rhy/a_video_of_people_running_backwards_put_in/
13:41:28 <BioSC> new smosh character in 20 mins! thats what u can do
13:47:41 <BioSC> hoping for Phoenix Wright
13:48:49 <Dot`> *DESK SLAM*
13:49:20 <BioSC> imma slam ALL the desks
13:49:58 <Dot`> ill hope for Ori
13:50:19 <Dot`> becuase i have no idea who is eligible
13:52:47 <BioSC> thats whats crazy about smash, it could be anyone
13:53:16 <Dot`> anyone? and they have no pruple horse yet? hmm
14:01:06 <BioSC> oh shit its minecraft
14:01:07 <BioSC> LOL
14:02:07 <Dot`> haha
14:02:38 <BioSC> male, female, zombie, enderman
14:02:41 <BioSC> skins
14:09:51 <reification> there's no stopping minecraft
15:00:30 -!- Camail [~Camail@45.40.84.145] has joined #tlponies
15:00:30 -!- mode/#tlponies [+v Camail] by Q
15:10:04 <Dot`> cam
15:13:02 <Camail> dot
15:13:04 <Camail> hi
15:24:23 <Dot`> hi
15:37:57 <BioSC> hi
16:25:21 -!- skram [~skram@95.169.37.64] has joined #tlponies
16:25:54 <Dot`> Jonas
16:27:10 <skram> Bjørn
17:01:25 -!- skram [~skram@95.169.37.64] has joined #tlponies
17:18:54 <Dot`> what you up to skram
17:30:10 <reification> he is playing crusader kings 3
17:30:42 <reification> so probably all sorts of intrigue
17:42:27 <Dot`> probably incest
17:42:52 <Dot`> according to someone i play tarkov with thats what th egame is about
17:46:54 <Golly> nice
18:14:26 -!- Dot|Phone [uid393803@id-393803.brockwell.irccloud.com] has joined #tlponies
18:42:38 <Camail> incest is a pretty risky move most of the time
18:43:24 <Camail> you have a risk of deformities, and most people measure their success by how cool their designer baby is
18:43:58 -!- DuB` [DuB@cpe-68-174-122-249.nyc.res.rr.com] has joined #tlponies
19:00:22 <Dot|Phone> Daaab
19:00:54 <Dot|Phone> Why your saying is an art cam
19:02:12 <Dot|Phone> What *
19:05:23 <BioSC> i want to go to bed
19:05:37 <DuB`> Bio the sun is up
19:05:49 <BioSC> so am I but i don't wanna
19:08:08 <Dot`> this is why naps exist
19:38:30 <skram> i was Dot`
19:38:55 <skram> busy conquering scotland and making em catholics
19:39:28 <Dot`> they do like that
19:39:35 <Dot`> just ask the english
19:40:27 <skram> theres no english in england at this period
19:40:32 <skram> its all fuckin' vikings
19:42:04 <BioSC> always has been
19:42:19 <skram> i hate those guys
19:44:42 <Dot`> so far its historicly accurate then skram?
19:45:27 <skram> well at the start of a game it probably is but AI do wacky stuff sometimes
20:03:23 <reification> .tell runbunny shark https://twitter.com/BepDelta/status/1311524673906192385
20:12:35 <skram> shakak
20:50:03 <Dot`> Dub Dub
20:50:05 <Dot`> hows work?
20:50:12 <DuB`> Dot Dot
20:50:18 <DuB`> Probl done for the day, chillin
20:50:30 <DuB`> Watching people fight monhun final boss that released today
20:55:43 <BioSC> asdf
21:11:00 -!- skrm [webchat@pioj.eid3.887x.ip] has joined #tlponies
21:11:49 <skrm> DuB` you're alive
21:12:04 <skrm> we havent seen you in days and we've been worried sick
21:12:54 <Dot`> he arrived yesterday skram, i thought you saw
21:13:42 <DuB`> skrm is busy conquering the scots
21:15:18 <Dot`> important viking business
21:20:41 <skrm> ah
21:25:36 <skrm> well the northern scourge needs to be banished
21:26:09 <skrm> before my people gets infected with strange ideas like social security and personal hygiene
21:26:33 <Dot`> but its the vikings who where the clean ones
21:28:06 <skrm> yes
21:28:10 <Camail> there's a twitch ublock fix on the subreddit, fyi
21:28:11 <skrm> im not the viking
21:28:19 <Camail> you should be
21:28:51 <Dot`> skram, you should be south africa, then everywhere is the northern scourge
21:39:09 <skrm> i dont think you can be south africa actually
21:39:29 <Dot`> racsit game
21:42:38 <Camail> its only does north africa
21:43:10 <Camail> also south africa back then was fucking weird
21:43:18 <Camail> or no wait, after this it was weird
21:43:30 <Camail> way back then it was just tribes, then they got colonized and murdered
21:43:44 <Dot`> murdered first as well
21:43:59 <Camail> there was that one kingdom...began with an m i think?
21:44:11 <Dot`> F Khoisan ppl
21:44:32 <Dot`> killed by zulus before colonists could do it
21:45:06 <Camail> Mali empire, thats what i was remembering
21:45:17 <Camail> Zulu were pretty good at fighting
21:45:38 <Dot`> is that the one with all the gold cam? the mali
21:45:43 <Camail> yea
21:45:59 <Camail> where the king fucking ruined gold
21:46:05 <Camail> pretty baller move
21:46:12 <Dot`> haha, its great
22:05:46 <skrm> mansa musa
22:05:48 <skrm> or something
22:38:27 -!- Runbunny [~Bunnykitt@91.100.28.10.generic-hostname.arrownet.dk] has joined #tlponies
22:38:43 <reification> bun!
22:38:45 <Runbunny> Well nearly 9 hours.
22:38:46 <Dot`> Runbun <3
22:38:49 <Runbunny> Hai Reif.
22:39:09 <Dot`> the bun is here and safe, guess i sleep now
22:39:10 <Dot`> gnight
22:39:26 <Runbunny> Goodnight, sleep well Friend.
22:39:31 <reification> night dotties
22:39:35 <Dot`> <3
22:47:24 <reification> skram https://twitter.com/almightygenie/status/1311068374592618500
22:47:42 <reification> also lego https://twitter.com/Rainmaker1973/status/1311251148121276418
22:57:39 <skrm> im more impressed by the rocket tbh
23:15:24 <reification> night all
23:47:48 -!- Cane [~Cane@CaneCraft.users.quakenet.org] has joined #tlponies
23:47:48 -!- mode/#tlponies [+o Cane] by Q
