18:48:49 -!- sweetiebot [~skybot@209.141.41.184] has joined #tlponies
18:51:33 <reimeuk> ?🤔
18:58:29 -!- tredc [~tredc@c83-254-129-166.bredband.comhem.se] has joined #tlponies
19:14:03 <reimeuk> skram i have links for you https://www.youtube.com/watch?v=3AeN-5PXaaQ
19:14:13 <reimeuk> https://twitter.com/WarlockBanana/status/1216792326389010432
19:14:22 <reimeuk> https://twitter.com/xbzzbz/status/1216731354940854273
19:28:52 -!- tredc_ [~tredc@c83-254-129-166.bredband.comhem.se] has joined #tlponies
19:40:45 <skram> i think I want one of those punch card orchestras now, reif
19:40:54 <skram> done with vinyl and cassettes
19:48:16 <reimeuk> you have to fill up your new house with something
19:53:46 <skram> a robot that plays africa
20:06:13 -!- Golly [~kvirc@cm-84.213.21.103.getinternet.no] has joined #tlponies
20:22:20 <Micen> https://www.youtube.com/watch?v=q260bjSiyq0
20:22:31 <Micen> make one of those
20:48:40 <Camail> oh, i did not realize boku no hero started its new season >_>
20:48:44 <Camail> i am quite late
20:49:34 <skram> I wonder if midoriya found any new bones to break in this one
20:52:46 <skram> Dot|Phone
20:53:14 <reimeuk> runbunny https://twitter.com/40hara/status/1217221380556673025
20:53:26 <reimeuk> bio https://twitter.com/jokanhiyou/status/1217389708155580417
20:55:13 -!- Dot [webchat@xm88.0xl8.5tl1.ip] has joined #tlponies
20:55:25 <skram> Dot
20:55:34 <Dot> Will see if this holds 
20:55:52 <Dot> Probably just going to spam disconnects as I lose Internet every 10 seconds
20:57:09 <skram> internet is dum
21:01:53 <Dot> I would like some proper Internet please
21:01:53 <Dot> This is all very frustrating
21:02:01 <Dot> And boring
21:02:06 <skram> whens the internet fairy coming round
21:02:08 <skram> friday?
21:02:58 -!- Crisium [~Crisium@c-24-3-150-105.hsd1.pa.comcast.net] has joined #tlponies
21:03:07 <skram> cris yum
21:04:01 <Dot> Hopefully
21:04:01 <Dot> Hi cris pon 
21:20:37 <Crisium> howdy
21:23:54 -!- Rawr|Fone [~AndChat52@c-4eb4e655.020-164-6d6c6d4.bbcust.telenor.se] has joined #tlponies
21:24:20 -!- Dot [webchat@xm88.0xl8.5tl1.ip] has joined #tlponies
21:26:18 <Runbunny> .chose anime videogames
21:26:29 <Runbunny> Boo it still kinda dead.
21:26:37 <skram> bOTH
21:28:46 <Dot> Anime video games? Is such a thing even possible
21:30:50 <skram> i guess monsterhunter is both
21:31:02 <Crisium> tales games
21:31:07 <Crisium> blazblue
21:31:09 <Crisium> stuff like that
21:31:12 <Crisium> cell shaded
21:32:24 <Dot> Skrams favourite game. Doki Doki literature clubure
21:32:33 <Dot> Club
21:34:27 <skram> pls
21:34:30 <skram> ddlc is amazing
21:37:01 <Rawr|Fone> Jonas
21:37:24 <skram> hej henrik
21:37:42 <Rawr|Fone> God kväll min kära vän
21:38:18 <skram> hows the face
21:39:32 <Rawr|Fone> Quite all right
21:39:42 <Rawr|Fone> How about yours dear
21:40:09 <skram> about ready to go to bed i think
21:40:27 <Rawr|Fone> It is quite late
22:02:25 -!- Rial [~Rial@p2668219-ipngn201306tokaisakaetozai.aichi.ocn.ne.jp] has joined #tlponies
22:06:08 <Rawr|Fone> Good evening rial
22:14:29 <Rial> Morning!
22:17:12 <Crisium> evening round these parts
22:17:29 <reimeuk> hello rial
22:19:30 <Rial> hi hi~
22:19:34 <Rial> I thought today was friday 
22:19:56 <reimeuk> disappointing 
22:20:01 <skram> alas tis only thursday
22:20:20 <Rial> Well, this means I have one extra day to work on this commission lol
22:28:02 <Cane> Evening everyone. <3
22:28:14 <Crisium> howdy cane
22:28:24 <skram> howdy cane
22:28:29 <skram> we're cowboys now
22:29:16 <Cane> I can't quit you skram.
22:29:27 -!- carcinisation [~thomas@cpc76294-cosh16-2-0-cust297.6-1.cable.virginm.net] has joined #tlponies
22:29:27 -!- mode/#tlponies [+v carcinisation] by Q
22:29:35 <Cane> Hiya reif. =)
22:30:15 <Rial> hi hi~ 
22:30:40 <carcinisation> hi cane
22:31:28 <Rial> I wanted to ask, is there a particular reason why Discord isn't used more? At least for me, Discord is nice because it keeps a message history. East timezone here, so I bet I lose some good conversations, here. 
22:31:55 <Crisium> agree actually lol
22:33:38 -!- reification [~thomas@cpc76294-cosh16-2-0-cust297.6-1.cable.virginm.net] has joined #tlponies
22:33:38 -!- mode/#tlponies [+v reification] by Q
22:33:57 <reification> oh boy my internet just bugged out
22:37:02 <reification> can't speak for others but i personally find irc nicer to use for text chat (discord is great for voice)
22:37:24 <reification> guess i've had decades to get used to it
22:38:46 <Rial> If only I had message history, that would help. I always feel like I missed something, here
22:38:54 <Crisium> same rial
22:38:59 <skram> so basically we're old and new things frighten us
22:39:05 <Rial> lol
22:39:12 <Crisium> im old and i use discord
22:39:38 <reification> i know some ppl just leave client running all the time 
22:39:58 <Rial> I'm heading out for work. Le tme know later how the topic developed, if it does. Sleep well
22:39:59 <reification> but pc noise would disturb me
22:40:09 <skram> cheers rial
22:40:12 <Crisium> gl at work
22:40:29 <Rial> ty ty ~
22:40:32 <Cane> Everyone here's on Discord anyway. This place is just the tradition.
22:40:42 <Cane> It's been here since, what, 2011?
22:40:59 <skram> yup
22:41:39 <Cane> If everyone stopped using it today and moved over to our Discord I'd be perfectly happy with it. I just think it's still fun to connect to IRC and say hi to the chat room.
22:47:26 <reification> i like that irc doesn't autoexpand twitter/youtube links else when i post a bunch of links it would take up a lot of space
22:52:14 <Cane> You can enclose a link with <> to avoid it autoexpanding, but that only works when you're posting it.
22:52:22 <Cane> I wonder if there's a setting that avoids stuff autoexpanding for you.
22:52:42 <Cane> I'm usually not a fan of the preview autoexpand either.
22:52:48 <Cane> So I usually put links inside <>
22:52:54 <Crisium> there is a setting
22:53:00 <Cane> Well hey there you go.
23:04:52 -!- BioPone [~androirc@mobile-166-177-57-129.mycingular.net] has joined #tlponies
23:09:36 <reification> ah useful
23:21:40 <Camail> for awhile discord was pretty annoying, it's better now
23:21:49 <Camail> but like...i dont trust it as a stable platform
23:21:59 <Camail> like, for a decades old kind of community
23:22:07 <Camail> irc is eternal, discord is not
23:23:06 <Camail> and i have no idea how discord has money to exist, so i dont want to commit to it as the only place to talk to you guys for the next 9 years after the first 9 years
23:23:52 <Cane> Camail, re "i have no idea how discord has money to exist": Discord still hasn't found a way to monetize iirc, and are bleeding money, kept alive only through investors. If that ever dries up they might pull the plug.
23:24:00 -!- Rawr|Fone [~AndChat52@c-4eb4e655.020-164-6d6c6d4.bbcust.telenor.se] has joined #tlponies
23:24:02 <Cane> Not a big deal, migrating isn't too painful, but it could be the end of the community.
23:24:18 <Camail> yea you always lose people when you migrate
23:24:42 <Cane> On the other hand, QuakeNet has been here since 1693.
23:24:58 <Camail> i think the earth might've been molten still
23:25:39 <Camail> so yea, discord is the new thing and i'm cool with crossing between both
23:25:49 <Camail> but this place always needs to exist, it's the foundation
23:26:53 <Cane> As I said, if everyone else moved to Discord then no skin off my nose, I like it better in most ways, but it's also easy keeping this channel up and running.
23:38:10 -!- DuB` [DuB@cpe-68-174-122-249.nyc.res.rr.com] has joined #tlponies
23:52:13 <DuB`> PC is aliiiiiiiive
