18:32:32 :datapacket.hk.quakenet.org 001 sweetiebot :Welcome to the QuakeNet IRC Network, sweetiebot
18:32:33 :datapacket.hk.quakenet.org 002 sweetiebot :Your host is datapacket.hk.quakenet.org, running version u2.10.12.10+snircd(1.3.4a)
18:32:33 :datapacket.hk.quakenet.org 003 sweetiebot :This server was created Mon Nov 9 2020 at 07:47:32 EST
18:32:33 :datapacket.hk.quakenet.org 004 sweetiebot datapacket.hk.quakenet.org u2.10.12.10+snircd(1.3.4a) dioswkgxRXInP biklmnopstvrDcCNuMT bklov
18:32:33 :datapacket.hk.quakenet.org 005 sweetiebot WHOX WALLCHOPS WALLVOICES USERIP CPRIVMSG CNOTICE SILENCE=15 MODES=6 MAXCHANNELS=40 MAXBANS=45 NICKLEN=15 :are supported by this server
18:32:33 :datapacket.hk.quakenet.org 005 sweetiebot MAXNICKLEN=15 TOPICLEN=250 AWAYLEN=160 KICKLEN=250 CHANNELLEN=200 MAXCHANNELLEN=200 CHANTYPES=#& PREFIX=(ov)@+ STATUSMSG=@+ CHANMODES=b,k,l,imnpstrDducCNMT CASEMAPPING=rfc1459 NETWORK=QuakeNet :are supported by this server
18:32:33 :datapacket.hk.quakenet.org 251 sweetiebot :There are 15 users and 11172 invisible on 30 servers
18:32:33 :datapacket.hk.quakenet.org 252 sweetiebot 58 :operator(s) online
18:32:33 :datapacket.hk.quakenet.org 254 sweetiebot 9796 :channels formed
18:32:33 :datapacket.hk.quakenet.org 255 sweetiebot :I have 517 clients and 1 servers
18:32:33 :datapacket.hk.quakenet.org 375 sweetiebot :- datapacket.hk.quakenet.org Message of the Day - 
18:32:33 :datapacket.hk.quakenet.org 372 sweetiebot :- 2020-11-9 6:18
18:32:33 :datapacket.hk.quakenet.org 372 sweetiebot :- ...           You are connected to the QuakeNet IRC Network           ...
18:32:33 :datapacket.hk.quakenet.org 372 sweetiebot :- ...                     via datapacket.hk.quakenet.org.               ...
18:32:33 :datapacket.hk.quakenet.org 372 sweetiebot :- ...                                                                   ...
18:32:33 :datapacket.hk.quakenet.org 372 sweetiebot :- ...                     datapacket.hk.quakenet.org                    ...
18:32:33 :datapacket.hk.quakenet.org 372 sweetiebot :- ...                                                                   ...
18:32:33 :datapacket.hk.quakenet.org 372 sweetiebot :- ...                                                                   ...
18:32:33 :datapacket.hk.quakenet.org 372 sweetiebot :- ...       For information about this server's host please visit       ...
18:32:33 :datapacket.hk.quakenet.org 372 sweetiebot :- ...                        the website below:                         ...
18:32:33 :datapacket.hk.quakenet.org 372 sweetiebot :- ...                      http://www.datapacket.com/                   ...
18:32:33 :datapacket.hk.quakenet.org 372 sweetiebot :- ...                                                                   ...
18:32:33 :datapacket.hk.quakenet.org 372 sweetiebot :- ...          For information about this network please visit          ...
18:32:33 :datapacket.hk.quakenet.org 372 sweetiebot :- ...                        the website below:                         ...
18:32:33 :datapacket.hk.quakenet.org 372 sweetiebot :- ...                     http://www.quakenet.org/                      ...
18:32:33 :datapacket.hk.quakenet.org 372 sweetiebot :- ...                                                                   ...
18:32:33 :datapacket.hk.quakenet.org 372 sweetiebot :- ...   This server accepts IPv4 connections on the following ports:    ...
18:32:33 :datapacket.hk.quakenet.org 372 sweetiebot :- ...                        6667                                       ...
18:32:33 :datapacket.hk.quakenet.org 372 sweetiebot :- ...                                                                   ...
18:32:33 :datapacket.hk.quakenet.org 372 sweetiebot :- ...  By connecting to this network you give us permission to probe    ...
18:32:33 :datapacket.hk.quakenet.org 372 sweetiebot :- ... your machine for open proxies/wingates. You also agree to adhere  ...
18:32:33 :datapacket.hk.quakenet.org 372 sweetiebot :- ...                      by the following rules:                      ...
18:32:33 :datapacket.hk.quakenet.org 372 sweetiebot :- ...                                                                   ...
18:32:33 :datapacket.hk.quakenet.org 372 sweetiebot :- ...      o No flooding (including flood/clonebots).                   ...
18:32:33 :datapacket.hk.quakenet.org 372 sweetiebot :- ...      o No distribution of copyrighted material or pornography.    ...
18:32:33 :datapacket.hk.quakenet.org 372 sweetiebot :- ...      o No multiplayer gaming cheat channels.                      ...
18:32:33 :datapacket.hk.quakenet.org 372 sweetiebot :- ...      o No clones. http://www.quakenet.org/faq/faq.php?c=128       ...
18:32:33 :datapacket.hk.quakenet.org 372 sweetiebot :- ...      o No channel takeovers.                                      ...
18:32:33 :datapacket.hk.quakenet.org 372 sweetiebot :- ...      o No attempts to disrupt network services.                   ...
18:32:33 :datapacket.hk.quakenet.org 372 sweetiebot :- ...      o No racism and/or Nazism.                                   ...
18:32:33 :datapacket.hk.quakenet.org 372 sweetiebot :- ...      o No spamming and/or advertising.                            ...
18:32:33 :datapacket.hk.quakenet.org 372 sweetiebot :- ...      o No hacking (including Virus/Trojan distribution).          ...
18:32:33 :datapacket.hk.quakenet.org 372 sweetiebot :- ...      o No actions we, the operators, regard as abuse.             ...
18:32:33 :datapacket.hk.quakenet.org 372 sweetiebot :- ...                                                                   ...
18:32:33 :datapacket.hk.quakenet.org 372 sweetiebot :- ...           For more details of the network's terms of service      ...
18:32:33 :datapacket.hk.quakenet.org 372 sweetiebot :- ...                  please visit the website below:                  ...
18:32:33 :datapacket.hk.quakenet.org 372 sweetiebot :- ...                   http://www.quakenet.org/rules/                  ...
18:32:33 :datapacket.hk.quakenet.org 372 sweetiebot :- ...                                                                   ...
18:32:33 :datapacket.hk.quakenet.org 372 sweetiebot :- ...       Violation of the network's rules will result in kills       ...
18:32:33 :datapacket.hk.quakenet.org 372 sweetiebot :- ...              and possible network-wide access bans.               ...
18:32:33 :datapacket.hk.quakenet.org 372 sweetiebot :- ...                                                                   ...
18:32:33 :datapacket.hk.quakenet.org 372 sweetiebot :- ...      o Server Admins:                                             ...
18:32:33 :datapacket.hk.quakenet.org 372 sweetiebot :- ...                     Ritche                                        ...
18:32:33 :datapacket.hk.quakenet.org 372 sweetiebot :- ...             (E-mail: append @quakenet.org to above.)              ...
18:32:33 :datapacket.hk.quakenet.org 372 sweetiebot :- ...                                                                   ...
18:32:33 :datapacket.hk.quakenet.org 372 sweetiebot :- ...      Many common problems are explained on the website below:     ...
18:32:33 :datapacket.hk.quakenet.org 372 sweetiebot :- ...                    http://www.quakenet.org/faq/                   ...
18:32:33 :datapacket.hk.quakenet.org 372 sweetiebot :- ...     If you have a general enquiry not answered by this website    ...
18:32:33 :datapacket.hk.quakenet.org 372 sweetiebot :- ...     please visit #help. If you *require* an IRC operator please   ...
18:32:33 :datapacket.hk.quakenet.org 372 sweetiebot :- ...      visit #help.                                                 ...
18:32:33 :datapacket.hk.quakenet.org 372 sweetiebot :- ...                                                                   ...
18:32:33 :datapacket.hk.quakenet.org 372 sweetiebot :- ...   The use of this server & network is a privilege, not a right.   ...
18:32:33 :datapacket.hk.quakenet.org 372 sweetiebot :- ...      The network operators may deny network access to anyone,     ...
18:32:33 :datapacket.hk.quakenet.org 372 sweetiebot :- ...              for any reason, at their sole discretion.            ...
18:32:33 :datapacket.hk.quakenet.org 372 sweetiebot :- ...                                                                   ...
18:32:33 :datapacket.hk.quakenet.org 372 sweetiebot :- ... IRC is a free media, therefore the operators of this network take ...
18:32:33 :datapacket.hk.quakenet.org 372 sweetiebot :- ...    no responsibility whatsoever for the opinions expressed or     ...
18:32:33 :datapacket.hk.quakenet.org 372 sweetiebot :- ...   the actions taken by users. Absolutely no warranty is either    ...
18:32:33 :datapacket.hk.quakenet.org 372 sweetiebot :- ...                      expressed or implied.                        ...
18:32:33 :datapacket.hk.quakenet.org 372 sweetiebot :- This server is sponsored and hosted by DataPacket's Global Network
18:32:33 :datapacket.hk.quakenet.org 372 sweetiebot :-                   https://www.datapacket.com
18:32:33 :datapacket.hk.quakenet.org 372 sweetiebot :- 
18:32:33 :datapacket.hk.quakenet.org 376 sweetiebot :End of /MOTD command.
18:32:33 :datapacket.hk.quakenet.org 221 sweetiebot +i
18:32:33 :datapacket.hk.quakenet.org 353 sweetiebot @ #tlponies :sweetiebot +Camail Dot` DuB` BioSC tredc +reification Rawr|Fone Golly Micen +CockRoach|42 GGMethos @Q
18:32:33 :datapacket.hk.quakenet.org 366 sweetiebot #tlponies :End of /NAMES list.
18:32:34 :datapacket.hk.quakenet.org 353 sweetiebot = #camtestinggg :@sweetiebot
18:32:34 :datapacket.hk.quakenet.org 366 sweetiebot #camtestinggg :End of /NAMES list.
