22:17:16 :euroserv.fr.quakenet.org 001 sweetiebot :Welcome to the QuakeNet IRC Network, sweetiebot
22:17:17 :euroserv.fr.quakenet.org 002 sweetiebot :Your host is euroserv.fr.quakenet.org, running version u2.10.12.10+snircd(1.3.4a)
22:17:17 :euroserv.fr.quakenet.org 003 sweetiebot :This server was created Tue Nov 18 2014 at 18:46:36 CET
22:17:17 :euroserv.fr.quakenet.org 004 sweetiebot euroserv.fr.quakenet.org u2.10.12.10+snircd(1.3.4a) dioswkgxRXInP biklmnopstvrDcCNuMT bklov
22:17:17 :euroserv.fr.quakenet.org 005 sweetiebot WHOX WALLCHOPS WALLVOICES USERIP CPRIVMSG CNOTICE SILENCE=15 MODES=6 MAXCHANNELS=50 MAXBANS=45 NICKLEN=15 :are supported by this server
22:17:17 :euroserv.fr.quakenet.org 005 sweetiebot MAXNICKLEN=15 TOPICLEN=250 AWAYLEN=160 KICKLEN=250 CHANNELLEN=200 MAXCHANNELLEN=200 CHANTYPES=#& PREFIX=(ov)@+ STATUSMSG=@+ CHANMODES=b,k,l,imnpstrDducCNMT CASEMAPPING=rfc1459 NETWORK=QuakeNet :are supported by this server
22:17:17 :euroserv.fr.quakenet.org 251 sweetiebot :There are 15 users and 11616 invisible on 27 servers
22:17:17 :euroserv.fr.quakenet.org 252 sweetiebot 50 :operator(s) online
22:17:17 :euroserv.fr.quakenet.org 254 sweetiebot 10223 :channels formed
22:17:17 :euroserv.fr.quakenet.org 255 sweetiebot :I have 1189 clients and 1 servers
22:17:17 :euroserv.fr.quakenet.org 375 sweetiebot :- euroserv.fr.quakenet.org Message of the Day - 
22:17:17 :euroserv.fr.quakenet.org 372 sweetiebot :- 2008-1-4 23:56
22:17:17 :euroserv.fr.quakenet.org 372 sweetiebot :- .........................................................................
22:17:17 :euroserv.fr.quakenet.org 372 sweetiebot :- ...                                                                   ...
22:17:17 :euroserv.fr.quakenet.org 372 sweetiebot :- ...           You are connected to the QuakeNet IRC Network           ...
22:17:17 :euroserv.fr.quakenet.org 372 sweetiebot :- ...                   via euroserv.fr.quakenet.org.                   ...
22:17:17 :euroserv.fr.quakenet.org 372 sweetiebot :- ...                                                                   ...
22:17:17 :euroserv.fr.quakenet.org 372 sweetiebot :- ...       For information about this server's host please visit       ...
22:17:17 :euroserv.fr.quakenet.org 372 sweetiebot :- ...                       the websites below:                         ...
22:17:17 :euroserv.fr.quakenet.org 372 sweetiebot :- ...                      http://www.euroserv.com/                     ...
22:17:17 :euroserv.fr.quakenet.org 372 sweetiebot :- ...                                                                   ...
22:17:17 :euroserv.fr.quakenet.org 372 sweetiebot :- ...          For information about this network please visit          ...
22:17:17 :euroserv.fr.quakenet.org 372 sweetiebot :- ...                        the websites below:                        ...
22:17:17 :euroserv.fr.quakenet.org 372 sweetiebot :- ...                      http://www.quakenet.org/                     ...
22:17:17 :euroserv.fr.quakenet.org 372 sweetiebot :- ...                     http://staff.quakenet.org/                    ...
22:17:17 :euroserv.fr.quakenet.org 372 sweetiebot :- ...                                                                   ...
22:17:17 :euroserv.fr.quakenet.org 372 sweetiebot :- ...      This server accepts connections on the following ports:      ...
22:17:17 :euroserv.fr.quakenet.org 372 sweetiebot :- ...                6665, 6666, 6667, 6668, 6669 & 7000                ...
22:17:17 :euroserv.fr.quakenet.org 372 sweetiebot :- ...                                                                   ...
22:17:17 :euroserv.fr.quakenet.org 372 sweetiebot :- ...  By connecting to this network you give us permission to probe    ...
22:17:17 :euroserv.fr.quakenet.org 372 sweetiebot :- ... your machine for open proxies/wingates. You also agree to adhere  ...
22:17:17 :euroserv.fr.quakenet.org 372 sweetiebot :- ...                      by the following rules:                      ...
22:17:17 :euroserv.fr.quakenet.org 372 sweetiebot :- ...                                                                   ...
22:17:17 :euroserv.fr.quakenet.org 372 sweetiebot :- ...      o No flooding (including flood/clonebots).                   ...
22:17:17 :euroserv.fr.quakenet.org 372 sweetiebot :- ...      o No distribution of copyrighted material or pornography.    ...
22:17:17 :euroserv.fr.quakenet.org 372 sweetiebot :- ...      o No multiplayer gaming cheat channels.                      ...
22:17:17 :euroserv.fr.quakenet.org 372 sweetiebot :- ...      o No clones. http://www.quakenet.org/faq/faq.php?c=128       ...
22:17:17 :euroserv.fr.quakenet.org 372 sweetiebot :- ...      o No channel takeovers.                                      ...
22:17:17 :euroserv.fr.quakenet.org 372 sweetiebot :- ...      o No attempts to disrupt network services.                   ...
22:17:17 :euroserv.fr.quakenet.org 372 sweetiebot :- ...      o No racism and/or Nazism.                                   ...
22:17:17 :euroserv.fr.quakenet.org 372 sweetiebot :- ...      o No spamming and/or advertising.                            ...
22:17:17 :euroserv.fr.quakenet.org 372 sweetiebot :- ...      o No hacking (including Virus/Trojan distribution).          ...
22:17:17 :euroserv.fr.quakenet.org 372 sweetiebot :- ...      o No actions we, the operators, regard as abuse.             ...
22:17:17 :euroserv.fr.quakenet.org 372 sweetiebot :- ...                                                                   ...
22:17:17 :euroserv.fr.quakenet.org 372 sweetiebot :- ...           For more details of the network's terms of service      ...
22:17:17 :euroserv.fr.quakenet.org 372 sweetiebot :- ...                  please visit the website below:                  ...
22:17:17 :euroserv.fr.quakenet.org 372 sweetiebot :- ...                   http://www.quakenet.org/rules/                  ...
22:17:17 :euroserv.fr.quakenet.org 372 sweetiebot :- ...                                                                   ...
22:17:17 :euroserv.fr.quakenet.org 372 sweetiebot :- ...       Violation of the network's rules will result in kills       ...
22:17:17 :euroserv.fr.quakenet.org 372 sweetiebot :- ...              and possible network-wide access bans.               ...
22:17:17 :euroserv.fr.quakenet.org 372 sweetiebot :- ...                                                                   ...
22:17:17 :euroserv.fr.quakenet.org 372 sweetiebot :- ...      o Server Admins:                                             ...
22:17:17 :euroserv.fr.quakenet.org 372 sweetiebot :- ...                     Flusher           flusher@quakenet.org        ...
22:17:17 :euroserv.fr.quakenet.org 372 sweetiebot :- ...                     beorn             beorn@quakenet.org          ...
22:17:17 :euroserv.fr.quakenet.org 372 sweetiebot :- ...      o Operators:                                                 ...
22:17:17 :euroserv.fr.quakenet.org 372 sweetiebot :- ...                     Navi              navi@quakenet.org           ...
22:17:17 :euroserv.fr.quakenet.org 372 sweetiebot :- ...                                                                   ...
22:17:17 :euroserv.fr.quakenet.org 372 sweetiebot :- ...      Many common problems are explained on the website below:     ...
22:17:17 :euroserv.fr.quakenet.org 372 sweetiebot :- ...                    http://www.quakenet.org/faq/                   ...
22:17:17 :euroserv.fr.quakenet.org 372 sweetiebot :- ...     If you have a general enquiry not answered by this website    ...
22:17:17 :euroserv.fr.quakenet.org 372 sweetiebot :- ...     please visit #help. If you *require* an IRC operator please   ...
22:17:17 :euroserv.fr.quakenet.org 372 sweetiebot :- ...      visit #feds. If you have trouble getting connected we can    ...
22:17:17 :euroserv.fr.quakenet.org 372 sweetiebot :- ...            be contacted via email at info@quakenet.org.           ...
22:17:17 :euroserv.fr.quakenet.org 372 sweetiebot :- ...                                                                   ...
22:17:17 :euroserv.fr.quakenet.org 372 sweetiebot :- ...   The use of this server & network is a priviledge, not a right.  ...
22:17:17 :euroserv.fr.quakenet.org 372 sweetiebot :- ...      The network operators may deny network access to anyone,     ...
22:17:17 :euroserv.fr.quakenet.org 372 sweetiebot :- ...              for any reason, at their sole discretion.            ...
22:17:17 :euroserv.fr.quakenet.org 372 sweetiebot :- ...                                                                   ...
22:17:17 :euroserv.fr.quakenet.org 372 sweetiebot :- ... IRC is a free media, therefore the operators of this network take ...
22:17:17 :euroserv.fr.quakenet.org 372 sweetiebot :- ...    no responsibility whatsoever for the opinions expressed or     ...
22:17:17 :euroserv.fr.quakenet.org 372 sweetiebot :- ...   the actions taken by users. Absolutely no warranty is either    ...
22:17:17 :euroserv.fr.quakenet.org 372 sweetiebot :- ...                      expressed or implied.                        ...
22:17:17 :euroserv.fr.quakenet.org 372 sweetiebot :- ...                                                                   ...
22:17:17 :euroserv.fr.quakenet.org 372 sweetiebot :- .........................................................................
22:17:17 :euroserv.fr.quakenet.org 376 sweetiebot :End of /MOTD command.
22:17:17 :euroserv.fr.quakenet.org 221 sweetiebot +i
22:17:17 :euroserv.fr.quakenet.org 353 sweetiebot @ #tlponies :sweetiebot +Camail skram Rawr|Fone Dot|Phone DuB` tredc +reification Runbunny Golly Micen|Stream Bio +Westy543 @Q +GGMethos +CockRoach|42
22:17:17 :euroserv.fr.quakenet.org 366 sweetiebot #tlponies :End of /NAMES list.
22:17:18 :euroserv.fr.quakenet.org 353 sweetiebot = #camtestinggg :@sweetiebot
22:17:18 :euroserv.fr.quakenet.org 366 sweetiebot #camtestinggg :End of /NAMES list.
