16:11:07 :port80c.se.quakenet.org 001 sweetiebot :Welcome to the QuakeNet IRC Network, sweetiebot
16:11:07 :port80c.se.quakenet.org 002 sweetiebot :Your host is port80c.se.quakenet.org, running version u2.10.12.10+snircd(1.3.4a)
16:11:07 :port80c.se.quakenet.org 003 sweetiebot :This server was created Wed Apr 23 2014 at 01:59:23 CEST
16:11:07 :port80c.se.quakenet.org 004 sweetiebot port80c.se.quakenet.org u2.10.12.10+snircd(1.3.4a) dioswkgxRXInP biklmnopstvrDcCNuMT bklov
16:11:07 :port80c.se.quakenet.org 005 sweetiebot WHOX WALLCHOPS WALLVOICES USERIP CPRIVMSG CNOTICE SILENCE=15 MODES=6 MAXCHANNELS=50 MAXBANS=45 NICKLEN=15 :are supported by this server
16:11:07 :port80c.se.quakenet.org 005 sweetiebot MAXNICKLEN=15 TOPICLEN=250 AWAYLEN=160 KICKLEN=250 CHANNELLEN=200 MAXCHANNELLEN=200 CHANTYPES=#& PREFIX=(ov)@+ STATUSMSG=@+ CHANMODES=b,k,l,imnpstrDducCNMT CASEMAPPING=rfc1459 NETWORK=QuakeNet :are supported by this server
16:11:07 :port80c.se.quakenet.org 251 sweetiebot :There are 17 users and 12410 invisible on 27 servers
16:11:07 :port80c.se.quakenet.org 252 sweetiebot 55 :operator(s) online
16:11:07 :port80c.se.quakenet.org 253 sweetiebot 2 :unknown connection(s)
16:11:07 :port80c.se.quakenet.org 254 sweetiebot 10609 :channels formed
16:11:07 :port80c.se.quakenet.org 255 sweetiebot :I have 2131 clients and 1 servers
16:11:07 :port80c.se.quakenet.org 375 sweetiebot :- port80c.se.quakenet.org Message of the Day - 
16:11:07 :port80c.se.quakenet.org 372 sweetiebot :- 2017-5-10 7:40
16:11:07 :port80c.se.quakenet.org 372 sweetiebot :- .........................................................................
16:11:07 :port80c.se.quakenet.org 372 sweetiebot :- ...                                                                   ...
16:11:07 :port80c.se.quakenet.org 372 sweetiebot :- ...           You are connected to the QuakeNet IRC Network           ...
16:11:07 :port80c.se.quakenet.org 372 sweetiebot :- ...                     via port80c.se.quakenet.org.                  ...
16:11:07 :port80c.se.quakenet.org 372 sweetiebot :- ...                                                                   ...
16:11:07 :port80c.se.quakenet.org 372 sweetiebot :- ...                     port80c.se.quakenet.org                       ...
16:11:07 :port80c.se.quakenet.org 372 sweetiebot :- ...                                                                   ...
16:11:07 :port80c.se.quakenet.org 372 sweetiebot :- ...        i t ' s         g o o d         t o         b 0 r k        ...
16:11:07 :port80c.se.quakenet.org 372 sweetiebot :- ...                                                                   ...
16:11:07 :port80c.se.quakenet.org 372 sweetiebot :- ...       For information about this server's host please visit       ...
16:11:07 :port80c.se.quakenet.org 372 sweetiebot :- ...                        the website below:                         ...
16:11:07 :port80c.se.quakenet.org 372 sweetiebot :- ...                      http://www.ip-only.se/                       ...
16:11:07 :port80c.se.quakenet.org 372 sweetiebot :- ...                                                                   ...
16:11:07 :port80c.se.quakenet.org 372 sweetiebot :- ...          For information about this network please visit          ...
16:11:07 :port80c.se.quakenet.org 372 sweetiebot :- ...                        the website below:                         ...
16:11:07 :port80c.se.quakenet.org 372 sweetiebot :- ...                     http://www.quakenet.org/                      ...
16:11:07 :port80c.se.quakenet.org 372 sweetiebot :- ...                                                                   ...
16:11:07 :port80c.se.quakenet.org 372 sweetiebot :- ...   This server accepts IPv6 connections on the following ports:    ...
16:11:07 :port80c.se.quakenet.org 372 sweetiebot :- ...                        6667, 6668 & 6669                          ...
16:11:07 :port80c.se.quakenet.org 372 sweetiebot :- ...                                                                   ...
16:11:07 :port80c.se.quakenet.org 372 sweetiebot :- ...  By connecting to this network you give us permission to probe    ...
16:11:07 :port80c.se.quakenet.org 372 sweetiebot :- ... your machine for open proxies/wingates. You also agree to adhere  ...
16:11:07 :port80c.se.quakenet.org 372 sweetiebot :- ...                      by the following rules:                      ...
16:11:07 :port80c.se.quakenet.org 372 sweetiebot :- ...                                                                   ...
16:11:07 :port80c.se.quakenet.org 372 sweetiebot :- ...      o No flooding (including flood/clonebots).                   ...
16:11:07 :port80c.se.quakenet.org 372 sweetiebot :- ...      o No distribution of copyrighted material or pornography.    ...
16:11:07 :port80c.se.quakenet.org 372 sweetiebot :- ...      o No multiplayer gaming cheat channels.                      ...
16:11:07 :port80c.se.quakenet.org 372 sweetiebot :- ...      o No clones. http://www.quakenet.org/faq/faq.php?c=128       ...
16:11:07 :port80c.se.quakenet.org 372 sweetiebot :- ...      o No channel takeovers.                                      ...
16:11:07 :port80c.se.quakenet.org 372 sweetiebot :- ...      o No attempts to disrupt network services.                   ...
16:11:07 :port80c.se.quakenet.org 372 sweetiebot :- ...      o No racism and/or Nazism.                                   ...
16:11:07 :port80c.se.quakenet.org 372 sweetiebot :- ...      o No spamming and/or advertising.                            ...
16:11:07 :port80c.se.quakenet.org 372 sweetiebot :- ...      o No hacking (including Virus/Trojan distribution).          ...
16:11:07 :port80c.se.quakenet.org 372 sweetiebot :- ...      o No actions we, the operators, regard as abuse.             ...
16:11:07 :port80c.se.quakenet.org 372 sweetiebot :- ...                                                                   ...
16:11:07 :port80c.se.quakenet.org 372 sweetiebot :- ...           For more details of the network's terms of service      ...
16:11:07 :port80c.se.quakenet.org 372 sweetiebot :- ...                  please visit the website below:                  ...
16:11:07 :port80c.se.quakenet.org 372 sweetiebot :- ...                   http://www.quakenet.org/rules/                  ...
16:11:07 :port80c.se.quakenet.org 372 sweetiebot :- ...                                                                   ...
16:11:07 :port80c.se.quakenet.org 372 sweetiebot :- ...       Violation of the network's rules will result in kills       ...
16:11:07 :port80c.se.quakenet.org 372 sweetiebot :- ...              and possible network-wide access bans.               ...
16:11:07 :port80c.se.quakenet.org 372 sweetiebot :- ...                                                                   ...
16:11:07 :port80c.se.quakenet.org 372 sweetiebot :- ...      o Server Admins:                                             ...
16:11:07 :port80c.se.quakenet.org 372 sweetiebot :- ...                     _nalle              stevoo                    ...
16:11:07 :port80c.se.quakenet.org 372 sweetiebot :- ...             (E-mail: append @quakenet.org to above.)              ... 
16:11:07 :port80c.se.quakenet.org 372 sweetiebot :- ...                                                                   ...
16:11:07 :port80c.se.quakenet.org 372 sweetiebot :- ...      Many common problems are explained on the website below:     ...
16:11:07 :port80c.se.quakenet.org 372 sweetiebot :- ...                    http://www.quakenet.org/faq/                   ...
16:11:07 :port80c.se.quakenet.org 372 sweetiebot :- ...     If you have a general enquiry not answered by this website    ...
16:11:07 :port80c.se.quakenet.org 372 sweetiebot :- ...     please visit #help. If you *require* an IRC operator please   ...
16:11:07 :port80c.se.quakenet.org 372 sweetiebot :- ...      visit #help.                                                 ...
16:11:07 :port80c.se.quakenet.org 372 sweetiebot :- ...                                                                   ...
16:11:07 :port80c.se.quakenet.org 372 sweetiebot :- ...   The use of this server & network is a privilege, not a right.   ...
16:11:07 :port80c.se.quakenet.org 372 sweetiebot :- ...      The network operators may deny network access to anyone,     ...
16:11:07 :port80c.se.quakenet.org 372 sweetiebot :- ...              for any reason, at their sole discretion.            ...
16:11:08 :port80c.se.quakenet.org 372 sweetiebot :- ...                                                                   ...
16:11:08 :port80c.se.quakenet.org 372 sweetiebot :- ... IRC is a free media, therefore the operators of this network take ...
16:11:08 :port80c.se.quakenet.org 372 sweetiebot :- ...    no responsibility whatsoever for the opinions expressed or     ...
16:11:08 :port80c.se.quakenet.org 372 sweetiebot :- ...   the actions taken by users. Absolutely no warranty is either    ...
16:11:08 :port80c.se.quakenet.org 372 sweetiebot :- ...                      expressed or implied.                        ...
16:11:08 :port80c.se.quakenet.org 372 sweetiebot :- ...                                                                   ...
16:11:08 :port80c.se.quakenet.org 372 sweetiebot :- .........................................................................
16:11:08 :port80c.se.quakenet.org 376 sweetiebot :End of /MOTD command.
16:11:08 :port80c.se.quakenet.org 221 sweetiebot +i
16:11:08 :port80c.se.quakenet.org 332 sweetiebot #tlponies :Valhalleluja!
16:11:08 :port80c.se.quakenet.org 333 sweetiebot #tlponies Cane 1577436584
16:11:08 :port80c.se.quakenet.org 353 sweetiebot @ #tlponies :sweetiebot +Camail Micen|Droid +reimeuk reification Micen skram DuB` Rawr|Phone tredc Runbunny Golly Dot|Phone GGMethos Bio +Westy543 @Cane +CockRoach|42 @Q
16:11:08 :port80c.se.quakenet.org 366 sweetiebot #tlponies :End of /NAMES list.
16:11:09 :port80c.se.quakenet.org 353 sweetiebot = #camtestinggg :@sweetiebot
16:11:09 :port80c.se.quakenet.org 366 sweetiebot #camtestinggg :End of /NAMES list.
