00:35:55 -!- Rawr|Fone has quit [Ping timeout]
00:39:21 -!- Runbunny has quit [Signed off]
01:04:23 -!- Micen_ has quit [Read error: Connection reset by peer]
01:37:37 -!- Dot|Phone has quit [Signed off]
01:58:15 -!- Crisium has quit [Ping timeout]
02:31:13 -!- Crisium|2 has quit [Signed off]
03:09:55 -!- Micen_ has quit [Read error: Connection reset by peer]
03:17:44 -!- Rawr|Fone has quit [Ping timeout]
03:32:46 -!- Camail has quit [Signed off]
04:25:32 -!- skram has quit [Ping timeout]
05:48:21 -!- DuB` has quit [Signed off]
06:05:17 -!- Rawr|Fone has quit [Ping timeout]
06:32:56 -!- Rawr|Fone has quit [Ping timeout]
08:30:29 -!- Rawr|Fone has quit [Ping timeout]
09:37:59 -!- Rawr|Fone has quit [Ping timeout]
09:45:39 -!- Rawr|Fone has quit [Ping timeout]
10:00:16 -!- Micen_ has quit [Read error: Connection reset by peer]
10:33:13 -!- Dot|Phone has quit [Signed off]
11:17:35 -!- Micen_ has quit [Read error: Connection reset by peer]
11:41:15 -!- Micen_ has quit [Read error: Connection reset by peer]
12:26:28 -!- Rawr|Fone has quit [Ping timeout]
12:47:39 -!- Rawr|Fone has quit [Read error: Connection reset by peer]
12:53:53 -!- Rawr|Fone has quit [Ping timeout]
13:11:48 -!- Rawr|Fone has quit [Ping timeout]
13:19:21 -!- Rawr|Phone has quit [Read error: Connection reset by peer]
14:28:14 -!- Rawr|Fone has quit [Ping timeout]
14:48:58 -!- Zounds has quit [Ping timeout]
14:59:49 -!- Rawr|Fone has quit [Ping timeout]
15:56:58 -!- Rawr|Fone has quit [Ping timeout]
17:26:09 -!- skram has quit [Ping timeout]
17:48:38 -!- Rawr|Fone has quit [Ping timeout]
18:23:35 -!- skram has quit [Ping timeout]
18:56:12 -!- Rawr|Fone has quit [Ping timeout]
20:54:05 -!- Golly has quit [Ping timeout]
21:01:50 -!- Rawr|Phone has quit [Read error: Connection reset by peer]
21:13:57 -!- reification has quit [Signed off]
21:15:02 -!- Rawr|Fone has quit [Ping timeout]
22:29:12 -!- Dot` has quit [Ping timeout]
23:07:40 -!- Golly has quit [Ping timeout]
23:21:28 -!- Rawr|Fone has quit [Ping timeout]
23:30:54 -!- tredc has quit [Signed off]
23:31:43 -!- Runbunny has quit [Signed off]
