00:13:22 -!- tredc has quit [Signed off]
00:18:56 -!- skram has quit [Ping timeout]
00:22:14 -!- Dot` has quit [Ping timeout]
00:50:43 -!- Runbunny has quit [Signed off]
01:51:25 -!- Rawr|Fone has quit [Ping timeout]
03:24:59 -!- Dot|Phone has quit [Signed off]
04:56:48 -!- Camail has quit [Signed off]
04:59:19 -!- Rawr|Fone has quit [Ping timeout]
07:00:42 -!- CellRoach has quit [Signed off]
07:52:48 -!- Rawr|Fone has quit [Ping timeout]
09:04:08 -!- DuB` has quit [Signed off]
09:10:29 -!- reification has quit [Ping timeout]
09:16:48 -!- Rawr|Fone has quit [Ping timeout]
09:39:33 -!- Rawr|Fone has quit [Ping timeout]
10:19:25 -!- Rawr|Fone has quit [Ping timeout]
10:39:43 -!- Rawr|Fone has quit [Ping timeout]
10:54:41 -!- Rawr|Fone has quit [Ping timeout]
11:17:48 -!- reification has quit [Read error: Connection reset by peer]
11:19:01 -!- Rawr|Fone has quit [Ping timeout]
11:32:49 -!- Dot` has quit [Ping timeout]
11:53:47 -!- skram has quit [Ping timeout]
13:09:15 -!- Rawr|Fone has quit [Ping timeout]
13:31:59 -!- Rawr|Fone has quit [Ping timeout]
14:49:55 -!- Rawr|Fone has quit [Ping timeout]
15:32:29 -!- Cane has quit [Signed off]
17:48:36 -!- Rawr|Fone has quit [Ping timeout]
20:50:55 -!- skrm has quit [Ping timeout]
21:28:44 -!- Rawr|Phone has quit [Ping timeout]
21:43:29 -!- reification has quit [Ping timeout]
22:05:05 -!- carcinisation has quit [Signed off]
22:11:12 -!- Dot|Phone has quit [Signed off]
22:21:56 -!- Runbunny has quit [Signed off]
22:43:58 -!- Rawr|Fone has quit [Read error: Connection reset by peer]
23:05:42 -!- Dot` has quit [Ping timeout]
23:24:49 -!- Micen has quit [Ping timeout]
23:41:53 -!- Rawr|Fone has quit [Ping timeout]
