00:58:35 -!- Micen|Droid has quit [Ping timeout]
00:59:07 -!- Cane has quit [Signed off]
00:59:58 -!- reification has quit [Signed off]
01:00:50 -!- Mousen|Droid has quit [Ping timeout]
01:04:00 -!- tredc has quit [Signed off]
01:17:23 -!- Micen|droid2 has quit [Ping timeout]
01:18:04 -!- Micen|Droid has quit [Ping timeout]
01:28:56 -!- Mousen|Droid has quit [Ping timeout]
01:32:12 -!- Micen|Droid has quit [Ping timeout]
01:55:55 -!- skram has quit [Ping timeout]
01:57:47 -!- Rawr|Fone has quit [Signed off]
02:42:02 -!- Camail has quit [Signed off]
04:13:10 -!- DuB` has quit [Signed off]
05:07:25 -!- Micen|droid2 has quit [Ping timeout]
06:40:15 -!- Dot` has quit [Ping timeout]
06:42:28 -!- BioSC has quit [Ping timeout]
10:33:26 -!- Micen|Stream has quit [Ping timeout]
14:47:21 -!- Rawr|Fone has quit [*.net *.split]
14:47:21 -!- Dot|Phone has quit [*.net *.split]
15:41:31 -!- Golly has quit [Signed off]
18:11:53 -!- Rawr|Fone has quit [Signed off]
19:51:51 -!- BioSC has quit [Ping timeout]
20:17:45 -!- BioPhone has quit [Read error: Connection reset by peer]
20:26:26 -!- BioPhone has quit [Read error: Connection reset by peer]
20:32:15 -!- BioPone has quit [Read error: Connection reset by peer]
20:46:40 -!- Dot|Phone has quit [Signed off]
22:22:19 -!- Micen|Droid has quit [Ping timeout]
22:35:45 -!- Runbunny has quit [Signed off]
23:22:32 -!- reification has quit [Signed off]
