00:24:14 -!- reification has quit [Signed off]
01:15:45 -!- BioPone has quit [EOF from client]
01:25:42 -!- BioPone has quit [EOF from client]
01:35:06 -!- tredc has quit [Signed off]
01:45:16 -!- BioPone has quit [EOF from client]
01:47:44 -!- Micen has quit [Read error: Connection reset by peer]
01:52:21 -!- BioPone has quit [EOF from client]
02:00:44 -!- Rawr|Fone has quit [Ping timeout]
02:26:13 -!- BioPone has quit [EOF from client]
02:30:05 -!- Dot|Phone has quit [Signed off]
02:35:44 -!- BioPone has quit [EOF from client]
03:17:18 -!- BioPone has quit [EOF from client]
03:20:44 -!- Crisium has quit [Signed off]
03:39:36 -!- Rawr|Fone has quit [Ping timeout]
03:57:36 -!- skram has quit [Ping timeout]
04:26:19 -!- Camail has quit [Signed off]
04:54:57 -!- Micen has quit [EOF from client]
05:54:42 -!- Rawr|Fone has quit [Ping timeout]
05:55:12 -!- DuB` has quit [Signed off]
06:29:09 -!- Micen has quit [Read error: Connection reset by peer]
07:01:39 -!- BioPone has quit [EOF from client]
07:36:40 -!- Rawr|Fone has quit [Ping timeout]
07:57:17 -!- Rawr|Fone has quit [Ping timeout]
08:19:42 -!- Rawr|Fone has quit [Ping timeout]
08:31:06 -!- Rawr|Fone has quit [Ping timeout]
09:14:50 -!- Rial has quit [Signed off]
10:11:27 -!- Runbunny has quit [Signed off]
10:36:15 -!- Rawr|Phone has quit [Ping timeout]
11:03:38 -!- reification has quit [Ping timeout]
11:44:21 -!- Rawr|Fone has quit [Ping timeout]
11:59:36 -!- Rawr|Fone has quit [Ping timeout]
12:10:08 -!- carcinisation has quit [Ping timeout]
12:51:53 -!- Rawr|Fone has quit [Ping timeout]
13:10:37 -!- Rawr|Fone has quit [Ping timeout]
13:19:19 -!- Golly has quit [Ping timeout]
13:25:37 -!- Rawr|Fone has quit [Ping timeout]
14:10:52 -!- Rawr|Fone has quit [Ping timeout]
14:22:41 -!- Micen has quit [Read error: Connection reset by peer]
15:37:58 -!- Runbunny has quit [Signed off]
16:46:30 -!- Rawr|Fone has quit [Ping timeout]
17:04:31 -!- Rawr|Phone has quit [Read error: Connection reset by peer]
17:10:45 -!- Rawr|Fone has quit [Ping timeout]
17:35:23 -!- Cane has quit [Signed off]
17:58:37 -!- Micen|Droid has quit [Read error: Connection reset by peer]
