00:22:50 -!- Rawr|Fone has quit [Ping timeout]
00:45:01 -!- carcinisation has quit [Ping timeout]
01:01:00 -!- skram has quit [Ping timeout]
01:01:39 -!- tredc has quit [Signed off]
01:07:39 -!- Golly has quit [Ping timeout]
01:12:09 -!- skrma has quit [Ping timeout]
01:48:19 -!- Runbunny has quit [Signed off]
02:14:43 -!- Rawr|Fone has quit [Ping timeout]
03:01:43 -!- Camail has quit [Signed off]
03:39:21 -!- Crisium has quit [Signed off]
04:22:04 -!- Dot` has quit [Ping timeout]
05:11:26 -!- Rawr|Fone has quit [Ping timeout]
05:19:07 -!- DuB` has quit [Signed off]
07:20:28 -!- Rawr|Fone has quit [Ping timeout]
09:00:08 -!- Rawr|Fone has quit [Ping timeout]
09:42:44 -!- Cane has quit [Signed off]
10:43:51 -!- Rawr|Fone has quit [Ping timeout]
12:21:02 -!- Rawr|Fone has quit [Ping timeout]
13:05:04 -!- skram has quit [Ping timeout]
13:24:58 -!- BioPone has quit [Read error: Connection reset by peer]
13:46:34 -!- reification has quit [Ping timeout]
13:56:46 -!- Rawr|Fone has quit [Ping timeout]
14:13:32 -!- Rial has quit [Signed off]
15:07:48 -!- BioPhone has quit [EOF from client]
15:28:33 -!- Micen_ has quit [Read error: Connection reset by peer]
15:34:59 -!- BioPhone has quit [EOF from client]
16:00:04 -!- BioPhone has quit [EOF from client]
16:03:49 -!- BioPhone has quit [EOF from client]
16:24:09 -!- BioPhone has quit [EOF from client]
18:08:03 -!- BioPhone has quit [EOF from client]
18:15:14 -!- Dot` has quit [Ping timeout]
18:43:04 -!- Micen_ has quit [Read error: Connection reset by peer]
21:00:19 -!- Rawr|Fone has quit [Ping timeout]
21:15:13 -!- Rawr|Phone has quit [Read error: Connection reset by peer]
21:21:27 -!- Rawr|Fone has quit [Ping timeout]
21:37:42 -!- BioPhone has quit [Ping timeout]
21:56:59 -!- skrm has quit [Ping timeout]
21:59:04 -!- carcinisation has quit [Ping timeout]
22:07:54 -!- Rawr|Fone has quit [Ping timeout]
22:30:33 -!- Golly has quit [Ping timeout]
22:41:19 -!- BioPone has quit [Read error: Connection reset by peer]
22:44:54 -!- Rial has quit [Signed off]
23:06:56 -!- Rawr|Fone has quit [Ping timeout]
