00:47:07 -!- BioPhone has quit [Read error: Connection reset by peer]
01:57:01 -!- BioPone has quit [Ping timeout]
02:21:00 -!- skram has quit [Ping timeout]
04:01:21 -!- Rawr|Fone has quit [Signed off]
04:21:45 -!- Golly has quit [Ping timeout]
04:58:41 -!- DuB` has quit [Signed off]
05:06:32 -!- BioPone has quit [EOF from client]
05:32:36 -!- Micen has quit [Read error: Connection reset by peer]
05:43:04 -!- BioPone has quit [EOF from client]
06:03:13 -!- Dot` has quit [Ping timeout]
06:15:54 -!- BioPone has quit [EOF from client]
06:19:15 -!- BioPone has quit [EOF from client]
06:51:58 -!- BioPone has quit [EOF from client]
08:04:20 -!- BioPone has quit [EOF from client]
10:12:05 -!- BioPone has quit [EOF from client]
10:30:48 -!- BioPone has quit [EOF from client]
12:15:06 -!- BioPone has quit [EOF from client]
13:49:40 -!- Cane has quit [Signed off]
13:52:55 -!- BioPone has quit [EOF from client]
16:05:31 -!- BioPone has quit [EOF from client]
16:15:39 -!- BioPone has quit [EOF from client]
16:37:03 -!- BioPone has quit [EOF from client]
18:46:55 -!- BioPone has quit [EOF from client]
18:50:36 -!- BioPone has quit [EOF from client]
18:53:33 -!- BioPone has quit [EOF from client]
18:55:53 -!- BioPone has quit [Signed off]
20:03:46 -!- skram has quit [Ping timeout]
20:18:46 -!- Golly has quit [Signed off]
22:05:27 -!- Runbunny has quit [Signed off]
22:26:36 -!- skram has quit [Ping timeout]
22:35:56 -!- reification has quit [Signed off]
