00:03:35 -!- Rawr|Fone has quit [Read error: Connection reset by peer]
00:06:38 -!- BioPone has quit [EOF from client]
00:11:19 -!- Kittybunny has quit [Signed off]
00:12:30 -!- BioSC has quit [Signed off]
00:32:08 -!- BioPone has quit [EOF from client]
00:49:19 -!- BioPone has quit [Read error: Connection reset by peer]
01:39:21 -!- Dot|Phone has quit [*.net *.split]
01:39:21 -!- Camail has quit [*.net *.split]
01:46:28 -!- Dot|Phone has quit [*.net *.split]
01:46:28 -!- Camail has quit [*.net *.split]
01:53:47 -!- Dot` has quit [Ping timeout]
02:02:18 -!- Golly has quit [Signed off]
02:08:07 -!- Dot|Phone has quit [Signed off]
02:35:39 -!- Camail has quit [Signed off]
02:57:37 -!- reify has quit [Signed off]
03:02:06 -!- reification has quit [Signed off]
04:40:19 -!- Rawr|Fone has quit [Signed off]
05:42:33 -!- DuB` has quit [Signed off]
09:02:12 -!- skram has quit [Ping timeout]
10:13:06 -!- Cane has quit [Signed off]
11:15:20 -!- reification has quit [Signed off]
13:10:19 -!- Rawr|Fone has quit [Signed off]
13:12:18 -!- Golly has quit [Signed off]
14:14:27 -!- Runbunny has quit [Signed off]
20:51:25 -!- BioSC has quit [Signed off]
23:38:46 -!- Golly has quit [Signed off]
23:42:04 -!- reification has quit [Signed off]
23:44:57 -!- Dot` has quit [Ping timeout]
