00:39:26 -!- Rawr|Fone has quit [Ping timeout]
01:18:44 -!- Camail has quit [Signed off]
01:24:35 -!- skram has quit [Ping timeout]
01:46:49 -!- Dot|Phone has quit [Signed off]
03:23:49 -!- Rawr|Fone has quit [Ping timeout]
04:56:26 -!- DuB` has quit [Signed off]
05:15:55 -!- Rawr|Fone has quit [Ping timeout]
05:40:48 -!- Rawr|Fone has quit [Ping timeout]
06:18:23 -!- Rawr|Fone has quit [Ping timeout]
07:51:59 -!- Rawr|Fone has quit [Ping timeout]
08:10:38 -!- Rawr|Fone has quit [Ping timeout]
08:28:51 -!- Rawr|Fone has quit [Ping timeout]
09:02:22 -!- Rawr|Fone has quit [Ping timeout]
09:21:02 -!- Rawr|Fone has quit [Ping timeout]
09:27:04 -!- Dot` has quit [Ping timeout]
09:49:25 -!- Rawr|Fone has quit [Ping timeout]
12:57:15 -!- Dot|Phone has quit [Signed off]
14:01:11 -!- Rawr|Phone has quit [Read error: Connection reset by peer]
14:07:25 -!- Rawr|Fone has quit [Ping timeout]
14:44:01 -!- Rawr|Fone has quit [Ping timeout]
14:51:31 -!- skram has quit [Ping timeout]
15:30:23 -!- skram has quit [Ping timeout]
16:56:07 -!- Rawr|Fone has quit [Ping timeout]
18:36:02 -!- Rawr|Fone has quit [Ping timeout]
22:09:00 -!- Rawr|Fone has quit [Ping timeout]
22:11:02 -!- Dot|Phone has quit [Signed off]
22:22:19 -!- Golly has quit [Ping timeout]
23:25:50 -!- reification has quit [Signed off]
23:42:08 -!- Golly has quit [Read error: Connection reset by peer]
23:48:49 -!- Dot` has quit [Ping timeout]
