00:00:37 -!- Rawr|Fone has quit [Ping timeout]
00:03:13 -!- reification has quit [Signed off]
00:25:27 -!- tredc has quit [Signed off]
00:32:04 -!- skram has quit [Signed off]
01:03:35 -!- Dot`_ has quit [Ping timeout]
01:27:19 -!- Cane has quit [Signed off]
01:41:58 -!- Dot` has quit [Ping timeout]
02:06:15 -!- Rawr|Fone has quit [Ping timeout]
02:46:08 -!- Crisium has quit [Ping timeout]
02:46:41 -!- Westy543 has quit [Ping timeout]
03:56:49 -!- DuB` has quit [Signed off]
03:58:24 -!- Rawr|Fone has quit [Ping timeout]
04:52:23 -!- skrm has quit [Ping timeout]
07:02:48 -!- Rawr|Fone has quit [Ping timeout]
07:49:43 -!- Rawr|Fone has quit [Ping timeout]
07:54:48 -!- Rial has quit [Signed off]
08:03:34 -!- Rawr|Fone has quit [Ping timeout]
08:31:07 -!- Rawr|Fone has quit [Ping timeout]
09:05:34 -!- Camail has quit [Read error: Connection reset by peer]
09:07:18 -!- Micen has quit [Read error: Connection reset by peer]
10:33:06 -!- Rawr|Phone has quit [Ping timeout]
11:20:55 -!- Rawr|Fone has quit [Ping timeout]
14:56:28 -!- reification has quit [Ping timeout]
16:01:18 -!- skram has quit [Ping timeout]
16:01:28 -!- Rawr|Phone has quit [Read error: Connection reset by peer]
16:06:47 -!- carcinisation has quit [Read error: Connection reset by peer]
17:12:47 -!- Zounds has quit [Ping timeout]
18:20:25 -!- Crisium has quit [Ping timeout]
18:26:47 -!- Rawr|Fone has quit [Ping timeout]
19:04:33 -!- Rawr|Fone has quit [Ping timeout]
21:00:06 -!- Rawr|Fone has quit [Ping timeout]
22:20:07 -!- Rawr|Fone has quit [Ping timeout]
22:37:40 -!- Golly has quit [Ping timeout]
23:19:42 -!- Rawr|Fone has quit [Ping timeout]
23:32:31 -!- Golly has quit [Ping timeout]
