00:12:23 -!- Micen has quit [Read error: Connection reset by peer]
00:27:13 -!- Runbunny has quit [Signed off]
00:30:16 -!- Dot|Phone has quit [Signed off]
00:32:07 -!- reification has quit [Signed off]
01:16:56 -!- tredc has quit [Signed off]
01:32:29 -!- Rawr|Fone has quit [Ping timeout]
02:01:53 -!- Camail has quit [Signed off]
02:48:41 -!- Cane has quit [Signed off]
03:12:50 -!- Crisium has quit [Signed off]
03:25:03 -!- Rawr|Fone has quit [Ping timeout]
04:14:29 -!- Micen has quit [Ping timeout]
04:48:07 -!- DuB` has quit [Signed off]
05:00:17 -!- Rawr|Fone has quit [Ping timeout]
05:20:58 -!- Micen has quit [Read error: Connection reset by peer]
05:30:56 -!- Rawr|Fone has quit [Ping timeout]
05:38:23 -!- Bio has quit [Ping timeout]
06:26:55 -!- Micen has quit [Ping timeout]
07:33:19 -!- Micen has quit [EOF from client]
08:02:06 -!- Rawr|Phone has quit [Ping timeout]
08:04:00 -!- Rawr|Fone has quit [Ping timeout]
08:37:42 -!- Micen has quit [EOF from client]
09:26:23 -!- Rawr|Fone has quit [Ping timeout]
09:42:03 -!- Micen has quit [Read error: Connection reset by peer]
11:41:28 -!- Rawr|Phone has quit [Ping timeout]
12:49:07 -!- Micen has quit [EOF from client]
12:49:57 -!- Rawr|Fone has quit [Ping timeout]
13:20:48 -!- Rawr|Phone has quit [Read error: Connection reset by peer]
13:32:47 -!- BioPone has quit [Read error: Connection reset by peer]
13:54:10 -!- Micen has quit [Read error: Connection reset by peer]
14:43:06 -!- Rawr|Fone has quit [Ping timeout]
14:48:24 -!- skrm has quit [Ping timeout]
15:04:16 -!- BioPhone has quit [EOF from client]
16:00:22 -!- Micen has quit [EOF from client]
16:53:56 -!- BioPhone has quit [Ping timeout]
16:56:09 -!- reification has quit [Ping timeout]
16:58:50 -!- BioPone has quit [EOF from client]
17:04:35 -!- Micen has quit [Read error: Connection reset by peer]
17:42:04 -!- BioPone has quit [EOF from client]
17:53:29 -!- skrm has quit [Ping timeout]
18:04:09 -!- carcinisation has quit [Ping timeout]
18:09:36 -!- Micen has quit [Read error: Connection reset by peer]
18:17:47 -!- BioPone has quit [EOF from client]
19:15:48 -!- Micen has quit [EOF from client]
19:39:22 -!- Cane has quit [Signed off]
19:48:54 -!- Rawr|Fone has quit [Ping timeout]
19:51:36 -!- BioPone has quit [EOF from client]
20:22:13 -!- Micen has quit [Ping timeout]
20:34:33 -!- Rawr|Fone has quit [Ping timeout]
20:54:47 -!- BioPone has quit [Ping timeout]
21:06:28 -!- skram has quit [Ping timeout]
21:08:10 -!- Rawr|Fone has quit [Ping timeout]
21:50:02 -!- BioPone has quit [Ping timeout]
22:10:15 -!- Rawr|Fone has quit [Read error: Connection reset by peer]
22:15:15 -!- Micen has quit [Read error: Connection reset by peer]
22:32:01 -!- BioPone has quit [Ping timeout]
22:51:50 -!- BioPone has quit [Ping timeout]
