00:07:59 -!- Runbunny has quit [Signed off]
00:35:12 -!- tredc has quit [Signed off]
00:51:38 -!- Micen has quit [Read error: Connection reset by peer]
01:55:04 -!- Camail has quit [Signed off]
02:11:38 -!- Rawr|Fone has quit [Signed off]
05:32:09 -!- skram has quit [Ping timeout]
06:37:23 -!- Cane has quit [Signed off]
07:04:48 -!- DuB` has quit [Signed off]
08:07:13 -!- Dot` has quit [Ping timeout]
11:35:09 -!- Runbunny has quit [Signed off]
16:11:11 -!- BioPhone has quit [EOF from client]
16:42:45 -!- BioPhone has quit [EOF from client]
17:11:34 -!- BioPhone has quit [EOF from client]
17:25:22 -!- BioPhone has quit [EOF from client]
17:56:51 -!- BioPhone has quit [EOF from client]
18:12:07 -!- BioPhone has quit [EOF from client]
18:25:38 -!- BioPhone has quit [EOF from client]
18:43:20 -!- BioPhone has quit [EOF from client]
18:52:48 -!- BioPhone has quit [EOF from client]
19:01:33 -!- BioPhone has quit [EOF from client]
19:19:57 -!- BioPhone has quit [EOF from client]
19:29:43 -!- BioPhone has quit [EOF from client]
22:28:56 -!- reification has quit [Signed off]
22:48:32 -!- Runbunny has quit [Signed off]
