00:05:11 -!- Cane has quit [Signed off]
00:30:24 -!- Runbunny has quit [Signed off]
00:51:48 -!- Dot` has quit [Ping timeout]
00:57:48 -!- reification has quit [Signed off]
00:58:18 -!- tredc has quit [Signed off]
01:03:41 -!- Golly has quit [Signed off]
02:45:37 -!- Rawr|Fone has quit [Signed off]
04:06:38 -!- BioSC has quit [Ping timeout]
04:34:28 -!- Camail has quit [Signed off]
06:08:10 -!- DuB` has quit [Signed off]
14:14:56 -!- Dot|Phone has quit [Signed off]
15:27:39 -!- Micen has quit [Ping timeout]
17:25:35 -!- GGMethos has quit [Ping timeout]
19:58:48 -!- Dot` has quit [Ping timeout]
21:27:30 -!- BioSC has quit [Read error: Connection reset by peer]
22:21:16 -!- Dot|Phone has quit [Signed off]
22:31:39 -!- BioPhone has quit [Read error: Connection reset by peer]
23:08:59 -!- Golly has quit [EOF from client]
23:33:41 -!- BioPone has quit [Ping timeout]
23:53:03 -!- BioPone has quit [Ping timeout]
