00:05:55 -!- tredc has quit [Signed off]
00:10:32 -!- Micen has quit [Ping timeout]
00:56:36 -!- Rawr|Fone has quit [Signed off]
01:47:33 -!- Camail has quit [Signed off]
04:31:48 -!- Dot` has quit [Ping timeout]
05:21:54 -!- skrm has quit [Ping timeout]
06:32:45 -!- DuB` has quit [Signed off]
08:02:43 -!- skram has quit [Ping timeout]
09:51:31 -!- Rawr|Fone has quit [Signed off]
10:03:37 -!- Cane has quit [Read error: Connection reset by peer]
13:12:09 -!- Dot` has quit [Ping timeout]
13:18:31 -!- Cane has quit [*.net *.split]
13:18:31 -!- Q has quit [*.net *.split]
13:18:31 -!- CockRoach|42 has quit [*.net *.split]
13:18:31 -!- Runbunny has quit [*.net *.split]
13:18:31 -!- GGMethos has quit [*.net *.split]
13:18:31 -!- BioSC has quit [*.net *.split]
13:51:31 -!- Rawr|Fone has quit [Signed off]
15:06:19 -!- BioPone has quit [Read error: Connection reset by peer]
15:40:35 -!- BioPone has quit [Read error: Connection reset by peer]
15:52:00 -!- BioPone has quit [Ping timeout]
16:15:54 -!- skram has quit [Ping timeout]
17:26:12 -!- BioPone has quit [EOF from client]
17:41:20 -!- BioPone has quit [EOF from client]
18:41:12 -!- BioPone has quit [EOF from client]
19:06:37 -!- Crisium has quit [Signed off]
19:30:33 -!- BioPone has quit [EOF from client]
19:41:14 -!- BioPone has quit [EOF from client]
20:21:12 -!- Cane has quit [Signed off]
20:57:31 -!- Golly has quit [Ping timeout]
21:22:18 -!- BioPone has quit [EOF from client]
21:35:20 -!- BioPone has quit [EOF from client]
21:41:46 -!- BioPone has quit [EOF from client]
21:45:05 -!- Dot|Phone has quit [Signed off]
21:50:39 -!- Runbunny has quit [Signed off]
21:59:09 -!- BioPone has quit [EOF from client]
22:09:18 -!- BioPone has quit [EOF from client]
22:57:12 -!- BioPone has quit [EOF from client]
23:21:45 -!- Dot` has quit [Ping timeout]
23:21:56 -!- reification has quit [Signed off]
23:48:06 -!- tredc has quit [Signed off]
