00:04:14 -!- BioPhone has quit [EOF from client]
00:20:45 -!- BioPhone has quit [Read error: Connection reset by peer]
00:20:46 -!- BioPone has quit [Read error: Connection reset by peer]
00:41:05 -!- reification has quit [Signed off]
01:58:29 -!- skram has quit [Ping timeout]
02:08:45 -!- tredc has quit [Signed off]
02:18:31 -!- BioPone has quit [EOF from client]
02:57:28 -!- Dot` has quit [Ping timeout]
03:10:49 -!- Rawr|Fone has quit [Signed off]
03:42:15 -!- Camail has quit [Signed off]
07:53:50 -!- Cane has quit [Signed off]
10:15:42 -!- Dot` has quit [Ping timeout]
12:51:46 -!- skram has quit [Ping timeout]
12:58:38 -!- Golly has quit [Signed off]
13:56:09 -!- Micen_ has quit [Ping timeout]
21:51:35 -!- skrm has quit [Ping timeout]
22:02:13 -!- Dot|Phone has quit [Signed off]
22:56:22 -!- BioPone has quit [Read error: Connection reset by peer]
23:14:53 -!- Golly has quit [Signed off]
23:59:46 -!- BioPhone has quit [EOF from client]
