00:06:25 -!- Runbunny has quit [Signed off]
00:35:25 -!- Rawr|Fone has quit [Ping timeout]
00:42:31 -!- reification has quit [Signed off]
00:53:14 -!- tredc has quit [Signed off]
01:58:23 -!- Rawr|Fone has quit [Ping timeout]
03:22:08 -!- Crisium has quit [Signed off]
04:09:00 -!- Rawr|Fone has quit [Ping timeout]
04:18:55 -!- Camail has quit [Signed off]
04:45:59 -!- skrm has quit [Ping timeout]
04:52:29 -!- Dot` has quit [Ping timeout]
04:56:43 -!- DuB` has quit [Signed off]
05:13:32 -!- Rawr|Fone has quit [Ping timeout]
05:48:18 -!- Micen has quit [Ping timeout]
06:19:59 -!- Rawr|Fone has quit [Ping timeout]
06:41:46 -!- Rawr|Fone has quit [Ping timeout]
06:55:49 -!- skram has quit [Ping timeout]
07:02:29 -!- Micen has quit [Ping timeout]
07:47:48 -!- Rawr|Fone has quit [Ping timeout]
08:10:53 -!- Micen has quit [Ping timeout]
08:18:45 -!- Rawr|Fone has quit [Ping timeout]
09:04:44 -!- Rawr|Fone has quit [Ping timeout]
09:48:23 -!- reification has quit [Ping timeout]
10:02:36 -!- Dot|Phone has quit [Signed off]
10:31:23 -!- carcinisation has quit [Ping timeout]
12:07:36 -!- Rawr|Fone has quit [Ping timeout]
12:22:58 -!- tredc has quit [Read error: Connection reset by peer]
13:07:28 -!- Rawr|Fone has quit [Ping timeout]
13:24:52 -!- Micen has quit [EOF from client]
13:34:53 -!- Rawr|Fone has quit [Ping timeout]
13:37:14 -!- tredc has quit [Signed off]
13:42:26 -!- skram has quit [Ping timeout]
14:25:26 -!- Rial has quit [Signed off]
14:29:47 -!- Micen has quit [EOF from client]
14:44:04 -!- Rawr|Fone has quit [Ping timeout]
14:45:23 -!- reimeuk has quit [Ping timeout]
15:02:18 -!- Rawr|Fone has quit [Ping timeout]
15:13:27 -!- Rawr|Fone has quit [Ping timeout]
16:24:58 -!- Rawr|Fone has quit [Ping timeout]
16:37:06 -!- Micen has quit [Read error: Connection reset by peer]
17:02:21 -!- Rawr|Fone has quit [Ping timeout]
17:16:10 -!- Rawr|Fone has quit [Ping timeout]
17:35:44 -!- Rawr|Fone has quit [Ping timeout]
18:31:32 -!- Rawr|Fone has quit [Ping timeout]
18:49:39 -!- Rawr|Phone has quit [Ping timeout]
20:04:53 -!- Rawr|Fone has quit [Ping timeout]
20:27:53 -!- skram has quit [Ping timeout]
20:36:15 -!- Rawr|Fone has quit [Ping timeout]
21:19:03 -!- Rawr|Fone has quit [Ping timeout]
22:21:14 -!- skrm has quit [Ping timeout]
22:40:25 -!- Rial has quit [Signed off]
22:54:49 -!- reification has quit [Signed off]
23:06:23 -!- Rawr|Fone has quit [Ping timeout]
23:50:07 -!- Cane has quit [Signed off]
23:50:52 -!- Golly has quit [Ping timeout]
