00:05:27 -!- BioPone has quit [EOF from client]
00:20:29 -!- Crisium has quit [Ping timeout]
00:42:51 -!- Runbunny has quit [Signed off]
00:43:33 -!- reify has quit [Signed off]
00:51:13 -!- Rawr|Fone has quit [Ping timeout]
01:16:43 -!- Rawr|Fone has quit [Ping timeout]
01:36:29 -!- BioPone has quit [EOF from client]
01:46:00 -!- BioPone has quit [EOF from client]
02:02:56 -!- BioPone has quit [EOF from client]
02:37:28 -!- Runbunny has quit [Signed off]
02:52:07 -!- skram has quit [Ping timeout]
03:08:50 -!- Crisium|2 has quit [Ping timeout]
03:49:14 -!- Rawr|Fone has quit [Ping timeout]
04:01:23 -!- Dot` has quit [Ping timeout]
04:28:22 -!- Crisium|2 has quit [Signed off]
05:08:16 -!- Rawr|Fone has quit [Ping timeout]
05:27:31 -!- DuB` has quit [Signed off]
05:36:55 -!- Rawr|Fone has quit [Ping timeout]
07:50:50 -!- Rawr|Phone has quit [Read error: Connection reset by peer]
08:46:23 -!- Rawr|Fone has quit [Ping timeout]
10:55:43 -!- Rial has quit [Signed off]
12:24:49 -!- Rawr|Fone has quit [Ping timeout]
12:52:38 -!- Bio has quit [Read error: Connection reset by peer]
13:07:13 -!- BioPone has quit [Ping timeout]
14:40:35 -!- Rial has quit [Signed off]
15:00:31 -!- Rawr|Phone has quit [Ping timeout]
15:25:45 -!- Rawr|Fone has quit [Ping timeout]
17:00:59 -!- Dot|Phone has quit [Signed off]
17:17:07 -!- Rawr|Fone has quit [Ping timeout]
17:57:57 -!- BioPone has quit [EOF from client]
19:28:16 -!- BioPone has quit [EOF from client]
20:35:03 -!- BioPone has quit [Ping timeout]
21:01:11 -!- Rawr|Fone has quit [Ping timeout]
22:01:00 -!- Rawr|Fone has quit [Ping timeout]
23:03:35 -!- Dot` has quit [Ping timeout]
23:06:33 -!- Rawr|Phone has quit [Ping timeout]
23:41:36 -!- Golly has quit [Ping timeout]
