00:03:41 -!- Golly has quit [Signed off]
00:28:10 -!- BioPone has quit [Read error: Connection reset by peer]
00:34:19 -!- tredc has quit [Signed off]
00:52:26 -!- reification has quit [Signed off]
01:12:36 -!- Runbunny has quit [Signed off]
02:03:43 -!- BioSC has quit [Ping timeout]
03:12:59 -!- Camail_ has quit [Signed off]
04:50:45 -!- Rawr|Fone has quit [Signed off]
06:00:55 -!- DuB` has quit [Signed off]
06:03:01 -!- Dot` has quit [Ping timeout]
06:03:08 -!- Raelcun_ has quit [Ping timeout]
07:31:49 -!- skram has quit [Ping timeout]
11:47:28 -!- Golly has quit [Signed off]
12:30:45 -!- Rawr|Fone has quit [Signed off]
13:27:32 -!- Runbunny has quit [Signed off]
13:36:11 -!- BioPone has quit [Read error: Connection reset by peer]
14:59:14 -!- BioPhone has quit [Ping timeout]
15:50:05 -!- Cane has quit [Signed off]
16:09:47 -!- BioPone has quit [EOF from client]
16:32:59 -!- BioPone has quit [EOF from client]
18:03:04 -!- BioPhone has quit [Read error: Connection reset by peer]
18:10:33 -!- Dot|Phone has quit [Signed off]
18:14:09 -!- BioPone has quit [Signed off]
18:20:39 -!- Micen__ has quit [Ping timeout]
18:41:08 -!- BioPhone has quit [EOF from client]
19:09:19 -!- BioPhone has quit [EOF from client]
20:59:42 -!- BioPhone has quit [EOF from client]
21:07:03 -!- Golly has quit [Signed off]
21:10:07 -!- BioPhone has quit [EOF from client]
21:28:43 -!- BioPhone has quit [EOF from client]
22:17:57 -!- BioPhone has quit [Ping timeout]
22:29:06 -!- BioPone has quit [Read error: Connection reset by peer]
23:53:36 -!- reification has quit [Signed off]
