00:35:10 -!- Rawr|Fone has quit [Ping timeout]
00:35:22 -!- tredc has quit [Signed off]
01:48:11 -!- Micen__ has quit [Ping timeout]
01:48:28 -!- Rawr|Fone has quit [Ping timeout]
02:08:38 -!- Bio has quit [Ping timeout]
02:08:47 -!- Crisium has quit [Ping timeout]
02:09:03 -!- Runbunny has quit [Read error: Connection reset by peer]
02:11:16 -!- skram has quit [Ping timeout]
02:35:16 -!- Rawr|Fone has quit [Ping timeout]
02:37:43 -!- skram has quit [Ping timeout]
03:41:15 -!- Crisium has quit [Signed off]
03:52:07 -!- Golly has quit [Read error: Connection reset by peer]
04:03:38 -!- Rawr|Fone has quit [Ping timeout]
04:46:47 -!- Micen_ has quit [Read error: Connection reset by peer]
05:14:05 -!- Rawr|Fone has quit [Ping timeout]
05:19:29 -!- DuB` has quit [Signed off]
05:27:11 -!- Camail has quit [Signed off]
05:51:07 -!- Micen_ has quit [EOF from client]
06:11:59 -!- Dot` has quit [Ping timeout]
06:22:45 -!- Rawr|Fone has quit [Ping timeout]
06:57:24 -!- Micen__ has quit [EOF from client]
06:59:02 -!- Micen_ has quit [Ping timeout]
07:08:47 -!- Rawr|Fone has quit [Ping timeout]
07:45:17 -!- Rawr|Fone has quit [Ping timeout]
08:21:52 -!- Rawr|Fone has quit [Ping timeout]
09:02:36 -!- Rawr|Fone has quit [Ping timeout]
09:19:44 -!- Rawr|Fone has quit [Ping timeout]
09:27:11 -!- Rawr|Fone has quit [Ping timeout]
09:31:48 -!- Rial has quit [Ping timeout]
10:51:32 -!- Rawr|Fone has quit [Ping timeout]
12:37:42 -!- Rawr|Fone has quit [Ping timeout]
14:15:02 -!- Rial_fur has quit [Signed off]
14:24:16 -!- skram has quit [Ping timeout]
14:32:43 -!- Rawr|Fone has quit [Ping timeout]
14:58:24 -!- Micen__ has quit [Read error: Connection reset by peer]
16:31:16 -!- Rawr|Fone has quit [Ping timeout]
18:39:05 -!- Cane has quit [Signed off]
18:43:21 -!- Bio has quit [Read error: Connection reset by peer]
19:52:29 -!- skrma has quit [Ping timeout]
21:24:39 -!- Rawr|Phone has quit [Ping timeout]
21:48:48 -!- Zounds has quit [Ping timeout]
22:41:17 -!- Rial has quit [Signed off]
23:06:27 -!- reification has quit [Signed off]
