00:01:09 -!- Zounds has quit [Ping timeout]
00:19:12 -!- Runbunny has quit [Signed off]
00:23:01 -!- carcinisation has quit [Signed off]
00:46:00 -!- tredc has quit [Read error: EOF from client]
02:03:31 -!- Rawr|Fone has quit [Ping timeout]
02:23:49 -!- Cane has quit [Signed off]
02:37:49 -!- Westy543 has quit [Ping timeout]
03:50:42 -!- Rawr|Fone has quit [Ping timeout]
03:59:18 -!- Crisium has quit [Signed off]
04:54:08 -!- skrm has quit [Ping timeout]
06:31:24 -!- DuB` has quit [Signed off]
07:04:22 -!- skram has quit [Ping timeout]
07:34:10 -!- Camail has quit [Read error: Connection reset by peer]
07:45:18 -!- Rawr|Fone has quit [Ping timeout]
08:40:44 -!- reification has quit [Ping timeout]
09:42:14 -!- carcinisation has quit [Ping timeout]
10:21:14 -!- reimeuk has quit [Ping timeout]
10:44:58 -!- Rawr|Fone has quit [Ping timeout]
10:53:05 -!- Rawr|Fone has quit [Ping timeout]
11:20:35 -!- Rawr|Phone has quit [Ping timeout]
11:23:08 -!- Rawr|Fone has quit [Ping timeout]
11:41:01 -!- Micen has quit [Ping timeout]
12:24:35 -!- Rawr|Fone has quit [Ping timeout]
12:46:14 -!- carcinisation has quit [Ping timeout]
12:50:24 -!- Micen has quit [Ping timeout]
13:57:33 -!- Zounds has quit [Ping timeout]
13:59:07 -!- Micen has quit [Ping timeout]
14:44:11 -!- Rawr|Fone has quit [Ping timeout]
15:06:00 -!- Micen has quit [Ping timeout]
15:44:14 -!- reification has quit [Ping timeout]
15:49:54 -!- skram has quit [Ping timeout]
16:47:44 -!- carcinisation has quit [Ping timeout]
17:28:44 -!- reimeuk has quit [Ping timeout]
18:14:14 -!- carcinisation has quit [Ping timeout]
18:32:03 -!- Rawr|Fone has quit [Ping timeout]
18:42:01 -!- Zounds has quit [Ping timeout]
19:01:43 -!- BioBrb has quit [Signed off]
19:02:29 -!- Rawr|Fone has quit [Ping timeout]
19:36:54 -!- Rawr|Fone has quit [Ping timeout]
19:50:14 -!- reimeuk has quit [Ping timeout]
20:28:49 -!- Rawr|Fone has quit [Ping timeout]
21:18:19 -!- Micen has quit [Ping timeout]
21:24:04 -!- Golly has quit [Ping timeout]
21:27:03 -!- Rawr|Fone has quit [Ping timeout]
21:57:14 -!- reification has quit [Ping timeout]
23:04:14 -!- carcinisation has quit [Ping timeout]
23:07:15 -!- reimeuk has quit [Signed off]
23:15:37 -!- Rawr|Fone has quit [Ping timeout]
23:58:06 -!- reification has quit [Signed off]
