00:12:01 -!- DuB` has quit [Quit]
00:16:10 -!- reification has quit [Signed off]
00:19:06 -!- skrm has quit [Ping timeout]
00:19:26 -!- Dot` has quit [Ping timeout]
00:47:44 -!- Runbunny has quit [Signed off]
01:10:38 -!- tredc has quit [Signed off]
04:01:07 -!- Micen has quit [Ping timeout]
04:07:28 -!- BioSC has quit [Ping timeout]
05:17:33 -!- Rawr|Fone has quit [Signed off]
05:49:13 -!- skrm has quit [Ping timeout]
08:10:28 -!- Cane has quit [Signed off]
08:24:27 -!- skram has quit [Ping timeout]
10:40:25 -!- Camail has quit [Read error: Connection reset by peer]
11:37:33 -!- Rawr|Fone has quit [Signed off]
13:52:55 -!- Dot` has quit [Ping timeout]
13:57:47 -!- BioSC has quit [*.net *.split]
14:26:38 -!- BioSC has quit [Ping timeout]
16:31:14 -!- BioPhone has quit [EOF from client]
17:05:52 -!- BioPhone has quit [EOF from client]
18:03:29 -!- BioPhone has quit [EOF from client]
18:49:43 -!- BioPhone has quit [EOF from client]
