00:02:54 -!- Runbunny has quit [Signed off]
00:10:09 -!- tredc has quit [Signed off]
01:28:33 -!- Rawr|Fone has quit [Signed off]
01:50:32 -!- skram has quit [Ping timeout]
02:36:05 -!- Dot|Phone has quit [Signed off]
04:47:48 -!- Crisium has quit [Signed off]
05:29:53 -!- Micen_ has quit [EOF from client]
06:10:42 -!- Micen|Droid has quit [Read error: Connection reset by peer]
06:12:30 -!- DuB` has quit [Signed off]
07:13:51 -!- Mousen|Droid has quit [Read error: Connection reset by peer]
07:51:36 -!- Micen|Droid has quit [Read error: Connection reset by peer]
08:28:45 -!- Micen|Droid has quit [Read error: Connection reset by peer]
10:04:56 -!- Mousen|Droid has quit [Read error: Connection reset by peer]
11:42:12 -!- Micen|Droid has quit [Read error: Connection reset by peer]
12:25:13 -!- Micen|Droid has quit [Read error: Connection reset by peer]
13:44:10 -!- Mousen|Droid has quit [Read error: Connection reset by peer]
13:50:58 -!- Micen|Droid has quit [Read error: Connection reset by peer]
14:35:08 -!- Mousen|Droid has quit [Read error: Connection reset by peer]
14:41:06 -!- Micen|Droid has quit [Read error: Connection reset by peer]
14:55:13 -!- Mousen|Droid has quit [Read error: Connection reset by peer]
14:56:19 -!- Micen|Droid has quit [Ping timeout]
15:01:13 -!- Micen|droid2 has quit [Ping timeout]
15:38:44 -!- Micen|Droid has quit [Ping timeout]
15:39:51 -!- Mousen|Droid has quit [Ping timeout]
15:51:08 -!- Micen|droid2 has quit [Ping timeout]
15:53:45 -!- Micen|Droid has quit [Ping timeout]
16:41:48 -!- skram has quit [Ping timeout]
18:44:52 -!- Micen|Droid has quit [Read error: Connection reset by peer]
18:49:17 -!- Mousen|Droid has quit [Ping timeout]
19:46:19 -!- Micen|Droid has quit [Read error: Connection reset by peer]
19:57:54 -!- Mousen|Droid has quit [Read error: Connection reset by peer]
20:29:02 -!- Micen|Droid has quit [Read error: Connection reset by peer]
20:56:53 -!- Mousen|Droid has quit [Read error: Connection reset by peer]
21:01:01 -!- Micen|Droid has quit [Read error: Connection reset by peer]
21:13:10 -!- Mousen|Droid has quit [Read error: Connection reset by peer]
21:15:51 -!- Micen|Droid has quit [Read error: Connection reset by peer]
21:21:51 -!- reify has quit [Signed off]
21:22:35 -!- Mousen|Droid has quit [Read error: Connection reset by peer]
21:23:41 -!- Micen|Droid has quit [Read error: Connection reset by peer]
21:29:53 -!- Micen|Droid has quit [Read error: Connection reset by peer]
21:34:40 -!- Dot|Phone has quit [Signed off]
21:59:58 -!- Cane has quit [Signed off]
22:30:43 -!- Golly has quit [Ping timeout]
22:48:42 -!- skram has quit [Ping timeout]
23:06:52 -!- Micen|Droid has quit [Read error: Connection reset by peer]
23:40:03 -!- reification has quit [Signed off]
23:49:17 -!- Camail has quit [Ping timeout]
23:53:23 -!- Golly has quit [Ping timeout]
23:55:29 -!- Runbunny has quit [Signed off]
