00:10:02 -!- Rawr|Fone has quit [Ping timeout]
00:28:54 -!- Rawr|Fone has quit [Ping timeout]
00:50:10 -!- Rawr|Fone has quit [Ping timeout]
01:08:49 -!- tredc has quit [Signed off]
01:47:19 -!- Dot` has quit [Ping timeout]
01:58:08 -!- Rawr|Fone has quit [Ping timeout]
02:25:06 -!- Runbunny has quit [Signed off]
02:39:15 -!- Rawr|Fone has quit [Ping timeout]
03:03:00 -!- Rawr|Fone has quit [Ping timeout]
03:40:50 -!- Crisium has quit [Read error: Operation timed out]
04:03:09 -!- Rawr|Fone has quit [Ping timeout]
04:21:00 -!- Rawr|Fone has quit [Ping timeout]
05:10:46 -!- Camail has quit [Signed off]
05:11:08 -!- DuB` has quit [Signed off]
05:11:55 -!- Rawr|Fone has quit [Ping timeout]
05:27:21 -!- Rawr|Fone has quit [Ping timeout]
05:38:09 -!- Rawr|Fone has quit [Ping timeout]
05:56:27 -!- Rawr|Fone has quit [Ping timeout]
05:59:47 -!- Cane has quit [Read error: Connection reset by peer]
06:05:27 -!- Micen has quit [*.net *.split]
06:20:27 -!- Rawr|Fone has quit [Ping timeout]
06:38:55 -!- Rawr|Fone has quit [Ping timeout]
06:57:37 -!- Rawr|Fone has quit [Ping timeout]
06:58:51 -!- Cane has quit [Signed off]
07:23:59 -!- Rawr|Fone has quit [Ping timeout]
07:33:07 -!- Rawr|Fone has quit [Ping timeout]
08:31:45 -!- Rawr|Fone has quit [Ping timeout]
08:48:46 -!- Rawr|Fone has quit [Ping timeout]
11:07:33 -!- Rawr|Fone has quit [Ping timeout]
13:35:22 -!- BioPone has quit [Read error: Connection reset by peer]
13:50:32 -!- BioPone has quit [EOF from client]
13:51:30 -!- Rawr|Fone has quit [Read error: Connection reset by peer]
14:08:16 -!- BioPone has quit [EOF from client]
14:17:10 -!- Rial has quit [Signed off]
14:20:11 -!- BioPone has quit [EOF from client]
14:29:23 -!- Rawr|Fone has quit [Ping timeout]
14:41:04 -!- reification has quit [Ping timeout]
14:44:51 -!- BioPone has quit [EOF from client]
14:48:02 -!- BioPone has quit [EOF from client]
14:54:49 -!- BioPone has quit [EOF from client]
14:56:01 -!- carcinisation has quit [Ping timeout]
15:04:36 -!- Rawr|Fone has quit [Ping timeout]
15:32:14 -!- Rawr|Fone has quit [Ping timeout]
17:56:36 -!- BioPone has quit [EOF from client]
19:03:53 -!- tredc has quit [Ping timeout]
19:21:39 -!- Dot|Phone has quit [Signed off]
19:46:41 -!- Rawr|Phone has quit [Read error: Connection reset by peer]
21:51:33 -!- BioPhone has quit [Ping timeout]
21:59:06 -!- wololo has quit [Ping timeout]
22:04:23 -!- BioPone has quit [Read error: Connection reset by peer]
22:31:39 -!- Rawr|Fone has quit [Ping timeout]
22:45:01 -!- Rial has quit [Signed off]
22:55:24 -!- Rawr|Fone has quit [Ping timeout]
23:42:33 -!- Rawr|Fone has quit [Ping timeout]
23:46:01 -!- reimeuk has quit [Ping timeout]
