01:03:39 -!- Rawr|Fone has quit [*.net *.split]
01:03:39 -!- Camail has quit [*.net *.split]
01:03:39 -!- skram has quit [*.net *.split]
01:42:07 -!- Rawr|Fone has quit [*.net *.split]
01:42:07 -!- Camail has quit [*.net *.split]
01:42:07 -!- skram has quit [*.net *.split]
01:42:10 -!- tredc has quit [Signed off]
03:11:17 -!- reification has quit [Signed off]
03:52:56 -!- Crisium has quit [Signed off]
04:36:47 -!- Dot` has quit [Ping timeout]
05:02:46 -!- skram has quit [Ping timeout]
05:04:12 -!- Camail has quit [Signed off]
06:01:56 -!- Rawr|Fone has quit [Signed off]
06:02:50 -!- DuB` has quit [Signed off]
08:43:51 -!- Golly has quit [Signed off]
11:11:56 -!- Rawr|Fone has quit [Signed off]
14:59:11 -!- BioPhone has quit [EOF from client]
15:50:26 -!- BioPhone has quit [EOF from client]
16:50:13 -!- BioPhone has quit [EOF from client]
18:34:07 -!- BioPhone has quit [EOF from client]
20:15:24 -!- Dot|Phone has quit [Signed off]
21:56:48 -!- skrm has quit [Ping timeout]
21:59:37 -!- Cane has quit [Signed off]
22:07:11 -!- Golly has quit [Signed off]
22:12:37 -!- BioPhone has quit [Ping timeout]
22:29:57 -!- reification has quit [Signed off]
22:47:31 -!- BioPone has quit [Read error: Connection reset by peer]
