00:01:54 -!- tredc has quit [Signed off]
00:12:37 -!- reification has quit [Signed off]
00:28:44 -!- Zounds has quit [Ping timeout]
00:34:35 -!- Runbunny has quit [Signed off]
00:40:59 -!- Rawr|Fone has quit [Ping timeout]
01:10:48 -!- Rawr|Fone has quit [Ping timeout]
01:28:42 -!- Rawr|Fone has quit [Ping timeout]
01:56:06 -!- Rawr|Fone has quit [Ping timeout]
02:10:39 -!- Camail has quit [Signed off]
02:30:37 -!- skram has quit [Signed off]
03:13:36 -!- Crisium has quit [Signed off]
03:29:26 -!- Rawr|Fone has quit [Ping timeout]
03:56:16 -!- Micen has quit [Ping timeout]
03:57:10 -!- DuB` has quit [Signed off]
04:04:00 -!- Dot` has quit [*.net *.split]
04:28:49 -!- Bio has quit [Ping timeout]
06:44:07 -!- Rawr|Fone has quit [Ping timeout]
08:22:49 -!- BioSC has quit [Ping timeout]
08:41:25 -!- Rawr|Fone has quit [Ping timeout]
09:29:14 -!- Micen has quit [Read error: Connection reset by peer]
10:07:56 -!- Rawr|Fone has quit [Ping timeout]
10:38:40 -!- Micen has quit [Ping timeout]
11:12:09 -!- Rawr|Fone has quit [Ping timeout]
11:44:53 -!- Micen_ has quit [EOF from client]
11:53:52 -!- Rawr|Phone has quit [Read error: Connection reset by peer]
12:05:58 -!- Rawr|Fone has quit [Ping timeout]
12:51:57 -!- Micen_ has quit [EOF from client]
13:05:11 -!- Zounds has quit [Ping timeout]
13:24:27 -!- skram has quit [Ping timeout]
13:59:02 -!- Micen_ has quit [Read error: Connection reset by peer]
14:19:59 -!- Rial has quit [Signed off]
15:06:46 -!- Micen_ has quit [Read error: Connection reset by peer]
16:00:46 -!- Rawr|Phone has quit [Ping timeout]
16:16:16 -!- reification has quit [Ping timeout]
19:02:19 -!- Rawr|Fone has quit [Ping timeout]
19:43:29 -!- Rawr|Phone has quit [Read error: Connection reset by peer]
19:49:43 -!- Rawr|Fone has quit [Ping timeout]
21:02:41 -!- Cane has quit [Signed off]
22:07:37 -!- Zounds has quit [*.net *.split]
22:07:37 -!- Bio has quit [*.net *.split]
22:07:37 -!- Westy543 has quit [*.net *.split]
22:07:37 -!- Q has quit [*.net *.split]
22:07:37 -!- Dot` has quit [*.net *.split]
22:07:37 -!- Micen_ has quit [*.net *.split]
22:07:37 -!- tredc has quit [*.net *.split]
22:07:37 -!- carcinisation has quit [*.net *.split]
22:07:37 -!- GGMethos has quit [*.net *.split]
22:07:37 -!- Golly has quit [*.net *.split]
22:07:37 -!- Runbunny has quit [*.net *.split]
22:07:37 -!- Rawr|Fone has quit [*.net *.split]
22:07:37 -!- CrisPone has quit [*.net *.split]
22:07:37 -!- CockRoach|42 has quit [*.net *.split]
22:07:37 -!- DuB` has quit [*.net *.split]
22:52:55 -!- Golly has quit [Ping timeout]
23:13:15 -!- skrma has quit [Ping timeout]
23:14:33 -!- Rawr|Fone has quit [Ping timeout]
23:47:42 -!- Micen_ has quit [Read error: Connection reset by peer]
23:54:14 -!- carcinisation has quit [Signed off]
