00:04:06 -!- carcinisation has quit [Signed off]
00:27:43 -!- Runbunny has quit [Signed off]
00:48:15 -!- Rawr|Fone has quit [Ping timeout]
01:34:37 -!- tredc has quit [Signed off]
01:47:35 -!- Zounds has quit [Ping timeout]
01:49:06 -!- Micen has quit [Ping timeout]
01:56:11 -!- Rawr|Fone has quit [Ping timeout]
02:28:05 -!- Golly has quit [Ping timeout]
04:11:20 -!- Rawr|Fone has quit [Ping timeout]
04:21:11 -!- Crisium has quit [Signed off]
04:38:42 -!- Micen_ has quit [EOF from client]
05:41:14 -!- Micen_ has quit [Read error: Connection reset by peer]
06:17:30 -!- DuB` has quit [Signed off]
06:19:17 -!- Camail has quit [Signed off]
07:44:39 -!- Micen_ has quit [EOF from client]
07:59:18 -!- Rawr|Fone has quit [Ping timeout]
09:47:45 -!- Dot` has quit [Signed off]
09:50:00 -!- skram has quit [Ping timeout]
09:53:49 -!- Dot` has quit [Ping timeout]
10:51:20 -!- Micen_ has quit [Read error: Connection reset by peer]
11:43:17 -!- Dot|Phone has quit [Signed off]
12:01:24 -!- Rawr|Fone has quit [Ping timeout]
12:48:45 -!- Rawr|Fone has quit [Ping timeout]
13:32:35 -!- reification has quit [Ping timeout]
13:39:13 -!- Rawr|Fone has quit [Ping timeout]
13:56:40 -!- Rial has quit [Signed off]
14:18:17 -!- Rawr|Fone has quit [Ping timeout]
14:46:03 -!- Rawr|Fone has quit [Ping timeout]
15:07:35 -!- carcinisation has quit [Ping timeout]
16:21:31 -!- Rawr|Fone has quit [Ping timeout]
18:47:27 -!- Rawr|Fone has quit [Ping timeout]
18:59:26 -!- Rawr|Fone has quit [Ping timeout]
19:00:04 -!- Cane has quit [Signed off]
19:13:47 -!- Rawr|Fone has quit [Ping timeout]
19:33:12 -!- Rawr|Fone has quit [Ping timeout]
19:54:18 -!- Dot` has quit [Ping timeout]
20:17:52 -!- Rawr|Fone has quit [Ping timeout]
20:58:05 -!- reimeuk has quit [Ping timeout]
21:20:59 -!- Rawr|Fone has quit [Ping timeout]
22:16:29 -!- Rawr|Fone has quit [Ping timeout]
22:29:02 -!- Rawr|Fone has quit [Ping timeout]
22:40:01 -!- Rawr|Fone has quit [Ping timeout]
22:41:52 -!- Golly has quit [Ping timeout]
23:11:01 -!- Rawr|Fone has quit [Ping timeout]
23:39:19 -!- Rawr|Fone has quit [Ping timeout]
23:42:13 -!- carcinisation has quit [Signed off]
23:50:15 -!- Rawr|Fone has quit [Ping timeout]
