00:09:27 -!- tredc has quit [Signed off]
01:21:32 -!- Rawr|Fone has quit [Ping timeout]
01:50:25 -!- BioPone has quit [Read error: Connection reset by peer]
02:16:25 -!- skram has quit [Ping timeout]
02:24:37 -!- Rawr|Fone has quit [Ping timeout]
02:32:07 -!- Runbunny has quit [Signed off]
03:11:29 -!- Dot` has quit [Ping timeout]
03:34:46 -!- Micen has quit [Read error: Connection reset by peer]
05:11:44 -!- Rawr|Fone has quit [Ping timeout]
05:40:08 -!- Micen has quit [Read error: Connection reset by peer]
05:59:59 -!- wololo has quit [Signed off]
06:19:15 -!- DuB` has quit [Signed off]
06:41:26 -!- Micen has quit [Read error: Connection reset by peer]
07:22:06 -!- Rawr|Fone has quit [Ping timeout]
08:12:57 -!- CellRoach has quit [Signed off]
09:10:17 -!- Rawr|Fone has quit [Ping timeout]
10:40:03 -!- Rawr|Fone has quit [Ping timeout]
10:44:49 -!- Rial has quit [Signed off]
11:14:11 -!- Rawr|Fone has quit [Ping timeout]
11:28:32 -!- Rawr|Fone has quit [Ping timeout]
12:21:29 -!- Rawr|Fone has quit [Ping timeout]
12:46:56 -!- Rawr|Fone has quit [Ping timeout]
12:49:41 -!- Micen has quit [Read error: Connection reset by peer]
13:14:38 -!- skram has quit [Ping timeout]
13:14:46 -!- Rawr|Fone has quit [Ping timeout]
13:30:44 -!- Rawr|Fone has quit [Ping timeout]
13:46:03 -!- Rawr|Fone has quit [Ping timeout]
14:10:31 -!- Runbunny has quit [Ping timeout]
15:00:26 -!- Rial has quit [Signed off]
16:08:54 -!- Rawr|Phone has quit [Ping timeout]
16:26:03 -!- Rawr|Fone has quit [Ping timeout]
17:01:03 -!- Micen has quit [Ping timeout]
17:09:46 -!- Golly has quit [Ping timeout]
18:01:15 -!- Micen_ has quit [EOF from client]
19:10:44 -!- skrm has quit [Ping timeout]
20:14:15 -!- Rawr|Fone has quit [Read error: Connection reset by peer]
20:23:30 -!- Rawr|Fone has quit [Ping timeout]
21:08:24 -!- Rawr|Fone has quit [Ping timeout]
21:24:56 -!- BioPhone has quit [EOF from client]
21:29:47 -!- BioPhone has quit [EOF from client]
21:44:02 -!- BioPhone has quit [Ping timeout]
21:46:31 -!- Rawr|Fone has quit [Ping timeout]
21:47:34 -!- skrm has quit [Ping timeout]
21:54:25 -!- Rawr|Fone has quit [Ping timeout]
22:03:32 -!- Dot|Phone has quit [Signed off]
22:12:26 -!- Rawr|Fone has quit [Ping timeout]
22:20:35 -!- Bio has quit [Read error: Connection reset by peer]
22:40:57 -!- Rial has quit [Signed off]
23:00:26 -!- Bio has quit [Ping timeout]
23:07:56 -!- BioSC has quit [Ping timeout]
23:38:45 -!- BioHorse has quit [Read error: Connection reset by peer]
23:46:38 -!- Rawr|Fone has quit [Ping timeout]
23:47:15 -!- BioHorse has quit [Read error: Connection reset by peer]
23:51:48 -!- BioHorse has quit [Read error: Connection reset by peer]
