00:21:14 -!- tredc has quit [Signed off]
01:01:48 -!- Dot` has quit [Ping timeout]
01:38:15 -!- Rawr|Fone has quit [Signed off]
01:41:14 -!- skram has quit [Ping timeout]
02:42:21 -!- Micen has quit [Ping timeout]
03:01:44 -!- Camail has quit [Signed off]
03:16:23 -!- Dot|Phone has quit [Signed off]
07:23:10 -!- DuB` has quit [Signed off]
08:03:11 -!- Micen has quit [Ping timeout]
08:18:04 -!- Runbunny has quit [Read error: Connection reset by peer]
08:20:04 -!- Runbunny has quit [Read error: Connection reset by peer]
08:22:04 -!- Runbunny has quit [Read error: Connection reset by peer]
13:10:06 -!- Rawr|Fone has quit [Signed off]
13:19:29 -!- Micen has quit [Ping timeout]
14:15:54 -!- BioPhone has quit [Read error: Connection reset by peer]
14:31:46 -!- BioPone has quit [EOF from client]
14:37:22 -!- BioPone has quit [EOF from client]
15:34:19 -!- BioPone has quit [EOF from client]
16:07:34 -!- Golly has quit [Ping timeout]
18:35:23 -!- Micen has quit [Ping timeout]
21:01:56 -!- Dot|Phone has quit [Signed off]
21:17:00 -!- Dot` has quit [Ping timeout]
22:32:43 -!- Golly has quit [Ping timeout]
22:42:59 -!- Runbunny has quit [Signed off]
23:45:03 -!- Micen has quit [Ping timeout]
