00:19:35 -!- reification has quit [Signed off]
00:57:03 -!- tredc has quit [Signed off]
01:27:20 -!- Runbunny has quit [Signed off]
01:45:22 -!- BioPhone has quit [EOF from client]
02:02:04 -!- BioPhone has quit [EOF from client]
02:22:23 -!- BioPhone has quit [EOF from client]
02:23:50 -!- Camail has quit [Signed off]
02:38:29 -!- Dot`_ has quit [Ping timeout]
04:22:40 -!- BioPhone has quit [EOF from client]
04:56:55 -!- Rawr|Fone has quit [Signed off]
05:33:43 -!- DuB` has quit [Signed off]
05:44:48 -!- skrm has quit [Ping timeout]
07:16:28 -!- BioPhone has quit [EOF from client]
07:49:35 -!- skram has quit [Ping timeout]
11:44:31 -!- Runbunny has quit [Signed off]
13:03:06 -!- Cane has quit [Signed off]
14:42:34 -!- BioPhone has quit [EOF from client]
14:44:10 -!- Golly has quit [Signed off]
15:11:01 -!- BioPhone has quit [EOF from client]
15:14:21 -!- BioPhone has quit [EOF from client]
15:52:07 -!- skram has quit [Ping timeout]
15:55:06 -!- BioPhone has quit [EOF from client]
16:04:17 -!- BioPhone has quit [EOF from client]
16:44:34 -!- BioPhone has quit [EOF from client]
18:36:27 -!- BioPhone has quit [EOF from client]
