00:21:10 -!- Micen has quit [Ping timeout]
01:34:09 -!- Camail has quit [Signed off]
01:58:15 -!- Rawr|Fone has quit [Signed off]
02:07:17 -!- Dot|Phone has quit [Signed off]
04:40:36 -!- DuB` has quit [Signed off]
05:32:33 -!- Cane has quit [Signed off]
07:19:02 -!- BioSC has quit [Ping timeout]
07:24:02 -!- BioHorse has quit [Ping timeout]
07:58:07 -!- CellRoach has quit [Signed off]
08:21:20 -!- Micen has quit [Ping timeout]
13:23:33 -!- Runbunny has quit [Signed off]
13:26:07 -!- BioPone has quit [EOF from client]
13:30:17 -!- BioPone has quit [EOF from client]
13:37:44 -!- Micen has quit [Ping timeout]
15:00:23 -!- BioPone has quit [EOF from client]
15:26:41 -!- Rawr|Fone has quit [Signed off]
18:26:43 -!- BioPhone has quit [EOF from client]
19:27:30 -!- BioPhone has quit [EOF from client]
19:27:48 -!- Dot|Phone has quit [Signed off]
21:42:24 -!- BioPone has quit [Read error: Connection reset by peer]
21:47:51 -!- BioPhone has quit [Ping timeout]
22:02:49 -!- BioPone has quit [Read error: Connection reset by peer]
22:10:55 -!- Golly has quit [Ping timeout]
22:53:28 -!- reification has quit [Signed off]
23:43:37 -!- Dot` has quit [Ping timeout]
