00:02:22 -!- Golly has quit [Ping timeout]
00:41:43 -!- tredc has quit [Signed off]
00:47:42 -!- BioPhone has quit [EOF from client]
01:04:19 -!- BioPhone has quit [EOF from client]
01:18:07 -!- BioPhone has quit [EOF from client]
01:20:50 -!- Runbunny has quit [Signed off]
01:58:40 -!- skram has quit [Ping timeout]
02:34:49 -!- Micen has quit [Ping timeout]
02:35:52 -!- Dot|Phone has quit [Signed off]
02:46:06 -!- Rawr|Fone has quit [Signed off]
05:56:58 -!- DuB` has quit [Signed off]
07:39:49 -!- BioPhone has quit [EOF from client]
09:01:20 -!- BioPhone has quit [EOF from client]
09:30:34 -!- BioPhone has quit [EOF from client]
10:52:36 -!- BioPhone has quit [EOF from client]
11:07:31 -!- BioPhone has quit [EOF from client]
11:53:41 -!- BioPhone has quit [EOF from client]
15:35:38 -!- BioPhone has quit [EOF from client]
15:45:29 -!- Dot|Phone has quit [Signed off]
15:58:15 -!- Rawr|Fone has quit [Signed off]
21:50:48 -!- Dot` has quit [Ping timeout]
22:09:22 -!- reification has quit [Signed off]
23:00:17 -!- Runbunny has quit [Read error: Connection reset by peer]
23:18:18 -!- Golly has quit [Ping timeout]
23:32:10 -!- Cane has quit [Signed off]
