00:04:33 -!- Zounds has quit [Ping timeout]
00:54:22 -!- Rawr|Fone has quit [Ping timeout]
01:42:09 -!- Dot|Phone has quit [Signed off]
02:06:04 -!- skram has quit [Signed off]
02:33:52 -!- Crisium has quit [Signed off]
03:15:50 -!- Rawr|Fone has quit [Ping timeout]
03:52:30 -!- Cane has quit [Signed off]
04:32:05 -!- Micen has quit [Ping timeout]
04:46:33 -!- DuB` has quit [Signed off]
06:28:28 -!- Rawr|Fone has quit [Ping timeout]
06:39:23 -!- Camail has quit [Signed off]
07:01:26 -!- Rawr|Fone has quit [Ping timeout]
07:16:53 -!- Rawr|Fone has quit [Ping timeout]
07:35:18 -!- Rawr|Fone has quit [Ping timeout]
08:39:01 -!- Rawr|Fone has quit [Ping timeout]
08:57:20 -!- Rawr|Fone has quit [Ping timeout]
09:34:30 -!- Rawr|Fone has quit [Ping timeout]
09:50:25 -!- Dot|Phone has quit [Signed off]
10:53:52 -!- Rawr|Fone has quit [Ping timeout]
13:10:43 -!- Runbunny has quit [Signed off]
13:12:39 -!- Rawr|Fone has quit [Ping timeout]
13:17:36 -!- Bio has quit [Ping timeout]
13:30:36 -!- Bio has quit [Ping timeout]
15:04:37 -!- Rawr|Fone has quit [Ping timeout]
16:06:42 -!- Rawr|Fone has quit [Ping timeout]
16:54:13 -!- skrm has quit [Ping timeout]
17:16:48 -!- BioPhone has quit [EOF from client]
17:20:03 -!- Zounds has quit [Ping timeout]
18:54:34 -!- BioPhone has quit [EOF from client]
19:14:01 -!- skram has quit [Ping timeout]
20:36:05 -!- reification has quit [EOF from client]
20:46:16 -!- Rawr|Fone has quit [Read error: Connection reset by peer]
21:13:27 -!- Golly has quit [Ping timeout]
21:30:55 -!- Dot|Phone has quit [Signed off]
22:01:19 -!- Rawr|Phone has quit [Ping timeout]
22:37:30 -!- Runbunny has quit [Signed off]
22:43:23 -!- reify has quit [Signed off]
23:02:34 -!- Rawr|Fone has quit [Ping timeout]
23:22:37 -!- Dot` has quit [Ping timeout]
