00:14:19 -!- tredc has quit [Signed off]
00:28:35 -!- Rawr|Fone has quit [Ping timeout]
01:19:48 -!- Dot|Phone has quit [Signed off]
01:39:06 -!- Rawr|Fone has quit [Ping timeout]
03:06:12 -!- Rawr|Fone has quit [Ping timeout]
05:26:09 -!- Cane has quit [Signed off]
05:47:09 -!- Rawr|Fone has quit [Ping timeout]
06:23:47 -!- Camail has quit [Signed off]
07:46:23 -!- Rawr|Fone has quit [Ping timeout]
09:27:21 -!- reification has quit [Ping timeout]
10:05:03 -!- Rawr|Fone has quit [Ping timeout]
10:43:34 -!- Rawr|Fone has quit [Ping timeout]
11:16:30 -!- Rawr|Fone has quit [Ping timeout]
11:58:55 -!- Rawr|Fone has quit [Ping timeout]
12:02:21 -!- reification has quit [Ping timeout]
12:18:11 -!- Rawr|Fone has quit [Read error: Connection reset by peer]
12:18:26 -!- Golly has quit [Ping timeout]
13:27:49 -!- Zounds has quit [Ping timeout]
13:44:51 -!- carcinisation has quit [Ping timeout]
14:32:51 -!- reimeuk has quit [Ping timeout]
14:58:09 -!- Dot|Phone has quit [Signed off]
15:34:53 -!- Dot` has quit [Ping timeout]
16:51:18 -!- skrm has quit [Ping timeout]
16:54:58 -!- Rawr|Phone has quit [Read error: Connection reset by peer]
20:33:42 -!- Rawr|Fone has quit [Ping timeout]
20:56:18 -!- BioPhone has quit [EOF from client]
21:52:34 -!- Zounds has quit [Ping timeout]
22:33:58 -!- Golly has quit [Ping timeout]
22:34:38 -!- Dot` has quit [Ping timeout]
23:16:30 -!- Rawr|Fone has quit [Ping timeout]
23:32:26 -!- skram has quit [Ping timeout]
23:44:21 -!- Runbunny has quit [Signed off]
23:44:31 -!- carcinisation has quit [Signed off]
23:51:06 -!- tredc has quit [Signed off]
