00:48:29 -!- tredc has quit [Signed off]
00:51:37 -!- Golly has quit [Ping timeout]
00:57:42 -!- Zounds has quit [Ping timeout]
01:06:16 -!- Rawr|Fone has quit [Ping timeout]
01:15:39 -!- Rial has quit [Signed off]
01:20:15 -!- skram has quit [Ping timeout]
01:54:36 -!- Dot|Phone has quit [Signed off]
02:01:14 -!- reification has quit [Signed off]
02:15:27 -!- Rawr|Fone has quit [Ping timeout]
02:52:45 -!- Kittybunny has quit [Signed off]
03:23:58 -!- Crisium has quit [Signed off]
04:41:59 -!- Rawr|Fone has quit [Ping timeout]
05:29:04 -!- Rawr|Fone has quit [Ping timeout]
06:12:14 -!- Rawr|Fone has quit [Ping timeout]
07:28:58 -!- DuB` has quit [Signed off]
08:57:04 -!- Rawr|Fone has quit [Ping timeout]
09:30:06 -!- Rawr|Fone has quit [Ping timeout]
09:47:45 -!- Camail has quit [Read error: Connection reset by peer]
10:57:07 -!- Rawr|Fone has quit [Ping timeout]
11:57:30 -!- Cane has quit [Signed off]
12:42:46 -!- reification has quit [Ping timeout]
13:26:10 -!- Rial has quit [Signed off]
16:05:05 -!- BioPone has quit [Read error: Connection reset by peer]
16:16:40 -!- Rawr|Fone has quit [Ping timeout]
16:50:47 -!- Rawr|Fone has quit [Ping timeout]
21:34:53 -!- BioPone has quit [EOF from client]
21:38:24 -!- BioPone has quit [EOF from client]
21:46:14 -!- Rawr|Phone has quit [Read error: Connection reset by peer]
21:52:28 -!- Rawr|Fone has quit [Ping timeout]
21:59:42 -!- BioPone has quit [EOF from client]
22:32:26 -!- Micen has quit [EOF from client]
22:42:42 -!- Golly has quit [Ping timeout]
23:36:28 -!- Micen has quit [EOF from client]
23:39:47 -!- Crisium has quit [Signed off]
