00:05:14 -!- tredc has quit [Signed off]
00:38:42 -!- Kittybunny has quit [Signed off]
00:54:58 -!- BioPone has quit [EOF from client]
00:58:01 -!- Dot` has quit [Ping timeout]
00:58:56 -!- Golly has quit [Ping timeout]
00:59:22 -!- Micen has quit [Ping timeout]
01:04:05 -!- Rawr|Phone has quit [Read error: Connection reset by peer]
01:06:42 -!- skram has quit [Ping timeout]
01:08:26 -!- Rawr|Fone has quit [Read error: Connection reset by peer]
01:36:34 -!- Rawr|Fone has quit [Read error: Connection reset by peer]
01:49:36 -!- Rawr|Fone has quit [Read error: Connection reset by peer]
01:53:00 -!- BioPone has quit [EOF from client]
02:12:10 -!- BioPone has quit [EOF from client]
02:18:41 -!- BioPone has quit [EOF from client]
02:27:55 -!- BioPone has quit [Ping timeout]
02:28:35 -!- BioSC has quit [EOF from client]
02:30:29 -!- Bio has quit [Ping timeout]
02:30:35 -!- BioSC has quit [EOF from client]
02:32:35 -!- BioSC has quit [EOF from client]
02:49:47 -!- Rawr|Fone has quit [Read error: Connection reset by peer]
03:25:56 -!- Dot|Phone has quit [Signed off]
04:07:02 -!- DuB` has quit [Signed off]
04:33:15 -!- Camail has quit [Signed off]
04:54:30 -!- Rawr|Fone has quit [Ping timeout]
05:04:10 -!- Rawr|Fone has quit [Ping timeout]
05:15:11 -!- Rawr|Fone has quit [Ping timeout]
05:30:53 -!- Rawr|Fone has quit [Read error: Connection reset by peer]
05:50:50 -!- Rawr|Fone has quit [Ping timeout]
06:01:03 -!- Rawr|Fone has quit [Read error: Connection reset by peer]
06:06:48 -!- Rawr|Fone has quit [Read error: Connection reset by peer]
06:26:12 -!- Rawr|Fone has quit [Ping timeout]
06:38:16 -!- Rawr|Fone has quit [Read error: Connection reset by peer]
06:45:29 -!- Rawr|Fone has quit [Read error: Connection reset by peer]
06:54:20 -!- Rawr|Fone has quit [Read error: Connection reset by peer]
07:09:12 -!- Rawr|Fone has quit [Ping timeout]
07:16:11 -!- Rawr|Phone has quit [Ping timeout]
07:20:17 -!- Rawr|Fone has quit [Read error: Connection reset by peer]
07:42:52 -!- Rawr|Fone has quit [Ping timeout]
07:42:53 -!- Rawr|Phone has quit [Read error: Connection reset by peer]
07:57:10 -!- Rawr|Fone has quit [Ping timeout]
08:29:16 -!- Rawr|Fone has quit [Read error: Connection reset by peer]
08:31:37 -!- Rawr|Fone has quit [Signed off]
08:40:04 -!- Cane has quit [Signed off]
11:59:02 -!- BioPone has quit [Read error: Connection reset by peer]
14:15:55 -!- BioPone has quit [EOF from client]
14:39:20 -!- BioPone has quit [EOF from client]
14:42:21 -!- BioPone has quit [EOF from client]
14:47:19 -!- Micen has quit [Ping timeout]
15:50:00 -!- BioPone has quit [EOF from client]
15:56:03 -!- BioPone has quit [EOF from client]
16:05:42 -!- BioPone has quit [EOF from client]
16:05:48 -!- Dot` has quit [Ping timeout]
16:13:02 -!- Dot` has quit [Ping timeout]
17:07:44 -!- BioPone has quit [EOF from client]
17:41:55 -!- BioPone has quit [Ping timeout]
19:25:01 -!- BioPone has quit [EOF from client]
20:11:33 -!- BioPone has quit [Ping timeout]
22:53:40 -!- BioPone has quit [Ping timeout]
23:32:31 -!- reification has quit [Signed off]
23:39:26 -!- Golly has quit [Ping timeout]
23:55:56 -!- tredc has quit [Signed off]
