00:06:04 -!- tredc has quit [Signed off]
00:37:35 -!- Runbunny has quit [Signed off]
01:52:41 -!- Dot|Phone has quit [Signed off]
02:48:26 -!- Golly has quit [Ping timeout]
03:01:22 -!- Rawr|Fone has quit [Signed off]
04:06:23 -!- Camail has quit [Signed off]
04:48:04 -!- DuB` has quit [Signed off]
10:02:08 -!- Micen has quit [Ping timeout]
11:57:26 -!- BioPone has quit [Read error: Connection reset by peer]
12:13:51 -!- BioPone has quit [EOF from client]
14:06:32 -!- Golly has quit [Ping timeout]
16:23:59 -!- BioPhone has quit [Read error: Connection reset by peer]
16:46:39 -!- BioPhone has quit [EOF from client]
18:51:16 -!- BioPhone has quit [Read error: Connection reset by peer]
18:58:29 -!- BioPone has quit [Ping timeout]
19:48:01 -!- Cane has quit [Signed off]
22:09:11 -!- BioPone has quit [Read error: Connection reset by peer]
22:34:24 -!- Golly has quit [Ping timeout]
22:59:21 -!- reification has quit [Signed off]
23:01:32 -!- Runbunny has quit [Signed off]
23:34:52 -!- Dot` has quit [Ping timeout]
23:54:27 -!- Golly has quit [Ping timeout]
