00:42:06 -!- Rawr|Fone has quit [Signed off]
01:52:15 -!- Dot|Phone has quit [Signed off]
02:17:58 -!- Camail has quit [Signed off]
03:05:06 -!- Cane has quit [Signed off]
03:32:12 -!- skram has quit [Ping timeout]
04:11:50 -!- Crisium has quit [Signed off]
05:13:28 -!- DuB` has quit [Signed off]
08:05:49 -!- Dot` has quit [Ping timeout]
08:17:37 -!- Micen has quit [Ping timeout]
12:42:09 -!- Runbunny has quit [Signed off]
15:06:48 -!- BioPhone has quit [EOF from client]
15:25:46 -!- BioPhone has quit [EOF from client]
15:29:36 -!- skrm has quit [Ping timeout]
17:42:16 -!- skrm has quit [Ping timeout]
19:32:56 -!- Rawr|Fone has quit [Signed off]
20:57:39 -!- skrm has quit [Ping timeout]
21:02:54 -!- BioPhone has quit [Read error: Connection reset by peer]
21:10:00 -!- Dot` has quit [Ping timeout]
21:26:53 -!- Dot` has quit [Ping timeout]
21:45:10 -!- BioPone has quit [EOF from client]
22:06:09 -!- reification has quit [Signed off]
22:17:08 -!- Golly has quit [Ping timeout]
22:27:16 -!- BioPone has quit [Ping timeout]
22:34:06 -!- Dot|Phone has quit [Signed off]
22:52:06 -!- BioHoN has quit [Read error: Connection reset by peer]
22:53:15 -!- BioPone has quit [Signed off]
22:53:51 -!- Runbunny has quit [Signed off]
22:58:37 -!- tredc has quit [Signed off]
23:09:48 -!- Dot` has quit [Ping timeout]
23:42:56 -!- Rawr|Fone has quit [Signed off]
