00:08:53 -!- tredc has quit [Signed off]
00:53:40 -!- Rawr|Fone has quit [Ping timeout]
02:21:58 -!- Runbunny has quit [Signed off]
02:57:30 -!- Rawr|Fone has quit [Ping timeout]
03:14:20 -!- Crisium has quit [Signed off]
03:45:44 -!- Rawr|Fone has quit [Ping timeout]
03:54:13 -!- Camail has quit [Signed off]
04:15:23 -!- Dot` has quit [Ping timeout]
04:52:23 -!- skrm has quit [Ping timeout]
05:09:11 -!- Rawr|Fone has quit [Ping timeout]
05:16:16 -!- CockRoach|42 has quit [Ping timeout]
05:47:20 -!- DuB` has quit [Signed off]
05:54:01 -!- Micen has quit [Read error: Connection reset by peer]
06:24:45 -!- Rawr|Fone has quit [Ping timeout]
06:42:27 -!- Rawr|Fone has quit [Ping timeout]
06:57:40 -!- skram has quit [Ping timeout]
07:08:51 -!- Rawr|Fone has quit [Ping timeout]
07:42:37 -!- Rawr|Fone has quit [Ping timeout]
09:28:54 -!- Rawr|Fone has quit [Ping timeout]
09:47:33 -!- Rawr|Fone has quit [Ping timeout]
09:55:41 -!- Micen has quit [EOF from client]
10:04:25 -!- Rawr|Fone has quit [Ping timeout]
