00:49:06 -!- Dot` has quit [Ping timeout]
01:07:37 -!- tredc has quit [Signed off]
02:11:17 -!- Rawr|Fone has quit [Signed off]
03:20:27 -!- skram has quit [Ping timeout]
03:47:30 -!- Dot|Phone has quit [Signed off]
06:37:20 -!- Micen_ has quit [Ping timeout]
08:19:33 -!- Camail has quit [Signed off]
10:52:53 -!- Cane has quit [Ping timeout]
11:45:52 -!- Dot|Phone has quit [Signed off]
12:48:26 -!- Runbunny has quit [Signed off]
13:44:54 -!- reify has quit [Signed off]
14:13:02 -!- BioPhone has quit [Ping timeout]
14:15:13 -!- Rawr|Fone has quit [Signed off]
15:29:22 -!- BioPone has quit [Read error: Connection reset by peer]
16:35:52 -!- Dot|Phone has quit [Signed off]
20:10:01 -!- skram has quit [Signed off]
21:32:54 -!- Golly has quit [Ping timeout]
22:33:17 -!- Dot` has quit [Ping timeout]
23:10:05 -!- reify has quit [Signed off]
23:58:19 -!- reification has quit [Signed off]
