00:58:47 -!- Camail has quit [Ping timeout]
01:02:35 -!- tredc has quit [Signed off]
01:23:35 -!- skram has quit [Ping timeout]
02:02:38 -!- Rawr|Fone has quit [Signed off]
02:35:44 -!- Dot|Phone has quit [Signed off]
06:11:46 -!- DuB` has quit [Signed off]
12:35:27 -!- BioPone has quit [Read error: Connection reset by peer]
13:43:48 -!- BioPhone has quit [EOF from client]
14:51:18 -!- BioPhone has quit [EOF from client]
17:53:01 -!- BioPhone has quit [EOF from client]
18:09:13 -!- BioPhone has quit [Ping timeout]
18:14:02 -!- BioPone has quit [Read error: Connection reset by peer]
20:02:28 -!- Camail has quit [Signed off]
20:31:10 -!- Cane has quit [Signed off]
20:51:14 -!- Golly has quit [Ping timeout]
21:20:41 -!- tredc has quit [Read error: Connection reset by peer]
21:26:13 -!- Bio has quit [Ping timeout]
21:29:56 -!- skram has quit [Ping timeout]
21:30:11 -!- tredc has quit [Read error: Connection reset by peer]
23:12:27 -!- BioPone has quit [EOF from client]
23:19:05 -!- BioPone has quit [EOF from client]
23:26:04 -!- reification has quit [Signed off]
23:28:02 -!- Dot` has quit [Ping timeout]
23:56:16 -!- Runbunny has quit [Signed off]
