00:44:03 -!- BioPone has quit [EOF from client]
00:51:56 -!- BioPone has quit [EOF from client]
00:56:49 -!- Runbunny has quit [Signed off]
01:07:21 -!- BioPone has quit [EOF from client]
02:04:33 -!- tredc has quit [Signed off]
02:52:42 -!- BioPone has quit [EOF from client]
03:12:15 -!- skram has quit [Ping timeout]
03:17:37 -!- BioPone has quit [Ping timeout]
03:28:10 -!- skrma has quit [Ping timeout]
03:46:11 -!- BioPone has quit [Signed off]
03:46:42 -!- skram has quit [Ping timeout]
03:59:47 -!- skrma has quit [Ping timeout]
06:30:58 -!- skram has quit [Ping timeout]
08:12:13 -!- DuB` has quit [Signed off]
09:47:40 -!- Camail has quit [Signed off]
10:41:29 -!- Rawr|Fone has quit [Signed off]
13:04:42 -!- Runbunny has quit [Read error: Connection reset by peer]
15:29:10 -!- BioPhone has quit [EOF from client]
16:43:24 -!- BioPhone has quit [Read error: Connection reset by peer]
17:41:29 -!- Rawr|Fone has quit [Signed off]
18:23:56 -!- BioPone has quit [EOF from client]
18:54:02 -!- BioPone has quit [EOF from client]
18:57:09 -!- BioPone has quit [EOF from client]
19:31:56 -!- BioPone has quit [EOF from client]
19:54:08 -!- BioPone has quit [EOF from client]
20:04:16 -!- BioPone has quit [EOF from client]
20:13:41 -!- Cane has quit [Signed off]
20:30:10 -!- BioPone has quit [EOF from client]
20:40:58 -!- BioPone has quit [EOF from client]
21:10:42 -!- BioPone has quit [EOF from client]
21:48:12 -!- BioPone has quit [EOF from client]
21:53:46 -!- BioPone has quit [EOF from client]
22:17:23 -!- Golly has quit [Signed off]
23:18:07 -!- BioPone has quit [EOF from client]
23:26:15 -!- Runbunny has quit [Read error: Connection reset by peer]
23:26:30 -!- Camail has quit [Signed off]
23:53:42 -!- skram has quit [Ping timeout]
