00:02:03 -!- carcinisation has quit [Signed off]
01:45:31 -!- Camail has quit [Read error: Connection reset by peer]
02:02:05 -!- Rawr|Fone has quit [Signed off]
03:41:03 -!- BioSC has quit [Read error: Connection reset by peer]
04:20:30 -!- Camail has quit [Signed off]
05:52:25 -!- Dot` has quit [Ping timeout]
06:28:12 -!- DuB` has quit [Signed off]
09:12:49 -!- skram has quit [Ping timeout]
09:55:25 -!- Rawr|Fone has quit [*.net *.split]
09:55:25 -!- Cane has quit [*.net *.split]
13:54:46 -!- Golly has quit [Signed off]
20:17:09 -!- Dot` has quit [Ping timeout]
20:25:52 -!- Rawr|Fone has quit [*.net *.split]
20:25:52 -!- Cane has quit [*.net *.split]
20:25:52 -!- Runbunny has quit [*.net *.split]
20:25:52 -!- Golly has quit [*.net *.split]
20:42:53 -!- Rawr|Fone has quit [*.net *.split]
20:42:53 -!- Cane has quit [*.net *.split]
20:42:53 -!- Runbunny has quit [*.net *.split]
20:42:53 -!- Golly has quit [*.net *.split]
20:57:00 -!- Rawr|Fone has quit [*.net *.split]
20:57:00 -!- Cane has quit [*.net *.split]
20:57:00 -!- Runbunny has quit [*.net *.split]
20:57:00 -!- Golly has quit [*.net *.split]
22:07:15 -!- Micen|Droid has quit [Ping timeout]
22:08:41 -!- Mousen|Droid has quit [Ping timeout]
22:13:11 -!- Runbunny has quit [Signed off]
22:21:57 -!- Micen|droid2 has quit [Ping timeout]
22:23:38 -!- Micen|Droid has quit [Ping timeout]
22:43:05 -!- Mousen|Droid has quit [Ping timeout]
22:46:27 -!- Micen|Droid has quit [Ping timeout]
22:50:54 -!- Micen|droid2 has quit [Ping timeout]
22:51:51 -!- Mousen|Droid has quit [Ping timeout]
23:05:15 -!- Golly has quit [Signed off]
23:29:05 -!- Dot|Phone has quit [Signed off]
