01:14:05 -!- Dot|Phone has quit [Signed off]
01:40:51 -!- Rawr|Fone has quit [Signed off]
05:48:20 -!- DuB` has quit [Signed off]
10:06:48 -!- skram has quit [Ping timeout]
12:11:10 -!- CellRoach has quit [Signed off]
12:38:57 -!- BioPone has quit [Read error: Connection reset by peer]
13:02:44 -!- BioPhone has quit [EOF from client]
13:23:49 -!- Cane has quit [Signed off]
14:16:06 -!- BioPhone has quit [EOF from client]
16:17:20 -!- BioPhone has quit [EOF from client]
16:23:14 -!- Rawr|Fone has quit [Signed off]
16:33:05 -!- BioPhone has quit [EOF from client]
18:01:06 -!- BioPhone has quit [EOF from client]
20:28:12 -!- BioPhone has quit [EOF from client]
20:40:50 -!- BioPhone has quit [EOF from client]
21:01:44 -!- Dot` has quit [Ping timeout]
21:09:54 -!- BioPhone has quit [EOF from client]
21:21:56 -!- BioPhone has quit [Ping timeout]
21:26:54 -!- Dot|Phone has quit [Signed off]
21:29:07 -!- BioPone has quit [Read error: Connection reset by peer]
21:36:26 -!- BioPone has quit [Read error: Connection reset by peer]
21:57:07 -!- BioPone has quit [Ping timeout]
22:41:55 -!- Dot` has quit [Ping timeout]
23:08:39 -!- BioPone has quit [EOF from client]
23:10:26 -!- skram has quit [Ping timeout]
23:17:09 -!- Golly has quit [Ping timeout]
23:17:31 -!- Micen has quit [Ping timeout]
23:20:00 -!- reification has quit [Signed off]
23:53:57 -!- tredc has quit [Signed off]
