00:34:02 -!- Micen has quit [Read error: Connection reset by peer]
01:09:21 -!- reify has quit [Signed off]
01:26:53 -!- reification has quit [Signed off]
01:33:48 -!- Dot` has quit [Ping timeout]
02:37:12 -!- Camail has quit [Signed off]
03:11:00 -!- tredc has quit [Signed off]
04:11:27 -!- BioSC has quit [Ping timeout]
05:54:39 -!- Micen has quit [Read error: Connection reset by peer]
09:15:41 -!- DuB` has quit [Signed off]
16:32:10 -!- Cane has quit [Signed off]
17:49:32 -!- skrm has quit [Ping timeout]
18:42:35 -!- BioPhone has quit [Read error: Connection reset by peer]
19:33:47 -!- BioPone has quit [EOF from client]
20:25:44 -!- BioPone has quit [EOF from client]
20:29:20 -!- BioPone has quit [EOF from client]
20:58:01 -!- Dot` has quit [Ping timeout]
21:29:45 -!- BioPone has quit [EOF from client]
21:50:28 -!- BioPone has quit [EOF from client]
22:11:42 -!- Golly has quit [Signed off]
22:25:59 -!- Runbunny has quit [Signed off]
23:22:04 -!- BioPone has quit [EOF from client]
23:33:07 -!- Rawr|Fone has quit [Signed off]
23:50:03 -!- BioPone has quit [EOF from client]
