00:05:42 -!- Rawr|Fone has quit [Ping timeout]
00:52:29 -!- Rawr|Fone has quit [Ping timeout]
01:03:41 -!- carcinisation has quit [Signed off]
01:32:27 -!- tredc has quit [Signed off]
02:20:43 -!- Crisium has quit [Signed off]
02:22:26 -!- skram has quit [Ping timeout]
02:36:14 -!- Rawr|Fone has quit [Ping timeout]
03:19:14 -!- Dot` has quit [Ping timeout]
03:48:26 -!- Rawr|Fone has quit [Ping timeout]
05:36:26 -!- Rawr|Fone has quit [Ping timeout]
05:39:44 -!- DuB` has quit [Signed off]
06:05:06 -!- Micen has quit [Read error: Connection reset by peer]
07:42:42 -!- Rawr|Phone has quit [Read error: Connection reset by peer]
07:48:56 -!- Rawr|Fone has quit [Ping timeout]
08:05:12 -!- Westy543 has quit [Ping timeout]
08:21:03 -!- Rawr|Fone has quit [Ping timeout]
09:34:37 -!- Rawr|Fone has quit [Ping timeout]
10:02:51 -!- Micen has quit [Read error: Connection reset by peer]
11:22:45 -!- Rawr|Phone has quit [Ping timeout]
11:24:49 -!- Rawr|Fone has quit [Ping timeout]
12:51:50 -!- Rawr|Fone has quit [Ping timeout]
13:02:05 -!- Rawr|Fone has quit [Ping timeout]
13:34:19 -!- Rawr|Fone has quit [Ping timeout]
13:47:12 -!- Golly has quit [Ping timeout]
14:03:16 -!- Rawr|Fone has quit [Ping timeout]
14:37:14 -!- Rial has quit [Signed off]
14:59:04 -!- Rawr|Fone has quit [Ping timeout]
15:11:15 -!- Micen has quit [Read error: Connection reset by peer]
15:26:03 -!- Rawr|Fone has quit [Ping timeout]
15:50:09 -!- skram has quit [Ping timeout]
16:12:48 -!- Micen has quit [EOF from client]
17:19:13 -!- Micen has quit [Ping timeout]
17:45:59 -!- Rawr|Fone has quit [Ping timeout]
18:20:25 -!- Micen_ has quit [Read error: Connection reset by peer]
18:46:21 -!- Dot|Phone has quit [Signed off]
19:20:32 -!- Rawr|Fone has quit [Ping timeout]
19:30:50 -!- Rawr|Phone has quit [Ping timeout]
20:44:39 -!- Rawr|Fone has quit [Ping timeout]
20:58:31 -!- Micen_ has quit [EOF from client]
21:27:39 -!- Rawr|Fone has quit [Ping timeout]
21:33:58 -!- Rawr|Fone has quit [Ping timeout]
21:47:04 -!- Cane_ has quit [EOF from client]
21:47:04 -!- Micen__ has quit [Read error: Connection reset by peer]
21:47:28 -!- Dot` has quit [Ping timeout]
21:47:29 -!- Cane_ has quit [Registered]
21:47:30 -!- Cane has quit [Read error: Connection reset by peer]
21:47:57 -!- wololo has quit [Ping timeout]
21:49:26 -!- Micen_ has quit [Ping timeout]
22:06:08 -!- Rawr|Fone has quit [Ping timeout]
22:25:58 -!- Rawr|Fone has quit [Ping timeout]
22:33:36 -!- BioPone has quit [Read error: Connection reset by peer]
22:42:36 -!- Rial has quit [Signed off]
23:40:37 -!- Rawr|Fone has quit [Ping timeout]
