00:26:02 -!- Runbunny has quit [Signed off]
01:05:48 -!- Dot` has quit [Ping timeout]
01:42:48 -!- skram has quit [Ping timeout]
01:50:47 -!- skrma has quit [Ping timeout]
01:54:36 -!- Micen has quit [Ping timeout]
03:46:40 -!- Dot|Phone has quit [Signed off]
04:36:57 -!- Rawr|Fone has quit [Signed off]
04:41:48 -!- DuB` has quit [Signed off]
08:39:37 -!- Camail has quit [Read error: Connection reset by peer]
09:34:27 -!- Dot` has quit [Ping timeout]
11:58:57 -!- Cane has quit [Signed off]
12:06:56 -!- Runbunny has quit [Signed off]
16:06:57 -!- Rawr|Fone has quit [Signed off]
17:05:01 -!- Micen has quit [Read error: Connection reset by peer]
17:07:01 -!- Micen has quit [EOF from client]
17:09:01 -!- Micen has quit [EOF from client]
17:29:02 -!- Dot` has quit [Ping timeout]
20:54:05 -!- Dot|Phone has quit [Signed off]
21:46:32 -!- Dot` has quit [Ping timeout]
22:01:48 -!- Golly has quit [Ping timeout]
22:43:37 -!- BioPhone has quit [Ping timeout]
22:55:10 -!- BioPone has quit [Read error: Connection reset by peer]
22:59:11 -!- Runbunny has quit [Signed off]
23:03:47 -!- Golly has quit [Ping timeout]
23:08:33 -!- skram has quit [Ping timeout]
23:12:52 -!- carcinisation has quit [Signed off]
23:22:45 -!- tredc has quit [Signed off]
23:37:19 -!- BioPone has quit [EOF from client]
23:52:04 -!- BioPone has quit [EOF from client]
23:56:04 -!- reification has quit [Signed off]
