00:03:44 -!- Crisium has quit [Read error: Operation timed out]
00:19:44 -!- Runbunny has quit [Signed off]
00:21:53 -!- Crisium|2 has quit [Ping timeout]
00:42:01 -!- Zounds has quit [Ping timeout]
01:03:42 -!- reification has quit [Signed off]
01:10:26 -!- tredc has quit [Signed off]
02:19:56 -!- Dot|Phone has quit [Signed off]
03:32:58 -!- skram has quit [Ping timeout]
05:15:34 -!- DuB` has quit [Signed off]
06:36:15 -!- Crisium has quit [Signed off]
07:38:09 -!- Camail has quit [Signed off]
09:31:07 -!- Cane has quit [Signed off]
10:47:58 -!- reification has quit [Ping timeout]
11:06:04 -!- carcinisation has quit [EOF from client]
14:00:41 -!- skram has quit [Ping timeout]
17:10:07 -!- Zounds has quit [Ping timeout]
17:35:57 -!- Bio has quit [Read error: Connection reset by peer]
20:35:51 -!- Dot|Phone has quit [Signed off]
22:00:50 -!- Golly has quit [Ping timeout]
23:04:01 -!- carcinisation has quit [Signed off]
