00:03:01 -!- carcinisation has quit [Signed off]
00:28:25 -!- Micen_ has quit [EOF from client]
00:52:58 -!- Dot|Phone has quit [Signed off]
01:21:45 -!- BioPone has quit [EOF from client]
01:26:53 -!- BioPone has quit [EOF from client]
01:34:06 -!- Micen_ has quit [Read error: Connection reset by peer]
01:38:42 -!- tredc has quit [Signed off]
01:47:24 -!- Dot`_ has quit [Ping timeout]
02:11:50 -!- BioPone has quit [EOF from client]
02:23:07 -!- BioPone has quit [EOF from client]
02:35:47 -!- Micen_ has quit [Read error: Connection reset by peer]
02:57:12 -!- Cane has quit [Signed off]
03:23:29 -!- Crisium has quit [Signed off]
03:27:07 -!- BioPone has quit [EOF from client]
03:31:14 -!- BioPone has quit [EOF from client]
03:37:17 -!- BioPone has quit [EOF from client]
03:46:07 -!- BioPone has quit [EOF from client]
03:58:40 -!- BioPone has quit [EOF from client]
04:05:08 -!- BioPone has quit [EOF from client]
04:43:30 -!- Micen_ has quit [EOF from client]
05:48:18 -!- Micen_ has quit [Read error: Connection reset by peer]
06:56:15 -!- Micen_ has quit [Ping timeout]
08:31:13 -!- Rawr|Fone has quit [Ping timeout]
08:36:59 -!- BioPone has quit [EOF from client]
08:45:31 -!- Rawr|Fone has quit [Ping timeout]
08:50:30 -!- Camail has quit [Signed off]
08:59:10 -!- Micen__ has quit [EOF from client]
09:09:21 -!- Rawr|Fone has quit [Ping timeout]
10:02:26 -!- Micen__ has quit [Read error: Connection reset by peer]
11:06:57 -!- Micen__ has quit [EOF from client]
11:28:03 -!- Rawr|Fone has quit [Ping timeout]
11:44:40 -!- Golly has quit [Ping timeout]
12:08:00 -!- Rawr|Fone has quit [Ping timeout]
12:12:10 -!- Micen__ has quit [EOF from client]
12:12:16 -!- reification has quit [*.net *.split]
12:12:16 -!- tredc has quit [*.net *.split]
12:12:16 -!- Rial has quit [*.net *.split]
12:21:01 -!- Rawr|Fone has quit [Ping timeout]
12:43:49 -!- Rawr|Phone has quit [Ping timeout]
13:16:00 -!- Micen__ has quit [Read error: Connection reset by peer]
13:25:11 -!- skrem has quit [Ping timeout]
13:25:18 -!- Rawr|Fone has quit [Ping timeout]
13:57:54 -!- Rawr|Fone has quit [Ping timeout]
14:18:52 -!- Micen__ has quit [Read error: Connection reset by peer]
14:19:57 -!- Rawr|Fone has quit [Ping timeout]
14:27:50 -!- Rial_fur has quit [Signed off]
15:20:46 -!- Micen__ has quit [Read error: Connection reset by peer]
15:21:48 -!- Rawr|Fone has quit [Ping timeout]
15:26:41 -!- BioPone has quit [EOF from client]
15:34:02 -!- BioPone has quit [EOF from client]
15:34:49 -!- Rawr|Fone has quit [Ping timeout]
15:38:02 -!- BioPone has quit [EOF from client]
16:23:03 -!- Micen__ has quit [Read error: Connection reset by peer]
17:02:30 -!- Rawr|Fone has quit [Ping timeout]
17:25:29 -!- Micen__ has quit [Read error: Connection reset by peer]
17:49:39 -!- BioPone has quit [Read error: Connection reset by peer]
17:53:14 -!- Micen__ has quit [Read error: Connection reset by peer]
18:17:14 -!- Micen__ has quit [Read error: Connection reset by peer]
18:28:03 -!- Micen__ has quit [Read error: Connection reset by peer]
19:30:34 -!- Micen__ has quit [Read error: Connection reset by peer]
19:57:12 -!- BioPhone has quit [EOF from client]
20:36:33 -!- Rawr|Phone has quit [Ping timeout]
20:43:31 -!- Rawr|Fone has quit [Ping timeout]
20:55:56 -!- skrem has quit [Ping timeout]
20:57:09 -!- Rawr|Fone has quit [Ping timeout]
21:10:42 -!- Rawr|Fone has quit [Ping timeout]
21:20:04 -!- Rawr|Fone has quit [Ping timeout]
21:37:50 -!- Micen__ has quit [Read error: Connection reset by peer]
21:38:02 -!- Rawr|Fone has quit [Ping timeout]
22:07:36 -!- BioPhone has quit [Ping timeout]
22:15:35 -!- Golly has quit [Ping timeout]
22:21:34 -!- Dot` has quit [Signed off]
22:28:58 -!- Rawr|Fone has quit [Ping timeout]
22:31:44 -!- BioPone has quit [Read error: Connection reset by peer]
22:37:58 -!- Rial has quit [Signed off]
22:41:35 -!- Micen__ has quit [Read error: Connection reset by peer]
23:11:33 -!- Rawr|Fone has quit [Ping timeout]
23:26:20 -!- Rawr|Fone has quit [Ping timeout]
23:45:56 -!- Micen__ has quit [Read error: Connection reset by peer]
23:46:11 -!- Rawr|Fone has quit [Ping timeout]
