00:09:15 -!- Rawr|Fone has quit [Ping timeout]
00:18:52 -!- Micen_ has quit [Ping timeout]
00:53:29 -!- Rawr|Fone has quit [Ping timeout]
01:19:41 -!- tredc has quit [Signed off]
01:19:54 -!- Rawr|Fone has quit [Ping timeout]
01:45:37 -!- Rawr|Fone has quit [Ping timeout]
02:04:39 -!- Runbunny has quit [Signed off]
02:15:50 -!- reification has quit [Signed off]
02:18:18 -!- Rawr|Fone has quit [Ping timeout]
03:07:14 -!- Dot|Phone has quit [Signed off]
03:18:26 -!- Crisium has quit [Signed off]
03:33:52 -!- Rawr|Fone has quit [Ping timeout]
04:23:06 -!- Cane has quit [Signed off]
04:31:33 -!- Rawr|Fone has quit [Ping timeout]
05:14:57 -!- Rawr|Fone has quit [Ping timeout]
05:54:09 -!- skrm has quit [Signed off]
06:26:30 -!- Rawr|Fone has quit [Ping timeout]
07:01:06 -!- Rawr|Fone has quit [Ping timeout]
07:09:05 -!- skram has quit [Ping timeout]
07:45:55 -!- Rawr|Fone has quit [Ping timeout]
08:40:01 -!- Rawr|Fone has quit [Ping timeout]
08:44:58 -!- Camail has quit [Signed off]
08:47:41 -!- DuB` has quit [Signed off]
09:02:03 -!- Micen has quit [Read error: Connection reset by peer]
09:18:18 -!- Rawr|Fone has quit [Ping timeout]
11:18:25 -!- Rawr|Fone has quit [Ping timeout]
11:58:48 -!- Rawr|Fone has quit [Ping timeout]
12:59:44 -!- Rawr|Fone has quit [Ping timeout]
13:08:07 -!- Rawr|Fone has quit [Ping timeout]
13:14:00 -!- reification has quit [Signed off]
13:17:28 -!- Rawr|Phone has quit [Read error: Connection reset by peer]
13:17:34 -!- Rawr|Fone has quit [Read error: Connection reset by peer]
13:19:18 -!- reification has quit [Signed off]
13:23:42 -!- Rawr|Phone has quit [Ping timeout]
14:09:36 -!- Rawr|Fone has quit [Read error: Connection reset by peer]
14:18:06 -!- Rial has quit [Signed off]
15:13:02 -!- reification has quit [Signed off]
17:08:29 -!- Dot` has quit [Ping timeout]
17:18:46 -!- skram has quit [Ping timeout]
17:28:33 -!- Rawr|Phone has quit [Ping timeout]
17:31:06 -!- Rawr|Fone has quit [Ping timeout]
20:32:14 -!- Dot|Phone has quit [Signed off]
20:51:48 -!- Rawr|Fone has quit [Ping timeout]
21:53:20 -!- Rawr|Fone has quit [Ping timeout]
22:43:29 -!- Rial has quit [Signed off]
22:43:38 -!- Rawr|Fone has quit [Ping timeout]
23:08:48 -!- Rawr|Fone has quit [Ping timeout]
23:13:26 -!- Golly has quit [Ping timeout]
