00:26:07 -!- Rawr|Fone has quit [Ping timeout]
00:57:27 -!- reification has quit [Signed off]
01:01:20 -!- Crisium has quit [Ping timeout]
01:25:20 -!- tredc has quit [Signed off]
02:06:10 -!- BioPone has quit [Read error: Connection reset by peer]
02:06:12 -!- Kittybunny has quit [Signed off]
02:40:11 -!- skram has quit [Ping timeout]
02:55:30 -!- Rawr|Fone has quit [Ping timeout]
04:03:15 -!- Bio has quit [Read error: Connection reset by peer]
04:31:23 -!- Rawr|Fone has quit [Ping timeout]
04:59:08 -!- Crisium has quit [Signed off]
05:13:54 -!- Dot` has quit [Ping timeout]
05:23:23 -!- Rawr|Fone has quit [Ping timeout]
05:38:05 -!- DuB` has quit [Signed off]
05:39:39 -!- Camail has quit [Signed off]
06:17:16 -!- Micen_ has quit [EOF from client]
07:51:37 -!- Rawr|Phone has quit [Ping timeout]
09:45:56 -!- Bio has quit [Ping timeout]
10:00:24 -!- Rawr|Fone has quit [Ping timeout]
10:12:28 -!- Rawr|Fone has quit [Ping timeout]
11:31:01 -!- Rawr|Fone has quit [Ping timeout]
12:32:36 -!- Micen_ has quit [Ping timeout]
12:56:40 -!- reification has quit [Signed off]
13:11:04 -!- skram has quit [Ping timeout]
13:11:48 -!- reification has quit [Ping timeout]
13:21:01 -!- BioPone has quit [Read error: Connection reset by peer]
13:25:18 -!- Rawr|Phone has quit [Read error: Connection reset by peer]
14:24:58 -!- Rial has quit [Signed off]
14:41:40 -!- Micen_ has quit [Ping timeout]
14:50:25 -!- Rawr|Fone has quit [Ping timeout]
14:51:32 -!- Runbunny has quit [Signed off]
15:08:23 -!- Rawr|Fone has quit [Ping timeout]
15:12:24 -!- BioPhone has quit [EOF from client]
15:43:40 -!- reification has quit [Signed off]
15:47:09 -!- Micen_ has quit [Read error: Connection reset by peer]
16:14:13 -!- reification has quit [Signed off]
16:23:12 -!- Rawr|Fone has quit [Ping timeout]
16:30:53 -!- Rawr|Phone has quit [Ping timeout]
16:37:09 -!- Rawr|Fone has quit [Ping timeout]
16:53:01 -!- Micen_ has quit [Read error: Connection reset by peer]
17:04:06 -!- Rawr|Fone has quit [Ping timeout]
17:12:18 -!- BioPhone has quit [EOF from client]
17:21:59 -!- Rawr|Fone has quit [Ping timeout]
17:43:53 -!- Rawr|Fone has quit [Ping timeout]
17:59:11 -!- Micen_ has quit [EOF from client]
18:18:18 -!- Rawr|Fone has quit [Ping timeout]
18:49:12 -!- Rawr|Fone has quit [Ping timeout]
18:49:31 -!- Rawr|Phone has quit [Ping timeout]
19:02:12 -!- Dot|Phone has quit [Signed off]
19:28:04 -!- Rawr|Fone has quit [Ping timeout]
19:30:44 -!- Golly has quit [Ping timeout]
19:50:04 -!- BioPhone has quit [EOF from client]
20:10:40 -!- BioPhone has quit [Ping timeout]
20:22:19 -!- BioPone has quit [Read error: Connection reset by peer]
20:37:09 -!- Rawr|Fone has quit [Ping timeout]
21:03:28 -!- Rawr|Fone has quit [Ping timeout]
21:38:46 -!- Rawr|Fone has quit [Ping timeout]
21:54:29 -!- skrm has quit [Ping timeout]
22:04:13 -!- BioPone has quit [EOF from client]
22:12:00 -!- Rawr|Fone has quit [Ping timeout]
22:42:58 -!- Rial has quit [Signed off]
22:52:25 -!- Rawr|Fone has quit [Ping timeout]
23:24:27 -!- Rawr|Fone has quit [Ping timeout]
23:35:12 -!- Rawr|Fone has quit [Ping timeout]
