00:25:49 -!- Rawr|Fone has quit [Ping timeout]
00:34:01 -!- BioWork has quit [Ping timeout]
00:34:01 -!- BioPone has quit [Read error: Connection reset by peer]
00:48:36 -!- Rawr|Fone has quit [Ping timeout]
01:00:45 -!- Dot|Phone has quit [Signed off]
01:09:03 -!- Runbunny has quit [Signed off]
01:09:19 -!- carcinisation has quit [Signed off]
01:34:30 -!- Bio has quit [Ping timeout]
01:40:23 -!- BioPone has quit [Read error: Connection reset by peer]
01:49:31 -!- tredc has quit [Signed off]
02:49:19 -!- Crisium has quit [Signed off]
03:29:09 -!- BioPone has quit [Read error: Connection reset by peer]
03:57:00 -!- Cane has quit [Signed off]
04:15:07 -!- Rawr|Fone has quit [Ping timeout]
04:22:59 -!- Camail has quit [Signed off]
04:37:36 -!- DuB` has quit [Signed off]
05:21:18 -!- skram has quit [Ping timeout]
06:54:47 -!- Rawr|Fone has quit [Ping timeout]
08:01:46 -!- Rawr|Fone has quit [Ping timeout]
08:57:42 -!- Rawr|Fone has quit [Ping timeout]
10:09:24 -!- Rawr|Phone has quit [Ping timeout]
13:22:38 -!- BioPone has quit [Read error: Connection reset by peer]
13:31:01 -!- Rawr|Fone has quit [Ping timeout]
13:55:59 -!- reification has quit [Ping timeout]
13:58:29 -!- carcinisation has quit [Ping timeout]
14:06:10 -!- Rawr|Fone has quit [Ping timeout]
14:21:59 -!- reimeuk has quit [Ping timeout]
17:02:21 -!- Micen has quit [Read error: Connection reset by peer]
17:05:03 -!- BioPhone has quit [Ping timeout]
18:17:35 -!- BioPone has quit [Read error: Connection reset by peer]
18:19:32 -!- skram has quit [Ping timeout]
19:15:57 -!- BioPone has quit [EOF from client]
19:37:02 -!- BioPone has quit [EOF from client]
21:00:29 -!- reification has quit [Ping timeout]
21:17:21 -!- Golly has quit [Ping timeout]
22:06:39 -!- skrma has quit [Ping timeout]
22:25:13 -!- skram has quit [Ping timeout]
22:33:56 -!- BioPone has quit [Read error: Connection reset by peer]
23:06:46 -!- Micen has quit [EOF from client]
23:07:13 -!- Rawr|Fone has quit [Ping timeout]
23:26:55 -!- Zounds has quit [Ping timeout]
23:44:29 -!- carcinisation has quit [Ping timeout]
