00:39:26 -!- Runbunny has quit [Signed off]
01:04:33 -!- skram has quit [Ping timeout]
01:18:49 -!- Camail has quit [Signed off]
01:30:04 -!- tredc has quit [Signed off]
01:39:53 -!- BioPone has quit [EOF from client]
02:08:23 -!- Dot|Phone has quit [Signed off]
02:09:30 -!- Micen has quit [Read error: Connection reset by peer]
02:16:06 -!- BioPone has quit [Read error: Connection reset by peer]
02:28:53 -!- BioPone has quit [Signed off]
02:48:47 -!- Rawr|Fone has quit [Ping timeout]
03:27:20 -!- Micen has quit [Ping timeout]
04:11:20 -!- Micen_ has quit [Read error: Connection reset by peer]
04:41:36 -!- Rawr|Fone has quit [Ping timeout]
05:09:02 -!- Westy543 has quit [Signed off]
05:17:15 -!- Micen_ has quit [Ping timeout]
05:59:53 -!- DuB` has quit [Signed off]
06:07:05 -!- Rawr|Fone has quit [Ping timeout]
06:58:38 -!- Rawr|Fone has quit [Ping timeout]
08:05:20 -!- Rawr|Fone has quit [Ping timeout]
08:20:47 -!- Micen_ has quit [EOF from client]
09:15:14 -!- Dot|Phone has quit [Signed off]
10:06:01 -!- reification has quit [Ping timeout]
10:12:01 -!- carcinisation has quit [Ping timeout]
10:21:39 -!- reification has quit [Read error: Connection reset by peer]
10:37:39 -!- Rawr|Fone has quit [Ping timeout]
11:58:09 -!- Micen has quit [Read error: Connection reset by peer]
14:12:19 -!- Rawr|Fone has quit [Ping timeout]
14:57:14 -!- BioPhone has quit [EOF from client]
15:39:05 -!- Cane has quit [Signed off]
15:45:24 -!- Rawr|Fone has quit [Ping timeout]
16:35:53 -!- Rawr|Fone has quit [Ping timeout]
16:55:05 -!- Rawr|Fone has quit [Ping timeout]
17:44:01 -!- BioPhone has quit [EOF from client]
17:54:03 -!- BioPhone has quit [EOF from client]
18:05:13 -!- Rawr|Fone has quit [Ping timeout]
18:22:32 -!- Rawr|Fone has quit [Ping timeout]
18:39:36 -!- Rawr|Fone has quit [Ping timeout]
20:21:56 -!- BioPhone has quit [EOF from client]
20:45:08 -!- Rawr|Phone has quit [Read error: Connection reset by peer]
20:45:09 -!- BioPone has quit [Read error: Connection reset by peer]
20:53:48 -!- Micen|Droid has quit [Read error: Connection reset by peer]
20:54:22 -!- Rawr|Fone has quit [Ping timeout]
21:38:32 -!- Rawr|Fone has quit [Ping timeout]
21:48:11 -!- Zounds has quit [Ping timeout]
22:11:56 -!- Rawr|Fone has quit [Ping timeout]
22:24:50 -!- Rawr|Fone has quit [Ping timeout]
22:24:52 -!- Mousen|Droid has quit [Read error: Connection reset by peer]
22:28:56 -!- Dot|Phone has quit [Signed off]
22:32:49 -!- skram has quit [Ping timeout]
22:46:54 -!- Micen has quit [Ping timeout]
22:50:44 -!- Golly has quit [Ping timeout]
22:52:24 -!- Dot` has quit [Ping timeout]
23:04:09 -!- reification has quit [Signed off]
23:49:14 -!- Runbunny has quit [Signed off]
23:55:09 -!- Micen has quit [Ping timeout]
