00:03:41 -!- Runbunny has quit [Read error: Connection reset by peer]
00:21:51 -!- tredc has quit [Signed off]
01:19:51 -!- skram has quit [Ping timeout]
01:31:36 -!- Rawr|Fone has quit [Signed off]
02:29:13 -!- Dot` has quit [Ping timeout]
04:35:50 -!- DuB` has quit [Signed off]
06:06:49 -!- Cane has quit [Signed off]
08:35:58 -!- CellRoach has quit [Signed off]
09:10:29 -!- Rawr|Fone has quit [Read error: Connection reset by peer]
11:46:02 -!- skram has quit [Ping timeout]
12:47:10 -!- BioPhone has quit [EOF from client]
12:50:48 -!- BioPhone has quit [EOF from client]
13:00:38 -!- BioPhone has quit [EOF from client]
13:06:53 -!- BioPhone has quit [EOF from client]
13:40:22 -!- BioPhone has quit [EOF from client]
17:36:09 -!- BioPhone has quit [EOF from client]
17:39:58 -!- BioPhone has quit [EOF from client]
17:48:17 -!- Rawr|Fone has quit [Signed off]
17:52:45 -!- BioPhone has quit [Ping timeout]
19:51:32 -!- Golly has quit [Ping timeout]
21:06:19 -!- skrm has quit [Ping timeout]
21:13:38 -!- BioPone has quit [Ping timeout]
21:14:01 -!- BioPhone has quit [Ping timeout]
21:46:31 -!- reification has quit [Signed off]
21:53:12 -!- Golly has quit [Ping timeout]
22:34:49 -!- BioPone has quit [EOF from client]
22:53:56 -!- BioPone has quit [EOF from client]
23:44:25 -!- BioPone has quit [EOF from client]
