00:14:13 -!- Crisium has quit [Signed off]
00:37:15 -!- Rawr|Fone has quit [Ping timeout]
00:45:25 -!- Runbunny has quit [Read error: Connection reset by peer]
00:51:33 -!- Rawr|Fone has quit [Ping timeout]
00:54:15 -!- tredc has quit [Signed off]
02:10:23 -!- Dot|Phone has quit [Signed off]
03:28:06 -!- Rawr|Fone has quit [Ping timeout]
03:46:26 -!- Camail has quit [Signed off]
04:32:08 -!- Micen_ has quit [EOF from client]
04:46:21 -!- DuB` has quit [Signed off]
04:58:01 -!- skrm has quit [Ping timeout]
05:19:48 -!- Rawr|Fone has quit [Ping timeout]
06:17:08 -!- Rawr|Fone has quit [Ping timeout]
06:51:06 -!- skram has quit [Ping timeout]
07:03:45 -!- Rawr|Fone has quit [Ping timeout]
07:38:38 -!- Micen_ has quit [Read error: Connection reset by peer]
07:55:43 -!- Rawr|Fone has quit [Ping timeout]
07:58:59 -!- Dot` has quit [Ping timeout]
10:08:09 -!- reification has quit [Ping timeout]
10:31:42 -!- Dot|Phone has quit [Signed off]
10:38:26 -!- Rawr|Phone has quit [Read error: Connection reset by peer]
10:45:26 -!- Micen_ has quit [EOF from client]
11:03:29 -!- Rawr|Fone has quit [Ping timeout]
11:47:02 -!- Micen_ has quit [Read error: Connection reset by peer]
11:56:09 -!- Rawr|Fone has quit [Ping timeout]
12:14:21 -!- Rawr|Fone has quit [Ping timeout]
12:49:51 -!- Rawr|Fone has quit [Ping timeout]
13:17:14 -!- Rawr|Fone has quit [Ping timeout]
13:32:27 -!- Rawr|Fone has quit [Ping timeout]
14:46:39 -!- carcinisation has quit [Ping timeout]
14:52:57 -!- Rawr|Fone has quit [Ping timeout]
14:53:12 -!- Micen_ has quit [Read error: Connection reset by peer]
15:53:22 -!- Rawr|Fone has quit [Ping timeout]
15:59:09 -!- reification has quit [Ping timeout]
16:19:43 -!- Rawr|Fone has quit [Ping timeout]
16:24:39 -!- carcinisation has quit [Ping timeout]
17:08:29 -!- Rawr|Fone has quit [Ping timeout]
17:29:08 -!- Rawr|Fone has quit [Ping timeout]
17:40:33 -!- Rawr|Fone has quit [Ping timeout]
18:02:07 -!- Rawr|Fone has quit [Read error: Connection reset by peer]
18:08:21 -!- Rawr|Fone has quit [Ping timeout]
18:57:35 -!- Micen_ has quit [EOF from client]
19:19:36 -!- Rawr|Fone has quit [Ping timeout]
19:49:12 -!- Rawr|Fone has quit [Ping timeout]
19:58:10 -!- Micen_ has quit [EOF from client]
20:16:15 -!- Rawr|Fone has quit [Ping timeout]
20:26:27 -!- Rawr|Fone has quit [Ping timeout]
20:59:21 -!- Micen_ has quit [Read error: Connection reset by peer]
21:16:34 -!- Zounds has quit [Ping timeout]
21:48:37 -!- Rawr|Fone has quit [Ping timeout]
21:49:39 -!- skram has quit [Ping timeout]
22:00:34 -!- Rawr|Fone has quit [Ping timeout]
22:10:50 -!- Rawr|Fone has quit [Ping timeout]
22:29:25 -!- Golly has quit [Ping timeout]
22:34:02 -!- DoT` has quit [Ping timeout]
22:56:45 -!- Crisium has quit [Ping timeout]
22:58:25 -!- Crisium|2 has quit [Ping timeout]
23:01:13 -!- reification has quit [Signed off]
23:02:05 -!- Micen_ has quit [Read error: Connection reset by peer]
23:36:42 -!- Rawr|Fone has quit [Ping timeout]
23:47:23 -!- tredc has quit [Signed off]
23:51:08 -!- Golly has quit [Read error: Connection reset by peer]
