00:15:07 -!- Runbunny has quit [Signed off]
01:50:17 -!- Camail has quit [Signed off]
01:58:06 -!- skram has quit [Ping timeout]
02:24:52 -!- Rawr|Fone has quit [Signed off]
02:43:13 -!- skram has quit [Signed off]
02:53:38 -!- DoT` has quit [Ping timeout]
02:55:37 -!- Golly has quit [Ping timeout]
05:35:54 -!- Bio has quit [Ping timeout]
05:42:49 -!- DuB` has quit [Signed off]
07:35:24 -!- BioPone has quit [EOF from client]
07:50:09 -!- BioPone has quit [EOF from client]
08:06:20 -!- BioPone has quit [EOF from client]
08:41:38 -!- BioPone has quit [EOF from client]
08:49:38 -!- BioPone has quit [EOF from client]
08:57:23 -!- BioPone has quit [Read error: Connection reset by peer]
09:20:14 -!- BioPone has quit [EOF from client]
15:44:53 -!- Cane has quit [Signed off]
16:42:24 -!- Dot|Phone has quit [Signed off]
17:51:03 -!- skram has quit [Ping timeout]
18:04:13 -!- Golly has quit [Ping timeout]
21:32:24 -!- Dot|Phone has quit [Signed off]
22:20:26 -!- Micen_ has quit [Ping timeout]
22:29:00 -!- Dot` has quit [Ping timeout]
23:36:26 -!- reification has quit [Signed off]
23:50:55 -!- Runbunny has quit [Signed off]
