00:48:41 -!- DuB` has quit [Ping timeout]
00:55:32 -!- Rawr|Fone has quit [*.net *.split]
00:55:32 -!- Dot|Phone has quit [*.net *.split]
01:52:41 -!- Dot|Phone has quit [Signed off]
01:57:45 -!- Rawr|Fone has quit [Signed off]
03:35:45 -!- Crisium has quit [Read error: Connection reset by peer]
03:43:37 -!- skram has quit [Ping timeout]
05:24:33 -!- DvB` has quit [Signed off]
08:25:00 -!- Cane has quit [Signed off]
10:21:24 -!- Rawr|Fone has quit [Signed off]
12:53:14 -!- BioPhone has quit [EOF from client]
15:21:24 -!- Rawr|Fone has quit [Signed off]
16:43:34 -!- Crisium has quit [Read error: Connection reset by peer]
17:10:24 -!- BioPhone has quit [EOF from client]
19:36:17 -!- BioPhone has quit [EOF from client]
20:08:40 -!- Dot` has quit [Ping timeout]
21:34:40 -!- Runbunny has quit [Signed off]
22:17:53 -!- BioPhone has quit [EOF from client]
22:27:43 -!- Golly has quit [Ping timeout]
23:15:43 -!- reification has quit [Signed off]
23:46:35 -!- BioPhone has quit [EOF from client]
