00:03:54 -!- skrma has quit [Ping timeout]
00:16:27 -!- Dot` has quit [Ping timeout]
00:18:15 -!- tredc has quit [Signed off]
03:15:55 -!- Dot|Phone has quit [Signed off]
03:20:53 -!- Rawr|Fone has quit [Signed off]
03:49:53 -!- Crisium has quit [Signed off]
03:58:27 -!- Camail has quit [Signed off]
07:29:51 -!- DuB` has quit [Signed off]
11:41:59 -!- Dot|Phone has quit [Signed off]
12:45:13 -!- reify has quit [Signed off]
12:52:34 -!- Mousen|Droid has quit [Read error: Connection reset by peer]
13:07:26 -!- Micen|Droid has quit [Read error: Connection reset by peer]
13:14:17 -!- Mousen|Droid has quit [Ping timeout]
13:21:01 -!- Micen|Droid has quit [Ping timeout]
13:21:54 -!- Mousen|Droid has quit [Ping timeout]
13:33:25 -!- Micen|droid2 has quit [Ping timeout]
13:34:13 -!- Micen|Droid has quit [Ping timeout]
13:56:18 -!- Mousen|Droid has quit [Ping timeout]
15:22:17 -!- reify has quit [Signed off]
16:16:12 -!- Micen|Droid has quit [Read error: Connection reset by peer]
16:49:22 -!- Dot|Phone has quit [Signed off]
16:54:39 -!- BioPone has quit [Read error: Connection reset by peer]
17:03:57 -!- tredc has quit [EOF from client]
17:11:33 -!- Crisium has quit [Ping timeout]
17:40:30 -!- Rawr|Fone has quit [Signed off]
17:43:01 -!- Crisium|2 has quit [Read error: Connection reset by peer]
17:50:59 -!- Mousen|Droid has quit [Read error: Connection reset by peer]
18:23:36 -!- Micen|Droid has quit [Read error: Connection reset by peer]
18:58:41 -!- Golly has quit [Ping timeout]
19:01:58 -!- Mousen|Droid has quit [Read error: Connection reset by peer]
21:05:28 -!- Dot|Phone has quit [Signed off]
21:51:02 -!- Micen|Droid has quit [Read error: Connection reset by peer]
22:23:45 -!- Mousen|Droid has quit [Read error: Connection reset by peer]
22:37:39 -!- Cane has quit [Signed off]
23:02:04 -!- Micen|Droid has quit [Read error: Connection reset by peer]
23:14:22 -!- Mousen|Droid has quit [Read error: Connection reset by peer]
23:19:19 -!- reification has quit [Signed off]
23:28:51 -!- Micen|Droid has quit [Read error: Connection reset by peer]
23:34:55 -!- Mousen|Droid has quit [Ping timeout]
23:43:57 -!- Micen|Droid has quit [Read error: Connection reset by peer]
