00:10:14 -!- carcinisation has quit [Signed off]
00:40:28 -!- Dot|Phone has quit [Signed off]
00:51:22 -!- tredc has quit [Signed off]
01:50:04 -!- BioPone has quit [Ping timeout]
02:20:40 -!- Rawr|Fone has quit [Ping timeout]
02:29:01 -!- BioPone has quit [EOF from client]
02:36:11 -!- BioPone has quit [EOF from client]
03:08:25 -!- BioPone has quit [Read error: Connection reset by peer]
03:22:57 -!- Camail has quit [Signed off]
03:48:19 -!- Dot` has quit [Ping timeout]
04:50:28 -!- Rawr|Fone has quit [Ping timeout]
05:16:34 -!- DuB` has quit [Signed off]
06:46:47 -!- Rawr|Fone has quit [Ping timeout]
09:25:34 -!- Rawr|Fone has quit [Ping timeout]
09:43:53 -!- Rawr|Fone has quit [Ping timeout]
10:04:03 -!- Rawr|Fone has quit [Ping timeout]
10:28:58 -!- Rawr|Fone has quit [Ping timeout]
11:29:36 -!- Micen has quit [Read error: Connection reset by peer]
11:46:23 -!- reification has quit [Ping timeout]
11:52:08 -!- Cane has quit [Signed off]
12:13:16 -!- Rawr|Fone has quit [Ping timeout]
12:32:13 -!- Micen has quit [EOF from client]
12:58:28 -!- Rawr|Fone has quit [Ping timeout]
14:10:16 -!- Rial has quit [Signed off]
14:33:22 -!- Rawr|Fone has quit [Ping timeout]
14:52:27 -!- Rawr|Fone has quit [Ping timeout]
15:11:04 -!- Rawr|Fone has quit [Ping timeout]
15:53:26 -!- BioPone has quit [EOF from client]
15:57:29 -!- BioPone has quit [Read error: Connection reset by peer]
17:19:42 -!- Rawr|Fone has quit [Ping timeout]
17:50:28 -!- Rawr|Fone has quit [Ping timeout]
18:01:52 -!- BioPone has quit [Read error: Connection reset by peer]
18:58:34 -!- Rawr|Fone has quit [Ping timeout]
19:10:35 -!- skram has quit [Ping timeout]
19:18:59 -!- Rawr|Fone has quit [Ping timeout]
19:19:15 -!- Rawr|Phone has quit [Ping timeout]
19:29:55 -!- skrma has quit [Ping timeout]
19:38:31 -!- Micen has quit [Read error: Connection reset by peer]
20:13:33 -!- Crisium has quit [Ping timeout]
20:15:42 -!- Dot|Phone has quit [Signed off]
21:34:16 -!- Rawr|Fone has quit [Ping timeout]
21:44:03 -!- Rawr|Fone has quit [Ping timeout]
21:48:43 -!- BioPhone has quit [Read error: Connection reset by peer]
21:55:20 -!- BioPone has quit [Ping timeout]
22:22:21 -!- Golly has quit [Ping timeout]
22:41:08 -!- Micen has quit [Read error: Connection reset by peer]
22:41:53 -!- Rial has quit [Signed off]
23:28:06 -!- Runbunny has quit [Signed off]
23:42:20 -!- Micen has quit [EOF from client]
23:52:38 -!- Rawr|Fone has quit [Ping timeout]
