00:00:32 -!- BioPone has quit [EOF from client]
01:04:48 -!- tredc has quit [Signed off]
01:04:49 -!- BioPone has quit [Read error: Connection reset by peer]
01:22:18 -!- Rawr|Fone has quit [Ping timeout]
01:58:40 -!- Runbunny has quit [Signed off]
02:02:02 -!- skram has quit [Ping timeout]
02:14:31 -!- Micen_ has quit [Read error: Connection reset by peer]
03:14:13 -!- Rawr|Fone has quit [Ping timeout]
03:31:15 -!- Crisium has quit [Signed off]
04:05:44 -!- Dot` has quit [Ping timeout]
05:08:57 -!- Rawr|Fone has quit [Ping timeout]
05:46:39 -!- Rawr|Fone has quit [Ping timeout]
05:48:00 -!- DuB` has quit [Signed off]
06:46:05 -!- Rawr|Fone has quit [Ping timeout]
07:58:39 -!- Camail has quit [Signed off]
08:22:35 -!- Micen_ has quit [Read error: Connection reset by peer]
08:34:24 -!- Rawr|Fone has quit [Ping timeout]
09:10:10 -!- Rawr|Fone has quit [Ping timeout]
09:29:26 -!- Rawr|Fone has quit [Ping timeout]
10:13:30 -!- Rawr|Fone has quit [Ping timeout]
10:39:09 -!- Rawr|Fone has quit [Ping timeout]
11:29:40 -!- Rawr|Fone has quit [Ping timeout]
12:44:59 -!- Golly has quit [Ping timeout]
13:34:55 -!- BioPone has quit [Read error: Connection reset by peer]
13:46:42 -!- Rawr|Fone has quit [Ping timeout]
14:23:07 -!- Rial has quit [Signed off]
15:33:10 -!- Rawr|Phone has quit [Ping timeout]
15:43:58 -!- skram has quit [Ping timeout]
16:04:24 -!- BioPhone has quit [EOF from client]
16:20:19 -!- Dot|Phone has quit [Signed off]
16:59:17 -!- Rawr|Fone has quit [Ping timeout]
17:22:29 -!- reify has quit [Signed off]
18:38:44 -!- BioPhone has quit [EOF from client]
18:55:35 -!- reification has quit [Ping timeout]
19:07:38 -!- carcinisation has quit [Signed off]
20:22:13 -!- Rawr|Fone has quit [Ping timeout]
20:33:56 -!- Rawr|Fone has quit [Ping timeout]
21:01:54 -!- skrma has quit [Ping timeout]
21:28:21 -!- Rawr|Fone has quit [Ping timeout]
21:34:43 -!- Cane has quit [Signed off]
21:41:30 -!- BioPhone has quit [Ping timeout]
22:00:28 -!- BioPone has quit [Read error: Connection reset by peer]
22:29:47 -!- Rawr|Fone has quit [Ping timeout]
22:45:27 -!- Rawr|Fone has quit [Ping timeout]
23:27:35 -!- Rawr|Fone has quit [Ping timeout]
23:47:14 -!- Crisium has quit [Ping timeout]
