00:36:25 -!- Rawr|Fone has quit [Signed off]
00:46:17 -!- tredc has quit [Signed off]
01:33:14 -!- Micen has quit [Read error: Connection reset by peer]
02:57:33 -!- skram has quit [Ping timeout]
04:08:24 -!- DuB` has quit [Signed off]
05:29:44 -!- Micen has quit [Ping timeout]
05:58:16 -!- Cane has quit [Signed off]
06:30:03 -!- Camail has quit [Signed off]
08:15:38 -!- Golly has quit [Ping timeout]
08:58:31 -!- Micen_ has quit [Read error: Connection reset by peer]
13:14:35 -!- BioPone has quit [EOF from client]
13:19:44 -!- Runbunny has quit [Signed off]
13:27:19 -!- BioPone has quit [EOF from client]
13:32:51 -!- BioPone has quit [EOF from client]
14:00:47 -!- BioPone has quit [EOF from client]
14:09:21 -!- BioPone has quit [Read error: Connection reset by peer]
14:28:25 -!- Rawr|Fone has quit [Signed off]
14:44:29 -!- Micen has quit [Read error: Connection reset by peer]
16:40:07 -!- BioPhone has quit [EOF from client]
17:26:35 -!- BioPhone has quit [Read error: Connection reset by peer]
17:34:36 -!- BioPhone has quit [Ping timeout]
17:56:30 -!- BioPone has quit [EOF from client]
17:59:56 -!- BioPone has quit [EOF from client]
18:10:30 -!- BioPone has quit [EOF from client]
18:17:02 -!- BioPone has quit [EOF from client]
19:47:10 -!- Micen has quit [Read error: Connection reset by peer]
20:34:19 -!- Dot|Phone has quit [Signed off]
21:29:20 -!- BioPone has quit [Ping timeout]
22:04:29 -!- BioPone has quit [EOF from client]
22:17:14 -!- BioPone has quit [Ping timeout]
23:18:52 -!- Golly has quit [Ping timeout]
23:37:16 -!- tredc has quit [Ping timeout]
23:41:23 -!- reification has quit [Signed off]
23:45:36 -!- Runbunny has quit [Signed off]
23:49:26 -!- skram has quit [Ping timeout]
23:50:01 -!- Dot` has quit [Ping timeout]
