00:22:01 -!- carcinisation has quit [Signed off]
00:24:24 -!- Rawr|Fone has quit [Ping timeout]
00:48:41 -!- Rawr|Fone has quit [Ping timeout]
00:52:00 -!- Dot` has quit [Ping timeout]
01:26:39 -!- Rawr|Fone has quit [Ping timeout]
01:42:14 -!- tredc has quit [Signed off]
02:08:36 -!- Rawr|Fone has quit [Ping timeout]
03:49:50 -!- Rawr|Fone has quit [Ping timeout]
04:59:47 -!- DuB` has quit [Signed off]
05:46:23 -!- Rial has quit [Signed off]
06:24:18 -!- Micen has quit [Read error: Connection reset by peer]
06:56:58 -!- Rawr|Fone has quit [Ping timeout]
07:26:22 -!- Micen has quit [Read error: Connection reset by peer]
08:12:30 -!- CellRoach has quit [Signed off]
08:28:01 -!- Micen has quit [Read error: Connection reset by peer]
10:42:18 -!- Rawr|Fone has quit [Ping timeout]
10:57:07 -!- Rawr|Phone has quit [Read error: Connection reset by peer]
11:13:25 -!- Camail has quit [Read error: Connection reset by peer]
12:34:02 -!- Micen has quit [Read error: Connection reset by peer]
13:11:03 -!- skram has quit [Ping timeout]
13:17:48 -!- Rawr|Fone has quit [Read error: Connection reset by peer]
13:25:46 -!- BioPone has quit [Read error: Connection reset by peer]
14:04:57 -!- Rial has quit [Signed off]
14:29:11 -!- BioPhone has quit [EOF from client]
14:30:00 -!- Rawr|Phone has quit [Ping timeout]
14:47:56 -!- Rawr|Fone has quit [Ping timeout]
15:21:00 -!- reification has quit [Signed off]
15:38:03 -!- Cane has quit [Signed off]
15:57:28 -!- Rawr|Fone has quit [Ping timeout]
18:50:23 -!- Dot|Phone has quit [Signed off]
20:02:43 -!- Guapo_gf911af5 has quit [Quit]
20:48:49 -!- Golly has quit [Ping timeout]
21:27:16 -!- Rawr|Phone has quit [Ping timeout]
21:28:55 -!- Rawr|Fone has quit [Ping timeout]
21:56:44 -!- skrm has quit [Ping timeout]
22:24:55 -!- Rawr|Fone has quit [Ping timeout]
22:43:07 -!- Rial has quit [Signed off]
22:44:52 -!- Zounds has quit [Signed off]
23:28:53 -!- BioPhone has quit [Ping timeout]
23:44:00 -!- Dot` has quit [Ping timeout]
23:44:00 -!- BioPone has quit [Read error: Connection reset by peer]
23:53:35 -!- reification has quit [Ping timeout]
