00:15:20 -!- reification has quit [Signed off]
00:43:13 -!- Rawr|Fone has quit [Ping timeout]
01:33:07 -!- tredc has quit [Signed off]
01:45:53 -!- Runbunny has quit [Signed off]
01:56:37 -!- Rawr|Fone has quit [Ping timeout]
02:37:35 -!- Rawr|Fone has quit [Ping timeout]
03:11:37 -!- Rawr|Fone has quit [Ping timeout]
04:13:56 -!- Crisium has quit [Signed off]
04:58:56 -!- Rawr|Fone has quit [Ping timeout]
05:31:54 -!- Rawr|Fone has quit [Ping timeout]
05:45:45 -!- DuB` has quit [Signed off]
05:50:32 -!- skrm has quit [Signed off]
06:31:48 -!- Dot` has quit [Ping timeout]
07:39:15 -!- Camail has quit [Read error: Connection reset by peer]
07:53:10 -!- Rial has quit [Signed off]
07:54:45 -!- Rawr|Phone has quit [Ping timeout]
08:16:00 -!- Micen has quit [Ping timeout]
10:06:36 -!- Rawr|Fone has quit [Ping timeout]
10:48:35 -!- Rawr|Fone has quit [Ping timeout]
10:51:36 -!- Rial has quit [Ping timeout]
11:06:20 -!- Rawr|Fone has quit [Ping timeout]
11:22:43 -!- Rawr|Fone has quit [Ping timeout]
11:30:37 -!- reification has quit [Ping timeout]
11:42:19 -!- Rawr|Fone has quit [Ping timeout]
12:13:19 -!- skram has quit [Ping timeout]
12:46:38 -!- Rawr|Fone has quit [Ping timeout]
12:58:28 -!- Rawr|Fone has quit [Ping timeout]
13:01:37 -!- carcinisation has quit [Ping timeout]
13:16:49 -!- BioPone has quit [Read error: Connection reset by peer]
13:58:50 -!- Rial has quit [Signed off]
14:06:14 -!- Rawr|Fone has quit [Ping timeout]
14:55:25 -!- BioPhone has quit [EOF from client]
15:54:22 -!- Rawr|Fone has quit [Ping timeout]
16:11:07 -!- reimeuk has quit [Ping timeout]
16:14:37 -!- reification has quit [Ping timeout]
16:52:11 -!- Rawr|Fone has quit [Ping timeout]
17:27:46 -!- Rawr|Fone has quit [Read error: Connection reset by peer]
17:33:53 -!- BioPhone has quit [EOF from client]
17:33:57 -!- Rawr|Fone has quit [Ping timeout]
17:53:08 -!- Bio has quit [Ping timeout]
18:09:41 -!- Dot|Phone has quit [Signed off]
18:13:07 -!- carcinisation has quit [Ping timeout]
18:38:09 -!- BioPhone has quit [EOF from client]
18:47:24 -!- Rawr|Fone has quit [Ping timeout]
19:42:01 -!- Rawr|Fone has quit [Ping timeout]
19:46:16 -!- Cane has quit [Signed off]
20:45:58 -!- skram has quit [Ping timeout]
20:47:50 -!- Rawr|Fone has quit [Ping timeout]
21:07:32 -!- skrma has quit [Ping timeout]
21:17:21 -!- Rawr|Fone has quit [Ping timeout]
21:41:42 -!- Golly has quit [Ping timeout]
21:52:35 -!- Rawr|Fone has quit [Ping timeout]
22:01:46 -!- Rawr|Fone has quit [Ping timeout]
22:30:47 -!- Rawr|Fone has quit [Ping timeout]
22:40:53 -!- Rial has quit [Signed off]
23:04:57 -!- BioPhone has quit [Ping timeout]
23:04:58 -!- BioPone has quit [Read error: Connection reset by peer]
23:22:01 -!- BioPone has quit [Ping timeout]
23:22:34 -!- Rawr|Fone has quit [Ping timeout]
23:57:37 -!- reification has quit [Ping timeout]
