00:07:43 -!- Camail has quit [Signed off]
00:41:24 -!- Rawr|Fone has quit [Signed off]
00:55:10 -!- Crisium has quit [Ping timeout]
01:14:35 -!- Crisium|2 has quit [Ping timeout]
01:14:47 -!- tredc has quit [Signed off]
01:18:18 -!- BioPhone has quit [EOF from client]
01:23:21 -!- BioPhone has quit [EOF from client]
01:30:40 -!- BioPhone has quit [EOF from client]
01:40:20 -!- BioPhone has quit [EOF from client]
01:52:39 -!- BioPhone has quit [EOF from client]
01:57:20 -!- Dot|Phone has quit [Signed off]
01:57:21 -!- BioPhone has quit [EOF from client]
02:06:05 -!- BioPhone has quit [EOF from client]
02:26:54 -!- BioPhone has quit [EOF from client]
02:32:32 -!- BioPhone has quit [EOF from client]
02:40:04 -!- skram has quit [Ping timeout]
03:14:28 -!- DuB` has quit [Signed off]
04:08:56 -!- BioPhone has quit [EOF from client]
06:09:48 -!- Crisium has quit [Signed off]
06:58:53 -!- BioPhone has quit [EOF from client]
07:01:39 -!- BioPhone has quit [EOF from client]
07:14:47 -!- BioPhone has quit [EOF from client]
08:20:22 -!- BioPhone has quit [EOF from client]
08:45:55 -!- BioPhone has quit [EOF from client]
08:58:51 -!- BioPhone has quit [EOF from client]
09:03:00 -!- BioPhone has quit [EOF from client]
09:57:15 -!- BioPhone has quit [EOF from client]
10:33:25 -!- BioPhone has quit [EOF from client]
10:40:02 -!- BioPhone has quit [EOF from client]
11:10:39 -!- BioPhone has quit [EOF from client]
11:32:24 -!- Dot|Phone has quit [Signed off]
12:16:16 -!- Cane has quit [Signed off]
12:28:52 -!- BioPhone has quit [Ping timeout]
13:42:42 -!- BioPone has quit [EOF from client]
14:04:29 -!- BioPone has quit [EOF from client]
14:16:52 -!- BioPone has quit [EOF from client]
14:36:51 -!- BioPone has quit [Read error: Connection reset by peer]
18:29:47 -!- Rawr|Fone has quit [Signed off]
20:17:04 -!- BioPhone has quit [EOF from client]
20:47:59 -!- Runbunny has quit [Ping timeout]
20:48:22 -!- Dot|Phone has quit [Signed off]
21:04:46 -!- Camail has quit [Ping timeout]
21:13:03 -!- Kittybunny has quit [Signed off]
21:26:48 -!- BioPhone has quit [Read error: Connection reset by peer]
22:21:55 -!- Golly has quit [Ping timeout]
22:26:57 -!- reification has quit [Signed off]
22:44:19 -!- BioPone has quit [EOF from client]
