00:13:08 -!- Runbunny has quit [Signed off]
01:03:13 -!- tredc has quit [Signed off]
01:28:09 -!- reimeuk has quit [Signed off]
01:38:18 -!- Rawr|Fone has quit [Ping timeout]
02:08:28 -!- Rawr|Fone has quit [Ping timeout]
02:34:09 -!- skrm has quit [Host change]
02:41:34 -!- Dot|Phone has quit [Signed off]
02:52:28 -!- Rawr|Fone has quit [Ping timeout]
04:03:47 -!- Crisium has quit [Signed off]
05:10:54 -!- Rawr|Fone has quit [Ping timeout]
05:25:49 -!- Camail has quit [Signed off]
05:30:19 -!- DuB` has quit [Signed off]
06:02:19 -!- skrm has quit [Ping timeout]
06:58:26 -!- Rawr|Fone has quit [Ping timeout]
07:40:20 -!- Rawr|Fone has quit [Ping timeout]
08:04:21 -!- skram has quit [Ping timeout]
08:20:07 -!- Rawr|Fone has quit [Ping timeout]
08:41:19 -!- Rawr|Fone has quit [Ping timeout]
09:06:52 -!- Rawr|Fone has quit [Ping timeout]
09:51:48 -!- Rawr|Phone has quit [Ping timeout]
10:38:37 -!- Rawr|Fone has quit [Ping timeout]
10:58:24 -!- Rawr|Fone has quit [Ping timeout]
12:12:51 -!- Rawr|Fone has quit [Ping timeout]
12:37:10 -!- Rawr|Fone has quit [Ping timeout]
13:33:46 -!- Rawr|Fone has quit [Ping timeout]
13:40:13 -!- Rawr|Fone has quit [Ping timeout]
13:59:28 -!- Rawr|Phone has quit [Read error: Connection reset by peer]
14:04:39 -!- Rial has quit [Signed off]
14:21:34 -!- Rawr|Fone has quit [Ping timeout]
14:22:22 -!- Golly has quit [Ping timeout]
14:33:39 -!- Rawr|Phone has quit [Read error: Connection reset by peer]
14:58:02 -!- BioPhone has quit [EOF from client]
15:27:30 -!- Rawr|Fone has quit [Ping timeout]
15:37:09 -!- BioPhone has quit [EOF from client]
16:10:31 -!- BioPhone has quit [EOF from client]
16:59:26 -!- reification has quit [Ping timeout]
18:35:08 -!- BioPhone has quit [EOF from client]
20:10:57 -!- reification has quit [Ping timeout]
20:13:58 -!- BioPhone has quit [EOF from client]
20:14:48 -!- Rawr|Phone has quit [Ping timeout]
21:05:57 -!- BioPhone has quit [EOF from client]
21:48:28 -!- skram has quit [Ping timeout]
22:32:36 -!- BioPhone has quit [Ping timeout]
22:48:33 -!- BioPone has quit [Read error: Connection reset by peer]
22:51:23 -!- Golly has quit [Ping timeout]
23:22:24 -!- Rawr|Fone has quit [Ping timeout]
