00:06:16 -!- Rawr|Fone has quit [Ping timeout]
00:44:09 -!- Dot` has quit [Ping timeout]
00:50:02 -!- Micen has quit [EOF from client]
01:15:14 -!- Rawr|Fone has quit [Ping timeout]
01:16:55 -!- tredc has quit [Signed off]
01:17:04 -!- Runbunny has quit [Signed off]
01:35:59 -!- skrm has quit [Ping timeout]
02:34:52 -!- Rawr|Fone has quit [Ping timeout]
02:56:13 -!- Micen has quit [Read error: Connection reset by peer]
03:34:19 -!- Westy543 has quit [Signed off]
03:51:33 -!- Crisium has quit [Signed off]
03:54:27 -!- Camail has quit [Signed off]
04:02:02 -!- Micen has quit [EOF from client]
05:06:21 -!- Micen has quit [EOF from client]
05:06:31 -!- Rawr|Fone has quit [Ping timeout]
05:08:15 -!- DuB` has quit [Signed off]
05:30:45 -!- Rawr|Fone has quit [Ping timeout]
05:48:15 -!- skrm has quit [Ping timeout]
06:10:10 -!- Micen has quit [Read error: Connection reset by peer]
07:00:45 -!- skram has quit [Ping timeout]
07:11:02 -!- skrma has quit [Ping timeout]
07:13:17 -!- Micen has quit [EOF from client]
07:51:53 -!- Rawr|Fone has quit [Read error: Connection reset by peer]
08:16:54 -!- Micen has quit [Read error: Connection reset by peer]
09:09:46 -!- Rawr|Phone has quit [Ping timeout]
10:22:15 -!- Micen has quit [EOF from client]
10:29:01 -!- Rawr|Fone has quit [Ping timeout]
10:46:39 -!- Rawr|Fone has quit [Ping timeout]
11:16:19 -!- Rawr|Fone has quit [Ping timeout]
11:25:35 -!- Micen has quit [Read error: Connection reset by peer]
12:28:41 -!- Micen has quit [Read error: Connection reset by peer]
13:03:59 -!- BioPone has quit [Read error: Connection reset by peer]
13:31:08 -!- Micen has quit [Read error: Connection reset by peer]
14:17:06 -!- Rawr|Phone has quit [Read error: Connection reset by peer]
14:22:43 -!- Rial has quit [Signed off]
14:33:13 -!- Micen has quit [Read error: Connection reset by peer]
14:35:06 -!- Rawr|Fone has quit [Ping timeout]
14:51:24 -!- Rawr|Fone has quit [Ping timeout]
15:35:45 -!- Micen has quit [Read error: Connection reset by peer]
16:38:07 -!- Micen has quit [Read error: Connection reset by peer]
17:09:52 -!- Rawr|Fone has quit [Ping timeout]
17:40:28 -!- Micen has quit [EOF from client]
17:58:15 -!- Golly has quit [Ping timeout]
18:43:25 -!- Micen has quit [Read error: Connection reset by peer]
19:16:51 -!- Crisium has quit [Ping timeout]
19:24:20 -!- Crisium|2 has quit [Ping timeout]
19:40:04 -!- reification has quit [Ping timeout]
19:48:31 -!- Micen has quit [Read error: Connection reset by peer]
19:56:34 -!- carcinisation has quit [Ping timeout]
20:18:41 -!- Rawr|Fone has quit [Ping timeout]
20:21:04 -!- reimeuk has quit [Ping timeout]
20:38:24 -!- Rawr|Fone has quit [Ping timeout]
20:47:11 -!- Rawr|Phone has quit [Read error: Connection reset by peer]
20:53:25 -!- Rawr|Fone has quit [Ping timeout]
21:06:35 -!- BioPhone has quit [EOF from client]
21:24:41 -!- Rawr|Fone has quit [Ping timeout]
21:51:42 -!- Camail has quit [Signed off]
21:55:21 -!- Micen has quit [Read error: Connection reset by peer]
22:36:13 -!- BioPhone has quit [EOF from client]
22:36:59 -!- skram has quit [Ping timeout]
22:40:09 -!- Rial has quit [Signed off]
22:57:37 -!- BioPhone has quit [Ping timeout]
22:59:22 -!- Micen has quit [EOF from client]
23:13:14 -!- BioPone has quit [Read error: Connection reset by peer]
23:59:17 -!- BioPhone has quit [Signed off]
