00:04:12 -!- Runbunny has quit [Signed off]
00:32:38 -!- Camail has quit [Signed off]
01:54:36 -!- Dot` has quit [Ping timeout]
01:56:07 -!- Rawr|Fone has quit [Signed off]
05:25:44 -!- DuB` has quit [Signed off]
06:45:01 -!- BioSC has quit [Ping timeout]
08:22:24 -!- CellRoach has quit [Signed off]
12:02:04 -!- reification has quit [Read error: Connection reset by peer]
13:16:02 -!- skrm has quit [Ping timeout]
13:33:21 -!- BioPhone has quit [EOF from client]
14:28:10 -!- BioPhone has quit [EOF from client]
16:05:12 -!- BioPone has quit [Read error: Connection reset by peer]
16:09:41 -!- BioPhone has quit [Ping timeout]
16:35:45 -!- BioPhone has quit [EOF from client]
17:31:22 -!- reification has quit [Ping timeout]
17:38:09 -!- Cane has quit [Signed off]
17:51:52 -!- Rawr|Fone has quit [Signed off]
19:00:32 -!- BioPhone has quit [EOF from client]
19:34:56 -!- BioPhone has quit [EOF from client]
19:38:57 -!- BioPhone has quit [EOF from client]
19:53:11 -!- BioPhone has quit [EOF from client]
20:21:18 -!- BioPhone has quit [EOF from client]
20:40:15 -!- BioPhone has quit [Ping timeout]
21:07:38 -!- BioPone has quit [Read error: Connection reset by peer]
21:37:36 -!- skram has quit [Ping timeout]
22:09:39 -!- carcinisation has quit [Signed off]
22:13:42 -!- Golly has quit [Ping timeout]
23:31:30 -!- Runbunny has quit [Signed off]
