00:39:31 -!- Runbunny has quit [Signed off]
01:15:19 -!- Rawr|Fone has quit [Signed off]
01:52:08 -!- tredc has quit [Signed off]
03:17:49 -!- Dot|Phone has quit [Signed off]
04:50:26 -!- skrm has quit [Ping timeout]
05:06:58 -!- DuB` has quit [Signed off]
07:28:17 -!- skram has quit [Ping timeout]
11:03:17 -!- Dot` has quit [Ping timeout]
13:34:21 -!- BioPhone has quit [EOF from client]
14:06:36 -!- Rawr|Fone has quit [Signed off]
17:53:38 -!- BioPhone has quit [EOF from client]
18:26:22 -!- Dot` has quit [Ping timeout]
19:02:43 -!- Dot` has quit [Ping timeout]
19:33:43 -!- BioPhone has quit [EOF from client]
20:08:30 -!- reification has quit [Signed off]
20:15:43 -!- skram has quit [Ping timeout]
20:32:39 -!- BioPhone has quit [EOF from client]
20:42:27 -!- BioPhone has quit [Ping timeout]
21:42:49 -!- Dot|Phone has quit [Signed off]
21:53:56 -!- Dot` has quit [Ping timeout]
21:56:04 -!- Cane has quit [Signed off]
22:55:49 -!- BioPone has quit [EOF from client]
22:58:55 -!- BioPone has quit [EOF from client]
23:04:21 -!- BioPone has quit [EOF from client]
23:14:27 -!- BioPone has quit [EOF from client]
23:19:29 -!- BioPone has quit [EOF from client]
23:31:49 -!- Golly has quit [Signed off]
23:38:22 -!- Runbunny has quit [Read error: Connection reset by peer]
23:50:40 -!- Micen has quit [Ping timeout]
