00:03:25 -!- reification has quit [Signed off]
00:40:06 -!- Rawr|Fone has quit [Signed off]
00:43:54 -!- tredc has quit [Signed off]
01:21:06 -!- Crisium has quit [Signed off]
02:01:02 -!- Cane has quit [Signed off]
02:01:56 -!- Dot|Phone has quit [Signed off]
02:34:04 -!- skram has quit [Ping timeout]
06:09:45 -!- DuB` has quit [Signed off]
06:52:04 -!- CellRoach has quit [Signed off]
07:13:18 -!- Camail has quit [Signed off]
08:12:40 -!- Golly has quit [Read error: Connection reset by peer]
09:13:17 -!- Dot` has quit [Ping timeout]
09:28:49 -!- Dot|Phone has quit [Signed off]
12:08:30 -!- Cane has quit [Read error: Connection reset by peer]
12:08:31 -!- BioPone has quit [Read error: Connection reset by peer]
12:10:30 -!- Cane has quit [Read error: Connection reset by peer]
12:12:30 -!- Cane has quit [Read error: Connection reset by peer]
13:29:18 -!- BioPhone has quit [EOF from client]
15:42:57 -!- BioPhone has quit [EOF from client]
16:26:03 -!- BioPhone has quit [EOF from client]
16:27:18 -!- Dot` has quit [Ping timeout]
16:49:27 -!- BioPhone has quit [Read error: Connection reset by peer]
17:42:41 -!- BioPone has quit [EOF from client]
18:57:17 -!- reification has quit [Read error: Connection reset by peer]
19:29:11 -!- reification has quit [Ping timeout]
20:28:49 -!- Dot|Phone has quit [Signed off]
21:24:19 -!- BioPone has quit [Ping timeout]
22:43:16 -!- BioPone has quit [EOF from client]
22:47:20 -!- BioPone has quit [EOF from client]
22:54:55 -!- BioPone has quit [EOF from client]
23:13:50 -!- Runbunny has quit [Ping timeout]
23:20:04 -!- reification has quit [Signed off]
23:26:26 -!- tredc has quit [Signed off]
