00:22:57 -!- Cane has quit [Signed off]
00:23:29 -!- Rawr|Fone has quit [Signed off]
00:40:34 -!- Runbunny has quit [Signed off]
01:12:25 -!- tredc has quit [Signed off]
01:42:24 -!- Dot|Phone has quit [Signed off]
02:17:28 -!- reification has quit [Signed off]
03:12:23 -!- BioSC has quit [Ping timeout]
05:11:48 -!- Camail has quit [Signed off]
05:41:48 -!- DoT` has quit [Ping timeout]
05:55:34 -!- skrm has quit [Ping timeout]
08:47:32 -!- skram has quit [Ping timeout]
09:37:56 -!- DuB` has quit [Signed off]
11:32:45 -!- Dot|Phone has quit [Signed off]
12:18:25 -!- Dot` has quit [Ping timeout]
14:16:07 -!- Cane has quit [Read error: Connection reset by peer]
16:06:50 -!- reification has quit [Ping timeout]
16:09:50 -!- carcinisation has quit [Ping timeout]
17:18:40 -!- skram has quit [Ping timeout]
17:33:29 -!- Rawr|Fone has quit [Signed off]
20:59:55 -!- Dot` has quit [Ping timeout]
21:46:45 -!- Golly has quit [Signed off]
