00:00:58 -!- Golly has quit [Ping timeout]
00:09:06 -!- Rawr|Fone has quit [Ping timeout]
00:28:32 -!- Rawr|Fone has quit [Ping timeout]
00:58:12 -!- BioPhone has quit [EOF from client]
01:01:16 -!- BioPhone has quit [EOF from client]
01:12:38 -!- tredc has quit [Signed off]
01:26:37 -!- skram has quit [Ping timeout]
01:34:31 -!- reification has quit [Signed off]
01:57:05 -!- Rawr|Fone has quit [Ping timeout]
02:06:31 -!- Rawr|Fone has quit [Ping timeout]
02:28:51 -!- Rawr|Fone has quit [Ping timeout]
02:54:00 -!- Rawr|Fone has quit [Ping timeout]
03:16:32 -!- Runbunny has quit [Signed off]
03:22:50 -!- Crisium has quit [Read error: Operation timed out]
03:23:11 -!- Rawr|Fone has quit [Ping timeout]
03:28:18 -!- Crisium|2 has quit [Signed off]
03:40:48 -!- Dot` has quit [Ping timeout]
03:55:11 -!- Rawr|Fone has quit [Ping timeout]
04:05:58 -!- Micen has quit [Ping timeout]
04:21:10 -!- Rawr|Fone has quit [Ping timeout]
04:31:28 -!- Rawr|Fone has quit [Ping timeout]
04:51:52 -!- Rawr|Fone has quit [Ping timeout]
05:02:09 -!- Rawr|Fone has quit [Ping timeout]
05:15:17 -!- Rawr|Fone has quit [Ping timeout]
05:31:13 -!- Micen has quit [Ping timeout]
05:58:05 -!- Rawr|Fone has quit [Ping timeout]
06:10:35 -!- Rawr|Fone has quit [Ping timeout]
06:12:06 -!- Camail has quit [Read error: Connection reset by peer]
06:29:23 -!- Cane has quit [Signed off]
06:29:41 -!- DuB` has quit [Signed off]
06:40:58 -!- BioPhone has quit [Read error: Connection reset by peer]
06:48:20 -!- Micen has quit [Ping timeout]
06:48:35 -!- Rawr|Fone has quit [Ping timeout]
07:06:05 -!- Rawr|Fone has quit [Ping timeout]
07:16:13 -!- Rawr|Fone has quit [Ping timeout]
07:57:04 -!- Rawr|Fone has quit [Ping timeout]
08:03:13 -!- Micen has quit [Ping timeout]
09:16:02 -!- Micen has quit [Ping timeout]
09:52:30 -!- Rawr|Fone has quit [Read error: Connection reset by peer]
10:03:15 -!- skram has quit [Ping timeout]
10:28:13 -!- Micen has quit [Ping timeout]
11:17:39 -!- Golly has quit [Ping timeout]
11:39:56 -!- Micen has quit [Ping timeout]
12:30:03 -!- BioPone has quit [EOF from client]
12:41:27 -!- Rawr|Phone has quit [Ping timeout]
13:11:36 -!- BioPone has quit [Read error: Connection reset by peer]
13:19:25 -!- Rawr|Fone has quit [Ping timeout]
13:26:00 -!- Rawr|Fone has quit [Ping timeout]
13:43:51 -!- Rawr|Fone has quit [Ping timeout]
14:00:50 -!- reification has quit [Ping timeout]
14:11:31 -!- Rial has quit [Signed off]
14:25:20 -!- skram has quit [Ping timeout]
14:55:48 -!- Rawr|Fone has quit [Ping timeout]
15:30:47 -!- Micen has quit [Read error: Connection reset by peer]
16:08:28 -!- skram has quit [Ping timeout]
16:11:04 -!- BioPhone has quit [EOF from client]
16:56:29 -!- Rawr|Fone has quit [Ping timeout]
17:06:42 -!- Rawr|Fone has quit [Ping timeout]
17:10:20 -!- carcinisation has quit [Ping timeout]
17:34:06 -!- Micen has quit [Read error: Connection reset by peer]
18:35:20 -!- reimeuk has quit [Ping timeout]
18:35:49 -!- Micen has quit [Read error: Connection reset by peer]
19:36:46 -!- skrma has quit [Ping timeout]
19:38:41 -!- Micen has quit [Read error: Connection reset by peer]
20:12:23 -!- BioPhone has quit [EOF from client]
20:19:58 -!- Rawr|Phone has quit [Read error: Connection reset by peer]
20:31:38 -!- Dot|Phone has quit [Signed off]
20:37:50 -!- carcinisation has quit [Ping timeout]
20:40:36 -!- Rawr|Fone has quit [Ping timeout]
20:53:56 -!- Rawr|Fone has quit [Ping timeout]
21:16:14 -!- Rawr|Fone has quit [Ping timeout]
21:41:10 -!- Rawr|Fone has quit [Ping timeout]
21:42:14 -!- Micen has quit [EOF from client]
21:43:50 -!- reimeuk has quit [Ping timeout]
21:55:30 -!- Golly has quit [Ping timeout]
22:03:34 -!- Rawr|Fone has quit [Ping timeout]
22:19:13 -!- BioPhone has quit [EOF from client]
22:25:51 -!- BioPhone has quit [Read error: Connection reset by peer]
22:36:05 -!- Rawr|Fone has quit [Ping timeout]
22:40:53 -!- Rial has quit [Signed off]
22:48:50 -!- BioPone has quit [Ping timeout]
22:55:49 -!- Rawr|Fone has quit [Ping timeout]
23:00:33 -!- BioPone has quit [Read error: Connection reset by peer]
23:33:13 -!- skram has quit [Ping timeout]
23:44:20 -!- carcinisation has quit [Ping timeout]
23:50:55 -!- Rawr|Fone has quit [Ping timeout]
