00:05:48 -!- Runbunny has quit [Read error: Connection reset by peer]
03:27:01 -!- Camail has quit [Signed off]
03:28:07 -!- Micen|Droid has quit [Read error: Connection reset by peer]
03:32:10 -!- Mousen|Droid has quit [Read error: Connection reset by peer]
03:33:04 -!- Micen|Droid has quit [Read error: Connection reset by peer]
03:40:10 -!- skram has quit [Ping timeout]
04:07:07 -!- Crisium has quit [Signed off]
05:42:59 -!- DvB` has quit [Signed off]
06:34:19 -!- Cane has quit [Read error: Connection reset by peer]
07:12:28 -!- Rawr|Fone has quit [Ping timeout]
09:11:35 -!- Mousen|Droid has quit [Read error: Connection reset by peer]
09:23:00 -!- Micen|Droid has quit [Read error: Connection reset by peer]
09:36:26 -!- Rawr|Fone has quit [Ping timeout]
09:48:57 -!- Rawr|Fone has quit [Read error: Connection reset by peer]
10:13:19 -!- Mousen|Droid has quit [Ping timeout]
10:25:46 -!- Micen|Droid has quit [Ping timeout]
10:27:12 -!- Mousen|Droid has quit [Read error: Connection reset by peer]
10:33:13 -!- Micen|droid2 has quit [Ping timeout]
10:37:16 -!- Micen|Droid has quit [Read error: Connection reset by peer]
11:09:02 -!- Mousen|Droid has quit [Ping timeout]
11:22:22 -!- Micen|Droid has quit [Ping timeout]
11:37:24 -!- Rawr|Fone has quit [Ping timeout]
11:45:19 -!- Rawr|Fone has quit [Read error: Connection reset by peer]
11:55:53 -!- Rawr|Fone has quit [Ping timeout]
12:04:21 -!- Mousen|Droid has quit [Read error: Connection reset by peer]
12:05:11 -!- Micen|Droid has quit [Read error: Connection reset by peer]
12:15:24 -!- Rawr|Fone has quit [Ping timeout]
12:25:28 -!- Rawr|Fone has quit [Read error: Connection reset by peer]
12:29:59 -!- Rawr|Fone has quit [Read error: Connection reset by peer]
12:56:41 -!- Rawr|Fone has quit [Read error: Connection reset by peer]
13:19:39 -!- Rawr|Fone has quit [Read error: Connection reset by peer]
13:25:11 -!- Rawr|Fone has quit [Read error: Connection reset by peer]
13:42:09 -!- Rawr|Fone has quit [Ping timeout]
14:17:01 -!- Golly has quit [Ping timeout]
14:56:10 -!- Rawr|Fone has quit [Read error: Connection reset by peer]
15:06:11 -!- Rawr|Fone has quit [Read error: Connection reset by peer]
15:15:02 -!- Rawr|Fone has quit [Ping timeout]
15:43:10 -!- Rawr|Phone has quit [Read error: Connection reset by peer]
15:45:23 -!- Rawr|Fone has quit [Ping timeout]
16:05:22 -!- Rawr|Fone has quit [Read error: Connection reset by peer]
16:14:32 -!- Rawr|Fone has quit [Read error: Connection reset by peer]
16:15:18 -!- Rawr|Fone has quit [Read error: Connection reset by peer]
16:23:29 -!- Rawr|Phone has quit [Read error: Connection reset by peer]
16:29:17 -!- Rawr|Fone has quit [Read error: Connection reset by peer]
16:41:52 -!- Rawr|Fone has quit [Read error: Connection reset by peer]
16:56:02 -!- Rawr|Fone has quit [Read error: Connection reset by peer]
17:10:26 -!- Rawr|Fone has quit [Read error: Connection reset by peer]
17:30:27 -!- Rawr|Fone has quit [Read error: Connection reset by peer]
18:24:59 -!- Rawr|Fone has quit [Read error: Connection reset by peer]
18:49:45 -!- reification has quit [Read error: Connection reset by peer]
19:13:17 -!- Rawr|Fone has quit [Read error: Connection reset by peer]
19:19:04 -!- Rawr|Fone has quit [Read error: Connection reset by peer]
19:39:03 -!- Rawr|Fone has quit [Read error: Connection reset by peer]
19:45:59 -!- Rawr|Fone has quit [Read error: Connection reset by peer]
19:53:02 -!- Rawr|Fone has quit [Read error: Connection reset by peer]
19:59:25 -!- Rawr|Fone has quit [Signed off]
20:07:02 -!- skram has quit [Ping timeout]
20:09:45 -!- Mousen|Droid has quit [Read error: Connection reset by peer]
20:15:44 -!- Micen|Droid has quit [Ping timeout]
20:31:47 -!- Mousen|Droid has quit [Ping timeout]
20:33:20 -!- Micen|Droid has quit [Ping timeout]
20:35:42 -!- Micen|droid2 has quit [Ping timeout]
20:39:10 -!- Mousen|Droid has quit [Ping timeout]
20:40:29 -!- Micen|Droid has quit [Ping timeout]
21:14:29 -!- Micen|Droid has quit [Read error: Connection reset by peer]
21:17:25 -!- Micen|droid2 has quit [Ping timeout]
21:19:51 -!- Mousen|Droid has quit [Read error: Connection reset by peer]
21:23:57 -!- Micen|Droid has quit [Read error: Connection reset by peer]
21:32:55 -!- Mousen|Droid has quit [Ping timeout]
21:43:01 -!- Micen|Droid has quit [Read error: Connection reset by peer]
22:25:21 -!- Golly has quit [Ping timeout]
22:44:56 -!- reify has quit [Signed off]
22:54:35 -!- reification has quit [Signed off]
23:12:22 -!- Dot` has quit [Ping timeout]
