00:15:30 -!- tredc has quit [Signed off]
00:52:01 -!- Micen has quit [EOF from client]
01:48:25 -!- Rawr|Fone has quit [Signed off]
02:02:24 -!- skrma has quit [Ping timeout]
04:52:15 -!- DuB` has quit [Signed off]
05:48:30 -!- Camail has quit [Signed off]
06:17:36 -!- Cane has quit [Signed off]
13:04:41 -!- BioPhone has quit [EOF from client]
13:22:25 -!- Runbunny has quit [Signed off]
16:07:35 -!- BioPhone has quit [Ping timeout]
17:01:26 -!- BioPone has quit [Read error: Connection reset by peer]
17:19:28 -!- BioPhone has quit [EOF from client]
20:52:01 -!- Rawr|Fone has quit [Ping timeout]
21:16:03 -!- BioPhone has quit [EOF from client]
21:24:01 -!- BioPhone has quit [EOF from client]
21:44:50 -!- BioPhone has quit [EOF from client]
21:54:54 -!- skram has quit [Ping timeout]
22:08:37 -!- BioPhone has quit [Ping timeout]
22:50:29 -!- Rawr|Fone has quit [Read error: Connection reset by peer]
22:51:25 -!- Golly has quit [Ping timeout]
22:54:53 -!- Dot|Phone has quit [Ping timeout]
23:03:07 -!- reification has quit [Signed off]
23:07:13 -!- BioPone has quit [EOF from client]
23:16:11 -!- Rawr|Fone has quit [Signed off]
23:18:26 -!- Runbunny has quit [Signed off]
23:24:25 -!- BioPone has quit [EOF from client]
23:30:04 -!- BioPone has quit [EOF from client]
23:45:45 -!- BioPone has quit [Read error: Connection reset by peer]
