00:11:34 -!- tredc has quit [Signed off]
00:20:14 -!- Kittybunny has quit [Signed off]
00:57:26 -!- skrma has quit [Ping timeout]
01:08:48 -!- Zounds has quit [Ping timeout]
01:08:58 -!- Golly has quit [Ping timeout]
02:38:35 -!- Rawr|Fone has quit [Ping timeout]
03:17:12 -!- Dot|Phone has quit [Signed off]
03:20:07 -!- Camail has quit [Signed off]
03:41:58 -!- Rawr|Fone has quit [Ping timeout]
04:27:09 -!- Camail has quit [Signed off]
04:47:59 -!- Rawr|Fone has quit [Ping timeout]
05:03:21 -!- Rawr|Fone has quit [Ping timeout]
05:39:44 -!- Rawr|Fone has quit [Ping timeout]
06:29:48 -!- Rawr|Fone has quit [Ping timeout]
07:10:01 -!- DuB` has quit [Signed off]
08:09:01 -!- Rawr|Fone has quit [Ping timeout]
08:50:44 -!- Rawr|Fone has quit [Ping timeout]
09:45:10 -!- Rawr|Fone has quit [Ping timeout]
10:03:19 -!- Dot` has quit [Ping timeout]
10:11:35 -!- Rawr|Fone has quit [Ping timeout]
12:39:45 -!- Dot|Phone has quit [Signed off]
12:52:23 -!- Cane has quit [Signed off]
13:39:11 -!- Runbunny has quit [Ping timeout]
14:47:01 -!- skram has quit [Ping timeout]
15:10:48 -!- Rawr|Fone has quit [Read error: Connection reset by peer]
16:49:45 -!- Dot|Phone has quit [Signed off]
17:32:32 -!- Rawr|Fone has quit [Ping timeout]
18:08:48 -!- skram has quit [Ping timeout]
18:57:30 -!- Rawr|Fone has quit [Ping timeout]
19:13:41 -!- wololo has quit [Signed off]
20:03:06 -!- Rawr|Fone has quit [Ping timeout]
20:19:25 -!- Camail has quit [Ping timeout]
21:03:27 -!- Rawr|Fone has quit [Ping timeout]
21:10:06 -!- Golly has quit [Ping timeout]
21:18:33 -!- Rawr|Fone has quit [Ping timeout]
22:10:47 -!- Rawr|Fone has quit [Ping timeout]
22:14:59 -!- Dot` has quit [Ping timeout]
22:59:30 -!- reification has quit [Signed off]
23:17:31 -!- Dot` has quit [Ping timeout]
23:58:04 -!- Runbunny has quit [Signed off]
