00:03:57 -!- reification has quit [Signed off]
00:06:35 -!- tredc has quit [Signed off]
00:38:10 -!- Rawr|Fone has quit [Signed off]
01:15:40 -!- Cane has quit [Signed off]
01:29:29 -!- BioSC has quit [Ping timeout]
03:01:28 -!- skram has quit [Ping timeout]
04:57:55 -!- DuB` has quit [Signed off]
09:31:00 -!- Dot` has quit [Ping timeout]
10:55:56 -!- Rawr|Fone has quit [Signed off]
11:28:46 -!- reification has quit [Signed off]
13:16:38 -!- reification has quit [Signed off]
14:05:29 -!- BioPhone has quit [EOF from client]
14:19:23 -!- BioPhone has quit [EOF from client]
14:28:27 -!- BioPhone has quit [Read error: Connection reset by peer]
15:49:48 -!- skram has quit [Ping timeout]
16:28:12 -!- Rawr|Fone has quit [Signed off]
20:24:25 -!- reification has quit [Signed off]
20:33:42 -!- reification has quit [Ping timeout]
20:43:21 -!- Dot|Phone has quit [Signed off]
20:51:12 -!- BioPone has quit [Ping timeout]
21:32:49 -!- reification has quit [Ping timeout]
23:01:23 -!- Cane has quit [Signed off]
23:03:28 -!- Cane has quit [Registered]
23:03:48 -!- Runbunny has quit [Signed off]
23:27:40 -!- BioPone has quit [EOF from client]
23:27:56 -!- carcinisation has quit [Signed off]
23:57:01 -!- Golly has quit [Signed off]
