00:21:17 -!- Runbunny has quit [Signed off]
00:42:09 -!- Dot` has quit [Ping timeout]
00:59:42 -!- Rawr|Fone has quit [Ping timeout]
01:12:51 -!- reification has quit [Signed off]
01:30:46 -!- tredc has quit [Signed off]
01:52:24 -!- Rawr|Fone has quit [Ping timeout]
02:21:32 -!- Camail has quit [Read error: Connection reset by peer]
02:29:03 -!- Crisium|2 has quit [Signed off]
04:14:04 -!- Rawr|Fone has quit [Ping timeout]
04:48:25 -!- Rawr|Fone has quit [Ping timeout]
05:15:23 -!- skram has quit [Ping timeout]
05:19:22 -!- DuB` has quit [Signed off]
05:36:40 -!- Rawr|Fone has quit [Ping timeout]
06:11:39 -!- Micen has quit [EOF from client]
06:20:38 -!- Rawr|Fone has quit [Ping timeout]
06:23:47 -!- Westy543 has quit [Signed off]
07:10:02 -!- Rawr|Fone has quit [Ping timeout]
10:24:54 -!- Rawr|Fone has quit [Ping timeout]
10:31:50 -!- Rawr|Fone has quit [Ping timeout]
11:07:49 -!- reification has quit [Ping timeout]
11:13:19 -!- carcinisation has quit [Ping timeout]
12:22:38 -!- tredc has quit [*.net *.split]
12:50:11 -!- Rawr|Phone has quit [Read error: Connection reset by peer]
13:21:49 -!- reification has quit [Ping timeout]
13:32:15 -!- BioPone has quit [Read error: Connection reset by peer]
13:46:38 -!- Rawr|Fone has quit [Ping timeout]
14:05:53 -!- Rawr|Fone has quit [Ping timeout]
14:28:36 -!- Rial has quit [Signed off]
15:12:26 -!- BioPhone has quit [EOF from client]
16:25:04 -!- carcinisation has quit [Signed off]
16:35:43 -!- Rawr|Phone has quit [Ping timeout]
16:48:05 -!- BioPhone has quit [Ping timeout]
16:55:52 -!- Rawr|Fone has quit [Ping timeout]
17:19:42 -!- BioPone has quit [EOF from client]
17:45:29 -!- Rawr|Fone has quit [Ping timeout]
17:57:38 -!- skrm has quit [Signed off]
18:21:23 -!- BioPone has quit [Read error: Connection reset by peer]
19:01:02 -!- BioPhone has quit [EOF from client]
19:12:16 -!- BioPhone has quit [EOF from client]
20:10:38 -!- BioPhone has quit [EOF from client]
20:23:13 -!- Golly has quit [Ping timeout]
20:41:49 -!- Rawr|Fone has quit [Ping timeout]
20:44:26 -!- BioPhone has quit [EOF from client]
21:18:26 -!- skram has quit [Ping timeout]
21:18:31 -!- BioPhone has quit [Read error: Connection reset by peer]
21:26:51 -!- BioPone has quit [Read error: Connection reset by peer]
21:44:16 -!- BioPone has quit [Read error: Connection reset by peer]
22:55:14 -!- skram has quit [Ping timeout]
23:25:03 -!- Camail has quit [Signed off]
23:32:32 -!- Rawr|Phone has quit [Ping timeout]
23:34:07 -!- Rawr|Fone has quit [Ping timeout]
23:54:17 -!- Rawr|Fone has quit [Ping timeout]
