16:27:53 -!- reimeuk has quit [Ping timeout]
16:30:12 -!- Rawr|Phone has quit [Ping timeout]
16:38:18 -!- Rawr|Fone has quit [Ping timeout]
17:46:01 -!- Rawr|Fone has quit [Ping timeout]
18:12:44 -!- Rawr|Fone has quit [Ping timeout]
18:29:01 -!- BioPhone has quit [EOF from client]
18:39:33 -!- Micen has quit [Read error: Connection reset by peer]
18:51:12 -!- Rawr|Fone has quit [Ping timeout]
19:04:19 -!- Dot|Phone has quit [Signed off]
19:40:58 -!- Micen|Droid has quit [Read error: Connection reset by peer]
19:50:45 -!- BioPhone has quit [EOF from client]
20:03:16 -!- Rawr|Fone has quit [Ping timeout]
20:09:31 -!- BioPhone has quit [EOF from client]
20:15:01 -!- BioPhone has quit [EOF from client]
20:28:33 -!- BioPhone has quit [EOF from client]
20:39:58 -!- Micen has quit [Ping timeout]
22:36:32 -!- Golly has quit [Ping timeout]
22:48:19 -!- Micen has quit [Read error: Connection reset by peer]
23:18:37 -!- Rawr|Fone has quit [Ping timeout]
23:21:08 -!- carcinisation has quit [Signed off]
23:36:36 -!- BioPhone has quit [EOF from client]
23:51:58 -!- Micen has quit [EOF from client]
