00:08:31 -!- skram has quit [Ping timeout]
00:31:18 -!- Rawr|Fone has quit [Ping timeout]
00:33:34 -!- tredc has quit [Signed off]
01:26:02 -!- Dot|Phone has quit [Signed off]
01:35:46 -!- Runbunny has quit [Read error: Connection reset by peer]
02:00:28 -!- Rawr|Fone has quit [Ping timeout]
02:16:29 -!- Golly has quit [Ping timeout]
03:49:26 -!- Rawr|Fone has quit [Ping timeout]
04:56:31 -!- Rawr|Fone has quit [Ping timeout]
06:18:02 -!- DuB` has quit [Signed off]
06:20:57 -!- Rawr|Fone has quit [Ping timeout]
06:26:37 -!- Crisium has quit [Signed off]
07:27:11 -!- Rawr|Fone has quit [Ping timeout]
07:38:51 -!- Camail has quit [Read error: Connection reset by peer]
09:23:42 -!- Rawr|Fone has quit [Ping timeout]
09:48:16 -!- Rawr|Fone has quit [Ping timeout]
10:21:50 -!- Rawr|Fone has quit [Ping timeout]
10:25:10 -!- Dot|Phone has quit [Signed off]
10:47:02 -!- Rawr|Fone has quit [Ping timeout]
10:57:41 -!- Rawr|Fone has quit [Read error: Connection reset by peer]
11:03:55 -!- Rawr|Fone has quit [Ping timeout]
11:27:03 -!- Rawr|Fone has quit [Ping timeout]
18:11:10 -!- Cane has quit [Signed off]
21:23:55 -!- Rawr|Phone has quit [Read error: Connection reset by peer]
22:29:04 -!- Golly has quit [Ping timeout]
22:36:04 -!- Rawr|Fone has quit [Ping timeout]
23:24:52 -!- reification has quit [Signed off]
23:55:10 -!- Dot|Phone has quit [Signed off]
