01:03:53 -!- skram has quit [Ping timeout]
01:19:15 -!- Mousen|Droid has quit [Read error: Connection reset by peer]
01:24:19 -!- tredc has quit [Signed off]
01:30:12 -!- Rawr|Fone has quit [Signed off]
02:06:14 -!- Crisium has quit [Signed off]
02:22:22 -!- Dot|Phone has quit [Signed off]
04:52:46 -!- Crisium has quit [Signed off]
04:54:24 -!- Cane has quit [Signed off]
05:33:28 -!- DuB` has quit [Signed off]
06:17:36 -!- Micen_ has quit [Read error: Connection reset by peer]
07:59:45 -!- Camail has quit [Read error: Connection reset by peer]
08:14:20 -!- BioPone has quit [EOF from client]
11:43:46 -!- skram has quit [Ping timeout]
12:19:10 -!- BioPone has quit [Ping timeout]
13:09:47 -!- BioPone has quit [EOF from client]
13:10:21 -!- Micen|Droid has quit [Read error: Connection reset by peer]
13:25:14 -!- Mousen|Droid has quit [Read error: Connection reset by peer]
13:33:05 -!- Micen|Droid has quit [Read error: Connection reset by peer]
13:33:42 -!- reification has quit [Signed off]
14:34:22 -!- DuB` has quit [Ping timeout]
14:40:29 -!- Dot` has quit [Signed off]
15:08:33 -!- Rawr|Fone has quit [Signed off]
15:12:44 -!- Mousen|Droid has quit [Read error: Connection reset by peer]
15:20:06 -!- Micen|Droid has quit [Read error: Connection reset by peer]
15:23:34 -!- Mousen|Droid has quit [Read error: Connection reset by peer]
15:25:30 -!- Micen|Droid has quit [Read error: Connection reset by peer]
15:44:35 -!- Mousen|Droid has quit [Read error: Connection reset by peer]
16:27:07 -!- Micen|Droid has quit [Read error: Connection reset by peer]
17:00:17 -!- Mousen|Droid has quit [Read error: Connection reset by peer]
17:07:22 -!- Micen|Droid has quit [Read error: Connection reset by peer]
17:11:47 -!- Mousen|Droid has quit [Read error: Connection reset by peer]
17:14:46 -!- Micen|Droid has quit [Read error: Connection reset by peer]
17:21:25 -!- Mousen|Droid has quit [Read error: Connection reset by peer]
17:23:25 -!- Micen|Droid has quit [Read error: Connection reset by peer]
17:33:26 -!- Mousen|Droid has quit [Read error: Connection reset by peer]
18:03:13 -!- Micen|Droid has quit [Read error: Connection reset by peer]
18:07:18 -!- Mousen|Droid has quit [Read error: Connection reset by peer]
18:34:01 -!- Micen|Droid has quit [Read error: Connection reset by peer]
18:36:57 -!- Golly has quit [Ping timeout]
19:11:59 -!- Mousen|Droid has quit [Read error: Connection reset by peer]
19:17:56 -!- Micen|Droid has quit [Ping timeout]
20:55:59 -!- skrm has quit [Ping timeout]
21:05:56 -!- Dot|Phone has quit [Signed off]
21:05:56 -!- BioPone has quit [Ping timeout]
21:27:26 -!- BioPhone has quit [Read error: Connection reset by peer]
21:27:31 -!- Mousen|Droid has quit [Read error: Connection reset by peer]
21:34:03 -!- BioPone has quit [EOF from client]
21:34:05 -!- Micen|Droid has quit [Ping timeout]
21:37:13 -!- BioPone has quit [EOF from client]
22:02:16 -!- Mousen|Droid has quit [Read error: Connection reset by peer]
22:39:25 -!- Dot` has quit [Ping timeout]
22:53:46 -!- Rawr|Fone has quit [Ping timeout]
23:17:49 -!- Micen|Droid has quit [Read error: Connection reset by peer]
23:20:23 -!- Golly has quit [Read error: Connection reset by peer]
23:44:39 -!- carcinisation has quit [Signed off]
23:46:58 -!- Mousen|Droid has quit [Read error: Connection reset by peer]
23:49:42 -!- tredc has quit [Signed off]
23:51:34 -!- Micen|droid2 has quit [Read error: Connection reset by peer]
23:52:58 -!- Micen|Droid has quit [Ping timeout]
23:54:08 -!- Mousen|Droid has quit [Ping timeout]
23:56:29 -!- Micen|droid2 has quit [Read error: Connection reset by peer]
