00:24:38 -!- Rawr|Fone has quit [Ping timeout]
00:34:13 -!- Micen__ has quit [EOF from client]
00:53:59 -!- tredc has quit [Signed off]
01:16:53 -!- Runbunny has quit [Signed off]
01:22:53 -!- reification has quit [Signed off]
01:35:11 -!- Rawr|Fone has quit [Ping timeout]
02:36:07 -!- Rawr|Fone has quit [Ping timeout]
02:53:11 -!- Dot|Phone has quit [Signed off]
04:42:00 -!- Micen__ has quit [Read error: Connection reset by peer]
04:49:27 -!- skram has quit [Ping timeout]
04:49:36 -!- Rawr|Fone has quit [Ping timeout]
05:09:07 -!- Camail has quit [Signed off]
05:16:16 -!- Crisium has quit [Signed off]
05:16:33 -!- DuB` has quit [Signed off]
05:44:09 -!- Micen__ has quit [Read error: Connection reset by peer]
06:14:23 -!- Rial has quit [Ping timeout]
06:46:51 -!- Micen__ has quit [Read error: Connection reset by peer]
09:53:05 -!- Micen__ has quit [Read error: Connection reset by peer]
09:57:40 -!- Rawr|Fone has quit [Ping timeout]
10:21:04 -!- Zounds has quit [Ping timeout]
10:54:51 -!- Micen__ has quit [EOF from client]
11:52:12 -!- Rawr|Fone has quit [Ping timeout]
12:58:36 -!- Zounds_ has quit [Ping timeout]
12:59:20 -!- Rawr|Fone has quit [Ping timeout]
13:24:53 -!- Rawr|Fone has quit [Ping timeout]
13:58:22 -!- Rawr|Fone has quit [Ping timeout]
14:05:58 -!- Rial has quit [Signed off]
16:06:31 -!- Micen__ has quit [Read error: Connection reset by peer]
16:26:07 -!- Camail has quit [Read error: Connection reset by peer]
17:21:52 -!- Rawr|Fone has quit [Ping timeout]
18:07:36 -!- Rawr|Fone has quit [Ping timeout]
18:16:20 -!- Rawr|Fone has quit [Ping timeout]
18:37:16 -!- Rawr|Fone has quit [Ping timeout]
18:42:55 -!- Micen__ has quit [Read error: Connection reset by peer]
19:19:02 -!- reification has quit [Ping timeout]
21:04:19 -!- Rawr|Fone has quit [Ping timeout]
22:27:16 -!- Rawr|Fone has quit [Ping timeout]
22:27:43 -!- carcinisation has quit [Signed off]
22:28:22 -!- reification has quit [Signed off]
23:25:24 -!- Rawr|Fone has quit [Ping timeout]
23:50:18 -!- Golly has quit [Ping timeout]
