00:23:50 -!- Rawr|Fone has quit [Ping timeout]
00:54:17 -!- Golly has quit [Read error: Connection reset by peer]
00:56:25 -!- carcinisation has quit [Signed off]
01:00:36 -!- Crisium has quit [Ping timeout]
01:13:42 -!- Rawr|Fone has quit [Ping timeout]
01:33:19 -!- Dot` has quit [Ping timeout]
01:35:29 -!- Crisium|2 has quit [Read error: Operation timed out]
01:43:54 -!- tredc has quit [Signed off]
02:02:54 -!- Rawr|Fone has quit [Ping timeout]
02:33:36 -!- Rawr|Fone has quit [Ping timeout]
03:53:52 -!- Rawr|Fone has quit [Ping timeout]
04:07:51 -!- skram has quit [Ping timeout]
04:08:02 -!- DuB` has quit [Signed off]
05:11:04 -!- Camail has quit [Signed off]
05:14:27 -!- Crisium has quit [Signed off]
05:30:29 -!- Rawr|Fone has quit [Ping timeout]
06:33:41 -!- Rawr|Fone has quit [Ping timeout]
06:58:28 -!- Rawr|Fone has quit [Ping timeout]
07:06:52 -!- Rawr|Fone has quit [Ping timeout]
07:29:05 -!- Rawr|Fone has quit [Ping timeout]
10:03:03 -!- Rawr|Phone has quit [Read error: Connection reset by peer]
10:47:52 -!- Golly has quit [Ping timeout]
12:35:07 -!- BioPhone has quit [Read error: Connection reset by peer]
13:07:46 -!- Rawr|Fone has quit [Ping timeout]
13:15:41 -!- Rawr|Fone has quit [Ping timeout]
13:35:53 -!- reification has quit [Ping timeout]
14:13:22 -!- Rial has quit [Signed off]
14:59:05 -!- BioPone has quit [EOF from client]
15:08:34 -!- BioPone has quit [EOF from client]
15:33:32 -!- Rawr|Phone has quit [Ping timeout]
16:47:05 -!- Runbunny has quit [Signed off]
17:06:05 -!- Rawr|Fone has quit [Ping timeout]
17:21:34 -!- skram has quit [Ping timeout]
17:22:37 -!- Rawr|Fone has quit [Ping timeout]
18:00:35 -!- Rawr|Fone has quit [Ping timeout]
18:31:29 -!- Dot|Phone has quit [Signed off]
19:02:49 -!- Rawr|Fone has quit [Ping timeout]
20:35:40 -!- BioPhone has quit [EOF from client]
20:56:02 -!- BioPhone has quit [Read error: Connection reset by peer]
22:03:13 -!- Golly has quit [Ping timeout]
22:23:40 -!- BioPone has quit [Signed off]
22:38:08 -!- carcinisation has quit [Signed off]
