00:12:10 -!- reification has quit [Ping timeout]
00:18:54 -!- Crisium has quit [Ping timeout]
00:28:06 -!- Rawr|Fone has quit [Ping timeout]
00:30:43 -!- Runbunny has quit [Signed off]
00:56:50 -!- Golly has quit [Ping timeout]
01:01:26 -!- carcinisation has quit [Signed off]
01:27:25 -!- tredc has quit [Signed off]
01:53:57 -!- Rawr|Fone has quit [Ping timeout]
02:00:09 -!- skram has quit [Ping timeout]
02:01:04 -!- Zounds has quit [Signed off]
02:18:17 -!- Rawr|Fone has quit [Ping timeout]
03:01:02 -!- Crisium|2 has quit [Read error: Operation timed out]
03:08:32 -!- Crisium has quit [Ping timeout]
04:44:32 -!- Rawr|Fone has quit [Ping timeout]
06:01:08 -!- Rawr|Fone has quit [Ping timeout]
06:03:57 -!- DuB` has quit [Signed off]
06:09:06 -!- Camail has quit [Signed off]
08:51:00 -!- Rawr|Fone has quit [Ping timeout]
09:45:12 -!- Rawr|Fone has quit [Ping timeout]
11:22:55 -!- Rawr|Fone has quit [Ping timeout]
12:26:58 -!- Rawr|Fone has quit [Ping timeout]
12:46:02 -!- reification has quit [Signed off]
13:01:59 -!- Rawr|Fone has quit [Ping timeout]
13:43:36 -!- reification has quit [Signed off]
14:17:42 -!- Rial has quit [Signed off]
15:03:59 -!- Cane has quit [Signed off]
16:51:10 -!- reification has quit [Signed off]
16:53:35 -!- Rawr|Phone has quit [Ping timeout]
17:45:20 -!- Rawr|Fone has quit [Ping timeout]
18:25:40 -!- reification has quit [Signed off]
18:56:24 -!- Rawr|Fone has quit [Ping timeout]
19:43:24 -!- Rawr|Fone has quit [Ping timeout]
19:56:09 -!- Rawr|Phone has quit [Ping timeout]
19:59:42 -!- Rawr|Fone has quit [Ping timeout]
20:14:56 -!- Rawr|Pone has quit [Ping timeout]
21:18:06 -!- Golly has quit [Ping timeout]
21:29:19 -!- reification has quit [Ping timeout]
22:01:18 -!- skram has quit [Ping timeout]
22:03:20 -!- Rawr|Fone has quit [Ping timeout]
22:41:21 -!- Rial has quit [Signed off]
23:43:05 -!- Runbunny has quit [Signed off]
