00:11:05 -!- Rawr|Fone has quit [Ping timeout]
00:23:40 -!- BioPone has quit [EOF from client]
00:25:39 -!- reimeuk has quit [Ping timeout]
00:35:28 -!- Runbunny has quit [Signed off]
01:22:23 -!- carcinisation has quit [Signed off]
01:23:59 -!- tredc has quit [Signed off]
01:31:36 -!- Rawr|Fone has quit [Ping timeout]
01:55:43 -!- Golly has quit [Ping timeout]
02:31:14 -!- BioPone has quit [EOF from client]
03:14:09 -!- BioPone has quit [EOF from client]
03:44:31 -!- Camail has quit [Signed off]
03:49:12 -!- BioPone has quit [EOF from client]
04:03:03 -!- BioPone has quit [EOF from client]
04:12:15 -!- Rawr|Fone has quit [Ping timeout]
04:20:25 -!- BioPone has quit [EOF from client]
04:26:03 -!- Micen has quit [Read error: Connection reset by peer]
04:50:18 -!- Crisium has quit [Signed off]
05:00:31 -!- BioPone has quit [Read error: Connection reset by peer]
05:14:31 -!- skram has quit [Ping timeout]
05:14:35 -!- Dot|Phone has quit [Signed off]
05:27:55 -!- Micen has quit [Read error: Connection reset by peer]
06:06:07 -!- Rawr|Fone has quit [Ping timeout]
07:00:14 -!- Rawr|Fone has quit [Ping timeout]
07:22:15 -!- Rawr|Fone has quit [Ping timeout]
07:51:52 -!- Rawr|Fone has quit [Ping timeout]
08:23:39 -!- DuB` has quit [Signed off]
11:56:57 -!- reification has quit [Ping timeout]
12:50:27 -!- Micen has quit [Ping timeout]
14:43:58 -!- carcinisation has quit [Signed off]
15:13:41 -!- Dot|Phone has quit [Signed off]
16:05:08 -!- Dot` has quit [Ping timeout]
16:18:07 -!- Rawr|Phone has quit [Ping timeout]
16:29:28 -!- Rawr|Fone has quit [Ping timeout]
16:36:28 -!- Rawr|Phone has quit [Read error: Connection reset by peer]
16:44:48 -!- Rawr|Fone has quit [Read error: Connection reset by peer]
17:54:14 -!- skrm has quit [Ping timeout]
19:53:27 -!- Rawr|Fone has quit [Ping timeout]
20:15:11 -!- Rawr|Fone has quit [Ping timeout]
20:19:19 -!- skram has quit [Ping timeout]
21:27:20 -!- Rawr|Fone has quit [Ping timeout]
21:49:17 -!- Rawr|Fone has quit [Ping timeout]
22:00:43 -!- Camail has quit [Read error: Connection reset by peer]
22:07:33 -!- Mousen|Droid has quit [Read error: Connection reset by peer]
22:12:38 -!- Micen|Droid has quit [Ping timeout]
22:19:48 -!- Golly has quit [Ping timeout]
22:24:22 -!- Micen|droid2 has quit [Read error: Connection reset by peer]
22:54:15 -!- Rawr|Fone has quit [Ping timeout]
23:06:19 -!- Micen|Droid has quit [Read error: Connection reset by peer]
23:07:17 -!- Mousen|Droid has quit [Read error: Connection reset by peer]
23:59:36 -!- Rawr|Fone has quit [Ping timeout]
