00:13:34 -!- Rawr|Fone has quit [Ping timeout]
01:00:21 -!- tredc has quit [Signed off]
01:08:16 -!- Runbunny has quit [Signed off]
01:23:55 -!- DuB` has quit [Signed off]
01:28:23 -!- Golly has quit [Ping timeout]
01:58:02 -!- Rawr|Fone has quit [Ping timeout]
03:17:10 -!- Crisium has quit [Signed off]
03:24:10 -!- Micen|Droid has quit [Read error: Connection reset by peer]
03:39:23 -!- Dot` has quit [Ping timeout]
04:04:12 -!- Rawr|Fone has quit [Ping timeout]
04:43:47 -!- Rawr|Fone has quit [Ping timeout]
04:56:58 -!- DuB` has quit [Signed off]
04:57:04 -!- skrm has quit [Ping timeout]
05:55:21 -!- Rawr|Fone has quit [Ping timeout]
06:31:41 -!- Rawr|Fone has quit [Ping timeout]
06:33:35 -!- skram has quit [Ping timeout]
06:56:16 -!- Camail has quit [Signed off]
07:39:41 -!- Rawr|Fone has quit [Ping timeout]
09:06:38 -!- Mousen|Droid has quit [Read error: Connection reset by peer]
10:23:28 -!- Rawr|Fone has quit [Ping timeout]
11:00:41 -!- Rawr|Fone has quit [Ping timeout]
11:10:55 -!- reification has quit [Ping timeout]
11:13:25 -!- Micen|Droid has quit [Read error: Connection reset by peer]
11:32:25 -!- carcinisation has quit [Ping timeout]
11:53:55 -!- reimeuk has quit [Ping timeout]
11:56:21 -!- Rawr|Fone has quit [Ping timeout]
12:25:22 -!- Rawr|Fone has quit [Ping timeout]
12:56:56 -!- Rawr|Fone has quit [Ping timeout]
13:46:34 -!- Mousen|Droid has quit [Read error: Connection reset by peer]
14:03:45 -!- Rial has quit [Signed off]
14:58:05 -!- Rawr|Fone has quit [Ping timeout]
16:02:32 -!- Micen|Droid has quit [Read error: Connection reset by peer]
16:18:15 -!- Micen|Droid has quit [Read error: Connection reset by peer]
16:38:02 -!- skram has quit [Ping timeout]
17:13:38 -!- Rawr|Phone has quit [Ping timeout]
17:34:25 -!- carcinisation has quit [Ping timeout]
18:22:00 -!- Mousen|Droid has quit [Read error: Connection reset by peer]
18:24:47 -!- Cane has quit [Signed off]
18:33:18 -!- Micen|Droid has quit [Read error: Connection reset by peer]
19:17:12 -!- Mousen|Droid has quit [Read error: Connection reset by peer]
19:48:38 -!- skrma has quit [Ping timeout]
20:08:58 -!- Micen|Droid has quit [Read error: Connection reset by peer]
20:14:50 -!- Mousen|Droid has quit [Read error: Connection reset by peer]
20:38:26 -!- Rawr|Fone has quit [Ping timeout]
20:44:52 -!- Micen|Droid has quit [Read error: Connection reset by peer]
21:00:04 -!- Rawr|Phone has quit [Ping timeout]
21:28:55 -!- reimeuk has quit [Ping timeout]
21:31:35 -!- Rawr|Fone has quit [Ping timeout]
21:44:21 -!- Rawr|Fone has quit [Ping timeout]
21:46:52 -!- Mousen|Droid has quit [Read error: Connection reset by peer]
22:28:42 -!- Rawr|Fone has quit [Ping timeout]
22:42:42 -!- Rial has quit [Signed off]
22:45:12 -!- Rawr|Fone has quit [Ping timeout]
22:47:03 -!- Micen|Droid has quit [Ping timeout]
22:54:24 -!- carcinisation has quit [Signed off]
23:16:06 -!- skrm has quit [Ping timeout]
23:52:58 -!- reification has quit [Signed off]
