00:22:49 -!- Golly has quit [Ping timeout]
00:47:52 -!- Rawr|Fone has quit [Ping timeout]
01:52:04 -!- Rawr|Fone has quit [Ping timeout]
02:03:40 -!- Bio has quit [Read error: Connection reset by peer]
02:23:45 -!- Rawr|Fone has quit [Ping timeout]
03:00:55 -!- Rawr|Fone has quit [Ping timeout]
03:13:16 -!- Runbunny has quit [Signed off]
03:28:03 -!- Crisium has quit [Signed off]
03:53:04 -!- Dot` has quit [Ping timeout]
04:13:26 -!- Rawr|Fone has quit [Ping timeout]
05:06:31 -!- Camail has quit [Signed off]
05:23:23 -!- DuB` has quit [Signed off]
05:24:16 -!- Rawr|Fone has quit [Ping timeout]
06:14:19 -!- Micen has quit [Ping timeout]
06:28:11 -!- Rawr|Fone has quit [Ping timeout]
07:23:43 -!- Micen has quit [Ping timeout]
07:48:42 -!- Cane has quit [Signed off]
08:13:45 -!- Rawr|Fone has quit [Ping timeout]
08:32:57 -!- Micen has quit [Ping timeout]
09:06:57 -!- Rawr|Fone has quit [Ping timeout]
09:58:48 -!- Rawr|Fone has quit [Ping timeout]
10:43:12 -!- Micen has quit [Ping timeout]
11:47:40 -!- Rawr|Fone has quit [Ping timeout]
12:10:06 -!- Rawr|Fone has quit [Ping timeout]
12:35:46 -!- Micen|Droid has quit [Read error: Connection reset by peer]
12:46:19 -!- Rawr|Fone has quit [Ping timeout]
13:40:36 -!- Rawr|Fone has quit [Ping timeout]
14:14:22 -!- Rial has quit [Signed off]
14:40:11 -!- skram has quit [Ping timeout]
15:51:27 -!- Rawr|Fone has quit [Ping timeout]
17:49:25 -!- reification has quit [Ping timeout]
19:13:45 -!- Rawr|Phone has quit [Ping timeout]
19:52:38 -!- Rawr|Fone has quit [Ping timeout]
20:09:05 -!- Rawr|Phone has quit [Read error: Connection reset by peer]
20:27:20 -!- Rawr|Fone has quit [Ping timeout]
21:07:10 -!- Rawr|Fone has quit [Ping timeout]
21:37:27 -!- Rawr|Fone has quit [Ping timeout]
22:09:46 -!- Rawr|Fone has quit [Ping timeout]
22:41:53 -!- Rial has quit [Signed off]
23:02:21 -!- Mousen|Droid has quit [Read error: Connection reset by peer]
23:16:30 -!- reification has quit [Signed off]
23:18:07 -!- carcinisation has quit [Signed off]
23:32:15 -!- Rawr|Fone has quit [Ping timeout]
23:47:19 -!- Micen|Droid has quit [Read error: Connection reset by peer]
23:52:17 -!- Micen_ has quit [EOF from client]
