00:01:29 -!- Camail has quit [Read error: Connection reset by peer]
00:16:28 -!- skrma has quit [Ping timeout]
00:20:04 -!- reification has quit [Signed off]
00:32:07 -!- Rawr|Fone has quit [Ping timeout]
00:45:15 -!- Rawr|Fone has quit [Ping timeout]
01:36:45 -!- Runbunny has quit [Signed off]
02:24:37 -!- Camail has quit [Signed off]
02:41:20 -!- Rawr|Fone has quit [Ping timeout]
03:12:19 -!- Rawr|Fone has quit [Ping timeout]
03:23:04 -!- Dot` has quit [Ping timeout]
03:42:55 -!- Crisium has quit [Signed off]
04:46:05 -!- skram has quit [Ping timeout]
04:54:16 -!- DuB` has quit [Signed off]
05:31:49 -!- Rawr|Fone has quit [Ping timeout]
06:35:14 -!- Rawr|Fone has quit [Ping timeout]
08:29:31 -!- Rawr|Fone has quit [Ping timeout]
09:46:20 -!- Rawr|Fone has quit [Ping timeout]
10:57:37 -!- Dot|Phone has quit [Signed off]
11:39:23 -!- Rawr|Fone has quit [Ping timeout]
12:09:18 -!- Rawr|Fone has quit [Ping timeout]
14:13:10 -!- Micen has quit [Read error: Connection reset by peer]
14:22:39 -!- Rawr|Fone has quit [Ping timeout]
14:36:07 -!- Rial has quit [Signed off]
16:55:02 -!- Micen has quit [EOF from client]
17:45:23 -!- Rawr|Fone has quit [Ping timeout]
18:58:53 -!- Micen has quit [EOF from client]
19:24:11 -!- Rawr|Fone has quit [Ping timeout]
19:43:14 -!- Rawr|Fone has quit [Ping timeout]
20:28:50 -!- reification has quit [Ping timeout]
21:01:50 -!- carcinisation has quit [Ping timeout]
21:09:20 -!- reimeuk has quit [Ping timeout]
21:51:58 -!- Golly has quit [Ping timeout]
22:29:49 -!- carcinisation has quit [Ping timeout]
22:39:18 -!- Rial has quit [Signed off]
22:47:22 -!- reimeuk has quit [Ping timeout]
23:14:49 -!- carcinisation has quit [Ping timeout]
23:17:09 -!- Zounds has quit [Ping timeout]
23:25:21 -!- reification has quit [Signed off]
23:36:58 -!- Rawr|Fone has quit [Ping timeout]
23:43:43 -!- reification has quit [Signed off]
23:49:49 -!- reimeuk has quit [Ping timeout]
