00:04:42 -!- Rawr|Fone has quit [Ping timeout]
00:42:17 -!- reification has quit [Signed off]
00:43:13 -!- carcinisation has quit [Signed off]
01:29:45 -!- tredc has quit [Signed off]
01:55:12 -!- Rawr|Fone has quit [Ping timeout]
03:10:29 -!- Dot` has quit [Ping timeout]
03:10:53 -!- Rawr|Fone has quit [Ping timeout]
03:16:25 -!- skrma has quit [Ping timeout]
03:48:54 -!- DuB` has quit [Signed off]
04:57:06 -!- Rawr|Fone has quit [Ping timeout]
05:12:16 -!- Micen has quit [Ping timeout]
06:16:37 -!- Micen has quit [Read error: Connection reset by peer]
06:32:45 -!- Rawr|Fone has quit [Ping timeout]
07:40:31 -!- Micen has quit [Read error: Connection reset by peer]
08:46:38 -!- Micen has quit [EOF from client]
08:47:42 -!- Camail has quit [Read error: Connection reset by peer]
09:52:42 -!- Micen has quit [EOF from client]
10:41:02 -!- Micen has quit [Read error: Connection reset by peer]
11:43:32 -!- Golly has quit [Ping timeout]
12:00:19 -!- Rawr|Fone has quit [Ping timeout]
13:32:20 -!- Rawr|Fone has quit [Ping timeout]
13:44:44 -!- Rawr|Fone has quit [Ping timeout]
14:16:38 -!- Rial has quit [Signed off]
15:26:40 -!- Rawr|Phone has quit [Ping timeout]
15:38:40 -!- BioPhone has quit [EOF from client]
16:34:53 -!- Rawr|Fone has quit [Ping timeout]
16:50:24 -!- Dot|Phone has quit [Signed off]
18:20:30 -!- Rawr|Fone has quit [Ping timeout]
18:30:19 -!- Rawr|Fone has quit [Ping timeout]
18:38:46 -!- BioPhone has quit [EOF from client]
18:50:40 -!- BioPhone has quit [EOF from client]
19:01:12 -!- BioPhone has quit [EOF from client]
19:04:08 -!- BioPhone has quit [EOF from client]
19:49:56 -!- Rawr|Fone has quit [Ping timeout]
20:14:43 -!- reification has quit [Signed off]
20:49:26 -!- BioPhone has quit [Ping timeout]
20:53:43 -!- BioPone has quit [Read error: Connection reset by peer]
21:47:11 -!- BioPone has quit [Read error: Connection reset by peer]
22:12:03 -!- Micen has quit [Read error: Connection reset by peer]
22:38:10 -!- Rial has quit [Signed off]
23:26:09 -!- Camail has quit [Signed off]
23:56:51 -!- Runbunny has quit [Signed off]
