00:03:48 -!- Golly has quit [Signed off]
00:51:38 -!- reification has quit [Signed off]
01:28:53 -!- tredc has quit [Signed off]
02:48:48 -!- Dot` has quit [Ping timeout]
03:17:39 -!- reification has quit [Signed off]
06:24:00 -!- DuB` has quit [Signed off]
06:28:08 -!- Rawr|Fone has quit [Signed off]
08:39:03 -!- Camail has quit [Signed off]
09:47:47 -!- Cane has quit [Signed off]
12:58:08 -!- Rawr|Fone has quit [Signed off]
13:09:01 -!- ZK has quit [Signed off]
18:22:34 -!- Runbunny has quit [Ping timeout]
21:31:47 -!- BioPhone has quit [Ping timeout]
21:37:44 -!- BioPone has quit [Read error: Connection reset by peer]
22:08:14 -!- Dot` has quit [Ping timeout]
22:13:35 -!- Rawr|Fone has quit [*.net *.split]
22:13:35 -!- skram has quit [*.net *.split]
22:13:35 -!- Cane has quit [*.net *.split]
22:25:30 -!- Dot` has quit [Ping timeout]
22:30:07 -!- Rawr|Fone has quit [*.net *.split]
22:30:07 -!- skram has quit [*.net *.split]
22:30:07 -!- Cane has quit [*.net *.split]
22:47:20 -!- Dot` has quit [Ping timeout]
22:50:38 -!- BioPone has quit [Signed off]
23:09:04 -!- Golly has quit [Signed off]
23:13:23 -!- Rawr|Fone has quit [*.net *.split]
23:13:23 -!- skram has quit [*.net *.split]
23:13:23 -!- Cane has quit [*.net *.split]
23:13:23 -!- BioSC has quit [*.net *.split]
23:14:08 -!- Runbunny has quit [Signed off]
