00:57:27 -!- Dot`_ has quit [Ping timeout]
00:59:10 -!- Rawr|Fone has quit [*.net *.split]
00:59:10 -!- skram has quit [*.net *.split]
00:59:10 -!- Cane has quit [*.net *.split]
00:59:10 -!- BioSC has quit [*.net *.split]
00:59:18 -!- reification has quit [Signed off]
01:08:26 -!- Rawr|Fone has quit [*.net *.split]
01:08:26 -!- skram has quit [*.net *.split]
01:08:26 -!- Cane has quit [*.net *.split]
01:08:26 -!- BioSC has quit [*.net *.split]
01:16:15 -!- BioSC has quit [Ping timeout]
01:22:50 -!- tredc has quit [Signed off]
01:39:05 -!- Camail has quit [Signed off]
01:54:57 -!- Rawr|Fone has quit [*.net *.split]
01:54:57 -!- skram has quit [*.net *.split]
01:54:57 -!- Cane has quit [*.net *.split]
02:18:58 -!- skram has quit [Ping timeout]
02:48:42 -!- Rawr|Fone has quit [*.net *.split]
02:48:42 -!- Cane has quit [*.net *.split]
03:18:40 -!- Rawr|Fone has quit [*.net *.split]
03:18:40 -!- Cane has quit [*.net *.split]
04:00:54 -!- Crisium has quit [Signed off]
04:44:25 -!- Rawr|Fone has quit [*.net *.split]
04:44:25 -!- Cane has quit [*.net *.split]
04:59:05 -!- DuB` has quit [Signed off]
05:29:28 -!- Cane has quit [*.net *.split]
06:00:04 -!- Dot` has quit [Ping timeout]
07:02:13 -!- Dot|Phone has quit [*.net *.split]
07:02:13 -!- Cane has quit [*.net *.split]
07:46:00 -!- Dot|Phone has quit [*.net *.split]
07:46:00 -!- Cane has quit [*.net *.split]
08:33:08 -!- Dot|Phone has quit [*.net *.split]
08:33:08 -!- Rawr|Fone has quit [*.net *.split]
08:33:08 -!- Cane has quit [*.net *.split]
08:44:29 -!- Dot|Phone has quit [*.net *.split]
08:44:29 -!- Rawr|Fone has quit [*.net *.split]
08:44:29 -!- Cane has quit [*.net *.split]
09:20:59 -!- Cane has quit [Signed off]
10:23:40 -!- Micen has quit [Ping timeout]
13:41:09 -!- Rawr|Fone has quit [Signed off]
15:51:09 -!- Rawr|Fone has quit [Signed off]
17:00:57 -!- BioPhone has quit [EOF from client]
19:03:06 -!- Dot|Phone has quit [*.net *.split]
19:03:06 -!- Rawr|Fone has quit [*.net *.split]
19:03:06 -!- Camail has quit [*.net *.split]
20:54:14 -!- BioPhone has quit [EOF from client]
20:55:10 -!- Dot` has quit [Ping timeout]
20:59:35 -!- Dot|Phone has quit [*.net *.split]
20:59:35 -!- Rawr|Fone has quit [*.net *.split]
20:59:35 -!- Camail has quit [*.net *.split]
21:30:29 -!- Runbunny has quit [Ping timeout]
21:50:00 -!- BioPhone has quit [Ping timeout]
23:29:13 -!- BioPone has quit [EOF from client]
