00:12:05 -!- tredc has quit [Signed off]
00:53:23 -!- Dot` has quit [Ping timeout]
00:54:26 -!- BioSC has quit [Ping timeout]
01:22:07 -!- Bunny has quit [Ping timeout]
01:26:21 -!- Cane has quit [Signed off]
02:54:00 -!- Dot|Phone has quit [Signed off]
03:33:50 -!- skram has quit [Ping timeout]
04:29:57 -!- DuB` has quit [Signed off]
04:31:31 -!- Rawr|Fone has quit [Signed off]
05:03:32 -!- Bunny has quit [Ping timeout]
08:27:35 -!- Camail has quit [Read error: Connection reset by peer]
11:42:21 -!- Rawr|Fone has quit [Signed off]
12:28:20 -!- BioPone has quit [Read error: Connection reset by peer]
14:51:32 -!- BioPhone has quit [EOF from client]
18:40:41 -!- BioPhone has quit [EOF from client]
18:47:33 -!- BioPhone has quit [EOF from client]
18:51:03 -!- BioPhone has quit [EOF from client]
19:20:52 -!- BioPhone has quit [Read error: Connection reset by peer]
19:27:47 -!- Rawr|Fone has quit [Signed off]
19:46:17 -!- skram has quit [Ping timeout]
19:48:49 -!- Dot` has quit [Ping timeout]
20:05:47 -!- BioPhone has quit [EOF from client]
21:00:32 -!- BioPhone has quit [Ping timeout]
21:17:27 -!- skrma has quit [Ping timeout]
21:55:24 -!- Runbunny has quit [Signed off]
22:07:01 -!- BioPone has quit [EOF from client]
22:11:19 -!- Golly has quit [Signed off]
22:27:22 -!- reification has quit [Signed off]
22:27:24 -!- BioPone has quit [EOF from client]
22:29:20 -!- BioPone has quit [Signed off]
22:41:20 -!- skrm has quit [Ping timeout]
