00:18:50 -!- Dot|Phone has quit [Signed off]
00:33:04 -!- Runbunny has quit [Signed off]
00:38:56 -!- Rawr|Fone has quit [Signed off]
00:41:16 -!- Golly has quit [Ping timeout]
01:11:15 -!- skram has quit [Ping timeout]
04:06:39 -!- Camail_ has quit [Signed off]
04:08:14 -!- DuB` has quit [Ping timeout]
05:21:10 -!- BioPone has quit [EOF from client]
05:33:41 -!- BioPone has quit [EOF from client]
06:43:01 -!- Micen has quit [Read error: Connection reset by peer]
06:47:12 -!- Micen has quit [Read error: Connection reset by peer]
06:49:13 -!- Micen has quit [EOF from client]
06:51:12 -!- Micen has quit [EOF from client]
06:59:25 -!- Dot|Phone has quit [Signed off]
07:04:42 -!- CellRoach has quit [Signed off]
11:39:23 -!- Cane has quit [Read error: Connection reset by peer]
11:46:48 -!- Micen has quit [Read error: Connection reset by peer]
12:48:12 -!- CellRoach has quit [Signed off]
12:48:21 -!- skram has quit [Ping timeout]
14:19:05 -!- skram has quit [Ping timeout]
15:30:30 -!- BioPhone has quit [Read error: Connection reset by peer]
17:03:54 -!- BioPhone has quit [EOF from client]
19:01:45 -!- Micen has quit [Ping timeout]
19:45:58 -!- skrma has quit [Ping timeout]
20:24:18 -!- BioPhone has quit [Ping timeout]
20:36:22 -!- BioPone has quit [Read error: Connection reset by peer]
20:47:58 -!- BioPone has quit [Ping timeout]
21:29:45 -!- Golly has quit [Ping timeout]
21:39:13 -!- Dot|Phone has quit [Signed off]
21:43:07 -!- BioPhone has quit [EOF from client]
22:50:36 -!- BioPhone has quit [EOF from client]
23:42:28 -!- reification has quit [Signed off]
