00:33:50 -!- Dot` has quit [Ping timeout]
00:42:43 -!- Runbunny has quit [Signed off]
00:42:49 -!- tredc has quit [Signed off]
00:45:58 -!- Camail has quit [Signed off]
00:52:00 -!- Rawr|Fone has quit [Signed off]
02:55:27 -!- Dot|Phone has quit [Signed off]
03:40:25 -!- skram has quit [Ping timeout]
07:23:29 -!- DuB` has quit [Signed off]
11:31:24 -!- Golly has quit [Signed off]
12:04:57 -!- Golly has quit [Signed off]
12:52:47 -!- Rawr|Fone has quit [Signed off]
13:18:09 -!- Dot|Phone has quit [Signed off]
14:11:26 -!- BioPhone has quit [EOF from client]
14:13:02 -!- BioPhone has quit [Signed off]
17:50:00 -!- Cane has quit [Signed off]
20:50:34 -!- Dot|Phone has quit [Signed off]
22:14:19 -!- Runbunny has quit [Signed off]
22:18:56 -!- reify has quit [Signed off]
22:39:42 -!- skram has quit [Ping timeout]
22:44:13 -!- Golly has quit [Signed off]
23:03:30 -!- Dot` has quit [Ping timeout]
23:13:24 -!- reification has quit [Signed off]
