00:53:43 -!- BioPhone has quit [EOF from client]
01:03:22 -!- BioPhone has quit [EOF from client]
01:09:06 -!- tredc has quit [Signed off]
01:22:15 -!- Rial has quit [*.net *.split]
01:22:15 -!- BioPhone has quit [*.net *.split]
01:39:22 -!- BioPhone has quit [EOF from client]
01:57:05 -!- Crisium has quit [Signed off]
02:43:30 -!- BioPhone has quit [EOF from client]
02:54:04 -!- BioPhone has quit [Read error: Connection reset by peer]
03:10:50 -!- Zounds has quit [Signed off]
03:24:49 -!- skrma has quit [Ping timeout]
04:12:30 -!- BioPhone has quit [EOF from client]
04:19:51 -!- Dot|Phone has quit [Signed off]
04:40:57 -!- BioPhone has quit [EOF from client]
06:18:03 -!- BioPhone has quit [EOF from client]
07:03:03 -!- BioPhone has quit [EOF from client]
07:06:30 -!- Camail has quit [Signed off]
09:05:53 -!- CrisPone has quit [Signed off]
14:11:00 -!- Rial has quit [Signed off]
14:11:16 -!- BioPhone has quit [Ping timeout]
15:56:02 -!- BioPone has quit [EOF from client]
15:56:22 -!- Cane has quit [Signed off]
17:11:17 -!- Rawr|Fone has quit [Ping timeout]
17:56:38 -!- BioPone has quit [EOF from client]
18:39:18 -!- Rawr|Phone has quit [Ping timeout]
19:33:53 -!- Crisium has quit [Signed off]
20:34:22 -!- Rawr|Fone has quit [Ping timeout]
20:50:38 -!- Rawr|Fone has quit [Ping timeout]
21:11:25 -!- Rawr|Fone has quit [Ping timeout]
21:11:59 -!- Zounds has quit [Signed off]
21:15:40 -!- BioPone has quit [EOF from client]
21:28:56 -!- Rawr|Fone has quit [Ping timeout]
21:48:19 -!- Runbunny has quit [Signed off]
22:00:57 -!- Golly has quit [Ping timeout]
22:08:43 -!- Rawr|Fone has quit [Ping timeout]
22:28:54 -!- Rawr|Fone has quit [Ping timeout]
22:39:04 -!- Rawr|Fone has quit [Ping timeout]
23:39:12 -!- Micen has quit [Ping timeout]
23:46:57 -!- Rawr|Fone has quit [Ping timeout]
23:57:56 -!- skram has quit [Ping timeout]
23:58:27 -!- Micen|droid has quit [Ping timeout]
