00:08:14 -!- Runbunny has quit [Signed off]
00:13:51 -!- Micen has quit [Read error: Connection reset by peer]
00:15:32 -!- Rawr|Fone has quit [Ping timeout]
00:40:13 -!- reification has quit [Signed off]
01:07:35 -!- Rawr|Fone has quit [Ping timeout]
01:32:02 -!- tredc has quit [Signed off]
02:01:08 -!- BioPone has quit [Signed off]
02:02:52 -!- Rawr|Fone has quit [Ping timeout]
02:19:33 -!- Micen has quit [Read error: Connection reset by peer]
02:32:37 -!- Dot|Phone has quit [Signed off]
04:00:16 -!- Crisium has quit [Signed off]
04:20:10 -!- Camail has quit [Signed off]
04:59:30 -!- Rawr|Fone has quit [Ping timeout]
05:19:40 -!- DuB` has quit [Signed off]
05:30:35 -!- Rawr|Fone has quit [Ping timeout]
06:03:15 -!- Rial has quit [Signed off]
07:56:07 -!- Rawr|Fone has quit [Ping timeout]
07:58:05 -!- Rawr|Phone has quit [Ping timeout]
09:24:54 -!- Cane has quit [Signed off]
10:36:22 -!- Rawr|Fone has quit [Ping timeout]
12:59:42 -!- Rawr|Phone has quit [Read error: Connection reset by peer]
13:39:34 -!- Rawr|Fone has quit [Ping timeout]
14:27:24 -!- Rial has quit [Signed off]
15:30:25 -!- Bio has quit [Read error: Connection reset by peer]
15:33:01 -!- Bio has quit [Signed off]
16:05:37 -!- Rawr|Fone has quit [Ping timeout]
17:01:37 -!- Golly has quit [Ping timeout]
17:23:45 -!- BioPhone has quit [EOF from client]
17:43:46 -!- BioPhone has quit [EOF from client]
18:14:20 -!- Rawr|Fone has quit [Ping timeout]
19:01:36 -!- Rawr|Fone has quit [Ping timeout]
20:01:13 -!- BioPhone has quit [EOF from client]
20:45:54 -!- Rawr|Fone has quit [Ping timeout]
20:52:50 -!- BioPhone has quit [EOF from client]
22:15:08 -!- Micen has quit [Read error: Connection reset by peer]
23:07:22 -!- Rawr|Fone has quit [Ping timeout]
