00:02:28 -!- BioPone has quit [Read error: Connection reset by peer]
01:03:47 -!- skram has quit [Ping timeout]
01:04:16 -!- Rawr|Fone has quit [Signed off]
02:02:51 -!- tredc has quit [Signed off]
02:29:52 -!- Dot|Phone has quit [Signed off]
04:05:01 -!- BioSC has quit [Ping timeout]
04:51:01 -!- DuB` has quit [Signed off]
12:06:11 -!- BioPone has quit [Read error: Connection reset by peer]
13:16:47 -!- BioPhone has quit [Read error: Connection reset by peer]
13:35:53 -!- BioPone has quit [EOF from client]
15:13:28 -!- BioPone has quit [EOF from client]
15:18:56 -!- BioPone has quit [EOF from client]
15:33:56 -!- Dot|Phone has quit [Signed off]
15:58:14 -!- BioPone has quit [EOF from client]
17:22:34 -!- BioPone has quit [EOF from client]
17:26:36 -!- Golly has quit [Signed off]
18:20:48 -!- Rawr|Fone has quit [Signed off]
18:27:17 -!- BioPone has quit [EOF from client]
18:48:16 -!- Golly has quit [Signed off]
20:07:43 -!- BioPone has quit [Read error: Connection reset by peer]
20:29:24 -!- Dot|Phone has quit [Signed off]
20:52:56 -!- skrm has quit [Ping timeout]
21:44:44 -!- Runbunny has quit [Signed off]
22:53:15 -!- Dot` has quit [Ping timeout]
22:55:18 -!- Cane has quit [Signed off]
23:20:34 -!- reification has quit [Signed off]
