00:02:29 -!- BioPhone has quit [Signed off]
00:42:44 -!- reification has quit [Signed off]
01:01:54 -!- BioPhone has quit [Signed off]
01:03:09 -!- DoT` has quit [Ping timeout]
01:05:04 -!- Rawr|Fone has quit [Read error: Connection reset by peer]
01:13:01 -!- tredc has quit [Signed off]
02:24:52 -!- Dot|Phone has quit [Signed off]
03:13:03 -!- Camail has quit [Signed off]
05:03:01 -!- skram has quit [Ping timeout]
09:45:53 -!- Dot|Phone has quit [Signed off]
09:54:30 -!- Cane has quit [Signed off]
10:19:53 -!- DuB` has quit [Signed off]
10:57:16 -!- skram has quit [Ping timeout]
11:54:04 -!- Golly has quit [Signed off]
13:23:33 -!- Rawr|Fone has quit [Signed off]
13:31:24 -!- BioSC has quit [Ping timeout]
15:32:36 -!- Dot|Phone has quit [Signed off]
17:05:29 -!- skram has quit [Ping timeout]
17:08:23 -!- Runbunny has quit [Signed off]
18:28:21 -!- Dot` has quit [Ping timeout]
18:31:10 -!- BioPhone has quit [EOF from client]
19:05:32 -!- BioPhone has quit [Ping timeout]
19:34:15 -!- BioPone has quit [EOF from client]
19:34:15 -!- BioPhone has quit [EOF from client]
19:59:55 -!- BioPhone has quit [EOF from client]
19:59:55 -!- BioPone has quit [EOF from client]
21:15:36 -!- BioPhone has quit [EOF from client]
21:19:42 -!- BioPhone has quit [EOF from client]
21:32:32 -!- Golly has quit [Signed off]
21:48:24 -!- BioPhone has quit [EOF from client]
22:39:58 -!- BioPhone has quit [Signed off]
23:02:24 -!- Dot|Phone has quit [Signed off]
