00:09:13 -!- reification has quit [Signed off]
00:16:24 -!- Rawr|Fone has quit [Ping timeout]
00:50:01 -!- Runbunny has quit [Signed off]
00:53:03 -!- BioPone has quit [EOF from client]
00:56:04 -!- BioPone has quit [EOF from client]
01:04:14 -!- tredc has quit [Signed off]
01:42:13 -!- skram has quit [Ping timeout]
01:51:23 -!- Rawr|Fone has quit [Ping timeout]
01:52:36 -!- Dot|Phone has quit [Signed off]
02:18:15 -!- BioPone has quit [EOF from client]
02:37:22 -!- BioPone has quit [EOF from client]
03:30:57 -!- Rawr|Fone has quit [Ping timeout]
03:31:04 -!- Camail has quit [Signed off]
05:19:31 -!- Rawr|Fone has quit [Ping timeout]
05:53:36 -!- Crisium has quit [Signed off]
06:17:18 -!- Rawr|Fone has quit [Ping timeout]
06:30:47 -!- DuB` has quit [Signed off]
06:41:34 -!- Dot` has quit [Ping timeout]
07:47:05 -!- Rawr|Fone has quit [Ping timeout]
10:18:25 -!- Dot` has quit [Ping timeout]
10:48:25 -!- Micen_ has quit [Read error: Connection reset by peer]
13:07:14 -!- Rawr|Fone has quit [Ping timeout]
13:32:54 -!- Zounds has quit [Ping timeout]
13:52:53 -!- Micen_ has quit [Read error: Connection reset by peer]
14:08:14 -!- skram has quit [Ping timeout]
14:34:11 -!- Rial has quit [Signed off]
14:40:59 -!- Rawr|Fone has quit [Ping timeout]
15:47:22 -!- Rawr|Fone has quit [Ping timeout]
16:09:30 -!- Rawr|Fone has quit [Ping timeout]
17:37:16 -!- Zounds has quit [Ping timeout]
17:45:21 -!- Micen_ has quit [EOF from client]
19:30:24 -!- Rawr|Fone has quit [Ping timeout]
21:04:15 -!- Rawr|Fone has quit [Ping timeout]
21:20:20 -!- Rawr|Fone has quit [Ping timeout]
21:37:52 -!- Rawr|Fone has quit [Ping timeout]
23:29:48 -!- Golly has quit [Ping timeout]
