00:31:39 -!- Runbunny has quit [Read error: Connection reset by peer]
01:54:15 -!- Rawr|Fone has quit [Signed off]
02:56:01 -!- CrisPone has quit [Signed off]
03:03:14 -!- skram has quit [Ping timeout]
03:04:19 -!- Dot` has quit [Ping timeout]
04:31:53 -!- Camail has quit [Signed off]
04:49:47 -!- Crisium has quit [Signed off]
05:15:27 -!- DuB` has quit [Signed off]
10:11:21 -!- Rawr|Fone has quit [Signed off]
10:48:55 -!- Cane has quit [Signed off]
11:33:24 -!- Golly has quit [Signed off]
11:47:24 -!- skram has quit [Ping timeout]
12:08:21 -!- BioPone has quit [Read error: Connection reset by peer]
13:35:29 -!- skrm has quit [Ping timeout]
14:44:39 -!- BioPhone has quit [EOF from client]
16:24:10 -!- Golly has quit [Ping timeout]
17:32:17 -!- BioPhone has quit [EOF from client]
17:56:58 -!- BioPhone has quit [EOF from client]
18:17:22 -!- BioPhone has quit [EOF from client]
19:02:02 -!- Rawr|Fone has quit [Read error: Connection reset by peer]
20:59:03 -!- skrm has quit [Ping timeout]
21:17:20 -!- Crisium has quit [Signed off]
21:22:45 -!- Camail has quit [Signed off]
21:25:30 -!- BioPhone has quit [Read error: Connection reset by peer]
21:25:30 -!- BioPone has quit [Read error: Connection reset by peer]
21:32:02 -!- BioPone has quit [Ping timeout]
21:33:41 -!- Runbunny has quit [Read error: Connection reset by peer]
23:03:34 -!- reification has quit [Signed off]
23:07:49 -!- BioPhone has quit [EOF from client]
23:52:28 -!- tredc has quit [Signed off]
23:57:16 -!- BioPhone has quit [EOF from client]
