00:53:03 -!- Dot|Phone has quit [Signed off]
01:03:12 -!- skram has quit [Ping timeout]
01:03:41 -!- Zounds has quit [Signed off]
01:33:03 -!- skram has quit [Ping timeout]
01:36:00 -!- Rawr|Fone has quit [Ping timeout]
01:43:06 -!- Crisium has quit [Signed off]
01:50:33 -!- reification has quit [Signed off]
02:07:20 -!- tredc has quit [Signed off]
02:07:53 -!- Rawr|Fone has quit [Ping timeout]
02:31:59 -!- Runbunny has quit [Ping timeout]
03:35:16 -!- Camail has quit [Signed off]
03:41:42 -!- Kittybunny has quit [Signed off]
04:12:22 -!- Rawr|Fone has quit [Ping timeout]
05:36:23 -!- Rawr|Fone has quit [Ping timeout]
05:41:42 -!- DuB` has quit [Signed off]
06:24:11 -!- Rawr|Fone has quit [Ping timeout]
07:08:11 -!- Micen_ has quit [Ping timeout]
08:19:51 -!- Rawr|Phone has quit [Ping timeout]
09:27:18 -!- Rawr|Fone has quit [Ping timeout]
10:51:24 -!- Cane has quit [Signed off]
11:42:57 -!- Rawr|Phone has quit [Read error: Connection reset by peer]
11:59:09 -!- Rawr|Fone has quit [Ping timeout]
13:08:41 -!- reification has quit [Ping timeout]
13:26:59 -!- Rawr|Fone has quit [Ping timeout]
14:00:13 -!- BioPone has quit [EOF from client]
14:15:34 -!- Rial has quit [Signed off]
14:27:31 -!- BioPone has quit [Read error: Connection reset by peer]
14:38:39 -!- tredc has quit [*.net *.split]
14:38:39 -!- Runbunny has quit [*.net *.split]
15:41:27 -!- Rawr|Phone has quit [Read error: Connection reset by peer]
15:47:42 -!- Rawr|Fone has quit [Ping timeout]
15:51:07 -!- skram has quit [Ping timeout]
16:08:57 -!- Rawr|Fone has quit [Ping timeout]
16:22:48 -!- Rawr|Fone has quit [Ping timeout]
16:49:50 -!- BioPhone has quit [Ping timeout]
18:12:11 -!- Rawr|Fone has quit [Ping timeout]
18:22:45 -!- BioPone has quit [Read error: Connection reset by peer]
20:46:48 -!- Rawr|Fone has quit [Ping timeout]
21:10:41 -!- BioPhone has quit [EOF from client]
21:25:48 -!- Dot` has quit [Ping timeout]
21:59:21 -!- Rawr|Fone has quit [Ping timeout]
22:08:23 -!- Rawr|Fone has quit [Ping timeout]
22:15:40 -!- BioPhone has quit [Ping timeout]
22:42:11 -!- carcinisation has quit [Ping timeout]
23:04:23 -!- BioPone has quit [EOF from client]
23:30:19 -!- BioPone has quit [EOF from client]
23:59:34 -!- Rawr|Fone has quit [Ping timeout]
