00:21:00 -!- Rawr|Fone has quit [Ping timeout]
00:38:20 -!- Micen has quit [Ping timeout]
01:21:56 -!- Runbunny has quit [Signed off]
01:27:09 -!- Zounds has quit [Ping timeout]
01:29:25 -!- Rawr|Fone has quit [Ping timeout]
01:35:43 -!- tredc has quit [Signed off]
01:42:55 -!- Micen has quit [Read error: Connection reset by peer]
02:19:27 -!- Dot|Phone has quit [Signed off]
02:46:07 -!- Micen has quit [Read error: Connection reset by peer]
03:53:02 -!- Micen has quit [Ping timeout]
04:30:15 -!- skram has quit [Ping timeout]
04:37:57 -!- Rawr|Fone has quit [Ping timeout]
04:58:34 -!- Micen has quit [Read error: Connection reset by peer]
05:21:22 -!- DuB` has quit [Signed off]
05:34:45 -!- Camail has quit [Signed off]
05:48:39 -!- Crisium has quit [Signed off]
06:01:43 -!- Micen has quit [Read error: Connection reset by peer]
07:04:00 -!- Micen has quit [Read error: Connection reset by peer]
07:18:19 -!- Rawr|Fone has quit [Ping timeout]
09:41:47 -!- Rawr|Fone has quit [Ping timeout]
10:30:29 -!- Cane has quit [Signed off]
11:41:35 -!- Rawr|Fone has quit [Ping timeout]
12:23:36 -!- reification has quit [Ping timeout]
12:43:36 -!- carcinisation has quit [Ping timeout]
13:31:03 -!- Rawr|Fone has quit [Ping timeout]
14:32:10 -!- Rial has quit [Signed off]
14:42:05 -!- Rawr|Fone has quit [Ping timeout]
16:56:52 -!- Rawr|Fone has quit [Ping timeout]
18:19:35 -!- Rawr|Fone has quit [Ping timeout]
18:35:48 -!- Rawr|Fone has quit [Ping timeout]
20:04:39 -!- Dot|Phone has quit [Signed off]
20:05:36 -!- reimeuk has quit [Ping timeout]
23:02:36 -!- carcinisation has quit [Ping timeout]
23:28:35 -!- Rawr|Fone has quit [Ping timeout]
23:43:11 -!- Rawr|Fone has quit [Ping timeout]
23:51:21 -!- Golly has quit [Ping timeout]
