00:10:30 -!- Golly has quit [Ping timeout]
00:52:35 -!- Runbunny has quit [Signed off]
00:54:40 -!- reification has quit [Signed off]
01:21:08 -!- Rawr|Fone has quit [Ping timeout]
01:39:43 -!- tredc has quit [Signed off]
01:54:55 -!- Rawr|Fone has quit [Ping timeout]
02:34:48 -!- Rawr|Fone has quit [Ping timeout]
03:41:43 -!- Crisium has quit [Signed off]
04:07:10 -!- Rawr|Fone has quit [Ping timeout]
04:52:25 -!- Dot|Phone has quit [Signed off]
05:21:30 -!- Micen_ has quit [Read error: Connection reset by peer]
05:26:59 -!- skram has quit [Ping timeout]
05:50:17 -!- Rawr|Fone has quit [Ping timeout]
06:48:25 -!- Micen_ has quit [Ping timeout]
07:30:29 -!- Rawr|Fone has quit [Ping timeout]
07:41:30 -!- Rawr|Fone has quit [Ping timeout]
07:58:42 -!- DuB` has quit [Signed off]
12:10:56 -!- Rawr|Fone has quit [Ping timeout]
12:36:47 -!- Rawr|Fone has quit [Ping timeout]
13:21:39 -!- Rawr|Fone has quit [Ping timeout]
14:22:58 -!- Rial has quit [Signed off]
15:50:33 -!- Rawr|Fone has quit [Ping timeout]
16:50:14 -!- Rawr|Fone has quit [Ping timeout]
17:01:40 -!- Rawr|Phone has quit [Ping timeout]
17:31:12 -!- Golly has quit [Ping timeout]
17:46:47 -!- skrm has quit [Ping timeout]
19:08:02 -!- Runbunny has quit [Signed off]
20:42:10 -!- Rawr|Fone has quit [Ping timeout]
21:43:09 -!- skram has quit [Ping timeout]
22:04:35 -!- Rawr|Fone has quit [Ping timeout]
23:44:03 -!- tredc has quit [*.net *.split]
