01:40:11 -!- reification has quit [Signed off]
01:54:43 -!- Runbunny has quit [Signed off]
02:00:06 -!- skram has quit [Ping timeout]
02:03:26 -!- Dot` has quit [Ping timeout]
02:13:45 -!- Cane has quit [Signed off]
02:16:06 -!- tredc has quit [Signed off]
04:34:52 -!- Rawr|Fone has quit [Signed off]
05:26:14 -!- Micen__ has quit [*.net *.split]
08:10:17 -!- Golly has quit [EOF from client]
09:25:57 -!- DuB` has quit [Signed off]
09:42:58 -!- Camail has quit [Signed off]
11:00:07 -!- GGMethos has quit [Ping timeout]
16:55:46 -!- BioPhone has quit [EOF from client]
17:22:02 -!- BioPhone has quit [EOF from client]
17:25:24 -!- BioPhone has quit [EOF from client]
17:35:50 -!- BioPhone has quit [EOF from client]
18:12:25 -!- BioPhone has quit [EOF from client]
19:09:50 -!- DuB` has quit [Signed off]
19:49:05 -!- BioPhone has quit [EOF from client]
22:47:55 -!- Golly has quit [Signed off]
22:52:24 -!- Dot|Phone has quit [Signed off]
23:32:58 -!- BioPhone has quit [EOF from client]
23:47:59 -!- BioPhone has quit [EOF from client]
