00:00:32 -!- Zounds has quit [Ping timeout]
00:23:52 -!- reification has quit [Signed off]
00:43:53 -!- tredc has quit [Signed off]
01:03:56 -!- Rial has quit [Signed off]
01:06:36 -!- Rawr|Fone has quit [Ping timeout]
01:14:19 -!- Runbunny has quit [Signed off]
02:04:14 -!- Camail has quit [Signed off]
02:06:51 -!- Rawr|Fone has quit [Ping timeout]
02:32:19 -!- Rawr|Fone has quit [Ping timeout]
02:46:13 -!- Rawr|Fone has quit [Ping timeout]
04:06:56 -!- Rawr|Fone has quit [Ping timeout]
04:47:32 -!- DuB` has quit [Signed off]
04:50:08 -!- Crisium has quit [Signed off]
05:13:39 -!- skram has quit [Ping timeout]
05:49:59 -!- Dot` has quit [Ping timeout]
06:25:43 -!- Rawr|Fone has quit [Ping timeout]
08:48:55 -!- CellRoach has quit [Signed off]
09:34:24 -!- Rawr|Fone has quit [Ping timeout]
09:59:19 -!- Rawr|Fone has quit [Ping timeout]
10:59:51 -!- Dot|Phone has quit [Signed off]
11:07:46 -!- Cane has quit [Signed off]
11:23:52 -!- Rawr|Fone has quit [Ping timeout]
13:42:46 -!- reification has quit [Ping timeout]
14:16:24 -!- Rial has quit [Signed off]
14:21:46 -!- carcinisation has quit [Ping timeout]
14:36:27 -!- Micen has quit [Read error: Connection reset by peer]
15:15:46 -!- reimeuk has quit [Ping timeout]
15:39:48 -!- Rawr|Fone has quit [Ping timeout]
17:41:16 -!- reification has quit [Ping timeout]
18:51:44 -!- Bio has quit [Ping timeout]
19:07:19 -!- Micen has quit [EOF from client]
19:26:16 -!- carcinisation has quit [Ping timeout]
19:42:16 -!- reification has quit [Ping timeout]
20:50:58 -!- Camail has quit [Signed off]
21:11:58 -!- Micen has quit [Read error: Connection reset by peer]
21:15:16 -!- carcinisation has quit [Ping timeout]
22:00:03 -!- Golly has quit [Ping timeout]
22:40:16 -!- Rial has quit [Signed off]
22:53:12 -!- Rawr|Fone has quit [Ping timeout]
22:58:46 -!- reimeuk has quit [Ping timeout]
23:04:00 -!- Zounds has quit [Ping timeout]
23:18:52 -!- reification has quit [Signed off]
