00:01:33 -!- BioPone has quit [Ping timeout]
00:17:32 -!- BioPone has quit [EOF from client]
00:22:00 -!- Runbunny has quit [Signed off]
00:22:37 -!- Cane has quit [Signed off]
00:56:02 -!- skram has quit [Ping timeout]
00:58:13 -!- reification has quit [Signed off]
01:29:28 -!- tredc has quit [Signed off]
01:41:02 -!- Dot` has quit [Ping timeout]
02:15:20 -!- BioPone has quit [Read error: Connection reset by peer]
02:41:33 -!- Rawr|Fone has quit [Signed off]
02:55:12 -!- BioPone has quit [EOF from client]
03:16:03 -!- BioPone has quit [Read error: Connection reset by peer]
03:17:14 -!- Camail has quit [Signed off]
03:37:02 -!- BioPone has quit [EOF from client]
04:02:53 -!- Dot|Phone has quit [Signed off]
09:54:48 -!- DuB` has quit [Signed off]
13:38:13 -!- Runbunny has quit [Read error: Connection reset by peer]
16:13:59 -!- BioPone has quit [Read error: Connection reset by peer]
17:18:23 -!- BioPhone has quit [EOF from client]
19:10:50 -!- BioPhone has quit [Read error: Connection reset by peer]
19:10:51 -!- BioPone has quit [Read error: Connection reset by peer]
19:17:05 -!- BioPone has quit [Ping timeout]
19:49:08 -!- BioPone has quit [EOF from client]
19:49:44 -!- Crisium has quit [Signed off]
20:55:49 -!- BioPone has quit [EOF from client]
21:05:52 -!- BioPone has quit [Ping timeout]
21:37:47 -!- BioPone has quit [EOF from client]
21:53:06 -!- BioPone has quit [EOF from client]
21:56:08 -!- BioPone has quit [EOF from client]
22:08:34 -!- BioPone has quit [EOF from client]
22:17:00 -!- BioPone has quit [Signed off]
22:53:50 -!- Micen_ has quit [*.net *.split]
22:53:50 -!- DuB` has quit [*.net *.split]
22:53:50 -!- CockRoach|42 has quit [*.net *.split]
22:53:50 -!- GGMethos has quit [*.net *.split]
22:53:50 -!- Cane has quit [*.net *.split]
22:57:28 -!- BioPhone has quit [EOF from client]
23:01:42 -!- Dot|Phone has quit [Signed off]
23:03:00 -!- Dot` has quit [Ping timeout]
23:16:38 -!- BioPhone has quit [Read error: Connection reset by peer]
23:17:52 -!- BioPone has quit [Read error: Connection reset by peer]
23:30:02 -!- BioPone has quit [Read error: Connection reset by peer]
23:34:21 -!- Crisium has quit [Ping timeout]
23:35:10 -!- Micen_ has quit [Ping timeout]
23:57:19 -!- BioPone has quit [EOF from client]
