00:45:41 -!- reification has quit [Signed off]
00:48:02 -!- Runbunny has quit [Signed off]
01:04:45 -!- Dot|Phone has quit [Signed off]
01:05:16 -!- tredc has quit [Signed off]
01:43:01 -!- skram has quit [Ping timeout]
03:12:35 -!- Rawr|Fone has quit [Signed off]
03:59:19 -!- BioPhone has quit [EOF from client]
04:11:46 -!- CrisPone has quit [Signed off]
05:04:45 -!- Dot|Phone has quit [Signed off]
06:19:30 -!- Camail has quit [Signed off]
06:51:20 -!- Crisium has quit [Signed off]
07:36:21 -!- Golly has quit [Ping timeout]
07:45:51 -!- DuB` has quit [Signed off]
09:07:42 -!- Micen has quit [EOF from client]
09:35:47 -!- Dot|Phone has quit [Signed off]
11:12:42 -!- Rawr|Fone has quit [Signed off]
12:36:15 -!- Cane has quit [Signed off]
15:41:18 -!- BioPhone has quit [EOF from client]
16:47:07 -!- BioPhone has quit [EOF from client]
16:54:04 -!- BioPhone has quit [EOF from client]
18:14:31 -!- BioPhone has quit [EOF from client]
18:30:11 -!- BioPhone has quit [EOF from client]
19:46:06 -!- reify has quit [Signed off]
20:42:16 -!- Dot|Phone has quit [Signed off]
21:55:10 -!- Rawr|Fone has quit [Signed off]
23:07:17 -!- Zounds has quit [Ping timeout]
23:25:02 -!- Golly has quit [Ping timeout]
23:55:50 -!- Golly has quit [Ping timeout]
23:58:52 -!- reification has quit [Signed off]
23:59:53 -!- tredc has quit [Signed off]
