00:13:36 -!- Dot` has quit [Ping timeout]
00:34:06 -!- Golly has quit [Signed off]
01:16:33 -!- tredc has quit [Signed off]
02:48:57 -!- skram has quit [Ping timeout]
03:03:44 -!- Rawr|Fone has quit [Signed off]
03:51:26 -!- Crisium has quit [Signed off]
04:30:38 -!- BioSC has quit [Ping timeout]
04:44:53 -!- DuB` has quit [Signed off]
05:16:10 -!- BioPone has quit [EOF from client]
06:48:25 -!- Camail has quit [Signed off]
12:20:00 -!- skram has quit [Ping timeout]
12:22:55 -!- Runbunny has quit [Signed off]
12:45:57 -!- BioPone has quit [Read error: Connection reset by peer]
13:35:43 -!- BioPhone has quit [EOF from client]
13:44:12 -!- BioPhone has quit [EOF from client]
14:45:29 -!- BioPhone has quit [EOF from client]
15:56:03 -!- BioPhone has quit [EOF from client]
17:06:56 -!- BioPhone has quit [EOF from client]
18:03:36 -!- skrma has quit [Ping timeout]
18:05:06 -!- Cane has quit [Signed off]
18:28:17 -!- Dot` has quit [Ping timeout]
18:40:46 -!- BioPhone has quit [EOF from client]
