03:25:16 -!- Camail has quit [Signed off]
03:36:57 -!- Rawr|Fone has quit [Ping timeout]
03:56:58 -!- Crisium has quit [Signed off]
04:02:01 -!- BioPhone has quit [EOF from client]
04:55:19 -!- DuB` has quit [Signed off]
05:26:39 -!- Rawr|Fone has quit [Ping timeout]
05:49:44 -!- skrm has quit [Ping timeout]
06:48:32 -!- Rawr|Fone has quit [Ping timeout]
07:37:04 -!- Rawr|Fone has quit [Ping timeout]
07:41:00 -!- BioPone has quit [EOF from client]
07:55:38 -!- skram has quit [Ping timeout]
08:59:51 -!- Rawr|Fone has quit [Ping timeout]
10:02:10 -!- Rawr|Fone has quit [Ping timeout]
10:14:24 -!- Rawr|Fone has quit [Ping timeout]
12:00:21 -!- reification has quit [Ping timeout]
12:16:16 -!- Rawr|Fone has quit [Ping timeout]
12:36:05 -!- Rawr|Fone has quit [Ping timeout]
13:02:24 -!- Rawr|Fone has quit [Ping timeout]
13:22:04 -!- BioPone has quit [Ping timeout]
14:17:01 -!- Rial has quit [Signed off]
14:39:07 -!- BioPhone has quit [Read error: Connection reset by peer]
14:42:52 -!- Rial has quit [Signed off]
14:51:13 -!- Rawr|Phone has quit [Read error: Connection reset by peer]
14:55:51 -!- carcinisation has quit [Ping timeout]
15:36:44 -!- Rawr|Fone has quit [Ping timeout]
16:39:30 -!- BioPone has quit [Ping timeout]
16:44:00 -!- skram has quit [Ping timeout]
16:50:31 -!- Rawr|Fone has quit [Ping timeout]
16:55:26 -!- reification has quit [Ping timeout]
17:29:38 -!- Rawr|Fone has quit [Ping timeout]
18:08:33 -!- BioPone has quit [EOF from client]
18:56:51 -!- carcinisation has quit [Ping timeout]
19:07:21 -!- reimeuk has quit [Ping timeout]
19:09:39 -!- Dot|Phone has quit [Signed off]
19:23:57 -!- BioPone has quit [Read error: Connection reset by peer]
19:48:25 -!- Rawr|Fone has quit [Ping timeout]
20:10:06 -!- Rawr|Fone has quit [Ping timeout]
21:23:11 -!- skrma has quit [Ping timeout]
21:28:22 -!- Golly has quit [Ping timeout]
21:29:43 -!- Crisium has quit [Read error: Operation timed out]
21:37:29 -!- Rawr|Fone has quit [Ping timeout]
21:53:12 -!- carcinisation has quit [Signed off]
22:21:40 -!- BioPhone has quit [Ping timeout]
22:29:32 -!- Rawr|Fone has quit [Ping timeout]
22:33:26 -!- BioPone has quit [Read error: Connection reset by peer]
22:42:57 -!- Rial has quit [Signed off]
23:08:30 -!- Rawr|Fone has quit [Ping timeout]
23:30:26 -!- Crisium has quit [Ping timeout]
