00:02:09 -!- Dot` has quit [Ping timeout]
00:06:15 -!- BioPhone has quit [EOF from client]
00:51:21 -!- Rawr|Fone has quit [Signed off]
01:03:38 -!- Runbunny has quit [Signed off]
01:08:18 -!- BioPhone has quit [EOF from client]
01:13:12 -!- BioPhone has quit [EOF from client]
01:24:19 -!- BioPhone has quit [EOF from client]
02:39:13 -!- Dot|Phone has quit [Signed off]
02:45:35 -!- BioPhone has quit [EOF from client]
03:02:30 -!- BioPhone has quit [EOF from client]
04:46:07 -!- DuB` has quit [Signed off]
04:52:28 -!- Camail has quit [Read error: Connection reset by peer]
04:54:32 -!- skrm has quit [Ping timeout]
07:11:43 -!- Micen_ has quit [Ping timeout]
07:33:32 -!- skram has quit [Ping timeout]
12:22:07 -!- Dot|Phone has quit [Signed off]
13:03:29 -!- Micen|Droid has quit [Read error: Connection reset by peer]
13:26:18 -!- reification has quit [Ping timeout]
13:27:48 -!- carcinisation has quit [Ping timeout]
14:19:16 -!- Cane has quit [Signed off]
16:15:39 -!- Rawr|Fone has quit [Signed off]
17:20:33 -!- BioPhone has quit [EOF from client]
17:49:18 -!- BioPhone has quit [EOF from client]
18:10:59 -!- BioPhone has quit [EOF from client]
18:20:12 -!- BioPhone has quit [EOF from client]
19:18:36 -!- BioPhone has quit [EOF from client]
