00:51:43 -!- Camail has quit [Read error: Connection reset by peer]
00:51:56 -!- Dot` has quit [Ping timeout]
01:08:44 -!- tredc has quit [Signed off]
01:21:46 -!- Runbunny has quit [Signed off]
02:08:31 -!- Micen has quit [Read error: Connection reset by peer]
02:08:33 -!- Rawr|Fone has quit [Ping timeout]
03:10:20 -!- Dot|Phone has quit [Signed off]
04:22:23 -!- Rawr|Fone has quit [Ping timeout]
05:09:24 -!- Crisium has quit [Signed off]
05:11:14 -!- Cane has quit [Signed off]
05:14:45 -!- skram has quit [Ping timeout]
06:11:33 -!- Rawr|Fone has quit [Ping timeout]
07:05:32 -!- Rawr|Fone has quit [Ping timeout]
07:19:34 -!- Micen|Droid has quit [Read error: Connection reset by peer]
07:56:08 -!- Rawr|Fone has quit [Ping timeout]
08:21:22 -!- wololo has quit [Signed off]
08:29:21 -!- Rawr|Fone has quit [Ping timeout]
09:11:30 -!- Micen|Droid has quit [Read error: Connection reset by peer]
09:19:28 -!- Rawr|Fone has quit [Ping timeout]
09:23:00 -!- Mousen|Droid has quit [Read error: Connection reset by peer]
09:27:05 -!- DuB` has quit [Signed off]
09:40:00 -!- Rawr|Fone has quit [Ping timeout]
09:41:17 -!- Micen has quit [Read error: Connection reset by peer]
10:35:50 -!- Camail has quit [Signed off]
11:17:59 -!- Micen|Droid has quit [Read error: Connection reset by peer]
11:23:59 -!- Mousen|Droid has quit [Ping timeout]
11:39:23 -!- Dot|Phone has quit [Signed off]
12:23:24 -!- Rawr|Fone has quit [Ping timeout]
14:13:34 -!- Rawr|Phone has quit [Ping timeout]
14:46:06 -!- Rawr|Fone has quit [Ping timeout]
14:50:38 -!- reification has quit [Ping timeout]
14:55:04 -!- Rial has quit [Signed off]
14:55:10 -!- Dot` has quit [Ping timeout]
15:29:27 -!- Rawr|Phone has quit [Ping timeout]
15:49:57 -!- Rawr|Fone has quit [Ping timeout]
15:55:38 -!- carcinisation has quit [Ping timeout]
16:35:43 -!- carcinisation has quit [Read error: Connection reset by peer]
16:37:08 -!- reification has quit [Ping timeout]
17:48:06 -!- Rawr|Fone has quit [Read error: Connection reset by peer]
17:53:35 -!- skrm has quit [Signed off]
18:19:02 -!- Rawr|Fone has quit [Ping timeout]
18:50:16 -!- Rawr|Fone has quit [Ping timeout]
18:52:08 -!- carcinisation has quit [Ping timeout]
19:12:44 -!- Rawr|Fone has quit [Ping timeout]
19:35:39 -!- Rawr|Fone has quit [Ping timeout]
19:48:38 -!- reimeuk has quit [Ping timeout]
20:07:33 -!- Rawr|Fone has quit [Ping timeout]
20:47:00 -!- Bio has quit [Ping timeout]
21:02:09 -!- Rawr|Fone has quit [Ping timeout]
21:11:11 -!- Rawr|Fone has quit [Ping timeout]
21:18:05 -!- BioPone has quit [EOF from client]
21:37:53 -!- Camail has quit [Read error: Connection reset by peer]
21:52:27 -!- skram has quit [Ping timeout]
22:09:40 -!- Rawr|Fone has quit [Ping timeout]
22:18:34 -!- Runbunny has quit [Signed off]
22:40:01 -!- Rawr|Fone has quit [Ping timeout]
22:53:31 -!- Rawr|Fone has quit [Ping timeout]
23:17:50 -!- Rawr|Fone has quit [Ping timeout]
23:28:55 -!- Rawr|Fone has quit [Ping timeout]
