00:06:04 -!- tredc has quit [Signed off]
00:10:25 -!- skram has quit [Ping timeout]
01:15:40 -!- Golly has quit [Ping timeout]
01:51:53 -!- Rawr|Fone has quit [Ping timeout]
04:11:44 -!- Rawr|Fone has quit [Ping timeout]
04:24:10 -!- DuB` has quit [Signed off]
04:35:00 -!- Micen_ has quit [Signed off]
05:40:25 -!- Rawr|Fone has quit [Ping timeout]
06:31:21 -!- Rawr|Fone has quit [Ping timeout]
06:46:53 -!- Rawr|Fone has quit [Ping timeout]
07:44:28 -!- Rawr|Phone has quit [Read error: Connection reset by peer]
07:53:27 -!- Rawr|Fone has quit [Ping timeout]
08:53:07 -!- Rawr|Fone has quit [Ping timeout]
08:54:16 -!- Camail has quit [Read error: Connection reset by peer]
11:27:53 -!- skram has quit [Ping timeout]
12:33:25 -!- Rawr|Phone has quit [Read error: Connection reset by peer]
12:48:24 -!- Rawr|Fone has quit [Ping timeout]
14:16:03 -!- Rawr|Fone has quit [Ping timeout]
15:11:47 -!- Rawr|Fone has quit [Ping timeout]
15:26:44 -!- Rawr|Fone has quit [Ping timeout]
15:40:42 -!- Rawr|Fone has quit [Ping timeout]
16:33:23 -!- Dot` has quit [Ping timeout]
17:07:05 -!- Rawr|Fone has quit [Ping timeout]
18:08:52 -!- Rawr|Fone has quit [Ping timeout]
18:49:09 -!- Rawr|Fone has quit [Ping timeout]
19:06:20 -!- Rawr|Phone has quit [Read error: Connection reset by peer]
19:24:34 -!- Rawr|Fone has quit [Ping timeout]
19:32:30 -!- reify has quit [Signed off]
19:43:15 -!- reification has quit [Ping timeout]
19:52:44 -!- Dot|Phone has quit [Signed off]
20:58:37 -!- Rawr|Fone has quit [Ping timeout]
20:59:45 -!- skrm has quit [Ping timeout]
21:20:31 -!- Rawr|Fone has quit [Ping timeout]
21:36:30 -!- Zounds has quit [Ping timeout]
22:04:45 -!- carcinisation has quit [Ping timeout]
22:14:19 -!- Dot` has quit [Ping timeout]
22:22:51 -!- reimeuk has quit [Signed off]
23:08:57 -!- Rawr|Fone has quit [Ping timeout]
23:12:25 -!- Micen has quit [Read error: Connection reset by peer]
23:27:55 -!- skram has quit [Ping timeout]
23:37:44 -!- Runbunny has quit [Read error: Connection reset by peer]
23:44:10 -!- Rawr|Fone has quit [Ping timeout]
23:44:58 -!- Golly has quit [Ping timeout]
23:49:13 -!- tredc has quit [Signed off]
