00:05:09 -!- Golly has quit [Ping timeout]
01:24:06 -!- reification has quit [Ping timeout]
01:48:49 -!- Rawr|Fone has quit [Ping timeout]
01:55:00 -!- carcinisation has quit [Signed off]
02:09:33 -!- Rawr|Fone has quit [Ping timeout]
03:27:52 -!- Rawr|Fone has quit [Ping timeout]
04:02:07 -!- Dot|Phone has quit [Signed off]
04:06:07 -!- Crisium has quit [Signed off]
04:36:48 -!- Rawr|Fone has quit [Ping timeout]
05:31:07 -!- skram has quit [Ping timeout]
05:35:49 -!- Camail has quit [Signed off]
05:42:34 -!- Rawr|Fone has quit [Ping timeout]
06:09:18 -!- Rawr|Fone has quit [Ping timeout]
06:42:33 -!- Rawr|Fone has quit [Ping timeout]
06:51:47 -!- DuB` has quit [Signed off]
06:52:05 -!- Rawr|Fone has quit [Ping timeout]
07:09:31 -!- Rawr|Fone has quit [Ping timeout]
07:26:04 -!- Zounds has quit [Ping timeout]
07:47:50 -!- Rawr|Fone has quit [Ping timeout]
12:28:01 -!- Rawr|Fone has quit [Ping timeout]
14:45:18 -!- Rial has quit [Signed off]
16:25:41 -!- Rawr|Fone has quit [Ping timeout]
16:26:00 -!- Dot|Phone has quit [Signed off]
16:54:07 -!- Rawr|Phone has quit [Read error: Connection reset by peer]
19:02:46 -!- Rawr|Fone has quit [Ping timeout]
19:19:57 -!- Rawr|Phone has quit [Read error: Connection reset by peer]
19:34:26 -!- Rawr|Fone has quit [Ping timeout]
20:09:16 -!- Rawr|Fone has quit [Ping timeout]
20:41:58 -!- Rawr|Fone has quit [Ping timeout]
21:27:19 -!- Rawr|Fone has quit [Ping timeout]
21:59:15 -!- Rawr|Fone has quit [Ping timeout]
22:29:35 -!- Rawr|Fone has quit [Ping timeout]
23:04:34 -!- Rawr|Fone has quit [Ping timeout]
23:09:57 -!- skram has quit [Ping timeout]
23:27:10 -!- Golly has quit [Ping timeout]
