00:08:50 -!- Micen|robit has quit [Signed off]
00:18:44 -!- Rawr|Fone has quit [Ping timeout]
00:32:42 -!- Mousen|Droid has quit [Read error: Connection reset by peer]
00:45:53 -!- Rawr|Fone has quit [Ping timeout]
00:47:17 -!- reification has quit [Signed off]
00:48:36 -!- Dot|Phone has quit [Signed off]
01:05:14 -!- skrma has quit [Ping timeout]
01:05:14 -!- Mjcrn|droid2 has quit [Read error: Connection reset by peer]
01:05:38 -!- Micen|Droid has quit [Ping timeout]
01:18:13 -!- tredc has quit [Signed off]
01:47:04 -!- Micen has quit [Read error: Connection reset by peer]
01:56:15 -!- Rawr|Fone has quit [Ping timeout]
02:35:05 -!- BioPone has quit [EOF from client]
02:47:26 -!- Rawr|Fone has quit [Ping timeout]
02:55:17 -!- BioPone has quit [EOF from client]
02:59:37 -!- BioPone has quit [EOF from client]
03:23:37 -!- Micen|Droid has quit [Read error: Connection reset by peer]
03:28:06 -!- BioPone has quit [EOF from client]
03:38:46 -!- BioPone has quit [EOF from client]
04:03:21 -!- BioPone has quit [EOF from client]
04:20:51 -!- Camail has quit [Signed off]
04:50:29 -!- BioPone has quit [EOF from client]
05:17:19 -!- DuB` has quit [Signed off]
05:27:45 -!- Rawr|Fone has quit [Ping timeout]
05:29:57 -!- Rial has quit [Signed off]
06:15:01 -!- Mousen|Droid has quit [Read error: Connection reset by peer]
06:20:48 -!- Micen|Droid has quit [Read error: Connection reset by peer]
06:25:15 -!- Mousen|Droid has quit [Ping timeout]
06:45:11 -!- Rawr|Fone has quit [Ping timeout]
07:38:38 -!- Mjcrn|droid2 has quit [Ping timeout]
07:50:33 -!- Rawr|Fone has quit [Ping timeout]
08:21:15 -!- Micen has quit [Read error: Connection reset by peer]
08:22:06 -!- Micen|Droid has quit [Signed off]
09:18:29 -!- Golly has quit [Ping timeout]
09:26:01 -!- Micen|Droid has quit [Ping timeout]
09:46:34 -!- Rawr|Phone has quit [Ping timeout]
11:02:50 -!- Micen|Droid has quit [Read error: Connection reset by peer]
11:20:31 -!- Rawr|Fone has quit [Ping timeout]
11:24:25 -!- Mousen|Droid has quit [Ping timeout]
11:35:01 -!- reification has quit [Ping timeout]
12:12:02 -!- Micen|Droid has quit [Ping timeout]
12:33:16 -!- Micen|Droid has quit [Read error: Connection reset by peer]
12:41:01 -!- Mousen|Droid has quit [Read error: Connection reset by peer]
12:48:27 -!- Micen|Droid has quit [Read error: Connection reset by peer]
13:03:01 -!- carcinisation has quit [Ping timeout]
13:15:03 -!- Rawr|Fone has quit [Ping timeout]
13:16:18 -!- Mousen|Droid has quit [Read error: Connection reset by peer]
13:33:21 -!- Micen has quit [Read error: Connection reset by peer]
14:03:03 -!- Rawr|Fone has quit [Ping timeout]
14:06:12 -!- Micen has quit [Read error: Connection reset by peer]
14:39:21 -!- Micen has quit [Read error: Connection reset by peer]
14:42:46 -!- Rial has quit [Signed off]
15:09:16 -!- Rawr|Fone has quit [Ping timeout]
15:14:31 -!- reification has quit [Ping timeout]
16:28:31 -!- Rawr|Fone has quit [Ping timeout]
16:40:01 -!- carcinisation has quit [Ping timeout]
18:00:53 -!- Cane has quit [Signed off]
18:25:09 -!- BioPone has quit [Read error: Connection reset by peer]
19:30:58 -!- Micen has quit [Read error: Connection reset by peer]
22:16:14 -!- Crisium has quit [Ping timeout]
22:48:13 -!- Golly has quit [Ping timeout]
22:49:15 -!- BioPone has quit [Ping timeout]
22:59:54 -!- Rawr|Phone has quit [Ping timeout]
23:37:20 -!- Runbunny has quit [Signed off]
23:49:45 -!- Rawr|Fone has quit [Ping timeout]
