01:02:12 -!- Runbunny has quit [Read error: Connection reset by peer]
01:47:41 -!- reification has quit [Signed off]
02:15:05 -!- tredc has quit [Signed off]
04:29:39 -!- Camail has quit [Signed off]
04:42:43 -!- skram has quit [Ping timeout]
05:07:18 -!- BioSC has quit [Ping timeout]
05:54:05 -!- DuB` has quit [Signed off]
07:27:45 -!- Dot` has quit [Ping timeout]
13:09:45 -!- Golly has quit [Signed off]
13:18:12 -!- BioPone has quit [Read error: Connection reset by peer]
13:55:02 -!- Runbunny has quit [Read error: Connection reset by peer]
14:44:21 -!- BioPhone has quit [EOF from client]
14:55:21 -!- BioPhone has quit [EOF from client]
15:01:43 -!- BioPhone has quit [EOF from client]
15:05:16 -!- BioPhone has quit [EOF from client]
15:16:46 -!- BioPhone has quit [EOF from client]
15:24:19 -!- BioPhone has quit [EOF from client]
15:54:29 -!- skram has quit [Ping timeout]
17:28:56 -!- Rawr|Fone has quit [Signed off]
17:59:30 -!- Cane has quit [Signed off]
19:18:05 -!- BioPhone has quit [EOF from client]
19:31:11 -!- Dot|Phone has quit [Signed off]
19:50:56 -!- BioPhone has quit [Read error: Connection reset by peer]
19:56:56 -!- BioPone has quit [Ping timeout]
20:19:36 -!- BioPone has quit [Ping timeout]
20:47:12 -!- BioPhone has quit [Read error: Connection reset by peer]
20:58:08 -!- skram has quit [Ping timeout]
21:09:39 -!- BioPone has quit [Ping timeout]
21:18:19 -!- BioPhone has quit [Ping timeout]
21:18:20 -!- BioPone has quit [Read error: Connection reset by peer]
21:46:10 -!- BioPone has quit [Signed off]
22:11:13 -!- Golly has quit [Signed off]
23:58:02 -!- reification has quit [Signed off]
