00:07:16 -!- Rawr|Fone has quit [Ping timeout]
00:22:42 -!- Runbunny has quit [Signed off]
01:09:42 -!- Crisium has quit [Signed off]
01:20:00 -!- tredc has quit [Signed off]
01:27:27 -!- Rawr|Fone has quit [Ping timeout]
01:48:56 -!- Rawr|Fone has quit [Ping timeout]
02:30:55 -!- reification has quit [Signed off]
03:32:01 -!- Rawr|Fone has quit [Ping timeout]
04:08:03 -!- skram has quit [Signed off]
04:39:14 -!- DuB` has quit [Signed off]
05:12:51 -!- Westy543 has quit [Signed off]
05:15:50 -!- Rial has quit [Signed off]
06:05:58 -!- Micen has quit [Ping timeout]
06:22:53 -!- Rawr|Fone has quit [Ping timeout]
07:07:59 -!- Bio has quit [Ping timeout]
07:32:56 -!- Dot has quit [Ping timeout]
07:45:23 -!- Cane has quit [Signed off]
08:05:19 -!- Dot has quit [Ping timeout]
08:15:23 -!- Rawr|Fone has quit [Ping timeout]
08:21:02 -!- Dot has quit [Ping timeout]
08:29:31 -!- Dot has quit [Ping timeout]
09:28:40 -!- Camail has quit [Signed off]
09:43:11 -!- Rawr|Fone has quit [Ping timeout]
12:44:39 -!- Rawr|Fone has quit [Ping timeout]
13:17:12 -!- BioPone has quit [Read error: Connection reset by peer]
13:17:43 -!- Golly has quit [Ping timeout]
14:32:20 -!- Rawr|Fone has quit [Ping timeout]
14:42:07 -!- Rial has quit [Signed off]
15:30:56 -!- Rawr|Fone has quit [Ping timeout]
18:36:18 -!- Rawr|Fone has quit [Ping timeout]
18:59:59 -!- Rawr|Phone has quit [Ping timeout]
19:00:40 -!- Rawr|Fone has quit [Ping timeout]
19:42:20 -!- Rawr|Fone has quit [Ping timeout]
19:45:11 -!- Micen has quit [Read error: Connection reset by peer]
19:55:39 -!- Rawr|Fone has quit [Ping timeout]
20:03:15 -!- BioPhone has quit [EOF from client]
20:04:53 -!- Micen has quit [EOF from client]
20:19:37 -!- Rawr|Fone has quit [Ping timeout]
21:00:11 -!- BioPhone has quit [Read error: Connection reset by peer]
21:07:24 -!- Rawr|Fone has quit [Ping timeout]
22:15:20 -!- skram has quit [Ping timeout]
22:39:14 -!- Rial has quit [Signed off]
23:10:40 -!- Rawr|Fone has quit [Ping timeout]
23:15:05 -!- BioPone has quit [Ping timeout]
23:21:14 -!- Rawr|Fone has quit [Ping timeout]
23:43:09 -!- BioPone has quit [Read error: Connection reset by peer]
