00:05:52 -!- BioPone has quit [EOF from client]
00:16:01 -!- tredc has quit [Signed off]
00:41:03 -!- Rawr|Fone has quit [Signed off]
01:36:07 -!- skrma has quit [Ping timeout]
02:07:08 -!- Dot|Phone has quit [Signed off]
02:07:08 -!- Dot|Phone_ has quit [Signed off]
02:49:57 -!- Camail has quit [Signed off]
03:01:28 -!- Golly has quit [Ping timeout]
05:08:50 -!- DuB` has quit [Signed off]
05:13:11 -!- Micen has quit [Read error: Connection reset by peer]
12:38:36 -!- BioPone has quit [Read error: Connection reset by peer]
13:22:06 -!- Micen has quit [Ping timeout]
14:27:01 -!- Micen_ has quit [Read error: Connection reset by peer]
16:38:33 -!- Rawr|Fone has quit [Signed off]
19:34:57 -!- Micen|Droid has quit [Ping timeout]
19:38:53 -!- Mousen|Droid has quit [Ping timeout]
20:19:11 -!- Dot|Phone has quit [Signed off]
21:37:56 -!- Cane has quit [Read error: Connection reset by peer]
21:41:24 -!- Micen|droid2 has quit [Ping timeout]
21:44:12 -!- Golly has quit [Ping timeout]
21:53:44 -!- Micen|Droid has quit [Read error: Connection reset by peer]
22:16:57 -!- Mousen|Droid has quit [Read error: Connection reset by peer]
22:46:49 -!- Dot` has quit [Ping timeout]
23:52:13 -!- reification has quit [Signed off]
