00:01:42 -!- Micen|Droid has quit [Read error: Connection reset by peer]
00:03:32 -!- Golly has quit [Ping timeout]
00:14:34 -!- Dot` has quit [Ping timeout]
00:28:27 -!- Micen|Droid has quit [Read error: Connection reset by peer]
00:40:28 -!- Micen|droid2 has quit [Ping timeout]
00:42:43 -!- Micen|Droid has quit [Read error: Connection reset by peer]
00:43:26 -!- skram has quit [Ping timeout]
00:46:10 -!- Mousen|Droid has quit [Ping timeout]
00:51:51 -!- tredc has quit [Signed off]
01:03:14 -!- Crisium has quit [Signed off]
01:13:23 -!- Micen|droid2 has quit [Ping timeout]
01:28:24 -!- Rawr|Fone has quit [Signed off]
02:02:27 -!- Micen|Droid has quit [Read error: Connection reset by peer]
02:59:02 -!- Dot|Phone has quit [Signed off]
03:27:08 -!- Mousen|Droid has quit [Read error: Connection reset by peer]
03:34:17 -!- Micen|Droid has quit [Read error: Connection reset by peer]
03:52:30 -!- Camail has quit [Signed off]
04:58:53 -!- DuB` has quit [Signed off]
05:13:34 -!- Micen|Droid has quit [Read error: Connection reset by peer]
05:25:19 -!- CockRoach|42 has quit [Registered]
07:20:00 -!- CellRoach has quit [Signed off]
11:20:12 -!- Rawr|Fone has quit [Signed off]
12:03:16 -!- skram has quit [Ping timeout]
12:25:48 -!- BioPhone has quit [Read error: Connection reset by peer]
12:42:11 -!- Golly has quit [Ping timeout]
14:12:16 -!- Micen|Droid has quit [Read error: Connection reset by peer]
14:33:07 -!- Mousen|Droid has quit [Read error: Connection reset by peer]
14:38:16 -!- Micen|Droid has quit [Ping timeout]
15:33:19 -!- Micen|droid2 has quit [Read error: Connection reset by peer]
15:33:23 -!- BioPone has quit [Ping timeout]
16:47:23 -!- Micen has quit [Ping timeout]
17:27:29 -!- Dot` has quit [Ping timeout]
19:03:22 -!- BioPhone has quit [EOF from client]
19:06:15 -!- BioPhone has quit [EOF from client]
20:53:41 -!- BioPhone has quit [Read error: Connection reset by peer]
20:54:54 -!- skrm has quit [Ping timeout]
20:54:59 -!- Bio has quit [Read error: Connection reset by peer]
21:18:05 -!- Dot|Phone has quit [Signed off]
21:27:50 -!- Micen|Droid has quit [Read error: Connection reset by peer]
21:50:30 -!- Golly has quit [Ping timeout]
22:47:27 -!- reification has quit [Signed off]
22:59:31 -!- Dot` has quit [Ping timeout]
23:32:40 -!- Runbunny has quit [Signed off]
23:35:14 -!- Mousen|Droid has quit [Read error: Connection reset by peer]
23:36:26 -!- Micen|Droid has quit [Read error: Connection reset by peer]
23:58:57 -!- Golly has quit [Ping timeout]
