00:20:41 -!- BioPone has quit [EOF from client]
00:29:21 -!- Golly has quit [Signed off]
00:36:35 -!- Cane has quit [Signed off]
01:26:05 -!- BioPone has quit [EOF from client]
02:01:37 -!- tredc has quit [Signed off]
02:03:23 -!- reification has quit [Signed off]
02:27:22 -!- skram has quit [Ping timeout]
03:19:13 -!- BioPone has quit [EOF from client]
03:27:51 -!- BioPone has quit [EOF from client]
03:34:09 -!- Dot` has quit [Ping timeout]
03:35:59 -!- Camail has quit [Signed off]
04:41:54 -!- BioPone has quit [EOF from client]
04:53:04 -!- BioPone has quit [EOF from client]
05:17:06 -!- BioPone has quit [EOF from client]
05:26:16 -!- BioPone has quit [EOF from client]
05:31:17 -!- BioPone has quit [EOF from client]
05:50:19 -!- BioPone has quit [EOF from client]
05:58:05 -!- BioPone has quit [EOF from client]
07:22:02 -!- BioPone has quit [EOF from client]
08:59:23 -!- DuB` has quit [Signed off]
10:41:30 -!- Golly has quit [Signed off]
14:31:40 -!- BioSC has quit [Ping timeout]
14:34:30 -!- BioSC has quit [Read error: Connection reset by peer]
14:36:45 -!- BioHorse has quit [Ping timeout]
14:46:53 -!- BioPone has quit [EOF from client]
14:54:07 -!- BioPone has quit [EOF from client]
15:04:56 -!- BioPone has quit [Signed off]
15:09:04 -!- Micen has quit [Read error: Connection reset by peer]
16:43:30 -!- Rawr|Fone has quit [Signed off]
20:58:37 -!- Rawr|Fone has quit [Signed off]
22:22:39 -!- Runbunny has quit [Signed off]
