00:11:49 -!- tredc has quit [Signed off]
00:16:22 -!- reification has quit [Signed off]
00:24:44 -!- Dot` has quit [Ping timeout]
01:48:34 -!- Camail has quit [Signed off]
02:37:34 -!- Dot|Phone has quit [Signed off]
02:41:55 -!- Rawr|Fone has quit [Signed off]
04:22:42 -!- Micen has quit [Ping timeout]
05:20:53 -!- skram has quit [Ping timeout]
06:45:08 -!- DuB` has quit [Signed off]
08:38:35 -!- Golly has quit [EOF from client]
13:56:43 -!- Cane has quit [Signed off]
14:24:48 -!- Dot` has quit [Ping timeout]
15:53:24 -!- reify has quit [Signed off]
17:12:25 -!- Dot` has quit [Ping timeout]
17:25:51 -!- BioPone has quit [Read error: Connection reset by peer]
17:51:09 -!- BioPone has quit [Read error: Connection reset by peer]
19:43:42 -!- Dot|Phone has quit [Signed off]
20:44:28 -!- reify has quit [Signed off]
21:36:56 -!- Golly has quit [Signed off]
22:06:25 -!- skram has quit [Ping timeout]
22:10:30 -!- Runbunny has quit [Signed off]
22:11:12 -!- reification has quit [Signed off]
22:39:20 -!- tredc has quit [Signed off]
23:03:19 -!- Dot` has quit [Ping timeout]
