00:27:18 -!- tredc has quit [Signed off]
00:32:16 -!- Rawr|Fone has quit [Ping timeout]
00:40:19 -!- Dot` has quit [Ping timeout]
01:28:07 -!- CockRoach|42 has quit [Ping timeout]
01:52:55 -!- reification has quit [Signed off]
02:02:08 -!- CockRoach|42 has quit [Ping timeout]
02:08:39 -!- CockRoach|42 has quit [Registered]
02:28:26 -!- Crisium has quit [Signed off]
02:29:38 -!- Rawr|Fone has quit [Ping timeout]
02:29:45 -!- CockRoach|42 has quit [Ping timeout]
02:40:22 -!- BioPone has quit [Read error: Connection reset by peer]
02:42:34 -!- CockRoach|42 has quit [Registered]
02:54:31 -!- CockRoach|42 has quit [Ping timeout]
03:07:19 -!- CockRoach|42 has quit [Registered]
03:35:53 -!- Cane has quit [Signed off]
03:39:19 -!- Camail has quit [Signed off]
04:58:58 -!- Rawr|Fone has quit [Ping timeout]
05:21:56 -!- DuB` has quit [Signed off]
07:23:14 -!- Rawr|Fone has quit [Ping timeout]
07:38:11 -!- Rawr|Fone has quit [Ping timeout]
09:03:38 -!- Rawr|Fone has quit [Ping timeout]
09:35:04 -!- Rawr|Fone has quit [Ping timeout]
11:27:38 -!- Rawr|Fone has quit [Read error: Connection reset by peer]
11:33:43 -!- Rawr|Phone has quit [Ping timeout]
11:50:59 -!- Rawr|Fone has quit [Ping timeout]
12:43:58 -!- Rawr|Fone has quit [Ping timeout]
13:24:54 -!- Rawr|Fone has quit [Ping timeout]
13:24:54 -!- BioPone has quit [Read error: Connection reset by peer]
14:01:55 -!- Micen_ has quit [Read error: Connection reset by peer]
14:20:43 -!- Rial has quit [Signed off]
14:33:21 -!- Rawr|Fone has quit [Ping timeout]
15:38:03 -!- Rawr|Fone has quit [Ping timeout]
16:05:59 -!- Rawr|Fone has quit [Ping timeout]
16:44:36 -!- BioPone has quit [EOF from client]
17:15:27 -!- Rawr|Fone has quit [Ping timeout]
17:28:01 -!- Rawr|Fone has quit [Ping timeout]
17:59:02 -!- Micen_ has quit [EOF from client]
18:19:11 -!- reification has quit [Ping timeout]
18:33:00 -!- BioPone has quit [EOF from client]
19:01:55 -!- Micen_ has quit [Read error: Connection reset by peer]
19:08:13 -!- Rawr|Fone has quit [Ping timeout]
19:23:25 -!- Dot|Phone has quit [Signed off]
19:30:49 -!- Rawr|Fone has quit [Ping timeout]
20:03:55 -!- Micen_ has quit [Read error: Connection reset by peer]
20:17:48 -!- Rawr|Fone has quit [Ping timeout]
20:40:57 -!- Rawr|Fone has quit [Ping timeout]
21:06:24 -!- Micen_ has quit [Read error: Connection reset by peer]
21:49:47 -!- BioPone has quit [Ping timeout]
22:09:46 -!- Micen_ has quit [Read error: Connection reset by peer]
22:35:47 -!- Rawr|Fone has quit [Ping timeout]
22:59:33 -!- skrm has quit [Ping timeout]
23:01:32 -!- Rawr|Fone has quit [Ping timeout]
23:14:29 -!- Micen_ has quit [EOF from client]
23:29:41 -!- Rawr|Fone has quit [Ping timeout]
