00:01:18 <Crisium> skram is pretty cool too
00:01:24 <Crisium> for a horse
00:02:05 <Dot`> hes the best horse i know
00:02:16 <Dot`> what about you cris pon, what you up to this christmas
00:02:31 <Crisium> gonna go to my parents house, they make a mean ham
00:03:00 <Crisium> hopefully my 90 year old grandma can make it, she was there last year but missed thanksgiving this year cause she wasnt feeling great
00:03:48 <Crisium> what about you dot
00:03:55 <Crisium> making your own ham/goose
00:04:00 <Crisium> or stealing the parents
00:04:56 <Dot`> at my moms
00:05:04 <Dot`> going to get roast potatoes
00:05:12 <Dot`> and yorkshire puddings
00:06:14 <Crisium> yorkshire pudding i have never had
00:06:16 <Crisium> is this delicious
00:06:35 <Dot`> pretty great, had with gravy
00:07:53 <Crisium> send me some pls
00:10:06 <Dot`> they go soggy
00:10:13 <Dot`> pls come get fresh
00:10:36 <reimeuk> yorkshire pudding is pretty easy to make
00:11:03 <Crisium> ok, next time im in england ill stop by dot
00:11:18 <reimeuk> and very fluffy
00:12:02 <reimeuk> https://www.bbcgoodfood.com/recipes/9020/best-yorkshire-puddings
00:12:16 <reimeuk> note "You can now cool them and freeze for up to 1 month."
00:12:25 <Dot`> pffft
00:14:38 <reimeuk> i changed my firefox to esperanto and it seems tab is a "little tongue"
00:16:17 <Crisium> https://media.discordapp.net/attachments/337388225696104459/641959200326680576/7e30b7ac01e671f8.gif
00:16:35 <reimeuk> also the WWW is the TTT (Tut-Tera Teksaĵo)
00:40:23 <Dot`> skram! Merry Jule
00:40:39 <skram> God jul Bjørnen :D
00:40:53 <Dot`> ah, no e
00:41:29 <Dot`> you too cane, rawr <3
00:42:09 <skram> I havent eaten in days just so I can eat EXTRA ribs tonight
00:47:15 <Crisium> ribs mm
00:48:06 <Cane> God jul. <3
00:48:23 <skram> <3
00:48:38 <Cane> skram, mom made my favorite cake, and tomorrow is ribs.
00:48:47 <Cane> How's a guy gonna lose weight like this?
00:48:53 <skram> hell yeah brother
00:49:23 <skram> well gotta hit the gym extra hard next year I suppose :P
00:54:44 <reimeuk> god jul and good night
00:54:55 <skram> gnight reifmannen
04:05:39 <Rawr|Fone> 🐴🐴🐴
05:33:37 -!- Rawr|Fone [~AndChat52@173-25-20-95.client.mchsi.com] has joined #tlponies
05:42:22 -!- Runbunny [~Runbunny@91.100.28.10.generic-hostname.arrownet.dk] has joined #tlponies
05:42:48 <Runbunny> It's me, I'm awake.
07:32:28 <Rawr|Fone> Runbunny
08:05:39 <Runbunny> Rawr|Fone.
08:44:58 -!- Rial [~Rial@p1702218-ipngn201209tokaisakaetozai.aichi.ocn.ne.jp] has joined #tlponies
08:50:18 <Rial> Ah yes
08:50:27 <Rial> Yes, indeed
08:52:14 -!- Dot|Phone [uid393803@2001:67c:2f08:8::6:24b] has joined #tlponies
08:52:31 <Dot|Phone> Morning all
08:52:36 <Rial> Dot~
08:58:17 <Dot|Phone> Nope, can't place the name. But hi! 
08:58:53 <Rial> Hehe, reime invited me to join, for the holidays. z32o here. Hello
08:59:14 <Dot|Phone> Zero! 
08:59:20 <Dot|Phone> How you been
09:00:00 <Rial> Still fighting the good fight! Merry merries
09:00:25 <Dot|Phone> To you too
09:05:51 <Dot`> runbun
09:06:49 <Runbunny> Dot`, 
09:06:57 <Dot`> God Jul!
09:07:09 <Runbunny> God jul til dig også kære ven.
09:07:25 <Runbunny> Rial, hey man, how are you doing?
09:12:38 <Rial> Angel~
09:12:55 <Rial> I'm good, yes, got a haircut today, and earrings yesterday
09:14:19 <Rial> Had to find my mIRC license key buried under dusty folders
09:17:36 <Runbunny> License key?
09:19:23 <Rial> Yes, I had a mIRC license / registration code
09:22:47 <Runbunny> Oh.
09:39:04 <Dot`> .seen dub`
09:39:13 <Dot`> hmm, swoots is not doing great
09:44:56 <Rial> .seen z32o
09:45:12 <Rial> weh
09:55:38 <Dot`> any plans for christmas zero?
10:00:15 <Rial> Hmm, tomorrow I'll go to the mall to look for new glasses. I need new frames. I also want to see if I can find some fairy lights and a lights/constellation projector for the bedroom. I changed a lot of things in the apartment right as the holiday break started. Trying to make the best use of my time. 
10:00:19 <Rial> How about you?
10:01:22 <Runbunny> .buttrate Rial 
10:02:48 <Dot`> not much, visiting mother, relaxing
10:03:16 <Dot`> moved apartment 3 days ago, then didnt even unpack, just came down to bakewell
10:23:26 -!- skram [~skram@178.239.173.204] has joined #tlponies
10:24:38 <Dot`> jonas friend
10:25:02 <skram> Dot` pal!
10:27:52 <skram> hows ur face
10:34:14 -!- reification [~thomas@cpc76294-cosh16-2-0-cust297.6-1.cable.virginm.net] has joined #tlponies
10:34:14 -!- mode/#tlponies [+v reification] by Q
10:36:26 <Dot`> and a reef
10:36:47 <Dot`> im doing ok skram, was playing some Star Citizen but server crashed on me
10:37:17 <skram> how rude
10:44:40 <Dot`> what you up to
10:46:36 <skram> MEMES
10:46:37 <skram> https://i.imgur.com/CLI0meO.jpg
10:47:34 <Dot`> lol
10:48:53 <skram> almost time for porridge, dot
10:48:58 <skram> this year im gonna get the almond
10:51:18 <reification> is that like getting the sixpence in a christmas pudding?
10:51:28 <reification> morning dotties, skram <3
10:51:48 <skram> probably! you hide an almond in it and whoever finds it gets a PRIZE!
10:51:55 <skram> mornin reif!
10:53:03 <reification> well that is a less hazardous to your teeth hidden object
10:55:06 <skram> if you're not careful you might just chomp it without noticing
11:05:52 -!- Dot` [webchat@wk3n.ptjt.ho6x.ip] has joined #tlponies
11:12:55 <Rial> reification, thanks for the game~ 
11:13:29 <reification> ah hello rial <3
11:13:34 <Rial> Hey hey
11:13:39 <Rial> <3
11:14:00 <reification> wait it isn't christmas in japan yet is it?
11:14:15 <Rial> It's the 24th 8:20 PM
11:14:37 <reification> i must have gotten my times messed up with steam, oh well
11:14:55 <Rial> Don't worry, I'll pretend I saw nothing
11:15:32 <reification> will you be having fried chicken today, i believe that is the appropriate tradition?
11:16:34 <Rial> My roomie is on a diet. We'll opt for roast chicken instead =w=
11:16:47 <Rial> But yes, KFC is already trending on JP Twitter
11:17:37 <reification> i shall have roast duck tomorrow but that is only a family tradition not a english one
11:18:48 <Rial> I remember eating duck before. It tasted like ham
11:20:35 <reification> it may depend on preparation but roast duck should have a lot of crispy skin
11:20:57 <reification> so not the best for your roommate
11:26:06 <reification> it's nice to have you here again rial, i have missed your streams, though i can understand you've been otherwise occupied
11:26:38 <reification> also your art has improved a lot, i especially liked this fox https://twitter.com/z32o/status/1204528486062276608
11:27:32 <Rial> I had to reinstall mIRC and dug out my registration code, and remember how to get here, but here I am, lol
11:28:21 <Rial> I'm glad you like it! I've been taking this holiday break to update my things on the social media part and all of that stuff. 
11:28:23 <reification> ah quite the journey
11:28:51 <Rial> I miss streaming too, to be honest
11:33:11 <reification> you always impressed me with your ability to play and talk to chat at the same time
11:33:25 <reification> my multitasking isn't really up to streaming
11:34:36 <Rial> You're making me red =w=
11:34:55 <Rial> I was pretty terrible at it at the beginning
11:41:42 <reification> i shall go get the exercise i missed out on yesterday. back in a bit
11:42:04 <Rial> Good luck!
11:55:58 <Runbunny> Shower time.
12:07:53 <Dot`> sounds correct runbun
12:21:56 <Runbunny> I'm out
12:22:04 <Runbunny> Merry christmas boys.
12:28:12 -!- Cane [~Cane@CaneCraft.users.quakenet.org] has joined #tlponies
12:28:12 -!- mode/#tlponies [+o Cane] by Q
13:06:26 -!- Golly [~kvirc@cm-84.213.21.103.getinternet.no] has joined #tlponies
13:09:20 -!- tredc [~tredc@c83-254-129-166.bredband.comhem.se] has joined #tlponies
13:35:32 <Dot`> im back
13:35:38 <Dot`> i did social things
13:35:40 <Dot`> no more today
13:41:10 <Rial> Welcome back
13:42:50 <reification> wb dotties
13:43:25 <reification> i go to post last minute christmas present and tax form >.>
13:44:00 <Dot`> :/
14:05:14 <Rial> I rest for today. I'll come back tomorrow
14:05:24 <skram> oh dang
14:05:30 <skram> greetings rial, hope you're doing well
14:05:36 <Rial> skram <3
14:05:46 <Rial> same to you
14:06:52 <skram> Dot`
14:06:56 <skram> stupid brother got the almond
14:06:57 <skram> AGAIN
14:07:02 <Dot`> AHHH
14:10:06 <Rawr|Fone> 🐴🐴🐴
14:10:23 <Dot`> rawr rawr rawr
14:10:39 <Rawr|Fone> Dot dot dot
14:10:42 <Rawr|Fone> ❤❤❤
14:11:06 <Micen> hello
14:11:43 <Dot`> <3 <3 <3
14:11:44 <Micen> Merry Christmas eve everyone. 
14:11:46 <Dot`> hey mocen
14:11:49 <skram> micen old pal
14:11:51 <skram> merry chrimmas
14:14:39 <Dot`> hows the oven micen?
14:14:45 <Micen> still unhooked 
14:14:54 <Micen> likely to remain that way until early jan
14:15:00 <Micen> so no christmas cookies :(
14:17:16 <Dot`> time to get the grill out? and have a christmas bbq
14:17:19 <Micen> you know, at least im glad its a seprate wall oven and not our range as well
14:17:37 <skram> whats a range
14:17:41 <skram> is that the stove?`
14:17:46 <Micen> stovetop
14:17:49 <Micen> yrp
14:17:50 <skram> ah i see
14:23:18 <Rawr|Fone> Jonas, moocen
14:23:23 <Rawr|Fone> Good morning
14:23:41 <reification> sounds like you need a helpful neighbour who will let you use their oven micen
14:24:07 <reification> morning roar roar
14:24:13 <Micen> whats a negiubor?
14:24:41 <Rawr|Fone> Good morning my dear reef reef
14:25:36 <reification> are the ppl who live around you not friendly or just absent?
14:25:55 <Micen> im super rural
14:26:06 <Micen> like half mile or more between houses
14:27:28 -!- carcinisation [~thomas@cpc76294-cosh16-2-0-cust297.6-1.cable.virginm.net] has joined #tlponies
14:27:28 -!- mode/#tlponies [+v carcinisation] by Q
14:36:38 -!- Dot` [webchat@wk3n.ptjt.ho6x.ip] has joined #tlponies
14:54:15 <Micen> and my closest neighbor is a total jerk. 
16:23:48 -!- Camail [~Camail@45.40.84.145] has joined #tlponies
16:23:48 -!- mode/#tlponies [+v Camail] by Q
16:26:49 <Dot|Phone> Cambutt
16:27:53 <Camail> dot hullo
16:28:00 <Camail> christmas time
16:28:02 <Camail> busy busy
16:28:50 <Dot|Phone> Indeed. Presents to wrap
16:44:02 -!- Zounds [webchat@cloak-07ouvien.14-2.cable.virginm.net] has joined #tlponies
16:44:35 <Dot|Phone> Zoonds! 
16:48:18 <Zounds> hey
17:03:14 <Dot|Phone> Free game on epic today is celeste if you missed it last time they gave it away free
17:04:36 <carcinisation> yeah at first i thought "neat" then i realised i already had it... >.>
17:36:54 -!- Dot` [webchat@wk3n.ptjt.ho6x.ip] has joined #tlponies
18:06:13 -!- carcinisation [~thomas@cpc76294-cosh16-2-0-cust297.6-1.cable.virginm.net] has joined #tlponies
18:06:13 -!- mode/#tlponies [+v carcinisation] by Q
18:22:33 -!- Crisium [~Crisium@c-24-3-150-105.hsd1.pa.comcast.net] has joined #tlponies
18:27:01 <Dot|Phone> Cris pon
18:33:30 <Crisium> howdy
18:33:42 <Crisium> anyone up for a little OW?
18:33:49 <Crisium> or too busy with the christmas shenanigans
18:34:11 -!- CrisPone [uid127042@2001:67c:2f08:7::1:f042] has joined #tlponies
18:36:04 <Rawr|Fone> Crisium
18:36:18 <Crisium> roor
18:36:20 <Crisium> are you in america
18:37:14 <Rawr|Fone> Yes
18:37:17 <Rawr|Fone> Iowa
18:37:33 <Crisium> oh weird why
18:37:37 <Crisium> thats middle of nowhere
18:38:08 <reification> cris i am plej overwatch now
18:38:21 <Rawr|Fone> My girlfriend has family here crisium
18:38:23 <reification> to get new mercy skin
18:38:29 <Crisium> what server reif?
18:38:39 <reification> i am eu but i can go na
18:38:40 <Crisium> oh nice rroor
18:39:04 <reification> iowa must be very important or why does it vote first in primaries?
18:39:24 <Crisium> cause they set up a dumb system a long time ago
18:39:39 <Crisium> ill go EU Reif
18:39:39 <Rawr|Fone> I like how everyone I meet here asks the same question cris
18:40:05 <Rawr|Fone> They always wonder why I went out into the middle of nowhere
18:40:52 <Rawr|Fone> I think it's nice here, although I miss the ocean
18:43:03 <Rawr|Fone> Dot
18:43:51 <Dot|Phone> Rawr
18:44:08 <Rawr|Fone> How are you my dear friend
18:44:10 <Dot|Phone> You saying howdy to everyone you meet there? 
18:44:18 <Dot|Phone> I'm doing good,
18:46:14 <Rawr|Fone> Not yet
18:46:17 <Rawr|Fone> Great
18:46:28 <Dot|Phone> Your great
18:46:41 <Dot|Phone> Who's looking after spike? 
18:48:16 <Rawr|Fone> His parents I hope
18:49:10 <Dot|Phone> Great
18:50:40 <Rawr|Fone> You are great
21:18:32 <Dot|Phone> Pon Pon
22:00:34 -!- carcinisation [~thomas@cpc76294-cosh16-2-0-cust297.6-1.cable.virginm.net] has joined #tlponies
22:00:34 -!- mode/#tlponies [+v carcinisation] by Q
22:06:45 -!- skram [~skram@37.48.65.49] has joined #tlponies
22:08:34 <Rawr|Fone> Jonas
22:09:36 <Dot|Phone> Skram
22:10:29 <skram> HEY pals
22:11:41 <skram> hows y'all
22:11:57 <Dot|Phone> Doing ok
22:11:59 <Dot|Phone> You? 
22:12:15 <skram> i think i ate a whole pig
22:12:53 <skram> gifts were opened, everyone had a good time
22:13:12 <Rawr|Fone> Great
22:13:22 <Dot|Phone> You get socks? 
22:13:46 <skram> not a single one
22:14:14 <Rawr|Fone> D:
22:14:38 <skram> got some pillows though so ill be fine
22:20:16 -!- Zounds [webchat@cloak-07ouvien.14-2.cable.virginm.net] has joined #tlponies
22:21:06 <Rawr|Fone> Zoonds
22:21:13 <skram> Zounds
22:21:18 <Zounds>  hey
22:22:24 <skram> hows you
22:22:33 <skram> did you open your presents yet
22:23:10 <Dot|Phone> Only impatient scandanavians do that
22:24:03 <Zounds> tomorrow skram
22:24:38 <skram> ah i see
22:25:47 <Zounds> did you have a nice dinner skram
22:26:29 <skram> pretty wonderful
22:26:36 <skram> what do you eat on christmas in scotland
22:28:26 <Zounds> turkey most commonly
22:28:41 <Zounds> other birds and ham and beef sometimes
22:31:27 <skram> what about pudding?
22:34:07 <Zounds> the aptly named christmas pudding is often the pudding at christmas
22:34:14 <Zounds> we tend to eat a trifle though
22:34:18 <Zounds> if we have dessert
22:36:04 <skram> sounds like a good time, zounds
22:36:32 <Zounds> turkey is nice but its the stuffed that served with it I love
22:36:49 <Zounds> the stuffing, the sprouts, the sausages wrapped in bacon called pigs in blankets
22:36:55 <Zounds> and especially the roast potatoes
22:37:58 <skram> dont think ive ever had stuffed turkey
22:38:07 <skram> we usually have turkey on NYE but unstuffed
22:38:32 <Dot|Phone> Stuffing balls are great
22:47:46 <Zounds> they are
23:19:07 -!- Rial [~Rial@p1702218-ipngn201209tokaisakaetozai.aichi.ocn.ne.jp] has joined #tlponies
23:19:20 <Dot|Phone> Hey zero
23:19:25 <Rial> Morning
23:19:38 <Dot|Phone> Merry Christmas your side
23:19:46 <Rial> THank you
23:24:13 <reification> hi rial, merry christmas!
23:25:48 <Rial> Merry Xmas to you both
23:29:08 <reification> i shall need to go to bed now so santa can deliver my presents
23:29:15 <reification> g'night all
23:29:29 <Dot|Phone> Gnight Reif
23:29:45 <Rawr|Fone> Hey zero!
23:30:56 <Rial> Rawr
23:31:04 <Rial> sleep well, reif
23:37:57 <Cane> I got so much cool loot. <3
23:38:00 <Cane> Hi everyone!
23:38:03 <Cane> Merry jul. =)
23:38:21 <Dot|Phone> Hey Cane <3
23:38:30 <Dot|Phone> Merry Jul 
23:39:01 <Rawr|Fone> How are you doing rial
23:41:49 -!- Rawr|Phone [~AndChat52@173-25-20-95.client.mchsi.com] has joined #tlponies
