01:06:54 -!- Rawr|Fone [~AndChat52@c-4eb4e655.020-164-6d6c6d4.bbcust.telenor.se] has joined #tlponies
01:07:00 <Camail> Cane https://i.redd.it/uugofnacpnj31.jpg
01:07:35 <Camail> https://i.redd.it/cx0trtmx6oj31.jpg for a comparison
01:22:00 <Camail> i dont know how good this is
01:22:12 <Camail> the +2 to minions feels good
01:23:01 <Camail> and now your ascension node no longer determines the minions you use
01:49:45 -!- Rawr|Fone [~AndChat52@c-4eb4e655.020-164-6d6c6d4.bbcust.telenor.se] has joined #tlponies
02:04:23 -!- DoT|Phone [~Dot@85.255.237.190] has joined #tlponies
02:04:40 -!- DoT|Phone1 [~Dot@90.212.77.189] has joined #tlponies
02:50:43 -!- DuB` [DuB@cpe-68-174-122-249.nyc.res.rr.com] has joined #tlponies
02:54:54 <DuB`> Whew
02:55:04 <DuB`> 2TB of empty space!
02:55:27 <DuB`> I don't have to rotate my installed steam games every time I get something now :P
03:29:16 -!- Rawr|Fone [~AndChat52@c-4eb4e655.020-164-6d6c6d4.bbcust.telenor.se] has joined #tlponies
05:47:38 -!- Rawr|Fone [~AndChat52@c-4eb4e655.020-164-6d6c6d4.bbcust.telenor.se] has joined #tlponies
06:00:57 -!- Rawr|Fone [~AndChat52@c-4eb4e655.020-164-6d6c6d4.bbcust.telenor.se] has joined #tlponies
07:00:42 -!- Rawr|Fone [~AndChat52@c-4eb4e655.020-164-6d6c6d4.bbcust.telenor.se] has joined #tlponies
07:02:46 <DoT`> morning
07:03:14 <DoT`> .tell cane i fell asleep, thank you for stream <3
07:15:58 -!- Rawr|Fone [~AndChat52@c-4eb4e655.020-164-6d6c6d4.bbcust.telenor.se] has joined #tlponies
07:15:59 <Rawr|Fone> DoT DoT DoT
07:21:45 <DoT`> Rawr Rawr Rawr
07:21:53 <DoT`> <3 <3 <3
07:21:56 <Rawr|Fone> ❤❤❤
07:22:07 <DoT`> have you hugged spike this morning?
07:30:19 <Rawr|Fone> Yes
07:30:34 <DoT`> great
07:31:59 <Rawr|Fone> You are great
07:43:13 -!- Runbunny [~Runbunny@91.100.28.10.generic-hostname.arrownet.dk] has joined #tlponies
07:43:54 <DoT`> Angel!
07:44:41 <Runbunny> Hai Dot.
08:19:49 <Cane> <3
08:30:40 -!- Rawr|Fone [~AndChat52@c-4eb4e655.020-164-6d6c6d4.bbcust.telenor.se] has joined #tlponies
08:31:09 -!- Golly [Golly@cm-84.213.21.103.getinternet.no] has joined #tlponies
09:21:25 <DoT`> how you today runbun
09:34:55 <DoT`> .tell skram https://www.reddit.com/r/DnD/comments/cxp7as/oc_konosuba_fans_rejoice_in_celebration_of_the/
09:38:09 <DoT`> time to head into town
09:40:34 -!- DoT|Phone [~Dot@85.255.237.202] has joined #tlponies
09:40:46 -!- tredc [~tredc@c83-254-129-166.bredband.comhem.se] has joined #tlponies
09:56:13 <Runbunny> I am just existing today.
09:56:19 <Runbunny> Not really doing anything.
09:56:24 <Runbunny> Playing video games.
09:59:32 -!- skram [~skram@82.147.53.63] has joined #tlponies
10:07:03 -!- DoT|Phone1 [~Dot@85.255.237.202] has joined #tlponies
10:28:24 -!- DoT|Phone [~Dot@90.212.77.189] has joined #tlponies
10:28:40 -!- reification [~thomas@cpc76294-cosh16-2-0-cust297.6-1.cable.virginm.net] has joined #tlponies
10:28:40 -!- mode/#tlponies [+v reification] by Q
10:30:11 <DoT`> I back
10:30:17 <reification> wb dotties
10:30:22 <DoT`> reif rief
10:34:00 <DoT`> skram why so rude
10:37:29 <DoT`> rawr is sweden ok? https://imgur.com/gallery/VAwNLRS
10:38:16 <skram> this cant be real
10:38:24 <skram> how do i activate my genitals, DoT`?
10:38:28 <DoT`> probably not
10:38:37 <DoT`> just based on russia
10:38:55 <DoT`> shoul dbe cheeki breeki
10:40:07 <skram> dot why is EXPLOSION not on this list
10:41:28 <DoT`> isnt it just delayed fierball?
10:41:43 <skram> its like fireball in all caps I guess
10:43:05 <DoT`> there is a spell called delayed fireball
10:43:25 <DoT`> high level and the longer you leave it the stronger it gets up to a certain amount
10:43:39 <skram> oh i see
10:45:10 <DoT`> copy paste spell time
10:45:41 <DoT`> nope, pdf copying is being worst than normal
10:46:18 <DoT`> well, its 7th level, 12d6 base + 1df  every 6 seconds up to a minute
10:46:22 <DoT`> 1d6
10:46:32 <DoT`> so max of 22d6
10:46:46 <skram> thats only 10 rounds
10:46:57 <skram> avg damage ~100
10:47:02 <skram> thats like 2 barbarian turns
10:47:53 <DoT`> well if your barbarian has a op sword that smites every round, sure
10:48:01 <skram> its the only way to live
10:48:03 <DoT`> every attack*
10:48:11 <skram> though i guess fireball has a 10(?)ft radius
10:48:35 <DoT`> 20 ft 
10:52:16 <DoT`> high level monk > high level barb though still i think
10:54:22 <skram> monks are the worst
10:54:29 <skram> cursed dice
10:54:51 <DoT`> you had a rough session last week
10:55:22 <DoT`> and you also play monk a lot like its a barb and at low levels monk are squishy
10:55:24 <DoT`> its a tough life
10:55:30 <skram> im gonna pretend to roll my dice irl and just fudge the numbers
10:55:37 <DoT`> ok
10:55:40 <skram> wow! a nat 20 AGAIN! wew im so lucky
10:55:56 <DoT`> well after the number of 1's you rolled last session
10:56:03 <skram> haha
10:56:10 <DoT`> anything under 10 nat 20's wont seem absurd
10:56:44 <reification> .tell zounds https://twitter.com/mike_nether/status/1167584005803237376
11:09:55 -!- Rawr|Fone [~AndChat52@c-4eb4e655.020-164-6d6c6d4.bbcust.telenor.se] has joined #tlponies
11:24:54 -!- skrma [~skram@134.19.189.212] has joined #tlponies
11:25:21 <DoT`> is this the rare work anime skram?
11:26:57 <skrma> haha
11:27:04 <reification> https://twitter.com/ElegantAnime/status/1167138952404504577
11:37:03 <skrma> thats illegal dot
11:43:57 <DoT`> work isnt illegal skram
11:45:42 <skrma> should be
12:05:36 -!- Rawr|Fone [~AndChat52@c-4eb4e655.020-164-6d6c6d4.bbcust.telenor.se] has joined #tlponies
12:37:05 <Cane> So hungry.
12:59:59 -!- Rawr|Fone [~AndChat52@c-4eb4e655.020-164-6d6c6d4.bbcust.telenor.se] has joined #tlponies
13:04:18 <DoT`> go hunt cane
13:32:06 <CockRoac1|42> i'm bad at this irc thing... i havent talked anywhere since cane finished his stream :O
13:36:36 <skrma> I thought you just didnt like us anymore, cr
13:39:51 <DoT`> did you even look at the doggos cr?
13:53:29 -!- reification [~thomas@cpc76294-cosh16-2-0-cust297.6-1.cable.virginm.net] has joined #tlponies
13:53:29 -!- mode/#tlponies [+v reification] by Q
13:53:34 -!- Rawr|Fone [~AndChat52@c-4eb4e655.020-164-6d6c6d4.bbcust.telenor.se] has joined #tlponies
13:55:28 <skrma> .tell dub` https://gulfaudiocompany.bandcamp.com/album/online-dating
13:57:38 <skram> dot https://i.imgur.com/foreErT.jpg
14:03:11 -!- carcinisation [~thomas@cpc76294-cosh16-2-0-cust297.6-1.cable.virginm.net] has joined #tlponies
14:03:11 -!- mode/#tlponies [+v carcinisation] by Q
14:06:47 <DoT`> too lewd
14:09:44 -!- reification [~thomas@cpc76294-cosh16-2-0-cust297.6-1.cable.virginm.net] has joined #tlponies
14:09:44 -!- mode/#tlponies [+v reification] by Q
14:43:08 <DoT`> what you up to skram
14:50:25 <CockRoac1|42> DoT`: nope
14:57:30 -!- Rawr|Fone [~AndChat52@c-4eb4e655.020-164-6d6c6d4.bbcust.telenor.se] has joined #tlponies
15:00:57 <DoT`> why do you hate doggos cr?
15:10:44 -!- Rawr|Fone [~AndChat52@c-4eb4e655.020-164-6d6c6d4.bbcust.telenor.se] has joined #tlponies
15:16:48 <Rawr|Fone> 🐴🐴🐴
15:27:07 <DoT`> rawr rawr
15:27:26 <Rawr|Fone> DoT DoT
15:27:28 <Rawr|Fone> ❤❤
15:28:54 -!- DuB` [DuB@cpe-68-174-122-249.nyc.res.rr.com] has joined #tlponies
15:30:49 <DoT`> <3 <3
15:30:53 <DoT`> and Dub!
15:30:58 <DuB`> Yeah!
15:35:06 <Rawr|Fone> Waow
15:35:11 <Rawr|Fone> The dub horse
15:37:45 -!- Camail [~Camail@45.40.84.145] has joined #tlponies
15:37:45 -!- mode/#tlponies [+v Camail] by Q
15:38:40 <DoT`> camaiI
15:40:53 <Camail> deet doot
15:41:30 <DuB`> Ooooh skram https://imgur.com/gallery/ab51UHF
15:43:04 <DoT`> vroom vroom
15:43:44 <DoT`> dub i was goven like an hour and a half history lesson on the current state of F1 while on the way to work on friday
15:45:17 <DuB`> O fun :P
15:46:33 <DoT`> i did a lot of nodding
15:52:30 <DoT`> you got your bird seed ready dub?
15:52:46 <DuB`> I'm all out D:
15:53:13 <DuB`> Gonna exercise right now and see if I still have time to do shopping
15:53:22 <DoT`> gl
15:58:56 -!- DoT|Phone1 [~Dot@185.69.145.112] has joined #tlponies
16:14:17 -!- DoT|Phone [~Dot@90.212.77.189] has joined #tlponies
16:19:23 <Camail> .tell DuB` exercise is for nerds
16:30:09 -!- DuB` [DuB@cpe-68-174-122-249.nyc.res.rr.com] has joined #tlponies
16:32:53 <CockRoac1|42> DoT`: because i'm almost the worst
16:35:26 -!- Rawr|Fone [~AndChat52@c-4eb4e655.020-164-6d6c6d4.bbcust.telenor.se] has joined #tlponies
16:43:08 -!- carcinisation [~thomas@cpc76294-cosh16-2-0-cust297.6-1.cable.virginm.net] has joined #tlponies
16:43:08 -!- mode/#tlponies [+v carcinisation] by Q
16:51:08 -!- reimeuk [~thomas@cpc76294-cosh16-2-0-cust297.6-1.cable.virginm.net] has joined #tlponies
16:51:08 -!- mode/#tlponies [+v reimeuk] by Q
16:59:03 <Cane> I should stream.
17:00:45 <DoT`> i have 2 hours till dnd
17:00:49 <Cane> https://www.twitch.tv/CaneCraft
17:00:51 <DoT`> can watch a bit while prepping
17:04:34 -!- Golly [Golly@cm-84.213.21.103.getinternet.no] has joined #tlponies
17:39:34 -!- BioPone [~androirc@mobile-166-176-249-241.mycingular.net] has joined #tlponies
17:49:08 <skram> Think im gonna do a nap, DoT`
17:49:14 <skram> wake me up in like 4 hours please
17:51:04 <DuB`> 1hr!
17:53:48 <Rawr|Fone> Skram doesn't want to be on time
17:53:59 -!- BioPone [~androirc@97.70.165.146] has joined #tlponies
17:54:06 <Rawr|Fone> Although I guess horses don't really have a concept of time anyway
18:04:07 -!- BioSC [~BioPon@97.70.165.146] has joined #tlponies
18:14:01 -!- BioPone [~androirc@97.70.165.146] has joined #tlponies
18:17:20 <DoT`> skram is a rude horse
18:18:23 <skram> y'all are the rude ones
18:20:10 -!- Rawr|Phone [~AndChat52@83.185.87.182] has joined #tlponies
18:26:35 <CockRoac1|42> pls calm down
18:26:39 <Camail> no dont calm
18:26:44 <DuB`> lul
18:26:44 <Camail> go crazy
18:26:59 <DuB`> Can't play Control until dnd because Epic launcher servers are down
18:27:03 <DuB`> wew
18:44:11 <BioSC> https://i.redd.it/1c55cdfkmoj31.jpg
18:47:26 <skram> darn tootin
18:47:38 <skram> goddamn liberals tryna keep muh horse outta church
18:48:08 <Camail> skram just wants freedom of religion like us humans have
18:49:06 <skram> you're not even human, crabmail
18:49:29 <Camail> i am too human
18:49:41 <skram> haha ok crabman
18:51:43 -!- Rawr|Fone [~AndChat52@c-4eb4e655.020-164-6d6c6d4.bbcust.telenor.se] has joined #tlponies
19:31:43 -!- BioPone [~androirc@97.70.165.146] has joined #tlponies
19:52:06 -!- Rawr|Fone [~AndChat52@c-4eb4e655.020-164-6d6c6d4.bbcust.telenor.se] has joined #tlponies
19:58:22 <Camail> boardgame manuals really suck at using gender neutral pronouns
19:59:11 -!- BioPone [~androirc@97.70.165.146] has joined #tlponies
20:09:31 -!- reification [~thomas@cpc76294-cosh16-2-0-cust297.6-1.cable.virginm.net] has joined #tlponies
20:09:31 -!- mode/#tlponies [+v reification] by Q
20:28:55 <skram> Runbunny: https://i.imgur.com/gqx5QMJ.jpg
20:46:23 <Camail> is dnd over?
20:47:03 <skram> only been going for 2 hours
20:49:58 <DoT`> bio ran away though
20:58:09 <Runbunny> Jonas.
20:58:14 <Runbunny> That is soo dank.
21:00:07 -!- Rawr|Fone [~AndChat52@c-4eb4e655.020-164-6d6c6d4.bbcust.telenor.se] has joined #tlponies
21:02:44 -!- reification [~thomas@cpc76294-cosh16-2-0-cust297.6-1.cable.virginm.net] has joined #tlponies
21:02:44 -!- mode/#tlponies [+v reification] by Q
21:30:04 <Rawr|Fone> DoT
21:40:17 -!- Crisium [~Crisium@c-24-3-150-105.hsd1.pa.comcast.net] has joined #tlponies
21:58:39 <DoT`> RAwr
22:10:00 -!- Rawr|Fone [~AndChat52@c-4eb4e655.020-164-6d6c6d4.bbcust.telenor.se] has joined #tlponies
22:21:02 -!- Rawr|Fone [~AndChat52@c-4eb4e655.020-164-6d6c6d4.bbcust.telenor.se] has joined #tlponies
22:25:28 <DoT`> Rawr
22:25:44 <Rawr|Fone> Look dot https://imgur.com/a/m1YSiw3
22:30:54 <DoT`> fluffy!!!
22:31:09 <DoT`> he looks pretty done with you in second last pic
22:32:52 <skram> SD vill forbjuda slojor i skolan
22:32:53 <skram> stardragon pls
22:34:38 <DoT`> wat
22:44:33 <skram> stardragon wants to forbjuda slojor in school
22:44:38 <skram> kinda rude
22:46:26 <CockRoac1|42> :)
22:52:26 <DuB`> I am overwhelmed by all the food options and might just go get a burger or something :P
22:52:35 <DuB`> Haven't tried the place across the street yet...
22:52:50 <skram> just go to the food truck, DuB`!
22:52:57 <skram> get you a falafel or something
22:55:57 <DuB`> o fiiine
22:56:06 <skram> or maybe
22:56:08 <skram> octopus??
22:56:22 <DuB`> Sausage bar looked the tastiest actooaly
22:56:37 <skram> you're so indecisive
22:56:51 <skram> .choose sausag falafal
22:57:47 <DuB`> ok brb
23:07:26 <skram> bjørn
23:07:31 <DoT`> Jonas
23:07:56 <skram> https://www.finn.no/realestate/homes/ad.html?finnkode=131836619
23:08:02 <skram> what do you think
23:08:35 <DoT`> its amazing!
23:09:13 <DoT`> thats loo with a view, lol
23:09:42 <skram> what luxury
23:10:34 <DoT`> can watch who enters your vinterhage while sitting on the toilet, vey usefull
23:11:08 <skram> always gotta keep an eye out for intruders
23:12:31 <DoT`> https://i.imgur.com/AHWepl8.png
23:15:33 <DuB`> Halal cart guy was on break, got sosig 
23:16:41 <DuB`> Pretty yum
23:16:50 <skram> :D
23:22:20 <DoT`> SKRAM
23:22:24 <DoT`> https://www.reddit.com/r/dwarffortress/comments/cxzfyn/oc_paul_the_pulverizer/
23:22:25 <skram> dOT
23:22:43 <skram> The harp seal man is roaring.
23:23:13 <skram> wait is this the winner of the tournament
23:23:35 <DoT`> oh 
23:23:44 <DoT`> i hadnt seen the finale was posted
23:23:54 <DoT`> i checked earlier and it wasnt, didnt think it had been run yet
23:24:01 <DoT`> https://www.reddit.com/r/dwarffortress/comments/cxyjf6/gladiator_tournament_iv_finale/
23:24:09 <DoT`> yea, Paul won, it was inevitable
23:31:30 <skram> its the seals turn to do the clubbing this time
23:32:15 <DoT`> when seal clubbing was brought up in dnd today all i could think of was Paul
23:32:38 <skram> haha
23:40:23 <DoT`> Skram, you want to know when the next level up is?
23:40:38 <skram> is it next time
23:40:56 <DoT`> hopefully
23:47:08 <Runbunny> DoT`, https://www.reddit.com/r/aww/comments/cxyxnh/im_so_happy_for_them/
23:54:15 -!- Rawr|Fone [~AndChat52@c-4eb4e655.020-164-6d6c6d4.bbcust.telenor.se] has joined #tlponies
23:56:25 <DuB`> hmm wat do
23:56:39 <DuB`> Everyone is play wow and I'm all alonely
23:56:59 <skram> im trolling bandcamp for hot jamz
23:57:05 <DuB`> aw nice man
23:58:25 <Runbunny> Talk to me Dub.
23:58:48 <skram> wow this one label not only releases to compact cassettes
23:58:50 <skram> but also VHS
23:59:45 <Runbunny> What about that other one Jonas?
