00:47:02 -!- DoT` [~Dot@232.123.7.51.dyn.plus.net] has joined #tlponies
01:38:44 -!- Emily [emily@falconspy.org] has joined #tlponies
02:00:00 -!- Crisium [~Crisium@c-73-174-151-51.hsd1.pa.comcast.net] has joined #tlponies
02:41:23 -!- Cane_ [~Cane@CaneCraft.users.quakenet.org] has joined #tlponies
02:41:23 -!- mode/#tlponies [+o Cane_] by Q
02:51:57 -!- CockRoach|42 [~CR@CockRoach|42.users.quakenet.org] has joined #tlponies
02:51:57 -!- mode/#tlponies [+v CockRoach|42] by Q
04:19:18 -!- Rawr|Fone [~AndChat52@84-217-62-32.customers.ownit.se] has joined #tlponies
04:54:20 <Camail> i now have more chaos orbs than i do alterations
06:28:00 <Rawr|Fone> Great job camail
06:29:35 -!- DoT|Phone [~Dot@232.123.7.51.dyn.plus.net] has joined #tlponies
06:30:13 <DoT|Phone> Morning
06:36:54 <Camail> night
06:42:25 <DoT|Phone> Gnight cam
06:42:39 <Camail> knight
06:44:15 <Rawr|Fone> DoT DoT DoT
06:58:35 <DoT|Phone> Rawr Rawr Rawr
06:58:41 <DoT|Phone> 💖💖💖
06:58:57 <Rawr|Fone> 💖💖💖
07:05:01 -!- DoT|Phone1 [~Dot@85.255.234.157] has joined #tlponies
07:07:26 <DoT|Phone1> gl today Rawr <3
07:08:04 <Rawr|Fone> Thank you my dear ❤
07:18:04 -!- Rawr|Phone [~AndChat52@m83-185-91-181.cust.tele2.se] has joined #tlponies
07:56:09 -!- Runbunny [~Runbunny@91.100.28.10.generic-hostname.arrownet.dk] has joined #tlponies
07:56:20 <DoT|Phone1> Runbun!
07:58:33 <Rawr|Phone> Anders!
08:02:27 -!- Golly [Golly@cm-84.212.249.112.getinternet.no] has joined #tlponies
08:04:08 <Runbunny> Hai.
08:04:30 <Runbunny> I went and did a short run this morning.
08:04:58 <Runbunny> The time has come to reclaim lost power.
08:14:32 <Rawr|Phone> Are you going to start going to the gym anders
08:18:45 <DoT|Phone1> why pay when you can just do push ups at home and go for runs
08:20:56 <Runbunny> I have considered it yeah.
08:21:47 <Rawr|Phone> Dot push ups are the most overrated thing in the world compared to real strength training
08:23:37 <Runbunny> Henrik.
08:23:50 <Runbunny> "To be the best, you gotta pump the chest"
08:25:08 <Rawr|Phone> Well it rhymes so I guess it has to be true
08:25:26 <Rawr|Phone> I don't think push ups are the best way to do that though
08:26:08 <Runbunny> I have some dumbbells I wave around a bit every day.
08:28:43 <Rawr|Phone> It's better than nothing
08:29:04 <Rawr|Phone> But honestly you can't come close to what training with a barbell and weights does
09:45:46 -!- Rawr|Fone [~AndChat52@84-217-62-32.customers.ownit.se] has joined #tlponies
09:48:49 -!- reification [~thomas@cpc76294-cosh16-2-0-cust297.6-1.cable.virginm.net] has joined #tlponies
09:48:49 -!- mode/#tlponies [+v reification] by Q
09:49:04 <Rawr|Fone> Reef reef!
09:49:05 <DoT|Phone1> hey Reif!
09:49:17 <reification> hello roar roar, dotties!
09:50:23 <Runbunny> Hai Reif.
09:53:44 <reification> yes bun
10:36:09 <reification> https://pbs.twimg.com/media/D80bci6UYAA6fuI.png
10:36:32 <reification> .tell skram https://twitter.com/NAMELESS/status/1138576769307611138
10:36:46 <reification> .tell dub` https://twitter.com/gekikawa_wa/status/1138676323105165312 
10:37:19 <reification> F https://pbs.twimg.com/media/D87HbMwVsAAVWDt.png
10:44:30 <DoT|Phone1> Mr Rat died the way he lived. rip
10:46:59 -!- carcinisation [~thomas@cpc76294-cosh16-2-0-cust297.6-1.cable.virginm.net] has joined #tlponies
10:46:59 -!- mode/#tlponies [+v carcinisation] by Q
10:57:27 -!- Rawr|Phone [~AndChat52@m83-185-91-181.cust.tele2.se] has joined #tlponies
10:59:03 <carcinisation> runbun https://pbs.twimg.com/media/D84CeMcXoAAOTxB.png
11:00:25 <Runbunny> Dot dot.
11:00:52 <Runbunny> Haha Reif.
11:01:30 <Runbunny> I'll put on some mudic and clean the kitchen a bit.
11:02:13 <DoT|Phone1> Angel
11:08:07 <Runbunny> Dot, lets start planking each day to train our core.
11:25:13 <Rawr|Phone> Runbun snela
11:25:41 -!- carcinisation [~thomas@cpc76294-cosh16-2-0-cust297.6-1.cable.virginm.net] has joined #tlponies
11:25:41 -!- mode/#tlponies [+v carcinisation] by Q
11:32:37 <DoT|Phone1> it's the only correct way to do it Rawr
11:35:34 <Rawr|Phone> 😤😤😤
11:39:38 <DoT|Phone1> those are some happy looking faces Rawr
11:43:57 <Rawr|Phone> Absolutely
11:49:10 <DoT|Phone1> you done the thing yet Rawr?
11:50:34 <Rawr|Phone> It is in 10 minutes
11:52:37 <DoT|Phone1> gl horse! 💖💖💖
11:52:40 <DoT|Phone1> easy win
12:57:39 <DoT|Phone1> long interview
12:58:26 <Rawr|Phone> I just got done dotpon
12:58:44 <DoT|Phone1> how it go?
12:59:44 <Rawr|Phone> Pretty good I hope
13:01:19 <DoT|Phone1> great
13:02:32 <Rawr|Phone> We'll see next week I guess
13:03:12 -!- skrm [webchat@pioj.eid3.887x.ip] has joined #tlponies
13:03:27 <DoT|Phone1> Skram!
13:03:30 <DoT|Phone1> <3
13:03:59 <skrm> Dot!
13:04:00 <skrm> <3
13:05:01 <Rawr|Phone> Jonas the workhorse
13:17:52 <Runbunny> Jonas.
13:33:45 -!- DoT|Phone [~Dot@232.123.7.51.dyn.plus.net] has joined #tlponies
13:41:44 -!- DoT|Phone1 [~Dot@85.255.234.157] has joined #tlponies
13:50:37 -!- Rawr|Fone [~AndChat52@84-217-62-32.customers.ownit.se] has joined #tlponies
14:02:32 <skrm> DoT|Phone1
14:03:01 -!- DoT|Phone [~Dot@85.255.234.157] has joined #tlponies
14:05:32 <Rawr|Fone> Try again skrm
14:05:40 <skrm> DoT|Phone
14:05:59 <skrm> Its like bloody mary, rawr
14:06:09 <skrm> except you only need to say his name once and he disappears instead
14:07:30 <Rawr|Fone> He is probably just playing hard to get
14:07:55 <skrm> I think he is upset with me since I cant do the DnDeez
14:15:19 <Rawr|Fone> Probably skrm
14:23:14 -!- reification [~thomas@cpc76294-cosh16-2-0-cust297.6-1.cable.virginm.net] has joined #tlponies
14:23:14 -!- mode/#tlponies [+v reification] by Q
15:05:10 -!- DoT|Phone [~Dot@90.209.64.71] has joined #tlponies
15:05:46 -!- DoT` [DoT@90.209.64.71] has joined #tlponies
15:05:59 <DoT`> hello pons
15:06:06 <reification> wb dotties
15:06:10 <Rawr|Fone> DoT DoT
15:06:19 <Rawr|Fone> Try again skrm
15:06:20 <DoT`> Reef, Rawr Rawr
15:06:51 <DoT`> im sorry skram, i was heading back to bakewell and forgot to dc my phone
15:07:08 <DoT`> those hill always make me spam disconnects in irc
15:07:12 <DoT`> hills*
15:07:40 <Runbunny> Hai Dot.
15:07:49 <DoT`> Runbun, is the kitchen clean?
15:08:02 <Runbunny> I played video games instead :&
15:08:33 <Runbunny> DoT`, https://i.imgur.com/nCoqQbm.mp4
15:12:00 <DoT`> cute ferret
15:20:46 <DoT`> rawr, skrm doesnt want to talk to me now :(
15:21:03 <Rawr|Fone> You had your chance before dot
15:21:19 <DoT`> is this his next progrssion in anime? to be tsundere
15:21:35 <Rawr|Fone> I do not know what that means
15:21:37 <Rawr|Fone> Maybe
15:26:39 <Runbunny> Yes.
15:36:29 <skrm> i was doing stuff DoT` 
15:36:43 <skrm> turbine did a trip
15:38:23 <DoT`> oh dear
15:38:52 <DoT`> did it go see the coast?
15:42:40 <skrm> it just decided to quit workin' 
15:42:56 <skrm> im trying to make it go woosh now
15:43:21 <DoT`> dont lwt it stall
15:43:26 <DoT`> we all know what happens
15:43:44 <skrm> its not a jet plane, dot
15:45:55 <DoT`> its a power plant though
15:46:00 <DoT`> they EXPLODE
15:46:37 <skrm> we got these things called safety valves
15:46:39 <skrm> they're valves
15:46:41 <skrm> for safety
15:46:53 <DoT`> are they the type that cause the explosion?
15:47:11 <skrm> of course not
15:47:17 <skrm> WTE furnaces dont explode
15:47:30 <DoT`> sure sure
15:48:50 <Golly> youre both delusional
15:49:27 <Runbunny> Delightfully delusional.
15:51:24 <skrm> Comrade Benny assured me so. He would know, he's DANISH.
15:52:06 <Runbunny> I am fully convinced that he thinks you delusional as well.
16:00:31 <reification> if you're making enough energy to be a power plant, you're making enough energy for an explosion 
16:00:46 <reification> just channel your inner megumin
16:01:24 <DoT`> .tell dub` https://www.reddit.com/r/DnD/comments/c0bbrb/ocart_american_kestral_aarakocra/
16:03:45 <DoT`> CockRoach|42!  CR!!
16:03:50 <DoT`> DOGGO DAY
16:03:51 <DoT`> https://www.reddit.com/r/DnD/comments/c0l3m6/art_dungeons_and_doggos_106_sheepish/
16:05:08 <skrm> well if you wanna do some maths you can calculate the energy contained in 92m^3 of water at 259 degC/45 bara
16:05:12 <skrm> fun fact: its a lot
16:05:20 <skrm> hence why we have valves for safety reif reif
16:07:08 <reification> good don't let them jam or anything like that
16:07:26 <skrm> pfft these things never fail
16:08:03 <DoT`> never
16:11:44 <DoT`> Runbunny https://imgur.com/gallery/xLZavXT
16:11:56 <skrm> right, i got my summer cash today DoT` 
16:11:58 <skrm> im rich now
16:12:11 <DoT`> summer cash? is this some weird norwegion thing
16:12:29 <skrm> i think so
16:13:31 <skrm> you get like 10.2% of your total income from last year extra and you pay for your 25 days of vacation time
16:13:51 <skrm> so basically i got like 2 months pay in a single month! woo!
16:13:56 <DoT`> like a mid year christmas bonus
16:14:04 <skrm> hek yeh
16:14:09 <DoT`> also christmas bonuses dont exist anymore i guess even
16:14:37 <skrm> im gonna spend all of it on that scantily clad figurine of <best girl>
16:14:56 <DoT`> in pillow form i bet
16:15:50 <skrm> nono its gonna be way too smal to cost 1200$
16:16:03 <DoT`> ah. a loli
16:16:34 <skrm> nono, regular human, just in 1/12th scale
16:16:58 <DoT`> im sure runbun can hook you up with one that costs 1200
16:17:18 <skrm> actually i dont know who <best girl> is so it could be
16:18:18 <skrm> oops turbine done did a trip again
16:18:22 <skrm> gonna have to go do actual work
16:18:30 <DoT`> oh no! 
16:18:32 <DoT`> gl
16:18:34 <DoT`> wear your hat
16:35:01 <Rawr|Fone> What a horse that skrm
16:39:24 -!- Camail [~Camail@45.40.84.145] has joined #tlponies
16:39:24 -!- mode/#tlponies [+v Camail] by Q
16:44:25 <Rawr|Fone> .tell camail hi
16:44:34 <Camail> hi
16:49:13 <DoT`> no
16:51:58 -!- DuB` [DuB@65-130-75-179.slkc.qwest.net] has joined #tlponies
16:52:03 <DuB`> Oha
16:52:54 <DoT`> dub
16:54:10 <DuB`> dot
17:01:36 <Camail> google has suggested searches on the new chrome tabs now
17:01:41 <Camail> they aren't good
17:01:54 <Camail> one of mine was "fossil boyfriend"
17:02:29 <Camail> i looked up poe fossils once, and thats the best it could come up with
17:04:07 <DuB`> Hot fossil guys in your area
17:07:59 <DoT`> cams into old corpses
17:17:03 -!- Rawr|Phone [~AndChat52@m83-185-94-152.cust.tele2.se] has joined #tlponies
17:39:01 -!- Rawr|Fone [~AndChat52@host-90-232-134-24.mobileonline.telia.com] has joined #tlponies
17:40:36 -!- skram [~skram@185.180.222.177] has joined #tlponies
17:41:28 <DoT`> skram
17:41:32 <DoT`> why you not skrm
17:42:57 <skram> because im not at work
17:43:29 <DoT`> did your work blow up? last i heard you went to start the turbine
17:45:29 -!- skraam [~skram@134.19.189.60] has joined #tlponies
17:49:41 <DoT`> did you get the turbine started?
17:49:47 <DoT`> or did you just leave
17:50:00 <skraam> next shift'll take care of that shit
17:51:00 <DoT`> watch them trip the turbine right before your shift in revenge
17:51:16 <DoT`> also i thought you worked nights and thats why no dnd every 3rd week
17:52:19 -!- Rawr|Phone [~AndChat52@m83-185-94-152.cust.tele2.se] has joined #tlponies
17:52:25 -!- Dot [DoT@90.209.64.71] has joined #tlponies
17:52:39 <Dot> hmm
17:53:10 <skraam> well im doing days but i have like 3 hours of spare time
17:53:44 <Dot> do you alternate day/night every thrid week?
17:54:04 <skraam> yeah
17:54:30 <Dot> ah
18:10:06 <Dot> skraam https://i.imgur.com/j0DNlKK.jpg
18:12:04 <skraam> saucy
18:12:21 <Dot> im sorry i havnt found any more lewd miners to send you
18:12:30 <Dot> you want to be on more lists right?
18:12:46 <skraam> no please
18:13:15 <Dot> maybe if they make a second season of chernobyl there will be more
18:24:27 <reification> https://twitter.com/380kmh/status/1138934682299568129
18:24:33 <reification> https://twitter.com/380kmh/status/1139225298149564416
18:34:20 <skraam> Dot you pervert
18:34:47 <Dot> only for you skram
18:42:09 <Runbunny> Lewd miners?
18:42:54 <skraam> they're like regular miners
18:42:55 <skraam> but naked
18:43:32 <Runbunny> I thought they were digging up lewds.
18:44:36 <Dot> here runbun https://i.imgur.com/GTOtpyi.jpg
18:44:56 <Dot> lewd miners
18:53:46 <Runbunny> That's a lewd miner?
18:54:14 <Dot> i couldnt find a gof of him walking, sorry
18:54:50 <Runbunny> Of the tweet?
18:55:08 <Dot> wait, that was the wrong link
18:56:26 <Dot> copy paste is tricky
18:56:29 <Dot> https://i.imgur.com/GMm2Qpy.jpg
19:01:46 -!- Phearlock [webchat@cloak-e3kb14bi.208.146.128.getinternet.no] has joined #tlponies
19:01:50 <Phearlock> evening =)
19:01:58 <Dot> phear <3
19:02:01 <Runbunny> Hai Phearlock.
19:02:18 <Runbunny> That makes way more sense Dot.
19:03:07 <Dot> yea, helps if i link the right thing
19:06:12 <Dot> skram, rawr https://imgur.com/gallery/YBb9pC3
19:06:26 <Dot> runbun https://imgur.com/gallery/4Cuuy7u
19:06:55 <skraam> why did you give me the dog and not the cat dot
19:07:12 <Dot> you where already pinged
19:07:26 <Dot> i knew you would click both
19:07:26 <Phearlock> awww
19:07:42 <skraam> dang
19:07:43 <skraam> you got me
19:09:26 -!- tredc [~tredc@c83-254-129-166.bredband.comhem.se] has joined #tlponies
19:16:17 <Camail> hey Dot i'm not gonna be here this weekend so i wanna dump some t1 and t2 maps on you to share with skram when you hit end game
19:16:52 <Dot> im down in bakewell woth only laptop this weekend
19:17:01 <Dot> so will only get to play on sunday evening
19:17:01 <Camail> ah
19:17:11 <Camail> have you considered not doing that
19:17:14 <Camail> and staying in your room
19:17:15 <Camail> forever
19:17:16 <skraam> where you off to cam pal
19:17:27 <Camail> going up to chicago for birthday weekend
19:17:36 <Dot> cam birthday?
19:17:40 <Dot> are you OLD now?
19:17:45 <Camail> also haven't went up to see my brother in awhile so i wanna go up
19:17:53 <Camail> i am the 27th of years
19:18:00 <skraam> cam is a young man
19:18:01 <Dot> so young
19:18:02 <Camail> well, i will be
19:18:02 <skraam> we're the same age
19:18:21 <Camail> your face is the same age
19:18:24 <skraam> dot is about 57 i think
19:18:30 <Dot> your both almost as young as rawr
19:18:37 <Camail> rawr is getting younger
19:18:42 <Camail> he's roughly 5 years old
19:19:12 <Rawr|Phone> Hmm
19:20:09 -!- Crisium [~Crisium@c-73-174-151-51.hsd1.pa.comcast.net] has joined #tlponies
19:20:10 <skraam> what do people do in chicago camail
19:20:16 <skraam> is it anything like the blues brothers
19:20:27 <Dot> its orginised crime skram
19:20:29 <Camail> well, we have the house of blues
19:20:45 <Camail> but i plan on going to an arcade and eating, then playing boardgames
19:21:11 <skraam> nice
19:23:39 <Dot> hmm, we should boardgames again
19:23:44 <Dot> skram need to be a villian again
19:23:57 <skraam> N O
19:24:00 <skraam> actually
19:24:01 <skraam> Y E S
19:24:08 <Crisium> https://www.resetera.com/threads/new-feline-species-nicknamed-fox-cat-for-its-colour-appearance-not-its-dna-observed-in-france.123315/
19:24:10 <Crisium> foxcat
19:24:11 <skraam> i just wanna codemasters again
19:24:26 <Dot> your addicted skram
19:24:48 <skraam> its my favorite of all the bordgames we've done tbh
19:32:42 <Dot> well maybe next weekend then i guess
19:44:17 <Camail> i've tried to get a group going a few times, just gotta have the stars align, apparently
19:50:29 <CockRoach|42> Dot: thanks for doggos <3
19:51:15 <Dot> <3
19:52:03 <Camail> alright, might be a phone at some point, cya later
19:52:37 <CockRoach|42> .tell camail be the best phone you can be! <3
19:57:30 <Dot> skram https://imgur.com/gallery/5Qe1iJ9
20:23:33 <Dot> dub` https://i.imgur.com/CoHd7qv.png
20:35:18 <skraam> time for the bed
20:35:30 <Dot> aww
20:35:35 <Dot> and he goes so fast
20:49:42 <Dot> is twitch dying for anyone else?
20:50:07 <Dot> no i tihnk its just bakewell internet
20:54:22 -!- DoT` [DoT@90.209.64.71] has joined #tlponies
20:59:21 -!- DoT|Phone1 [~Dot@2.123.160.101] has joined #tlponies
20:59:28 -!- Dot [DoT@2.123.160.101] has joined #tlponies
21:04:03 <Rawr|Phone> 🐴🐴🐴
21:08:36 <Dot> rawr raawr rawr
21:08:41 <Dot> <3 <3 <3
21:08:53 <Rawr|Phone> Dot doot dot
21:08:54 <Rawr|Phone> ❤❤❤
21:15:37 -!- Zounds [webchat@cloak-07ouvien.14-2.cable.virginm.net] has joined #tlponies
21:15:45 <Rawr|Phone> Zooooonds
21:15:52 <Zounds> Rawr lad
21:15:54 <Zounds> hullo pons
21:15:58 <Dot> hey zounds
21:16:42 <Rawr|Phone> How are you doing tonight zounds
21:17:04 <Zounds> doing decent rawrity
21:17:12 <Zounds> hi dottles
21:17:30 <Rawr|Phone> Great to hear
21:57:46 <Rawr|Phone> Quiet horses today
22:01:55 <Dot> true
22:14:44 <Crisium> shh
22:39:31 -!- Rawr|Fone [~AndChat52@c-4eb4e655.020-164-6d6c6d4.bbcust.telenor.se] has joined #tlponies
22:56:28 <reification> runbun https://twitter.com/jappoffjones/status/1139184985905090561
22:59:50 <Runbunny> That is exactly my technique.
23:00:16 <Runbunny> Just way more out of breath and it's very close.
23:06:23 -!- Rawr|Phone [~AndChat52@m83-185-94-152.cust.tele2.se] has joined #tlponies
