00:03:54 <Dot`> hows all
00:08:07 <Dot`> still awake runbun? what lewdness you up to at this hour
00:08:29 <Runbunny> I was playing the flashback league in PoE. 
00:08:41 <skram> something about cat girls im sure, dot
00:08:50 <Runbunny> Incidentally I am headed to bed right now.
00:09:30 <skram> do you sleep in the nude, runbun
00:09:40 <Runbunny> Nope. 
00:09:43 <skram> too bad
00:09:45 <Dot`> like you dont know skram
00:09:52 <Runbunny> But I don't wear pyjamas or anything.
00:10:01 <Runbunny> Just underwear.
00:10:11 <Runbunny> It gets too hot otherwise.
00:10:34 <skram> do you take your cat ears to bed tho
00:11:21 <Runbunny> I might lose them if I don't.
00:11:36 <skram> hmm fair enough
00:19:52 <skram> Dot` im bored
00:20:00 <Dot`> watch more anime
00:20:24 <skram> i already watched one
00:22:37 <Dot`> is that your limit?
00:22:50 <skram> well no but now i dont know which one is next
00:23:26 <DuB`> Can't say I've ever pulled weeds that retaliate with ballistics before
00:23:33 <DuB`> That was even more awful that normal :P
00:24:34 <skram> are you sure they were weeds
00:24:45 <DuB`> https://www.youtube.com/watch?v=rAuUJrzaJJY
00:25:09 <DuB`> Hairy Bittercress
00:25:15 <skram> NEAT
00:25:38 <skram> jump into them
00:25:40 <DuB`> Had to wear goggles and hold my breath whenever touching any to avoid getting blasted in the eyes etc etc
00:25:43 <DuB`> Super annoying!
00:26:04 <skram> i had no idea gardening was so hardcore
00:26:15 <Dot`> dub dont get infiected by exploding plants pls
00:26:27 <Dot`> zombie dub
00:26:33 <skram> nono
00:26:37 <skram> plants fight the zombies
00:26:52 <Dot`> so he is ALREADY a zombie
00:26:59 <DuB`> O
00:27:01 <skram> gasp
00:27:02 <Dot`> we lost dub :(
00:27:21 <DuB`> Nuh uh I'm righ here!
00:27:30 <Bio> never 5get
00:27:35 <Dot`> whats your thoughts on brains dub?
00:27:35 <Bio> rip in peps
00:27:58 <DuB`> Horse brains are nice
00:28:06 <skram> horses dont have brains
00:28:24 <DuB`> Even purple ones?
00:28:37 <skram> ponies might
00:28:42 <Dot`> horses and humans both start with H
00:28:50 <Dot`> im suspicious skram
00:29:40 <skram> you're always suspicious
00:30:11 <Dot`> as everyone should be
00:30:21 <skram> whats that supposed to mean
00:33:32 <Dot`> skram, the only ppl you should trust is Rawr
00:33:38 <Dot`> i really cant think of anyone else
00:34:09 <DuB`> You can trust me once I pass my test
00:34:12 <DuB`> I'll be CERTIFIED
00:34:20 <Dot`> CERTIFIED ZOMBIE
00:35:44 <skram> I am also CERTIFIED, DuB`
00:35:48 <skram> but i wouldnt trust me
00:36:02 <Dot`> certified train horse
00:37:40 <skram> ima certified STOKER, Dot`
00:37:45 <skram> which is sorta the same thing I think
00:37:59 <Dot`> toot toot!
00:38:32 <skram> which reminds me, i have to get my level 2s this year some time
00:40:47 <skram> would you remind me to get that sorted in a few months, dot?
00:41:27 <Dot`> ill try skram
00:42:27 <skram> top man
00:52:30 <Dot`> dnd tomorow skram
00:52:35 <Dot`> finaly
00:53:09 <skram> i dont even remember waht dnd is
00:53:41 <Dot`> dorf simulator
00:53:47 <skram> ooh
00:53:48 <skram> yeah
01:19:34 -!- BioPone [~androirc@97.70.165.146] has joined #tlponies
01:27:51 -!- BioPone [~androirc@97.70.165.146] has joined #tlponies
01:48:41 <Bio> a
01:48:41 <Bio> s
01:48:42 <Bio> d
01:48:42 <Bio> f
01:48:46 <Bio> eve
01:55:57 <CockRoach|42> .tell Rawr|Fone https://imgur.com/gallery/PzBcHQZ
03:17:02 -!- Rawr|Fone [~AndChat52@84-217-62-32.customers.ownit.se] has joined #tlponies
03:54:14 -!- BioPone [~androirc@97.70.165.146] has joined #tlponies
06:35:21 -!- Golly [Golly@cm-84.212.249.112.getinternet.no] has joined #tlponies
07:37:15 <Rawr|Fone> Horse
08:04:28 -!- Micen|Droid [~Micen@ip-66-87-153-92.nsvltn.spcsdns.net] has joined #tlponies
08:06:27 -!- Micen|Droid_ [~Micen@h192.28.16.98.dynamic.ip.windstream.net] has joined #tlponies
08:11:37 <Micen|Droid_> Hello. 
08:13:26 <Rawr|Fone> Good morning moocen
08:21:17 -!- Dot` [~Dot@232.123.7.51.dyn.plus.net] has joined #tlponies
08:21:20 <Dot`> morning all
08:49:17 <Rawr|Fone> DoT DoT DoT
08:49:29 <Rawr|Fone> ❤❤❤
08:49:44 <Dot`> Rawr Rawr Rawr
08:49:46 <Dot`> <3 <3 <3
08:52:16 <Cane> OG picked Treant Protector.
08:52:19 <Cane> Dot`
08:52:23 <Cane> Red alert
08:52:25 <Cane> OG picked Tree
08:52:31 <Cane> It's happening.gif
08:52:37 <Cane> I missed this game yesterday
08:52:41 <Cane> And now the VOD is making me happy.
09:19:33 <Dot`> not possible cane, im pretty sure tree is first ban every game
09:20:42 <Cane> He's up against Jug though which apparently is not a good matchup for Tree.
09:33:47 -!- Runbunny [~Runbunny@91.100.28.10.generic-hostname.arrownet.dk] has joined #tlponies
09:34:19 <Dot`> Its the Bun!
09:35:25 <Runbunny> Hai!
09:35:27 <Runbunny> It's me.
09:41:10 -!- tredc [~tredc@c83-254-129-166.bredband.comhem.se] has joined #tlponies
11:28:37 <Dot`> hows your day runbun
11:34:13 -!- Zounds [webchat@cloak-07ouvien.14-2.cable.virginm.net] has joined #tlponies
11:34:19 <Zounds> pon
11:34:49 <Rawr|Fone> Zooonds
11:35:47 <Zounds> hi
11:45:01 -!- Rawr|Phone [~AndChat52@m83-185-93-107.cust.tele2.se] has joined #tlponies
11:53:31 <Dot`> hi zounds
11:59:41 <Dot`> .tell skram https://imgur.com/gallery/Pgr9UCU
11:59:45 <Dot`> look runbun
12:10:56 <Runbunny> That is absolutely majestic.
12:11:09 <Runbunny> I am currently cooking some food Dot.
12:13:21 <Zounds> kiss the cook
12:29:04 <Runbunny> Delicious.
13:30:31 <Dot`> runbun https://imgur.com/gallery/ZjidbMj
13:32:02 <Runbunny> When are you an official otter wrangler Dot?
13:32:17 <Runbunny> You where in training no?
13:35:12 <Zounds> otters are long like ferrets maybe bio is your guy
13:38:19 <Runbunny> Hmm.
13:38:33 <Runbunny> I do think Dot has a few tugged away.
13:53:53 -!- Rawr|Fone [~AndChat52@84-217-62-32.customers.ownit.se] has joined #tlponies
13:54:53 <Bio> I have been summoned
13:55:52 <Runbunny> Hai Bio.
13:55:58 <Runbunny> How's the ferrets?
13:56:06 <Bio> singular ferret is gud
13:56:22 <Runbunny> You only have one? or the other is sick?
13:58:03 <Bio> i only have ever had the one
14:16:02 <Runbunny> I heard that you should always get 2 so that they have company and don't get bored or something along those lines.
14:16:44 <Dot`> get 6*
14:20:38 <Bio> well, tbf, i didn't purchase this one by choice at first =P
14:20:41 <Bio> but i've heard that
14:23:59 <Runbunny> Oh? What is the origin story?
14:24:48 <Bio> the internet probably
14:25:05 <Bio> i th ink its because they are normally prey animals and the more the better
14:27:48 <Runbunny> Dot`, https://i.imgur.com/9CA5vBn.mp4
14:28:04 <Runbunny> Rawr|Fone, You should have a look as well. 
14:29:55 <Rawr|Fone> Very squishy puppy
14:34:45 <Dot`> fluff!
15:42:00 -!- reification [~thomas@cpc76294-cosh16-2-0-cust297.6-1.cable.virginm.net] has joined #tlponies
15:42:00 -!- mode/#tlponies [+v reification] by Q
15:42:18 <reification> afternoon tlp
15:44:36 -!- Phearlock [webchat@cloak-e3kb14bi.208.146.128.getinternet.no] has joined #tlponies
15:44:41 <Phearlock> afternoon ponypons
15:44:50 <reification> hi phear
15:44:56 <reification> .tell skram https://www.reddit.com/r/Overwatch/comments/bnaouz/mechanical_lego_torbj%C3%B6rn_turret_speed_test_with/
15:45:16 <Phearlock> Visited a VR game center (that my sister works at) today, was neat.
15:45:33 <Phearlock> Got to walk around with a backpack computer for a good 45 mins
15:46:15 <reification> nifty
15:50:20 <Dot`> hey phear
15:50:24 <Dot`> reif
15:56:15 -!- Rawr|Phone [~AndChat52@m83-185-80-110.cust.tele2.se] has joined #tlponies
16:03:13 <Phearlock> how goes the space dot?
16:03:32 <Phearlock> Have you made a pretty spaceboat?
16:11:40 <Dot`> still on planet
16:11:59 <Phearlock> Not played spess eingineereres in forever
16:11:59 <Dot`> space is hard
16:12:35 <Phearlock> I am mostly spoiled from From the Depths for building
16:13:03 <Phearlock> "I have to go there MYSELF to mine stuff and build?!?"
16:14:06 <Phearlock> Really cool how you have to make the ships and stuff accessible since you do have to just go in there yourself to build them though
16:26:33 <Runbunny> Phearlock!
16:26:41 <Runbunny> and Reif as well!
16:29:08 -!- Camail [~Camail@45.40.84.145] has joined #tlponies
16:29:08 -!- mode/#tlponies [+v Camail] by Q
16:30:24 <Runbunny> Hey Camail.
16:30:40 <Camail> hai
16:31:59 <Runbunny> I got a rabbit pet in my PoE mystery box.
16:35:08 -!- Rawr|Fone [~AndChat52@c-d6f2e055.020-164-6d6c6d4.bbcust.telenor.se] has joined #tlponies
16:35:26 <Camail> it's destiny
16:45:37 <Bio> ?biostream
16:45:40 <Bio> casual chess.
16:45:45 <Bio> of the auto variety
16:46:22 <Runbunny> Smooth jazz?
16:46:58 <Bio> i can turn some on
16:48:49 <Runbunny> I am currently tuned into a CSGO tournament, so I am predisposed.
17:19:37 -!- Rawr|Fone [~AndChat52@c-d6f2e055.020-164-6d6c6d4.bbcust.telenor.se] has joined #tlponies
17:22:51 <Camail> i wish blast wasn't....well, as fast growing and all consuming
17:23:15 <Camail> i've been trying to come up with a way of calling it cancerous without seeming like i hate it
17:23:21 <Camail> it's like a cancer but with some good parts
17:25:26 <Runbunny> Uncontrolled proliferation?
17:25:31 <Zounds> what's blast
17:25:45 <Runbunny> Blast pro series.
17:25:58 <Runbunny> It's one day csgo tournament.
17:26:12 <Zounds> ah
17:58:05 -!- Rawr|Fone [~AndChat52@c-d6f2e055.020-164-6d6c6d4.bbcust.telenor.se] has joined #tlponies
18:07:08 -!- Rawr|Fone [~AndChat52@c-d6f2e055.020-164-6d6c6d4.bbcust.telenor.se] has joined #tlponies
18:09:09 <Bio> i did the thing
18:12:34 <reification> ?goodjob
19:01:35 -!- Crisium [~Crisium@c-73-174-151-51.hsd1.pa.comcast.net] has joined #tlponies
19:03:42 <Dot`> cris pon
19:10:46 -!- skram [~skram@82.147.53.175] has joined #tlponies
19:10:46 <Crisium> howdy
19:11:59 -!- DuB` [DuB@65-130-48-126.slkc.qwest.net] has joined #tlponies
19:15:53 <Dot`> skram
19:15:54 <Dot`> wtf
19:15:58 <Zounds> hullo cris and skram and dub
19:16:22 <Micen> skram. srsly 
19:23:26 <skram> dot swore
19:23:27 <skram> daaang
19:23:33 <skram> heya zoons how was aberdeen
19:24:35 <Zounds> uneventful
19:27:14 <Runbunny> Jonas.
19:27:19 <Runbunny> What have you done ?!?!
19:27:40 <skram> i dont know but im scared
19:28:28 <Runbunny> If you need refuge, I shall take you in.
19:33:14 <skram> denmark is not far enough
19:33:17 <skram> im going to siberia
20:23:50 -!- Zounds [webchat@cloak-07ouvien.14-2.cable.virginm.net] has joined #tlponies
20:25:33 <Zounds> Crisium skram DuB` reification Micen any OW tonight laddies?
20:25:48 <Micen> skram, dub and I are dnding. 
20:25:54 <reification> possible but not yet
20:25:54 <Zounds> ahhhh right
20:26:10 <Zounds> forgot about that
20:26:15 <skram> ill join if y'all are playing when we done
20:26:59 <Zounds> well if we're not then ping me and maybe we will be
20:27:15 <skram> cool beans
20:29:22 <Runbunny> Ugh...
20:29:39 <Runbunny> The Danish lads did not pull through.
20:30:28 <skram> what were they attempting to do
20:31:16 <Runbunny> Winning a tournament they were expected to win.
20:31:29 <Runbunny> But they lost to some finnish boys.
20:31:33 <Runbunny> Ez 4 ence.
20:31:40 <skram> F
20:32:44 <Runbunny> Astralis was undefeated on a map for like 30 games, but they even lost that map.
20:48:51 <Camail> maybe astralis will go to full tournaments now
21:04:19 -!- skraam [~skram@134.19.189.54] has joined #tlponies
21:06:05 <Crisium> NYXL vs Titans right now btw in OWL
21:28:13 <Runbunny> Zounds, Krile is pretty cool.
21:28:45 <Zounds> She's #1
21:46:11 <Golly> good dotes 
22:20:56 <Zounds> I'm gonna try to sleep actually
22:21:02 <Zounds> if i come back you know I failed
22:21:07 <skraam> best of luck zoons
22:21:09 <skraam> goddamnb
22:34:12 -!- Rawr|Fone [~AndChat52@m83-185-94-105.cust.tele2.se] has joined #tlponies
22:36:52 <Rawr|Fone> .tell cockroach|42 <3
22:37:42 <CockRoach|42> <3
23:01:17 -!- Rawr|Phone [~AndChat52@84-217-62-32.customers.ownit.se] has joined #tlponies
23:52:59 <Dot`> skraam
23:54:25 <skraam> aye pal
23:57:21 <skraam> Dot`
23:58:29 <Dot`> hows you
23:58:49 <skraam> so tired
23:58:55 <skraam> what a boat you
23:59:54 <Dot`> very very tired
