04:54:00 -!- Camail [~Camail@45.40.84.145] has joined #tlponies
04:54:00 -!- mode/#tlponies [+v Camail] by Q
06:05:33 <DoT|Phone> morning all
06:26:35 -!- Golly [Golly@cm-84.212.249.112.getinternet.no] has joined #tlponies
06:34:14 -!- DoT|Phone1 [~Dot@85.255.232.155] has joined #tlponies
06:35:46 <DoT|Phone1> dub
06:35:59 <DoT|Phone1> always up so late
06:48:20 <Camail> zzz
07:13:49 <DuB`> Just 1am, dot :P
07:25:42 <DoT|Phone1> cutting DnD short so you can study and here you are OWing till 1am everyday
07:31:17 <DuB`> I was study and then reading! :T
07:33:15 <DoT|Phone1> you need
07:33:21 <DoT|Phone1> sleep dub
07:33:27 <DuB`> o 
07:33:28 <DuB`> oke
07:33:37 <DoT|Phone1> tired is not good
07:33:49 <DoT|Phone1> I should know
07:33:57 <DuB`> I get 8hr every night!
07:33:58 <DuB`> All good
07:35:12 <DuB`> Which I shall do again now
07:35:14 <DuB`> zzz
07:45:32 <CockRoach|42> morning horses
07:51:21 <DoT|Phone1> cr!
07:51:31 <DoT|Phone1> it's like a Friday but no doggos
08:01:55 <CockRoach|42> yes!
08:02:33 <CockRoach|42> it's more of a saturday for me
08:07:33 <DoT|Phone1> lazy horse
08:10:48 <CockRoach|42> yep
08:30:41 <Rawr|Fone> 🐴🐴🐴
08:31:09 <DoT|Phone1> Rawr Rawr Rawr
08:31:32 <Rawr|Fone> DoT DoT DoT
08:31:34 <DoT|Phone1> 💖💖💖
08:31:34 <Rawr|Fone> 💖💖💖
09:20:07 -!- tredc [~tredc@c83-254-129-166.bredband.comhem.se] has joined #tlponies
09:26:03 <DoT|Phone1> Rawr I require doggo update
09:26:56 <Rawr|Fone> He is currently asleep on the couch
09:27:04 <DoT|Phone1> great
09:27:09 <Rawr|Fone> Which is how he spends most of his time
09:27:33 <DoT|Phone1> world's fastest couch potatoes
09:28:51 <Rawr|Fone> Definitely
09:31:03 <Rawr|Fone> DoT http://imgur.com/a/kWeuSCy
09:31:54 <DoT|Phone1> Daaaawww
09:34:10 <DoT|Phone1> make sure Runbun gets to see
09:42:00 <Rawr|Fone> When he gets here
10:51:14 -!- reification [~reificati@cpc76294-cosh16-2-0-cust297.6-1.cable.virginm.net] has joined #tlponies
10:51:14 -!- mode/#tlponies [+v reification] by Q
10:51:35 <reification> morning pons
10:51:42 <reification> such that are present
11:07:16 <DoT|Phone1> hey Reif
11:08:03 <reification> hey dotties
11:15:40 <reification> .tellm runbunny bio, https://pbs.twimg.com/media/D4ZICovXkAESumW.jpg
11:40:06 -!- skram [~skram@82.147.53.175] has joined #tlponies
12:00:28 <DoT|Phone1> Jonas
12:00:31 <DoT|Phone1> friend
12:13:48 <DoT|Phone1> rip
12:19:36 -!- BioPone [~androirc@mobile-166-170-25-213.mycingular.net] has joined #tlponies
12:20:45 <DoT|Phone1> bio
12:21:56 <reification> .tell runbunny https://pbs.twimg.com/media/D4Xxe29VUAAdfN1.png
12:27:19 <reification> .tell bio meem https://pbs.twimg.com/media/D4ZSJPpU4AACnKa.jpg
12:28:59 <reification> .tellm phearlock runbunny, i didn't know horsegirls had 3 piece bathing suits https://pbs.twimg.com/media/D4YsFsJW0AEnfsu.jpg
12:29:09 <reification> cr|42 ^
12:56:22 <CockRoach|42> <3
13:04:57 <DoT|Phone1> I go home now
13:07:13 -!- BioPone [~androirc@12.33.239.117] has joined #tlponies
13:12:12 -!- Rawr|Fone [~AndChat52@host-90-232-39-77.mobileonline.telia.com] has joined #tlponies
13:26:46 -!- skrm [webchat@unv2.iieq.zttm.ip] has joined #tlponies
13:27:01 <skrm> boys
13:27:03 <skrm> lads
13:27:05 <skrm> frens
13:27:29 <reification> skram
13:28:30 <skrm> reif pal
13:32:54 <DoT|Phone1> friend
13:36:14 <skrm> dot old bean
13:37:18 -!- DoT|Phone [~Dot@109.115.159.143.dyn.plus.net] has joined #tlponies
13:54:05 -!- Rawr|Fone [~AndChat52@c213-89-110-176.bredband.comhem.se] has joined #tlponies
13:54:16 -!- Dot [~quassel@109.115.159.143.dyn.plus.net] has joined #tlponies
13:56:24 <Rawr|Fone> Horses
13:59:16 <Dot> Rawrasaur
14:05:34 <Dot> where is runbun, i have a degenerate link for him
14:12:19 <Rawr|Fone> Dot http://imgur.com/a/o7hL8uC
14:14:22 <Dot> hahaha
14:14:42 <Dot> nice house too
14:16:42 <Rawr|Fone> It is quite nice here
14:30:30 <BioPone> Lads
14:30:41 <BioPone> I have tomorrow off woop
14:30:56 <BioPone> I wanna hangs with the goes
14:30:59 <BioPone> Horses
14:37:50 -!- DoT|Phone1 [~Dot@85.255.232.196] has joined #tlponies
14:43:08 -!- DoT|Phone2 [~Dot@109.115.159.143.dyn.plus.net] has joined #tlponies
14:43:41 -!- DoT|Phone [~Dot@85.255.232.196] has joined #tlponies
14:47:15 -!- DoT|Phone1 [~Dot@109.115.159.143.dyn.plus.net] has joined #tlponies
14:48:15 -!- DoT|Phone [~Dot@85.255.232.196] has joined #tlponies
14:57:26 -!- DoT|Phone1 [~Dot@109.115.159.143.dyn.plus.net] has joined #tlponies
14:58:29 -!- DoT|Phone [~Dot@85.255.232.196] has joined #tlponies
15:00:17 <Rawr|Fone> DoT snela
15:14:57 <DoT|Phone> sorry Rawr
15:17:13 <Rawr|Fone> 🤨🤨
15:34:13 -!- Phearlock [webchat@cloak-li6hn6bb.208.146.128.getinternet.no] has joined #tlponies
15:34:17 <Phearlock> Afternoon ponpons
15:34:30 <Rawr|Fone> Hai pearclock
15:43:04 <reification> fyi: transistor now free on epic store
15:43:10 <reification> hello phear
15:43:18 <Phearlock> cute horsgirl you linked reif
15:46:59 <reification> i thought you would appreciate
15:47:10 <reification> apparently she's from centaur no nayami
15:47:29 <reification> which i vaguely remember hearing good thing about (the manga)
15:51:35 <BioPone> Asdf
15:52:29 <reification> biop1
15:59:59 <BioPone> Reify
16:15:41 -!- Camail [~Camail@45.40.84.145] has joined #tlponies
16:15:41 -!- mode/#tlponies [+v Camail] by Q
16:22:15 -!- DoT|Phone [~Dot@90.212.76.86] has joined #tlponies
16:39:15 -!- Dot [~quassel@90.212.76.86] has joined #tlponies
16:41:03 -!- Micen|Droid [~Micen@h33.2.17.98.dynamic.ip.windstream.net] has joined #tlponies
16:44:13 <Dot> pons
16:49:37 <Phearlock> dot
16:53:13 <skrm> phearlock
16:53:19 <Dot> Pearclock
17:00:39 <skrm> phear of the clock
17:00:48 <skrm> the third
17:01:21 <Phearlock> Who were the first and second? This name is like never taken anywhere.
17:01:22 <Phearlock> =D
17:03:05 -!- Zounds [webchat@cloak-07ouvien.14-2.cable.virginm.net] has joined #tlponies
17:03:13 <Zounds> hey
17:03:23 <Dot> Zoonds <3
17:03:51 <Phearlock> hi there
17:04:07 <skrm> i dont know phearlock but im imagining its like how harald is the 7th buth the 6th one was 900 years ago
17:05:22 <Phearlock> that makes sense. Internet records 900 years ago are hard to find after all
17:21:33 -!- Dot` [~quassel@90.212.76.86] has joined #tlponies
17:23:18 <skrm> dot please
17:39:38 <BioPone> Pls
17:39:43 <BioPone> Skrmen
17:39:55 <BioPone> How do
17:40:52 -!- Rawr|Phone [~AndChat52@c213-89-110-176.bredband.comhem.se] has joined #tlponies
17:42:58 -!- Rawr|Pone [~AndChat52@m83-185-89-135.cust.tele2.se] has joined #tlponies
17:44:54 <Dot`> skrm pls
17:48:11 <reification> .tell runbunny bio on hearing anime talk https://twitter.com/BrownBullyManko/status/1118717424293933056
17:51:41 -!- Camail_ [~Camail@45.40.84.145] has joined #tlponies
17:51:41 -!- mode/#tlponies [+v Camail_] by Q
17:54:26 <reification> .tell dub` https://twitter.com/MAXK5551/status/1118792365660000256
17:55:52 <skrm> dang
17:56:28 <skrm> I didnt know ghost was still alive, reif
17:57:09 <reification> well you never know, maybe the tornado got him
18:00:17 <skrm> i thought all those fruity fuckin' brOOnies made his heart explode
18:07:56 <skrm> .tell dot https://www.youtube.com/watch?v=gOlmo1gX5Wc
18:09:16 <DoT|Phone> why
18:09:36 <Camail_> i agree
18:09:37 <Camail_> why
18:11:22 <Camail_> 12 hours for the cr ks
18:11:24 <Camail_> 10.5m
18:11:30 <Camail_> 10.6*
18:14:34 -!- DuB` [DuB@66-219-235-226.dynamic.ip.veracitynetworks.com] has joined #tlponies
18:14:58 <DuB`> :O
18:20:28 <DoT|Phone> dub
18:20:32 <DuB`> dot
18:20:58 <Camail> aw man, the one time i have to sleep at a normal time, and i can't watch their party live
18:21:13 <Camail> luckily they aren't on g&s anymore so everything will be on youtube
18:21:29 <DoT|Phone> I'm a bit behind on cr
18:28:46 <skrm> me too bud
18:29:01 <skrm> still though
18:29:14 <skrm> if i had 200 buckaroos spare i'd get that trinket plush
18:30:07 <BioPone> I think imma get some Easter candy from the store, anyone want some
18:30:32 <DuB`> Reeses pls
18:31:49 <skrm> im good, the lunch lady (and love of my life) bought a shitton for us poor workin bois
18:33:04 <BioPone> What a lass
18:36:58 <BioPone> Skrm u wanna do a thing when I get home from werk in like 2.5h
18:39:03 <skrm> imma probably go to bed p soon after im done with werk :(
18:39:19 <skrm> i got things to do in the morning
18:39:43 <BioPone> Tt
18:41:25 -!- Runbunny [~Runbunny@91.100.28.10.generic-hostname.arrownet.dk] has joined #tlponies
18:44:28 <DoT|Phone> Runbun
18:53:19 <Runbunny> Hai.
18:56:00 <Dot`> i had a tihng for you runbun
18:56:11 <Dot`> i will try find it, its very degenerate
18:56:18 <Dot`> here https://imgur.com/gallery/rjtW2b2
19:00:53 <skrm> its not lewd enough
19:05:10 <BioPone> Mistakes
19:05:14 <BioPone> All of it
19:08:06 <Runbunny> Black hole-chan.
19:11:12 <Camail> i feel like she should be way scarier
19:11:31 <Camail> like, god damn. black holes are terrifying
19:21:20 <Runbunny> and thicc
19:23:40 <Camail> dense != thicc, imo
19:27:41 <Runbunny> But it's pretty thicc as well.
19:53:05 <reification> it's ok skram i linked runbun the danbooru tag yesterday, that had all the lewds
19:53:17 <reification> skram dot https://twitter.com/41Strange/status/1118602861280026624
19:53:38 <reification> phear cr|42 https://twitter.com/41Strange/status/1118581218956603392
19:53:59 <reification> the skram cat https://twitter.com/41Strange/status/1081329603170394112
20:04:21 -!- BioPone [~androirc@12.33.239.117] has joined #tlponies
20:09:31 <BioPone> Neigh
20:38:48 -!- BioPone [~androirc@38.142.65.18] has joined #tlponies
20:52:07 -!- BioPone [~androirc@mobile-166-176-248-5.mycingular.net] has joined #tlponies
20:55:37 <BioPone> Alright, come on over for some Easter candy
20:56:00 <Runbunny> Fairly certain that's a trap.
20:57:01 -!- DoT|Phone1 [~Dot@185.69.145.114] has joined #tlponies
20:57:54 -!- DoT|Phone2 [~Dot@90.212.76.86] has joined #tlponies
20:59:09 <BioPone> Nein
20:59:25 <BioPone> Everyone knows horses love sweets
21:02:12 <CockRoach|42> reification: <3
21:03:14 <Camail> dupreeh wrote an article about his father, came out today, 2 months after it happened
21:03:19 <Camail> that was such a surreal tournament
21:09:55 <reification> rawr dot skram https://twitter.com/pooch/status/1118100952400240641
21:16:28 -!- Crisium [~Crisium@c-73-174-151-51.hsd1.pa.comcast.net] has joined #tlponies
21:17:50 <Dot`> cris horse <3
21:17:56 <Crisium> howdy
21:18:17 <Zounds> hey
21:23:05 <Bio> i'm home
21:23:09 <Bio> suh
21:23:18 <Crisium> Oib
21:31:50 <Zounds> how's the wrist cris my lad
21:33:19 <Crisium> i can play a couple
21:39:12 <Zounds> wasn't really looking to play atm just wondering about your health :P
21:40:34 <Crisium> work keeps me busy and i have to move the mouse a lot so yeah it gets worn out easily now
21:43:38 <Zounds> ah that's no good
21:47:52 -!- skram [~skram@82.147.53.175] has joined #tlponies
21:51:31 <Crisium> skram
21:52:00 <skram> cris
21:52:07 <reification> https://i.imgur.com/YqeSFUA.gifv
21:53:04 <Crisium> ears
21:53:18 <skram> flip floppers
21:54:09 <Zounds> Crisium if you do feel up to it though i wouldn't mind a few games before I sleep
21:54:23 <Zounds> as long as you aint suffering
21:54:40 <Zounds> and cute ears catto
21:55:39 <Crisium> yes Zounds let us do the thing
21:55:51 <Runbunny> reification, https://i.imgur.com/xzv65ou.jpg
21:56:57 <reification> oh no the meem caught anime
21:58:18 <skram> runbunny do you have one of those ahegao hoodies?
21:58:44 <Runbunny> I do not. 
21:58:46 <Runbunny> Yet...
21:59:44 <skram> you should get one
22:00:24 <Dot`> he doesnt have one skram
22:00:26 <Dot`> he has many
22:01:29 <skram> I guess they are kinda comfy...
22:09:02 <Runbunny> reification, https://i.imgur.com/EyAXMyc.png
22:09:11 <Runbunny> One day maybe.
22:09:29 <Runbunny> Something you can wear for the weekends.
22:10:17 <reification> SPQR
22:11:35 <Runbunny> Dot`, https://i.imgur.com/VC3RVad.mp4
22:18:59 <Dot`> how did your rat catching go runbun?
22:21:21 <skram> biggus dickus-chan
22:22:17 <Bio> oi
22:22:45 <Bio> skrmlord
22:22:53 <Bio> do you work tomorrow
22:23:01 <skram> biopal
22:23:04 <skram> nein!
22:23:09 <DuB`> :D
22:23:13 <Bio> kewl
22:23:21 <Bio> lets do nerdy shit
22:23:38 <skram> yeah!
22:23:42 <Bio> !
22:23:47 <skram> lets read anime fanfiction together
22:24:02 <Bio> woah now
22:24:04 <DuB`> That IS the nerdiest thing
22:24:05 <Bio> lets tone it down 
22:24:29 <Bio> counter offer
22:24:37 <Bio> lets not do anything involving anime, ever!
22:26:11 <skram> ah
22:26:16 <skram> hentai fanfiction it is
22:26:53 <Bio> skram no thats the opposite thing i wanted
22:28:00 <skram> how was i supposed to know
22:28:04 <skram> you said nerdy shit
22:28:30 <Runbunny> Dot`, There were no rats.
22:28:46 <Runbunny> So I just cleaned up most of the day.
22:36:40 <Runbunny> I think Bio would be really into Taiwaneese cave paintings. 
22:38:04 <Bio> I know not how to take this
22:44:26 <reification> cr|42 found the new mario maker https://twitter.com/ronictheleghog/status/1118723932524298240
22:53:22 <Bio> literally made mario
22:53:50 <Zounds> nn pons
22:59:12 <CockRoach|42> reification: :D
23:08:52 -!- Rawr|Fone [~AndChat52@c213-89-110-176.bredband.comhem.se] has joined #tlponies
23:24:41 <Dot`> skram
23:24:47 <Dot`> https://imgur.com/gallery/fkm6Eh8
23:30:21 <reification> dot pls
23:30:55 <Dot`> oh
23:30:59 <Dot`> i didnt check that far up
23:31:39 <Rawr|Fone> Runbunny http://imgur.com/a/o7hL8uC
23:32:20 <Runbunny> I sit in sofas like that, sometimes.
23:32:49 <reification> are you secretly a dog on the internet?
23:33:27 <Rawr|Fone> 🤔🤔🤔
23:43:18 <Runbunny> No O:
23:57:32 <skram> dot its late
23:57:45 <reification> indeed
23:57:47 <reification> night all
23:57:51 <skram> good night buddy
