01:55:01 <Camail>  i have so many precinct maps
02:11:55 <Camail> Cane i have t15 elder >_>
02:12:03 <Camail> this will either go really well, or really bad
03:25:53 -!- DvB` [DuB@65-130-100-66.slkc.qwest.net] has joined #tlponies
03:46:16 -!- Rawr|Fone [~AndChat52@84-217-62-32.customers.ownit.se] has joined #tlponies
04:29:04 -!- DuB` [~DuB@65-130-74-126.slkc.qwest.net] has joined #tlponies
08:03:55 -!- DoT` [~Dot@232.123.7.51.dyn.plus.net] has joined #tlponies
08:04:30 <DoT`> morning
08:32:01 <DoT`> .tell dub` https://i.imgur.com/pC6jrs1.jpg
08:33:28 <DoT`> .tell camail https://i.imgur.com/DZ6nV6k.jpg
08:46:10 -!- Golly [Golly@cm-84.212.249.112.getinternet.no] has joined #tlponies
09:44:09 <Rawr|Fone> DoT DoT DoT
09:47:03 <DoT`> Rawr Rawr Rawr
09:47:05 <DoT`> <3 <3
09:47:06 <DoT`> <3
09:47:46 <Rawr|Fone> ❤❤❤
10:02:11 <CockRoach|42> hors hors
10:02:22 -!- skram [~skram@185.217.171.47] has joined #tlponies
10:02:40 -!- reification [~thomas@cpc76294-cosh16-2-0-cust297.6-1.cable.virginm.net] has joined #tlponies
10:02:41 -!- mode/#tlponies [+v reification] by Q
10:03:14 <Rawr|Fone> Jonas
10:03:18 <Rawr|Fone> Reef reef
10:03:19 <Rawr|Fone> Cr
10:03:23 <Rawr|Fone> So many horses
10:03:31 <reification> roar roar
10:11:40 -!- BioSC [~BioPon@97.70.165.146] has joined #tlponies
10:13:50 -!- tredc [~tredc@c83-254-129-166.bredband.comhem.se] has joined #tlponies
10:16:41 <skram> pals
10:22:11 -!- Runbunny [~Runbunny@91.100.28.10.generic-hostname.arrownet.dk] has joined #tlponies
10:22:21 <DoT`> Skram, Runbun <3
10:22:26 <DoT`> and a reif!
10:22:37 <Runbunny> Hai.
10:23:02 <Runbunny> It's me.
10:24:28 <reification> hello bun
10:24:57 <reification> it's supposed to be uk puzzle championship this weekend but website is borked :/
10:27:19 <reification> a reference for you bun https://twitter.com/NoFeetNoLife/status/1141480812283604993
10:28:08 <reification> https://twitter.com/OutofVtubers/status/1141160674099253248
10:28:09 <Runbunny> oh?
10:29:41 <reification> well i only read it cause it's one of the three manga on your list
10:31:13 <reification> bun https://twitter.com/lq_saku/status/1141261358429638659
10:31:20 <Runbunny> Onani master kurosawa?
10:32:20 <reification> yes
10:32:24 <skram> that sounds lewd
10:32:28 <Runbunny> It's great.
10:32:58 <reification> it's not exactly what you might expect, it's good tho
10:33:16 <Runbunny> Nozoki ana is pretty neat as well. But there's way more porn in there.
10:34:34 <reification> https://pbs.twimg.com/media/D9StOlUWsAAPYl2.jpg:large
10:36:35 <skram> "Onani means masturbation. And that's what this guy is good at."
10:36:45 <skram> wow what a great summary im super intrigued now
10:37:37 <DoT`> skram pls, its too early for so much degeneracy
10:37:42 <reification> https://pbs.twimg.com/media/D9plHBHVAAAp3MJ.jpg
10:38:10 <skram> I dont know about this one runbun
10:39:51 <Runbunny> Jonas.
10:39:58 <Runbunny> You know the old saying.
10:40:56 <skram> I... Dont think I do??
11:57:28 <Rawr|Fone> 🐴🐴🐴
12:03:25 <reification> https://twitter.com/EdgyCat/status/1142588596748242946
12:19:44 <DoT`> pon pon
12:50:53 <skram> im still waioting for runbun to explain the old saying
12:54:00 <reification> clearly it's too terrifying for our fragile eyes
12:57:08 <Cane> So the Stygian Vise that I put in the guild stash a while ago? Nobody picked it up because it doesn't have resistances. It is, however, worth between 3 and 8 exalts.
12:57:13 <Cane> So uh
12:57:16 <Cane> I think I'll take that back.
12:57:20 <Cane> Nobody else wanted it.
12:57:41 <skram> hahah
12:57:45 <skram> why is it worth so much
12:57:52 <Cane> Perfect rolls on things that matter.
12:58:01 <Cane> - 99 life
12:58:03 <skram> resistances matter, damnit!
12:58:04 <Cane> - 30% increased fire damage
12:58:10 <Cane> - 25& increased elemental damage
12:58:12 <Cane> %
12:58:29 <skram> ...pretty good
12:58:34 <Cane> Rich people can use it as a base to slam another ex on it to add whatever they like.
12:59:00 <Cane> And of course it's a Stygian Vise, so if you still need res after slamming a 45% res on it, the jewel takes care of the rest.
13:15:07 <reification> runbun https://twitter.com/KawfeeKawakami/status/1142600453022244864
13:40:41 <Runbunny> When are catgirl bars a thing?
13:50:58 <reification> when you genetic engineer us some catgirls!
13:51:43 <DoT`> do both pair of ears work runbun? would they need 2 headsets?
13:54:49 <reification> https://i.kym-cdn.com/photos/images/original/001/462/250/67d.png
13:55:32 <DoT`> lol
14:26:49 -!- BioPone [~androirc@mobile-166-170-24-23.mycingular.net] has joined #tlponies
14:34:11 <reification> hej bio
14:36:44 <reification> rng pls D:
14:39:08 <reification> asdfasd s
14:39:46 <DoT`> oh dear
14:39:53 <reification> update: r kuhfskg
14:40:02 <skram> what
14:40:37 <reification> i keep losing in improbable ways and now i mad D:
14:42:30 <reification> if i wanted to miss almost certain things i would play xcom
14:55:29 <Runbunny> What are you playing Reif?
14:55:42 <skram> pidgeon dating sim
14:56:13 <Runbunny> Hatoful boyfriend is no joke.
14:57:42 <reification> poker and before that expression amrilato (yuri esperanto vn)
14:58:25 <skram> ...why esperanto
14:58:31 <skram> nobody uses esperanto
14:58:59 <reification> well you get taken to alt universe where everyone does
14:59:14 <reification> the point is you can't understand (without learning)
15:00:05 <skram> is the game so good that you'd want to go through the trouble?
15:03:21 -!- BioPone [~androirc@38.142.65.18] has joined #tlponies
15:05:19 <reification> ah the game is in english (jp voice) you and mc learn some tho
15:05:47 <reification> https://store.steampowered.com/app/1044490/
15:58:30 -!- BioPone [~androirc@97.70.165.146] has joined #tlponies
15:59:19 <BioSC> ehdje
15:59:35 <reification> no
15:59:44 <BioSC> oh ok
15:59:56 <reification> hello bio
15:59:57 <BioSC> hey, its sgdq
16:00:01 <BioSC> 30 mins
16:00:29 <reification> skram https://pbs.twimg.com/media/D9pXN2QXoAE5S4W.jpg
16:00:35 <reification> dot https://pbs.twimg.com/media/D9pXN2OWwAIBx0j.jpg
16:01:20 <DoT`> hmm, this is true
16:01:39 <reification> runbun https://twitter.com/YvesBalak/status/1141961842769760256
16:03:48 <skram> reification: https://i.kym-cdn.com/entries/icons/original/000/029/191/cover6.jpg
16:04:24 <reification> yes
16:05:36 <Runbunny> Hehe, it's true Reif.
16:20:58 <BioSC> won a gift sub to gdq boys
16:21:01 <BioSC> EZ Clap
16:23:31 -!- Camail [~Camail@45.40.84.145] has joined #tlponies
16:23:31 -!- mode/#tlponies [+v Camail] by Q
16:24:34 <BioSC> cam i got rando gifted a sub to SGDQ lel
16:26:20 <DoT`> Hey cam
16:26:50 <Camail> bio that's weird
16:26:53 <Camail> hi dort
16:27:14 <Camail> that's a good one, dot
16:46:37 -!- skrma [~skram@62.112.10.131] has joined #tlponies
16:51:41 -!- skram [~skram@5.79.76.39] has joined #tlponies
17:19:28 -!- BioPone [~androirc@97.70.165.146] has joined #tlponies
17:33:30 -!- Rawr|Fone [~AndChat52@84-217-62-32.customers.ownit.se] has joined #tlponies
17:58:47 <Cane> Camail, I found 3 Jeweled Foils, ilvl 83, including a Shaped one.
17:59:22 <Camail> nice, i dunno if shaped is good, let me check the affixes
18:00:00 <Cane> Yeah it doesn't say anything about it needing to be shaped, so I assume some shaper affixes probably get in the way of the stuff you DO want.
18:00:04 <Cane> But it'd be neat I suppose.
18:01:20 <Camail> yea shaper isn't great for phys builds, lots of ele affixes
18:01:41 <Camail> it's good for ele melee builds though
18:02:55 <Camail> they're selling for 5c as a base though
18:03:11 <Camail> well, 6-9 realistically
18:16:53 <Cane> I'm hanging on to this jewel for Rael. It's pretty okay. https://cdn.discordapp.com/attachments/112498538897776640/592417063553990666/unknown.png
18:43:47 <BioSC> Greetings from animal. Long time donator, first time runner. I am donating because my viewer has died from Germany.
19:11:13 <Camail> bio your memes spilled onto the ground
19:11:29 <Camail> pick those up or they'll get into the carpet
19:11:58 <Bio> let them SOAK
19:12:08 <Bio> *dabs*
19:15:28 <Camail> WOAH
19:15:30 <Camail> WHAT THE FUCK
19:15:32 <Golly> overtimeeeee
19:15:34 <Camail> TWISTY BOI
19:15:43 <Camail> that was insane
19:34:28 -!- DuB|fon [~androirc@75.104.66.108] has joined #tlponies
19:34:35 <DuB|fon> :O
19:34:43 <skram> :O
19:34:45 <DoT`> its AdvnetureDub
19:34:46 <skram> are you in NYC yet dub
19:34:58 <DuB|fon> 30k feet over colorado
19:35:06 <skram> that sounds very dangerous
19:35:24 <DuB|fon> Talking to my friends from UK and Norway while listening to a playlist a robot made for me
19:35:32 <DuB|fon> Future is crazy
19:35:37 <DuB|fon> :P
19:35:41 <skram> robots are pretty neat though
19:35:54 <Bio> beep boop
19:36:01 <skram> yes indeed
19:36:55 <skram> im listening to the bootleg boy DuB|fon
19:36:59 <skram> its great for that sunday evening mood
19:37:04 <DuB|fon> The wha
19:37:40 <skram> https://www.youtube.com/channel/UC0fiLCwTmAukotCXYnqfj0A
19:38:31 <DuB|fon> Aha
19:39:18 <Cane> Camail, I found Spiked Gloves? Implicit is increased melee damage. The base (at this ilvl) appears to sell for ~5 chaos.
19:39:20 <Cane> Something you need?
19:40:55 <Camail> ehhhh, i don't plan on crafting
19:46:39 <Camail> SO CLUTCH
19:51:09 <DuB|fon> Fly-fi cant qute handle twitch, poo
19:52:00 <DuB|fon> Wat happen
19:52:25 <Golly> 3rd overtime, liquid need one more round
19:53:35 <Camail> dub try doing audio only
19:53:40 <Camail> waaay less bandwidth
19:53:53 <DuB|fon> O dear
19:54:09 <Camail> champ point
19:54:20 <Camail> but not for g2
19:54:21 <DuB|fon> Dunno how
19:55:03 <Camail> oh, well when you are picking resolution options its below that
19:55:22 <Camail> GG
19:55:27 -!- Rawr|Fone [~AndChat52@84-217-62-32.customers.ownit.se] has joined #tlponies
20:13:51 <Cane> What were you wawtching?
20:14:01 <Cane> waaaaaawtching.
20:15:10 <DuB|fon> Csgo finals
20:25:00 <reification> ah poker scratchcard had a free $10. hopefully this means my rng is fixed now :D
20:28:04 <Camail> Cane https://cdn.discordapp.com/attachments/586603839377899533/592450631193722895/1aaaa.png
20:30:28 <Camail> this thing is worth quite a lot
20:32:57 <Runbunny> There's a fix to rng Reif?
20:36:33 <Cane> That is a LOT of exalts Cam.
20:37:35 <Camail> there are 2 belts that are on the market at around 70c
20:37:49 <Camail> so i dunno if it's a ton of exalts but i could price check it
20:38:00 <Cane> Hmmm.
20:49:48 <reification> runbun i hope so, got a 400k chip stack on the sochi live qualifier atm
21:02:59 <Cane> Darn, too many random modifiers: https://cdn.discordapp.com/attachments/112512700420005888/592459572388692045/unknown.png
21:03:49 <Camail> it's still worth something, tho
21:04:10 <Cane> Yeah, ~10 chaos maybe?
21:04:11 <Camail> the only bad affixes are the hybrid and the evasion
21:04:23 <Camail> i'd say 15 at least
21:04:30 <Cane> I'll try 15.
21:05:07 <Camail> with CI being worse chaos res is more popular
21:05:54 <reification> dot i just ended up on a person's twitter who's last name is "reif" :O https://twitter.com/KingstonAReif
21:06:00 <reification> i didn't know that was a thing
21:07:02 <DoT`> time to go hunt and prooove your the alpha reif
21:09:21 <reification> to be fair it looks like he shares my no. 1 political concern: not starting more dumb wars
21:11:39 <DoT`> its a good stance
21:34:17 <Camail> Cane so people have generally come to the conclusion that farming legion with contagion/ED is REALLY strong
21:34:29 <Camail> to the point where people are farming maps like strand
21:35:04 <Camail> legion drops a ton of currency at any tier so they pick easily sustained maps
21:37:04 <Cane> Camail, I sold it for 40. We were way off.
21:37:25 <Camail> hmm, that's way more than i thought
21:37:42 <Cane> Also, yeah, I'm leveling a Contagion/ED as a secondary so I can legion farm like mad.
21:37:50 <Cane> One single contagion hits EVERYTHING.
21:37:53 <Camail> the life was more important than i thought
21:37:56 <Cane> Literally all of them get tagged.
21:38:09 <Cane> And if you contagion right as they pop, most of them get tagged again.
21:38:22 <Cane> So yeah, it melts legion ez.
21:38:43 <Cane> Contagion/ED was the easy, effortless winner char of SSF Hardcore.
21:38:56 <Cane> And like 5 out of the top 10 were that.
21:41:36 <Camail> well, it killed most of them
21:41:52 <Camail> because they were getting off screened after breaking everything
21:44:43 <Cane> Oh yeah, but that's the legion being bullshit.
21:44:58 <Cane> In SC you can just wreck it and not worry.
22:29:24 <skram> Username: skram
22:29:24 <skram> Password: mdN6yVHPl2
22:29:24 <skram> To auth yourself to Q, type the following command
22:29:40 <skram> oopsie doopsie
22:41:11 <Runbunny> oh noes Jonas!
22:42:18 <skram> pls dont steal my identity ranban
22:49:49 -!- BioPone [~androirc@97.70.165.146] has joined #tlponies
23:28:12 <motbob> i played 35 hours of dota underlords this week
23:28:42 <reification> oh dear
23:29:20 <reification> how does it compare to autochess?
23:29:32 <motbob> i don't know, i never played autochess
23:29:44 <motbob> people are saying it's nearly strictly better though
23:30:21 <motbob> some balance complaints but of course that doesn't mean anything to someone at my level
23:31:04 <motbob> today i learned about the whole "shared shop" thing
23:31:19 <motbob> which seems like a really important part of the game that I didn't know anything about
23:31:29 <motbob> you mean i have to pay attention to what other people have? ugh
23:32:08 <reification> more depth is good?
23:32:25 <motbob> depth is good until it starts to make my head hurt!
