00:05:25 <reification> g'night all
00:06:43 <skram> gnight reif
00:07:35 -!- DuB` [DuB@cpe-68-174-122-249.nyc.res.rr.com] has joined #tlponies
00:07:51 * skram slaps DuB` around a bit with a large trout
00:08:08 <DuB`> o hallo
00:08:16 <Bio> dob
00:08:20 <Bio> rief went to bed
00:08:20 <skram> hello dear
00:08:25 <Bio> pls join my stream in his place
00:12:47 <DuB`> It is v frosty freezy cold
00:12:55 <Camail> oh
00:12:57 <skram> is wonderful
00:12:57 <Camail> it's a dub
00:13:00 <Camail> hmmm
00:13:01 <skram> did u get the sno yet
00:13:04 <Camail> can we send this dub back
00:13:09 <Camail> i want a different color
00:13:12 <Camail> like blue
00:13:17 <DuB`> I AM bloo
00:13:20 <skram> dont be a brat, camail
00:13:35 <Camail> but this one's gross and used and smells like ramen
00:13:45 <DuB`> I am eating PIZZA not ramen
00:13:52 <DuB`> And I did actually wear blue today
00:14:31 <skram> is there any seaweed on it
00:20:07 <DuB`> Wha no
00:21:15 <skram> you told me about pizza with seaweed on it and ive been thinkin bout it for like 6 years now
00:21:32 <DuB`> Haha
00:21:44 <DuB`> They put corn and fish and all sorts of things on pizza in japanland...
00:21:58 <Micen> but never pineapple.
00:22:13 <skram> the japans are weird, dub
00:30:46 -!- Rawr|Fone [~AndChat52@c-4eb4e655.020-164-6d6c6d4.bbcust.telenor.se] has joined #tlponies
01:00:32 -!- tredc_ [~tredc@c83-254-129-166.bredband.comhem.se] has joined #tlponies
01:00:42 -!- skrma [~skram@95.174.66.180] has joined #tlponies
02:22:39 -!- Rawr|Fone [~AndChat52@c-4eb4e655.020-164-6d6c6d4.bbcust.telenor.se] has joined #tlponies
03:16:16 -!- Rawr|Fone [~AndChat52@c-4eb4e655.020-164-6d6c6d4.bbcust.telenor.se] has joined #tlponies
03:42:11 <Bio> DuB`, tahnk
03:42:23 <Bio> lov this game
03:42:26 <Bio> is gud
04:15:03 -!- Rawr|Fone [~AndChat52@c-4eb4e655.020-164-6d6c6d4.bbcust.telenor.se] has joined #tlponies
04:42:04 -!- Rawr|Fone [~AndChat52@c-4eb4e655.020-164-6d6c6d4.bbcust.telenor.se] has joined #tlponies
04:48:07 -!- BioPone [~androirc@mobile-166-170-23-194.mycingular.net] has joined #tlponies
05:06:16 -!- Rawr|Fone [~AndChat52@c-4eb4e655.020-164-6d6c6d4.bbcust.telenor.se] has joined #tlponies
05:16:35 -!- Rawr|Fone [~AndChat52@c-4eb4e655.020-164-6d6c6d4.bbcust.telenor.se] has joined #tlponies
05:29:56 -!- Rawr|Fone [~AndChat52@m77-218-230-176.cust.tele2.se] has joined #tlponies
05:34:10 -!- Westy543 [Westy543@c-24-130-12-152.hsd1.ca.comcast.net] has joined #tlponies
05:34:10 -!- mode/#tlponies [+v Westy543] by Q
05:41:04 <Rawr|Fone> Hors hors
07:24:59 <Rawr|Fone> 🐴🐴🐴
07:25:14 -!- Dot|Phone [uid393803@2001:67c:2f08:8::6:24b] has joined #tlponies
07:25:30 <Dot|Phone> Morning 
07:30:01 <Rawr|Fone> DoT DoT DoT
07:33:18 <Dot|Phone> Rawr Rawr Rawr
07:33:22 <Dot|Phone> 💖💖💖
07:33:25 <Rawr|Fone> 💖💖💖
07:46:34 -!- Golly [~kvirc@cm-84.213.21.103.getinternet.no] has joined #tlponies
07:55:34 -!- Rawr|Fone [~AndChat52@c-4eb4e655.020-164-6d6c6d4.bbcust.telenor.se] has joined #tlponies
09:45:11 -!- reification [~thomas@cpc76294-cosh16-2-0-cust297.6-1.cable.virginm.net] has joined #tlponies
09:45:11 -!- mode/#tlponies [+v reification] by Q
09:47:14 <Dot|Phone> Hey Reif
09:52:20 <reification> hi dotties
10:48:24 -!- tredc [~tredc@c83-254-129-166.bredband.comhem.se] has joined #tlponies
11:48:54 <Dot|Phone> How's all
12:12:15 -!- Rawr|Fone [~AndChat52@c-4eb4e655.020-164-6d6c6d4.bbcust.telenor.se] has joined #tlponies
12:15:47 -!- Runbunny [~Runbunny@91.100.28.10.generic-hostname.arrownet.dk] has joined #tlponies
12:37:12 -!- carcinisation [~thomas@cpc76294-cosh16-2-0-cust297.6-1.cable.virginm.net] has joined #tlponies
12:37:12 -!- mode/#tlponies [+v carcinisation] by Q
12:39:58 -!- Cane [~Cane@CaneCraft.users.quakenet.org] has joined #tlponies
12:39:58 -!- mode/#tlponies [+o Cane] by Q
12:42:01 <Dot|Phone> Hey runbun, Cane
13:31:38 -!- Rawr|Fone [~AndChat52@c-4eb4e655.020-164-6d6c6d4.bbcust.telenor.se] has joined #tlponies
13:33:43 -!- skram [~skram@134.19.189.220] has joined #tlponies
13:37:25 <skram> frans
13:37:41 <Dot|Phone> Skram frnd
13:37:53 <Dot|Phone> How's you
13:41:34 <skram> hmm im not quite sure yet
13:41:53 <skram> hows work doot
13:43:44 <Dot|Phone> Eh, I did some stuff. But I was also reminded about the harbour of carthage by something I read, so I spent time reading about Carthage
13:43:56 <Dot|Phone> Productive day
13:44:11 <skram> LOL
13:44:55 <skram> what a day huh
13:46:00 <Dot|Phone> Look, when I started here I was told to ask questions when I want to know something
13:46:25 <Dot|Phone> Never specified it had to be plc related
13:50:00 <Dot|Phone> But also you should look up the harbour of carthage, its cool
13:51:12 <Dot|Phone> Until those Romans 
13:53:18 <skram> romans ruined everything
13:55:18 <Dot|Phone> Ruined bad hygiene 
13:55:32 <skram> as a barbarian they are my favored enemy, dot
13:55:32 <Dot|Phone> But then we got it back in the middle ages
13:56:46 <Dot|Phone> Weaponised racism 
13:56:59 <skram> hmm
13:57:09 <skram> i think its called favored enemy in dnd
13:57:12 <skram> but its the same thing, really
13:57:18 <Dot|Phone> Yup
14:08:12 <Rawr|Fone> Jonas
14:08:14 <Rawr|Fone> Fren
14:08:23 <skram> henrik pal
14:08:48 <Rawr|Fone> ❤
14:08:53 <skram> <3
14:19:21 -!- Rawr|Phone [~AndChat52@m83-185-83-63.cust.tele2.se] has joined #tlponies
14:19:35 <skram> Henrik, where is Anders?
14:34:36 -!- tredc [~tredc@c83-254-129-166.bredband.comhem.se] has joined #tlponies
14:44:03 <Rawr|Phone> I am not sure jonas
14:44:16 <Rawr|Phone> Should I go look for him?
14:47:40 <skram> hmm i am sure he's fine
14:49:03 <Rawr|Phone> Hmm
15:04:34 <Runbunny> skram, I am here
15:05:02 <skram> Ah, good.
15:05:07 <skram> That makes me feel safer.
15:06:50 <Runbunny> Because now you know that I am not beneath your floorboards?
15:07:06 <Runbunny> Bold assesment. 
15:07:42 <skram> Well I know that you're not out on the streets of køben doing mischief
15:43:52 -!- BioPone [~androirc@mobile-166-170-23-194.mycingular.net] has joined #tlponies
15:47:19 -!- Camail [~Camail@45.40.84.145] has joined #tlponies
15:47:19 -!- mode/#tlponies [+v Camail] by Q
15:50:18 <Rawr|Phone> Cam
15:50:20 <Rawr|Phone> Ail
15:50:37 <Camail> rawr.
15:51:38 <Dot|Phone> Cam
15:51:53 <Camail> dot.
16:05:50 <Runbunny> skram bad news.
16:06:11 <Runbunny> I am headed out into the streets.
16:11:01 <Rawr|Phone> Don't forget your helmet Anders
16:46:51 -!- Dot` [webchat@cloak-vnm1j07w.71.208.46.dyn.plus.net] has joined #tlponies
16:51:15 -!- Rawr|Fone [~AndChat52@c-4eb4e655.020-164-6d6c6d4.bbcust.telenor.se] has joined #tlponies
17:27:10 -!- Rawr|Phone [~AndChat52@m83-185-83-63.cust.tele2.se] has joined #tlponies
17:39:24 <carcinisation> dot carthago delenda est
17:40:43 <reification> i got to spend a fun day waiting around in a&e
17:40:58 <reification> because someone fell over and bashed their ribcage
17:41:27 <reification> i did get to read an old book about ants, it's very educational
17:43:51 <Camail> ants are the real heroes
17:45:05 <skram> whos ribcage did you bash in this time reif
17:47:51 -!- BioPhone [~androirc@12.33.239.117] has joined #tlponies
17:54:04 <reification> skram i was sleeping soundly when my dad attacked the bathroom with his chest at 5am D:
17:54:49 <skram> ouch
17:54:51 <skram> he alright?
17:55:27 <BioPhone> Hoooorsens
17:55:40 <BioPhone> Did he win tho
17:55:47 <BioPhone> Also hope hes alright
17:55:48 <reification> as well as can be expected, no fractures found
17:56:05 <skram> good
17:56:08 <skram> is the bathroom ok though
17:56:59 <reification> yes skram actually it's quite impressive 
17:57:00 <BioPhone> What if the bathroom was talking mad shit tho
17:58:00 <skram> if the bathroom is talking at you there might be more serious issues going on
18:04:41 <Dot`> reif D: glad he is ok
18:04:57 <Dot`> you should cover the bathroom in foam mats
18:06:03 <reification> then it could happen somewhere else, the solution is clearly to cover him in foam mats
18:06:41 <reification> i did see some company working on personal airbags for fall prone ppl a while ago
18:07:39 <Dot`> sounds like a plan
18:12:47 <BioPhone> Place him in one of those giant bubbles that you can fit inside and run around in
18:13:57 <BioPhone> https://i.ebayimg.com/images/g/rs0AAOSwWTRWw1Nt/s-l400.jpg
18:15:55 <Dot`> reifs father is a hamster? does that make his mother the eldeberry bush?
18:16:29 <Runbunny> Like this guy. https://i.redd.it/u82b5xr1qrzz.jpg
18:16:40 <Runbunny> Too busy to write the darned books.
18:19:16 <skram> haha dot
18:51:08 <BioPhone> https://www.polygon.com/2019/11/12/20961197/dnd-anniversary-dice-set-300-dollars-sapphire
18:51:15 <BioPhone> Pretty dice
18:51:41 <Dot`> click clack math shapes!
18:51:50 <skram> want
19:01:23 <BioPhone> Me too buddy
19:01:35 <BioPhone> I just bought a playstation tho
19:01:55 <BioPhone> Asdfghjkl
19:02:02 <BioPhone> Clickity clacks
19:02:05 <BioPhone> Want
19:04:26 <Runbunny> O:
19:04:44 <skram> runbun
19:04:45 <skram> you made it
19:05:00 <Runbunny> I guess.
19:05:12 <Runbunny> Apparently there was a fire nearby.
19:06:16 <skram> what'd you do, anders
19:07:02 <Runbunny> Nothing.
19:09:43 <reification> i assumed skram was visiting
19:09:56 <reification> lots of fires where he is
19:11:36 <skram> this is libel, reif
19:12:40 <Dot`> skram, your not allowed to burn down Denmark
19:13:02 <skram> uggggh
19:13:04 <skram> FINE
19:15:05 <Runbunny> !
19:18:51 -!- Camail [~Camail@45.40.84.145] has joined #tlponies
19:18:52 -!- mode/#tlponies [+v Camail] by Q
19:19:18 <Camail> https://www.youtube.com/watch?v=HBxn56l9WcU
19:19:25 * skram slaps Camail around a bit with a large trout
19:19:28 <Camail> skram
19:19:46 <skram> wanna go murder a lunestra
19:20:07 <Camail> sure
20:57:54 <Dot`> pon
21:16:32 -!- BioPhone [~androirc@12.33.239.117] has joined #tlponies
21:16:59 <BioPhone> Hej
21:17:49 <Rawr|Phone> Pon
21:18:15 <BioPhone> Almost home time
21:18:20 <BioPhone> Then dinner
21:18:35 <BioPhone> Then slice of life anime vidya
21:18:50 <BioPhone> Aka more persona5
21:28:18 -!- BioPone [~androirc@mobile-166-176-248-97.mycingular.net] has joined #tlponies
21:41:12 -!- skrma [~skram@178.239.173.180] has joined #tlponies
21:42:48 <Dot`> skrma
21:48:51 -!- BioPone [~androirc@97.70.165.146] has joined #tlponies
21:49:26 <Bio> hey its me your guy
21:49:29 <Bio> IBO
21:49:44 -!- Crisium [~Crisium@c-24-3-150-105.hsd1.pa.comcast.net] has joined #tlponies
21:50:00 <Bio> AND a crispy, delicious broasted pon
21:50:04 <Dot`> bio boi
21:50:29 <Bio> OHHELLOTHERE.mp3
21:51:08 <Bio> https://www.youtube.com/watch?v=rxH85Rp9JEo
21:51:18 <Bio> did you see dot
21:51:22 <Bio> i robbed a mans bank
21:51:24 <Bio> last night
21:51:34 <Bio> an E V I L mans
21:51:52 <Bio> also i'm still listening to his fuggin theme music
21:51:54 <Bio> cause it slaps
21:52:16 <Crisium> oh noes'
21:54:19 <Bio> what is the matter crispn
21:54:49 <Crisium> shrek memes
21:55:00 <Bio> shrek is love
21:55:04 <Bio> shrek is lief
21:56:46 -!- Rawr|Fone [~AndChat52@c-4eb4e655.020-164-6d6c6d4.bbcust.telenor.se] has joined #tlponies
21:58:58 <skrma> Dot`
22:01:09 <Dot`> Hello friend
22:01:15 <Dot`> hmm, i should be asleep already
22:01:43 <skrma> im heading there too
22:02:40 <Camail> i got the xeno quest right after you left skram
22:02:47 <skrma> >:(
22:02:49 <Camail> lul
22:25:42 <Bio> but euros
22:25:50 <Bio> p5 slice of life
22:25:57 <Bio> =(
22:30:20 -!- Golly [~kvirc@cm-84.213.21.103.getinternet.no] has joined #tlponies
22:34:36 -!- Rawr|Fone [~AndChat52@c-4eb4e655.020-164-6d6c6d4.bbcust.telenor.se] has joined #tlponies
22:59:59 -!- Rawr|Fone [~AndChat52@c-4eb4e655.020-164-6d6c6d4.bbcust.telenor.se] has joined #tlponies
23:43:46 <Runbunny> .tell reification https://www.humblebundle.com/books/monogatari-kodansha-books
23:55:18 <Camail> Dot` have you looked at 7 days to die? i've been playing it and having fun, and there's a lot of room for co-op play, division of labor is super helpful
23:56:48 <Camail> pirated obviously, but if it looks like something you'd really enjoy you can get it through non-torrented means
