00:03:13 -!- DoT|Phone [~Dot@85.255.232.243] has joined #tlponies
03:29:18 -!- Micen|Droid [~Micen@h192.28.16.98.dynamic.ip.windstream.net] has joined #tlponies
06:00:16 -!- DoT|Phone1 [~Dot@232.123.7.51.dyn.plus.net] has joined #tlponies
06:37:36 <DoT|Phone1> Morning
06:58:29 <CockRoach|42> morning dot
07:10:55 -!- DoT|Phone [~Dot@85.255.233.28] has joined #tlponies
07:15:02 <DoT|Phone> cr horse <3
07:33:52 <DoT|Phone> dub
07:37:43 <DoT|Phone> Rawr Rawr Rawr
07:49:34 <Rawr|Fone> DoT DoT DoT
07:49:40 <Rawr|Fone> 💖💖💖
07:50:53 <DoT|Phone> 💖💖💖
07:56:31 -!- carcinisation [~thomas@cpc76294-cosh16-2-0-cust297.6-1.cable.virginm.net] has joined #tlponies
07:56:31 -!- mode/#tlponies [+v carcinisation] by Q
08:00:39 <DoT|Phone> hey Reif
08:03:27 <carcinisation> hey dotties
08:03:56 <carcinisation> ?chair
08:04:04 <carcinisation> .r chair https://pbs.twimg.com/media/D6Sr9DFUYAAX360.jpg
08:05:13 <carcinisation> .r chair + https://www.lurkmore.com/w/images/9/9e/Thischair.jpg
09:05:50 -!- Runbunny [~Runbunny@91.100.28.10.generic-hostname.arrownet.dk] has joined #tlponies
09:16:07 -!- Golly [Golly@cm-84.212.249.112.getinternet.no] has joined #tlponies
09:23:31 <DoT|Phone> Runbun!
09:35:20 <Runbunny> Hai!
09:42:36 <Rawr|Fone> Anders min vän
09:53:15 <Runbunny> Henrik!
09:53:52 <Runbunny> How is Malmö these days? 
09:54:54 <Runbunny> We soon have an election here and some danish politicians are trying to use the scare tactic that if we don't do something about the muslim population we will have "swedish conditions"
09:55:07 <Runbunny> I am unsure what that entails.
09:56:29 <Golly> https://www.youtube.com/watch?v=5wdpdxY8Y3Y
09:56:35 <Golly> this I reckon
09:56:57 <Golly> but with more brown people
09:59:10 <Rawr|Fone> I am unsure as well runbun
09:59:15 <Runbunny> So basically this Golly https://www.youtube.com/watch?v=dCDMGu-xi30
09:59:26 <Rawr|Fone> Seems like a good thing to be more like sweden
10:00:37 <Golly> we're all dead when the robot revolution happens anyway
10:00:40 <Rawr|Fone> I have been to denmark many times and it is quite a silly place
10:00:49 <DoT|Phone> Rawr not every place can handle being as silly as Sweden
10:02:21 <Runbunny> Like there's a part of Copenhagen that was often associated with immigrants, but it isn't really anymore.
10:02:54 <Runbunny> Politicians claims that part of the city is on fire, basically rioting and burning cars in the streets.
10:03:09 <Runbunny> Which isn't true at all.
10:05:41 <Rawr|Fone> It is the same here
10:06:05 <Rawr|Fone> Politicians in stockholm claim there are these "no-go zones"
10:06:15 <Rawr|Fone> Which is definitely not true
10:06:34 <Runbunny> Ahh yeah, I heard talk about those as well.
10:10:45 -!- reimeuk [~thomas@cpc76294-cosh16-2-0-cust297.6-1.cable.virginm.net] has joined #tlponies
10:10:45 -!- mode/#tlponies [+v reimeuk] by Q
10:48:39 -!- tredc [~tredc@c83-254-129-166.bredband.comhem.se] has joined #tlponies
11:03:29 -!- BioPone [~androirc@mobile-166-176-251-9.mycingular.net] has joined #tlponies
11:04:12 <DoT|Phone> bio hedge
11:26:55 <DoT|Phone> what you up to today Runbun
11:40:02 -!- BioPhone [~androirc@12.33.239.117] has joined #tlponies
11:53:17 <BioPhone> Asdf
11:56:00 <DoT|Phone> biop
11:57:42 <BioPhone> Dotp
12:00:09 <reimeuk> i'm not sure about this abbreviation scheme...
12:03:08 <DoT|Phone> reim
12:03:45 <reification> .tell skram https://www.reddit.com/r/CasualUK/comments/bo8gc6/my_dad_sent_me_this_while_in_midnorfolk/
12:10:24 <DoT|Phone> I don't trust how England pronounces anything after seeing Leicester
12:11:42 <Golly> https://www.youtube.com/watch?v=-9BbOFTIiDk&t=
12:17:47 <Runbunny> DoT|Phone, I am just relaxing, I might clean up a bit later.
12:19:57 -!- Zounds [webchat@cloak-07ouvien.14-2.cable.virginm.net] has joined #tlponies
12:20:05 <Runbunny> Hey Zounds.
12:20:08 <Zounds> hey
12:20:53 <DoT|Phone> hey Zounds
12:21:20 <Zounds> o/
12:29:32 -!- BioPhone [~androirc@12.33.239.117] has joined #tlponies
12:38:39 -!- BioPhone [~androirc@12.33.239.117] has joined #tlponies
13:57:14 -!- BioPhone [~androirc@12.33.239.117] has joined #tlponies
14:15:12 -!- BioPhone [~androirc@12.33.239.117] has joined #tlponies
14:16:02 -!- skrm [webchat@pioj.eid3.887x.ip] has joined #tlponies
14:16:18 <Rawr|Fone> Skrm
14:16:27 <skrm> hey there
14:16:37 <Rawr|Fone> Good afternoon dear
14:16:53 <DoT|Phone> Skram!
14:17:34 <skrm> <3<3
14:19:28 <DoT|Phone> <3
14:20:23 <skrm> how you boys been
14:21:24 <DoT|Phone> long day
14:23:09 <skrm> day has only just begun old pal
14:23:18 <DoT|Phone> no please
14:26:17 <reification> skram https://twitter.com/PetiteNicoco/status/1127244967456518144
14:27:01 <skrm> this is terrifying, reif
14:27:09 <skrm> giant kitty would eat us alive
14:28:23 <reification> .tell bio https://twitter.com/wayofthegraph/status/1127707834416631808
14:30:33 <reification> dot skram https://twitter.com/38kCat/status/1125747887328022528
14:30:48 <reification> runbunny https://twitter.com/MinModulation/status/1121882601944420352
14:33:29 <DoT|Phone> bun
14:50:06 <skrm> hey dot ur pretty good at sticks
14:54:47 <reification> https://twitter.com/AwwwwCats/status/1125805235690188801
15:03:25 -!- BioPhone [~androirc@12.33.239.117] has joined #tlponies
15:22:08 -!- Gollie [~Golly@cm-84.212.249.112.getinternet.no] has joined #tlponies
15:33:32 -!- BioPone [~androirc@mobile-166-176-251-47.mycingular.net] has joined #tlponies
15:40:37 -!- Rawr|Fone [~AndChat52@84-217-62-32.customers.ownit.se] has joined #tlponies
15:50:27 -!- BioPone [~androirc@mobile-166-176-251-47.mycingular.net] has joined #tlponies
16:00:50 -!- Micen|Droid_ [~Micen@66.87.153.172] has joined #tlponies
16:03:32 -!- Micen|Droid__ [~Micen@ip-66-87-153-109.nsvltn.spcsdns.net] has joined #tlponies
16:14:31 -!- Rawr|Phone [~AndChat52@m83-185-87-83.cust.tele2.se] has joined #tlponies
16:21:40 -!- Micen|Droid [~Micen@ip-99-203-29-223.pools.spcsdns.net] has joined #tlponies
16:24:04 -!- Micen|Droid_ [~Micen@ip-66-87-153-173.nsvltn.spcsdns.net] has joined #tlponies
16:29:32 -!- DoT|Phone1 [~Dot@232.123.7.51.dyn.plus.net] has joined #tlponies
16:32:31 -!- Dot` [~Dot@232.123.7.51.dyn.plus.net] has joined #tlponies
16:45:33 <Dot`>  pons, i home
16:47:21 <Zounds> hey
16:48:02 <skrm> the dot
16:48:03 <skrm> welcome
16:48:10 <skrm> zounds pal
16:53:10 -!- DuB` [DuB@65-130-49-94.slkc.qwest.net] has joined #tlponies
16:54:52 <skrm> DuB`
16:56:13 <Dot`> Dub!
16:57:03 <DuB`> !
17:01:17 -!- BioPone [~androirc@mobile-166-176-251-47.mycingular.net] has joined #tlponies
17:05:02 -!- Camail [~Camail@45.40.84.145] has joined #tlponies
17:05:02 -!- mode/#tlponies [+v Camail] by Q
17:22:05 -!- BioPone [~androirc@mobile-166-176-251-47.mycingular.net] has joined #tlponies
17:44:56 -!- BioPone [~androirc@mobile-166-176-251-47.mycingular.net] has joined #tlponies
17:49:23 <Dot`> skrm
17:50:20 <Dot`> https://imgur.com/gallery/bC25kZJ
17:50:22 <Dot`> runbun
18:15:43 -!- Zounds [webchat@cloak-07ouvien.14-2.cable.virginm.net] has joined #tlponies
18:20:01 -!- BioPone [~androirc@mobile-166-176-251-47.mycingular.net] has joined #tlponies
18:35:30 -!- BioPone [~androirc@mobile-166-176-251-47.mycingular.net] has joined #tlponies
18:40:53 -!- BioPone [~androirc@mobile-166-176-251-47.mycingular.net] has joined #tlponies
18:43:28 <Dot`> bio pls
18:44:48 -!- Rawr|Fone [~AndChat52@84-217-62-32.customers.ownit.se] has joined #tlponies
18:46:15 <Dot`> dub dub
18:46:36 <Rawr|Fone> DoT
18:46:43 <Dot`> Rawr!
18:46:44 <Dot`> <3
18:46:47 <Rawr|Fone> ❤❤
18:46:54 <Rawr|Fone> How is your evening
18:47:37 <Dot`> pretty good rawrsaur
18:47:40 <Dot`> and yours?
18:50:03 <DuB`> Dot save me from stoody T_T
18:50:11 <Dot`> oh dear
18:50:25 <Dot`> one day dub you will be free of studies
18:52:45 <DuB`> CPA license requires "continuing education" for future renewal, so perhaps not :P
18:54:04 <Dot`> and jobs require constant learning
18:54:08 <Dot`> as does most things
18:54:19 <Dot`> but i thought it would be a bit cruel to point it out
18:54:26 <DuB`> But no exams!
18:54:34 <Dot`> HAHAHA
18:55:15 <Dot`> you think being asked to do something at work you havnt done in ages and is very complex wont feel like an exam?
18:55:40 <DuB`> Naw
18:55:45 <DuB`> No multiple-choice questions ;D
18:56:17 <Dot`> just endless choices, normaly you can pick the "go to lunch" one at least
18:56:28 <DuB`> Hehe
18:57:27 <DuB`> "Where are you going?"  "... lunch!"  "Um, it's 9am"
18:58:05 <Dot`> or at 8 am "its been a long day this seems like a tomroow problem"
18:58:28 <DuB`> Perfec
19:02:01 <Rawr|Fone> DoT` snela
19:02:11 <Dot`> rawr skarpning
19:02:17 <Rawr|Fone> Don't try to scare poor little dub
19:02:29 -!- Phearlock [webchat@cloak-e3kb14bi.208.146.128.getinternet.no] has joined #tlponies
19:02:38 <Phearlock> Evening ponypons
19:02:40 <Dot`> Hey Feer
19:03:05 <Dot`> just crushing his soul rawr, its important
19:03:13 <Rawr|Fone> 🤨🤨🤨
19:03:23 <Zounds> Micen reification you guys wanna play any ow
19:04:11 <reification> yes but later, have to finish being unlucky at pokers first
19:05:51 <reification> hi phear
19:05:52 <DuB`> Me too!@
19:07:22 <Zounds> okay reef
19:10:33 <Zounds> ping me whenever then
19:14:54 <skrm> Dot`
19:15:07 <Zounds> skrm what time you home from work
19:15:09 <Zounds> maybe you ow too
19:15:16 <Zounds> the more the merrier
19:15:20 <skrm> 2 hours or so
19:15:26 <Zounds> unless it's more than 6 then it' just sadness
19:15:42 <Dot`> skrm
19:16:12 <skrm> thank 4 cat
19:16:20 <skrm> i was out lifting forks again
19:16:22 <skrm> gonna get swole af
19:16:37 <Dot`> an absolute unit
19:47:31 <reification> runbun https://twitter.com/Explosive_Loli/status/1127941440192036865
19:51:13 <Dot`> can she onlyl punch once before falling over?
19:51:18 <Dot`> discount one punch man
20:02:03 <reification> runbun skram bio https://twitter.com/WaffenStr8Shota/status/1128380581060935680
20:14:28 <skrm> i probably shouldnt view Explosive_Loli's twitter at work maybe
20:19:31 <Zounds> or str8shota
20:28:52 <reification> pretty sure they are much safer than the names suggest but you are wise not to risk
20:29:51 <reification> dot https://twitter.com/_sweetener_/status/1127170939802791936
20:30:30 <Dot`> transforming dog, amazing
20:36:46 <reification> cam https://twitter.com/adultswim/status/1128283930535366657
20:38:55 <Dot`> stabby stabby
20:40:32 <Micen> Zounds you still OW? I just got back in from being outside
20:41:15 <reification> sadly i can join you now
20:41:28 <Zounds> sure im on eu atm
20:47:17 <Camail> that looks interesting, reif
20:56:04 -!- BioPone [~androirc@mobile-166-176-251-47.mycingular.net] has joined #tlponies
21:26:36 -!- BioPone [~androirc@mobile-166-176-251-47.mycingular.net] has joined #tlponies
21:29:48 -!- BioPone [~androirc@mobile-166-176-251-47.mycingular.net] has joined #tlponies
21:36:25 -!- BioPone [~androirc@mobile-166-176-251-47.mycingular.net] has joined #tlponies
21:42:49 <Rawr|Fone> 🐴🐴🐴
21:44:35 -!- skram [~skram@93.190.142.46] has joined #tlponies
21:45:09 <skram> Hi.
21:45:51 <Dot`> ih
21:46:47 <Rawr|Fone> Jonas!
21:46:53 <Rawr|Fone> Welcome back
21:47:09 <skram> Thank you, Henrik!
21:51:58 -!- BioPone [~androirc@mobile-166-176-251-47.mycingular.net] has joined #tlponies
21:53:50 <Zounds> ay skram
21:53:52 <Zounds> eu 4 stack atm
21:53:58 <Zounds> no dinner or rest for u
21:54:18 <skram> 5 minutes please
21:54:21 <skram> zounds pls
22:00:26 -!- BioPone [~androirc@mobile-166-176-251-47.mycingular.net] has joined #tlponies
22:04:43 <Camail> dont harass skram
22:04:46 <Camail> he is very fragile
22:04:51 <Camail> even a slight wind will break him
22:05:04 <Dot`> dont break the skram pls
22:05:12 <Dot`> its the only one we have
22:06:01 <skram> easily replacable
22:08:06 <Dot`> i dont want to have to train another skram
22:08:09 <Dot`> its a lot of work
22:15:41 <Dot`> well i sleep
22:22:04 -!- skraam [~skram@37.120.149.43] has joined #tlponies
22:24:22 <skraam> DoT|Phone1 wake up
22:24:55 <DoT|Phone1> waat
22:25:40 <skraam> hi
22:27:23 <DoT|Phone1> hi
22:27:35 <skraam> do you have your license to vroom yet
22:27:50 <DoT|Phone1> not at midnight
22:30:55 <DoT|Phone1> I'm sorry Skram. I need to try sleep. I've slept really poorly the past 2 nights and I'm up in less than 8 hours already
22:31:02 <DoT|Phone1> Gnight
22:31:34 <skraam> good night pal
22:34:00 <Bio> i'm
22:34:05 <Bio> sleppy
22:34:08 <Bio> but home
22:39:16 -!- Crisium [~Crisium@c-73-174-151-51.hsd1.pa.comcast.net] has joined #tlponies
22:44:01 <Runbunny> I'm sleepy as well.
22:44:50 -!- BioPone [~androirc@mobile-166-176-251-47.mycingular.net] has joined #tlponies
22:47:37 <skraam> sleep on me, anders
22:48:14 <Runbunny> O:
22:48:31 <Zounds> hey cris 4 stack ow eu atm
22:49:19 <Zounds> will be 5 when micenlad comes back
22:50:03 <Crisium> oh cool
23:20:54 <reification> night all
23:27:11 <Bio> https://www.youtube.com/watch?v=n-SD1LPpGcg
23:27:24 <skraam> me_irl
23:30:24 <Bio> https://sports.theonion.com/nhl-warns-hockey-fans-that-banging-on-glass-scares-play-1819580370
