00:02:22 <skrm> henrik i am working
00:02:30 <skrm> doing important business maybe
00:10:00 -!- Rawr|Fone [~AndChat52@c-4eb4e655.020-164-6d6c6d4.bbcust.telenor.se] has joined #tlponies
01:09:45 -!- Cane [~Cane@CaneCraft.users.quakenet.org] has joined #tlponies
01:09:45 -!- mode/#tlponies [+o Cane] by Q
01:11:28 -!- Rawr|Fone [~AndChat52@c-4eb4e655.020-164-6d6c6d4.bbcust.telenor.se] has joined #tlponies
04:39:53 -!- Rawr|Fone [~AndChat52@c-4eb4e655.020-164-6d6c6d4.bbcust.telenor.se] has joined #tlponies
05:34:42 -!- skram [~skram@134.19.189.228] has joined #tlponies
06:15:35 -!- Rawr|Fone [~AndChat52@c-4eb4e655.020-164-6d6c6d4.bbcust.telenor.se] has joined #tlponies
06:39:27 -!- Dot|Phone [uid393803@id-393803.stonehaven.irccloud.com] has joined #tlponies
06:39:49 <Dot|Phone> Morning
06:39:54 <skram> mornin pal
06:42:30 <Dot|Phone> It's cold and wet this morning 
06:43:11 <skram> its almost winter
06:44:21 <Dot|Phone> I don't want to get out of bed
06:44:29 <skram> :(
07:20:23 -!- Rawr|Fone [~AndChat52@c-4eb4e655.020-164-6d6c6d4.bbcust.telenor.se] has joined #tlponies
07:55:33 <Dot|Phone> Rawr Rawr Rawr
07:55:50 <Dot|Phone> 💖💖💖
07:56:09 <Rawr|Fone> DoT DoT DoT
07:56:12 <Rawr|Fone> 💖💖💖
07:56:54 <Dot|Phone> How you horse
08:31:43 <Rawr|Fone> Pretty gooood dot my dear
08:31:51 <Rawr|Fone> How are you
08:50:32 -!- Rawr|Fone [~AndChat52@c-4eb4e655.020-164-6d6c6d4.bbcust.telenor.se] has joined #tlponies
09:30:12 <Dot|Phone> Rawr. I'm good
09:43:12 -!- tredc [~tredc@c83-254-129-166.bredband.comhem.se] has joined #tlponies
09:51:55 <Rawr|Fone> No dot, you are great
09:55:02 -!- reification [~thomas@cpc76294-cosh16-2-0-cust297.6-1.cable.virginm.net] has joined #tlponies
09:55:02 -!- mode/#tlponies [+v reification] by Q
09:57:06 <Dot|Phone> Oh you
09:57:09 <Dot|Phone> Hey Reif
09:58:00 <Rawr|Fone> Good morning reef reef
10:04:37 -!- Rawr|Phone [~AndChat52@m83-185-95-156.cust.tele2.se] has joined #tlponies
10:23:30 -!- Runbunny [~Runbunny@91.100.28.10.generic-hostname.arrownet.dk] has joined #tlponies
10:23:53 <reification> hi dotties, roar roar, bun
10:28:56 <Dot|Phone> Hey runbun 
10:29:04 <Dot|Phone> How's all doing today
10:52:43 <Runbunny> Hai.
11:14:03 <Dot|Phone> My favourite Dane
11:30:58 <Rawr|Phone> This is my favorite dane too dot
11:33:32 <Dot|Phone> What a coincidence
11:38:43 -!- Golly [Golly@cm-84.213.21.103.getinternet.no] has joined #tlponies
12:11:06 -!- BioPone [~androirc@12.33.239.117] has joined #tlponies
12:16:08 <Runbunny> Dot|Phone, Rawr|Phone https://www.youtube.com/watch?v=taWzoLpdxaI
12:22:25 <reification> rawr dot https://twitter.com/WeDrawAnimal/status/1184174760818642944
12:23:47 <Dot|Phone> This is a good twitter
12:25:50 <reification> https://twitter.com/it_meirl_bot/status/1184439566368817152
12:29:35 -!- BioPone [~androirc@12.33.239.117] has joined #tlponies
12:29:57 -!- Rawr|Fone [~AndChat52@c-4eb4e655.020-164-6d6c6d4.bbcust.telenor.se] has joined #tlponies
12:30:43 <Rawr|Fone> That is amazing anders
12:30:47 <Rawr|Fone> Just like you
12:45:33 -!- BioPone [~androirc@12.33.239.117] has joined #tlponies
13:15:23 <BioPone> Hoooorse men
13:22:23 <Rawr|Fone> 🅱️io🐴
13:32:19 <Dot|Phone> Beyo
13:42:49 -!- skram [~skram@82.147.53.130] has joined #tlponies
13:44:36 <Dot|Phone> Jonas friend
13:46:34 -!- Rawr|Fone [~AndChat52@c-4eb4e655.020-164-6d6c6d4.bbcust.telenor.se] has joined #tlponies
13:48:11 <skram> dot pal
13:59:26 <Dot|Phone> How was sleep skram
13:59:39 <skram> hmm i'd give it a 7
14:05:35 <skram> how was your day
14:34:34 <Rawr|Fone> Jonas
14:37:00 <Dot|Phone> Like 8 I guess, for a work day
14:43:03 <Rawr|Fone> That's great dot
15:12:50 <Dot|Phone> Your great Rawr
15:50:07 <reification> so the british government has given up on a terrible idea it kept postponing every time the date to implement came due
15:50:17 <reification> i speak of course of this: https://order-order.com/2019/10/16/government-repeals-porn-laws/
15:51:06 <Dot|Phone> Haha
15:53:05 <reification> now that's an unfortunate typo https://o.canada.com/news/spain-builds-submarine-70-tons-too-heavy
15:53:50 <Runbunny> They gave up on the porn laws?
15:54:30 <Runbunny> My master plan of getting people arrested by linking them fisting videos has been foiled.
15:59:34 -!- Dot` [webchat@cloak-vnm1j07w.71.208.46.dyn.plus.net] has joined #tlponies
16:05:51 <reification> you may be thinking of other laws runbun, but those were about porn *production*
16:07:03 <reification> hk getting into the spirit of things https://pbs.twimg.com/media/EG6R1PFX0AE3O9n.jpg
16:16:25 <reification> capitalism never sleeps https://pbs.twimg.com/media/EG3UHPnWsAAm4DK.jpg
16:16:32 <skram> i think duolingo is having a stroke
16:17:02 <skram> I got this mail "Hi www id2932177 20sexy pw! Keep Duo happy!"
16:17:10 <skram> doesnt seem like a phishing attempt or anything
16:18:00 <skram> oooh my duolingo accounts been hacked
16:18:02 <skram> i see, i see
16:19:16 <reification> wouldn't have thought you get too much out of a hacked duolingo account
16:19:34 <reification> btw what languages you use it for skram?
16:20:02 <skram> i dont really use it
16:20:09 <skram> started german some time ago though
16:31:49 <reification> ooh royal flush :O
16:32:00 <skram> :O
16:32:06 <skram> I thought that only happened in movies
16:32:07 <BioPone> Omega hand
16:32:12 <BioPone> Also hi
16:32:18 <skram> hai
16:33:00 <BioPone> Skrms
16:33:15 <BioPone> How are the fires lately
16:33:24 <reification> hello biofrend
16:34:08 <BioPone> Riefy
16:34:21 <BioPone> I'd ask about poker but cant get any better
16:48:34 <Rawr|Fone> 🅱️io
16:55:06 <Runbunny> Hai.
17:07:51 -!- skram [~skram@185.107.80.182] has joined #tlponies
17:08:18 -!- Zounds [webchat@cloak-07ouvien.14-2.cable.virginm.net] has joined #tlponies
17:08:23 <Zounds> hey
17:08:39 <skram> zounds old pal
17:08:48 <Zounds> o/
17:14:36 <Runbunny> Zounds.
17:14:54 <Zounds> hi
17:20:46 -!- Rawr|Fone [~AndChat52@c-4eb4e655.020-164-6d6c6d4.bbcust.telenor.se] has joined #tlponies
17:44:26 <BioPone> 🅱️awr
17:46:22 -!- Rawr|Fone [~AndChat52@c-4eb4e655.020-164-6d6c6d4.bbcust.telenor.se] has joined #tlponies
17:52:04 <BioPone> (BioPone) 🅱️awr
17:52:20 <BioPone> Skrm I've been watching kruggsmash lately
18:03:48 <skram> are you a proper dwarf yet
18:15:46 <BioPone> I feel more like a bearded bastard
18:16:02 <BioPone> And wanna pley some df now
18:24:27 <reification> twitter sure is educational https://twitter.com/DmnPix515/status/1183930722848870401
18:25:40 -!- Rawr|Fone [~AndChat52@c-4eb4e655.020-164-6d6c6d4.bbcust.telenor.se] has joined #tlponies
18:31:11 <BioPone> Degeneracy
18:33:18 <skram> alright then
18:33:41 <skram> i guess people were always this filthy
18:35:40 <BioPone> We as a species havent changed much
18:35:51 <BioPone> Meeming all over the place
18:44:06 -!- Rawr|Fone [~AndChat52@c-4eb4e655.020-164-6d6c6d4.bbcust.telenor.se] has joined #tlponies
18:50:22 <Dot`> pon
18:57:12 <skram> neigh
19:02:20 <Dot`> skrm
19:05:04 <skram> yepperino
19:23:57 <Dot`> hows it going
19:31:00 <skram> i am a tired
19:34:08 <Dot`> D:
19:41:47 -!- Rawr|Fone [~AndChat52@c-4eb4e655.020-164-6d6c6d4.bbcust.telenor.se] has joined #tlponies
19:47:58 -!- reification [~thomas@cpc76294-cosh16-2-0-cust297.6-1.cable.virginm.net] has joined #tlponies
19:47:58 -!- mode/#tlponies [+v reification] by Q
19:50:05 <skram> theres a farmers market-ish thing happening and theres a farm selling cheese, dot
19:50:28 <skram> should get me some gouda maybe
19:51:25 <Dot`> yes
19:51:37 <Dot`> and applewood smoked cheddar
19:52:04 <skram> no apples
19:57:49 <Dot`> but skram
19:58:04 <Dot`> its burning apple trees to smoke the cheese
19:58:10 <Dot`> that means less apples
19:58:31 <skram> setting things on fire is no good dot
19:59:31 <Dot`> what about elves?
20:00:19 <skram> leave the poor elves alone
20:01:05 <Dot`> Bio, this isnt skram
20:01:27 <Dot`> or
20:01:34 <Dot`> he just watched an anime with a cute elf
20:01:46 <skram> i dont know what you're talking about
20:01:54 <skram> elves has always been my favorite fantasy race
20:02:04 <Dot`> so what anime was it?
20:02:51 <skram> i dont even watch anime dot
20:03:53 <Dot`> was it goblin slayer, the elf is better than the dwarf in that
20:04:49 <skram> best girl in goblin slayer is farm girl, dot
20:05:20 <Dot`> while i disagree she is best, she is also better than the dorf
20:05:29 <skram> rude
20:07:16 -!- Rawr|Fone [~AndChat52@c-4eb4e655.020-164-6d6c6d4.bbcust.telenor.se] has joined #tlponies
20:08:03 <Dot`> so you want to change your dnd character skram? we can sort it so you can play an elf
20:08:20 <skram> my dream
20:09:12 <Dot`> will it be a ranger, druid or bard?
20:09:22 <skram> druid of course
20:09:26 <skram> love me some trees
20:12:40 <Dot`> hmm, interesting
20:22:57 <Rawr|Fone> Hmm
20:24:01 <Dot`> Rawr
20:24:04 <Dot`> i think he is sick
20:24:40 <Rawr|Fone> Maybe it is not the real jonas
20:24:51 <Rawr|Fone> Maybe it is an elf
20:33:44 -!- Crisium [~Crisium@c-24-3-150-105.hsd1.pa.comcast.net] has joined #tlponies
20:39:29 <Dot`> cris pon <3
20:39:41 <Crisium> pons
20:45:49 -!- Camail [~Camail@45.40.84.145] has joined #tlponies
20:45:49 -!- mode/#tlponies [+v Camail] by Q
20:46:05 <Camail> no
20:47:36 <Dot`> cam
20:47:46 <Dot`> skram is saying he likes elves
20:48:06 <Camail> horses coexist with elves
20:48:14 <Camail> we've known he wasn't a dwarf for awhile now
20:48:30 <Camail> he RPs as a dwarf for wish fulfillment 
20:48:40 <Camail> but his hooves cant hold a pickaxe
20:48:48 <Camail> so that will never ever ever
20:48:51 <Camail> ever ever ever happen
20:49:08 <Dot`> you make a lot of sense
20:55:54 <skram> im throwing away our friendship scrapbook camail
20:55:57 <skram> rude ass bitch
20:56:02 <Camail> neigh
21:02:35 <BioPone> Asdf
21:02:39 <BioPone> Time 4 hom
21:08:32 <Rawr|Fone> Skram
21:08:40 <Camail> skram do you still have the uber elder goal for poe this league
21:08:42 <Camail> rawr shush
21:08:47 <Camail> men are talking
21:08:59 <Rawr|Fone> I will not be silent
21:09:03 <Camail> shhh
21:09:22 <Camail> don't make me lay my finger on those supple lips as a stern gesture
21:09:25 <Camail> i swear i will
21:09:40 <Rawr|Fone> I don't see why you would use the term men, seeing as skram is a horse
21:09:44 <Rawr|Fone> Also come at me
21:23:05 -!- BioPone [~androirc@mobile-166-170-22-212.mycingular.net] has joined #tlponies
21:25:53 <Dot`> rawr you rebel, calm down
21:26:25 <Rawr|Fone> I will not calm down dot
21:27:31 <BioSlep> NEIGH
21:27:44 <Bio> its a sweeterbjort
21:28:57 -!- BioPone [~androirc@97.70.165.146] has joined #tlponies
21:34:44 <Rawr|Fone> It's my favorite kind of bio
21:34:53 <Rawr|Fone> The pony variety
21:34:58 <Bio> nei
22:10:41 -!- Cane [~Cane@CaneCraft.users.quakenet.org] has joined #tlponies
22:10:41 -!- mode/#tlponies [+o Cane] by Q
22:14:49 -!- DuB` [DuB@cpe-68-174-122-249.nyc.res.rr.com] has joined #tlponies
22:20:42 <Bio> dubpls
22:21:33 <Camail> how did dub get passed the fence
22:21:49 <Camail> what was the point of putting it there if he can just walk in
22:22:14 <Camail> i'm not paying for this
22:24:33 <DuB`> :o
22:24:42 <DuB`> I used the door!
22:26:03 <DuB`> Cam I feel like having ALL of the events at once for a limited time will be stressfull :P
22:26:05 <DuB`> So much to do
22:26:30 <Camail> they come back often
22:27:01 <Camail> honestly a lot of your times should be spent doing exactly one mission
22:27:10 <Camail> the greatest jagras
22:27:20 <DuB`> Froggy lizard yus
22:27:23 <Camail> grinding it makes your life a loooot easier
22:27:47 <DuB`> The drachen layered from extreme behemoth though! :P
22:27:49 <Camail> makes your deco options for at fights bearable
22:28:19 <Camail> dub you play ig in the air, you wont be doing extremoth
22:28:36 <Camail> that's a waste of time, the literal hardest fight int he game
22:28:37 -!- Rawr|Fone [~AndChat52@c-4eb4e655.020-164-6d6c6d4.bbcust.telenor.se] has joined #tlponies
22:28:40 <Camail> do everything else before that
22:28:41 <DuB`> Haha
22:30:10 <Camail> at vaal hazak is the easiest tempered you can start with, if you get the decos for it
22:30:20 <Camail> vitality decos and the anti-miasma decos
22:30:36 <DuB`> Already have 3x vit which is nice
22:30:38 <Camail> plus the life steal upgrade on your weapon
22:30:51 <DuB`> No hero weapon augments yet
22:30:56 <Camail> yea
22:31:01 <Camail> AT fights are the real game
22:31:10 <Camail> where you are gonna have to grind for shit
22:32:03 <Camail> at kirin was a fun fight with lightning res 3, eating for elemental resist, and stun res 3
22:32:25 <DuB`> I usually have a couple of stun res on just to fill slots
22:32:25 <Camail> keep in mind you are sacrificing a ton of damage for these defensive decos so the fightys will be longer but safer
22:32:31 <Camail> wtf
22:32:33 <Camail> fill slots
22:32:36 <Camail> i dont understand
22:32:39 <Camail> :P
22:32:42 <DuB`> >:T
22:33:02 <DuB`> I have 1 might and 1 tenderizer which is nice
22:33:03 <Camail> mine are filled with WEX and crit eye
22:33:45 <Camail> so are you having fun with infinite white sharpness
22:33:52 <DuB`> Ya
22:34:34 <DuB`> In that last behemoth fight I won I was getting near the end and though, "... hmm, should I stop to sharpen for the first time? Nah!"
22:35:06 <Camail> yea it's very nice
22:35:10 <Camail> unless you fight lunastra
22:35:17 <Camail> then LUL no weak points
22:37:12 <DuB`> I was gonna stop by barnes & noble and get the vox machina origins comic but it was raining very much :P
22:37:33 <Camail> not enough passion
22:55:36 <Camail> also if anyone hasn't seen joker yet, it's worth it
22:55:47 <Camail> i was entertained
23:06:39 <reification> yeah it was well done
23:06:45 <reification> night all
23:10:30 <DuB`> nn reif
23:15:00 -!- carcinisation [~thomas@cpc76294-cosh16-2-0-cust297.6-1.cable.virginm.net] has joined #tlponies
23:15:00 -!- mode/#tlponies [+v carcinisation] by Q
