00:18:06 <reification> night all
00:34:03 <Bio> asdf
00:37:16 <Dot`> gnight reif
00:38:46 <Runbunny> Literal liters are exiting through my nose. I am gonna go sleep.
01:13:34 -!- Rawr|Fone [~AndChat52@c-4eb4e655.020-164-6d6c6d4.bbcust.telenor.se] has joined #tlponies
02:00:36 -!- Cane_ [~Cane@CaneCraft.users.quakenet.org] has joined #tlponies
02:00:37 -!- mode/#tlponies [+o Cane_] by Q
02:05:46 -!- skrma [~skram@185.180.222.177] has joined #tlponies
02:12:18 -!- ShotgunPrincess [Westy543@c-24-130-12-152.hsd1.ca.comcast.net] has joined #tlponies
02:12:24 -!- mode/#tlponies [+v ShotgunPrincess] by Q
02:13:30 -!- Rawr|Fone [~AndChat52@c-4eb4e655.020-164-6d6c6d4.bbcust.telenor.se] has joined #tlponies
03:05:56 -!- Rawr|Fone [~AndChat52@c-4eb4e655.020-164-6d6c6d4.bbcust.telenor.se] has joined #tlponies
03:22:11 <DuB`> Crisium USA USA USA
03:22:21 <DuB`> Actually tearing through OWWC this year lol
03:26:19 <Crisium> ya
03:26:25 <Crisium> USA finally best in OW
03:44:46 <Crisium> woooooo
03:44:48 <Crisium> world champs
03:44:52 <DuB`> :D
03:47:05 <Crisium> eat poo commies
03:47:07 <Crisium> :P
04:14:08 -!- Westy543 [Westy543@c-24-130-12-152.hsd1.ca.comcast.net] has joined #tlponies
04:14:09 -!- mode/#tlponies [+v Westy543] by Q
04:14:31 -!- Westy543 [Westy543@c-24-130-12-152.hsd1.ca.comcast.net] has joined #tlponies
04:14:31 -!- mode/#tlponies [+v Westy543] by Q
04:26:57 -!- Rawr|Fone [~AndChat52@c-4eb4e655.020-164-6d6c6d4.bbcust.telenor.se] has joined #tlponies
06:30:34 -!- Rawr|Fone [~AndChat52@c-4eb4e655.020-164-6d6c6d4.bbcust.telenor.se] has joined #tlponies
07:01:29 -!- Rawr|Fone [~AndChat52@c-4eb4e655.020-164-6d6c6d4.bbcust.telenor.se] has joined #tlponies
07:32:26 -!- Rawr|Fone [~AndChat52@c-4eb4e655.020-164-6d6c6d4.bbcust.telenor.se] has joined #tlponies
07:42:24 -!- Rawr|Fone [~AndChat52@m83-185-95-210.cust.tele2.se] has joined #tlponies
08:34:44 -!- Dot` [webchat@cloak-vnm1j07w.71.208.46.dyn.plus.net] has joined #tlponies
08:35:02 <Dot`> morning
08:37:54 -!- reification [~thomas@cpc76294-cosh16-2-0-cust297.6-1.cable.virginm.net] has joined #tlponies
08:37:54 -!- mode/#tlponies [+v reification] by Q
09:38:37 -!- Dot` [webchat@cloak-vnm1j07w.71.208.46.dyn.plus.net] has joined #tlponies
09:40:15 -!- Golly [~kvirc@cm-84.213.21.103.getinternet.no] has joined #tlponies
09:52:11 <Dot`> .tell runbunny https://imgur.com/gallery/LeHo4BD
10:02:33 <reification> you should probably tell skram (and me) too
10:07:11 <Dot`> .tell rief https://imgur.com/gallery/LeHo4BD
11:07:45 <Dot`> pon pon
11:35:09 -!- Runbunny [~Runbunny@91.100.28.10.generic-hostname.arrownet.dk] has joined #tlponies
11:37:47 <Dot`> Runbun!
12:06:15 <Runbunny> Me!
12:15:45 <Runbunny> Cute cat Dot`.
12:20:49 <reification> .tell dub` https://twitter.com/Tank92007670/status/1190832917489963009
12:21:09 <reification> also dot CockRoach|42 
13:02:38 <Dot`> hows all doing today?
13:24:11 <reification> good ty dotties. gonna have some baked apple soon
13:24:26 <reification> how are you this sunday?
13:29:04 -!- skram [~skram@185.180.222.177] has joined #tlponies
13:32:51 <Dot`> a bit cold
13:32:55 <Dot`> hej skram
13:33:03 <skram> oh my god
13:33:16 <skram> this is the first time ever you said it right
13:33:19 <skram> HEJ DOT
13:33:27 <skram> this is a good day
13:34:13 <Dot`> dam
13:34:23 <Dot`> was not paying attention
13:34:31 <skram> lol
13:59:31 <Dot`> hows you skram
14:06:30 <skram> so tired
14:21:06 <Dot`> did you try sleep?
14:21:21 <skram> had too much of it i think
14:21:49 <Dot`> should have stayed up later killing poor ceatures?
14:22:46 <skram> should disable the snooze button instead i think
14:24:53 -!- DuB` [DuB@cpe-68-174-122-249.nyc.res.rr.com] has joined #tlponies
14:25:25 <DuB`> Gooood morn
14:25:49 <Dot`> dub dub
14:25:58 <skram> dub dub
14:29:47 <DuB`> dotskram
14:39:43 <DuB`> Hmm hmm
14:39:52 <DuB`> Not sure what to do besides play so I'mma play
14:39:53 <DuB`> :D
14:47:21 -!- Camail [~Camail@45.40.84.145] has joined #tlponies
14:47:21 -!- mode/#tlponies [+v Camail] by Q
14:47:40 <Camail> yo
14:48:32 <skram> oy
14:48:44 <skram> im gonna finish dinner then ill do that too mr dub
14:50:02 <DuB`> Maybe we can even help dot hit a t-rex with sticks
14:50:13 <Camail> holy fuck dub it is the morning
14:50:16 <Camail> stop playing monster hunter
14:50:18 <Camail> for like 5 seconds
14:50:20 <Camail> eat something
14:50:23 <Camail> take a showe
14:50:26 <Camail> talk to your parents
14:50:38 <DuB`> I ate something and exercised and took a shower!
14:50:56 <skram> what
14:50:57 <skram> when?
14:51:09 <DuB`> Today!
14:51:09 <Camail> licking yourself like a cat doesn't count
14:51:19 <DuB`> And I talked to my mom last night
14:51:32 <DuB`> I am a well-adjusted addict
14:51:41 <skram> well alright then
14:51:57 <skram> i had 7000 calories on friday so I should be good til monday
14:52:06 <DuB`> >_>
14:52:51 <skram> i def know how bodies work
14:52:52 -!- Rawr|Fone [~AndChat52@c-4eb4e655.020-164-6d6c6d4.bbcust.telenor.se] has joined #tlponies
15:09:55 -!- tredc [~tredc@c83-254-129-166.bredband.comhem.se] has joined #tlponies
15:39:20 <Runbunny> Hello.
15:56:27 <skram> anders old boy
15:57:13 <Runbunny> When's hunt time?
16:00:40 <skram> right now bud
16:00:57 <skram> well, i am hunting
16:01:01 <Runbunny> O:
16:01:03 <skram> dub is looking for fish i think
16:18:20 <reification> https://twitter.com/BrendanDaGawd/status/1190037534702800897
16:30:04 -!- Rawr|Fone [~AndChat52@c-4eb4e655.020-164-6d6c6d4.bbcust.telenor.se] has joined #tlponies
16:46:08 -!- carcinisation [~thomas@cpc76294-cosh16-2-0-cust297.6-1.cable.virginm.net] has joined #tlponies
16:46:08 -!- mode/#tlponies [+v carcinisation] by Q
16:50:48 <Bio> asdf
16:50:53 <Bio> hi
17:08:11 <Dot`> hi
17:36:03 -!- reification [~thomas@cpc76294-cosh16-2-0-cust297.6-1.cable.virginm.net] has joined #tlponies
17:36:03 -!- mode/#tlponies [+v reification] by Q
17:39:01 <DuB`> Dot we're hunting in that other discord if you wanna play or chat
17:51:59 <Dot`> my internet has been droppig on my main pc for a few days, its very annoying
17:59:46 <DuB`> o no
18:01:38 <Bio> pls
18:46:01 <Dot`> hows bio
19:23:53 -!- Rawr|Fone [~AndChat52@c-4eb4e655.020-164-6d6c6d4.bbcust.telenor.se] has joined #tlponies
19:28:26 <Dot`> rawr rawr rawr
19:28:44 <Rawr|Fone> dot dot dot
19:28:47 <Rawr|Fone> ❤❤❤
19:30:30 <Dot`> <3 <3 <3
19:34:16 <Dot`> how was your weekend rawr
19:40:17 <Rawr|Fone> It was nice dot, played a tournament yesterday and helped coach one of our teams in division 6 today
19:40:29 <Rawr|Fone> How have you been
19:42:51 <Dot`> how the tourny go?
19:43:19 <Dot`> my weekend has been slow
19:51:37 <Dot`> Runbunny, reif, skram https://imgur.com/gallery/8uWO6nD
20:23:41 -!- Rawr|Fone [~AndChat52@c-4eb4e655.020-164-6d6c6d4.bbcust.telenor.se] has joined #tlponies
20:23:43 <Rawr|Fone> I got second place in both the events I played dot
20:26:00 <Dot`> your great rawr <3
20:26:23 <Rawr|Fone> No you are great dotpon ❤
20:54:20 -!- Rawr|Fone [~AndChat52@m83-185-95-210.cust.tele2.se] has joined #tlponies
21:08:46 -!- Rawr|Fone [~AndChat52@c-4eb4e655.020-164-6d6c6d4.bbcust.telenor.se] has joined #tlponies
21:21:43 <Dot`> rawr pls
21:39:19 -!- Rawr|Fone [~AndChat52@c-4eb4e655.020-164-6d6c6d4.bbcust.telenor.se] has joined #tlponies
21:46:53 -!- Rawr|Fone [~AndChat52@c-4eb4e655.020-164-6d6c6d4.bbcust.telenor.se] has joined #tlponies
21:49:39 <Dot`> skram
21:54:19 <skram> hey buddy
21:54:27 <Dot`> hows it going
21:56:09 <Bio> sadfs
21:57:56 <skram> well i hunted some dargons
21:58:18 <Dot`> very brave of you
21:58:31 <skram> well, dub held my hand
21:58:45 <skram> the mons arent that scary if you got a pal with you
22:00:37 <Dot`> what if its you that is the monster
22:00:42 <Dot`> invading thier homes
22:07:51 <Camail> woof
22:07:58 <Camail> red elder done, shaper is next
22:08:06 <Camail> gotta stop playing for a few hours to let the nerves settle
22:08:19 <Dot`> gj
22:08:23 <Camail> hardcore is the worst!
23:07:29 -!- Rawr|Fone [~AndChat52@c-4eb4e655.020-164-6d6c6d4.bbcust.telenor.se] has joined #tlponies
23:48:07 -!- Rawr|Fone [~AndChat52@c-4eb4e655.020-164-6d6c6d4.bbcust.telenor.se] has joined #tlponies
