06:56:45 <DoT|Phone1> Morning
07:27:57 <Camail> dotman
07:28:02 <Camail> no one else is around
07:28:10 <Camail> i'm leaving soon as well
07:29:29 <Camail> i have 1.3m shaper dps, and it can only go up
07:30:09 <Camail> zzzzz
07:33:06 -!- DoT|Phone [~Dot@85.255.232.117] has joined #tlponies
08:01:31 -!- skram [~skram@134.19.189.38] has joined #tlponies
08:13:59 <DoT|Phone> Skram!
08:23:03 <DoT|Phone> not even a Rawr
08:23:07 <DoT|Phone> :(
08:30:06 <skram> Sorry to disappoint you, pal :P
08:30:10 <skram> its only I
08:34:07 -!- Rawr|Fone [~AndChat52@m83-185-95-163.cust.tele2.se] has joined #tlponies
08:46:02 <DoT|Phone> well you where ignoring me
08:49:44 <skram> pls i wasa doing a shower
08:52:37 -!- Golly [Golly@cm-84.212.249.112.getinternet.no] has joined #tlponies
08:55:53 <DoT|Phone> ok
09:02:50 -!- DoT|Phone1 [~Dot@85.255.237.181] has joined #tlponies
09:32:31 <DoT|Phone1> how's your day Skram
09:41:43 <skram> i woke up early because a guy was supposed to show up but didnt
09:42:19 <DoT|Phone1> rude
09:45:59 -!- tredc [~tredc@c83-254-129-166.bredband.comhem.se] has joined #tlponies
10:00:28 <Rawr|Fone> 🐴🐴🐴
10:15:22 <DoT|Phone1> Rawr Rawr Rawr
10:15:31 <DoT|Phone1> 💖💖💖
10:17:28 <Rawr|Fone> DoT DoT DoT
10:17:30 <Rawr|Fone> 💖💖💖
10:30:51 <DoT|Phone1> how you Rawr
10:31:54 <Rawr|Fone> Pretty goooood
10:32:01 <Rawr|Fone> Currently at the gym
10:32:24 <DoT|Phone1> all the gains
10:34:03 <Rawr|Fone> As many gains as possible
10:34:10 <Rawr|Fone> How are you today dot
10:35:04 <DoT|Phone1> I'm doing ok Rawr.
10:45:40 <Rawr|Fone> Great
11:41:02 -!- reification [~thomas@cpc76294-cosh16-2-0-cust297.6-1.cable.virginm.net] has joined #tlponies
11:41:02 -!- mode/#tlponies [+v reification] by Q
11:41:20 <DoT|Phone1> hey Reif
11:49:00 <Rawr|Fone> Reef reef
11:57:33 <reification> hey dotties, roar roar
11:58:20 <reification> it steam sale nao
11:59:17 <DoT|Phone1> I get paid Friday
12:05:42 <Rawr|Fone> Are you going to waste all your monies dot
12:06:13 <DoT|Phone1> no. but I'll give myself £10 to spend
12:06:35 <Rawr|Fone> How decadent
12:06:42 <DoT|Phone1> I know
12:51:51 -!- DoT|Phone [~Dot@85.255.236.54] has joined #tlponies
12:52:00 <DoT|Phone> useless phone
12:52:13 <skram> its doing its best
12:52:54 <DoT|Phone> it clearly isn't
12:53:07 <skram> maybe his best isnt that good
12:55:35 <DoT|Phone> no work today Skram?
12:55:48 <skram> im on the night shift now
12:56:02 <DoT|Phone> oh
12:56:15 <DoT|Phone> till next week when summer vacation starts?
12:56:16 <Rawr|Fone> Jonas dear
12:56:22 <skram> yep
12:56:28 <skram> henrik kjære
12:56:47 <Rawr|Fone> How is your face today
12:57:00 <skram> i'd give it a 5
12:57:00 <DoT|Phone> Skram, summer vacation = Skram beach episode?
12:57:04 <skram> haha
12:57:06 <skram> absolutely
12:57:07 <skram> not
12:58:00 <Rawr|Fone> Do you want to go to the beach with me and dot skram
12:58:28 <skram> only if we can get watermelon
12:58:38 <Rawr|Fone> Of course
12:58:42 <skram> woo!
12:59:40 -!- DoT|Phone1 [~Dot@185.69.144.184] has joined #tlponies
13:01:06 <Rawr|Fone> DoT snela
13:02:01 <DoT|Phone1> Rawr I'm trying!
13:02:23 <Rawr|Fone> Hmmm
13:02:39 <Rawr|Fone> 🤨🤨🤨
13:16:55 <DoT|Phone1> no sign of dub since he left for the big city
13:20:49 -!- DoT|Phone [~Dot@85.255.237.180] has joined #tlponies
13:21:26 <DoT|Phone> blarg
13:22:01 <Rawr|Fone> DoT fone
13:34:31 <DoT|Phone> Rawr|hest
13:51:01 -!- DoT|Phone1 [~Dot@85.255.233.170] has joined #tlponies
13:51:44 <reification> .tell dub` https://pbs.twimg.com/media/D93bTbmXsAAc4a-.jpg
13:58:38 -!- Zounds [webchat@cloak-07ouvien.14-2.cable.virginm.net] has joined #tlponies
13:58:46 <Zounds> lovers
13:59:10 <Zounds> it's warm out there
13:59:15 <reification> zounds is here; time to hide
13:59:34 <Zounds> hurtful!
14:00:00 <skram> D:
14:00:02 <skram> I am here!
14:00:25 <skram> come on over zounds pal, i got an entire drawer of ice cream in my fridge
14:00:55 <reification> https://pbs.twimg.com/media/D97Kva8X4AAHJBF.png
14:01:04 -!- DoT|Phone [~Dot@85.255.237.180] has joined #tlponies
14:01:06 <Zounds> I've got a solero
14:01:26 <reification> do you have cherry bakewell or sticky toffee pudding ice cream though?!
14:02:00 <skram> cherry bakewell sounds like something you just made up
14:02:20 <Zounds> dot lived in bakewell didn't he
14:02:21 <reification> dot ^
14:02:31 <Zounds> they're from there
14:02:33 <reification> yes zounds
14:02:43 <reification> .wiki bakewell tart
14:02:45 <Zounds> and pretty good
14:03:00 <DoT|Phone> tart is good. the pudding sucks
14:03:17 <reification> no-one has the pudding outside bakewell
14:03:21 <skram> but what does it have to do with ice cream?!
14:04:02 <reification> it is ice cream with those flavours/toppings
14:04:26 <skram> so its ice cream with a tart on it
14:04:51 <Zounds> a deconstructed tart
14:05:02 <skram> served on a shovel
14:06:03 <reification> https://www.icecreamsupply.co.uk/product/kellys-of-cornwall-cherry-bakewell/
14:06:40 <skram> hmm
14:07:11 <skram> just fuck me up with some plain vanilla instead
14:07:49 <reification> vanilla is for doujins
14:08:01 <reification> i need to go do the lifting i missed earlier
14:08:12 <Zounds> cya reif
14:08:17 <skram> be sure to put them back reef
14:08:40 <reification> because i was eating a huge slice of lemon meringue pie
14:08:42 <Zounds> did you eat any rømmegrøt this year skrammen
14:08:46 <Zounds> there's still time
14:09:01 <skram> i did, actually
14:09:06 <skram> rømmegrøt isnt very good though
14:09:42 <skram> rather have risengrynsgrøt
14:10:37 <Zounds> \o/
14:26:49 -!- DoT|Phone [~Dot@185.69.144.166] has joined #tlponies
14:44:24 -!- Runbunny [~Runbunny@91.100.28.10.generic-hostname.arrownet.dk] has joined #tlponies
14:44:49 <DoT|Phone> Angel!
14:45:02 <Runbunny> Hai.
14:45:19 <DoT|Phone> how goes unemployment
14:45:53 <Zounds> Roon lad
14:47:00 <Runbunny> It's rough.
14:47:15 <Runbunny> I need to do a bunch of stuff... Tomorrow.
14:53:31 <Zounds> gl anders
14:54:00 <skram> I do all my things tomorrow, too
14:54:46 <DoT|Phone> why do today what you can put off till tomorrow Skram?
14:55:10 <skram> exactly
14:55:20 <skram> at this point i have about 900 things scheduled for tomorrow
14:55:50 <DoT|Phone> what a busy day
14:56:01 <DoT|Phone> might need a nap at the start to get ready
14:57:08 <skram> yeah of course
15:13:00 <Zounds> did you preorder shadowbringers Runbunny or you waiting till release
15:14:18 <Runbunny> I am just waiting I think.
15:18:50 <Zounds> I kinda hate the big rush at the start of expansions in MMOs I prefer to chill
15:19:00 -!- DoT|Phone1 [~Dot@232.123.7.51.dyn.plus.net] has joined #tlponies
15:19:08 <Zounds> But I'm also a hopeless fool so I bought it this morning
15:20:03 <Zounds> There's gonna be so many GNBs stinking up my tank queue times for a while D:
15:20:22 <Zounds> Though of course they'll all disappear when the time comes to actually tank anything proper
15:21:09 <Zounds> It will be healers time to shine for a bit though :p
15:23:34 -!- DoT` [~Dot@232.123.7.51.dyn.plus.net] has joined #tlponies
15:27:30 -!- Camail [~Camail@45.40.84.145] has joined #tlponies
15:27:30 -!- mode/#tlponies [+v Camail] by Q
15:29:04 <Runbunny> At least.
15:29:12 <Runbunny> We're fools together.
15:29:37 <Runbunny> They didn't add a new healer class?
15:30:57 <Zounds> naw
15:31:02 <Zounds> Dancer and Gunbreaker
15:31:18 <Zounds> So ranged/support DPS and tonk
15:36:38 <Camail> runbun you are scientifically, a butt
15:43:20 <Zounds> hey cam
15:43:42 <Camail> hullo
15:51:23 <Runbunny> Am I Camail?
15:51:38 <Runbunny> Show me the proof.
15:52:22 <skram> saw a picture
15:52:40 <Runbunny> Also my brother was talking about Square Enix, so I went at got hype for Iceborne.
15:52:46 <Runbunny> Jonas. Nei.
15:52:47 <skram> of both your face and your butt and they were identical
15:52:58 <skram> which leads me to believe that all of you
15:52:59 <skram> is a butt
15:53:57 <Camail> runbun the proof is your reflection
15:54:01 <Camail> it's just butts everywhere
15:54:10 <Camail> we did the two slit experiment, two butts
15:54:14 <Camail> it's inevitable
15:55:32 <Runbunny> :/
16:04:26 <skram> i regret to inform you that the condition is irreversible
16:25:18 <reification> https://pbs.twimg.com/media/D9vqjOZXoAMFND1.jpg
16:26:30 <reification> https://twitter.com/41Strange/status/1140046846129102848
16:27:08 <reification> runbutt https://twitter.com/feudalistic_bap/status/1142452587364528129
16:27:56 <reification> dot https://twitter.com/WaffenStr8Shota/status/1141126522750812160
16:40:14 <reification> though https://i.redd.it/zgt1l0q42o631.jpg
16:55:30 <CockRoach|42> i want the teabags
17:34:43 -!- BioPhone [~androirc@12.33.239.117] has joined #tlponies
17:34:55 <BioPhone> Hey
17:34:57 <BioPhone> Its me
17:35:04 <BioPhone> The horse working guy
17:35:15 <DoT`> hi
17:36:16 <CockRoach|42> nuclear on stream! :O
17:36:34 <DoT`> ah so he is
17:38:47 <DoT`> lol starcraft units
17:38:51 <DoT`> these nerds
17:38:55 <CockRoach|42> :D
17:40:00 <BioPhone> Is star craft going now?
17:40:03 <CockRoach|42> covertmuffin is such a silly hors
17:40:15 <CockRoach|42> BioPhone: no, starcraft 2 is a donation thingie
17:40:32 <BioPhone> I c
17:40:33 <CockRoach|42> nuclear and covertmuffin will be playing command and conquer
17:40:45 <BioPhone> Nuclear!
17:40:49 <CockRoach|42> in about 35 mins
17:40:50 <BioPhone> I know this horse
17:40:59 <CockRoach|42> yes!
17:41:06 <BioPhone> Alas I cannae watch
17:41:14 <reification> i've seen rael playing a lot of cnc on the steams recently
17:41:15 <CockRoach|42> pls :(
17:41:30 <BioPhone> I is work hors CR
17:41:33 <BioPhone> Tt
17:41:36 <CockRoach|42> <3
17:41:44 <CockRoach|42> be the best work horse!
17:41:56 <BioPhone> I an try
17:42:05 <BioPhone> But there is no work to do
17:42:17 <BioPhone> I did it all too fast
17:43:39 <CockRoach|42> then you have time!
17:44:05 <DoT`> cr pls ping me when cnc starts incase i am busy being worst horse and miss it
17:44:36 <CockRoach|42> DoT`: you are the worst :(
17:45:09 <BioPhone> They frown upon watching vidya at werk tho
17:45:29 <CockRoach|42> tell them that it's for the greater good
17:55:08 <BioPhone> Tru
18:06:08 <Cane> Rael's run is coming up.
18:06:22 <Cane> Gonna find food.
18:13:25 <DoT`> rip run
18:20:16 <CockRoach|42> DoT`: !
18:20:27 <DoT`> i am here!
18:20:30 <DoT`> <3
18:20:30 <CockRoach|42> !!!!
18:21:41 <DoT`> you pinged me for an ad break cr
18:22:14 <CockRoach|42> well, leave then
18:22:22 <reification> he was just a bit over eager, rael is up next
18:28:29 <Runbunny> DoT`!
18:28:47 <DoT`> runbun!
18:29:02 <Runbunny> I pinged you for friendship.
18:29:29 <DoT`> your a good friend angel <3
18:29:45 <Runbunny> Nah you're thinking of Rawr.
18:29:58 <DoT`> him too
18:30:25 <Rawr|Fone> Anders you are a lovely bunny
18:31:02 <CockRoach|42> dot, now!
18:31:07 <DoT`> !!!!
18:31:10 <DoT`> more ads pls
18:31:15 <CockRoach|42> pls
18:32:04 <DoT`> lol
18:35:42 -!- Phearlock [webchat@cloak-e3kb14bi.208.146.128.getinternet.no] has joined #tlponies
18:35:48 <DoT`> phear!
18:35:52 <Phearlock> hi!
18:36:59 <CockRoach|42> hi Phearlock !
18:37:36 <DoT`> CockRoach|42!
18:37:39 <DoT`> its starting
18:37:44 <CockRoach|42> yes!
18:38:01 <Phearlock> SGDQ thing?
18:38:04 <CockRoach|42> yeah
18:38:11 <CockRoach|42> nuclear and covermuffin doing a game
18:38:13 <Phearlock> ah its rael
18:39:26 <Cane> I love Red Alert.
18:39:31 <DoT`> yes
18:39:41 <DoT`> no one does good cut scenes any more
18:39:47 <Camail> Runbunny i'm floating the idea of doing a tlp rotation kinda thing
18:39:57 <Camail> i have a ton of stuff i won't be running
18:40:09 <Camail> we can do t 11-13s too
18:40:23 <Camail> unique maps, maybe shaper
18:40:57 <Cane> I forgot how good Stormare was in this.
18:41:01 <Camail> and we can get everyone in, share the loot, make monies
18:41:17 <Camail> c&c was the best
18:43:33 <Cane> HARD CUT TO GEORGE TAKEI
18:43:44 <Phearlock> amazing
18:44:07 -!- Golly [Golly@cm-84.212.249.112.getinternet.no] has joined #tlponies
18:44:25 <DoT`> space time continuim!
18:45:07 <Cane> https://www.youtube.com/watch?v=g1Sq1Nr58hM
18:46:53 <Golly> back from work just in time
18:46:55 <Golly> i see
18:50:46 <DoT`> you had a bit more time it seems
18:51:09 <reification> panicBasket
18:51:31 <Golly> making dinner then
18:51:43 <DoT`> no time for dinner!
18:51:46 <DoT`> we go
18:52:54 <Camail> man, some of these timeless jewel key nodes are nuts
18:57:22 <reification> https://twitter.com/berniespofforth/status/1141007000928772096
18:59:22 <DoT`> SPAAAACE
19:00:33 <reification> ?space
19:02:10 <DoT`> BEARS
19:06:29 <reification> friendly fire bears!
19:15:27 <DoT`> Gogless Comunism!
19:15:33 <DoT`> Godless*
19:15:43 <reification> :O
19:18:16 <DoT`> !!!SCIENCE!!!
19:51:00 <DoT`> BEAR
19:56:41 -!- skram [~skram@134.19.189.38] has joined #tlponies
19:56:48 <DoT`> skram!
19:56:50 <DoT`> where you go
19:57:25 <Runbunny> Zounds, Apparently there's a 24 hour maintenance.
19:58:38 <skram> had a nap dot
19:58:50 <DoT`> but Raelcun and CnC!!
19:58:54 <DoT`> that was a bad time for a nap
19:59:16 <skram> I know, but there's vods
19:59:30 <skram> I dont wanna fall asleep at work either
20:01:38 <BioPhone> Skrmenz
20:02:10 <skram> Bjio<
20:03:22 <DoT`> thats confusing for me skram
20:04:44 <skram> what part is
20:05:03 <DoT`> twice i glanced at irc and thought my name was there
20:05:26 <skram> Bjorb
20:06:33 <Zounds> yes Runbunny no FFXIV tomorrow
20:08:55 <Runbunny> :/
20:09:18 <Runbunny> My carefully laid plans.
20:10:01 <skram> you'll rue the day you ruined master butts machinations, zounds!
20:10:11 <skram> anyway gottago
20:10:22 <Runbunny> Bye Jonas..
20:10:32 <DoT`> gl
20:11:32 <Zounds> Blame Square Enix not me skram
20:11:38 <Zounds> I don't run FFXIV
20:11:40 <Zounds> Although I should
20:14:52 <DoT`> BETRAYED
20:23:27 <DoT`> Rael failed us
20:26:36 <Golly> hm did the starcraft incentive fail then
20:27:34 <Golly> oh nvm
20:27:35 <DoT`> nope
20:27:36 <Cane> That was fun.
20:27:36 <CockRoach|42> starcraft!
20:27:39 <Phearlock> ye
20:34:54 <BioPhone> I miss playing wow with the lads, boys
20:41:47 <reification> https://twitter.com/380kmh/status/1143646251386322944
20:43:05 <DoT`> more rael!
20:50:43 <DoT`> the sc caster at work
20:56:00 -!- DuBtop [DuBtop@cpe-68-174-122-249.nyc.res.rr.com] has joined #tlponies
20:56:05 <DoT`> DUB
20:56:07 <DuBtop> Whew
20:56:09 <DoT`> your not ded!
20:56:09 <DuBtop> It is done!
20:56:10 <DoT`> great
20:56:14 <reification> big city horse
20:56:25 <DuBtop> Mom and bro just headed off to the airport
20:56:43 <DoT`> how you feel
20:57:23 <DuBtop> It's odd for sure
20:57:53 <DuBtop> First time I've had a place all to myself, first time I've had a solo bedroom even in 20-something years
20:58:12 <DuBtop> Suuuuper happy with the room, everything is great
20:58:19 <DoT`> great <£
20:58:20 <DoT`> <3
20:58:56 <DuBtop> No PC until mondey
20:59:04 <DoT`> oh dear
20:59:09 <Phearlock> how will you survive?
20:59:10 <DoT`> when you start job?
20:59:13 <DuBtop> July 11
20:59:30 <DoT`> what you going to do for week and a half
20:59:31 <Phearlock> sounds nice dub =3
20:59:43 <DuBtop> Stoody
20:59:45 <DuBtop> Watch things
20:59:45 <Phearlock> scout out all the best food locations
21:00:16 <DuBtop> Oh I already found "Meijin Ramen" which is 100m away and has a wide selection of ramen and even katsudon and katsu curry dishes ;D
21:00:23 <DuBtop> And a favorite bagel breakfast place, etc etc
21:03:13 -!- BioPone [~androirc@mobile-166-170-27-69.mycingular.net] has joined #tlponies
21:04:06 <Rawr|Fone> What a luxurious life you will have dub
21:25:43 <reification> dot https://twitter.com/41Strange/status/1143916849458843648
21:25:58 <DoT`> i do need one
21:26:01 <DoT`> rawr look
21:26:27 <Rawr|Fone> Waow
21:28:20 <CockRoach|42> i think that is just floof and not an actual dog
21:30:36 <Golly> i seem to remember rage quitting during this mission
21:30:51 -!- BioPone [~androirc@97.70.165.146] has joined #tlponies
21:32:56 <DoT`> pew pew pew
21:33:58 <DoT`> gg
21:34:15 <DuBtop> SGDQ on!
21:34:19 <DuBtop> And it's starcraft!
21:34:22 <DuBtop> NObody told me
21:34:36 <DuBtop> This is perfect, I'll need lots to watch for the next week. :P
21:34:50 <DoT`> and watch cnc
21:35:05 <DuBtop> wha
21:35:06 <DoT`> rael and muffin co-op
21:35:20 <DuBtop> Oooooh
21:35:37 <Bio> hej
21:35:39 <Bio> its home hors
21:35:42 <Bio> me
21:35:49 <Phearlock> hey homehorsebio
21:36:06 <DuBtop> Ach, can't wait for comfychair to arrive tomoro
21:36:11 <DuBtop> Kitchen chair is the yuck
21:36:20 <DoT`> sit on floor
21:36:32 <DoT`> like a prper first time renter
21:37:14 <DuBtop> Did that on first day while waiting for ikea delivery
21:37:24 <DoT`> oh. good
21:37:31 <DuBtop> And because buzzer was broken had to sit at the door watching the lobby area for like 10 hours :P
21:37:42 <DoT`> haha
21:40:25 <DoT`> lol, fake archon
21:40:44 <DoT`> motbob shout out
21:40:46 <Runbunny> Motbob shoutout O:
21:41:07 <DoT`> such fame mot, gj
21:51:14 <reification> bio https://twitter.com/oxford_bags/status/1143477631175671808
21:58:14 <Bio> gud mem
22:01:33 <DuBtop> Sofa bed and two air mattresses ready here, will be easy to have guests stay :D
22:02:48 <Rawr|Fone> We can drop by any time we want dot
22:02:57 <Phearlock> you're not just going to combine the two matresses on the floor and enjoy having all the sleep space int he world before the rest of your furniture gets there?
22:03:11 <Bio> pls
22:03:32 <DuBtop> Furniture is all here! Just a desk chair left
22:03:38 <DoT`> next year rawr
22:03:43 <DoT`> maybe i visit dub
22:06:52 <DuBtop> gud gud
22:08:01 -!- carcinisation [~thomas@cpc76294-cosh16-2-0-cust297.6-1.cable.virginm.net] has joined #tlponies
22:08:01 -!- mode/#tlponies [+v carcinisation] by Q
22:08:17 <DuBtop> Speedtest shows 130/15, I just hope it doesn't ever dc
22:08:34 <DoT`> Dub streams when?
22:09:20 <DuBtop> Hehe
22:09:31 <DuBtop> Might do some with OW, friends wanted me to try
22:10:18 <DoT`> now dub after so many years of study, will become a famous streamer and quite his counting job
22:11:37 <DuBtop> Not streaming OW I won't 
22:11:38 <DuBtop> haha
22:13:36 <Bio> can't strim ded games and get popular
22:13:42 <Bio> take it from me xD
22:13:58 <DoT`> rip hon
22:14:19 <Bio> f
22:29:32 -!- skrm [webchat@pioj.eid3.887x.ip] has joined #tlponies
22:29:58 <DoT`> skrm
22:31:02 <skrm> hey pal
22:43:39 <DuBtop> skrm!
22:53:58 <skrm> DuBtop
22:54:00 <skrm> hows your billy
22:55:35 <DuBtop> No billy
23:06:55 <Bio> as
23:06:56 <Bio> df
23:10:16 <skrm> no u
23:10:27 <skrm> hows the big city, dub
23:10:34 <Bio> probably SHITE
23:11:07 <skrm> im a city boi too now, bio
23:11:29 <Bio> ITS PROLLY SHITE TOO
23:11:38 <Bio> CITIES ARE FOR LOSERS LMOA
23:11:49 <skrm> eh i sorta miss the country t b h
23:12:00 <Bio> country roads will take u home
23:12:36 <Bio> https://i.redd.it/gij8gtvryp631.jpg
23:12:59 <skrm> well im taking the country road home tomorro
23:13:09 <skrm> there'll probably be misty tastes of moonshine too
23:13:41 <Bio> https://www.youtube.com/watch?v=aRN18qxN8Mk
23:21:48 <carcinisation> night all
