00:57:13 -!- Rawr|Fone [~AndChat52@84-217-62-32.customers.ownit.se] has joined #tlponies
03:19:35 -!- Cane [~Cane@CaneCraft.users.quakenet.org] has joined #tlponies
03:19:35 -!- mode/#tlponies [+o Cane] by Q
03:26:23 -!- Rawr|Fone [~AndChat52@84-217-62-32.customers.ownit.se] has joined #tlponies
03:39:43 <Bio> .tell skram https://streamable.com/bvvcp
03:39:51 <Bio> OH B A B Y
03:42:58 <Bio> https://twitter.com/KMOXSports/status/1133934252658176000?s=09
03:43:05 <Bio> inject directly into my brain
04:24:26 -!- Rawr|Fone [~AndChat52@84-217-62-32.customers.ownit.se] has joined #tlponies
06:31:31 <DoT|Phone1> Morning
06:37:43 <DuB`> Doot!
06:37:58 <DoT|Phone1> Daab
06:39:30 <DuB`> 5hr drive to desert in the morning, zzz 
06:39:54 <DoT|Phone1> gl
06:42:56 <DoT|Phone1> and do watch out for coyotes
06:43:14 <DoT|Phone1> they are whily I hear
06:45:57 <DuB`> O ya
06:45:59 <DuB`> gngn
06:49:38 <Rawr|Fone> Morning hors
07:20:02 -!- DoT|Phone [~Dot@148.252.128.32] has joined #tlponies
07:23:03 <DoT|Phone> Rawr Rawr Rawr
07:23:17 <DoT|Phone> 💖💖💖
07:37:50 <Rawr|Fone> DoT DoT DoT
07:37:55 <Rawr|Fone> 💖💖💖
08:13:12 -!- Cane [~Cane@CaneCraft.users.quakenet.org] has joined #tlponies
08:13:12 -!- mode/#tlponies [+o Cane] by Q
08:22:21 <DoT|Phone> hey cane
08:43:02 -!- skram [~skram@109.201.133.236] has joined #tlponies
08:44:03 <DoT|Phone> Jonas
08:44:09 <DoT|Phone> no covering today?
08:44:25 <skram> Bjørn
08:44:33 <skram> No I am leaving soon
08:44:43 <DoT|Phone> aww
08:45:21 <DoT|Phone> just think of all the Lego and cheese you will be able to buy
09:03:17 <skram> .tell camail y
09:03:27 <skram> ive already decided to buy a couch, dot
09:05:20 <DoT|Phone> fancy
09:05:38 <skram> apt feels weirdly empty without one
09:05:50 <CockRoach|42> morning horses
09:06:03 <skram> gmorning cr pal
09:07:04 <CockRoach|42> <3
09:23:15 -!- tredc [~tredc@c83-254-129-166.bredband.comhem.se] has joined #tlponies
09:23:51 <DoT|Phone> hey cr
09:24:02 <DoT|Phone> couches are expensive Skram
09:24:17 <DoT|Phone> just get like 3 bean bag chairs
09:34:39 <skram> bean bags are hard to sleep in
09:34:52 <DoT|Phone> big ones
09:47:37 <skram> i must go
09:52:29 <DoT|Phone> gl
10:31:21 -!- BioPhone [~androirc@97.70.165.146] has joined #tlponies
10:35:50 <Cane> Oh hey, my internet is back.
10:42:43 <DoT|Phone> yay internet
10:59:55 -!- Golly [Golly@cm-84.212.249.112.getinternet.no] has joined #tlponies
11:20:37 -!- reification [~thomas@cpc76294-cosh16-2-0-cust297.6-1.cable.virginm.net] has joined #tlponies
11:20:37 -!- mode/#tlponies [+v reification] by Q
11:20:45 <reification> hello tlp
11:20:55 <DoT|Phone> hey Reif!
11:35:12 -!- BioPone [~androirc@mobile-166-176-248-76.mycingular.net] has joined #tlponies
11:35:41 -!- BioPone [~androirc@mobile-166-176-248-76.mycingular.net] has joined #tlponies
11:51:40 -!- Rawr|Phone [~AndChat52@m83-185-89-105.cust.tele2.se] has joined #tlponies
11:59:38 <reification> hey dotties!
12:03:41 -!- Zounds [webchat@cloak-07ouvien.14-2.cable.virginm.net] has joined #tlponies
12:03:50 <Zounds> hest
12:06:18 <DoT|Phone> Zounds horse!
12:10:44 <Zounds> o/
12:12:45 -!- Cane [~Cane@CaneCraft.users.quakenet.org] has joined #tlponies
12:12:45 -!- mode/#tlponies [+o Cane] by Q
12:13:10 <reification> hi zounds, cane
12:41:56 -!- BioPone [~androirc@12.33.239.117] has joined #tlponies
12:48:26 <BioPone> Hej
12:48:53 <Rawr|Phone> Hej
13:16:25 <DoT|Phone> hedge
13:46:39 -!- BioPone [~androirc@12.33.239.117] has joined #tlponies
14:06:00 -!- BioPone [~androirc@12.33.239.117] has joined #tlponies
14:14:39 -!- carcinisation [~thomas@cpc76294-cosh16-2-0-cust297.6-1.cable.virginm.net] has joined #tlponies
14:14:39 -!- mode/#tlponies [+v carcinisation] by Q
14:16:18 -!- skrm [webchat@pioj.eid3.887x.ip] has joined #tlponies
14:22:36 -!- Rawr|Fone [~AndChat52@84-217-62-32.customers.ownit.se] has joined #tlponies
14:30:46 <DoT|Phone> pons
14:32:10 <Rawr|Fone> DoT
14:49:29 -!- DoT|Phone1 [~Dot@232.123.7.51.dyn.plus.net] has joined #tlponies
14:57:03 -!- Dot` [~Dot@232.123.7.51.dyn.plus.net] has joined #tlponies
14:59:11 <carcinisation> zounds https://twitter.com/WhyMaige/status/1133785146627203072
14:59:23 <Dot`> i home
15:03:08 <reification> wb dotties
15:03:14 <reification> skram https://twitter.com/AAAAAGGHHHH/status/1125309136969748480
15:03:47 <Dot`> odd mouse
15:14:50 <Rawr|Fone> DoT`
15:15:37 <Dot`> rawr
15:15:48 <Rawr|Fone> ❤❤
15:15:58 <Rawr|Fone> How are you doing today
15:19:34 <Dot`> <3 <3
15:19:37 <Dot`> im good rawr
15:19:44 <Rawr|Fone> Great
15:19:45 <Dot`> CockRoach https://imgur.com/gallery/Pw8UTLQ
15:19:51 <Dot`> how you rawr
15:20:03 <Rawr|Fone> Goooood
15:21:01 <Dot`> great
15:21:09 <Rawr|Fone> No u
15:37:42 -!- Camail [~Camail@45.40.84.145] has joined #tlponies
15:37:42 -!- mode/#tlponies [+v Camail] by Q
15:40:38 <Rawr|Fone> Cam
15:40:46 <Camail> no
15:45:52 <Rawr|Fone> Yes
15:54:07 -!- Rawr|Phone [~AndChat52@m83-185-82-241.cust.tele2.se] has joined #tlponies
16:01:52 <Zounds> lel reif
16:18:00 <skrm> asdfghj
16:21:18 <Dot`> skrm
16:21:25 <Dot`> you surviving?
16:32:43 <reification> https://www.youtube.com/watch?v=jAYP6pWrdkc
16:33:52 <skrm> i dont know yet dot
16:34:52 <Dot`> well dont get injured like the other guy
16:39:37 <reification> who has been getting injured and how?!
16:46:51 <Dot`> a silly person at skrams work
17:06:52 <reification> mixing fire and silly is not a good idea
17:14:21 <skrm> nono its not due to fire
17:14:25 <skrm> its due to weak genetics
17:27:32 <Zounds> reification: you're not secretly in my FFXIV guild are you
17:28:33 <reification> i don't even play mmorpgs zounds!
17:28:33 <Zounds> There's a guy called carcin and his voice is way too similar to yours
17:28:56 <Zounds> likely story
17:29:01 <reification> maybe it's my evil twin from another dimension?!
17:29:20 <Zounds> unlikely story
17:59:43 -!- BioPhone [~androirc@12.33.239.117] has joined #tlponies
18:06:43 <skrm> yeh i always thought you were the evil twin, reif
18:16:08 <reification> i have the beard for it
18:21:22 <skrm> is it a goatee shaped like a triangle
18:22:49 <BioPhone> Asdf
18:23:04 <BioPhone> Did u see the thing I put skrm
18:23:15 <skrm> i did not bud
18:23:33 <BioPhone> Add the a to ur name
18:23:40 <BioPhone> Swoots has it
18:25:02 <skrm> i cant do that, im at work!
18:25:08 <skram> eif
18:25:21 <Dot`> awefuly close to spelling elf there skram
18:25:22 <skram> s w o o t s p l e a se
18:25:52 <skrm> maybe its at home
18:26:00 <skrm> i will see it later bud
18:38:15 -!- BioPhone [~androirc@12.33.239.117] has joined #tlponies
18:49:59 -!- BioPhone [~androirc@12.33.239.117] has joined #tlponies
19:04:37 <Zounds> bio pls
19:36:55 <Camail> .tell runbunny woop, my first natural six link dropped, and it is absolutely awful :)
19:55:20 <BioPhone> I sry
19:55:30 <BioPhone> Internet is hard
19:55:54 <BioPhone> I can find it skrm again
19:56:15 <BioPhone> Its swedish ppl talking at my favorite icepuck team
20:01:49 <reification> skram https://dotclue.s3.amazonaws.com/img/tumblr_pb4ffzoxKd1umjxg9o1_1280.jpg
20:15:54 <reification> .tell runbunny https://dotclue.org/archive/2019/05/005847/
20:24:52 <skrm> reif what does "non-cheesecake scenes" mean
20:28:32 -!- BioPone [~androirc@mobile-166-176-250-134.mycingular.net] has joined #tlponies
20:30:42 <Zounds> cheesecake is sorta old fashioned word for fanservice
20:31:40 <reification> see https://dotclue.org/categories/cheesecake/
20:53:43 <Bio> asdf
20:53:45 <Bio> i hom
21:02:14 <Rawr|Phone> Hai bayo
21:07:04 -!- Crisium [~Crisium@c-73-174-151-51.hsd1.pa.comcast.net] has joined #tlponies
21:07:39 <Zounds> Crisium lad
21:08:01 <Crisium> howdy
21:08:16 <Zounds> thanks doc
21:10:10 <reification> hi cris
21:10:12 <reification> https://twitter.com/KawfeeKawakami/status/1133501574926540800
21:10:41 <CockRoach|42> :D
21:18:42 <Zounds> Crisium laddie did you get your arcade lootboxes this week?
21:24:29 <Crisium> i did zoonds me lad
21:24:39 <Crisium> but zounds i could be persuaded to 4v4
21:27:53 <Zounds> I would enjoy that Crisium
21:28:18 <Crisium> which server?
21:28:36 <Zounds> hm we did EU last time so NA
21:28:45 <Zounds> keep it balanced
21:30:45 <Zounds> reification: on NA if you wanna join after comp
21:38:52 -!- BioPone [~androirc@mobile-166-176-250-197.mycingular.net] has joined #tlponies
22:00:25 -!- Rawr|Fone [~AndChat52@84-217-62-32.customers.ownit.se] has joined #tlponies
22:01:23 -!- skram [~skram@109.201.133.236] has joined #tlponies
22:03:14 <Rawr|Fone> Jonas
22:03:32 <skram> Bio: DET ÄR GUNNARSSON
22:03:34 <skram> Henrik
22:03:47 <Rawr|Fone> How are you doing tonight my dear
22:04:14 <skram> Glad to be home
22:04:18 <skram> it has been another long day
22:04:33 <skram> what you been up to my friend
22:04:39 <Rawr|Fone> At least you will be able to keep buying lego
22:04:53 <Rawr|Fone> I also just got home
22:05:02 <skram> I friggin LOVE legos
22:06:35 -!- BioPone [~androirc@mobile-166-176-250-197.mycingular.net] has joined #tlponies
22:10:44 <Rawr|Fone> What is your favorite lego set skram
22:11:30 <skram> hmm its probably the aston martin from the bond movies
22:11:32 <skram> its got TRICKS
22:16:57 <Bio> i didn't know a single word skrm
22:17:02 <Bio> but it was still HYPE
22:17:07 <Bio> GUN
22:17:08 <Bio> AR 
22:17:09 <Bio> SON
22:17:40 <skram> FRA ÖREBRO AAAAAA
22:19:36 <Camail> ooh, curse builds are funnnn
22:22:30 <Bio> PANG BOM CHONG; GUNNARSSÖN
22:48:59 <CockRoach|42> pls calm down
22:56:14 -!- BioPone [~androirc@97.70.165.146] has joined #tlponies
22:56:21 <Bio> NEIN
22:56:27 <Bio> HÖCKEY
23:24:06 <reification> bio https://pbs.twimg.com/media/BrTatHTCYAE6IdC.jpg
23:54:36 <Bio> dats a lot of moufs
