01:13:09 -!- Rawr|Fone [~AndChat52@c-4eb4e655.020-164-6d6c6d4.bbcust.telenor.se] has joined #tlponies
01:38:29 -!- Rawr|Fone [~AndChat52@c-4eb4e655.020-164-6d6c6d4.bbcust.telenor.se] has joined #tlponies
01:45:04 -!- skram [~skram@185.132.179.246] has joined #tlponies
04:27:26 -!- Rawr|Fone [~AndChat52@c-4eb4e655.020-164-6d6c6d4.bbcust.telenor.se] has joined #tlponies
05:00:29 -!- Westy543 [Westy543@c-24-130-12-152.hsd1.ca.comcast.net] has joined #tlponies
05:00:34 -!- mode/#tlponies [+v Westy543] by Q
06:20:46 <DoT|Phone> Morning all
07:00:35 -!- DoT|Phone1 [~Dot@85.255.233.197] has joined #tlponies
07:10:02 -!- Rawr|Fone [~AndChat52@c-4eb4e655.020-164-6d6c6d4.bbcust.telenor.se] has joined #tlponies
07:13:23 <DoT|Phone1> Rawr Rawr Rawr
07:13:31 <DoT|Phone1> 💖💖💙
07:13:46 <DoT|Phone1> hmm. blue one snuck in there
07:38:03 -!- Runbunny [~Runbunny@91.100.28.10.generic-hostname.arrownet.dk] has joined #tlponies
07:43:33 <DoT|Phone1> Angel! you made it
07:43:39 <Runbunny> Yes!
07:43:41 <Runbunny> Hello.
07:49:34 -!- Golly [Golly@cm-84.213.21.103.getinternet.no] has joined #tlponies
07:58:46 <DoT|Phone1> How you today Runbun
08:16:33 <Runbunny> Pretty tired
08:16:46 <DoT|Phone1> are you sick?
08:16:56 <Runbunny> I went to sleep late and the construction workers from down stairs woke me again
08:17:05 <DoT|Phone1> so rude
08:23:13 -!- skram [~skram@195.181.173.201] has joined #tlponies
08:25:29 <DoT|Phone1> Skram friend
08:25:35 <skram> dot pal
08:28:35 -!- reification [~thomas@cpc76294-cosh16-2-0-cust297.6-1.cable.virginm.net] has joined #tlponies
08:28:35 -!- mode/#tlponies [+v reification] by Q
08:28:41 <DoT|Phone1> and Reif!
08:28:45 <DoT|Phone1> what a day
08:28:55 <reification> hi dotties https://twitter.com/MinModulation/status/1171938616655974400
08:31:04 <skram> :þ
08:32:41 <DoT|Phone1> daaw
08:33:06 <reification> runbunny https://twitter.com/SimonovCarbine/status/1171825224209326082
08:41:37 -!- Rawr|Fone [~AndChat52@c-4eb4e655.020-164-6d6c6d4.bbcust.telenor.se] has joined #tlponies
08:46:39 -!- DoT|Phone [~Dot@85.255.233.31] has joined #tlponies
08:50:01 <Runbunny> Ahh yes, I saw this :D
08:52:20 <skram> Anders.
08:59:09 <DoT|Phone> Anders
09:17:23 <Runbunny> Me.
09:42:33 <Rawr|Fone> Pon pon
10:12:29 -!- tredc [~tredc@c83-254-129-166.bredband.comhem.se] has joined #tlponies
11:00:06 -!- carcinisation [~thomas@cpc76294-cosh16-2-0-cust297.6-1.cable.virginm.net] has joined #tlponies
11:00:06 -!- mode/#tlponies [+v carcinisation] by Q
11:02:57 <DoT|Phone> pon pon
11:08:59 -!- Rawr|Fone [~AndChat52@c-4eb4e655.020-164-6d6c6d4.bbcust.telenor.se] has joined #tlponies
11:10:27 <DoT|Phone> what you up to today Skram
11:16:59 <Runbunny> Well I am about to take a shower.
11:19:29 <skram> im just lazing about until i have to fo work again dot
11:30:35 -!- reification [~thomas@cpc76294-cosh16-2-0-cust297.6-1.cable.virginm.net] has joined #tlponies
11:30:35 -!- mode/#tlponies [+v reification] by Q
11:44:07 <DoT|Phone> I'm sleepy Skram
11:44:18 <skram> dot its barely midday
11:45:44 <DoT|Phone> I know but I've worked hard
11:45:53 <DoT|Phone> and now had lunch
11:46:03 <skram> whats for lunch
11:46:43 <DoT|Phone> sandwiches with Apple wood smoked cheddar
11:46:50 <skram> oooh
11:46:51 <skram> so fancy
12:08:33 -!- Rawr|Fone [~AndChat52@c-4eb4e655.020-164-6d6c6d4.bbcust.telenor.se] has joined #tlponies
12:18:43 -!- Rawr|Fone [~AndChat52@c-4eb4e655.020-164-6d6c6d4.bbcust.telenor.se] has joined #tlponies
12:37:31 -!- DoT|Phone1 [~Dot@85.255.234.16] has joined #tlponies
13:18:38 <Runbunny> .choose nap walk
13:29:26 <DoT|Phone1> nap after walk
14:15:50 <Runbunny> too late
14:16:08 <Runbunny> also too much construction work going on to really sleep
14:19:30 <Runbunny> gonna go walk now
14:19:33 <Runbunny> dot dot
14:22:06 <DoT|Phone1> good luck Runbun
14:22:10 <DoT|Phone1> wear a helmet
14:47:48 -!- reification [~thomas@cpc76294-cosh16-2-0-cust297.6-1.cable.virginm.net] has joined #tlponies
14:47:48 -!- mode/#tlponies [+v reification] by Q
14:51:17 -!- Rawr|Fone [~AndChat52@c-4eb4e655.020-164-6d6c6d4.bbcust.telenor.se] has joined #tlponies
14:54:46 <Runbunny> Short trip
15:15:20 -!- skrm [webchat@pioj.eid3.887x.ip] has joined #tlponies
15:15:27 <skrm> weh
15:15:49 <skrm> i am cornholio
15:16:42 <Runbunny> Jonas.
15:17:02 <Runbunny> Are you doing the thing with the shirt?
15:19:14 <skrm> Indeedy
15:19:19 <skrm> i also need TP for my bunghole
15:26:21 -!- Camail [~Camail@45.40.84.145] has joined #tlponies
15:26:21 -!- mode/#tlponies [+v Camail] by Q
15:26:33 <Camail> no
15:35:56 <DoT|Phone1> but caaaam
15:54:30 <skrm> cam pls
15:54:35 <Camail> no.
15:54:58 <skrm> just the tip? :(
15:55:30 -!- Rawr|Fone [~AndChat52@c-4eb4e655.020-164-6d6c6d4.bbcust.telenor.se] has joined #tlponies
15:56:28 <Runbunny> Violin meme videos were great today.
15:56:33 <Runbunny> What a lovely day.
15:56:46 <Runbunny> Even Henrik is here.
16:01:45 -!- DoT|Phone [~Dot@49.48.198.146.dyn.plus.net] has joined #tlponies
16:07:43 <Camail> hullo runbun
16:08:05 * Camail slaps skrms hand
16:14:04 -!- DoT` [~Dot@49.48.198.146.dyn.plus.net] has joined #tlponies
16:18:34 <Runbunny> Camail.
16:18:46 <Camail> bun
16:19:27 <Runbunny> Cam do you know how fire multi works on sorching ray?
16:19:34 <Runbunny> It seems a bit weird to me.
16:19:58 <Camail> fire multi is all about burn damage, i think
16:20:21 <Runbunny> Yeah but the wording is fire damage over time.
16:20:28 <Runbunny> So it should work on sorching ray no?
16:23:21 -!- Rawr|Fone [~AndChat52@c-4eb4e655.020-164-6d6c6d4.bbcust.telenor.se] has joined #tlponies
16:23:30 <Rawr|Fone> Anders
16:23:57 <Camail> does scorching ray ignite?
16:24:34 <Camail> spell damage already applies to its DoT
17:00:03 <Runbunny> It's super weird.
17:00:07 <Runbunny> Henrik.
17:08:01 -!- Rawr|Fone [~AndChat52@c-4eb4e655.020-164-6d6c6d4.bbcust.telenor.se] has joined #tlponies
17:10:47 -!- carcinisation [~thomas@cpc76294-cosh16-2-0-cust297.6-1.cable.virginm.net] has joined #tlponies
17:10:47 -!- mode/#tlponies [+v carcinisation] by Q
17:31:42 -!- DoT|Phone1 [~Dot@85.255.234.6] has joined #tlponies
17:33:32 -!- DoT|Phone2 [~Dot@49.48.198.146.dyn.plus.net] has joined #tlponies
17:34:21 -!- DoT|Phone1 [~Dot@85.255.234.6] has joined #tlponies
17:49:27 -!- DoT|Phone [~Dot@85.255.234.6] has joined #tlponies
17:54:07 -!- Rawr|Fone [~AndChat52@c-4eb4e655.020-164-6d6c6d4.bbcust.telenor.se] has joined #tlponies
18:05:00 -!- DoT|Phone [~Dot@85.255.234.6] has joined #tlponies
18:08:04 -!- DoT|Phone1 [~Dot@85.255.234.6] has joined #tlponies
18:10:47 -!- DoT|Phone [~Dot@85.255.234.6] has joined #tlponies
18:16:14 -!- DoT|Phone1 [~Dot@85.255.234.6] has joined #tlponies
18:20:19 <skrm> dotphone needs help
19:00:18 -!- DoT` [~Dot@90.212.77.189] has joined #tlponies
19:00:21 <DoT`> pons
19:13:42 -!- reification [~thomas@cpc76294-cosh16-2-0-cust297.6-1.cable.virginm.net] has joined #tlponies
19:13:42 -!- mode/#tlponies [+v reification] by Q
19:17:17 -!- reimeuk [~thomas@cpc76294-cosh16-2-0-cust297.6-1.cable.virginm.net] has joined #tlponies
19:17:17 -!- mode/#tlponies [+v reimeuk] by Q
19:20:39 -!- Rawr|Fone [~AndChat52@c-4eb4e655.020-164-6d6c6d4.bbcust.telenor.se] has joined #tlponies
19:24:47 -!- carcinisation [~thomas@cpc76294-cosh16-2-0-cust297.6-1.cable.virginm.net] has joined #tlponies
19:24:47 -!- mode/#tlponies [+v carcinisation] by Q
19:38:32 <carcinisation> internet pls
19:41:17 -!- Phearlock [webchat@cloak-mmem9569.215.120.245.getinternet.no] has joined #tlponies
19:41:21 <Phearlock> poons
19:43:51 <DoT`> pearclock
19:47:55 <skrm> dot old pal, whats wrong with ur fone
19:48:05 <skrm> hei ferlok
19:48:28 <DoT`> i was on my way back to bakewell
19:49:04 <skrm> are you off tomorrow then
19:51:37 <DoT`> working from home
20:06:15 -!- Rawr|Fone [~AndChat52@c-4eb4e655.020-164-6d6c6d4.bbcust.telenor.se] has joined #tlponies
20:10:25 <skrm> look at you, mr. office man
20:11:10 <skrm> if I could work from home I would probably never wear pants
20:20:08 <Camail> making builds is hard
20:20:16 <Camail> i just had a really rough time on phoenix
20:33:42 -!- Golly [Golly@cm-84.213.21.103.getinternet.no] has joined #tlponies
20:47:44 <DoT`> but skram, do you wear pants at work?
20:53:32 -!- Crisium [~Crisium@c-24-3-150-105.hsd1.pa.comcast.net] has joined #tlponies
21:05:19 <Crisium> ho
21:05:21 <Crisium> wdy
21:16:42 <DoT`> Cris horse <3
21:17:03 -!- Rawr|Fone [~AndChat52@c-4eb4e655.020-164-6d6c6d4.bbcust.telenor.se] has joined #tlponies
21:32:14 -!- skram [~skram@195.181.173.201] has joined #tlponies
21:34:31 <DoT`> jonas
21:35:30 <skram> bjørn
21:38:56 <DoT`> short work day?
21:39:57 <skram> no?
21:40:03 <skram> 15:00 - 23:00
21:40:45 <DoT`> oh its late, i should go sleep
21:41:41 <skram> its not THAT late bud
21:46:47 <skram> im going through and cancelling all my subscriptions and stuff
21:46:50 <skram> theres a lot
21:47:09 <DoT`> why you subcribing to so many things skram
21:47:56 <skram> Well its like I wanted to watch the chernobyl series so I had to subscribe to HBO and just forgot about it
21:49:35 <Camail> always toggle off auto-pay
21:50:25 <Rawr|Fone> Jonas dear
21:50:39 <Rawr|Fone> It's almost bed time
21:51:57 <skram> Yeah thats good advice cam, I just cancelled like 80 dollarydoos worth of things i dont use
21:52:06 <skram> henrik i am an adult and i can go to bed when i want
21:52:55 <Rawr|Fone> Of course sötnos
22:03:47 -!- DoT` [~Dot@90.212.77.189] has joined #tlponies
22:14:01 -!- Rawr|Fone [~AndChat52@c-4eb4e655.020-164-6d6c6d4.bbcust.telenor.se] has joined #tlponies
22:29:29 -!- DoT` [~Dot@90.212.77.189] has joined #tlponies
23:51:23 -!- DuB` [DuB@cpe-68-174-122-249.nyc.res.rr.com] has joined #tlponies
23:51:31 <DuB`> awawa
23:54:02 <skram> ayayaya
23:57:15 <DuB`> Nothing quite like the big city in the rain
23:57:21 <DuB`> Except maybe the big city at night
23:57:25 <DuB`> And those rainy nights....
23:57:27 <DuB`> MMMMMM
23:57:55 <skram> you talk like a grizzly old jazz musician, DuB`
23:58:18 <DuB`> I wish
