00:42:30 <Crisium|2> https://twitter.com/AmznMovieRevws/status/1194009507011149825?s=20
00:51:30 -!- Crisium [~Crisium@c-24-3-150-105.hsd1.pa.comcast.net] has joined #tlponies
01:44:08 -!- Cane [~Cane@CaneCraft.users.quakenet.org] has joined #tlponies
01:44:08 -!- mode/#tlponies [+o Cane] by Q
01:55:21 -!- Rawr|Fone [~AndChat52@c-4eb4e655.020-164-6d6c6d4.bbcust.telenor.se] has joined #tlponies
02:10:17 <Camail> DuB` i mined an oil shale vein and we have 120k fuel
02:10:26 <Camail> so i'mma bathe in gas now
02:19:05 <DuB`> This is why the zombies want us
02:19:11 <DuB`> We're destroying the planet
02:23:45 <Camail> our last blood moon was insane
02:24:06 <Camail> i'm making a new base because our current one is on the verge of failing
04:14:42 -!- Rawr|Fone [~AndChat52@c-4eb4e655.020-164-6d6c6d4.bbcust.telenor.se] has joined #tlponies
05:05:31 -!- Cane changed the topic of #tlponies to: butts
05:15:02 -!- Westy543 [Westy543@c-24-130-12-152.hsd1.ca.comcast.net] has joined #tlponies
05:15:02 -!- mode/#tlponies [+v Westy543] by Q
05:38:09 <Camail> the bunker is effectively finished
05:38:39 -!- Rawr|Fone [~AndChat52@c-4eb4e655.020-164-6d6c6d4.bbcust.telenor.se] has joined #tlponies
06:21:19 -!- Rawr|Fone [~AndChat52@c-4eb4e655.020-164-6d6c6d4.bbcust.telenor.se] has joined #tlponies
07:02:32 -!- Rawr|Fone [~AndChat52@c-4eb4e655.020-164-6d6c6d4.bbcust.telenor.se] has joined #tlponies
07:19:05 -!- Rawr|Fone [~AndChat52@c-4eb4e655.020-164-6d6c6d4.bbcust.telenor.se] has joined #tlponies
07:25:56 -!- Rawr|Phone [~AndChat52@m77-218-229-19.cust.tele2.se] has joined #tlponies
07:30:04 -!- Rawr|Fone [~AndChat52@c-4eb4e655.020-164-6d6c6d4.bbcust.telenor.se] has joined #tlponies
07:35:10 -!- Rawr|Phone [~AndChat52@m77-218-229-19.cust.tele2.se] has joined #tlponies
07:47:03 <Rawr|Phone> Hors hors
08:59:30 -!- Golly [~kvirc@cm-84.213.21.103.getinternet.no] has joined #tlponies
09:13:00 -!- Dot` [webchat@5dx3.pthb.xiw1.ip] has joined #tlponies
09:13:15 <Dot`> pons
09:13:20 <Dot`> DUB
09:13:26 <DuB`> DOT
09:13:32 <Dot`> hows you
09:13:36 <DuB`> Great
09:13:41 <DuB`> Howsabout you
09:13:52 <Dot`> just woke up
09:14:00 <Dot`> is dnd day
09:14:08 <DuB`> wew
09:16:38 <Dot`> american thanksgiving is soon right?
09:16:44 <DuB`> Ya
09:16:51 <DuB`> I have weds and thurs off
09:18:08 <Dot`> nice!
09:18:31 <Dot`> wait, is micen going to not run his game next weekend then?
09:19:17 <DuB`> I unno
09:21:29 <Dot`> D:
09:21:38 <Dot`> ping micen, pls
09:25:11 <DuB`> I must zzz
09:27:41 <Dot`> .tell dub` DUB LAW
10:03:38 <CockRoach|42> hors hors
10:05:52 <Dot`> cr!
10:05:55 <Dot`> ?dndoggos
10:05:59 <Dot`> DOGGOS
10:06:13 <Dot`> one who even keeps notes, such a good boy
11:11:41 -!- skram [~skram@109.236.94.21] has joined #tlponies
11:15:54 <skram> weh
11:25:14 <Dot`> Jonas <3
11:27:16 <Dot`> time to head into town
11:30:51 <skram> uh oh
11:30:54 <skram> be careful
11:35:29 -!- Runbunny [~Runbunny@91.100.28.10.generic-hostname.arrownet.dk] has joined #tlponies
12:41:29 -!- reification [~thomas@cpc76294-cosh16-2-0-cust297.6-1.cable.virginm.net] has joined #tlponies
12:41:29 -!- mode/#tlponies [+v reification] by Q
12:48:01 <Dot`> i back
12:50:30 <Dot`> i bought cheese
12:50:41 <reification> wb dotties
12:50:48 <reification> what kind of cheese?
12:50:59 <Dot`> hmm
12:51:27 <Dot`> 3 trukles, 1 chillie and lime, 1 smoked cheddar and 1 just mature chedder
12:51:36 <Dot`> and then a stilton i think
12:52:15 <Dot`> i spend too much on cheese :/
12:52:18 <Dot`> but i need mroe
12:52:21 <Dot`> more
12:52:42 <reification> money spent on cheese is money well spent
12:53:07 <Dot`> going to chatsworth market later today
12:53:24 <Dot`> might get more cheese, will be getting some choclate brownies
12:58:11 <reification> time to bring back yoghourt https://books.google.com/ngrams/graph?content=yogurt%2Cyoghurt%2Cyoghourt&case_insensitive=on&year_start=1900&year_end=2008&corpus=18&smoothing=3
13:04:02 <reification> due to https://i.redd.it/g5cpa0qj0a041.png
13:04:09 <reification> dot ^
13:07:18 <Dot`> you all need to learn how to pronounce it
13:26:39 <Dot`> how was the holiday reif?
13:33:54 <Dot`> time to go to market
13:33:57 <Dot`> bak in a bit
13:42:18 -!- Dot|Phone [uid393803@2001:67c:2f08:8::6:24b] has joined #tlponies
14:01:01 -!- Zounds [webchat@cloak-07ouvien.14-2.cable.virginm.net] has joined #tlponies
14:01:10 <Zounds> hey
14:14:45 <Runbunny> Hai.
14:55:11 <Dot|Phone> Hey zounds
14:55:14 <Dot|Phone> Skram
15:09:12 <reification> dot holiday was great, i ate far too much
15:09:14 <reification> https://gfycat.com/amazingclearcutiberianlynx-husky-funny-dog
16:16:07 <Rawr|Phone> 🐴🐴🐴
16:28:25 -!- Rawr|Fone [~AndChat52@c-4eb4e655.020-164-6d6c6d4.bbcust.telenor.se] has joined #tlponies
16:57:40 <skram> dot
16:58:16 -!- skrma [~skram@134.19.189.36] has joined #tlponies
17:00:57 -!- Camail [~Camail@45.40.84.145] has joined #tlponies
17:00:57 -!- mode/#tlponies [+v Camail] by Q
17:03:26 <Rawr|Fone> Yes
17:10:02 <skrma> maybe not
17:14:09 <Camail> nope
17:15:46 <Camail> skram the base is built
17:15:57 <skrma> already??
17:16:06 <Camail> being able to chill and build with the 14 day timer was nice
17:16:14 <Camail> yes skram, i have power tools
17:16:17 <Camail> everything is fast
17:16:27 <Camail> all that's left is the living space on the bottom
17:16:35 <Camail> but the defenses are there
17:16:54 <skrma> you should boot that bitch up so I can look at it
17:17:10 <Camail> will do
17:17:58 <skrma> also, valve half-life VR game in may?
17:18:25 <skrma> first AAA VR game and its half-life-ish? very risky
17:18:53 <Camail> if any series is gonna make it work, its HL
17:20:50 -!- DuB` [DuB@cpe-68-174-122-249.nyc.res.rr.com] has joined #tlponies
17:21:47 <reification> hello dubbles
17:21:54 <DuB`> Hallu
17:33:43 -!- Golly [~kvirc@cm-84.213.21.103.getinternet.no] has joined #tlponies
17:35:22 <Runbunny> Did you watch the trailer skrma?
17:35:27 <Runbunny> Looks pretty cool.
17:40:58 -!- carcinisation [~thomas@cpc76294-cosh16-2-0-cust297.6-1.cable.virginm.net] has joined #tlponies
17:40:58 -!- mode/#tlponies [+v carcinisation] by Q
17:42:31 <DuB`> Is dnd in 1h20 or 2h20? I can never remember
17:43:12 -!- Dot` [webchat@5dx3.pthb.xiw1.ip] has joined #tlponies
17:45:28 -!- reimeuk [~thomas@cpc76294-cosh16-2-0-cust297.6-1.cable.virginm.net] has joined #tlponies
17:45:28 -!- mode/#tlponies [+v reimeuk] by Q
17:45:51 <Rawr|Fone> Dub snela
17:51:43 -!- carcinisation [~thomas@cpc76294-cosh16-2-0-cust297.6-1.cable.virginm.net] has joined #tlponies
17:51:43 -!- mode/#tlponies [+v carcinisation] by Q
17:51:58 <Dot`> rawr rawr rawr
17:52:03 <Dot`> <3 <3 <3
17:57:47 <Dot`> dub
17:57:57 <DuB`> dot
17:57:57 <Dot`> why is rawr so rude
17:58:59 <DuB`> I unno
17:59:12 <DuB`> Are we in 1hr or 2hr? I forget every time
18:00:08 <Dot`> 2
18:00:09 -!- carcinisation [~thomas@cpc76294-cosh16-2-0-cust297.6-1.cable.virginm.net] has joined #tlponies
18:00:09 -!- mode/#tlponies [+v carcinisation] by Q
18:01:12 <Rawr|Fone> DoT DoT DoT
18:01:17 <Rawr|Fone> ❤❤❤
18:01:21 <Rawr|Fone> Snela you too
18:01:46 <Dot`> skarpning
18:01:50 <Rawr|Fone> No u
18:06:28 -!- reimeuk [~thomas@cpc76294-cosh16-2-0-cust297.6-1.cable.virginm.net] has joined #tlponies
18:06:28 -!- mode/#tlponies [+v reimeuk] by Q
18:18:45 <Bio> hedge
18:20:41 <Runbunny> Bio-san.
18:33:45 <Bio> bun-chan
18:34:11 <Bio> i desire a pizz
18:34:14 <Bio> i will ge
18:34:16 <Bio> get
18:36:50 <Bio> stonks
18:44:00 <Runbunny> Yes.
18:59:37 -!- BioPone [~androirc@mobile-166-177-58-236.mycingular.net] has joined #tlponies
19:05:32 -!- Rawr|Fone [~AndChat52@c-4eb4e655.020-164-6d6c6d4.bbcust.telenor.se] has joined #tlponies
19:30:55 -!- reification [~thomas@cpc76294-cosh16-2-0-cust297.6-1.cable.virginm.net] has joined #tlponies
19:30:55 -!- mode/#tlponies [+v reification] by Q
19:32:24 <reification> hmm the topic seems to have been changed. has cane fallen under camail's nefarious influence?!
19:33:05 <reification> also i may have been finally victorious in my apple support quest...
19:33:28 <reification> hooray for obscure technical issues
19:45:01 <Camail> possibly
19:54:57 -!- BioPone [~androirc@mobile-166-177-58-236.mycingular.net] has joined #tlponies
20:01:42 <skrma> Dot` your sound is fuked
20:03:26 * skrma slaps DuB` around a bit with a large trout
20:12:21 <skrma> Bio u alright pal
20:12:43 -!- Westy543 [Westy543@c-24-130-12-152.hsd1.ca.comcast.net] has joined #tlponies
20:12:43 -!- mode/#tlponies [+v Westy543] by Q
20:14:45 <Bio> i have fixed my audio issues
20:14:50 <skrma> wonderful
20:49:19 -!- carcinisation [~thomas@cpc76294-cosh16-2-0-cust297.6-1.cable.virginm.net] has joined #tlponies
20:49:19 -!- mode/#tlponies [+v carcinisation] by Q
20:50:17 <carcinisation> https://twitter.com/magonianvisitor/status/851067250673143808
20:58:27 -!- Rawr|Fone [~AndChat52@c-4eb4e655.020-164-6d6c6d4.bbcust.telenor.se] has joined #tlponies
21:02:45 <carcinisation> for the rpg ppl https://twitter.com/gaitanalyst/status/1197562245007298560
21:35:18 -!- Crisium [~Crisium@c-24-3-150-105.hsd1.pa.comcast.net] has joined #tlponies
21:46:22 -!- Rawr|Fone [~AndChat52@c-4eb4e655.020-164-6d6c6d4.bbcust.telenor.se] has joined #tlponies
22:42:42 <Camail> skram the road's almost done
22:42:46 <Camail> i'm a fuckin machine
22:43:06 <skrma> u big ol nerd
22:43:46 <skrma> are you gonna pave it
22:44:22 <Camail> gotta lay frames down at least
22:44:35 <Camail> and i have a dumb amount of stone, so yea eventually
22:59:26 -!- Dot` [webchat@5dx3.pthb.xiw1.ip] has joined #tlponies
23:16:43 <skrma> Dot`: https://www.youtube.com/watch?v=iCfr8N0Q8IA
23:16:45 <skrma> do you know this lad
23:19:42 <Runbunny> I think he does.
23:19:57 <skrma> englands not that big
23:21:14 <Runbunny> Dot just know all the important people.
23:21:21 <Runbunny> Like Henrik.
23:31:31 <skrma> But I also know Henrik
23:39:55 <Runbunny> Isn't it nice?
23:43:59 <reification> https://twitter.com/41Strange/status/1197213471902855173
