21:25:46 -!- sweetiebot [~skybot@209.141.41.184] has joined #tlponies
21:26:07 <skram> You did this to yourself, DuB`
21:26:10 <Camail> ^
21:26:15 <DoT`> ^
21:26:23 <reification> ^
21:27:36 <DuB`> I'mma go exercise because I would rather experience physical discomfort and exhaustiion than this
21:27:52 <skram> dont end up in a hospital again please
21:27:52 <DoT`> no internal bleeding pls
21:32:30 <Runbunny> Yeah please.
21:32:59 <DoT`> runbun!
21:33:01 <DoT`> hows freedom
21:33:15 <Runbunny> Pretty good. 
21:33:35 <Runbunny> I walked in a park today, listening to music. Was great.
21:33:43 <DoT`> so relaxing
21:34:05 <skram> i thought you were a NEET now
21:34:10 <skram> those things sound too healthy
21:34:22 <DoT`> skra, what is a neet
21:34:43 <Camail> no employment education or training
21:35:27 <skram> not in education employment or training
21:35:32 <DuB`> Not in* EET, I believe
21:35:47 <skram> so even if you have a degree, you too can be a neet!
21:35:52 <DuB`> ya ya
21:35:52 <DoT`> cam pls, im trying to complete my Skram Anime bingo card, and i need to mark off "have skram explain an anime term"
21:36:00 <DuB`> Hahaha
21:36:27 <skram> its not an anime term, DoT`
21:36:34 <skram> well, not originally i dont think anyway
21:36:51 <DoT`> i know it was used in konosuba, its the only place i heard it
21:37:26 <skram> also
21:37:36 <skram> you're the worst, doty
21:37:47 <DoT`> <3
21:37:55 <DoT`> i will assum ethat y was intentional
21:38:00 <reification> i think it was british first but the japanese adopted it
21:38:19 <DoT`> now skram, should i watch another ep of log horizon or go to bed
21:38:24 <skram> the japanese are pretty much the worst, too
21:38:51 <skram> i dont know how good it is but neglecting sleep is always good
21:39:17 <Runbunny> I mean.
21:39:22 <DoT`> it has got cutest ninja, so there is that
21:39:28 <Runbunny> It was perfectly unhealthy
21:39:31 <DoT`> bio https://imgur.com/gallery/LmaRKzu
21:39:48 <Runbunny> I don't handle sun too well.
21:40:03 <skram> the sun, it burns us
21:42:41 <DoT`> also bio even though i know youve seen it, you will want to see it again https://imgur.com/gallery/IKtuaZI
21:47:13 <DoT`> dub https://imgur.com/gallery/8rWnCBa
21:49:25 <DuB`> Mystery space
21:53:13 <Runbunny> We have had rain and thunder each night for 1½ week now.
21:53:20 <Runbunny> I can't have my window open :/
22:18:48 <DoT`> you can runbun
22:19:05 <DoT`> dont let the planet dictate your life
22:21:19 <reification> that's tough dot, it's not really like you can leave
22:28:38 <DoT`> sounds like negative talk to me reif
22:47:23 <Bio> .tell Crisium https://www.youtube.com/watch?v=9O9wCNJKkGE
23:05:55 -!- Golly [Golly@cm-84.212.249.112.getinternet.no] has joined #tlponies
23:26:20 -!- DvB` [DuB@65-130-75-179.slkc.qwest.net] has joined #tlponies
23:28:56 <reification> rawr why is your country exploding? https://quillette.com/2019/06/11/its-time-for-sweden-to-admit-explosions-are-a-national-emergency/
23:41:44 -!- DuB` [DuB@65-130-75-179.slkc.qwest.net] has joined #tlponies
23:48:13 -!- Raelcun_ [~Raelcun@75-22-122-215.lightspeed.clmboh.sbcglobal.net] has joined #tlponies
23:48:13 -!- Rawr|Fone [~AndChat52@84-217-62-32.customers.ownit.se] has joined #tlponies
23:48:13 -!- Bio [~BioPon@97.70.165.146] has joined #tlponies
23:48:13 -!- Westy543 [Westy543@c-73-93-93-161.hsd1.ca.comcast.net] has joined #tlponies
23:48:13 -!- cmc [~methos@li1016-58.members.linode.com] has joined #tlponies
23:48:13 -!- Cane [~Cane@CaneCraft.users.quakenet.org] has joined #tlponies
23:48:13 -!- mode/#tlponies [+ovv Cane cmc Westy543] by *.quakenet.org
23:49:35 -!- motbob [~motbob@185.21.216.197] has joined #tlponies
23:59:23 -!- CockRoach|42 [~CR@31-209-34-60.cust.bredband2.com] has joined #tlponies
23:59:23 -!- CockRoach|42 [~CR@CockRoach|42.users.quakenet.org] has joined #tlponies
23:59:23 -!- mode/#tlponies [+v CockRoach|42] by Q
