00:25:37 -!- Rawr|Fone [~AndChat52@c-4eb4e655.020-164-6d6c6d4.bbcust.telenor.se] has joined #tlponies
00:55:38 -!- DuB` [DuB@cpe-68-174-122-249.nyc.res.rr.com] has joined #tlponies
00:55:40 <DuB`> uwaaaaa
00:56:34 <Runbunny> Hai Dub.
00:58:00 <DuB`> Ranban!
00:58:05 <DuB`> Got home 9pm T_T
00:58:28 <DuB`> But hey I get to expense a $25 dinner when I work late, so wagyu+brisket burger it is
01:01:02 <DuB`> MHW 50% off
01:01:09 <DuB`> Time to buy a handful and force them on my friends
01:01:21 <DuB`> Hey Dot` u want 1
01:12:09 <Runbunny> !
01:12:12 <Runbunny> Yes.
01:12:13 <Runbunny> He does.
01:12:20 <DuB`> Well he got one
01:13:13 <Runbunny> Dot Vs Pukei pukei when?
01:16:37 -!- Rawr|Fone [~AndChat52@c-4eb4e655.020-164-6d6c6d4.bbcust.telenor.se] has joined #tlponies
01:32:13 -!- Rawr|Fone [~AndChat52@c-4eb4e655.020-164-6d6c6d4.bbcust.telenor.se] has joined #tlponies
01:34:20 <DuB`> O BOI I'm almost HR69
01:40:49 <Runbunny> I really need to sleep!
01:40:52 <Runbunny> Goodnight!
02:45:08 <Camail> .tell runbunny good morning!
02:45:33 <Camail> DuB` will you get to hr 100 or before i get to lvl 91
02:47:08 <DuB`> Wha wha
02:47:13 <Camail> gogogo
02:47:23 <Camail> i wont be able to play poe this weekend so you have a head start
02:47:41 <Camail> or maybe you can get to hr 145 and be higher than me on monhun
02:53:30 <Camail> i'm so tired
02:53:48 <Camail> getting up at normal hours makes me so...normal
02:54:05 <Camail> zzzzz
03:25:54 -!- Rawr|Fone [~AndChat52@c-4eb4e655.020-164-6d6c6d4.bbcust.telenor.se] has joined #tlponies
04:57:52 -!- Rawr|Fone [~AndChat52@c-4eb4e655.020-164-6d6c6d4.bbcust.telenor.se] has joined #tlponies
05:07:10 -!- Rawr|Fone [~AndChat52@c-4eb4e655.020-164-6d6c6d4.bbcust.telenor.se] has joined #tlponies
05:24:09 -!- Rawr|Fone [~AndChat52@c-4eb4e655.020-164-6d6c6d4.bbcust.telenor.se] has joined #tlponies
05:37:11 -!- Rawr|Fone [~AndChat52@85.230.180.78] has joined #tlponies
05:49:53 -!- Rawr|Fone [~AndChat52@c-4eb4e655.020-164-6d6c6d4.bbcust.telenor.se] has joined #tlponies
06:15:03 -!- Rawr|Fone [~AndChat52@c-4eb4e655.020-164-6d6c6d4.bbcust.telenor.se] has joined #tlponies
06:26:13 -!- Golly [~kvirc@cm-84.213.21.103.getinternet.no] has joined #tlponies
06:43:11 -!- Rawr|Fone [~AndChat52@c-4eb4e655.020-164-6d6c6d4.bbcust.telenor.se] has joined #tlponies
06:58:12 -!- Rawr|Fone [~AndChat52@c-4eb4e655.020-164-6d6c6d4.bbcust.telenor.se] has joined #tlponies
07:22:44 -!- Rawr|Fone [~AndChat52@c-4eb4e655.020-164-6d6c6d4.bbcust.telenor.se] has joined #tlponies
07:46:33 -!- Rawr|Fone [~AndChat52@c-4eb4e655.020-164-6d6c6d4.bbcust.telenor.se] has joined #tlponies
07:52:49 -!- Dot|Phone [uid393803@2001:67c:2f08:8::6:24b] has joined #tlponies
07:52:53 <Dot|Phone>  Morning
07:56:03 -!- Dot` [webchat@i3nb.6u5z.emrn.ip] has joined #tlponies
08:15:40 <Dot`> .tell Runbunny https://imgur.com/gallery/f92k3sw
09:05:12 -!- Rawr|Fone [~AndChat52@c-4eb4e655.020-164-6d6c6d4.bbcust.telenor.se] has joined #tlponies
09:52:02 -!- Rawr|Fone [~AndChat52@c-4eb4e655.020-164-6d6c6d4.bbcust.telenor.se] has joined #tlponies
09:53:32 -!- tredc [~tredc@c83-254-129-166.bredband.comhem.se] has joined #tlponies
09:58:45 -!- reification [~thomas@cpc76294-cosh16-2-0-cust297.6-1.cable.virginm.net] has joined #tlponies
09:58:45 -!- mode/#tlponies [+v reification] by Q
10:03:42 <reification> .tell skram https://preview.redd.it/2n8otnp4vsu31.gif?format=mp4&s=2552dacff3bc58c3bab3de38f6e35680c6822439
10:16:46 -!- carcinisation [~thomas@cpc76294-cosh16-2-0-cust297.6-1.cable.virginm.net] has joined #tlponies
10:16:46 -!- mode/#tlponies [+v carcinisation] by Q
10:32:22 -!- Rawr|Fone [~AndChat52@c-4eb4e655.020-164-6d6c6d4.bbcust.telenor.se] has joined #tlponies
10:36:18 <reification> roar roar
10:39:24 -!- Rawr|Fone [~AndChat52@c-4eb4e655.020-164-6d6c6d4.bbcust.telenor.se] has joined #tlponies
10:59:47 -!- Rawr|Fone [~AndChat52@m83-185-83-72.cust.tele2.se] has joined #tlponies
11:11:13 -!- skram [~skram@82.147.53.209] has joined #tlponies
11:26:49 <reification> hej skram
11:30:38 <skram> heya reif
11:31:11 <Rawr|Fone> Jooonas
11:31:47 <skram> Heeemrol
11:31:49 <skram> rik
11:34:43 <reification> bio https://i.redd.it/hlr2ymysktu31.jpg
11:47:17 <Rawr|Fone> How are you doing skrammypants
11:49:46 -!- carcinisation [~thomas@cpc76294-cosh16-2-0-cust297.6-1.cable.virginm.net] has joined #tlponies
11:49:46 -!- mode/#tlponies [+v carcinisation] by Q
12:14:13 -!- skrma [~skram@212.8.240.140] has joined #tlponies
12:27:10 -!- DuB` [DuB@cpe-68-174-122-249.nyc.res.rr.com] has joined #tlponies
12:27:49 <DuB`> Gud morns gud morns
12:28:11 <DuB`> I somehow woke up naturally at 8am on a saturday, after just 6hr of sleep?
12:28:13 <DuB`> Oh well
12:29:26 -!- Dot` [webchat@i3nb.6u5z.emrn.ip] has joined #tlponies
12:29:31 <Dot`> weird
12:29:37 <Dot`> i had dced and it never told me
12:29:40 <Dot`> D:
12:29:41 <DuB`> :O
12:29:47 <Dot`> skram! Dub!
12:30:00 <DuB`> Dot! skrma!
12:30:39 <DuB`> I have to do some work today T_T
12:30:55 -!- Dot|Phone [uid393803@2001:67c:2f08:8::6:24b] has joined #tlponies
12:31:02 <Dot`> oh noes D:
12:31:09 <Dot`> will you make dnd though?
12:31:17 <DuB`> Ya ya
12:31:18 <Dot`> im very selfish
12:31:34 <DuB`> Will be working for home and I told boss I'll be busy for that period
12:31:58 <DuB`> Not sure when or for what he'll need me, we'll see
12:33:07 <Dot`> "I have a meeting relating to stragetrgy and co-operation with goal oreinted objectives leading to greater understnading of ruling interactions and thier finances
12:33:09 <Dot`> "
12:34:02 <DuB`> Yus
12:38:57 <Rawr|Fone> Hmm
12:39:31 <skrma> DuB`! Dot`!
12:39:37 <skrma> working on a saturday should be illegal
12:41:34 <Dot`> yes mr skrm
12:43:17 <carcinisation> "stragetrgy" eh dot. that sounds tricky
12:44:46 <Dot`> indeed
12:45:25 <Dot`> i dont think ive ever spelt that word correctly or even the same any time ive tried
12:45:34 <skrma> strategery
12:46:38 <reification> .wiki strategery
12:46:53 <skrma> yarp
12:47:15 <reification> dubya was so long ago... :/
12:48:28 <reification> it's also a nice minimalist ios risk-like game
12:57:50 -!- Cane [~Cane@CaneCraft.users.quakenet.org] has joined #tlponies
12:57:50 -!- mode/#tlponies [+o Cane] by Q
12:58:28 <Dot`> cane <3
12:58:45 <Cane> Hiya. <3 Just dropping by. I'm about to head off and exercise.
12:59:26 <Dot`> gl!
12:59:57 <DuB`> <3 Enjoy!
13:00:46 <Dot`> dont be like dub and get internal bleeding
13:01:28 <reification> i wouldn't recommend external bleeding either really
13:01:47 <DuB`> Hey you gotta lose weight somehow
13:03:09 <reification> well you can always donate the blood
13:05:18 <Dot`> genius
13:17:46 <Rawr|Fone> 🤨🤨🤨
13:18:07 <Dot`> rawr rawr
13:18:12 <Dot`> <3 <3
13:18:18 <Rawr|Fone> Dot dot
13:18:20 <Rawr|Fone> ❤❤
13:40:39 <DuB`> skrma r u play???
13:40:52 <DuB`> Or is steam confused
13:41:34 <skrma> ive spent an hour customizing my cat
13:41:40 <DuB`> Yes perfect
13:43:03 <DuB`> Is Dot` busy dnd preps?
13:43:25 <Dot`> still dling, inbakewell so its slow
13:43:33 <DuB`> o nice
13:43:47 <Dot`> and also should be prep 
13:49:57 <Dot`> is skram a glamorous cat?
13:57:49 <DuB`> No but you get a cat!
14:29:40 <Dot`> ill need ascreenshot of skramCat
14:33:46 -!- carcinisation [~thomas@cpc76294-cosh16-2-0-cust297.6-1.cable.virginm.net] has joined #tlponies
14:33:46 -!- mode/#tlponies [+v carcinisation] by Q
14:35:27 <DuB`> Micen u there
14:35:45 <Micen> i am
14:35:50 <Micen> just got on my computer
14:35:59 <DuB`> Install the mons
14:36:10 <Micen> its been allocating space for tens of minutes 
14:37:33 <DuB`> spaaaaaaaace
14:37:37 <carcinisation> i imagine you saying that like "release the kraken" dub
14:41:13 <Micen> hooray it is done allocating 
14:41:33 <Micen> it will be done in ~30min Dub`
14:49:55 -!- Rawr|Fone [~AndChat52@c-4eb4e655.020-164-6d6c6d4.bbcust.telenor.se] has joined #tlponies
15:09:28 -!- Phearlock [webchat@cloak-mmem9569.215.120.245.getinternet.no] has joined #tlponies
15:09:44 <Phearlock> Poons
15:09:46 <Phearlock> It's the weekend
15:10:05 <Phearlock> https://www.deviantart.com/luminaura/art/S9Finale-Finally-Married-818116866
15:10:06 <Phearlock> ship ponies
15:10:51 <Rawr|Fone> Hai phear
15:12:14 <Dot`> phear <3
15:14:02 <Phearlock> its me
15:16:24 <Phearlock> https://youtu.be/q3jsYv0QdS8 Chill pone animatic
15:23:37 <reification> i was thwarted in my attempt to get things done by finding pbf book...
15:49:39 -!- Rawr|Fone [~AndChat52@c-4eb4e655.020-164-6d6c6d4.bbcust.telenor.se] has joined #tlponies
16:01:57 <reification> bio https://twitter.com/elonmusk/status/1187192281800929280
16:38:01 -!- Rawr|Fone [~AndChat52@c-4eb4e655.020-164-6d6c6d4.bbcust.telenor.se] has joined #tlponies
17:21:00 -!- Crisium [~Crisium@c-24-3-150-105.hsd1.pa.comcast.net] has joined #tlponies
17:23:49 -!- Dot|Phone [uid393803@2001:67c:2f08:8::6:24b] has joined #tlponies
17:39:59 -!- Rawr|Fone [~AndChat52@c-4eb4e655.020-164-6d6c6d4.bbcust.telenor.se] has joined #tlponies
18:06:13 -!- Rawr|Fone [~AndChat52@c-4eb4e655.020-164-6d6c6d4.bbcust.telenor.se] has joined #tlponies
18:16:06 <Dot`> skram
18:16:16 <Dot`> i need you to calm down
18:20:51 <Rawr|Fone> Dot
18:23:12 <Dot`> rawr
18:23:20 <Rawr|Fone> ❤
18:23:29 <Rawr|Fone> How has your day been my dear
18:26:27 <Dot`> well enough rawr <3
18:26:31 <Dot`> and you?
18:26:36 <Dot`> ping pong all day?
18:26:43 <Rawr|Fone> Only gym today
18:29:03 -!- Crisium [~Crisium@c-24-3-150-105.hsd1.pa.comcast.net] has joined #tlponies
18:30:42 * skrma slaps Dot` around a bit with a large trout
18:31:13 <Rawr|Fone> That's not very calm jonas
18:31:47 <Crisium> oh noes
18:48:58 <Rawr|Fone> Yes
19:05:49 -!- Rawr|Fone [~AndChat52@c-4eb4e655.020-164-6d6c6d4.bbcust.telenor.se] has joined #tlponies
19:10:41 -!- Crisium|2 [~Crisium@104.194.218.208] has joined #tlponies
19:12:35 -!- Rawr|Fone [~AndChat52@c-4eb4e655.020-164-6d6c6d4.bbcust.telenor.se] has joined #tlponies
19:19:43 <reification> dub` https://www.bbc.co.uk/news/world-europe-50180781
19:20:47 -!- Crisium [~Crisium@c-24-3-150-105.hsd1.pa.comcast.net] has joined #tlponies
19:36:43 <reification> https://twitter.com/benedictevans/status/1187780017431797760
20:06:18 -!- Rawr|Fone [~AndChat52@m83-185-83-79.cust.tele2.se] has joined #tlponies
20:25:25 <reification> .tell runbunny paper of the day http://ftp.iza.org/dp12687.pdf
20:30:02 -!- Runbunny [~Runbunny@91.100.28.10.generic-hostname.arrownet.dk] has joined #tlponies
20:30:32 <Runbunny> Hai
20:30:37 <Runbunny> I made it home.
20:31:16 <Runbunny> What are these goats Dot` ?
20:34:01 <reification> the bun returns!
20:34:25 <reification> runbun https://twitter.com/giba_FED_P/status/1186996548414001152
20:35:39 <Runbunny> I have snacks and so do you it seems.
20:35:51 <DuB`> hehe
20:45:25 <Dot`> i dont knwo runbun, memes
20:46:11 <Runbunny> Dot`, https://i.imgur.com/9kAkMTm.jpg
20:48:55 <reification> how can we not know such an important thing?! :O https://twitter.com/NoahCRothman/status/1186783230365753345
20:50:03 <Runbunny> There's plenty of bacon in Denmark.
20:51:13 <skrma> There is no bacon shortage in Ba Sing Se.
20:51:47 <Runbunny> What about a war?
20:51:55 <Runbunny> How are you Jonas friend?
20:52:10 <skrma> well enough andersdreng
20:52:22 <skrma> dub made me join his animal murder cult
20:52:28 <skrma> but i got some cool swords so its alright
20:52:34 <skrma> what you up to pal
20:53:14 <Runbunny> Lets go hunt together some time Jonas.
20:53:31 <skrma> had to fight a v scary fish earlier
20:54:04 <Runbunny> I just got home from 1 year birthday party -> into dad's girlfriend's birthday -> snacks on the way home.
20:54:10 <Runbunny> So I ate snacks.
20:54:52 <Runbunny> It tried very hard that fish.
20:55:00 <Runbunny> Tries*
20:56:09 <skrma> ooh what snacks
20:56:31 <skrma> i got some jaffa cakes
20:57:26 <reification> always a good choice
20:57:31 <Runbunny> Taquitos.
20:57:48 <skrma> also a fine choice
20:58:02 <skrma> one day im gonna figure out how to make em reif
20:58:14 <skrma> think about it, unlimited jaffa cake supply
21:03:48 <reification> i don't know about norway but here they are cheap enough i feel no need to make my own on that account
21:03:49 <Runbunny> O:
21:04:25 <Runbunny> Jonas are those mazerin tærter?
21:05:54 <Runbunny> Mazarin, sorry.
21:06:52 <skrma> ah no
21:07:34 <skrma> its a spongy biscuit with some sorta fruit jelly and chocolate
21:07:57 <skrma> mazariner is like a pie dough i think
21:09:01 <Runbunny> I am not that well versed in cake.
21:10:10 <skrma> ill bake u a cake bud
21:10:26 <DuB`> Do the cookin' by the book
21:11:21 <reification> there was a famous tax lawsuit over whether jaffa cakes were a cake or a biscuit
21:12:05 <Runbunny> That does sound odd.
21:12:30 <reification> they made a giant one to show it was a cake and won
21:12:33 <DuB`> Nice
21:12:48 <skrma> "Jaffa Cakes are biscuit-sized cakes ..."
21:13:51 <Dot`> they are the best
21:13:59 <reification> i think the technical difference is that cakes turn hard and biscuits turn soft if left out
21:14:00 <Runbunny> Are cakes tax exempt?
21:14:23 <Runbunny> Compared to biscuits?
21:14:26 <reification> no vat on cakes 
21:14:53 <reification> i guess they were considered a necessity when it was set
21:21:17 <DuB`> Cake is certainly a necessity.
21:23:20 <reification> https://twitter.com/SuicideSmegma/status/1187799515929239552
21:25:15 <skrma> suicide smegma
21:25:17 <skrma> what a name
21:51:08 <Dot`> rip my interent...
21:51:11 <Dot`> its infectious
22:03:17 <Rawr|Fone> 🐴🐴🐴
22:04:42 <Dot`> rawr rawr
22:05:03 <Rawr|Fone> Dot dot
22:05:10 <Rawr|Fone> It is bed time
22:05:50 <Dot`> no, its dnd time
22:05:53 <Dot`> im being social
22:05:56 <Dot`> and killing friends
22:07:13 <Rawr|Fone> Hmm
22:20:53 -!- Rawr|Phone [~AndChat52@c-4eb4e655.020-164-6d6c6d4.bbcust.telenor.se] has joined #tlponies
22:53:35 <DuB`> skrma https://www.youtube.com/watch?v=I272XoEigf0
22:58:14 -!- carcinisation [~thomas@cpc76294-cosh16-2-0-cust297.6-1.cable.virginm.net] has joined #tlponies
22:58:14 -!- mode/#tlponies [+v carcinisation] by Q
23:02:47 <Runbunny> That's a lot of hands Dub.
23:36:42 <Dot`> pon pon
23:45:17 -!- reification [~thomas@cpc76294-cosh16-2-0-cust297.6-1.cable.virginm.net] has joined #tlponies
23:45:17 -!- mode/#tlponies [+v reification] by Q
23:47:47 -!- Rawr|Fone [~AndChat52@c-4eb4e655.020-164-6d6c6d4.bbcust.telenor.se] has joined #tlponies
