00:33:29 -!- Rawr|Fone [~AndChat52@c-4eb4e655.020-164-6d6c6d4.bbcust.telenor.se] has joined #tlponies
01:01:00 -!- BioPone [~androirc@97.70.165.146] has joined #tlponies
01:08:10 <Cane> Grim Dawn has been kinda fun.
02:23:08 <Camail> oof, 3.9 has a looooot of nerfs
03:48:34 -!- Rawr|Fone [~AndChat52@c-4eb4e655.020-164-6d6c6d4.bbcust.telenor.se] has joined #tlponies
05:56:07 -!- Rawr|Fone [~AndChat52@c-4eb4e655.020-164-6d6c6d4.bbcust.telenor.se] has joined #tlponies
06:59:45 -!- Rawr|Fone [~AndChat52@c-4eb4e655.020-164-6d6c6d4.bbcust.telenor.se] has joined #tlponies
07:47:42 -!- Dot|Phone [uid393803@2001:67c:2f08:8::6:24b] has joined #tlponies
07:48:25 <Dot|Phone> Morning
08:11:45 <Cane> Hiya Dot. =)
08:20:00 -!- Golly [~kvirc@cm-84.213.21.103.getinternet.no] has joined #tlponies
08:36:51 <Dot|Phone> Hey Cane <3
08:40:24 <Dot|Phone> .tell Rawr|Fone https://www.reddit.com/r/WatchPeopleDieInside/comments/e8mjx0/how_to_return_a_table_tennis_smash/
09:02:55 <Dot|Phone> Angel! My favourite Dane
09:07:52 <Dot|Phone> Oh
09:07:55 <Dot|Phone> He left
09:10:15 -!- reification [~thomas@cpc76294-cosh16-2-0-cust297.6-1.cable.virginm.net] has joined #tlponies
09:10:15 -!- mode/#tlponies [+v reification] by Q
09:16:10 <Dot|Phone> Reef! <3
09:43:30 -!- Rawr|Fone [~AndChat52@c-4eb4e655.020-164-6d6c6d4.bbcust.telenor.se] has joined #tlponies
09:43:36 <Rawr|Fone> I shouldn't have read the comments on that dot, people really don't know anything about table tennis
09:43:47 <Dot|Phone> Haha. Yay Internet
09:44:17 <Dot|Phone> Now I feel I should go read them
09:44:27 <reification> rawr https://twitter.com/avoidcomments
09:44:39 <reification> dotties <3
09:45:02 <Dot|Phone> Lol
09:46:33 <Rawr|Fone> There was a facebook post with a clip of a behind the back shot from an official ittf tournament and people in the comments were convinced it was fake
09:46:47 <Rawr|Fone> 🤯🤯
09:47:22 <Dot|Phone> Ittf isn't a real thing Rawr
09:47:36 <Rawr|Fone> I guess
09:50:07 <Rawr|Fone> I will keep that in mind reef reef
10:41:27 -!- carcinisation [~thomas@cpc76294-cosh16-2-0-cust297.6-1.cable.virginm.net] has joined #tlponies
10:41:27 -!- mode/#tlponies [+v carcinisation] by Q
10:54:43 <carcinisation> .tell runbunny https://twitter.com/itanimeirl/status/1204248276683280385
11:00:23 -!- reification [~thomas@cpc76294-cosh16-2-0-cust297.6-1.cable.virginm.net] has joined #tlponies
11:00:23 -!- mode/#tlponies [+v reification] by Q
11:03:12 -!- skram [~skram@134.19.189.22] has joined #tlponies
11:03:56 <skram> ææææ
11:13:02 <Dot|Phone> Jonas friend, calm down
11:13:26 <Dot|Phone> Did your lewd anime figurines arrive? Is that why your excited? 
11:15:56 <skram> nop
11:16:06 <skram> im going to look at another house today, dot
11:19:26 -!- tredc [~tredc@c83-254-129-166.bredband.comhem.se] has joined #tlponies
11:21:46 <reification> skram needs somewhere big to house his lewd anime figurines
11:41:01 <Dot|Phone> I bet he gets a pair that are holding hands
11:45:03 <skram> its all komi-sans
11:57:47 <Rawr|Fone> Jonas fren
12:03:32 <skram> henrik pal
12:16:01 -!- BioPhone [~androirc@97.70.165.146] has joined #tlponies
12:16:39 -!- Rawr|Fone [~AndChat52@c-4eb4e655.020-164-6d6c6d4.bbcust.telenor.se] has joined #tlponies
12:17:18 <Dot|Phone> Bio
13:04:50 <Dot|Phone> Rip
13:10:14 <Dot|Phone> How's all
13:10:40 <skram> i have to go work again
13:11:10 <Dot|Phone> Was a week off not long enough? 
13:11:22 <skram> course not
13:12:05 <Dot|Phone> I would like a week off every 3 weeks
13:12:23 <skram> its every 6th
13:12:44 <Dot|Phone> Well that's not acceptable
13:13:41 <skram> agreed
13:14:06 <Dot|Phone> What is your job title skram? 
13:14:33 <skram> power plant operator i guess
13:14:35 <skram> like homer simpsons
13:14:48 <skram> gotta go, brb
13:18:59 <Dot|Phone> Now what Rawr
13:19:39 <Rawr|Fone> Hmm
13:19:54 <Rawr|Fone> I'm gonna go to the gym I think
13:20:35 <Dot|Phone> Gl
13:21:10 <Rawr|Fone> How is work dot
13:26:01 <Dot|Phone> Going ok. It's raining a lot
14:27:57 -!- Micen [~Micen@h54.212.18.98.dynamic.ip.windstream.net] has joined #tlponies
14:28:35 <Dot|Phone> Hey Micen
14:54:19 -!- BioPhone [~androirc@mobile-166-176-248-28.mycingular.net] has joined #tlponies
14:55:12 -!- BioPone [~androirc@12.33.239.117] has joined #tlponies
15:15:36 <Micen> hello
15:17:45 -!- Rawr|Fone [~AndChat52@83.191.99.247] has joined #tlponies
15:21:10 -!- Camail [~Camail@45.40.84.145] has joined #tlponies
15:21:10 -!- mode/#tlponies [+v Camail] by Q
15:25:07 <Dot|Phone> cAm
15:25:15 <Camail> doot
15:46:28 <Dot|Phone> Thas me
16:26:30 <BioPone> Asdf
16:26:32 <BioPone> Hors
16:35:54 <Dot|Phone> Bio
16:47:43 -!- Runbunny [~Runbunny@91.100.28.10.generic-hostname.arrownet.dk] has joined #tlponies
16:53:22 <Dot|Phone> Runbun! You made it
16:54:50 <BioPone> Dot phon
17:00:39 <reification> hei runbun https://pbs.twimg.com/media/ELWY3DkWoAAQHZx.jpg
17:14:59 -!- Dot` [webchat@cloak-yh0bvvn2.123.7.51.dyn.plus.net] has joined #tlponies
17:25:21 -!- BioPone [~androirc@12.33.239.117] has joined #tlponies
17:27:39 -!- Dot` [webchat@cloak-4omtozzm.230.208.46.dyn.plus.net] has joined #tlponies
17:31:10 -!- Rawr|Phone [~AndChat52@c-4eb4e655.020-164-6d6c6d4.bbcust.telenor.se] has joined #tlponies
17:32:44 -!- skrm [webchat@pioj.eid3.887x.ip] has joined #tlponies
17:33:00 <Dot`> skrm
17:33:16 <skrm> dot
17:33:40 <Rawr|Phone> A jonas
17:33:45 <Rawr|Phone> How wonderful
17:33:53 <skrm> henrik you old flirt
17:36:46 <skrm> I looked at another house I dont want to buy Dot` 
17:36:58 <Dot`> there seem to be many of those
17:37:10 <skrm> im too poor to have a decent place apprently
17:37:21 <Dot`> yea, i know that feeling
17:37:34 <Dot`> im moving into a place that is about a third the size of my current place
17:38:08 <skrm> isnt your current place already tiny D:
17:38:18 <Dot`> ruuude
17:38:30 <skrm> sorrey
17:38:33 <Dot`> its small i guess
17:39:04 <skrm> I dont mind my current place tbh, but it has neighbours and its a rental
17:40:27 <Dot`> it has a lounge that all i have in it is a small ikea table and a upstairs that just has my pc and a bookshelf. and both these room are larger than my bedroom which fits a double bed and 2 sets of drawes comfortably
17:40:38 <Dot`> so a lot of unused space
17:40:50 <Dot`> and noisy neighbours and some who smoke
17:44:07 <Dot`> this new place has working heating and a shower you can adjust the water temp even
17:44:10 <Dot`> all the luxuries
17:46:09 <Rawr|Phone> Wow
17:46:20 <Rawr|Phone> How does it feel to become upper class dot
17:46:46 <Dot`> i dont know yet, excited to find out
17:55:52 <skrm> what a treat
17:57:02 <skrm> dot its snowing again
17:57:04 <skrm> what a day
17:59:51 <Dot`> lucky horse
18:28:12 -!- DuB|fon [~androirc@155.201.42.62] has joined #tlponies
18:28:23 <DuB|fon> Dot
18:28:27 <DuB|fon> https://twitter.com/BrandSanderson/status/1204437906200285184?s=20
18:30:51 <Dot`> ALMOST
18:30:54 <Dot`> ALMOST????
18:30:58 <Dot`> Thats a year Dub!
18:31:13 <DuB|fon> It is :p
18:40:00 -!- BioPone [~androirc@12.33.239.117] has joined #tlponies
18:58:21 <Camail> thats shorter than eternity
19:02:09 <Runbunny> Certainly is.
19:19:33 <Rawr|Phone> Very true
19:21:07 <Runbunny> Dot`, https://i.imgur.com/JZWY0YI.jpg
19:21:18 <Runbunny> Rawr have a peek as well.
19:21:41 <Rawr|Phone> Thanks runbun
19:21:45 <Rawr|Phone> Very kind of you
19:34:54 <skrm> i also peeked
19:35:03 <skrm> dont arrest me bro
19:42:59 <Camail> arrest him
19:47:04 <skrm> come at me, camail
19:47:12 <Camail> too far away
19:51:36 -!- Rawr|Fone [~AndChat52@c-4eb4e655.020-164-6d6c6d4.bbcust.telenor.se] has joined #tlponies
20:10:21 -!- BioPone [~androirc@12.33.239.117] has joined #tlponies
20:24:52 <reification> https://twitter.com/HeftyHaruspex/status/1204048790505820160
20:24:58 <reification> ?happening
20:45:08 -!- Rawr|Fone [~AndChat52@c-4eb4e655.020-164-6d6c6d4.bbcust.telenor.se] has joined #tlponies
20:52:34 -!- Rawr|Fone [~AndChat52@c-4eb4e655.020-164-6d6c6d4.bbcust.telenor.se] has joined #tlponies
20:58:56 -!- Dot|Phone [uid393803@2001:67c:2f08:8::6:24b] has joined #tlponies
21:02:43 <Dot`> skram, norwegion prisons are nice
21:02:49 <Dot`> it will be a holiday
21:04:33 <Runbunny> Skram is going to prison?
21:08:30 <skrm> i didnt lewd komi-san, I swear
21:08:51 <Runbunny> skrm https://cdn.discordapp.com/attachments/424976647268204545/654059216306438144/IMG_20191210_144617.jpg
21:09:08 <skrm> thanks
21:20:35 -!- Crisium [~Crisium@c-24-3-150-105.hsd1.pa.comcast.net] has joined #tlponies
21:41:03 -!- Rawr|Fone [~AndChat52@c-4eb4e655.020-164-6d6c6d4.bbcust.telenor.se] has joined #tlponies
21:42:23 <Dot`> Crisium!
21:44:07 <Dot`> is it you sticking cowboy hats on pidgeons?
22:00:50 <Runbunny> I am thinking yes.
22:09:31 -!- Rawr|Fone [~AndChat52@c-4eb4e655.020-164-6d6c6d4.bbcust.telenor.se] has joined #tlponies
22:11:53 <Crisium> yes
22:11:55 <Crisium> also show me
22:14:21 <skrm> howdy
22:16:49 <Crisium> howdy skram
22:21:57 <Dot`> ah, found one https://www.reddit.com/r/news/comments/e8mja4/someone_is_putting_tiny_cowboy_hats_on_pigeons_in/
22:29:17 <Crisium> excellent
22:47:36 -!- BioPone [~androirc@97.70.165.146] has joined #tlponies
22:52:36 <Bio> a
22:52:39 <Dot`> Rawr
22:52:42 <Bio> akjl;g
22:52:46 <Bio> hi
22:52:49 <Bio> i'm tired
22:52:52 <Bio> i wanna vacation
22:53:02 <Bio> my brojects are soon over
22:53:08 <Bio> and i can clam down 
22:53:17 <Rawr|Fone> Dot
22:54:09 <Dot`> rawr rawr rawr
22:54:19 <Rawr|Fone> dot dot dot
22:54:31 <Dot`> <3 <3 <3
23:11:34 <reification> bio https://twitter.com/RampCapitalLLC/status/1204141199835238402
23:12:08 <Bio> perfection
23:12:44 <Bio> as someone in the automotive industry, i am an expert on cybertruck memes
23:14:09 <Rawr|Fone> .tell dot` ❤❤❤
23:14:49 <reification> skram https://twitter.com/miaaselaa/status/1203908356706054145
23:14:59 <reification> oh he gone
23:15:07 <reification> .tell skram https://twitter.com/miaaselaa/status/1203908356706054145
23:17:01 -!- skram [~skram@134.19.189.22] has joined #tlponies
23:18:41 <skram> suprise
23:18:42 <skram> its just me
23:18:52 <Bio> surprise, its all i ever wanted
23:19:22 <skram> poor kitties reif
23:19:25 <skram> bio
23:19:27 <skram> my old friend
23:19:40 <Bio> (old neighing noises)
23:19:45 <skram> you should set higher goals for yourself
23:19:55 <Bio> neighver
23:20:21 <Rawr|Fone> Jonas
23:20:45 <Dot`> im not sure about this suprise
23:20:55 <skram> henrique
23:22:20 <Rawr|Fone> Dot, skram, it's bed time
23:22:33 <skram> incorrect!
23:23:20 <Dot`> im in bed!
23:23:28 <Dot`> no skram in sight
23:25:56 <Rawr|Fone> It's quite late skrammypants
23:39:20 <skram> no, henrik
23:39:22 <skram> it is time
23:39:23 <skram> to boogie
23:40:28 <Bio> oh bby
