00:01:42 -!- carcinisation [~thomas@cpc76294-cosh16-2-0-cust297.6-1.cable.virginm.net] has joined #tlponies
00:01:43 -!- mode/#tlponies [+v carcinisation] by Q
00:10:11 <DuB`> skram https://www.youtube.com/watch?v=IK4P6Eqo_4I
00:31:12 <Camail> skram go to bed right now
00:31:15 <Camail> gogogogo
00:32:31 <skram> haha no
00:53:18 <Camail> :(
00:56:57 <Bio> ksrm pls
00:57:05 <Bio> its almost my bed time
01:14:07 <Runbunny> O:
02:32:15 -!- Rawr|Fone [~AndChat52@c-4eb4e655.020-164-6d6c6d4.bbcust.telenor.se] has joined #tlponies
03:35:16 -!- skram [~skram@185.180.222.177] has joined #tlponies
03:52:22 -!- Rawr|Fone [~AndChat52@c-4eb4e655.020-164-6d6c6d4.bbcust.telenor.se] has joined #tlponies
04:10:53 -!- Rawr|Fone [~AndChat52@c-4eb4e655.020-164-6d6c6d4.bbcust.telenor.se] has joined #tlponies
07:32:41 -!- Dot|Phone [uid393803@id-393803.stonehaven.irccloud.com] has joined #tlponies
07:32:55 <Dot|Phone> Morning
07:50:51 <Dot|Phone> Skram
08:17:54 -!- Golly [~kvirc@cm-84.213.21.103.getinternet.no] has joined #tlponies
08:22:01 -!- Rawr|Fone [~AndChat52@c-4eb4e655.020-164-6d6c6d4.bbcust.telenor.se] has joined #tlponies
08:26:44 <Dot|Phone> Rawr Rawr Rawr
09:15:47 -!- Rawr|Fone [~AndChat52@c-4eb4e655.020-164-6d6c6d4.bbcust.telenor.se] has joined #tlponies
09:44:24 -!- reification [~thomas@cpc76294-cosh16-2-0-cust297.6-1.cable.virginm.net] has joined #tlponies
09:44:24 -!- mode/#tlponies [+v reification] by Q
09:44:49 <reification> .tell runbunny https://twitter.com/tinyanimaIs/status/1188058751963545601
10:32:59 -!- carcinisation [~thomas@cpc76294-cosh16-2-0-cust297.6-1.cable.virginm.net] has joined #tlponies
10:32:59 -!- mode/#tlponies [+v carcinisation] by Q
11:04:26 <Dot|Phone> Hey Reif
11:08:06 <carcinisation> hi dotties
11:18:46 -!- tredc [~tredc@c83-254-129-166.bredband.comhem.se] has joined #tlponies
11:23:40 -!- Runbunny [~Runbunny@91.100.28.10.generic-hostname.arrownet.dk] has joined #tlponies
11:23:53 -!- reimeuk [~thomas@cpc76294-cosh16-2-0-cust297.6-1.cable.virginm.net] has joined #tlponies
11:23:54 -!- mode/#tlponies [+v reimeuk] by Q
11:40:13 <Rawr|Fone> 🐴🐴🐴
12:17:01 -!- Rawr|Phone [~AndChat52@m83-185-88-105.cust.tele2.se] has joined #tlponies
12:43:51 <Dot|Phone> Horse 
12:51:03 <Rawr|Phone> DoT DoT DoT
12:51:16 <skram> pals
12:51:32 <Rawr|Phone> Jonas!
12:52:29 <Dot|Phone> Rawr Rawr Rawr
12:52:34 <Dot|Phone> Jonas friend
12:52:38 <Dot|Phone> 💖💖💖
12:52:42 <Rawr|Phone> 💖💖💖
12:53:46 <skram> the factory is on fire again
12:53:50 <skram> this time im not even there
12:55:22 <Dot|Phone> "the building was on fire, and it wasn't my fault". First sentence of dresden files book 2
12:55:56 <skram> it happens
12:57:25 -!- BioPone [~androirc@mobile-166-177-56-119.mycingular.net] has joined #tlponies
12:59:46 <reimeuk> time to be proactive skram, make sure you are responsible for the next fire
13:00:13 <Dot|Phone> It was inevitable
13:01:14 <skram> good idea reif
13:01:18 <skram> anyway, gotta go
13:04:25 <Dot|Phone> Noo
13:04:32 <Dot|Phone> Wear your hard hat
13:04:41 <Dot|Phone> And your high vis
13:13:11 -!- BioPone [~androirc@mobile-166-177-56-119.mycingular.net] has joined #tlponies
13:19:14 <BioPone> Hors
13:22:16 <Dot|Phone> Hest
13:39:30 <Rawr|Phone> 🐴🐴
14:55:52 -!- Rawr|Fone [~AndChat52@c-4eb4e655.020-164-6d6c6d4.bbcust.telenor.se] has joined #tlponies
15:16:41 -!- Camail [~Camail@45.40.84.145] has joined #tlponies
15:16:41 -!- mode/#tlponies [+v Camail] by Q
15:17:58 <Dot|Phone> Cam
15:18:20 <Camail> dot
15:27:43 <reimeuk> good news is i don't have to haul my ass to blackpool for this weekend
15:28:03 <reimeuk> that would have been even further into the blasted north than dot is
15:31:07 <reimeuk> .tell skram https://www.reddit.com/r/CasualUK/comments/dseosu/this_terrifying_poster_found_in_the_toilets/
15:59:15 <Dot|Phone> North England is best England
15:59:23 <Dot|Phone> Apart from Blackpool
16:19:04 -!- BioPhone [~androirc@12.33.239.117] has joined #tlponies
16:19:44 <BioPhone> Hestagongenhorsen
16:29:04 <BioPhone> Asdfghjkl
16:29:10 <BioPhone> Werk bois
16:30:22 <Rawr|Fone> 🅱️io
17:03:23 -!- carcinisation [~thomas@cpc76294-cosh16-2-0-cust297.6-1.cable.virginm.net] has joined #tlponies
17:03:23 -!- mode/#tlponies [+v carcinisation] by Q
17:12:02 -!- Dot` [webchat@cloak-vnm1j07w.71.208.46.dyn.plus.net] has joined #tlponies
17:18:13 <Rawr|Fone> DoT DoT
17:19:03 <Dot`> Rawr Rawr
17:19:05 <Dot`> <3 <3
17:19:06 <Rawr|Fone> ❤❤
17:30:52 -!- Rawr|Phone [~AndChat52@m83-185-85-1.cust.tele2.se] has joined #tlponies
17:34:49 <BioPhone> How do nerd horses
17:37:49 <carcinisation> it is rain again. most inconvenient D:
17:38:50 <BioPhone> My rain is freeze
17:38:56 <BioPhone> Is snow
17:39:40 <carcinisation> that's the good kind of precipitation
17:40:28 <BioPhone> Nein, not when I'm not home!
17:40:43 <carcinisation> behold the magic roundabout http://i.imgur.com/4pMhdMl.gifv
17:43:20 <carcinisation> also TIL sock in esperanto is ŝtrumpeto
17:44:13 <BioPhone> I want nothing to do with that
17:44:27 <BioPhone> Evil circle
17:50:26 <BioPhone> They are driving on the wrong side!
17:56:17 <Dot`> pon
17:56:38 <carcinisation> ĉevaleto
18:15:44 -!- Zounds [webchat@cloak-07ouvien.14-2.cable.virginm.net] has joined #tlponies
18:15:47 <Zounds> hey
18:16:12 <Dot`> Heu zounds <3
18:16:34 <Zounds> hi dot
18:24:42 <carcinisation> hej zounds
18:28:12 <Zounds> o/
18:47:38 <Dot`> hows you zoonds
19:26:46 <Zounds> quite alright dottles
19:42:31 -!- BioPhone [~androirc@12.33.239.117] has joined #tlponies
20:01:13 -!- Golly [~kvirc@cm-84.213.21.103.getinternet.no] has joined #tlponies
20:09:29 <carcinisation> runbunny did you know ishuzoku reviewers is getting an anime!
20:10:09 <Runbunny> I did not!
20:10:23 <Runbunny> I am not familiar with the manga it would seem.
20:10:43 <Dot`> runbun!
20:10:46 <Dot`> hello
20:14:51 <Runbunny> Dot dot.
20:19:07 <Dot`> hows you bun
20:19:17 <Dot`> you doing good?
20:20:30 <Runbunny> I'm alright I believe.
20:20:36 <Runbunny> Still slacking though :/
20:22:30 <Dot`> youll get there runbun, its tough to stay motivated
20:22:43 <Dot`> but i believe in you <3
20:23:22 <carcinisation> have you been keeping up your exercise bun?
20:29:25 <Runbunny> I just resumed today.
20:31:56 <carcinisation> good
20:31:59 <carcinisation> .wiki Taiping War
20:32:20 <carcinisation> hmm not what i was after
20:33:29 <carcinisation> there we go https://en.wikipedia.org/wiki/Taiping_Rebellion
20:54:41 <Dot`> runbun
20:54:51 <Dot`> https://imgur.com/gallery/zn1AUuN
21:05:40 -!- BioPhone [~androirc@12.33.239.117] has joined #tlponies
21:17:56 -!- Crisium [~Crisium@c-24-3-150-105.hsd1.pa.comcast.net] has joined #tlponies
21:22:29 <Dot`> the cris horse
21:24:16 <Crisium> howdy
21:25:55 <Rawr|Phone> Crisioom
21:27:12 <Crisium> roor
21:30:39 -!- BioPone [~androirc@mobile-166-177-56-79.mycingular.net] has joined #tlponies
21:51:16 <Dot`> you pons are great
21:54:49 <Bio> I try
21:54:52 <Bio> also i hom
21:56:09 <Dot`> huzzah
21:56:25 <Dot`> https://www.reddit.com/r/mylittlepony/comments/ds2sxi/mlp_voice_actors_outtakes/
21:56:27 <Dot`> pony link
22:10:07 <Crisium> pon
22:11:42 <Dot`> i probably enjoyed the trixie lines the most, it suites her
22:11:51 <Crisium> that was pretty good lol
22:16:52 -!- DuB` [DuB@cpe-68-174-122-249.nyc.res.rr.com] has joined #tlponies
22:17:25 <DuB`> wewew
22:17:26 <Dot`> daaab
22:17:30 <DuB`> daaaat
22:17:59 <Crisium> dut
22:18:22 <Dot`> cros
22:27:55 <Dot`> hows you dub, crisium
22:28:27 <DuB`> Home early and I got a choco shake
22:28:29 <DuB`> P good :D
22:28:41 <Crisium> i am jelly of dub
22:29:06 <Dot`> its too cold for a shake dub
22:29:18 <Crisium> nonsense
22:29:22 <Crisium> dub is a mountain man
22:29:24 <Crisium> he is used to it
22:29:57 -!- Rawr|Fone [~AndChat52@c-4eb4e655.020-164-6d6c6d4.bbcust.telenor.se] has joined #tlponies
22:29:58 <DuB`> It is warm in the subways
22:30:06 <DuB`> A walk in the cool air and shake felt nice
22:30:21 <Dot`> been 4 degrees here all day
22:30:27 <Dot`> and rain
22:30:45 <Dot`> 40 minute walk home was cold
22:35:52 <Rawr|Fone> Dot my dear
22:36:09 <Rawr|Fone> Maybe you need a new system of transportation in the cold
22:40:01 <Dot`> can you come carry me?
22:40:33 <carcinisation> dub look how much more exciting f1 used to be https://pbs.twimg.com/media/EIohVf5WkAAo0Cr.jpg:large
22:40:48 <Rawr|Fone> Sure dot, I would love to
22:40:56 <DuB`> rofl reif
22:40:58 <carcinisation> runbunny https://twitter.com/rockpapershot/status/1191831964048875520
22:41:50 <Runbunny> It's all fun and games until someone activates the nuke in the bunker.
22:52:47 -!- skram [~skram@185.180.222.177] has joined #tlponies
22:52:52 <Dot`> jonas!
22:53:17 <Dot`> you survived the fire
22:53:22 <DuB`> :o
22:55:23 -!- Rawr|Fone [~AndChat52@c-4eb4e655.020-164-6d6c6d4.bbcust.telenor.se] has joined #tlponies
22:55:30 <Runbunny> Dub Jonas has proudly announcing that he was going to make a fire earlier.
22:55:49 <DuB`> Sounds fun
22:55:58 <Dot`> he even sent me a picture of his fire
22:56:02 <skram> what a fuckin day, pals
22:56:23 -!- Dot|Phone [uid393803@id-393803.stonehaven.irccloud.com] has joined #tlponies
22:56:25 <skram> the fire dept. left because they thought we had better control than they did
22:56:34 <DuB`> >_>
22:56:50 <Dot`> haha
22:56:51 <skram> which was sorta true because we've done this about a thousand times now lel
22:59:46 -!- Dot` [webchat@cloak-vnm1j07w.71.208.46.dyn.plus.net] has joined #tlponies
23:06:06 <Rawr|Fone> That doesn't sound good jonas
23:07:23 <Runbunny> It makes Jonas sound very professional.
23:08:00 <Dot|Phone> A professional fire bug 
23:09:20 -!- Crisium|2 [~Crisium@104.194.218.204] has joined #tlponies
23:14:08 -!- Crisium|3 [~Crisium@c-24-3-150-105.hsd1.pa.comcast.net] has joined #tlponies
23:27:22 -!- Rawr|Fone [~AndChat52@c-4eb4e655.020-164-6d6c6d4.bbcust.telenor.se] has joined #tlponies
23:27:57 <Camail> skram stop making bad fire
23:29:11 <skram> i wasnt even there when it happened
23:31:01 <Camail> well
23:31:17 <Camail> DuB`  skram  Runbunny  monhun?
23:33:12 <skram> we're doing it cam
23:33:19 <skram> well
23:35:44 <Rawr|Fone> But it's bed time skram
23:54:12 <carcinisation> bio https://pbs.twimg.com/media/EIjP9Q_WoAAxB2g.jpg
