00:37:11 -!- DuB` [DuB@cpe-68-174-122-249.nyc.res.rr.com] has joined #tlponies
01:18:02 <DuB`> Camail, saw a couple things recommending I use this tempered kirin quest to farm a bunch of tempered ED tracks while I have it. Worth?
01:18:42 <Camail> sure
01:18:53 <Camail> i just did it normally, but i see the value
01:19:29 <DuB`> Sounds chill. I could use some chill
01:45:16 <Runbunny> Soon^tm Dub.
02:29:42 <DuB`> Oooh, ya. Got 7 tempered ED investigations out of 30 minutes following kirin around
02:29:45 <DuB`> Seems good
02:45:13 -!- Rawr|Fone [~AndChat52@c-4eb4e655.020-164-6d6c6d4.bbcust.telenor.se] has joined #tlponies
02:48:47 <Camail> true grind lord
02:49:10 <Camail> you can also do tempered dragon investigations
02:49:15 <Camail> through SOS or through me
02:49:21 <Camail> once you beat kirin
05:06:39 -!- Rawr|Fone [~AndChat52@c-4eb4e655.020-164-6d6c6d4.bbcust.telenor.se] has joined #tlponies
05:10:50 -!- Golly [Golly@cm-84.213.21.103.getinternet.no] has joined #tlponies
05:51:58 -!- Rawr|Fone [~AndChat52@c-4eb4e655.020-164-6d6c6d4.bbcust.telenor.se] has joined #tlponies
06:07:47 -!- Rawr|Fone [~AndChat52@c-4eb4e655.020-164-6d6c6d4.bbcust.telenor.se] has joined #tlponies
06:44:34 -!- Dot|Phone [uid393803@id-393803.stonehaven.irccloud.com] has joined #tlponies
06:44:51 <Dot|Phone> Morning horses 
07:12:26 <Rawr|Fone> DoT DoT DoT
07:12:29 <Rawr|Fone> 💖💖💖
07:31:44 <Dot|Phone> Rawr Rawr Rawr
07:31:48 <Dot|Phone> 💖💖💖
07:36:38 -!- Rawr|Fone [~AndChat52@c-4eb4e655.020-164-6d6c6d4.bbcust.telenor.se] has joined #tlponies
08:15:25 -!- reification [~thomas@cpc76294-cosh16-2-0-cust297.6-1.cable.virginm.net] has joined #tlponies
08:15:25 -!- mode/#tlponies [+v reification] by Q
08:27:26 <Dot|Phone> Morning Reif
08:32:43 <reification> hi dotties
09:47:11 -!- tredc [~tredc@c83-254-129-166.bredband.comhem.se] has joined #tlponies
10:28:18 -!- Micen [~Micen@h186.140.40.162.dynamic.ip.windstream.net] has joined #tlponies
10:31:59 -!- Rawr|Fone [~AndChat52@c-4eb4e655.020-164-6d6c6d4.bbcust.telenor.se] has joined #tlponies
10:39:46 -!- Runbunny [~Runbunny@91.100.28.10.generic-hostname.arrownet.dk] has joined #tlponies
10:44:13 <Dot|Phone> Runbun
10:50:51 <Runbunny> Dot.
10:58:14 <Dot|Phone> How's the job /PhD progress? 
11:05:57 <Runbunny> Slow.
11:07:21 -!- tredc [~tredc@c83-254-129-166.bredband.comhem.se] has joined #tlponies
11:07:35 <Dot|Phone> I know that feeling
11:07:51 <Dot|Phone> Took me 3 years to get a job
11:09:36 <Runbunny> I have some stuff I should do.
11:09:48 <Runbunny> But there's a new day tomorrow.
11:17:28 <Dot|Phone> What's the plan today then? 
11:27:55 <Runbunny> idk
11:28:05 <Runbunny> Exist probably.
11:31:48 <Dot|Phone> Great start
12:07:11 -!- Rawr|Fone [~AndChat52@c-4eb4e655.020-164-6d6c6d4.bbcust.telenor.se] has joined #tlponies
12:15:04 <Rawr|Fone> Horses
12:15:14 <Runbunny> Henrik.
12:15:20 <Rawr|Fone> Anders.
12:19:01 <Dot|Phone> Rawr hest 
12:19:41 <Rawr|Fone> Dotpon
12:29:18 <reification> runbun https://twitter.com/Dumbsune/status/1181219534641999872
12:31:27 <reification> .tell skram https://twitter.com/platonic/status/1181304594216968195
12:53:15 -!- Rawr|Fone [~AndChat52@c-4eb4e655.020-164-6d6c6d4.bbcust.telenor.se] has joined #tlponies
13:18:50 -!- skram [~skram@37.120.141.28] has joined #tlponies
13:25:20 <Dot|Phone> Jonas horse 
13:46:40 <skram> dot
13:51:48 <Dot|Phone> How's you today
13:57:01 <skram> mediocre at best
13:57:02 <skram> hows werk
13:59:50 <Dot|Phone> It's ok
14:24:08 -!- Rawr|Fone [~AndChat52@c-4eb4e655.020-164-6d6c6d4.bbcust.telenor.se] has joined #tlponies
15:00:36 -!- Rawr|Fone [~AndChat52@c-4eb4e655.020-164-6d6c6d4.bbcust.telenor.se] has joined #tlponies
15:02:50 -!- Camail [~Camail@45.40.84.145] has joined #tlponies
15:02:50 -!- mode/#tlponies [+v Camail] by Q
15:05:05 <Rawr|Fone> Cam
15:05:13 <Camail> roar
15:08:54 <Rawr|Fone> How is life across the pond
15:16:18 <Camail> well, about the same
15:16:26 <Camail> it's morning
15:16:31 <Camail> so objectively worse
15:16:39 -!- Phearlock [webchat@cloak-mmem9569.215.120.245.getinternet.no] has joined #tlponies
15:16:44 <Phearlock> hey ponypons
15:17:52 <Rawr|Fone> Good evening phear
15:24:10 <CockRoach|42> https://derpy.tv/ is streaming all hors eps, as the series finale is happening this weekend :O
15:25:29 <Phearlock> I am watching my way through eps I missed this week too
15:25:43 <Phearlock> ...which is basically half of Season 9 at this point
15:31:25 -!- Cane [~Cane@CaneCraft.users.quakenet.org] has joined #tlponies
15:31:25 -!- mode/#tlponies [+o Cane] by Q
15:36:40 <Dot|Phone> I havnt watched pony on a long time, sad its ending though. 
15:44:04 <Runbunny> Well I am like 8 seasons behind.
15:44:10 <Camail> it's impressive how long the run was, honestly
15:44:17 <Runbunny> Indeed.
16:04:22 -!- Rawr|Fone [~AndChat52@c-4eb4e655.020-164-6d6c6d4.bbcust.telenor.se] has joined #tlponies
16:11:06 -!- Rawr|Fone [~AndChat52@c-4eb4e655.020-164-6d6c6d4.bbcust.telenor.se] has joined #tlponies
16:20:03 <Camail> the best part about code vain is that when a boss has a move that crashed the game, you can just play with an ai and kill the boss in 20 seconds
16:30:12 -!- Rawr|Fone [~AndChat52@c-4eb4e655.020-164-6d6c6d4.bbcust.telenor.se] has joined #tlponies
16:46:45 -!- Dot` [webchat@cloak-vnm1j07w.71.208.46.dyn.plus.net] has joined #tlponies
17:22:14 -!- Micen_ [~Micen@h169.49.172.72.dynamic.ip.windstream.net] has joined #tlponies
17:28:00 <Camail> dot r u dead
17:28:15 <Camail> tlp census time; have you died recently
17:29:37 -!- Rawr|Fone [~AndChat52@c-4eb4e655.020-164-6d6c6d4.bbcust.telenor.se] has joined #tlponies
17:29:37 <Dot`> only on the inside
17:43:35 <Golly> hm i may have made a mistake
17:43:53 <Golly> ive set up a playdate with my nephews to play deep rock galactic
17:43:57 <Golly> testing it now
17:44:06 <Golly> and its scary
17:44:09 <Golly> oh dear
17:46:25 <Runbunny> Hmmm.
17:48:38 <Camail> is that the dwarf game
17:48:42 <Golly> y
17:48:46 <Camail> it looks sick
17:48:57 <Camail> but yea if they're babies RIP
17:49:02 <Camail> lots of spiders
17:49:05 <Camail> big ones
17:49:08 <Golly> very atmospheric
17:49:20 <Camail> maybe have a back up game?
17:50:11 <Golly> yea theres options
17:50:31 <Camail> i got multiple pc periphal replacement parts yesterday after holding out for months
17:50:41 <Camail> it feels so niiiice have repaired/new stuff
18:18:04 -!- Rawr|Fone [~AndChat52@c-4eb4e655.020-164-6d6c6d4.bbcust.telenor.se] has joined #tlponies
18:20:36 <skram> what'd you get camail
18:20:57 <Camail> mousepad controller grips and mouse feet
18:21:38 <skram> oh hell yeah
18:21:44 <skram> mouse goes swoosh
18:33:43 <Camail> zoomin
18:59:49 -!- Rawr|Fone [~AndChat52@c-4eb4e655.020-164-6d6c6d4.bbcust.telenor.se] has joined #tlponies
19:54:20 <Camail> Dot`  skram  laaaaab
20:00:31 <skram> laaaaaaaab
20:04:02 <Dot`> ok, 1 run at labs quick
20:04:14 <skram> we're gonna wipe 9 times
20:05:39 * skram slaps Camail around a bit with a large trout
20:09:56 -!- BioPhone [~androirc@12.33.239.117] has joined #tlponies
20:12:01 <BioPhone> Hellos
20:38:59 <Dot`> didnt even wipe once skram
20:42:54 <skram> well cam did lel
20:43:02 <Camail> twice
20:43:08 <Camail> projectiles are the death of me
20:43:14 <Camail> this build is usually surrounded in ice
20:43:28 <Camail> i just need to respec to some health nbd
20:43:41 <Camail> but i dont feel like mathing it all out
20:44:02 -!- Rawr|Fone [~AndChat52@c-4eb4e655.020-164-6d6c6d4.bbcust.telenor.se] has joined #tlponies
20:45:19 <Dot`> skram, i linked my brother AvE videos, he was suppose to be studying
20:50:51 -!- BioPhone [~androirc@12.33.239.117] has joined #tlponies
20:56:16 -!- BioPhone [~androirc@12.33.239.117] has joined #tlponies
21:01:25 <skram> angry canadian yells at inanimate objects
21:07:01 -!- Crisium [~Crisium@c-24-3-150-105.hsd1.pa.comcast.net] has joined #tlponies
21:08:33 -!- BioPone [~androirc@mobile-166-176-250-117.mycingular.net] has joined #tlponies
21:17:00 <Crisium> how are pons
21:18:07 <Rawr|Fone> How is the crisioom
21:20:50 <Crisium> heckin sleepy
21:21:28 <Rawr|Fone> D:
21:33:57 <Bio> bush
21:35:06 <Bio> i need to pack lel
21:35:15 <Rawr|Fone> Häck
21:35:24 <Bio> >I'm In.<
21:43:00 <Crisium> where you packing to
22:05:18 -!- Rawr|Fone [~AndChat52@c-4eb4e655.020-164-6d6c6d4.bbcust.telenor.se] has joined #tlponies
22:39:56 -!- DuB` [DuB@cpe-68-174-122-249.nyc.res.rr.com] has joined #tlponies
22:51:53 <Runbunny> Dub!"
22:52:11 <DuB`> Ranban!
22:52:20 <Runbunny> How are things?
22:52:32 <DuB`> Quite ok
22:52:51 <Runbunny> When are you inviting skram over to the big city so he'll be dizzle?
22:52:56 <Runbunny> dizzy*
22:53:06 <DuB`> Well I've already invited EVERYONE :P
22:53:15 <Runbunny> O:
22:54:05 <Runbunny> The curse is real though.
22:54:16 <Runbunny> You mention skram and he dc's
22:54:42 <DuB`> hehe
23:08:11 -!- Cane [~Cane@CaneCraft.users.quakenet.org] has joined #tlponies
23:08:11 -!- mode/#tlponies [+o Cane] by Q
23:18:13 -!- Rawr|Fone [~AndChat52@c-4eb4e655.020-164-6d6c6d4.bbcust.telenor.se] has joined #tlponies
23:35:57 <Crisium> https://twitter.com/zheida/status/1182057048776806401
23:43:37 -!- Rawr|Fone [~AndChat52@c-4eb4e655.020-164-6d6c6d4.bbcust.telenor.se] has joined #tlponies
23:45:17 <Camail> DuB`  have you tried at kirin yet
23:48:57 <DuB`> T not AT, and naw
23:49:37 <Camail> do iiiiiit
