00:01:42 <Dot`> skram
00:04:06 <Dot`> Bio https://i.imgur.com/bSF4B7T.jpg
00:08:25 <Bio> mood
00:22:13 <Runbunny> I should sleep or something.
00:22:55 <Dot`> nah
00:22:57 <Dot`> its friday
00:23:09 <Runbunny> I have obligations tomorrow.
00:23:19 <Dot`> aww
00:40:46 <reification> night all
00:42:36 <Dot`> gnight reef <3
01:09:39 <Dot`> ignored by skram, sad day
01:23:01 <Bio> tt
01:24:02 <skram> Dot`
01:24:10 <skram> hey bud
01:24:32 <Bio> oh wow a ksrm
01:24:39 <Bio> my favorite in fact
01:24:49 <skram> a bio the boi in the flesh
01:25:03 <skram> my favorite out of all the bios there ever were
01:25:10 <Dot`> where you been
01:25:27 <Bio> bean
01:27:25 <skram> i was hunting the monster
01:34:23 <Bio> how went the hunts
01:42:34 <skram> well my cat is pumpkin and we destroyed some lizards
02:03:05 -!- Camail [~Camail@45.40.84.145] has joined #tlponies
02:03:05 -!- mode/#tlponies [+v Camail] by Q
05:23:14 <Rawr|Fone> 🐴🐴🐴
05:46:55 -!- Rawr|Fone [~AndChat52@c-4eb4e655.020-164-6d6c6d4.bbcust.telenor.se] has joined #tlponies
06:04:55 -!- Rawr|Phone [~AndChat52@m83-185-95-210.cust.tele2.se] has joined #tlponies
06:44:50 <Rawr|Phone> No morning horses
06:51:15 <Dot`> too eark
06:51:25 <Dot`> early
07:16:45 <Rawr|Phone> DoT DoT DoT
07:28:53 <Dot`> Rawr Rawr Rawr
07:29:05 <Rawr|Phone> ❤❤❤
07:29:07 <Dot`> <3 <3 <3
08:39:41 <CockRoach|42> hors hors
08:46:59 <Dot`> cr!
08:56:09 <DvB`> >_>
08:57:51 <CockRoach|42> DvB is the more fancy version of DuB
09:19:47 -!- tredc [~tredc@c83-254-129-166.bredband.comhem.se] has joined #tlponies
09:44:56 <Dot`> .tell dub` i dont understand this game, i watched a creature to 700 damage to another, i do like 20 damage a hit if im lucky, i chased a thing limping 3 times and never got it, it insta killed me twice with fire breath and once more becuase i missclicked...
10:05:11 <Rawr|Phone> Dot 
10:05:17 <Rawr|Phone> It probably pretty simple
10:05:20 <Rawr|Phone> Git gud
10:05:45 <Dot`> probably
10:07:50 -!- reification [~thomas@cpc76294-cosh16-2-0-cust297.6-1.cable.virginm.net] has joined #tlponies
10:07:50 -!- mode/#tlponies [+v reification] by Q
10:08:23 <Dot`> hey reif
10:12:22 -!- carcinisation [~thomas@cpc76294-cosh16-2-0-cust297.6-1.cable.virginm.net] has joined #tlponies
10:12:22 -!- mode/#tlponies [+v carcinisation] by Q
10:31:41 <reification> hi dotties
10:53:48 <Dot`> i hear england aint doing to great in the ball tackle today reif
11:15:19 -!- carcinisation [~thomas@cpc76294-cosh16-2-0-cust297.6-1.cable.virginm.net] has joined #tlponies
11:15:19 -!- mode/#tlponies [+v carcinisation] by Q
12:16:26 <Dot`> pon pon
12:41:47 <Dot`> CockRoach|42: https://imgur.com/gallery/xTMZ0KC
12:49:12 -!- Golly [~kvirc@cm-84.213.21.103.getinternet.no] has joined #tlponies
13:10:33 -!- skram [~skram@185.180.222.177] has joined #tlponies
13:11:21 <Dot`> jonas
13:11:26 <Dot`> friend
13:12:23 <skram> dot pal
13:21:17 <Dot`> what you been up to
13:21:42 <skram> i just woke up bud
13:26:58 <Dot`> sleepy horse
13:31:19 <carcinisation> like this? https://www.reddit.com/r/aww/comments/dqg8a7/my_horse_sleeping_like_a_dork/
13:37:24 <skram> i am neither a horse nor a dork
13:37:24 <skram> pls
13:39:49 -!- reification [~thomas@cpc76294-cosh16-2-0-cust297.6-1.cable.virginm.net] has joined #tlponies
13:39:49 -!- mode/#tlponies [+v reification] by Q
13:43:14 <Dot`> mhm
13:55:43 <Rawr|Phone> I think you are both skram
13:55:49 -!- carcinisation [~thomas@cpc76294-cosh16-2-0-cust297.6-1.cable.virginm.net] has joined #tlponies
13:55:49 -!- mode/#tlponies [+v carcinisation] by Q
14:42:14 -!- Zounds [webchat@cloak-07ouvien.14-2.cable.virginm.net] has joined #tlponies
14:42:19 <Zounds> hey
14:44:40 <Dot`> Zoonds <3
14:45:51 <Zounds> dot :)
14:46:22 <skram> zounds buddy
14:46:34 -!- Camail [~Camail@45.40.84.145] has joined #tlponies
14:46:34 -!- mode/#tlponies [+v Camail] by Q
14:47:12 <CockRoach|42> Dot`: awwwww :O
14:55:34 <Zounds> :)
15:36:08 -!- DuB` [DuB@cpe-68-174-122-249.nyc.res.rr.com] has joined #tlponies
15:39:37 <DuB`> Gud morns
15:41:12 <skram> the dub
15:44:09 <DuB`> ths skram
15:48:28 <DuB`> TLP discrod? Also I wanna give Dot` some helps :(
15:48:50 <Bio> asdf
15:48:52 <Bio> morn
15:55:23 <Camail> Dot` 
16:24:11 <Rawr|Phone> 🐴🐴🐴
16:43:55 -!- reification [~thomas@cpc76294-cosh16-2-0-cust297.6-1.cable.virginm.net] has joined #tlponies
16:43:55 -!- mode/#tlponies [+v reification] by Q
16:47:40 <Camail> skrum are you alive
16:48:53 <Bio> pone
16:52:49 -!- carcinisation [~thomas@cpc76294-cosh16-2-0-cust297.6-1.cable.virginm.net] has joined #tlponies
16:52:49 -!- mode/#tlponies [+v carcinisation] by Q
17:13:20 -!- reification [~thomas@cpc76294-cosh16-2-0-cust297.6-1.cable.virginm.net] has joined #tlponies
17:13:20 -!- mode/#tlponies [+v reification] by Q
17:16:17 <Dot`> hi dub, cam
17:16:26 <Camail> dort
17:48:29 -!- Rawr|Fone [~AndChat52@c-4eb4e655.020-164-6d6c6d4.bbcust.telenor.se] has joined #tlponies
18:00:57 <Zounds> what you guys up to
18:04:03 <Dot`> Zounds <3
18:04:06 <Dot`> not much, you?
18:04:11 <Dot`> just ate some crumpets
18:04:28 <Bio> how british
18:07:20 <Zounds> im just chillin' enjoying my saturday
18:07:31 <Zounds> got some salt and pepper chicken on the way
18:08:08 <Dot`> skram https://imgur.com/gallery/n8hliP8
18:08:11 <Dot`> honk
18:26:41 <skram> peace was never an option
19:03:57 -!- Rawr|Fone [~AndChat52@c-4eb4e655.020-164-6d6c6d4.bbcust.telenor.se] has joined #tlponies
19:22:38 -!- Rawr|Fone [~AndChat52@c-4eb4e655.020-164-6d6c6d4.bbcust.telenor.se] has joined #tlponies
19:33:40 -!- Runbunny [~Runbunny@91.100.28.10.generic-hostname.arrownet.dk] has joined #tlponies
19:33:56 <Runbunny> I return.
19:40:05 <Dot`> angel <3
19:54:36 -!- Camail_ [~Camail@45.40.84.145] has joined #tlponies
19:54:36 -!- mode/#tlponies [+v Camail_] by Q
20:27:45 -!- Rawr|Fone [~AndChat52@c-4eb4e655.020-164-6d6c6d4.bbcust.telenor.se] has joined #tlponies
20:35:00 <skram> Runbunny
20:35:07 <Runbunny> Jonas.
20:35:12 <Runbunny> My dear friend.
20:38:57 -!- Cane [~Cane@CaneCraft.users.quakenet.org] has joined #tlponies
20:38:58 -!- mode/#tlponies [+o Cane] by Q
20:40:52 <Zounds> ranban
20:41:19 <skram> how you bean runbunders
20:41:55 <Runbunny> Alright. I was painting my fathers new house.
20:42:02 <Runbunny> Well some of the rooms.
20:43:01 <skram> w hich shade of pink did you use
20:46:19 <Runbunny> Very bright, like as white as it can get.
21:35:37 -!- Rawr|Fone [~AndChat52@c-4eb4e655.020-164-6d6c6d4.bbcust.telenor.se] has joined #tlponies
21:40:48 <Runbunny> skram, https://i.imgur.com/mHopqGx.mp4
21:55:45 -!- reification [~thomas@cpc76294-cosh16-2-0-cust297.6-1.cable.virginm.net] has joined #tlponies
21:55:45 -!- mode/#tlponies [+v reification] by Q
22:03:28 -!- Rawr|Fone [~AndChat52@c-4eb4e655.020-164-6d6c6d4.bbcust.telenor.se] has joined #tlponies
22:14:13 <Zounds> reification: https://i.imgur.com/D1P2txW.png who needs genji
22:14:50 -!- Rawr|Fone [~AndChat52@c-4eb4e655.020-164-6d6c6d4.bbcust.telenor.se] has joined #tlponies
22:15:28 <reification> wow zounds
22:16:17 <Zounds> it's the new pvp ninja gear
22:16:23 <Zounds> very grey fox / genji
22:16:49 <Zounds> I was hoping I could lift the visor but /visor just turns the lights on and off
22:17:16 <reification> how disappointing 
22:53:37 -!- Rawr|Fone [~AndChat52@c-4eb4e655.020-164-6d6c6d4.bbcust.telenor.se] has joined #tlponies
22:59:38 <Runbunny> Dot`, help.
23:00:58 <Dot`> Angel
23:01:20 <Runbunny> I got home and my nose is now all stuffy and I feel bad.
23:02:08 <skram> runbun do drugs
23:03:26 <Runbunny> I don't have any anti viral drugs.
23:06:03 <Runbunny> I don't have any euphoric drugs either :/
23:06:15 <reification> maybe you should try sleep runbun, that often helps
23:09:44 <Runbunny> But then I can't be awake, what if I miss something?
23:16:03 <reification> the thing you are missing could be dreams
23:18:11 <Runbunny> Hmm.
23:27:44 -!- Crisium [~Crisium@c-24-3-150-105.hsd1.pa.comcast.net] has joined #tlponies
23:33:39 <Dot`> cris horse <3
23:40:12 <Zounds> hey cris
23:47:02 -!- Dot` [webchat@cloak-vnm1j07w.71.208.46.dyn.plus.net] has joined #tlponies
23:52:32 <Crisium> yo
23:52:36 <Crisium> you guys watching OWWC?
23:52:40 <Crisium> US vs SK was good
