00:47:39 <reification> dot rawr https://twitter.com/realDonaldTrump/status/1188909031403900928
01:08:28 <reification> night all
01:08:57 <Runbunny> Goodnight
01:09:01 <Runbunny> I go sleep as well.
01:09:19 <reification> sleep well bun
02:15:42 -!- Bio [~BioPon@97.70.165.146] has joined #tlponies
02:52:16 -!- DuB` [DuB@cpe-68-174-122-249.nyc.res.rr.com] has joined #tlponies
03:04:16 -!- Rawr|Fone [~AndChat52@c-4eb4e655.020-164-6d6c6d4.bbcust.telenor.se] has joined #tlponies
04:26:06 -!- Micen [~Micen@h169.49.172.72.dynamic.ip.windstream.net] has joined #tlponies
05:15:39 -!- Rawr|Fone [~AndChat52@c-4eb4e655.020-164-6d6c6d4.bbcust.telenor.se] has joined #tlponies
06:04:58 -!- Rawr|Fone [~AndChat52@c-4eb4e655.020-164-6d6c6d4.bbcust.telenor.se] has joined #tlponies
06:50:54 -!- Dot|Phone [uid393803@2001:67c:2f08:8::6:24b] has joined #tlponies
06:51:01 <Dot|Phone> Morning all
08:21:42 -!- Rawr|Fone [~AndChat52@c-4eb4e655.020-164-6d6c6d4.bbcust.telenor.se] has joined #tlponies
08:55:47 -!- Rawr|Fone [~AndChat52@c-4eb4e655.020-164-6d6c6d4.bbcust.telenor.se] has joined #tlponies
09:14:52 -!- reification [~thomas@cpc76294-cosh16-2-0-cust297.6-1.cable.virginm.net] has joined #tlponies
09:14:53 -!- mode/#tlponies [+v reification] by Q
09:33:04 -!- Golly [~kvirc@cm-84.213.21.103.getinternet.no] has joined #tlponies
09:48:43 -!- skram [~skram@93.190.137.173] has joined #tlponies
09:48:56 <reification> hei skram
09:49:17 <skram> hallo reif mann
09:51:37 -!- carcinisation [~thomas@cpc76294-cosh16-2-0-cust297.6-1.cable.virginm.net] has joined #tlponies
09:51:38 -!- mode/#tlponies [+v carcinisation] by Q
09:55:12 -!- tredc [~tredc@c83-254-129-166.bredband.comhem.se] has joined #tlponies
09:59:39 <Dot|Phone> Hey skram, Reif
10:01:04 <carcinisation> hi dotties
10:36:31 <skram> dot bjørn
10:59:12 <Dot|Phone> I have a headache skram
10:59:23 <skram> do drugs
10:59:28 <Dot|Phone> I have
11:02:20 <skram> which ones
11:04:54 -!- Runbunny [~Runbunny@91.100.28.10.generic-hostname.arrownet.dk] has joined #tlponies
11:05:59 <carcinisation> morning bun
11:07:00 <Runbunny> Hai!
11:12:06 <Dot|Phone> All of them skram
11:12:08 <Dot|Phone> Hey runbun
12:34:05 -!- Rawr|Fone [~AndChat52@c-4eb4e655.020-164-6d6c6d4.bbcust.telenor.se] has joined #tlponies
12:43:42 <Rawr|Fone> 🐴🐴🐴
12:51:58 <Dot|Phone> Rawr hest
12:52:09 <Rawr|Fone> Dot hest
12:59:32 <Dot|Phone> 💖💖💖
12:59:38 <Dot|Phone> How's you Rawr
13:07:12 <carcinisation> https://twitter.com/sherlocution/status/1184441060182888450
13:19:54 -!- reification [~thomas@cpc76294-cosh16-2-0-cust297.6-1.cable.virginm.net] has joined #tlponies
13:19:55 -!- mode/#tlponies [+v reification] by Q
13:23:43 <reification> nicely done google https://dotclue.org/archive/2019/09/006072/
13:42:41 -!- Rawr|Fone [~AndChat52@c-4eb4e655.020-164-6d6c6d4.bbcust.telenor.se] has joined #tlponies
13:49:39 <reification> .tell zounds https://danbooru.donmai.us/posts/2270752
14:04:36 -!- Rawr|Fone [~AndChat52@c-4eb4e655.020-164-6d6c6d4.bbcust.telenor.se] has joined #tlponies
14:08:39 -!- Rawr|Phone [~AndChat52@m83-185-91-85.cust.tele2.se] has joined #tlponies
14:20:42 <reification> runbunny can't remember if i linked before: https://www.nature.com/articles/d41586-019-02275-3
14:26:08 -!- Cane [~Cane@CaneCraft.users.quakenet.org] has joined #tlponies
14:26:08 -!- mode/#tlponies [+o Cane] by Q
14:43:45 <Dot|Phone> Hey Cane <3
14:49:58 <reification> runbunny https://danbooru.donmai.us/posts/2469300
14:59:43 <Rawr|Phone> DoT DoT DoT
15:12:44 <Dot|Phone> Rawr Rawr Rawr
15:14:13 <Rawr|Phone> 💖💖💖
15:14:21 <Rawr|Phone> How are you doing dear
15:16:20 <Dot|Phone> 💖💖💖
15:16:34 <Dot|Phone> Painkiller had taken effect so that's helped
15:20:34 -!- skrm [webchat@pioj.eid3.887x.ip] has joined #tlponies
15:35:37 <Rawr|Phone> Skrm
15:35:51 <skrm> henrk
15:35:54 <Rawr|Phone> Don't do drugs dot
15:36:04 <Rawr|Phone> Jns
15:51:14 <Dot|Phone> Drugs are your friend Rawr
15:53:09 <Rawr|Phone> No
15:56:22 <skrm> do drugs dot
16:12:09 <Dot|Phone> Skram please
16:12:36 <Dot|Phone> I'm trying
16:13:56 <Dot|Phone> This country is so padantic though
16:29:23 <Bio> big asdf
16:40:43 <reification> like this bio? https://www.youtube.com/watch?v=IYnsfV5N2n8
16:49:03 -!- Rawr|Fone [~AndChat52@c-4eb4e655.020-164-6d6c6d4.bbcust.telenor.se] has joined #tlponies
16:50:04 -!- Dot` [webchat@cloak-vnm1j07w.71.208.46.dyn.plus.net] has joined #tlponies
16:51:50 <Dot|Phone> Bio
16:53:59 <reification> runbunny paper of the day based on title: https://escholarship.org/content/qt68h9h675/qt68h9h675.pdf#page=2
17:09:39 <Bio> dot
17:10:28 <Dot`> Hello friend
17:18:19 -!- Rawr|Fone [~AndChat52@c-4eb4e655.020-164-6d6c6d4.bbcust.telenor.se] has joined #tlponies
17:29:10 <Dot`> .tell dub` https://imgur.com/gallery/6Lznya4
17:35:13 <CockRoach|42> https://scontent.fmmx1-1.fna.fbcdn.net/v/t1.0-9/74367257_3126337277436791_927631765349072896_n.jpg?_nc_cat=108&_nc_oc=AQnXkqrY5jx4g69-vvxZz1hhwEXN6MSR1bgEwQr9cCFs0-2Q02WKTvnL0XbY6mI7hss&_nc_ht=scontent.fmmx1-1.fna&oh=875e5cc998a4085d12eb62604bf2acc1&oe=5E173A66
17:47:59 -!- Dot` [webchat@cloak-vnm1j07w.71.208.46.dyn.plus.net] has joined #tlponies
17:52:16 <Dot`> skrm snela
18:03:41 -!- Rawr|Fone [~AndChat52@c-4eb4e655.020-164-6d6c6d4.bbcust.telenor.se] has joined #tlponies
19:26:56 -!- Rawr|Fone [~AndChat52@c-4eb4e655.020-164-6d6c6d4.bbcust.telenor.se] has joined #tlponies
19:30:47 <Bio> hows everyone
19:33:38 <Dot`> sleepy
19:52:22 <Runbunny> Slow day
19:53:43 <Dot`> runbun
19:53:49 <Dot`> did you go outside today
19:53:56 <Runbunny> Nah.
19:54:16 <reification> i did it was cold
19:54:23 <reification> but not snowing
19:54:29 <reification> a poor combination
19:54:58 <Dot`> indeed
19:55:12 <Runbunny> Maybe I should head out for a spell
19:55:18 <Dot`> why even bother being cold if your not going to snow
19:55:21 <Dot`> dumb weather
19:58:13 <Bio> srs
20:02:33 <Dot`> hmm, there has been a lack of goose memes
20:02:42 <Dot`> sad Honk :(
20:03:29 <Micen> https://twitter.com/Saiato/status/1188864045136220160
20:03:41 <Micen> there have a goose meme. 
20:05:51 <Dot`> *dissapointment continues*
20:11:59 -!- Rawr|Fone [~AndChat52@c-4eb4e655.020-164-6d6c6d4.bbcust.telenor.se] has joined #tlponies
20:12:27 -!- Camail [~Camail@45.40.84.145] has joined #tlponies
20:12:27 -!- mode/#tlponies [+v Camail] by Q
20:12:49 <Dot`> mac
20:13:18 -!- Crisium [~Crisium@c-24-3-150-105.hsd1.pa.comcast.net] has joined #tlponies
20:13:33 <Dot`> hey Crisium 
20:13:41 <Crisium> hedge dot
20:13:45 <Camail> yo
20:19:59 <reification> hi cam i see there is a board game anime this season https://www.youtube.com/watch?v=P0Qu5fAZRYs
20:21:03 <Camail> yea that makes sense
20:54:55 <reification> oh joy, we're getting an election dot
21:00:05 <Dot`> yay?
21:00:06 <Dot`> about?
21:00:28 <reification> it's a general election 
21:00:46 <reification> to get a parliament that can actually get something done
21:00:57 <Dot`> reif snela
21:01:26 <Dot`> anyone who wants to get into parliment wont be the type of person to get things done
21:04:06 <Dot`> i will at least try figure out how this countries elections work i guess
21:05:16 <Crisium> vote for me
21:07:01 <Dot`> whats your policies?
21:07:16 <Dot`> or agenda, or.. im not even sure what an MP has
21:07:21 <Dot`> besides likes
21:07:23 <Dot`> lies
21:10:47 <Bio> ASDF
21:10:50 <Bio> caps
21:10:56 <Dot`> CAPS
21:15:27 <Dot`> skrm https://imgur.com/gallery/ZihRrEU
21:15:37 <Dot`> to help with work
21:16:01 <Dot`> it has important sound
21:18:36 <Dot`> https://i.imgur.com/b1thUFj.png
21:21:40 <Dot`> runbun https://imgur.com/t/untitledgoosegame/6MtzKFQ
21:28:26 <Rawr|Fone> DoT DoT
21:30:05 <Dot`> Rawr Rawr
21:30:16 <Dot`> <3 <3
21:30:46 <Rawr|Fone> ❤❤
21:31:00 <Rawr|Fone> How was your day my dear
21:31:35 <Dot`> it was ok rawr, earlier bed tonight i tihnk
21:31:45 <Dot`> how abotu you? you havea  great day?
21:35:53 <Rawr|Fone> Pretty great
21:35:56 <Rawr|Fone> So far
21:47:36 -!- Rawr|Fone [~AndChat52@c-4eb4e655.020-164-6d6c6d4.bbcust.telenor.se] has joined #tlponies
22:03:18 <Crisium> oh my policy is give your money to me
22:03:27 <Crisium> i will dedistribute it equally to the people
22:03:30 <Crisium> after i take half
22:05:47 <Dot`> hmmm, better than the 100 million pound advertising campghn they aplnned to do for brexit date
22:07:29 -!- Rawr|Fone [~AndChat52@c-4eb4e655.020-164-6d6c6d4.bbcust.telenor.se] has joined #tlponies
22:26:56 -!- skram [~skram@93.190.137.173] has joined #tlponies
22:28:28 <skram> im alive
22:32:50 -!- Rawr|Fone [~AndChat52@c-4eb4e655.020-164-6d6c6d4.bbcust.telenor.se] has joined #tlponies
22:52:20 <reification> good job skram have some cats https://dotclue.s3.amazonaws.com/img/tumblr_ps8pradzXD1ugsfr2o1_640.jpg https://dotclue.s3.amazonaws.com/img/tumblr_ps9exagF8H1skbhujo1_1280.jpg
22:52:37 <skram> what a gift
22:53:00 <skram> thank you for this bounty
23:25:20 -!- BioPhone [~androirc@97.70.165.146] has joined #tlponies
23:35:22 <reification> i also found some promising isekai for you to hope to be animated skram https://dotclue.org/archive/2019/09/006035/
23:43:24 <skram> i've read most of these lol
23:43:49 <skram> maybe i should check out the isekai adult video film crew...
23:57:41 -!- carcinisation [~thomas@cpc76294-cosh16-2-0-cust297.6-1.cable.virginm.net] has joined #tlponies
23:57:42 -!- mode/#tlponies [+v carcinisation] by Q
