00:31:47 -!- Rawr|Fone [~AndChat52@84-217-62-32.customers.ownit.se] has joined #tlponies
00:41:42 <DuB`> Ow
00:41:57 <DuB`> That was the most essercise I've done all at once this whole summer!
00:45:22 <skram> are you bleeding on the inside again?
00:47:37 <DuB`> Doesn't feel like it
00:47:53 <skram> phew
00:47:58 <DuB`> I can barely lift a cup to my face though, my arms are useless right now haha
00:48:01 <DuB`> CAN'T
00:48:03 <DuB`> HYDRATE
00:48:20 <skram> DUB YOU NEED TO HYDRATE
00:48:29 <DuB`> hail
00:48:38 <DuB`> hydraaaaableh
01:01:10 <DuB`> Houston Outlaws showing solo tank strats after 3 stages of GOATS from every team -- the viewers shed tears of joy
01:45:01 -!- skram [~skram@134.19.189.84] has joined #tlponies
02:45:25 <DuB`> https://twitter.com/archillect/status/1141891157879922688
02:45:43 -!- Camail [~Camail@45.40.84.145] has joined #tlponies
02:45:43 -!- mode/#tlponies [+v Camail] by Q
03:17:49 <Camail> ded
03:57:46 <DuB`> Ya v sleepy
03:58:04 <DuB`> I did like... TWO exercise
03:59:23 <Camail> be careful you dont mess your guts up again
03:59:32 <Camail> that wasn't very entertaining last time
04:01:57 <DuB`> Mmmmyes
04:05:23 <DuB`> Now I have cake because you can't be TOO healthy
05:36:34 <Camail> woo, uber lab is done
05:36:50 <Camail> it is VERY stressful when you dont have life regen
05:56:54 <Camail> .tell dot` i found a ring with decent resists and ES, it's in the stash.
06:00:24 -!- DoT|Phone [~Dot@232.123.7.51.dyn.plus.net] has joined #tlponies
06:02:55 -!- Rawr|Fone [~AndChat52@84-217-62-32.customers.ownit.se] has joined #tlponies
06:06:18 <DoT|Phone> morning
06:07:42 <Camail> doot doot
06:07:56 <Camail> i finished my uber lab and am a very strong boy
06:08:27 <DoT|Phone> great. what's next
06:09:00 <Camail> well i want the wings, so i gotta doe a lot more challenges
06:09:08 <Camail> and get better gear in general
06:09:38 <Camail> i have general end game gear but only my weapons are legit good
06:09:51 <Camail> i'm glad i can use frenzy charges again, i missed going fast
06:10:23 <DoT|Phone> zooom
06:17:29 <DoT|Phone> Rawr Every Pokémon, by Evolution (Pixiv id=5555486) https://imgur.com/gallery/htZBWhv
06:36:32 -!- DoT` [~Dot@232.123.7.51.dyn.plus.net] has joined #tlponies
06:43:50 -!- DoT|Phone1 [~Dot@85.255.234.29] has joined #tlponies
06:52:16 <DoT|Phone1> Skram
06:52:18 <DoT|Phone1> dub
06:58:13 <DoT|Phone1> so alone
07:21:49 <Rawr|Fone> DoT DoT
07:40:43 <DoT|Phone1> Rawr Rawr
07:40:51 <DoT|Phone1> 💖💖
07:41:11 <Rawr|Fone> 💖💖
07:45:37 -!- Golly [Golly@cm-84.212.249.112.getinternet.no] has joined #tlponies
07:59:04 <Camail> phone boys
07:59:07 <Camail> sleep time
07:59:08 <Camail> zzz
08:01:59 -!- Runbunny [~Runbunny@91.100.28.10.generic-hostname.arrownet.dk] has joined #tlponies
08:08:18 <Rawr|Fone> Anders.
08:12:50 -!- Rawr|Phone [~AndChat52@m83-185-85-175.cust.tele2.se] has joined #tlponies
08:14:50 <DoT|Phone1> Runbun!
08:15:06 <DoT|Phone1> you pinged me last night,  I had just fallen asleep
08:16:39 -!- reification [~thomas@cpc76294-cosh16-2-0-cust297.6-1.cable.virginm.net] has joined #tlponies
08:16:39 -!- mode/#tlponies [+v reification] by Q
08:17:02 <DoT|Phone1> reef
08:17:07 <DoT|Phone1> hedge
08:17:09 <reification> dawt
08:17:12 <reification> shrub
08:39:36 <Runbunny> Yes dot.
08:39:41 <Runbunny> You weren't cheering Hob on.
08:40:02 <reification> :O
08:40:07 <DoT|Phone1> did he do the thing?
08:42:50 -!- BioSC [~BioPon@97.70.165.146] has joined #tlponies
09:11:21 <Runbunny> No he lost a run to the boss bugging out.
09:12:12 <reification> .tell dub` https://twitter.com/SpeciesPodcast/status/1140941908312764416
09:12:20 <reification> runbun https://pbs.twimg.com/media/D9gXur6XsAEbFZf.jpg
09:12:38 <reification> i should get breakfast and go lift things
09:47:43 <skram> i want to go back to sleep but its too bloody hot
09:47:58 <skram> reification, will you come lift my spirits instead
09:50:09 <reification> read the manga i linked runbun that should do the trick https://mangadex.org/title/31690/do-chokkyuu-kareshi-x-kanojo
09:54:02 <Runbunny> It's pretty funny Jonas.
10:11:13 <DoT|Phone1> Skram! friend of mine
10:37:41 <skram> Dot old pal
10:40:27 <DoT|Phone1> so old
10:40:38 <DoT|Phone1> how's your day
10:41:00 <skram> well i was rudely awoken by the friggin sun
10:41:45 <DoT|Phone1> stop buying shoo much lewd anime and get a roll down blind for your window
10:41:59 <DoT|Phone1> so much*
10:42:21 <skram> i have roll down blinds
10:42:24 <skram> but it gets too hot
10:42:35 <DoT|Phone1> an air C
10:42:38 <DoT|Phone1> con
10:44:00 <skram> i do have a portable one but theres no way to dump the hot air outside because the windows are stupid
10:45:04 <DoT|Phone1> very troubling
10:50:56 <DoT|Phone1> swap your bedroom to a different room?
10:51:31 <skram> how many rooms do you think i have dot
10:51:44 <DoT|Phone1> 6
10:51:52 <DoT|Phone1> but at least 2
10:52:28 <skram> well i have 2 rooms and they're both facing east
10:52:54 <DoT|Phone1> sounds silly
10:53:04 <DoT|Phone1> how hot is your room?
10:53:22 <skram> hotter than a 2 dollar pistol, dot
10:53:39 <skram> i dont know, probably 25-30c
10:54:08 <DoT|Phone1> anything over 28 starts to get uncomfortable
10:54:23 <DoT|Phone1> must be furnace like for a Norwegian
10:56:11 <skram> well solstice happens today so its steadily approaching winter again thank god
10:57:16 <DoT|Phone1> when's a good time of year to visit Norway?
10:59:00 <skram> mid-february
10:59:05 <skram> all the snow
10:59:27 <DoT|Phone1> sounds cold
10:59:33 <skram> thats the best part!
11:00:07 <DoT|Phone1> I can't survive under 5 degrees
11:00:20 <skram> wear a jacket
11:00:28 <DoT|Phone1> complaining starts at below 15
11:01:22 <DoT|Phone1> my nose gets cold!
11:02:04 <skram> if you leave it alone for long enough it just falls off and you dont have to worry about it no more
11:02:46 <DoT|Phone1> hmm. what's November like?
11:03:17 <skram> sort of cold but not much snow
11:03:50 <DoT|Phone1> hmm. I do like snow
11:08:22 -!- Rawr|Fone [~AndChat52@84-217-62-32.customers.ownit.se] has joined #tlponies
11:09:38 <DoT|Phone1> I just looked up averages for temp in Oslo. Norway's cold
11:09:42 <DoT|Phone1> all the time
11:09:54 <Rawr|Fone> You are too picky with temperatures dot
11:10:07 <skram> oslo is not so bad, hamar is much colder usually
11:11:49 <Runbunny> Cold is better.
11:15:29 <skram> you were right runbun, this is hilarious
11:16:00 <DoT|Phone1> hmm. it's only about £100 fir a return trip from Manchester to Oslo
11:16:31 <Rawr|Fone> Jonas snela
11:16:57 <skram> i am snel, henrik
11:19:05 <DoT|Phone1> Skram, how long could you support a south African in your house?
11:19:39 <skram> how much do south africans eat
11:20:22 <DoT|Phone1> I bought enough meals to last me 2 weeks of suppers, after 3 weeks I still had half of it left
11:20:40 <DoT|Phone1> so I don't think much.
11:20:49 <skram> maybe you should eat more
11:21:27 <DoT|Phone1> probably. but I'm only 5' so there isn't much to feed
11:21:56 <skram> hmm hmm
11:23:28 <DoT|Phone1> I know you have a nice couch
11:24:00 <skram> it is a nice couch
11:32:11 <Rawr|Fone> There is a nice jonas there as well dot
11:33:01 <DoT|Phone1> is that true?
11:34:03 <skram> untrue, jonases are never nice
11:34:03 <Rawr|Fone> I would say it is the very best jonas of them all
11:34:47 <DoT|Phone1> those statements could both be true
11:38:00 <Rawr|Fone> Yes
11:39:42 <DoT|Phone1> I should just show up at his door. nothing he could do then.
11:41:23 <skram> true that
11:41:34 <skram> im pretty boring though, you should bring a lego and we'll have a competition
11:42:30 <DoT|Phone1> it's fine. I'm easily entertained
11:45:46 <DoT|Phone1> I have 5 days of holiday about to use and I know Skram is off every third week.
11:45:48 <DoT|Phone1> easy
11:46:07 <skram> every 6th week
11:46:17 <DoT|Phone1> I was close
11:47:04 <Rawr|Fone> Very close
11:49:37 <DoT|Phone1> who wouldn't want their 1 week off relaxation used up by someone else?
12:04:08 <Rawr|Fone> That depends on who that someone else is dot
12:04:55 <skram> i hear africans are very rowdy
12:08:16 <DoT|Phone1> as we all know the further south you go on earth everything gets worse
12:10:22 -!- Zounds [webchat@cloak-07ouvien.14-2.cable.virginm.net] has joined #tlponies
12:10:33 <DoT|Phone1> Zounds
12:11:15 <Zounds> hey
12:20:52 -!- BioPhone [~androirc@12.33.239.117] has joined #tlponies
12:23:42 <BioPhone> Hej
12:24:58 <DoT|Phone1> hedge
12:28:35 <BioPhone> Neigh
12:33:57 -!- DoT|Phone [~Dot@85.255.234.70] has joined #tlponies
12:48:07 -!- BioPhone [~androirc@12.33.239.117] has joined #tlponies
12:51:57 -!- DoT|Phone1 [~Dot@185.69.145.54] has joined #tlponies
12:59:02 <Rawr|Fone> 🐴🐴🐴
12:59:19 <DoT|Phone1> Rawr Rawr
12:59:21 <DoT|Phone1> how's you
12:59:44 <Rawr|Fone> DoT DoT
12:59:51 <Rawr|Fone> Pretty gooood
12:59:52 <DoT|Phone1> 💖💖
13:00:02 <Rawr|Fone> How are you doing today my dear
13:00:04 <Rawr|Fone> 💖💖
13:00:40 <DoT|Phone1> I'm ok Rawr
13:02:04 <Rawr|Fone> Great
13:17:26 <reification> twitter is telling me to eat horse sashimi :O
13:17:34 <reification> it's probably dubs fault
13:17:50 <DoT|Phone1> probably
13:24:28 <Runbunny> Yeah that explains it.
13:25:34 <skram> horse sashimi sounds great tbh
13:29:35 <DoT|Phone1> no
13:33:21 <reification> https://twitter.com/Nigrotoro/status/1138795427992690688
13:38:19 -!- DoT|Phone [~Dot@85.255.233.67] has joined #tlponies
14:12:57 -!- DoT|Phone1 [~Dot@85.255.236.70] has joined #tlponies
14:14:50 -!- DoT|Phone2 [~Dot@232.123.7.51.dyn.plus.net] has joined #tlponies
14:16:00 -!- DoT` [~Dot@232.123.7.51.dyn.plus.net] has joined #tlponies
14:24:27 <Rawr|Fone> DoT
14:24:37 <skram> DoT
14:25:16 <DoT`> Rawr, skram <3
14:25:42 <DoT`> whole team left to the pub and no one even came to say "see you monday"
14:25:44 <DoT`> so i went home
14:26:58 <skram> go to the pub
14:28:05 <DoT`> alone? seems lonely
14:29:36 <reification> they didn't invite you :O how rude
14:33:14 <DoT`> yea, so im going to sit play video games 
14:40:12 <skram> oh shit
14:40:22 <skram> i only got one week of work before summer vacation
14:42:28 <DoT`> you get summer vacation?
14:45:41 <skram> apparently
14:46:48 <DoT`> how long is it@
14:47:07 <skram> 3 weeks i think
14:49:17 <DoT`> what you going to do with all that time?
14:49:26 <skram> maybe ill come to australia
14:52:18 <DoT`> i can get you an invite to the wedding easy
14:59:30 <skram> nice
14:59:38 <skram> ill be the mysterious stranger
15:00:33 <Zounds> don't open fire like the one from fallout
15:01:13 <skram> ill leave my big iron at home
15:07:13 -!- BioPhone [~androirc@12.33.239.117] has joined #tlponies
15:15:46 -!- BioPhone [~androirc@12.33.239.117] has joined #tlponies
15:45:39 -!- Camail [~Camail@45.40.84.145] has joined #tlponies
15:45:39 -!- mode/#tlponies [+v Camail] by Q
15:48:46 <Camail> no
15:51:07 <Zounds> hey cam
15:51:13 <Camail> hihi
16:15:47 -!- skram [~skram@185.217.171.47] has joined #tlponies
16:16:12 <skram> dot why did you make my confuser reboot
16:16:30 <DoT`> i didnt even ping you this time
16:17:01 <DoT`> maybe it got infected when you went to sweden
16:18:26 <skram> sweden is a scary place
16:27:51 -!- DuB` [DuB@65-130-75-179.slkc.qwest.net] has joined #tlponies
16:27:55 <DuB`> wew
16:28:05 <skram> look at this guy
16:28:38 <DoT`> its dub
16:28:42 <Zounds> dab
16:29:27 <DuB`> O dear it is Friday already
16:29:32 <DuB`> Busy tomoro and move on sundey!
16:29:35 <skram> friday WOOOOoo
16:29:50 <Zounds> You're not allowed to be happy since i have a 5am start tomorrow
16:30:00 <Zounds> I forbid it
16:32:36 <Camail> skram DoT` how many trials do you have to find
16:32:58 <skram> 4
16:33:20 <skram> zounds does that mean im gonna be the sad boi 5ever now
16:33:22 <Camail> whe you're down to like one or two you can go to global 820 to find them
16:33:25 <skram> how cruel
16:33:30 <Camail> just type /global 820
16:33:38 <skram> ??
16:33:46 <Camail> ???????
16:33:54 <Camail> i can ? too
16:33:57 <Camail> you're not special
16:34:00 <skram> ?goodjob
16:34:45 <DoT`> i dont even know cam, so i guess all of them
16:35:01 <Zounds> you work unorthodox hours too skram so you can be happy that's fine
16:35:21 <skram> phew
16:36:08 <Zounds> you're a relatable character
16:49:08 <DoT`> reif skram dub` https://imgur.com/gallery/vYxjWxH
16:52:10 <skram> im gonna go do some welding
16:52:34 <DoT`> dont weld yourself to things
16:59:20 <Zounds> some nice animes there DoT` 
16:59:33 <reification> true
16:59:48 <Zounds> Reminded me that Made in Abyss exists too
16:59:50 <Zounds> I liked that one
17:02:52 <Zounds> Also I never actually watched Kill La Kill
17:03:13 <Zounds> It was popular on this IRC but I think I was too much of a contrarian to enjoy it
17:03:30 <DoT`> it was dum, that was the draw
17:23:01 <Camail> eh, it was more than that
17:23:48 <Camail> there were a lot of references that you'd have to know to get the most out of it, tho
17:34:30 <Runbunny> I should rewatch kill al kill.
17:34:33 <Runbunny> Hmm.
17:36:14 <Camail> DuB`  https://www.twitch.tv/esl_csgo
17:38:02 <DuB`> oo
17:38:21 <Runbunny> Dub Dub.
17:38:22 <DuB`> Oh POO there's also doto major that started a day or two ago I forgot
17:38:29 <DuB`> Doto watching is the besd
17:39:22 <DuB`> Or does it start tomoro
17:39:23 <DuB`> hmm
17:39:28 <DuB`> Run bun
17:53:24 <Runbunny> But I also want to rewatch Baka to test.
18:06:18 <Camail> runbun i finally did uber lab and my build feels less garbage
18:06:24 <Camail> the degen is REAL,  tho
18:06:32 <Camail> this build could never work without a life flask
18:14:01 <Camail> we should do tlp hardcore some time in the future
18:14:55 <Runbunny> I got my last trials yesterday as well.
18:15:33 <Runbunny> Sadly my last acendency points isn't too powerful.
18:19:33 <Camail> i got to t15 maps without it so i gave up and found one from someone
18:19:42 <Camail> i did it naturally for the last two leagues
18:21:24 <Runbunny> MY friend told me that it was in his map, so I went and did it, then I returned to my own map I was running went through a door and the same trial was there as well.
18:23:13 <Camail> lul
18:24:16 <Camail> i'm strongly considering altering my build, removing all the dodge % and going for armor and replacing immortal call with molten shell
18:25:25 <Camail> i dont like losing my endurance charges, but i'll go immortal call with chieftan cuz that's really strong
18:38:23 <Runbunny> I should make a cast when damage taken set up as well.
18:38:56 <Runbunny> fortitude as well.
18:53:31 <Camail> fortitude is easy now that shield charge is a thing for spellcasters
19:41:26 <Zounds> pon pon
19:42:55 <Camail> nop nop
20:05:29 <Camail> dot how's the dnd going
20:05:46 <Camail> has it managed to drain your life force yet
20:09:05 <DoT`> weeks ago
20:09:12 <DoT`> i just want to play, not DM
20:20:13 -!- Rawr|Fone [~AndChat52@84-217-62-32.customers.ownit.se] has joined #tlponies
20:29:17 -!- skram [~skram@185.217.171.47] has joined #tlponies
20:29:37 <DoT`> skram
20:30:23 <skram> hey pal
20:30:50 <skram> you know how when you weld theres molten metal spraying everywhere?
20:30:56 <skram> i got some in my ear
20:32:14 <DoT`> thats not good
20:40:15 <DuB`> !?
20:41:12 -!- BioPhone [~androirc@12.33.239.117] has joined #tlponies
20:41:20 <skram> ?!
20:44:40 <DuB`> skram you need your ears for music-hearing please be careful
20:45:58 <skram> oh ok
21:05:58 -!- BioPone [~androirc@mobile-166-170-27-49.mycingular.net] has joined #tlponies
21:32:23 <DoT`> what doing skram
21:32:48 <BioSC> hej
21:32:49 <BioSC> i hom
21:35:53 <DoT`> hi hom
21:36:42 <DoT`> Dub
21:36:48 <DoT`> hows studies
21:40:36 <DuB`> 2 much
21:41:59 <DoT`> aww
21:42:19 <DoT`> dnd tomorow at least
21:48:42 <skram> hi hom IM DAD
21:49:23 <skram> BioSC this is my new favorite playlist https://www.youtube.com/watch?v=7RNVIejm7zA&list=PLy1RoYlej6xWqRRci7K_OuQWa-7UgG0uo
21:50:20 <DoT`> its got everythign you need
21:51:13 <BioSC> bjenglebjorts house words
21:53:28 <skram> prodigious size alone does not dissuade the sharpened blade
21:53:48 <DoT`> is that one for lomgwalker?
21:55:05 <skram> well it is now
21:55:50 <BioSC> https://www.youtube.com/watch?v=oGpgqqSl3_k
21:55:53 <BioSC> mood
21:57:03 <skram> i dont think i could dance that well while screaming
21:57:18 <DoT`> have you tried?
21:57:31 <skram> yes i always scream while dancing
21:57:54 <DoT`> or do you dance while screaming?
21:58:05 <skram> hmm im not sure
21:58:31 <BioSC> if i'm dancing, something is going very wrong in my life
21:58:35 <BioSC> so scream is good
21:59:31 <DoT`> Runbunny
21:59:37 <DoT`> hob is close again
21:59:50 <skram> ill teach you how to waltz, bio
22:02:23 <BioSC> so long as i'm allowed to yell like link, fine
22:02:34 <skram> obviously
22:07:50 <Runbunny> Dot dot
22:08:02 <Runbunny> I'm wacthing Elajjaz atm.
22:08:21 <DoT`> uhm, i see i missed hob death
22:08:39 <DoT`> wha does this ela person do?
22:09:05 <Runbunny> currently he's playing like a yakuza spin off game.
22:09:10 <Runbunny> I think.
22:09:32 <Runbunny> He used to speedrun a ton of dark souls.
22:12:38 -!- carcinisation [~thomas@cpc76294-cosh16-2-0-cust297.6-1.cable.virginm.net] has joined #tlponies
22:12:38 -!- mode/#tlponies [+v carcinisation] by Q
22:20:31 <BioSC> https://www.youtube.com/watch?v=BAFa70lXw9U&t=15s
22:20:32 <BioSC> skm
22:20:40 <skram> yass
22:20:45 <DoT`> isnt that ALL tik tok is
22:20:56 <DoT`> its relabled Vine
22:21:01 <Bio> there are lip syncs too
22:21:21 <skram> WELCOME TO MY MINE
22:21:24 <skram> WE ARE MINING DIAMONDS
22:26:45 <Bio> These bitches think i'm stoopid. I ain't stoopid
22:37:16 <Runbunny> I am going to go mine some sleep in my bed.
22:37:21 <Runbunny> Goodnight.
22:37:28 <skram> anders
22:37:29 <skram> godnat
22:37:32 <DoT`> gnight bun
22:37:47 <Runbunny> Godeskerdet!
22:38:41 <skram> DoT` i dont know what that means
22:39:00 <DoT`> its not danish?
22:39:08 <skram> who knows
22:39:21 <DoT`> reif, dub, is it weeb?
22:39:26 <skram> could be japanese for all i know
22:39:51 <DuB`> nna wake nai
22:40:07 <skram> thats definetly not danish though
22:40:09 <DoT`> speak a language dub
22:40:19 <DoT`> not this tolkien made up stuff
22:40:21 <DuB`> How about two
22:40:31 <skram> nani
23:08:12 <Camail> DoT` skram wanna map?
23:09:48 <Camail> apparently it's strictly better to group than to solo
23:10:39 <DoT`>  k am bed
23:16:44 <skram> yayaya
23:16:53 <skram> gotta jet at some point to pick up some drunks tho
23:18:42 <Camail> skram get in discrawd
23:20:53 <Camail> skram pls
