00:04:01 <Bio> the hero we needed
00:13:28 <Dot`> moving confirmed then skram?
00:13:36 <skram> ye
00:14:03 <Dot`> woo! no more awefull landlord
00:14:05 <Dot`> hopefully
00:14:09 <skram> maybe
00:14:27 <skram> ill have neighbours this time though
00:15:39 <Dot`> hmm
00:25:07 <Dot`> i wouldnt recomend living near ppl skram
00:25:23 <skram> i have no choice
00:25:32 <skram> i cant afford to rent 4 apartements at the same time
00:47:54 <Bio> asdf
00:59:48 <Bio> got time
02:34:24 <Bio> nn bois
04:09:19 -!- sweetiebot [~skybot@209.141.41.184] has joined #tlponies
04:28:43 -!- Rawr|Fone [~AndChat52@84-217-62-32.customers.ownit.se] has joined #tlponies
05:14:21 -!- Rawr|Fone [~AndChat52@84-217-62-32.customers.ownit.se] has joined #tlponies
06:51:03 -!- Dot` [Dot@90.217.233.176] has joined #tlponies
06:51:13 <Dot`> Mornign all
07:14:41 <Dot`> Dub Dub
07:27:53 <CockRoach|42> morning dot hors
07:28:00 <Dot`> Cr!
07:54:42 <DuB`> Dot!
07:54:45 <DuB`> Good morn
07:55:53 <Dot`> what trouble you been gettign into so late dub
07:57:10 <DuB`> Overwatch, mostly :P
08:11:58 -!- Runbunny [~Runbunny@91.100.28.10.generic-hostname.arrownet.dk] has joined #tlponies
08:13:05 <Dot`> Runbun!
08:18:16 <Runbunny> Hai Dot.
08:29:36 <Dot`> is it holiday in Denmark too runbun?
08:44:17 <Runbunny> No, I don't think so.
08:46:16 -!- Golly [Golly@cm-84.212.249.112.getinternet.no] has joined #tlponies
08:58:16 <Rawr|Fone> 🐴🐴🐴
09:10:06 -!- Rawr|Phone [~AndChat52@m83-185-87-46.cust.tele2.se] has joined #tlponies
09:20:45 <Dot`> Rawr Rawr Rawr
09:20:48 <Dot`> <3 <3 <3
09:21:40 <Rawr|Phone> DoT DoT DoT
09:21:42 <Rawr|Phone> ❤❤❤
09:26:04 <Runbunny> Look at them go.
09:29:26 <Rawr|Phone> Anders.
09:30:17 <Runbunny> Henrik.
09:30:54 <Rawr|Phone> How are you feeling today my dear
09:32:43 <Runbunny> It's ehh.
09:34:23 <Rawr|Phone> D:
09:48:11 -!- reification [~thomas@cpc76294-cosh16-2-0-cust297.6-1.cable.virginm.net] has joined #tlponies
09:48:11 -!- mode/#tlponies [+v reification] by Q
09:48:35 <Rawr|Phone> Reef reef
09:49:23 <Dot`> reef
09:51:17 <reification> roar roar dawt
09:51:40 <reification> paper of the day is sad https://www.ncbi.nlm.nih.gov/pmc/articles/PMC5646769/
09:51:43 <Runbunny> Hai Reif.
09:51:59 <reification> hello bun
09:54:00 <reification> .tell bio https://pbs.twimg.com/media/D5wElg6XkAAcH7n.jpg
09:54:57 <reification> runbun https://twitter.com/kawanocy/status/1122099132779261952
09:55:46 <reification> this is ridiculous https://twitter.com/41Strange/status/1123376204914888705
09:58:05 <Runbunny> Hehe. Marble sculptors don't joke around.
10:04:37 <reification> it is time to go lift things. laters https://twitter.com/BIGNEECHl/status/1123468179114799105
10:08:39 -!- tredc [~tredc@c83-254-129-166.bredband.comhem.se] has joined #tlponies
10:32:10 <Runbunny> Dot`, https://i.imgur.com/Jsobi8i.mp4
10:37:09 -!- Micen|Droid_ [~Micen@ip-66-87-152-73.nsvltn.spcsdns.net] has joined #tlponies
10:38:24 -!- Micen|Droid__ [~Micen@h228.230.130.174.dynamic.ip.windstream.net] has joined #tlponies
11:04:38 -!- Rawr|Fone [~AndChat52@84-217-62-32.customers.ownit.se] has joined #tlponies
11:20:40 <Dot`> weird dog but cute runbun
11:25:25 <Rawr|Fone> Horses
11:30:25 <Runbunny> I was just at the store and it was hailing.
11:30:37 <Runbunny> It's May, what the hell weather?
11:32:58 <Rawr|Fone> You got our hail from yesterday
11:45:32 -!- skram [~skram@5.79.79.42] has joined #tlponies
11:48:36 <Rawr|Fone> Jonas!
11:52:04 <skram> Henrik!
11:52:45 <Dot`> Skram!
11:53:01 <skram> Bjørn!
11:53:15 <skram> wati y u no work, Dot`?
11:54:36 <Dot`> its holiday!
11:54:54 <skram> Wooo!
11:55:08 <skram> what holiday
11:55:42 <Dot`> i dont know
11:55:45 <Dot`> its english
12:02:28 <Rawr|Fone> You need to know dot
12:13:59 -!- Gollie [Golly@cm-84.212.249.112.getinternet.no] has joined #tlponies
12:42:08 -!- BioPhone [~androirc@12.33.239.117] has joined #tlponies
12:53:31 <BioPhone> Nej
13:01:22 <Dot`> noo
13:02:54 <skram> Jo!
13:04:16 <Dot`> skram, what you going to do with all this free time
13:04:30 <skram> put things in boxes
13:04:42 <skram> move said boxes aprox. 30 minutes south
13:04:46 <Dot`> right
13:04:52 <Dot`> is it closer to work?
13:04:54 <skram> today im not gonna do a single dang thing tho
13:05:01 <skram> yea
13:05:17 <skram> its about 10 mins away from work
13:06:48 <Dot`> less travel time is nice
13:07:45 <skram> eh honestly dont mind the travel time much but they're gonna put toll booths on the road i use and it would cost me like 200£ a month
13:10:35 <Dot`> D:
13:10:44 <Dot`> thats many monies
13:11:40 <skram> too many!
13:12:43 <Runbunny> Jonas.
13:12:51 <skram> And ers.
13:13:29 <Runbunny> Sadly, the kebab was mediocre at best, but the chili was god awful.
13:13:36 <skram> RIP
13:17:04 <BioPhone> F
13:18:49 <BioPhone> Horsens henlo
13:18:55 <skram> nEIGH
13:19:02 <skram> it is U who is the horsens
13:19:12 <skram> im real human bean
13:22:22 <Dot`> you do keep protesting that skram
13:22:46 <skram> why do you deny my humanity?!?
13:23:28 <BioPhone> Horse until proven otherwise
13:23:31 <Dot`> dont know why you would want to be part of humanity skram, pretty bad bunch them
13:33:15 <reification> some of them are alright
13:34:50 <reification> fyi it's literally "early may bank holiday" dot
13:37:04 <reification> there was a new brand of chocolate at the supermarket
13:37:23 <reification> it's main selling point appeared to be "100% slave free"...
13:46:12 -!- BioPhone [~androirc@12.33.239.117] has joined #tlponies
14:12:46 -!- Zounds [webchat@cloak-07ouvien.14-2.cable.virginm.net] has joined #tlponies
14:12:56 <Zounds> hors
14:14:27 -!- BioPhone [~androirc@12.33.239.117] has joined #tlponies
14:15:49 <CockRoach|42> zounds pone
14:19:18 <Zounds> o/
14:19:47 <skram> zons
14:38:41 <CockRoach|42> https://imgur.com/gallery/ud9Q03B
14:39:03 <skram> what kind of dog is this cr
14:39:42 <CockRoach|42> i think it's autistic
14:40:38 <skram> how rude
14:40:53 <CockRoach|42> :(
14:43:21 <skram> does autism cause eyebrows
14:44:52 <CockRoach|42> i'm quite sure it does
14:44:59 <skram> damnit
14:45:01 <skram> i have eyebrows too
14:58:28 -!- Rawr|Phone [~AndChat52@m83-185-85-121.cust.tele2.se] has joined #tlponies
15:11:20 -!- Zounds [webchat@cloak-07ouvien.14-2.cable.virginm.net] has joined #tlponies
15:23:08 <Runbunny> Zounds!
15:23:20 <reification> he bak
15:23:28 <Runbunny> Glorious.
15:23:35 <Runbunny> Reif btw.
15:23:50 <Runbunny> Can you give me a brexit update? It was postpone but for how long?
15:24:10 <reification> til halloween 
15:24:23 <Runbunny> Ah I see.
15:24:40 <reification> both main parties got rekt at local elections last week over it
15:25:12 <Runbunny> The no brexit option is still available no?
15:25:17 <reification> new brexit party is leading polls for euro elections later this month
15:26:29 <Runbunny> Which means that most people want a brexit still.
15:26:31 <Runbunny> Hmm.
15:27:02 <reification> sure, also the queen can dissolve parliament and direct rule
15:27:19 <reification> both would be *major* crises tho
15:27:48 <reification> polling has always been around 50/50 for brexit for years
15:31:40 <reification> kinda related: i highly recommend this podcast, the first episode explaining how trying to integrate britain into europe worked out 2000 years ago https://www.youtube.com/watch?v=1whRd_c_irk
15:32:34 <reification> (if you want vikings skip ahead to ep 4)
15:37:20 <reification> runbun only hear about danish politics from this twitter account https://twitter.com/PopulismUpdates/status/1125201962708787200
15:38:09 <reification> also it occurs to me there is some echo between the recent ukraine election and the end of the podcast i linked
15:53:21 <Runbunny> Uhg.
15:54:01 <Runbunny> That guy the twitter is talking about is a big mess in Denmark currently.
15:56:15 <Runbunny> He is intentionally provoking immigrants and then films it, so whenever he's attacked he seems like he is right in his opinions.
15:57:59 <reification> seems a bit westboro baptist church 
15:58:13 <Runbunny> Spent a lot of tax money by holding "demonstrations" which is legal so police has to step in to keep the peace, which enforces the "police vs immigrants" mentality.
15:58:48 <Runbunny> He has been gaining traction in the poles.
15:59:48 <Runbunny> He's claims are outrageous, but the people who shows up to these things are giving him exactly what he wants.
15:59:54 <Runbunny> and it's so dumb.
16:00:43 <Runbunny> Since if you don't give him the time of day, he wouldn't have any influence at all. I think.
16:01:04 <reification> almost certainly
16:01:21 <reification> i go walk now. laters
16:01:27 <skram> Sounds a bit like our brand new health minister
16:01:30 <skram> >_<
16:01:34 <skram> wear a helmet reif
16:04:46 -!- Dot` [~Dot@232.123.7.51.dyn.plus.net] has joined #tlponies
16:04:55 <Dot`> pons <3
16:05:44 <skram> dot pal
16:05:45 <skram> where you bean
16:08:05 <Dot`> heading back to my place
16:08:10 <Dot`> and phone was ded
16:10:34 -!- Camail [~Camail@45.40.84.145] has joined #tlponies
16:10:34 -!- mode/#tlponies [+v Camail] by Q
16:26:51 <reification> hi cam
16:27:11 <Dot`> cam
16:29:17 <Dot`> Runbun! https://imgur.com/gallery/dptI8uV
16:29:23 <Dot`> reif
16:52:14 <reification> important giraffe lore
16:52:31 -!- DuB` [DuB@65-130-48-126.slkc.qwest.net] has joined #tlponies
16:52:37 <Dot`> its a dub
16:52:47 <DuB`> It is it is
16:53:23 <Dot`> huzzah
17:00:45 <CockRoach|42> have you been a good horse today, DuB`?
17:01:26 <DuB`> Well I've only been awake for an hour, but good so far I think!
17:01:42 <CockRoach|42> \o/
17:03:15 <DuB`> Starting on CPA exam study and applications today
17:03:16 <DuB`> D:
17:03:39 <skram> ???
17:03:43 <skram> whats cpa bud
17:03:57 <DuB`> Professional license I'm gon need
17:04:01 <skram> ooh
17:04:21 <skram> your accountant badge
17:04:27 <DuB`> Ye
17:05:16 <DuB`> Luckily the company pays for my $4000 study course/materials...
17:05:29 <skram> even if you fail?
17:05:55 <DuB`> I ain't gonna
17:05:58 <Dot`> skram pls
17:06:15 <skram> hmm
17:06:17 <DuB`> I either pass or start considering alternative career paths :P
17:06:52 <DuB`> 4-part test, where there are a couple months between each and I can retake parts
17:06:59 <skram> is it actually difficult or more of a show up and dont be an idiot sort of thing
17:07:05 <DuB`> It's hard
17:07:08 <skram> dang
17:07:59 <DuB`> Well I'm all signed up and applied now, that's today's responsibilities taken care of!
17:08:00 <skram> when i did my certs it was more of a dont drink at the shitty hotel bar til 3 every day and youll be fine kinda thing
17:08:01 <DuB`> Time for games :D
17:08:04 <skram> even with the exam and stuff
17:08:11 <DuB`> Haha
17:08:52 <skram> Even some of the other people had 500$++ bar tabs and passed ...
17:09:30 <DuB`> lul
17:20:20 <Dot`> skram, have you been sucvesfully lazy today?
17:20:33 <skram> absolutely useless
17:20:53 <Dot`> great
17:31:09 <DuB`> I am glad for you skram
17:31:13 <DuB`> Lazy is justice
17:33:05 <skram> been snowing pretty crazy today
17:33:27 <skram> last week was 20c+, today is -1c and snowing all day long
17:33:35 <skram> nature b crazy y'all
17:37:09 <Runbunny> O:
17:37:19 <Runbunny> Didn't you move further south?
17:37:30 <skram> not yet and also not that far
18:14:02 <Camail> 2 weeks ago illinois had it's latest and largest snowstorm in recorded history
18:14:05 <Camail> so yea, world's ending
18:14:24 <Camail> latest and largest, meaning the largest this late in the year
18:38:43 -!- Rawr|Fone [~AndChat52@84-217-62-32.customers.ownit.se] has joined #tlponies
19:02:08 <Dot`> crit role time
19:53:11 <DuB`> Oooh me too
19:53:20 <DuB`> I have ten to watch :P
19:54:12 <Dot`> 40 hours
19:54:20 <Dot`> thats less than 2 days
19:54:23 <Dot`> gogo
20:08:55 -!- BioPhone [~androirc@12.33.239.117] has joined #tlponies
20:09:25 <BioPhone> Neigh
20:10:23 <Dot`> nej
20:13:18 <BioPhone> NODJE
20:19:18 <BioPhone> How do horsens
20:20:20 <Rawr|Fone> Nej
20:27:34 <reification> playing mini ukops on sky poker and being sad about rivers
20:28:17 <skram> ukops?
20:28:38 <reification> uk online poker series (day 1 today)
20:28:43 <skram> ooh
20:29:03 <BioPhone> Get those pairs my dude
20:29:14 <reification> i play all events to try and win vegas trip on leaderboard; not gonna happen this time :(
20:29:17 -!- Crisium [~Crisium@c-73-174-151-51.hsd1.pa.comcast.net] has joined #tlponies
20:29:53 <reification> hi cris
20:30:04 <Crisium> howdy
20:30:45 <Dot`> crisium!
20:31:50 <skram> crisium ol chum
20:32:01 <Crisium> ello mate
20:44:10 <Zounds> hi
21:03:35 <Zounds> Crisium: DuB` Micen any OW?
21:03:38 <Zounds> I know you're busy reif
21:04:36 -!- BioPone [~androirc@mobile-107-92-122-247.mycingular.net] has joined #tlponies
21:05:03 <DuB`> Was just heading off to exercise :T
21:05:04 <Crisium> i can be persuaded
21:05:15 <skram> you shouldnt, DuB`
21:05:19 <skram> remember what happened last time
21:05:26 <Zounds> I don't want to persuade people Crisium I just wanna plej
21:05:27 <DuB`> Yesterday? It was great :)
21:05:48 <skram> are you sure all your inside bits are still on the inside
21:05:54 <DuB`> No internal bleeding or hospital trips, evn
21:06:06 <Crisium> ya ill be online in a few mins
21:06:11 <skram> i guess you're hardened now
21:06:20 <Zounds> alrighty
21:06:32 <DuB`> That's the goal
21:06:40 <DuB`> A lil' squishy right now, hence the workout
21:08:27 <skram> ah i see
21:08:40 <skram> dont do too many squats
21:08:43 <Zounds> how about you skram any aubergine watch for you?
21:08:44 <skram> you'll have trouble sneaking
21:09:00 <skram> i dont understand this reference but ok
21:09:25 <Zounds> I think I was trying to be funny with overwatch = auberwatch but wrote aubergine watch
21:09:37 <Zounds> which are the worst vegetable btw
21:09:47 <skram> fave emoji tho
21:09:52 <Zounds> ye
21:10:09 <skram> gimme 1 minute?
21:10:15 <Zounds> no rush my dude
21:10:40 -!- skraam [~skram@185.206.225.198] has joined #tlponies
21:16:21 <Dot`> its proxy skram again!
21:16:45 <skraam> i got a vpn
21:16:50 <skraam> for pirating
21:17:58 <Dot`> skram https://imgur.com/gallery/7KvcV5C
21:24:30 <BioSleep> neigh
21:24:31 <BioSleep> pon
21:24:33 <Bio> hi
21:26:14 <Dot`> hedge
21:30:26 <Micen|Droid__> Hello. 
21:38:32 <Dot`> hi
21:41:16 <Zounds> Micen|Droid__: NA OW 4stack atm
21:41:21 <Zounds> if ur interested
21:44:31 <Micen> stack
22:08:45 -!- Micen|Droid [~Micen@ip-66-87-152-225.nsvltn.spcsdns.net] has joined #tlponies
22:09:07 -!- Micen|Droid [~Micen@h192.28.16.98.dynamic.ip.windstream.net] has joined #tlponies
22:15:13 <Dot`> Runbunny
22:15:24 <Dot`> hob is doing pretty well on this run
22:18:46 <Runbunny> Yeah I am watching.
22:18:53 <Runbunny> Isn't Hob great?
22:19:13 <Runbunny> Nameless king though.
22:19:35 <Dot`> hobs pretty good at game
22:20:17 <Runbunny> Surely it isn't his first rodeo.
22:21:46 <Dot`> i feel he may have played this game before
22:27:01 <DuB`> Whoa
22:27:11 <skraam> dub are you in the hospital
22:27:13 <Micen> dub, 6 stack
22:27:26 <DuB`> I feel like I get fully double the result from exercise time while listening to silly hardstyle than anything else
22:27:32 <DuB`> It's too powerful
22:27:34 <DuB`> I'm dizzy :P
22:28:03 <Micen> when i was doing couch to 5k hardstyle was the thing i listened to. 
22:28:50 <Runbunny> PB dot!
22:29:35 <DuB`> Will join if stack is still alive after snack+shower, Micen
22:39:25 <Dot`> pb!
22:40:17 <Rawr|Fone> Hey dot
22:41:02 <Rawr|Fone> Tell me how silly dub is on a scale of 1-10
22:43:02 -!- skram [~skram@185.107.94.173] has joined #tlponies
22:43:08 <skram> .tell DuB` https://www.youtube.com/watch?v=5IstSFhlc4w
22:50:13 <Rawr|Fone> Jonas
22:56:06 <Bio> Jonas
22:56:26 <Bio> I need some wave of vapor
22:59:39 <Runbunny> From some herbs?
23:00:20 <Runbunny> inhaled through a filter?
23:02:33 <DuB`> O ya odesza is wonderful, skram
23:02:53 <skram> Bio https://www.youtube.com/watch?v=Zf9iahytm7g
23:04:03 <skram> also https://www.youtube.com/watch?v=kyTvMOXfaUA
23:06:32 <Bio> perf
23:07:43 <skram> DuB`: porter robinson is probably too mainstream for you https://www.youtube.com/watch?v=d1ZhnSNN8UI
23:07:47 <skram> its just so fricken good tho
23:07:51 <DuB`> Haha
23:08:30 <DuB`> <5m views is safe, probably 
23:08:30 <DuB`> ;D
23:11:37 <Runbunny> Dot`, Rawr|Fone https://i.imgur.com/b15eCdM.mp4
23:11:53 <skram> what a weird cat
23:20:43 <Runbunny> I should probably sleep.
23:20:53 <Runbunny> Goodnight.
23:20:56 <skram> godnat
