00:16:05 -!- Golly [Golly@cm-84.213.21.103.getinternet.no] has joined #tlponies
00:53:14 <skram> DuB` https://www.youtube.com/watch?v=t33Xe1sm0Ag
00:56:48 <DuB`> ooo
00:57:57 <skram> he screm like birb yet is man
00:58:00 <skram> mysterious
00:58:25 <DuB`> ... I'm so used to twitch that I muted the og eg vod to watch this instead of just pausing it
00:58:33 <skram> haha
00:59:25 <Golly> i do the opposite with youtube where i leave a video going while i go to the bathroom etc
00:59:36 <DuB`> Yup
01:05:12 <DuB`> 1 hr liquid
01:05:15 <DuB`> awa
01:05:22 <skram> are you sleepy dub
01:06:49 <DuB`> Might brief nap right now :P
01:54:56 -!- Camail [~Camail@45.40.84.145] has joined #tlponies
01:54:56 -!- mode/#tlponies [+v Camail] by Q
02:47:44 <DuB`> skram hold me
03:31:08 -!- Camail [~Camail@45.40.84.145] has joined #tlponies
03:31:08 -!- mode/#tlponies [+v Camail] by Q
03:37:48 <DuB`> skram did u slepp
03:38:40 <DuB`> Wait is this bo5 lol
03:38:53 <DuB`> I'mma die tomoro if I watch all this..
03:43:14 <skram> just for a lil bit
03:43:40 <skram> no this is bo3 DuB`??
03:43:46 <DuB`> o
03:45:36 <skram> LOL
03:45:40 <DuB`> pffffhahah
03:45:50 <skram> what a play
03:45:51 <DuB`>  p l a n n e d
03:46:27 <skram> liquid doing alright
03:46:36 <skram> farmed horse lady is pretty scary tho
03:46:49 <DuB`> Horses op in all game
03:46:54 <DuB`> Orisa too
03:47:32 <skram> untouchable is so friggin good
03:48:32 <DuB`> Rainbow ouches
03:48:56 <skram> not sure why the cold feetsies didnt trigger though
03:49:23 <DuB`> Hooves > feet probl
03:49:29 <skram> hmm fair point
03:53:55 <DuB`> death to hors!
03:53:59 <skram> D:
03:54:37 <skram> hors fallen behind in net worth
03:55:36 <DuB`> big kuro
03:56:29 <skram> b   i   g
03:58:39 <DuB`> blap
03:58:51 <skram> well alright then
04:00:05 <skram> liquid pls win so i can go to bed
04:01:09 <Camail> 70 minute game please
04:01:39 <skram> u tramp
04:02:16 <skram> haha
04:02:17 <skram> the dc
04:02:49 <DuB`> nasl sound guy STILL somehow employed
04:03:25 <skram> lol
04:04:17 <skram> think they just changed to a different obs but the sound is on the DC'd one cause you can hear them trying to connect lol
04:04:25 <DuB`> ye
04:08:57 <skram> pls
04:11:13 <Camail> woof
04:11:13 <DuB`> Um
04:11:16 <DuB`> 70%
04:11:24 <Camail> predictive ai tho
04:12:02 <Camail> high ground is the equalizer
04:12:03 <DuB`> OOO
04:13:25 <skram> I dont understand arc warden
04:13:31 <Camail> he wards arcs
04:13:35 <Camail> simple
04:13:36 <skram> t hanks
04:13:39 <DuB`> he is two
04:13:39 <Camail> np
04:13:56 <DuB`> and goes 2*pewpewpew
04:13:59 <skram> he's super duper farmed but he hasnt done anything yet?
04:16:16 <Camail> well they are killing him
04:16:29 <skram> yeah
04:16:31 <skram> its pretty rude
04:17:34 <skram> the reaction time on that hex though
04:18:23 <skram> even if theres two miracles it doesnt seem like he does much damage
04:18:44 <skram> cant help but wonder if they'd be better off with a different corse
04:19:35 <DuB`> Needs 12 slotted
04:27:08 <DuB`> MC where u go
04:29:23 <DuB`> Camail cursed it T_T
04:30:20 <skram> what a bitch
04:30:47 <DuB`> treeeeees
04:33:43 <skram> waow
04:33:52 <skram> tree volley+crit is so stronk
04:33:58 <DuB`> v cool
04:36:00 <DuB`> Wait what
04:36:10 <DuB`> ????
04:36:10 <skram> hahah
04:36:18 <DuB`> HAX
04:36:25 <skram> apparently aghs gives you runes now LOL
04:36:33 <skram> thats great
04:36:44 <DoT|Phone1> blarg
04:36:51 <skram> dot pal its too early
04:36:54 <DuB`> BLAPP
04:37:10 <DoT|Phone1> it is. I have to go to site today
04:37:13 <DuB`> OOOOOOOOAAAAAAAAAA
04:37:49 <DuB`> G'morn dot
04:37:52 <skram> are you gonna finish it today dot
04:38:00 <DoT|Phone1> dub dub
04:38:46 <DoT|Phone1> no Skram. in getting it handed over to me. as the guy is going on holiday
04:39:12 <DoT|Phone1> I'm there for 2 weeks testing
04:39:30 <skram> i believe in you
04:39:48 <DuB`> Double daedelus volley pls
04:39:51 <DuB`> hoooo
04:40:01 <skram> oh lawd
04:41:21 <skram> hoo dd tiny is almost 700 damage
04:42:03 <DuB`> oops
04:42:11 <skram> weehaa why
04:43:22 <skram> odp is not impressed
04:45:58 <Rawr|Fone> You horses should go to bed
04:46:06 <skram> no kidding
04:46:10 <DuB`> agreed
04:46:12 <DuB`> BUT
04:46:15 <DuB`> no
04:46:25 <DuB`> LOL TREEEEEEEEEEES
04:46:30 <DuB`> BLAPBLAPBLAPBLAPBLAP
04:47:00 <skram> hahah
04:47:19 <skram> only way to win is to fight where there are no trees
04:49:15 <DuB`> wat is dota
04:49:22 <skram> gaben dont hurt me
04:49:52 <DuB`> BLAPBLAPBLAP
04:50:13 <skram> oH NO
04:51:02 <skram> eat my trees, nerd
04:51:19 <DuB`> BLAPBLAPBLAPBLAP
04:51:21 <DuB`> HAHAHAHA
04:51:30 <DuB`> Daedelii
04:51:56 <skram> someone buy some branches to replant the forest LOL'
04:53:45 <DuB`> Aw yeeeeeeeeeeee
04:54:20 <DuB`> OAAAAAAAAAAAA
04:54:43 <skram> they fought in the forest
04:54:44 <skram> what a mistake
04:54:48 <DuB`> haha
04:54:51 <DuB`> wewwwwwwwwwwww
04:54:57 <DuB`> I blame cam 
04:55:03 <skram> Liquid are DOING IT
04:55:20 <skram> .tell camail you were wrong u whore, it was like 80 minutes
04:55:28 <Cane> That game was godlike.
04:55:32 <Cane> Top 3 of the tournament for me.
04:56:08 <skram> Turns out aghs tiny+crit is the ultimate late game core
04:56:14 <DuB`> srs
04:56:23 <Cane> Double Daedalus ftw.
04:56:37 <DuB`> EG v TL, hoo boi
04:56:57 <skram> TL v OG grand finals??
04:57:35 <skram> Ti7 champs vs. Ti8 champs
04:57:43 <skram> TI
04:58:16 <DuB`> GOODNIGHT
04:58:20 <skram> same
04:58:21 <skram> goodnight
05:16:41 -!- DoT|Phone [~Dot@228.89.99.195.dyn.plus.net] has joined #tlponies
05:21:11 -!- DoT|Phone1 [~Dot@85.255.232.245] has joined #tlponies
05:21:35 <DoT|Phone1> pon
05:33:36 <Rawr|Fone> DoT DoT DoT
05:34:01 <DoT|Phone1> Rawr Rawr Rawr
05:34:08 <DoT|Phone1> 💖💖💖
05:34:22 <Rawr|Fone> 💖💖💖
06:32:53 -!- DoT|Phone [~Dot@85.255.232.24] has joined #tlponies
07:08:54 <CockRoach|42> hors hors
07:08:58 <Rawr|Fone> Cr
07:09:07 <CockRoach|42> <3
07:09:22 <Rawr|Fone> <3
07:19:48 <DoT|Phone> horse horse
07:52:27 -!- Runbunny [~Runbunny@91.100.28.10.generic-hostname.arrownet.dk] has joined #tlponies
08:06:54 <DoT|Phone> Angel
08:35:02 <Runbunny> Dot.
09:01:10 -!- Golly [Golly@cm-84.213.21.103.getinternet.no] has joined #tlponies
09:17:00 -!- tredc [~tredc@c83-254-129-166.bredband.comhem.se] has joined #tlponies
09:28:36 -!- DoT|Phone [~Dot@85.255.232.29] has joined #tlponies
09:28:42 <DoT|Phone> pon pon
10:15:23 <Golly> w0o!
10:28:30 <DoT|Phone> bored
10:37:42 <Golly> poor tims
10:37:43 <Rawr|Fone> DoT
10:37:50 <Golly> getting booed on a all star
11:00:32 <DoT|Phone> Rawr
11:07:25 <Runbunny> .tell reification https://danbooru.donmai.us/posts/3605077
11:20:36 <DoT|Phone> Runbun, how's your day going?
11:20:42 <DoT|Phone> any jogging?
11:22:17 -!- DoT|Phone1 [~Dot@85.255.232.29] has joined #tlponies
11:46:53 <Runbunny> DoT|Phone1, 
11:47:16 <Runbunny> I am meeting up with my friend who broke his arm. So I am going to bike there.
11:47:27 <Runbunny> Just waiting for him to finish up at the hospital.
11:54:13 <DoT|Phone1> your a good friend Runbun
11:54:20 <DoT|Phone1> take them a cupcake
11:55:11 <Runbunny> I think we're getting burgers.
11:56:28 -!- skram [~skram@134.19.189.118] has joined #tlponies
11:56:46 -!- BioPone [~androirc@mobile-166-176-248-113.mycingular.net] has joined #tlponies
11:56:55 <skram> ah shoot i missed the rest of the dotas
11:59:22 <Rawr|Fone> Jonas
11:59:29 <skram> Henrik my old frend
11:59:38 <Rawr|Fone> Well the important team didn't play today
12:02:04 <DoT|Phone1> Skram
12:02:21 <skram> well liquid is a little bit important, henrik
12:02:32 <Rawr|Fone> Nah
12:02:58 <DoT|Phone1> who is important Rawr
12:03:05 <Rawr|Fone> Og is the only team that matters
12:10:54 <DoT|Phone1> they do use the horse, so I'm with Rawr atm
12:28:38 <Runbunny> Time to go.
12:34:02 -!- BioPhone [~androirc@12.33.239.117] has joined #tlponies
12:36:28 <BioPhone> Hej
12:36:46 <BioPhone> Did some nerds watch liquid last night
12:37:04 <skram> just the first series
13:01:00 <BioPhone> I hope they windeded
13:22:24 -!- DuB|fon [~androirc@168.149.241.80] has joined #tlponies
13:28:20 <DoT|Phone1> waiting for the bus
13:28:24 <DoT|Phone1> how's pons
13:43:38 <DuB|fon> Gewd
13:44:27 <DoT|Phone1> Bus got
13:44:49 <DoT|Phone1> on to bakewell
13:45:53 <DoT|Phone1> and then... dnd prep
13:46:27 <DoT|Phone1> I haven't had any time this week :/
13:47:29 <DuB|fon> Awh
13:50:11 <DoT|Phone1> and phone battery dying
13:50:15 <DoT|Phone1> nooo
13:52:38 <DuB|fon> D:
13:53:06 <DoT|Phone1> survive little phone
13:54:08 <DoT|Phone1> dub. how's work
13:54:59 <DuB|fon> Everyone kinda turned the boat cruise + drinking yesterday as the start if their weekend and took today off
13:55:03 <DoT|Phone1> oh no 4%
13:55:06 <DuB|fon> So I unno what to do lol
13:55:12 <DoT|Phone1> Haha
13:55:17 <DoT|Phone1> go home
13:55:27 <DuB|fon> Will around 3 probl
13:55:39 <DuB|fon> Study til then
13:55:48 <DoT|Phone1> good lad
13:56:54 <DoT|Phone1> Skram how did he turn out so well
13:58:01 <DoT|Phone1> rip phone
13:58:06 <DoT|Phone1> later pons
14:00:09 <DuB|fon> Sseyas
14:04:29 <skram> did you watch any of the other games last night dubpal
14:05:39 <DuB|fon> Naw sleppt
14:05:46 <skram> right
14:05:54 <skram> im watching the EG/TL game rite nao
14:06:01 <DuB|fon> Woohoo
14:06:09 <skram> accidentally spoiled the results beforehand
14:06:29 <DuB|fon> Will have some nice vods to watch while enjoying my Friday pizza later
14:06:36 <DuB|fon> O I always spoil
14:06:54 <DuB|fon> I don't like stressing about it :P
14:07:03 <skram> the stress is the best part haha
14:08:28 <DuB|fon> Ya there is the excite component
14:09:14 <DuB|fon> And treeeeeees
14:09:49 -!- skrma [~skram@95.174.66.230] has joined #tlponies
14:24:05 -!- DoT` [DoT@2.218.216.106] has joined #tlponies
14:25:26 <DoT`> made it
14:27:51 <DuB|fon> Phew
14:30:13 <skrma> wew
14:36:01 <skrma> did you see the new dota hero introduction DuB|fon
14:36:10 -!- BioPhone [~androirc@12.33.239.117] has joined #tlponies
14:39:27 <DuB|fon> Not yet
14:48:54 -!- Camail [~Camail@45.40.84.145] has joined #tlponies
14:48:54 -!- mode/#tlponies [+v Camail] by Q
14:49:31 <Camail> pls
14:49:44 <Camail> get rekt skram
14:50:12 <skrma> eat my entire ass
14:56:46 <DuB|fon> Lolol
15:11:29 -!- Runbunny [~Runbunny@91.100.28.10.generic-hostname.arrownet.dk] has joined #tlponies
15:11:56 <skrma> Im gonna go bully some steel plates
15:11:58 <skrma> laters
15:40:43 -!- DoT` [DoT@2.218.216.106] has joined #tlponies
15:41:30 <DoT`> i back
15:41:37 <DoT`> went into town and was social
15:41:40 <DoT`> and got CHEESE
15:47:33 <Camail> now talk to the cheese
15:47:36 <Camail> it will be your friend
15:54:39 <Runbunny> but will it answer?
16:06:22 <DoT`> runbun
16:06:31 <DoT`> you been and gone to see your friend?
16:15:22 -!- Rawr|Fone [~AndChat52@c-4eb4e655.020-164-6d6c6d4.bbcust.telenor.se] has joined #tlponies
16:34:21 <Runbunny> Yes DoT`
16:34:33 <Runbunny> Then I drove around town on my bike.
16:39:25 -!- Rawr|Fone [~AndChat52@c-4eb4e655.020-164-6d6c6d4.bbcust.telenor.se] has joined #tlponies
16:47:42 <Camail> roonboon
16:47:48 <Camail> doot
16:47:49 <Camail> hullo
16:48:03 <DoT`> Hi!
16:51:10 -!- Rawr|Fone [~AndChat52@c-4eb4e655.020-164-6d6c6d4.bbcust.telenor.se] has joined #tlponies
16:59:54 <Runbunny> Hai Camail.
17:13:54 <DoT`> .tell skram https://imgur.com/gallery/3RrI1gr
17:13:58 <DoT`> look dub
17:14:45 -!- Rawr|Fone [~AndChat52@c-4eb4e655.020-164-6d6c6d4.bbcust.telenor.se] has joined #tlponies
17:17:59 <Runbunny> That's an excellent post.
17:23:34 <DuB|fon> Hehe
17:36:11 <DoT`> CR!
17:36:16 <DoT`> CockRoach|42!!! DOGGOS
17:36:21 <DoT`> https://www.reddit.com/r/DnD/comments/cuf1la/art_dungeons_and_doggos_116_split_decision/
17:48:39 <CockRoach|42> DOT!
17:58:19 <DoT`> sneaky doggo
17:58:24 <DoT`> toot toot
18:05:15 -!- DoT|Phone [~Dot@2.218.216.106] has joined #tlponies
18:46:24 -!- DuBphon [~androirc@ip-99-203-118-141.pools.cgn.spcsdns.net] has joined #tlponies
18:50:24 -!- reification [~thomas@cpc76294-cosh16-2-0-cust297.6-1.cable.virginm.net] has joined #tlponies
18:50:24 -!- mode/#tlponies [+v reification] by Q
18:51:27 <DoT|Phone> dub, Reif
18:51:30 <DoT|Phone> hej
18:52:46 <reification> hedge dotties
18:53:57 <DoT|Phone> how you enjoying the Sun Reif
18:56:44 <reification> very nice
18:57:06 <Runbunny> Hai Reif.
18:57:23 <reification> hei bun
18:59:53 -!- DuBphon [~androirc@ip-99-203-118-231.pools.cgn.spcsdns.net] has joined #tlponies
19:03:35 <DoT|Phone> I sent Skram pictures of cheese I bought and he hasn't replied
19:03:49 <reification> what kind of cheese?
19:06:02 <DoT|Phone> a smoked cheddar, Harrtington stilton, smoked brie and a black bomber
19:06:51 -!- BioPhone [~androirc@12.33.239.117] has joined #tlponies
19:07:17 <DoT|Phone> I got the smoked brie for free because it was squashed a bit on one edge
19:07:21 <reification> maybe you need to send more adventurous cheeses to impress a skram
19:07:27 <reification> ooh nice
19:07:33 <reification> free brie
19:07:51 <DoT|Phone> if he can't accept my cheeses then that's on him
19:08:34 <BioPhone> Pon
19:08:47 <DoT|Phone> pon
19:08:55 <reification> pon
19:08:59 <BioPhone> Wires n such
19:09:05 <BioPhone> Only one moar wire
19:09:08 <BioPhone> Hour
19:14:40 <Runbunny> DoT`, DoT` I also bought some cheese.
19:14:48 <Runbunny> It's called "mild"
19:16:04 <DoT|Phone> mild cheddar?
19:20:05 -!- DuB` [DuB@cpe-68-174-122-249.nyc.res.rr.com] has joined #tlponies
19:20:15 <DuB`> wew
19:20:20 <DuB`> Home at 3 and already gots my pizza
19:20:43 <Runbunny> Nope
19:20:47 <Runbunny> Just mild cheese.
19:21:10 -!- DuBphon [~androirc@cpe-68-174-122-249.nyc.res.rr.com] has joined #tlponies
19:23:30 <DoT|Phone> what is mild cheese
19:24:00 <Runbunny> It's like mild cheese
19:24:20 <Runbunny> It's not medium.
19:24:23 <Runbunny> It's mild.
19:25:56 <reification> i think that's like buying "meat"
19:26:03 <reification> that won't say which animal
19:26:52 -!- skram [~skram@82.147.53.102] has joined #tlponies
19:27:04 <DoT|Phone> Jonas
19:27:05 <Runbunny> Nah it's says mild on the package.
19:27:07 <DoT|Phone> cheese
19:27:25 <BioPhone> This dub leaving work so early
19:27:35 <BioPhone> Does he even have passion
19:27:35 <DuB`> :D
19:27:58 <DuB`> I have passion but nowhere to direct it!
19:28:12 <DuB`> Also speaking of cheese, I'm having a slice of nothing-but-cheese pizza atm
19:28:14 <DoT|Phone> I left work at 2
19:28:15 <DuB`> It's p good
19:28:45 <Runbunny> Dot dot. It's called Danbo mild.
19:28:47 <Runbunny> I checked.
19:30:12 <reification> maybe you were subconsciously thinking of DANBOoru
19:30:44 <skram> frens
19:30:50 <DuB`> cardboard what
19:30:58 <DuB`> o hi skmn
19:31:30 <reification> generic mild cheese is about as tasty as cardboard
19:31:55 <reification> get you some gouda or the like
19:35:18 <reification> .wiki danbo
19:35:42 <reification> "extremely mild and considered a cheese for children"
19:35:50 <skram> hahah
19:35:54 <DuB`> lol
19:38:55 <BioPhone> Nothing but cheese pizza is just cheese sticks
19:39:11 <Runbunny> It's perfect.
19:39:28 <BioPhone> There should be a meat tho
19:39:34 <BioPhone> And saus
19:40:25 <Runbunny> Pizza with nothing is just a giant biscuit.
19:40:45 <Runbunny> Det er en kiks Jonas!
19:41:52 <skram> knekkebrød?
19:42:11 <BioPhone> I want pizza
19:42:16 <BioPhone> I get.
19:47:11 <DoT`> hows the horses
19:56:10 <skram> im having a deep fried cheese
19:59:15 -!- Zounds [webchat@cloak-07ouvien.14-2.cable.virginm.net] has joined #tlponies
19:59:19 <Zounds> hey
19:59:30 <DoT`> hi zounds pon
19:59:40 <skram> heya zounds
19:59:46 <skram> how you been
19:59:51 <Zounds> hi not bad
20:05:17 <Zounds> how are you guys
20:05:33 <DoT`> good
20:12:36 <skram> thinkin bout naps currently zons
20:12:59 <DuB`> Home early, watchin dotos
20:13:01 <DuB`> Alls goods
20:14:17 <Zounds> \o/
20:17:08 <BioPhone> Pizza time
20:18:18 -!- BioPone [~androirc@mobile-166-176-248-214.mycingular.net] has joined #tlponies
20:29:04 -!- Phearlock [webchat@cloak-8w00owjr.208.129.136.getinternet.no] has joined #tlponies
20:29:08 <Phearlock> poons
20:31:05 <DoT`> pheeeear
20:31:37 <Phearlock> that's me
20:34:57 -!- Rawr|Fone [~AndChat52@c-4eb4e655.020-164-6d6c6d4.bbcust.telenor.se] has joined #tlponies
20:55:34 <reification> https://twitter.com/AerospaceCowboy/status/1164553490791727104
21:01:38 <DuB`> O boi, in NYC too
21:04:46 <Bio> yaaaaaaaaaaaaaaaa yeeeet
21:06:34 <Bio> hej
21:15:16 -!- DoT` [DoT@2.218.216.106] has joined #tlponies
21:29:29 <Runbunny> Hai.
21:30:08 -!- Rawr|Fone [~AndChat52@c-4eb4e655.020-164-6d6c6d4.bbcust.telenor.se] has joined #tlponies
21:32:43 -!- skrma [~skram@134.19.189.92] has joined #tlponies
21:38:33 <Runbunny> DoT`, https://clips.twitch.tv/AlertBlatantStingrayPJSalt
21:40:35 <DoT`> silly hob
21:59:51 <skrma> how long has hob been doing DS stuff
21:59:56 <skrma> like 3 years now?
22:06:36 <Runbunny> more I think.
22:06:48 <Runbunny> 4 years plus some more.
22:07:33 <skrma> is there anything left of his sanity
22:11:53 <Runbunny> He does mindfulness and meditation.
22:11:57 <Runbunny> So yeah.
22:12:19 <skrma> smart lad
22:21:17 <Runbunny> He's a fun guy Jonas.
22:21:52 <Runbunny> Really entertaining. Though sometimes he's just raging.
23:36:09 <Bio> a
23:36:10 <Bio> s
23:36:10 <Bio> d
23:36:10 <Bio> f
