01:14:14 -!- Rawr|Fone [~AndChat52@c-4eb4e655.020-164-6d6c6d4.bbcust.telenor.se] has joined #tlponies
02:38:32 -!- Rawr|Fone [~AndChat52@c-4eb4e655.020-164-6d6c6d4.bbcust.telenor.se] has joined #tlponies
02:59:14 -!- Rawr|Fone [~AndChat52@c-4eb4e655.020-164-6d6c6d4.bbcust.telenor.se] has joined #tlponies
03:32:44 -!- Cane [~Cane@CaneCraft.users.quakenet.org] has joined #tlponies
03:32:44 -!- mode/#tlponies [+o Cane] by Q
04:45:23 -!- Rawr|Fone [~AndChat52@c-4eb4e655.020-164-6d6c6d4.bbcust.telenor.se] has joined #tlponies
06:07:45 <Dot|Phone> Morning
07:43:23 -!- Rawr|Fone [~AndChat52@c-4eb4e655.020-164-6d6c6d4.bbcust.telenor.se] has joined #tlponies
07:44:39 -!- Runbunny [~Runbunny@91.100.28.10.generic-hostname.arrownet.dk] has joined #tlponies
07:48:20 <Runbunny> .tell reification https://danbooru.donmai.us/posts/3646187
07:55:46 <Dot|Phone> Runbun! 
07:55:58 <Runbunny> Hai
07:56:10 <Runbunny> I did banking Dot.
07:56:36 <Runbunny> I guess that was all I needed to do today.
08:10:29 <Dot|Phone> Nice
08:10:33 -!- Rawr|Fone [~AndChat52@c-4eb4e655.020-164-6d6c6d4.bbcust.telenor.se] has joined #tlponies
08:11:52 <Runbunny> Henrik.
08:13:11 <Dot|Phone> I have about 7 hours of work left
08:13:49 <Runbunny> Neat!
08:13:58 <Rawr|Fone> Anders.
08:14:32 <Runbunny> How are you doing Henrik?
08:15:02 <Runbunny> Still in despair trying to find a job?
08:16:12 <Rawr|Fone> I don't know honestly
08:19:49 <Runbunny> Elaborate.
08:25:41 <Rawr|Fone> Having spike here has distracted me from everything a little bit
08:47:07 <Runbunny> Nice!
09:29:15 <Dot|Phone> You doing ok runbun? 
09:47:56 -!- Rawr|Fone [~AndChat52@c-4eb4e655.020-164-6d6c6d4.bbcust.telenor.se] has joined #tlponies
10:14:01 <Runbunny> Dot|Phone, Yeah I am pretty good.
10:18:18 <Dot|Phone> Great
10:45:39 -!- Rawr|Fone [~AndChat52@c-4eb4e655.020-164-6d6c6d4.bbcust.telenor.se] has joined #tlponies
10:49:44 -!- skram [~skram@185.217.171.45] has joined #tlponies
10:55:52 <Dot|Phone> Jonas
10:56:01 <Dot|Phone> You friend
10:58:42 <skram> bjørn lad
11:03:41 -!- Rawr|Fone [~AndChat52@c-4eb4e655.020-164-6d6c6d4.bbcust.telenor.se] has joined #tlponies
11:08:04 <Runbunny> Jonas.
11:09:51 <skram> Anders.
11:25:36 -!- Golly [Golly@cm-84.213.21.103.getinternet.no] has joined #tlponies
11:26:26 <Dot|Phone> How are you today skram
11:28:41 -!- Rawr|Fone [~AndChat52@c-4eb4e655.020-164-6d6c6d4.bbcust.telenor.se] has joined #tlponies
11:30:19 <skram> head hurts
11:30:28 <skram> hows work doot
11:35:11 <Runbunny> .tell reification https://danbooru.donmai.us/posts/3646269
11:39:54 <Runbunny> I'm gonna go outside.
11:43:33 <Dot|Phone> It's ok 
11:43:38 <Dot|Phone> Be safe runbun
11:49:04 <Runbunny> Yes.
11:49:27 -!- tredc [~tredc@c83-254-129-166.bredband.comhem.se] has joined #tlponies
11:57:18 -!- Camail [~Camail@45.40.84.145] has joined #tlponies
11:57:18 -!- mode/#tlponies [+v Camail] by Q
12:01:26 <Dot|Phone> Cann
12:03:35 <Camail> boo
12:06:57 -!- Rawr|Fone [~AndChat52@m83-185-92-184.cust.tele2.se] has joined #tlponies
12:15:17 <Dot|Phone> Well you scared cam off
12:20:16 <Camail> had to waker up early for a thing
12:20:17 <Camail> thing is done
12:20:22 <Camail> now sleep is impossible
12:20:27 <Camail> dot why
12:20:36 <Camail> you gave me this disease
12:30:19 <Dot|Phone> I didn't want to suffer alone
12:38:44 <Runbunny> I am back
12:39:05 <Runbunny> I didn't see any animals I could take a picture of for skram.
12:39:28 <Runbunny> It's very kawaii of you to suffer together.
12:39:35 <Runbunny> Only true nakama does this.
12:45:54 <Dot|Phone> Do I even want to Google nakama
12:46:22 <Rawr|Fone> Probably best not to
13:09:03 <Camail> Runbun how are you today
13:09:17 <Camail> i already know that dot is miserable because he is on phone
13:23:10 <Rawr|Fone> Phones are great camail
13:29:28 <Camail> some people are allergic to phones
13:34:48 <Rawr|Fone> 🤨
13:45:07 -!- Rawr|Phone [~AndChat52@c-4eb4e655.020-164-6d6c6d4.bbcust.telenor.se] has joined #tlponies
13:59:07 -!- skrm [webchat@pioj.eid3.887x.ip] has joined #tlponies
14:00:43 <Rawr|Phone> Jonas
14:07:24 <skrm> henrik
14:11:26 <Rawr|Phone> Can you do me a favor and not work so much my dear
14:13:07 <skrm> but henrik, i need monies
14:15:46 <Rawr|Phone> Monies are overrated
14:22:43 <skrm> they're really not
14:22:58 <skrm> if i had enough money i could buy malmö, henrik
14:25:59 <Dot|Phone> But would you want malmo
14:26:51 <Rawr|Phone> I agree with dot
14:26:59 <Rawr|Phone> Why would you want to do that
14:27:12 <skrm> because henrik lives there?
14:27:30 <Camail> do you call that living
14:32:14 <Rawr|Phone> I don't see your point jonas
14:38:52 <skrm> could use it for invading denmark
14:56:47 -!- Rawr|Fone [~AndChat52@c-4eb4e655.020-164-6d6c6d4.bbcust.telenor.se] has joined #tlponies
15:06:23 -!- BioPhone [~androirc@12.33.239.117] has joined #tlponies
15:06:34 -!- Rawr|Fone [~AndChat52@c-4eb4e655.020-164-6d6c6d4.bbcust.telenor.se] has joined #tlponies
15:09:15 <Dot|Phone> It's cold
15:15:18 <BioPhone> Put on sweater sir dot
15:15:27 <BioPhone> Also hi
15:16:23 <BioPhone> I played a lvl 6 rooge the other day. Arcane trickster w booming blade. Did 4d8 and 3d6 dmg
15:16:42 <BioPhone> What a nutty cantrip
15:21:10 <Camail> its balanced by letting the target choose not to move next turn
15:21:28 <Camail> so it's relatively useless on non-melee enemies
15:22:57 <Dot|Phone> I need that maths explained
15:24:22 <Dot|Phone> Normal hit + 2d8 if it moves
15:26:18 <Runbunny> Camail, I am pretty good today, however all these days are just the same since I don't do a lot.
15:26:26 <Camail> sneak attack explains the extra d6
15:26:51 <Dot|Phone> And rapier for 1d8
15:27:21 <Camail> Runbunny  yup, it's just a matter of holding on to each day, gotta make it matter somehow
15:33:17 <Dot|Phone> Skram you kill uber elder last night? 
15:37:47 -!- BioPhone [~androirc@12.33.239.117] has joined #tlponies
15:45:46 -!- BioPone [~androirc@mobile-166-176-249-191.mycingular.net] has joined #tlponies
15:58:19 -!- Rawr|Phone [~AndChat52@m83-185-92-184.cust.tele2.se] has joined #tlponies
16:01:56 -!- Dot` [webchat@cloak-vnm1j07w.71.208.46.dyn.plus.net] has joined #tlponies
16:20:47 <Runbunny> I am just not sure what I want to do.
16:21:57 <skrm> Dot`: yes
16:54:21 <Rawr|Phone> Anders.
17:02:13 <Camail> nap: successful 
17:02:19 <Dot`> gj
17:02:28 <Camail> i wont let these damned normal person hours get the better of me
17:04:13 <Camail> dot wanna do uber lab
17:05:47 <Runbunny> Henrik.
17:10:54 <Dot`> the plan was to cam, but im actually really tired, going to do some dnd prep and then read a book i tihnk
17:11:04 <Camail> kk
17:12:27 -!- Rawr|Fone [~AndChat52@c-4eb4e655.020-164-6d6c6d4.bbcust.telenor.se] has joined #tlponies
17:12:43 <Rawr|Fone> We can despair about our futures together my dear
17:24:21 <Runbunny> That's a great idea.
17:24:30 <Runbunny> When do you want to meet up?
17:30:02 <Rawr|Fone> Well I have time whenever since I don't have a job
17:31:36 <Runbunny> Same :D
18:16:28 -!- DuB|fon [~androirc@155.201.42.62] has joined #tlponies
18:18:02 <Dot`> Dub Dub
18:18:35 <DuB|fon> Dot Dot
18:18:44 <DuB|fon> Hmmm should I lunch or no
18:18:49 <DuB|fon> Already 2pm :T
18:19:47 <Camail> of course
18:19:52 <Camail> this is a silly question
18:20:02 <Camail> i am personally offended by this
18:20:09 <Camail> Dot` please ban this man
18:20:15 <Camail> and take away his monhun
18:20:47 -!- Rawr|Fone [~AndChat52@c-4eb4e655.020-164-6d6c6d4.bbcust.telenor.se] has joined #tlponies
18:21:50 <DuB|fon> D:
18:22:11 <DuB|fon> But kushala and vaal hazak and teostra!
18:22:16 <DuB|fon> Todaaaaay
18:23:29 <DuB|fon> Did another nergigante run last night and never got carted while the hr29 and hr25 did
18:23:42 <DuB|fon> Was v fun
18:33:06 <DuB|fon> Still no horns though...
18:33:25 <Camail> need to get you a dps tracker
18:33:37 <Camail> so we can judge accordingly
18:34:37 <Camail> wanna farm horns when you get home dub
18:34:44 <Camail> we can do it real quick
18:34:54 <DuB|fon> Shoor
18:34:56 <Dot`> its ok, i will judge him harshly without knowing
18:35:02 <DuB|fon> Also off work tomoro
18:35:13 <DuB|fon> Dot why :(
18:35:17 <Camail> we wont need 2 days
18:35:32 <DuB|fon> Ya
18:35:47 <DuB|fon> But gotta git those other elders mmmmm
18:38:21 <Camail> i got 2 normal nergi investigations
18:38:26 <Camail> we can run through those
18:40:50 <DuB|fon> Think I'll go find some eats
18:41:18 <Dot`> rude dub
18:56:51 -!- DuB|fon [~androirc@155.201.42.62] has joined #tlponies
19:01:44 <skrm> did you have falafel yet DuB|fon 
19:02:15 <DuB|fon> Um
19:02:16 <DuB|fon> No
19:03:20 <skrm> dub please :(
19:04:01 <Camail> skrm how have you been
19:04:08 <Camail> no bad fires?
19:04:14 <skrm> only good fires so far
19:04:20 <Camail> good good
19:04:26 <Camail> those are the kind we like
19:04:35 <Camail> sometimes bad fires are good
19:04:44 <Camail> the unrighteous are turned to ash
19:04:54 <skrm> those are the good fires though?
19:05:06 <Camail> happy accidents, i suppose
19:05:33 <skrm> indeed
19:05:57 <skrm> sometimes you just gotta set fire to the heretics, you know?
19:06:15 <Camail> yes they were!
19:06:25 <Camail> sister cassia is the best npc
19:06:35 <Camail> dub would love her
19:09:57 <Dot`> runbun
19:10:21 <Dot`> https://imgur.com/gallery/TzYs8jr
19:14:10 -!- Rawr|Fone [~AndChat52@c-4eb4e655.020-164-6d6c6d4.bbcust.telenor.se] has joined #tlponies
19:18:56 -!- DuB|fon [~androirc@155.201.42.62] has joined #tlponies
19:21:58 <Dot`> New Close combat out, hmm, its 3D, not sure abotu that
19:24:57 -!- DuB|fon [~androirc@155.201.42.62] has joined #tlponies
19:30:09 <Dot`> Runbunny
19:30:36 -!- DuB|fon [~androirc@155.201.42.62] has joined #tlponies
19:32:18 <Dot`> dub pls
19:40:13 <DuB|fon> I dunno why do
19:40:24 <DuB|fon> Wifi is very stable :(
19:59:30 <Runbunny> Dot`, 
20:03:02 <Camail> runbun
20:03:17 <Camail> if you're here when dub gets home we're gonna do some nergi farm
20:03:41 <Camail> i should use my nergi IG just to make him jealous
20:07:32 -!- DvB|fon [~androirc@155.201.42.62] has joined #tlponies
20:18:15 -!- DvB|fon [~androirc@155.201.42.62] has joined #tlponies
20:45:32 -!- Crisium [~Crisium@c-24-3-150-105.hsd1.pa.comcast.net] has joined #tlponies
20:53:31 <Runbunny> O:
20:53:41 <Runbunny> I'll install monhun after this dungeon.
20:56:20 <Dot`> i was going to go to sleep early and then my borther calls and talks to me for an hour
20:56:30 <Dot`> runbun, did you see the kitty?
21:08:42 <Runbunny> Yes!
21:17:41 <Crisium> i didnt see the kitty
21:17:42 <Crisium> D:
21:17:50 <Runbunny> https://imgur.com/gallery/TzYs8jr
21:17:56 <Runbunny> Here you go Sir.
21:18:09 <Crisium> oh ty roonboon
21:42:06 -!- skram [~skram@185.217.171.45] has joined #tlponies
21:45:10 <Rawr|Fone> Jonas
21:45:20 <Rawr|Fone> It is time to go to bed
21:45:58 <skram> but henrik i just got out of work
21:46:08 <Rawr|Fone> Too bad
21:46:56 <skram> :(
21:47:18 -!- BioPone [~androirc@mobile-107-92-123-214.mycingular.net] has joined #tlponies
21:51:39 <BioPone> Hej
21:51:41 <Runbunny> O:
21:51:44 <Runbunny> Hai Bio.
21:51:48 <BioPone> Home time
21:51:54 <BioPone> Hola bun
21:51:55 <Runbunny> Drive safe.
22:25:35 -!- DuB` [DuB@cpe-68-174-122-249.nyc.res.rr.com] has joined #tlponies
22:25:40 <DuB`> Am the home!
22:25:41 <DuB`> Wew
22:30:51 <Runbunny> Hai.
22:36:52 <DuB`> haihaaaai
22:37:54 <Camail> dub go back to work
22:37:56 <Camail> make more money
22:37:59 <Camail> then give me that money
22:38:12 <DuB`> Funny thing
22:38:24 <DuB`> I do have one more task I just got...
22:38:26 <DuB`> brb
22:38:37 <Camail> fuckin
22:42:12 <Bio> no i am the home
22:43:38 -!- Rawr|Fone [~AndChat52@c-4eb4e655.020-164-6d6c6d4.bbcust.telenor.se] has joined #tlponies
22:46:34 <Camail> well
22:46:38 <Camail> one of you better give me money
22:46:40 <Camail> i dont care who
22:57:48 <DuB`> Oaaaaa I got sleepy
22:58:26 <Camail> how does this impact the horn farm
22:59:16 <DuB`> I will hun while sleepy
22:59:54 <Camail> discrawd
23:09:52 <Bio> hunmon
23:20:04 <Camail> DUB
23:20:07 <Camail> WHERE ARE YOU HELLO
23:26:40 <Bio> f
23:41:08 <Runbunny> Sleeeeeeeeeeeep
23:41:17 <Runbunny> Rest in Dub.
23:46:56 <skram> did dub fell aslep
23:47:27 <Camail> his dump pc patched
23:47:33 <Camail> so windows is updating
23:47:37 <Camail> he's a dumb and i'm mad
23:47:42 <skram> rip
23:53:38 <Bio> i cri evri tiem
