00:22:31 <Bio> fuck me i'm so fuckin nervous
00:22:34 <Bio> icepuck time
00:22:45 <skraam> FITE
00:22:48 <skraam> is it the last match
01:01:58 -!- Rawr|Fone [~AndChat52@84-217-62-32.customers.ownit.se] has joined #tlponies
01:32:20 -!- Rawr|Fone [~AndChat52@84-217-62-32.customers.ownit.se] has joined #tlponies
05:52:52 -!- Rawr|Fone [~AndChat52@84-217-62-32.customers.ownit.se] has joined #tlponies
06:40:09 -!- DoT|Phone [~Dot@232.123.7.51.dyn.plus.net] has joined #tlponies
06:40:13 <DoT|Phone> Morning
06:43:32 <DuB`> Good morn dot!
06:43:55 <DoT|Phone> dubs <3
06:46:53 <DoT|Phone> how's you
06:58:25 <DuB`> Gewd
07:23:37 -!- DoT|Phone1 [~Dot@185.69.145.1] has joined #tlponies
07:37:10 -!- Golly [Golly@cm-84.212.249.112.getinternet.no] has joined #tlponies
08:16:57 <DoT|Phone1> why up so late dub
08:17:07 <DuB`> UM
08:17:09 <DuB`> No reason!!
08:17:36 <DoT|Phone1> hmm
08:17:37 <DuB`> No games going on
08:24:06 <Rawr|Fone> Dub please
08:48:11 <DuB`> Oke NOW zzz
08:48:13 <DuB`> ;D
08:53:02 <DoT|Phone1> Rawr Rawr Rawr
08:53:18 <Rawr|Fone> DoT DoT DoT
08:53:23 <Rawr|Fone> 💖💖💖
08:53:24 <DoT|Phone1> 💖💖💖
09:00:04 -!- tredc [~tredc@c83-254-129-166.bredband.comhem.se] has joined #tlponies
09:35:22 -!- Runbunny [~Runbunny@91.100.28.10.generic-hostname.arrownet.dk] has joined #tlponies
09:52:42 <DoT|Phone1> hey Runbun
09:53:54 -!- skram [~skram@109.236.83.78] has joined #tlponies
09:56:58 -!- reification [~thomas@cpc76294-cosh16-2-0-cust297.6-1.cable.virginm.net] has joined #tlponies
09:56:59 -!- mode/#tlponies [+v reification] by Q
09:57:01 <Rawr|Fone> Anders, Jonas
09:57:03 <Rawr|Fone> Reef reef
09:57:13 <skram> Henrik my dear
09:57:18 <reification> roar roar
09:57:32 <skram> riifmannen
09:57:41 <Rawr|Fone> How are you pons
09:58:06 <skram> the sun is much too bright
09:58:40 <reification> skräämannen
09:58:55 <DoT|Phone1> Skram, Reif <3
09:59:02 <reification> dotties <3
09:59:19 <reification> you should enjoy it while you can living in the land of darkness
10:00:24 <reification> ?yolt
10:00:45 <reification> .tell yolteotl confirm/deny? https://twitter.com/pegobry/status/1132212135839371266
10:03:27 -!- skraam [~skram@185.107.94.174] has joined #tlponies
10:04:09 <reification> .tell bio https://twitter.com/wcsot0/status/1112401949952036864
10:10:29 -!- reification [~thomas@cpc76294-cosh16-2-0-cust297.6-1.cable.virginm.net] has joined #tlponies
10:10:30 -!- mode/#tlponies [+v reification] by Q
10:20:15 <DoT|Phone1> Skram
10:22:27 <Runbunny> Oh hello.
12:11:42 -!- BioPhone [~androirc@12.33.239.117] has joined #tlponies
12:11:46 -!- Rawr|Fone [~AndChat52@84-217-62-32.customers.ownit.se] has joined #tlponies
12:28:18 -!- BioPhone [~androirc@12.33.239.117] has joined #tlponies
12:29:06 <skraam> DoT|Phone1
12:29:13 <skraam> F
12:38:23 <Rawr|Fone> F
12:45:57 -!- DoT|Phone [~Dot@185.69.145.1] has joined #tlponies
12:47:06 <skraam> DoT|Phone
12:47:10 <skraam> F
12:47:13 <skraam> god damn
12:58:59 -!- BioPhone [~androirc@12.33.239.117] has joined #tlponies
13:02:33 -!- BioPhone [~androirc@12.33.239.117] has joined #tlponies
13:05:11 <Rawr|Fone> Skram
13:05:26 <skraam> Will you dc if I say your name too, Henrik?
13:05:44 <Rawr|Fone> I will do my best not to
13:05:49 <skraam> fantastic
13:13:07 -!- BioPhone [~androirc@12.33.239.117] has joined #tlponies
13:31:01 -!- skram [~skram@46.46.204.215] has joined #tlponies
14:02:04 -!- BioPhone [~androirc@12.33.239.117] has joined #tlponies
14:35:05 -!- skram [~skram@185.107.80.180] has joined #tlponies
15:00:56 -!- Phearlock [webchat@cloak-e3kb14bi.208.146.128.getinternet.no] has joined #tlponies
15:01:02 <Phearlock> afternoon ponypons
15:02:32 <skram> Heya ferlok old chum
15:02:35 <skram> how you bean
15:02:52 <Phearlock> not eating enough beans that's for sure
15:02:57 <Phearlock> Otherwise doing good
15:06:58 <Runbunny> Why aren't you eating beans? :/
15:07:33 <skram> https://www.reddit.com/r/BeansInThings/
15:07:38 <skram> this is why i dont eat beans no more
15:15:49 -!- BioPhone [~androirc@12.33.239.117] has joined #tlponies
15:17:32 <Runbunny> I mean it's not a to-do list Jonas.
15:17:59 <skram> well nobody told me
15:29:36 -!- BioPhone [~androirc@12.33.239.117] has joined #tlponies
15:33:52 -!- DuB` [DuB@65-130-49-94.slkc.qwest.net] has joined #tlponies
15:40:11 <Rawr|Fone> DuB`
15:42:41 <DuB`> Gud morn
15:44:40 -!- Camail [~Camail@45.40.84.145] has joined #tlponies
15:44:40 -!- mode/#tlponies [+v Camail] by Q
15:51:57 <Rawr|Fone> You need to start going to bed earlier dub
15:52:15 <DuB`> Sometimes
15:56:22 <Rawr|Fone> All the times
15:58:15 -!- BioPone [~androirc@mobile-166-176-248-181.mycingular.net] has joined #tlponies
16:09:34 -!- Rawr|Phone [~AndChat52@m83-185-87-84.cust.tele2.se] has joined #tlponies
16:10:15 <Runbunny> I am going to a pub.
16:10:17 <Runbunny> Bye.
16:15:56 -!- Dot` [~Dot@232.123.7.51.dyn.plus.net] has joined #tlponies
16:16:00 <Dot`> im home
16:16:02 <Dot`> hello pons
16:16:09 <DuB`> <3
16:16:13 <Dot`> <3
16:17:20 <DuB`> I'm having a donut for breakfast and nobody can stop me!
16:19:28 <Dot`> what a rebel!
16:19:36 <Dot`> im working form home tomorow
16:19:37 <Dot`> woohoo
16:19:58 <DuB`> Yay pajama pro
17:09:42 -!- carcinisation [~thomas@cpc76294-cosh16-2-0-cust297.6-1.cable.virginm.net] has joined #tlponies
17:09:43 -!- mode/#tlponies [+v carcinisation] by Q
17:32:20 -!- skram [~skram@185.107.80.180] has joined #tlponies
17:32:32 <Dot`> my favourite skram <3
17:33:07 <DuB`> I am also a fan of this particular skram
17:33:36 <Phearlock> He's alright
17:34:30 <skram> aw shucks
17:35:20 <skram> Dot` are you one of those tsunderes ive seen on my reddits
17:35:29 <skram> because every time i ping you, you disconnect
17:41:35 <Dot`> you do the same to me skram
17:41:45 <skram> hmm
17:42:00 <Dot`> i think its my phone though, it dc's all the time
17:42:08 <Dot`> and i tihnk irc doesnt notice till you ping 
18:05:48 <Dot`> skram
18:06:09 -!- skram [~skram@185.107.80.180] has joined #tlponies
18:06:10 <Dot`> .tell skram i see that signed off
18:06:14 <Dot`> ruuuuuude
18:06:20 <skram> dang
18:06:23 <skram> haha
18:06:26 <skram> whats up bud
18:06:45 <Dot`> 18 days skram till more Panzer Vor
18:07:21 <skram> so soon
18:07:30 <skram> i wonder which pretend nation they're gonna fight in this one
18:08:24 <Dot`> still got canada, all scandanavian
18:08:40 <skram> finland was in the last one though
18:08:40 <Dot`> some eastern european
18:08:55 <Dot`> whos finalnd?
18:09:02 <Dot`> last one was frnace
18:09:08 <Dot`> france*
18:09:30 <skram> the one where they're all on the same team against white haired loli person
18:09:32 <skram> alice or whatever
18:09:48 <Dot`> that was finland?
18:09:56 <Dot`> the uni team
18:10:10 <skram> ah no but they had one tank on the other team
18:10:29 <skram> with the one guy playing the harp and then trackless drifting
18:10:33 <Dot`> ah
18:10:36 <Dot`> of course
18:12:21 <Dot`> i was expecting the finish tank to be that turretless one when it showed up
18:19:17 <skram> They had one of those tanks they built in a shed during the winter war out of some soviet tanks
18:19:22 <skram> very finnish
18:20:05 <Dot`> i did expec tmore knife stabbing and threatening from finnish though
18:20:07 <Dot`> or a sauna
18:20:31 <skram> werent old tanks hot enough to be a sauna anyway though
18:31:17 -!- BioPhone [~androirc@12.33.239.117] has joined #tlponies
18:32:51 <skram> I accidentally spent too much money on cheese again, Dot`
18:34:16 <Dot`> no such thing
18:34:37 <Dot`> i did get some honeyed goats cheese for free on the weekend
18:34:43 <skram> ooh
18:34:50 <Dot`> its great knowing the cheese shop ppl
18:34:51 <BioPhone> Nej
18:35:13 <skram> i wish there was an actual cheese shop in town
18:35:15 <skram> bio jo
18:39:44 <BioPhone> How do
18:40:01 <Rawr|Phone> 🐴🐴🐴
18:40:27 <skram> i had like 500 tacos and i think im dying
18:46:02 <BioPhone> Well that makes sense
18:46:05 <BioPhone> RIP skrm
18:46:21 <BioPhone> Died as he lived. Degenerate and gluttonous
18:49:07 <skram> am not a degenerate
18:50:28 <Camail> skram is a weeb
18:50:33 <Camail> skrm is a responsible employee
18:50:39 <Camail> skraam is basically satan
18:50:48 <Camail> the more a's, the more heinous the crimes
18:51:03 <skram> I dont have a anime gril steam profile pic
18:51:06 <skram> that makes me not a weeb
18:51:15 <Dot`> not on your main account maybe
18:51:50 <skram> Well nobody knows about my secret steam account where I have all those eroges
18:52:16 <Camail> we've always known
18:52:22 <Camail> we just hoped you would grow out of them
18:52:35 <skram> damnit
18:53:34 -!- Golly [Golly@cm-84.212.249.112.getinternet.no] has joined #tlponies
18:59:33 -!- BioPhone [~androirc@12.33.239.117] has joined #tlponies
19:03:34 -!- Golly [Golly@cm-84.212.249.112.getinternet.no] has joined #tlponies
19:26:19 -!- BioPhone [~androirc@12.33.239.117] has joined #tlponies
19:40:02 -!- Rawr|Fone [~AndChat52@c-4eb4e655.020-164-6d6c6d4.bbcust.telenor.se] has joined #tlponies
19:50:09 <skram> bjørn
19:50:26 <Dot`> Jonas
19:50:35 <skram> what are we doing
19:50:49 <Dot`> eating
19:50:58 <skram> are you eating pant
19:51:08 <Dot`> chicken
19:51:14 <Dot`> what you up to?
19:51:34 <skram> no good is what im up to
19:53:51 <Dot`> ah, your watching anime
19:54:04 <skram> nah not right now
19:54:32 <DuB`> Purple alwaysgarden first 2 have been nice, skram
19:54:42 <DuB`> First 2 episodes*
19:55:30 <skram> It gets better
19:58:49 <Dot`> what dub
20:01:03 <skram> music is really good too, dubs
20:03:58 <Dot`> what is it skram
20:04:52 <skram> violet evergarden, dot
20:09:35 -!- BioPhone [~androirc@12.33.239.117] has joined #tlponies
20:09:57 <DuB`> O boy, busy week coming up
20:10:18 <skram> I thought you had like 3 months off
20:10:34 <DuB`> Driving 5hr south into the DESERT land to visit lil sister, then off to nyc with dad to secure an apartment
20:10:48 <skram> DESERT LAND
20:10:56 <DuB`> Ya
20:10:56 <skram> which country is this desert in
20:11:03 <DuB`> Utah country
20:11:13 <skram> wack
20:11:17 <Dot`> why does she live in a desert? 
20:11:28 <skram> why dont we live in a desert, dot
20:11:29 <Dot`> is she one of the sand ppl?
20:11:46 <DuB`> Down in St George UT
20:11:47 <Dot`> skram, ahkat lived in a desert! see how he turned out
20:11:54 <DuB`> Because she's weird and likes 110F summers
20:12:16 <DuB`> And is getting MARRIED in AUGUST down in the DESERT and part of it is going to be OUTDOORS
20:12:39 <skram> more importantly
20:12:39 <Dot`> weird
20:12:42 <skram> does she walk in a single line
20:12:45 <skram> to conceal her tracks
20:12:58 <DuB`> Less sandy desert more rocky desert :P
20:13:10 <Dot`> fake american desert
20:13:25 <skram> wait are you gonna drive to NYC?
20:13:31 <DuB`> no no
20:13:38 <skram> wouldnt that take WEEKS
20:13:46 <DuB`> I unno
20:13:58 <DuB`> 33hr
20:14:35 <skram> oh so only 1 and a half day if you cannonball it
20:14:46 <DuB`> We're just flying out for a day, I'm working with an agency person through my company who will have a bunch of apartments ready for us to go visit and hopefully pick from
20:15:03 <DuB`> And a complimentary car to use!
20:15:07 <DuB`> So fancy
20:15:23 <skram> spoiled more like
20:15:30 <DuB`> probly
20:16:49 <DuB`> I told the lady that my requirements are indoor pool, minimum of 20th floor, view of central park, and helipad access
20:16:54 <DuB`> So we'll see
20:17:20 <Dot`> use that mormon money and connections dub
20:17:30 <skram> im sure you'll get like 9 sqft and it'll be 4000$ a month
20:17:39 <DuB`> Haha
20:18:08 <DuB`> Sublease half of someone's closet, perfect
20:19:28 <skram> hopefully you wont have to sleep on someones underthings though
20:22:27 <skram> Dot` im watching one where some guy gets the murder and then transported to a different world but this time he is a slime
20:22:33 <skram> ...its really good
20:23:03 <Dot`> what is this one called?
20:23:17 <skram> that time i got reincarnated as a slime
20:23:19 <DuB`> There are like 4 of those
20:23:23 <DuB`> But that's the famous one :P
20:23:27 <Dot`> lol
20:23:32 <skram> haha
20:23:51 <skram> kazuma isnt a slime, DuB`
20:23:54 <skram> he is just very slimy
20:24:06 <DuB`> Who now
20:24:18 <skram> the guy in konosuba
20:24:59 <DuB`> o ya
20:26:19 <DuB`> I am currently a big fan of the specific isekia sub genre of "reincarnated villainess who knows they're the villainess and tries not to let the heroine win while also not being too horrible of a person"
20:26:36 <DuB`> isekai*
20:26:37 <DuB`> There are at least half a dozen such manga
20:27:38 <skram> is manga like r34 in that it has every convievable scenario that will ever be concieved
20:27:39 <skram> and also porn
20:28:03 <DuB`> Probably close
20:28:51 <DuB`> There's one of a mermaid princess who discovers that she loves seafood and guiltily eats her former subjects at a sushi place
20:29:21 <skram> sounds amazing
20:31:58 -!- Rawr|Fone [~AndChat52@c-4eb4e655.020-164-6d6c6d4.bbcust.telenor.se] has joined #tlponies
20:36:23 <Dot`> rawr rawr rawr
20:37:16 <Rawr|Fone> Beep boop
20:38:17 <Rawr|Fone> DoT DoT DoT
20:38:31 <Dot`> <3 <3 <3
20:38:34 <Rawr|Fone> ❤❤❤
20:52:41 -!- Crisium [~Crisium@c-73-174-151-51.hsd1.pa.comcast.net] has joined #tlponies
20:58:39 <BioPhone> Asdf
20:58:58 <skram> how dare u
21:01:55 <Rawr|Fone> Very rude
21:05:34 <BioPhone> Oh I dare
21:05:37 <BioPhone> Do you?
21:05:55 <skram> https://www.youtube.com/watch?v=SMhwddNQSWQ
21:05:57 <skram> every day, pal
21:16:02 <Rawr|Fone> Jonas
21:16:07 <skram> Henrik
21:16:25 <Rawr|Fone> How is your evening my dear
21:16:57 <skram> My tummy hurts and its time for bed soon
21:17:00 <skram> what you been up to
21:17:41 <Rawr|Fone> Have you eaten too much
21:17:46 <skram> a bit
21:17:59 <Rawr|Fone> I'm not doing anything at the moment
21:18:53 <Rawr|Fone> Try eating just a little less next time skram
21:19:14 <skram> but i made so much
21:20:59 <BioPhone> Home time
21:21:00 <BioPhone> Woop
21:21:04 <skram> drive safe
21:22:21 -!- BioPone [~androirc@mobile-166-176-251-125.mycingular.net] has joined #tlponies
21:41:20 <Bio> turns out i did
21:43:45 <Bio> time to get some foods
21:44:29 <Rawr|Fone> Good job bio
21:46:12 -!- BioPone [~androirc@97.70.165.146] has joined #tlponies
21:51:09 -!- BioPone [~androirc@97.70.165.146] has joined #tlponies
22:13:54 -!- Rawr|Fone [~AndChat52@c-4eb4e655.020-164-6d6c6d4.bbcust.telenor.se] has joined #tlponies
22:14:28 -!- Zounds [webchat@cloak-07ouvien.14-2.cable.virginm.net] has joined #tlponies
22:14:35 <Zounds> hey
22:22:59 <reification> hi zounds
22:30:23 <DuB`> Dot` I got to a mission in xcom with a boss in it I can't beat T_T
22:31:51 <DuB`> Aliens 2 strong
22:31:58 <Dot`> is it one of those 3 aliens that shows up ?
22:32:03 <Bio> thats xcom baby
22:32:14 <DuB`> Somethin like that
22:32:15 <Dot`> from the dlc
22:32:32 <Dot`> because second playthrough i turned those bastards off haha
22:32:40 <Bio> there are leader alienz and monstrous alienz
22:32:45 <Dot`> they kept showing up at THE WORST moments
22:33:28 <DuB`> Only have to do like 1/4 his hp to make him run, but he blows up my whole team by then
22:33:31 <DuB`> Pah
22:33:58 -!- carcinisation [~thomas@cpc76294-cosh16-2-0-cust297.6-1.cable.virginm.net] has joined #tlponies
22:33:58 -!- mode/#tlponies [+v carcinisation] by Q
22:34:02 <Dot`> then he comes back stronger
22:34:06 <Dot`> RIP
22:38:47 <Bio> scouting is key
22:39:00 <Bio> reapers are broken good dob
22:40:55 <DuB`> Ya
22:41:11 <DuB`> 2x reaper for facility infiltration = in and out no combat :P
23:21:38 -!- Rawr|Fone [~AndChat52@c-4eb4e655.020-164-6d6c6d4.bbcust.telenor.se] has joined #tlponies
23:40:37 -!- Rawr|Fone [~AndChat52@c-4eb4e655.020-164-6d6c6d4.bbcust.telenor.se] has joined #tlponies
23:42:20 <Dot`> did you kill them dub?
23:42:35 <DuB`> O haven't tried today :P
23:43:50 <Dot`> sounds like you lack conviction
