00:15:24 <Camail> lychee is pretty good, it's a super white fruit
00:56:01 -!- BioPone [~androirc@mobile-107-92-120-252.mycingular.net] has joined #tlponies
01:24:07 <Bio> i was linked some fire emblem cuties
01:24:14 <Bio> this will be accepted
01:25:59 <DuB`> Bio I have decided that I can't watch your switch streams anymore 
01:26:03 <DuB`> Because I can't afford to start wanting games I'd have to buy a whole console for :P
01:26:16 <Bio> fair.
01:26:20 <Bio> but counterpoint
01:26:23 <Bio> do watch
01:26:39 <DuB`> Can't argue with that
01:42:14 <Bio> another counterpoint: Buy a swootch with all that big boi monies u makin now
01:42:34 <DuB`> PC comes first!
01:42:39 <DuB`> Also I gotta get paid first...
01:42:44 <Bio> i'm sure it will be fine
01:42:52 <Bio> thats what credit cards are for!
01:42:57 <Bio> also speaking of work
01:42:59 <Bio> i should sleep 
01:43:02 <Bio> so i can do that tomorrow
01:43:03 <Bio> nn
01:43:06 <DuB`> nnn
01:43:07 <BioSlep> nnnnnnnnnnn
01:43:13 <DuB`> zzzzzzzz
01:43:14 <skram> sleep tite
01:43:34 <skram> DuB` i am craving
01:43:36 <skram> the chocolate
01:52:27 -!- Rawr|Fone [~AndChat52@c-4eb4e655.020-164-6d6c6d4.bbcust.telenor.se] has joined #tlponies
01:56:19 <Camail> .tell cane building jugg herald of agony now, those +3 lvl 20 minion damage helms aren't cheap, got a good deal at 2.5ex tho
01:56:29 <Camail> skram do you wanna poe
02:11:17 -!- DoT` [~Dot@228.89.99.195.dyn.plus.net] has joined #tlponies
02:20:03 <Camail> giving me the cold shoulder
02:20:07 <Camail> i feel so abandoned
02:20:20 <DuB`> skram only has eyes for choco
02:20:24 <Camail> guess i should cast myself ashore onto the rocky beds
02:20:47 <Camail> he is truly, as we say, a bitter slut
02:20:59 <DuB`> Dark choco then
02:21:09 <Camail> https://www.twitch.tv/criticalrole
02:26:59 <DuB`> zzz
02:27:30 <Camail> .tell dub` dont you zzz me! rude!
02:48:47 <DoT`> skram snela
02:48:59 <DoT`> you should be asleep
02:55:42 -!- Rawr|Fone [~AndChat52@c-4eb4e655.020-164-6d6c6d4.bbcust.telenor.se] has joined #tlponies
05:08:03 <DoT`> pon pon
05:31:23 -!- Rawr|Fone [~AndChat52@c-4eb4e655.020-164-6d6c6d4.bbcust.telenor.se] has joined #tlponies
05:39:27 -!- DoT|Phone [~Dot@85.255.232.238] has joined #tlponies
06:28:45 -!- DoT|Phone1 [~Dot@148.252.129.56] has joined #tlponies
06:55:29 -!- Runbunny [~Runbunny@91.100.28.10.generic-hostname.arrownet.dk] has joined #tlponies
06:55:42 <Runbunny> oh hey, it's me.
06:57:19 <DoT|Phone1> Angel!
06:57:23 <Runbunny> Dot!
06:57:31 <Runbunny> How's your discombobulation?
06:57:58 <DoT|Phone1> pretty bad. been up since 3:30
06:58:07 <DoT|Phone1> git a nice jog in though
07:00:20 <Runbunny> Neat!
07:07:13 <Runbunny> Are you back to work already?
07:12:00 -!- Rawr|Fone [~AndChat52@c-4eb4e655.020-164-6d6c6d4.bbcust.telenor.se] has joined #tlponies
07:12:26 <DoT|Phone1> Yea. been here just over an hour now
07:16:28 <DoT|Phone1> Rawr Rawr Rawr
07:16:46 <Rawr|Fone> DoT DoT DoT
07:16:51 <Rawr|Fone> 💖💖💖
07:17:19 <DoT|Phone1> 💖💖💖
07:17:23 <Runbunny> Henrik!
07:17:25 <DoT|Phone1> how's you today Rawr
07:17:32 <Rawr|Fone> Anders!
07:17:42 <Rawr|Fone> I just woke up DoT
07:17:59 <Rawr|Fone> How are you two my friends
07:18:51 <DoT|Phone1> good so far
07:19:32 <Rawr|Fone> Great
07:19:39 <Runbunny> Yeah, it's pretty alright for me.
07:19:44 <DoT|Phone1> your great Rawr
07:20:01 <Rawr|Fone> No you!
07:20:39 <Runbunny> O:
07:20:52 <Rawr|Fone> You too runbun
07:28:19 <Runbunny> Psychology is hard.
07:28:48 <Runbunny> I'm trying to persuade a person to feel better about himself. 
07:45:48 -!- Golly [Golly@cm-84.212.249.112.getinternet.no] has joined #tlponies
07:49:26 -!- Rawr|Fone [~AndChat52@c-4eb4e655.020-164-6d6c6d4.bbcust.telenor.se] has joined #tlponies
08:13:00 -!- reification [~thomas@cpc76294-cosh16-2-0-cust297.6-1.cable.virginm.net] has joined #tlponies
08:13:01 -!- mode/#tlponies [+v reification] by Q
08:19:27 <Runbunny> reification!
08:20:17 <reification> runbunny!
08:28:46 -!- Rawr|Phone [~AndChat52@m83-185-84-244.cust.tele2.se] has joined #tlponies
08:54:44 <DoT|Phone1> Runbun. go give then a hug
08:54:46 <DoT|Phone1> them
08:54:49 <DoT|Phone1> Reif!
08:55:56 <reification> dotties!
08:56:16 <reification> wait who should runbun be hugging?
09:07:46 -!- Rawr|Fone [~AndChat52@c-4eb4e655.020-164-6d6c6d4.bbcust.telenor.se] has joined #tlponies
09:14:28 <Runbunny> Some guy on the internets.
09:20:39 <reification> hmmm be careful, there are some strange ppl on this here internet :p
09:41:02 <Runbunny> Nah it's alright.
09:57:06 <DoT|Phone1> Runbun is use to strange ppl
10:09:18 <Runbunny> I am?
10:14:47 <DoT|Phone1> you hand around Skram and I
10:16:26 -!- Rawr|Fone [~AndChat52@c-4eb4e655.020-164-6d6c6d4.bbcust.telenor.se] has joined #tlponies
10:18:41 <DoT|Phone1> hang
10:28:17 <DoT|Phone1> I'm starting to feel that jet lag
10:28:40 <reification> hang in there dotties
10:29:01 -!- Rawr|Fone [~AndChat52@c-4eb4e655.020-164-6d6c6d4.bbcust.telenor.se] has joined #tlponies
10:39:08 -!- carcinisation [~thomas@cpc76294-cosh16-2-0-cust297.6-1.cable.virginm.net] has joined #tlponies
10:39:09 -!- mode/#tlponies [+v carcinisation] by Q
10:54:41 -!- tredc [~tredc@c83-254-129-166.bredband.comhem.se] has joined #tlponies
11:14:10 -!- Rawr|Fone [~AndChat52@c-4eb4e655.020-164-6d6c6d4.bbcust.telenor.se] has joined #tlponies
11:22:23 <reification> micen https://twitter.com/kn0nker/status/1155132515780374529
11:28:07 -!- Cane [~Cane@CaneCraft.users.quakenet.org] has joined #tlponies
11:28:07 -!- mode/#tlponies [+o Cane] by Q
11:29:44 <reification> NSFW dear norway WTF NSFW https://twitter.com/NoConViolence/status/1155954139848835074
11:31:12 <reification> also hi cane, thx for the sombra carry the other day
11:31:31 <Cane> LOL you're welcome. <3
11:31:35 <Cane> Hi reif!
11:33:40 -!- Rawr|Fone [~AndChat52@c-4eb4e655.020-164-6d6c6d4.bbcust.telenor.se] has joined #tlponies
11:34:58 -!- carcinisation [~thomas@cpc76294-cosh16-2-0-cust297.6-1.cable.virginm.net] has joined #tlponies
11:34:59 -!- mode/#tlponies [+v carcinisation] by Q
11:37:57 <DoT|Phone1> hey cane <3
11:38:20 <Cane> Hiya!
11:40:30 <reification> .tell bio i think you can relate to this meem https://twitter.com/bigcooldad/status/1155536284133273602
11:42:53 <BioSlep> .tell Skram https://www.youtube.com/watch?v=yXi7WVrLOW4
11:42:57 <BioSlep> gud vid
11:43:01 <BioSlep> also werk time
11:43:07 <reification> shh bio you are slep
11:44:21 <reification> runbun https://pbs.twimg.com/media/EAtxmH7WkAM-hpK.jpg
11:45:05 <BioSlep> i'm always watching for your degeneracy
11:45:25 <reification> you must be very hardworking then
11:45:30 <BioSlep> very
11:45:37 <BioWerk> bbl horsen
11:50:54 -!- BioPone [~androirc@mobile-107-92-121-204.mycingular.net] has joined #tlponies
11:56:17 -!- skram [~skram@195.181.173.105] has joined #tlponies
12:06:38 -!- BioPone [~androirc@12.33.239.117] has joined #tlponies
12:11:46 <DoT|Phone1> hey Jonas
12:12:04 <skram> good mornin bjørn pal
12:14:15 -!- Rawr|Fone [~AndChat52@c-4eb4e655.020-164-6d6c6d4.bbcust.telenor.se] has joined #tlponies
12:17:44 <Runbunny> Jonas, you're here.
12:17:46 <Runbunny> Great.
12:18:05 <skram> Anders, gamle ørn
12:21:30 <Runbunny> Åh Jonas. Is it september yet?
12:22:26 <skram> soon hopefully
12:27:33 <Rawr|Fone> Jonas
12:27:46 <skram> Henrik
12:28:05 <Rawr|Fone> How are you feeling today my dear
12:28:24 <skram> I think its gonna be a good day
12:28:31 <skram> How about you
12:29:15 <Rawr|Fone> Today has been great so far
12:47:39 -!- Rawr|Fone [~AndChat52@c-4eb4e655.020-164-6d6c6d4.bbcust.telenor.se] has joined #tlponies
12:56:56 <DoT|Phone1> how's you Skram
13:01:51 -!- DuB|fon [~androirc@168.149.241.80] has joined #tlponies
13:02:55 <DoT|Phone1> daaaaab
13:03:09 <DoT|Phone1> you got a team yet?
13:03:27 -!- Rawr|Fone [~AndChat52@c-4eb4e655.020-164-6d6c6d4.bbcust.telenor.se] has joined #tlponies
13:05:55 <reification> https://twitter.com/Hi3cchi/status/1155934265953046528
13:05:58 <DuB|fon> Have for a while, team just doesn't have much for me to do :P
13:06:46 <reification> dub runbunny skram https://twitter.com/Hi3cchi/status/1155442543926108160
13:09:15 <DuB|fon> Think I've decided to go ahead and buy pc parts and just have cool Russian guy at the PC place do the difficult wiring part...
13:10:06 <DuB|fon> Now I'm wondering if ram upgrade or case fans might be nice while I'm at it:o
13:10:28 <DuB|fon> Dunno if 2400->3200mhz ram is worth
13:10:50 <reification> dubputer gonna be a russian bot :p
13:12:19 <DuB|fon> He might be ukranian, I don actually know
13:12:21 <DuB|fon> Haha
13:12:46 <reification> we'll tell by what you start tweeting about crimea :p
13:12:56 <DuB|fon> Ez
13:18:46 <skram> case fans are real cheap dub
13:23:41 -!- DoT|Phone [~Dot@85.255.233.84] has joined #tlponies
13:24:22 <reification> skram https://twitter.com/Bodegacats_/status/1155976882950557697
13:28:03 <skram> loan shark cat
13:37:35 <DoT|Phone> incontrol passing still seems unreal
13:46:46 -!- DoT|Phone1 [~Dot@148.252.129.55] has joined #tlponies
13:49:44 -!- Rawr|Fone [~AndChat52@c-4eb4e655.020-164-6d6c6d4.bbcust.telenor.se] has joined #tlponies
13:50:11 <reification> .tell camail https://twitter.com/ProducerBTW/status/1155658539429326849
13:50:44 -!- DoT|Phone [~Dot@85.255.233.84] has joined #tlponies
14:10:30 -!- carcinisation [~thomas@cpc76294-cosh16-2-0-cust297.6-1.cable.virginm.net] has joined #tlponies
14:10:31 -!- mode/#tlponies [+v carcinisation] by Q
14:12:40 -!- DoT|Phone1 [~Dot@148.252.129.36] has joined #tlponies
14:19:48 -!- DoT|Phone [~Dot@85.255.233.84] has joined #tlponies
14:32:01 <reification> bio https://twitter.com/WholesomeMeme/status/1155915898781196290
14:46:38 -!- Rawr|Fone [~AndChat52@c-4eb4e655.020-164-6d6c6d4.bbcust.telenor.se] has joined #tlponies
14:49:42 -!- DoT|Phone1 [~Dot@85.255.232.25] has joined #tlponies
14:58:19 -!- Camail [~Camail@45.40.84.145] has joined #tlponies
14:58:19 -!- mode/#tlponies [+v Camail] by Q
15:00:54 <DuB|fon> Most everything on evga site is out of stock >:T
15:02:28 -!- DoT|Phone [~Dot@85.255.233.84] has joined #tlponies
15:14:11 -!- DoT` [~Dot@228.89.99.195.dyn.plus.net] has joined #tlponies
15:15:02 -!- DoT|Phone1 [~Dot@85.255.232.25] has joined #tlponies
15:15:45 <DoT`> pon pon pon
15:17:11 -!- Zounds [webchat@cloak-07ouvien.14-2.cable.virginm.net] has joined #tlponies
15:17:16 <Zounds> hey
15:17:22 <Runbunny> Hai.
15:17:41 <Runbunny> Are you gonna play classic Zounds?
15:17:48 <DoT`> hey zounds
15:17:48 <Zounds> hmm
15:18:01 <Zounds> maybe Runbunny I don't have a lot of enthusiasm right now
15:18:05 <Zounds> but I might :P
15:18:14 <Zounds> hi DoT` 
15:25:32 <Camail> dub how much of your mental energy revolves around graphics cards on a day to day
15:26:13 <Camail> reification blanka is in eternal tatsu hell, where he belongs
15:32:04 <DuB|fon> Well I sit here at work with a pc to use and nothing to use it for so I study and then browse pc parts between lessons :P
15:50:36 -!- DoT|Phone [~Dot@85.255.234.190] has joined #tlponies
15:55:23 -!- DoT|Phone1 [~Dot@148.252.128.45] has joined #tlponies
15:58:06 -!- DoT|Phone2 [~Dot@85.255.232.25] has joined #tlponies
16:45:16 -!- Rawr|Fone [~AndChat52@c-4eb4e655.020-164-6d6c6d4.bbcust.telenor.se] has joined #tlponies
17:08:35 -!- DuB|fon [~androirc@168.149.241.80] has joined #tlponies
17:13:49 -!- BioPone [~androirc@12.33.239.117] has joined #tlponies
17:17:21 <DuB|fon> Client wanted minor wording update on the project contract so I get to wait another 2-3 days to start on anything (:
17:17:44 <DoT`> wow dub, gettign paid for being lazy
17:17:54 <DoT`> is this the life of an accountant?
17:19:38 <DuB|fon> For new ones apparently
17:19:53 <DuB|fon> I am bored to death
17:20:00 <DoT`> oh dear
17:21:09 <DoT`> well i got back to work today and it turns out i am soloing a FAT test starting tomorrow on code i wrote months ago and havnt had much time to brush up on and check
17:21:47 <DoT`> woops, not a FAT test, just  FAT, as it stands for factory (something) test
17:22:09 <DuB|fon> O boi
17:22:11 <DoT`> where the client comes in and has us run though and test/show the code
17:22:55 <DoT`> should last 3 weeks and be like 5 ppl there, but this job is a mess, so its just 1 maybe 2 guys 3 days
17:23:05 <DoT`> then 2 more days with 4 ppl in a week and a half
17:23:15 <DoT`> then the job goes to site and tested live.....
17:23:33 <DoT`> this job should have another week at least of touchups and 3 weeks of FAT
17:29:46 <DuB|fon> O_o
17:32:23 <DuB|fon> Well you'll do great
17:33:50 -!- Rawr|Fone [~AndChat52@c-4eb4e655.020-164-6d6c6d4.bbcust.telenor.se] has joined #tlponies
17:34:08 <DoT`> thanks horse
17:35:14 <Rawr|Fone> 🐴🐴🐴
17:58:58 -!- carcinisation [~thomas@cpc76294-cosh16-2-0-cust297.6-1.cable.virginm.net] has joined #tlponies
17:58:59 -!- mode/#tlponies [+v carcinisation] by Q
