00:01:00 <Camail> cane i just fought the lich delve boss
00:01:03 <Camail> delve bosses are fun
00:08:20 <Camail> hey Cane  did you ever want to try uber elder with your minion build? i have elder around my guardians so i could set it up for you
00:15:36 -!- Rawr|Fone [~AndChat52@c-4eb4e655.020-164-6d6c6d4.bbcust.telenor.se] has joined #tlponies
00:22:25 <BioSC> pan
01:51:01 <Cane> Woo TI time.
01:51:04 <Cane> https://www.twitch.tv/dota2ti
01:54:29 -!- mode/#tlponies [+vvvvvv Bio Crisium DoT` DuB` Golly Micen] by Cane
01:54:29 -!- mode/#tlponies [+vv skram sweetiebot] by Cane
01:55:36 <DuB`> woohoo
01:55:47 <DuB`> Hopefully liquid can figure out why they lost a bunch in groups :P
02:10:07 -!- Rawr|Fone [~AndChat52@c-4eb4e655.020-164-6d6c6d4.bbcust.telenor.se] has joined #tlponies
02:22:32 <Cane> They looked so bad in groups. =/
02:56:47 -!- Rawr|Fone [~AndChat52@c-4eb4e655.020-164-6d6c6d4.bbcust.telenor.se] has joined #tlponies
03:32:49 -!- Rawr|Fone [~AndChat52@c-4eb4e655.020-164-6d6c6d4.bbcust.telenor.se] has joined #tlponies
03:45:26 -!- Golly [Golly@cm-84.213.21.103.getinternet.no] has joined #tlponies
04:07:52 -!- Rawr|Fone [~AndChat52@c-4eb4e655.020-164-6d6c6d4.bbcust.telenor.se] has joined #tlponies
04:30:19 -!- DoT|Phone [~Dot@228.89.99.195.dyn.plus.net] has joined #tlponies
04:36:46 -!- Rawr|Fone [~AndChat52@c-4eb4e655.020-164-6d6c6d4.bbcust.telenor.se] has joined #tlponies
05:02:24 -!- Rawr|Fone [~AndChat52@c-4eb4e655.020-164-6d6c6d4.bbcust.telenor.se] has joined #tlponies
05:20:34 -!- Rawr|Fone [~AndChat52@c-4eb4e655.020-164-6d6c6d4.bbcust.telenor.se] has joined #tlponies
06:04:27 -!- Rawr|Fone [~AndChat52@c-4eb4e655.020-164-6d6c6d4.bbcust.telenor.se] has joined #tlponies
06:45:21 -!- Rawr|Fone [~AndChat52@m83-185-80-7.cust.tele2.se] has joined #tlponies
06:48:11 <Golly> dis tnc vc game pretty lit
07:04:02 <DoT|Phone> Morning all
07:09:04 <Golly> mr0n
07:12:00 <Cane> That was a long-ass game.
07:12:23 <Cane> I was gonna watch this series and then crash, but after 80 minutes of that shit, I think I'm going now. <3
07:12:30 <Cane> Later everyone.
07:14:33 <Golly> nite
07:14:36 <DoT|Phone> gnight cane
07:39:54 -!- DoT|Phone1 [~Dot@85.255.232.246] has joined #tlponies
07:40:52 -!- DoT|Phone1 [~Dot@85.255.232.246] has joined #tlponies
08:02:56 <DoT|Phone1> Skram
08:03:00 -!- Runbunny [~Runbunny@91.100.28.10.generic-hostname.arrownet.dk] has joined #tlponies
08:03:08 <skram> hey dot
08:03:10 <DoT|Phone1> Angel!
08:03:12 <skram> Anders.
08:03:19 <DoT|Phone1> where you been Skram
08:03:32 <skram> I was sleepin
08:03:36 <Runbunny> oh hai
08:03:43 <Runbunny> I was by no means ready for running.
08:03:50 <skram> uh oh
08:04:02 <skram> why would you do such a thing, runbun?
08:04:10 <Runbunny> feet and legs seizing up like crazy.
08:04:15 <Runbunny> I am getting fat Jonas.
08:04:18 <DoT|Phone1> stretch
08:04:23 <DoT|Phone1> before and after
08:04:32 <Runbunny> I did
08:04:38 <Golly> fatbun
08:04:44 <skram> D:
08:04:51 <Runbunny> NotSoRunBun at least.
08:05:06 <skram> go to the beach and do a swimming instead
08:05:17 <DoT|Phone1> well it gets easier bun
08:05:19 <Runbunny> Anyhoo I need to shower, I am dripping sweat all over my place.
08:05:51 <skram> good idea
08:13:47 -!- Phearlock [webchat@cloak-8w00owjr.208.129.136.getinternet.no] has joined #tlponies
08:32:40 <DoT|Phone1> Hey Phear
08:32:56 <Phearlock> morning
08:37:38 <Runbunny> Hai Phearlock.
08:39:00 <skram> ohai ferlok
08:41:38 <Runbunny> Golly, https://twitter.com/realDonaldTrump/status/1163603361423351808
08:41:57 <Rawr|Fone> Runbun
08:42:15 <Rawr|Fone> Remember that diet is the most important part of getting in better shape
08:43:11 <skram> Runbun the comments on this tweet are wack
08:43:30 <skram> its half fuck trump and half mr president pls have my babies
08:45:52 <Runbunny> I think that is general state of America atm Jonas.
08:46:07 <Runbunny> Yes Henrik. 
08:46:26 <Runbunny> I shall head to the store later and get some nice shit.
08:46:41 <Rawr|Fone> Great
08:47:01 <Golly> more like GOLDland amirite
08:47:20 <Runbunny> Except there is no gold :D
08:47:27 <Golly> hehe
08:47:30 <Runbunny> There is no green either.
08:47:50 <skram> is there even land?!
08:48:41 <Phearlock> Yes most of greenland is land
08:48:48 <Phearlock> snow covered land, but land
08:49:57 <Golly> not much soil tho i reckon
08:50:47 <Runbunny> But pretty big.
10:31:43 -!- reification [~thomas@cpc76294-cosh16-2-0-cust297.6-1.cable.virginm.net] has joined #tlponies
10:31:43 -!- mode/#tlponies [+v reification] by Q
10:33:46 <Runbunny> Hey reif.
10:34:56 <Runbunny> I think it's time to go to the store.
10:35:50 <DoT|Phone1> Hey Reif
10:35:53 <DoT|Phone1> gl bun
11:02:07 <Rawr|Fone> 🐴🐴🐴
11:13:57 <DoT|Phone1> Rawr Rawr Rawr
11:14:02 <DoT|Phone1> 💖💖💖
11:14:11 <Rawr|Fone> DoT DoT DoT
11:14:13 <Rawr|Fone> 💖💖💖
11:23:48 <reification> hi dotties, bun
11:53:34 <reification> https://www.twitch.tv/dota2ti
11:56:14 <DoT|Phone1> is there a tree?
11:56:42 <Rawr|Fone> There are trees all over the map dot
11:57:18 <DoT|Phone1> is one of then roaming the map?
12:03:50 <reification> doesn't look like there will be dotties :(
12:04:15 <reification> as there is the mad one that is scared of trees
12:07:06 <reification> do have the big green scythe though
12:13:38 <Golly> thats not your base tidehunter
12:14:08 <DoT|Phone1> is there an enchantress?
12:14:09 <skram> this is advanced tidehunter
12:14:23 <skram> almost, dot
12:14:28 <DoT|Phone1> half horse
12:14:37 <skram> theres a half goat
12:14:38 <skram> well
12:14:43 <skram> he's all goat but with a person head
12:15:09 <DoT|Phone1> some goats are good
12:21:04 <skram> goats are great, dot
12:25:36 <DoT|Phone1> one day Skram we will go to south Africa and I will show you the cheese place with the goat tower
12:25:54 <skram> how come you've never mentioned this cheese place before
12:26:15 <DoT|Phone1> there is also a peacock there
12:26:37 <skram> sounds great
12:27:07 <DoT|Phone1> Fairview wine and cheese farm
12:30:54 <DoT|Phone1> the oldest goat is very majestic
12:31:17 <skram> of course
12:31:24 <skram> very dignified im sure
12:33:06 <Runbunny> Jonas.
12:33:13 <skram> Yes anders.
12:33:24 <Runbunny> Do you have today off?
12:33:32 <Runbunny> or are you working the night?
12:33:53 <skram> You make me sound like a prostitute
12:34:01 <skram> Im off today, yeah
12:34:03 <skram> :p
12:34:08 <Runbunny> Are you selling your body for money?
12:34:18 <skram> sort of i guess
12:34:36 <Runbunny> One more mystery solved.
12:35:15 <Runbunny> How do you make sure that the stuff is burning when you aren't looking though?
12:36:01 -!- Rawr|Phone [~AndChat52@c-4eb4e655.020-164-6d6c6d4.bbcust.telenor.se] has joined #tlponies
12:36:01 <skram> i trained a gerbil to push buttons when im napping
12:38:06 <Runbunny> You better have added "annoited animal trainer" on your CV.
12:51:48 <reification> gg
12:51:49 <Golly> w=o
13:02:37 <Runbunny> Gonna try a nap.
13:02:42 <Runbunny> Wish me luck.
13:04:00 <DoT|Phone1> gl!
13:18:49 -!- Rawr|Fone [~AndChat52@m83-185-80-7.cust.tele2.se] has joined #tlponies
13:19:11 <skram> gonna go pick me some fuckin' berries y'all
13:20:04 <DoT|Phone1> in the wild?
13:20:55 -!- Rawr|Fone [~AndChat52@m83-185-87-205.cust.tele2.se] has joined #tlponies
13:27:57 <DoT|Phone1> he ded
13:55:00 <Rawr|Fone> D:
14:09:59 <Runbunny> Jonas, nooo!
14:54:07 -!- DoT|Phone [~Dot@85.255.232.246] has joined #tlponies
15:03:42 -!- Zounds [webchat@cloak-07ouvien.14-2.cable.virginm.net] has joined #tlponies
15:05:08 <DoT|Phone> Zounds!
15:08:52 <Zounds> hey
15:29:53 -!- DoT|Phone1 [~Dot@228.89.99.195.dyn.plus.net] has joined #tlponies
15:43:58 -!- tredc [~tredc@c83-254-129-166.bredband.comhem.se] has joined #tlponies
15:44:49 -!- DoT` [~Dot@228.89.99.195.dyn.plus.net] has joined #tlponies
15:51:03 -!- DuB|fon [~androirc@168.149.241.80] has joined #tlponies
16:12:39 -!- BioPhone [~androirc@12.33.239.117] has joined #tlponies
16:12:45 <BioPhone> Hej
16:13:35 <Runbunny> Hei.
16:15:15 <DoT`> Dub! Bio!
16:16:05 <Rawr|Fone> Hej
16:19:14 <DuB|fon> :D
16:24:10 <BioPhone> Pone
16:33:27 -!- BioPhone [~androirc@12.33.239.117] has joined #tlponies
16:33:46 <BioPhone> Bek
16:33:57 <BioPhone> I'm making circuits dort
16:34:05 <BioPhone> With relays and stuff
16:34:05 <DoT`> good
16:34:15 <DoT`> make them so they dont smoke
16:34:21 <BioPhone> Yus
16:34:43 <BioPhone> V importante due to the 2x 600v power supplies they attach to
16:34:54 -!- Cane [~Cane@CaneCraft.users.quakenet.org] has joined #tlponies
16:34:54 -!- mode/#tlponies [+o Cane] by Q
16:36:11 <DoT`> thats too much power for 1 horse!
16:38:11 <BioPhone> Youd think they would catch on
16:38:18 <BioPhone> But they just... let me
16:57:18 <BioPhone> Craz
16:57:43 <BioPhone> Also friday is me having moved for a year
16:57:55 <BioPhone> And I havent starved myself
16:58:03 <BioPhone> Or gone bankrupt
16:58:11 <BioPhone> Great success
17:09:54 -!- Golly [Golly@cm-84.213.21.103.getinternet.no] has joined #tlponies
17:11:44 <Zounds> 7 years for me
17:12:34 <BioPhone> Well done ser
17:13:02 <Zounds> thankies bayo
17:21:05 <BioPhone> Adult life ain't that bad I suppose.
17:23:05 -!- Camail [~Camail@45.40.84.145] has joined #tlponies
17:23:05 -!- mode/#tlponies [+v Camail] by Q
17:24:27 <DoT`> cann
17:43:05 <Camail> d()t
17:50:57 -!- skram [~skram@134.19.189.124] has joined #tlponies
17:51:12 <skram> pals
17:51:25 <DoT`> jonas
17:51:32 <DoT`> my friend
17:54:51 <skram> hows your face DoT`
17:55:39 <DoT`> its ok
17:57:06 <Runbunny> Great.
18:00:42 <skram> what about the bunny face
18:00:45 <skram> did you get a present
18:10:58 <DoT`> did you send himn a present?
18:11:18 <skram> i sent some nudie pictures
18:14:05 <DoT`> of cam?
18:14:15 <Camail> pls
18:15:09 <skram> nah he found all my spy cams dot
18:17:12 <Camail> didnt even hide them
18:17:16 <Camail> it was weird
18:17:39 <skram> I was hoping you'd pose
18:32:00 <Runbunny> No presents till saturday.
18:32:32 <Runbunny> Well, maybe I'll have a bit of cake tomorrow, we shall see.
18:38:32 <skram> hmm
18:38:35 <skram> what sort though
18:49:21 <reification> https://twitter.com/nanatiiiiiiiiii/status/1162021537509064704
18:50:13 <reification> skram https://twitter.com/yewonlee1999/status/1161921201016594432
19:51:18 <BioPhone> Asdf
19:51:25 <BioPhone> I want a cookie cake
19:51:38 <BioPhone> Didnt get one for my birfday
19:51:42 <DoT`> is that a large cookie?
19:51:47 <BioPhone> P much
19:51:54 <DoT`> sounds great
19:52:52 <BioPhone> https://images.app.goo.gl/CKBevNpQZHG6rHQS9
19:54:23 <DoT`> now i want a cookie cake
19:54:26 <DoT`> or just cake
19:54:34 <DoT`> any cake
19:54:35 <skram> dot please
19:54:38 <skram> you're an adult
19:54:42 <skram> if you want cake you can just make it
19:54:48 <DoT`> no
19:55:07 <DoT`> i cant even make proper food, nevermind fancy cakes
19:56:16 <skram> just do a recipe
19:56:33 <skram> if you know how to measure things you can make ANYTHING
19:59:14 <DoT`> i dont have any mesure cup thingies
19:59:58 <skram> cmon dude
20:00:43 <DoT`> what
20:00:54 <skram> do you even have a kitchen
20:00:58 <DoT`> not all of us ar ecompetent adult ppl liek you skram
20:01:54 <skram> im pretty incompetent tbh
20:02:17 <skram> i just know how to read and also own one of those graduated glass cup things
20:08:54 <Phearlock> I love those things
20:09:23 <Runbunny> Reading and graduation glass cups?
20:09:30 <DuB|fon> Even I have measuring cups
20:09:53 <DuB|fon> And I only make sammiches and pasta
20:10:01 <Runbunny> Well look at this fancy guy... He probably lives in New York and go on dates and everything.
20:10:18 <skram> friggin normies
20:10:24 <reification> if you can do engineering you can do cooking
20:11:50 <DoT`> reif, im not a chemical engineer! i am a software engineer, and one that does the coding language equivilient of crayons
20:12:23 <skram> hmm
20:12:34 <skram> how do you write cooking instructions in ladder
20:12:55 <DoT`> please give mesurements in 4-20 pls
20:14:09 <Rawr|Fone> DoT
20:14:11 <Rawr|Fone> Please
20:14:33 <skram> well if you define the range then I will, DoT`
20:14:57 <DoT`> rawr snela
20:15:06 <DoT`> i need someone to caome do the house stuff for me
20:15:16 <Rawr|Fone> Take care of yourself my dear
20:15:16 <DoT`> come*
20:15:21 <DuB|fon> Soon(tm)
20:16:06 <DuB|fon> Dub's grand tour of EU in a year maybe? Maybe 2
20:16:41 <DuB|fon> Depends if I want pay back student debt super fast or no, I think :P
20:19:10 <Rawr|Fone> Who cares about debt
20:19:38 <skram> we'll all be in debt till we're dead anyway
20:19:43 <BioPhone> That
20:20:14 <BioPhone> But it will be nice to not have as much
20:20:27 <DuB|fon> Not if I never buy a house or car and just rent here forever! Hah
20:20:54 <DoT`> skram
20:20:57 <DoT`> how is the house hunt
20:21:12 <skram> im too poor to have a good one
20:21:44 <DuB|fon> Just join me in spending on PC instead
20:21:56 <DuB|fon> Its plenty fun
20:22:45 <skram> i already have a pc thats too good for me!
20:23:13 <DuB|fon> Nothing is too good for skram
20:23:55 <skram> there's one with a greenhouse and a carpenter shop that I wanna have a look at, actually
20:24:10 <skram> and theres one thats p good but needs a new bathroom like immediatly
20:25:03 <DuB|fon> Greenhouse for some BONSAI
20:27:12 -!- BioPone [~androirc@mobile-166-177-59-6.mycingular.net] has joined #tlponies
20:27:55 <reification> runbunny https://twitter.com/akidearest/status/1161896731602087937
20:30:08 <Runbunny> :D
20:34:25 <DuB|fon> My latest pangs of silicon addiction have me wondering if I should just ditch my troublesome 250gb sata ssd for a fancy 1tb m.2 nvme one...
20:35:46 <skram> the answer
20:35:47 <skram> is yes
20:36:32 <skram> Just build a NAS out of SSDs
20:37:51 <DoT`> just store your OS on a cloud
20:37:57 <DuB|fon> Uh
20:38:15 <DuB|fon> I dunno if bios has "cloud" as a boot drive
20:38:33 <DoT`> good point, put your bios on one too
20:38:39 <Runbunny> Just write your OS when you boot.
20:38:51 <skram> just run BASIC
20:38:58 <DoT`> then your almost as bad off as using linux runbun
20:39:11 <Runbunny> dot...
20:39:20 <Runbunny> Linux has a penguin. 
20:39:29 <DuB|fon> They do call it cloud computing
20:39:37 <DuB|fon> I'll just upload my whole pc
20:39:37 <DoT`> its one redeeming feature runbun
20:39:45 <skram> I dont think you can run overwatch on a thin client?
20:40:03 <DoT`> not with that attitude skram
20:40:33 <skram> just remove the whole interface, start setting bits manually
20:40:37 <skram> real immersive experience
20:40:48 <skram> m a c h i n e l a n g u a g e
20:40:54 <DoT`> BEEP BOOP
20:42:13 <skram> .tell dub` https://www.youtube.com/watch?v=tt6pwTohoeQ
20:42:23 <DuB|fon> O
20:42:29 <DuB|fon> I cant wait
20:43:13 <DoT`> is it still that song if nothing about it is the same?
20:43:21 <DuB|fon> Btw how easy is it to move OS between drives
20:43:32 <DuB|fon> Ctrl c ctrl v? :D
20:43:37 <DoT`> yes
20:43:39 <skram> uuh
20:43:40 <DoT`> then after that
20:43:42 <DoT`> reinstall
20:43:47 <DuB|fon> o
20:43:51 <skram> i dont know if you can haha
20:43:59 <DoT`> it takes about 2 minutes to install windows on an ssd
20:44:12 <Camail> i dont think you can move your os
20:44:36 <DoT`> if you clone the drive you can
20:44:37 <skram> ask uncle google, dub
20:44:41 <DoT`> otherwise no
20:44:52 <DuB|fon> Hmm hmm
20:45:03 <skram> but theres probably tools around for that, but its probably the same or more work as doing a fresh install
20:45:06 <Camail> when will dub's frankencomputer be done
20:45:11 <Camail> i cant imagine the stress it's under
20:45:13 <DuB|fon> Haha
20:45:36 <skram> besides, you cant beat that fresh windows smell
20:46:02 <DuB|fon> Speaking of, looking around at builds and parts for so long has made me hate my ugly case and now I want to redo EVERYTHING
20:46:22 <DoT`> cases are expensive
20:46:33 <DuB|fon> Get one o those big ones you can put a million fans in
20:46:36 <skram> actually, are w10 keys bound to that stupid outlook account I made when I booted for the first time? There not like a cdkey or anything that came with my computer
20:47:12 <skram> get a GLASS CASE, DuB
20:47:16 <skram> they're t a s t y
20:47:43 <DuB|fon> Like
20:48:02 <DuB|fon> Lian li 011
20:48:28 <skram> sure
20:48:36 <skram> lian li was the hottest shit in 2004
20:49:01 <DuB|fon> Still seems to be on pcmr
20:49:26 <DuB|fon> Those, nzxt, and the meshify cases are all over
20:52:00 -!- DoT` [~Dot@228.89.99.195.dyn.plus.net] has joined #tlponies
20:52:36 <skram> .tell dub` https://www.youtube.com/watch?v=w2D4iCzRW7E
20:52:44 <DuB|fon> Well okay, seems like windows install and boot drive swap are my next learning adventure. Weeee
20:52:47 <skram> just get the one with the most blinking lights, dub
20:53:03 <DuB|fon> O so corsair 680x yes perfect
20:53:10 <DuB|fon> With 9x rgb fans
20:53:34 <DoT`> get the multi coloured LED's that flash to the music your playing
20:54:18 <skram> I can set the mobo+gpu leds to do that
20:54:19 <skram> very useful
20:55:38 <DuB|fon> I dunno if I have a lighting node or mobo which can coordinate such things
20:58:33 <BioPone> Asdf
20:59:58 -!- Crisium [~Crisium@c-24-3-150-105.hsd1.pa.comcast.net] has joined #tlponies
21:00:10 <DoT`> cris horse!
21:00:58 <skram> horse cris!
21:06:26 <Crisium> howdy folks
21:06:43 <skram> darn tootin
21:09:02 <Bio> yee haw even
21:13:47 <Camail> Runbunny  blight
21:13:49 <Camail> reading now
21:13:51 <Camail> getting hype
21:13:54 <Camail> this is crazy
21:14:48 <Camail> MROE SKILL BINDS
21:14:51 <Camail> SLEUKRGHOLIAUERNGOPAEIURNGPAQ3498THGAPEWIRUOGNAPWE948GHAPE4YR5G
21:14:56 <Camail> woooooooooooooooooooooo!!!!!!!!!!!
21:15:17 <Camail> Cane ^^^^^^^
21:15:31 <Camail> minion revamp
21:15:33 <DoT`> new season info?
21:16:17 <Camail> https://www.pathofexile.com/blight
21:17:18 <Camail> AND new div card for elder bone helm
21:17:26 <Camail> thats huge for necros
21:22:32 <Camail> minion league, trap league, poison league
21:23:38 <Camail> dot you would like being a summoner
21:23:46 <Camail> you can be a support to your own minions
21:23:51 <Camail> and they can do damage for you
21:24:09 <Runbunny> It's tower defense?
21:24:23 <Camail> yea!?
21:24:30 <Runbunny> :D
21:24:36 <Camail> but you get notables on your amulets!
21:24:41 <Camail> thats crazy!
21:25:07 <Camail> and the boots are crazy, 150% base movement speed AND a notable
21:25:09 <DoT`> cam, im just going to say overlord was an amazing game
21:25:21 <Camail> this league has a shit ton of movement, wtf is elusive!?
21:25:27 <Camail> i loved overlord
21:25:37 <Camail> overlord 2 was meh, but the first game was amazing
21:26:16 <Camail> poison and minions were buffed so HOAG is either nerfed to fuck or top tier
21:26:20 <Camail> there is no in between
21:33:30 -!- Rawr|Fone [~AndChat52@c-4eb4e655.020-164-6d6c6d4.bbcust.telenor.se] has joined #tlponies
21:33:51 <DuB|fon> Off to homeplace
21:36:09 <Bio> bois
21:36:16 <Bio> dinner made
21:36:21 <Bio> fuggin rice and meat
21:36:26 <Bio> and some veggies
21:36:33 <Bio> so i don't get gangreen
21:36:36 <Bio> ez
21:36:37 <skram> did you do the curry thing boio
21:36:47 <Bio> tomo
21:36:51 <Bio> i was a dumm
21:36:56 <Bio> and forgot to get my chikin out
21:37:02 <skram> ah dang
21:37:56 <Bio> best believe ya boi is gonna do it tom tho
21:38:06 <Bio> didn't buy like 30 bucks in spices to not do it
21:38:18 <skram> i would never doubt you
21:38:41 <Bio> time to look at dank memes while i eat
21:40:43 <Runbunny> Gangrene is when your tissue die due to no blood supply O:
21:41:00 <Bio> i am not a lawyer bun
21:41:27 <Runbunny> But you could be.
21:41:31 <Bio> tru
21:41:34 <Runbunny> The sky is the limit Bio.
21:41:45 <Bio> i played one in a video game once
21:45:36 <Runbunny> Great!
21:46:04 <Runbunny> They have like death sentencing in that universe though. It's quite unnerving. 
21:55:18 <Runbunny> Anyhoo I go sleep
21:55:21 <Runbunny> Goodnight
21:55:39 <DoT`> gnight bun
21:55:44 <DoT`> i go sleep too
21:55:50 <Runbunny> Goodnight Dot.
21:55:54 <Bio> nnnn
22:17:29 -!- DuB` [DuB@cpe-68-174-122-249.nyc.res.rr.com] has joined #tlponies
23:10:32 -!- Rawr|Fone [~AndChat52@c-4eb4e655.020-164-6d6c6d4.bbcust.telenor.se] has joined #tlponies
23:24:48 -!- BioPone [~androirc@mobile-166-177-59-12.mycingular.net] has joined #tlponies
