00:04:01 <Bio> was it me
00:06:05 <Bio> also zelda strim
00:06:07 <Bio> ?biostream
00:06:09 <Bio> 2 mins
00:12:20 <Bio> we live bois
00:29:36 -!- Rawr|Fone [~AndChat52@c-4eb4e655.020-164-6d6c6d4.bbcust.telenor.se] has joined #tlponies
01:03:53 <Bio> changed to smesh for a bit
01:20:53 <Runbunny> I sleep.
01:36:06 -!- Cane [~Cane@CaneCraft.users.quakenet.org] has joined #tlponies
01:36:06 -!- mode/#tlponies [+o Cane] by Q
02:30:51 -!- Rawr|Fone [~AndChat52@c-4eb4e655.020-164-6d6c6d4.bbcust.telenor.se] has joined #tlponies
02:39:24 -!- Camail [~Camail@45.40.84.145] has joined #tlponies
02:39:25 -!- mode/#tlponies [+v Camail] by Q
04:09:48 -!- Rawr|Fone [~AndChat52@c-4eb4e655.020-164-6d6c6d4.bbcust.telenor.se] has joined #tlponies
05:15:27 -!- Rawr|Fone [~AndChat52@c-4eb4e655.020-164-6d6c6d4.bbcust.telenor.se] has joined #tlponies
05:35:31 -!- skram [~skram@134.19.189.172] has joined #tlponies
06:36:20 -!- Rawr|Fone [~AndChat52@c-4eb4e655.020-164-6d6c6d4.bbcust.telenor.se] has joined #tlponies
06:57:40 -!- Rawr|Fone [~AndChat52@c-4eb4e655.020-164-6d6c6d4.bbcust.telenor.se] has joined #tlponies
07:11:26 <Rawr|Fone> 🐴🐴🐴
07:13:23 <CockRoach|42> rawr <3
07:13:43 <Rawr|Fone> Cr <3
07:27:05 -!- Rawr|Fone [~AndChat52@c-4eb4e655.020-164-6d6c6d4.bbcust.telenor.se] has joined #tlponies
08:00:09 -!- Runbunny [~Runbunny@91.100.28.10.generic-hostname.arrownet.dk] has joined #tlponies
08:07:20 <Rawr|Fone> Anders.
08:08:33 <Runbunny> Henrik.
08:08:37 <Runbunny> How are you my friend?
08:08:44 <Runbunny> When are you coming to Denmark?
08:08:57 <Rawr|Fone> I'm doing great
08:09:23 <Rawr|Fone> Not for a while I think
08:09:31 <Rawr|Fone> How are you today
08:09:56 <Runbunny> I'm really tired.
08:10:16 <Runbunny> I woke early again, so I didn't sleep for that long.
08:10:28 <Runbunny> You still live in Malmö no?
08:10:45 -!- reification [~thomas@cpc76294-cosh16-2-0-cust297.6-1.cable.virginm.net] has joined #tlponies
08:10:45 -!- mode/#tlponies [+v reification] by Q
08:13:50 <Runbunny> Hai Reif.
08:14:06 <Runbunny> I came across this https://mobile.twitter.com/TriniAsshole/status/1153865823624110081
08:14:06 <reification> hello bun
08:14:41 <Rawr|Fone> Yes runbun
08:14:49 <Rawr|Fone> Good morning reef reef
08:15:34 <reification> morning roar roar
08:15:51 <reification> that isn't from your one twitter source runbun!
08:16:53 <Runbunny> No, it was linked on the teamliquid touhou soku subcommunity discord server.
08:19:27 <reification> ah i see
08:48:40 -!- tredc [~tredc@c83-254-129-166.bredband.comhem.se] has joined #tlponies
08:58:22 <Runbunny> reification, https://www.youtube.com/watch?v=bTl0BBrw3Y0
08:59:02 <Runbunny> I had no clue that I wanted to be sad today.
10:35:19 <reification> https://www.reddit.com/r/CasualUK/comments/ch1x0b/the_sun_seems_a_bit_weird_today/
10:35:40 <reification> .tell zounds https://www.reddit.com/r/CasualUK/comments/ch4lqq/2009_was_a_different_time/
11:12:09 -!- Golly [Golly@cm-84.212.249.112.getinternet.no] has joined #tlponies
11:33:14 <Golly> https://www.gofundme.com/f/ApolloSC2
11:52:45 -!- Rawr|Fone [~AndChat52@c-4eb4e655.020-164-6d6c6d4.bbcust.telenor.se] has joined #tlponies
11:59:22 -!- BioPone [~androirc@mobile-107-92-123-13.mycingular.net] has joined #tlponies
12:21:54 -!- BioPhone [~androirc@mobile-107-92-123-13.mycingular.net] has joined #tlponies
12:22:02 <BioPhone> Asdf
12:23:30 <reification> bioooo
12:26:44 <BioPhone> Me
12:26:47 <BioPhone> Henlo
12:26:57 <BioPhone> We did the strim again
12:27:07 <BioPhone> But man I wanna sleep
12:30:12 <reification> it was too late bio, was sleep time for euros
12:30:39 <reification> now it's boiling time
12:31:16 <reification> england cricket team back to being useless i see
12:32:34 <reification> losing most of their wickets for 7 runs vs ireland...
12:38:32 <BioPhone> I know about boiling
12:38:47 <BioPhone> Been paying out the but for ac this month
12:41:26 <Runbunny> Ac is not common place here.
12:41:42 <Runbunny> Summer is too hot, winter isn't cold enough.
12:43:54 <reification> bun https://twitter.com/starsleeps/status/1153370876399759361
12:47:50 <Runbunny> What a good bun.
12:49:45 <reification> https://twitter.com/Bone_Neo/status/1153750459548672001
13:03:01 -!- DuB|fon [~androirc@168.149.241.80] has joined #tlponies
13:07:25 <Rawr|Fone> DuB|📱
13:10:31 <DuB|fon> Rar
13:14:31 <Rawr|Fone> Good afternoon my dear phonefriend
13:19:55 <DuB|fon> Good morn
13:31:42 -!- BioPone [~androirc@12.33.239.117] has joined #tlponies
14:11:19 -!- Rawr|Fone [~AndChat52@c-4eb4e655.020-164-6d6c6d4.bbcust.telenor.se] has joined #tlponies
14:12:23 -!- skram [~skram@134.19.189.172] has joined #tlponies
14:14:00 <Rawr|Fone> Jonas!
14:14:22 <skram> Henrik!
14:18:54 <DuB|fon> Jonrik? Henas?
14:21:45 <skram> jakob
14:21:48 <skram> you're up early
14:23:10 <DuB|fon> Hardly
14:27:48 <DuB|fon> 1440p 144hz or 1080p 240hz HMMMMM
14:29:19 <DuB|fon> Seems the latter is more affordable
14:29:57 <Rawr|Fone> Spend all the money you can dub
14:32:48 <DuB|fon> "Can" being the important word
14:41:36 -!- BioPone [~androirc@12.33.239.117] has joined #tlponies
14:45:33 <skram> spend all the money you have dub
14:46:06 <DuB|fon> "Have" is similarly limiting :P
15:01:28 <DuB|fon> Also I've never experienced >1080p or >144hz so i don't know which us more worth it
15:01:40 <DuB|fon> But shopping is fun.
15:16:43 -!- BioPone [~androirc@12.33.239.117] has joined #tlponies
15:21:39 -!- BioPone [~androirc@12.33.239.117] has joined #tlponies
15:27:09 -!- mode/#tlponies [+vvvvvv Bio BioPone DuB|fon Emily Golly methos] by Cane
15:27:09 -!- mode/#tlponies [+vvvvvv Micen_ motbob Rawr|Fone Runbunny skram sweetiebot] by Cane
15:27:09 -!- mode/#tlponies [+v tredc] by Cane
15:39:52 -!- Rawr|Fone [~AndChat52@c-4eb4e655.020-164-6d6c6d4.bbcust.telenor.se] has joined #tlponies
15:45:38 -!- Camail [~Camail@45.40.84.145] has joined #tlponies
15:45:38 -!- mode/#tlponies [+v Camail] by Q
15:58:41 <Camail> pls
16:00:37 <Runbunny> The phone gang doesn't relent.
16:09:23 -!- DuB|fon [~androirc@168.149.241.80] has joined #tlponies
16:16:15 -!- BioPone [~androirc@mobile-107-92-123-13.mycingular.net] has joined #tlponies
16:27:17 -!- Rawr|Fone [~AndChat52@c-4eb4e655.020-164-6d6c6d4.bbcust.telenor.se] has joined #tlponies
17:02:48 <Camail> ok inspired learning prices are quickly going back to normal
17:17:46 -!- Rawr|Fone [~AndChat52@c-4eb4e655.020-164-6d6c6d4.bbcust.telenor.se] has joined #tlponies
17:22:48 <Camail> the only ones selling for low are ones that just got dropped or scared bitches who are selling the dip
17:23:00 <Camail> i should've bought another one...
18:31:38 -!- BioPone [~androirc@mobile-107-92-123-13.mycingular.net] has joined #tlponies
18:32:09 <DuB|fon> Ooh, evga has 0% interest pay plans you can do, out to 9mo.
18:33:06 <DuB|fon> Ez ez
19:34:51 -!- Crisium [~Crisium@c-73-174-151-51.hsd1.pa.comcast.net] has joined #tlponies
19:35:25 -!- CrisPone [uid127042@id-127042.hathersage.irccloud.com] has joined #tlponies
19:36:27 -!- DuB|fon [~androirc@168.149.241.80] has joined #tlponies
19:43:44 -!- DuBphon [~androirc@168.149.241.80] has joined #tlponies
19:51:28 <skram> DuBphon
19:52:17 <DuBphon> Skram
19:53:23 -!- skraam [~skram@93.190.140.32] has joined #tlponies
19:54:23 <skraam> did you get any work yet
19:56:06 <DuBphon> A lil
19:56:22 <skraam> Yay!
19:57:07 <DuBphon> Can't start it yet, but I was introduced to what WILL need to be done :P
20:00:06 -!- Rawr|Fone [~AndChat52@c-4eb4e655.020-164-6d6c6d4.bbcust.telenor.se] has joined #tlponies
20:21:33 -!- tredc [~tredc@c83-254-129-166.bredband.comhem.se] has joined #tlponies
20:22:43 <Camail> so do you just twiddle your thumbs all day
20:26:15 <skraam> I bet he reads manga in the bathroom all day
20:35:40 <DuBphon> I've completed all the training and onboarding tasks due by the end of my first month already
20:35:55 <DuBphon> Working on the 60-day ones now
20:35:57 <DuBphon> Haha
20:39:12 <Camail> do you have a test at the end of each period
20:40:42 <DuBphon> Naw, just a bunch of things to read and videos to watch. Some have little quizzes etc attached
20:41:02 <Camail> thats good
20:41:14 <Camail> but next week you will have nothing to do for 2 months
20:41:51 <Camail> pacing yourself might be a good idea for a few reasons
20:42:58 <DuBphon> Planning on moving into more work and getting into the swing of things by then
20:49:53 -!- BioPhone [~androirc@12.33.239.117] has joined #tlponies
20:50:51 -!- Rawr|Fone [~AndChat52@c-4eb4e655.020-164-6d6c6d4.bbcust.telenor.se] has joined #tlponies
20:50:56 -!- BioPhone [~androirc@12.33.239.117] has left #tlponies
20:51:07 -!- BioPhone [~androirc@12.33.239.117] has joined #tlponies
20:51:11 <BioPhone> Ho
20:51:15 <BioPhone> Ya bou
20:51:18 <BioPhone> Boy
20:51:20 <BioPhone> Bio
20:51:26 <BioPhone> Is going home
20:51:46 <reification> gj bio
20:54:49 -!- BioPone [~androirc@mobile-107-92-122-245.mycingular.net] has joined #tlponies
20:56:28 <Rawr|Fone> Wonderful bio
21:01:53 <Camail> dub tell us when you finally get paid so we can be nicer to you
21:27:00 -!- BioPhone [~androirc@97.70.165.146] has joined #tlponies
21:27:06 <BioPhone> Asdf
21:27:11 <BioPhone> I'm so tired
21:27:20 <BioPhone> But I Home now
21:28:50 -!- DuBphon [~androirc@168.149.241.80] has joined #tlponies
21:51:43 -!- Zounds [webchat@cloak-07ouvien.14-2.cable.virginm.net] has joined #tlponies
21:51:47 <Zounds> pon
21:52:02 <Zounds> how do
22:15:24 -!- Rawr|Fone [~AndChat52@c-4eb4e655.020-164-6d6c6d4.bbcust.telenor.se] has joined #tlponies
22:15:42 <Bio> neigh imo
22:17:07 -!- DuB` [DuB@cpe-68-174-122-249.nyc.res.rr.com] has joined #tlponies
22:31:05 -!- Rawr|Fone [~AndChat52@c-4eb4e655.020-164-6d6c6d4.bbcust.telenor.se] has joined #tlponies
23:04:43 <reification> .tell skram https://twitter.com/380kmh/status/1153700989750390784
23:06:32 <reification> runbun https://twitter.com/destroydrive/status/1152869242108170240 
23:50:54 -!- Rawr|Fone [~AndChat52@c-4eb4e655.020-164-6d6c6d4.bbcust.telenor.se] has joined #tlponies
23:58:47 <Camail> Runbunny fossils can stack now
