00:18:06 <Bio> .choose pony
04:05:51 -!- DvB` [DuB@cpe-68-174-122-249.nyc.res.rr.com] has joined #tlponies
04:42:21 <Camail> ded
05:12:41 -!- DoT|Phone [~Dot@85.255.233.117] has joined #tlponies
05:13:02 <DoT|Phone> back in grey England horses
05:24:47 <CockRoach|42> hors hors!
05:28:29 <DoT|Phone> cr <3
05:31:43 -!- DoT|Phone [~Dot@85.255.233.117] has joined #tlponies
05:37:28 -!- DoT|Phone1 [~Dot@185.69.145.91] has joined #tlponies
05:47:50 <DoT|Phone1> I'm tired
05:49:48 <DoT|Phone1> Rawr Rawr Rawr
05:50:06 <Rawr|Phone> DoT DoT DoT
05:50:16 <DoT|Phone1> 💖💖💖
05:50:24 <Rawr|Phone> 💖💖💖
05:50:46 <DoT|Phone1> how's the horses
05:58:58 <Rawr|Phone> Just woke up
05:59:04 <Rawr|Phone> How is the dot
06:02:31 -!- DoT|Phone [~Dot@85.255.233.132] has joined #tlponies
06:03:57 -!- DoT|Phone2 [~Dot@85.255.233.132] has joined #tlponies
06:04:42 <DoT|Phone2> tired Rawr
06:05:30 <Rawr|Phone> That is not very surprising
06:05:39 <Rawr|Phone> Long flight
06:07:16 -!- DoT|Phone [~Dot@148.252.128.160] has joined #tlponies
06:07:55 <DoT|Phone> and now a bus ride
06:22:05 -!- Golly [Golly@cm-84.212.249.112.getinternet.no] has joined #tlponies
06:35:58 <DoT|Phone> what is the plan today Rawr
06:37:01 <CockRoach|42> i think he should be the best horse
06:37:55 <DoT|Phone> cr knows what's up
06:42:07 <Rawr|Phone> Gym, table tennis, and programming dot
06:42:10 <Rawr|Phone> The usual
06:42:14 <Rawr|Phone> Cr ❤
06:47:55 <DoT|Phone> well your usually pretty great Rawr
06:51:47 <Rawr|Phone> No you
07:10:49 -!- Rawr|Fone [~AndChat52@m83-185-92-48.cust.tele2.se] has joined #tlponies
07:21:37 <CockRoach|42> <3
07:24:24 -!- Runbunny [~Runbunny@91.100.28.10.generic-hostname.arrownet.dk] has joined #tlponies
07:24:55 <Runbunny> It's morning or something.
07:27:33 -!- Rawr|Phone [~AndChat52@c-4eb4e655.020-164-6d6c6d4.bbcust.telenor.se] has joined #tlponies
07:29:07 -!- DoT|Phone1 [~Dot@85.255.232.9] has joined #tlponies
07:37:22 -!- DoT|Phone [~Dot@85.255.237.22] has joined #tlponies
07:39:04 <DoT|Phone> Runbun
07:44:25 -!- DoT|Phone1 [~Dot@148.252.128.203] has joined #tlponies
07:53:15 -!- DoT|Phone [~Dot@85.255.232.9] has joined #tlponies
08:08:17 -!- DoT|Phone1 [~Dot@185.69.144.84] has joined #tlponies
08:14:09 <Rawr|Phone> DoT
08:15:28 -!- reification [~thomas@cpc76294-cosh16-2-0-cust297.6-1.cable.virginm.net] has joined #tlponies
08:15:28 -!- mode/#tlponies [+v reification] by Q
08:15:51 <Rawr|Phone> Reef reef
08:16:52 <Runbunny> Dot.
08:16:55 <Runbunny> Hai Reif.
08:18:28 <DoT|Phone1> Reif
08:20:37 <DoT|Phone1> 1 car trip, 2 planes, a bus
08:20:48 <DoT|Phone1> 2 more car trips to go
08:37:53 -!- Rawr|Fone [~AndChat52@c-4eb4e655.020-164-6d6c6d4.bbcust.telenor.se] has joined #tlponies
08:38:06 -!- DoT|Phone [~Dot@185.69.144.84] has joined #tlponies
08:39:49 -!- skram [~skram@195.181.173.105] has joined #tlponies
08:42:38 <Rawr|Fone> Jonas
08:43:12 <skram> Henrik my old frend
08:45:49 <Rawr|Fone> How are you doing today darling
08:49:06 <skram> Hmm im not sure yet, but I have PLANS!
08:49:11 <skram> How about you henrik dear
08:50:10 -!- Rawr|Phone [~AndChat52@m83-185-90-174.cust.tele2.se] has joined #tlponies
09:04:57 <DoT|Phone> Skram <3
09:06:37 <Runbunny> What are you schemeing Jonas?
09:06:52 <skram> Dot pal, are you in england yet?
09:07:17 <skram> Im gonna buy some kitchen utensils and then create a dinner, Runbun
09:10:34 <DoT|Phone> Just got back to Bakewell
09:11:03 <skram> did you get any sleep on the plane
09:12:54 <DoT|Phone> 2nd plane trip
09:13:12 <DoT|Phone> despite a screening kid kicking my chair the whole 12 hours
09:13:34 <skram> the worst
09:14:09 -!- DoT` [DoT@90.214.251.99] has joined #tlponies
09:14:18 <skram> woo!
09:14:47 <CockRoach|42> pls calm down
09:14:59 -!- DoT|Phone1 [~Dot@90.214.251.99] has joined #tlponies
09:21:53 <DoT`> how you today skram
09:28:27 <reification> hello rawr, bun, dotties
09:28:48 <reification> dot paper of the day https://www.quantamagazine.org/mathematician-solves-computer-science-conjecture-in-two-pages-20190725/
09:29:14 <reification> i'm sure you are in just the state to appreciate it :p
09:30:45 <DoT`> so thoughtful
09:31:21 <DoT`> ill just leave it on the side for now
09:41:40 -!- tredc [~tredc@c83-254-129-166.bredband.comhem.se] has joined #tlponies
10:07:26 <DoT`> skram
10:09:59 <skram> aye pal
10:10:56 <DoT`> your week off?
10:16:13 <skram> My week off!
10:20:31 <Runbunny> Don't go outside.
10:20:36 <Runbunny> It's truly hot.
10:22:07 <DoT`> runbun snela, youve complained of the heat for weeks now!
10:23:17 <skram> I have to outside to buy a sauce pan and veggies
10:23:20 <skram> wish me luck
10:23:36 <DoT`> noooo
10:24:22 <Runbunny> Dot.
10:24:28 <Runbunny> It's like 30 degrees today.
10:24:36 <Runbunny> I can't handle about 20.
10:25:09 <DoT`> im now in an awkward spot where 16 still feels cold and 18 stats to be too warm
10:25:16 <DoT`> acclimitising is hard
10:25:25 <Runbunny> Yes.
10:25:58 <Runbunny> but at least now I have blueberries to feast on.
10:31:14 <DoT`> runbun https://imgur.com/gallery/AXkUy02
10:32:32 <Rawr|Phone> DoT` skärpning
10:34:55 <DoT`> Snela
10:36:40 <Rawr|Phone> How do you feel about being home again dot
10:37:12 -!- Cane [~Cane@CaneCraft.users.quakenet.org] has joined #tlponies
10:37:12 -!- mode/#tlponies [+o Cane] by Q
10:37:30 <Runbunny> How does it feel knowing that death isn't lurking around every corner?
10:37:42 <Cane> Note to self.
10:37:54 <Cane> No manual labour if it's 27 degrees outside.
10:38:04 <Cane> Stupid stupid Cane.
10:38:12 <DoT`> silly indeed cane
10:38:22 <DoT`> runbun, it was like a safer south africa
10:38:28 <DoT`> didnt see a single spider
10:41:08 <Runbunny> That's even worse Dot.
10:42:21 <Runbunny> Then you have had no clue how close to dying you were.
10:53:23 <DoT`> thats why ppl have cats in au runbun, to eat spiders
10:57:01 <Runbunny> I should get a cat too.
10:59:55 <DoT`> what kind of cat would you get runbun?
11:05:54 <Runbunny> Hmm.
11:06:01 <Runbunny> Any really.
11:06:36 <DoT`> you dont hve a favourite kind of cat?
11:07:18 <Rawr|Phone> My favorite kind of cat is the skram
11:18:48 <DoT`> thats a very grouchy cat rawr
11:22:16 <Runbunny> reification, https://twitter.com/SSAMBAtea/status/1155414187394211842?s=19
11:23:38 <reification> runbun i linked the reply yesterday to cr/phear :p
11:24:18 <reification> have a bonus paper of the day seeing as dot was not in condition for his https://m.phys.org/news/2019-07-illusive-patterns-math-ideas-physics.html
11:24:36 <DoT`> my braaain
11:36:13 <Runbunny> This is a bit out of my comfort zone.
11:36:32 -!- Rawr|Fone [~AndChat52@c-4eb4e655.020-164-6d6c6d4.bbcust.telenor.se] has joined #tlponies
11:47:19 <reification> well me too but i thought it was pretty well explained and interesting
11:47:38 -!- BioPone [~androirc@mobile-107-92-120-4.mycingular.net] has joined #tlponies
11:47:55 <DoT`> well if reif and runbun cant understand it, ive got no hope
11:47:57 <reification> though i guess you didn't have to suffer through fourier transform like dot and me
11:48:15 <reification> i understood much of it dotties
11:48:18 <DoT`> *flashbacks intensify*
12:15:39 <DoT`> time for last drive to get back to my place
12:19:20 -!- BioPhone [~androirc@12.33.239.117] has joined #tlponies
12:20:27 <reification> .tell skram https://twitter.com/AwwwwCats/status/1155611911557398528
12:21:18 <BioPhone> Hoers
12:21:47 <reification> bio
12:22:10 <BioPhone> Reif
12:22:26 <BioPhone> I am confused. I am doing not FE
12:23:15 <reification> how could this be happen?
12:23:20 <reification> https://twitter.com/campbelsex/status/1155225854005403649
12:29:24 -!- skram [~skram@195.181.173.105] has joined #tlponies
12:30:39 <skram> anders what happened to the dot
12:31:01 <Runbunny> He probably collapsed.
12:31:12 <skram> too bad
12:31:27 <skram> ive spent most of my life looking at cats, why is reif better at it than me
12:31:51 <Runbunny> A tired lad. He was pretty discombobulated yesterday.
12:32:04 <Runbunny> Reif is an twitter expert.
12:32:45 <skram> i think thats what happens if you travel for 17 hours and when you get home its still morning for some reason
12:32:57 <reification> here is another for you skram https://twitter.com/Sgt_Hund/status/1155766529813860352
12:33:30 <reification> also i was around for the creation of caturday, i should have some skill in it by now
12:33:50 -!- DoT|Phone [~Dot@85.255.233.0] has joined #tlponies
12:34:01 <skram> So was I, reif!
12:35:18 <Runbunny> You guys were 4channers?
12:36:03 <skram> eh i lurked a whole bunch
12:36:11 <skram> dont think ive ever made a post tho
12:36:30 <reification> i used the irc channel where moot announced it's creation runbun
12:36:40 <Runbunny> Dang.
12:37:00 <skram> Dang.
12:37:28 <skram> When was that? 2001-ish?
12:38:12 <reification> perhaps a touch later
12:38:26 <reification> 4chan died a revived a bunch early on
12:38:36 <reification> *and
12:39:04 <skram> guess im still a newfag then
12:39:15 <skram> i didnt find it until maybe 2003 or 2004
12:39:19 <DoT|Phone> Skram, at this point it's about 30 hours of travel
12:39:42 <DoT|Phone> 16 is easy
12:39:47 <skram> thats a lot
12:39:51 <reification> that's still early skram
12:40:21 <DoT|Phone> and I'm in 3 different time zones
12:41:16 <BioPhone> Protip, everyone is a newfag
12:41:32 <skram> but i know how to triforce
12:41:33 <reification> if you were there in time not to go in /l/ and /g/ you aren't newfag
12:43:50 -!- Rawr|Fone [~AndChat52@c-4eb4e655.020-164-6d6c6d4.bbcust.telenor.se] has joined #tlponies
12:47:38 <BioPhone> ☆
12:47:48 -!- reification [~thomas@cpc76294-cosh16-2-0-cust297.6-1.cable.virginm.net] has left #tlponies
12:48:20 <skram> are you in bakewell now DoT|Phone
12:48:40 -!- reification [~thomas@cpc76294-cosh16-2-0-cust297.6-1.cable.virginm.net] has joined #tlponies
12:48:40 -!- mode/#tlponies [+v reification] by Q
12:48:44 <DoT|Phone> yes. Just leavingnow to skelmanthorpe
12:49:01 -!- Zounds [webchat@cloak-07ouvien.14-2.cable.virginm.net] has joined #tlponies
12:49:06 <reification> hi zounds
12:49:08 <Zounds> hey
12:49:15 <DoT|Phone> zoonds!
12:49:18 <skram> evenin zounds
12:49:38 <Zounds> o/
12:50:03 <DoT|Phone> it's odd being on now when other ppl are
12:56:04 <Zounds> the uk wasn't the same without you DoT|Phone 
13:16:24 -!- Rawr|Fone [~AndChat52@c-4eb4e655.020-164-6d6c6d4.bbcust.telenor.se] has joined #tlponies
13:18:53 <skram> zounds https://i.imgur.com/mibS5pd.jpg
13:19:38 <Zounds> well she has a point
13:20:49 <Zounds> why is the girl from brave in the picture
13:21:16 <skram> because she's scottish i guess
13:22:28 <Zounds> it tricked me because I attributed the tweet to a woman but our boy goudie is probably a lad
13:22:57 <skram> could be a dog for all we know
13:24:22 <Zounds> I was trying to reason with heroin addicts at work yesterday skram
13:24:29 <Zounds> I felt very scottish
13:32:26 <BioPhone> Pan
13:32:58 <Rawr|Fone> BioPan
13:37:58 -!- DoT|Phone1 [~Dot@85.255.232.249] has joined #tlponies
13:49:37 -!- DoT|Phone [~Dot@85.255.233.0] has joined #tlponies
13:52:32 <reification> skram https://twitter.com/Misha19800/status/1154724137920843776
13:52:41 -!- DoT|Phone2 [~Dot@85.255.233.0] has joined #tlponies
13:54:34 <DoT|Phone2> whoops. back after travel I guess
14:20:55 -!- Rawr|Fone [~AndChat52@c-4eb4e655.020-164-6d6c6d4.bbcust.telenor.se] has joined #tlponies
14:37:32 -!- BioPhone [~androirc@12.33.239.117] has joined #tlponies
14:45:22 <reification> .tell dub` https://twitter.com/Drock34000/status/1155662641295167490
14:45:36 <reification> runbun skram ^
14:50:46 <reification> also for you two https://danbooru.donmai.us/posts/3581075
14:54:35 -!- DuB|fon [~androirc@168.149.241.80] has joined #tlponies
15:00:13 -!- Rawr|Fone [~AndChat52@c-4eb4e655.020-164-6d6c6d4.bbcust.telenor.se] has joined #tlponies
15:08:36 -!- DoT` [~Dot@228.89.99.195.dyn.plus.net] has joined #tlponies
15:08:48 <DoT`> pons
15:08:50 <DoT`> made it
15:11:34 <DuB|fon> :o
15:15:09 <DoT`> Daaab
15:15:14 <DuB|fon> Dat
15:16:08 <DuB|fon> Hm
15:16:30 <DoT`> mh
15:16:31 <DuB|fon> Rather then going down in price, non-super 2080s went up or just out if stock :P
15:16:38 <DuB|fon> Oops
15:16:47 <DuB|fon> Out of
15:18:12 <DoT`> oh dear
15:25:50 -!- Rawr|Phone [~AndChat52@m83-185-88-178.cust.tele2.se] has joined #tlponies
15:44:55 -!- Rawr|Fone [~AndChat52@c-4eb4e655.020-164-6d6c6d4.bbcust.telenor.se] has joined #tlponies
16:08:35 -!- Rawr|Fone [~AndChat52@c-4eb4e655.020-164-6d6c6d4.bbcust.telenor.se] has joined #tlponies
16:35:02 <reification> sasuga gfx cards
16:40:18 <reification> hmm this looks pretty cheap dot https://www.secretflying.com/posts/london-uk-tokyo-japan-367-roundtrip/
16:40:35 <reification> i bet you fancy some more travelling now right?
16:40:54 <DoT`> thats really cheap
16:41:21 <DoT`> prices to au about that time is £800-900 
16:42:05 <DoT`> its on a russian airline though
16:42:32 <reification> aeroflot was pretty infamous back in the day
16:42:56 <reification> i remember my primary school headteachers stories about travelling with them
16:43:07 <DuB|fon> What the are you going to Japan without me
16:43:53 <reification> calm down dub i just got a price alert
16:45:18 <BioPhone> Horsemens
16:45:39 <BioPhone> Pls
16:51:53 <DuB|fon> Ack monitor shopping is hard
16:57:35 <DoT`> IPS HD, some other letters
16:57:38 <DoT`> there you go dub
17:03:36 <DuB|fon> IPS UWHD FPSHZ ABCD
17:06:43 <DuB|fon> I think that I've decided 240hz is overkill, but 1440p 144hz are more expensive... hmm
17:07:25 <reification> numbers must be as big as possible dub
17:07:44 <DuB|fon> 4k 240hz gogo
17:07:53 <reification> https://twitter.com/LokiJulianus/status/1154136522926559232
17:08:10 <reification> it'll take something to drive that dub
17:08:25 <DuB|fon> A 2080ti for each quadrant of the screen
17:08:37 <DuB|fon> Aand lotsa cables
17:13:17 <reification> hmm https://pbs.twimg.com/media/D_mm37yUcAUiFtl.jpg
17:15:38 <DuB|fon> Evolution
17:17:20 <reification> well it is prob how we got eukaryotes which was the biggest single step in evolution...
17:19:56 <DuB|fon> Oo ya
17:31:01 <reification> skram dot https://twitter.com/baalbuddy/status/1155377682802270209
17:34:34 -!- Camail [~Camail@45.40.84.145] has joined #tlponies
17:34:35 -!- mode/#tlponies [+v Camail] by Q
17:35:39 <Camail> no
17:38:15 -!- Golly [Golly@cm-84.212.249.112.getinternet.no] has joined #tlponies
17:38:31 <DoT`> no
17:38:41 -!- Zounds [webchat@cloak-07ouvien.14-2.cable.virginm.net] has joined #tlponies
17:38:51 <BioPhone> I got free pizza at work today do I win
17:39:09 <reification> depends what kind of pizza
17:44:41 <skram> v important
17:44:48 <skram> i'd prefer a scolding to pineapple pizza
17:47:48 <DuB|fon> >:T
17:48:06 <DoT`> skram!
17:48:09 <DoT`> you made it back
17:49:15 <skram> My parents visited and demanded tribute
17:49:20 <skram> So I made curry
17:50:18 <DuB|fon> Worthy tribute
17:51:16 <DuB|fon> Oooh
17:51:59 <DuB|fon> 1440p 165hz gsync 24" for $300 on sale, might get that right away
17:52:00 <skram> Right? I figured a few weeks ago that i can just *make* it at home
17:52:21 <DuB|fon> Hehe
17:52:29 <skram> what brand is it
17:52:39 <DuB|fon> Dell
17:53:30 <DuB|fon> Seems many folks on r/monitors have the same one
17:53:33 <skram> didnt know they made non-office things
17:55:34 <DoT`> monitors get used in offices skram
17:55:47 <skram> well
17:56:06 <skram> most offices dont need 1440p 165hz monitors
17:56:38 <DuB|fon> Alienware is dell
17:57:19 <skram> eh i guess
17:58:50 <DuB|fon> The timing of this month-delay on new hire pay couldn't have worse timing >:T
17:59:08 <DuB|fon> Have to fly back for sis wedding and do something about pc
17:59:44 <skram> are they gonna fire guns in the air when they say I do?
17:59:54 <skram> full yee-haw?
18:00:20 <DuB|fon> Probl not
18:00:29 <DuB|fon> Its at a fancy place :P
18:01:26 <skram> i thought they were cowboys since they had a ammo factory or something
18:02:07 <DuB|fon> You don't have to be an actual cowboy to do guns!
18:02:19 <skram> hmm are you certain
18:03:24 <DuB|fon> I think so
18:05:34 <skram> i refuse to believe it
18:05:42 <BioPhone> There was no pineapple in sight skrm
18:05:46 <skram> surely you need the hat at a minimum
18:05:52 <BioPhone> Bbq chicken and meat lovers
18:05:53 <skram> good boss, bio
18:09:33 -!- DuBphon [~androirc@168.149.241.80] has joined #tlponies
18:15:19 <BioPhone> Bretty gud, yeh
18:54:21 <DoT`> did you win the FE race bio?
19:03:29 -!- Rawr|Fone [~AndChat52@c-4eb4e655.020-164-6d6c6d4.bbcust.telenor.se] has joined #tlponies
19:12:12 -!- BioPhone [~androirc@12.33.239.117] has joined #tlponies
19:22:55 <BioPhone> I'm winning of my coworkers
19:22:57 <BioPhone> Dot
19:31:47 <skram> https://i.imgur.com/A8ZdgBl.jpg
19:34:10 -!- Rawr|Fone [~AndChat52@c-4eb4e655.020-164-6d6c6d4.bbcust.telenor.se] has joined #tlponies
19:35:40 <DoT`> Rawr|Kvack
19:41:10 <Rawr|Fone> DoT
19:41:15 <Rawr|Fone> Quack
19:48:11 <Rawr|Fone> 🐴
19:48:24 <Rawr|Fone> Shouldn't you be sleeping dot
19:49:10 <DoT`> its almost 9pm
19:49:14 <DoT`> so soon probably
19:49:28 <DoT`> need to stay awake a bit to fix sleep schedule 
19:49:54 <DuBphon> Working tomoro?
19:50:14 <DoT`> yea
19:52:18 <skram> thats a big oof, chief
19:56:20 <reification> i hope you have plenty of coffee dot
19:58:41 <DoT`> going to die, then do more work, then go home
20:00:49 -!- DuBphon [~androirc@168.149.241.80] has joined #tlponies
20:02:51 <skram> my whole apt smells like citrus fruits
20:02:54 <skram> its kinda lovely, actually
20:09:26 <Rawr|Fone> Mostly because you are very lovely I think
20:11:19 <skram> you're gonna make me blush henrik
20:12:51 <Rawr|Fone> Jonas my dear
20:18:25 <reification> runbun https://twitter.com/_piyo0_/status/1155445136098070528
20:18:37 <reification> skram https://twitter.com/_da_tu_ra_/status/1155627979654885376
20:21:02 <skram> wish i had a greenhouse i could grow cats in
20:27:40 -!- BioPhone [~androirc@12.33.239.117] has joined #tlponies
20:29:01 <BioPhone> Asdf
20:29:24 <reification> random cane appearance in my quickplay game :O
20:29:43 <skram> lucky!
20:31:59 <BioPhone> A true blessing
20:36:48 -!- Crisium [~Crisium@c-73-174-151-51.hsd1.pa.comcast.net] has joined #tlponies
20:38:50 <skram> c r i sium
20:39:03 <Crisium> sk ram
20:44:52 <Camail> skram
20:45:48 <Camail> i crafted a lvl 20 fortify axe, for absolutely no benefit to myself
20:46:42 <skram> can you at least sell it and make money
20:57:50 <Camail> tea, a few ex
20:57:58 <Camail> but like... i kinda want to use it i dunno
20:59:40 -!- BioPone [~androirc@mobile-166-170-27-56.mycingular.net] has joined #tlponies
21:19:31 -!- BioPone [~androirc@97.70.165.146] has joined #tlponies
22:01:39 -!- BioPone [~androirc@mobile-166-170-27-23.mycingular.net] has joined #tlponies
22:30:01 -!- DuB` [DuB@cpe-68-174-122-249.nyc.res.rr.com] has joined #tlponies
22:38:50 * skram slaps DuB` around a bit with a large trout
22:38:58 <DuB`> nawwww
22:39:41 -!- Rawr|Fone [~AndChat52@c-4eb4e655.020-164-6d6c6d4.bbcust.telenor.se] has joined #tlponies
22:40:12 <skram> bruh
22:40:44 <DuB`> Cool russian guy at pc repair place said he'd help with psu swap because I cannae :P
22:40:59 <skram> you made a pal
22:41:17 <skram> you should give him a vodka as a present
22:41:45 <DuB`> Or just pay him for his services :P
22:41:49 <DuB`> Or... same thing?
22:41:57 <skram> yeah i guess
22:42:07 <skram> dub whats a lychee
22:42:16 <DuB`> Tastee
22:43:15 <DuB`> More things should be lychee flavor
22:43:53 <skram> I wanna know what huong trai cay means
22:44:21 <skram> google translate tells me it means FRUIT FRUIT
22:44:34 <DuB`> rofl
22:44:50 <DuB`> Maybe a specific fruit punch blend
22:45:09 <skram> maybe
22:45:27 <DuB`> Looks like orange, pineapple, and something else on the can so seems close
22:45:35 <skram> These turkish people own this store and its got things in there ive never seen
22:45:37 <skram> its pretty neat
22:47:12 <skram> i even got a box of lokum which is v tasty
22:47:53 <DuB`> oooh
22:49:36 <Runbunny> Erhm..
22:49:48 <skram> yes runbunny whats on your mind
22:50:21 <Runbunny> Lokum means toilet in Danish.
22:50:49 <DuB`> lul
22:51:10 <skram> hahah
22:51:20 <skram> i didnt know that
22:52:26 <reification> bio https://danbooru.donmai.us/posts/3561318
22:58:52 <Runbunny> Linking Bio to Danbooru O:
22:58:53 -!- Zounds [webchat@cloak-07ouvien.14-2.cable.virginm.net] has joined #tlponies
23:02:56 <reification> don't get used to it bun
23:09:54 <Runbunny> Anyhoo
23:10:07 <Runbunny> I am just sitting here and sweating. Guess I'll try sleeping.
23:16:38 -!- DuB` [DuB@cpe-68-174-122-249.nyc.res.rr.com] has joined #tlponies
