02:04:33 -!- Rawr|Fone [~AndChat52@c-4eb4e655.020-164-6d6c6d4.bbcust.telenor.se] has joined #tlponies
03:56:53 <Camail> .tell cane if you want to make easy money you can sell pale court sets, sold three today for 177c total, 45c investment
04:46:16 -!- Rawr|Fone [~AndChat52@c-4eb4e655.020-164-6d6c6d4.bbcust.telenor.se] has joined #tlponies
05:45:37 -!- Rawr|Fone [~AndChat52@c-4eb4e655.020-164-6d6c6d4.bbcust.telenor.se] has joined #tlponies
06:02:06 -!- DoT` [~Dot@232.123.7.51.dyn.plus.net] has joined #tlponies
06:24:08 -!- Golly [~Golly@cm-84.212.249.112.getinternet.no] has joined #tlponies
06:44:36 -!- Rawr|Fone [~AndChat52@c-4eb4e655.020-164-6d6c6d4.bbcust.telenor.se] has joined #tlponies
07:12:21 -!- Rawr|Fone [~AndChat52@c-4eb4e655.020-164-6d6c6d4.bbcust.telenor.se] has joined #tlponies
07:26:16 -!- Rawr|Fone [~AndChat52@m83-185-93-201.cust.tele2.se] has joined #tlponies
07:39:35 <Rawr|Fone> Horses
07:42:40 -!- DoT|Phone [~Dot@85.255.237.136] has joined #tlponies
07:43:03 <Rawr|Fone> DoT DoT DoT
07:43:17 <DoT|Phone> Rawr Rawr Rawr
07:43:25 <DoT|Phone> 💖💖💖
07:43:26 <Rawr|Fone> 💖💖💖
07:43:34 <DoT|Phone> Phone died this morning
07:44:40 <Rawr|Fone> Mine is being very rude
07:51:19 <Rawr|Fone> Are you already at work dot
07:52:41 <DoT|Phone> Yea. work horse
08:10:47 <Rawr|Fone> Such a good horse
08:28:29 <DoT|Phone> how's it going Rawr
08:31:04 <Rawr|Fone> Pretty good 
08:31:13 <Rawr|Fone> Everything is moved
08:31:31 <DoT|Phone> nice
09:12:03 -!- tredc [~tredc@c83-254-129-166.bredband.comhem.se] has joined #tlponies
09:23:57 -!- Rawr|Fone [~AndChat52@m83-185-93-201.cust.tele2.se] has joined #tlponies
10:03:23 <Rawr|Fone> 🐴🐴🐴
10:10:25 -!- DoT|Phone1 [~Dot@185.69.145.31] has joined #tlponies
10:19:33 <Rawr|Fone> DoT pls
10:29:42 -!- DoT|Phone [~Dot@85.255.234.240] has joined #tlponies
10:29:52 <DoT|Phone> says you Rawr
10:30:11 <Rawr|Fone> Yes
10:49:02 -!- reification [~thomas@cpc76294-cosh16-2-0-cust297.6-1.cable.virginm.net] has joined #tlponies
10:49:02 -!- mode/#tlponies [+v reification] by Q
10:49:13 <Rawr|Fone> Reef reef!
10:50:37 <DoT|Phone> hey Reif
11:10:29 <reification> hey roar roar, dotties
11:11:14 <reification> .tell runbunny paper of the day (don't miss the keywords edition) https://twitter.com/SuperNerdLand/status/1145464856545509376
11:24:48 -!- skram [~skram@82.147.53.118] has joined #tlponies
11:25:31 <DoT|Phone> the Skrammen
11:26:53 <skram> ah
11:26:55 <skram> the Dot
11:27:04 <skram> good morning
11:27:42 <DoT|Phone> du er en hest
11:28:08 <skram> vrinsk, kompis
11:29:36 <DoT|Phone> how's your day Skram
11:30:01 <skram> i dont know yet
11:30:09 <skram> but i got IDEAS
11:31:50 <DoT|Phone> deviant ones I bet
11:33:21 <skram> I wanna try to make kimchi
11:34:54 <DoT|Phone> That's Korean
11:35:33 -!- DoT|Phone1 [~Dot@85.255.233.10] has joined #tlponies
11:35:53 <skram> looks really tasty though
11:36:17 <DoT|Phone1> it's fermented cabbage
11:37:11 <skram> its sort of like sauerkraut i guess but with spices and raddishes
11:37:13 <skram> and seafood maybe
11:37:35 <Rawr|Fone> Jonas my dear friend
11:43:39 <skram> henrik gamle ørn
11:43:44 <skram> how is life in malmö
11:47:10 -!- Zounds [webchat@cloak-07ouvien.14-2.cable.virginm.net] has joined #tlponies
11:53:51 <DoT|Phone1> probably very silly
12:16:57 <Rawr|Fone> Quite busy right now skrammypants
12:17:14 <Rawr|Fone> I have moved all my stuff at least
12:18:26 <skram> how many table tennis paddles do you have, henrik
12:18:36 <skram> i bet its about 900
12:19:14 <Rawr|Fone> I don't have my old ones here
12:19:22 <Rawr|Fone> I have three now
12:20:06 <skram> are they custom made with a picture of your face on the rubbery bit
12:21:30 <Rawr|Fone> I wish
12:34:45 -!- Zounds [webchat@cloak-07ouvien.14-2.cable.virginm.net] has joined #tlponies
12:34:49 <Zounds> pn pon
12:35:43 <skram> zounds pal
12:36:57 <reification> znds zounds
12:37:17 <DoT|Phone1> Zounds!
12:37:47 <Zounds> pon people
12:37:48 <Zounds> how r u
12:38:31 <Rawr|Fone> Hallo zounds friend
12:52:17 -!- DoT|Phone [~Dot@185.69.145.44] has joined #tlponies
13:51:13 <Zounds> https://www.youtube.com/watch?v=9O5-yJjJpZ4 the stuff leading up to this was some of the coolest shit I ever saw in vidya
13:51:21 <Zounds> since roon isn't here I can share
13:51:40 <Zounds> though it's probably all meaningless to you D:
14:01:04 <Rawr|Fone> Is this the grand anime adventure you always talk about zounds
14:07:59 <skram> .tell dub` https://www.youtube.com/watch?v=caXsp0iv88A ??
14:38:44 <Zounds> yes rawr
15:01:43 -!- DoT|Phone [~Dot@185.69.144.26] has joined #tlponies
15:01:58 <DoT|Phone> blarg
15:02:16 <DoT|Phone> Phone so broken
15:12:17 -!- DoT|Phone1 [~Dot@232.123.7.51.dyn.plus.net] has joined #tlponies
15:18:28 -!- DoT` [~Dot@232.123.7.51.dyn.plus.net] has joined #tlponies
15:20:04 -!- Camail [~Camail@45.40.84.145] has joined #tlponies
15:20:04 -!- mode/#tlponies [+v Camail] by Q
15:29:51 -!- Camail_ [~Camail@45.40.84.145] has joined #tlponies
15:29:51 -!- mode/#tlponies [+v Camail_] by Q
15:37:49 -!- DuB` [DuB@cpe-68-174-122-249.nyc.res.rr.com] has joined #tlponies
15:38:12 <DoT`> DUB
15:38:42 <DuB`> DOT
15:47:12 <Zounds> the d brothers dottles and dubster
15:56:56 <Camail_> pls
16:07:39 -!- DoT` [~Dot@232.123.7.51.dyn.plus.net] has joined #tlponies
16:17:00 <DoT`> cam snela
16:17:05 <Camail> yup
16:24:33 <Rawr|Fone> No
17:01:35 <Camail> DuB` https://www.twitch.tv/esl_csgo
17:26:15 <DuB`> Ya
17:26:31 <DuB`> Juust caught the end of game 1
17:35:32 <Zounds> counter-shoots
17:39:06 <Golly> https://www.youtube.com/watch?v=yz0bjLk9rUo what a lineup, damn
17:43:05 -!- Runbunny [~Runbunny@91.100.28.10.generic-hostname.arrownet.dk] has joined #tlponies
17:43:12 <DoT`> Bun!
17:43:33 <Runbunny> Hai.
17:43:52 <Runbunny> Dot dot when are you leaving us?
17:44:34 <DoT`> sunday morning
17:45:26 <Runbunny> When are you coming back?
17:46:15 <DoT`> 29th
17:46:20 <DoT`> though i will have INTERNET
17:46:23 <DoT`> and my laptop
17:46:25 <Zounds> \o/
17:46:35 <Zounds> australian limited garbage internet
17:47:07 <DoT`> yea, but my brother is an IT admin for an internationail company, so internet is part of what he does
17:47:48 <Zounds> that's lucky
17:47:52 <Zounds> they're subhumans over there
17:48:07 <DoT`> its true
17:51:08 -!- skram [~skram@185.217.171.67] has joined #tlponies
17:51:14 <Runbunny> Jonas.
17:51:19 <Runbunny> What do we do?
17:52:06 <skram> about what?
17:52:23 <skram> Dub? I have no idea. His power level exceeds mine.
17:52:32 <Camail> skram can you carry me in merc lab
17:52:54 <skram> i mean i can try
17:53:12 <skram> i dont think im a lot stronger than when you carried me
17:53:34 <Camail> i just need you to kill izaro
17:53:46 <Camail> you can do that pretty easily
17:54:11 <skram> sure but dont yell at me when i panick in the spike trap and die
17:54:42 <DoT`> it will just be a sigh of dissapointment
17:54:47 <DoT`> it was inevitable
17:55:17 <skram> ive heard it so many times before
17:56:48 <DoT`> https://imgur.com/Jlt7rdm
17:57:07 <Runbunny> I was thinking about Dot, skram.
17:58:11 <skram> I think DoT` got some cheat skills when he got hit by truck-kun and reincarnated in britain
17:58:42 <DoT`> im very confused
18:04:39 <Zounds> too many anime memes skram
18:05:24 <DoT`> animemes
18:06:14 <Runbunny> Dot got isekai'ed?
18:06:41 <DuB`> If I blacked out and woke up in bakewell I'd probably assume it's isekai
18:08:32 <DoT`> does that make scotland and london the both high level areas?
18:08:40 <Runbunny> Dub is actually an expert.
18:08:55 <DuB`> At what??
18:10:52 <Runbunny> Isekai.
18:11:31 <Runbunny> .tell reification The university has barred my access to article databases atm. So I can't confirm if that study you linked is real :/
18:13:07 <DoT`> did they question all your queiries into cat girl research runbun?
18:18:51 <Runbunny> That could be it.
18:19:27 <reification> runbun the full pdf is linked in the comments
18:20:17 <reification> though i am concerned at what you've been doing to get barred :O
18:22:13 <reification> Keywords: Computational fluid dynamics, ANSYS, drag coefficient, human aerodynamics, SST k-ω model, anime, Quetzalcoatl, titties, thicc 
18:24:32 <Runbunny> I wanted to check the journal it was published in.
18:25:30 <reification> "Interested in research on DRAGON?
18:25:30 <reification> Join ResearchGate to discover and stay up-to-date with the latest research from leading experts in DRAGON and many other scientific topics."
18:33:32 <BioSC> as
18:33:33 <BioSC> df
18:33:50 <Bio> thanks CR
18:34:19 <DoT`> BIO
18:34:24 <DoT`> Happy Birthday you horse
18:34:27 <Runbunny> I don't think it was posted in an actual journal.
18:34:32 <Bio> thank
18:34:46 <Runbunny> It seems like he just published it, himself on researchgate.
18:36:04 <skram> smerry birthmas, bio THE boi
18:36:41 <Bio> ThAnK SeR
18:37:04 <Runbunny> Congratulations Bio.
18:38:47 <Bio> thank!
18:38:53 <Bio> i sucessfully didn't die one more yr]
18:39:19 <Zounds> better luck next year bio
18:40:59 <Zounds> muh Runbunny did you ever do the level 50 alliance raids in ffxiv
18:41:09 <Runbunny> Yes!
18:41:16 <Zounds> That's good
18:41:19 <Runbunny> Easy leveling EXP.
18:41:30 <Zounds> The lore is very relevant aswell
18:42:10 <Runbunny> I must confess that I didn't care much for clone lady X and clone man Y.
18:42:28 <Zounds> Those two are not the important part
18:42:29 <reification> happy birthday bio
18:42:38 <Runbunny> Nero then?
18:42:38 <Bio> Thank
18:42:53 <Zounds> the eye of allag and the tower itself
18:42:59 <Zounds> I can't say too much else
18:44:13 <Zounds> Nero is relevant in the Stormblood raid series which is worth doing at some point aswell
18:44:35 <Zounds> though there's no big rush for that
18:48:42 <Runbunny> I'll get to it... I think. I might have done the heavensward raid as well.
18:49:49 -!- BioSC [~BioPon@97.70.165.146] has joined #tlponies
18:53:11 <BioSC> but vai
18:53:13 <BioSC> computer
19:03:01 <reification> skram https://twitter.com/AwwwwCats/status/1145725592148566017
19:03:53 <Bio> my verk network has been down for 2 days now
19:04:04 <Bio> and so i have gone home early since HR said we could
19:04:13 <Bio> so long as we check out the network every so often
19:04:17 <Bio> EZ bois
19:05:30 <Camail> someone cut the cords for your birthday
19:05:32 <Camail> so nice of them
19:06:53 <Bio> bless you valiant soldier
19:07:00 <Bio> it was in the other building too
19:12:38 -!- Phearlock [webchat@cloak-e3kb14bi.208.146.128.getinternet.no] has joined #tlponies
19:12:54 <Phearlock> evening ponypons
19:13:42 <reification> hey phear
19:14:00 <DoT`> Pear pon <3
19:16:37 <Runbunny> reification, https://www.youtube.com/watch?v=p3c8U8nzOwM
19:19:07 <reification> money well spent
19:20:02 <Phearlock> this is adorable
19:20:05 <Phearlock> awww
19:25:46 <DoT`> well i knwo what skram is doing for the next 3 hours
19:25:50 <Phearlock> If they ever make like a big cute friendly dragon petting sim I'd probably have to spend 690 dollars on it too.
19:28:17 <reification> i'm sure they will if it doesn't already exist
19:29:16 <Phearlock> Yeah, I'm probably richer living in ignorance
19:32:01 <DoT`> rich in money but not head pats
19:32:17 <DoT`> is that any real wealth?
19:32:29 <skram> ...
19:33:25 <skram> I gotta go.
19:40:11 <Camail> well, it was nice knowing him
19:40:25 <Camail> oh also skram now your atlas probably looks really weird
19:41:06 <Camail> once you beat a tier 6 shaper map the final mechanic is available
20:02:00 <reification> dub` https://www.bbc.co.uk/news/blogs-news-from-elsewhere-48824181
20:11:00 <DoT`> nice fox
20:16:41 -!- Crisium [~Crisium@c-73-174-151-51.hsd1.pa.comcast.net] has joined #tlponies
20:28:51 <DuB`> Waow
20:29:44 <skram> dub did you fix your gpu yet
20:30:42 <Crisium> dub did you buy a Titan RTX yet
20:30:56 <DoT`> hows the head patting going skram?
20:31:18 <skram> i dont know what you're talking about
20:31:45 <DuB`> No and no
20:32:12 <skram> dont you have credit cards
20:32:13 <Camail> dub did you get promoted yet
20:32:25 <DuB`> Yes and no what
20:32:25 <Camail> or at least blackmail your boss
20:32:45 <skram> then what is problem
20:32:53 <Camail> he is coward
20:32:57 <Camail> that is a well known fact
20:33:01 <skram> use credit card, buy 2080ti, pay when the collection company comes to break your kneecaps
20:33:19 <Camail> pay with someone else's CC
20:33:23 <skram> even better
20:33:25 <Runbunny> Oh.
20:33:28 <DuB`> Aha
20:33:31 <Runbunny> Clever.
20:33:38 <DuB`> So skram I need to to go grab your wallet
20:33:56 <Runbunny> Jonas doesn't have a credit card.
20:33:57 <skram> I dont have as credit card actually
20:34:28 <Runbunny> In his part of the land, the only valid currency is trading chickens.
20:34:33 <DuB`> Well that's no help
20:34:41 <DuB`> How many chickens is a 2080
20:34:48 <Runbunny> Too many.
20:35:11 <skram> Well. We dont have a currency, its a barter system
20:35:14 <DoT`> skram cant trust himself enough to own a credit card
20:35:22 <DoT`> he would have no kneecaps already
20:35:46 <skram> Why would I own a credit card though
20:36:00 <DuB`> Maybe I'll just go get some nice ramen tonight instead
20:36:05 <DuB`> I know for sure I can afford that!
20:36:20 <DoT`> thinkn how much anime stuff you could buy skram
20:36:25 <DoT`> with money you dont even have
20:36:47 <Crisium> credit card rewards yo
20:36:58 <skram> Thats not a thing.
20:37:02 <Crisium> it is in murica
20:37:13 <skram> Actually it is useful for when traveling abroad for fraud protection
20:37:15 <skram> thats about it
20:37:40 <skram> and the credit score system doesnt exist in norway, at least
20:37:47 <DoT`> oh?
20:37:52 <Crisium> i get hundreds of dollars in cash back per year.  in buying things i would buy normally that don't cost more with credit, with auto pay in full
20:37:53 <skram> or it does, but its based on taxes filed which is public info
20:38:15 <DoT`> i should move to norway, i ahve never had a credit card, and this is apparently REALLY AWEFULL, becuase it means i buy things i have money for
20:38:54 <Crisium> only debt i have ever had is student loan and car loan, actually using credit card for credit is dumb
20:39:10 <DuB`> Ya
20:39:12 <DuB`> I basically just use mine as a debit card
20:39:43 <Crisium> if you have the discipline to not spend extra, auto pay in full, and make sure you dont buy things that cost extra with credit cards, its just free rewards
20:40:13 <skram> well thats pretty smart then
20:40:19 <Crisium> it is biggest brain
20:40:30 <DoT`> but the system is dumb still
20:40:31 <Crisium> of course many ppl probably dont have the discipline
20:40:36 <Crisium> and should run away
20:41:44 <Runbunny> reification, Dumbbell anime starts tomorrow.
20:41:59 <reification> !
20:42:48 <skram> Cris, people employed in norway get a bonus on their last paycheck before summer every year which is a fair bit
20:42:55 <skram> so people use that to pay off their credit card loans
20:43:12 <skram> but now they're broke so they use their credit cards to pay for their vacation
20:43:15 <skram> perfectly balanced
20:43:39 <DuB`> Hah
20:44:10 <Crisium> is Norway like Sweden where half the country doesnt work for 5 weeks
20:44:41 <skram> no its half the country for 3 weeks
20:44:47 <skram> then the other half the next 3 weeks
20:44:54 <Crisium> nice
20:45:15 <DoT`> norway is so weird
20:45:42 <DuB`> Hmm there's actually a highly-rated pc repair place on my same block, might just take my gpu over to them and have them test it. Might narrow issue down to it or mobo or somethin
20:45:47 <DuB`> Or just give up and buy new one :P'
20:45:49 <Crisium> also doesnt norway have like infinite money in their trust fund
20:45:54 <Crisium> from all the oil
20:47:19 <skram> its only 1,08x10^12 dollars
20:47:49 <Crisium> how can i get this money
20:48:14 <skram> if you were a rainforest you might get some
20:48:40 <Crisium> what if i raze a rainforest to the ground?
20:48:54 <reification> invade and take it
20:50:43 <Crisium> pretty sure theres a movie based on if Russia invades Norway for the oil and the monies
20:51:45 <skram> eh oil's pretty much gone at this point
20:53:02 <Crisium> just dig deeper
20:53:12 <Crisium> im sure the core of the earth is all oil
20:53:17 <skram> Theres so many toll booths between sweden and the capital so they're gonna be bankrupt by the time they get there anyway
20:55:38 <skram> Do you have any idea how expensive it is to toll a T90 through ring3? Its gonna put them in debt for years!
21:09:39 <DoT`> CockRoach https://imgur.com/gallery/BxjNlml
21:10:30 <Runbunny> Camail, I am making a Bezerker melee build.
21:10:36 <Runbunny> Going M E T A.
21:20:29 <Camail> slayer is meta, but berserker is fun
21:20:40 <Camail> rage support helps a lot with ramping up
21:30:53 -!- Golly [Golly@cm-84.212.249.112.getinternet.no] has joined #tlponies
21:37:40 -!- DuB` [DuB@cpe-68-174-122-249.nyc.res.rr.com] has joined #tlponies
21:41:59 <DuB`> Cool russian guy at the pc repair place offered to help test my stuff to isolate issue to gpu/mobo but said likely nothing he can do to fix
21:42:15 <DuB`> Also I affirmed my decision to stay inside most of the day - sweating after the 100m walk over there lol
21:42:22 <skram> rip in peace
21:42:30 <skram> dubs gpu 2017-2019
21:42:48 <DuB`> 2018!-2019 :(
21:43:20 <DoT`> that sucks dub
21:43:52 <DoT`> did you find out about insurance on the transport?
21:44:40 <DuB`> Naw
21:57:30 <DuB`> Mebbe I go get a pizza and watch animus
21:57:32 <DuB`> Hehe
22:10:39 <DoT`> skram https://imgur.com/gallery/eMKrlWq
22:10:45 <DoT`> Crisium
22:11:21 <Crisium> oh ty
22:16:36 <skram> whoah
22:16:40 <skram> what a good boy
22:19:43 -!- DuB` [DuB@cpe-68-174-122-249.nyc.res.rr.com] has joined #tlponies
22:19:48 <skram> he returns
22:20:38 <skram> .tell DuB` https://www.youtube.com/watch?v=DwkD9Gii55s
22:22:05 <reification> skram phear cr|42 https://twitter.com/Arumi_kai/status/1145500584805408768
22:22:32 <skram> they were both surprised i think
22:22:34 <DuB`> Computers are the worst >:T
22:22:37 <DuB`> But this song is nice
22:22:40 <Phearlock> aw kitties
22:22:59 <skram> its not too mainstream for you is it dub
22:23:12 <skram> its got a whole 4 digits of views after all
22:23:20 <DuB`> Pshaw
22:23:41 <DuB`> Also it is hot so I decided to stay in and just have sammich with my anime
22:24:02 <skram> which brand of degeneracy are you doing today DuB`
22:24:26 <DuB`> Dunno yet
22:24:38 <DuB`> Maybe kaguya sama
22:24:40 <DuB`> Maybe ummmmm
22:24:45 <DuB`> I unno
22:24:49 <DoT`> you should watch the tank anime dub
22:24:54 <skram> yes
22:25:05 <DuB`> Do they even explode
22:25:09 <skram> kaguya sama peaks at episode 2 though
22:25:24 <skram> they asplode a lil bit
22:25:52 <DuB`> Hmmm what other watchthings are there
22:26:13 <DoT`> nothing
22:26:47 <skram> how trashy do you want it
22:26:58 <DuB`> I unno mang
22:27:19 <skram> unless your answer is a lot then i got nothing for you
22:28:25 <DoT`> did you waych elfin leid skram?
22:28:33 <skram> no its got the word elf in it
22:29:20 <skram> hmm
22:29:31 <DoT`> have you seen samurai champloo skram?
22:29:35 <skram> leid means pain though
22:29:41 <skram> so maybe its about elfs in pain
22:29:57 <skram> no i dont like samurais
22:31:48 <DuB`> Champloo has the TUUUNES though
22:32:33 <DuB`> Nujabes
22:32:51 <Zounds> leid means language skram
22:32:57 <skram> oh
22:32:58 <skram> then no
22:33:09 <Zounds> at least it does in scots
22:33:10 <Zounds> ^^
22:33:15 <skram> well its german
22:33:21 <Zounds> I know i'm just being a butt
22:33:22 <skram> nobody speaks scots, zounds
22:34:31 <skram> besides im super busy atm DoT` https://www.youtube.com/watch?v=gVtuD_6xSrM&
22:35:50 <DoT`> only an hour?
22:35:57 <DoT`> i thought you where hardcore skram
22:36:11 <skram> I got it queued up 30 times, of course
22:36:44 <Camail> i'm not sure that's what rotoscoping is, wasn't the scene already rotoscoped
22:37:36 <skram> think so
22:38:32 <skram> well yes but he did again just so he could remove the background i guess
22:38:45 <skram> or is that called something else
23:10:31 <Runbunny> I'll go stare at the ceiling for hours.
23:11:20 <Zounds> That's too real
23:36:01 -!- BioSC [~BioPon@97.70.165.146] has joined #tlponies
