00:04:09 <Camail> was it doing it's best
00:12:04 <skrm> def
00:14:53 <skrm> i was so proud
00:57:58 <Camail> skrm i'm glad you like monhun
00:58:03 <Camail> playing with tlp is fun
01:13:40 -!- Rawr|Fone [~AndChat52@c-4eb4e655.020-164-6d6c6d4.bbcust.telenor.se] has joined #tlponies
01:56:52 <skrm> yeah its been pretty good cam
02:15:11 -!- Rawr|Fone [~AndChat52@c-4eb4e655.020-164-6d6c6d4.bbcust.telenor.se] has joined #tlponies
02:17:08 -!- Crisium [~Crisium@c-24-3-150-105.hsd1.pa.comcast.net] has joined #tlponies
02:39:29 -!- Rawr|Fone [~AndChat52@c-4eb4e655.020-164-6d6c6d4.bbcust.telenor.se] has joined #tlponies
03:34:44 -!- Rawr|Fone [~AndChat52@c-4eb4e655.020-164-6d6c6d4.bbcust.telenor.se] has joined #tlponies
04:06:07 <DuB`> I just got an almighty craving for pizza, good thing the pizza place is closed
04:06:09 <DuB`> Dangerous
06:13:22 -!- Dot|Phone [uid393803@2001:67c:2f08:8::6:24b] has joined #tlponies
06:26:17 <Dot|Phone> Morning 
06:39:46 -!- skram [~skram@95.174.67.212] has joined #tlponies
06:52:25 <Dot|Phone> Jonas friend
06:52:35 <skram> dot pal
06:55:16 <skram> weather forecast says its gonna snow for like 3 days
06:57:08 <Dot|Phone> You should stay inside
06:57:20 <skram> but i wanna do some frolicking
06:57:27 <Dot|Phone> With a cozy fire and a blanket
06:57:39 <Dot|Phone> And hot chocolate 
06:57:56 <Dot|Phone> And your cartoons 
06:59:03 <skram> i havent watched any cartoons in weeeeeks
06:59:31 <Dot|Phone> But you read your comics daily right? 
06:59:42 <skram> of course
06:59:56 <Dot|Phone> Good to keep this reading skills up
07:00:25 <skram> I had to read one left to right the other day and it felt super weird
07:02:36 <Dot|Phone> I'm tired and want to go back to bed
07:05:08 <skram> you can do it dot
07:16:25 <Dot|Phone> No, suppose to go to "work" 
07:17:25 <skram> eugh
07:47:50 -!- Golly [~kvirc@cm-84.213.21.103.getinternet.no] has joined #tlponies
07:55:25 <Dot|Phone> What you up to today skram
08:03:47 <skram> hmm well
08:03:51 <skram> im gonna go to bed
08:03:55 <skram> and then ???
08:06:35 <CockRoach|42> hors hors
08:07:05 <skram> cr u old rascal
08:07:15 <Dot|Phone> Gnight then skram
08:07:17 <Dot|Phone> Hey cr
08:07:21 <skram> aye gnight
08:07:28 <Dot|Phone> You missed doggos cr
08:07:31 <CockRoach|42> night skrammie boy
08:07:37 <CockRoach|42> Dot|Phone: yes, i have :/
08:07:44 <CockRoach|42> several weeks in a row
08:07:44 <Dot|Phone> ?dndoggos
08:07:56 <Dot|Phone> Tsk tsk
08:13:42 <CockRoach|42> they're such good doggos
08:17:16 <Dot|Phone> Very silly pups
10:16:10 -!- Cane [~Cane@CaneCraft.users.quakenet.org] has joined #tlponies
10:16:11 -!- mode/#tlponies [+o Cane] by Q
10:23:23 <Dot|Phone> Hey Cane
10:33:27 -!- reification [~thomas@cpc76294-cosh16-2-0-cust297.6-1.cable.virginm.net] has joined #tlponies
10:33:27 -!- mode/#tlponies [+v reification] by Q
11:16:29 <Dot|Phone> Reef
11:19:40 -!- tredc [~tredc@c83-254-129-166.bredband.comhem.se] has joined #tlponies
11:26:49 -!- Rawr|Fone [~AndChat52@c-4eb4e655.020-164-6d6c6d4.bbcust.telenor.se] has joined #tlponies
11:27:20 <reification> dawt
11:27:37 <Dot|Phone> Rawr Rawr Rawr
11:28:06 <Rawr|Fone> DoT DoT DoT
11:28:10 <Rawr|Fone> 💖💖💖
11:41:08 <Dot|Phone> 💖💖💖
11:41:44 <Dot|Phone> How's you Rawr
11:41:55 <Dot|Phone> And Reif 
11:42:59 <Rawr|Fone> Pretty great dot 
11:43:04 <Rawr|Fone> How are you dear
11:54:48 <Dot|Phone> I'm ok  Rawr. 
11:56:40 <Dot|Phone> What you up to today 
11:58:48 <reification> i am running late today dot
12:02:04 <Dot|Phone> Oh dear
12:07:56 <Rawr|Fone> More gym and more table tennis dot
12:08:12 <Rawr|Fone> Hopefully going to work some on my portfolio too
12:08:28 -!- carcinisation [~thomas@cpc76294-cosh16-2-0-cust297.6-1.cable.virginm.net] has joined #tlponies
12:08:28 -!- mode/#tlponies [+v carcinisation] by Q
12:29:51 -!- Rawr|Fone [~AndChat52@c-4eb4e655.020-164-6d6c6d4.bbcust.telenor.se] has joined #tlponies
12:44:27 -!- Rawr|Fone [~AndChat52@m83-185-87-98.cust.tele2.se] has joined #tlponies
12:46:01 -!- BioPone [~androirc@mobile-166-170-23-127.mycingular.net] has joined #tlponies
12:53:50 <Dot|Phone> Bio boi
13:24:00 -!- BioPone [~androirc@12.33.239.117] has joined #tlponies
13:39:31 <Dot|Phone> Rawr
13:39:50 -!- BioPone [~androirc@12.33.239.117] has joined #tlponies
13:40:12 <Rawr|Fone> DoT
13:41:33 <Dot|Phone> I'm less and less sure about buying new pokemon game
13:41:49 <Dot|Phone> They keep making weird design choices
13:42:32 <BioPone> Asdf
13:42:55 <BioPone> Just get persona 5 dot, they have pokemans to collect
13:44:02 <BioPone> Also I understand the merit of those people who play games from like 10 yrs ago. It's so much cheaper
13:46:48 -!- Runbunny [~Runbunny@91.100.28.10.generic-hostname.arrownet.dk] has joined #tlponies
13:53:24 <Dot|Phone> Persona is not my type of game bio 
13:53:29 <Dot|Phone> Hey runbun
13:58:20 <Rawr|Fone> I am probably not getting the new pokemon games either dot
14:04:04 <Runbunny> Hai.
14:07:52 <Rawr|Fone> Good afternoon Anders
14:08:23 <Dot|Phone> It's sad Rawr. 
14:09:28 <carcinisation> hello runbunny https://twitter.com/ReadKaczynski/status/1190578354241593344
14:10:21 <Runbunny> Nice.
14:10:30 <Runbunny> Made in Abyss is really good.
14:50:40 <Dot|Phone> Your really good runbun
14:52:29 <Runbunny> I am not sure.
15:07:24 -!- Camail [~Camail@45.40.84.145] has joined #tlponies
15:07:24 -!- mode/#tlponies [+v Camail] by Q
15:15:24 <Dot|Phone>  The camamail
15:15:36 <Dot|Phone> Most relaxing
15:16:34 <BioPone> Not an RPG guy dottles
15:16:37 <BioPone> ?
15:19:49 <Dot|Phone> Not a jrpg
15:28:18 -!- Rawr|Phone [~AndChat52@c-4eb4e655.020-164-6d6c6d4.bbcust.telenor.se] has joined #tlponies
15:31:01 <BioPone> Ic
15:31:27 <BioPone> Not feeling too too grindy right now at least
15:32:42 <Camail> dot calm down
15:34:52 <Dot|Phone> That's what you're here for cam
15:51:06 -!- Crisium [~Crisium@c-24-3-150-105.hsd1.pa.comcast.net] has joined #tlponies
15:51:15 -!- CrisPone [uid127042@2001:67c:2f08:7::1:f042] has joined #tlponies
16:12:14 -!- BioPone [~androirc@12.33.239.117] has joined #tlponies
16:22:35 -!- skram [~skram@82.147.53.159] has joined #tlponies
16:23:16 <Dot|Phone> Hey crisium
16:24:36 <Crisium> hej
16:25:48 <BioPone> Hej
16:30:05 -!- Rawr|Fone [~AndChat52@m83-185-87-98.cust.tele2.se] has joined #tlponies
16:35:50 <BioPone> Dot there's too much snow here
16:39:25 <Runbunny> O:
16:39:30 <Runbunny> There is no snow here :/
16:42:17 <Dot|Phone> None here. Please give
16:50:07 <Camail> i hav esnow too
17:06:31 -!- BioPhone [~androirc@mobile-166-170-23-188.mycingular.net] has joined #tlponies
17:40:36 -!- BioPone [~androirc@mobile-166-170-23-188.mycingular.net] has joined #tlponies
17:49:50 <Crisium> https://gfycat.com/bittergiganticindianrockpython
17:51:57 -!- Dot` [webchat@cloak-vnm1j07w.71.208.46.dyn.plus.net] has joined #tlponies
17:52:52 <Runbunny> Cats.
17:53:56 -!- Zounds [webchat@cloak-07ouvien.14-2.cable.virginm.net] has joined #tlponies
17:54:01 <Zounds> hey
18:01:36 <Camail> Runbunny  how are you today
18:01:39 <Camail> still a bunny
18:01:56 <Runbunny> Hai
18:02:10 <Runbunny> I am tired as shit and I can't sleep.
18:02:16 <Runbunny> Restless sleep is the worst.
18:02:21 <Dot`> :(
18:02:23 <Camail> indeed
18:13:54 <Runbunny> How are you Camail?
18:14:15 <Camail> i'm doing okay, similarly garbage sleep
18:14:19 <Camail> but it could be worse
18:16:13 <Runbunny> I feel groggy all day and finally feel normal when it's time to sleep again.
18:16:25 <Runbunny> It's no wonder that I put off sleeping.
18:19:40 <Bio> hom
18:19:43 <Bio> erly\
18:19:49 <Bio> too much snuh
18:19:57 <Bio> so boss say go home and work
18:34:07 <Runbunny> Share your snow Bio.
18:34:31 <Bio> please take it all
18:34:44 <Bio> we are getting 6-10 inches today
18:41:12 -!- BioPone [~androirc@mobile-166-170-23-188.mycingular.net] has joined #tlponies
18:41:12 -!- BioPhone [~androirc@mobile-166-170-23-188.mycingular.net] has joined #tlponies
20:00:12 <Rawr|Fone> 🐴🐴🐴
20:00:32 <Rawr|Fone> Dot
20:14:06 <Dot`> Rawr
20:15:51 <Rawr|Fone> Where is the jonas today
20:19:30 <Dot`> probably stuck in the snow
20:20:43 <Rawr|Fone> D:
20:22:52 <Rawr|Fone> We should probably go and help him
20:23:31 <Dot`> probably
20:29:03 -!- Rawr|Phone [~AndChat52@c-4eb4e655.020-164-6d6c6d4.bbcust.telenor.se] has joined #tlponies
20:51:41 <Zounds> m'pons
20:53:17 <Crisium> zoonds
20:53:30 -!- Rawr|Fone [~AndChat52@c-4eb4e655.020-164-6d6c6d4.bbcust.telenor.se] has joined #tlponies
20:54:01 <reification> hej zounds
20:56:13 <Zounds> hej sugarcubes
20:56:15 <Dot`> zoonds
21:15:45 -!- skram [~skram@82.147.53.19] has joined #tlponies
21:17:23 <Dot`> skrram!
21:17:28 <Dot`> rawr he made it
21:18:43 <Runbunny> Jonas.
21:19:46 <skram> hello frens
21:23:32 -!- Rawr|Fone [~AndChat52@c-4eb4e655.020-164-6d6c6d4.bbcust.telenor.se] has joined #tlponies
21:34:09 -!- Rawr|Fone [~AndChat52@c-4eb4e655.020-164-6d6c6d4.bbcust.telenor.se] has joined #tlponies
21:34:43 <Dot`> skram, how you
21:35:01 <skram> overall i'd give it a 7, I think
21:35:14 <skram> hows the face mr dot
21:35:52 <Dot`> eh, could be worse i guess
21:36:41 <Rawr|Fone> Jonas
21:36:45 <Rawr|Fone> Finally
21:36:54 <Rawr|Fone> Gamle vän
21:36:56 <skram> good evening henrik lad
21:40:53 <Rawr|Fone> I'm glad to see you today jonas
21:40:59 <Rawr|Fone> My favorite boomer
21:41:29 <skram> im not that old henrik
21:41:44 <Rawr|Fone> Ok boomer
21:41:51 <skram> lel
21:44:16 <Dot`> your old skram
21:44:25 <skram> dot you're older than me
21:44:32 <Dot`> clearly not
21:44:49 <Dot`> im depressed and poor, clearly a mellenial
21:45:09 <Crisium> boom boom
21:49:02 <Camail> yea but you have friends and a support structure
21:49:08 <Camail> which is not very millenial 
21:54:40 <Dot`> damn, discovered!
21:57:52 <Rawr|Fone> Dot you are pretty much a boomer too
21:58:01 <Dot`> rawr snela
21:58:07 <Dot`> this is a great insult
21:58:20 <skram> if dot is a boomer then you're basically an infant henrik
21:58:29 <Rawr|Fone> Ok boomer
21:58:39 <Dot`> can we ban rawr
21:59:01 <Camail> ok boomer
22:00:00 <skram> haha
22:00:01 <skram> assholes
22:00:12 <Camail> <3
22:00:55 -!- Golly [~kvirc@cm-84.213.21.103.getinternet.no] has joined #tlponies
22:05:07 -!- skrma [~skram@134.19.189.132] has joined #tlponies
22:16:18 -!- skram [~skram@178.239.173.204] has joined #tlponies
22:25:11 -!- DuB` [DuB@cpe-68-174-122-249.nyc.res.rr.com] has joined #tlponies
22:25:24 <skram> .tell DuB` https://i.imgur.com/oRyCKpf.jpg
22:25:59 <DuB`> o hi
22:26:06 <skram> o hej
22:26:13 <Dot`> dub dub
22:26:30 <Dot`> hedge
22:27:14 <DuB`> <3
22:30:45 <Camail> welcome home dub
22:30:48 <Camail> i made pizza rolls
22:30:50 <Camail> i ate them
22:30:54 <Camail> no regrets
22:31:48 <DuB`> Never regrets
22:33:00 <Dot`> ive never seen pizza rolls
22:33:09 <Dot`> they must exist in this country, im sure
22:33:23 <Crisium> za rolls
22:33:42 <skram> im 97$ sure ive sent you pictures of pizza rolls dot
22:33:51 <Camail> lewd
22:34:08 <Camail> skram sends pics of his rolls for 97 USD
22:34:15 <Camail> looks like i got a discount
22:34:37 <Dot`> ive seen them on tv too skram, but i meant irl
22:35:14 <Dot`> and also you where not sure if those where pizza rolls you sent me a pic of
22:36:10 <skram> hmm alright
22:37:26 <skram> am getting paid on friday and since its (almost) chrimmas i only pay half tax
22:37:35 <Dot`> weird
22:37:37 <skram> what sort of cheese should i spend the extra skrilla on
22:38:21 <Dot`> applewodd smoked cheddar
22:38:25 <Dot`> its the best
22:38:35 <Dot`> applewood*
22:38:58 <skram> how much cheddar can i get for 1000 dollarydoos do you think
22:39:08 <Dot`> hmm, almost enough
22:39:16 <skram> i see
22:39:25 <skram> actually, maybe get a gamepad?
22:39:30 <Dot`> your probably just going to buy a body pillow though
22:39:35 <skram> cam DuB` what do you guys use
22:39:36 <Dot`> a high quality one
22:39:46 <DuB`> xbox thingie
22:39:49 <Camail> i use the xbox pro controller
22:39:54 <skram> im gonna get a komi-san body pillow where the one side is the innocent side
22:40:03 <skram> and the other side is also innocent because lewding komi-san is illegal
22:40:24 <DuB`> Good
22:40:36 <DuB`> Speaking of komi san... hohmygoodness the last few chapters...
22:40:36 <Dot`> needs more Panzer IV
22:41:12 <Camail> WEEEEBS
22:41:13 <skram> oooh boi
22:41:50 <skram> can you just use a oem console controller no problem on the computers?
22:43:05 <skram> or do i need to get the razer 1337 gamer RGB noscope360 mlg pro version
22:43:21 <DuB`> Googling oem, sec
22:43:52 <DuB`> I mean xbox is microsoft, they make sure it plays nice with pc
22:44:01 <skram> right right
22:44:09 <DuB`> I used ps4 controller back when doing the streetfights and that took a bit more work
22:44:12 <DuB`> Dunno if that has changed
22:44:49 <skram> maybe ill just go to the store and ask the nerds down there
22:46:01 <skram> ooh dot theres a farmers market next week and theres a farm selling cheese made from GOATS
22:47:29 <Camail> skram all controllers need drivers, xbox ones all work flawlessly plug and play, ps4 needs community drivers but it's fine after that
22:47:51 <Camail> there's no sony support for pc tho
22:48:23 <Dot`> goats cheese can be great
22:48:27 <Dot`> also can be aweful
22:48:30 <Camail> if you get the xbox elite controller i suggest getting the new one because there are problems with the original
22:48:47 <Dot`> there was this pepper goats cheese in SA, it was the best
22:49:44 <Dot`> amd skram, there is a 3 week long market at chatsworth starting soon with a choclate brownie stand you need to come get from
22:50:48 <Camail> so much food
23:02:01 <Dot`> rawr https://imgur.com/gallery/3BFYaIQ
23:02:29 <Dot`> sadness contniues
23:27:57 * skram slaps Dot` around a bit with a large trout
23:28:58 <DuB`> :o
23:34:48 -!- carcinisation [~thomas@cpc76294-cosh16-2-0-cust297.6-1.cable.virginm.net] has joined #tlponies
23:34:48 -!- mode/#tlponies [+v carcinisation] by Q
23:43:00 -!- Rawr|Fone [~AndChat52@c-4eb4e655.020-164-6d6c6d4.bbcust.telenor.se] has joined #tlponies
23:57:29 -!- Rawr|Fone [~AndChat52@c-4eb4e655.020-164-6d6c6d4.bbcust.telenor.se] has joined #tlponies
