01:04:36 -!- DuB` [DuB@cpe-68-174-122-249.nyc.res.rr.com] has joined #tlponies
03:01:13 -!- Camail_Phone [~camailpho@45.40.84.145] has joined #tlponies
03:16:13 -!- Rawr|Fone [~AndChat52@c-4eb4e655.020-164-6d6c6d4.bbcust.telenor.se] has joined #tlponies
04:20:45 -!- Cane [~Cane@CaneCraft.users.quakenet.org] has joined #tlponies
04:20:45 -!- mode/#tlponies [+o Cane] by Q
06:17:55 <DoT|Phone1> morning
06:27:42 -!- Rawr|Fone [~AndChat52@c-4eb4e655.020-164-6d6c6d4.bbcust.telenor.se] has joined #tlponies
06:29:06 <DoT|Phone1> Rawr Rawr Rawr
06:40:10 -!- Golly [Golly@cm-84.213.21.103.getinternet.no] has joined #tlponies
06:59:51 -!- DoT|Phone [~Dot@185.69.144.33] has joined #tlponies
07:39:29 -!- Rawr|Fone [~AndChat52@c-4eb4e655.020-164-6d6c6d4.bbcust.telenor.se] has joined #tlponies
08:12:27 -!- Runbunny [~Runbunny@91.100.28.10.generic-hostname.arrownet.dk] has joined #tlponies
08:17:38 <Runbunny> Yes, hello I am here.
08:17:42 <Runbunny> But I am going to the store.
08:19:05 <DoT|Phone> gl Runbun !
08:19:10 <DoT|Phone> wear your hard hat
08:35:27 -!- Rawr|Fone [~AndChat52@c-4eb4e655.020-164-6d6c6d4.bbcust.telenor.se] has joined #tlponies
08:36:41 <DoT|Phone> Rawr Rawr Rawr
08:37:08 <Rawr|Fone> DoT DoT DoT
08:37:11 <Rawr|Fone> 💖💖💖
08:37:58 <DoT|Phone> 💖💖💖
09:12:32 <CockRoach|42> hors hors
09:23:05 <DoT|Phone> cr hest
09:32:27 <Runbunny> I return.
09:35:31 <Runbunny> went on a bit of a trip and saw some goatts.
09:35:38 <Runbunny> minus one t
09:40:03 <DoT|Phone> goats aee great
09:40:06 <DoT|Phone> Are
09:45:11 -!- reification [~thomas@cpc76294-cosh16-2-0-cust297.6-1.cable.virginm.net] has joined #tlponies
09:45:11 -!- mode/#tlponies [+v reification] by Q
09:48:56 <DoT|Phone> hedge Reif
10:00:10 -!- Rawr|Fone [~AndChat52@c-4eb4e655.020-164-6d6c6d4.bbcust.telenor.se] has joined #tlponies
10:08:30 <Runbunny> You can't keep hedging people Dot.
10:08:36 <Runbunny> What would your mother say?
10:17:38 <DoT|Phone> that's nice dear
10:24:52 -!- tredc [~tredc@c83-254-129-166.bredband.comhem.se] has joined #tlponies
10:29:57 <reification> shrub dotties
10:53:33 <DoT|Phone> how you today Reif
10:58:30 <reification> not too bad dotties, how's you?
11:02:20 <DoT|Phone> I'm ok, back in the office so hopefully home earlier today
12:11:06 -!- BioPhone [~androirc@mobile-107-92-123-224.mycingular.net] has joined #tlponies
12:28:33 -!- BioPone [~androirc@12.33.239.117] has joined #tlponies
12:30:20 <BioPone> Hey
12:30:26 <BioPone> That's for you all.
12:30:30 <BioPone> The horses
12:33:26 <DoT|Phone> bio, hi
12:35:32 <BioPone> Dot, hello!
12:38:45 <DoT|Phone> how's you
12:41:20 <BioPone> Oke, at work
12:41:39 <BioPone> Finished FE three houses off strim cuz I'm bad
12:44:23 <BioPone> Wonderful game. Very hard near the end
12:44:54 <BioPone> Black Eagles confrimed worst house
12:45:29 <DoT|Phone> hmm, I don't even know the other house names
12:54:47 <Runbunny> House 1, house 2 and black eagles I believe.
12:57:36 <DoT|Phone> House 1 sounds pretentious and house 2 seem sneaky
12:57:46 <Runbunny> Sneaky?
12:57:53 <DoT|Phone> we should start a 4th house
12:57:54 <Runbunny> You're the sneaky one Dot.
12:58:07 <Runbunny> What name should it carry?
12:58:11 <Runbunny> House 4th?
12:58:17 <DoT|Phone> they don't even use a capital h fit their name Runbun
12:58:24 <DoT|Phone> are they even a house?
12:58:37 <DoT|Phone> Horse House
13:00:48 <Runbunny> Not House Horse?
13:05:27 <DoT|Phone> hmm. you make a good point
13:20:31 <BioPone> Blue lions and golden deer
13:20:47 <BioPone> And yeah. Description is pretty good
13:23:13 <DoT|Phone> Golden Deer > Blue Lion > Black Eagles
13:29:07 <BioPone> I havent played any deer, but I love all my lion lads, even the edgelord
13:31:06 -!- Rawr|Fone [~AndChat52@c-4eb4e655.020-164-6d6c6d4.bbcust.telenor.se] has joined #tlponies
13:40:06 -!- skram [~skram@82.147.53.197] has joined #tlponies
13:42:03 <DoT|Phone> Jonas <3
13:44:28 <skram> Dot <3
13:50:04 <Runbunny> Oh hey Jonas.
13:51:50 <skram> Anders. You've arrived.
13:51:51 <skram> Good.
13:54:05 <reification> https://www.reddit.com/r/CasualUK/comments/czygn9/well_thats_that_problem_solved_then/
13:56:20 <skram> is this serendipity
13:57:22 <reification> no it's heroin
14:04:40 -!- carcinisation [~thomas@cpc76294-cosh16-2-0-cust297.6-1.cable.virginm.net] has joined #tlponies
14:04:41 -!- mode/#tlponies [+v carcinisation] by Q
14:07:56 <skram> eh, same thing
14:28:42 <DoT|Phone> Horse horse
14:31:20 <skram> neigh
14:35:17 <DoT|Phone> how's you Skram
14:35:47 <BioPone> I'm now accepting fanart of best girl Annette from the blue lions
14:35:52 <BioPone> Pls deliver
14:36:12 <BioPone> Also do not lewd the magic girl
14:36:58 <skram> theres not any pictures left with such stringent requirements
14:37:08 <skram> im gonna go look at a house today dot
14:37:35 <DoT|Phone> the one you linked before?
14:37:44 <skram> think so
14:37:48 <skram> the one with like 3 bedrooms
14:38:01 <DoT|Phone> the loo with the view?
14:38:09 <skram> haha, no
14:38:10 <DoT|Phone> don't think it's the same
14:38:17 <skram> that one was no good, really
14:38:38 <DoT|Phone> it was odd
14:38:47 <skram> it was really small and a listed building so couldnt really expand it or anything
14:38:56 <skram> even if the whole swiss chalet style is really neat
14:38:57 <DoT|Phone> hmm
14:40:12 <BioPone> I should consider looking for a house, but then I'd have to move
14:40:50 <skram> but it'd be yours, you know
14:41:04 <skram> could draw a giant dick on it and nobody could stop you
14:41:19 <DoT|Phone> property is always a good investment
14:41:30 <DoT|Phone> unless you buy a place falling apart
14:41:38 <skram> yep
14:45:07 <BioPone> Yeah, I was considering looking at buying a duplex and renting the other half of it
14:46:03 <BioPone> The other day I was curious and looked in my area. Saw a place for 7000 dollars.
14:46:09 <BioPone> I was confused.
14:46:25 <BioPone> A whole ass house for less than my car
14:46:43 <DoT|Phone> that sounds dangerous if true
14:47:07 <DoT|Phone> also you have a fancy car
14:48:39 <skram> what
14:49:00 <skram> thats so cheap though??
14:49:56 <skram> just the deductible part of my mortgage is like 35k
14:50:39 -!- Rawr|Fone [~AndChat52@c-4eb4e655.020-164-6d6c6d4.bbcust.telenor.se] has joined #tlponies
14:51:34 <BioPone> I know right? I'm like, it has to be a typo or a catch or some shit
14:51:52 <skram> does it come with a free meth lab or something
14:57:20 -!- DoT|Phone1 [~Dot@228.89.99.195.dyn.plus.net] has joined #tlponies
15:01:08 <carcinisation> prob needs a huge amount of work done on it
15:03:32 -!- DoT` [~Dot@228.89.99.195.dyn.plus.net] has joined #tlponies
15:14:12 <Rawr|Fone> A dot
15:14:32 <Rawr|Fone> My favorite kind of punctuation mark
15:15:14 <DoT`> oh you rawr
15:16:48 <Rawr|Fone> ❤
15:24:56 <DoT`> <3
15:47:46 -!- Rawr|Fone [~AndChat52@c-4eb4e655.020-164-6d6c6d4.bbcust.telenor.se] has joined #tlponies
16:14:04 -!- reification [~thomas@cpc76294-cosh16-2-0-cust297.6-1.cable.virginm.net] has joined #tlponies
16:14:05 -!- mode/#tlponies [+v reification] by Q
16:42:00 -!- Rawr|Fone [~AndChat52@c-4eb4e655.020-164-6d6c6d4.bbcust.telenor.se] has joined #tlponies
16:42:32 -!- Golly [Golly@cm-84.213.21.103.getinternet.no] has joined #tlponies
16:54:49 -!- Cane [~Cane@CaneCraft.users.quakenet.org] has joined #tlponies
16:54:49 -!- mode/#tlponies [+o Cane] by Q
17:07:34 -!- BioPone [~androirc@mobile-166-176-250-64.mycingular.net] has joined #tlponies
17:25:28 -!- BioPone [~androirc@12.33.239.117] has joined #tlponies
17:48:22 <DoT`> pon pon
18:04:34 -!- Camail [~Camail@45.40.84.145] has joined #tlponies
18:04:34 -!- mode/#tlponies [+v Camail] by Q
18:05:05 <Camail> 25 hours until new league woo
18:08:52 <DoT`> you decided to not skip this leaguw then?
18:15:45 <BioPone> Hors
18:26:53 <Camail> nah not gonna skip it, gonna push with a new skill and if it's fun keep playing
18:28:21 <Cane> What's it called when a game's FPS is stable for long periods of time, but then you suddenly have a spike of frame lag for 0.5 seconds before the game goes back to normal?
18:28:54 <Cane> "Stuttering" usually indicates frequency, and this is infrequent.
18:31:02 <Camail> i've always called it a lag spike, but that's not technically what it is
18:34:29 <Cane> Yeah there's generally agreed upon terms for all kinds of lag problems and I need the proper one so I can google this bitch.
18:34:35 <Cane> Source engine shouldn't be giving me problems.
18:58:32 -!- Rawr|Fone [~AndChat52@c-4eb4e655.020-164-6d6c6d4.bbcust.telenor.se] has joined #tlponies
19:15:52 -!- Rawr|Phone [~AndChat52@m83-185-92-172.cust.tele2.se] has joined #tlponies
19:27:06 -!- Cane [~Cane@CaneCraft.users.quakenet.org] has joined #tlponies
19:27:06 -!- mode/#tlponies [+o Cane] by Q
20:23:39 -!- skram [~skram@82.147.53.216] has joined #tlponies
20:28:44 -!- Crisium [~Crisium@c-24-3-150-105.hsd1.pa.comcast.net] has joined #tlponies
20:42:32 <skram> hey pals
20:42:42 <Runbunny> Hey Jonas.
20:42:53 <DoT`> skram, runbun!
20:46:51 <Rawr|Phone> Jonas
20:46:53 <Rawr|Phone> Anders
20:47:47 <Crisium> hej
21:13:25 <Runbunny> skram,  have you watched Made in Abyss yet?
21:15:07 <skram> watched some of it
21:15:12 <skram> bit too depressing tbh
21:15:19 <Runbunny> O:
21:15:53 <Runbunny> Did you get to best girl?
21:16:07 <skram> probably not?
21:17:32 <Runbunny> Boo.
21:18:07 <DoT`> can they even be nest without explosions?
21:22:34 <skram> unlikely
21:25:04 <Crisium> anyone for some casual OW quickplay so we can enjoy the fruits of role lock?
21:26:44 <reification> prob not this evening
21:32:50 -!- BioPone [~androirc@mobile-107-92-122-109.mycingular.net] has joined #tlponies
21:46:49 -!- Rawr|Fone [~AndChat52@c-4eb4e655.020-164-6d6c6d4.bbcust.telenor.se] has joined #tlponies
21:50:50 -!- BioPone [~androirc@97.70.165.146] has joined #tlponies
21:52:07 <Bio> I Am the home
21:53:20 <reification> wb bio
21:53:22 <Crisium> hello the home
21:58:37 <Bio> how are the horsens
22:03:04 -!- Cane_ [~Cane@CaneCraft.users.quakenet.org] has joined #tlponies
22:03:05 -!- mode/#tlponies [+o Cane_] by Q
22:24:11 -!- BioPone [~androirc@97.70.165.146] has joined #tlponies
