00:02:51 <DuB`> Ya I did the work
00:02:54 <DuB`> Until 7:30!
00:04:45 <DuB`> https://www.youtube.com/watch?v=L2Z7muhqtG8
00:11:55 <Camail> dub did your skill in mining titanium help you today at work
00:13:13 <DuB`> Unfortunately all 3 projects I'm on are for high fashion clients, no titanium mining needed.
00:19:46 <Camail> nothing is more high fashion than shiny ores
00:25:30 <Camail> DoT`  your country hasn't imploded yet
00:25:38 <Camail> must be somewhat relieving
00:26:32 <Camail> also, no boardgames this weekend, it is poe weekend
00:26:47 <Camail> i think i'm gonna no life friday through sunday then chill the rest of the league
00:41:55 -!- DoT|Phone [~Dot@228.89.99.195.dyn.plus.net] has joined #tlponies
00:47:27 <skrm> .tell camail fine, ill do my own boardgames
00:47:34 <skrm> .tell camail with blackjack and hookers
01:08:44 -!- Rawr|Fone [~AndChat52@c-4eb4e655.020-164-6d6c6d4.bbcust.telenor.se] has joined #tlponies
01:19:11 -!- Camail [~Camail@45.40.84.145] has joined #tlponies
01:19:12 -!- mode/#tlponies [+v Camail] by Q
01:19:27 <DuB`> Look who came craaaaawling back
01:35:23 <Camail> me?
01:35:28 <Camail> i've been sitting, mostly
01:35:43 <Camail> skram you aren't even home
01:35:48 <Camail> you cant boardgame ever
01:36:18 <Camail> but maybe if you learned how to use TTS at all you could play with yourself
02:22:19 -!- Rawr|Fone [~AndChat52@c-4eb4e655.020-164-6d6c6d4.bbcust.telenor.se] has joined #tlponies
03:13:15 <skrm> im gonna do tts in VR mode and play with myself cam
03:13:31 <Camail> make sure to stream it
03:13:47 -!- Rawr|Fone [~AndChat52@c-4eb4e655.020-164-6d6c6d4.bbcust.telenor.se] has joined #tlponies
03:16:00 <skrm> maybe ill pay 1000 buckaroos to get one of those big tiddy anime grill avatars with full body tracking, too
03:16:24 <skrm> and be one of those virtual youtuber thots who are all eggs
05:15:49 <DoT|Phone> morning all
05:27:34 -!- skram [~skram@37.120.141.28] has joined #tlponies
05:27:52 <DoT|Phone> Skram <3
05:28:16 <skram> Dot <3
05:28:30 <skram> Its kinda cold in my apt this morning
05:28:32 <skram> its lovely
05:42:09 <DoT|Phone> sounds nice if you don't have to go out
05:42:45 <skram> cold weather is the best
05:43:05 <skram> if you're freezing you can just add layers until you're not
05:49:01 <DoT|Phone> I normally agree. but having to go out when your still cold isn't fun
05:55:39 <DoT|Phone> what you up to Skram
05:56:23 <skram> im just sitting here now
05:56:34 <skram> gonna go have a nap in a bit
05:56:51 <Camail> skram
05:56:53 <DoT|Phone> I would like a nap
05:56:55 <Camail> i challenge you to a sleep off
05:56:58 <Camail> zzzzzzz
05:56:59 <skram> then go buy some booze and make weeb liquor
05:57:05 <skram> .tell camail u fiend
05:58:14 <DoT|Phone> was there any good bangers in that music list Skram
05:58:34 <skram> ooh i almost forgot
05:59:38 -!- DoT|Phone1 [~Dot@185.69.144.65] has joined #tlponies
05:59:44 <skram> this is the good stuff dot
05:59:52 <skram> proper slapper
06:04:08 -!- Rawr|Fone [~AndChat52@c-4eb4e655.020-164-6d6c6d4.bbcust.telenor.se] has joined #tlponies
06:06:26 <DoT|Phone1> I may check them out tonight
06:36:16 -!- Rawr|Fone [~AndChat52@c-4eb4e655.020-164-6d6c6d4.bbcust.telenor.se] has joined #tlponies
06:36:29 <DoT|Phone1> Rawr Rawr Rawr
06:36:46 <Rawr|Fone> DoT DoT DoT
06:36:49 <Rawr|Fone> 💖💖💖
06:36:53 <DoT|Phone1> 💖💖💖
06:54:30 -!- Runbunny [~Runbunny@91.100.28.10.generic-hostname.arrownet.dk] has joined #tlponies
06:56:28 <Runbunny> Yo.
06:56:52 <Runbunny> .tell Camail SRS is looking pretty tasty right now.
06:58:34 <DoT|Phone1> hey Runbun
07:10:57 <Runbunny> Dot Dot.
07:12:18 <Rawr|Fone> Anders.
07:17:53 <Runbunny> Henrik my friend.
07:32:02 -!- Rawr|Fone [~AndChat52@c-4eb4e655.020-164-6d6c6d4.bbcust.telenor.se] has joined #tlponies
07:53:14 <Runbunny> .tell reification https://danbooru.donmai.us/posts/3617961
08:18:21 -!- Rawr|Fone [~AndChat52@c-4eb4e655.020-164-6d6c6d4.bbcust.telenor.se] has joined #tlponies
09:14:07 -!- reification [~thomas@cpc76294-cosh16-2-0-cust297.6-1.cable.virginm.net] has joined #tlponies
09:14:07 -!- mode/#tlponies [+v reification] by Q
09:16:57 <reification> .tell zounds https://www.youtube.com/watch?v=qP2YaW8O0Jo
09:20:18 <Runbunny> Hey reif.
09:33:36 <DoT|Phone1> hey Reif
09:40:48 <reification> hi bun, dotties
09:42:40 -!- Rawr|Fone [~AndChat52@c-4eb4e655.020-164-6d6c6d4.bbcust.telenor.se] has joined #tlponies
09:48:34 <reification> roar roar
09:55:56 <Rawr|Fone> Reef reef
11:01:08 <DoT|Phone1> how's all doing?
11:08:56 <Runbunny> It's alright
11:09:10 <Runbunny> I should probably eat some food soonish though.
11:13:49 <Runbunny> What about you Dot?
11:34:34 -!- Rawr|Phone [~AndChat52@m83-185-88-176.cust.tele2.se] has joined #tlponies
11:38:24 -!- Golly [Golly@cm-84.213.21.103.getinternet.no] has joined #tlponies
11:54:04 <DoT|Phone1> doing ok Runbun, a bit tired
11:54:47 -!- BioPone [~androirc@mobile-107-92-122-97.mycingular.net] has joined #tlponies
12:10:39 <Runbunny> Yes.
12:33:40 -!- carcinisation [~thomas@cpc76294-cosh16-2-0-cust297.6-1.cable.virginm.net] has joined #tlponies
12:33:40 -!- mode/#tlponies [+v carcinisation] by Q
12:39:56 -!- BioPhone [~androirc@12.33.239.117] has joined #tlponies
12:51:18 -!- BioPhone [~androirc@12.33.239.117] has joined #tlponies
12:55:38 <BioPhone> Neigh
12:56:58 <DoT|Phone1> bio
12:57:31 <BioPhone> Dottls
13:04:55 <Runbunny> Bio.
13:15:46 -!- skram [~skram@82.147.53.135] has joined #tlponies
13:18:17 <DoT|Phone1> Jonas
13:18:28 <skram> Bjørn
13:20:39 <Rawr|Phone> Jonas
13:21:04 <skram> Henrik
13:21:57 -!- Rawr|Fone [~AndChat52@c-4eb4e655.020-164-6d6c6d4.bbcust.telenor.se] has joined #tlponies
13:21:57 <DoT|Phone1> how was your nap
13:23:14 <skram> too short
13:23:35 <DoT|Phone1> always the case
13:24:40 -!- reimeuk [~thomas@cpc76294-cosh16-2-0-cust297.6-1.cable.virginm.net] has joined #tlponies
13:24:40 -!- mode/#tlponies [+v reimeuk] by Q
13:25:54 <reimeuk> https://twitter.com/slatestarcodex/status/916729753809199104
13:27:56 <skram> this is a vintage tweet, reif
13:29:10 <reimeuk> yes skram
13:29:17 <reimeuk> more names are available at https://twitter.com/cultureshipname
13:31:03 <reimeuk> also https://aiweirdness.com/post/185883998702/ais-named-by-ais
13:52:25 -!- reification [~thomas@cpc76294-cosh16-2-0-cust297.6-1.cable.virginm.net] has joined #tlponies
13:52:25 -!- mode/#tlponies [+v reification] by Q
14:34:04 -!- Zounds [webchat@cloak-07ouvien.14-2.cable.virginm.net] has joined #tlponies
14:37:05 -!- Camail [~Camail@45.40.84.145] has joined #tlponies
14:37:05 -!- mode/#tlponies [+v Camail] by Q
14:49:14 <Camail> no
14:52:21 <DoT|Phone1> please
14:58:59 <BioPhone> Maybe
15:01:09 -!- Golly [Golly@cm-84.213.21.103.getinternet.no] has joined #tlponies
15:12:28 -!- BioPhone [~androirc@12.33.239.117] has joined #tlponies
15:13:31 <DoT|Phone1> home time
15:32:17 -!- DoT|Phone [~Dot@185.69.144.65] has joined #tlponies
15:58:03 -!- skram [~skram@37.120.141.28] has joined #tlponies
16:01:10 <DoT|Phone> so tired
16:04:45 -!- tredc [~tredc@c83-254-129-166.bredband.comhem.se] has joined #tlponies
16:21:58 -!- DoT|Phone1 [~Dot@228.89.99.195.dyn.plus.net] has joined #tlponies
16:30:47 <reification> runbun https://danbooru.donmai.us/posts/3618353
16:34:26 -!- Rawr|Phone [~AndChat52@m83-185-83-88.cust.tele2.se] has joined #tlponies
16:36:01 -!- DoT` [~Dot@228.89.99.195.dyn.plus.net] has joined #tlponies
16:37:59 <skram> go to bed, dot
16:38:22 <DoT`> soooon
16:39:20 <DoT`> i had some ricecakes with cottage cheese on, but should probably have supper before i go sleep
16:39:56 <skram> ricecakes
16:40:01 <skram> very nutricious
16:40:17 <skram> nutritious?
16:41:03 <reification> yes but no
16:41:56 <skram> well its got carbs
16:42:02 <skram> thats all you need, right?
16:42:47 <reification> the one out of the three macronutrients you don't actually need skram
16:44:57 <skram> brain needs glucose though?
16:46:02 <reification> you can make that skram
16:46:45 <skram> how does that happen reif
16:47:02 <reification> *actually my best friend from school had a kid who can't but that's a v. rare condition
16:48:19 <reification> .wiki gluconeogenesis
16:51:58 -!- BioPhone [~androirc@12.33.239.117] has joined #tlponies
16:52:09 <reification> actually if you eat all the time and never do marathons you may have gotten pretty bad at using fat for energy
16:52:43 <skram> are you saying that the only way to be fit is to run marathons?
16:53:05 <reification> nope
16:54:41 <reification> marathons are a type of exercise that will deplete your glycogen stores (storage form of glucose) thus forcing you to use fat reserves
16:56:30 <skram> that would be true for any sort of extended aerboic exercise then, no?
16:56:46 <reification> but i wouldn't recommend them for injury reasons
16:56:55 <reification> yes skram
16:57:33 <skram> hmm
16:58:01 <skram> how do you know where that threshold is
16:58:53 <reification> just not eating for 14 hours overnight should also get you there iirc
16:59:40 <skram> wait isnt that just ketosis
17:01:14 <reification> ok here is a chart for you skram https://idmprogram.com/wp-content/uploads/Starvation-1.jpg
18:35:07 -!- carcinisation [~thomas@cpc76294-cosh16-2-0-cust297.6-1.cable.virginm.net] has joined #tlponies
18:35:07 -!- mode/#tlponies [+v carcinisation] by Q
18:43:23 -!- Methos [~methos@li1016-58.members.linode.com] has joined #tlponies
18:43:43 -!- Cane [~Cane@CaneCraft.users.quakenet.org] has joined #tlponies
18:43:43 -!- mode/#tlponies [+o Cane] by Q
18:43:51 -!- mode/#tlponies [+vvvvvv Bio BioPhone DoT` DoT|Phone1 Golly Methos] by Cane
18:43:52 -!- mode/#tlponies [+vvvv Rawr|Phone Runbunny skram tredc] by Cane
18:57:51 <Cane> https://www.twitch.tv/CaneCraft More DOS randomizer "fun".
20:13:03 <DoT`> hows all doing
20:25:53 <Rawr|Phone> DoT DoT
20:37:24 <Rawr|Phone> Quietpons today
20:43:27 <DoT`> indeed rawr
20:46:26 <Rawr|Phone> How was your day today dot my dear
20:47:33 <DoT`> tiring rawr
20:47:40 <Rawr|Phone> D:
20:48:15 <DoT`> how are you horse?
20:53:59 <Rawr|Phone> Pretty goooood dot
20:54:20 <Rawr|Phone> Currently on a train headed home from table tennis practice
20:54:30 <DoT`> but its so late rawr
20:54:40 <Rawr|Phone> Yes
20:54:49 <Rawr|Phone> And spike is all alone D:
20:55:04 <Rawr|Phone> Train was delayed
20:55:18 <DoT`> D:
20:55:24 <DoT`> you should have left him with me
20:55:40 <Rawr|Phone> Next time
20:55:47 <DoT`> ty
20:58:57 -!- BioPhone [~androirc@mobile-107-92-120-206.mycingular.net] has joined #tlponies
21:13:26 -!- Crisium [~Crisium@c-24-3-150-105.hsd1.pa.comcast.net] has joined #tlponies
21:14:02 <DoT`> Crisium!
21:14:13 <Crisium> howdy
21:18:09 <Crisium> https://cdn.discordapp.com/attachments/77823400734633984/618893904384884765/DMJqWe1VQAA6sCs.jpg
21:18:40 <Bio> Hej
21:19:38 <Crisium> hedge
21:20:04 <Bio> scrolling up - I do the 8h eating 16h fasting most days
21:20:22 <Bio> skipping brekky and not eating anything past 8pm
21:20:32 <Bio> tho lots of days i dont past like 630
21:21:27 -!- BioPhone [~androirc@97.70.165.146] has joined #tlponies
21:24:13 <Camail> Runbunny pob updated
21:24:17 <Camail> no new gems, as usual
21:24:20 <Camail> but the tree is there
21:31:19 -!- Rawr|Fone [~AndChat52@c-4eb4e655.020-164-6d6c6d4.bbcust.telenor.se] has joined #tlponies
21:43:52 -!- BioPhone [~androirc@97.70.165.146] has joined #tlponies
22:01:00 -!- skram [~skram@37.120.141.28] has joined #tlponies
22:01:46 -!- BioPhone [~androirc@97.70.165.146] has joined #tlponies
22:05:58 -!- BioPhone [~androirc@97.70.165.146] has joined #tlponies
22:08:46 -!- BioPhone [~androirc@97.70.165.146] has joined #tlponies
22:16:43 <Crisium> they announced OW for switch with gyro aiming
22:16:44 <Crisium> hmm
22:22:10 -!- Rawr|Fone [~AndChat52@c-4eb4e655.020-164-6d6c6d4.bbcust.telenor.se] has joined #tlponies
22:22:38 <Bio> far more important tho
22:22:42 <Bio> BANJO IN SMESH
22:22:43 <Bio> TODAY
22:23:50 <Bio> oh baby, SNES games on switch
22:25:31 <Runbunny> O:
22:26:03 <Runbunny> Are they sharing rumors on when pc ports will happen?
22:27:24 <Bio> not yet
22:39:15 <Bio> PAPA SAKURAI TELL ME HOW TO BANJO
22:51:19 -!- Rawr|Fone [~AndChat52@c-4eb4e655.020-164-6d6c6d4.bbcust.telenor.se] has joined #tlponies
22:59:55 <Bio> NO FUCKIN WAY
23:00:01 <Bio> THEY ADDED SANS'
23:00:05 <Bio> TO SMESH
23:00:10 <Bio> AS A MII FIGHTER
23:28:26 -!- BioPhone [~androirc@97.70.165.146] has joined #tlponies
23:32:16 <Crisium> Mii fighter kekeke
