00:15:50 <Dot`> maybe sleep
00:59:09 -!- skram [~skram@5.79.79.44] has joined #tlponies
01:13:17 -!- Rawr|Fone [~AndChat52@c-4eb4e655.020-164-6d6c6d4.bbcust.telenor.se] has joined #tlponies
01:21:20 <Runbunny> Maybe sleep sounds pretty good.
01:21:57 <Bio> yeah
01:21:58 <Bio> but
01:22:00 <Bio> counterpoint
01:22:02 <Bio> don't
01:23:30 <Runbunny> Hmmm.
01:23:43 <skram> hmm?
01:24:12 <Runbunny> You talk a good case. I'll have to sleep on it, while I consider.
01:24:28 <skram> let me know what you find out
01:25:53 <Runbunny> Yes.
01:31:05 <Bio> skrm certainly you wouldn't abandon me
01:31:59 <skram> one day, i too will die, bio
01:33:11 <Bio> i don't believe that for a F U G G I N Second
01:35:03 <skram> im afraid so
01:37:18 <Bio> also imma strim some blitzball in a sec
01:40:39 <Bio> ?biostream
01:40:45 <Bio> blitz
01:43:41 <Crisium> blitz
01:58:22 -!- Camail [~Camail@45.40.84.145] has joined #tlponies
01:58:23 -!- mode/#tlponies [+v Camail] by Q
03:31:37 -!- Rawr|Fone [~AndChat52@c-4eb4e655.020-164-6d6c6d4.bbcust.telenor.se] has joined #tlponies
05:27:35 -!- Rawr|Fone [~AndChat52@c-4eb4e655.020-164-6d6c6d4.bbcust.telenor.se] has joined #tlponies
05:56:10 -!- Cane [~Cane@CaneCraft.users.quakenet.org] has joined #tlponies
05:56:10 -!- mode/#tlponies [+o Cane] by Q
06:43:11 -!- Rawr|Fone [~AndChat52@c-4eb4e655.020-164-6d6c6d4.bbcust.telenor.se] has joined #tlponies
07:27:47 -!- Rawr|Fone [~AndChat52@c-4eb4e655.020-164-6d6c6d4.bbcust.telenor.se] has joined #tlponies
07:44:35 -!- Rawr|Fone [~AndChat52@c-4eb4e655.020-164-6d6c6d4.bbcust.telenor.se] has joined #tlponies
08:14:19 -!- Golly [Golly@cm-84.213.21.103.getinternet.no] has joined #tlponies
08:38:19 -!- tredc [~tredc@c83-254-129-166.bredband.comhem.se] has joined #tlponies
08:57:40 -!- Rawr|Fone [~AndChat52@c-4eb4e655.020-164-6d6c6d4.bbcust.telenor.se] has joined #tlponies
09:10:43 -!- Runbunny [~Runbunny@91.100.28.10.generic-hostname.arrownet.dk] has joined #tlponies
09:11:03 <Runbunny> Hai.
09:19:22 -!- Dot|Phone [uid393803@id-393803.stonehaven.irccloud.com] has joined #tlponies
09:19:30 <Dot|Phone> Morning pons 
09:28:05 -!- Dot` [webchat@uqju.8vv9.519n.ip] has joined #tlponies
09:49:29 <Rawr|Fone> DoT DoT DoT
09:49:33 <Rawr|Fone> Anders
09:51:03 <Dot`> Rawr Rawr Rawr
09:51:07 <Dot`> <3 <3 <3
09:51:35 <Rawr|Fone> ❤❤❤
10:19:54 <Rawr|Fone> How are you doing dot
10:29:18 <Dot`> im doing ok rawr, how about you?
10:29:53 <Rawr|Fone> Pretty gooood
10:30:22 <Dot`> great
10:32:24 <Rawr|Fone> No you are great
10:37:08 <CockRoach|42> https://www.ign.com/articles/2019/10/03/magic-the-gathering-reveals-my-little-pony-crossover-set-for-charity
10:46:45 <Dot`> ponies!
10:56:13 -!- Rawr|Fone [~AndChat52@m83-185-85-155.cust.tele2.se] has joined #tlponies
11:01:04 <Rawr|Fone> 🐴🐴🐴
11:25:05 -!- skram [~skram@5.79.79.44] has joined #tlponies
11:41:02 <Dot|Phone> Jonas friend! 
12:14:09 <Rawr|Fone> No jonas dot
12:14:14 <Rawr|Fone> Very rude
12:36:33 <Dot|Phone> :(
12:39:10 -!- Dot` [webchat@uqju.8vv9.519n.ip] has joined #tlponies
12:48:50 <Runbunny> Dot dot.
12:49:25 <Dot`> Runbun!
12:49:26 <Dot`> <3
12:49:33 <Runbunny> What are you doing?
12:52:58 <Dot`> i went into town and talked to a few ppl i know
12:53:15 <Dot`> got some cheese form the cheese store, and sweets from the sweet store
12:53:19 <Dot`> now im back
12:53:29 <Dot`> how about you angel?
12:55:33 <Runbunny> I am just playing video games.
12:58:54 -!- Rawr|Phone [~AndChat52@c-4eb4e655.020-164-6d6c6d4.bbcust.telenor.se] has joined #tlponies
13:07:11 -!- skram [~skram@5.79.79.44] has joined #tlponies
13:08:28 <Dot`> mayeb now rawr?
13:08:40 <skram> i believe in you rawr
13:09:01 <Rawr|Phone> There he is dot
13:09:29 <Dot`> but he left last time rawr and ignored me
13:09:31 <Dot`> it hurt
13:09:46 <skram> D:
13:09:48 <skram> i had to go
13:09:56 <Rawr|Phone> You need to learn to love again dot
13:10:31 <skram> Dot`: https://www.youtube.com/watch?v=ri9IefTuNzc
13:11:43 <Dot`> more 80's music skram?
13:11:58 <skram> fake 80's music is my jam, dot
13:26:00 -!- Bio [~BioPon@97.70.165.146] has joined #tlponies
13:27:00 <Bio> hey
13:27:02 <Bio> morn
13:27:06 <Dot`> morn
13:27:11 <Runbunny> Hai Bio.
13:28:59 <Bio> https://www.nhl.com/blues/news/blues-hang-banner-nobody-notices/c-309739580
13:42:13 <Dot`> skram https://imgur.com/gallery/Bt8sxc0
13:42:38 <Dot`> runbun https://imgur.com/gallery/IPAenIx
13:43:02 <skram> he chomnk
14:01:02 <Bio> chomk
14:01:59 <Bio> too many loops
14:03:00 <Dot`> never enough
14:03:13 <Dot`> one must do loops to eat loops though
14:04:44 <Bio> asdf
14:05:07 <Bio> I want some covfefe
14:07:05 -!- Rawr|Fone [~AndChat52@c-4eb4e655.020-164-6d6c6d4.bbcust.telenor.se] has joined #tlponies
14:20:57 <Dot`> skram, why am i sleepy
14:24:48 -!- Camail [~Camail@45.40.84.145] has joined #tlponies
14:24:48 -!- mode/#tlponies [+v Camail] by Q
14:24:57 <Dot`> butt
14:28:57 <Camail> yup
14:29:45 <Bio> not enuff coffee dot
14:30:46 -!- Crisium [~Crisium@c-24-3-150-105.hsd1.pa.comcast.net] has joined #tlponies
14:33:20 <Dot`> Crisium!
14:33:45 <Crisium> ahoy hoy
14:48:22 -!- Rawr|Fone [~AndChat52@c-4eb4e655.020-164-6d6c6d4.bbcust.telenor.se] has joined #tlponies
15:08:18 -!- reification [~thomas@cpc76294-cosh16-2-0-cust297.6-1.cable.virginm.net] has joined #tlponies
15:08:18 -!- mode/#tlponies [+v reification] by Q
15:08:27 <Dot`> hey reif
15:09:02 <reification> hi dotties
15:09:16 <reification> i have return from up north
15:09:40 <Dot`> you where north and didnt deliver baked goods?
15:10:01 <reification> not that far north
15:10:19 <reification> but i had to survive barn dancing
15:10:38 <Dot`> oh dear
15:12:20 -!- DuB` [DuB@cpe-68-174-122-249.nyc.res.rr.com] has joined #tlponies
15:12:28 <Dot`> Dub Dub
15:12:30 <Dot`> <3
15:12:32 <reification> hej dubbles
15:12:34 <DuB`> <3
15:14:42 <Runbunny> reification!
15:18:15 <reification> runbunny!
15:21:20 <reification> https://www.bbc.co.uk/sport/snooker/49944958
15:23:28 <reification> in related news some ppl failed to realise there are two St Joseph's in Wolverhampton and thus missed the wedding :/
15:24:14 <Dot`> isnt this why england uses post codes?
15:24:42 <reification> yes dot
15:25:06 <reification> however the post code got missed off the early invites
15:25:37 -!- Rawr|Fone [~AndChat52@c-4eb4e655.020-164-6d6c6d4.bbcust.telenor.se] has joined #tlponies
15:30:19 <Dot`> that sucks reif
15:31:54 -!- Rawr|Fone [~AndChat52@m83-185-93-63.cust.tele2.se] has joined #tlponies
15:56:17 <skram> was it you who got married reif
16:08:02 -!- Rawr|Phone [~AndChat52@84-217-62-32.customers.ownit.se] has joined #tlponies
16:14:42 <reification> no skram, i wouldn't go to wolverhampton for that
16:15:49 -!- carcinisation [~thomas@cpc76294-cosh16-2-0-cust297.6-1.cable.virginm.net] has joined #tlponies
16:15:49 -!- mode/#tlponies [+v carcinisation] by Q
16:24:12 <skram> camail how do i find fractured walls
16:24:32 <Camail> ummm, well they're on the minimap
16:24:45 <Camail> and generally, any path your cart doesnt take is an area that can potentially have a wall
16:24:56 <Camail> so you have to travel through the darkness
16:25:04 <Camail> walls are typically fairly close to the path
16:25:15 <Camail> the exception is walls that hide pathways to nodes
16:25:23 <Camail> they can be pretty deep
16:37:34 <Dot`> skram https://imgur.com/gallery/j7XTJzx
16:39:26 <Runbunny> skram, https://www.youtube.com/watch?v=rm7bTvTtXJg
16:39:59 <skram> feckin goose boi
16:42:31 <Bio> honk
16:44:45 -!- Rawr|Fone [~AndChat52@84-217-62-32.customers.ownit.se] has joined #tlponies
16:47:41 <skram> well camail im tryna find a road to this hidden node but i cant find it and im scared of the dark
16:47:59 -!- Zounds [webchat@cloak-07ouvien.14-2.cable.virginm.net] has joined #tlponies
16:48:11 <Camail> pretty much gotta check every path around the node
16:48:36 <Zounds> hey
16:48:46 <carcinisation> hi zounds
16:50:45 <skram> found it
16:50:46 <skram> neat
16:50:54 <skram> found an exalted orb earlier too
16:51:03 <Camail> monies
16:51:41 <Dot`> Hey zounds
16:53:52 <Zounds> https://1.bp.blogspot.com/-L1_kPKj5gI8/XZXMvPJZLxI/AAAAAAADQO0/YDNuipSg1IsL60mmQIBpvCWDfZ4B3331ACLcBGAsYHQ/s1600/1.jpg
16:53:56 <Zounds> neat
17:10:40 -!- skrma [~skram@82.147.53.184] has joined #tlponies
17:16:43 -!- BioPone [~androirc@mobile-166-177-58-107.mycingular.net] has joined #tlponies
17:17:26 <skrma> https://i.imgur.com/w2G8SNn.jpg
17:17:44 <Dot`> haha
17:31:34 <Golly> https://twitter.com/TheGlenlivet/status/1179447297807147009 wut
17:32:56 -!- BioPone [~androirc@97.70.165.146] has joined #tlponies
17:33:50 <Crisium> lol jello shots as the top comment says
17:36:23 -!- Camail_ [~Camail@45.40.84.145] has joined #tlponies
17:36:23 -!- mode/#tlponies [+v Camail_] by Q
17:49:02 -!- BioPone [~androirc@97.70.165.146] has joined #tlponies
18:01:48 -!- Dot|Phone [uid393803@id-393803.stonehaven.irccloud.com] has joined #tlponies
18:07:44 -!- BioPone [~androirc@97.70.165.146] has joined #tlponies
18:07:45 <Dot`> hows all
18:07:47 -!- skram [~skram@185.217.171.22] has joined #tlponies
18:08:03 <Dot`> skram
18:08:09 <Dot`> its nap time
18:14:57 -!- reification [~thomas@cpc76294-cosh16-2-0-cust297.6-1.cable.virginm.net] has joined #tlponies
18:14:57 -!- mode/#tlponies [+v reification] by Q
18:19:22 <Bio> asdfjkl;
18:21:31 -!- Rawr|Fone [~AndChat52@84-217-62-32.customers.ownit.se] has joined #tlponies
18:50:42 <Camail_> did dnd happen
18:50:53 <DuB`> Is in 10 min
18:51:35 <skram> oh shit
18:51:36 <skram> brb nap
18:53:24 <Bio> sir pls
18:59:19 -!- Rawr|Phone [~AndChat52@m83-185-87-11.cust.tele2.se] has joined #tlponies
19:01:57 -!- Phearlock [webchat@cloak-mmem9569.215.120.245.getinternet.no] has joined #tlponies
19:02:04 <Phearlock> Evening ponypons
19:03:28 <Bio> sir horselord
19:03:44 <Dot`> why are you so rude skram
19:06:44 <Rawr|Phone> Beep beep
19:06:44 <Phearlock> Did you guys see it?
19:07:05 <Phearlock> They finally did it. They confirmed the lyrabon
19:07:21 <Bio> ?
19:08:04 <Phearlock> https://derpicdn.net/img/view/2019/10/2/2158574.gif from today
19:08:20 <skram> is that legal now
19:08:22 <skram> can horses marry
19:08:36 <Phearlock> Skram they married horses in season 2
19:08:38 <Phearlock> you where there
19:08:56 <Bio> i mean, the royalty are different
19:08:56 <skram> lol you're right
19:09:44 <Bio> legally bound best friends
19:10:32 <Phearlock> <3
19:11:04 <Dot`> Hey phear <3
19:14:45 <Crisium> https://twitter.com/Mr_Meowwwgi/status/1180438803036692480
19:16:07 <Bio> mrow
19:16:16 <Phearlock> oh cats
19:30:05 -!- Crisium|2 [~Crisium@104.238.32.60] has joined #tlponies
19:30:33 <Camail> i have a super squishy character that will need to do uber lab, i'll wait to do it with the group
19:30:52 <skram> oh boi is it my turn to be the big spoon
19:34:25 -!- Rawr|Fone [~AndChat52@c-4eb4e655.020-164-6d6c6d4.bbcust.telenor.se] has joined #tlponies
19:39:18 <Camail> and dots
19:39:22 <Camail> and i still might die
19:39:35 <Camail> because i have 1k life
19:44:01 <reification> zounds runbunny https://pbs.twimg.com/media/EF_1JC1XoAIhlnK.jpg
19:45:44 -!- Crisium [~Crisium@c-24-3-150-105.hsd1.pa.comcast.net] has joined #tlponies
19:55:27 <Zounds> <3
20:02:17 -!- carcinisation [~thomas@cpc76294-cosh16-2-0-cust297.6-1.cable.virginm.net] has joined #tlponies
20:02:17 -!- mode/#tlponies [+v carcinisation] by Q
20:23:29 -!- Rawr|Fone [~AndChat52@c-4eb4e655.020-164-6d6c6d4.bbcust.telenor.se] has joined #tlponies
21:01:11 <Camail> dub have you hunned all the mons since we last played
21:01:36 <Runbunny> No mons left :/
21:06:06 <Camail> RIP mons
21:08:11 -!- reification [~thomas@cpc76294-cosh16-2-0-cust297.6-1.cable.virginm.net] has joined #tlponies
21:08:11 -!- mode/#tlponies [+v reification] by Q
21:10:39 -!- Rawr|Fone [~AndChat52@c-4eb4e655.020-164-6d6c6d4.bbcust.telenor.se] has joined #tlponies
21:41:05 -!- Rawr|Fone [~AndChat52@c-4eb4e655.020-164-6d6c6d4.bbcust.telenor.se] has joined #tlponies
22:25:37 -!- Rawr|Fone [~AndChat52@c-4eb4e655.020-164-6d6c6d4.bbcust.telenor.se] has joined #tlponies
22:36:24 <Camail> ok so
22:36:40 <Camail> my delver is very squishy and i dont know how to play it yet
22:36:44 <Camail> i have died so many times
22:37:28 -!- Rawr|Fone [~AndChat52@c-4eb4e655.020-164-6d6c6d4.bbcust.telenor.se] has joined #tlponies
22:49:14 <skram> did you make another character camail
22:49:15 <skram> again
22:49:34 <Camail> yes, it's the one i need to do uber lab on
22:49:48 <Camail> but like...i don't know where i am gonna get my damage
22:49:55 <Camail> i need so much more crit chance
22:52:18 <skram> what you got going this time
22:53:49 <Camail> its a dex stacking void fletcher scourge arrow raider
22:54:24 <skram> thats a lot of things
22:54:36 <Camail> i get most of my flat damage from the shaper mod on my bow that says "add cold damage per 10 dexterity"
22:54:48 <Camail> so you stack an ass ton of dex
22:58:47 <Camail> i still need to get 2 build enabling uniques, but i'm up to 1mil dps
22:58:57 <Camail> it needs to be waaay higher to be relevant
22:59:11 <Camail> the only reason this character survives is because it instantly kills anything
23:32:43 <DuB`> skram https://www.youtube.com/watch?v=zCD2ASlV_S0
23:37:48 <Dot`> micen dub, clicked wrong thing and it closed discord
23:37:54 <Dot`> thansk for playing game
23:37:56 <DuB`> lol
23:38:02 <DuB`> ggs, thanks <3
23:38:12 <Dot`> <3
23:42:50 <Dot`> also that was far more than a deadly encounter according to KFC
23:52:49 <skram> KFC?
23:53:01 <skram> whats colonel sanders got to do with it
23:53:12 <skram> also DuB` this song slaps
23:53:31 <Dot`> skram made NOTES
23:53:35 <Dot`> what is this???
23:53:39 <Dot`> are you skram?
23:54:11 <skram> ive made notes previously
23:54:17 <skram> in notepad docs i forget to save
23:54:32 <Dot`> lol
23:56:39 <Dot`> i feel like this campghn has been far longer than 11 sessions
23:56:57 <skram> has it really only been 11 sessions?
23:57:36 <skram> though to be fair we've been having regular dnd sessions for over 1 year now
23:58:50 <Dot`> thats impressive
