00:00:16 <Dot`> R is rawr
00:00:19 <Dot`> rare
00:00:34 <Dot`> it seems i just type rawr is a word starts with r
00:00:37 <Dot`> if
00:01:07 <DuB`> I would like a Shield of Rawr|Fone
00:03:59 <Dot`> i google flametounge skram and opened the top result
00:04:00 <Dot`> You can use a bonus action to speak this magic sword's command word, causing flames to erupt from the blade. These flames shed bright light in a 40-foot radius and dim light for an additional 40 feet. While the sword is ablaze, it deals an extra 2d6 fire damage to any target it hits. The flames last until you use a bonus action to speak the command word again or until you drop or sheathe the sword.
00:04:16 <DuB`> well then
00:04:22 <Dot`> and then i copy pasted it and was sassy
00:04:39 <skram> i also know how to use google, dot
00:04:48 <skram> i just didnt know what r meant
00:05:16 <Dot`> i had to make sure i didnt add too many rare items to the list
00:07:18 <DuB`> Protection, Aura of Protection, and Warding
00:07:22 <DuB`> I will be your shield!
00:07:28 <DuB`> Aura of Warding*
00:07:40 <skram> whats your character dub
00:08:07 <Dot`> dub i can give you a +1 shield that give adv on perception
00:08:15 <DuB`> Half-Orc paladin 
00:08:20 <skram> oh yeah
00:08:23 <skram> neat
00:08:30 <skram> wait you were supposed to be a DWARF
00:08:33 <Dot`> adv on init is just too strong for your "weak magic item" that im giving each person 1 of
00:08:35 <skram> greatest anime betrayal
00:08:44 <DuB`> Ya oke
00:09:48 <Dot`> i think every person so far has asked for a AC item
00:11:12 <DuB`> I set out to make a tank from the start! :P
00:11:36 <Dot`> so have most ppl in some fashion, haha
00:11:44 <DuB`> We gon be tough
00:11:46 <Dot`> i tihnk i broke the team
00:11:50 <DuB`> rofl
00:12:32 <DuB`> Next plan for Waterdeep is to just run the inn until we can all afford plate and shields
00:12:42 <DuB`> The outside is scary
00:12:58 <Dot`> skram, you still havnt requested a common/uncomman magic item
00:13:26 <Dot`> but dub, of you get 500000 dragons you can get all the plates you want
00:13:36 <DuB`> Hmm
00:13:54 <DuB`> skram wants a philter of love
00:14:01 <Dot`> done
00:14:24 <DuB`> Also holy moly animated shield sounds fun
00:14:32 <DuB`> Free to use big 2h weapon
00:14:52 <Dot`> so many cool magic items
00:15:55 <DuB`> Think I'm done, dot
00:16:21 <DuB`> Well, unless I should write stuff
00:16:30 <DuB`> Dunno how much backstory etc we want for 1shot
00:16:42 <Dot`> its up to you
00:16:53 <Dot`> im not going to require it
00:18:55 <Dot`> did you take any feats?
00:19:03 <DuB`> Heavy armor master
00:19:11 <Dot`> ah, there it is
00:19:44 <DuB`> Wait I'm confused about the list in discord now. Is that the total magic items list for the party?
00:20:09 <Dot`> thats the groups magic items to split
00:20:28 <Dot`> and then you each get a request for 1 uncommon for yourself
00:20:32 <DuB`> O, goodness
00:20:34 <DuB`> Haha
00:20:58 <Dot`> oh... your lvl 8
00:21:16 <Dot`> i for some reason took lvl 10 as your magic item level
00:21:19 <Dot`> well, there you go
00:21:40 <Dot`> i compared what you kind of are expected to have at lvl 10
00:24:09 <DuB`> What does "in the meantime, the Javelin can still be used as a Magic Weapon" mean? 
00:24:25 <DuB`> Just normal stats but magical weapon status/property?
00:25:20 <Dot`> for ignoring resistances and such
00:25:25 <DuB`> ya ok
00:27:32 <DuB`> Tentacle rod is wild >_>
00:27:46 <DuB`> 3d8 per turn and the debuff chance
00:30:14 <Dot`> d6 a tentacle isnt it?
00:30:25 <Dot`> and each has to hit
00:30:35 <DuB`> Ye
00:30:44 <DuB`> O d6 yeah
00:31:01 <Dot`> its nice, but seems silly and not op
00:31:18 <Dot`> i just saw it and thought "skram will lovve the hentai stick"
00:31:24 <DuB`> lolol
00:40:11 <skram> fuckin' pervert
00:42:36 <skram> is there a table of uncommon items we can do
00:46:11 <Dot`> https://donjon.bin.sh/5e/magic_items/
00:46:22 <Dot`> have a look there and request
00:46:51 <DuB`> I wrote a lil thing
00:46:58 <DuB`> Mostly for my own satisfaction :P
00:47:19 <skram> adamantine armor makes me immune to crits
00:47:26 <skram> sounds like the sort of thing i'd want against dotrolls
00:48:05 <Dot`> make another request
00:48:16 <Dot`> crits is the only joy i have
00:49:41 <Dot`> though if there is something you want that doesnt exist we can discuss too
00:50:24 <DuB`> Can I wield... TWO +1 shields?
00:50:48 <DuB`> And just punch people with them
00:53:09 <skram> could do mithral half plate
00:53:18 <skram> 17 AC and no disadvantage on stealth checks
00:55:22 <DuB`> Winged boots!
00:55:39 <DuB`> Flying is pretty great
00:56:12 <skram> meh flying is overrated
00:56:59 <Dot`> sure skram, mithril half plate
00:57:15 <Dot`> and that 4/5 ppl takem AC items
00:57:23 <Dot`> taken
00:57:48 <DuB`> So... incoming traps and spells for dc save extravaganza!
00:58:13 <Dot`> your going into a mages tower
00:58:48 <skram> mages have swords, right?
00:58:59 <skram> warlocks dual wield daggers, im told
01:03:39 <Runbunny> Skram...
01:03:47 <Runbunny> Dual wield large worcks.
01:03:50 <Runbunny> rocks*
01:04:36 <Dot`> why not dual weild hentai sticks skram
01:04:41 <Dot`> thats like 6 tentacles
01:04:42 <DuB`> :D
01:07:25 <skram> dont project your weird fetishes on me mr dot
01:21:58 <DuB`> So sleepy T_T
01:22:01 <DuB`> 9pm bedtime?
01:23:35 <Runbunny> Too early.
01:25:05 <reification> some here are too late >.>
01:25:12 <reification> g'night all
01:25:19 <DuB`> Seeya reif
01:41:08 <Runbunny> Sleep.
01:49:21 -!- Rawr|Fone [~AndChat52@c-4eb4e655.020-164-6d6c6d4.bbcust.telenor.se] has joined #tlponies
03:23:54 <Bio> i'm so effin tired, imma slep
03:24:06 <Bio> i'll try to get up erly and char up
03:24:10 <Bio> n
03:53:40 -!- Rawr|Fone [~AndChat52@c-4eb4e655.020-164-6d6c6d4.bbcust.telenor.se] has joined #tlponies
05:56:25 -!- Rawr|Fone [~AndChat52@85.230.180.78] has joined #tlponies
07:14:45 -!- Rawr|Fone [~AndChat52@c-4eb4e655.020-164-6d6c6d4.bbcust.telenor.se] has joined #tlponies
07:16:11 <Rawr|Fone> 🐴🐴🐴
08:31:46 -!- Rawr|Fone [~AndChat52@c-4eb4e655.020-164-6d6c6d4.bbcust.telenor.se] has joined #tlponies
08:38:58 -!- Dot|Phone [uid393803@2001:67c:2f08:8::6:24b] has joined #tlponies
08:39:07 <Dot|Phone> Morning
08:47:39 <CockRoach|42> hors hors
08:52:19 <Dot|Phone> Cr hest
09:01:16 -!- Rawr|Fone [~AndChat52@c-4eb4e655.020-164-6d6c6d4.bbcust.telenor.se] has joined #tlponies
09:09:14 -!- Rawr|Fone [~AndChat52@c-4eb4e655.020-164-6d6c6d4.bbcust.telenor.se] has joined #tlponies
09:13:59 -!- skram [~skram@178.239.173.228] has joined #tlponies
09:16:38 <Dot|Phone> Jonas
09:17:31 <skram> Bjørnas
09:34:33 <Dot|Phone> Skram you can get probably 3 scrolls of first level or the armour. 
09:34:44 <Dot|Phone> I have been comparing costs
09:34:58 <skram> neat
09:43:10 -!- Rawr|Fone [~AndChat52@c-4eb4e655.020-164-6d6c6d4.bbcust.telenor.se] has joined #tlponies
09:51:05 -!- Rawr|Fone [~AndChat52@m83-185-91-36.cust.tele2.se] has joined #tlponies
09:52:02 -!- Golly [~kvirc@cm-84.213.21.103.getinternet.no] has joined #tlponies
10:04:43 <Rawr|Fone> Horses
10:11:56 <Dot|Phone> Rawr Rawr Rawr
10:12:10 <Dot|Phone> 💖💖💖
10:12:22 -!- Dot` [webchat@cloak-yh0bvvn2.123.7.51.dyn.plus.net] has joined #tlponies
10:12:46 <Rawr|Fone> DoT DoT DoT
10:12:48 <Rawr|Fone> 💖💖💖
10:30:21 -!- Rawr|Phone [~AndChat52@m83-185-39-4.cust.tele2.se] has joined #tlponies
10:47:08 <Rawr|Phone> Beep beep
10:57:31 -!- tredc [~tredc@c83-254-129-166.bredband.comhem.se] has joined #tlponies
11:06:01 -!- Runbunny [~Runbunny@91.100.28.10.generic-hostname.arrownet.dk] has joined #tlponies
11:07:24 <Runbunny> Hai.
11:17:14 -!- reification [~thomas@cpc76294-cosh16-2-0-cust297.6-1.cable.virginm.net] has joined #tlponies
11:17:14 -!- mode/#tlponies [+v reification] by Q
11:17:38 <Rawr|Phone> Anders.
11:17:45 <Rawr|Phone> Reef reef!
11:17:49 <Runbunny> Henrik.
11:17:59 <reification> roar roar
11:21:06 <Dot`> runbun, reif <3
11:21:15 <reification> dotties <3
11:21:27 <Rawr|Phone> How are you wonderful pons doing
11:25:04 <Runbunny> I am about to shower!
11:32:01 <Rawr|Phone> Good luck friend
11:51:25 <Runbunny> Dot`, what are you doing later?
11:52:57 <Dot`> dnd
11:52:59 <Dot`> you?
11:54:40 <Runbunny> I was hoping video games with you :/
11:54:58 <Runbunny> Anyhoo I gotta run. Family event today.
11:55:01 <Runbunny> Bai.
11:55:16 <Dot`> aaww :(
11:56:36 <Rawr|Phone> D:
12:12:17 <skram> hey do you guys want to bed sad over a meme? https://i.imgur.com/mRNWmx4.jpg
12:12:22 <skram> be
12:13:18 <Rawr|Phone> No
12:16:02 <Dot`> no
12:44:11 <Dot`> skram https://imgur.com/gallery/4eI6BYp
12:48:16 <skram> dot theres no oil on my factorio map
12:48:19 <skram> what do i do now
12:51:07 <Dot`> how far you looked
12:52:17 <Rawr|Phone> Try invading a country that has oil skram
12:54:07 <skram> https://i.imgur.com/8H9t4iL.png
13:02:59 <Dot`> you not using RSO?
13:05:25 <skram> well i downloaded it and enabled it so i would think
13:06:23 <skram> theres 2 wells in my starting area
13:08:55 -!- carcinisation [~thomas@cpc76294-cosh16-2-0-cust297.6-1.cable.virginm.net] has joined #tlponies
13:08:55 -!- mode/#tlponies [+v carcinisation] by Q
14:10:01 <Crisium> mornin folks
14:12:58 <Dot`> Crisium!
14:13:15 <Crisium> mr dot
14:27:34 -!- reification [~thomas@cpc76294-cosh16-2-0-cust297.6-1.cable.virginm.net] has joined #tlponies
14:27:34 -!- mode/#tlponies [+v reification] by Q
15:08:59 <Dot`> new mandalorian ep time
15:09:06 <Dot`> soace cowboy
15:09:36 <Dot`> space
15:09:46 -!- DuB` [DuB@cpe-68-174-122-249.nyc.res.rr.com] has joined #tlponies
15:10:22 <Dot`> dub
15:10:26 <Dot`> dib
15:10:29 <Dot`> dob
15:10:31 <DuB`> G'morn!
15:19:14 -!- Crisium [~Crisium@c-24-3-150-105.hsd1.pa.comcast.net] has joined #tlponies
15:35:36 <BioSlep> h
15:37:41 <Dot`> bio
15:38:56 <skram> so the driveway in which i park my car is sorta shared between a few different houses/apt buildings
15:39:29 <skram> and when i went out to fetch my car there was someone just standing in the entrance to their flat doing a proper barbeque
15:39:36 <skram> now norway today is about -5 and snowing
15:39:43 <skram> i was very impressed and a little bit jealous
15:40:18 <Dot`> did you ask to join?
15:40:35 <skram> i really wanted to
15:44:36 <Dot`> just go set up your own across form him
15:49:12 <skram> good idea
15:49:24 <skram> im gonna run out and find me some steak, might be late
15:49:54 <Dot`> god speed
15:50:06 <skram> need a post-steak nap as well
16:13:47 -!- Dot` [webchat@cloak-yh0bvvn2.123.7.51.dyn.plus.net] has joined #tlponies
16:15:32 <skram> DuB`
16:22:44 <Dot`> Dub
16:28:33 <Bio> roll 20 is so shit sometimes
16:29:04 <skram> its trying its best :((
16:50:15 <Bio> i've finished
16:50:30 <Bio> despite r20 not having like 80% of the class
16:55:11 <Dot`> such is the life of not having money to buy the digital books to link to r20
16:55:18 <Bio> yup
16:55:32 <Bio> i'll be making some coffee and food real quick to not starve
16:55:45 <Bio> then i'll be available for minor touches dot
16:55:54 <Bio> like items n shit
16:56:08 <Bio> and perhaps forms
16:57:25 <Dot`> cool, im just playing some doom before brushing up final parts for game
18:23:58 -!- Zounds [webchat@cloak-07ouvien.14-2.cable.virginm.net] has joined #tlponies
18:24:07 <Zounds> m'nerds
18:24:47 <Dot`> Zoonds
18:24:50 <Dot`> you pon
18:26:22 <Zounds> hi dot
18:26:31 <Zounds> the ponnest of all
18:48:45 -!- Golly [~kvirc@cm-84.213.21.103.getinternet.no] has joined #tlponies
18:50:05 <Rawr|Phone> 🐴🐴🐴
19:00:19 <Zounds> is discord slow af for you guys today aswell
19:00:20 <Zounds> or is it me
19:01:00 <Zounds> nvm there is something up
19:10:28 <Dot`> how was your week zounds
19:11:03 <Zounds> blargh
19:11:08 <Zounds> was fine I guess
19:18:38 <Bio> discord is being shit atm
19:18:57 <Bio> i disco and cant reco
19:21:32 <Dot`> discord is not at all happy
19:21:39 <Micen> server is marked as unknown. 
19:21:43 <Dot`> we are in SERVER REGION: UNKNOWN REGION
19:23:03 <reification> off the edge of the map
19:23:54 <Bio> horses are in unknown territory
19:26:05 -!- Rawr|Fone [~AndChat52@c-4eb4e655.020-164-6d6c6d4.bbcust.telenor.se] has joined #tlponies
19:26:38 <skram> https://status.discordapp.com/
19:29:49 <Bio> asdf
19:29:56 <DuB`> oop mine died now
19:30:04 <Bio> the fuck does that even fuggin mean 
19:30:12 <Bio> googel
19:30:25 <Bio> io starvation
19:30:30 <Bio> feed ur fukin servers m8
19:34:58 <Micen> dub is alive. can you get in?
19:35:20 <Bio> its been trying to reconnect since i disconnected
19:35:49 <Dot`> bio, dub got back, any luck your side?
19:36:30 <Bio> see above
19:36:47 <Dot`> oh
19:37:00 <Micen> https://www.youtube.com/watch?v=aZgyWwgQkSg
19:37:19 <skram> try restarting the whole client, bio+boi?
19:38:05 <Bio> i have slain the app in task man
19:38:09 <Bio> and same shite
19:38:13 <skram> sheet
19:38:14 <Micen> https://www.youtube.com/watch?v=S-PWTsc0lC8
19:38:50 <Bio> go on without me, i can sneak in later or some shit
19:39:27 <skram> but bio
19:39:27 <skram> https://www.youtube.com/watch?v=NcXsK_u4ixI
19:39:47 <Bio> ='(
19:46:23 <Bio> asdf
19:46:23 <Bio> s
19:46:24 <Bio> d
19:46:24 <Bio> f
19:57:57 <skram> F
19:58:14 <Bio> fun fuckin stuff google
19:58:22 <Bio> ugh
20:27:40 -!- Bio [~BioPon@97.70.165.146] has joined #tlponies
20:51:03 <Bio> bonk
20:52:16 <Dot`> kitchen utensils are best
21:01:33 -!- Crisium|2 [~Crisium@104.194.218.61] has joined #tlponies
21:08:49 <Rawr|Fone> 🐴🐴🐴
21:09:07 -!- Cane [~Cane@CaneCraft.users.quakenet.org] has joined #tlponies
21:09:07 -!- mode/#tlponies [+o Cane] by Q
21:18:02 <Dot`> rawr rawr
21:19:53 <skram> are you still tryna connect to discords bio
21:20:20 <Bio> yes
21:20:27 <skram> dang
21:20:32 <Bio> i've restarted the shit program 20 times
21:20:34 <Bio> nothing
21:20:46 <Bio> lets go back to vent
21:20:46 <skram> did you try violence
21:21:20 <Bio> Vi sitter har I venten
21:21:32 <skram> och spelar lite dota
21:23:28 <Dot`> tried discord on phone bio?
21:24:32 <Rawr|Fone> Dot dot
21:24:48 <Dot`> <3
21:24:53 <Rawr|Fone> ❤❤
21:26:07 <Bio> phone discord also no work
21:26:47 <skram> did you try sacrificing your firstborn to The Sleeper of R'lyeh
21:27:45 <Bio> fresh outta firstborne
21:27:48 <reification> https://twitter.com/mauvecow/status/1203394805616693253
21:43:59 <reification> skram exotic food thread https://twitter.com/adapid/status/1153384640104816640
21:45:49 -!- tredc [~tredc@c83-254-129-166.bredband.comhem.se] has joined #tlponies
22:08:20 -!- Runbunny [~Runbunny@91.100.28.10.generic-hostname.arrownet.dk] has joined #tlponies
22:08:48 <Runbunny> Yo.
22:09:41 <Runbunny> My family event thing dragged out.
22:09:48 <Dot`> runbun <3
22:10:42 <Runbunny> Dot dot.
22:10:51 <Runbunny> How's dnd?
22:11:04 <Runbunny> skram,  reification https://pbs.twimg.com/media/ELNNg3KXUAEJllw.jpg:large
22:11:06 <Dot`> im killing them
22:11:58 <reification> at first i read that as about runbun's family :O
22:13:39 <Rawr|Fone> Don't give him any ideas reef reef
22:14:56 <Runbunny> Good job Dot.
22:15:09 <Runbunny> I believe that is how you DM.
22:15:24 <Runbunny> Henrik friend.
22:16:06 <Rawr|Fone> Anders min kära vän.
22:18:15 <Runbunny> A small dog greeted my leg just outside my door.
22:18:47 <Rawr|Fone> Sounds great
22:24:06 <skram> thicc thighs save lives, runbun
22:48:11 -!- Crisium [~Crisium@c-24-3-150-105.hsd1.pa.comcast.net] has joined #tlponies
23:19:29 <Cane> Dot`, https://i.redd.it/w0g3h4gld7341.png
23:19:43 <Cane> <3
23:20:31 <Dot`> AAAHHH
23:27:11 <Dot`> where is this cane?
23:32:16 <Cane> Games convention in Ukraine.
23:36:51 <Runbunny> .tell Camail I did the hunter rank 100 quest. Carted once to Teostra supernova, I let a charge attack fly, when I should have rolled and sheathed instead. Other than that there wasn't really any trouble.
23:48:28 <skram> good job, anders
23:49:49 <Runbunny> Thanks Jonas, You should do that quest as well. 
