00:00:07 -!- Rawr|Fone [~AndChat52@c-4eb4e655.020-164-6d6c6d4.bbcust.telenor.se] has joined #tlponies
00:02:22 <Runbunny> reification, https://danbooru.donmai.us/posts/3636367
00:02:47 <reification> night all
00:03:14 <reification> classic meme bun
00:03:59 <Runbunny> Goodnight.
00:12:00 <Runbunny> Sleep!
00:30:04 -!- skram [~skram@185.217.171.41] has joined #tlponies
01:34:28 -!- Rawr|Fone [~AndChat52@c-4eb4e655.020-164-6d6c6d4.bbcust.telenor.se] has joined #tlponies
01:34:46 -!- DoT|Phone [~Dot@85.255.237.51] has joined #tlponies
01:58:39 -!- BioPhone [~androirc@108-72-8-181.lightspeed.stlsmo.sbcglobal.net] has joined #tlponies
04:02:17 -!- Camail [~Camail@45.40.84.145] has joined #tlponies
04:02:18 -!- mode/#tlponies [+v Camail] by Q
04:02:47 -!- BioPhone [~androirc@108-72-8-181.lightspeed.stlsmo.sbcglobal.net] has joined #tlponies
04:06:51 -!- Rawr|Fone [~AndChat52@c-4eb4e655.020-164-6d6c6d4.bbcust.telenor.se] has joined #tlponies
05:17:37 -!- Rawr|Fone [~AndChat52@c-4eb4e655.020-164-6d6c6d4.bbcust.telenor.se] has joined #tlponies
06:28:25 <DoT|Phone> morning pons
06:47:52 <CockRoach|42> morning dots
06:54:18 -!- Rawr|Fone [~AndChat52@c-4eb4e655.020-164-6d6c6d4.bbcust.telenor.se] has joined #tlponies
07:04:58 <DoT|Phone> Rawr Rawr Rawr
07:05:20 <Rawr|Fone> DoT DoT DoT
07:05:23 <Rawr|Fone> 💖💖💖
07:06:28 <DoT|Phone> 💖💖💖
07:28:12 -!- DoT|Phone1 [~Dot@85.255.235.35] has joined #tlponies
07:57:29 -!- Rawr|Fone [~AndChat52@c-4eb4e655.020-164-6d6c6d4.bbcust.telenor.se] has joined #tlponies
08:08:41 -!- reification [~thomas@cpc76294-cosh16-2-0-cust297.6-1.cable.virginm.net] has joined #tlponies
08:08:41 -!- mode/#tlponies [+v reification] by Q
08:14:02 -!- Rawr|Fone [~AndChat52@c-4eb4e655.020-164-6d6c6d4.bbcust.telenor.se] has joined #tlponies
08:17:41 <DoT|Phone1> reef!
08:28:18 <reification> dawt!
08:30:04 -!- Runbunny [~Runbunny@91.100.28.10.generic-hostname.arrownet.dk] has joined #tlponies
08:30:06 -!- Golly [~Golly@cm-84.213.21.103.getinternet.no] has joined #tlponies
08:30:13 <DoT|Phone1> hey Angel
08:35:17 -!- Camail [~Camail@45.40.84.145] has joined #tlponies
08:35:17 -!- mode/#tlponies [+v Camail] by Q
08:35:57 <Camail> Runbunny i did deathless uber elder woooo
08:36:03 <Runbunny> Hai
08:36:05 <Runbunny> Nice.
08:36:17 <Camail> i got down to a few thousand ES 
08:36:25 <Camail> so every toher build i played would have died a few times
08:36:27 <Runbunny> My fan problem is causing me trouble
08:36:38 <Camail> hm, not enoguh fans?
08:36:41 <Camail> or broken 
08:36:52 <Runbunny> Nah it's one fan, that's making a lot of noise.
08:37:03 <Runbunny> I think it's because it's spinning too slowly.
08:37:09 <Camail> bleh, off balance blades maybe?
08:37:24 <Camail> did you check for damage
08:37:43 <Camail> you can force fan speed in the BIOS
08:38:04 <Runbunny> usually I can reboot a few times and it goes away
08:38:24 <Runbunny> but I can also just manually touch the fan and it goes away.
08:39:09 <Camail> did you lube it up
08:39:19 <Runbunny> I tried downloading speed fan, but it doesn't show any of my fans.
08:39:31 <Camail> slather it with honey
08:39:38 <Runbunny> and BIOS options didn't do anything either.
08:39:57 <Runbunny> I think my motherboard just doesn't know the fans exists.
08:40:07 <Runbunny> I could punch it.
08:40:15 <Camail> do fans have drivers?
08:40:26 <Camail> i dont thiiiink so
08:40:49 <Camail> maybe, but anyone
08:41:07 <Camail> i am tired as balls, just came in here to tell someone because my brother is asleep and i cant bug him
08:41:10 <Camail> zzzzzzz
08:41:16 <Camail> enjoy your day runbun
08:41:17 <Runbunny> :D
08:41:19 <DoT|Phone1> gj cam
08:41:21 <Camail> i will check back in 8 hours
08:41:21 <DoT|Phone1> gnight
08:41:23 <Runbunny> I'll try my best
08:41:24 <Camail> to make sure you are happy
08:41:27 <Runbunny> Sleep well Friend.
08:41:33 <Camail> <3 to you all
08:55:09 -!- DoT|Phone [~Dot@85.255.235.53] has joined #tlponies
09:30:23 <Runbunny> .tell reification https://danbooru.donmai.us/posts/3636711
09:30:36 <reification> i'm here bun
09:31:35 <Runbunny> Great!
09:34:39 -!- DoT|Phone1 [~Dot@185.69.145.36] has joined #tlponies
09:35:01 -!- skram [~skram@185.217.171.41] has joined #tlponies
09:36:31 <DoT|Phone1> the Jonas horse friend
09:37:01 <skram> bjørn old boy
09:46:02 <reification> oooh uk gets to do biggest ever peacetime repatriation
09:46:30 <reification> (thomas cook collapsed)
09:50:47 <Golly> it sucks reif, ground handling comp i work for will have less to do
09:51:55 <reification> it's gonna have big knock on effects for sure
09:52:52 <Golly> we had british midlands as well, which also went belly up
09:54:03 <reification> internet is eating the older travel companies alive
09:54:18 <skram> friggin millenials
09:54:32 <skram> its them that done it
09:58:52 <Golly> it wasnt middle aged norwegians, thats for sure
10:00:11 <Golly> we treat the mediterranean like we own it
10:06:13 <reification> well the nordic and other subsidiaries are still trading for now
10:09:25 <reification> runbunny https://finance.yahoo.com/news/banks-just-changed-rules-negative-040000108.html
10:17:03 <Runbunny> That sounds weird.
10:31:33 <Runbunny> Damn european bank!
10:31:42 <Runbunny> Ruining my good interests!
10:51:36 <DoT|Phone1> what you up to today Runbun
10:52:04 <DoT|Phone1> besides complaining about the establishment
10:57:15 <Runbunny> O:
10:57:22 <Runbunny> I am playing video games.
10:58:16 <DoT|Phone1> Sounds nice
11:04:11 <Runbunny> Is alright.
11:08:14 -!- DoT|Phone [~Dot@148.252.129.80] has joined #tlponies
11:23:52 -!- tredc [~tredc@c83-254-129-166.bredband.comhem.se] has joined #tlponies
11:26:41 <skram> anders no video games before dinner
11:29:48 <Runbunny> O:
11:45:49 -!- BioPhone [~androirc@mobile-166-175-191-196.mycingular.net] has joined #tlponies
12:14:55 -!- Rawr|Fone [~AndChat52@c-4eb4e655.020-164-6d6c6d4.bbcust.telenor.se] has joined #tlponies
12:19:57 -!- skram [~skram@185.217.171.41] has joined #tlponies
12:24:53 -!- skrma [~skram@82.147.53.17] has joined #tlponies
12:28:05 -!- Rawr|Fone [~AndChat52@c-4eb4e655.020-164-6d6c6d4.bbcust.telenor.se] has joined #tlponies
13:00:30 <DoT|Phone> when is dinner in Norway?
13:00:55 <DoT|Phone> that's what northern English ppl call supper
13:01:14 <skrma> 4-5 ish
13:02:13 <DoT|Phone> that's a late lunch or early dinner
13:02:45 <DoT|Phone> dinner is what they call lunch here is what I meant to say
13:03:06 <skrma> lunch is at like 11, dot
13:03:26 <DoT|Phone> no. that's brunch
13:04:31 <skrma> no brunch is just breakfast at lunch time
13:04:53 <DoT|Phone> no no. that would be silly
13:06:41 <skrma> its literally a portmaneu of breakfast and lunch, dot
13:06:42 <skrma> pls
13:08:18 <DoT|Phone> and hence is timed between breakfast and lunch
13:09:27 <skrma> pff no
13:12:33 -!- skram [~skram@178.239.173.216] has joined #tlponies
13:13:10 <skram> this vinland saga thing is a bit edgy dot
13:16:43 <Runbunny> That's perfect for you isn't it Jonas?
13:17:05 <skram> most of the time i guess but edgy vikings is weird
13:23:48 <Runbunny> Sounds pretty good.
13:24:41 <DoT|Phone> are they Norwegian Vikings or Danish
13:25:16 <skram> both
13:25:22 <skram> but the danish vikings are villains
13:25:25 <skram> as it should be
13:25:54 <DoT|Phone> I feel attacked
13:26:15 -!- Rawr|Fone [~AndChat52@m83-185-87-42.cust.tele2.se] has joined #tlponies
14:18:14 -!- BioPhone [~androirc@mobile-166-175-191-196.mycingular.net] has joined #tlponies
14:27:12 -!- BioPhone [~androirc@mobile-166-175-191-196.mycingular.net] has joined #tlponies
14:45:34 <DoT|Phone> time to head home I think
14:46:35 <Rawr|Fone> Good idea dot
15:02:14 -!- DoT|Phone1 [~Dot@148.252.129.80] has joined #tlponies
15:04:53 <DoT|Phone1> How's your day Rawr
15:11:02 -!- Rawr|Phone [~AndChat52@c-4eb4e655.020-164-6d6c6d4.bbcust.telenor.se] has joined #tlponies
15:15:31 <Rawr|Phone> It's going well dot
15:15:46 <Rawr|Phone> Almost time to play table tennis
15:19:54 -!- DoT|Phone [~Dot@148.252.129.80] has joined #tlponies
15:23:31 <Rawr|Phone> DoT
15:24:42 -!- DoT|Phone1 [~Dot@83.71.208.46.dyn.plus.net] has joined #tlponies
15:25:57 <DoT|Phone1> Rawr
15:26:34 <Rawr|Phone> How are you doing today my dear
15:32:57 <DoT|Phone1> pretty good
15:35:51 -!- DoT|Phone [~Dot@148.252.129.82] has joined #tlponies
15:54:03 -!- DoT|Phone [~Dot@83.71.208.46.dyn.plus.net] has joined #tlponies
15:54:11 -!- Rawr|Fone [~AndChat52@c-4eb4e655.020-164-6d6c6d4.bbcust.telenor.se] has joined #tlponies
16:00:17 <DoT|Phone> sorry Rawr, was just going in to get a haircut
16:01:46 <Rawr|Fone> Is your hair short and neat now
16:01:47 -!- Dot` [webchat@cloak-vnm1j07w.71.208.46.dyn.plus.net] has joined #tlponies
16:02:17 <DoT|Phone> I think so
16:02:57 <BioPhone> Hej
16:03:25 <BioPhone> Feels like I've been gone so much lately
16:03:34 <BioPhone> Be glad to be home today
16:03:54 <Rawr|Fone> Hej 🅱️io📱
16:05:53 <Dot`> Bio
16:12:04 <BioPhone> Horse lords
16:14:38 -!- Rawr|Phone [~AndChat52@m83-185-87-42.cust.tele2.se] has joined #tlponies
16:44:25 -!- Camail [~Camail@45.40.84.145] has joined #tlponies
16:44:25 -!- mode/#tlponies [+v Camail] by Q
16:46:04 <Camail> runbun this is your daily check, if you are not having fun a fine will be applied to your account
16:50:19 -!- carcinisation [~thomas@cpc76294-cosh16-2-0-cust297.6-1.cable.virginm.net] has joined #tlponies
16:50:19 -!- mode/#tlponies [+v carcinisation] by Q
16:55:19 <BioPhone> F
16:59:14 -!- reification [~thomas@cpc76294-cosh16-2-0-cust297.6-1.cable.virginm.net] has joined #tlponies
16:59:14 -!- mode/#tlponies [+v reification] by Q
17:12:14 <Dot`> camamail
17:18:11 <skram> clamamail
17:21:28 <Runbunny> Hai
17:21:31 <Runbunny> I'm alright
17:21:49 <skram> phew
17:21:51 <skram> kneecaps saved
17:25:56 <Camail> skram boi, my guardian is almost complete
17:26:05 <Camail> uber elder is on farm
17:26:06 <Camail> life is good
17:26:17 <skram> jesus dude
17:26:30 <Camail> i do straight up unethical dps while also having stupid amounts of ES
17:28:23 <skram> well I did a whole tier 10 map without dying yesterday
17:28:58 -!- BioPone [~androirc@047-050-211-134.biz.spectrum.com] has joined #tlponies
17:29:19 <Runbunny> I only do ethical builds.
17:30:31 <skram> free range zombies only
17:31:54 <Camail> i've only done UE deathless once, which was last night
17:35:12 -!- BioPone [~androirc@047-050-211-134.biz.spectrum.com] has joined #tlponies
17:55:32 -!- Rawr|Fone [~AndChat52@m83-185-87-42.cust.tele2.se] has joined #tlponies
18:33:46 <Dot`> pon pon
18:35:38 <reification> runbun skram https://pbs.twimg.com/media/EFKv0s2WsAAr3cV.jpg
18:36:44 <Runbunny> :D
18:58:31 <skram> now we just need to find a cat to match runbun
19:00:58 <Dot`> do you not match runbun skram?
19:01:08 <skram> alas i am a human bean
19:03:59 -!- Phearlock [webchat@cloak-mmem9569.215.120.245.getinternet.no] has joined #tlponies
19:12:27 <Dot`> Pear pon <3
19:14:05 <Phearlock> hey
19:14:37 <skram> ferlok pal
19:14:38 <skram> https://www.reddit.com/r/DotA2/comments/d88tma/midas_mode_2_sir_sadims_revenge_survival_guide/
19:14:58 <skram> They're bringin friggin' light of heaven in for midas mode
19:15:06 <Phearlock> lol
19:15:46 <Phearlock> I do love these gimmick tourneys
19:15:59 <skram> this is the gimmickiest of them all
19:43:33 <Rawr|Fone> 🐴🐴🐴
19:45:32 <Rawr|Fone> Horse horde
19:45:37 <Rawr|Fone> Horse
19:46:06 <reification> a whole horde of horses?
19:46:48 <skram> klappa hest
19:46:55 <Rawr|Fone> Jonas snel hest
19:47:12 <Rawr|Fone> Every horse here might be enough for a horde reef reef
20:29:16 <Dot`> skram
20:29:22 <Dot`> CERN have open days
20:29:24 <Dot`> please take me
20:36:52 <Runbunny> do you want to get abducted Dot?
20:38:59 <Dot`> to go see CERN? sure
20:40:16 <Dot`> Dub` https://imgur.com/gallery/RKrQMFc
20:45:07 <skram> you're closer to switzerland than me i think
20:46:00 <Dot`> so what your saying is you can pick me up on the way
20:47:25 <skram> ill pick you up in københavn
20:50:26 <Rawr|Fone> Dot dot
20:50:43 <Dot`> Rawr Rawr
20:51:01 <Rawr|Fone> Good evening my dear
20:51:07 <Rawr|Fone> It is almost bed time
20:51:09 <Dot`> oh skram, in danishland you mean?
20:51:13 <Dot`> is it safe for you to be there
20:51:18 <Dot`> its past rawr
20:51:22 <Dot`> i have to be up at 5
20:51:32 <Rawr|Fone> D:
20:52:36 <skram> as long as they dont catch me, Dot`
20:53:04 <skram> i got some sausages and a few cases of beer to distract them in case they figure me out
20:53:33 <Dot`> good thinking
20:53:39 <Dot`> i hope runbun doesnt tell on us
20:53:43 <Dot`> dub` https://imgur.com/gallery/2XcITJg
20:55:56 -!- Crisium [~Crisium@c-24-3-150-105.hsd1.pa.comcast.net] has joined #tlponies
20:56:09 <Dot`> wait
20:56:15 <Dot`> dub isnt even here
20:56:24 <Dot`> .tell dub` https://imgur.com/gallery/2XcITJg
20:56:30 <Dot`> hey Crisium 
20:56:42 <Crisium> howdy
20:57:33 <Dot`> skram https://imgur.com/gallery/wcVLr6D
21:09:52 <Dot`> reification: https://imgur.com/gallery/AGyhMNa
21:10:13 <skram> i miss my cat dot
21:11:29 <Dot`> :( im sorry skram, nithing can replace a pet, i know all too well
21:11:42 <Phearlock> =(
21:12:54 <reification> comments are largely right dot, need to swap in hobnobs/malted milk for rich tea/custard cream
21:13:21 <skram> whats a hobnob
21:15:20 <reification> .wiki hobnob
21:15:23 <Dot`> (i dont know skram but dont tell reif, ill get kicked out of england)
21:15:39 <reification> get the ones with chocolate dot
21:16:01 <skram> i see
21:16:05 <skram> we have something similar
21:16:14 <reification> well maybe not if you're gonna dunk em
21:17:16 <skram> nono the hot makes the chocolate melt and thusly improves your coffee
21:17:23 <skram> dont know bout no tea dunkin techniques tho
21:17:55 <reification> yes fine for coffee not tea
21:18:44 <skram> anyway, time for bed
21:18:59 <reification> night skram 
21:19:52 <Rawr|Fone> Sov sött jonas
21:20:12 <Dot`> gnight skrammmmen <3
21:38:10 -!- Rawr|Phone [~AndChat52@c-4eb4e655.020-164-6d6c6d4.bbcust.telenor.se] has joined #tlponies
21:44:55 -!- Rawr|Fone [~AndChat52@c-4eb4e655.020-164-6d6c6d4.bbcust.telenor.se] has joined #tlponies
22:00:42 <Runbunny> I think I just go sleep.
22:00:47 <reification> night bun
22:00:54 <Runbunny> Goodnight!
22:18:57 -!- carcinisation [~thomas@cpc76294-cosh16-2-0-cust297.6-1.cable.virginm.net] has joined #tlponies
22:18:57 -!- mode/#tlponies [+v carcinisation] by Q
22:20:00 -!- skram [~skram@178.239.173.216] has joined #tlponies
22:24:09 -!- reimeuk [~thomas@cpc76294-cosh16-2-0-cust297.6-1.cable.virginm.net] has joined #tlponies
22:24:09 -!- mode/#tlponies [+v reimeuk] by Q
22:28:07 <Dot`> skram pls
22:40:09 -!- carcinisation [~thomas@cpc76294-cosh16-2-0-cust297.6-1.cable.virginm.net] has joined #tlponies
22:40:09 -!- mode/#tlponies [+v carcinisation] by Q
22:47:35 -!- DuB` [DuB@cpe-68-174-122-249.nyc.res.rr.com] has joined #tlponies
22:54:12 <DuB`> Home nearly on time
22:54:18 <DuB`> And now there are mons to hun
22:54:41 <Dot`> gl and gnight dubs
22:54:47 <DuB`> Aw :P
22:54:47 <DuB`> G'night
23:10:59 <Camail> did you hunt all the mons yet dub
23:14:50 <Crisium> DuB` have you ever considered that the mons should be left alone in their natural ecosystem
23:14:54 <Crisium> and ur the bad guy
23:17:00 <DuB`> I have
23:17:38 <DuB`> But then I consider that they seem to reappear every time I go back, so I haven't worried too much :P
23:32:21 <carcinisation> mon population control
