00:01:14 <Bio> https://www.amazon.com/NETGEAR-PowerLINE-Gigabit-Pass-Through-PLP1200-100PAS/dp/B00S6DBGIS
00:01:29 <Bio> something like this, super ez to set up
00:02:35 <Bio> its not perfect, but its way better than wifi
00:09:54 <Bio> https://video.twimg.com/ext_tw_video/1049334802019577856/pu/vid/720x1280/FvZEEvzPaUuQ2nGQ.mp4?tag=5
00:09:57 <Bio> mood
00:27:34 <Runbunny> Sleep.
00:38:10 <Camail> .tell runbunny woo, did hotg too, i think i just have uber atziri and the two non vaal delve bosses to go
01:01:43 <Bio> asdf
01:26:02 -!- Rawr|Fone [~AndChat52@84-217-62-32.customers.ownit.se] has joined #tlponies
02:25:28 <DuB`> LOL Micen just got back and saw your message :P
02:26:08 <Bio> gaYHSJDKLGBJHKASLDHGJIKLASDJKGLHAS
02:26:12 <Bio> GO ICE PUCK
02:26:14 <Bio> GOGOGO
02:26:54 <DuB`> ???!
02:27:04 <DuB`> Did it go???
02:27:06 <Bio> BLUS
02:27:10 <Bio> BLUUUUUUES
02:27:13 <Bio> LETS GO
02:27:24 <Bio> 5.5 MINS
02:27:29 <Bio> TILL A TRIP TO THE FINALS
02:30:45 <DuB`> Wow icepuck
02:31:09 <Bio> ICE PUCK
02:31:15 <Bio> SO CLOSE
02:31:17 <Bio> TO NICE PUCK
02:40:12 <Bio> WE FUCKIN DID IT BOIS
02:48:40 <DuB`> Coolpuck huzzah
02:51:00 <Bio> i'm legit fuckin crying this shit is surreal
02:53:37 <Bio> https://i.redd.it/961r15u0eoz21.jpg
02:53:44 <Bio> last time the blues were in the finals
02:54:18 <Micen> its okay dub
02:54:25 <Micen> i just saw your message now
04:32:03 -!- Rawr|Fone [~AndChat52@84-217-62-32.customers.ownit.se] has joined #tlponies
06:34:02 -!- DoT|Phone [~Dot@232.123.7.51.dyn.plus.net] has joined #tlponies
06:48:24 -!- Rawr|Fone [~AndChat52@84-217-62-32.customers.ownit.se] has joined #tlponies
06:52:39 <DoT|Phone> Morning
07:30:57 -!- DoT|Phone1 [~Dot@85.255.232.12] has joined #tlponies
08:16:38 <Rawr|Fone> DoT DoT DoT
08:21:19 <DoT|Phone1> Rawr Rawr Rawr
08:21:23 <DoT|Phone1> 💖💖💖
08:21:28 <Rawr|Fone> 💖💖💖
08:24:11 -!- Golly [Golly@cm-84.212.249.112.getinternet.no] has joined #tlponies
08:30:13 <DoT|Phone1> how's you Rawr
08:30:25 <Rawr|Fone> Pretty gooood
08:30:36 <Rawr|Fone> How are you my dear dotpon
08:31:41 <DoT|Phone1> I'm ok. driving lessons make me very tired
08:31:53 <DoT|Phone1> and probably grouchy
08:32:13 <DoT|Phone1> Looking forward to the long weekend
08:32:50 <DoT|Phone1> Looking
08:55:38 -!- Runbunny [~Runbunny@91.100.28.10.generic-hostname.arrownet.dk] has joined #tlponies
09:14:02 <DoT|Phone1> Runbun!
09:19:06 <Runbunny> Hai Dot.
09:19:24 -!- skram [~skram@46.46.203.248] has joined #tlponies
09:19:26 <Runbunny> .tell Reification https://danbooru.donmai.us/posts/3514785
09:19:41 <Runbunny> Are names case sensitive? I forget.
09:55:18 -!- tredc [~tredc@c83-254-129-166.bredband.comhem.se] has joined #tlponies
10:02:03 <DoT|Phone1> don't think so
10:02:10 <DoT|Phone1> Skram!
10:05:01 <skram> Ah, my good pal Mr. Bjørn
10:05:11 <skram> Good morgen
10:06:27 -!- skraam [~skram@37.120.141.20] has joined #tlponies
10:22:52 <Rawr|Fone> It's the jonas!
10:22:58 <Rawr|Fone> What a delight
10:24:16 <skraam> Ah, my dear Henrik
10:45:07 <DoT|Phone1> what you up to today Skram
10:45:23 <skraam> im gonna do me a breakfast and then go do a labor
10:50:56 <Rawr|Fone> It's very late for breakfast skram
10:51:29 <skraam> first meal of the day is always breakfast, regardless of the time
10:55:44 <DoT|Phone1> brunch
10:55:54 <DoT|Phone1> it's best meal time
10:56:02 <skraam> brunch doesnt exist
10:56:13 <DoT|Phone1> heresy
11:26:25 <Runbunny> Henrik, Bjørn, Jonas.
11:27:33 <DoT|Phone1> Runbun
11:27:48 <skraam> Anders.
11:32:11 <Runbunny> Me.
11:35:17 <Rawr|Fone> Anders.
11:39:22 <DoT|Phone1> what you up to Runbun
11:39:41 <Runbunny> I just put some food in the oven.
11:40:04 <Runbunny> While it's cooking I am writing an email.
11:40:49 <DoT|Phone1> are you requesting more blood?
11:41:13 <Runbunny> Funny story. 
11:41:24 <skraam> No
11:41:28 <skraam> you cant have my blood, anders
11:41:29 <Runbunny> It turns out that I am actually making blood myself. 
11:41:35 <Runbunny> So I don't need blood anymore!
11:41:43 <Runbunny> Who would have guessed.
11:45:30 <skraam> remember to leave some of it in
11:45:36 <skraam> at least half
11:49:44 <Runbunny> That reminds me.
11:49:53 <Runbunny> I should donate blood soon again.
11:53:11 -!- BioPone [~androirc@mobile-107-92-122-89.mycingular.net] has joined #tlponies
11:54:33 <DoT|Phone1> bio
11:56:25 <Runbunny> Bio.
12:08:28 -!- DoT|Phone [~Dot@185.69.145.229] has joined #tlponies
12:08:43 -!- BioPone [~androirc@12.33.239.117] has joined #tlponies
12:10:11 <BioPone> Horse
12:10:21 <BioPone> Its a good morning
12:10:30 <BioPone> Icepuck was nicepuck
12:26:36 -!- DoT|Phone1 [~Dot@185.69.145.148] has joined #tlponies
12:31:16 <Runbunny> You had icepuck for breakfast?
12:34:01 -!- Rawr|Phone [~AndChat52@m83-185-90-16.cust.tele2.se] has joined #tlponies
12:56:00 <Rawr|Phone> Did the blue team win bio
13:09:00 <DoT|Phone1> Did the skiddy disk go?
13:29:34 -!- BioPone [~androirc@12.33.239.117] has joined #tlponies
14:21:43 -!- Rawr|Fone [~AndChat52@84-217-62-32.customers.ownit.se] has joined #tlponies
14:26:23 <Rawr|Fone> It probably did dot
14:26:52 -!- DoT|Phone [~Dot@185.69.144.210] has joined #tlponies
14:27:11 <Rawr|Fone> Dot snela
14:28:11 <DoT|Phone> Rawr skarpning
14:28:52 <Rawr|Fone> It is you who needs the skärpning
14:41:56 -!- Zounds [webchat@cloak-07ouvien.14-2.cable.virginm.net] has joined #tlponies
14:42:33 <Zounds> hey
14:42:54 <Rawr|Fone> Good afternoon zooonds my dear
14:43:06 <Zounds> rawr lad
14:45:32 <DoT|Phone> Zounds!
14:50:21 <BioPone> Icepuck team won
14:50:27 <BioPone> I was happy cru
14:50:29 <BioPone> Cri
14:58:12 -!- Camail [~Camail@45.40.84.145] has joined #tlponies
14:58:12 -!- mode/#tlponies [+v Camail] by Q
15:06:16 <DoT|Phone> .tell camail hi
15:06:31 <Camail> pls
15:14:46 <Runbunny> Camail.
15:14:56 <Camail> boon
15:20:45 -!- BioPone [~androirc@mobile-107-92-122-76.mycingular.net] has joined #tlponies
15:24:22 -!- skrm [webchat@pioj.eid3.887x.ip] has joined #tlponies
15:25:28 <DoT|Phone> skrm
15:25:36 <skrm> dot
15:28:38 -!- Rawr|Fone [~AndChat52@84-217-62-32.customers.ownit.se] has joined #tlponies
15:34:04 -!- DoT|Phone1 [~Dot@85.255.232.216] has joined #tlponies
15:39:25 -!- DoT|Phone [~Dot@85.255.232.101] has joined #tlponies
15:42:18 -!- DoT|Phone2 [~Dot@85.255.232.216] has joined #tlponies
15:42:36 <DoT|Phone2> phone is useless
15:43:00 -!- Rawr|Fone [~AndChat52@84-217-62-32.customers.ownit.se] has joined #tlponies
15:43:06 <Rawr|Fone> Skrm
15:44:54 <skrm> rwr
15:47:33 -!- DoT|Phone [~Dot@85.255.237.241] has joined #tlponies
15:53:21 <Rawr|Fone> How is your day going skrm
15:53:48 <skrm> its pretty eh, honestly
15:53:52 <skrm> how you bean old chap
15:59:03 <Rawr|Fone> Gooood
16:00:33 -!- DoT|Phone1 [~Dot@185.69.144.51] has joined #tlponies
16:09:22 -!- DoT|Phone [~Dot@85.255.235.67] has joined #tlponies
16:19:13 -!- DoT|Phone1 [~Dot@85.255.232.201] has joined #tlponies
16:44:34 -!- Dot` [~Dot@232.123.7.51.dyn.plus.net] has joined #tlponies
16:44:56 <Dot`> made it home again
16:45:08 <Dot`> i got a good streak going of making it home
17:00:20 -!- Zounds [webchat@cloak-07ouvien.14-2.cable.virginm.net] has joined #tlponies
17:02:53 <Rawr|Fone> I'm proud of you dot
17:23:20 -!- BioPone [~androirc@12.33.239.117] has joined #tlponies
17:46:28 -!- DuB` [DuB@65-130-49-94.slkc.qwest.net] has joined #tlponies
17:47:59 <DuB`> GOOD morn
17:48:53 <Dot`> daaab
17:50:28 <DuB`> daaat
17:50:49 <DuB`> I did a essercise
17:51:18 <Dot`> with no internal bleeding?
17:51:25 <DuB`> Not quite
17:51:27 <DuB`> But
17:51:31 <DuB`> I always do 10 min too much and then have to waste 20 min lying on the floor trying not to faint or be sick >_>
17:52:02 <Dot`> 12 minutes is too much exercise
18:00:25 <skrm> i wouldnt call recuperation a waste of time, honestly
18:00:57 -!- BioPone [~androirc@12.33.239.117] has joined #tlponies
18:05:06 <CockRoach|42> https://imgur.com/gallery/67slAXg
18:08:51 <Camail> do you have a routine dub
18:09:03 <Camail> cuz that's better than "run till my lungs burn"
18:10:55 <Camail> any time i've started to exercise after about 2 weeks i get sick because i maintain my terrible life style while also being way more tired
18:11:19 <Camail> then i feel too sick to work out and boom, forget completely 
18:24:19 <DuB`> Ye I have a nice rotation of stuff, always just overdo it in the moment
18:31:20 <skrm> Its called beast mode cam and all the cool kids are doing it
18:31:44 <Camail> then why do you know about it
18:33:22 <skrm> you're adorable when you try to be snarky, cam
18:34:18 <Camail> you could at least try
18:34:25 <Camail> nerd
18:35:11 <Camail> so skram are you gonna try and get the s17 wings
18:35:32 <DuB`> We need you to sit in town to facilitate a 1hr speedrun conquest :P
18:35:44 <DuB`> But skram has no internets left
18:37:03 <Camail> i mean, we could two man it, you seem really fast
18:37:06 <Camail> and i can town
18:38:10 <skrm> why do you need someone in town
18:38:56 <DuB`> To advance quests and talk to npcs
18:39:07 <DuB`> Requirements: be sociable
18:39:38 <Camail> yea instead of wasting time TPing to town and back
18:48:55 <Camail> wait no, i realize i didnt do sprinter
18:49:02 <Camail> i did a different speedrun conquest in s15
18:49:11 <Dot`> skram https://imgur.com/gallery/jlv6C0e
18:49:16 <Camail> which they dont have in s17 T_T
18:50:41 <Camail> DuB`  i'm thinking it would be easier to reach gr 55 with 6 sets
18:51:19 <Camail> i mean, i have all 3 sets for wizard, and i can save up caches for a different char like i did for monk last year
18:55:14 <Camail> oh, 4 sets actually
18:55:20 <Camail> so i only need two sets on something else
18:55:39 <Camail> yea that seems a billion times more likely two happen
19:02:12 <Camail> dub wanna powerlevel some boys
19:02:26 <Camail> i can power level you then you me
19:04:18 <DuB`> Hokay
19:08:53 -!- Dot` [~Dot@232.123.7.51.dyn.plus.net] has joined #tlponies
19:35:27 <DuB`> skrm if you ever want to threaten someone and get a song stuck in their head at the same time https://www.youtube.com/watch?v=nzgcmz1aboM
19:36:43 <skrm> .tell skram https://www.youtube.com/watch?v=nzgcmz1aboM
19:36:52 <skrm> this is really good and i want to listen to it when i get home
19:37:40 <Dot`> beep boop
19:47:46 -!- BioPone [~androirc@12.33.239.117] has joined #tlponies
19:58:25 -!- Micen|Droid [~Micen@h188.24.16.98.dynamic.ip.windstream.net] has joined #tlponies
20:30:11 -!- BioPone [~androirc@12.33.239.117] has joined #tlponies
20:33:55 <Zounds> Micen|Droid: lad
20:34:06 <Micen|Droid> Hey 
20:34:15 <Zounds> u wanna play a few rounds of OW?
20:36:35 <Micen|Droid> Sure. Let me see how well I can sit up. Had an epidural shot yesterday and had a headache. 
20:37:07 <Zounds> alrighty
20:37:16 <Zounds> im on EU if you can make it :P
20:39:00 <Micen|Droid> Okay. Will be on in a few
20:39:05 <Micen|Droid> A moment even
20:39:23 <Dot`> say you will be there "just now" micen
20:39:36 <Micen> just now
20:39:45 <Dot`> and mean it in the south african way of 5 minutes to 3 hours
20:39:56 <Dot`> its very context sensitive
20:41:03 <Rawr|Fone> Dot snela
20:41:12 <Dot`> rawr dont be jelous
20:41:30 <Rawr|Fone> 🤨🤨🤨
20:41:50 <Rawr|Fone> It's very silly dot
20:41:59 <Dot`> the supuriority of the south african coloqulisms
20:48:12 <Rawr|Fone> Hmmm
20:48:14 <Rawr|Fone> No
20:51:07 <Dot`> thats very rude rawr
20:56:25 <Dot`> look rawr https://imgur.com/gallery/4guTMX3
20:57:08 <Rawr|Fone> Just now dot
20:57:58 <Dot`> thats yyou choice rawr, i didnt say to do it right now
20:58:06 <Dot`> now now is fine
21:02:42 <Rawr|Fone> You have an odd way of using words dot
21:03:20 <Dot`> Mr Swede
21:07:28 <Rawr|Fone> .tag DoT` sillier than a swede
21:07:43 <Dot`> D:
21:10:10 <Dot`> runbun, can rawr do that? is it legal?
21:12:11 <Rawr|Fone> I can do whatever I want
21:12:57 <Dot`> hmmm
21:31:34 -!- Crisium [~Crisium@c-73-174-151-51.hsd1.pa.comcast.net] has joined #tlponies
21:36:41 <Zounds> short and sweet ggs micen lad
21:36:45 <Zounds> nn for now pons might be back
21:38:53 <Bio> pani poni
21:39:11 <Crisium> Bio are you pleased at your blues
21:39:34 <Bio> the pleasedest
21:39:41 <Crisium> what odds do you give them to win it all
21:40:04 <Bio> https://gfycat.com/offbeatsomberboar-st-louis-blues-schwartz-wcf-2019
21:40:08 <Bio> me irl
21:40:11 <Bio> 50%
21:40:16 <Bio> either they do or they don't
21:40:21 <Micen|Droid> Cris, you want to overwatch? 
21:40:40 <Crisium> true, there is a 50% chance I am God
21:40:40 -!- skram [~skram@37.120.141.20] has joined #tlponies
21:40:43 <Crisium> either i am or i aint
21:40:49 <Dot`> skram
21:40:59 <Crisium> not now Micen, mayhap later
21:42:20 <Bio> its still surreal dude
21:42:24 <Crisium> ill be rooting for the Blues so the Pens can take advantage of the power vacuum in the east if the the west wins
21:42:31 <Bio> the furthest we've been
21:42:35 <Crisium> but the jokes on me cause the Pens are just too old now
21:42:36 <Bio> in most fans' lifetimes
21:42:43 <Crisium> when was their last final?
21:42:47 <Bio> 1970
21:42:50 <Crisium> wowee
21:42:54 <Bio> against these very bruins
21:43:07 <Crisium> hard to believe bobby orr is still playing
21:43:12 <Bio> the final that produced the flying Orr
21:43:19 <skram> hey pals
21:43:20 <Bio> its robo-orr now
21:43:32 -!- Jamsz [webchat@jzdh.jlin.ho86.ip] has joined #tlponies
21:43:46 <Crisium> howdy skrams
21:44:57 <Bio> if they win i'm 500% taking vacation and going to the parade
21:45:24 <Crisium> nice
21:45:39 <Crisium> i went to two of those cause they passed in front of my work building
21:46:19 <Bio> https://www.reddit.com/r/stlouisblues/comments/brjd9i/hi_knights_fan_here_coming_in_peace_congrats_this/
21:46:51 <Crisium> poor sharks, one of the best teams post-lockout
21:46:55 <Crisium> but can never win
21:47:11 <Crisium> but blues have been playing for it longer, so they deserve it
21:49:00 <Dot`> I finished tank girl anime skram, it was nice, maybe ill start the movie tomorow. but sleep for now, gnight
21:49:13 <skram> u weeb
21:49:20 <skram> gnight pal <3
21:49:37 <Dot`> i blame you
21:49:54 <skram> you always do
21:50:07 <Bio> sad joe thornton fuels me
21:51:15 <skram> you sadist
21:52:12 <Bio> https://images.app.goo.gl/3j5Pjz3hEeRK6RbJ8
21:52:23 <Bio> mmm yes, the tears of unfathomable sadness, delicious
21:53:35 <Crisium> poor Joe
21:53:47 <Crisium> if boston never traded him he could have won in 2010
21:54:00 <Crisium> or maybe he would have held them back, who knows.  but he was very good back then so probably not
22:06:13 <Bio> who knows
22:06:23 <Bio> i still haven't forgiven him for 2016
22:06:32 <Bio> and concussing perron 
22:09:18 <Bio> but yeh, he's a decent hockey dude
22:09:25 <Bio> but he lost ayyyyyyyyy
22:09:39 <skram> rude as bich
22:10:20 <Bio> rude, maybe
22:10:21 <Bio> true
22:10:23 <Bio> hellz yeah
22:49:11 -!- BioPone [~androirc@mobile-166-176-250-172.mycingular.net] has joined #tlponies
23:08:38 <skram> Bio are you ready for wow classic https://www.youtube.com/watch?v=SpC3lZdk2HM
23:13:56 <Micen> Skram, DuB` want to OW?
23:17:04 <skram> my intertubes are too narrow, micen
23:18:53 <Micen> thought you would have dug bigger tubes by now
23:19:06 <skram> its a work in progress
23:19:30 <Micen> well fix soon pls
23:19:43 <skram> aye aye
