00:00:48 <reification> it's the last day of the decade, better spend it wisely finishing everything i was supposed to :/
00:01:16 <Rial> Rial
00:01:41 <Runbunny> Rial, 
00:01:50 <Rial> It's okay, reif, it's just the gregorian calendar
00:01:54 <Rial> Angel~
00:01:57 <Rial> That works, thank you
00:02:16 -!- carcinisation [~thomas@cpc76294-cosh16-2-0-cust297.6-1.cable.virginm.net] has joined #tlponies
00:02:16 -!- mode/#tlponies [+v carcinisation] by Q
00:02:52 <skram> Im gonna spend it eating turkeys and going to bed before 11, reif
00:03:55 <carcinisation> i shall start by watching anime (and maybe learning some history)
00:03:58 <carcinisation> g'night all
00:04:08 <skram> what anime tho
00:04:09 <skram> gnight pal
00:04:23 <Dot|Phone> Gnight Reif
00:05:17 <carcinisation> prob Daitoshokan no Hitsujikai skram, it's good such a good title
00:05:57 <carcinisation> *got
00:17:21 -!- sweetiebot [~skybot@209.141.41.184] has joined #tlponies
00:24:44 <Kittybunny> I guess I'll go sleep.
00:24:58 <skram> but anders
00:25:01 <Kittybunny> Maybe this mess will be sorted when I wake up.
00:25:01 <skram> theres cool stuff on the internet
00:25:13 <Kittybunny> Jonas.
00:25:41 <Kittybunny> There are lines of thought that must be explored.
00:26:03 <Kittybunny> While staring at the ceiling in darkness.
00:26:08 <Kittybunny> This is vital.
00:26:16 <skram> are you sure about that
00:26:18 <Kittybunny> Since some of it will be scary.
00:26:21 <Dot|Phone> Gnight runbun
00:33:52 -!- BioPhone [~androirc@mobile-166-170-222-178.mycingular.net] has joined #tlponies
00:43:07 -!- BioPone [~androirc@108-72-8-181.lightspeed.stlsmo.sbcglobal.net] has joined #tlponies
01:01:55 <skram> Dot|Phone what are you up to
01:04:11 -!- Rawr|Fone [~AndChat52@c-4eb4e655.020-164-6d6c6d4.bbcust.telenor.se] has joined #tlponies
01:06:12 <Dot|Phone> Playing witcher. Thinking about sleep
01:06:14 <Dot|Phone> You? 
01:09:18 <DuB`> I'mma reinstall that when I get back
01:09:22 <DuB`> Mmm
01:16:37 -!- BioPone [~androirc@108-72-8-181.lightspeed.stlsmo.sbcglobal.net] has joined #tlponies
01:21:48 <Dot|Phone> Then I forget to save and die because its 1:30 and lose at least half an hour progress
01:22:12 <skram> did you meet the 3 witches yet
01:22:29 <DuB`> I pronounce you witches and witcher
01:22:43 <skram> so romantic
01:22:45 <Dot|Phone> No skram
01:23:16 <skram> ah too bad
01:23:36 <skram> they have the most disgsting looking model ive seen in a computer game i think
01:24:07 -!- Cane [~Cane@CaneCraft.users.quakenet.org] has joined #tlponies
01:24:07 -!- mode/#tlponies [+o Cane] by Q
01:29:30 -!- BioPone [~androirc@108-72-8-181.lightspeed.stlsmo.sbcglobal.net] has joined #tlponies
01:45:45 <Camail> yea skram those things are....super uncomfortable to look at
01:50:29 -!- Micen [~Micen@h6.74.23.98.dynamic.ip.windstream.net] has joined #tlponies
01:54:21 <skram> fanny pack with baby legs, camail
01:54:27 <Camail> pls
02:24:25 -!- skrma [~skram@82.102.27.219] has joined #tlponies
03:21:45 <Micen> what's everyone up to tonight?
03:36:53 <Crisium> moocen
03:44:23 <Camail> .tell runbunny i just did a 17c trade and made change for 1ex... weirdest trade i've ever done
03:54:58 -!- Rawr|Fone [~AndChat52@c-4eb4e655.020-164-6d6c6d4.bbcust.telenor.se] has joined #tlponies
05:38:48 -!- Rawr|Fone [~AndChat52@c-4eb4e655.020-164-6d6c6d4.bbcust.telenor.se] has joined #tlponies
05:53:05 <Rial> I'm drawing my fursona with some design changes
05:53:13 <Rial> Micen
06:18:47 <Micen> I should draw more. Havent really in a few years. 
07:15:26 -!- Rawr|Fone [~AndChat52@c-4eb4e655.020-164-6d6c6d4.bbcust.telenor.se] has joined #tlponies
07:31:25 -!- Golly [~kvirc@cm-84.213.21.103.getinternet.no] has joined #tlponies
07:56:47 -!- Runbunny [~Runbunny@91.100.28.10.generic-hostname.arrownet.dk] has joined #tlponies
07:58:23 -!- Rawr|Fone [~AndChat52@c-4eb4e655.020-164-6d6c6d4.bbcust.telenor.se] has joined #tlponies
08:06:37 -!- Rawr|Fone [~AndChat52@c-4eb4e655.020-164-6d6c6d4.bbcust.telenor.se] has joined #tlponies
09:09:45 <Rial> Art is done. Yeah, I picked up drawing again lately. I kind did not draw anywhere between Dec2018 and Sep2019
09:21:55 -!- Dot|Phone [uid393803@2001:67c:2f08:8::6:24b] has joined #tlponies
09:25:55 <Dot|Phone> Morning
09:29:18 -!- Rawr|Fone [~AndChat52@c-4eb4e655.020-164-6d6c6d4.bbcust.telenor.se] has joined #tlponies
09:32:39 <Dot|Phone> Rawr Rawr Rawr 
09:39:56 -!- reification [~thomas@cpc76294-cosh16-2-0-cust297.6-1.cable.virginm.net] has joined #tlponies
09:39:56 -!- mode/#tlponies [+v reification] by Q
09:43:52 <Dot|Phone> Reef reef
09:44:00 <reification> dawt dawt
09:58:03 <Dot|Phone> How's you
10:03:29 -!- carcinisation [~thomas@cpc76294-cosh16-2-0-cust297.6-1.cable.virginm.net] has joined #tlponies
10:03:29 -!- mode/#tlponies [+v carcinisation] by Q
10:05:57 <carcinisation> i'm ok dotties
10:06:13 <carcinisation> how's you?
10:06:54 <Dot|Phone> Dying with no Internet. But at least irc is OK with zero bars of signal
10:09:16 <carcinisation> there are some advantages to being old
10:10:37 <Dot|Phone> Haha. I mean I do have a book I could continue reading. And a bunch of others I have ready to start. 
10:10:40 <Dot|Phone> But Internet
10:30:11 <reification> runbunny i see ffxiv is focusing on the important stuff (contains butts) https://i.imgur.com/HX8y9P3.png
11:06:56 -!- Rawr|Fone [~AndChat52@c-4eb4e655.020-164-6d6c6d4.bbcust.telenor.se] has joined #tlponies
11:34:29 -!- Rawr|Fone [~AndChat52@c-4eb4e655.020-164-6d6c6d4.bbcust.telenor.se] has joined #tlponies
11:49:18 -!- Rawr|Fone [~AndChat52@c-4eb4e655.020-164-6d6c6d4.bbcust.telenor.se] has joined #tlponies
11:49:20 <Rawr|Fone> DoT
11:49:21 <Rawr|Fone> Help
11:49:31 <Dot|Phone> Rawr help
11:49:51 <Rawr|Fone> My internet
11:50:07 <Rawr|Fone> Is not very friendly
11:51:18 <Dot|Phone> Neither is mine
11:52:19 <Rawr|Fone> 😥
11:54:50 <Dot|Phone> Now I just got told out won't be ready till the 17th
11:54:59 <Rawr|Fone> We can get through this together dot my dear
11:55:40 <Dot|Phone> I don't know Rawr. It's pretty dire
11:56:27 <Rawr|Fone> Hmm
11:56:35 <Rawr|Fone> And skram isn't here
11:56:42 <Rawr|Fone> But we have runbun
12:02:55 -!- carcinisation [~thomas@cpc76294-cosh16-2-0-cust297.6-1.cable.virginm.net] has joined #tlponies
12:02:55 -!- mode/#tlponies [+v carcinisation] by Q
12:05:52 <Rawr|Fone> And reef reef!
12:13:12 <Runbunny> I'm here?
12:13:15 <Runbunny> kinda
12:14:28 <Rawr|Fone> Yes
12:14:37 <Rawr|Fone> And it is wonderful anders
12:21:37 <carcinisation> .tell bio https://pbs.twimg.com/media/ENHOrhuU4AEL9vi.jpg
12:26:29 <carcinisation> gacha https://twitter.com/madokikai/status/1210844226474233857
12:52:38 -!- Rawr|Fone [~AndChat52@m83-185-88-46.cust.tele2.se] has joined #tlponies
12:53:08 <carcinisation> runbun https://twitter.com/TouhouMemes/status/1211165149303885824
12:53:46 <Runbunny> Pretty cool.
13:02:03 -!- Rawr|Phone [~AndChat52@c-4eb4e655.020-164-6d6c6d4.bbcust.telenor.se] has joined #tlponies
13:17:36 -!- Rawr|Fone [~AndChat52@m83-185-88-46.cust.tele2.se] has joined #tlponies
13:20:16 -!- skram [~skram@82.147.53.68] has joined #tlponies
13:20:45 <carcinisation> skram!
13:21:31 <skram> reef!
13:21:37 <skram> good afternoon frens
13:24:12 <Rial> Hello~
13:42:20 <Runbunny> Jonas.
13:42:24 <Runbunny> Drengen.
13:43:00 <skram> Anders.
13:43:02 <skram> Kammerat.
13:54:47 <Rawr|Fone> Jonas
13:54:56 <Rawr|Fone> Wonderful
14:02:13 <skram> Henrik, gamle ørn
14:02:58 <Rawr|Fone> How are you jonas dear
14:03:18 <skram> I'd give it a 7/10, I think
14:03:30 <Rawr|Fone> That's pretty good
14:03:33 <skram> How's your face today
14:03:57 <Rawr|Fone> I'm okay, feeling some jetlag still
14:04:07 <Rawr|Fone> It is harder to adjust this time
14:18:44 <Dot|Phone> I missed him
14:20:16 <carcinisation> what were you shooting with?
14:22:17 <Rawr|Fone> Love
14:23:13 <carcinisation> he has been playing galgun too?
14:25:49 <Rawr|Fone> I don't know what that is
14:25:52 <Rawr|Fone> But maybe
14:56:23 -!- tredc [~tredc@c83-254-129-166.bredband.comhem.se] has joined #tlponies
15:10:32 <reification> ah! ake ome rial :D
15:10:55 <Rial> Thank you! I'm preparing a delicious chocolate mug cake
15:11:15 <reification> good choice to start the decade
15:20:40 <Rial> I know right!
15:20:52 <Rial> This is the recipe I use all the time https://www.budgetbytes.com/the-one-chocolate-mug-cake/
15:21:53 -!- Crisium [~Crisium@c-24-3-150-105.hsd1.pa.comcast.net] has joined #tlponies
15:31:53 -!- Zounds [webchat@cloak-07ouvien.14-2.cable.virginm.net] has joined #tlponies
15:32:00 <Zounds> hey
15:32:10 <Rial> Gonna hit the hay now. Have a nice new year, all
15:32:18 <Rial> hey Zounds
15:32:20 <Zounds> have a good one
15:32:21 <Zounds> <3
15:32:27 <Rial> TYSM
15:35:31 <Zounds> I got away from work early
15:35:37 <Zounds> how shall I squander this time
15:41:25 <Crisium> soft throw with me in OW
15:48:08 <Dot|Phone> Horses
15:50:35 <Zounds> I will Crisium 
15:50:44 <Zounds> will be a little bit but ill join ya
17:46:04 -!- Camail [~Camail@45.40.84.145] has joined #tlponies
17:46:04 -!- mode/#tlponies [+v Camail] by Q
17:46:14 -!- Rawr|Fone [~AndChat52@m83-185-88-193.cust.tele2.se] has joined #tlponies
17:46:47 <Camail> my thermostat ran out of batteries last night and its sooo cooold
17:48:19 -!- BioPhone [~androirc@108-72-8-181.lightspeed.stlsmo.sbcglobal.net] has joined #tlponies
17:59:44 <Runbunny> O:
18:04:12 -!- BioPhone [~androirc@108-72-8-181.lightspeed.stlsmo.sbcglobal.net] has joined #tlponies
18:19:48 <BioPhone> Poen
18:19:56 <BioPhone> Phon is struggle
18:22:18 <Camail> phone is strugle, true
18:24:36 <Dot|Phone> Pon
18:32:18 <Camail> dort
18:32:30 <Camail> everyone is phone
18:37:06 <Rawr|Fone> Phone is great
18:50:25 -!- DuB` [webchat@cloak-86dri4yk.slkc.qwest.net] has joined #tlponies
18:50:36 -!- carcinisation [~thomas@cpc76294-cosh16-2-0-cust297.6-1.cable.virginm.net] has joined #tlponies
18:50:36 -!- mode/#tlponies [+v carcinisation] by Q
18:52:24 -!- BioPhone [~androirc@108-72-8-181.lightspeed.stlsmo.sbcglobal.net] has joined #tlponies
19:02:51 <Rawr|Fone> DuB` friend
19:31:59 <Dot|Phone> I may get Internet by the 17th cam 
19:31:59 <Dot|Phone> So phone till then... 
19:32:26 <Camail> i heard british internet is at a stand still
19:32:43 <Camail> that's balls
19:46:56 -!- reification [~thomas@cpc76294-cosh16-2-0-cust297.6-1.cable.virginm.net] has joined #tlponies
19:46:56 -!- mode/#tlponies [+v reification] by Q
19:54:54 <Micen> Hello!
19:55:24 <Rawr|Fone> Hai moocen!
19:55:31 <Micen> Hi Rawr!
19:55:34 <Rawr|Fone> It's almost a new year!
19:55:39 <Micen> No. 
19:55:45 <Micen> Its almost a new decade. 
19:56:02 <Rawr|Fone> I think it's both actually
19:59:26 <Runbunny> Happy new years friends.
19:59:31 <Runbunny> It's time to leave.
20:00:48 <reification> happy new year bun
20:12:25 <DuB`> Dot|Phone: whaaaat
20:12:29 <DuB`> That's awful T_T
20:14:55 <BioPhone> Tell them to stahp making horses sad
20:15:57 -!- carcinisation [~thomas@cpc76294-cosh16-2-0-cust297.6-1.cable.virginm.net] has joined #tlponies
20:15:57 -!- mode/#tlponies [+v carcinisation] by Q
20:19:48 <Dot|Phone> Life is suffering
20:20:34 <Dot|Phone> So I'm watching indiana Jones
20:21:22 <DuB`> I do laundry and pack for airplane tonight now
20:21:30 <Dot|Phone> Gl horse
20:38:45 <carcinisation> dot i have gotten the game
20:39:09 <Dot|Phone> Which one? 
20:39:29 <carcinisation> the one without a name
20:39:30 <Dot|Phone> Dorf Fort? The best game
20:39:46 <Dot|Phone> Hmm
20:39:54 <Dot|Phone> Honk
20:39:57 <carcinisation> the one where you honk
20:48:21 <Dot|Phone> May you terrorise and honk without fear of retribution 
21:46:30 -!- Crisium [~Crisium@c-24-3-150-105.hsd1.pa.comcast.net] has joined #tlponies
21:46:44 <Dot|Phone> Crisium! 
21:46:53 <Crisium> ahoy matey
22:19:04 -!- skram [~skram@178.239.173.200] has joined #tlponies
22:20:20 <Rawr|Fone> Jonas!
22:20:20 <skram> hi
22:20:24 <Rawr|Fone> Dearest friend
22:20:26 <skram> Henrik old pal
22:21:03 <Rawr|Fone> It's almost midnight
22:22:19 <skram> so it is
22:38:26 <Dot|Phone> Jonas friend 
22:38:28 <Dot|Phone> You made it
22:39:52 <Crisium> US will stay in this decade for another 6 hours
22:39:55 <Crisium> we will not relent
22:41:12 <skram> friggin a m e r i c a n s ay
22:41:25 <skram> dot pal are you in the future yet
22:42:23 <Dot|Phone> Skram I am an hour behind you
22:42:29 <skram> oh
22:42:30 <skram> right
22:42:42 <Dot|Phone> It's tricky to be in your future
22:43:23 <skram> id like to be in a different timeline pls
22:43:34 <reification> just reverse the earths rotation dot
22:43:39 <reification> or move east
22:43:44 <reification> whichever you prefer
22:43:45 -!- Rial [~Rial@p2668219-ipngn201306tokaisakaetozai.aichi.ocn.ne.jp] has joined #tlponies
22:44:04 <Cane> It's almost time for us to time travel, fellow Europeans. <3
22:44:13 <skram> Rial's in the future though
22:44:40 <Rial> Morning ☀
22:45:59 <skram> How's 2020 lookin'
22:46:15 <reification> morning rial, it feels like you only just went to bed but it's 7 hours ago :O
22:46:20 <Cane> Hiya Rial! <3
22:46:26 <Cane> Happy 2020.
22:46:45 <Rial> Ah yes, it's exactly 7 hours ago since I went to sleep, lol
22:46:59 <Rial> Cane, hey hey! Thanks -- many wil be here on the other side
22:47:03 <Rial> I feel normal lol
22:49:09 <reification> ... https://twitter.com/LordFuckSupreme/status/1211391729221419008
22:49:58 <skram> its fiiiiiine
22:50:14 <skram> no more than 3.6 roentgens
23:00:57 <reification> happy new year to the euros
23:01:00 <Crisium> happy new year EUs
23:01:15 <reification> i shall see you all tomorrow. g'night
23:01:52 <Dot|Phone> Gnight Reif
23:04:33 <tredc> Happy new year
23:07:26 <skram> happy new year, pals
23:11:07 <Dot|Phone> Happy new year scandanavian horses
23:13:21 <Cane> Happy new year! <3
23:24:20 <DuB`> You futurefolks
23:29:26 <skram> abort abort
23:29:33 <skram> the future is filled with explosions
23:35:33 <Dot|Phone> Sounds perfect
23:41:16 <Rawr|Fone> Horses
23:41:20 <Rawr|Fone> Happy new year
23:46:09 -!- skrma [~skram@194.127.172.101] has joined #tlponies
23:47:08 <Rial> lol skram
23:53:57 <Dot|Phone> Skrams first act in the new year is degeneracy
23:54:11 <skrma> D:
23:54:14 <skrma> what are you talking about
23:55:09 <Dot|Phone> I wee that A
23:55:53 <Dot|Phone> See
23:56:29 <skrma> slander
23:56:51 <Rawr|Fone> Jonas
23:57:14 <skrma> henrik dear boy
23:57:33 <Rawr|Fone> Luv u jonas dear
23:57:44 <skrma> <3<3
23:58:39 <Dot|Phone> Well just finished second  indiana Jones movie
23:58:42 <Dot|Phone> I'm mainly here to malign your character skram
23:59:27 <skrma> so rude
