00:18:58 <Crisium> atlanta > nyxl
00:20:23 <DuB`> Whoa weird
00:20:35 <DuB`> They've been doing so poorly this stage too >_>
00:21:39 <DuB`> Guaranteed series loss if it hits overtime, wow :O
00:21:47 <DuB`> Phew
00:21:55 <Crisium> wow they clutch to stay alive
00:23:39 <DuB`> NYXL can't lose their streak before vancouver! D:
00:23:41 <DuB`> Oh noey
00:24:31 <DuB`> rip
00:24:43 -!- Dot` [~quassel@90.212.76.86] has joined #tlponies
00:25:12 <Crisium> well, there it is
00:30:13 -!- Dot [~quassel@90.212.76.86] has joined #tlponies
00:31:00 -!- BioPhone [~androirc@97.70.165.146] has joined #tlponies
00:32:32 <DuB`> No LAG or Chengdu today, boo
00:33:21 <DuB`> Positive of NYXL losing: LAG will be at the otp of the stage with SF and Vanc
00:33:29 <DuB`> the top*
00:39:06 -!- BioPhone [~androirc@97.70.165.146] has joined #tlponies
00:46:06 -!- BioPhone [~androirc@97.70.165.146] has joined #tlponies
01:04:23 -!- BioPhone [~androirc@97.70.165.146] has joined #tlponies
01:20:38 -!- BioPhone [~androirc@97.70.165.146] has joined #tlponies
01:34:19 <Bio> <3
01:36:23 <Crisium> pon
01:37:54 <Bio> ser pon
02:06:43 -!- Dot` [~quassel@90.212.76.86] has joined #tlponies
02:47:03 -!- Dot [~quassel@90.212.76.86] has joined #tlponies
03:10:21 -!- Dot` [~quassel@90.212.76.86] has joined #tlponies
04:32:52 -!- Dot [~quassel@90.212.76.86] has joined #tlponies
04:53:41 -!- Dot` [~quassel@90.212.76.86] has joined #tlponies
05:24:13 -!- Rawr|Phone [~AndChat52@c213-89-110-176.bredband.comhem.se] has joined #tlponies
05:25:51 -!- Rawr|Fone [~AndChat52@m83-185-87-208.cust.tele2.se] has joined #tlponies
06:00:13 <Dot`> mornign pons <3
06:05:47 <DuB`> Dot!
06:05:52 <DuB`> DoooOOOOOOOoooOoOoOot!
06:05:57 <DuB`> What are you DOING!
06:06:04 <Dot`> DaaaAAAAaaaab
06:06:09 <Dot`> I DONT KNOW
06:06:40 <DuB`> Saturdays are for sleeping in, not waking up at  7am!
06:06:49 <Dot`> bike ride
06:07:21 <DuB`> Bracing
06:13:18 <Dot`> if we ever manage to leave the house lol
06:13:56 <DuB`> Ah, haven't departed yet? :P
06:14:39 <Dot`> "we must leave before 7" - Mother who only woke me up at 7:10 
06:14:50 <DuB`> Hehehe
06:14:58 <Dot`> well i was ready at 7:15
06:15:29 <Dot`> what you up to dub
06:15:45 <DuB`> Livinng my best life
06:15:51 <Dot`> great
06:15:54 <DuB`> Eating a big bowl of cheesy pasta at midnight 
06:20:54 <DuB`> Made more progress on study for the BIG exam on monday than I planned to today, good day
06:23:18 <Dot`> nice
06:23:27 <Dot`> i need to still finish dnd planning
06:23:34 <Dot`> going to send you all for a picnic
06:24:25 <DuB`> O boy :D
06:26:02 <DuB`> picnic panic
06:31:52 <Dot`> time to go i guess, later dub <3
06:32:02 <Dot`> cellphone signal is spotty at best in the peak district
06:35:01 <DuB`> glhf
06:36:57 -!- Dot [~quassel@90.212.76.86] has joined #tlponies
07:18:47 -!- Camail [~Camail@45.40.84.145] has joined #tlponies
07:18:47 -!- mode/#tlponies [+v Camail] by Q
07:37:09 <CockRoach|42> morning horses
08:04:18 -!- Runbunny [~Runbunny@91.100.28.10.generic-hostname.arrownet.dk] has joined #tlponies
08:04:26 <Runbunny> it's a morning
08:09:35 <CockRoach|42> it is indeed
08:09:57 <CockRoach|42> and what a glooooorious morning it is!
09:05:46 -!- reification [~reificati@cpc76294-cosh16-2-0-cust297.6-1.cable.virginm.net] has joined #tlponies
09:05:46 -!- mode/#tlponies [+v reification] by Q
09:12:04 <reification> morning tlp
09:12:42 <reification> runbunny https://twitter.com/StarPeaceArt/status/1119426179788886016
09:12:50 <Runbunny>  Me!
09:12:56 <reification> cr|42 https://twitter.com/GojiNintendo/status/1118931014561099777
09:13:44 <Runbunny> Aqua is smartest.
09:16:08 <reification> .tell bio https://pbs.twimg.com/media/D4X972uWAAAxpKZ.jpg
09:16:40 <Runbunny> .tell Dot https://i.imgur.com/gfNAcf3.mp4
09:17:57 <reification> in case anyone would like to know how uk politics is going https://twitter.com/PunishedAd/status/1118962798183243782
09:34:37 <Runbunny> reification, https://i.imgur.com/YZDIFDE.jpg
09:38:11 <Runbunny> Rawr|Fone, https://i.imgur.com/LluMIuX.mp4
09:40:16 <Rawr|Fone> 🤔
09:41:08 -!- Rawr|Phone [~AndChat52@m83-185-87-208.cust.tele2.se] has joined #tlponies
10:58:18 -!- Dot [~quassel@90.212.76.86] has joined #tlponies
10:58:53 <Dot> I back
10:59:24 <Dot> Hello horses <3
11:13:50 <reification> runbun what a thoughtful chap
11:14:22 <reification> also those are some floofy pigs
11:15:36 <reification> oh wait he did it in indonesia! that's not gonna end well for him...
11:16:36 <CockRoach|42> reification: <3
11:25:52 <Runbunny> Provided they can track him down.
12:00:32 -!- Methos [~methos@23.226.129.178] has joined #tlponies
12:01:43 <Dot> .tell crisium https://imgur.com/gallery/DOfpPeC
13:42:20 -!- Rawr|Fone [~AndChat52@c213-89-110-176.bredband.comhem.se] has joined #tlponies
13:42:58 -!- Rawr|Phone [~AndChat52@m83-185-87-208.cust.tele2.se] has joined #tlponies
13:44:27 -!- Rawr|Pone [~AndChat52@c213-89-110-176.bredband.comhem.se] has joined #tlponies
13:49:27 <reification> walk time. laters all
13:49:43 -!- Rawr|Fone [~AndChat52@m83-185-87-208.cust.tele2.se] has joined #tlponies
14:07:51 -!- tredc [~tredc@c83-254-129-166.bredband.comhem.se] has joined #tlponies
14:11:38 -!- Rawr|Phone [~AndChat52@c213-89-110-176.bredband.comhem.se] has joined #tlponies
14:33:59 <Dot> .tell skram https://imgur.com/gallery/vGaizEU
14:34:01 <Dot> look runbun
15:15:48 -!- skram [~skram@82.147.53.175] has joined #tlponies
15:23:17 <Dot> skram friend <3
15:25:59 <skram> dot pal <3
15:26:31 <skram> have you seen heckboy yet
15:26:59 <Dot> its not uploaded to the nice sites i use yet
15:27:46 <Dot> i hear its a train wreck
15:27:49 <skram> you're 1st world now
15:27:54 <skram> get netflix
15:28:41 <Dot> nah, i decided i need to waste my money on a netbook first
15:29:38 <skram> get one of those thinkpad x series that all the cool kids use
15:30:42 <Dot> lol, it has the keyboard nub
15:32:14 <skram> hackers use the nub exclusively
15:33:22 <Dot> its an old classic
15:34:54 <skram> why do you need a laptop dotties
15:36:27 <Dot> no no, i dont NEED a laptop
15:37:21 <Dot> but having one is nice, my old one died 4 years ago
15:37:34 <Dot> will also be usefulll for when i go to australia later in the year
15:37:49 <skram> whoah you're going to australia?
15:38:05 <Dot> yea, did i mention it?
15:38:11 <Dot> brother is getting married
15:38:17 <Dot> and he lives in bloody australia
15:38:31 <Dot> very inconsiderate
15:38:37 <skram> oh yah
15:39:09 <skram> think you did mention it actually
15:40:25 <reification> make sure you take your ground harness
15:40:39 <Dot> i need to get it checked for rust
15:40:43 <skram> of course
15:40:51 <skram> drop bear shield too
15:44:04 <Bio> nothing protects from drop bears
15:44:42 <skram> titanium umbrella
15:45:14 <Bio> they have unobtainium claws if i recall
15:45:59 <skram> vibranium hat then
15:47:37 <Bio> hmm
15:47:52 <Bio> I feel like if the drop bears want you skrm
15:47:55 <Bio> they'll get u
15:48:29 <Runbunny> Dot you better not die.
15:48:52 <Dot> well my throught is already really sore
15:49:01 <Dot> so lets see if we make it through this first
15:49:08 <skram> your what??
15:50:02 <Dot> throat
15:50:14 <Dot> i had already moved on to spelling through  corrently
15:50:23 <skram> haha
15:51:06 <Bio> never change dot
15:59:58 -!- Rawr|Fone [~AndChat52@c213-89-110-176.bredband.comhem.se] has joined #tlponies
16:01:10 -!- Rawr|Pone [~AndChat52@m83-185-85-181.cust.tele2.se] has joined #tlponies
16:02:48 <Dot> what you up to skram
16:18:11 <Runbunny> Still disconnecting when you ping him Dot.
16:19:36 <Dot> yea :(
16:23:48 -!- Rawr|Fone [~AndChat52@84-217-62-32.customers.ownit.se] has joined #tlponies
17:00:53 <reification> this kid is pretty good at chess :O https://www.youtube.com/watch?v=m8fXdvNe_r0
17:02:14 -!- DuB` [DuB@66-219-235-226.dynamic.ip.veracitynetworks.com] has joined #tlponies
17:02:26 <Dot> dub
17:02:29 <reification> hello dubbles
17:02:43 <DuB`> Good morn
17:09:52 <Runbunny> Hai Dub.
17:13:42 -!- Camail [~Camail@45.40.84.145] has joined #tlponies
17:13:42 -!- mode/#tlponies [+v Camail] by Q
17:15:32 <Camail> its almost jesus day: the sequel 
17:19:58 <Runbunny> Hai Camail.
17:20:15 <Camail> hello runbun
17:20:29 -!- Crisium [~Crisium@c-73-174-151-51.hsd1.pa.comcast.net] has joined #tlponies
17:25:11 <Camail> runbun pc KT came out, and i was looking at the event quests, are they all coming back next week?
17:26:27 <Camail> i do kindaaaa want to build something to do p1 runs but i also greatly dislike lootbox monster girl
17:34:21 <Camail> god, i'm so close to getting a reddit account exclusively to block terrible subs
17:46:46 <reification> do you not just go to the subs you want?
18:16:39 <reification> rawr dot https://twitter.com/mayapolarbear/status/1119313464156094465
18:16:41 -!- skram [~skram@82.147.53.175] has joined #tlponies
18:16:49 <reification> wb skram
18:17:46 <Rawr|Fone> That is a nice dog reef reef
18:17:55 <skram> thanks mr reif
18:18:06 <Rawr|Fone> Jonas
18:18:51 <skram> So sometimes when I get migraines I get visual fuckery beforehand (auras) and today I had a new and scary one where I just sorta lost my peripheral vision??
18:19:05 <skram> Kjære Henrik, min gamle venn
18:21:12 <Rawr|Fone> That doesn't sound good darling
18:22:05 <DuB`> skram PLS healthy
18:23:58 <DuB`> Are we 40 min or 1h40min I forget
18:24:08 <skram> Its just a thing that happens and theres not really anything you can do about it, rawr
18:30:28 <reification> dub this figure looks pretty comfy 
18:30:28 <reification> https://twitter.com/jlist/status/1119453643537883137
18:30:59 <DuB`> Best comfy show #1
18:31:03 <skram> i didnt know you could get these with clothes on em reif
18:35:34 <reification> it's ok you can still get your fave types skram
18:37:07 <Dot> dub, 23 minutes
18:37:44 <Rawr|Fone> Skram if you come to sweden I can give you a hug at least
18:38:17 <Dot> skram, my Manager has the same thing when he gets migraines
18:39:05 <Runbunny> Camail, I haven't really looked at monhun for a while now.
18:39:09 <skram> i would like that, rawr
18:39:14 <skram> yeh its pretty common Dot
18:39:23 <Runbunny> Might just wait for Expansion.
18:39:46 <Camail> that's gonna be a very long time for us
18:40:43 <Runbunny> Hmpf.
18:59:57 <Dot> skram
19:00:11 <Dot> are you still megrain?
19:00:15 <Dot> no dnd foryou?
19:02:21 <skram> ill be alright, need a minute to run and find drugs
19:19:37 <Camail> find the best drugs
19:43:32 <skram> i got strong coffee and chocolate
19:57:39 -!- carcinization [~reificati@cpc76294-cosh16-2-0-cust297.6-1.cable.virginm.net] has joined #tlponies
19:57:40 -!- mode/#tlponies [+v carcinization] by Q
20:01:58 -!- Crisium|2 [~Crisium@104.194.218.212] has joined #tlponies
20:06:50 <skram> .tell Rawr|Fone https://www.youtube.com/watch?v=tPuKyeVsfZY&feature=youtu.be
20:15:27 <Rawr|Fone> This is wonderful skram
20:16:11 <reification> https://twitter.com/klara_sjo/status/1118623743025217537
20:30:30 -!- carcinization [~reificati@cpc76294-cosh16-2-0-cust297.6-1.cable.virginm.net] has joined #tlponies
20:30:31 -!- mode/#tlponies [+v carcinization] by Q
21:04:45 -!- Crisium [~Crisium@c-73-174-151-51.hsd1.pa.comcast.net] has joined #tlponies
21:17:23 <Camail> skram go to sleep
21:22:09 <skram> haha
21:22:09 <skram> no
21:54:24 -!- reification [~reificati@cpc76294-cosh16-2-0-cust297.6-1.cable.virginm.net] has joined #tlponies
21:54:24 -!- mode/#tlponies [+v reification] by Q
21:55:52 <reification> neighbours just came round to let us know water was pouring out the side of our house :/
21:56:10 <reification> good job they noticed cause it was spraying into the loft too
21:56:25 <Camail> is it raining or a plumbing nightmare
21:56:48 <reification> cold water tank plumbing borked
21:57:02 <Camail> rip
21:57:03 <reification> also stopcock in the house doesn't
21:57:23 <reification> had to go out use the one in the street
21:59:08 <reification> sister had her bathroom ceiling collapse from water damage a few years ago so i've seen that's worth missing
22:06:57 <skram> stopcock?
22:07:51 <reification> .wiki stopcock
22:08:31 <skram> oh okay
22:08:56 <reification> not as exciting as you hoped?
22:10:14 <Camail> it can be sexy if you try
22:10:25 <skram> i was worried when you said your stopcock doesnt, as if you cant stop the cocking
22:13:38 <Dot> skram https://imgur.com/gallery/vZOJRqe
22:14:08 <skram> adventurekitty
22:14:30 <reification> very trustworthy captain
22:15:36 <Dot> runbun
22:27:54 <Runbunny> Dpt.
22:28:23 <Runbunny> Dot*
22:28:45 <Dot> here https://imgur.com/gallery/J5tRu82
22:31:40 <DuB`> fuwa fuwa
22:31:46 <Runbunny> Fox!
22:31:56 <reification> you should also be pinging me for senko dot
22:32:16 <Dot> i dont know what a senko is
22:32:54 <DuB`> That it senko!
22:32:57 <DuB`> is
22:33:01 <Runbunny> Indeed
22:33:11 <Runbunny> 800 year old loli
22:33:11 <DuB`> cozy wholesome fluff
22:36:40 <DuB`> Dot is going to need to become a weeb expert to know who to ping with what
22:37:23 <Bio> I found some food
22:37:32 <Bio> and some DEGENERACY I SEE
22:38:04 <reification> in this case ping runbun and reif for anime girl with animal ears and dub for cozy and fox. easy
22:38:29 <reification> hello bio
22:38:43 <Runbunny> Hai bio.
22:38:47 <reification> today was a day i got surprise pizza
22:39:11 <Bio> and its not even friday
22:39:18 <Bio> a true surprise
22:42:20 <skram> this is an anime channel now
22:42:39 <Runbunny> It has been for quite a while.
22:43:27 <Dot> Pony was an anime skram
22:44:28 <skram> oh fuck
22:45:15 -!- carcinization [~reificati@cpc76294-cosh16-2-0-cust297.6-1.cable.virginm.net] has joined #tlponies
22:45:15 -!- mode/#tlponies [+v carcinization] by Q
22:47:40 <skram> dot are you the busy
22:47:50 <Dot> no
22:47:56 <Dot> what you need?
22:47:59 <skram> will you test my stream
22:48:05 <Dot> sure
22:48:21 <skram> https://www.twitch.tv/skrammen
22:53:29 <Camail> pepsi man? dank
22:54:55 <Runbunny> Sleeps.
22:55:26 <Camail> random suggestion, you rarely have to stream at 1080 because people dont full screen streams much, doing 900with 60fps makes it so your bitrate can stay the same and get better quality
22:55:40 <Camail> some people even stick with 720/60
22:55:53 <Camail> .tell runbunny how dare you
23:45:20 <skram> wew
23:45:29 <skram> i need a shower
23:58:14 <DuB`> Take one you sweatyboi
23:58:23 <DuB`> Get a REFRESSHH
