00:30:36 <skram> he real good at making bubbles
00:34:28 <Camail> i make 5 bubbles
01:12:08 -!- Rawr|Fone [~AndChat52@c-4eb4e655.020-164-6d6c6d4.bbcust.telenor.se] has joined #tlponies
02:37:15 -!- Rawr|Fone [~AndChat52@c-4eb4e655.020-164-6d6c6d4.bbcust.telenor.se] has joined #tlponies
04:27:39 -!- Rawr|Fone [~AndChat52@c-4eb4e655.020-164-6d6c6d4.bbcust.telenor.se] has joined #tlponies
06:29:07 <DoT|Phone1> Morning pons
07:03:05 -!- Rawr|Fone [~AndChat52@c-4eb4e655.020-164-6d6c6d4.bbcust.telenor.se] has joined #tlponies
07:09:48 <Rawr|Fone> .tell runbunny thank you dear
07:16:56 -!- DoT|Phone [~Dot@85.255.237.40] has joined #tlponies
07:26:21 <DoT|Phone> Rawr Rawr Rawr
07:26:32 <DoT|Phone> 💖💖💖
07:27:31 <Rawr|Fone> DoT DoT DoT
07:27:34 <Rawr|Fone> 💖💖💖
07:28:13 <DoT|Phone> how you today Rawr
07:32:45 <Rawr|Fone> Pretty much just woke up dot
07:32:52 <Rawr|Fone> How are you?
07:32:56 <DoT|Phone> so late
07:33:05 <Rawr|Fone> Did you get my .tell?
07:33:26 <Rawr|Fone> Snela
07:34:32 <DoT|Phone> yes, pics of spike are the best thing for mornings
07:35:46 <DoT|Phone> what a puppy
07:39:11 <Rawr|Fone> ❤
07:40:04 <DoT|Phone> ❤
07:47:35 -!- Runbunny [~Runbunny@91.100.28.10.generic-hostname.arrownet.dk] has joined #tlponies
07:49:16 <Rawr|Fone> Anders.
07:53:47 <Runbunny> Henrik.
08:02:21 <DoT|Phone> Runbun!
08:02:39 <Runbunny> Hai Dot.
08:06:07 -!- Rawr|Fone [~AndChat52@c-4eb4e655.020-164-6d6c6d4.bbcust.telenor.se] has joined #tlponies
08:11:50 <Runbunny> Rawr|Fone, was it your dog you linked to Dot last night?
08:12:37 <Rawr|Fone> It is my girlfriends parents dog
08:12:51 <Rawr|Fone> I am taking care of him this month
08:17:16 <Runbunny> You're a good boy Henrik.
08:17:20 <Runbunny> So is the dog.
08:36:41 -!- Golly [Golly@cm-84.213.21.103.getinternet.no] has joined #tlponies
08:41:54 -!- DoT|Phone1 [~Dot@85.255.235.227] has joined #tlponies
08:48:34 -!- DoT|Phone [~Dot@185.69.145.143] has joined #tlponies
08:51:23 -!- DoT|Phone2 [~Dot@85.255.235.227] has joined #tlponies
09:34:52 <Rawr|Fone> You are great runbunny
10:04:20 -!- BioSC [~BioPon@97.70.165.146] has joined #tlponies
10:06:16 <DoT|Phone2> bio please
10:09:28 -!- skram [~skram@134.19.189.132] has joined #tlponies
10:10:25 <DoT|Phone2> the Jonas horse
10:10:29 <DoT|Phone2> <3
10:10:40 <skram> boy**
10:10:50 <skram> bjørn you rude lad <3
10:10:54 <DoT|Phone2> boy horse
10:11:00 <skram> no horse
10:11:05 <Rawr|Fone> Jonas
10:11:11 <Rawr|Fone> My favorite horse
10:11:13 <skram> henrik
10:11:15 <skram> nej
10:11:21 <Rawr|Fone> Jo
10:11:40 <skram> faan
10:12:57 -!- skrma [~skram@82.102.22.222] has joined #tlponies
10:14:46 <Rawr|Fone> No swearing please
10:15:28 <skrma> fuk
10:28:28 -!- skram [~skram@185.132.132.183] has joined #tlponies
10:40:37 -!- skrma [~skram@82.102.27.236] has joined #tlponies
10:49:08 <Rawr|Fone> Do you have to work today skram
10:52:44 <skrma> yarp
10:53:08 <skrma> unending labor, henrik
10:53:28 <Rawr|Fone> :/
11:04:34 -!- Rawr|Phone [~AndChat52@m83-185-94-47.cust.tele2.se] has joined #tlponies
11:16:02 <DoT|Phone2> there is always an end Jonas
11:18:14 <skrma> yeah its called death
11:18:34 <DoT|Phone2> the long nap
11:19:11 -!- tredc [~tredc@c83-254-129-166.bredband.comhem.se] has joined #tlponies
11:30:07 -!- DoT|Phone [~Dot@148.252.128.130] has joined #tlponies
11:50:41 -!- BioPone [~androirc@mobile-166-170-27-163.mycingular.net] has joined #tlponies
11:59:09 <Rawr|Phone> Pon pon
11:59:10 -!- skram [~skram@82.102.27.236] has joined #tlponies
12:07:43 <Rawr|Phone> 🐴🐴🐴
12:08:49 <DoT|Phone> Rawr Rawr
12:11:32 <Rawr|Phone> DoT DoT
12:11:37 <Rawr|Phone> Skram left us
12:13:34 <DoT|Phone> he'll be back
12:14:55 -!- BioPone [~androirc@12.33.239.117] has joined #tlponies
12:17:39 <Rawr|Phone> Are you sure dot
12:25:27 -!- BioPone [~androirc@12.33.239.117] has joined #tlponies
12:36:26 <DoT|Phone> I have faith in him Rawr
12:56:13 <Rawr|Phone> Hmm
12:57:05 -!- Cane [~Cane@CaneCraft.users.quakenet.org] has joined #tlponies
12:57:05 -!- mode/#tlponies [+o Cane] by Q
12:58:07 <DoT|Phone> hey cane
12:58:15 <Cane> Hiya. <3
12:59:39 <DoT|Phone> cane, thoughts on cataclysm: DDA
13:01:09 <Cane> DoT|Phone, I haven't played it but it's been on my radar for a while now. I always intend to pick it up but then I get sidetracked by my other hundred game projects.
13:01:46 <Cane> It's an interesting idea but I wish it was a little more directed.
13:12:18 -!- BioPone [~androirc@12.33.239.117] has joined #tlponies
13:25:38 -!- BioPone [~androirc@12.33.239.117] has joined #tlponies
13:53:30 -!- BioPone [~androirc@12.33.239.117] has joined #tlponies
13:53:45 -!- Rawr|Fone [~AndChat52@c-4eb4e655.020-164-6d6c6d4.bbcust.telenor.se] has joined #tlponies
14:05:18 <Rawr|Fone> DoT
14:05:30 <Rawr|Fone> Skram isn't back yet
14:22:41 <DoT|Phone> it is getting a bit worrying Rawr
14:23:19 <Rawr|Fone> I hope he brought his helmet
14:25:53 <DoT|Phone> probably not, he's a rebel you know
14:26:10 <Rawr|Fone> D:
14:27:12 <Runbunny> O:
14:28:27 <BioPone> Poen
14:38:29 <BioPone> F
14:51:17 -!- Rawr|Fone [~AndChat52@c-4eb4e655.020-164-6d6c6d4.bbcust.telenor.se] has joined #tlponies
14:56:07 -!- Micen [~Micen@h186.243.40.162.dynamic.ip.windstream.net] has joined #tlponies
14:57:30 <DoT|Phone> hi bio, micen
14:57:34 <Micen> hello 
15:15:50 -!- skrm [webchat@pioj.eid3.887x.ip] has joined #tlponies
15:18:34 <DoT|Phone> Skram please
15:18:39 <Rawr|Fone> Skrm!
15:18:43 <Rawr|Fone> He made it dot
15:18:47 <Rawr|Fone> He's back
15:18:54 <DoT|Phone> I'm glad Rawr
15:19:11 <Rawr|Fone> Me too
15:19:24 <DoT|Phone> maybe he was responsible and wore his helmet for once
15:21:53 <Rawr|Fone> Maybe
15:40:34 <DoT|Phone> how you doing Rawr
15:45:39 <Rawr|Fone> Good dot, cleaning the apartment before I go play table tennis
15:45:52 -!- DoT|Phone1 [~Dot@83.71.208.46.dyn.plus.net] has joined #tlponies
15:48:51 -!- BioPone [~androirc@mobile-166-170-27-204.mycingular.net] has joined #tlponies
15:51:26 <Runbunny> Time to make some food.
15:52:30 -!- Dot` [webchat@cloak-vnm1j07w.71.208.46.dyn.plus.net] has joined #tlponies
15:55:12 <Runbunny> Dot dot you made it home.
15:56:50 <BioPone> Wonderful
16:00:04 -!- BioPone [~androirc@mobile-166-170-27-204.mycingular.net] has joined #tlponies
16:00:14 <Dot`> i did!
16:00:20 <Dot`> another success
16:06:32 <CockRoach|42> dot is so good
16:10:17 <Rawr|Fone> One of the very best pons
16:10:46 <Rawr|Fone> Jonas has been silent since he got back dot, do you think he forgot the hand attachment for his hooves?
16:15:03 <Runbunny> I thought Jonas was a hedge not a horse.
16:16:29 <Rawr|Fone> Hmm
16:17:49 <Dot`> hedge horse
16:20:00 -!- reification [~thomas@cpc76294-cosh16-2-0-cust297.6-1.cable.virginm.net] has joined #tlponies
16:20:00 -!- mode/#tlponies [+v reification] by Q
16:23:44 <Rawr|Fone> Reef reef!
16:23:49 <Rawr|Fone> Good evening
16:29:08 -!- Rawr|Phone [~AndChat52@m83-185-88-249.cust.tele2.se] has joined #tlponies
16:42:30 -!- Camail [~Camail@45.40.84.145] has joined #tlponies
16:42:30 -!- mode/#tlponies [+v Camail] by Q
16:42:40 <reification> roar roar
16:43:03 <reification> https://twitter.com/cursedPC/status/1173687468975099905
16:44:10 <reification> .tell phearlock could be interesting https://store.steampowered.com/app/922100/Nauticrawl/
16:45:33 <Camail> pls
16:45:47 <reification> cam
16:45:54 <Camail> no one is paying attention t reif
16:45:56 <Camail> yall are rude
16:45:58 <Camail> hi reif
16:50:49 -!- BioPone [~androirc@mobile-166-170-27-204.mycingular.net] has joined #tlponies
16:57:57 <Dot`> hey reof, cam
17:04:19 <Camail> hullo
17:08:03 <Camail> skrm  we forgot to kill a god in act 6
17:21:33 -!- carcinisation [~thomas@cpc76294-cosh16-2-0-cust297.6-1.cable.virginm.net] has joined #tlponies
17:21:33 -!- mode/#tlponies [+v carcinisation] by Q
17:31:42 <skrm> aint got time for that camster
17:31:43 <skrm> gotta go fsat
17:31:58 <skrm> also henrik y u booly me
17:33:23 <skrm> hey Dot` the midnight is playing in oslo next month
17:33:28 <skrm> i should go
17:38:35 <Dot`> yes
17:38:40 <Dot`> also
17:38:43 <Dot`> who are midnight?
17:47:06 <skrm> D:
17:47:27 <skrm> these guys https://www.youtube.com/watch?v=-A1_atkAQhY
17:49:24 <Dot`> is this a 70's band?
17:53:17 <skrm> its brand new
18:02:43 <Dot`> is the concernt in an abandoned theme park?
18:08:33 -!- BioPone [~androirc@mobile-166-170-27-204.mycingular.net] has joined #tlponies
18:15:46 -!- BioPone [~androirc@mobile-166-170-27-204.mycingular.net] has joined #tlponies
18:19:38 <Rawr|Phone> I care about you skrm
18:41:02 -!- BioPone [~androirc@mobile-166-170-27-204.mycingular.net] has joined #tlponies
18:45:49 -!- Rawr|Fone [~AndChat52@m77-218-228-235.cust.tele2.se] has joined #tlponies
18:46:42 -!- Rawr|Pone [~AndChat52@c-4eb4e655.020-164-6d6c6d4.bbcust.telenor.se] has joined #tlponies
19:10:53 -!- Rawr|Fone [~AndChat52@c-4eb4e655.020-164-6d6c6d4.bbcust.telenor.se] has joined #tlponies
19:29:58 <Dot`> pon pon
19:30:58 <reification> dot dot
19:32:10 <BioPone> Pon?
19:42:14 <Dot`> pon!
19:57:41 <skrm> is this what you're talking about https://www.youtube.com/watch?v=yzC4hFK5P3g
20:01:32 <reification> ?pon
20:03:05 -!- Rawr|Fone [~AndChat52@c-4eb4e655.020-164-6d6c6d4.bbcust.telenor.se] has joined #tlponies
20:11:41 <Runbunny> Kyaru is good.
20:11:54 <Runbunny> But Jona.
20:11:57 <Runbunny> jonas*
20:12:45 <Runbunny> skrm, https://www.youtube.com/watch?v=c64sQsABKcM
20:19:02 <Rawr|Fone> Andårs
20:54:00 <Dot`> CockRoach|42 https://imgur.com/gallery/NY0MKtu
21:19:02 -!- Crisium [~Crisium@c-24-3-150-105.hsd1.pa.comcast.net] has joined #tlponies
21:22:45 <Dot`> crisium <3
21:22:52 <Crisium> mi dot
21:31:46 -!- skram [~skram@82.102.27.236] has joined #tlponies
21:32:47 -!- skrma [~skram@82.147.53.23] has joined #tlponies
21:35:43 <BioSC> hej
21:35:48 <Bio> home pon is me
21:36:19 <reification> wb bio
21:36:44 <Bio> thank
21:37:31 <Dot`> Bio, skram 
21:37:35 <Dot`> hello
21:37:38 <Bio> dot sir
21:37:42 <Dot`> and i sleep now
21:37:45 <Bio> oh noes
21:37:46 <Dot`> gnight <3
21:37:49 <Bio> gnth
21:38:04 -!- skram [~skram@134.19.189.102] has joined #tlponies
21:38:16 <skram> wew
21:38:29 <Bio> skrms
21:38:31 <Bio> hai
21:39:17 <Rawr|Fone> Are you home skram
21:39:20 <skram> bioboi
21:39:22 <skram> yes henrik
21:39:24 <skram> i arrived safely
21:39:38 <Rawr|Fone> Great to hear
21:39:45 <Rawr|Fone> It's bed time though
21:39:52 <Bio> sir pls
21:40:04 <Bio> eu horses need to stay up and interact with us working americanos
21:40:31 <skram> im a grownup and im gonna go to bed when i want, henrik
21:40:54 <Bio> ^
21:48:37 <Dot`> you want to right now skram
21:48:49 <skram> nu uh
22:01:21 -!- Rawr|Fone [~AndChat52@c-4eb4e655.020-164-6d6c6d4.bbcust.telenor.se] has joined #tlponies
22:07:20 -!- skrma [~skram@82.102.22.84] has joined #tlponies
22:10:38 <Camail> skram  i bought a unique for a league challenge, then resold it at a profit
22:10:47 <Camail> that's as much of a win win as you could get
22:11:28 <Camail> he mispriced it below a corrupted version, which can't be anointed, so i snagged it, anointed, then put it on the market immediately
22:32:24 <skrma> you old hustler
22:32:36 <skrma> hey Camail do you wanna play a lil bit
22:32:46 -!- DuB` [DuB@cpe-68-174-122-249.nyc.res.rr.com] has joined #tlponies
22:32:57 <skrma> looks like a DuB`
22:33:20 <DuB`> I hope so
22:34:12 <DuB`> Time to eat every food
22:34:20 <skrma> did you get the falafel
22:34:28 <DuB`> I probably mental-stressed like 1000 calories today
22:34:38 <DuB`> Like that post about chess players that went around recently
22:35:08 <skrma> does stress burn calories
22:35:31 <DuB`> Apparently chess players lose like 20 pounds in a week during tournaments
22:35:32 <Runbunny> Thinking does.
22:37:43 <Bio> dob
22:37:44 <Bio> pls
23:01:22 <Camail> skrma i napped
23:01:22 <Camail> but if you want to play, i will
23:01:22 <skrma> cool cool
23:01:22 <Camail> my new ascendency is fancy
23:01:22 <skrma> does it give you even more bubbles
23:01:36 <Camail> no, sadly
23:01:44 <skrma> shame
23:39:38 <Crisium> DuB' why you stress D:
23:40:04 <DuB`> Werk is hard :P
23:40:13 <DuB`> All good tho
23:40:50 <Crisium> ya, we should replace work with free money
23:42:24 -!- Cane [~Cane@CaneCraft.users.quakenet.org] has joined #tlponies
23:42:24 -!- mode/#tlponies [+o Cane] by Q
