00:15:25 <DuB`> o good
00:19:10 <Camail> also i maybe bought a mini bike
00:19:12 <Camail> but like
00:19:16 <Camail> maybe i did, who knows
01:00:41 -!- Crisium [~Crisium@c-24-3-150-105.hsd1.pa.comcast.net] has joined #tlponies
01:01:45 -!- Rawr|Fone [~AndChat52@c-4eb4e655.020-164-6d6c6d4.bbcust.telenor.se] has joined #tlponies
01:46:20 <Camail> DuB`  concrete reinforced our base, built the bridge to the island, got a minibike, and built an electric fence
01:46:33 <Camail> 10 hours until blood moon
01:46:49 <Camail> we'll play sometime tomorrow, or i might try  solo
01:48:59 -!- Rawr|Fone [~AndChat52@c-4eb4e655.020-164-6d6c6d4.bbcust.telenor.se] has joined #tlponies
02:16:43 -!- skram [~skram@5.79.79.44] has joined #tlponies
02:32:49 <Crisium> Camail they announced Gill for SF5
02:40:47 <Runbunny> DuB`, https://i.imgur.com/eLEnf1u.mp4
02:48:08 <Crisium> birb
02:58:16 <Camail> Runbunny  dub is deep in the monhun mines
03:02:12 <Runbunny> How deep?
03:03:04 <Runbunny> I should get some of the stuff done before ice borne as well.
03:03:14 <Runbunny> like 100 hunter rank quest.,
03:03:24 <Camail> end of november is another festival
03:04:17 <Runbunny> I should also take an hour and just get rid of all the random weapons that I am never gonna use
03:04:56 <Camail> meh
03:05:06 <Runbunny> Is the next festival the winter one?
03:05:11 <Camail> having weapon loadouts makes inventory management pretty moot
03:05:14 <Camail> no idea
03:05:19 <Camail> i was just looking at the schedule
03:05:31 <Camail> and events come back Nov 28th
03:06:26 <Runbunny> Hmm.
03:06:54 <Camail> we can do some atkt then, too
03:27:14 <Runbunny> Oh yes.
03:40:20 -!- Rawr|Fone [~AndChat52@c-4eb4e655.020-164-6d6c6d4.bbcust.telenor.se] has joined #tlponies
04:09:16 <Runbunny> Think I'll go sleep a few hours more.
04:14:09 <Camail> dub wanna join me for the blood moon
04:14:16 <Camail> i'm just gonna get this one over with
04:14:24 <DuB`> Winding down now, gonna read 'n watch doto and sleep soon
04:14:38 <Camail> kk
04:14:50 <DuB`> Got my brother his drachen
04:15:16 <DuB`> Nearly duo'ed behemoth, was in 2nd comet of last phase but ran out of time
04:20:43 <Camail> RIP
04:20:51 <Camail> so electric fenses are quite good
04:20:56 <Camail> fences*
04:31:07 <DuB`> Do you have to hook them up to one of those generator banks somehow?
04:33:50 <Camail> yea you wire em up
04:34:15 <Camail> i kinda panic designed it so the battery placement is bad
04:34:22 <Camail> but its gonna be fine later
04:36:09 <Camail> made it through the night and they didnt even get to the stairs
04:36:35 <DuB`> hah
04:39:26 <Camail> oh also bikes have storage
04:39:41 <Camail> each vehicle has incrementally larger storage
04:39:46 <Camail> did not know that
04:39:53 <Camail> probably should read tutorials
05:06:43 -!- skram [~skram@82.147.53.72] has joined #tlponies
06:10:09 -!- Rawr|Fone [~AndChat52@c-4eb4e655.020-164-6d6c6d4.bbcust.telenor.se] has joined #tlponies
06:17:52 -!- Golly [~kvirc@cm-84.213.21.103.getinternet.no] has joined #tlponies
06:28:57 -!- Dot|Phone [uid393803@2001:67c:2f08:8::6:24b] has joined #tlponies
06:29:20 <Dot|Phone> Morning
06:33:14 <Cane> Hiya Dot!
06:33:18 <Cane> Hope your morning is going well. <3
06:33:28 -!- mode/#tlponies [+vvvvvv Bio Dot|Phone DuB` Emily Golly methos] by Cane
06:33:28 -!- mode/#tlponies [+v Micen] by Cane
06:47:25 <Dot|Phone> ?morning
06:47:36 <Dot|Phone> Hey Cane <3
06:58:22 <DuB`> Oops >_>
06:58:26 <DuB`> G'night :P
07:11:00 -!- Rawr|Fone [~AndChat52@c-4eb4e655.020-164-6d6c6d4.bbcust.telenor.se] has joined #tlponies
07:20:25 <Dot|Phone> Rawr Rawr Rawr
07:20:40 <Rawr|Fone> DoT DoT DoT
07:20:44 <Rawr|Fone> 💖💖💖
07:20:46 <Dot|Phone> 💖💖💖
07:21:32 <Dot|Phone> How did the tourney go
09:26:08 -!- Runbunny [~Runbunny@91.100.28.10.generic-hostname.arrownet.dk] has joined #tlponies
09:41:18 -!- Rawr|Fone [~AndChat52@c-4eb4e655.020-164-6d6c6d4.bbcust.telenor.se] has joined #tlponies
09:41:38 <Dot|Phone> Runbun! 
10:40:20 -!- tredc [~tredc@c83-254-129-166.bredband.comhem.se] has joined #tlponies
12:40:08 <Runbunny> me!
12:48:23 <Dot|Phone> There you are
12:55:21 <Runbunny> Yes!
13:00:08 -!- Rawr|Fone [~AndChat52@c-4eb4e655.020-164-6d6c6d4.bbcust.telenor.se] has joined #tlponies
13:02:30 <Dot|Phone> How you doing
13:09:07 <Runbunny> All right I think.
13:12:36 <Runbunny> What about you friend?
13:16:26 <Dot|Phone> Doing well enough. Getting over this cold
13:17:50 <Runbunny> Ahh.
13:17:59 <Runbunny> I think I fixed my sleep scheduele now.
13:23:09 <Dot|Phone> Great
13:53:05 -!- BioPone [~androirc@mobile-166-176-251-64.mycingular.net] has joined #tlponies
13:59:17 <Dot|Phone> Bio boi
14:16:50 -!- Golly [~kvirc@cm-84.213.21.103.getinternet.no] has joined #tlponies
14:24:26 -!- BioPone [~androirc@12.33.239.117] has joined #tlponies
14:47:32 <Dot|Phone> Runbun,  where is Reif and skram
14:56:05 -!- skram [~skram@5.79.79.44] has joined #tlponies
14:56:49 <Runbunny> Reif is on vacation.
14:56:53 <Runbunny> Skram is right there.
14:58:07 <skram> right behind you
14:58:11 <skram> [tf2 theme song]
15:04:19 <Dot|Phone> Jonas friend
15:04:30 <Dot|Phone> Runbun, where on holiday? 
15:05:44 <skram> europe somewhere
15:05:45 <skram> dot pal
15:06:23 <Dot|Phone> Does he not have a phone? 
15:06:32 <Dot|Phone> Holiday is no excuse
15:06:48 <skram> reif is old
15:08:27 <Dot|Phone> So are you, you have a phone
15:08:41 <skram> you're older than me lel
15:09:06 <Dot|Phone> Don't be jealous 
15:24:02 <skram> im in awe of your geriatric prowess, dotties
15:25:54 <Dot|Phone> I've reached a age many ppl in Africa aspire too 
15:29:16 <BioPone> Asdf
15:29:29 <skram> fdsa
15:29:47 <BioPone> I'm the very tired bois
15:29:56 <BioPone> And it's me own dumb fault
15:29:57 <skram> SAME
15:30:47 <BioPone> Stayed up fuckin so late figuring out who the FUG betrayed me in persona5
15:31:00 <BioPone> Then faked my death
15:31:10 <BioPone> And now I plot my revenge
15:33:50 <BioPone> Standard mind thief stuff
15:44:09 <Runbunny> O:
15:44:46 <Runbunny> I hope it wasn't the cat girl.
15:46:36 <BioPone> It was not. Also the main char has fallen in loves with her and her him so ya know
15:46:59 <BioPone> I played a lot off strim
16:33:03 -!- Dot` [webchat@cloak-vnm1j07w.71.208.46.dyn.plus.net] has joined #tlponies
16:33:21 <BioPone> Asdf
16:45:11 -!- Camail [~Camail@45.40.84.145] has joined #tlponies
16:45:11 -!- mode/#tlponies [+v Camail] by Q
16:45:40 <Camail> no
16:46:55 <BioPone> Maybe
16:59:00 <Camail> k
16:59:15 <Camail> skram we're gonna need car parts the next time we play
16:59:20 <Camail> doesn't have to be today tho
17:11:38 <skram> lets go get car parts camail
17:12:35 <Camail> now?
17:12:46 <skram> yeah
17:12:48 <skram> id you're keen
17:12:51 <skram> if
17:12:54 <Camail> ya
17:13:10 <skram> neato
17:13:47 <skram> hey there's a wasteland 3 coming out
17:13:57 <skram> doesnt say when but wasteland 2 was really good
17:14:05 <Camail> hmm, never played
17:14:10 <Camail> i'll look at it
17:14:57 <skram> its isometric squad-based post nuclear war rpg
17:15:09 <skram> so basically fallout 1/2 but with better textures
17:19:52 <Golly> its a good one 4sur
17:21:38 <Golly> it was kinda weird how it just ditched a game mechanic in the 2nd half with the needing water thing
17:21:52 <Golly> then you suddenly dont anymore, but the game doesnt explain it
17:23:03 <Golly> it also does another interesting choice mechanic early on, that doesnt really happen in the same way later
18:07:16 <Rawr|Fone> 🐴
19:39:21 <Runbunny> We lost Dot.
19:43:31 <Runbunny> skram, https://i.imgur.com/NOwRYsa.mp4
20:07:40 <Dot`> im lost? oh noes!
20:15:27 -!- Crisium [~Crisium@c-24-3-150-105.hsd1.pa.comcast.net] has joined #tlponies
20:18:54 <Runbunny> Dot`, https://i.imgur.com/oxcR3dI.jpg
20:22:31 <Dot`> odd otter, but cute
20:24:45 <Crisium> odder where
20:25:38 -!- CrisPone [uid127042@2001:67c:2f08:7::1:f042] has joined #tlponies
20:30:55 <Micen> hello 
20:31:01 <Crisium> howdy
21:03:01 <Dot`> its so cold
21:03:08 <Dot`> skram i need you to come hug me pls
21:04:03 <Dot`> Crisium! https://imgur.com/gallery/56q4ZeI
21:04:05 <Dot`> odders
21:08:01 <Dot`> runbun
21:08:31 <skram> dot you should get a blanket
21:09:35 <Dot`> your just avoiding hugs
21:10:28 <Camail> dot...we killed so many zombies
21:10:31 <Camail> so so many
21:13:36 <BioPone> I prefer heavy blankets
21:18:06 <Dot`> zombies are ppl too!
21:21:09 <skram> zombies are un-people!
21:22:30 <Dot`> rude, thats very racist skram
21:24:25 -!- DuB` [DuB@cpe-68-174-122-249.nyc.res.rr.com] has joined #tlponies
21:24:39 <DuB`> wew early home
21:25:39 <Camail> dub hello
21:25:41 <Camail> we made a car
21:25:50 -!- Cane [~Cane@CaneCraft.users.quakenet.org] has joined #tlponies
21:25:50 -!- mode/#tlponies [+o Cane] by Q
21:25:50 <Camail> and stopped playing a few minutes ago
21:26:05 <Camail> setting up defenses the last 2 days is VERY stressful
21:26:28 <Dot`> dub
21:26:30 <Camail> i need a new graphics card to makes this more enjoyable
21:26:35 <DuB`> :T
21:26:38 <DuB`> dot!
21:26:57 <Camail> dont you side-mouth-concern-face me
21:27:05 <Camail> it's still fun because i build the static defenses
21:27:09 <Camail> get it skram? get it?
21:27:10 <Camail> ha
21:27:25 <DuB`> ...
21:27:31 <DuB`> Well my old 1070 is kaput but I do have that 16gb 2600mhz RAM I could send ya :P
21:29:30 <Camail> dont think it's a ram issue
21:29:40 <Camail> my gfx card is like 5 years old
21:30:11 <Camail> gonna get a new one during cyber monday and if it's still bad i'll give you hugs for the ram
21:31:04 <Camail> but having back up ram is important for troubleshooting so i think you should keep it
21:31:22 <DuB`> mebbe
21:43:52 -!- BioPone [~androirc@97.70.165.146] has joined #tlponies
21:44:31 <Bio> a
21:44:31 <Bio> s
21:44:31 <Bio> d
21:44:31 <Bio> f
21:52:28 <Camail> hi bio
21:52:39 <Bio> henlo
21:52:49 <Bio> i am v tird
21:52:57 <Bio> i don't want to but i should slep
21:53:02 -!- skram [~skram@190.2.132.75] has joined #tlponies
21:53:10 <Bio> such is my struggle
21:53:14 <skram> .tell camail how humerus
21:53:17 * skram slaps DuB` around a bit with a large trout
21:53:18 <Bio> pls
21:53:36 <Camail> bio if you nap now you can be awake later
21:54:09 <DuB`> Sleeps at 5pm??
21:55:12 <DuB`> skram y
21:56:39 <skram> you're alive dub
21:58:02 <Camail> https://twitter.com/AzouraArt/status/1196474919661424652
21:58:29 <skram> oh right
21:58:38 <skram> are we still boycotting pokemans
21:58:41 <skram> i think i want to play it
21:59:01 <Bio> do what u want skm
21:59:23 <skram> you mean i gotta think for myself?
21:59:25 <Bio> boycotting it now aint gonna do shite
21:59:26 <skram> how does that even work
21:59:39 <Bio> bruh idk
21:59:59 <Bio> i just guess and hope its close to correct most of the time
22:00:04 <Bio> tbqu
22:01:07 <Dot`> yea skram, want pokemons but bleh
22:01:13 <Dot`> and now its sold so well
22:01:30 <Camail> if i cant have squirtle i have 0 interest in a pokemon game
22:01:42 <Camail> blastoise is important
22:01:51 <Camail> i need another gun pokemon
22:01:51 <skram> what about bulbasaur
22:01:57 <Dot`> Bulbasaur*
22:01:57 <Camail> fuck bulbasaur
22:02:05 <Dot`> cam, your very wrong
22:02:08 <Dot`> very much
22:02:10 <Dot`> so much
22:02:17 <skram> eat pant
22:02:32 <Camail> SQUIRTLE HAD SUNGLASSES
22:02:38 <Camail> bulbasaur is a bitch
22:02:40 <Bio> I liek charlizard
22:02:50 <skram> sunglasses arent cool
22:02:55 <Camail> charmander can die if you let him near a pool
22:02:57 <skram> dads in sandals wear sunglasses
22:02:58 <DuB`> Know what's cool?
22:03:00 <DuB`> SPOONS
22:03:06 <skram> dub no
22:03:10 <DuB`> Ya
22:03:11 <Camail> lets all agree
22:03:14 <Camail> that dub is dumb and wrong
22:03:15 <Camail> and ignore him
22:03:18 <Bio> fakts
22:03:44 <DuB`> Well I'mma eat my ice cream with a spoon and feel secure in my knowledge that Alakazam is best
22:03:46 <Bio> aslo pikachu best starter ez
22:04:19 <Bio> (many people are typing)
22:04:33 <skram> god its like y'all dont even know pokemans
22:04:42 <Camail> pokemon yellow made me dislike pikachu
22:04:47 <skram> im so upset that im gonna go to bed
22:04:56 <Bio> skrm pls
22:04:57 <Camail> goodnight skrum
22:05:49 <Dot`> gl skram, see you back in 20 minutes when you feel the need to keep trying to correct cam
22:06:06 <Camail> ur all dumb
22:06:17 <Camail> blastoise is objectively the best start
22:06:22 <Camail> articuno is the best legendary
22:06:29 <Camail> and digimon is better than pokemon
22:06:38 <Camail> these are TRUTHS
22:07:02 <Dot`> i thin kcam is having a stroke
22:07:08 <Dot`> all his typing is weird
22:08:31 <Camail> every legendary younger than gen 3 looks the same!
22:08:36 <Camail> digimon has anime tiddy
22:08:42 <Camail> clearly the better franchise
22:14:26 <Dot`> i agree with articuno  being best legendary
22:14:35 <Dot`> i just assumed you typed that by accident
22:51:09 -!- BioPone [~androirc@97.70.165.146] has joined #tlponies
23:24:48 <Runbunny> Dot`, https://i.imgur.com/2EfIzVd.mp4
23:28:40 <Runbunny> Dot`, https://i.imgur.com/mzznExn.mp4
