00:33:22 <Camail> i'm on my third shirt today, yardwork is a pain
00:33:36 <Camail> sweat should be illegal
00:36:41 -!- Rawr|Fone [~AndChat52@c-4eb4e655.020-164-6d6c6d4.bbcust.telenor.se] has joined #tlponies
00:38:25 <Crisium> imagine having a yard
00:38:29 <Crisium> i just have grass
00:46:42 <Camail> .tell skram they made a video about you https://www.youtube.com/watch?v=qNEfcmIxlTY
01:11:48 -!- Rawr|Fone [~AndChat52@c-4eb4e655.020-164-6d6c6d4.bbcust.telenor.se] has joined #tlponies
01:16:12 <Crisium> horse
01:36:36 -!- Rawr|Fone [~AndChat52@c-4eb4e655.020-164-6d6c6d4.bbcust.telenor.se] has joined #tlponies
02:02:50 -!- Micen [~Micen@h186.140.40.162.dynamic.ip.windstream.net] has joined #tlponies
02:25:34 <DuB`> Ohoho
02:25:46 <DuB`> No-hit HR legiana and got two whole gemz
03:10:50 -!- Rawr|Fone [~AndChat52@c-4eb4e655.020-164-6d6c6d4.bbcust.telenor.se] has joined #tlponies
03:33:42 -!- Westy543 [Westy543@c-24-130-12-152.hsd1.ca.comcast.net] has joined #tlponies
03:33:42 -!- mode/#tlponies [+v Westy543] by Q
04:18:49 -!- Rawr|Fone [~AndChat52@c-4eb4e655.020-164-6d6c6d4.bbcust.telenor.se] has joined #tlponies
04:36:19 -!- Rawr|Fone [~AndChat52@c-4eb4e655.020-164-6d6c6d4.bbcust.telenor.se] has joined #tlponies
04:59:30 -!- Rawr|Fone [~AndChat52@c-4eb4e655.020-164-6d6c6d4.bbcust.telenor.se] has joined #tlponies
05:18:21 -!- Rawr|Fone [~AndChat52@c-4eb4e655.020-164-6d6c6d4.bbcust.telenor.se] has joined #tlponies
05:35:54 -!- Rawr|Fone [~AndChat52@c-4eb4e655.020-164-6d6c6d4.bbcust.telenor.se] has joined #tlponies
05:47:37 -!- Golly [Golly@cm-84.213.21.103.getinternet.no] has joined #tlponies
05:50:21 -!- Rawr|Fone [~AndChat52@c-4eb4e655.020-164-6d6c6d4.bbcust.telenor.se] has joined #tlponies
06:14:17 -!- Rawr|Fone [~AndChat52@c-4eb4e655.020-164-6d6c6d4.bbcust.telenor.se] has joined #tlponies
06:20:12 <Dot|Phone> Morning
06:28:54 -!- Rawr|Fone [~AndChat52@c-4eb4e655.020-164-6d6c6d4.bbcust.telenor.se] has joined #tlponies
06:32:36 <Dot|Phone> .tell camail sorry was asleep
07:11:43 -!- Rawr|Fone [~AndChat52@c-4eb4e655.020-164-6d6c6d4.bbcust.telenor.se] has joined #tlponies
07:14:57 -!- BioPone [~androirc@97.70.165.146] has joined #tlponies
08:25:43 -!- Rawr|Fone [~AndChat52@c-4eb4e655.020-164-6d6c6d4.bbcust.telenor.se] has joined #tlponies
09:17:55 -!- Runbunny [~Runbunny@91.100.28.10.generic-hostname.arrownet.dk] has joined #tlponies
09:21:25 <Dot|Phone> Runbun! 
09:24:31 <Runbunny> Hai.
09:44:09 -!- reification [~thomas@cpc76294-cosh16-2-0-cust297.6-1.cable.virginm.net] has joined #tlponies
09:44:09 -!- mode/#tlponies [+v reification] by Q
09:45:34 -!- tredc [~tredc@c83-254-129-166.bredband.comhem.se] has joined #tlponies
09:45:43 <reification> morn tlp
09:46:02 <Golly> gmorn
09:46:19 <Runbunny> Hai.
09:49:07 <Dot|Phone> Reef 
09:49:14 <Dot|Phone> How's all doing today
09:49:40 <reification> hi golly, bun, dot
09:50:09 <reification> runbunny https://danbooru.donmai.us/posts/3645401
09:50:40 <reification> dot i had coffee but still tired. halp
09:52:43 <Runbunny> Oh boy it's time for squats.
09:52:48 <Runbunny> Get going Reif.
09:53:04 <Runbunny> also cat gun.
09:53:25 <reification> soon bun
09:59:12 -!- carcinisation [~thomas@cpc76294-cosh16-2-0-cust297.6-1.cable.virginm.net] has joined #tlponies
09:59:12 -!- mode/#tlponies [+v carcinisation] by Q
10:07:26 <Dot|Phone> Push ups Reif
10:07:32 <Dot|Phone> And more coffee
10:16:18 -!- reification [~thomas@cpc76294-cosh16-2-0-cust297.6-1.cable.virginm.net] has joined #tlponies
10:16:18 -!- mode/#tlponies [+v reification] by Q
11:50:42 -!- Rawr|Fone [~AndChat52@c-4eb4e655.020-164-6d6c6d4.bbcust.telenor.se] has joined #tlponies
12:05:01 -!- Cane [~Cane@CaneCraft.users.quakenet.org] has joined #tlponies
12:05:01 -!- mode/#tlponies [+o Cane] by Q
12:08:56 -!- Rawr|Fone [~AndChat52@m83-185-84-83.cust.tele2.se] has joined #tlponies
12:36:59 <Dot|Phone> Pon Pon 
13:20:38 -!- carcinisation [~thomas@cpc76294-cosh16-2-0-cust297.6-1.cable.virginm.net] has joined #tlponies
13:20:38 -!- mode/#tlponies [+v carcinisation] by Q
13:31:28 -!- skram [~skram@185.217.171.45] has joined #tlponies
13:33:26 <Rawr|Fone> Jonas
13:35:23 <Dot|Phone> Skram friend
13:41:05 <skram> Henrik, Bjørn
13:41:06 <skram> gutta krutt
14:06:08 <Dot|Phone> I don't want to work today skram
14:06:19 <Dot|Phone> I want to run that t10
14:08:57 <skram> heck yeah
14:09:07 <skram> thankfully i done did finish work
14:09:36 <Dot|Phone> I still have at least an hour of work
14:09:53 <skram> suckerr
14:12:19 <skram> i think im getting sick dot
14:13:00 -!- Rawr|Phone [~AndChat52@c-4eb4e655.020-164-6d6c6d4.bbcust.telenor.se] has joined #tlponies
14:16:45 <Rawr|Phone> Jonas I need you to not be sick
14:17:10 <skram> i will give my immune system a stern warning
14:17:15 <Rawr|Phone> Good
14:25:37 <Dot|Phone> I can write it a strongly worded letter
14:54:39 -!- Camail [~Camail@45.40.84.145] has joined #tlponies
14:54:39 -!- mode/#tlponies [+v Camail] by Q
14:55:27 <Camail> ew
14:56:22 <skram> good
14:56:24 <skram> you're here
14:56:26 * skram slaps Camail around a bit with a large trout
14:56:34 <Camail> hello
14:56:36 <Camail> rude man
14:56:41 <skram> neigh
14:56:44 <skram> gonna do me a nap
14:56:46 <Dot|Phone> Rude horse 
14:56:50 <Camail> smart
14:56:52 <Dot|Phone> Later skram
14:56:54 <Camail> naps are the pro play
14:57:12 <Dot|Phone> I'm going to run that t10 while you nap skram 
14:57:33 <Camail> steal his luck
15:01:39 -!- Rawr|Fone [~AndChat52@c-4eb4e655.020-164-6d6c6d4.bbcust.telenor.se] has joined #tlponies
15:30:59 -!- Rawr|Fone [~AndChat52@c-4eb4e655.020-164-6d6c6d4.bbcust.telenor.se] has joined #tlponies
15:50:07 -!- Dot` [webchat@cloak-vnm1j07w.71.208.46.dyn.plus.net] has joined #tlponies
15:59:34 <Dot`> .tell skram https://imgur.com/gallery/amaqJtQ
15:59:37 <Dot`> rawr, runbun
15:59:55 <Rawr|Fone> DoT DoT DoT
16:00:02 <Dot`> Rawr Rawr Rawr
16:00:06 <Dot`> <3 <3 <3
16:00:10 <Rawr|Fone> ❤❤❤
16:17:40 -!- Rawr|Fone [~AndChat52@c-4eb4e655.020-164-6d6c6d4.bbcust.telenor.se] has joined #tlponies
17:17:50 <Runbunny> O:
17:18:06 <Camail> https://www.youtube.com/watch?v=RBsxNIN9j2k
17:18:57 -!- skram [~skram@185.217.171.45] has joined #tlponies
17:19:02 <Dot`> wb jonas
17:22:42 <skram> thank
17:23:14 <Camail> good nap?
17:24:11 <skram> eeeh its alright
17:25:16 <Camail> all naps are good
17:25:18 <Camail> it was a trick question
17:25:37 <skram> sometimes naps are terrible, camail
17:25:47 <Camail> i dont understand
17:30:02 <skram> its alright bud
17:36:32 <carcinisation> runbun the new Makoto Shinkai film is getting a UK premier this month...
17:36:40 <carcinisation> but only in scotland D:
17:38:21 <carcinisation> .tell zounds why you getting all the uk anime film premieres? https://www.alltheanime.com/pages/cinema-screenings-by-alltheanime
17:44:15 -!- Rawr|Fone [~AndChat52@c-4eb4e655.020-164-6d6c6d4.bbcust.telenor.se] has joined #tlponies
18:00:28 <Dot`> hmm, i seem unable to kill a guy skram, he just doesnt take any damage
18:03:40 <skram> did you leave einhar at home
18:03:50 <Dot`> now he just died
18:03:55 <Dot`> very confusing
18:04:21 <Runbunny> O:
18:05:39 -!- reimeuk [~thomas@cpc76294-cosh16-2-0-cust297.6-1.cable.virginm.net] has joined #tlponies
18:05:39 -!- mode/#tlponies [+v reimeuk] by Q
18:06:19 <Runbunny> Reif it seems like the movie won't be out in Denmark till April 2020.
18:13:00 <reimeuk> won't be out near me till next year too
18:15:40 <Camail> Dot`  coral ruins?
18:17:21 -!- BioPhone [~androirc@mobile-166-176-250-20.mycingular.net] has joined #tlponies
18:17:28 <Dot`> coral ruins?
18:17:56 <Dot`> hmm, never seen it
18:26:31 <BioPhone> Hej
18:28:22 <Camail> oh, well the boss for coral ruins has insane hp regen at the beginning of the fight
18:28:29 <Camail> so i thought you were trying that map
18:31:05 <Dot`> was a unique in cells, but i left him and came back
18:31:22 <Dot`> still couldnt hurt him, at all, health bar not moving
18:31:42 <Dot`> then i went afk to check my food, went back to him again and he had 2/3rd life
18:31:48 <Dot`> and then died fast
18:37:23 <skram> hey cam boi i found my last trial
18:37:29 <Camail> oooh nice
18:37:37 <Camail> dot wanna uber lab soon?
18:38:26 <skram> yeah
18:38:42 <skram> soon as i finish it, which might be anywhere from 5 to 50 fuckin' minutes
18:38:53 <Camail> lul
18:42:38 -!- Rawr|Fone [~AndChat52@c-4eb4e655.020-164-6d6c6d4.bbcust.telenor.se] has joined #tlponies
18:42:41 <Dot`> not tonight for me, tomorow though
18:49:08 <skram> my body is ready cam
18:49:33 <skram> how many offerings should i bring
18:49:36 <skram> 9?
19:06:53 <Dot`> did you kill him yet skram?
19:09:08 <skram> yeah buddy
19:12:10 <Dot`> gj
19:12:37 -!- BioPhone [~androirc@mobile-166-176-250-20.mycingular.net] has joined #tlponies
19:33:36 -!- BioPhone [~androirc@mobile-166-176-250-20.mycingular.net] has joined #tlponies
19:40:00 -!- Rawr|Fone [~AndChat52@c-4eb4e655.020-164-6d6c6d4.bbcust.telenor.se] has joined #tlponies
19:45:26 <BioPhone> Werk is silly today
19:47:08 -!- Rawr|Fone [~AndChat52@c-4eb4e655.020-164-6d6c6d4.bbcust.telenor.se] has joined #tlponies
19:50:48 <BioPhone> Hows all
19:52:14 <Dot`> bio
19:53:51 <BioPhone> Dot kun
19:54:16 <Dot`> skram https://www.reddit.com/r/dwarffortress/comments/dc6z80/mwah/
20:04:04 -!- Crisium [~Crisium@c-24-3-150-105.hsd1.pa.comcast.net] has joined #tlponies
20:05:14 <Dot`> crisium!
20:05:19 <Crisium> hi
20:07:09 <Crisium> how is lorde dot
20:07:36 <Crisium> king of the dots
20:10:17 <Dot`> im doing pretty good
20:10:18 <Dot`> and you?
20:10:32 <Crisium> rough start to the week doing better tho
20:19:58 <Camail> dot go to sleep you butt
20:21:27 <Dot`> i just got in bed
20:22:04 <Dot`> i got some things sorted, but didnt get any dnd prep done
20:22:07 <Dot`> hmm
20:27:59 -!- carcinisation [~thomas@cpc76294-cosh16-2-0-cust297.6-1.cable.virginm.net] has joined #tlponies
20:27:59 -!- mode/#tlponies [+v carcinisation] by Q
20:29:01 <Dot`> Crisium, camail, you both havnt seen this dog yet https://imgur.com/gallery/amaqJtQ
20:29:24 <Crisium> and what a dog
20:29:25 <Camail> i saw earlier, but it's good to see again
20:29:26 <Dot`> i am not sure cams policy on dogs, but i dont think he is terrified of them
20:29:29 <Camail> happy dog accepts death
20:29:51 <Dot`> ah, thought i linked it befire you joined
20:42:06 <Dot`> https://imgur.com/gallery/5stQVjM  skram
20:50:06 -!- Rawr|Fone [~AndChat52@c-4eb4e655.020-164-6d6c6d4.bbcust.telenor.se] has joined #tlponies
20:56:45 <Crisium> dis cat
21:04:22 -!- Rawr|Fone [~AndChat52@85.230.180.78] has joined #tlponies
21:06:28 -!- DuB` [DuB@cpe-68-174-122-249.nyc.res.rr.com] has joined #tlponies
21:06:35 <DuB`> Well that was a slow day :P
21:06:51 <DuB`> Took care of some stuff in the morning then just watched a whole critrole episode and came home early.
21:06:52 <skram> this is my new favorite cat Dot`
21:07:07 <skram> livin the dream DuB`
21:07:12 <DuB`> wew
21:07:25 <Dot`> this dub
21:07:33 <DuB`> This one right here
21:07:51 <DuB`> Dot` before it's late there, you wanted to chat 'bout dndthing?
21:08:29 <Dot`> it is late here, im in bed
21:08:39 <Dot`> did you have thoughts on it?
21:09:12 <DuB`> Um um
21:09:25 <DuB`> I feel like most was decided, dunno what more there was 
21:15:08 -!- reimeuk [~thomas@cpc76294-cosh16-2-0-cust297.6-1.cable.virginm.net] has joined #tlponies
21:15:08 -!- mode/#tlponies [+v reimeuk] by Q
21:15:21 <Dot`> ok
21:24:55 <DuB`> Camail nergi was funs
21:25:50 <DuB`> Failed first try juuuust short of the win, had him limping for quite a while. Got it second try with pretty much no supplies left :O
21:27:40 <Camail> yea its a wild fight
21:27:54 <DuB`> "... oh THAT dive attack"
21:31:40 <Camail> yuppp
21:31:49 <Camail> super man jump is OP
21:35:01 <DuB`> I've been fulltime insect glave since hitting high rank, it's great fun
21:36:08 <skram> camail did you finish your nap already
21:36:26 <Camail> i have stuff to do tonight, so it was a quick nap
21:36:34 <Camail> i might revisit the nap situation soon
21:38:40 <Bio> pani
21:56:07 -!- Rawr|Fone [~AndChat52@c-4eb4e655.020-164-6d6c6d4.bbcust.telenor.se] has joined #tlponies
22:03:24 -!- Rawr|Fone [~AndChat52@c-4eb4e655.020-164-6d6c6d4.bbcust.telenor.se] has joined #tlponies
22:19:44 <Bio> Hockey season
22:19:49 <Bio> STARTS TONITE BOIS
22:20:06 <Bio> Winning the cup was p fun, lets do it again
22:32:51 <Crisium> yaya
22:33:02 <Crisium> my team plays tomorro
22:35:25 <Crisium> oh Bio Blues vs Caps
22:35:27 <Crisium> hell of a first game
22:36:01 <Crisium> latest 2 champs fighting
22:37:17 <Bio> i know right
22:37:41 <Bio> banner raising too
22:37:44 <Bio> fug yeah
22:41:56 <Camail> Bio  ready for the back to back
22:42:01 <Camail> to back to back
22:42:06 <Camail> forever only them
22:42:18 <Bio> i'd be ok with this
22:58:22 -!- Rawr|Fone [~AndChat52@c-4eb4e655.020-164-6d6c6d4.bbcust.telenor.se] has joined #tlponies
23:06:12 <Crisium> 1000 years of st. louis blues darkness
23:25:38 -!- carcinisation [~thomas@cpc76294-cosh16-2-0-cust297.6-1.cable.virginm.net] has joined #tlponies
23:25:38 -!- mode/#tlponies [+v carcinisation] by Q
