00:06:57 -!- Rawr|Fone [~AndChat52@c-4eb4e655.020-164-6d6c6d4.bbcust.telenor.se] has joined #tlponies
01:01:44 -!- Crisium [~Crisium@c-73-174-151-51.hsd1.pa.comcast.net] has joined #tlponies
01:51:59 <Bio> ay yo
01:59:19 -!- Rawr|Fone [~AndChat52@c-4eb4e655.020-164-6d6c6d4.bbcust.telenor.se] has joined #tlponies
02:40:05 -!- BioPone [~androirc@97.70.165.146] has joined #tlponies
02:46:18 -!- BioPone [~androirc@97.70.165.146] has joined #tlponies
03:30:45 -!- Rawr|Fone [~AndChat52@c-4eb4e655.020-164-6d6c6d4.bbcust.telenor.se] has joined #tlponies
05:02:40 -!- Rawr|Fone [~AndChat52@c-4eb4e655.020-164-6d6c6d4.bbcust.telenor.se] has joined #tlponies
05:18:47 -!- Rawr|Fone [~AndChat52@c-4eb4e655.020-164-6d6c6d4.bbcust.telenor.se] has joined #tlponies
05:22:29 <Camail> DuB` go to sleep pls
05:32:31 <DuB`> nu
05:44:11 -!- Rawr|Fone [~AndChat52@c-4eb4e655.020-164-6d6c6d4.bbcust.telenor.se] has joined #tlponies
05:44:26 <Rawr|Fone> 🐴🐴🐴
06:07:46 -!- DoT` [~Dot@228.89.99.195.dyn.plus.net] has joined #tlponies
06:08:16 <DoT`> mornign 
06:47:12 <DoT`> .tell skram https://imgur.com/gallery/1HUfsY0
06:50:40 <DuB`> Dot <3
06:51:09 <DuB`> i ZZZ
06:52:59 <DoT`> dub dub
06:57:02 <DuB`> Monitor tomoro
06:57:05 <DuB`> gpu weds
06:57:13 <DuB`> ... and then I leave on thurs until mon :P
06:57:15 <DuB`> No time to use it!
07:19:30 -!- Runbunny [~Runbunny@91.100.28.10.generic-hostname.arrownet.dk] has joined #tlponies
07:20:55 -!- Rawr|Fone [~AndChat52@c-4eb4e655.020-164-6d6c6d4.bbcust.telenor.se] has joined #tlponies
07:33:20 <DoT`> runbun!
07:35:59 -!- reification [~thomas@cpc76294-cosh16-2-0-cust297.6-1.cable.virginm.net] has joined #tlponies
07:35:59 -!- mode/#tlponies [+v reification] by Q
07:37:11 <Runbunny> Hey Dot.
07:37:48 <Runbunny> and Reif.
07:38:40 <DoT`> reef reef
07:46:11 -!- carcinisation [~thomas@cpc76294-cosh16-2-0-cust297.6-1.cable.virginm.net] has joined #tlponies
07:46:11 -!- mode/#tlponies [+v carcinisation] by Q
07:46:14 <carcinisation> hi runbun, dotties
07:46:21 <carcinisation> bun https://twitter.com/highonthighs/status/1156758366871609344
07:49:05 <carcinisation> bio https://twitter.com/NekoSouth/status/1156942312879996928
08:01:10 -!- Rawr|Phone [~AndChat52@m83-185-88-241.cust.tele2.se] has joined #tlponies
08:06:48 <Rawr|Phone> Hors hors
08:09:22 <DoT`> its the rawr horse
08:09:37 <Rawr|Phone> DoT DoT DoT
08:09:43 <Rawr|Phone> ❤❤❤
08:09:46 <DoT`> <3 <3 <3
08:11:24 <Rawr|Phone> How are you dot
08:19:24 <carcinisation> time for hike
08:19:27 <carcinisation> laters all
08:21:07 <Rawr|Phone> Bai reef reef
08:25:20 <DoT`> im ok rawr, what about you
08:26:00 <Runbunny> This is great Dot.
08:26:08 <Runbunny> What are your plans for the weekend?
08:27:15 <DoT`> hmm, got washing and stuff to do
08:27:27 <DoT`> maybe try do something tomroow, but dont know what
08:30:18 <DoT`> what abotu you
08:37:43 <Runbunny> probably going to watch some EVO tonight.
08:37:58 <Runbunny> Maybe get some laundry done as well. 
08:38:23 <Runbunny> I need to fix my sleep scheduele for monday.
08:40:49 <DoT`> what you got monday?
08:42:20 <Runbunny> It's like a job finding workshop.
10:21:26 <Rawr|Phone> 🐴
10:31:22 <Runbunny> Henrik.
10:31:33 <Runbunny> Did you remember to pet your dog for me?
11:02:12 -!- skram [~skram@5.79.79.44] has joined #tlponies
11:02:18 <DoT`> skram friend <3
11:02:25 <skram> dot pal <3
11:02:29 <skram> good morning
11:04:22 <DoT`> its afternoon
11:04:25 <skram> I like the gas bottle that escapes and burns the whole thing down
11:04:30 <skram> gotta keep em properly leashed
11:07:32 <Rawr|Phone> Anders.
11:07:34 <Rawr|Phone> I did
11:07:38 <Rawr|Phone> Jonas
11:07:53 <skram> Henrik.
11:08:04 <Rawr|Phone> My dear friend
11:08:08 <Rawr|Phone> How are you today
11:09:25 <skram> Today is gonna be a good day maybe
11:09:27 <skram> How about you
11:11:02 <Runbunny> Good Henrik. Thank you.
11:11:31 <Rawr|Phone> Wonderful jonas
11:11:36 <Rawr|Phone> I'm doing great
11:11:44 <Rawr|Phone> No problem anders
11:12:47 <skram> how's your head runbun
11:13:18 <Runbunny> My head is fine.
11:13:48 <Runbunny> I didn't get too drunk and sobered up quite a bit when my friend broke his hard.
11:13:56 <Runbunny> arm*
11:14:01 <skram> uh oh
11:14:02 <Runbunny> his arm hard-
11:14:05 <skram> how did that happen
11:14:12 <Runbunny> Arm wrestling.
11:14:26 <skram> yikes dude
11:14:29 <Runbunny> Yep.
11:15:02 <Runbunny> So we went to a hospital, which promptly send us away since they had closed 21 minutes ago. 
11:15:33 <Runbunny> So we went on to another hospital where my friend firmly requested that I left.
11:15:49 <skram> lol
11:16:25 <skram> he just didnt want you to see him cry i guess
11:17:03 <Runbunny> Something like that I guess. Needless to say I left. 
11:17:51 <Runbunny> We didn't know the arm was broken at the time. But my friend told me that one touch from the doctor was enough to confirm it as broken.
11:18:51 <Runbunny> I have the bone snap sound stuck in my head though.
11:21:28 <skram> like a dry twig, anders
11:21:29 <skram> lovely
11:22:44 <DoT`> wait wait
11:22:55 <DoT`> the hospital sent you away becuase they had closed for the day?
11:23:00 <Runbunny> Yeah
11:23:09 <DoT`> hospitals dont close
11:23:14 <DoT`> wtf
11:23:19 <Runbunny> The trauma centers do.
11:23:35 <DoT`> "please keep your trauma withing working hours"
11:23:44 <skram> very reasonable
11:23:57 <Runbunny> No no, they just send you to the one bigger hospital.
11:24:31 <Runbunny> Except for the biggest hospital in the capital, they don't let you in the trauma center for any reason.
11:24:48 <skram> not all hospitals have emergency rooms and they close the clinics and stuff in the evening
11:24:53 <skram> why is that runbun
11:26:30 <Runbunny> I think it to keep it clear in case of emergencies. Like life or death situations.
11:26:41 <skram> i see
11:26:55 -!- tredc [~tredc@c83-254-129-166.bredband.comhem.se] has joined #tlponies
12:02:05 <Bio> neigh
12:05:39 <Bio> gonna go get some dosh for my trip
12:11:43 -!- BioPone [~androirc@mobile-107-92-121-173.mycingular.net] has joined #tlponies
12:20:11 -!- Rawr|Fone [~AndChat52@m83-185-83-194.cust.tele2.se] has joined #tlponies
12:45:37 -!- Zounds [webchat@cloak-07ouvien.14-2.cable.virginm.net] has joined #tlponies
12:47:34 <Zounds> hey
12:48:44 <DoT`> hey zounds
12:49:05 <Zounds> o/
12:55:09 <BioPone> https://i.redd.it/rstk9m5wp4e31.png
12:55:13 <BioPone> Pls click
12:58:54 -!- tredc [~tredc@c83-254-129-166.bredband.comhem.se] has joined #tlponies
13:07:14 <Bio> p sure i got all the things packed
13:07:26 <Bio> video game time?
13:12:20 <Zounds> don't ask me
13:30:51 <Runbunny> DoT`, skram https://i.imgur.com/0zLdowu.mp4
13:34:43 -!- BioPone [~androirc@97.70.165.146] has joined #tlponies
13:46:48 -!- Rawr|Fone [~AndChat52@m83-185-83-194.cust.tele2.se] has joined #tlponies
13:48:08 -!- BioPone [~androirc@97.70.165.146] has joined #tlponies
13:59:46 <Runbunny> DoT`,  Rawr|Fone https://i.imgur.com/RPNuo3c.mp4
14:02:12 <Rawr|Fone> What a good dog Anders
14:02:58 <Runbunny> I agree.
14:27:51 -!- Rawr|Phone [~AndChat52@m83-185-91-225.cust.tele2.se] has joined #tlponies
14:36:07 <skram> what a wonderful disaster that dog is runbun
14:44:23 <Zounds> lol
15:15:42 <Bio> hej
15:15:55 <Bio> time to sit around and wait for time 2 leave
15:40:04 -!- reification [~thomas@cpc76294-cosh16-2-0-cust297.6-1.cable.virginm.net] has joined #tlponies
15:40:04 -!- mode/#tlponies [+v reification] by Q
15:42:03 <reification> i have return from hike
15:47:14 -!- DuB` [DuB@cpe-68-174-122-249.nyc.res.rr.com] has joined #tlponies
15:49:36 <DoT`> wb reif
15:49:38 <DoT`> dub dub
15:49:45 <reification> dotties <3
15:49:55 <reification> dub!
15:51:39 <DuB`> Hallu
16:02:47 <skram> is that a real dub
16:04:59 <DuB`> As far as I know
16:05:07 <DuB`> Monitor out for delivery todey
16:05:12 <DuB`> wew
16:05:58 <skram> too bad you cant use it yet nehehe
16:06:46 <DuB`> T_T
16:07:18 <DuB`> gpu arrives wednesday... and then I fly out back to utah that night and won't be back until mon
16:07:19 <DuB`> zzz
16:09:04 <skram> ah np
16:09:11 <skram> just send it to me and ill assemble everything
16:09:13 <skram> trust me
16:09:32 <DuB`> uh huhhhhh
16:24:08 <Runbunny> Jonas is an expert.
16:24:35 <reification> ooh i seem to have won free cricket tickets :O
16:27:27 <Zounds> no paternal heatstroke this time
16:29:11 <reification> well it's an evening match so that would be unlikely
16:44:15 <skram> do you even like crickets reif
16:45:12 <Bio> memes
16:46:16 <DoT`> hes english
16:50:29 <reification> ofc skram how dare you suggest otherwise D:
16:59:22 -!- Cane [~Cane@CaneCraft.users.quakenet.org] has joined #tlponies
16:59:22 -!- mode/#tlponies [+o Cane] by Q
16:59:29 <Zounds> south africa is into cricket awell is it not DoT`
17:01:13 <DoT`> yea, cricket and rugby
17:05:25 <Zounds> sports for posh gitz
17:10:31 <Cane> Evening everyone. <3
17:10:46 <DuB`> o hi
17:11:27 <DoT`> hey cane <3
17:11:58 <skram> good evenin cane
17:12:57 <Zounds> hey
17:29:52 -!- Camail [~Camail@45.40.84.145] has joined #tlponies
17:29:52 -!- mode/#tlponies [+v Camail] by Q
17:30:35 <skram> DoT`: https://imgur.com/gallery/T129eRq
17:30:41 <skram> kpop is my favorite genre
17:40:59 <Zounds> <3 goats are funneh
17:58:13 <Bio> alright horsies
17:58:18 <Bio> i'm off on adventure
17:58:23 <Bio> hold down the fort for me k?
17:58:26 <skram> be careful buddy
17:58:27 <Bio> ilu horsnes
17:58:30 <skram> <3
17:58:34 <skram> dont fall out of the boat
17:59:02 <Bio> never
17:59:20 <Bio> i shall stay where the booze and hopefully qtpies are
17:59:22 <Bio> bai bai
17:59:24 <DoT`> wear your hard hat bio
17:59:28 <DoT`> bye pon
17:59:30 <Bio> nvr im on vaca
18:31:44 -!- BioPhone [~androirc@mobile-107-92-121-153.mycingular.net] has joined #tlponies
18:33:35 <BioPhone> Hoi
18:33:40 <BioPhone> I am in uber
18:35:08 <skram> wheres the boat leaving from bud
18:37:02 <DoT`> port
18:38:28 <skram> very humerus
18:38:44 <skram> u avin a laugh m8
18:41:08 <skram> dot are there cheetas in africa https://imgur.com/gallery/bLpz2dr
18:42:12 <DoT`> skram, where do you think they live?
18:43:23 <skram> Well dont dont live in Norway
18:43:28 <skram> they dont*
18:43:57 <Runbunny> Some do?
18:44:52 <skram> Fun fact, the genus that contain the big cats (that can roar) is called ROARING CATS in norwegian
18:44:55 <skram> because they roar
18:44:57 <skram> and are also cats
18:46:11 <Rawr|Phone> Interesting
18:46:31 <DoT`> skram, they only live in africa
18:47:46 <skram> Well sicne you gave such a flippant answer I had to look it up and they also live in iran
18:50:25 <DoT`> not nativly i dont tihnk
18:51:05 <reification> .wiki cheetah
18:51:55 <DoT`> i feel like they stole them
18:52:08 <skram> dot pls
18:52:09 <skram> https://en.wikipedia.org/wiki/Cheetah#Asia
18:52:18 <skram> you're not even african anymore why are you so defensive
18:52:31 <reification> even dot has it in for iran now...
18:52:34 <DoT`> are you not norwegion anymore skram?
18:52:51 <skram> Its where I live so of course I am
18:53:08 <DoT`> you live on the internet
18:53:33 <skram> I spend more time on the outernet than on the internet
19:02:03 <skram> DoT` I went to ikea yesterday and forgot to buy the shark
19:02:12 <skram> now I need an excuse to go there again so I can buy the shark
19:02:40 <DuB`> the wha
19:03:38 <skram> https://www.ikea.com/gb/en/p/blahaj-soft-toy-shark-30373588/
19:04:56 <DoT`> i saw the thing with this shark
19:06:57 <skram> its adorable and i want it
19:14:07 <DoT`> well go get one
19:15:47 <CockRoach|42> DoT`: https://twitter.com/TeraTigerStudio/status/1156058542367002625
19:19:35 <BioPhone> Skram San Juan
19:20:45 <skram> are you gonna uber all the way to puerto rico?
19:22:11 <Runbunny> That's quite the uber.
19:33:40 <DoT`> cute sneks
19:42:01 <Runbunny> You're a cute snek.
20:02:38 <DoT`> dub, maybe tomorow we try mars board game?
20:03:55 <DuB`> ooo
20:04:16 <DuB`> Oh, I will probably be taking pc in for psu swap help tomoro, dunno when or how long :T
20:26:27 <skram> should take like 30 minutes tops lol
20:40:07 <DuB`> If he's not busy with anything else already ya
20:45:28 <skram> Is it far away?
20:46:17 <DuB`> No lol
20:46:21 <DuB`> Same block :P
20:47:02 <DuB`> 250 whole meters
20:47:27 <skram> I just imagined you hiking through new york with a computer case clutched in your arms
20:49:09 <DuB`> I'm still only 70% sure the gpu will fit in the case, but we'll burn that bridge when we get to it
20:49:50 <skram> If its not an expensive case you can just massage it a bit
20:49:52 <skram> with a hammer
20:50:22 <DuB`> The metal cable shroud is the issue
20:50:33 <DuB`> And I've already bent it as much as could :P
20:50:38 <skram> tin snips!
20:50:47 <DuB`> ye it'll work out
20:50:58 <skram> although since you're building a neato computo you should get a fancy case too imo
20:51:19 <DuB`> I'll have replaced everything but the mobo and cpu soon :P
20:52:31 <skram> the NZXTs are sexy as h e c k
20:52:42 <DuB`> Yep I've looked at 'em acshooaly
20:53:29 <skram> ooh look at this one https://www.amazon.com/NZXT-H500-Construction-Management-Water-Cooling/dp/B07NY28MZW/ref=sr_1_6?crid=1IYMKF9OWBDJ2&keywords=nzxt+h500&qid=1564865586&s=gateway&sprefix=NZXT%2Caps%2C224&sr=8-6
20:53:35 <DuB`> I'd love to get a bunch of no-rgb white parts , white nzxt case, and then white-led case fans
20:54:05 <skram> RGBs are a waste of money
20:54:55 <skram> i got the all glass RGB fan blink bitch that syncs with mobo rgbs and gpu rgbs and psu rgbs and i just put that shit on a static color
20:55:23 <DuB`> ye
20:56:18 <DuB`> O nice
20:56:19 <DuB`> This but just white plastic ram no rgb would be my ideal
20:56:24 <DuB`> https://i.redd.it/1a064yhhh3e31.jpg
20:56:36 <DuB`> perfec
20:58:33 <skram> ooh
20:58:43 <skram> this looks pretty tasty
20:59:54 <skram> brb
21:02:09 -!- skram [~skram@95.174.67.212] has joined #tlponies
21:11:03 -!- tredc [~tredc@c83-254-129-166.bredband.comhem.se] has joined #tlponies
21:41:03 <reification> skram https://twitter.com/Espenartman/status/1157501497342681093
21:42:05 <skram> hmm
21:42:14 <skram> i should get a high quality inkjet printer
21:42:22 <DuB`> rofl
22:08:52 <skram> hey reification are there any good cartoons about food
22:11:34 <reification> it's quite a popular theme but not really my area of expertise
22:11:55 <reification> i've only watched yakitate japan which was rather silly
22:14:25 <reification> dub might be able to help?
22:14:40 <reification> also i found this list https://myanimelist.net/featured/1342/Top_15_Best_Cooking_Food_Anime_of_All_Time
22:14:50 <skram> right
22:14:53 <skram> imma start there
22:18:03 -!- Rawr|Fone [~AndChat52@c-4eb4e655.020-164-6d6c6d4.bbcust.telenor.se] has joined #tlponies
22:35:06 <DuB`> Whoah
22:35:12 <DuB`> 1440p is CRRRRRRRISP
22:35:19 <DuB`> Beautiful
22:35:43 <skram> :D:D
22:35:52 <DuB`> I need new wallpapers!
22:36:23 <skram> what monitor did you get again
22:37:30 <DuB`> https://www.amazon.com/gp/product/B01IOO4SGK/ref=ppx_od_dt_b_asin_title_s00?ie=UTF8&psc=1
22:37:50 <DuB`> At a good time apparently, got for $299
22:38:02 <DuB`> 1440p 165hz gsync 24"
22:39:15 <skram> hmm hmm
22:49:14 <skram> reif the number 1 on this list is surprisingly lewd
22:49:48 <DuB`> Souma haha
22:49:58 <DuB`> I read a bunch of that one then got kinda bored I unno
22:50:23 <DuB`> Oooh moyashimon is interesting I'd forgotten what it was called
22:50:24 <DuB`> Nice
22:50:26 <skram> its got 3 seasons of 24 episodes
22:51:02 <DuB`> Moyashimon is all bout MICROBES
22:51:12 <DuB`> Actually you would love it
22:51:38 <DuB`> It's got all the miso and sake and koji and surstromming
22:51:45 <skram> ooh
22:51:54 <skram> surstromming is worse than death though
22:52:01 <DuB`> Haha
22:52:04 <DuB`> Oh and cheese
22:52:08 <DuB`> ofc
22:52:52 <skram> ive been thinkin bout doing mozzarella
22:53:01 <reification> never forget cheese dub
22:53:09 <skram> but its like am i gonna spend 100 dollars making mediocre cheese
22:53:17 <DuB`> Hmm
22:54:03 <skram> brb
22:54:38 -!- skraam [~skram@82.102.27.150] has joined #tlponies
22:55:33 <skraam> Actually theres this bi-weekly farmers market near my place where I could probably get raw milk and things
22:55:34 <skraam> HMMMMM
22:56:33 <Runbunny> Hmmmm
22:56:34 <DuB`> Orgaaanic
22:56:58 <Runbunny> Are you building your own cheese Jonas?
22:57:23 <skraam> Eh probably not
22:57:55 <skraam> I'd need specific bacteria and things to make what I want and I dont know if I would be able to get that
22:58:26 <Runbunny> ATCC, you can just buy what you need.
22:58:39 <DuB`> I can't remember if I finished moyashimon now...
22:58:50 <DuB`> Maybe I just redo it and learn about MICROBES and food again :D
22:59:32 -!- Rawr|Fone [~AndChat52@c-4eb4e655.020-164-6d6c6d4.bbcust.telenor.se] has joined #tlponies
22:59:33 <skraam> I need to find out what I need, Runbun
23:01:18 <BioPhone> Had a fucking SLIGHT panic attack, my flight got delayed too much and I was gonna miss my connection to san juan.
23:01:54 <BioPhone> Luckily there was a flight with a different airline today that I'm now on, 500 dollarydoos later
23:02:08 <BioPhone> I dun wanna start my vacation like this bois
23:02:50 <skraam> whatevs bro, you gon be sipping rum at sea in NO TIME
23:02:55 <skraam> scopin out some fly honeys and whatnot
23:04:28 <Runbunny> Take it easy Bio
23:04:36 <Runbunny> It's about the journey, not the destination.
23:04:45 <Runbunny> So scout out some fly honeys already.
23:05:08 <BioPhone> I spent the last 3h in very much stress. I will be getting the strongest drink allowed tomorrow
23:05:55 <skraam> do you think they do gin and tonics in gallon sizes
23:07:38 <Runbunny> Bio Bio. Get rum and mix with hot water 50/50.
23:07:45 <Runbunny> Best breakfast.
23:11:20 <skraam> yes if you're an alcoholic
23:12:04 <Runbunny> Or a student.
23:13:34 <skraam> oooh theres thunder outside
23:14:22 <Runbunny> I go to my bed.
23:14:28 <Runbunny> Gooodnight.
23:19:22 <reification> night all
23:20:34 <skraam> gnight pal
23:21:05 <BioPhone> I'll just unwind with a bit of fire emblem on the plane methinks
23:23:18 <skraam> good plan
23:25:49 <BioPhone> Gotta make some vidya girls happy by giving them feathers
