00:06:17 <BioSlep> thats pretty close to elder god
00:14:29 <Camail> Runbunny  just got 40 wisdom scrolls from a void card
00:14:33 <Camail> fuck yea, rolling it in
00:14:35 <Camail> best rng
00:19:52 <Runbunny> Haha nice.
00:20:01 <Runbunny> The scholar is truly the best.
00:31:49 <DoT|Phone> Skram, the elder brother is good
00:32:39 <skram> good ol torb
00:41:28 <Runbunny> I should probably be sleeping.
00:41:35 <skram> pfft
00:41:38 <skram> BYE
00:44:14 <DoT|Phone> weak
00:44:46 <skram> what a bitch
00:45:01 <DoT|Phone> also mirc will only exit now :/ won't continue without registering
00:45:18 <skram> i didnt know that could happen
00:45:39 <DoT|Phone> yea
00:47:53 <skram> i bought a mirc license while blind drunk a few years back so im all good but ive been using the trial version for like 10 years before that
00:49:32 <DoT|Phone> haha
00:49:52 <DoT|Phone> did you by a winrar license to?
00:50:14 <skram> that'll happen on my next bender no doubt
02:11:32 <Camail> i just leo slammed the sickest belt
02:14:09 <Camail> this thing is worth like 6-7ex
02:18:34 <Camail> it might be worth even more
04:10:52 -!- Camail [~Camail@45.40.84.145] has joined #tlponies
04:10:52 -!- mode/#tlponies [+v Camail] by Q
04:11:04 <Camail> .tell skram the crit nod was the correct choice
05:22:37 -!- sweetiebot [~skybot@209.141.41.184] has joined #tlponies
06:28:19 -!- Dot` [webchat@9uoy.r1nm.k299.ip] has joined #tlponies
06:28:39 <Dot`> horses
06:28:49 <Dot`> wait, is there a netsplit atm?
07:00:22 -!- Golly [Golly@cm-84.212.249.112.getinternet.no] has joined #tlponies
07:03:59 <Dot`> .tell runbunny https://imgur.com/gallery/9TOW4Lg 
07:31:55 -!- Cane [~Cane@CaneCraft.users.quakenet.org] has joined #tlponies
07:31:55 -!- mode/#tlponies [+o Cane] by Q
08:12:44 -!- reification [~thomas@cpc76294-cosh16-2-0-cust297.6-1.cable.virginm.net] has joined #tlponies
08:12:44 -!- mode/#tlponies [+v reification] by Q
08:16:44 <Dot`> hey reif
08:18:04 <reification> hi dotties
08:18:26 <reification> i see the local wildlife has yet to murder you
08:21:26 <Dot`> im too wile
08:38:47 -!- carcinisation [~thomas@cpc76294-cosh16-2-0-cust297.6-1.cable.virginm.net] has joined #tlponies
08:38:47 -!- mode/#tlponies [+v carcinisation] by Q
08:46:53 <reification> .tell zounds https://twitter.com/MinModulation/status/1148064374785007618
08:47:10 <reification> .tell skram https://twitter.com/cccp2017/status/1148066503410851840
08:47:28 <reification> .tell dub` https://twitter.com/newscientist/status/1148246749355622401
08:47:43 <reification> .tell rawr https://twitter.com/kornluvr420/status/1147736630838493186
08:47:57 <reification> dot also
08:55:05 <CockRoach|42> hors hors
08:55:34 <reification> cr|42
09:09:01 <CockRoach|42> i wonder if the bird actually came up with the dance moves, or if their owner helped
09:11:43 <reification> could be, birds are pretty smart but also good at copy
09:37:50 -!- Runbunny [~Runbunny@91.100.28.10.generic-hostname.arrownet.dk] has joined #tlponies
09:38:12 <reification> runbun!
09:40:31 <Dot`> Runbun!
09:43:38 <Runbunny> Hai
09:43:40 <Runbunny> I am here
09:44:02 <Runbunny> I slept in and went to the store.
09:44:47 <Runbunny> That's a cute lad Dot.
09:49:49 -!- Zounds [webchat@cloak-07ouvien.14-2.cable.virginm.net] has joined #tlponies
09:50:18 <reification> hey zounds
09:50:28 <Zounds> reif lad
09:50:54 <Zounds> that rabbit is indeed round
09:54:56 <Runbunny> Hai Zounds.
09:55:09 <Zounds> speaking of round rabbits
09:55:12 <Zounds> hi roon
10:00:01 <Dot`> Zounds!
10:01:38 <Zounds> o/
10:04:51 <Runbunny> I'm round?
10:07:06 <Zounds> so sayeth synesthesia
10:19:58 <Runbunny> I don't have that.
10:20:03 <Runbunny> at all.
10:20:11 <Runbunny> well I'm color blind so maybe I do.
10:33:36 -!- carcinisation [~thomas@cpc76294-cosh16-2-0-cust297.6-1.cable.virginm.net] has joined #tlponies
10:33:36 -!- mode/#tlponies [+v carcinisation] by Q
10:51:18 -!- tredc [~tredc@c83-254-129-166.bredband.comhem.se] has joined #tlponies
11:51:17 <Dot`> pon pon
12:03:39 <Dot`> no one is here during AU time, this is the worst time zone
12:03:48 <Dot`> .tell skram https://www.reddit.com/r/dwarffortress/comments/cayo9p/dwarf_fortress_patch_notes_generated_by_ai/
12:04:59 -!- Rawr|Fone [~AndChat52@m83-185-86-207.cust.tele2.se] has joined #tlponies
12:07:03 <Dot`> Raaaaaawwr
12:10:18 <Runbunny> Rawr!
12:10:35 <Runbunny> I am here Dot` :/
12:10:39 <Rawr|Fone> Doooooot
12:10:44 <Rawr|Fone> Anders!
12:11:01 <Runbunny> Henrik.
12:11:09 <Runbunny> Gamle jas.
12:11:25 <Rawr|Fone> How are you two wonderful pons doing today
12:12:03 <Runbunny> I'm alright, it's very varm today, but my room is nice and cool.
12:13:05 <Rawr|Fone> Great
12:14:30 <Dot`> its 10:15 here already rawr
12:14:34 <Dot`> so late
12:14:56 <Rawr|Fone> Time for bed dot
12:22:29 <Dot`> but rawwwr, i havnt seen dub yet today
12:22:30 <Dot`> or skram
12:24:35 <Rawr|Fone> Maybe tomorrow my dear
12:29:58 <Dot`> :(
12:32:23 <Runbunny> Get up early Dot.
12:32:34 <Runbunny> Then Dub is surely going to be here.
12:34:42 <Zounds> Dot` I've heard australia isn't a real place
12:34:45 <Zounds> so where are you really
12:41:32 <Dot`> austria
12:41:45 <Dot`> the lee side of it
12:46:24 <Rawr|Fone> Hmm
12:49:35 -!- skram [~skram@134.19.189.68] has joined #tlponies
12:49:52 <skram> Dot`
12:53:11 <Rawr|Fone> Jonas
12:53:59 <skram> Ah. A Henrik. Marvelous.
12:54:08 <Dot`> SKRAM
12:54:13 <Dot`> pls, your so late
12:54:35 <skram> Bjørn it is the middle of the day what are you talking about
12:55:05 <Dot`> 3pm is not midday
12:55:20 <Dot`> AND you know im in AU
12:55:26 <Dot`> i almost have to go to sleep
12:56:56 <skram> why are you even in australia dot
12:57:09 <skram> theres spiders and drop bears
12:57:22 <skram> surely you could've skyped in to your brothers wedding
12:58:14 <Dot`> all i know is after i got here i was told a "casual wedding" does not mean shorts and t-shirt
12:58:25 <Dot`> im very dissapointed
12:58:31 <skram> what does it mean then??
13:03:34 <Dot`> i dont know
13:03:45 <Dot`> but i dont have shoes
13:04:05 <skram> well if its casual then sneakers should be alright
13:04:21 -!- reification [~thomas@cpc76294-cosh16-2-0-cust297.6-1.cable.virginm.net] has joined #tlponies
13:04:21 -!- mode/#tlponies [+v reification] by Q
13:04:27 <Rawr|Fone> Reef reef
13:08:30 <reification> roar roar
13:31:17 <reification> runbunny from countdown today https://streamable.com/l5si6
13:43:05 <CockRoach|42> haha
13:43:28 <CockRoach|42> "hentai is brilliant"
13:43:56 <Runbunny> Nice.
13:44:01 <Runbunny> What countdown though?
13:51:04 <Runbunny> It jus occured to me that it might be a game show.
13:51:12 <CockRoach|42> it is
13:51:12 <Runbunny> It's still nice.
13:51:40 <CockRoach|42> a rather silly game show too
13:52:34 <Runbunny> I see.
14:05:33 <Zounds> my granny loves it
14:05:50 <Zounds> or loved I guess D:
14:11:14 <Dot`> :(
14:11:22 <Dot`> zounds <3
14:15:11 <skram> susie dent is a pervert confirmed
14:56:55 -!- Camail [~Camail@45.40.84.145] has joined #tlponies
14:56:56 -!- mode/#tlponies [+v Camail] by Q
14:58:56 <Camail> Dot` i am early
14:59:01 <Camail> dont tell skram
14:59:04 <Camail> then he'll talk to me
14:59:10 <Camail> and i just need time away from him right now
14:59:45 <Camail> man, once i get a job i want to visit you guys
14:59:55 <Camail> me and dub can travel together
15:10:17 <Dot`> i napped a bit
15:10:26 <Dot`> and drooled it seems
15:10:34 <Dot`> cam, when you getting a job
15:10:44 <Camail> as soon as i can
15:11:00 <Dot`> what kind of job?
15:11:30 <Dot`> at this point i thought you where just part of the mafia and had old family money on offshore accounts
15:15:37 <Dot`> i know you studied something computer related, but dont know the exact thing
15:17:13 <Camail> i'm trying to be a data engineer, but at this point a normal software engineer would be fine
15:17:56 <Dot`> oh ,thats cool
15:18:58 <Dot`> would you take dub in a suitecase? 
15:19:25 <Camail> well, hopefully
15:19:34 <Camail> because the other option is a pet carrier
15:19:53 <Dot`> are dubs shots up to date?
15:20:38 <Camail> well he went abroad a few years ago so i think so
15:21:05 <Camail> .tell dub` hey are you an anti-vaxxer, and how well do you do in small spaces?
15:21:10 <Camail> we'll find out soon enough
15:21:28 <Dot`> its good to plan in advance
15:24:52 <Dot`> i dled all the crit roll to watch so i had something to do in the 24 hour transit, then i got  a migrain 4 hours into travel
15:25:01 <Camail> yea i saw, that's rough
15:25:12 <Camail> well you'll be traveling back
15:25:16 <Camail> so that's a chance
15:25:31 <Camail> i had a migraine last night, drugs solved that problem
15:25:38 <Camail> you should stock up on drugs before you travel home
15:25:47 <Camail> but it's a pain to travel with drug in luggage
15:25:53 <Camail> just stick them up your butt
15:26:10 <Dot`> your very good at panning ahead
15:26:15 <Camail> be an OTC drug mule
15:26:28 <Camail> i'm the best planner
15:27:10 <Runbunny> Are we kidnapping Dub?
15:27:23 <Dot`> give up softeawre engineering and become an event orginiser cam
15:27:48 <Dot`> and no runbun, he wants to travel, im sure, we wont bother asking him though
15:27:50 <Camail> gonna organize so many events about butts
15:28:13 <Camail> that would probably be popular, tho
15:28:14 <Dot`> buttcon
15:28:37 <Runbunny> That's kidnapping Dot.
15:29:04 <Dot`> suprise vacation
15:29:31 <Dot`> wouldnt you like a holiday runbun?
15:31:46 <Runbunny> Sure.
15:32:09 <Runbunny> Is it a permanent vacation from life?
15:33:28 <Dot`> is that that kind you want
15:33:31 <Dot`> ill make a note
15:36:04 <Camail> runbun my cyclone boi is almost online
15:36:25 <Camail> he does damage, now i just need an inspired learning, trying to wait for the price to go back down to 26ex
15:42:27 <Runbunny> O:
15:42:30 <Runbunny> Dang
15:49:06 <Camail> legion drops some dank stuff
15:49:19 <Camail> also making a few ex from betrayal
15:49:28 <Camail> i've flipped like 5 pariahs
15:52:56 <Camail> i'm converting t12 maps to cemeteries right now, gonna do a big pale court key sale later tonight
15:55:38 <Runbunny> Short the market!
16:27:15 * skram slaps Dot` around a bit with a large trout
16:28:45 <Rawr|Fone> Hors hors
16:38:31 <Runbunny> Rawr|Fone, Dot` skram https://i.imgur.com/6DolQnY.mp4
17:24:49 <Rawr|Fone> Poor little bunny
17:25:11 <skram> rip
17:38:14 -!- DuB` [DuB@cpe-68-174-122-249.nyc.res.rr.com] has joined #tlponies
17:38:19 <skram> Dub.
17:38:25 <DuB`> skram
17:38:41 <DuB`> Camail wat
17:38:53 <Camail> answer the questions
17:39:04 <DuB`> No and well
17:39:11 <skram> perfect
17:39:13 <Camail> good enough
17:39:26 <Camail> i'll stor that info for later use
17:40:15 <DuB`> Hmmkay
17:40:32 <DuB`> I need to chose benefits and savings plans today o boi
17:41:47 <DuB`> I think I'll be investing in RENT and SUSTENANCE
17:43:05 <skram> sustenance?
17:43:36 <DuB`> Boi's gotta eat
17:53:40 <Cane> New Symmetra is fun. Putting a sneaky teleporter and then teleporting sentry turrets through it is my new favorite hobby.
17:55:00 <DuB`> Cane the symmetra rework is a full year old at this point :P
17:55:10 <DuB`> But yes she's much more enjoyable now haha
17:57:13 <Camail> skram if you want to make a lot of money without doing any work you can flip essences of dread
17:57:25 <Camail> there's no mapping like the pale court flips
17:57:46 <Camail> i just made 25c easily
18:08:12 <Camail> being juiced up is fun
18:08:17 <Camail> i can only imagine what a HH is like
18:08:32 <Camail> all i need to do is convert to an ele build
18:08:41 <Camail> which will take some time, but this is fun for now
18:15:14 <Camail> but... I'm poor again
18:28:18 <skram> whaddaya mean flippin
18:28:22 <skram> you just buy and sell?
18:28:52 <Camail> you buy 9 screaming essences of dread, convert them to deafening, and sell back
18:29:10 <Camail> screaming cost ~5 each if you're patient, deafening cost 70c
18:29:26 <Camail> thats a 45c investment for 25c profit
18:29:31 <skram> how do you convert em
18:29:39 <Camail> you just sell 3 to a vendor
18:29:46 <skram> oh i see
18:29:48 <Camail> it's seriously that easy, but people are dumb and dont do it
18:30:13 <Camail> usually essences level out, but dread are SO popular that it's been out of whack this league
18:30:49 <Camail> oh, 80c, so 35c profit
18:35:22 <Camail> right now i'm not even playing, i have a live alert on poetrade for cheap dreads
18:36:35 <Camail> skram ping me if you wanna map and we can spin together
18:36:49 <Camail> i did uber lab last night and specced out of leech entirely
18:37:00 <Camail> my aoe is beefy
18:47:50 <skram> think i threw away all my essences because they were useless
18:47:51 <skram> :p
18:57:38 <DuB`> I love having all this dotes to watch
18:57:42 <DuB`> pre-TI is fun
19:01:09 <skram> Hey Camail is there a reason to not use two cast when damage taken gems at the same time?
19:01:20 <Camail> why would you
19:01:34 -!- Golly [Golly@cm-84.212.249.112.getinternet.no] has joined #tlponies
19:01:40 <Camail> you can link multiple things to a single CWDT
19:01:58 <Camail> but yes technically you can have as many triggers as you want
19:02:00 <skram> if you dont have enough links but want to cast other things while taking damage
19:02:14 <Camail> yea that's fine
19:02:21 <Camail> what are the skills you want
19:28:30 <Bio> asdf
20:23:37 <reification> runbun https://twitter.com/itanimeirl/status/1148224665954816001
20:25:08 <Dot`> Morning horses
20:25:09 <Runbunny> Whens next season?
20:25:12 <Runbunny> Hai Dot.
20:25:23 <Runbunny> btw reification https://kotaku.com/hentai-sites-go-to-war-leaving-animated-porns-future-i-1836199843
20:25:39 <Runbunny> Skram take a look as well.
20:31:26 <reification> shades of the old 4/5/iichan fight runbun
20:34:44 <DuB`> Dot!
20:37:40 <Dot`> DUB
20:37:43 <Dot`> its so early
20:39:54 <DuB`> o no
20:41:51 <reification> ?ohno
20:45:17 <DuB`> Off to run
20:45:49 <DuB`> 90F/32C outside though... maybe I wait :(
20:47:10 <reification> don't melt dub
21:02:37 -!- Crisium [~Crisium@c-73-174-151-51.hsd1.pa.comcast.net] has joined #tlponies
21:10:50 <reification> hi cris
21:11:39 <Crisium> howdy
21:44:09 <skram> the hentai wars
21:44:15 <skram> this is my favorite timeline, runbun
21:45:28 <reification> maybe it will be like shimoneta
21:45:46 <skram> papa hh returns
21:45:47 -!- Crisium|2 [~Crisium@104.238.32.17] has joined #tlponies
21:45:50 <skram> with panties on his face
21:46:19 <Runbunny> Your panties I reckon.
21:46:55 <skram> boxers arent that spicy, runbun
21:57:06 <skram> .tell DuB` https://www.youtube.com/watch?v=HUKsUtHx4QU ME ME S
22:21:04 <Camail> Runbun https://cdn.discordapp.com/attachments/586603839377899533/598266283255005342/inspired.png
22:21:37 <Camail> the dream
22:21:39 <skram> im pretty sure this is illegal, camail
22:21:45 <Camail> haha
22:21:51 <Camail> i got lucky with the steals
22:22:00 <Camail> people with HH get this all the time
22:22:10 <skram> HH?
22:22:15 <Camail> head hunter
22:22:29 <Camail> it's the belt that stealls all the mods, and not just a random one
22:22:42 <skram> ooh right
23:12:54 <Runbunny> Well boys.
23:12:57 <Runbunny> I am going to sleep.
23:13:09 <reification> night bun
23:13:11 <reification> i shall also
23:13:28 -!- Crisium [~Crisium@c-73-174-151-51.hsd1.pa.comcast.net] has joined #tlponies
