00:33:24 -!- Rawr|Fone [~AndChat52@c-4eb4e655.020-164-6d6c6d4.bbcust.telenor.se] has joined #tlponies
00:38:47 <BioPhone> Bois
00:39:21 -!- BioPone [~androirc@97.70.165.146] has joined #tlponies
00:44:47 <BioPone> Hej
00:44:50 <BioPone> Phon pls
00:46:38 <skrma> bio pls
00:46:51 <skrma> conmtain ur phomne
00:54:13 <BioPone> Sry
00:54:34 <skrma> how you bean
00:55:20 <skrma> you missed jonah almost murdering an innocent rug salesman
01:03:29 -!- BioPone [~androirc@97.70.165.146] has joined #tlponies
01:18:01 <Camail> dub how was the weekend of monhun
01:18:49 <Camail> 4 more days to do event quests
01:19:00 <DuB`> Glorious
03:29:34 -!- Rawr|Fone [~AndChat52@c-4eb4e655.020-164-6d6c6d4.bbcust.telenor.se] has joined #tlponies
05:10:32 -!- Rawr|Fone [~AndChat52@c-4eb4e655.020-164-6d6c6d4.bbcust.telenor.se] has joined #tlponies
05:23:44 -!- Rawr|Fone [~AndChat52@c-4eb4e655.020-164-6d6c6d4.bbcust.telenor.se] has joined #tlponies
07:54:23 -!- Dot` [webchat@cloak-vnm1j07w.71.208.46.dyn.plus.net] has joined #tlponies
08:55:12 -!- Dot|Phone [uid393803@2001:67c:2f08:8::6:24b] has joined #tlponies
08:55:26 <Dot|Phone> Morning pons
08:55:34 -!- Runbunny [~Runbunny@91.100.28.10.generic-hostname.arrownet.dk] has joined #tlponies
08:57:35 <Dot|Phone> Hey runbun
08:58:06 <Runbunny> Hai Dot.
08:59:20 <Runbunny> .tell reification https://danbooru.donmai.us/posts/3669329
09:53:29 <Dot|Phone> How you today runbun
09:53:31 -!- Golly [~kvirc@cm-84.213.21.103.getinternet.no] has joined #tlponies
09:57:52 -!- reification [~thomas@cpc76294-cosh16-2-0-cust297.6-1.cable.virginm.net] has joined #tlponies
09:57:52 -!- mode/#tlponies [+v reification] by Q
10:01:42 <Runbunny> Dot|Phone, I am a bit under the weather today.
10:01:52 <Runbunny> Might have a slight fever.
10:01:58 <Runbunny> Hai Reif.
10:11:31 <reification> hello bun
10:12:13 <reification> hey i had the
10:12:29 <reification> rabi ribi link open to send you!
10:14:00 <Runbunny> :D
10:14:57 <reification> .tell skram https://danbooru.donmai.us/posts/3669405
10:20:37 <Dot|Phone> Oh no bun, please get better
10:20:40 <Dot|Phone> Hey Reif
10:20:46 <reification> hi dotties
10:22:45 <Runbunny> Dot|Phone, https://i.imgur.com/4v1PdbS.mp4
10:23:26 <Dot|Phone> Otter! 
10:28:21 <Runbunny> one more Dot|Phone https://i.imgur.com/hUeM8ml.mp4
10:30:46 <Dot|Phone> Fluffy otters! 
10:54:29 <Runbunny> Dot|Phone, https://i.imgur.com/oyfvkwV.mp4
10:54:47 <Runbunny> You're probably working hard, so let me distract you.
10:55:26 <Dot|Phone> Odd ferret, still cute though
10:56:12 <Dot|Phone> I'm doing cyber security course stuff for work, basic and boring 
11:07:32 -!- tredc [~tredc@c83-254-129-166.bredband.comhem.se] has joined #tlponies
11:20:02 <Runbunny> .tell skram https://i.imgur.com/sGa84Nn.jpg
11:43:38 -!- skram [~skram@82.147.53.36] has joined #tlponies
11:45:23 -!- carcinisation [~thomas@cpc76294-cosh16-2-0-cust297.6-1.cable.virginm.net] has joined #tlponies
11:45:23 -!- mode/#tlponies [+v carcinisation] by Q
11:47:27 <Dot|Phone> Jonas friend <3
11:47:51 <skram> dot pal <3
11:47:57 <Runbunny> Jonas.
11:48:14 <skram> Anders. My thighs are forlorn.
11:50:42 <Dot|Phone> ... 
11:52:12 <Runbunny> Don't you have a cat?
12:07:12 <Dot|Phone> Skram https://www.reddit.com/r/wholesomememes/comments/do4g84/gotta_love_nathan/
12:11:24 <skram> not anymore runbun D:
12:11:39 <skram> a life well spent
12:36:33 <Runbunny> forlorn thighs :/
12:36:58 <Dot|Phone> How are you doing today skram
12:37:31 <skram> a bit asdf
12:37:38 <Dot|Phone> Hmm
12:37:45 <skram> i have to work but i dont want to
12:37:55 <Dot|Phone> That is asdf
12:41:31 -!- BioPhone [~androirc@mobile-166-176-248-238.mycingular.net] has joined #tlponies
12:49:22 <BioPhone> Morn
12:49:31 <skram> mornin pal
12:51:47 <Dot|Phone> Bio 
12:52:41 <BioPhone> How do
12:57:50 <skram> i done a food
12:57:55 <skram> now im counting the minutes
12:58:28 <Dot|Phone> I don work and have more to don still 
13:10:50 -!- BioPhone [~androirc@mobile-166-176-248-238.mycingular.net] has joined #tlponies
13:18:26 <BioPhone> What pons
13:20:45 <Dot|Phone> How's you bio 
13:22:36 <BioPhone> I can say I've been better. My brother came up yesterday and cheered me up a little
13:23:55 <Dot|Phone> <3
13:27:38 -!- BioPone [~androirc@12.33.239.117] has joined #tlponies
13:36:23 -!- Rawr|Fone [~AndChat52@c-4eb4e655.020-164-6d6c6d4.bbcust.telenor.se] has joined #tlponies
14:03:34 -!- Rawr|Fone [~AndChat52@c-4eb4e655.020-164-6d6c6d4.bbcust.telenor.se] has joined #tlponies
14:32:20 <BioPone> Asdf
14:40:20 <reification> runbunny non-paper of the day https://slatestarcodex.com/2019/04/22/1960-the-year-the-singularity-was-cancelled/
14:43:15 -!- Camail [~Camail@45.40.84.145] has joined #tlponies
14:43:16 -!- mode/#tlponies [+v Camail] by Q
14:47:41 <Rawr|Fone> Cam
14:47:47 <Camail> rawr
14:48:45 <Rawr|Fone> Are you doing well today?
14:49:33 <Runbunny> reification, I read the astract of a study investigating if peppermint oil actually worked as a spider repellent today.
14:50:14 <Camail> i am fine, just woke up
14:50:36 <reification> well does it?!
15:00:22 <Camail> the spiders got to him
15:00:26 <Camail> before he could spread the truth
15:00:33 <Camail> RIP runbun
15:08:49 <Golly> grats spiders
15:12:40 <Runbunny> They reported that of the 3 species they experimented on, it worked on 2.
15:14:04 <Camail> shit, they'll evolve
15:16:38 <Runbunny> I mean yeah probably. You just need to kill the ones that doesn't get repelled.
15:33:50 <Dot|Phone> Cam please
15:33:55 <Camail> no
15:37:02 <Dot|Phone> Alright
15:53:11 -!- BioPone [~androirc@97.70.165.146] has joined #tlponies
16:11:42 -!- Dot` [webchat@cloak-vnm1j07w.71.208.46.dyn.plus.net] has joined #tlponies
16:30:18 <Rawr|Fone> 🐴🐴🐴
16:32:06 <Dot`> Rawr Rawr Rawr
16:32:08 <Dot`> <3 <3 <3
16:32:32 <Rawr|Fone> DoT DoT DoT
16:32:34 <Rawr|Fone> ❤❤❤
16:34:38 -!- Golly [~kvirc@cm-84.213.21.103.getinternet.no] has joined #tlponies
16:53:23 -!- skrm [webchat@pioj.eid3.887x.ip] has joined #tlponies
16:55:30 <Dot`> skrm
17:04:22 <skrm> Dot`
17:07:32 -!- BioPone [~androirc@12.33.239.117] has joined #tlponies
17:12:27 <Rawr|Fone> Oh wow a skrm
17:31:11 -!- carcinisation [~thomas@cpc76294-cosh16-2-0-cust297.6-1.cable.virginm.net] has joined #tlponies
17:31:11 -!- mode/#tlponies [+v carcinisation] by Q
18:30:10 -!- BioPone [~androirc@12.33.239.117] has joined #tlponies
18:30:23 -!- Rawr|Fone [~AndChat52@c-4eb4e655.020-164-6d6c6d4.bbcust.telenor.se] has joined #tlponies
18:50:18 -!- Rawr|Fone [~AndChat52@c-4eb4e655.020-164-6d6c6d4.bbcust.telenor.se] has joined #tlponies
18:58:39 -!- Rawr|Phone [~AndChat52@m83-185-91-85.cust.tele2.se] has joined #tlponies
19:46:20 <Dot`> pon
20:20:12 <Rawr|Phone> DoT`
20:33:47 <reification> oh boy it's time to steal all of the ukraine's stuff https://www.kyivpost.com/business/zelensky-signs-law-to-launch-large-scale-privatization-in-ukraine.html
20:35:32 <Dot`> rawr
20:35:47 <reification> .tell bio meem https://twitter.com/abkazias/status/1188841208187105282
20:48:50 -!- skrm [webchat@pioj.eid3.887x.ip] has joined #tlponies
20:51:11 <Dot`> skrm
20:51:34 <skrm> yeah buddy
20:51:57 <Dot`> how you surviving?
20:53:37 <skrm> fuckin' barely pal
20:54:04 <Rawr|Phone> Jonas
20:54:06 <Rawr|Phone> Snela
20:56:37 <skrm> dont you snel me young man
20:57:09 <Rawr|Phone> I will snel you as much as I want
20:58:37 <skrm> im calling the swedish polis rn
21:18:25 <Dot`> are they not just as silly as rawr?
21:28:35 <Runbunny> Nice of you to call reinforcements for Rawr.
21:28:41 <Runbunny> So he doesn't have to do it himself.
21:29:32 <skrm> i told the coppers to look for a boi named henrik in malmö
21:30:00 <Dot`> did you tell them he is a ping pong pro?
21:30:16 <Dot`> so be careful of his ping bat
21:34:35 <skrm> its called paddle, dot
21:34:39 <skrm> you neophyte
21:35:17 <Dot`> ping paddle?
21:39:21 <Camail> paddle pong
21:43:25 <Rawr|Phone> 🤨🤨🤨
21:50:30 -!- Rawr|Fone [~AndChat52@85.230.180.78] has joined #tlponies
22:05:50 <Dot`> https://imgur.com/gallery/mS2jwDj
22:09:21 <Runbunny> Dot`, https://i.imgur.com/hgvvwnu.mp4
22:10:47 <Dot`> what a silly birb
22:11:52 <Runbunny> Another silly bird https://i.imgur.com/FLkdhEc.mp4
22:12:38 <Dot`> looks like a ferret 
22:14:39 <Dot`> .tell skrm https://imgur.com/gallery/mmKIzvl
22:39:22 -!- Rawr|Fone [~AndChat52@c-4eb4e655.020-164-6d6c6d4.bbcust.telenor.se] has joined #tlponies
22:41:39 -!- skram [~skram@93.190.137.173] has joined #tlponies
22:42:47 <skram> hmm
22:42:51 <Rawr|Fone> Hmm
22:42:58 <Dot`> skram
22:43:26 <skram> ja bjørn
22:43:44 <Dot`> sleep time soon
22:44:11 <skram> heck no buddy
22:44:17 <skram> i gotta look at all these cats
22:44:36 <Dot`> i sent a link with cats to skrm
22:44:40 <Dot`> but now your skram
22:44:53 <skram> so tricky
22:44:58 <skrm> c a t s
22:45:07 <skram> beat the system
22:45:22 <skram> it has been deleted :(
22:45:28 <Dot`> what
22:45:38 <Dot`> ruuuude
22:47:50 <skram> terrible
22:48:19 <Dot`> why would someone delete a post of 5 cat gifs
22:48:39 <skram> becaause they hate people
22:58:04 <Rawr|Fone> Should have been dog gifs instead
23:02:30 <Dot`> skram https://i.imgur.com/OQB0vWC.jpg
23:02:51 <skram> hahah
23:02:52 <skram> same
23:03:14 <Dot`> are we old skram
23:04:27 <Rawr|Fone> Very old
23:04:29 <Rawr|Fone> Yes
23:04:51 <skram> aint nothing old person like about wearing your freshest threads, henrik
23:06:06 <Rawr|Fone> Doing your own laundry is for old people though
23:06:35 <skram> you should def do your own laundry by like 16
23:06:58 <Rawr|Fone> Well 16 is kind of old too
23:07:05 <Rawr|Fone> I'll wait a few years
23:07:32 -!- Crisium [~Crisium@c-24-3-150-105.hsd1.pa.comcast.net] has joined #tlponies
23:21:32 -!- Rawr|Fone [~AndChat52@c-4eb4e655.020-164-6d6c6d4.bbcust.telenor.se] has joined #tlponies
23:24:39 <Camail> skram hi
23:25:19 <skram> sup cam a il
23:26:01 <Camail> you should hunt monsters
23:26:43 <skram> but they are so scary camail
23:27:18 <Camail> thats why we hunt them
23:27:29 <skram> why cant we be frens
23:27:31 <Camail> they aren't scary when they're dead and ripped apart
23:27:37 <Camail> or you can capture them
23:27:41 <Camail> well, most of them
23:29:51 <skram> but can i keep them as a pet
23:31:38 <Camail> some of them
23:31:40 <Camail> the tinier ones
23:31:48 <Camail> i have a rabbit thing
23:36:21 <Dot`> you have a runbun?
23:42:17 -!- Westy543 [Westy543@c-24-130-12-152.hsd1.ca.comcast.net] has joined #tlponies
23:42:21 -!- mode/#tlponies [+v Westy543] by Q
23:58:52 <Camail> nah mine's pretty slow
