00:24:13 -!- DuB` [~DuB@65-130-36-78.slkc.qwest.net] has joined #tlponies
00:34:25 <Camail> yea we did den and got the crossroads WP
00:34:35 <Camail> i might start up again after food
00:35:32 <Camail> legion is quite fun
00:52:01 <Camail> Raelcun  the #1 ssf hc is a double strike flicker gladiator
00:52:10 <Camail> so yea, flicker is pretty strong
00:52:23 <Raelcun> gladiator huh?
00:52:27 <Raelcun> I'm doing an inquisitor meme
00:52:30 <Camail> getting 340m xph right now
00:52:32 <Camail> jesus
00:52:37 <Camail> at league start!
00:53:27 <Camail> flicker should be viable regardless
00:53:39 <Camail> are you following a build rael or homebrewing
00:53:46 <Raelcun> I can start flickering soon
00:53:48 <Raelcun> almost out of act 3
00:55:32 <Camail> nice
00:59:18 <Crisium> https://twitter.com/veganjocelyn/status/1135553268380311553
01:35:10 <Bio> asdf
01:37:53 -!- Rawr|Fone [~AndChat52@84-217-62-32.customers.ownit.se] has joined #tlponies
02:09:02 -!- DvB` [~DuB@65-130-11-56.slkc.qwest.net] has joined #tlponies
02:23:05 <Bio> .tell Crisium https://i.redd.it/gc9ytqas61331.jpg
02:33:44 -!- Rawr|Fone [~AndChat52@84-217-62-32.customers.ownit.se] has joined #tlponies
02:38:40 <Camail> yea, when the only sales price that beats you is the cubs final game, that's impressive
02:49:46 <Bio> its a chance for them to win the cup at home, not surprised
02:49:54 <Bio> was super hard for me to not buy a ticket
02:50:15 <Bio> but thats like 3k total min, with a trip and taxes and stuff
02:50:39 <DvB`> Hypest hokey
02:51:37 <Bio> big mood
02:52:35 <Bio> right now tho, big mood is bedtime
02:52:39 <Biosleep> nnnnnnnnnnnnnnnnnnnn
02:57:47 <DvB`> zZz
03:20:53 <Camail> internet problems, dub?
03:21:01 <Camail> welp
03:23:07 -!- DuB` [~DuB@65-130-43-247.slkc.qwest.net] has joined #tlponies
03:26:42 -!- DvB` [~DuB@65-130-45-30.slkc.qwest.net] has joined #tlponies
03:28:24 <Camail> stop having bad internet dub
03:28:28 <Camail> it's very inconvenient
03:36:38 <DvB`> Camail, poe CTDs every time I alttab -.-;
03:36:55 <Camail> borderless fullscreen?
03:37:24 <Camail> i've never had that issue
03:37:45 <DvB`> Also has ctd'ed twice on travelling between zones
03:39:26 <Camail> you are cursed
03:39:28 <Camail> obviously
03:39:40 <Camail> also, let me give you a four link to wear
04:12:39 <Camail> woo
04:12:43 <Camail> got vaal reave
04:12:58 <Camail> this will carry me for awhile
04:26:01 -!- Rawr|Fone [~AndChat52@84-217-62-32.customers.ownit.se] has joined #tlponies
05:34:44 <Camail> i dont have a diamond flask yet, but i want one =/
06:15:14 -!- Micen|Droid [~Micen@h96.113.89.75.dynamic.ip.windstream.net] has joined #tlponies
07:40:27 -!- Rawr|Fone [~AndChat52@84-217-62-32.customers.ownit.se] has joined #tlponies
08:00:39 <Dot`> morning
08:08:57 -!- reification [~thomas@cpc76294-cosh16-2-0-cust297.6-1.cable.virginm.net] has joined #tlponies
08:08:57 -!- mode/#tlponies [+v reification] by Q
08:11:57 <Dot`> hey reif
08:12:07 <reification> hey dotties
08:12:48 <Dot`> rawr https://imgur.com/gallery/bEZ0wjN
08:15:57 -!- Golly [Golly@cm-84.212.249.112.getinternet.no] has joined #tlponies
08:47:45 <Camail> was a good poe
08:47:56 <Camail> leveling is fun in this game
08:50:04 <Dot`> you keep going with same character?
08:53:04 -!- tredc [~tredc@c83-254-129-166.bredband.comhem.se] has joined #tlponies
08:53:45 <Camail> yea
08:53:56 <Camail> i might make another one and beat act 1
08:54:11 <Camail> sleeeeeeep
08:54:12 <Dot`> .tell zounds https://imgur.com/gallery/5WegyHq
08:54:13 <Dot`> look rawr
08:54:17 <Dot`> gnight cam
08:54:19 <Dot`> damn
09:05:01 -!- Runbunny [~Runbunny@91.100.28.10.generic-hostname.arrownet.dk] has joined #tlponies
09:05:32 <Dot`> Runbun!
09:05:39 <Dot`> how the PoEing go?
09:06:53 <Runbunny> Hai.
09:06:57 <Runbunny> It's alright.
09:07:13 <reification> hello bun
09:07:29 <Runbunny> I did get that cheat armor though. So I am pretty set.
09:07:36 <Runbunny> Salutations Reif.
09:57:38 -!- skram [~skram@5.79.76.37] has joined #tlponies
09:58:03 <Dot`> Jonas <3
09:58:15 <skram> Bjørn <3
10:06:13 -!- Micen|Droid [~Micen@ip-99-203-32-32.pools.spcsdns.net] has joined #tlponies
10:08:34 -!- Micen|Droid_ [~Micen@h111.218.117.75.dynamic.ip.windstream.net] has joined #tlponies
10:44:20 <Dot`> how you skram
10:46:01 <skram> its too darn hot
10:59:08 <Rawr|Fone> Hors hors
10:59:46 <Rawr|Fone> .tell cockroach|42 <3
11:32:24 <Rawr|Fone> No hors
11:40:27 <Dot`> CockRoach|42!!!!
11:40:28 <Dot`> https://www.reddit.com/r/DnD/comments/bxvney/art_dungeons_and_doggos_105_mystery_abounds/
12:06:09 <reification> dot cr https://www.reddit.com/r/snek_irl/comments/bpd7wd/snek_irl/
12:06:19 <reification> also https://i.redd.it/56dlj4rzec231.jpg
13:16:57 -!- Zounds [webchat@cloak-07ouvien.14-2.cable.virginm.net] has joined #tlponies
13:17:20 <Zounds> pon
13:25:50 <Dot`> hey zounds
14:10:00 -!- Zounds [webchat@cloak-07ouvien.14-2.cable.virginm.net] has joined #tlponies
14:33:31 <Dot`> hows horses today
14:33:48 <Rawr|Fone> DoT DoT DoT
14:36:56 <Dot`> Rawr Rawr Rawr
14:36:58 <Dot`> <3 <3 <3
14:37:05 <Rawr|Fone> ❤❤❤
14:37:06 <Biosleep> hedje
14:37:14 <Rawr|Fone> Bayo
14:38:25 <Dot`> bio
14:38:33 <Bio> I A W A K E N
14:39:38 <Dot`> rawr i watched detective pikachu, it was good
14:40:01 <Rawr|Fone> Yes
14:49:30 <Bio> pika pika
14:49:33 <Bio> thats adorable
14:55:02 <Cane> I've had Weird Al songs stuck in my head for an hour. I need help.
14:55:18 <Bio> surrender to madness cane
14:56:12 <Dot`> cane, hows the meme build going?
14:58:08 <Cane> I stopped in act 2 and started a new character with a friend of mine. I really want to level my meme build though. <3
14:58:15 <Cane> Have you played any today?
14:59:38 <Cane> Camail played a bunch iirc.
14:59:47 <Cane> And I think Rael is in like act 5 already.
15:00:07 <Dot`> i am playing a bit with another character, a fun looking vortex build
15:00:16 <Dot`> but im really slow solo
15:00:24 <Dot`> not even act 2 yet
15:03:08 <reification> .tell dub` https://twitter.com/41Strange/status/1137249363825008640
15:07:37 -!- skram [~skram@185.107.80.180] has joined #tlponies
15:26:31 <CockRoach|42> there are apparently new horses on tv now
15:32:46 -!- Rawr|Fone [~AndChat52@84-217-62-32.customers.ownit.se] has joined #tlponies
15:38:19 -!- Camail [~Camail@45.40.84.145] has joined #tlponies
15:38:19 -!- mode/#tlponies [+v Camail] by Q
15:42:29 <Rawr|Fone> Good evening camail
15:58:28 -!- carcinisation [~thomas@cpc76294-cosh16-2-0-cust297.6-1.cable.virginm.net] has joined #tlponies
15:58:28 -!- mode/#tlponies [+v carcinisation] by Q
16:04:03 <Dot`> no cam
16:04:09 <Camail> yes cam
16:06:37 <skram> maybe cam
16:08:02 <Rawr|Fone> Definitely cam
16:14:53 <skram> maybe for 5 bucks cam
16:15:03 <Camail> top shelf cam
16:41:22 -!- Golly [Golly@cm-84.212.249.112.getinternet.no] has joined #tlponies
16:46:39 <Camail> k, new character is in act 2
16:46:55 <skram> you made another one?
16:47:20 <Camail> ya
16:47:26 <Camail> cuz i played my toher one
16:47:35 <Camail> gonna level my tectonic slam boi with you guys
16:47:54 <skram> so many jumping bois
16:51:30 <Camail> that's leaping slam, but yes i'll also use that
16:51:38 <Camail> it's an insanely good travel skill this league
16:51:40 -!- Crisium [~Crisium@c-73-174-151-51.hsd1.pa.comcast.net] has joined #tlponies
16:52:05 <Camail> fortify was moved from leap slam to main skill, and we got a replacement with endurance charge on stun
16:52:19 <Camail> a strict upgrade for damage and survivability 
16:52:35 <Camail> afk for a bit, maybe we play later
16:52:44 <Camail> i haven't done the den on this guy
16:58:39 <Cane> Camail?
17:03:43 <Camail> yes i am back
17:03:48 <Camail> hell cane
17:03:51 <Camail> hello*
17:04:22 <Camail> oh
17:04:23 <Camail> ummm
17:04:57 <Cane> <3
17:05:33 <Cane> Vaal Summon Skeletons will be used by my build, I know that.
17:08:03 <Camail> everyone keep an eye out for that
17:08:27 <Camail> Dot` skram  wanna continue? dub went on ahead last night so we can 3 man it
17:09:55 <Camail> vaal skeletons should be hella cheap on poe.trade cane
17:14:39 <Camail> Dot` ah, i see you played a bit
17:14:43 <Camail> when's dnd
17:15:19 <Dot`> in just under 2 hours
17:15:57 <Dot`> this is a diffrent character, becuase i wanted to try vortex, it sounds fun, other character is where we left off
17:16:17 <Camail> Ak, k
17:22:45 <skram> im down cam
17:23:22 <Dot`> i just found a plate, so i cna play for a little bit
17:24:12 <Camail> kk
17:24:16 <Camail> discrawd
17:37:50 <carcinisation> zounds https://twitter.com/namaniku_ATK/status/1136807470070808576
17:41:03 -!- Rawr|Phone [~AndChat52@m83-185-86-119.cust.tele2.se] has joined #tlponies
17:52:32 <Rawr|Phone> 🐴🐴🐴
17:59:10 <CockRoach|42> https://fabula-ultima.tumblr.com/post/184745604259/anatomy-of-a-comic-sans-shark
18:27:08 <Golly> uh oh, anthem on e3 stream
18:36:00 <Camail> anthem 2 pls
18:36:05 <Camail> for mobile
18:37:55 <Golly> they spent like a minute on it and then went back to the moneymaker sports games
18:38:19 <Bio> is it e3 time again
18:38:28 <Bio> it always sneaks up on me
18:38:40 <Golly> ikr
18:59:08 <skram> .tell dub` https://www.youtube.com/watch?v=SnhnbSeqDos
19:00:15 <skram> .tell dub` https://www.youtube.com/watch?v=IFZCOwCIHco
19:08:52 <Dot`> skram 7 days
19:09:32 <Raelcun> Yeah I"m in act 5
19:09:33 <skram> HeeEEEey
19:11:13 -!- Micen|Droid [~Micen@ip-99-203-33-240.pools.spcsdns.net] has joined #tlponies
19:12:33 -!- Micen|Droid__ [~Micen@h96.113.89.75.dynamic.ip.windstream.net] has joined #tlponies
19:18:18 -!- DuB` [DuB@65-130-30-103.slkc.qwest.net] has joined #tlponies
19:26:28 <skram> DuB`
19:27:13 <DuB`> skram
19:27:34 <DuB`> O I have 6 tells
19:28:58 <DuB`> Woah
19:29:11 <DuB`> Playing 5 Lorn songs at the same time sounds like the actual apocalypse
19:30:16 <reification> https://twitter.com/tinymediaempire/status/1137073389410181121
19:31:14 <skram> i hope the end of the world comes with a lorn soundtrack though
19:31:21 <DuB`> Absolutely
19:33:10 <reification> how are ppl so dumb? https://twitter.com/KabScorner/status/1137138979348701184
19:34:26 <skram> maybe im dumb too but rubber is non-conductive??
19:35:00 <skram> no wait these balloons have aluminium in them
19:35:01 <skram> carry on
19:41:52 <reification> maybe 2006QV89 will put an end to it http://neo.ssa.esa.int/risk-page
21:19:51 <Camail> dot did you win at dnd yet
21:20:57 <Dot`> im the dm and i stole bios money
21:21:00 <Dot`> so yes?
21:22:32 <DuB`> https://imgur.com/gallery/bFvHjzo
21:24:46 <Cane> Nice, I just found Vaal Summon Skeletons.
21:28:00 <Dot`> Runbunny https://imgur.com/gallery/0AUKZUu
21:28:17 <Dot`> cam
21:29:00 <Runbunny> I'm a Runbunny
21:29:13 <Runbunny> That's an otter.
21:31:10 <Camail> nice cane, just started a vaal area so maybe i'll get it too
21:31:22 <Camail> you need to steal more things, dot
21:34:31 <Runbunny> Dot's a theif?
21:37:11 <skram> he's from south africa, runbun
21:38:45 <Runbunny> What are you implying Jonas?
21:39:34 <skram> i dont think im implying anything
21:40:22 <Crisium> im impyling that skram is a norwege
21:40:36 <skram> you're goddamn right, cowboy
21:43:32 -!- Rawr|Fone [~AndChat52@84-217-62-32.customers.ownit.se] has joined #tlponies
21:44:52 <Camail> Cane  good news, there was a summoner doing well in ssfhc
21:45:03 <Camail> bad news... there WAS a summoner doing well
21:50:37 <Cane> It's cool, I'll just find the body and raise it as my own spectre.
22:18:26 <Camail> hat: acquired
22:20:32 <Zounds> muh pons
22:28:05 <Runbunny> Sleep.
22:33:25 <skram> zounds pal
22:37:42 <Zounds> i home
22:37:45 <Zounds> but runbun has the right idea
22:37:46 <Zounds> nn
23:39:20 -!- Crisium|2 [~Crisium@104.194.218.213] has joined #tlponies
23:47:23 <Camail> skram the hat doesn't look awful
23:47:52 <Camail> it's kinda translucent and you look at it from the top down so it doesn't look as tall
23:54:41 -!- Crisium [~Crisium@c-73-174-151-51.hsd1.pa.comcast.net] has joined #tlponies
