00:06:24 -!- BioPone [~androirc@97.70.165.146] has joined #tlponies
00:19:34 <BioPone> Asdf
00:39:19 <reification> night all
00:51:08 -!- Crisium [~Crisium@c-73-174-151-51.hsd1.pa.comcast.net] has joined #tlponies
00:53:04 <BioPone> Crispy pone
01:04:48 <Crisium> my Bio
01:05:40 <Bio> its GOT time
01:06:20 <Crisium> ay, just started it
01:16:11 -!- BioPone [~androirc@97.70.165.146] has joined #tlponies
01:41:20 -!- BioPone [~androirc@97.70.165.146] has joined #tlponies
02:18:12 -!- BioPone [~androirc@97.70.165.146] has joined #tlponies
02:21:26 -!- BioPone [~androirc@97.70.165.146] has joined #tlponies
02:41:24 -!- BioPone [~androirc@97.70.165.146] has joined #tlponies
02:57:40 -!- Rawr|Fone [~AndChat52@84-217-62-32.customers.ownit.se] has joined #tlponies
03:28:39 -!- Rawr|Fone [~AndChat52@84-217-62-32.customers.ownit.se] has joined #tlponies
05:33:57 -!- BioPone [~androirc@97.70.165.146] has joined #tlponies
06:01:41 -!- BioPone [~androirc@97.70.165.146] has joined #tlponies
06:10:45 -!- Golly [Golly@cm-84.212.249.112.getinternet.no] has joined #tlponies
06:30:02 <DoT|Phone> Morning all
06:44:07 <CockRoach|42> morning dot
06:54:19 <DoT|Phone> cr!
07:07:44 -!- BioPone [~androirc@97.70.165.146] has joined #tlponies
07:27:38 -!- DoT|Phone1 [~Dot@85.255.237.35] has joined #tlponies
07:28:02 -!- DoT|Phone3 [~Dot@85.255.237.35] has joined #tlponies
08:20:54 -!- Runbunny [~Runbunny@91.100.28.10.generic-hostname.arrownet.dk] has joined #tlponies
08:25:20 <DoT|Phone3> Runbun!
08:34:52 <Runbunny> Hai.
08:38:12 <DoT|Phone3> how are you today bun
08:39:23 <Runbunny> I'm alright.
08:39:44 <Runbunny> But apparently I look like a zombie when I wake up
08:39:54 <Runbunny> My father was really concerned yesterday.
08:41:45 <DoT|Phone3> haha
08:41:58 <DoT|Phone3> to much stress Runbun
08:45:58 <Runbunny> I did sleep really poorly though.
09:32:29 <Rawr|Fone> Hors hors
09:36:03 <DoT|Phone3> Rawr Rawr Rawr
09:36:15 <DoT|Phone3> 💖💖💖
09:36:32 <Rawr|Fone> DoT DoT DoT
09:36:35 <Rawr|Fone> 💖💖💖
09:36:47 <Rawr|Fone> The third dotphone
09:42:12 <DoT|Phone3> phone is silly
09:42:48 <Rawr|Fone> Well, so are you
09:43:38 <DoT|Phone3> ?silly
09:46:24 <Rawr|Fone> 🤨
10:30:39 -!- reification [~thomas@cpc76294-cosh16-2-0-cust297.6-1.cable.virginm.net] has joined #tlponies
10:30:39 -!- mode/#tlponies [+v reification] by Q
10:32:55 <reification> morning tlp
10:35:57 <reification> https://i.imgur.com/uXPe1BC.gifv
10:39:56 <Runbunny> Hai Reif.
10:40:32 <Runbunny> Impressive display of the new anti-drone defense system.
10:43:59 <DoT|Phone3> hey Reif
10:44:16 <reification> hi bun, dotties
11:07:30 -!- tredc [~tredc@c83-254-129-166.bredband.comhem.se] has joined #tlponies
11:35:53 -!- Rawr|Phone [~AndChat52@m83-185-92-115.cust.tele2.se] has joined #tlponies
11:35:55 -!- skram [~skram@82.147.53.175] has joined #tlponies
11:37:13 <DoT|Phone3> Jonas friend
11:37:44 <skram> dot pal
11:37:49 -!- BioPone [~androirc@12.33.239.117] has joined #tlponies
11:38:17 <DoT|Phone3> how's you k
11:38:23 <DoT|Phone3> ?*
11:39:03 <skram> bit bleh
11:39:06 <skram> need breakfast
11:39:13 <skram> what a boat you
11:57:47 <BioPone> Dot skrm
11:57:57 <BioPone> Henlo
11:58:01 <skram> BioDude
11:58:07 <skram> helo thar
11:58:08 <BioPone> My work comp is update
11:58:13 <skram> o no
11:58:19 <BioPone> Free break
11:58:24 <BioPone> For covfefe
12:01:21 <Rawr|Phone> Jonas
12:01:30 <skram> Henrik
12:01:48 <Rawr|Phone> Are you doing alright my dear
12:02:10 <skram> i am hungry
12:02:29 <Rawr|Phone> Get something to eat
12:02:33 <skram> oh
12:02:40 <skram> alright then
12:06:47 <Rawr|Phone> It's 2 pm skrammypants, don't starve
12:06:56 <Runbunny> oh right food.
12:10:55 <DoT|Phone3> I'm ok Skram. just working
12:16:37 -!- Zounds [webchat@cloak-wmbqgxv5.14-2.cable.virginm.net] has joined #tlponies
12:16:42 <Zounds> m'pons
12:17:08 <DoT|Phone3> Zounds
12:18:04 <Zounds> phone3? how decadent
12:18:09 <Zounds> hullo
12:22:15 -!- BioPone [~androirc@12.33.239.117] has joined #tlponies
12:22:31 <Dot|Pone> fixed
12:22:55 <Rawr|Phone> Good afternoon zounds
12:23:05 <Rawr|Phone> Have you eaten anything today
12:23:46 <Zounds> some shredded wheat
12:24:31 <Rawr|Phone> Great
13:13:28 -!- Rawr|Fone [~AndChat52@84-217-62-32.customers.ownit.se] has joined #tlponies
13:45:53 <BioPone> Imma have some leftover chili
13:45:54 <BioPone> Mm
13:55:18 <skram> leftovers is for QUITTERS.
13:59:30 <Dot|Pone> what about left over pizza Skram?
13:59:42 <skram> thats an obvious exception
14:22:51 <BioPone> I'll be having the most delicious quitters chili then mmmm
15:38:16 -!- Camail [~Camail@45.40.84.145] has joined #tlponies
15:38:16 -!- mode/#tlponies [+v Camail] by Q
15:42:14 -!- DoT|Phone [~Dot@232.123.7.51.dyn.plus.net] has joined #tlponies
15:43:47 -!- Rawr|Phone [~AndChat52@m83-185-94-166.cust.tele2.se] has joined #tlponies
15:45:48 <Zounds> working a rave on saturday boys
15:47:05 <Zounds> usually quite busy shifts but busy passes the time so that's good
15:47:18 -!- Dot [~quassel@232.123.7.51.dyn.plus.net] has joined #tlponies
15:48:28 <skram> dont do drugs zounds
15:49:50 <Zounds> I'll leave that to the indivdualist free spirits who are all the same as each other skram
15:51:17 <skram> good good
15:53:57 <Zounds> http://i.4cdn.org/tv/1556546716930.webm
15:54:23 <Zounds> silly elephant
15:58:30 <skram> y u hidin lil elephant lad
16:02:20 <Zounds> dank vegetation ine shade must taste good
16:02:30 <Zounds> in the*
16:17:28 -!- BioPone [~androirc@12.33.239.117] has joined #tlponies
16:21:02 -!- BioPone [~androirc@12.33.239.117] has joined #tlponies
16:28:20 -!- BioPone [~androirc@12.33.239.117] has joined #tlponies
16:31:12 -!- BioPone [~androirc@12.33.239.117] has joined #tlponies
16:37:18 -!- BioPone [~androirc@12.33.239.117] has joined #tlponies
16:41:00 <Dot> bio pls
17:32:15 -!- BioPhone [~androirc@12.33.239.117] has joined #tlponies
17:38:09 -!- DuB` [DuB@65-130-48-126.slkc.qwest.net] has joined #tlponies
17:38:11 <DuB`> :D
17:38:19 <Dot> Hey dubs
17:38:23 <DuB`> Hi hi
17:40:44 <Zounds> It's a DuB`
17:40:44 <Dot> i caught up on crit roll
17:40:49 <Zounds> I still need one for my Ponédex
17:42:01 <Dot> only takes about 1000 hours
17:42:10 <Dot> the grind is real
17:42:16 <DuB`> Haha
17:44:20 <BioPhone> Poendex
17:44:30 <BioPhone> Lel
17:55:14 -!- BioPhone [~androirc@12.33.239.117] has joined #tlponies
18:03:34 -!- Golly [Golly@cm-84.212.249.112.getinternet.no] has joined #tlponies
18:15:00 <reification> runbunny https://twitter.com/zimpirate/status/1122832131040919554
18:20:18 -!- Rawr|Fone [~AndChat52@84-217-62-32.customers.ownit.se] has joined #tlponies
18:20:42 <Runbunny> That's pretty nice!
18:25:09 <Dot> how you feeling runbun? 
18:28:25 <reification> i shall be leave now
18:29:00 <Dot> gl reif
18:35:01 <Dot> camail, doesnt crit roll ep come out on youtube today?
18:35:14 <Camail> yea i believe so
18:51:33 -!- Phearlock [webchat@cloak-e3kb14bi.208.146.128.getinternet.no] has joined #tlponies
18:51:37 <Phearlock> evening ponypons
18:51:49 <Dot> hey phear
18:52:41 <skram> ferlok buddy
18:52:55 <Phearlock> how are the ponypons doing today?
18:53:18 <skram> i had a food and then played with imaginary swords for a bit
18:53:27 <Phearlock> nice
18:54:15 <skram> ive been tryin to repair the moped i bought when i was 15
18:54:26 <skram> but 15 year old me was fucking bad at everything, what a mess
18:54:45 <Phearlock> If I see 15 year old you around I'll be sure to tell him off for you.
18:54:56 <skram> you're a good pal, ferlok
18:54:57 <Phearlock> Good luck with the fixie fixes
18:54:58 <skram> how you bean
18:55:05 <Phearlock> I've bean at work
18:55:10 <Phearlock> Just normal day
18:55:11 <Phearlock> chill
18:55:22 <Phearlock> enjoying the lovely weather when walking to and from
18:55:33 <Phearlock> bought some icecream
18:55:34 <skram> the sssssun
18:55:38 <skram> winter when?
18:55:47 <skram> icecream is the best part of summer though
18:55:53 <Phearlock> Praise the sun <3
18:56:00 <Phearlock> My favorite celestial body
18:57:39 <skram> :(
18:59:22 <Phearlock> I know it's a deadly laser skram
18:59:35 <Phearlock> But you couldn't enjoy the winter without it
18:59:37 <skram> the blanket is too worn for us
18:59:54 <skram> *looks at job openings on Svalbard*
19:00:21 <Phearlock> Heck you should go to mars
19:00:33 <Phearlock> That's a nice cold place
19:00:56 <Phearlock> Just bring a snow machine and melt some ice
19:13:37 -!- tredc_ [~tredc@c83-254-129-166.bredband.comhem.se] has joined #tlponies
19:17:12 <Camail> Dot  cr is up
19:17:22 <Dot> thanks <3
19:32:49 -!- BioPone [~androirc@mobile-166-170-23-213.mycingular.net] has joined #tlponies
19:43:11 <Dot> haha cam, mat tore up notes
19:43:18 <Camail> yuuuuuup
19:43:33 <Camail> it was a character sheet, me thinks
20:07:13 -!- BioPhone [~androirc@97.70.165.146] has joined #tlponies
20:07:25 <BioPhone> Yo pon
20:07:49 <Dot> Yo
20:18:46 <Zounds> DuB`: you wanna play any overwatch tonight buddy?
20:19:07 <Zounds> hi bayo
20:22:52 <DuB`> Ya ya
20:27:37 -!- BioPone [~androirc@mobile-166-170-23-111.mycingular.net] has joined #tlponies
20:28:10 <Zounds> noice
20:28:15 <Zounds> will im up for it whenever then
20:28:42 <DuB`> Going out for lunch, back in a while
20:28:50 <Zounds> o/
21:24:34 -!- skrm [webchat@pioj.eid3.887x.ip] has joined #tlponies
21:25:15 <Dot> skrm
21:25:28 <Dot> its too late to be at work
21:26:50 <skrm> i know, right??
21:26:53 <skrm> pls tell my boss
21:27:06 <Dot> ill send a strongly worded letter
21:27:09 <skrm> his name is johnny and he is a certified butt
21:27:24 <Dot> is that in his email signature?
21:28:47 <skrm> no butt i am a certified butt certifier
21:28:50 <skrm> and i have certiied
21:28:52 <skrm> that he is a butt
21:29:20 <skrm> im the ombuttsmann at work
21:30:06 <Dot> .tag Skram Ombuttsmann
21:31:02 -!- Crisium [~Crisium@c-73-174-151-51.hsd1.pa.comcast.net] has joined #tlponies
21:31:08 <DuB`> Back in time for a skram!
21:31:10 <Dot> cris horse <3
21:31:17 <DuB`> Except this one's just a skrm
21:31:25 <Crisium> howdy
21:31:50 <skrm> im a real human bean with feelings, DuB` 
21:31:55 <skrm> im spirit im always skram
21:32:36 <DuB`> I think we oblewatch now?
21:32:38 <DuB`> Zounds Crisium
21:32:42 <Dot> gl
21:33:35 <Crisium> i will my lord DuB`
21:33:41 <Crisium> i need 1 more box before the week ends tho
21:33:50 <Crisium> which is tonight mebe?
21:44:07 <Zounds> i need to finish something first
21:44:13 <Zounds> will be playing soon
21:46:07 <reification> dub https://twitter.com/noinoi110/status/1121750692564127744
21:55:46 <reification> night all
22:01:08 <skrm> good night reif!
22:02:09 <DoT|Phone> Gnight
22:02:42 <skrm> dot
22:09:43 <DoT|Phone> Skram
22:11:15 <skrm> whens dnd
22:19:45 -!- BioPone [~androirc@mobile-166-170-23-111.mycingular.net] has joined #tlponies
23:01:31 <BioPone> Tik tok goes the klok
23:10:57 <Cane> DoT|Phone, I has a sad. Anomaly has started crashing frequently. I've barely modded the thing and it's really unstable.
23:11:32 <BioPone> Rip
23:12:23 <Cane> Sleeptime.
23:25:34 -!- BioPone [~androirc@mobile-166-170-22-149.mycingular.net] has joined #tlponies
23:29:11 <Zounds> nn pons
23:34:25 <DuB`> GGs
23:36:59 <Crisium> gg
