00:06:14 <skrm> .tell reification sauce pls
00:08:30 <skrm> hey DuB` 
00:09:38 <DuB`> hey
00:10:07 -!- Rawr|Fone [~AndChat52@c-4eb4e655.020-164-6d6c6d4.bbcust.telenor.se] has joined #tlponies
00:11:39 <skrm> are ume the same as regular plums
00:12:39 <DuB`> A bit diff I think
00:16:02 <skrm> hmm hmm
00:16:28 <skrm> i got a bag of plums and thought I could try making umeshu
00:18:10 <DuB`> :o
02:30:31 -!- Rawr|Fone [~AndChat52@c-4eb4e655.020-164-6d6c6d4.bbcust.telenor.se] has joined #tlponies
03:17:45 <Camail> skrm hello work boi
03:17:58 <Camail> we played love letter after you left and dub actually won a few rounds
03:18:08 <skrm> did it heal his broken heart
03:18:11 <Camail> dot knighted him first turn once
03:18:14 <Camail> no it's broken forever
03:18:16 <skrm> oh ok
03:18:21 <Camail> probably because of the knighting
03:18:24 <Camail> guard
03:18:26 <skrm> haha
03:19:01 <skrm> did you not play marsgame again
03:19:50 <Camail> no, i had to go pretty soon after, and dot did too
03:20:04 <Camail> we can play tomorrow with you me and dot
03:27:42 <skrm> yeah that sounds like fun
03:27:51 <skrm> gotta go round the same time again tomorrow though
03:30:39 -!- Rawr|Fone [~AndChat52@c-4eb4e655.020-164-6d6c6d4.bbcust.telenor.se] has joined #tlponies
03:31:18 <Camail> yea that's fine
04:13:31 <Camail> welp, the league is overrrr
04:27:23 -!- Rawr|Fone [~AndChat52@c-4eb4e655.020-164-6d6c6d4.bbcust.telenor.se] has joined #tlponies
04:37:41 <Camail> oh shit
04:37:47 <Camail> they are killing tornado shot
05:04:42 <Camail> .tell dub` fun times playing board games, thanks for helping me wrangle the euros into it
05:13:42 <DoT|Phone1> morning pons
05:22:54 -!- skram [~skram@190.2.132.85] has joined #tlponies
05:23:22 <DoT|Phone1> Skram!
05:26:33 <skram> good morning pal
05:39:23 <DoT|Phone1> how was work
05:40:01 <skram> kinda boring
05:41:02 <DoT|Phone1> well no fire or explosions is a good thing
05:43:21 <skram> weeeell
05:43:46 <skram> we got some leaks and stuff so gonna have to shut it all down in a few weeks
05:47:57 -!- DoT` [~Dot@228.89.99.195.dyn.plus.net] has joined #tlponies
05:50:26 <DoT|Phone1> they giving you a hammer to go close the leaks?
05:53:41 <skram> I got some hoseclamps and some epoxy
05:53:44 <skram> its gonna be fine maybe
05:54:03 <DoT|Phone1> get duck tape
05:56:14 -!- DoT|Phone [~Dot@185.69.144.6] has joined #tlponies
05:58:44 <skram> Dot, this is a multi-million high class operation
05:58:47 <skram> we got the good stuff
05:59:06 <skram> like 2-part epoxy and flex seal
06:03:30 -!- Rawr|Fone [~AndChat52@c-4eb4e655.020-164-6d6c6d4.bbcust.telenor.se] has joined #tlponies
06:04:44 <DoT|Phone> if duck tape is good enough for aircrafts it's good enough for me
06:15:06 <CockRoach|42> :)
06:15:51 <DoT|Phone> cr!
06:21:23 -!- Rawr|Fone [~AndChat52@c-4eb4e655.020-164-6d6c6d4.bbcust.telenor.se] has joined #tlponies
06:26:10 <DoT|Phone> Rawr Rawr Rawr
06:26:15 <DoT|Phone> 💖💖💖
06:28:21 <CockRoach|42> morning dots
06:40:11 <Rawr|Fone> DoT DoT DoT
06:40:14 <Rawr|Fone> 💖💖💖
06:40:18 <Rawr|Fone> Cr!
07:18:45 -!- Golly [Golly@cm-84.213.21.103.getinternet.no] has joined #tlponies
07:21:19 -!- tredc [~tredc@c83-254-129-166.bredband.comhem.se] has joined #tlponies
07:22:04 <DoT|Phone> Rawr I'm so tired. please help
07:23:27 -!- Runbunny [~Runbunny@91.100.28.10.generic-hostname.arrownet.dk] has joined #tlponies
07:28:05 <Runbunny> am wake.
07:40:07 <DoT|Phone> Runbun! welcome
07:47:03 <Runbunny> Thanks!
08:28:53 -!- Rawr|Fone [~AndChat52@c-4eb4e655.020-164-6d6c6d4.bbcust.telenor.se] has joined #tlponies
08:43:10 <DoT|Phone> how are you this fine day Angel
08:43:14 -!- Rawr|Fone [~AndChat52@c-4eb4e655.020-164-6d6c6d4.bbcust.telenor.se] has joined #tlponies
09:02:08 -!- reification [~thomas@cpc76294-cosh16-2-0-cust297.6-1.cable.virginm.net] has joined #tlponies
09:02:08 -!- mode/#tlponies [+v reification] by Q
09:06:55 <Runbunny> I'm pretty good
09:06:57 <Runbunny> It's raining.
09:08:47 -!- reification_ [webchat@cloak-4ooo1b5w.6-1.cable.virginm.net] has joined #tlponies
09:19:18 <DoT|Phone> hey Reif
09:21:22 -!- Rawr|Fone [~AndChat52@c-4eb4e655.020-164-6d6c6d4.bbcust.telenor.se] has joined #tlponies
09:21:32 <reification_> hi dotties
09:21:50 <reification_> hexchat being silly so it back to webchat ghetto :(
09:28:07 <DoT|Phone> ?ohno
10:03:39 <Runbunny> Hey Reif.
11:01:09 <reification_> hi bun
11:10:37 <DoT|Phone> how's horses
11:15:01 <reification> meh
11:15:14 <DoT|Phone> what's up reef
11:15:33 <reification> not much dot
11:15:59 -!- carcinisation [~thomas@cpc76294-cosh16-2-0-cust297.6-1.cable.virginm.net] has joined #tlponies
11:15:59 -!- mode/#tlponies [+v carcinisation] by Q
11:16:09 <DoT|Phone> <3
11:18:18 <reification> .tell skram it's from machikado mazoku. shamiko is a cutie
11:18:55 <DoT|Phone> is that the new demon girl anime?
11:20:49 <reification> yes
11:22:53 <reification> https://66.media.tumblr.com/23c9d859fe04c6e65d6f11482a1a7082/tumblr_pv94irhUoG1qa94xto1_400.gif
11:29:51 <DoT|Phone> that's another one
11:30:30 <reification> what one are you meaning dot?
11:30:34 <DoT|Phone> I keep seeing gifs of little girl with metal cylinder
11:33:20 <DoT|Phone> maybe not metal? it's a dull bronze colour
11:33:35 <reification> ah i think i know the one you mean
11:39:42 -!- reification [~thomas@cpc76294-cosh16-2-0-cust297.6-1.cable.virginm.net] has joined #tlponies
11:39:42 -!- mode/#tlponies [+v reification] by Q
11:40:08 <reification> this one dotties? https://kimetsu-no-yaiba.fandom.com/wiki/Nezuko_Kamado
11:48:06 <DoT|Phone> that's the one
12:47:13 -!- BioPhone [~androirc@12.33.239.117] has joined #tlponies
13:08:11 -!- Rawr|Fone [~AndChat52@c-4eb4e655.020-164-6d6c6d4.bbcust.telenor.se] has joined #tlponies
13:21:03 -!- Cane [~Cane@CaneCraft.users.quakenet.org] has joined #tlponies
13:21:03 -!- mode/#tlponies [+o Cane] by Q
13:23:32 <reification> https://twitter.com/HoIdMyBeaker/status/1168552778739802118
13:24:59 <reification> https://twitter.com/HeavenlyControl/status/1166610955352051714
13:38:27 <Cane> https://clips.twitch.tv/SpicyNastyGrassKeyboardCat
13:41:01 <BioPhone> Hooors
14:10:25 -!- Rawr|Fone [~AndChat52@c-4eb4e655.020-164-6d6c6d4.bbcust.telenor.se] has joined #tlponies
14:33:19 -!- Camail [~Camail@45.40.84.145] has joined #tlponies
14:33:19 -!- mode/#tlponies [+v Camail] by Q
14:37:08 -!- skram [~skram@190.2.132.85] has joined #tlponies
14:37:20 <BioPhone> Hors
14:37:34 <skram> neigh
15:13:58 <DoT|Phone> time to head home
15:37:14 -!- skram [~skram@190.2.132.85] has joined #tlponies
15:37:32 <DoT|Phone> my friend Jonas
15:38:27 <DoT|Phone> your pretty neato
15:38:35 <DoT|Phone> did you know this?
15:39:25 <skram> my favorite bjørn
15:39:26 <skram> i had no idea
15:40:02 <DoT|Phone> hmm. someone really should have told you sooner
15:44:18 <Cane> https://clips.twitch.tv/EnchantingAmericanSwanCharlieBitMe Games were more interesting back before ESRB/PEGI.
15:45:11 <skram> haha
15:47:59 <DoT|Phone> splat
15:49:45 <Camail> nerds
15:51:23 <skram> no u
15:51:31 <Camail> yea
15:51:38 <Camail> u 2
15:59:00 <skram> hmm
15:59:01 <skram> probably
15:59:10 <Rawr|Fone> Definitely
15:59:14 <Rawr|Fone> Nerdpon
16:00:38 <skram> you're the nerdiest of all the horses, henrik
16:01:12 <Runbunny> O:
16:02:02 <Rawr|Fone> I think that's you jonas
16:02:32 <skram> impossible
16:03:33 -!- skrma [~skram@82.147.53.205] has joined #tlponies
16:06:46 <Rawr|Fone> Well you are quite nerdy 
16:08:50 -!- skram [~skram@37.120.141.28] has joined #tlponies
16:15:30 -!- DoT|Phone1 [~Dot@228.89.99.195.dyn.plus.net] has joined #tlponies
16:15:31 <BioPhone> V nerd
16:26:42 -!- DoT` [~Dot@228.89.99.195.dyn.plus.net] has joined #tlponies
16:33:24 <skram> DoT`
16:37:10 <Camail> dont talk to him
16:43:50 -!- Zounds [webchat@cloak-07ouvien.14-2.cable.virginm.net] has joined #tlponies
16:43:54 <Zounds> pons
16:44:17 <DoT`> Hey zounds!
16:44:21 <DoT`> where you been
16:45:00 <Zounds> I've been here and there I suppose :P
16:45:14 <Zounds> But I am here with you now
16:45:54 <DoT`> <3
16:46:43 <Zounds> and im waiting for my pasta to cook
16:47:51 <Zounds> Like every time I make pasta I bought more because I wasn't sure how much I had left
16:48:00 <Zounds> So I have so much pasta in my cupboards
16:48:49 <Zounds> Thank you for subscribing to my blog
16:50:13 <DoT`> send macaroni cheese south
16:51:31 <Zounds> I've no salt for my pasta
16:51:37 <Zounds> this makes me salty
16:51:47 <Zounds> how convenient
16:59:44 <skram> DoT` do you wanna flip table
17:01:37 <DoT`> not today, im really tired
17:02:01 <DoT`> will be more free after tomrorow when im no longer on site
18:12:15 -!- Camail_ [~Camail@45.40.84.145] has joined #tlponies
18:12:15 -!- mode/#tlponies [+v Camail_] by Q
18:17:52 <DoT`> oh boy, new Aqusitions inc
18:26:18 -!- Rawr|Fone [~AndChat52@c-4eb4e655.020-164-6d6c6d4.bbcust.telenor.se] has joined #tlponies
18:51:40 -!- Rawr|Fone [~AndChat52@c-4eb4e655.020-164-6d6c6d4.bbcust.telenor.se] has joined #tlponies
18:57:38 <DoT`> skram
18:59:19 <skram> aye pal
18:59:59 <DoT`> hows it going?
19:00:13 <skram> well enough
19:00:19 <skram> i was doing the hospital game thing
19:00:26 <skram> apparently golly is beating me
19:00:54 <DoT`> well at least you have a hospital to tend to the beating
19:04:03 -!- Phearlock [webchat@cloak-mmem9569.215.120.245.getinternet.no] has joined #tlponies
19:04:10 <Phearlock> Evening pones
19:04:13 <Cane> Holy crap hi Phear. <3
19:04:21 <DoT`> Hey phear <3
19:04:23 <Cane> I just started the stream or I'd talk MSFS with you.
19:04:25 <Cane> Great to see you man.
19:04:31 <Cane> Anyway https://www.twitch.tv/CaneCraft MORE DOS GAMES WOO
19:04:34 <Phearlock> Aw =3
19:05:10 <reification> hi phear
19:22:57 -!- BioPhone [~androirc@12.33.239.117] has joined #tlponies
19:40:18 <Camail> Runbunny where were you when ed/contagion was RIP
19:40:21 <Camail> i was in irc
19:55:00 -!- Rawr|Phone [~AndChat52@83.185.93.180] has joined #tlponies
20:05:45 <Runbunny> O:
20:05:50 <Runbunny> What do you mean? It's dead?
20:06:29 <Camail> they removed the aoe from the gem
20:07:02 <Camail> the increase*
20:07:18 <Camail> so it's dead as a league starter
20:07:49 <Camail> you can still do it if you scale aoe with gear but not just with anything
20:09:09 <Runbunny> Hmm.
20:28:23 <Camail> TD also got a huge nerf
20:28:27 <Camail> which is nice
20:33:01 <Camail> they put out the manifesto, you'll be asleep when the patch notes come out, but you can read them in the morning
20:50:50 -!- BioPone [~androirc@mobile-107-92-122-168.mycingular.net] has joined #tlponies
21:10:12 -!- skrm [webchat@pioj.eid3.887x.ip] has joined #tlponies
21:48:36 <BioSC> ponefrins
21:48:38 <BioSC> i hom
21:48:40 <Bio> hi
21:48:54 <DoT`> hi
21:49:22 <Bio> foodz
22:03:55 <Rawr|Phone> 🅱️io
22:15:19 -!- Rawr|Fone [~AndChat52@c-4eb4e655.020-164-6d6c6d4.bbcust.telenor.se] has joined #tlponies
22:38:51 -!- Rawr|Fone [~AndChat52@c-4eb4e655.020-164-6d6c6d4.bbcust.telenor.se] has joined #tlponies
23:52:24 -!- Rawr|Fone [~AndChat52@c-4eb4e655.020-164-6d6c6d4.bbcust.telenor.se] has joined #tlponies
23:54:09 -!- DuB` [DuB@cpe-68-174-122-249.nyc.res.rr.com] has joined #tlponies
23:59:39 <skrm> DuB`
23:59:40 <skrm> it is late
