00:15:37 <Runbunny> .tell reification Apparently Sad Panda is done. Now is the time for making back ups. 
00:29:53 <Runbunny> I shall retire to my bed.
00:30:00 <Runbunny> I bid you all a fair night.
01:09:16 <CockRoach|42> .tell dot` https://twitter.com/janelovessnake/status/1034293411270909952
04:01:36 -!- ShotgunPrincess [~Westy543@c-24-4-167-102.hsd1.ca.comcast.net] has joined #tlponies
04:01:40 -!- mode/#tlponies [+v ShotgunPrincess] by Q
04:03:35 -!- DoT|Phone [~Dot@1.129.108.226] has joined #tlponies
04:27:44 -!- skram [~skram@82.147.53.199] has joined #tlponies
04:37:12 -!- Westy543 [~Westy543@c-24-4-167-102.hsd1.ca.comcast.net] has joined #tlponies
04:37:16 -!- mode/#tlponies [+v Westy543] by Q
04:40:38 -!- DoT|Phone1 [~Dot@1.129.108.226] has joined #tlponies
04:43:00 -!- DoT|Phone [~Dot@1.129.108.226] has joined #tlponies
04:43:30 <DoT|Phone> hello pons
04:47:27 -!- DoT|Phone1 [~Dot@1.129.108.226] has joined #tlponies
04:48:00 <DoT|Phone1> spotty connection
05:06:02 -!- ShotgunPrincess [~Westy543@c-24-4-167-102.hsd1.ca.comcast.net] has joined #tlponies
05:06:06 -!- mode/#tlponies [+v ShotgunPrincess] by Q
05:07:13 -!- DoT|Phone [~Dot@1.129.107.31] has joined #tlponies
05:16:12 -!- Camail [~Camail@45.40.84.145] has joined #tlponies
05:16:13 -!- mode/#tlponies [+v Camail] by Q
05:46:12 -!- Cane [~Cane@CaneCraft.users.quakenet.org] has joined #tlponies
05:46:13 -!- mode/#tlponies [+o Cane] by Q
05:56:02 -!- DoT|Phone1 [~Dot@1.129.107.31] has joined #tlponies
05:58:02 -!- DoT|Phone [~Dot@1.129.107.31] has joined #tlponies
06:15:04 -!- DoT|Phone1 [~Dot@n1-40-248-113.bla1.nsw.optusnet.com.au] has joined #tlponies
06:16:10 <DoT|Phone1> hopefully internet here is more stable
06:17:47 -!- DoT` [~Dot@n1-40-248-113.bla1.nsw.optusnet.com.au] has joined #tlponies
07:17:02 -!- Runbunny [~Runbunny@91.100.28.10.generic-hostname.arrownet.dk] has joined #tlponies
07:20:32 <DoT`> Runbun <3
07:30:29 <CockRoach|42> hors hors
07:32:57 <DoT`> Hey CR
07:37:10 <Runbunny> Hai.
07:41:21 <DoT`> runbunny https://imgur.com/gallery/Ebgy90j
07:41:32 <DoT`> is this all lies
07:41:49 <DoT`> CockRoach, just got the tell, nice snek
07:45:14 <Runbunny> Hmm.
07:46:01 <Runbunny> The worst thing about science news is that they never link to the relevant article, that explains everything.
07:46:34 <DoT`> https://www.livescience.com/66018-permanently-magnetic-liquids.html
07:46:43 <DoT`> heres the original article the imgur one was taken from
07:48:03 <Runbunny> I meant the scienctific article. It's probably refered to as the paper in english.
07:48:36 <Runbunny> If it's still under peer review then just write that :/
07:48:36 <DoT`> yea, there where a few links in that livescience article, but i dont really know what im looking for
07:52:06 <Rawr|Phone> Good morning horses
07:54:18 <Runbunny> DoT`, https://science.sciencemag.org/content/365/6450/264
07:54:24 <Runbunny> It's behind a pay wall.
07:54:33 <DoT`> thats rude runbun
07:54:37 <Runbunny> but the abstract is there.
07:54:40 <DoT`> Rawr hest <3
07:54:44 <Runbunny> Henrik.
07:54:53 <Rawr|Phone> Dot hest ❤
07:54:57 <Rawr|Phone> Anders.
07:55:33 <Runbunny> So from what I have gathered, the remarkable thing is that they are able to make droplets that have a certain shape and stay magnetic.
07:58:16 <Runbunny> I am not sure of the significance.
08:09:19 -!- reification [~thomas@cpc76294-cosh16-2-0-cust297.6-1.cable.virginm.net] has joined #tlponies
08:09:19 -!- mode/#tlponies [+v reification] by Q
08:09:56 -!- Rawr|Fone [~AndChat52@m83-185-81-211.cust.tele2.se] has joined #tlponies
08:11:23 <DoT`> hey reif
08:12:19 <reification> hi dotties
08:33:53 -!- Rawr|Fone [~AndChat52@c213-89-110-176.bredband.comhem.se] has joined #tlponies
08:39:43 -!- carcinisation [~thomas@cpc76294-cosh16-2-0-cust297.6-1.cable.virginm.net] has joined #tlponies
08:39:43 -!- mode/#tlponies [+v carcinisation] by Q
08:42:50 -!- Cane_ [~Cane@CaneCraft.users.quakenet.org] has joined #tlponies
08:42:50 -!- mode/#tlponies [+o Cane_] by Q
08:43:40 -!- mode/#tlponies [+vvvv DoT` DoT|Phone1 Rawr|Fone Runbunny] by Cane
08:51:35 <DoT`> Hey cane
08:52:02 <Cane> Hiya. <3
08:59:28 <Runbunny> whelp reif. It already died.
09:00:28 <DoT`> what died runbun?
09:01:41 <reification> the panda dot
09:01:51 <reification> finally overwhelmed with sadness
09:02:32 <Runbunny> Indeed.
09:04:48 <reification> https://twitter.com/sadpandatxt/status/1154552090452275200
09:07:04 <Runbunny> reification, https://exhentai.org/img/kokomade.jpg
09:10:45 -!- Golly [~Golly@cm-84.212.249.112.getinternet.no] has joined #tlponies
09:18:27 <reification> can't see that on this box runbun :/
09:19:28 <reification> yes that also mean no chance to backup
09:31:38 -!- Cane_ [~Cane@CaneCraft.users.quakenet.org] has joined #tlponies
09:31:38 -!- mode/#tlponies [+o Cane_] by Q
09:31:40 <Runbunny> Nah, I was only made aware after you went to sleep. 
09:31:56 <Runbunny> I didn't think it would be gone literally 8 hours later.
09:33:22 <reification> well the site with no x is still there and nothing is ever really gone from the internet
09:35:29 <Runbunny> I think I heard that someone managed to get the complete archives. 
09:35:45 <Runbunny> About 50 TB of images.
09:36:28 <Runbunny> Anyhoo I am off to the store to restock my fridge.
09:37:22 <DoT`> gl runbun
09:38:01 <Runbunny> I am going to sweat all the way there and hopefully that will make up for the cake I want to buy.
09:38:01 -!- Rawr|Phone [~AndChat52@m83-185-81-211.cust.tele2.se] has joined #tlponies
10:10:25 -!- tredc [~tredc@c83-254-129-166.bredband.comhem.se] has joined #tlponies
10:14:24 <reification> runbunny lol https://twitter.com/sadpandatxt/status/1154693932665774080
10:17:32 <DoT`> them dam ponies
10:18:16 <reification> ponies ruin everything confirmed :p
10:28:49 <reification> https://ehgt.org/g/derpy.gif
10:36:08 <DoT`> haha
10:45:40 <Runbunny> HAhaha
10:57:00 <DoT`> wb runbun
10:58:13 <Runbunny> Dot dot.
10:58:57 <DoT`> how was the shops?
11:00:01 -!- carcinisation [~thomas@cpc76294-cosh16-2-0-cust297.6-1.cable.virginm.net] has joined #tlponies
11:00:01 -!- mode/#tlponies [+v carcinisation] by Q
11:00:34 <Runbunny> They were alright, a friend called me on my phone when I was about to pay though.
11:00:40 <Runbunny> ee han timing.
11:03:49 <Runbunny> carcinisation, https://www.youtube.com/watch?v=m1eI_GCBDTk
11:30:20 <DoT`> .tell skram https://i.imgur.com/tGAOVeC.jpg
11:32:35 <reification> ty bun
11:44:13 <Runbunny> wait.
11:44:19 <Runbunny> I forgot to buy cake.
11:44:21 <Runbunny> Sadness.
11:44:24 <DoT`> oh daer
11:52:25 <DoT`> rawr, its time to supply the skram
11:54:46 <Rawr|Phone> Soon
11:55:44 <reification> runbun how could you forget cake?!
12:11:17 <Runbunny> There wasn't any good ones, in that store.
12:11:33 <Runbunny> It's a quite small store, limited selection.
12:12:28 <reification> make your own cake then!
13:05:38 <reification> https://www.reddit.com/r/TIHI/comments/chwjfs/thanks_i_hate_demonic_horsebeasts/
13:10:40 <Runbunny> I ate some bananas instead Reif.
13:17:43 <reification> could hardly be a worse food substitution
13:23:20 -!- Rawr|Fone [~AndChat52@c-4eb4e655.020-164-6d6c6d4.bbcust.telenor.se] has joined #tlponies
13:34:40 -!- carcinisation [~thomas@cpc76294-cosh16-2-0-cust297.6-1.cable.virginm.net] has joined #tlponies
13:34:40 -!- mode/#tlponies [+v carcinisation] by Q
13:55:28 -!- BioPhone [~androirc@12.33.239.117] has joined #tlponies
13:55:31 <BioPhone> Hoi
13:55:38 <BioPhone> Happy fire emblem day
13:59:53 <reification> will you be strim bio?
14:08:20 -!- carcinisation [~thomas@cpc76294-cosh16-2-0-cust297.6-1.cable.virginm.net] has joined #tlponies
14:08:20 -!- mode/#tlponies [+v carcinisation] by Q
14:11:17 -!- DuB|fon [~androirc@168.149.241.80] has joined #tlponies
14:42:36 <BioPhone> I will tonight and over weekend
14:42:40 <BioPhone> Reify
14:44:39 <Runbunny> Cool
14:44:49 <Runbunny> I'll probably watch while I play video games.
15:42:22 -!- Rawr|Fone [~AndChat52@m83-185-81-211.cust.tele2.se] has joined #tlponies
15:57:54 <reification> runbunny https://twitter.com/be_garam/status/1154642874622865408
15:58:26 <reification> .tell skram https://twitter.com/grain_death/status/1154431264591613953
16:01:45 <reification> fyi if you have any tf2 crates they may suddenly be valuable
16:08:22 -!- Camail [~Camail@45.40.84.145] has joined #tlponies
16:08:22 -!- mode/#tlponies [+v Camail] by Q
16:59:13 <Runbunny> People have been trying to get me to give them my bill's hat for years.
17:29:31 -!- BioPhone [~androirc@12.33.239.117] has joined #tlponies
17:32:26 <BioPhone> 2h left my dudes
17:32:30 <BioPhone> Then fire emblem
17:32:40 <BioPhone> I even have leftover pizza
17:32:44 <Runbunny> Are you excited Bio?
17:36:39 <BioPhone> I am
17:36:46 <BioPhone> I've been hearing good things
17:38:13 <BioPhone> I mostly just wanna get outta here cause imma get my work done way before 2h
17:43:01 <BioPhone> Ya know?
17:53:11 <Runbunny> Yeh.
17:54:24 -!- skram [~skram@82.147.53.68] has joined #tlponies
17:54:53 <Runbunny> Jonas.
17:55:05 <Runbunny> They done did it.
17:59:12 <skram> Anders.
17:59:17 <skram> Whoe done did what
18:02:12 <DoT`> Jonas <3
18:02:21 <DoT`> its 4am, im going back to sleep
18:02:43 <skram> Dot <3
18:02:46 <skram> ok! sweet dreams
18:05:27 <Runbunny> Rest well Dot.
18:05:45 <Runbunny> Sad panda is gone, Jonas.
18:07:16 <Rawr|Fone> What is this panda you keep talking about anders
18:10:26 <skram> ah
18:10:38 <skram> its where hentai comes from, Henrik
18:10:49 <skram> Maybe its for the best, Anders
18:11:16 <Rawr|Fone> 🤨🤨🤨
18:12:40 -!- Rawr|Phone [~AndChat52@c213-89-110-176.bredband.comhem.se] has joined #tlponies
18:32:09 -!- BioPhone [~androirc@12.33.239.117] has joined #tlponies
18:33:38 <BioPhone> Asdf
18:33:58 <BioPhone> I..... dont wanna work. I just wanna play on me switch all day
18:34:15 <skram> buddy i feels ya
18:39:59 -!- Zounds [webchat@cloak-07ouvien.14-2.cable.virginm.net] has joined #tlponies
18:40:03 <Zounds> horses
18:41:02 <Runbunny> Hey Zounds.
18:41:15 <skram> zounds ya old menace
18:41:20 <skram> hows glasgow
18:52:38 <Zounds> its good
18:52:39 <Zounds> less warm today
18:52:45 <Zounds> still warm but livable
18:52:50 <Runbunny> I am dying today.
18:52:56 <Runbunny> It's really hot.
18:53:04 <Runbunny> How's norway today Jonas?
19:01:51 <BioPhone> Skrm u gonna troll around in my strum in a bit
19:01:58 <BioPhone> I need moar prime subs
19:02:34 <reification> no prime here :(
19:05:00 <Runbunny> :(
19:06:35 <skram> probably not bio i have to go to bed early
19:06:38 <skram> im dying anders
19:08:20 <Runbunny> You wanna die together?
19:09:25 <skram> yes pls
19:12:08 <reification> paper of the day (manly) https://twitter.com/pkedrosky/status/1154035940353966081
19:13:38 <skram> .tell Bio https://www.youtube.com/watch?v=cQWAY8C8CyU help im having a s t r o k e 
19:28:08 <BioPhone> Skrmenz pls
19:28:18 <BioPhone> I need u in muh strim
19:30:26 <skram> im so pumped for tuesday, bio
19:30:35 <skram> its gonna rain
19:31:18 <BioPhone> Noice
19:32:17 -!- BioPone [~androirc@mobile-107-92-120-78.mycingular.net] has joined #tlponies
19:34:48 <reification> https://twitter.com/kurorabukyouzyu/status/1154169560620101633
19:46:44 -!- BioPone [~androirc@38.142.65.21] has joined #tlponies
19:54:39 -!- Cane_ [~Cane@CaneCraft.users.quakenet.org] has joined #tlponies
19:54:39 -!- mode/#tlponies [+o Cane_] by Q
20:09:09 -!- BioPone [~androirc@97.70.165.146] has joined #tlponies
20:10:42 <Bio> everyone stay calm
20:10:44 <Bio> its habbening
20:11:27 <Runbunny> Hai Bio.
20:11:33 <Runbunny> Where is stream link?
20:12:45 <Bio> ?biostream
20:17:17 -!- Cane [~Cane@CaneCraft.users.quakenet.org] has joined #tlponies
20:17:17 -!- mode/#tlponies [+o Cane] by Q
20:18:06 <Bio> we live bois
20:18:08 <Bio> ?biostream
20:21:01 <reification> i can watch some bio
20:21:26 <Bio> vunderbah
20:21:27 <reification> but there is milf isekai to be watched too >.>
20:21:29 <Bio> i will strim
20:21:35 <Bio> tomorrow EU time too
20:21:39 <Bio> prolly all day xD
20:21:48 <CockRoach|42> so lazy
20:22:21 <Bio> shorely i am better than anything else on twitch or otherwise
20:22:24 -!- Cane_ [~Cane@CaneCraft.users.quakenet.org] has joined #tlponies
20:22:24 -!- mode/#tlponies [+o Cane_] by Q
20:26:30 <Cane> Stupid router.
20:29:13 -!- DuB|fon [~androirc@168.149.241.80] has joined #tlponies
20:36:17 <Rawr|Phone> DuB|📱
20:39:55 -!- DoT|Phone [~Dot@n1-40-248-113.bla1.nsw.optusnet.com.au] has joined #tlponies
20:46:43 -!- BioPone [~androirc@97.70.165.146] has joined #tlponies
20:46:50 <DuB|fon> Rar
20:53:40 <skram> nei det er du som er rar??
20:54:49 <DoT`> Morning pons
20:54:52 <Zounds> Runbunny: https://i.imgur.com/ZtU80r0.png popoto nerd
20:55:42 <skram> mornin dot pal
20:55:55 <Runbunny> 2 necklaces O:
20:56:00 <Runbunny> Hai Dot.
20:56:10 -!- BioPone [~androirc@97.70.165.146] has joined #tlponies
20:57:16 <Zounds> one of them holds my head on
21:01:30 <reification> bio https://twitter.com/PrequelMemesBot/status/1154458527106080774
21:01:35 -!- DuBphon [~androirc@ip-99-203-118-229.pools.spcsdns.net] has joined #tlponies
21:01:53 <DoT`> dub dub
21:26:58 <Rawr|Phone> DoT DoT DoT
21:36:31 -!- BioPone [~androirc@97.70.165.146] has joined #tlponies
21:44:44 -!- Crisium [~Crisium@c-73-174-151-51.hsd1.pa.comcast.net] has joined #tlponies
21:49:30 <reification> hey cris
21:54:48 -!- BioPone [~androirc@97.70.165.146] has joined #tlponies
21:59:46 -!- DuB` [DuB@cpe-68-174-122-249.nyc.res.rr.com] has joined #tlponies
22:01:35 <DuB`> Whew
22:02:57 <DuB`> Oh lookit that it's PIZZA dayyyy
22:06:27 -!- BioPone [~androirc@97.70.165.146] has joined #tlponies
22:08:23 <reification> i failed to have pizza today
22:08:26 <reification> what a mistake
22:08:29 <DuB`> Oops
22:08:39 <DuB`> There is still time!
22:08:46 <reification> you will have to make up for me dub
22:08:53 <DuB`> Oh boy
22:08:54 <reification> it's a bit late here
22:11:21 -!- DoT|Phone1 [~Dot@n1-40-248-113.bla1.nsw.optusnet.com.au] has joined #tlponies
22:11:38 -!- DoT` [~Dot@n1-40-248-113.bla1.nsw.optusnet.com.au] has joined #tlponies
22:11:49 <reification> dot <3
22:12:29 <Crisium> hedg
22:12:39 <reification> e
22:13:05 <DoT|Phone1> Reif, cris <3
22:13:13 <DuB`> O boio a dot
22:13:56 <DuB`> I like those
22:14:31 <DoT`> The Dub
22:17:41 <DuB`> After opening my PC and fiddling with things... I think this may be beyond me, DoT`. :P
22:18:01 <DuB`> I wouldn't know where to start on rewiring The Everything
22:18:36 <DoT`> you dont rewire a pc dub
22:18:40 <DoT`> you plug it in
22:19:34 <DuB`> I need psu upgrade and the one in there isn't modular and has wires going to a million things I don even know the purpose of AND I don think my case is gonna fit a new bigger gpu and...
22:19:35 <DuB`> blehh
22:20:15 <DoT`> pay for my flight and ill sort it for you
22:20:25 <DuB`> lol
22:23:30 <DuB`> Heathrow to JFK round trip is like $1k
22:27:43 <DoT`> your a rich accountant now
22:28:12 <DuB`> I could get a whole new amd3700 + rtx2080 system AND a 240hz monitor for $2k... but not get a dot visit
22:28:14 <DuB`> HMM :P
22:28:31 <DoT`> its about what you believe is important dub
22:28:45 <DuB`> .choose dot pc
22:28:48 <DuB`> uh oh
22:29:29 <DoT`> ri pfriendship
22:35:13 <reification> dub https://overwatchleague.com/en-us/news/23059438/introducing-league-picks
22:35:25 <DoT`> CockRoach|42!!!! DOGGO DAY
22:35:26 <DoT`> https://www.reddit.com/r/DnD/comments/ci3x1c/art_dungeons_and_doggos_112_true_blue_friend/
22:35:55 <reification> i will still visit you dotties, even if you moved further away :(
22:37:25 <DuB`> O yeah, forgot about this reif
22:37:28 <DuB`> Free tokenz
22:37:41 <DoT`> i did move further away reif, an hour more north
22:42:05 <Camail> DuB` a psu is only connected to a few thing, a lot of stuff is powered through the motherboard
22:42:57 <Camail> you just... plug everything in that has a hole for that kind of plug?
22:43:03 <Camail> that's what i did and my pc works
22:43:53 <DuB`> There are so many thing
22:45:16 <reification> https://pbs.twimg.com/media/EAVRmXTWkAAS718.jpg
22:47:17 <DoT`> Dub your an intelligent lad, its not rocket surgery
22:48:02 <CockRoach|42> doggos!
22:48:08 <DuB`> I tried pulling things apart and couldn't even figure out how to get wire disconnected :(
22:51:18 <DoT`> every wire connector either has a clip on it or it just comes straight out
22:51:29 <DoT`> hold down clip and pull
22:52:58 <reification> runbunny https://twitter.com/thehill/status/1152928484873953284
22:53:35 <reification> dub i figured it out so i'm sure you can. it's like big lego
22:55:10 <DoT`> https://i.imgur.com/is0Kk9y.jpg
22:55:15 <DoT`> inside is the same
22:55:39 <DuB`> I thought so until I opened that backside panel...
22:56:06 <Runbunny> That just keep happening Reif!
22:56:13 <DuB`> WIRES REGARDLESS my case has a big metal cable shroud thing that doesn't seem to have any screws to remove it and I dunno if >10" gpu would fit anyway
22:58:35 <DuB`> I thought there were screws but upon closer inspection the heads just had smooth round holes in the top
23:00:42 <DuB`> Anyway time to go try pizza from a new place
23:13:04 <reification> all the chocolate is gone :(
23:19:58 <DuB`> Vinnie's pizza was closed, and PGR is expensive, so back to Williamsburg pizza it is
23:20:00 <DuB`> No complaints
23:29:27 <reification> night all
23:29:32 -!- Camail_ [~Camail@45.40.84.145] has joined #tlponies
23:29:32 -!- mode/#tlponies [+v Camail_] by Q
23:29:34 <DuB`> nn reef
23:32:05 <DoT`> gnight reif
23:32:52 -!- Camail__ [~Camail@45.40.84.145] has joined #tlponies
23:32:52 -!- mode/#tlponies [+v Camail__] by Q
23:47:11 <Runbunny> I long for the sweet embrace of sleep.
23:49:12 <DuB`> Hmm
23:49:16 <DuB`> I can't finish all this pizza!
23:49:39 <Crisium> oh no
23:51:31 <DoT`> cold pizza > hot pizza
23:51:42 <DoT`> i go now
23:51:43 <DoT`> later pons
23:57:35 <DuB`> Seeya!
