00:20:31 -!- Camail_Phone [~camailpho@141.sub-174-221-135.myvzw.com] has joined #tlponies
01:13:47 <skrm> is that a real life DuB` 
01:18:12 <Runbunny> It's bed time Jonas.
01:18:16 <Runbunny> It was bed time hours ago.
01:18:36 <DuB`> skrm
01:18:40 <DuB`> I am always real llife
01:18:48 <skrm> marvelous
01:48:17 -!- Rawr|Fone [~AndChat52@c-4eb4e655.020-164-6d6c6d4.bbcust.telenor.se] has joined #tlponies
02:18:21 <Camail> .tell runbunny whenever i'm punctual with trading they think i'm a bot and ignore me :(
02:42:57 -!- BioPone [~androirc@97.70.165.146] has joined #tlponies
02:53:52 -!- BioPone [~androirc@97.70.165.146] has joined #tlponies
03:39:16 -!- Rawr|Fone [~AndChat52@c-4eb4e655.020-164-6d6c6d4.bbcust.telenor.se] has joined #tlponies
04:21:42 -!- Rawr|Fone [~AndChat52@c-4eb4e655.020-164-6d6c6d4.bbcust.telenor.se] has joined #tlponies
05:39:46 -!- Rawr|Fone [~AndChat52@c-4eb4e655.020-164-6d6c6d4.bbcust.telenor.se] has joined #tlponies
05:45:51 -!- skram [~skram@185.132.132.76] has joined #tlponies
06:35:53 -!- Golly [Golly@cm-84.213.21.103.getinternet.no] has joined #tlponies
06:36:26 -!- Rawr|Fone [~AndChat52@c-4eb4e655.020-164-6d6c6d4.bbcust.telenor.se] has joined #tlponies
07:07:11 <DoT|Phone1> Morning
07:18:10 -!- Dot` [webchat@cloak-vnm1j07w.71.208.46.dyn.plus.net] has joined #tlponies
07:18:25 <Dot`> .roll d20
07:19:19 <skram> good morning dot pal
07:21:27 <Dot`> skram <3
07:21:39 <Dot`> i think im going to stay home today
07:22:05 <Dot`> 3rd night in a row i felt like i got no real sleep, i dont feel too great
07:22:19 <skram> good plan
07:22:26 <skram> sleep is important
07:27:15 <Dot`> how are you doing skram
07:27:36 <skram> ive been awake for far too long so im gonna go to bed
07:27:37 <Dot`> https://imgur.com/gallery/CDvw4s4
07:28:03 <skram> i'd execute that guy too
07:28:05 <skram> anyway, good night
07:31:03 <Dot`> waot
07:31:11 <Dot`> you need to see this
07:31:14 <Dot`> https://i.imgur.com/W7SA6QC.jpg
07:34:49 <Dot`> .tell skram https://i.imgur.com/W7SA6QC.jpg
07:42:52 <Rawr|Fone> DoT DoT DoT
07:44:32 <Dot`> Rawr Rawr Rawr
07:44:35 <Dot`> <3 <3 <3
07:44:38 <Rawr|Fone> 💖💖💖
08:01:11 -!- Runbunny [~Runbunny@91.100.28.10.generic-hostname.arrownet.dk] has joined #tlponies
08:05:08 <Dot`> runbun <3
08:09:29 <Runbunny> Hey Dot.
08:11:15 <Runbunny> .tell Camail I have been called out for using capitalization and punctuation online before :/ I don't think anyone thinks I'm a robot though.
09:07:02 -!- reification [~thomas@cpc76294-cosh16-2-0-cust297.6-1.cable.virginm.net] has joined #tlponies
09:07:02 -!- mode/#tlponies [+v reification] by Q
09:10:20 <Dot`> reef
09:15:31 <reification> dawt
09:22:46 <Runbunny> Hello Reif.
09:22:51 <reification> hi bun
09:23:01 <Runbunny> It's today.
09:25:24 <reification> true
09:50:04 -!- Rawr|Fone [~AndChat52@c-4eb4e655.020-164-6d6c6d4.bbcust.telenor.se] has joined #tlponies
10:06:03 -!- carcinisation [~thomas@cpc76294-cosh16-2-0-cust297.6-1.cable.virginm.net] has joined #tlponies
10:06:03 -!- mode/#tlponies [+v carcinisation] by Q
10:19:01 -!- reimeuk [~thomas@cpc76294-cosh16-2-0-cust297.6-1.cable.virginm.net] has joined #tlponies
10:19:01 -!- mode/#tlponies [+v reimeuk] by Q
10:23:00 -!- Rawr|Fone [~AndChat52@c-4eb4e655.020-164-6d6c6d4.bbcust.telenor.se] has joined #tlponies
10:37:32 -!- reification [~thomas@cpc76294-cosh16-2-0-cust297.6-1.cable.virginm.net] has joined #tlponies
10:37:32 -!- mode/#tlponies [+v reification] by Q
10:50:59 -!- Rawr|Fone [~AndChat52@m83-185-81-107.cust.tele2.se] has joined #tlponies
10:54:05 -!- tredc [~tredc@c83-254-129-166.bredband.comhem.se] has joined #tlponies
11:19:31 -!- carcinisation [~thomas@cpc76294-cosh16-2-0-cust297.6-1.cable.virginm.net] has joined #tlponies
11:19:31 -!- mode/#tlponies [+v carcinisation] by Q
11:32:17 <carcinisation> hmmm https://twitter.com/AzureLucy/status/1174560499868033024
12:10:31 -!- BioPone [~androirc@mobile-166-170-26-233.mycingular.net] has joined #tlponies
12:40:01 -!- Rawr|Phone [~AndChat52@c-4eb4e655.020-164-6d6c6d4.bbcust.telenor.se] has joined #tlponies
12:55:58 <Dot`> pon pon
13:06:17 <Rawr|Phone> DoT DoT
13:06:31 <Rawr|Phone> Are you having a relaxing day free from work
13:15:59 <Dot`> im trying
13:22:42 <Runbunny> Good.
13:28:11 <Dot`> rawr, runbun, how are you 2 scandanavians today?
13:35:25 <Runbunny> I'm pretty alright.
13:35:34 <Runbunny> About to head out for a walk.
13:35:44 <Runbunny> How are you Dot?
13:45:31 <Dot`> tired
13:46:12 <Runbunny> That probably means you tried your best.
13:46:16 <Runbunny> Well done Dot.
13:47:58 <Runbunny> Anyhoo, am walking.
13:48:10 <Rawr|Phone> Good luck Anders
13:48:21 <Dot`> wear your helmet
13:52:25 <Runbunny> Nah it's alright.
13:52:30 <Runbunny> No biking, just walking.
14:20:43 -!- reification [~thomas@cpc76294-cosh16-2-0-cust297.6-1.cable.virginm.net] has joined #tlponies
14:20:43 -!- mode/#tlponies [+v reification] by Q
14:23:31 -!- reimeuk [~thomas@cpc76294-cosh16-2-0-cust297.6-1.cable.virginm.net] has joined #tlponies
14:23:31 -!- mode/#tlponies [+v reimeuk] by Q
14:54:41 <Runbunny> I return.
14:57:20 <Dot`> wb
14:57:49 -!- BioPhone [~androirc@12.33.239.117] has joined #tlponies
15:08:28 <reimeuk> .tell dub` https://pbs.twimg.com/media/EExkIgnWkAcgD_d.png
15:41:36 -!- BioPhone [~androirc@12.33.239.117] has joined #tlponies
15:48:14 <Runbunny> .tell reimeuk https://danbooru.donmai.us/posts/3556498
15:49:43 -!- skram [~skram@185.132.132.76] has joined #tlponies
15:53:07 <skram> beep boop
15:53:34 <BioPhone> Bop
15:53:36 <BioPhone> Hai
15:53:52 <BioPhone> I'm on vaca tomorrow so werk is hard
15:54:30 <skram> vacation again, bio?
15:54:36 <skram> im jelly
15:55:02 <Rawr|Phone> Jonas my dear friend
15:55:11 <skram> henrik gamle ørn
15:57:16 <Rawr|Phone> Did you just wake up
15:57:26 <Runbunny> Jonas.
15:57:29 <skram> ya
15:57:32 <skram> Anders.
15:57:36 <Runbunny> God morgen, din gamle røver.
15:58:22 <skram> thanks buddy
15:59:26 <BioPhone> Just a long weekend vaca skrm, not too bad
15:59:36 <BioPhone> Friday monday
15:59:58 <skram> still though
16:28:40 -!- Rawr|Fone [~AndChat52@c-4eb4e655.020-164-6d6c6d4.bbcust.telenor.se] has joined #tlponies
16:32:52 <reimeuk> runbunny it's been a whole year https://twitter.com/ayyk92/status/1042465252221181954
16:33:19 <Runbunny> Yeah, time really flies.
16:33:31 <Runbunny> But what a good meme that was.
16:53:40 <reimeuk> skram https://twitter.com/ru_ruru831/status/1174249653400997897
16:58:08 -!- Rawr|Fone [~AndChat52@m83-185-90-183.cust.tele2.se] has joined #tlponies
17:17:24 -!- Camail [~Camail@45.40.84.145] has joined #tlponies
17:17:24 -!- mode/#tlponies [+v Camail] by Q
17:17:44 <Camail> pls
17:18:10 <Camail> Runbunny oh lul, i meant being timely
17:18:29 <Camail> like, sending a party invite instantly and trading quickly
17:19:05 <Runbunny> O:
17:19:16 <Camail> skram  i finally got the final card last night, my watch is over
17:19:58 <Camail> gonna save that tabula for a double corrupt
17:22:41 <Camail> oh, and i hit 95 last night, i used the delve strat and did the final half of the level in like an hour
17:22:56 <Runbunny> Delve is soo good actually.
17:23:11 <Camail> yea, do you know about the drop bear strat?
17:23:16 <Runbunny> Nope.
17:23:36 <Camail> drop bears, beyond, and harbinger nodes are great xp/h, so you kill 95% of the mobs and log out
17:23:44 <Camail> and just redo th node over and over
17:24:06 <Camail> the close nodes are roughly 600-700 sulphite per run
17:24:24 <Camail> i was getting 2% of my xp per run
17:24:36 <Runbunny> Oh.
17:25:33 <skram> camhail whats the shield i want
17:25:34 <skram> i forget
17:26:50 <Runbunny> The power of friendship.
17:27:03 <Camail> ummm
17:27:17 <Camail> victarios charity
18:10:40 -!- BioPhone [~androirc@12.33.239.117] has joined #tlponies
18:16:52 <Dot`> hows all doing
18:34:28 <Golly> watching some dudes get rekt by an elite roaming shark @wow
18:35:44 <Dot`> lol
18:42:40 <Golly> he got my ass once too
18:59:53 -!- Rawr|Phone [~AndChat52@c-4eb4e655.020-164-6d6c6d4.bbcust.telenor.se] has joined #tlponies
19:21:24 <Golly> https://www.express.co.uk/news/science/1175764/antarctica-expedition-tangaroa-creature-ice-marine-life-southern-ocean-spt
19:23:23 <skram> how did you celebrate talk like a pirate day, Runbunny?
19:33:03 <Runbunny> O:
19:33:18 <Camail> i just spent all my money on a watcher's eye runbun
19:33:25 <Camail> but its a REALLY good watcher's eye
20:07:46 -!- Rawr|Fone [~AndChat52@c-4eb4e655.020-164-6d6c6d4.bbcust.telenor.se] has joined #tlponies
20:38:19 -!- BioPone [~androirc@mobile-166-170-20-3.mycingular.net] has joined #tlponies
20:40:14 <Dot`> Bio
20:41:44 <Rawr|Fone> 🅱️io
20:46:19 <Dot`> hey cam, its not updated yet but all golems? http://www.pathofexile.com/forum/view-thread/2222979
20:46:39 <BioPone> 🅱️jorn
20:46:50 <BioPone> 🅱️awr
20:47:28 <Camail> Dot`  3.8 is really important for minions so 3.7 is kinda meh 
20:47:29 <Camail> https://www.youtube.com/watch?v=DqD_ktuEpGA
20:48:59 <Dot`> yea, i was going to look for a 3.8 version
20:49:12 <Dot`> was trying to decide if i was going summoner what kind of summoner
20:49:29 <Dot`> and all golems seems fun
20:53:01 <Rawr|Fone> Dot it's almost bed time
20:53:25 <Dot`> it was bed time hours agao rawr
20:53:42 <Rawr|Fone> Kind of true
20:53:43 <Dot`> i did not get out of bed till 11 toda and napped inthe afternoon though
21:02:38 <BioPone> Oh
21:02:41 <BioPone> Oh god
21:02:48 <BioPone> I just realized
21:02:59 <BioPone> The area 51 raid is tomorrow
21:03:06 <BioPone> And I took vacation
21:03:12 <Dot`> thats why you are not around for dnd right bio?
21:03:17 <BioPone> ITS NOT WHAT IT LOOKS LIKE
21:03:42 <BioPone> They cant kill all of us dot
21:04:24 <Dot`> im pretty sure a ac-130 flying fortress can
21:04:53 <Dot`> are the americans doubting the destructive power of the american army?
21:06:00 <Camail> yea dot the carrion golem is sick
21:07:36 <Dot`> that one seems pretty focused to having mass skeletons and such
21:09:02 <Camail> carrion golem buffs every golem you have based on non-golem minions
21:09:29 <Camail> but also it just looks sick
21:25:09 -!- Crisium [~Crisium@c-24-3-150-105.hsd1.pa.comcast.net] has joined #tlponies
21:31:07 <Dot`> Crisium <3
21:31:20 <Crisium> hi
21:31:23 <Runbunny> Hai.
21:33:03 <CockRoach|42> .tell Rawr|Fone https://i.imgur.com/7UHSVVO.jpg
21:33:38 <Rawr|Fone> Very reasonable cr
21:38:00 -!- skram [~skram@185.132.132.76] has joined #tlponies
21:38:16 <Rawr|Fone> Jonas!
21:38:34 <Dot`> skram <3
21:50:35 <BioPone> Skrma
21:52:15 -!- skrm [webchat@pioj.eid3.887x.ip] has joined #tlponies
21:54:40 <skrm> Dot`
22:00:31 <BioPone> I wonder if the meme will be a dream tomorrow
22:02:24 <skrm> dont let your memes be dreams bio
22:02:28 <skrm> just do it
22:03:27 <Dot`> you heard him bio
22:03:55 <Dot`> when you get shot, make sure to say "skram said"
22:04:03 <skrm> uh oh
22:05:03 <skrm> maybe let them be dreams
22:06:53 <Dot`> but he has a ticket and everything 
22:07:47 <skrm> a ticket to get shot?
22:08:11 <skrm> where do i get one of those
22:09:25 <BioPone> Area 51 raid is tomorrow skrm
22:09:42 <skrm> oh yeah
22:09:48 <skrm> did you practice your naruto run
22:09:57 <BioPone> So long as we naruto run, we can dodge the bullets
22:11:46 <skrm> hell yeah
22:12:14 <skrm> bio i got a fuckin' cassette tape in my mail today
22:12:29 <skrm> like its 1989
22:14:03 <Dot`> skrm https://imgur.com/gallery/7lTZBje
22:14:10 <Dot`> no anime girls in sight though
22:14:13 <Dot`> but there are tanks
22:15:11 <skrm> well theres a doggo
22:20:13 <Bio> cassette?
22:20:17 <Bio> fug
22:20:20 <Bio> u old sir
22:20:22 -!- BioPone [~androirc@97.70.165.146] has joined #tlponies
22:22:12 <Dot`> ancient
22:27:09 <skrm> cant wait to put this in my walkman and moon shoe down to the mall
22:27:35 <Crisium> living in the past skram
22:27:47 <Crisium> wait until you discover CDs
22:27:53 <Crisium> you can skip tracks!
22:30:11 <skrm> whoa dude
22:32:06 -!- DuB` [DuB@cpe-68-174-122-249.nyc.res.rr.com] has joined #tlponies
22:32:19 -!- Rawr|Fone [~AndChat52@c-4eb4e655.020-164-6d6c6d4.bbcust.telenor.se] has joined #tlponies
22:33:44 <Dot`> its the work horse dubs
22:34:06 <Crisium> and what a horse it is
22:34:16 <DuB`> :O
22:34:54 <skrm> a mighty dølahest
22:41:05 <DuB`> a WHA
22:50:26 <Bio> crisp will i see u at the a51 raid
22:50:34 <Bio> that i'm totally not going to
22:50:56 <Crisium> yeah totes
22:51:02 <Crisium> gotta see them aliens
22:51:19 <Bio> they cant kill us all
22:52:08 <Bio> i should probably be packing
22:52:13 <Bio> asdf
22:57:26 <skrm> DuB` they the big bois with hairy feet
23:09:18 -!- BioPone [~androirc@97.70.165.146] has joined #tlponies
23:20:55 <DuB`> Oooh
23:21:03 <DuB`> Tomoro is a designated learning day at werk
23:21:22 <DuB`> My boss arranged a big room and brekfest and lunch for us too
23:21:23 <DuB`> wew
23:40:09 -!- Rawr|Fone [~AndChat52@c-4eb4e655.020-164-6d6c6d4.bbcust.telenor.se] has joined #tlponies
