00:04:48 <BioPone> Pone
00:04:55 <Crisium> https://imgur.com/gallery/04wuix2
00:06:19 <BioPone> Henlo
00:06:21 <Dot`> skram
00:08:08 <Crisium> ho
00:08:15 <skram> aye dot
00:08:37 <Dot`> why did i almost finish act 1 when i planned to play only 15 minutes
00:09:39 <skram> bedause we're real keen on skeletons
00:14:29 <Dot`> but i dont like boring undead things
00:14:35 <Dot`> i just want cool golems
00:14:44 <skram> dot only likes dead things
00:14:58 <skram> i see how it is
00:15:16 <Dot`> its the opposite skram
00:15:33 <Dot`> im dead enough inside without being surrounded by it too
00:16:00 <Rawr|Fone> Please dot
00:16:20 <skram> nah you gotta use that knowledge to go fsaty
00:16:39 <Dot`> i would love to go fsaty
00:20:35 -!- BioPone [~androirc@mobile-166-170-20-40.mycingular.net] has joined #tlponies
00:20:59 <Rawr|Fone> Hey dot
00:21:40 <Dot`> Hey Rawr
00:21:48 <Dot`> micen https://imgur.com/gallery/w0HmwBS
00:22:13 <Rawr|Fone> It's bed time
00:22:51 <Dot`> it is rawr
00:22:53 <Dot`> im in bed
00:23:01 <Dot`> what about you?
00:23:21 <Rawr|Fone> Well I did go to bed earlier, but spike woke me up
00:23:29 <Rawr|Fone> He vomited 
00:23:57 <Rawr|Fone> So now I'm sitting with him on the balcony for a moment
00:24:20 <Dot`> awww D:
00:24:23 <Dot`> is he ok now?
00:24:35 <skram> uh oh
00:25:17 <Rawr|Fone> Seems ok
00:25:31 <Rawr|Fone> No blood or anything
00:25:36 -!- Crisium|2 [~Crisium@173.239.197.48] has joined #tlponies
00:26:27 <Dot`> poor pup rawr
00:28:21 <Rawr|Fone> At least it was just food
00:28:40 <Rawr|Fone> He probably ate something off the ground when we were out
00:30:26 <skram> thats good
00:31:01 <skram> theres this scary dog illness thats been going round for a month or something thats real rude
00:32:00 <Rawr|Fone> Yes, but that has only been in norway so far from what I know
00:32:12 <Rawr|Fone> Hasn't passed the border
00:32:37 <skram> i heard it happen in sweden too but maybe not
00:33:20 <Rawr|Fone> There was one suspected case in gothenburg, but it wasn'tthe same illness
00:33:37 <skram> i see
00:33:44 <skram> spike's safe then
00:34:31 <Rawr|Fone> I sure hope so jonas dear
00:35:21 <CockRoach|42> .roll d20 to horse
00:37:10 <Rawr|Fone> No horse
00:38:38 -!- Crisium [~Crisium@c-24-3-150-105.hsd1.pa.comcast.net] has joined #tlponies
00:39:06 <Dot`> CockRoach|42, there are doggos though
00:39:07 <Dot`> https://www.reddit.com/r/DnD/comments/d6w0e1/art_dungeons_and_doggos_120_desperate_toots/
00:44:54 <CockRoach|42> :D
00:48:56 -!- skrma [~skram@190.2.145.106] has joined #tlponies
01:05:13 <Runbunny> Jonas.
01:10:50 <skrma> Anders.
01:15:12 -!- BioPone [~androirc@mobile-166-170-20-19.mycingular.net] has joined #tlponies
01:15:28 <Runbunny> Jonas, I am going to sleep.
01:15:35 <Runbunny> I thought I'd let you know.
01:16:08 <skrma> Ill be right there, Anders.
01:16:19 <skrma> Ill be the big spoon today.
01:20:49 <Runbunny> Neat.
02:25:44 -!- BioPone [~androirc@mobile-166-170-20-19.mycingular.net] has joined #tlponies
02:55:00 -!- BioPone [~androirc@mobile-166-170-20-19.mycingular.net] has joined #tlponies
03:54:25 -!- BioPone [~androirc@mobile-166-170-20-19.mycingular.net] has joined #tlponies
03:57:23 -!- BioPone [~androirc@mobile-166-170-20-19.mycingular.net] has joined #tlponies
04:05:01 -!- Rawr|Fone [~AndChat52@c-4eb4e655.020-164-6d6c6d4.bbcust.telenor.se] has joined #tlponies
04:47:22 -!- Rawr|Fone [~AndChat52@c-4eb4e655.020-164-6d6c6d4.bbcust.telenor.se] has joined #tlponies
04:56:36 -!- BioPone [~androirc@mobile-166-170-20-19.mycingular.net] has joined #tlponies
05:31:44 -!- DoT|Phone [~Dot@83.71.208.46.dyn.plus.net] has joined #tlponies
06:03:07 -!- Rawr|Fone [~AndChat52@c-4eb4e655.020-164-6d6c6d4.bbcust.telenor.se] has joined #tlponies
07:04:02 -!- Rawr|Fone [~AndChat52@c-4eb4e655.020-164-6d6c6d4.bbcust.telenor.se] has joined #tlponies
07:13:03 <Dot`> morning pons
07:33:11 <Rawr|Fone> DoT DoT DoT
07:35:48 <Dot`> Rawr Rawr Rawr
07:35:54 <Dot`> <3 <3 <3
07:35:58 <Rawr|Fone> ❤❤❤
07:35:58 <Dot`> hows spike
07:38:20 <Rawr|Fone> He is back to normal I think
07:40:07 <Dot`> <3
08:14:10 -!- Rawr|Fone [~AndChat52@c-4eb4e655.020-164-6d6c6d4.bbcust.telenor.se] has joined #tlponies
08:23:21 -!- Runbunny [~Runbunny@91.100.28.10.generic-hostname.arrownet.dk] has joined #tlponies
08:23:35 <Dot`> angel <3
10:03:26 -!- Rawr|Fone [~AndChat52@c-4eb4e655.020-164-6d6c6d4.bbcust.telenor.se] has joined #tlponies
10:04:51 <Runbunny> Dot`, Dot` 
10:05:07 <Runbunny> I am discording with a friend.
10:05:25 <Runbunny> How are you doing bestest meight?
10:11:17 -!- reification [~thomas@cpc76294-cosh16-2-0-cust297.6-1.cable.virginm.net] has joined #tlponies
10:11:17 -!- mode/#tlponies [+v reification] by Q
10:11:33 <Dot`> im doing ok runbun, just normal saturday morning cleaning
10:11:38 <Dot`> hi reif
10:12:09 <reification> hi dotties
10:26:36 <Dot`> how are you doing runbun
10:31:33 <Runbunny> It's alright.
10:31:37 <Runbunny> Just farming in wow.
10:31:47 <Runbunny> Not that exciting.
10:45:28 -!- Rawr|Fone [~AndChat52@c-4eb4e655.020-164-6d6c6d4.bbcust.telenor.se] has joined #tlponies
10:52:18 <reification> .tell dub` https://imgur.com/VfVJSmW
10:58:52 -!- tredc [~tredc@c83-254-129-166.bredband.comhem.se] has joined #tlponies
11:06:58 -!- skram [~skram@190.2.145.106] has joined #tlponies
11:08:00 <Dot`> jonas!
11:10:08 <skram> bjørn!
11:15:14 <reification> runbun https://twitter.com/hiera12/status/1175027320433700865
11:25:18 -!- Golly [Golly@cm-84.213.21.103.getinternet.no] has joined #tlponies
11:25:20 -!- carcinisation [~thomas@cpc76294-cosh16-2-0-cust297.6-1.cable.virginm.net] has joined #tlponies
11:25:20 -!- mode/#tlponies [+v carcinisation] by Q
11:29:49 -!- reimeuk [~thomas@cpc76294-cosh16-2-0-cust297.6-1.cable.virginm.net] has joined #tlponies
11:29:49 -!- mode/#tlponies [+v reimeuk] by Q
11:53:54 -!- Rawr|Fone [~AndChat52@c-4eb4e655.020-164-6d6c6d4.bbcust.telenor.se] has joined #tlponies
12:44:16 <Runbunny> Reif, when do we stop sleeping on vinland saga?
12:45:21 <reimeuk> i remember reading the manga, was pretty good
12:48:23 <skram> never, runbun
12:48:36 <skram> or is it animated now
12:48:58 <reimeuk> yes it is skram
12:49:08 <skram> neat
12:56:35 <Rawr|Fone> Jonas
12:56:43 <Rawr|Fone> You are pretty neat
12:58:34 <skram> henrik you old flirt
12:59:16 -!- skrma [~skram@185.206.225.196] has joined #tlponies
13:18:04 <Dot`> how you today skram
13:18:28 -!- BioPone [~androirc@mobile-166-170-20-19.mycingular.net] has joined #tlponies
13:19:11 <skrma> not so bad dot
13:20:10 <skrma> trying to get some new clothes for my boi in poe
13:22:06 <Dot`> just go naked
13:40:06 -!- BioPone [~androirc@mobile-166-170-20-19.mycingular.net] has joined #tlponies
13:50:58 -!- Rawr|Fone [~AndChat52@c-4eb4e655.020-164-6d6c6d4.bbcust.telenor.se] has joined #tlponies
14:01:48 -!- DuB` [DuB@cpe-68-174-122-249.nyc.res.rr.com] has joined #tlponies
14:02:01 <DuB`> Oha
14:06:08 <Dot`> Dub Dub
14:09:34 <DuB`> Dot dot
14:10:06 <skrma> pika pika
14:10:32 <DuB`> :o
14:11:14 <Dot`> skram, do you view dub and I just as 2 confused polemon saying eachothers names?
14:13:48 <skrma> well
14:13:50 <skrma> if the shoe fits?
14:18:18 <DuB`>  If the shoe fits, go over to the belgian cafe and get some pastry for breakfast 
14:18:21 <DuB`> brb
14:20:37 <reimeuk> that isn't how the saying goes but does sound tasty
14:23:26 <DuB`> That's how MY saying goes
14:24:35 <reimeuk> i got bargain tiramisu cake yesterday. it's delicious
14:27:03 <Runbunny> O:
14:27:09 <Runbunny> Bargain cake!
14:27:34 <reimeuk> the savings make it taste better
14:27:58 <Runbunny> That is usually the case.
15:20:58 -!- Rawr|Fone [~AndChat52@c-4eb4e655.020-164-6d6c6d4.bbcust.telenor.se] has joined #tlponies
15:26:18 <Rawr|Fone> Horse horse
15:26:27 <Dot`> rawr rawr
15:27:51 <Rawr|Fone> Dot dot
15:27:53 <Rawr|Fone> ❤❤
15:28:35 <Dot`> <3 <3
15:43:20 -!- Camail [~Camail@45.40.84.145] has joined #tlponies
15:43:20 -!- mode/#tlponies [+v Camail] by Q
15:45:08 <Rawr|Fone> C
15:49:32 <Camail> R
15:50:13 <skrma> A
15:51:31 <Camail> B
15:51:51 <skrma> dude no
15:52:20 <Rawr|Fone> 🤨
15:53:09 <skrma> hey cam i found an exalt
15:53:16 <Camail> oooooh
15:53:17 <Camail> nice
15:53:36 <Camail> wasn't it big and flashy
15:54:11 <skrma> i thought it'd be flashier
15:54:17 <Camail> >_>
15:58:26 <skrma> i dropped skeletrons from my build and got proper links for my golems
16:04:39 <Camail> good good
17:19:28 <Dot`> skram, what build are you doing?
17:24:41 <skrma> golozombie
17:24:59 <skrma> http://www.pathofexile.com/forum/view-thread/2624013
17:51:36 -!- BioPone [~androirc@mobile-166-170-20-19.mycingular.net] has joined #tlponies
18:00:13 -!- BioPone [~androirc@mobile-166-170-20-19.mycingular.net] has joined #tlponies
18:03:01 -!- Rawr|Fone [~AndChat52@c-4eb4e655.020-164-6d6c6d4.bbcust.telenor.se] has joined #tlponies
18:22:36 <skrma> .tell DuB` https://www.youtube.com/watch?v=lWqJTKdznaM
18:31:13 -!- Rawr|Fone [~AndChat52@c-4eb4e655.020-164-6d6c6d4.bbcust.telenor.se] has joined #tlponies
18:33:36 <BioPone> Hors
18:33:50 <skrma> neigh
18:35:20 <DuB`> whinny
18:35:54 <Dot`> you famous yet bio?
19:03:24 -!- Rawr|Phone [~AndChat52@m83-185-84-84.cust.tele2.se] has joined #tlponies
19:19:21 -!- Rawr|Fone [~AndChat52@c-4eb4e655.020-164-6d6c6d4.bbcust.telenor.se] has joined #tlponies
19:48:42 -!- Cane [~Cane@CaneCraft.users.quakenet.org] has joined #tlponies
19:48:42 -!- mode/#tlponies [+o Cane] by Q
19:56:40 -!- Rawr|Fone [~AndChat52@c-4eb4e655.020-164-6d6c6d4.bbcust.telenor.se] has joined #tlponies
19:57:02 <Dot`> test
19:57:04 <Dot`> test
19:57:20 <Dot`> micen, dub, skram
19:58:10 <Micen> your out of discord
19:58:13 -!- DoT|Phone1 [~Dot@85.255.236.185] has joined #tlponies
19:58:15 <Micen> we couldnt hear you
19:58:21 <DoT|Phone1> rip internet
19:58:26 <Dot`> oh
19:58:31 <Dot`> my laptop still has intenret
19:58:43 <Dot`> main pc does not
20:47:14 -!- BioPone [~androirc@mobile-166-170-20-19.mycingular.net] has joined #tlponies
21:00:43 -!- Rawr|Fone [~AndChat52@c-4eb4e655.020-164-6d6c6d4.bbcust.telenor.se] has joined #tlponies
21:17:14 -!- Camail [~Camail@45.40.84.145] has joined #tlponies
21:17:14 -!- mode/#tlponies [+v Camail] by Q
21:34:33 -!- reification [~thomas@cpc76294-cosh16-2-0-cust297.6-1.cable.virginm.net] has joined #tlponies
21:34:33 -!- mode/#tlponies [+v reification] by Q
22:15:28 -!- Rawr|Fone [~AndChat52@c-4eb4e655.020-164-6d6c6d4.bbcust.telenor.se] has joined #tlponies
22:41:55 <Camail> ded
22:42:16 <skrma> cam pls
22:42:24 <Camail> skram pls
22:46:11 <Camail> was dnd today
22:46:19 <skrma> yarp
22:46:22 <skrma> killed some elves
22:46:24 <skrma> chased a robot
22:46:25 <Camail> good
22:46:26 <skrma> good times
23:58:44 <skrma> Dot` how many golems do you have
23:59:21 -!- skram [~skram@185.217.171.41] has joined #tlponies
