00:00:29 <Dot|Phone> Dub
00:00:32 -!- Cane [~Cane@CaneCraft.users.quakenet.org] has joined #tlponies
00:00:32 -!- mode/#tlponies [+o Cane] by Q
00:00:48 <Dot|Phone> Cane <3
00:00:57 <Cane> Hai! <3
00:03:05 <DuB`> Hallo
00:07:05 -!- BioPhone [~androirc@mobile-166-170-222-110.mycingular.net] has joined #tlponies
00:14:00 <DuB`> Camail_ my brother got his first ever exalted orb and is very excited
00:14:09 <Camail_> haha, nice
00:14:11 <BioPhone> Asdf
00:14:17 <Camail> is he in maps?
00:14:42 <Camail> DuB` you do realize that your brother is officially the better person now that he plays the superior ARPG
00:14:51 <Camail> i'm sorry but he's gonna have to take your place here
00:15:23 <DuB`> What if I no longer play any arpg
00:15:30 <DuB`> And poe is the one I've played more recently D:
00:16:10 <DuB`> Also how rich are you so I can put him back down a bit
00:16:17 <Camail> awww
00:16:31 <Camail> well i have 31 ex on hand
00:16:34 <Camail> but like...
00:16:36 <Camail> he's new!
00:16:57 <Camail> i've only dropped like 5 of them
00:17:10 <DuB`> I dunno if 330 hours played is new...
00:17:53 <Camail> not as new as i thought, but still relatively new
00:18:15 <DuB`> He is still in acts
00:18:15 <Camail> thats like 2 leagues of dedicated playtime
00:18:22 <DuB`> Ya
00:18:24 <Camail> getting an exalt in acts is rare
00:18:41 <Camail> i think i've had that happen once at most? maybe not ever
00:18:48 <DuB`> Huh
00:19:12 <Camail> if he wants to join the guild tell him feel free, i'm on cam_lame right now
00:31:55 <skrma> DuB`
00:32:38 <DuB`> skrma
00:34:24 -!- Rawr|Fone [~AndChat52@c-4eb4e655.020-164-6d6c6d4.bbcust.telenor.se] has joined #tlponies
00:34:48 <skrma> how you bean you ol rascal
00:39:45 <DuB`> V good
00:39:50 <DuB`> Eating too much
00:39:58 <DuB`> Mmmm
00:40:08 <DuB`> How about yous
00:41:38 <skrma> ive not done a single thing since friday and it feels great tbf
00:42:02 <DuB`> Hek ye
00:42:17 <Dot|Phone> We sunk many subs skram
00:44:23 <DuB`> Turns out after-christmas is pretty good for shopping
00:44:43 <DuB`> Saw a g903 for 75% off and picked that up, am liking it
00:44:55 <DuB`> Scroll wheel on my g403 has been dead for a year
00:46:17 <skrma> lies, dot sunk a bunch of subs
00:46:49 <skrma> yo why are the g903 like 130£ regular price
00:47:06 <DuB`> I got one for $45!
00:47:11 <DuB`> wew
00:48:47 <skrma> thrifty AAF
00:49:05 <DuB`> Not the brand-newest version is all
00:52:19 <skrma> I havent spent a single dollar on my confuser for a long time now
00:52:26 <skrma> maybe I should get another monitor
00:54:42 <DuB`> Then you can see even more things
00:54:45 <DuB`> Always good
00:55:51 <Dot|Phone> Then you need a new gpu
00:55:55 <Dot|Phone> Then a new cpu
00:56:02 <Dot|Phone> Then mb, then ram
00:57:01 <skrma> theres 0$ chance im gonna replace all that any time soon
00:58:33 <DuB`> Not all at once!
01:13:40 <skrma> Hmmmm
01:55:49 -!- Rial [~Rial@p2668219-ipngn201306tokaisakaetozai.aichi.ocn.ne.jp] has joined #tlponies
01:57:57 <Rial> Heyhey
02:00:56 <skrma> good evenin rial
02:03:36 <Dot|Phone> Hedge Rial 
02:03:48 <Dot|Phone> Skram why you still awake. You need sleep
02:04:02 <skrma> I could say the same to you old pal
02:05:30 <skrma> Besides, I get plenty of sleep during the dayt
02:06:10 <Dot|Phone> I'm doing normal 2am things. Breaking my sleep schedule, Regretting life decisions, bugging you. Normal things
02:07:07 <skrma> im reading the mangas
02:07:49 <skrma> did you read komi-san yet dot
02:08:03 <Dot|Phone> Do you own all the mangas now? 
02:08:08 <Dot|Phone> No
02:08:16 <skrma> you should
02:32:45 -!- BioPhone [~androirc@mobile-166-170-222-110.mycingular.net] has joined #tlponies
02:36:56 <Camail> oof, just got 38/38 watchstones
02:37:03 <Camail> time to chill one that for a bit
03:02:25 -!- Crisium [~Crisium@c-24-3-150-105.hsd1.pa.comcast.net] has joined #tlponies
03:55:02 -!- Rawr|Fone [~AndChat52@c-4eb4e655.020-164-6d6c6d4.bbcust.telenor.se] has joined #tlponies
04:07:53 -!- BioPhone [~androirc@mobile-166-170-222-110.mycingular.net] has joined #tlponies
04:45:04 <Camail> shaper has been kind to me this league
06:12:34 -!- Rawr|Fone [~AndChat52@c-4eb4e655.020-164-6d6c6d4.bbcust.telenor.se] has joined #tlponies
06:46:49 -!- Runbunny [~Runbunny@91.100.28.10.generic-hostname.arrownet.dk] has joined #tlponies
07:01:54 -!- Rawr|Fone [~AndChat52@c-4eb4e655.020-164-6d6c6d4.bbcust.telenor.se] has joined #tlponies
07:25:42 -!- Rawr|Fone [~AndChat52@c-4eb4e655.020-164-6d6c6d4.bbcust.telenor.se] has joined #tlponies
07:43:27 -!- BioPhone [~androirc@mobile-166-170-222-110.mycingular.net] has joined #tlponies
08:25:43 -!- BioPhone [~androirc@mobile-166-170-222-110.mycingular.net] has joined #tlponies
08:47:43 -!- BioPhone [~androirc@mobile-166-170-222-110.mycingular.net] has joined #tlponies
09:14:59 -!- BioPhone [~androirc@mobile-166-170-222-110.mycingular.net] has joined #tlponies
09:18:05 -!- Dot|Phone [uid393803@2001:67c:2f08:8::6:24b] has joined #tlponies
09:27:22 <Dot|Phone> Morning
09:30:43 -!- BioPhone [~androirc@mobile-166-170-222-110.mycingular.net] has joined #tlponies
09:36:39 -!- Golly [~kvirc@cm-84.213.21.103.getinternet.no] has joined #tlponies
09:39:16 -!- Rawr|Fone [~AndChat52@c-4eb4e655.020-164-6d6c6d4.bbcust.telenor.se] has joined #tlponies
09:53:32 <Runbunny> Dot|Phone!
09:55:15 <Dot|Phone> Runbun! 
09:55:42 <Runbunny> I slept like 8 hours last night.
09:55:47 <Runbunny> It worked!
09:55:50 <Runbunny> Whatever it was.
09:56:11 <Dot|Phone> Great job <3
09:56:37 <Dot|Phone> What you plan to do they now that your well rested 
10:00:35 -!- reification [~thomas@cpc76294-cosh16-2-0-cust297.6-1.cable.virginm.net] has joined #tlponies
10:00:35 -!- mode/#tlponies [+v reification] by Q
10:01:42 -!- BioPhone [~androirc@mobile-166-170-222-110.mycingular.net] has joined #tlponies
10:05:01 <reification> bonan matenon ĉevaloj
10:06:38 <Runbunny> Nothing Dot.
10:06:40 <Dot|Phone> Morning Reif sir
10:06:51 <Runbunny> Hello Reif sir.
10:07:27 <reification> hello dotties, bun
10:27:06 -!- tredc [~tredc@c83-254-129-166.bredband.comhem.se] has joined #tlponies
10:34:07 <Rawr|Fone> Morning horses
10:43:44 <reification> roar roar
10:43:57 <Rawr|Fone> Reef reef!
10:52:32 <Dot|Phone> Rawr Rawr Rawr 
10:52:36 <Dot|Phone> 💖💖💖
10:53:35 <Rawr|Fone> DoT DoT DoT
10:53:37 <Rawr|Fone> 💖💖💖
11:23:55 <reification> runbunny https://twitter.com/OutofVtubers/status/1210803484687122432
11:31:39 -!- BioPhone [~androirc@mobile-166-170-222-110.mycingular.net] has joined #tlponies
11:38:14 -!- BioPhone [~androirc@mobile-166-170-222-110.mycingular.net] has joined #tlponies
11:41:29 <reification> oh dear https://twitter.com/PTSDGuts2/status/1210503588407074817
11:44:29 <Rawr|Fone> 🤔🤔
11:52:01 -!- Zounds [webchat@cloak-07ouvien.14-2.cable.virginm.net] has joined #tlponies
11:52:08 <Zounds> hey
11:57:22 <Rawr|Fone> Good afternoon zoonds
12:03:57 <Zounds> hi
12:22:52 -!- BioPhone [~androirc@mobile-166-170-222-110.mycingular.net] has joined #tlponies
12:25:26 <Zounds> someone ping me when skram appears
12:37:00 -!- BioPhone [~androirc@mobile-166-170-222-110.mycingular.net] has joined #tlponies
12:49:46 -!- BioPhone [~androirc@mobile-166-170-222-110.mycingular.net] has joined #tlponies
12:55:47 -!- BioPhone [~androirc@mobile-166-170-222-110.mycingular.net] has joined #tlponies
13:00:13 <reification> https://twitter.com/41Strange/status/1210797180643991553
13:05:01 <Runbunny> Man vtubers are great.
13:13:27 <Runbunny> Dot|Phone, https://i.imgur.com/6vsYtVX.png
13:18:15 -!- BioPhone [~androirc@mobile-166-170-222-110.mycingular.net] has joined #tlponies
13:30:44 -!- BioPhone [~androirc@mobile-166-170-222-110.mycingular.net] has joined #tlponies
14:07:17 <Rial> bedtime zZ
14:32:05 -!- skram [~skram@82.147.53.28] has joined #tlponies
14:32:35 <skram> aaa
14:32:50 -!- Rawr|Fone [~AndChat52@m83-187-191-12.cust.tele2.se] has joined #tlponies
14:33:45 <Runbunny> Jonas.
14:33:52 <Runbunny> Zounds, it happened.
14:33:58 <skram> Anders. What happened?
14:34:02 <Runbunny> You.
14:34:08 <Runbunny> You happened.
14:34:16 <skram> You sound disappointed.
14:41:02 -!- Rawr|Phone [~AndChat52@c-4eb4e655.020-164-6d6c6d4.bbcust.telenor.se] has joined #tlponies
14:42:00 <Runbunny> No no, not at all.
14:54:21 <Zounds> ay skram
14:54:37 <Zounds> if you ever wanna do some halo co-op or multiplayer lemme know
14:54:39 <skram> ey zoons
14:54:42 <Zounds> bought the halos myself
14:54:52 <skram> ooh
14:54:58 <skram> i can go right now if you're keen
14:55:09 <Zounds> Sure
14:55:28 -!- Rawr|Fone [~AndChat52@m83-187-191-12.cust.tele2.se] has joined #tlponies
15:10:37 -!- Rawr|Phone [~AndChat52@c-4eb4e655.020-164-6d6c6d4.bbcust.telenor.se] has joined #tlponies
15:18:31 -!- Rawr|Fone [~AndChat52@c-4eb4e655.020-164-6d6c6d4.bbcust.telenor.se] has joined #tlponies
15:55:54 -!- Crisium [~Crisium@c-24-3-150-105.hsd1.pa.comcast.net] has joined #tlponies
16:07:29 <BioPhone> Mornen
16:18:26 <Rawr|Fone> Hai bio boi
16:33:59 <Dot|Phone> Bio horse
16:48:00 -!- Rawr|Phone [~AndChat52@m83-187-190-202.cust.tele2.se] has joined #tlponies
17:07:59 -!- sweetiebot [~skybot@209.141.41.184] has joined #tlponies
17:18:22 <Dot|Phone> Pon
17:24:22 <Zounds> think I fixed my mic skram
17:29:52 <skram> what'd you do zounds
17:34:57 <Zounds> rab mmsys.cpl and it took me to the old mic boost menu
17:35:00 <Zounds> ran*
17:35:08 <Zounds> wherever the hell they put it now I don't know
17:44:17 <skram> stupid windows
17:44:39 * skram slaps Dot|Phone around a bit with a large trout
17:46:17 <Dot|Phone> Wat
17:46:31 <skram> heyyyyy buddy
17:49:50 <Dot|Phone> Hi friend
17:49:53 <Dot|Phone> How's you
17:50:12 <skram> still alive
17:50:20 <skram> me n zounds are about to win the space war probably
17:50:50 <Zounds> dunno things were looking grim when we left off there
17:51:17 <reification> i return from playing snooker for the first time in years
17:51:30 <reification> i was terrible but i still managed to win a frame
17:52:03 <skram> were you out hustelin' again reif
17:52:47 <reification> i used to be pretty good skram
17:52:57 <reification> sign of a misspent youth and all that
18:01:08 <Dot|Phone> Skram. Do you have more space now? 
18:06:39 <skram> zounds and i were doing the halos
18:06:43 <skram> we even had our own ship for a bit
18:15:17 -!- Camail [~Camail@45.40.84.145] has joined #tlponies
18:15:17 -!- mode/#tlponies [+v Camail] by Q
18:17:28 <Camail> no
18:22:40 <skram> pls
18:27:07 <Dot|Phone> Hmm
19:01:49 -!- Rawr|Fone [~AndChat52@m83-187-167-118.cust.tele2.se] has joined #tlponies
19:42:47 <reification> my bismuth is radioactive?! https://twitter.com/Rainmaker1973/status/1210251478193057792
19:47:05 -!- skram [~skram@95.174.66.70] has joined #tlponies
19:47:17 <skram> zounds you wanna rough up some more aliens
19:55:44 <Zounds> Sorry skram doing other stuff now :/
19:55:52 <Zounds> kill some for me though
19:56:22 <skram> ah its cool
20:05:33 -!- BioPhone [~androirc@mobile-166-170-222-110.mycingular.net] has joined #tlponies
20:26:12 <BioPhone> We bak
20:27:39 <skram> welcome to the thunderdome
20:35:12 <Dot|Phone> Hedge
20:46:36 -!- BioPhone [~androirc@mobile-166-170-222-110.mycingular.net] has joined #tlponies
20:46:46 <skram> hey dot how about some factorios
21:04:02 <Dot|Phone> Brother asked me to game already skram, sorry
21:04:09 <Dot|Phone> Though I feel like just sleeping
21:43:01 -!- Rawr|Phone [~AndChat52@c-4eb4e655.020-164-6d6c6d4.bbcust.telenor.se] has joined #tlponies
21:49:31 <BioPhone> Spleepy dot
22:07:31 <Runbunny> Maybe sleep isn't so bad.
23:00:08 -!- Rawr|Fone [~AndChat52@c-4eb4e655.020-164-6d6c6d4.bbcust.telenor.se] has joined #tlponies
23:20:02 <Dot|Phone> How's all
23:20:27 <skram> d e g e n e r a c y
23:20:49 <Dot|Phone> ?ohno
23:25:26 -!- BioPhone [~androirc@mobile-166-170-222-110.mycingular.net] has joined #tlponies
23:45:22 -!- DuB` [webchat@cloak-86dri4yk.slkc.qwest.net] has joined #tlponies
23:45:40 <skram> pls DuB`
23:46:25 <DuB`> Hallu
23:47:31 <skram> hows ur face today
23:47:49 <DuB`> P good
23:47:54 <DuB`> Some coughs
23:48:04 <skram> D:
23:52:06 <DuB`> Have had those all week though
23:52:08 <DuB`> How's yours?
23:59:38 <skram> still attached i suppose
23:59:44 <skram> kinda tired
