00:04:30 -!- Crisium [~Crisium@c-73-174-151-51.hsd1.pa.comcast.net] has joined #tlponies
00:06:25 -!- BioPhone [~androirc@mobile-107-92-120-85.mycingular.net] has joined #tlponies
00:06:31 <BioPhone> Neigh
00:29:39 -!- BioPone [~androirc@97.70.165.146] has joined #tlponies
00:30:34 <Bio> asdf
00:30:35 <Bio> i home
03:25:02 <Rawr|Fone> 🐴🐴🐴
05:06:00 -!- skrm [webchat@pioj.eid3.887x.ip] has joined #tlponies
05:08:04 <skrm> huhh
06:24:02 -!- Dot` [~Dot@90.217.233.176] has joined #tlponies
06:24:15 <Dot`> Mornign all <3
06:24:29 <DuB`>  <3
06:24:48 <Dot`> dub dub
06:24:51 <Dot`> hows you?
06:25:36 <DuB`> All goods
06:27:12 <DuB`> Can't decide whether to start next act in divinity at 12:30 or just go to bed :P
06:28:27 <Dot`> life is full of tough choices
06:28:45 <DuB`> Also spacex launch in 20 min
06:29:01 <DuB`> Which I guess mean I HAVE to stay up, huh?
06:29:23 <Dot`> ooo Space
06:32:10 <Dot`> skrm
06:32:21 <DuB`> https://www.spacex.com/webcast
06:33:26 <Dot`> space!
06:35:07 <DuB`> Speaking of which, did you ever dl SpaceEngine?
06:35:56 <Dot`> yea
06:36:04 <Dot`> i looked at space!
06:36:23 <DuB`> Oh good
06:40:31 <skrm> SPAAAAAAAAAAAAAAAACE
06:49:27 <Dot`> WOOOOSH
06:57:28 <Dot`> oh lord it comin
06:57:56 <Dot`> it did the thing dub
06:58:34 <DuB`> :D
07:02:44 <skrm> yeh boooooooiii
07:04:56 <Dot`> how you coping at work skrm?
07:08:27 <skrm> not well
07:09:34 -!- Golly [Golly@cm-84.212.249.112.getinternet.no] has joined #tlponies
07:11:53 <Dot`> oh dear
07:22:36 <Dot`> here skrm https://imgur.com/gallery/ZavV6i8
07:23:08 <skrm> its better now
07:24:28 -!- Rawr|Fone [~AndChat52@84-217-62-32.customers.ownit.se] has joined #tlponies
07:26:28 <Dot`> and rawr is here now skrm
08:48:46 <Rawr|Fone> DoT DoT DoT
08:49:00 <Rawr|Fone> I was here 5.25
08:49:19 <Dot`> Rawr Rawr Rawr
08:49:22 <Dot`> <3 <3 <3
08:49:25 <Rawr|Fone> 💖💖💖
08:49:54 <Dot`> too early for a saturday rawr
08:50:20 <Rawr|Fone> Yes, so I got back to bed
08:51:11 <Dot`> smart
08:51:23 <Dot`> skrm should do the same
08:53:57 <Rawr|Fone> Maybe he did
09:04:06 -!- reification [~thomas@cpc76294-cosh16-2-0-cust297.6-1.cable.virginm.net] has joined #tlponies
09:04:06 -!- mode/#tlponies [+v reification] by Q
09:06:56 <reification> morning tlp
09:07:20 <Dot`> reef!
09:07:27 <reification> have i mentioned that i should always be pinged for servals? https://twitter.com/lindyxanax/status/1123935935035531266
09:07:31 <reification> dawt!
09:43:13 -!- Dot` [Dot@90.217.233.176] has joined #tlponies
09:45:13 <Dot`> haircut time, later pons
10:22:18 -!- tredc [~tredc@c83-254-129-166.bredband.comhem.se] has joined #tlponies
10:22:18 <Dot`> i back
10:22:30 <Dot`> no haircut was got, there was 4 ppl already waiting there
10:37:29 <Dot`> what about caracals reif? https://imgur.com/gallery/Aj6yPsG
10:47:14 <reification> good but not quite as good as servals
10:47:21 <reification> impressive ear control tho
11:24:51 <Dot`> skrm, are all the fires staying where they should?
11:47:04 <skrm> who knows
11:47:40 <skrm> im too busy thinkin bout butts
11:52:00 <Dot`> anime butts
11:52:24 <skrm> sure
11:53:06 <Dot`> how long till you get to go home?
12:10:45 <CockRoach|42> servals so silly
12:22:51 <reification> PokerStars Hand #199999999954:  Hold'em No Limit ($0.01/$0.02 USD) - 2019/05/04 13:12:15 WET [2019/05/04 8:12:15 ET]
12:23:05 <reification> i didn't manage 2billion get :(
12:24:05 <reification> 46 hands later would've been a free $10k
12:24:47 <CockRoach|42> :O
12:25:25 <reification> now i look that hand was quads over full house :O
12:26:09 <reification> (at the time i was just playing as many microstakes cash tables as i could)
12:31:09 <Rawr|Fone> 🐴🐴🐴
13:47:33 <Dot`> pon pon
14:01:51 <Rawr|Fone> Dot`
14:03:51 <Dot`> Rawr
14:03:56 <Dot`> hows your day going?
14:04:15 <Rawr|Fone> Pretty good
14:04:20 <Rawr|Fone> Not doing much
14:05:20 <Rawr|Fone> How is my dear dot doing
14:05:58 <Dot`> im sleepy already
14:06:01 <Dot`> was a long week
14:21:52 -!- Crisium [~Crisium@c-73-174-151-51.hsd1.pa.comcast.net] has joined #tlponies
14:42:47 -!- Dot` [Dot@90.217.233.176] has joined #tlponies
14:42:50 <Dot`> hey Crisium
15:04:07 <reification> .tell skram https://gfycat.com/illinformedshamefularmyworm-staffpicks-animalsbeingjerks-holdmycatnip
15:06:02 <reification> .tell runbunny https://twitter.com/WaffenStr8Shota/status/1123692241896263680 https://twitter.com/WaffenStr8Shota/status/1124005888203870209
15:08:20 <reification> .r taste https://pbs.twimg.com/media/D5rejgxWwAAcYJY.jpg
15:27:00 -!- Golly [Golly@cm-84.212.249.112.getinternet.no] has joined #tlponies
15:30:48 -!- Micen [~Micen@h192.28.16.98.dynamic.ip.windstream.net] has joined #tlponies
15:57:16 -!- Dot` [Dot@90.217.233.176] has joined #tlponies
16:21:00 <Dot`> hows all doing
16:23:12 -!- DuB` [DuB@65-130-48-126.slkc.qwest.net] has joined #tlponies
16:23:18 <Dot`> Daaab
16:23:41 <DuB`> Daaat
16:24:16 <Dot`> <3
16:24:18 <Dot`> hows you
16:25:55 <DuB`> Sore from exercise yesterday!
16:25:57 <DuB`> All good
16:26:34 <Dot`> do more exercise to make the pain go away
16:27:37 <skrm> soothe your body with I C E C R E A M
16:29:01 <DuB`> The only  ice cream in the house has NUTS in it! :(
16:29:35 <Dot`> sounds great
16:29:45 <skrm> what the h e ck is this dub
16:29:56 <DuB`> Just awful
16:30:34 <Dot`> dub probably likes his ice cream with pinapple slices in it
16:30:41 <DuB`> ....
16:30:51 <skrm> ...
16:31:00 <skrm> that does sound good, actually??
16:31:05 <DuB`> NO
16:31:56 <skrm> Dot` remind me to try this at some point
16:32:04 <skrm> vanilla ice cream with pineapple on it
16:34:09 <Dot`> .tell skram Make a fruit sundae
16:35:18 <skrm> thanks bud
16:39:20 <Dot`> i really did tihnk dub would be a fruit sundae person
16:39:42 -!- BioPhone [~androirc@97.70.165.146] has joined #tlponies
16:40:01 <BioPhone> https://imgur.com/9OLq7sz
16:40:14 <DuB`> Berries and stuff can go on ice cream
16:40:19 <DuB`> That is fine
16:41:40 <Dot`> Bio
16:50:00 <skrm> I GO HOME
16:53:53 <BioPhone> Hej
16:54:41 <Rawr|Fone> Hay
16:56:36 <Dot`> Hi
17:01:13 <BioPhone> Ho
17:11:01 <Bio> i wake
17:23:35 -!- Dot` [Dot@90.217.233.176] has joined #tlponies
17:36:37 -!- Dot` [Dot@90.217.233.176] has joined #tlponies
17:45:48 -!- skram [~skram@5.79.79.42] has joined #tlponies
17:46:45 <Dot`> Skrammmen
17:47:44 <skram> Dotten
17:48:13 <skram>  who needs drone hunting falcons when you got cats, reification
17:50:03 <reification> i'll take both
17:50:25 <skram> cat drone hunting falcons
17:50:31 <skram> drone-hunting falcon cats
17:53:35 <Dot`> are you not home earlier than normal skram?
17:54:27 <skram> no?
18:07:59 <Dot`> skram https://imgur.com/gallery/IAbbWdq
18:08:39 <skram> a mighty hunter
18:30:20 <reification> https://twitter.com/ImperatorOfPuns/status/1124658438989144064
18:39:25 <Micen> thats like my dogs.
18:47:44 <Dot`> dub pls
19:00:33 <Micen> DuB`
19:02:09 -!- Rawr|Fone [~AndChat52@84-217-62-32.customers.ownit.se] has joined #tlponies
19:12:19 <skram> hey dot which dakimakura should i get
19:19:56 <Dot`> hmmm
19:20:03 <Dot`> important decision
19:21:23 <Dot`> Vakist
19:21:29 <skram> perfect
19:22:01 <skram> that'd just be a regular pillow with a print on it though
19:22:05 <reification> seems like there's an offer on if you can't decide skram (site may have nsfw) https://www.animedakimakurapillow.com/pages/buy-3-dakimakura-get-1-free-dakimakura
19:22:49 <skram> i dont know any of these characters tbh
19:23:10 <skram> bit spicy tho??
19:23:22 <reification> i think you can choose any you want
19:24:35 <reification> also i'm surprised you haven't seen any of gurren lagann, re:zero or konosuba
19:25:00 <skram> i did recognize explosion person yes
19:27:29 <reification> if you liked kill la kill you really should watch gurren lagann
19:27:52 <skram> its on the list
19:34:09 <Dot`> how long a list of anime you have to watch skram?
19:34:46 <skram> uuh
19:34:47 <skram> 13
19:35:05 <Dot`> wow
19:38:09 <reification> and he probably doesn't even have haibane renmei on it...
19:38:23 <Rawr|Fone> 🤨🤨🤨
19:38:58 <skram> i guess 14 now
19:39:10 <Dot`> is k-on on the list?
19:39:13 <skram> 15
19:39:36 <Dot`> i should really watch the rest of that
19:39:57 <reification> that's not the greatest endorsement dot
19:40:03 <reification> wikt would be sad
19:40:09 <Rawr|Fone> I didn't know this was #tlanimu
19:40:12 <Dot`> i am really bad at watchign anime
19:40:28 <Dot`> i still have only seen s1 of attack on titan too
19:40:44 <reification> i only watch short anime now
19:40:59 <skram> i didnt like attack on titan the first time i watched it
19:41:14 <skram> too slow paced
19:42:44 <Rawr|Fone> Gotta go fast
19:42:49 <skram> hek yeh
20:48:28 -!- Runbunny [~Runbunny@91.100.28.10.generic-hostname.arrownet.dk] has joined #tlponies
20:49:14 <Runbunny> Hai.
20:51:25 <Dot`> RUNBUN
20:51:30 -!- BioPone [~androirc@mobile-166-176-250-10.mycingular.net] has joined #tlponies
20:53:41 <Runbunny> Dot!
21:06:44 <Dot`> hows your saturday been Runbun?
21:10:43 <Runbunny> It
21:10:49 <Runbunny> It's has been alright.
21:11:18 <Runbunny> I went to a mall and bought some clothes, then I went to a housewarming. 
21:11:29 <Runbunny> Family party as well.
21:11:58 <Dot`> so much social
21:14:15 <Runbunny> Yeah, I did feel the tugs of introversy though, I didn't really strike up conversations with people I didn't know.
21:15:13 <Runbunny> Dot`, https://i.imgur.com/APrDgRJ.mp4
22:13:50 -!- Crisium [~Crisium@c-73-174-151-51.hsd1.pa.comcast.net] has joined #tlponies
22:19:16 <Bio> hej
22:19:20 <Bio> i did a walk
22:20:18 <Bio> contemplated life
22:20:22 <Bio> saw some puppers
22:23:34 <Bio> https://i.redd.it/rdt5w963d7w21.jpg
22:30:29 <Runbunny> Did it renew your wrath and hatred?
22:31:43 -!- Golly [Golly@cm-84.212.249.112.getinternet.no] has joined #tlponies
22:35:12 <Bio> it confrimed that I want a good boye pupper
22:35:30 <Bio> and that anime is still a sin that must be exterminated thru crusade
22:36:31 <Cane> Dot`, I just encountered a bandit in the Garbage who did not have a weapon or any ammunition, and all he was carrying was a guitar and a copy of Russian Playboy.
22:37:03 <Bio> sounds like a good sat. night
22:37:39 <Dot`> you killed him?? D:
22:41:20 <Runbunny> I got sleep.
22:42:00 <Bio> zzz
22:49:45 <reification> good idea i shall copy
22:50:21 <Dot`> gnighth reif
22:51:18 <Bio> gngth
23:54:39 <DuB`> Session Zeros are my favorite :P
23:54:43 <DuB`> Good fun, seeyas later
