01:16:53 <Runbunny> .tell Dot` https://i.imgur.com/J3zSgeV.jpg
01:19:16 -!- Rawr|Fone [~AndChat52@c-4eb4e655.020-164-6d6c6d4.bbcust.telenor.se] has joined #tlponies
02:02:34 -!- Rawr|Fone [~AndChat52@c-4eb4e655.020-164-6d6c6d4.bbcust.telenor.se] has joined #tlponies
02:08:30 <DuB`> Done! Now to do these two whole pages of TEDs
02:09:31 <Runbunny> Good
02:09:39 <Runbunny> I shall commit to sleeping then.
04:20:34 -!- skram [~skram@82.147.53.247] has joined #tlponies
06:46:11 -!- Dot|Phone [uid393803@id-393803.stonehaven.irccloud.com] has joined #tlponies
06:46:22 <Dot|Phone> Morning
08:39:47 -!- CockRoach|42 [~CR@31-209-34-60.cust.bredband2.com] has joined #tlponies
08:39:47 -!- CockRoach|42 [~CR@CockRoach|42.users.quakenet.org] has joined #tlponies
08:39:47 -!- mode/#tlponies [+v CockRoach|42] by Q
08:40:00 <Dot|Phone> Where the horses D:
09:03:23 -!- tredc [~tredc@c83-254-129-166.bredband.comhem.se] has joined #tlponies
09:12:54 -!- Runbunny [~Runbunny@91.100.28.10.generic-hostname.arrownet.dk] has joined #tlponies
09:12:58 <Runbunny> Hai.
09:18:41 <Dot|Phone> Runbun! 
09:18:59 <Dot|Phone> No one else is here. Its very lonely
09:24:37 <Runbunny> Hmm.
09:25:06 <Runbunny> :/
09:28:31 -!- reification [~thomas@cpc76294-cosh16-2-0-cust297.6-1.cable.virginm.net] has joined #tlponies
09:28:31 -!- mode/#tlponies [+v reification] by Q
09:31:58 <Runbunny> Hey Reif.
09:32:55 <reification> morning bun
09:33:05 <reification> how's the running been going?
09:42:28 <Dot|Phone> Hey Reif
09:42:34 <Dot|Phone> How are you two today
09:42:36 <reification> hi dotties
09:43:13 <Runbunny> Pretty bad
09:43:46 <Runbunny> World of warcraft classic hit and I am have only been moving some dumbbells around.
09:44:10 <reification> that's still good exercise
09:44:19 <reification> https://twitter.com/Fire_Sister_Bee/status/1182020283856760833
09:45:41 <reification> i'm good dot
09:45:47 <reification> how's you?
09:48:27 -!- BioPhone [~androirc@mobile-166-176-250-212.mycingular.net] has joined #tlponies
09:48:28 <Runbunny> I did also binge watch the box imouto show 2 days ago.
09:48:38 <Runbunny> Pretty neat. Looking forward to the movie.
09:49:16 <Dot|Phone> I'm doing ok Reif
09:49:20 <Dot|Phone> Work work
09:49:41 <BioPhone> Mornen
09:49:51 <Runbunny> Hai Bio.
09:50:02 <Runbunny> Isn't it crazy early for you?
09:50:03 <BioPhone> Imma going to the plane place
09:50:07 <Runbunny> Ah
09:50:14 <BioPhone> Only 6am, so yes
09:50:45 <Dot|Phone> Runbun, I saw blizzard has disabled ppl deleting thier accounts
09:50:52 <Dot|Phone> Hey bio 
09:50:54 <Runbunny> Yeah apparently.
09:51:13 <Dot|Phone> Blizzard done goofed 
09:52:16 <reification> i don't think that's how data protection laws work
09:54:09 <Dot|Phone> They also had mass walk out of its employees
09:54:43 <Dot|Phone> It didn't say they quit, so just refusing to work I guess
10:02:57 <Runbunny> Everyone is really mad right now.
10:03:23 <Runbunny> But the next thing will happen and the internet mob will jump on that.
10:06:19 <reification> that is common bun, however i expect the hong kong situation to continue to receive major coverage
10:06:33 <reification> cf france/iraq
10:07:25 <reification> for pressuring this chinese weakness is going to be seen as a good idea by its rivals
10:07:58 <Runbunny> I am unsure how much of the protests that is being covered by conventional news media.
10:08:22 <Runbunny> I just keep seeing stuff online.
10:10:50 <reification> they were getting repeated (positive) coverage from bbc from what i've seen
10:11:21 <reification> compared to nothing on https://www.reuters.com/article/us-iraq-protests/death-toll-climbs-unrest-spreads-in-iraq-in-days-of-protests-idUSKBN1WI0II
10:30:46 <BioPhone> Asdf
10:30:59 <Dot|Phone> Bio please
10:31:02 -!- carcinisation [~thomas@cpc76294-cosh16-2-0-cust297.6-1.cable.virginm.net] has joined #tlponies
10:31:03 -!- mode/#tlponies [+v carcinisation] by Q
10:43:15 <carcinisation> bun https://twitter.com/watapome/status/1181909220477681664
10:47:16 <carcinisation> https://twitter.com/_jazzghost_/status/1181592374549630981
10:52:26 <Runbunny> Cute!
11:09:29 -!- reimeuk [~thomas@cpc76294-cosh16-2-0-cust297.6-1.cable.virginm.net] has joined #tlponies
11:09:30 -!- mode/#tlponies [+v reimeuk] by Q
11:20:09 -!- Rawr|Fone [~AndChat52@c-4eb4e655.020-164-6d6c6d4.bbcust.telenor.se] has joined #tlponies
11:47:36 <Dot|Phone> Rawr Rawr Rawr
11:47:42 <Dot|Phone> 💖💖💖
11:48:24 <Rawr|Fone> DoT DoT DoT
11:48:27 <Rawr|Fone> 💖💖💖
11:54:34 <Dot|Phone> Where you been horse? 
12:25:16 -!- BioPone [~androirc@mobile-166-176-249-77.mycingular.net] has joined #tlponies
12:43:56 <BioPone> Hej
12:56:39 <reimeuk> hi bio
12:56:46 <reimeuk> have an old meem https://twitter.com/TheMarkyX/status/1181975819952021504
12:57:00 <BioPone> Love memes
12:57:31 <BioPone> I'd 3d print a lambo
13:16:02 -!- skram [~skram@82.147.53.254] has joined #tlponies
13:29:52 <Rawr|Fone> My phone had to update dot
13:29:57 <Rawr|Fone> Jonas my friend
13:32:35 <skram> henrik pal
13:41:27 <Dot|Phone> Skram
13:44:13 <skram> bjørn
13:59:20 <Runbunny> Ahh Jonas, good.
14:08:30 <BioPone> Horsens!
14:08:42 <BioPone> In my internet relay chat?
14:08:52 <skram> im a human bean god damnit
14:08:59 <BioPone> It's more likely than you think
14:10:05 <reification> bio with more classic meme
14:11:16 -!- Rawr|Fone [~AndChat52@c-4eb4e655.020-164-6d6c6d4.bbcust.telenor.se] has joined #tlponies
14:18:51 <BioPone> I am nothing if not a meem connoisseur
14:31:52 -!- Rawr|Fone [~AndChat52@c-4eb4e655.020-164-6d6c6d4.bbcust.telenor.se] has joined #tlponies
14:32:47 <Dot|Phone> Skram is a true horse
14:53:33 -!- BioPone [~androirc@mobile-166-176-249-37.mycingular.net] has joined #tlponies
14:54:15 <BioPone> Fly time soon
14:57:16 <reification> where to?
14:59:54 -!- Rawr|Fone [~AndChat52@c-4eb4e655.020-164-6d6c6d4.bbcust.telenor.se] has joined #tlponies
15:17:05 -!- Rawr|Fone [~AndChat52@c-4eb4e655.020-164-6d6c6d4.bbcust.telenor.se] has joined #tlponies
15:30:53 -!- Rawr|Fone [~AndChat52@c-4eb4e655.020-164-6d6c6d4.bbcust.telenor.se] has joined #tlponies
15:38:01 -!- Rawr|Fone [~AndChat52@c-4eb4e655.020-164-6d6c6d4.bbcust.telenor.se] has joined #tlponies
15:38:42 <skram> Runbunny Pone (~androirc@mobile-166-176-249-37.mycingular.net) has joined #tlponies
15:38:42 <skram> [16:54:15] <BioPone> Fly time soon
15:38:42 <skram> [16:57:16] <+reification> where to?
15:38:42 <skram> [16:59:54] * Rawr|Fone (~AndChat52@c-4eb4e655.020-164-6d6c6d4.bbcust.telenor.se) has joined #tlponies
15:38:42 <skram> [17:08:54] * Rawr|Fone (~AndChat52@c-4eb4e655.020-164-6d6c6d4.bbcust.telenor.se) Quit (Ping timeout)
15:38:44 <skram> [17:17:05] * Rawr|Fone (~AndChat52@c-4eb4e655.020-164-6d6c6d4.bbcust.telenor.se) has joined #tlponies
15:38:46 <skram> [17:17:44] * BioPone (~androirc@mobile-166-176-249-37.mycingular.net) Quit (Ping timeout)
15:38:48 <skram> [17:29:05] * Rawr|Fone (~AndChat52@c-4eb4e655.020-164-6d6c6d4.bbcust.telenor.se) Quit (Ping timeout)
15:38:49 <skram> [17:30:53] * Rawr|Fone (~AndChat52@c-4eb4e655.020-164-6d6c6d4.bbcust.telenor.se) has joined #tlponies
15:38:52 <skram> [17:36:53] * Rawr|Fone (~AndChat52@c-4eb4e655.020-164-6d6c6d4.bbcust.telenor.se) Quit (Ping timeout)
15:38:54 <skram> [17:38:01] * Rawr|Fone (~AndChat52@c-4eb4e655.020-164-6d6c6d4.bbcust.telenor.se) has joined #tlponies
15:38:56 <skram> ...
15:38:58 <skram> what
15:39:08 <Rawr|Fone> Jonas
15:39:11 <Rawr|Fone> Snela
15:39:15 <reification> skram trankviliĝu 
15:39:29 <Runbunny> Jonas.
15:39:31 <Rawr|Fone> Did your hoof get you in trouble with your keyboard
15:39:36 <Runbunny> Are you okay?
15:39:42 <skram> eat pant, henrik
15:39:58 <reification> ?phone
15:42:36 <Rawr|Fone> Ta det roligt min kära jonas
15:44:40 <reification> runbun fox https://danbooru.donmai.us/posts/3653050
15:46:35 -!- Rawr|Phone [~AndChat52@m213-101-117-31.cust.tele2.se] has joined #tlponies
15:48:19 -!- carcinisation [~thomas@cpc76294-cosh16-2-0-cust297.6-1.cable.virginm.net] has joined #tlponies
15:48:19 -!- mode/#tlponies [+v carcinisation] by Q
15:49:37 <carcinisation> ... https://twitter.com/ArtChopz/status/1181914818493767681
15:50:14 <skram> why's that goose got such big titties
15:51:55 <carcinisation> that's how anime works
15:52:37 <Runbunny> Never heard of goose breast?
15:54:22 <skram> https://i.imgur.com/Unhs8Wd.jpg
15:54:58 <Runbunny> skram, https://da.wikipedia.org/wiki/G%C3%A5sebryst_(fl%C3%B8dekage)
15:55:11 <Runbunny> ;) ;)
15:55:23 <skram> that makes even less sense
15:55:35 <skram> the danish are wrong
15:55:43 <carcinisation> well it is in danish 
15:56:48 -!- BioPone [~androirc@166.137.96.71] has joined #tlponies
15:57:42 <BioPone> Hey
15:57:49 <BioPone> I'm still fly
15:58:25 <BioPone> But close enough to ground to send irc texts
16:00:06 <carcinisation> don't get too close!
16:02:18 <BioPone> I must eventually
16:02:30 <BioPone> Like riiight
16:02:35 <BioPone> Now
16:07:27 <BioPone> Hows it horsens
16:19:39 <reification> runbunny https://twitter.com/GachaGuardian/status/1181520754023768066
16:26:47 -!- Dot` [webchat@cloak-vnm1j07w.71.208.46.dyn.plus.net] has joined #tlponies
16:57:52 <reification> https://twitter.com/VidyaAndPandas/status/1182284550451449858
17:43:46 <skram> boi the hurt feelings edition is the best edition
17:46:16 <reification> https://www.youtube.com/watch?v=EuJzSTNDUGI
18:08:20 -!- Camail [~Camail@45.40.84.145] has joined #tlponies
18:08:21 -!- mode/#tlponies [+v Camail] by Q
18:08:29 <Camail> yo
18:08:34 <skram> oy
18:08:53 <Camail> pumpkin pie is the best
18:09:23 <Dot`> the the lord butt himself
18:09:27 <Dot`> camamail
18:10:22 <Camail> that me
18:13:17 <Camail> how are y'all doin today
18:14:23 <skram> now that i have so much free time i suddenly have nothing to do
18:14:24 <skram> weak
18:14:29 <Camail> lul
18:14:44 <Camail> i can fill all your free time
18:14:48 <Camail> among other things
18:14:55 <skram> oh bby
18:15:47 <Camail> i wanna try to get 6 people to play codenames
18:15:51 <Camail> it's kinda hard tho
18:16:45 <skram> we havent played codenames in so long
18:18:53 <Camail> yea, makes it hard when irc is dead
18:19:10 <skram> ye :(
18:25:40 -!- Dot|Phone [uid393803@id-393803.stonehaven.irccloud.com] has joined #tlponies
18:29:40 <Dot`> rude
18:41:25 <Dot`> im tired skram and have done no dnd prep this week :(
18:41:52 <skram> what ever you plan we're probably gonna do the opposite of it anyway
18:41:52 <Camail> welcome to why i stopped DMing
18:44:03 <Dot`> ive tried getting them to talk between sessions and even straight asked what they plan to do or try
18:44:06 <Dot`> and nothing
18:44:18 <Dot`> so every week i plan hours and hours of content that doesnt get used
18:45:03 <Dot`> most of the time i dont mind as i can use it elsewhere
18:45:13 <Dot`> but im just tired
18:48:45 <Rawr|Phone> Dot dot
18:48:47 <Rawr|Phone> My dear
18:49:05 <Dot`> Rawr Rawr
18:49:06 <Dot`> <3
18:50:23 <Rawr|Phone> ❤
18:53:37 <Camail> prepping every week made DMing unfun, every once in awhile i try and think about how to make prep fun
18:54:41 <Camail> the prep has to satisfy my creative urges, and i don't quite know which parts of prep do that
18:55:14 <Dot`> thats why i thought running a west marches would work, a lot of prep up front but after that its easy, and its player driven, they come to you with what they want
18:55:57 <Dot`> but then i only got 3, and it needs about 6+. then i go to run wwaterdeep and have to turn ppl away and stull have 6
18:56:06 <Camail> it's a bit to structured for me, going out on Missions to Places doesn't satisfy me
18:56:27 <Camail> and it doesn't help that i play a different style than everyone here
18:56:46 <Camail> so i dont think i can be a player in tlp dnd
19:19:58 -!- BioPone [~androirc@166.137.96.71] has joined #tlponies
19:31:51 -!- Rawr|Fone [~AndChat52@c-4eb4e655.020-164-6d6c6d4.bbcust.telenor.se] has joined #tlponies
19:38:21 <CockRoach|42> https://www.deviantart.com/tallpaulky/art/Oh-What-fun-is-there-in-Making-Sense-Discord-MLP-723840336
19:47:30 <Dot`> cr horse <3
19:47:36 <Dot`> skram, what you up to
19:52:03 <skram> im looking at a dutch guy do stupid things to cars
19:52:35 <skram> https://www.youtube.com/watch?v=zDquKJIPE1U
20:16:27 -!- Rawr|Fone [~AndChat52@c-4eb4e655.020-164-6d6c6d4.bbcust.telenor.se] has joined #tlponies
20:22:40 <CockRoach|42> Dot`: <3
20:29:18 -!- BioPone [~androirc@166.137.96.71] has joined #tlponies
20:31:25 <Dot`> bio
20:39:06 <reification> runbun have a saber https://twitter.com/TannerLPer/status/1182277193021325313
20:45:59 -!- Rawr|Fone [~AndChat52@c-4eb4e655.020-164-6d6c6d4.bbcust.telenor.se] has joined #tlponies
20:52:29 <Dot`> golly https://imgur.com/gallery/tKqrmS1
20:57:17 -!- Crisium [~Crisium@c-24-3-150-105.hsd1.pa.comcast.net] has joined #tlponies
20:58:03 <Dot`> Crisium <3
21:00:16 <Crisium> yo dote
21:03:32 <skram> a cris
21:03:46 <Crisium> senor skram
21:04:13 <skram> hola
21:07:59 <Crisium> is this true DoT` https://cdn.discordapp.com/attachments/394820707403563008/631569322598465556/FB_IMG_1570648073572.jpg
21:08:08 <Crisium> i assume you have spoken to dutch
21:08:54 <skram> played wow with a dutch guild, can confirm
21:09:11 <Dot`> afrikaans is a south african language
21:09:19 <Dot`> its a derivitive of dutch
21:09:35 <Dot`> and yea, i can see it
21:09:49 <skram> dot speaks afrikaans fluently probably
21:10:08 <Dot`> skram, dont ruin this friendshhip
21:10:30 <skram> i thought were friends because we both like die antwoord
21:38:14 -!- Rawr|Fone [~AndChat52@c-4eb4e655.020-164-6d6c6d4.bbcust.telenor.se] has joined #tlponies
21:40:29 <Dot`> skram pls
21:47:21 <Rawr|Fone> Dot pls
21:48:17 <Dot`> but rawr
21:48:30 <Rawr|Fone> No
21:48:59 <Dot`> he said i liked afrikaans
21:49:22 <Dot`> i didnt spend 12 years failing that dumb langiage in school to be associated with it
21:51:13 <Rawr|Fone> You'll have to forgive him dot
21:51:22 <Rawr|Fone> You see, he is a horse after all
21:51:41 <Dot`> very true rawr
21:52:21 <skram> pls henrik, you're 12
21:52:25 <skram> respect ur senpais
21:53:15 <Rawr|Fone> You are a mighty fine horse jonas
21:53:41 <Crisium> the finest steed
21:54:17 <skram> y'all are the worst
21:56:04 <Rawr|Fone> I imagine you are kind of what the donkey in shrek looks like when he transforms into en ädel springare
21:56:55 <Dot`> majestic
21:57:32 <skram> if anything i'd be a dølahest rawr pls
21:58:13 <Rawr|Fone> But I think you are straight out of a fairy tale skrammypants
21:59:05 <Dot`> what is dølahest, doll horse?
21:59:16 <skram> its a hest from dalen, dot
21:59:18 <skram> hence the name
21:59:39 <Rawr|Fone> Dalahäst 
21:59:48 <skram> someone from the dal is called a døl, obviously
21:59:52 <Dot`> ah
21:59:53 <Dot`> https://en.wikipedia.org/wiki/D%C3%B8lehest
21:59:56 <Rawr|Fone> They miniature wooden horses
22:00:07 <Dot`> is cute draft horse
22:00:08 <Rawr|Fone> Okay
22:00:09 <skram> thats a different thing henrik
22:00:19 <Rawr|Fone> I thought of something else
22:00:24 <reification> "good trot"
22:00:45 <skram> i went to Mora once henrik
22:00:53 <skram> they had those red wooden monstrosities everywhere
22:01:14 <Rawr|Fone> They are quite popular
22:02:37 <Dot`> skram, are you a 'good trot'?
22:02:58 <Rawr|Fone> The best probably
22:03:15 <Crisium> skram is more downtrodden
22:03:50 <skram> obviously
22:04:09 <skram> tyrranized by the bourgeoisie
22:24:24 <reification> runbunny https://twitter.com/40hara/status/1181707380939055104
22:25:39 <Runbunny> You have to treat your cats nicely.
22:42:19 -!- Rawr|Fone [~AndChat52@c-4eb4e655.020-164-6d6c6d4.bbcust.telenor.se] has joined #tlponies
22:54:55 -!- BioPone [~androirc@166.137.96.71] has joined #tlponies
22:57:42 -!- DuB` [DuB@cpe-68-174-122-249.nyc.res.rr.com] has joined #tlponies
22:58:23 -!- Rawr|Fone [~AndChat52@c-4eb4e655.020-164-6d6c6d4.bbcust.telenor.se] has joined #tlponies
23:12:19 -!- BioPone [~androirc@166.137.96.71] has joined #tlponies
23:16:23 -!- BioPone [~androirc@166.137.96.71] has joined #tlponies
23:31:36 <reification> night all
23:46:27 -!- Rawr|Fone [~AndChat52@c-4eb4e655.020-164-6d6c6d4.bbcust.telenor.se] has joined #tlponies
