00:29:44 <reimeuk> dot https://twitter.com/HarmlessYardDog/status/1192615558941945856
00:30:38 -!- Crisium [~Crisium@c-24-3-150-105.hsd1.pa.comcast.net] has joined #tlponies
00:33:21 -!- Rawr|Fone [~AndChat52@c-4eb4e655.020-164-6d6c6d4.bbcust.telenor.se] has joined #tlponies
01:08:14 <reimeuk> night all
01:08:21 <DuB`> nn reif
02:03:40 <DuB`> It got wintry cold so suddenly >_>
02:04:01 <DuB`> Had the AC on yesterday... and it's 33F/1C right now 
02:04:10 <Bio> dub
02:04:11 <Bio> PLS
02:04:20 <DuB`> bio wha
02:04:56 <Bio> i am strim
02:05:01 <Bio> hai
02:41:10 <Micen> good morning ponies 
04:30:20 <skrm> DuB`
05:59:02 <Rawr|Fone> Horses
06:09:02 -!- Rawr|Fone [~AndChat52@c-4eb4e655.020-164-6d6c6d4.bbcust.telenor.se] has joined #tlponies
06:15:52 -!- Golly [~kvirc@cm-84.213.21.103.getinternet.no] has joined #tlponies
06:21:13 -!- Rawr|Fone [~AndChat52@m83-185-87-69.cust.tele2.se] has joined #tlponies
06:38:38 -!- skrma [~skram@85.159.237.65] has joined #tlponies
06:38:47 <skrma> its too dang hot outside
06:39:14 <skrma> id just gotten used to the -10-15 and now its suddenly 0 again
06:47:53 <Rawr|Fone> Skrma
06:49:18 <skrma> henrik my dear
06:49:41 <Rawr|Fone> How are you jonas darling
06:50:18 <skrma> i feel pretty good
06:50:38 <skrma> quiet winter morning with gentle snow
06:50:42 <skrma> my favorite part of the year
06:50:42 <Rawr|Fone> Great
06:50:49 <skrma> hows you
06:53:53 <Rawr|Fone> Pretty good
06:54:07 <Rawr|Fone> On my way to a tournament
06:54:42 <skrma> you're gonna do great
07:00:49 <Rawr|Fone> Thanks jonas, I appreciate your encouragement
08:15:12 -!- Cane [~Cane@CaneCraft.users.quakenet.org] has joined #tlponies
08:15:12 -!- mode/#tlponies [+o Cane] by Q
08:24:37 -!- Dot` [webchat@i3nb.6u5z.emrn.ip] has joined #tlponies
08:24:40 <Dot`> morn
08:26:52 -!- Runbunny [~Runbunny@91.100.28.10.generic-hostname.arrownet.dk] has joined #tlponies
08:28:15 <Dot`> angel <3
08:29:08 <Runbunny> Dot.
08:29:20 <Runbunny> Just the guy I wanted to see.
08:40:44 <Runbunny> Dot`, when do you want to play monster hunter today?
08:42:34 <Dot`> im down in bakewell this weekend wihout my PC
08:42:48 <Dot`> helping my mom setup at haddon hall market for next week
08:50:37 <Runbunny> oh neat.
09:22:42 <Dot`> what youup to today bun
09:28:01 <Runbunny> I am trying to fix my sleep schedule.
09:28:47 <Runbunny> and I also have to help my mother with some stuff tomorrow.
09:29:15 <Dot`> your a good horse runbun
09:32:02 <Runbunny> am bunny.
09:54:23 <Dot`> this is true
09:54:26 <Dot`> also runbun https://imgur.com/gallery/7Xl6Yb7
10:41:03 <Dot`> time for a wlak into town
10:41:06 <Dot`> back later pons <3
11:16:51 -!- reification [~thomas@cpc76294-cosh16-2-0-cust297.6-1.cable.virginm.net] has joined #tlponies
11:16:51 -!- mode/#tlponies [+v reification] by Q
11:18:43 -!- Dot|Phone [uid393803@2001:67c:2f08:8::6:24b] has joined #tlponies
11:40:18 -!- tredc [~tredc@c83-254-129-166.bredband.comhem.se] has joined #tlponies
12:23:04 <reification> .tell skram https://www.youtube.com/watch?v=lCEvOMyrN04
12:32:40 -!- Dot` [webchat@i3nb.6u5z.emrn.ip] has joined #tlponies
12:35:50 <reification> dot dot
12:48:12 <Dot`> reif reif
12:48:13 <Dot`> <3
13:40:03 -!- Dot` [webchat@i3nb.6u5z.emrn.ip] has joined #tlponies
14:31:21 <Runbunny> Hai Reif.
14:41:13 <Runbunny> Nice song.
14:48:10 <Bio> nerd horsens
14:48:37 <Runbunny> Bio.
14:49:23 <Dot`> hey bi
14:49:26 <Dot`> bio
14:49:29 <Dot`> how was strem?
14:49:31 <Dot`> i fell asleep
14:49:36 <Bio> i stremed for 5h
14:50:10 <Bio> and
14:50:14 <Bio> https://i.kym-cdn.com/photos/images/newsfeed/001/554/866/4da.png
15:05:57 <Dot`> madlad
15:07:21 <Runbunny> You streamed persona 5 right?
15:08:16 <Bio> ya
15:08:38 <Bio> ya boi aboout to get some pizza
15:08:41 <Bio> and do it again
15:09:35 <Runbunny> Weebs out?
15:11:13 <Bio> weebs out
15:11:18 <Bio> *dabs*
15:15:04 <Bio> nah weebs can come
15:15:18 <Bio> i aint exactly in a spot to discriminate viewers from my strim
15:15:30 <Bio> ecks dee
15:17:17 <Dot`> no banning skram yet then
15:20:02 <Bio> not quite yet
15:24:05 -!- DuB` [DuB@cpe-68-174-122-249.nyc.res.rr.com] has joined #tlponies
15:24:19 <Bio> hey
15:24:20 <Bio> dub
15:24:22 <Bio> ?biostream
15:24:27 <Bio> click the link k thx
15:24:29 <Bio> =)
15:29:14 <DuB`> o yes good morning
15:29:24 <Bio> guhmorn
15:30:47 <Bio> time to start
15:31:48 <Dot`> dub dub
15:32:38 <DuB`> dot dot
15:33:38 -!- Camail [~Camail@45.40.84.145] has joined #tlponies
15:33:39 -!- mode/#tlponies [+v Camail] by Q
15:36:41 <reification> hmm https://imgur.com/a/Dbc5wZc
16:16:29 <Runbunny> A+ plus for Bio catching the reference.
16:16:46 <Runbunny> A true legend.
16:17:16 -!- skram [~skram@37.120.141.20] has joined #tlponies
16:17:56 <Dot`> skram friend
16:18:02 <skram> dot pal
16:18:41 <skram> senzawa is nutso, reification
16:25:06 <Dot`> is this more of your isekia skrammen
16:25:16 <Bio> skrm
16:25:20 <Bio> i'm doing a strim
16:25:25 <Bio> its got animes in it
16:25:49 <skram> no dot, its a drunk gremlin who sings
16:35:14 <Camail> skram Dot` monhun soon?
16:35:38 <skram> naw im leaving for work v soon :(
16:36:31 <Camail> but
16:36:33 <Camail> no
16:36:34 <Camail> dont do that
16:36:37 <Camail> that's lame
16:37:10 <skram> oh
16:37:12 <skram> alright then
16:39:39 <skram> tempered kirin when
16:39:49 <Dot`> im in bakewell this weekend
16:55:56 -!- Crisium [~Crisium@24.3.150.105] has joined #tlponies
16:56:45 -!- CrisPone [uid127042@2001:67c:2f08:7::1:f042] has joined #tlponies
16:57:33 <Dot`> The Crispon
16:58:29 <CrisPone> Howdy
17:03:16 <DuB`> WEW
17:03:47 <DuB`> Soloed AT Lunastra TWICE no deaths >:D
17:03:53 <DuB`> Sure it took 30 minutes each but hey
17:12:20 <Camail> yea at fights are a fucking marathon
17:12:21 <Camail> grats
17:14:30 -!- Dot|Phone [uid393803@2001:67c:2f08:8::6:24b] has joined #tlponies
17:47:00 -!- skram [~skram@37.120.141.20] has joined #tlponies
17:49:29 <Dot`> fake skram
18:05:47 <Bio> not my favorite type of skrm
18:06:42 -!- skrm [webchat@pioj.eid3.887x.ip] has joined #tlponies
18:07:02 <Dot`> real skram
18:07:30 <skrm> D:
18:07:33 <skrm> who woke skram up
18:07:40 <skrm> i put him to sleep 30 minutes ago
18:07:49 <Dot`> i needed a friend
18:09:39 <skrm> <3
18:11:07 <Dot`> <3
18:23:17 <Dot`> any fires today?
18:42:03 <Rawr|Fone> Jonas
18:44:40 -!- Rawr|Fone [~AndChat52@c-4eb4e655.020-164-6d6c6d4.bbcust.telenor.se] has joined #tlponies
18:47:56 <skrm> not yet dot
18:47:59 <skrm> henrik
18:53:18 <Rawr|Fone> How are you doing today skrm
18:55:47 <skrm> nose to the grindstone dear boy
18:55:51 <skrm> how was tournament
18:55:55 <Dot`> there is still plenty time today skrm
18:56:03 <skrm> thanks bud
18:58:36 <Rawr|Fone> I finished in fifth place in the elite class jonas
18:59:14 <Rawr|Fone> I won against someone who is really good
18:59:22 <Rawr|Fone> Probably the best player I have beaten 
19:00:26 <skrm> hell yeah!
19:01:03 <DuB`> rawr 4 olympic team soon
19:01:43 <Camail> Runbunny do you have like 60 perandus coins i could have
19:02:02 <Dot`> very proud rawr <3
19:02:45 <Rawr|Fone> Well the guy I lost against plays in the highest league in sweden and is also on the youth national team
19:02:51 <Rawr|Fone> I didn't get many points
19:03:08 <Rawr|Fone> Maybe one day dub
19:08:04 <skrm> cant wait to see henrik in tokyo 2020
19:14:35 <Dot`> dub, 1 hour till dnd!
19:16:28 <skrm> what sort of oddball is dub playing in moocencampaign
19:17:12 <Dot`> hes as good boi
19:17:30 <Dot`> with a pointy stick and a love for dorfs
19:18:07 <skrm> wonderful
19:23:32 <Runbunny> Camail, do you still need them?
19:23:35 <Runbunny> I believe i do.
19:23:36 <Camail> nope
19:23:40 <Runbunny> Great!
19:23:54 <Dot`> skram https://imgur.com/gallery/wS8rN0h
19:24:12 <Dot`> dub https://imgur.com/gallery/Gviq7O6
19:38:30 <DuB`> Prettybirbs
19:42:45 <DuB`> skrm I'm a 8-int human boi raised raised in a dorf community, and have a big polearm for poking things
19:43:21 <skrm> adorable
19:43:41 <skrm> if i had a ladder i would pat your head
19:45:06 -!- Crisium|2 [~Crisium@104.194.218.66] has joined #tlponies
19:45:58 -!- Micen [~Micen@h169.49.172.72.dynamic.ip.windstream.net] has joined #tlponies
19:56:51 -!- Rawr|Fone [~AndChat52@c-4eb4e655.020-164-6d6c6d4.bbcust.telenor.se] has joined #tlponies
20:16:34 -!- Rawr|Fone [~AndChat52@c-4eb4e655.020-164-6d6c6d4.bbcust.telenor.se] has joined #tlponies
20:27:28 -!- Rawr|Fone [~AndChat52@c-4eb4e655.020-164-6d6c6d4.bbcust.telenor.se] has joined #tlponies
21:30:45 -!- Rawr|Fone [~AndChat52@c-4eb4e655.020-164-6d6c6d4.bbcust.telenor.se] has joined #tlponies
21:33:38 <Dot`> gg bio
21:34:40 <Bio> g
21:34:41 <Bio> g
21:37:53 -!- BioPone [~androirc@mobile-166-170-22-1.mycingular.net] has joined #tlponies
21:53:20 <Bio> gaem is fun dotr
22:33:31 -!- Rawr|Fone [~AndChat52@c-4eb4e655.020-164-6d6c6d4.bbcust.telenor.se] has joined #tlponies
22:38:44 -!- Zounds [webchat@cloak-07ouvien.14-2.cable.virginm.net] has joined #tlponies
22:38:50 <Zounds> hey
23:00:29 -!- Crisium [~Crisium@c-24-3-150-105.hsd1.pa.comcast.net] has joined #tlponies
23:00:57 <Crisium> hey zoonds
23:08:13 <Zounds> hi cris
23:23:17 <Dot`> hi zounds, cris
23:39:29 <Crisium> Zounds played any overwatch lately?
23:39:38 <Zounds> I haven't cris
23:39:47 <Zounds> I should start doing that again :P
23:39:47 <Crisium> would you like to
23:40:14 -!- CrisPone [uid127042@2001:67c:2f08:7::1:f042] has joined #tlponies
23:40:21 <Zounds> I can't tonight but in the next few days I'll be back :3
23:40:33 <Crisium> okie dokie
23:47:40 <reification> i have returned to the overwatch
23:53:02 <DuB`> Dot`https://www.reddit.com/r/Stormlight_Archive/comments/du30gp/stormlight_book_four_update_6/
23:58:11 <reification> runbunny https://twitter.com/380kmh/status/1192947525860384768
23:58:44 <Dot`> BOOK
