00:00:45 <Zounds> family event roon?
00:00:47 <Zounds> what a nerd
00:00:56 <Zounds> imagine having family
00:03:18 <Bio> IMAGINE
00:03:24 <skram> DRAGONS
00:03:46 <Bio> imagine MORE dragons tho
00:04:04 <skram> impossible
00:10:35 <Runbunny> Yeah Zounds. We had food, drinks and made christmas decorations.
00:12:12 <skram> did you have røgrød (med fløde)?
00:12:43 <Runbunny> No, we had Karry sild.
00:12:58 <Runbunny> and then sushi, for some reason.
00:12:59 <skram> yikes
00:13:17 <skram> well
00:13:24 <skram> karrisild is raw fish
00:14:52 <Runbunny> True. 
00:15:05 <Dot`> skram, did you enjoy being an edgy rogue?
00:16:26 <skram> immensely
00:17:16 <Zounds> sounds wholesome roon
00:17:19 <skram> sneak attack is stupid
00:18:16 <Zounds> im simultaneously indifferent and miss
00:18:23 <Zounds> and massively jealous
00:18:24 <Dot`> as is evasoin and you didnt even NEED uncanny dodge
00:18:42 <skram> nobodys tried attacking me yet
00:29:18 <Dot`> well maybe if you didnt kill anything that stands next to you?
00:30:36 -!- Rawr|Fone [~AndChat52@c-4eb4e655.020-164-6d6c6d4.bbcust.telenor.se] has joined #tlponies
00:32:38 <skram> if you didnt want them dead you shoulda put them somewhere else
00:39:26 <Dot`> https://www.reddit.com/r/DnD/comments/e7gaf9/dunder_and_dragons_oc/
00:42:20 <Dot`> dub, i forgot you had tarkov, you should join for more games sometime
00:42:29 <Dot`> there was a wipe about a month ago
00:45:23 <Zounds> https://www.youtube.com/watch?v=GpDcVY4F3QQ
00:50:09 <Dot`> pony!
00:50:37 <skram> dot i wanna play factori but im too sleepy
00:54:36 <Dot`> then i advise you sleep so you can wake up and play factorio earlier
00:55:10 <skram> ugh
00:55:34 <skram> my sleeping schedule is slowly becoming reasonable and I dont like it
00:55:43 <Dot`> very adult
00:55:57 <skram> i woke up at 10 today and couldnt sleep a minute more
00:56:22 <Dot`> 10?
00:56:35 <Dot`> thats practicly mid day
00:57:01 <skram> after being off work for an entire week i usually sleep till like 4
01:05:27 <Dot`> runbun
01:05:40 <Dot`> skram needs to sleep better
01:08:20 <Runbunny> Hmm.
01:09:26 <Runbunny> We just have to hope that he is visited by the good sleep skeleton soon.
01:17:06 <Bio> asdf
01:18:03 <Runbunny> Hai Bio.
01:19:05 <Zounds> bayo
01:22:26 -!- Micen [~Micen@h54.212.18.98.dynamic.ip.windstream.net] has joined #tlponies
01:23:32 <skram> ah fuck it, ill just go to bed
01:23:33 <Bio> hayo
01:23:35 <skram> laters y'all
01:23:37 <Bio> skrm nu
01:23:40 <Bio> pls sir
01:23:55 <skram> i would stay if i could
01:23:58 <Bio> T_T
01:24:01 <skram> but alas i am about to pass out
01:24:05 <Bio> okei
01:32:46 <reification> yes it is sleep time
01:40:23 <Bio> rip in peps eus
01:45:40 <Zounds> no
01:51:40 <Bio> i c
02:03:25 <Runbunny> oh dang sleep time.
02:57:39 -!- Rawr|Fone [~AndChat52@c-4eb4e655.020-164-6d6c6d4.bbcust.telenor.se] has joined #tlponies
05:26:58 -!- Rawr|Fone [~AndChat52@c-4eb4e655.020-164-6d6c6d4.bbcust.telenor.se] has joined #tlponies
07:11:42 -!- Rawr|Fone [~AndChat52@c-4eb4e655.020-164-6d6c6d4.bbcust.telenor.se] has joined #tlponies
08:02:27 -!- Runbunny [~Runbunny@91.100.28.10.generic-hostname.arrownet.dk] has joined #tlponies
08:27:48 -!- Rawr|Fone [~AndChat52@c-4eb4e655.020-164-6d6c6d4.bbcust.telenor.se] has joined #tlponies
09:08:19 -!- skram [~skram@178.239.173.228] has joined #tlponies
09:11:20 -!- skraam [~skram@178.239.173.224] has joined #tlponies
09:27:04 -!- Dot` [webchat@cloak-yh0bvvn2.123.7.51.dyn.plus.net] has joined #tlponies
09:27:09 <Dot`> morning
09:32:58 <skraam> mornin pal
09:43:54 <Dot`> skram https://i.imgur.com/Ap3LDV3.jpg
09:46:19 <Runbunny> Dot.
09:46:20 <Runbunny> Hai.
09:46:34 <skraam> the bang with the x on it is pointing the wrong way
09:46:36 <skraam> 0/10
09:47:54 <Dot`> Angel <3
09:55:40 -!- Rawr|Fone [~AndChat52@c-4eb4e655.020-164-6d6c6d4.bbcust.telenor.se] has joined #tlponies
10:06:54 <CockRoach|42> hors hors
10:10:46 <Runbunny> Dot`, https://www.youtube.com/watch?v=DBoqrSn1GR8
10:11:34 -!- tredc [~tredc@c83-254-129-166.bredband.comhem.se] has joined #tlponies
10:12:13 <Dot`> what a banger
10:13:22 -!- Golly [~kvirc@cm-84.213.21.103.getinternet.no] has joined #tlponies
10:31:23 -!- Rawr|Fone [~AndChat52@c-4eb4e655.020-164-6d6c6d4.bbcust.telenor.se] has joined #tlponies
10:37:13 <Runbunny> skraam, are you home?
10:38:40 <skraam> aye pal im home 
10:41:24 <Dot`> did you find oil yet skram?
10:45:01 <skraam> aye
10:45:08 <skraam> now i gotta figure out how to get it on a TRAIN
10:46:01 <Dot`> the carriges with oil containers
10:46:03 <Dot`> and pumps
10:47:22 <Runbunny> Do you want to come beat up a teostra and a lunastra?
10:47:40 <skraam> sure
10:47:54 <skraam> i cant fight AT stuff yet though ran of bans
10:48:13 <Runbunny> These are regular I believe.
10:50:03 <skraam> are you on a discord somewhere and ers
10:52:00 <Runbunny> Sure.
11:14:09 -!- reification [~thomas@cpc76294-cosh16-2-0-cust297.6-1.cable.virginm.net] has joined #tlponies
11:14:09 -!- mode/#tlponies [+v reification] by Q
11:14:56 <Dot`> reef
11:15:50 <Dot`> hedge
11:24:30 <reification> dawt
11:24:33 <reification> shrub
11:38:26 <Rawr|Fone> Horses
11:38:49 <reification> roar
11:38:58 <Rawr|Fone> Reef
11:44:54 <reification> i like this plan https://twitter.com/branflakeassMAN/status/1203544797308489728
11:49:45 <Dot`> hahaha
12:39:28 <Dot`> rawr rawr rawr
12:39:40 <Rawr|Fone> dot dot dot
12:39:45 <Rawr|Fone> ❤❤❤
12:39:45 <Dot`> <3 <3
12:39:47 <Dot`> <3
12:39:50 <Dot`> hows you today
12:39:55 <Dot`> hows the tourney?
12:45:36 -!- Zounds [webchat@cloak-07ouvien.14-2.cable.virginm.net] has joined #tlponies
12:51:54 <Dot`> my favourite zounds <3
12:52:24 <Zounds> hey
14:01:51 -!- carcinisation [~thomas@cpc76294-cosh16-2-0-cust297.6-1.cable.virginm.net] has joined #tlponies
14:01:51 -!- mode/#tlponies [+v carcinisation] by Q
14:54:34 <carcinisation> https://twitter.com/saltydkdan/status/1203580708624773120
15:02:00 -!- Rawr|Phone [~AndChat52@m83-185-93-116.cust.tele2.se] has joined #tlponies
15:10:04 -!- Rawr|Fone [~AndChat52@c-4eb4e655.020-164-6d6c6d4.bbcust.telenor.se] has joined #tlponies
15:16:10 <Runbunny> Dot`, https://i.imgur.com/97PXBIC.jpg
15:17:31 -!- Rawr|Fone [~AndChat52@c-4eb4e655.020-164-6d6c6d4.bbcust.telenor.se] has joined #tlponies
15:24:32 -!- Rawr|Fone [~AndChat52@c-4eb4e655.020-164-6d6c6d4.bbcust.telenor.se] has joined #tlponies
15:37:58 <skraam> Dot`
15:38:22 <skraam> what a terrible person, Runbunny
15:38:37 <skraam> how would you like it if i filled your house with things you were scared of
15:39:02 <Runbunny> I am unsure Jonas.
15:39:28 <Runbunny> I am terrified of girls, but I would like to have my house filled with them.
15:45:24 <skraam> hmm
15:45:26 <skraam> good point
15:48:39 -!- Rawr|Fone [~AndChat52@c-4eb4e655.020-164-6d6c6d4.bbcust.telenor.se] has joined #tlponies
15:52:09 <Dot`> skram
15:52:51 <skraam> yes?
15:53:05 <Dot`> you pinged me
15:53:24 -!- DuB` [DuB@cpe-68-174-122-249.nyc.res.rr.com] has joined #tlponies
15:53:35 <Dot`> dub
15:53:40 <skraam> bud
15:53:40 <DuB`> dot!
15:53:48 <DuB`> maarks!
15:55:09 <skraam> Anders and I spent about 2 hours killing a lunastra today, DuB`
15:56:30 <DuB`> :o
15:56:34 <DuB`> Without me!
15:57:04 <skraam> You were in bed!
15:57:33 <DuB`> poo
15:58:04 <DuB`> 2 hours though! Was it being difficult?
15:58:22 <Dot`> just dont sleep dub
15:58:36 -!- skram [~skram@82.147.53.101] has joined #tlponies
16:00:59 <Rawr|Fone> Jonas
16:01:11 -!- skraam [~skram@134.19.189.22] has joined #tlponies
16:03:28 <DuB`> dot pls my health
16:05:48 <Runbunny> DuB`, There were a ton of unfortunate mishaps.
16:06:32 <Runbunny> Like supernova -> flames on the ground -> supernova second wave -> death.
16:06:41 <skraam> Yeah they kept attacking us
16:07:05 <Runbunny> Like getting pushed into flames on ground, start burning and get stunned at the same time.
16:07:31 <Runbunny> I did another lunastra after you left Jonas.
16:07:34 <Dot`> why you standing in the flames runbun?
16:07:38 <Dot`> dont do that
16:07:48 <Runbunny> No no I get pushed into the flames.
16:07:50 <skraam> are you saying that i was dragging us down runbun
16:08:34 <Runbunny> No.
16:08:51 <Rawr|Fone> Yes
16:09:57 <Runbunny> We can hope for lunastra changes in Ice borne.
16:10:18 <skraam> i hope they just delete her instead
16:11:09 <DuB`> I have bad news for you
16:11:21 <DuB`> I'm pretty sure master rank lunastra is pretty much like fighting the AT version
16:11:45 <Runbunny> Great.
16:13:08 -!- reimeuk [~thomas@cpc76294-cosh16-2-0-cust297.6-1.cable.virginm.net] has joined #tlponies
16:13:08 -!- mode/#tlponies [+v reimeuk] by Q
16:14:48 -!- Zounds [webchat@cloak-07ouvien.14-2.cable.virginm.net] has joined #tlponies
16:15:10 <Runbunny> I can't remember if I did AT Lunastra or not.
16:15:16 <Runbunny> I probably didn't.
16:29:43 <reimeuk> .r 🤔 https://pbs.twimg.com/media/EK4TigjXsAEdEpa.png https://i.kym-cdn.com/photos/images/original/001/292/924/469.gif
16:30:00 <reimeuk> ?🤔
16:30:18 <reimeuk> phew it doesn't bork sweaty
16:34:11 <Dot`> hmm
16:45:30 <skraam> mr DuB` would you like to hun a mon
16:46:04 <Runbunny> I'd like to hunt some mons.
16:46:10 <DuB`> Alway
16:46:16 <skraam> what about nomming som huns
16:46:21 <skraam> ;) ;) ; )
16:46:25 <DuB`> lol
16:48:35 <Runbunny> lewd.
16:49:41 <Runbunny> No sessions found lads...
17:47:51 <Zounds> there's 2 kinds of tanks in ff14 https://i.imgur.com/5j6no08.png
17:48:14 <Zounds> guy on the right is called Skar Bloodedge
17:49:25 <Bio> oi
17:49:28 <Bio> i bek
17:49:30 <Bio> hai
17:52:20 <DuB`> And wat is the the potato on the left called, Zounds
17:54:43 <Zounds> That's me
17:57:41 <Rawr|Fone> 🤔🤔🤔
18:10:16 <Bio> asdf
18:11:28 <reimeuk> well runbun there's always huniepop for skram's suggestion
18:43:54 <Dot`> rawr
18:51:48 -!- Rawr|Fone [~AndChat52@c-4eb4e655.020-164-6d6c6d4.bbcust.telenor.se] has joined #tlponies
18:52:32 <Dot`> rawr
18:52:39 <Dot`> snela
19:04:36 <Zounds> what you guys up to
19:08:25 <Dot`> not much
19:08:42 <Dot`> thinking of getting food maybe
19:16:27 -!- Rawr|Fone [~AndChat52@c-4eb4e655.020-164-6d6c6d4.bbcust.telenor.se] has joined #tlponies
19:16:31 <Rawr|Fone> Dot
19:30:20 <Runbunny> Zounds, do you have hooves for shoes?
19:30:56 <Runbunny> We were hunting monsters.
19:30:58 <Dot`> hoove shoes?
19:32:07 <Zounds> yes roon
19:32:42 <DuB`> Maybe I go make some ff14 progress
19:33:01 <Zounds> and as gloves
19:33:04 <DuB`> I got to lv12 but monhun and OW keep distracting me
20:07:39 <Runbunny> .choose anime videogames
20:14:50 <Dot`> swoots why
20:22:14 -!- Rawr|Fone [~AndChat52@c-4eb4e655.020-164-6d6c6d4.bbcust.telenor.se] has joined #tlponies
20:55:32 <Dot`> pon pon
21:12:02 -!- Rawr|Fone [~AndChat52@c-4eb4e655.020-164-6d6c6d4.bbcust.telenor.se] has joined #tlponies
21:24:14 -!- Camail [~Camail@45.40.84.145] has joined #tlponies
21:24:14 -!- mode/#tlponies [+v Camail] by Q
21:25:54 <Camail> pls
21:26:23 <Camail> Runbunny good good, yea the fight is a fun victory lap
21:26:32 <Dot`> cam
21:26:42 <Camail> dot
21:29:08 <Dot`> how was your weekend?
21:30:07 <Camail> busy, went up to the city for my mom's birthday
21:34:06 <Dot`> have a good time i hope
21:35:29 <Camail> yea it was fun
21:37:36 <Dot`> great
21:37:55 <skraam> cam
21:38:17 <Camail> skram
21:40:02 -!- Rawr|Phone [~AndChat52@m83-185-94-150.cust.tele2.se] has joined #tlponies
21:40:13 <skraam> did you see any gangsters
21:42:18 <Camail> no those moved away
21:42:24 <Camail> like 50 years ago
21:43:01 <skraam> dang
21:55:55 <Dot`> skram
21:55:59 <Dot`> why is it so late already
21:56:38 <skraam> wibbly wobbly time stuff, probabyl
21:57:39 <Dot`> hmm
21:58:56 <Rawr|Phone> Dot dot
22:00:12 <Dot`> rawr rawr
22:00:16 <Rawr|Phone> ❤❤
22:00:28 <Rawr|Phone> How have you been my dear
22:00:42 <Dot`> its been ok
22:00:55 <Dot`> but i just realised i have to be up early tomroow
22:01:07 <Rawr|Phone> D:
22:07:09 <skraam> yeah me too bud
22:07:20 <skraam> i have to get up at no later than 12
22:09:15 <Rawr|Phone> How are you going to be able to do that jonas
22:09:18 <Dot`> so early
22:09:34 <skraam> its gonna be a rough one henrik
22:12:37 <Runbunny> Jonas on discord https://www.youtube.com/watch?v=VhPbzXJpbYo
23:23:52 -!- Cane [~Cane@CaneCraft.users.quakenet.org] has joined #tlponies
23:23:52 -!- mode/#tlponies [+o Cane] by Q
23:59:17 <reimeuk> "Doooobs has finished 31st, and was awarded 100 Poker Points."
23:59:29 <reimeuk> i didn't know dub was on sky poker
