00:04:46 <skrma> best part of TI is the stuff between matches
00:15:19 <reification> just watch the twitch vods and skip the matches skram?
00:15:23 <reification> night all
00:15:28 <skrma> yep
00:15:30 <skrma> gnight reif
00:29:51 -!- Rawr|Fone [~AndChat52@c-4eb4e655.020-164-6d6c6d4.bbcust.telenor.se] has joined #tlponies
01:11:29 -!- Rawr|Fone [~AndChat52@c-4eb4e655.020-164-6d6c6d4.bbcust.telenor.se] has joined #tlponies
01:24:37 -!- Rawr|Fone [~AndChat52@c-4eb4e655.020-164-6d6c6d4.bbcust.telenor.se] has joined #tlponies
01:38:10 -!- Rawr|Fone [~AndChat52@c-4eb4e655.020-164-6d6c6d4.bbcust.telenor.se] has joined #tlponies
02:00:35 -!- Rawr|Fone [~AndChat52@c-4eb4e655.020-164-6d6c6d4.bbcust.telenor.se] has joined #tlponies
03:26:42 -!- DoT` [~Dot@228.89.99.195.dyn.plus.net] has joined #tlponies
03:26:44 <DoT`> hmmm
03:35:17 -!- Rawr|Fone [~AndChat52@c-4eb4e655.020-164-6d6c6d4.bbcust.telenor.se] has joined #tlponies
03:52:46 -!- Rawr|Fone [~AndChat52@c-4eb4e655.020-164-6d6c6d4.bbcust.telenor.se] has joined #tlponies
04:02:10 -!- Rawr|Fone [~AndChat52@c-4eb4e655.020-164-6d6c6d4.bbcust.telenor.se] has joined #tlponies
04:12:09 -!- Rawr|Fone [~AndChat52@c-4eb4e655.020-164-6d6c6d4.bbcust.telenor.se] has joined #tlponies
04:35:37 -!- Rawr|Fone [~AndChat52@c-4eb4e655.020-164-6d6c6d4.bbcust.telenor.se] has joined #tlponies
04:58:06 -!- Rawr|Fone [~AndChat52@c-4eb4e655.020-164-6d6c6d4.bbcust.telenor.se] has joined #tlponies
05:13:12 <Cane> Pls Rawr.
06:06:27 -!- Rawr|Fone [~AndChat52@c-4eb4e655.020-164-6d6c6d4.bbcust.telenor.se] has joined #tlponies
06:18:37 -!- Rawr|Fone [~AndChat52@c-4eb4e655.020-164-6d6c6d4.bbcust.telenor.se] has joined #tlponies
06:47:14 -!- Rawr|Fone [~AndChat52@c-4eb4e655.020-164-6d6c6d4.bbcust.telenor.se] has joined #tlponies
07:02:24 -!- Rawr|Fone [~AndChat52@m83-185-84-151.cust.tele2.se] has joined #tlponies
07:12:04 <DoT|Phone1> Morning pons
07:15:15 -!- DoT` [~Dot@228.89.99.195.dyn.plus.net] has joined #tlponies
07:23:54 <Rawr|Fone> DoT DoT DoT
07:29:51 <DoT`> Rawr Rawr Rawr 
07:29:55 <DoT`> <3 <3 <3
07:30:03 <Rawr|Fone> ❤❤❤
07:30:13 <Rawr|Fone> Are you not at work dot
07:30:42 <DoT`> running a bit late rawr
07:31:42 <Rawr|Fone> D:
07:51:56 -!- DoT|Phone [~Dot@85.255.233.16] has joined #tlponies
07:52:21 -!- DoT|Phone1 [~Dot@228.89.99.195.dyn.plus.net] has joined #tlponies
07:53:04 -!- DoT|Phone [~Dot@85.255.233.16] has joined #tlponies
07:54:36 <DoT|Phone> how are you today Rawr
07:58:05 <Rawr|Fone> I got home very late yesterday so I woke up too late and had to rush to work
07:58:54 <DoT|Phone> Oh dear.
07:59:53 <Rawr|Fone> At least I have flexible hours so I can work when I want pretty much
08:02:10 <DoT|Phone> flexi hours are great
08:09:29 -!- Golly [Golly@cm-84.213.21.103.getinternet.no] has joined #tlponies
08:10:49 <DoT|Phone> Hey Golly
08:11:17 -!- Runbunny [~Runbunny@91.100.28.10.generic-hostname.arrownet.dk] has joined #tlponies
08:13:07 <DoT|Phone> Angel!
08:13:30 <DoT|Phone> how you today
08:14:27 <Runbunny> Hai
08:15:03 <Runbunny> I'm okay, a bit tired. Slept too much I think.
08:15:09 <Runbunny> What about you Dot?
08:15:18 <DoT|Phone> Hmm. good jog will help
08:16:14 <Runbunny> I am thinking that it might be rope skipping today.
08:28:17 <DoT|Phone> why not both
08:58:45 -!- Rawr|Fone [~AndChat52@m83-185-84-151.cust.tele2.se] has joined #tlponies
09:21:48 <Golly> silly dotes
09:23:44 -!- reification [~thomas@cpc76294-cosh16-2-0-cust297.6-1.cable.virginm.net] has joined #tlponies
09:23:44 -!- mode/#tlponies [+v reification] by Q
09:23:50 <DoT|Phone> reef
09:25:29 <reification> dawt
09:35:23 <reification> .tell skram https://twitter.com/AAAAAGGHHHH/status/1161184999044837376
09:35:56 <reification> .tell camail https://twitter.com/MrAlAnderson/status/1164231644036915200
09:49:28 <reification> https://www.reddit.com/r/CasualUK/comments/ctk9gp/americans_idea_of_a_british_pub/
10:50:00 <Rawr|Fone> 🐴🐴🐴
10:57:56 <DoT|Phone> Rawr Rawr
10:58:02 <DoT|Phone> how's work
10:58:34 <Rawr|Fone> I am done for today
11:19:55 -!- Rawr|Phone [~AndChat52@c-4eb4e655.020-164-6d6c6d4.bbcust.telenor.se] has joined #tlponies
12:02:12 <DoT|Phone> it's time for Skram
12:59:37 -!- Rawr|Fone [~AndChat52@c-4eb4e655.020-164-6d6c6d4.bbcust.telenor.se] has joined #tlponies
13:16:55 -!- DuB|fon [~androirc@168.149.241.80] has joined #tlponies
13:28:03 <DoT|Phone> dub
13:28:06 <DoT|Phone> hello
13:28:17 <DoT|Phone> your here before Skram
13:41:24 <DuB|fon> :o
13:48:31 <DoT|Phone> how you today dub
13:48:41 -!- Rawr|Fone [~AndChat52@c-4eb4e655.020-164-6d6c6d4.bbcust.telenor.se] has joined #tlponies
13:50:38 -!- skrm [webchat@pioj.eid3.887x.ip] has joined #tlponies
13:54:24 <DoT|Phone> skrm!
13:54:34 <DoT|Phone> there you are
13:58:26 <DuB|fon> Sleepy
14:03:15 <Runbunny> omg
14:03:24 <Runbunny> OG is all over EG right now.
14:03:37 <Golly> tosspon
14:08:06 <Golly> welp
14:09:56 <skrm> hey pals
14:10:03 <skrm> are OG gonna be back to back ti champs?
14:12:07 <skrm> maybe not
14:12:08 <Golly> hmm i think it looks bad in this one
14:12:14 <Golly> the later it gets
14:14:31 <skrm> yep
14:14:33 -!- Rawr|Fone [~AndChat52@c-4eb4e655.020-164-6d6c6d4.bbcust.telenor.se] has joined #tlponies
14:16:05 <Golly> that helps
14:16:12 <skrm> dang
14:16:18 <skrm> that looked like such a terrible engagement too
14:22:19 <skrm> i wanna know what mechanic governs the lenght of the ceb voice chat thing
14:22:26 <skrm> my cebs are never this long
14:24:48 <DoT|Phone> Skram you watching at work? what if the power plant blows up
14:28:36 <skrm> that would be a shame
14:29:31 <DoT|Phone> it would, no power means no internet
14:30:19 <skrm> its fine, theres other power plants
14:30:22 <skrm> this isnt south africa
14:31:17 <DoT|Phone> that sounds smart. someone should tell Africa
14:32:35 <Runbunny> skrm, it's battle pass level.
14:32:41 <skrm> lakad matatag y'all
14:32:46 <skrm> ah fuck
14:33:01 <DoT|Phone> pay to win
14:33:21 <Runbunny> Indeed.
14:35:12 <skrm> yeaah
14:35:23 <reification> ooh game 3 hype
14:36:52 <skrm> friendly reminder that fly is a traitor
14:37:02 <Rawr|Fone> Hoping og can win two years in a row
14:38:24 <skrm> that would be pretty epic
14:38:36 <skrm> friendship and flowers always wins
14:39:20 <DuB|fon> Liquid only
14:39:23 <DuB|fon> Gogo
14:47:52 -!- DoT|Phone1 [~Dot@228.89.99.195.dyn.plus.net] has joined #tlponies
14:48:58 <Rawr|Fone> No dub
14:52:01 <Runbunny> Is that Henrik rooting for a dane? O:
14:53:23 -!- BioPhone [~androirc@12.33.239.117] has joined #tlponies
14:53:29 -!- DoT` [~Dot@228.89.99.195.dyn.plus.net] has joined #tlponies
14:54:11 <BioPhone> Poen
14:54:24 <Rawr|Fone> Of course runbun
14:54:35 <Rawr|Fone> You have shown me that some danish people are okay
14:54:47 <skrm> Henrik cheers for OG because notail plays meepers
14:56:06 <skrm> they got the horse lady and best wizard, DoT` 
14:56:38 <DoT`> horse!
14:56:45 <DoT`> tiny is good too though
14:58:20 <Rawr|Fone> That is the initial reason when I started playing dota jonas
14:58:57 <BioPhone> Horse lady?
14:59:50 <skrm> enchantress
15:00:02 <skrm> which i guess is supposed to be a doe but four legs means horse
15:02:42 <Runbunny> Enchantress are for fluffy tail status only.
15:03:01 <Runbunny> And that status better be "touched"
15:05:29 <reification> well we have the am now bun
15:05:37 <skrm> you're too lewd, anders
15:09:01 <skrm> agressive trilane
15:09:02 <skrm> yass
15:09:07 <Runbunny> I am by no means too lewd.
15:09:28 <Runbunny> We wizards are exactly as lewd as we need to be.
15:10:00 <skrm> lol
15:13:25 <DoT`> rip hest
15:15:24 <skrm> this is lookin a bit rough for OG already
15:15:31 <Runbunny> It's looking a bit rough for the OG boys.
15:16:23 <skrm> well they're down on kills but it looks like ench/wizard are farming well
15:16:39 <skrm> important kill that
15:20:54 -!- Camail [~Camail@45.40.84.145] has joined #tlponies
15:20:55 -!- mode/#tlponies [+v Camail] by Q
15:25:49 <reification> the tail was beyond their grasp
15:29:19 <skrm> og's got no tail, reif
15:29:20 <skrm> he he
15:32:30 <DoT`> cant kill horse
15:35:14 -!- Rawr|Fone [~AndChat52@c-4eb4e655.020-164-6d6c6d4.bbcust.telenor.se] has joined #tlponies
15:35:15 <Rawr|Fone> I think og did it
15:36:21 <reification> gg
15:37:04 <DoT`> gg
16:14:36 -!- DoT|Phone [~Dot@85.255.233.14] has joined #tlponies
16:15:10 -!- DoT|Phone [~Dot@85.255.233.14] has joined #tlponies
16:20:48 -!- Rawr|Fone [~AndChat52@c-4eb4e655.020-164-6d6c6d4.bbcust.telenor.se] has joined #tlponies
16:26:54 -!- BioPhone [~androirc@12.33.239.117] has joined #tlponies
16:33:36 -!- DuBphon [~androirc@ip-99-203-118-47.pools.spcsdns.net] has joined #tlponies
16:42:00 -!- DuB|fon [~androirc@168.149.241.80] has joined #tlponies
17:12:20 -!- Rawr|Fone [~AndChat52@c-4eb4e655.020-164-6d6c6d4.bbcust.telenor.se] has joined #tlponies
17:20:47 -!- DoT|Phone1 [~Dot@228.89.99.195.dyn.plus.net] has joined #tlponies
17:22:40 -!- DoT` [~Dot@228.89.99.195.dyn.plus.net] has joined #tlponies
17:38:23 -!- Rawr|Fone [~AndChat52@c-4eb4e655.020-164-6d6c6d4.bbcust.telenor.se] has joined #tlponies
17:40:49 -!- DuBphon [~androirc@ip-99-203-118-191.pools.cgn.spcsdns.net] has joined #tlponies
17:55:35 -!- Rawr|Fone [~AndChat52@c-4eb4e655.020-164-6d6c6d4.bbcust.telenor.se] has joined #tlponies
17:56:16 -!- DuBphon [~androirc@ip-99-203-118-191.pools.spcsdns.net] has joined #tlponies
18:07:15 <DoT`> camail, the auditors sound adorable
18:07:18 <DoT`> poor mat
18:13:39 -!- DuBphon [~androirc@168.149.241.80] has joined #tlponies
18:18:37 <DoT`> dub
18:18:39 -!- Cane [~Cane@CaneCraft.users.quakenet.org] has joined #tlponies
18:18:39 -!- mode/#tlponies [+o Cane] by Q
18:18:51 <DoT`> why your interet a bad as rawrs
18:23:02 <DuBphon> O
18:23:12 <DuBphon> I went for an walk and forgot to dc
18:35:21 <DoT`> how was the walk
18:37:07 <Rawr|Fone> DoT snela
18:38:42 <DoT`> rawr you are the snela
18:39:06 <Rawr|Fone> I'm quite sure that you are
18:40:31 <reification> it could be both
18:46:10 <DoT`> if it wasnt only rawr
18:50:15 <DuBphon> Walked over to store to grab a lil USB mic for work laptop and detoured through Bryant park,l for 10min, called it my lunch break :P
18:52:14 <Camail> dot yes they are great
18:52:16 <Camail> also bye
18:55:25 <Runbunny> Dot dot.
18:57:00 <DoT`> runbun
19:00:24 <Runbunny> My leg muscles are sore everyday now. This is a good thing no?
19:02:49 <DoT`> yes
19:03:00 <DoT`> one more day of jogging
19:03:04 <DoT`> then take the weekend off
19:09:29 <DuBphon> Yes, sprinting on weekend instead of jogging
19:09:41 <DoT`> no no dub
19:09:53 <DoT`> when getting into excersice its improtant to not push it 
19:10:21 <DuBphon> Pfff what's the worst that could happen
19:10:36 <DoT`> probably internal bleeding
19:11:18 <DuBphon> O no
19:11:23 <reification> limbs fall off?
19:15:28 <DuBphon> I haven't had that one happen yet
19:15:40 <DuBphon> Maybe I need to try harder
19:19:05 <Runbunny> I could die.
19:20:09 <Runbunny> You could literally get an aneurysm at any point.
19:21:31 <DoT`> well then it doesnt relate to how much excersice you should do runbun
19:27:10 <reification> why did they have to put liquid game at 3am? D:
19:28:36 <DuBphon> I might actually be able to watch this one
20:02:29 -!- skrm [webchat@pioj.eid3.887x.ip] has joined #tlponies
20:09:16 <DoT`> dub` https://imgur.com/gallery/sb0Xtyo
20:15:26 <skrm> i dont trust this guy
20:19:33 -!- Rawr|Fone [~AndChat52@c-4eb4e655.020-164-6d6c6d4.bbcust.telenor.se] has joined #tlponies
20:46:45 -!- reification [~thomas@cpc76294-cosh16-2-0-cust297.6-1.cable.virginm.net] has joined #tlponies
20:46:45 -!- mode/#tlponies [+v reification] by Q
20:49:12 <reification> CockRoach|42 https://twitter.com/Black60Dragon_R/status/1163207144251916288
20:52:44 <Runbunny> DoT`, https://i.imgur.com/afbHxaB.mp4
20:57:17 <reification> ooooooooooooooooooooooooooooooooooooooooooooooooooooooooooooooooooooooooooooooooooooooo
20:57:52 <reification> .tell rawr https://twitter.com/Scoooobee/status/1164248431260553216
20:57:57 <reification> also dot
20:58:21 <Runbunny> Chmop.
20:58:25 <Runbunny> Chomp*
21:04:58 -!- Rawr|Fone [~AndChat52@c-4eb4e655.020-164-6d6c6d4.bbcust.telenor.se] has joined #tlponies
21:08:49 <DuBphon> O ffffffff
21:09:40 <DuBphon> I declined to go on a statue of liberty boat tour my work group was doing this afternoon because if a meeting regarding a project that I've been waiting to work on
21:10:06 <DuBphon> And everyone cancelled and asked for the meeting to move to monday 10min before it
21:10:16 <Runbunny> lel
21:10:34 <DuBphon> Boat was 2pm-6pm, is 5pm now
21:10:38 <DuBphon> Zzzz
21:10:57 <reification> D:
21:12:29 <DuBphon> I'mma head home then, nothing else to be done here with everyone gone
21:26:36 -!- BioPone [~androirc@mobile-166-176-249-209.mycingular.net] has joined #tlponies
21:40:46 -!- skram [~skram@37.120.141.20] has joined #tlponies
21:41:09 <skram> look at these nerds
21:48:37 <Runbunny> Jonas.
21:48:43 <Runbunny> Er det du?
21:49:27 <skram> Anders.
21:49:31 <skram> Det er meg.
21:49:57 <Runbunny> Fedt.
21:52:23 -!- DuB` [DuB@cpe-68-174-122-249.nyc.res.rr.com] has joined #tlponies
21:52:26 <DuB`> whew
21:53:24 <skram> and a good whew to you too, dubster
21:53:53 <DuB`> :D
21:53:57 <DuB`> I am the home
21:54:21 <skram> the best home
21:54:40 <DuB`> Now foods and dota vods and playgames and wew
21:56:21 <skram> OG games were real good
21:58:45 <DuB`> skram explain urself
21:58:59 <DuB`> Why is there another $1k of goodies in my pcpartpicker list
21:59:02 <DuB`> >:T
21:59:25 <skram> could it be the parts fairies
21:59:40 <skram> they show up and screw with you whenever you're lookin' at neat gear you want
21:59:45 <DuB`> I think fairies just leave them at your doorstep
22:07:26 <DuB`> https://www.youtube.com/watch?v=pZ301QEoo9Y
22:07:47 <skram> this is probably rawrs car
22:07:51 <skram> swedish people love volvos
22:14:13 <Rawr|Fone> I don't even have a car jonas
22:15:17 <DuB`> Yeah cars are for punks
22:15:55 <Bio> skrm
22:16:04 <Bio> im do the friggin curry 
22:16:07 <Bio> rite nao\
22:16:28 <skram> hell yeah buddy
22:16:30 <skram> its gonna be great
22:16:49 <skram> what you puttin in it bud
22:17:05 <Bio> C H I K I N
22:17:20 <Bio> thicc thighs
22:17:36 <skram> yass
22:17:43 <skram> what sort of vegetabel
22:17:58 <Bio> onions
22:18:06 <Bio> i'm snaccin on some baby carrots tho
22:18:24 <Bio> this recipie is basic af 
22:18:36 <Bio> p sure i can use whatever the fuk i want, but imma just do the chikin
22:18:50 <skram> more vegetabel = more better
22:18:57 <Bio> yeh
22:19:14 <skram> im real into spring onions lately
22:19:18 <skram> put it on everything
22:19:20 <Bio> but i spent like 150 dollary doos on food already so imma wait to see if i like it a bunch with just the meat frist
22:19:38 <Bio> i go hard when i go shoppin
22:19:48 <skram> hell yeah
22:19:59 <skram> i like to spend 100 dolalrs on spices i use exactly once
22:22:53 <Bio> same dawg, are we like borthers
22:23:12 <Runbunny> That reminds me that I am nearly out of curry.
22:23:25 <Bio> acquire moar
22:30:19 <DuB`> I was about to say I spend less on food than that and I'm in NYC
22:30:27 <DuB`> But realized it's just 'cause my diet sucks :P
22:33:16 <skram> i need u to eat ur veggies to become the best dub that you can
22:33:24 <Bio> i also bought food for like a fuggin whole month +
22:33:27 <DuB`> yes letooce
22:33:31 <DuB`> lotsa letooce vegetals
22:33:36 <Bio> and 20 bux of that was freakin rice 
22:33:37 <DuB`> Sometimes tomat
22:33:45 <skram> get you a carrot, son
22:33:57 <Bio> good for ur nerdy eyes
22:33:59 <skram> rice is so frikkin cheap if you get you one of those big ol burlap sacks bio
22:34:06 <skram> do you have a rice cooker too
22:34:07 <Bio> i did skrm
22:34:09 <Bio> yes
22:34:12 <skram> nice
22:34:19 <Bio> it was liek 20+ lbs of rice
22:34:36 <DuB`> Calrose rice or RIP
22:34:36 <Bio> 17.something for 20 ish lbs
22:34:45 <Bio> Basmati u pleb
22:34:46 <skram> crazy
22:35:39 <DuB`> basmati is for indobois
22:35:52 <DuB`> 2 long 4 me
22:35:53 <skram> jasmine pls
22:35:57 <DuB`> PLS
22:36:05 <Bio> this boi is making curry
22:36:09 <Bio> so its a fit
22:36:44 <skram> is that what they eat in j a p a n dub
22:36:54 <DuB`> Ya calrose is the yum
22:37:04 <skram> hmmm
22:37:15 <DuB`> Short firmy squishy
22:37:33 <skram> how can it be firmy AND squishy
22:38:02 <DuB`> Ya got the inside
22:38:04 <DuB`> And the OUTSIDE
22:38:09 <DuB`> And some nihon magic
22:38:22 <skram> nippon rice #1
22:38:50 <skram> whatevs, rice is inferior carb
22:38:53 <skram> potato #1
22:39:15 <DuB`> Koshihikari is even BETTER
22:39:32 <skram> i dont know what that is but my heart says NO
22:40:02 <skram> is a popular cultivar of Japonica rice
22:40:15 <skram> they eat so many rice they even got their own brand
22:40:18 <skram> japan is WACK
22:51:02 <Bio> i forgot dub was a weeb
22:51:06 <Bio> like omega weeb
22:52:08 <skram> im going foraging this weekend bio
22:52:15 <Bio> mebbe i do a 2x watch of an episode or 2 of critrole since im like fukin 20 eps behind
22:52:27 <skram> gonna get me some blueberries and lingonberries and whitecurrants and blackcurrants
22:52:29 <Bio> find some fuggin berries my guy
22:52:33 <Bio> ye
22:53:01 <skram> gonna make some heckin' preserves like im a housewife in 1953
22:55:12 <Bio> best
22:55:18 <Bio> also i have finished din
22:55:25 <Bio> its a heccin yum
22:55:33 <skram> bet
22:55:56 <Bio> its also friggin hot
22:56:14 <skram> did you put a chilli in it
22:56:20 <Bio> nein
22:56:29 <Bio> i am babby when spicy foods are in my mouf
22:56:34 <Bio> temp hot
22:56:55 <skram> the tears only enhance the flavor
22:57:20 <Bio> oh shit more idubbztv save the squirrels
23:02:22 <DuB`> Stadium commentary is really loud in EG OG vod >_>
23:02:41 <DuB`> Drowning out the english nearly
23:03:08 <skram> i didnt see game 1 but it wasnt a problem in G2
23:05:30 <DuB`> Liquid in 3h o boi
23:05:38 <DuB`> I may be up a bit late tonight :D
23:05:47 <skram> should i go to bed now and wake up early
23:05:55 <DuB`> That's not long lol
23:06:00 <skram> or stay up and watch all of it and be completely ruined tomorrow
23:06:09 <DuB`> I'mma just show up to work at like 10
23:06:12 <DuB`> is fiiiine
23:06:19 <skram> well in 3 hours it'll be 4 in the morning where I live dubbles
23:06:26 <DuB`> yes
23:06:44 <skram> you used to be my proper sleep advocate
23:06:47 <skram> did you finally give up?
23:06:51 <DuB`> Hmm
23:07:05 <DuB`> Maybe the guilt of so much hypocrisy caught up with me
23:07:11 <skram> lol
23:07:17 <skram> you used to go to bed at 8
23:07:28 <DuB`> When I had work at 4am, yes.
23:07:38 <DuB`> Now nobody cares much when I show up!
23:07:51 <skram> ill be honest
23:08:05 <skram> if I didnt have very rigid work start times i'd probably be late a lot
23:08:58 <Bio> i have flex hours
23:09:03 <Bio> so i can roll in whenever
23:09:04 <Bio> so nice
23:09:14 <Bio> i usually get there around 8 ish tho
23:09:30 <skram> most dilligent work horse
23:10:47 <Runbunny> Boys I need to sleep.
23:10:55 <DuB`> Go to sleep boy
23:10:55 <skram> godnat
23:10:59 <skram> unge mand
23:11:17 <Runbunny> Ja.
