00:06:14 <Zounds> ggs nn
00:49:10 <Runbunny> I should sleep.
00:50:42 <Camail> dont do it
00:50:45 <Camail> it's a trap
00:57:21 <Runbunny> Sounds good to me.
05:47:22 -!- Rawr|Fone [~AndChat52@84-217-62-32.customers.ownit.se] has joined #tlponies
06:39:07 <DoT|Phone1> Morning
06:55:20 -!- Golly [Golly@cm-84.212.249.112.getinternet.no] has joined #tlponies
07:07:14 -!- DoT|Phone [~Dot@85.255.233.29] has joined #tlponies
07:10:30 <DoT|Phone> Rawr Rawr Rawr
09:37:08 -!- skram [~skram@185.212.171.211] has joined #tlponies
09:51:06 <DoT|Phone> there was a Skram
09:57:05 -!- Runbunny [~Runbunny@91.100.28.10.generic-hostname.arrownet.dk] has joined #tlponies
09:58:32 <DoT|Phone> Angel!
09:59:00 -!- tredc [~tredc@c83-254-129-166.bredband.comhem.se] has joined #tlponies
09:59:24 <Runbunny> Hai.
10:20:39 -!- reification [~thomas@cpc76294-cosh16-2-0-cust297.6-1.cable.virginm.net] has joined #tlponies
10:20:39 -!- mode/#tlponies [+v reification] by Q
10:21:47 <reification> morning tlp
10:40:54 <Cane> Hi. <3
10:43:50 <DoT|Phone> hey Reif, cane
10:53:41 <Runbunny> Hai Reif.
11:10:10 -!- BioPhone [~androirc@mobile-166-170-22-106.mycingular.net] has joined #tlponies
11:13:35 <DoT|Phone> but why bio
11:20:40 -!- Rawr|Phone [~AndChat52@m83-185-83-59.cust.tele2.se] has joined #tlponies
11:45:00 <Rawr|Phone> Hors hors
11:48:24 <DoT|Phone> Rawr Rawr Rawr
11:48:33 <DoT|Phone> where you been all day
11:48:47 <Rawr|Phone> DoT DoT DoT
11:48:49 <Rawr|Phone> Busy
11:48:55 <Rawr|Phone> At the gym currently
11:48:55 <DoT|Phone> 💖💖💖
11:48:58 <Rawr|Phone> 💖💖💖
11:49:06 <DoT|Phone> so late for gym
11:49:24 <Rawr|Phone> I didn't get a lot of sleep last night
11:53:01 <DoT|Phone> please fix
11:54:33 <Rawr|Phone> I will try
12:12:36 <DoT|Phone> thanks
12:19:07 <Rawr|Phone> How are you dot
12:22:23 <DoT|Phone> doing ok
12:28:17 <Rawr|Phone> Great
12:44:50 <DoT|Phone> it's a long week Rawr
12:45:50 <Rawr|Phone> Yes
12:45:58 <Rawr|Phone> Only wednesday
12:59:12 -!- BioPhone [~androirc@mobile-166-170-22-106.mycingular.net] has joined #tlponies
13:08:54 -!- Rawr|Fone [~AndChat52@84-217-62-32.customers.ownit.se] has joined #tlponies
13:51:20 -!- Zounds [webchat@cloak-07ouvien.14-2.cable.virginm.net] has joined #tlponies
13:51:57 <Zounds> horsefellas
13:52:41 <Rawr|Fone> Zoooonds!
13:53:49 <Zounds> rawr laddie
13:56:09 <Rawr|Fone> How is it going my dear zounds
13:56:36 <Zounds> goes fine rawr, day off today
13:56:51 <Rawr|Fone> Sounds great
13:59:56 <DoT|Phone> hey Zounds!
14:00:13 <DoT|Phone> is it sunny in Scotland too?
14:05:47 <Runbunny> When Zounds is around it's always a sunny day.
14:05:56 <Runbunny> Even when it rains.
14:10:56 -!- BioPhone [~androirc@mobile-166-170-22-106.mycingular.net] has joined #tlponies
14:18:42 <Zounds> yes very sunny dot
14:23:05 -!- BioPhone [~androirc@mobile-166-170-22-106.mycingular.net] has joined #tlponies
14:42:40 -!- Rawr|Phone [~AndChat52@m83-185-82-78.cust.tele2.se] has joined #tlponies
14:47:59 -!- DoT|Phone1 [~Dot@85.255.237.31] has joined #tlponies
15:05:28 -!- BioPhone [~androirc@12.33.239.117] has joined #tlponies
15:22:20 -!- BioPhone [~androirc@12.33.239.117] has joined #tlponies
15:27:38 <reification> much phone traffic
15:31:27 <reification> .tell bio https://www.washingtonexaminer.com/opinion/elizabeth-warren-hardest-hit-by-latest-game-of-thrones-plot-turn
15:34:01 <BioPhone> Neigh
15:34:52 <reification> biohest
15:35:08 <BioPhone> Happy horse noises
15:36:55 -!- Camail [~Camail@45.40.84.145] has joined #tlponies
15:36:55 -!- mode/#tlponies [+v Camail] by Q
15:41:27 <DoT|Phone1> I knew a cam once
15:41:40 <Camail> unlikely
15:51:36 -!- skram [~skram@185.212.171.211] has joined #tlponies
15:53:52 <DoT|Phone1> Skram!
15:54:13 <Zounds> I know a cameron that has been called cam sometimes
15:54:16 <Zounds> usually cammy though
15:54:27 <skram> cammy is a girls name zounds
15:54:29 <skram> heya DoT|Phone1
15:55:06 <Zounds> there's that one girl in street fighter called cammy
15:55:40 <DoT|Phone1> Runbun. I just saw about 8 rabbits in a field
15:55:49 <skram> All the camillas i've known were nicknamed cammy, zounds
15:56:35 <Zounds> I don't personally know any camillas but I believe it
16:09:07 -!- BioPhone [~androirc@12.33.239.117] has joined #tlponies
16:13:03 -!- DoT|Phone [~Dot@232.123.7.51.dyn.plus.net] has joined #tlponies
16:23:31 -!- Dot` [~Dot@232.123.7.51.dyn.plus.net] has joined #tlponies
16:23:47 <Dot`> home is nice
16:44:36 <reification> home is where the horse is
16:50:19 -!- BioPone [~androirc@mobile-166-170-22-156.mycingular.net] has joined #tlponies
16:55:20 -!- DuB` [DuB@65-130-49-94.slkc.qwest.net] has joined #tlponies
16:55:23 -!- BioPone [~androirc@38.142.65.20] has joined #tlponies
16:58:48 -!- Dot` [~Dot@232.123.7.51.dyn.plus.net] has joined #tlponies
17:35:06 <Dot`> skram
17:35:38 <DuB`> skram!
17:36:06 <Dot`> DUB
17:36:17 <DuB`> !
17:42:04 <Camail> no
17:42:16 <DuB`> o no
17:44:18 <DuB`> Diablo season starts on my birfday
17:44:22 <DuB`> Maybe do
17:45:00 <Camail> we should play a 4 wizard stack
17:45:05 <Camail> so we can share loot
17:45:28 <DuB`> I was gonna necro because I haven't before, but you know I love wizards :P
17:46:36 <Camail> it's an int build, so it should be fine
17:46:54 <DuB`> o ya
17:47:23 <Camail> skram can do WD
17:48:03 <Camail> i still have never played barb
17:48:10 <Camail> or DH
17:50:38 <Camail> some day i want to make a tlp private poe league
17:50:58 <Camail> i dont have it in me to grind self found right now, but in the distant future
18:00:41 <Camail> oooh, crosscode 1.1 released, time to remember how to not suck at that game
18:17:57 <Runbunny> O:
18:18:21 <Runbunny> I still haven't gotten through Crosscode yet.
18:19:22 -!- Rawr|Fone [~AndChat52@84-217-62-32.customers.ownit.se] has joined #tlponies
18:26:27 <Camail> that game was so incredibly stressful
18:26:47 <Camail> having a hidden timer is not super fun, but despite that i still loved the game
18:28:33 <Camail> they added quicker respawns at S style rank so grinding drops is waaaay easier if you are good
18:38:11 -!- Golly [Golly@cm-84.212.249.112.getinternet.no] has joined #tlponies
18:44:07 <Dot`> dub` https://imgur.com/gallery/YT4Evo1
18:46:17 <DuB`> *indignation chirps*
18:51:58 -!- skram [~skram@185.212.171.211] has joined #tlponies
18:52:29 <Rawr|Fone> The jonas pony is here
18:52:35 <Rawr|Fone> Wonderful
18:54:30 <skram> vrinsk to you too, henrik old friend
18:54:53 <Dot`> skram why you dc when i ping you
18:54:54 <Dot`> rude
18:55:21 <Rawr|Fone> Probably because you always do the same to him dot
18:55:30 <skram> it is true
18:55:53 <Dot`> lies
18:55:58 <Dot`> and
18:56:04 <Dot`> that is very petty skram
18:56:35 <skram> just how i like it
19:02:28 <Zounds> pons up to anything good?
19:02:59 <skram> i solemnly swear that i am up to no good
19:06:13 <Dot`> i am being tired
19:07:03 <Zounds> fun activities
19:07:17 <Dot`> what about you Mr Zounds
19:08:49 <Zounds> I ate dinner and watched some american dad
19:09:11 <skram> what did you make for dinner zoundsie
19:11:02 <Zounds> nothing fancy just some pasta
19:11:44 <reification> https://twitter.com/teddyeugene/status/1127575757713223680
19:17:26 <Zounds> if anybody wants to stack some overwatch just ping me I'm up for it
19:24:34 <reification> https://twitter.com/380kmh/status/1128288185933602821
19:25:23 <reification> ok zounds, i should be around sooner or later
19:30:16 <Zounds> okily dokily
19:37:48 <reification> https://twitter.com/ag_gorn/status/1127151762878619648
20:35:58 <Zounds> might be back later pons
20:36:27 <reification> .tell skram https://twitter.com/GlamazonianRage/status/1127257613446602753
21:12:10 -!- BioPhone [~androirc@12.33.239.117] has joined #tlponies
21:19:01 -!- Crisium [~Crisium@c-73-174-151-51.hsd1.pa.comcast.net] has joined #tlponies
21:22:48 -!- BioPhone [~androirc@12.33.239.117] has joined #tlponies
21:28:40 -!- Zounds [webchat@cloak-07ouvien.14-2.cable.virginm.net] has joined #tlponies
21:28:48 <Zounds> i back
21:32:53 <Crisium> u back
21:33:01 <Dot`> the zounds!
21:39:26 <reification> he bak
21:45:11 -!- BioPhone [~androirc@12.33.239.117] has joined #tlponies
21:46:11 -!- skrm [webchat@pioj.eid3.887x.ip] has joined #tlponies
21:46:13 <reification> i play comp atm zounds
21:46:23 <Zounds> alright
21:47:05 <Zounds> Crisium Micen DuB` you guys wanna play any OW?
21:47:46 <Micen> In a bit 
21:48:06 <Crisium> perhaps
21:48:15 <DuB`> Ye oke
21:59:47 -!- sweetiebot [~skybot@209.141.41.184] has joined #tlponies
22:01:58 -!- Crisium|2 [~Crisium@c-73-174-151-51.hsd1.pa.comcast.net] has joined #tlponies
22:20:57 -!- BioPone [~androirc@97.70.165.146] has joined #tlponies
22:56:15 -!- Bio [~BioPon@97.70.165.146] has joined #tlponies
22:56:28 <Bio> hej
22:57:16 <Camail> csgo loss bonus was capped at 5 rounds
22:57:28 <Camail> cant believe it took so long to test
22:57:38 <Dot`> git gud?
22:58:02 <Camail> its still a huge comeback mechanic, but the economy is actually relevant again
23:33:19 <skrm> Dot`
23:34:27 <Runbunny> Jonas.
23:35:05 <skrm> Anders.
