00:00:17 <reimeuk> night all
00:00:35 <Runbunny> Goodnight!
00:26:17 <Runbunny> Dot`, Dot` .
00:26:31 <Runbunny> Did you decide to sleep yet?
00:43:18 -!- Bio [~BioPon@97.70.165.146] has joined #tlponies
00:54:31 <Bio> asdf
00:59:40 <Runbunny> Bio-san.
01:06:38 <Bio> bun-kun
01:08:30 <Runbunny> What are you asdf'ing about?
01:09:48 <Bio> weekend almost over
01:14:49 <Runbunny> Yeah new week, new you.
01:31:25 -!- Crisium [~Crisium@c-24-3-150-105.hsd1.pa.comcast.net] has joined #tlponies
01:40:40 -!- Rawr|Fone [~AndChat52@c-4eb4e655.020-164-6d6c6d4.bbcust.telenor.se] has joined #tlponies
02:06:19 -!- Camail [~Camail@45.40.84.145] has joined #tlponies
02:06:19 -!- mode/#tlponies [+v Camail] by Q
02:37:12 <Camail> ded
02:59:08 <Crisium> F
03:12:53 <Runbunny> It's night time.
03:13:16 <Camail> runbun go to sleep
03:13:19 <Camail> before you forget again
03:15:30 <Runbunny> I am about to.
03:16:31 <Runbunny> Leaving now.
03:30:39 -!- Rawr|Fone [~AndChat52@c-4eb4e655.020-164-6d6c6d4.bbcust.telenor.se] has joined #tlponies
05:04:01 -!- skram [~skram@178.239.173.204] has joined #tlponies
05:15:00 * skram slaps DuB` around a bit with a large trout
05:17:12 -!- Rawr|Fone [~AndChat52@c-4eb4e655.020-164-6d6c6d4.bbcust.telenor.se] has joined #tlponies
07:08:05 -!- Rawr|Fone [~AndChat52@c-4eb4e655.020-164-6d6c6d4.bbcust.telenor.se] has joined #tlponies
08:29:22 -!- Dot|Phone [uid393803@2001:67c:2f08:8::6:24b] has joined #tlponies
08:29:50 <Dot|Phone> Morning
09:04:47 -!- Golly [~kvirc@cm-84.213.21.103.getinternet.no] has joined #tlponies
09:16:19 -!- reification [~thomas@cpc76294-cosh16-2-0-cust297.6-1.cable.virginm.net] has joined #tlponies
09:16:19 -!- mode/#tlponies [+v reification] by Q
09:24:05 -!- CellRoach [~AndChat14@m83-185-93-45.cust.tele2.se] has joined #tlponies
09:26:44 -!- Runbunny [~Runbunny@91.100.28.10.generic-hostname.arrownet.dk] has joined #tlponies
09:30:12 <Dot|Phone> Runbun
09:30:20 <Dot|Phone> You get to sleep yet? 
09:32:44 -!- Rawr|Fone [~AndChat52@c-4eb4e655.020-164-6d6c6d4.bbcust.telenor.se] has joined #tlponies
09:44:29 -!- Rawr|Fone [~AndChat52@c-4eb4e655.020-164-6d6c6d4.bbcust.telenor.se] has joined #tlponies
10:08:10 <Runbunny> Dot|Phone, I did.
10:12:47 <Dot|Phone> Great
10:19:22 <reification> maybe he is sleeptyping even now
10:35:32 -!- Rawr|Fone [~AndChat52@c-4eb4e655.020-164-6d6c6d4.bbcust.telenor.se] has joined #tlponies
10:37:38 <Dot|Phone> That would be sneaky
10:39:43 <Dot|Phone> Hey Reif
10:40:27 <Runbunny> Am not O:
10:45:29 <Dot|Phone> Sounds like what a sleep typer would say
10:56:37 <Runbunny> Hmm.
10:57:56 <Runbunny> So you're saying that in my sleep, I have turned on my pc, logged on, opened up IRC and connected to the right servers, and typing to you right now?
10:59:00 <Dot|Phone> All I have is the evidence in front of me
11:01:46 <Runbunny> I probably wouldn't dream that my thighs are sore. :/
11:06:06 <Dot|Phone> To much excercise? 
11:17:48 -!- carcinisation [~thomas@cpc76294-cosh16-2-0-cust297.6-1.cable.virginm.net] has joined #tlponies
11:17:48 -!- mode/#tlponies [+v carcinisation] by Q
11:23:48 -!- reimeuk [~thomas@cpc76294-cosh16-2-0-cust297.6-1.cable.virginm.net] has joined #tlponies
11:23:48 -!- mode/#tlponies [+v reimeuk] by Q
11:34:48 <Rawr|Fone> Horses
11:37:44 <Dot|Phone> Rawr hest
11:37:47 <Dot|Phone> 💖💖
11:38:00 <Rawr|Fone> DoT pålle 
11:38:01 <Rawr|Fone> 💖💖
11:43:50 -!- reification [~thomas@cpc76294-cosh16-2-0-cust297.6-1.cable.virginm.net] has joined #tlponies
11:43:50 -!- mode/#tlponies [+v reification] by Q
11:49:09 -!- Rawr|Phone [~AndChat52@m83-185-245-201.cust.tele2.se] has joined #tlponies
12:03:10 -!- Micen [~Micen@h54.212.18.98.dynamic.ip.windstream.net] has joined #tlponies
12:25:33 <Dot|Phone> Rawr
12:25:42 <Dot|Phone> https://www.reddit.com/r/aww/comments/e4vuvb/this_pup_cant_get_enough_lets_go_again
12:26:58 <Rawr|Phone> What a great dog dot
12:29:13 <Dot|Phone> It is
12:44:39 <Runbunny> Dot|Phone, https://i.imgur.com/5UW4Arq.mp4
12:45:21 <Dot|Phone> Clever girl
13:14:39 -!- reimeuk [~thomas@cpc76294-cosh16-2-0-cust297.6-1.cable.virginm.net] has joined #tlponies
13:14:39 -!- mode/#tlponies [+v reimeuk] by Q
13:25:28 -!- skram [~skram@178.239.173.204] has joined #tlponies
13:25:55 <skram> hoo
13:26:03 <Rawr|Phone> Jonas!
13:26:09 <Rawr|Phone> Dear friend
13:26:18 <skram> Henrik old pal
13:28:11 <skram> How you doing this frigid december evening
13:32:28 <Rawr|Phone> It's only afternoon darling
13:32:32 <Rawr|Phone> But well enough
13:32:41 <Rawr|Phone> How are you skrammypants
13:32:58 <skram> oh right
13:33:08 <skram> im on siberia time atm you see
13:33:18 <skram> i am doing quite well
13:33:33 <skram> i spent most of the day BAKING with my mum
13:34:43 <Rawr|Phone> How exciting
13:34:48 <Rawr|Phone> What did you bake
13:35:15 <skram> i made like 2 kilos worth of marzipan chocos
13:36:11 <Rawr|Phone> Seems quite decadent
13:38:33 <skram> indeed
13:38:53 <skram> for the sake of my health, im gonna give most of away as christmas presents
13:39:11 <Rawr|Phone> Hope you send some for dot
13:40:08 <skram> i need to check with santa if he's been a good boy first
13:52:30 <Rawr|Phone> I think he has been the best kind of pon there is
13:58:48 <Dot|Phone> Doubtful
14:01:56 <Rawr|Phone> 🤨🤨🤨
14:55:09 -!- carcinisation [~thomas@cpc76294-cosh16-2-0-cust297.6-1.cable.virginm.net] has joined #tlponies
14:55:09 -!- mode/#tlponies [+v carcinisation] by Q
15:06:21 <Runbunny> Dot|Phone, https://i.imgur.com/hyeItQQ.mp4
15:11:59 <Dot|Phone> Where are these cute cats that wonder in the woods
15:12:10 <Runbunny> Norway.
15:13:44 <carcinisation> we should go there and investigate
15:13:51 <Dot|Phone> Indeed
15:14:30 <carcinisation> also i think i have won my extended battle with apple tech support
15:14:45 <carcinisation> even if they were a bit tsundere about it
15:14:52 <Dot|Phone> You changed to windows? 
15:15:46 <carcinisation> this was over an apple watch dot, i use both windows and osx
15:16:06 <Dot|Phone> Oh right, you do
15:16:37 <carcinisation> i may have won the watch, intended to sell it like i did some of the other stuff i won, and left it in a box for 3 years...
15:16:54 <Dot|Phone> Haha
15:17:09 <Dot|Phone> Winning to many things
15:17:12 <Dot|Phone> Too
15:17:34 <Dot|Phone> Can't keep track of them all
15:17:47 <carcinisation> then when i got it out it wouldn't sync to my phone because it was so out of date and the first step to updating it is... sync to phone :/
15:18:05 <Dot|Phone> Well that's troublesome
15:19:01 <Runbunny> lel.
15:19:46 <Runbunny> It's like the "If you have trouble with your internet and can't connect, send us an email"
15:19:47 <carcinisation> and because basically no-one is going to do what i did, it's a nice obscure case to get fixed
15:19:50 <Runbunny> Like how ?!?
15:25:53 <carcinisation> and then when i did send it in i got an email the same day saying they couldn't fix it 
15:26:01 <carcinisation> "Your product arrived at our repair center, but our technicians weren't able to process your repair request. We’re sending the product to you along with a letter that provides more information."
15:26:40 <carcinisation> then when it arrives back now and i try it just in case it only bloody works
15:28:40 <Runbunny> Dot|Phone, Rawr|Phone https://i.imgur.com/fYBdUzy.mp4
15:29:29 <carcinisation> https://twitter.com/TheSun/status/1201325109153271809
15:29:57 <Runbunny> Well apple repair centers are pretty notorious for not being able to fix their stuff, they just want you to buy a new product.
15:30:13 <Runbunny> Some guy made a youtube channel about it.
15:30:41 <skram> isnt diy-ing apple stuff illegal
15:31:14 <carcinisation> skram have some high art https://twitter.com/JoPeiper/status/1199987097442107392
15:31:38 <carcinisation> also the life of a horse https://twitter.com/EuropeanHighArt/status/1200901823638441986
15:31:43 <skram> magnificent
15:32:30 <Runbunny> I believe there are legal cases ongoing as we speak Jonas.
15:33:07 <Runbunny> But they did sue a norwegian guy for fixing iphone screens.
15:33:36 <skram> indeed
15:33:45 <skram> youtube apple repair lad had some trouble too I think
15:36:51 <Runbunny> Yeah :/
15:42:10 -!- tredc [~tredc@c83-254-129-166.bredband.comhem.se] has joined #tlponies
15:45:38 <carcinisation> https://pbs.twimg.com/media/EKl-WsEUUAAnts0.jpg
15:47:46 <skram> eegads
16:01:42 <Runbunny> Not bad.
16:04:33 -!- reimeuk [~thomas@cpc76294-cosh16-2-0-cust297.6-1.cable.virginm.net] has joined #tlponies
16:04:33 -!- mode/#tlponies [+v reimeuk] by Q
16:43:51 -!- Camail [~Camail@45.40.84.145] has joined #tlponies
16:43:51 -!- mode/#tlponies [+v Camail] by Q
16:44:35 -!- Cane [~Cane@CaneCraft.users.quakenet.org] has joined #tlponies
16:44:35 -!- mode/#tlponies [+o Cane] by Q
16:52:53 <Camail> pls
16:58:48 <Dot|Phone> Snela
17:35:19 <Camail> rude
17:47:17 <Dot|Phone> Pretty much
18:17:14 -!- reification [~thomas@cpc76294-cosh16-2-0-cust297.6-1.cable.virginm.net] has joined #tlponies
18:17:14 -!- mode/#tlponies [+v reification] by Q
18:26:12 -!- Zounds [webchat@cloak-07ouvien.14-2.cable.virginm.net] has joined #tlponies
18:26:17 <Zounds> hey
18:49:22 <reification> hi zounds
18:50:34 <Zounds> hey
19:14:09 <Rawr|Phone> Bye zounds
19:32:01 -!- Golly [~kvirc@cm-84.213.21.103.getinternet.no] has joined #tlponies
19:57:19 -!- Rawr|Fone [~AndChat52@c-4eb4e655.020-164-6d6c6d4.bbcust.telenor.se] has joined #tlponies
20:16:40 -!- Rawr|Fone [~AndChat52@c-4eb4e655.020-164-6d6c6d4.bbcust.telenor.se] has joined #tlponies
20:25:15 -!- Rawr|Fone [~AndChat52@c-4eb4e655.020-164-6d6c6d4.bbcust.telenor.se] has joined #tlponies
20:49:18 -!- skram [~skram@178.239.173.204] has joined #tlponies
20:57:22 <Runbunny> Jonas!
20:57:36 <skram> Anders!
20:59:07 <Runbunny> Gamle dreng.
20:59:19 <skram> Gamle ørn!
21:01:36 <Runbunny> old dog.
21:12:50 -!- Crisium [~Crisium@c-24-3-150-105.hsd1.pa.comcast.net] has joined #tlponies
21:15:40 <reification> hmm the london overwatch league tickets are out
21:15:44 <reification> maybe i shall go
21:15:54 <reification> and be esports
21:30:35 <reification> runbunny paper of the day https://twitter.com/nosilverv/status/1201510554927554560
21:30:50 -!- Dot` [webchat@cloak-yh0bvvn2.123.7.51.dyn.plus.net] has joined #tlponies
21:31:26 <Runbunny> lel
21:31:34 <Runbunny> Hai Dot.
21:31:44 <Dot`> hi bun
21:34:41 <Dot`> cam, im near the end of the one shot, its great
21:35:02 <Camail> yea, some classic moments were made
21:36:18 <reification> heh https://twitter.com/taraskaduk/status/1200072178600992769
21:37:19 <reification> bonus from comments https://pbs.twimg.com/media/EKlaxDhVAAELgOs.jpg:large
21:40:11 <Dot`> haha
21:56:00 <reification> typical denmark https://twitter.com/KirkegaardEmil/status/1200720247952683009
21:58:57 <skram> its good to have options
22:07:20 <Camail> hey skram want to help a friend out in zombieland
22:07:30 <Camail> and bring me some medkits, a car, and a splint
22:07:35 <skram> hahah
22:07:36 <skram> sure pal
22:08:58 <skram> what'd you do this time
22:09:02 <reification> https://pbs.twimg.com/media/EKyLL6qWkAEod_H.jpg
22:15:52 <reification> dot skram https://pbs.twimg.com/media/EKCOmoAUEAEkKq0.jpg
22:16:40 -!- DuB` [DuB@cpe-68-174-122-249.nyc.res.rr.com] has joined #tlponies
22:17:20 <DuB`> wew
22:17:27 <reification> dub
22:18:06 <DuB`> reif
22:18:39 <DuB`> Blizzardy day!
22:18:48 <DuB`> But I have a blanket and some warm pizza
22:19:05 <reification> do you have hot chocolate?
22:19:20 <DuB`> Hmmm no
22:19:26 <DuB`> Not sure that goes with pizza anyway ;D
22:20:02 <DuB`> Liquid vs Ex-Liquid doto!
22:20:03 <DuB`> Ooooh
22:25:21 <reification> this is too confuse dub
22:25:38 <reification> they changed the dota and the liquid
22:25:44 <DuB`> Haha
22:25:54 <DuB`> It's true
23:05:32 -!- Rawr|Fone [~AndChat52@c-4eb4e655.020-164-6d6c6d4.bbcust.telenor.se] has joined #tlponies
23:24:19 -!- Rawr|Fone [~AndChat52@c-4eb4e655.020-164-6d6c6d4.bbcust.telenor.se] has joined #tlponies
23:36:06 <Dot`> runbun, you should sleep
23:38:06 <reification> so he can wake up bright-eyed and bushy-tailed
23:39:56 <Dot`> the bushiest
23:47:39 <Runbunny> I should?
