00:14:42 <DuB`> Man
00:14:52 <DuB`> Living next to a top-5-pizza-in-NYC place is dangerous
00:16:18 <reifiction> i am ready for that kind of danger
00:19:14 <DuB`> I have to start asking the uncomfortable questions, like what is is line between being "regular" and an "addict"
00:20:34 <reifiction> when they know what you're having and when they've got it ready made for you :p
00:20:59 <reifiction> bio https://twitter.com/NicksTurners/status/1201374251522985984
00:26:16 <Bio> asdf
00:26:21 <Bio> i'm still working
00:26:28 <Bio> i brought my computer home to do more
00:26:34 <Bio> and its never enough
00:27:07 <Camail> do less work
00:27:13 <Bio> also i didn't get a burrito i ordered
00:27:17 <Bio> but thank for mem
00:29:17 <Bio> i am try
00:33:03 -!- Rawr|Fone [~AndChat52@c-4eb4e655.020-164-6d6c6d4.bbcust.telenor.se] has joined #tlponies
00:45:21 -!- Rawr|Fone [~AndChat52@c-4eb4e655.020-164-6d6c6d4.bbcust.telenor.se] has joined #tlponies
02:03:33 -!- Rawr|Fone [~AndChat52@c-4eb4e655.020-164-6d6c6d4.bbcust.telenor.se] has joined #tlponies
03:10:47 -!- Runbunny [~Runbunny@91.100.28.10.generic-hostname.arrownet.dk] has joined #tlponies
03:14:13 <Runbunny> Can't sleep no more :/
03:14:39 <Runbunny> .tell reification https://twitter.com/SSAMBAtea/status/1201420303269650433?s=20
03:44:55 -!- Rawr|Fone [~AndChat52@c-4eb4e655.020-164-6d6c6d4.bbcust.telenor.se] has joined #tlponies
04:43:28 <Camail> skram did you wanna fight uber elder once ever?
04:43:34 <Camail> aka, be ther and die while i fight it
04:43:59 <Camail> because uber elder is essentially being removed from the game
05:27:20 <skram> camail i was having a wee nap
05:27:22 <skram> im alright tho
05:27:27 <Camail> kk
05:55:35 <Runbunny> Are you Jonas?
05:55:38 <Runbunny> Are you really?
05:56:21 <skram> course not, runbun
05:56:25 <skram> im a millenial
06:02:02 -!- Rawr|Fone [~AndChat52@c-4eb4e655.020-164-6d6c6d4.bbcust.telenor.se] has joined #tlponies
06:03:09 <Runbunny> Just making sure.
06:24:17 -!- skrma [~skram@134.19.189.148] has joined #tlponies
07:15:25 -!- CellRoach [~AndChat14@m83-185-93-45.cust.tele2.se] has joined #tlponies
07:16:05 <CellRoach> .tell dot` https://redd.it/e67a54
07:33:45 -!- Dot|Phone [uid393803@2001:67c:2f08:8::6:24b] has joined #tlponies
07:34:05 <Dot|Phone> Morning
07:34:50 <skrma> mornin pal
08:01:43 -!- Rawr|Fone [~AndChat52@c-4eb4e655.020-164-6d6c6d4.bbcust.telenor.se] has joined #tlponies
08:11:30 -!- Rawr|Fone [~AndChat52@c-4eb4e655.020-164-6d6c6d4.bbcust.telenor.se] has joined #tlponies
08:17:47 -!- Golly [~kvirc@cm-84.213.21.103.getinternet.no] has joined #tlponies
08:26:14 <Dot|Phone> How's your father? 
08:30:09 <skrma> too stubborn to rest of course
08:30:17 <skrma> had to scold him 
09:18:02 -!- tredc [~tredc@c83-254-129-166.bredband.comhem.se] has joined #tlponies
09:39:34 <Dot|Phone> Skram, do you not read discord? 
09:46:51 <skrma> mostly when im @'d
09:46:53 <skrma> whats up
09:47:25 <skrma> the one shot on sat? was planning to look at it this evening
09:47:56 <Dot|Phone> More the other thing
09:48:06 -!- Rawr|Fone [~AndChat52@c-4eb4e655.020-164-6d6c6d4.bbcust.telenor.se] has joined #tlponies
10:14:16 -!- reification [~thomas@cpc76294-cosh16-2-0-cust297.6-1.cable.virginm.net] has joined #tlponies
10:14:16 -!- mode/#tlponies [+v reification] by Q
10:14:39 <Dot|Phone> Hey Reif
10:15:25 <reification> hi dotties
11:13:44 -!- carcinisation [~thomas@cpc76294-cosh16-2-0-cust297.6-1.cable.virginm.net] has joined #tlponies
11:13:44 -!- mode/#tlponies [+v carcinisation] by Q
12:15:12 <reification> old but still disappointing https://www.telegraph.co.uk/news/uknews/1416262/Court-refuses-trial-by-combat.html
12:28:52 <Dot|Phone> Hmm. I refuse to register
12:29:12 <Dot|Phone> No way to cancel page loading on phone to stop the popup
12:30:06 <Dot|Phone> Oh, simplified view has no popup
12:30:26 <Dot|Phone> One day I'll get the hang of these phone things 
12:31:40 <reification> .tell bio https://twitter.com/PhiloFiles/status/1202351364879396864
13:04:14 -!- carcinisation [~thomas@cpc76294-cosh16-2-0-cust297.6-1.cable.virginm.net] has joined #tlponies
13:04:14 -!- mode/#tlponies [+v carcinisation] by Q
13:11:53 -!- Rawr|Fone [~AndChat52@c-4eb4e655.020-164-6d6c6d4.bbcust.telenor.se] has joined #tlponies
13:19:11 <Dot|Phone> Pon
13:39:49 -!- skram [~skram@178.239.173.228] has joined #tlponies
13:59:39 <skram> .tell dub` https://twitter.com/Skraemmern/status/1202584615598350341?s=20
14:01:35 -!- Rawr|Fone [~AndChat52@c-4eb4e655.020-164-6d6c6d4.bbcust.telenor.se] has joined #tlponies
14:12:44 -!- reimeuk [~thomas@cpc76294-cosh16-2-0-cust297.6-1.cable.virginm.net] has joined #tlponies
14:12:44 -!- mode/#tlponies [+v reimeuk] by Q
14:17:15 -!- reification [~thomas@cpc76294-cosh16-2-0-cust297.6-1.cable.virginm.net] has joined #tlponies
14:17:15 -!- mode/#tlponies [+v reification] by Q
14:52:18 <Dot|Phone> Meetings are fun
14:53:44 -!- carcinisation [~thomas@cpc76294-cosh16-2-0-cust297.6-1.cable.virginm.net] has joined #tlponies
14:53:44 -!- mode/#tlponies [+v carcinisation] by Q
14:56:55 <skram> im doing a factorio again dot
14:57:24 <skram> i think you'd have a heart attack if you saw my belt routing
15:17:34 <Dot|Phone> I can garentee I would
15:17:57 <Dot|Phone> Also are you just cheating and using blueprints
15:18:30 <skram> no this layout is straight from my dome
15:18:45 <skram> hence the chaotic design
15:18:58 <carcinisation> good. you don't want dot's righteous contempt
15:22:03 -!- Rawr|Fone [~AndChat52@c-4eb4e655.020-164-6d6c6d4.bbcust.telenor.se] has joined #tlponies
15:26:24 <Rawr|Fone> 🐴🐴🐴
15:30:08 <Dot|Phone> But I have so much to give Reif
15:36:59 -!- reification [~thomas@cpc76294-cosh16-2-0-cust297.6-1.cable.virginm.net] has joined #tlponies
15:36:59 -!- mode/#tlponies [+v reification] by Q
15:42:16 -!- carcinisation [~thomas@cpc76294-cosh16-2-0-cust297.6-1.cable.virginm.net] has joined #tlponies
15:42:16 -!- mode/#tlponies [+v carcinisation] by Q
16:32:00 -!- reification [~thomas@cpc76294-cosh16-2-0-cust297.6-1.cable.virginm.net] has joined #tlponies
16:32:00 -!- mode/#tlponies [+v reification] by Q
16:51:12 -!- Camail [~Camail@45.40.84.145] has joined #tlponies
16:51:12 -!- mode/#tlponies [+v Camail] by Q
16:58:13 <Rawr|Fone> Cam
16:58:24 <Camail> rur
17:02:11 <Dot|Phone> Home again without getting stabbed 
17:02:14 <Dot|Phone> Another success
17:05:19 -!- Rawr|Phone [~AndChat52@m77-218-225-131.cust.tele2.se] has joined #tlponies
17:05:39 <Runbunny> Nicely done Dot.
17:08:28 <Dot|Phone> Thanks
17:11:56 -!- Dot` [webchat@cloak-yh0bvvn2.123.7.51.dyn.plus.net] has joined #tlponies
17:12:00 <Dot`> runbun https://i.imgur.com/78E1kN7.jpg
17:12:38 <Dot`> CockRoach|42, thats a nice snek
17:16:23 <Rawr|Phone> I'm proud of you dot
17:17:04 <Dot`> thanks rawr <3
17:17:37 <Rawr|Phone> ❤
17:22:40 <Runbunny> Praise the sun Dot.
17:28:29 <Runbunny> Also
17:28:35 <Runbunny> May the flames guide thee.
17:45:07 -!- Westy543 [Westy543@c-24-130-12-152.hsd1.ca.comcast.net] has joined #tlponies
17:45:07 -!- mode/#tlponies [+v Westy543] by Q
18:06:01 -!- reification [~thomas@cpc76294-cosh16-2-0-cust297.6-1.cable.virginm.net] has joined #tlponies
18:06:01 -!- mode/#tlponies [+v reification] by Q
18:06:59 <Runbunny> Oh would you look at that timing.
18:13:19 <reification> ?
18:13:45 <reification> https://cdn.discordapp.com/attachments/284456947401621516/650922004781989888/image0.jpg
18:24:47 <reification> skram https://twitter.com/hustleboned/status/1202335282302836736
18:40:41 <skram> haha
18:41:00 <skram> well if it was toga i'd consider it
19:02:21 <skram> hey Dot`
19:04:29 <Dot`> im him
19:05:07 <skram> got a few minutes to do character stuff for the dndeez?
19:06:49 <Dot`> can do
19:35:53 <Camail> skram dendeez nuts
19:50:50 <skram> ayooooo
20:18:39 <reification> bio https://twitter.com/Chris1197/status/1202548590373195778
20:25:51 -!- Rawr|Fone [~AndChat52@c-4eb4e655.020-164-6d6c6d4.bbcust.telenor.se] has joined #tlponies
20:35:39 -!- Rawr|Fone [~AndChat52@c-4eb4e655.020-164-6d6c6d4.bbcust.telenor.se] has joined #tlponies
20:41:58 -!- Rawr|Fone [~AndChat52@c-4eb4e655.020-164-6d6c6d4.bbcust.telenor.se] has joined #tlponies
21:14:58 <Rawr|Fone> 🐴
21:16:20 <Dot`> rawr
21:16:30 <Rawr|Fone> dot
21:26:26 <skram> æ
21:26:50 <Runbunny> æ selv.
21:27:22 <Rawr|Fone> Jånæs
21:27:59 <Runbunny> :D
21:39:45 -!- Crisium [~Crisium@c-24-3-150-105.hsd1.pa.comcast.net] has joined #tlponies
21:41:36 <Dot`> skram
21:41:41 <Dot`> i will need character pic
21:41:46 <Dot`> hey Crisium 
21:41:56 <Crisium> howdy
21:43:39 <skram> ill se what i can dig up dot
21:43:46 <skram> howdy crisimum
21:43:53 <Crisium> skr skrim
21:44:31 <Dot`> sent you what i have on discord
21:52:23 <Runbunny> Dot`, can this be Jonas's picture? https://www.washingtonpost.com/resizer/4VlBSns6D9_AJQpNzMMRNp5MYTM=/1484x0/arc-anglerfish-washpost-prod-washpost.s3.amazonaws.com/public/CXXWODBO7II6TBVLLUBBBGXLAE.jpg
21:53:22 <skram> rude
21:54:15 <Runbunny> Just RP that your character is behind it Jonas.
21:54:33 <skram> well he is pretty good at stealth
21:54:41 <skram> is this like drawing a polar bear in a blizzard
21:55:35 <Dot`> runbun
21:55:45 <Dot`> skram isnt playing a dorf!
21:55:47 <Dot`> first time
21:55:49 <Dot`> im so proud
21:58:44 -!- Cane [~Cane@CaneCraft.users.quakenet.org] has joined #tlponies
21:58:44 -!- mode/#tlponies [+o Cane] by Q
22:00:54 <skram> thanks, dad
22:02:33 -!- Golly [~kvirc@cm-84.213.21.103.getinternet.no] has joined #tlponies
22:13:48 <skram> https://i.imgur.com/vKDrqUT.jpg
22:15:20 <Runbunny> Well said Jonas.
22:21:00 -!- Micen [~Micen@h54.212.18.98.dynamic.ip.windstream.net] has joined #tlponies
22:35:38 <skram> did you decorate for christmas yet runbun
22:35:39 -!- carcinisation [~thomas@cpc76294-cosh16-2-0-cust297.6-1.cable.virginm.net] has joined #tlponies
22:35:39 -!- mode/#tlponies [+v carcinisation] by Q
22:56:58 <Runbunny> skram, I have not. I will clean all my shit up this coming week.
22:58:59 <skram> same
22:59:07 <skram> ive had all week, too
23:00:53 <Micen> i got my desk moved because it usually lives where my tree goes. 
23:01:02 <Micen> christmas is slowly coming together
23:01:04 <skram> :D
23:01:28 <skram> i already finished all my baking
23:01:40 <Micen> i cant even start my baking until after the 9th.
23:01:41 <skram> i dont own a single piece of christmas decorations though
23:01:43 <Micen> no oven 
23:01:46 <skram> D:
23:01:47 <skram> what happen
23:02:13 <Micen> our oven gave up after 60 years of work week before thanksgiving. 
23:02:25 <Micen> 50 years 
23:03:09 <Golly> i bid 40
23:04:02 <skram> 50 years huh
23:04:04 <skram> pretty solid
23:04:20 <Micen> yep. 
23:05:10 <Micen> used it my whole life. 
23:06:37 <Micen> going to be strange learning how the new one cooks
23:10:40 <skram> i believe in you
23:11:02 <skram> what sort of things do people usually make for christmas in your part of the world?
23:11:16 <Micen> We do lots of cookies of various types 
23:11:34 <Micen> but pies, and for the people you really hate, fruitcake. 
23:12:23 -!- DuB` [DuB@cpe-68-174-122-249.nyc.res.rr.com] has joined #tlponies
23:13:48 <Micen> this year we are planning on doing choc-chip, peanut butter, oatmeal-raisin, and Apircot and plum kolackys 
23:13:50 <DuB`> wew
23:14:24 <Micen> dub, you want to hunt monsters?
23:14:34 <skram> oatmeal, are you crazy?
23:14:53 <skram> dub pls
23:14:55 <Micen> oatmeal are the best
23:14:57 <DuB`> I don't even know how to do anything BUT hunt monsters anymore
23:15:04 <DuB`> Except I need to eat borgar first
23:15:14 <Micen> i should go make borgar as well., 
23:15:18 <Micen> thats dinner tonight,. 
23:15:23 <Micen> instant pot burgers. 
23:15:28 <skram> make me borgar too pls
23:15:39 <DuB`> Mine has wagyu and brisket because I worked hard today :D
23:16:27 <Micen> skram come on over. 
23:16:32 <skram> yass
23:16:38 <Micen> though DuB's sounds better
23:16:45 <Micen> mine is local ground beef 
23:18:26 <DuB`> skram one of my spotify wrapped genres is "wonky", and another "wave"
23:18:29 <DuB`> I don even know wat :P
23:18:50 <skram> no idea
23:18:59 <skram> though somehow it fits you
23:19:16 <DuB`> 50k minutes, wah
23:19:28 <skram> my top 4 most listened to songs this decade were all sigur ros, and i've had spotify since 2009 :p
23:19:35 <DuB`> :D
23:19:46 <DuB`> Certainly the first year punk rock has been at the top...
23:19:54 <DuB`> Listened to a LOT of Billy Talent this summer lol
23:20:03 <skram> haha
23:20:32 <DuB`> How u do the twotter thing
23:21:43 <skram> there be button
23:21:48 <skram> with the birb on it
23:21:55 <skram> on the lastest page i thinks
23:31:28 <DuB`> skram
23:31:33 <skram> yas
23:31:46 <DuB`> Is Kaizers Orchestra the norway version of My Chemical Romance?
23:31:47 <DuB`> Haha
23:32:00 <skram> lol
23:32:03 <DuB`> Hmmm maybe not quite
23:32:17 <skram> not really, its not about emo things :P
23:33:32 <Micen> im back, burgers are cooking 
23:33:38 <DuB`> mmm
23:33:42 <Crisium> borg
23:35:08 <skram> lel i didnt know you were so into REOL, DuB`
23:35:19 <DuB`> Apparently I was
23:35:51 <DuB`> I must not have listened to much else in 2017
23:35:57 <skram> its pretty high up on my top songs 2019
23:36:03 <skram> and also, what the fuck
23:36:25 <skram> i havent used my twitter for YEARS but apparently someone I followed is real into furry porn
23:36:43 <Micen> i know one of my christmas presents and im excited. 
23:36:55 <Micen> had to order it myself earlier this week. 
23:36:58 <skram> oh lawd its z23o
23:37:03 <DuB`> LOL
23:37:05 <DuB`> yep
23:37:32 <DuB`> I feel like that was a recent thing, I had to unfollow him just last week lol
23:38:42 <skram> aaah man
23:43:25 <Golly> i wonder if it was him as well begging me for steam cards or whatever
23:43:40 <Golly> i had to blog someone or other
23:43:46 <Golly> block* lul
23:46:05 <skram> i wonder where he's up to these days
23:46:11 <skram> besides looking at furry porn, i guess
23:46:43 <Camail> that might be it
23:47:19 <skram> well
23:47:26 <skram> having hobbies is good i guess
23:48:23 <Camail> i really wish there was a place to follow artists
23:48:28 <Camail> tumblr sucked, twitter sucks
23:48:33 <Camail> nothing exists
23:48:46 <skram> deviantart?
23:49:07 <Camail> that was first
23:49:44 <Camail> twitter is where the most unified group is
23:50:07 <Camail> some are on instagram but i'm not gonna have more than one media app, fuuuck that
23:50:58 <Dot`> artstation?
23:51:10 <Runbunny> I follow people on twitter but I don't have an account.
23:51:15 <Dot`> i just know i end up there a lot from links for dnd stuff
23:51:39 <Micen> Art station is more games/tv/film media people. 
23:52:02 <Micen> it just happens to have the most high quality art. 
23:52:07 <Dot`> hmm, i havnt followed artists since pony days
23:52:24 <Dot`> so am not much help
23:52:26 <Runbunny> I pop'ed into z32o's streams from time to time, but I haven't caught one in a while, plus he hasn't been streaming lately.
23:55:16 <Crisium> thats a name i have not heard of in some time
23:58:22 <Dot`> dub, make sure to provide character protrait so i can sort that stuff out tomorow
23:58:31 <DuB`> o oke
23:58:44 <Dot`> i have to go sort out signing stuff for new apartment saturday
23:58:49 <Dot`> so will be pressed for time
23:58:53 <DuB`> :o
