00:59:32 -!- Rawr|Fone [~AndChat52@c-4eb4e655.020-164-6d6c6d4.bbcust.telenor.se] has joined #tlponies
01:03:19 -!- DuB` [DuB@cpe-68-174-122-249.nyc.res.rr.com] has joined #tlponies
01:58:45 -!- skram [~skram@82.147.53.135] has joined #tlponies
02:15:13 -!- Rawr|Fone [~AndChat52@c-4eb4e655.020-164-6d6c6d4.bbcust.telenor.se] has joined #tlponies
03:43:51 -!- skram [~skram@134.19.189.212] has joined #tlponies
03:44:05 <skram> beep boop
03:56:02 <Camail> skrum, ur awake
03:56:09 <DuB`> Why, I wonder
03:56:26 <skram> well i had a sleep
04:01:41 <Camail> dub, skram; 7 days to die is a fun zombie survival game. you should see if your interested at all
04:02:08 <Camail> its a game that scales pretty seamlessly with the number of players
04:05:56 <Camail> the RPG elements reward specialization, so you can divvy up roles and each have macro and micro goals 
04:08:43 <Camail> you can invest into being a good looter/scavenger, more combat oriented, base builder, resource gatherer, crafter
04:09:25 <Camail> I'm about 18 hours in, everything is essential and quite a bit harder to do solo
04:09:53 <Camail> but fun because every 7 days there's a huge raid on your base
04:12:50 <skram> i'd play, cam
04:12:53 <skram> dot even has it
04:13:00 <Camail> orly
04:13:00 <skram> wonder if he would plej
04:13:18 <Camail> i asked him but he might've fallen asleep before mustering up an answer
04:13:26 <DuB`> zzz
04:13:36 <DuB`> I may need something until iceborne, will look
04:13:42 <Camail> i am currently doing a crime, but i honestly think pirated and legit could play together
04:13:55 <Camail> because it's indie and its alpha
04:14:28 <Camail> if more people get it i'll probably just buy it, tho
04:14:51 <Camail> i think dot would really enjoy going into the intelligence branches
04:15:28 <Camail> it's very support focussed, and lets you build automated turrets and some useful base infrastructure
04:18:07 <skram> is it only about the base defence or do you have to traverse scary zombie places and look for things
04:22:40 <Camail> both
04:22:48 <Camail> the scavengers and looters go through towns
04:23:15 <Camail> anyone can loot but there are perks you get to increase loot from containers
04:23:48 <Camail> it ranges from half burnt down houses with a little bit of loot, to full blown hotels and hospitals that are basically dungeons
04:24:34 <Camail> there are traders that give you missions consisting of 3 options, find a hidden item in a building, dig for treasure, and clear zombies from an area
04:24:46 <skram> cool
04:24:54 <Camail> you can also specialize in doing missions, putting points into increasing rewards
04:24:57 <skram> wanna try it out tomorrow?
04:25:04 <Camail> sure
04:25:28 <skram> i'd play now but my neighbours game me shit for talking at night and waking their babby up lel
04:26:01 <Camail> they're the ones who had a baby
04:27:35 <skram> right? its not like they dont make noise
04:27:42 <skram> anyway, hopefully ill be outta here soon
04:51:18 -!- Rawr|Fone [~AndChat52@c-4eb4e655.020-164-6d6c6d4.bbcust.telenor.se] has joined #tlponies
06:48:54 -!- Dot|Phone [uid393803@2001:67c:2f08:8::6:24b] has joined #tlponies
06:48:59 <Dot|Phone> Morning
06:55:09 <Dot|Phone> Skram
06:55:18 <Dot|Phone> Why you up so early
07:16:29 <Dot|Phone> Rip
08:04:06 -!- Rawr|Fone [~AndChat52@c-4eb4e655.020-164-6d6c6d4.bbcust.telenor.se] has joined #tlponies
08:38:16 <Camail> we hardly knew him
08:38:22 <Camail> i will go try and find him
08:38:22 <Camail> zzz
09:24:17 <Dot|Phone> Abandoned at every turn
09:24:52 -!- Rawr|Fone [~AndChat52@c-4eb4e655.020-164-6d6c6d4.bbcust.telenor.se] has joined #tlponies
09:25:02 <Micen> im here dot. 
09:31:41 -!- reification [~thomas@cpc76294-cosh16-2-0-cust297.6-1.cable.virginm.net] has joined #tlponies
09:31:42 -!- mode/#tlponies [+v reification] by Q
09:35:57 <Dot|Phone> Thanks Micen
09:36:01 <Dot|Phone> Hey Reif
09:36:34 <Micen> np dot 
09:37:54 <reification> hi dotties
09:41:12 <reification> oh runbunny already .told me the thing i was going to .tell him :D
09:43:36 <Micen> blah. Someone tell me to be lazy and watch anime instead of cleaning 
09:44:06 <Micen> please.
09:44:19 <reification> watch haibane renmei micen
09:44:55 <reification> or make runbunny happy and watch golden boy
09:46:25 <Micen> im like half way through my current sports anime i need to finish before i start anything else. 
09:47:51 <Micen> but i have both now on the to watch list. 
09:48:43 <reification> which sports anime would that be?
09:48:52 <Micen> haikyu!!
09:49:25 <Micen> its a good pallet cleanser after having watched March Comes in Like a Lion.  
09:50:04 <Micen> im a sucker for any goofy inspirational sports drama. Live action or anime. 
09:51:54 <reification> i don't really watch sports anime unless they cross with another genre like one outs or cross game
09:53:25 <Micen> they good imo. But i feel Kuroko no Basuke was a better telling of this anime's story .  
09:53:29 <Micen> like beat for beat. 
10:38:03 <Dot|Phone> Pon Pon
10:38:07 <Dot|Phone> How is all today
10:38:59 <reification> gonna be busy dot
10:39:11 <reification> in fact i should go exercise now
10:50:15 -!- tredc [~tredc@c83-254-129-166.bredband.comhem.se] has joined #tlponies
11:51:02 -!- Rawr|Fone [~AndChat52@c-4eb4e655.020-164-6d6c6d4.bbcust.telenor.se] has joined #tlponies
12:27:06 <Dot|Phone> Rawr
12:27:22 <Dot|Phone> Will skram ever return
12:46:49 -!- Golly [~kvirc@cm-84.213.21.103.getinternet.no] has joined #tlponies
13:04:56 -!- BioPone [~androirc@mobile-166-176-249-71.mycingular.net] has joined #tlponies
13:05:42 <Dot|Phone> Bio
13:27:13 -!- Runbunny [~Runbunny@91.100.28.10.generic-hostname.arrownet.dk] has joined #tlponies
13:27:53 <Runbunny> Yo.
13:38:58 <Dot|Phone> Angel! 
13:39:00 <Dot|Phone> Hello
13:39:58 <Runbunny> Dot.
13:40:00 <Runbunny> Hello.
13:48:03 -!- Rawr|Fone [~AndChat52@c-4eb4e655.020-164-6d6c6d4.bbcust.telenor.se] has joined #tlponies
14:05:25 -!- Cane [~Cane@CaneCraft.users.quakenet.org] has joined #tlponies
14:05:26 -!- mode/#tlponies [+o Cane] by Q
14:09:46 <Runbunny> .tell Zounds https://danbooru.donmai.us/posts/3686546
14:09:51 <Runbunny> Don't look at it Reif!
14:09:53 <Runbunny> Don't do it
14:13:35 -!- Rawr|Fone [~AndChat52@c-4eb4e655.020-164-6d6c6d4.bbcust.telenor.se] has joined #tlponies
14:13:48 <Rawr|Fone> Dot
14:13:52 <Rawr|Fone> Who knows
14:14:46 <Runbunny> ?
14:19:00 <Rawr|Fone> Anders
14:19:25 <Runbunny> Me.
14:26:48 <Rawr|Fone> Yes you
14:33:47 -!- BioPone [~androirc@mobile-166-176-249-120.mycingular.net] has joined #tlponies
14:39:35 -!- skram [~skram@134.19.189.212] has joined #tlponies
14:45:47 <Rawr|Fone> There he is dot
14:45:56 <Rawr|Fone> Good afternoon jonas dear
14:46:07 -!- skram [~skram@89.238.177.124] has joined #tlponies
14:55:50 <skram> beep boop
14:59:30 -!- Rawr|Fone [~AndChat52@c-4eb4e655.020-164-6d6c6d4.bbcust.telenor.se] has joined #tlponies
14:59:37 <Rawr|Fone> 🐴🐴🐴
15:05:31 <skram> i cant tell what thats supposed to bo henrik
15:07:31 <Rawr|Fone> Horses
15:07:52 <Cane> Anyone picking up Age of Empires II?
15:13:12 <Golly> y
15:13:36 <reification> runbunny i am safe, the domain is still blocked in my hosts file
15:16:39 <skram> have you been visiting sketchy anime websites again reif
15:18:15 <Runbunny> I think I'll end up getting the bundle I linked you as well Reif.
15:19:35 <Golly> I bought age of kings DE, but it looks like it has a lot of issues
15:19:53 <Golly> hopefully they will solve them, id like the community to grow
15:23:30 <Dot|Phone> Skram
15:23:38 <Dot|Phone> Why you leave this morning friend
15:23:53 <skram> i went back to spleep
15:28:25 <Dot|Phone> Are you sick again? 
15:28:28 <Dot|Phone> That's a lot of sleep
15:31:44 <skram> no i just like sleeping
15:43:37 <skram> .tell dub` https://www.youtube.com/watch?v=MFXiRSzO3pg
15:55:09 -!- Rawr|Fone [~AndChat52@c-4eb4e655.020-164-6d6c6d4.bbcust.telenor.se] has joined #tlponies
16:04:35 <Runbunny> Very meme-y Jonas.
16:05:24 <skram> we like memes runbun
16:06:29 <Runbunny> But memes, just for the sake of memes?
16:07:09 <skram> ride or die, runbun
16:08:40 <Runbunny> Check any gladjonas video and look at the "meme tax" he puts at the end.
16:08:46 <Runbunny> Literally the worst.
16:09:30 <skram> what the hell is a gladjonas
16:09:35 <skram> sounds like a real prick, runbun
16:11:30 <Runbunny> https://www.youtube.com/watch?v=2TK7lsM7IjM
16:12:08 <skram> how humerous
16:12:29 <Runbunny> Check the end for the "meme tax"
16:14:03 <skram> yeah
16:14:25 <skram> its not even memes runbun, its just stupid clips with THE LOUD VOICE on it
16:15:20 -!- Rawr|Fone [~AndChat52@c-4eb4e655.020-164-6d6c6d4.bbcust.telenor.se] has joined #tlponies
16:18:19 <Runbunny> But the other video had that as well.
16:19:17 <Runbunny> That overused MLG clip of distorted music, no clue what that is other than horribly distorted music.
16:35:24 <reification> i had already bought the whole bundle runbun
16:37:27 <reification> no skram, the point is i cannot visit even by accident!
16:38:06 <skram> aww boo
16:39:31 -!- DuB|fon [~androirc@155.201.42.63] has joined #tlponies
16:39:45 <skram> mornin dubster
16:40:06 <DuB|fon> Hallu
16:41:43 <DuB|fon> Slow day
16:42:09 <skram> how many dollars did you steal today
16:42:18 <DuB|fon> ???
16:42:33 <DuB|fon> Nevur
16:42:36 <skram> isnt that what accountants do?
16:42:59 <DuB|fon> I don't even do accounting :P
16:43:13 <Runbunny> Both my parents are accountants, I can confirm that is what accountants do.
16:43:19 <skram> see??
16:43:45 <skram> are you a bruiser then dub
16:43:59 <DuB|fon> No, too smol
16:44:12 <skram> the smol mafiosos are the scaries ones
16:44:41 <Runbunny> Is that because that they are small ventures so they have less to lose?
16:45:06 -!- Camail [~Camail@45.40.84.145] has joined #tlponies
16:45:06 -!- mode/#tlponies [+v Camail] by Q
16:45:31 <Runbunny> Hello Camail.
16:45:51 <Camail> hiya runbun
16:45:54 <Camail> hows it goin
16:46:09 <Runbunny> All right. Going to Sweden for the weekend.
16:46:25 <skram> is that safe?
16:46:47 <Runbunny> Yeah, I got a temporary passport sorted today.
16:48:12 <Camail> ooh, that's cool
16:50:40 -!- DvB|fon [~androirc@mobile-107-107-61-140.mycingular.net] has joined #tlponies
16:51:26 -!- DvB|fon [~androirc@155.201.42.63] has joined #tlponies
17:00:54 -!- DvB|fon [~androirc@mobile-107-107-61-140.mycingular.net] has joined #tlponies
17:04:43 <Dot|Phone> Cam, dub 
17:04:47 <Dot|Phone> Hedge
17:04:48 <Camail> dot!
17:04:59 <Camail> dub is gone
17:05:03 <Camail> most likely forever
17:05:04 <Dot|Phone> Oh
17:05:17 <Dot|Phone> He was a good horse
17:07:15 <Runbunny> We'll always remember him until we forget.
17:07:28 <Camail> who?
17:07:59 <Dot|Phone> Skram
17:15:55 <skram> :(
17:17:08 -!- Rawr|Fone [~AndChat52@c-4eb4e655.020-164-6d6c6d4.bbcust.telenor.se] has joined #tlponies
17:17:59 <skram> im gonna pop to the shops real quick, wanna try the zombie thing after Camail
17:19:51 <Runbunny> Zombie thing?
17:21:41 <Dot|Phone> I'll try not forget you skram 
17:21:53 -!- BioPone [~androirc@12.33.239.117] has joined #tlponies
17:24:19 <Camail> yea skram, figuring out how atm
17:25:26 <Camail> being clean sounds good, i'll do that as well
17:27:45 <Dot|Phone> Rawr https://www.reddit.com/r/Eyebleach/comments/dw9tlm/stitch
17:27:48 <Dot|Phone> Runbun, Reif
17:28:35 <Rawr|Fone> Thank you dot
17:32:12 <Runbunny> Nice.
17:42:16 <BioPone> Asdf
17:42:18 <BioPone> Hai
17:42:35 -!- Zounds [webchat@cloak-07ouvien.14-2.cable.virginm.net] has joined #tlponies
17:42:42 <Zounds> hey
17:43:19 <BioPone> Hai
17:43:53 -!- Micen [~Micen@h169.49.172.72.dynamic.ip.windstream.net] has joined #tlponies
17:45:37 <Zounds> hi bio
17:45:43 <Zounds> and micen :)
17:46:39 <Camail> skram DL hamachi and we can do this
17:47:27 <Zounds> cute potat runbunny
17:48:22 <Micen> hello
17:48:39 <skram> hamachi still exists, camail?
17:48:40 <skram> dang
17:48:48 <Camail> yea
17:48:56 <Camail> and i dont know any other network emulators
17:49:21 <skram> hmm
17:49:27 <skram> well i got it on steam so we'll se if it works
17:49:34 <Micen> Parsec is pretty nice if you want something a bit more modern Cam 
17:49:47 <Micen> but thats more emulated local co-op stuff.
17:50:34 <Zounds> what you guys playing
17:50:34 <Camail> yea it's pretty cool but that's not what we need
17:50:41 <Camail> we're trying out 7 days to die
17:51:32 <Camail> k skram it's "TLP 7 Days"
17:51:37 <Camail> you can guess the password
17:53:20 -!- Rawr|Fone [~AndChat52@c-4eb4e655.020-164-6d6c6d4.bbcust.telenor.se] has joined #tlponies
18:09:37 <Cane> BUTTS
18:11:18 <Zounds> buttocks
18:11:25 <Zounds> hi cane
18:11:31 <Cane> Hiya. <3
18:11:54 <Camail> Dot|Phone  why phone
18:12:09 <Camail> cane don't expose my bank PIN like that
18:12:17 <Cane> Hahah
18:21:31 <Dot|Phone> Only just got home
18:21:35 <Dot|Phone> Long day on site
18:21:41 <Dot|Phone> And so much rain
18:21:48 <Dot|Phone> Floods everywhere
18:23:17 <Camail> do you wanna try 7days with us
18:23:25 <Camail> unwind with a game 
18:26:12 <Dot|Phone> Heading down south tomorrow right after work, need to sort out packing and stuff
18:26:26 <Dot|Phone> And my pc isn't booting... So there's that
18:27:08 -!- Dot` [webchat@cloak-vnm1j07w.71.208.46.dyn.plus.net] has joined #tlponies
18:30:39 <Runbunny> Dot, boot your pc.
18:44:31 <Zounds> hawt dawt
18:46:17 <Dot|Phone> Oh. That did it runbun
18:54:18 <Runbunny> You're welcome Dot.
19:11:27 -!- Rawr|Fone [~AndChat52@c-4eb4e655.020-164-6d6c6d4.bbcust.telenor.se] has joined #tlponies
19:27:05 -!- Rawr|Fone [~AndChat52@c-4eb4e655.020-164-6d6c6d4.bbcust.telenor.se] has joined #tlponies
19:29:21 <Dot`> i think its my PSU, which sucks becuase its the newest part
19:29:42 <Runbunny> You don't get power at all?
19:30:14 <Dot`> it fails to start up and i get disk errors 
19:30:28 <Dot`> signs of not enough power, but the PSU is large enough
19:30:44 <Dot`> no random restarts yet or BSODS
19:31:02 <Dot`> but dodgy power supplies are bad as they often take other stuff with them when they die
19:31:04 <Runbunny> But you can enter BIOS?
19:31:16 <Dot`> im in windows now
19:31:29 <Runbunny> Hmm.
19:31:36 <Dot`> it occasionaly doesnt start up recently, and a restert or 2 fixes that
19:31:52 <Dot`> today though i had to turn ot off, remove power, cycle it, then try again
19:33:23 <Runbunny> Well I am no expert.
19:33:30 <Runbunny> But it sounds like it's skrams fault.
19:36:03 <Dot`> thats makes sense
19:46:32 -!- Rawr|Fone [~AndChat52@c-4eb4e655.020-164-6d6c6d4.bbcust.telenor.se] has joined #tlponies
19:46:36 <Rawr|Fone> 🐴🐴🐴
19:47:19 <BioPone> Hors
19:54:31 <Rawr|Fone> 🅱️io
20:03:13 <Dot`> Rawr
20:03:14 <Dot`> Bio
20:03:15 <Dot`> <3
20:03:36 <Rawr|Fone> DoT DoT
20:03:39 <Rawr|Fone> ❤❤
20:04:53 <reification> runbunny https://twitter.com/itanimeirl/status/1194685965513527296
20:05:25 <reification> also https://twitter.com/synecdoche445/status/1194269635505319937
20:07:53 <Runbunny> !!!
20:08:45 <Zounds> reef
20:10:50 <skram> i didnt do nuffin
20:11:00 <Runbunny> Are you... sure about that?
20:11:27 <skram> 1000$
20:11:31 <skram> %
20:11:40 <Runbunny> doller per centage.
20:14:57 <Dot`> 1000 sounds ilke a stack overflow, so is 0
20:19:01 <Runbunny> .choose hunt movie
20:21:08 <Dot`> what movie?
20:21:23 <Dot`> i watched the forst ep of the mandalorian yesterday, its good
20:22:33 <Runbunny> Zoku owarimonogatari. My 11 year journey is about to end.
20:23:19 <Dot`> gl then runbun
20:23:48 <reification> well now you can read all the books bun
20:24:18 <reification> also have you listened to the bluray commentary tracks?
20:32:58 <BioPone> Good horsens
20:48:50 <Runbunny> Nope.
21:06:01 -!- carcinisation [~thomas@cpc76294-cosh16-2-0-cust297.6-1.cable.virginm.net] has joined #tlponies
21:06:02 -!- mode/#tlponies [+v carcinisation] by Q
21:13:11 <Dot`> reif, its very cold
21:13:25 <skram> put some pants on
21:14:01 <Runbunny> Or take more clothes off.
21:14:29 <Runbunny> I have read that you feel a very warming sensation before you freeze to death.
21:15:50 <Dot`> death gives good hugs?
21:18:55 <Dot`> runbun https://imgur.com/gallery/96P5pV0
21:19:35 <Runbunny> What a guy.
21:19:58 <Runbunny> carcinisation, These subtitles are getting too meta https://imgur.com/a/K6Lr8CY
21:20:44 <carcinisation> that's quality
21:21:39 <carcinisation> dot yes it is D:
21:25:47 <Runbunny> reif.
21:25:48 <Runbunny> help.
21:28:16 -!- Crisium [~Crisium@c-24-3-150-105.hsd1.pa.comcast.net] has joined #tlponies
21:29:22 <carcinisation> you need a mirror bun
21:31:46 <Runbunny> It does make sense in the context of the story... maybe. My mind is filling in the blanks, also what the hell?
21:32:51 <carcinisation> it's good to keep your mind active
21:33:35 <Runbunny> I love this show https://imgur.com/a/OHmwiXt
21:33:41 <Runbunny> Seriously the best.
21:44:11 <carcinisation> https://deepmind.com/blog/article/AlphaStar-Grandmaster-level-in-StarCraft-II-using-multi-agent-reinforcement-learning
21:46:40 <carcinisation> runbunny paper analysis of the day: https://www.reddit.com/r/gwern/comments/deqvft/how_often_do_researchers_not_read_the_papers_they/
21:48:12 -!- reification [~thomas@cpc76294-cosh16-2-0-cust297.6-1.cable.virginm.net] has joined #tlponies
21:48:12 -!- mode/#tlponies [+v reification] by Q
21:55:48 -!- Rawr|Fone [~AndChat52@c-4eb4e655.020-164-6d6c6d4.bbcust.telenor.se] has joined #tlponies
22:02:00 <Runbunny> The top comment surmise it pretty well
22:03:23 <Runbunny> I do think that everything I have cited I have at least read the abstract and the relevant part to why I cited it in the first place.
22:04:09 -!- DuB` [DuB@cpe-68-174-122-249.nyc.res.rr.com] has joined #tlponies
22:05:13 <Runbunny> Hello Dub.
22:05:16 <skram> d|_|b
22:05:35 <DuB`> Hi hi
22:07:05 <reification> dŭb
22:07:13 <BioPone> Working late, what should I grab for dinner on my way hom
22:07:13 <Crisium> dab
22:07:21 <BioPone> Dœb
22:07:39 <skram> bio pls
22:07:42 <skram> p i z z a
22:07:51 <skram> or, i give special permit to get tacos
22:07:52 <BioPone> Mmmmm
22:08:03 <BioPone> How about.... taco pizza
22:08:14 <skram> give this man a medal
22:08:15 <DuB`> I was considering ramen 'cause it's col dout
22:08:18 <Crisium> yes bio
22:08:19 <DuB`> cold 
22:08:19 <DuB`> out
22:08:21 <reification> tomorrow is pizza day; today was macaroni cheese day
22:08:35 <BioPone> Pizza can be every day tho
22:08:56 <skram> what about squid balls DuB`
22:12:06 <Runbunny> reification, I don't think I can finish this movie https://imgur.com/a/lbbjtkd
22:13:40 <BioPone> Degeneracy
22:14:09 <skram> saweet sweet degeneracy
22:16:21 <BioPone> Speaking of degeneracy. Imma stream some more persona tonite I think
22:16:27 <BioPone> Wanna watch ksrm
22:16:29 <reification> what a work
22:16:46 <skram> i shall if im still awake
22:17:13 <reification> sadly i shall not be around to watch for a week or so bio
22:17:20 <reification> skram will have to take my place
22:17:38 <skram> where you goin reifmann
22:18:14 <reification> various euro places
22:18:27 <reification> france/holland/belgium
22:18:35 <BioPone> It's getting good, I spent a day off stream doing slice of life shit then I got called out by p5s version of anonymous
22:19:16 <reification> watch out bio, they neither forgive nor forget :p
22:19:25 <BioPone> Took legs doctor to the park, latex catgirl and I had dinner
22:19:30 <BioPone> Good shit lads
22:20:16 <BioPone> Shady back alley goth legs doctor
22:20:19 <BioPone> Mmm
22:20:41 <skram> the dream
22:21:34 <BioPone> https://images.app.goo.gl/Pat6np9XvUdkLTq46
22:21:51 <skram> bio did you buy the figurine
22:21:58 <BioPone> I dinnae
22:23:38 <Zounds> didnae*
22:24:00 <skram> i only speak hollywood scottish
22:24:40 <Zounds> didnae = didn't, dinnae = don't
22:24:43 <BioPone> Rite
22:25:12 <BioPone> Both kinda work in this case
22:25:19 <BioPone> Anyway, home time
22:25:21 <BioPone> Brb
22:25:30 -!- Rawr|Fone [~AndChat52@c-4eb4e655.020-164-6d6c6d4.bbcust.telenor.se] has joined #tlponies
22:41:10 <DuB`> skram https://www.youtube.com/watch?v=iAh3oLrNxzQ
22:41:57 <DuB`> Spotify knows me very very well
22:42:18 <skram> this is pretty bloopy
22:48:02 <Rawr|Fone> You are pretty bloopy jonas
22:51:16 <Camail> yo skram next time we play we need to make a bike so you can go exploring
22:51:32 <Camail> make sure to bring a bedroll cuz if you lose that bike i think i'll have to stop being your friend
22:51:42 <skram> :(
22:51:53 <skram> but i want to ride my bicycle, cam
22:52:07 <Camail> yea but dont die with it
22:56:29 <Bio> as
22:56:33 <Bio> DEE EFF
23:07:27 <Zounds> nn ponners
23:17:11 <Bio> ?biostream
23:17:22 <Bio> more pear sona
23:17:32 <Camail> https://www.twitch.tv/desertbus
23:17:36 <Camail> Teller talking!
23:18:34 <Bio> (x)doubt
23:18:45 <Bio> nah he sounds diff than i though
23:18:47 <Bio> thought
23:44:12 -!- Rawr|Fone [~AndChat52@c-4eb4e655.020-164-6d6c6d4.bbcust.telenor.se] has joined #tlponies
