00:05:29 -!- DoT|Phone2 [~Dot@n1-40-248-113.bla1.nsw.optusnet.com.au] has joined #tlponies
00:09:10 -!- DoT|Phone [~Dot@n1-40-248-113.bla1.nsw.optusnet.com.au] has joined #tlponies
00:46:48 <DuB`> .tell reification When you get all your OWL prediction picks right except for the actual match results... :P
01:02:03 <Crisium> https://twitter.com/SlenderSherbet/status/1154467568922447872
01:12:08 -!- DoT|Phone [~Dot@1.129.109.223] has joined #tlponies
01:16:28 <DoT|Phone> time for more internet stealing
01:18:15 <DuB`> :O
01:18:20 <Zounds> cute cris#
01:19:15 <Crisium> zounds is still awake O_o
01:19:44 <DuB`> 2am on a friday, he can handle hisself :P
01:19:47 <DoT|Phone> Zounds is a rebel
01:20:34 <Zounds> ^^
01:22:32 <DoT|Phone> how's all doing
01:23:23 <Crisium> im alive so i guess i cant complain
01:24:00 <DoT|Phone> sounds great
01:24:25 <DuB`> Uncommunicative building superintendent got fired and replaced with an awesome guy
01:24:34 <DuB`> Seems nice
01:24:41 <DoT|Phone> Huzzah
01:25:07 <DuB`> I wonder if his firing had anything to do with him sending me a whole new stove I didn't need or ask for? :P
01:25:12 <DuB`> lolol
01:26:17 <DoT|Phone> haha
01:53:24 <DoT|Phone> I fly back tomorrow
01:53:26 <DoT|Phone> rip
01:53:46 <DoT|Phone> well just start the trip, it's going to take about 30 hours
01:59:25 <DuB`> ayy
01:59:28 <DuB`> :(
02:00:07 <DuB`> Glad I only have 5-8 hr trip for family wedding...
02:04:50 -!- Camail_ [~Camail@45.40.84.145] has joined #tlponies
02:04:50 -!- mode/#tlponies [+v Camail_] by Q
02:14:48 <DoT|Phone> what you up to dub
02:19:16 <Camail_> dub is ded
02:19:42 <Camail_> he had a terrible withdraw due to lack of dot
02:19:48 <Camail_> and his pancreas exploded
02:20:05 <DoT|Phone> it's not a healthy addiction
02:20:15 <DuB`> wha the
02:20:55 <DoT|Phone> it appears news of your demise was exaggerated
02:34:05 <DuB`> Many more weeks of low graphics and abysmal framerates may just do me in
02:46:13 <Bio> a v v v  long strim
02:46:17 <Bio> 6.5 h
02:46:33 <Bio> fire emblem confrimed gud
02:49:03 -!- DoT|Phone1 [~Dot@1.129.109.223] has joined #tlponies
02:52:18 -!- DoT|Phone [~Dot@1.129.109.223] has joined #tlponies
02:56:26 -!- DoT|Phone1 [~Dot@1.129.109.223] has joined #tlponies
02:57:01 -!- DoT` [~Dot@1.129.109.223] has joined #tlponies
03:28:31 -!- Micen [~Micen@h148.242.40.162.dynamic.ip.windstream.net] has joined #tlponies
03:37:55 -!- DoT|Phone [~Dot@1.129.109.223] has joined #tlponies
05:21:55 -!- skrm [webchat@pioj.eid3.887x.ip] has joined #tlponies
05:25:03 <skrm> mornin
05:27:48 <DuB`> Morn <3
05:30:35 <skrm> dub u ol rascal
05:38:10 <skrm> You know how when you wake up all asdffsdgdf and you just know you've overslept?
05:38:19 <skrm> thats a bad way to start a day
05:38:48 <DuB`> I have blhaglahbla mornings pretty randomly.
05:39:13 <DuB`> Over or undersleep, but only sometimes
05:39:14 <DuB`> I unno
05:48:49 <skrm> When I woke up I found my phone with all the alarms turned off under my pillow
05:48:59 <skrm> I guess I slept pretty soundly
06:00:18 <DuB`> lol
06:04:39 <DuB`> Did some oberwajes
06:05:07 <DuB`> Unfortunately I've been playing with those other friends so much that my alt is near lv200 and I still don't have gold border on the main :T
06:07:15 <DuB`> skrm I may have gotten this https://metathreads.com/collections/surefour/products/surefour-tisumi-angel-white-tee
06:08:43 <skrm> whats up with the grill with the syringe on the back
06:08:52 <DuB`> It's TISUMI
06:09:26 <skrm> I dont know who that is D:
06:09:32 <DuB`> https://www.youtube.com/watch?v=1sJeQgeN8Wg&feature=youtu.be
06:09:40 <DuB`> Just surefour mascot :P
06:09:53 <DuB`> 'Cause he weeb
06:10:12 <DuB`> Name of his first alt account that sort of became an alter-ego and whole thing
06:10:26 <Camail_> HA i knew it
06:10:28 <Camail_> you ARE a weeb
06:10:42 <Camail_> also that needle is broken
06:10:45 <DuB`> Can I be weeb if I haven't watched an anime in MONTHS?
06:10:54 <Camail_> having a needle break inside you doesn't feel great
06:11:04 <Camail_> yes dub because you read manga too
06:11:15 <Camail_> also go watch s2 of OPM
06:11:22 <Camail_> i really enjoyed it
06:12:04 <DuB`> o ya
06:12:46 <skrm> wat is opm
06:12:53 <DuB`> WAN PAAAAAAAAAAAAANCH
06:13:02 <skrm> oh right
06:13:24 <skrm> singular strike fellow
06:13:49 <DuB`> Immediate pugilistic victory fellow
06:13:52 <DuB`> Anyway 2am zzz
06:13:55 <skrm> zzz
06:13:56 <skrm> nite nite
06:14:34 <Camail_> skrm pls
06:14:39 <Camail_> y u make all the NA all sleepy
06:14:42 <Camail_> so sleepy
06:14:52 <Camail_> z
06:14:53 <skrm> wow must be my glowing personality
06:14:57 <skrm> u cunt
07:12:07 <Rawr|Phone> 🐴🐴🐴
07:55:27 -!- Runbunny [~Runbunny@91.100.28.10.generic-hostname.arrownet.dk] has joined #tlponies
08:04:02 -!- Golly [Golly@cm-84.212.249.112.getinternet.no] has joined #tlponies
08:07:47 -!- reification [~thomas@cpc76294-cosh16-2-0-cust297.6-1.cable.virginm.net] has joined #tlponies
08:07:48 -!- mode/#tlponies [+v reification] by Q
08:35:50 <reification> morn tlp
08:36:28 <skrm> mornin reif
08:43:26 <reification> hei skramannen
09:10:05 <Rawr|Phone> Horses
09:10:29 <reification> rawrses
09:10:54 <Rawr|Phone> Good morning reef reef
10:45:50 -!- DoT` [~Dot@1.129.108.134] has joined #tlponies
10:45:59 <DoT`> hi pons <3
10:48:18 <DoT`> skrm https://www.reddit.com/r/dwarffortress/comments/cifucc/the_32_first_matchups_with_almost_proper_size_of/
10:49:16 <reification> hello dotties
10:49:38 <skrm> why doesnt a harp seal man have legs, dot?
10:50:58 <DoT`> he doesnt need them
10:51:17 <DoT`> lol pic 12
10:51:52 <DoT`> and 15
10:52:36 <DoT`> runbun, look at no.17
11:01:30 <reification> red panda!
11:02:15 <Runbunny> Hello.
11:02:24 <DoT`> i think she has a good shot
11:02:55 <Runbunny> Oh!
11:41:53 <Rawr|Phone> 🐴🐴
11:50:25 <DoT`> rawr <3
11:50:41 <Rawr|Phone> Dot ❤
12:17:42 <skrm> is it quite late in australia now bjørn
12:17:58 <DoT`> 10:17
12:28:04 <Runbunny> When are you going hunting Dot?
12:38:10 <DoT`> its a bit late, im on a plane back to england in 14 hours
13:45:53 <skrm> why are you going to england dot
13:45:58 <skrm> i thought you lived in australia now
13:47:50 <Runbunny> It's an invasion Jonas.
14:03:04 <Bio> panis
14:04:31 <Runbunny> Professor Bio.
14:08:43 <Bio> I have tenure!
14:13:44 <Bio> moar fire emblem
14:13:45 <Bio> soon
14:14:00 <Bio> tm
14:56:42 <Bio> ?biostream
14:56:46 <Bio> we bek bois
14:57:01 <Bio> fire emblem, we learning how to murder efficiently
15:59:13 <skrm> im gonna look at it when i come to the home
16:51:58 -!- tredc [~tredc@c83-254-129-166.bredband.comhem.se] has joined #tlponies
17:10:25 -!- DuB` [DuB@cpe-68-174-122-249.nyc.res.rr.com] has joined #tlponies
17:20:08 -!- Cane [~Cane@CaneCraft.users.quakenet.org] has joined #tlponies
17:20:08 -!- mode/#tlponies [+o Cane] by Q
17:21:17 -!- skram [~skram@82.102.22.94] has joined #tlponies
17:25:03 <DuB`> wikt retweeted a picture of my house, dunno how he found it https://twitter.com/AlexJayBrady/status/1155137085512269824?s=20
17:26:03 <Rawr|Phone> Probably stalking you
17:44:48 <reification> zounds https://www.reddit.com/r/CasualUK/comments/cihj4w/waitrose_has_out_waitrosed_itself/
18:35:51 -!- Camail [~Camail@45.40.84.145] has joined #tlponies
18:35:51 -!- mode/#tlponies [+v Camail] by Q
18:38:03 <Camail> pls
18:39:24 <Rawr|Phone> No
18:42:09 <Camail> fine
18:50:01 -!- Rawr|Fone [~AndChat52@m83-185-92-60.cust.tele2.se] has joined #tlponies
19:11:31 <DuB`> reification I discoverd I'm either really good or very lucky at the OWL predictions thing
19:11:36 <DuB`> 'cept it seems like it's down today
19:13:08 <reification> i'm sure you are very skilled
19:13:20 <reification> and well it is a beta i think
19:18:54 <Runbunny> Reminds me of liquibets, I chose based on the picture and I got very lucky.
19:18:57 <Runbunny> Good times.
19:32:07 <DuB`> Haha!
19:53:41 -!- BioPone [~androirc@mobile-107-92-123-236.mycingular.net] has joined #tlponies
20:00:49 <Zounds> phrenology is the one true science
20:18:41 <Bio> asdf
21:31:01 <Runbunny> .tell DoT` Hob done did the run.
21:32:22 <reification> it was your sub that made the difference bun
21:33:42 <Runbunny> Since it was gifted to me, like 2 weeks ago. I think no.
21:33:46 <Runbunny> But you never know.
21:33:56 <reification> chaos theory says yes
21:34:19 <DuB`> You were the butterfly wings, Runbunny
22:02:00 <Runbunny> There is some construction thing going on in my apartment complex, so there is barely any pressure on the water. 
22:02:20 <Runbunny> It's very annoying when it's this warm.
22:43:30 -!- Rawr|Phone [~AndChat52@c213-89-110-176.bredband.comhem.se] has joined #tlponies
22:46:55 -!- Golly [Golly@cm-84.212.249.112.getinternet.no] has joined #tlponies
