00:04:28 <skrm> i bet they dont even have tractors in NYC
00:09:16 <DuB`> There's a farmers museum in queens
00:09:21 <DuB`> Apparently
00:11:11 -!- Rawr|Fone [~AndChat52@c-4eb4e655.020-164-6d6c6d4.bbcust.telenor.se] has joined #tlponies
00:32:51 <skrm> we should go there
00:41:39 <Runbunny> skrm, https://i.imgur.com/5VEoN8H.jpg
00:42:16 <skrm> cutting toxic people out of your life = murder?
00:42:18 <skrm> runbun, please
01:03:04 <Runbunny> skrm, I feel like you make that what face a lot.
02:02:13 -!- Rawr|Fone [~AndChat52@c-4eb4e655.020-164-6d6c6d4.bbcust.telenor.se] has joined #tlponies
02:19:37 -!- Rawr|Fone [~AndChat52@c-4eb4e655.020-164-6d6c6d4.bbcust.telenor.se] has joined #tlponies
02:51:58 <Camail> skram are you home yet
03:14:43 <skrm> no
03:14:48 <skrm> still 2 hours to go
03:24:51 -!- BioPone [~androirc@97.70.165.146] has joined #tlponies
03:27:44 -!- BioPone [~androirc@97.70.165.146] has joined #tlponies
03:30:55 -!- BioPone [~androirc@97.70.165.146] has joined #tlponies
03:43:20 -!- BioPone [~androirc@97.70.165.146] has joined #tlponies
04:09:03 -!- Rawr|Fone [~AndChat52@c-4eb4e655.020-164-6d6c6d4.bbcust.telenor.se] has joined #tlponies
04:58:30 -!- Rawr|Fone [~AndChat52@c-4eb4e655.020-164-6d6c6d4.bbcust.telenor.se] has joined #tlponies
05:27:38 -!- BioPone [~androirc@97.70.165.146] has joined #tlponies
05:30:51 -!- BioPone [~androirc@97.70.165.146] has joined #tlponies
05:31:24 -!- skram [~skram@134.19.189.140] has joined #tlponies
05:49:53 -!- BioPone [~androirc@97.70.165.146] has joined #tlponies
05:53:15 <Camail> jesus
05:53:23 <Camail> everything is flooding
05:53:28 <Camail> not my house
05:53:32 <Camail> but everything else
05:53:37 <Camail> ok my house is flooding a little
05:53:42 <Camail> but not enough to care
05:54:03 <skram> dude just toss some rice in the basement
06:00:30 <Camail> got 3 feet (1m) in the two apartments at the ground level, i have to help relocate them tomorrow
06:00:51 <skram> yikes
06:00:58 <skram> thats a lot of rice, camail
06:01:12 <Camail> yes well we get to eat a lot of rice, then
06:05:58 <skram> is it raining where you live cam
06:06:06 <skram> or did the polar caps melt finally
06:06:10 <Camail> for the last 14 hours, yes
06:10:38 <Dot|Phone> Skram wtf
06:10:49 <skram> whats up dot
06:11:05 <Dot|Phone> I did not live in joburg! That's very insulting
06:11:15 <Dot|Phone> Also morning
06:11:17 <skram> is it?
06:11:35 <skram> cape town then
06:11:45 <Dot|Phone> Have you seen joburg!? 
06:11:50 <skram> no
06:12:19 <Dot|Phone> Awful place, no one lives there unless forced to by work
06:13:28 <skram> im not terribly impressed by any part of SA that has people, Dot
06:13:52 -!- Dot` [webchat@cloak-vnm1j07w.71.208.46.dyn.plus.net] has joined #tlponies
06:15:47 <Dot|Phone> Hmm. Fair point, but Cape Town has a lot of nice ppl,. Joburg is full of uptight angry people who would rather be anywhere else
06:28:34 <Dot|Phone> How's your going skram
06:29:05 <DuB`> Help I can't stop hunning mons
06:31:47 <Dot`> poor monsters :(
06:32:02 <Dot`> stop breaking into thier homes and doing murder dub
06:32:27 <Dot`> also dub have you tranfered dnd character yet in prrep
06:32:32 <Dot`> prep for tonight
06:38:32 <skram> so sleepy Dot`
06:38:35 <skram> i should go to bed soon
06:38:51 <Dot`> aww
06:38:54 <Dot`> gnight skram <3
06:39:38 -!- Rawr|Fone [~AndChat52@c-4eb4e655.020-164-6d6c6d4.bbcust.telenor.se] has joined #tlponies
06:40:10 <Dot`> Rawr Rawr Rawr
06:40:12 <Dot`> <3 <3 <3
06:46:52 -!- Golly [Golly@cm-84.213.21.103.getinternet.no] has joined #tlponies
07:15:09 -!- Rawr|Fone [~AndChat52@c-4eb4e655.020-164-6d6c6d4.bbcust.telenor.se] has joined #tlponies
07:15:17 -!- BioPone [~androirc@97.70.165.146] has joined #tlponies
07:26:50 <Rawr|Fone> DoT DoT DoT
07:26:55 <Rawr|Fone> ❤❤❤
07:28:32 <DuB`> Dot` Micen I got confused because it was exporting not importing that I needed to do, and the old game was already renamed to be about demons and I got them mixed up... I think I got it in now
08:09:19 <Dot`> i want crumpets but it would mean i have to go to the store
08:11:17 -!- Rawr|Fone [~AndChat52@c-4eb4e655.020-164-6d6c6d4.bbcust.telenor.se] has joined #tlponies
08:30:37 -!- BioPone [~androirc@97.70.165.146] has joined #tlponies
08:40:09 -!- reification [~thomas@cpc76294-cosh16-2-0-cust297.6-1.cable.virginm.net] has joined #tlponies
08:40:10 -!- mode/#tlponies [+v reification] by Q
08:43:21 -!- Runbunny [~Runbunny@91.100.28.10.generic-hostname.arrownet.dk] has joined #tlponies
08:46:35 <reification> hello runbun https://twitter.com/mike_nether/status/1177727980233089024
08:47:51 <Runbunny> Hai
08:48:18 <Runbunny> Hehe "Back up!"
08:50:04 <Dot`> DAMMIT
08:50:09 <Dot`> now i recall why i went to the shops
08:50:12 <Dot`> crumpets
08:50:27 <Dot`> well RIP, not going back out in that downpour
08:51:10 <Runbunny> Order some online for delivery.
08:51:11 <reification> :(
08:51:31 <reification> there's this thing called a shopping list dot
09:05:01 <Dot`> i didnt think i would need one for 3 items >.>
09:12:42 -!- tredc [~tredc@c83-254-129-166.bredband.comhem.se] has joined #tlponies
09:18:38 <Runbunny> Dot dot.
09:18:51 <Dot`> Angel
09:20:17 <Runbunny> What did you need crumpets for?
09:20:58 <Dot`> its raining and saturday
09:20:59 <reification> breakfast one would assume
09:21:04 <Dot`> its perfect crumpet weather
09:21:32 <reification> somehow it's sunny here for the next few hours
09:26:02 <Runbunny> So crumpets are a food for rainy weather?
09:29:37 <Dot`> food for any weather
09:30:00 <Dot`> but like a nice warm crossioant  they are even better on a nice rainy morning
09:45:04 <Golly> what is it about me that attracts jehovas witnesses
09:45:11 <Golly> they find me every time
09:48:04 <Dot`> i just imagine golly out in the snowscapes of northern sweden hiding out in a bunker in the forest
09:48:10 <Dot`> and getting a knock on the door
09:51:37 <Golly> well change the analogy to norway and im on board
09:54:51 -!- Rawr|Fone [~AndChat52@m83-185-91-235.cust.tele2.se] has joined #tlponies
10:05:58 <Dot`> reif, runbun https://imgur.com/gallery/NoS5SEv
10:06:43 <Dot`> .tell phearlock https://imgur.com/gallery/yPsvCTs
10:17:36 <Rawr|Fone> Dot dot
10:17:40 <Rawr|Fone> I am on a train
10:17:46 <Rawr|Fone> Can you entertain me
10:19:14 <Dot`> where you off too rawr
10:19:31 <Rawr|Fone> I am playing a tournament in helsingborg
10:19:43 <reification> serval!
10:22:38 <Dot`> servils are my favourite none wold cat i think, though norwegion forest cats are close
10:22:51 <Dot`> Rawr, any big names at the tourney?
10:24:47 <reification> yes rawr is there :D
10:24:53 <Rawr|Fone> Lots of good players
10:25:00 <Rawr|Fone> Including englands best u20 player
10:26:52 <Dot`> ooo
10:27:12 <Dot`> you feeling confident?
10:29:41 <Rawr|Fone> I might need some more practice before I can challenge people like that :p
10:40:50 <Runbunny> You can do it Henrik.
10:40:55 <Runbunny> It's easy for you.
10:47:11 <reification> F https://www.npr.org/sections/thetwo-way/2017/09/18/551792129/stanislav-petrov-the-man-who-saved-the-world-dies-at-77
11:37:32 <Runbunny> I'm out.
11:37:46 <Runbunny> Time to ride my bike and see a friend.
11:47:19 <Dot`> always off being social
14:03:47 -!- reification [~thomas@cpc76294-cosh16-2-0-cust297.6-1.cable.virginm.net] has joined #tlponies
14:03:48 -!- mode/#tlponies [+v reification] by Q
14:27:47 -!- DuB` [DuB@cpe-68-174-122-249.nyc.res.rr.com] has joined #tlponies
14:37:23 <Dot`> dub dub
14:37:28 <DuB`> dot dot
15:21:30 -!- Camail [~Camail@45.40.84.145] has joined #tlponies
15:21:30 -!- mode/#tlponies [+v Camail] by Q
15:27:46 <DuB`> HR100 here I come :P
15:47:06 <Bio> asdf
15:47:07 <Bio> morn
15:49:20 -!- skram [~skram@134.19.189.140] has joined #tlponies
15:49:59 <reification> oh dear busan map borked in ow
15:50:12 <reification> server crashes 2 mins into game every time..
15:55:47 <Bio> how do
15:55:51 <Bio> fix game blizrad
15:56:03 <reification> smol indie
16:28:20 <Camail> dub whats your hr now
17:19:13 -!- Micen [~Micen@h186.243.40.162.dynamic.ip.windstream.net] has joined #tlponies
17:26:26 -!- skrm [webchat@pioj.eid3.887x.ip] has joined #tlponies
17:37:44 <Dot`> skrm
17:38:29 <skrm> dot
17:39:26 <Dot`> hey, thats me
17:41:02 <skrm> marvelous
17:42:08 <Dot`> are you surviving jonas
17:42:56 <DuB`> O, 11 HR Camail :P
17:43:08 <Camail> >_>
17:43:20 <Camail> hr is locked behind quest progression for a long time
17:47:18 <skrm> barely, dot
18:15:12 <Rawr|Fone> Jonas snela
18:18:12 <skrm> i am the snelest, rawr
18:18:15 <Bio> a real human bean
18:19:15 <Rawr|Fone> The snelest hest
18:27:10 <Bio> hestagong
18:27:30 <Rawr|Fone> Hästapålle
18:27:53 <Rawr|Fone> Havremoppe
18:34:06 -!- BioPone [~androirc@mobile-107-92-121-83.mycingular.net] has joined #tlponies
18:41:23 <reification> hmm i missed solar cycle 25 being predictd smol https://www.nasa.gov/feature/ames/solar-activity-forecast-for-next-decade-favorable-for-exploration
18:41:29 -!- Phearlock [webchat@cloak-mmem9569.215.120.245.getinternet.no] has joined #tlponies
18:41:33 <Phearlock> evening ponypons
18:41:41 <reification> good for explore space, good for dot getting snow
18:41:44 <Rawr|Fone> Good evening phear
18:41:47 <reification> hi phear
18:43:44 <Dot`> hey phear
18:47:35 <reification> .tell runbunny https://twitter.com/40hara/status/1176635192435453952
18:51:41 -!- Micen [~Micen@h186.243.40.162.dynamic.ip.windstream.net] has joined #tlponies
18:57:15 <reification> hi micen
19:01:11 -!- BioPone [~androirc@97.70.165.146] has joined #tlponies
19:07:54 -!- Runbunny [~Runbunny@91.100.28.10.generic-hostname.arrownet.dk] has joined #tlponies
19:07:59 <Runbunny> Hai.
19:08:17 <Dot`> wb runbun
19:08:22 <Dot`> how was your friend
19:12:56 <reification> bun
19:17:46 <Runbunny> Pretty good.
19:34:32 <skrm> hows my friend runbun
19:36:41 -!- Rawr|Phone [~AndChat52@c-4eb4e655.020-164-6d6c6d4.bbcust.telenor.se] has joined #tlponies
20:06:37 <skrm> why is work internet so bad Dot` 
20:06:46 <skrm> we're the internet company
20:06:51 <skrm> and i get like 50% packet loss
20:07:36 <Dot`> are you not the power company?
20:07:43 <skrm> well
20:07:44 <skrm> both
20:10:10 <Dot`> thats very cnfusing
20:14:25 <skrm> is it?
20:14:39 <skrm> we supply both electricity and internets
20:14:45 <skrm> and hot water
20:16:06 <Dot`> thats communism
20:21:24 -!- Rawr|Fone [~AndChat52@c-4eb4e655.020-164-6d6c6d4.bbcust.telenor.se] has joined #tlponies
20:24:59 <Dot`> skram :(
20:25:03 <Dot`> today is a sad day
20:25:03 <Dot`> https://imgur.com/gallery/uiEjl3u
20:33:05 <skrm> yeah i know :(
20:33:11 <skrm> rip lööp cat
20:36:28 -!- Rawr|Fone [~AndChat52@c-4eb4e655.020-164-6d6c6d4.bbcust.telenor.se] has joined #tlponies
20:38:54 <reification> oh steam is down D:
20:45:25 <Runbunny> Hello.
20:45:33 <Runbunny> Jonas, friend.
20:59:46 <skrm> Anders pal
21:01:04 <Runbunny> My friends.
21:01:09 <Runbunny> I am tired.
21:02:17 -!- Rawr|Fone [~AndChat52@c-4eb4e655.020-164-6d6c6d4.bbcust.telenor.se] has joined #tlponies
21:04:01 <reification> soon you can sleep bun
21:05:14 <Runbunny> Eternal rest?
21:09:32 -!- BioPone [~androirc@97.70.165.146] has joined #tlponies
21:09:39 <Camail> i took a nap
21:09:42 <Camail> feel much better
21:10:39 <Dot`> great
21:12:15 -!- Golly [Golly@cm-84.213.21.103.getinternet.no] has joined #tlponies
21:24:54 -!- Rawr|Fone [~AndChat52@c-4eb4e655.020-164-6d6c6d4.bbcust.telenor.se] has joined #tlponies
21:41:31 -!- Rawr|Fone [~AndChat52@c-4eb4e655.020-164-6d6c6d4.bbcust.telenor.se] has joined #tlponies
21:59:06 -!- BioPone [~androirc@97.70.165.146] has joined #tlponies
22:10:49 -!- skram [~skram@82.147.53.18] has joined #tlponies
22:14:06 <Dot`> wb skram
22:26:02 <Camail> oh, dot i found one of the golem jewels
22:26:10 <Camail> its the worst one, but it's still one!
22:26:38 <Dot`> nice!
22:47:45 -!- Rawr|Fone [~AndChat52@c-4eb4e655.020-164-6d6c6d4.bbcust.telenor.se] has joined #tlponies
23:04:40 -!- BioPone [~androirc@97.70.165.146] has joined #tlponies
23:18:18 <skrm> dot how did you turn on my desktop at home
23:29:24 <Runbunny> With his mind.
23:32:08 <Dot`> with love skram
23:38:30 -!- Crisium [~Crisium@c-24-3-150-105.hsd1.pa.comcast.net] has joined #tlponies
23:42:45 <Dot`> Crisium: <3
23:42:54 <Crisium> howdy
23:45:30 <CockRoach|42> hors hors
23:46:47 <Dot`> its a Cr horse
23:52:34 <CockRoach|42> <3
23:55:44 <skrm> i bet he broke into my apt and is currently stealing my secret stash of anime grill reaction gifs
23:56:05 <Crisium> skram has secret stash of anime grills :O
23:58:27 <CockRoach|42> is it really a secret?
23:59:11 <DuB`> skram has many discord Komis
