00:01:56 <Dot`> thanks
00:02:12 <skram> im a cat person this time DuB`
00:02:16 <skram> its your turn to be the dwarf
00:02:24 <Micen> I was right!
00:02:49 <Micen> when i was handling the editing of the pic i said it was you skram!
00:02:56 <Micen> dot was making me question it 
00:03:09 <skram> what? i like cats
00:03:28 <Micen> That was my thought as well
00:03:31 <skram> maybe we shoulda homebrewed a half dwarf tabaxi
00:03:32 <Dot`> skram, the edited image is in disocrd
00:03:38 <skram> marvelous
00:03:42 <Dot`> didnt want to ping you here and tip micen off
00:03:43 <skram> hat details to follow
00:03:53 <DuB`> lul
00:03:54 <Dot`> please check if it meets standards
00:04:12 <DuB`> I ALMOST made a dorf, skram, but half-orcs are also v tuff strong
00:04:16 <skram> very dapper
00:04:16 <DuB`> Well, I still could
00:04:22 <skram> hol up
00:04:23 <Micen> I have ate, are there mons to hunt?
00:04:34 <skram> are you saying that dwarfs are not tuff&strong??
00:04:50 <Dot`> dub, dorf battle master fighter with commanding strike
00:04:57 <Runbunny> there are always monsters to hunter.
00:04:59 <Dot`> so skram can do 2 sneak attacks pls
00:05:02 <Runbunny> hunt*
00:05:05 <DuB`> What if
00:05:10 <DuB`> I just want max ac+hp
00:05:11 <DuB`> :P
00:05:19 <DuB`> Mountain dorf mebbe
00:05:33 <Dot`> then you would be a barb with full plate
00:05:41 <Micen> Dot sneak attack is once per turn. 
00:05:51 <Dot`> once per turn yes, not once per round
00:05:52 <Rawr|Fone> Runbunny it's time to go to bed
00:06:00 <Micen> oh!
00:06:19 <Dot`> yea, you can sneal attack on AoO
00:06:24 <Dot`> sneak attack too
00:06:32 <Micen> that sounds dumb
00:06:52 <Runbunny> Not quite yet Henrik :/
00:07:11 <Dot`> you can check the rules on me micen, but im pretty sure
00:07:20 <Dot`> rawr, why you still up
00:07:44 <Rawr|Fone> I just woke up 
00:07:58 <Rawr|Fone> Going back to sleep
00:08:14 <Dot`> gl rawr <3
00:08:29 <Rawr|Fone> Just wanted to see what my favorite pons are up to
00:08:36 <Micen> yes, you can sneak attack out of turn
00:08:40 <Dot`> your the best rawr
00:09:03 <Rawr|Fone> No you dot ❤❤
00:09:07 <Dot`> <3
00:09:55 <Camail> Dot`  RAW it says once per turn, not once on your turn. I'd personally dm-errata that to once on your turn
00:10:13 <Camail> if not you get into some ambiguous unfun player stuff
00:11:04 <Camail> because if you dnt do that you could sneak attack with your standard action, then sneak attack on someone else's turn with a reaction AoO
00:11:12 <Camail> which is dumb
00:12:09 <Dot`> i never see it used, but it allows for player combos and team work i think
00:12:18 <DuB`> Oh yah I had forgotten about the bonuses from hill/mountain variant on dorfs, maybe I ditch half-orc...
00:14:03 <Camail> Dot` if you wanna do combos hold your standard action, that seems more obviously balanced
00:17:41 <Dot`> rogues are squishy and only have 1 attack, if he is staying in combat and the fighter uses commanding strike there are give and takes happening there so the players can do something together
00:18:12 <Camail> yea, and do 200% of their intended damage
00:18:21 <Camail> they have a disengage action almost for free
00:18:46 <Dot`> players are not balanced, the game is designed that they are powerful, and even then I can kill them anytime i want
00:18:52 <Camail> sneak attack is meant to be used once per round, isn't that obvious
00:18:56 <Dot`> the rogue cant disengage if he stays there
00:19:43 <Dot`> https://dnd.wizards.com/articles/features/rules-answers-february-2016
00:20:10 <Dot`> seems they intend it can be used more
00:20:24 <reification> hmmm i checked z32o discord and it has announcement that implies massive life changes
00:20:51 <reification> twitter bio says she/her
00:20:57 <reification> that would explain it
00:21:11 <Camail> weren't they married
00:21:22 <reification> i think so cam
00:21:24 <Dot`> I hope it works out for her then
00:21:24 <skram> how does that explain the furry porn
00:21:26 <Dot`> and yes cam
00:21:29 <Dot`> they had a cat
00:21:48 <reification> the fursona arrived like a year ago skram
00:21:57 <reification> called derpy dot
00:22:06 <Camail> ugh
00:22:10 <Dot`> yea, that was it
00:22:30 <skram> ive not been paying attention at all i guess
00:23:57 <Camail> the fursona part is w/e
00:24:03 <Camail> naming it after a pony is fucking boring
00:24:39 <Dot`> the cats name was derpy
00:25:18 <Camail> oh, reif's messages confused me
00:25:46 <Camail> i thought the names the character "derpy dot"
00:25:55 <Camail> which gave me a distinct chill down my spine
00:26:01 <Dot`> HAHA
00:26:04 <reification> lol
00:26:14 <DuB`> Same actually lol
00:26:16 <Dot`> that would make me uncomfortable
00:26:42 <Camail> no you see my disgust
00:26:46 <Camail> now*
00:30:43 <skram> well then
00:30:49 <skram> whats the name of your fursona camail
00:31:02 <Camail> i never put in the time to make one
00:31:21 <Camail> nor have i felt the need for that particular escape
00:31:38 <Golly> is that a new thing like a zombie plan
00:31:48 <Golly> do we need a plan for furries
00:31:59 <Dot`> dont the guns work for that too?
00:32:26 <skram> spray bottle
00:32:59 <skram> or i guess a flail but with a buttplug attached to a tail
00:33:54 <Golly> i think that would work better if you throw it like a distraction
00:34:10 <skram> i guess
00:34:14 <skram> what happens if you get bitten?
00:34:40 <Micen> Same thing that happens in zombie movies
00:34:54 <Dot`> you hide it?
00:35:07 <DuB`> And then get shot later
00:35:12 <Micen> and then when the group least suspects is you turn
00:35:18 <skram> and after a while you start thinkin bout yiffing
00:35:20 <Golly> haha right up untill you start leg humpin
00:35:22 <skram> then its too late
00:38:54 <Golly> yiff in hell - starring bruce campbell
00:39:21 <skram> lol
00:39:22 <skram> perfect
00:45:11 <Camail> skram are you going to sleep yet
00:46:29 -!- carcinisation [~thomas@cpc76294-cosh16-2-0-cust297.6-1.cable.virginm.net] has joined #tlponies
00:46:29 -!- mode/#tlponies [+v carcinisation] by Q
00:46:37 <skram> soon probably
00:46:40 <skram> what up
00:48:54 <carcinisation> https://twitter.com/41Strange/status/1202412544331149312
00:48:56 <Camail> nothing
00:49:04 <Camail> making sure you dont pull a runbun
00:49:36 <Runbunny> Hello?
00:49:37 <Runbunny> What?
00:50:00 <Camail> runbun go to sleep
00:50:16 <Runbunny> Not yet :/
00:51:24 <carcinisation> i shall go then
00:51:27 <carcinisation> night all
00:51:31 <skram> i dont mind pulling runbun ;) ;) ;)
00:51:34 <skram> gnight reifmannen
00:52:11 <Runbunny> O:
01:09:54 <Runbunny> I'll try sleeping.
01:10:13 <Camail> gl
02:11:40 -!- Rawr|Fone [~AndChat52@c-4eb4e655.020-164-6d6c6d4.bbcust.telenor.se] has joined #tlponies
04:46:15 -!- Rawr|Fone [~AndChat52@c-4eb4e655.020-164-6d6c6d4.bbcust.telenor.se] has joined #tlponies
06:12:22 -!- Rawr|Fone [~AndChat52@c-4eb4e655.020-164-6d6c6d4.bbcust.telenor.se] has joined #tlponies
07:09:52 <Rawr|Fone> 🐴🐴🐴
07:31:26 -!- Dot|Phone [uid393803@2001:67c:2f08:8::6:24b] has joined #tlponies
07:31:37 <Dot|Phone> Morning
07:32:18 <Dot|Phone> Runbun
07:32:28 <Dot|Phone> I hope you slept
07:40:57 -!- Rawr|Fone [~AndChat52@c-4eb4e655.020-164-6d6c6d4.bbcust.telenor.se] has joined #tlponies
09:20:57 -!- Golly [~kvirc@cm-84.213.21.103.getinternet.no] has joined #tlponies
09:22:43 -!- skram [~skram@178.239.173.228] has joined #tlponies
09:28:52 <Dot|Phone> Jon as
09:29:52 <skram> B. Jørn
09:32:48 <Runbunny> I am awake.
09:33:22 <Dot|Phone> But did you also
09:33:27 <Dot|Phone> Sleep *
09:45:38 <Runbunny> Yes.
09:48:07 <Dot|Phone>  Great 
10:27:36 -!- reification [~thomas@cpc76294-cosh16-2-0-cust297.6-1.cable.virginm.net] has joined #tlponies
10:27:36 -!- mode/#tlponies [+v reification] by Q
10:31:15 <reification> morning tlp
10:31:59 <Runbunny> Hai Reif.
10:32:14 <reification> hej bun
10:33:01 <Dot|Phone> Hey reef 
10:33:10 <reification> hi dotties
11:19:56 <reification> .tell dub` https://theladyvictoria.itch.io/toripon
11:32:37 -!- Rawr|Fone [~AndChat52@c-4eb4e655.020-164-6d6c6d4.bbcust.telenor.se] has joined #tlponies
11:38:58 <Dot|Phone> Pon Pon
11:41:41 <skram> dot halv asked me if i wanted to do a dorf barb and do a buddy cop show thing
11:42:01 -!- tredc [~tredc@c83-254-129-166.bredband.comhem.se] has joined #tlponies
11:42:02 <skram> which sounds kinda fun tbh but i already got my edgy^2 rogue
11:44:18 <Rawr|Fone> Jonas friend
11:44:33 <skram> henrik polare
11:44:52 <Rawr|Fone> How are you today my dear
11:45:22 <skram> good enough i guess
11:45:26 <skram> hows your face
11:46:31 <Rawr|Fone> Pretty gooood
11:46:40 <Rawr|Fone> Just got back from the gym
11:46:50 <Rawr|Fone> I have a job interview on monday
11:47:36 <skram> hell yeah
11:47:41 <skram> you're gonna win
11:47:45 <reification> gl rawr
11:50:12 <Rawr|Fone> Thanks pons
11:52:46 <Dot|Phone> Oh noes skram
11:53:02 <Dot|Phone> Next one shot please, buddy cop dorfs
11:53:24 <Dot|Phone> Rawr! Gl horse <3
11:53:24 <skram> nah next one shot is where im gonna be the elf ranger, of course
11:53:55 <Rawr|Fone> DoT DoT DoT
11:53:59 <Dot|Phone> Have you been watching goblin slayer again skram? 
11:54:06 <Dot|Phone> Rawr Rawr Rawr
11:54:10 <Dot|Phone> 💖💖💖
11:54:39 <Rawr|Fone> 💖💖💖
11:54:40 <skram> souka
11:54:57 <Dot|Phone> I don't know Danish skram
11:55:14 <skram> https://www.youtube.com/watch?v=EIhPh2kCGMk
11:56:12 <Dot|Phone> Someone spent a lot of time on this
11:57:59 <skram> its good to have a hobby, lad
11:59:47 <Dot|Phone> But one with such degeneracy... 
11:59:59 <skram> goblin slayer is wholesome
12:00:52 <skram> goblin rape notwithstanding, of course.
12:01:03 <Dot|Phone> He took his helmet off skram! Such indecency! 
12:01:28 <skram> maybe he has a hat on underneath
12:01:29 <skram> who knows
12:01:39 <Dot|Phone> Also he is now no longer a mandalorian
12:04:38 <Dot|Phone> You could still be the guy who says " I'm too old for this shit" in a buddy cop movie skram. This is about the halv thing. 
12:04:58 <Dot|Phone> Your cat looks old enough
12:54:02 <Rawr|Fone> 🐴🐴
13:06:40 -!- Rawr|Fone [~AndChat52@c-4eb4e655.020-164-6d6c6d4.bbcust.telenor.se] has joined #tlponies
13:09:32 -!- Rawr|Phone [~AndChat52@m83-185-87-131.cust.tele2.se] has joined #tlponies
13:34:50 -!- Rawr|Fone [~AndChat52@c-4eb4e655.020-164-6d6c6d4.bbcust.telenor.se] has joined #tlponies
13:55:56 -!- Rawr|Fone [~AndChat52@c-4eb4e655.020-164-6d6c6d4.bbcust.telenor.se] has joined #tlponies
14:35:04 -!- Rawr|Fone [~AndChat52@c-4eb4e655.020-164-6d6c6d4.bbcust.telenor.se] has joined #tlponies
14:36:00 <reification> .tell dub` https://twitter.com/tipiidesu/status/1199189082397499392
14:39:13 <skram> rin pls
14:53:12 -!- Rawr|Fone [~AndChat52@c-4eb4e655.020-164-6d6c6d4.bbcust.telenor.se] has joined #tlponies
14:57:37 <Rawr|Fone> DoT
15:09:07 <Dot|Phone> Rawr
15:09:24 <Rawr|Fone> Spike wants to say hi https://imgur.com/a/o5DHcoM
15:09:50 <Dot|Phone> !!!! 
15:10:03 <Dot|Phone> Please hug him
15:10:23 <Dot|Phone> What a great dog
15:11:30 <Rawr|Fone> He is pretty great
15:11:34 <Rawr|Fone> Just like you dot
15:12:14 <Runbunny> What a dog.
15:14:16 <Dot|Phone> No u
16:00:25 <Runbunny> reification, https://www.youtube.com/watch?v=61bnEfmPbIo
16:27:56 -!- Dot` [webchat@cloak-yh0bvvn2.123.7.51.dyn.plus.net] has joined #tlponies
16:53:49 <reification> length 0s
16:55:09 <reification> also this is not minecraft youtube
16:58:00 <Dot`> hmm
17:08:30 <reification> technically correct https://pbs.twimg.com/media/EKedZmMXUAAiaj5.jpg
17:19:37 <Runbunny> It was dark souls.
17:19:51 <Runbunny> She beat the first boss and then ended the stream :/
17:20:28 <Runbunny> but as I was watching it I thought a lot about this video https://www.youtube.com/watch?v=ax7f3JZJHSw
17:25:18 <reification> ah i remember that one
18:12:11 -!- Rawr|Fone [~AndChat52@c-4eb4e655.020-164-6d6c6d4.bbcust.telenor.se] has joined #tlponies
18:27:24 <Golly> https://www.youtube.com/watch?v=PMBXJ9I3pJM
18:29:19 -!- BioPhone [~androirc@12.33.239.117] has joined #tlponies
18:51:51 <BioPhone> 45h work week. It sure didn't feel like it
18:56:16 <Dot|Phone> Rip
18:57:18 <BioPhone> Well better than 45 on sat
18:58:58 -!- Zounds [webchat@cloak-07ouvien.14-2.cable.virginm.net] has joined #tlponies
18:59:08 <Zounds> hey
18:59:19 <Dot|Phone> Hey zounds
19:11:35 -!- BioPhone [~androirc@12.33.239.117] has joined #tlponies
19:21:40 -!- BioPhone [~androirc@12.33.239.117] has joined #tlponies
20:07:15 -!- carcinisation [~thomas@cpc76294-cosh16-2-0-cust297.6-1.cable.virginm.net] has joined #tlponies
20:07:15 -!- mode/#tlponies [+v carcinisation] by Q
20:10:03 <BioPhone> Blurst
20:10:05 <BioPhone> Pon
20:12:15 <reification> bio blest pon
20:26:39 -!- carcinisation [~thomas@cpc76294-cosh16-2-0-cust297.6-1.cable.virginm.net] has joined #tlponies
20:26:39 -!- mode/#tlponies [+v carcinisation] by Q
20:28:02 <Dot|Phone> Pon
20:28:35 -!- DuB` [DuB@cpe-68-174-122-249.nyc.res.rr.com] has joined #tlponies
20:28:47 <Runbunny> Dub.
20:28:48 <carcinisation> dub!
20:31:03 <DuB`> !
20:31:09 <Dot|Phone> Dub
20:34:57 <Runbunny> Did you see the defender weapons Dub?
20:43:09 <DuB`> Ya
20:44:01 <Runbunny> I also finally played the witcher mission, first time ever trying the sword and shield.
20:44:16 <Runbunny> completion time was 51 minutes. :/
20:44:30 <DuB`> I was also around 50 min
20:46:00 <Runbunny> I saw the option was there, to swap weapons but I figured I'd do it at least once as geralt.
20:49:23 -!- skram [~skram@178.239.173.228] has joined #tlponies
20:49:51 <DuB`> Hardest part of the fight was just keeping the pukei alive and not getting comboed by jagras :P
20:51:55 * skram slaps DuB` around a bit with a large trout
20:52:06 <DuB`> no 
20:52:13 <skram> oh
20:53:26 -!- Cane [~Cane@CaneCraft.users.quakenet.org] has joined #tlponies
20:53:26 -!- mode/#tlponies [+o Cane] by Q
20:53:32 <skram> whats your face like today dub
20:53:34 <Dot|Phone> Hey Cane
20:53:59 <Cane> Hello hello. <3
20:54:32 <skram> cane old rascal
20:57:59 <Runbunny> Darn Jagras.
20:58:04 <Runbunny> Get out of here, shoo!
20:58:20 <DuB`> skram my face needs some pizza, probably
20:58:22 <skram> he just want to be frens :(
20:59:48 <DuB`> I don't need a whole herd of lil jagras frends
21:00:56 <skram> how do you know
21:03:33 -!- Crisium [~Crisium@c-24-3-150-105.hsd1.pa.comcast.net] has joined #tlponies
21:04:02 <Dot|Phone> Cris pon
21:06:57 <BioPhone> One pizza pls
21:07:07 <skram> comin right up
21:07:14 <skram> left side beef with extra pineapple right
21:07:20 <Dot|Phone> I et my pizza already 
21:09:37 <Crisium> i ate za for lunch
21:09:45 <skram> madness
21:10:05 <Rawr|Fone> Pizza is not for ponies
21:12:27 -!- Micen [~Micen@h54.212.18.98.dynamic.ip.windstream.net] has joined #tlponies
21:14:13 <Dot|Phone> A small piece is ok as a treat
21:14:45 <skram> how much is a small piece
21:15:39 <Micen> like 2/3rds or the whole thing
21:15:47 <Micen> i dont know what we are talking about
21:15:48 <skram> sounds good
21:16:07 <Micen> is it cakes and/or pies?
21:16:16 <skram> pi za
21:16:21 <Micen> then 3. 
21:16:29 <skram> ah i see
21:21:55 <Dot|Phone> Skram
21:22:00 <Dot|Phone> http://imgur.com/gallery/a74OV4G
21:22:34 <skram> bröther
21:33:07 -!- BioPhone [~androirc@12.33.239.117] has joined #tlponies
21:33:21 <BioPhone> Asdf
21:41:22 <Rawr|Fone> Ghjk
21:42:12 <Dot|Phone> Zxcv
21:48:39 <BioPhone> I soon leave horselords
21:48:48 <BioPhone> Home time is soon
22:00:21 -!- BioPone [~androirc@mobile-166-170-22-175.mycingular.net] has joined #tlponies
22:09:59 -!- Rawr|Fone [~AndChat52@c-4eb4e655.020-164-6d6c6d4.bbcust.telenor.se] has joined #tlponies
22:16:56 -!- Rawr|Fone [~AndChat52@c-4eb4e655.020-164-6d6c6d4.bbcust.telenor.se] has joined #tlponies
22:25:58 <DuB`> Don't send me work at 5pm on a friday >:(
22:25:59 <DuB`> booooo
22:27:28 <Zounds> that's a bit shit DuB` 
22:28:24 <Dot`> can i send you work dub to counter it?
22:28:29 <Dot`> i need that character done
22:28:55 <DuB`> hm
22:30:13 <Dot`> 3 ppl have made characters solo and ive had to correct 2 of them
22:31:16 <DuB`> K I haven't eaten all day an am about to faint, brb for that
22:32:20 <Dot`> dub is not very good at dont starve
22:47:25 <DuB`> It's troo
22:47:52 <DuB`> O hey the roll20 charactermancer is neat. Forces a lv1 tho?
22:49:42 <Dot`> its best to get lvl 1
22:49:47 <Dot`> then do each level
22:49:54 <Dot`> one at a time
22:53:03 <Bio> hen
22:53:04 <Bio> lo
22:53:46 <Dot`> hi
23:01:18 <Bio> bois
23:01:21 <Bio> its pizza time
23:01:29 <Bio> frig yeah
23:14:12 <Dot`> dub did you spend your ASI's?
23:19:59 <DuB`> No, looking at feats 'n stuff now
23:21:04 <DuB`> Also can I get plate? :P
23:23:12 <Dot`> yes
23:23:29 <DuB`> wew
23:34:01 <Bio> fireworks for some random fuckin reason
23:36:28 <Bio> and they fuckin LOUD
23:40:11 <skram> jesus christ bio you would not believe how many fuckin plates i got up in this bitch
23:40:21 <skram> in just another 30 hours i might just into space
23:40:26 <skram> what then, swedes?
23:40:59 <Dot`> how many trains you got though?
23:41:13 <DuB`> Are you FACTORII?
23:41:16 <Bio> mutha effin P L A T E S
23:41:34 <skram> hellz yeah
23:43:48 <Dot`> dub do you have any magic item requests?
23:43:56 <DuB`> :O
23:44:00 <Dot`> also skram
23:44:20 <skram> aye pal
23:44:38 <skram> can i get a sword of extra stabbing please
23:52:04 <Dot`> well do you check discord enough?
23:54:09 <DuB`> A shield! Arrow-catching, missile attraction, +1, spellguard all seem cool. I unno if they're OP
23:54:26 <Dot`> haha
23:54:43 <Dot`> as mentioned in discord yesterday, a common or uncomman magic item
23:54:53 <Dot`> you just named rare and up
23:54:56 <DuB`> O
23:55:00 <DuB`> I didn't see rarity
23:55:02 <DuB`> Oke
23:55:15 <Dot`> np
23:55:19 <DuB`> +1 and sentinel are uncommon
23:56:43 <Dot`> +1 what
23:56:48 <DuB`> Sheeld
23:58:59 <skram> dot what does r flame tongue mean
