00:06:53 <Camail> Runbunny  patch notes ARE coming out in a few hours if you manage to stay awake
00:07:20 <Runbunny> I am not.
00:07:32 <Runbunny> Gonna a like 2 slides more then sleep.
00:07:36 <Runbunny> add*
00:11:23 <Runbunny> New tree and PoB updates will probably also be out before friday.
00:15:08 <Camail> the website tree wont be updated until legion
00:15:19 <Camail> but they are giving out  the data to the community
00:15:22 <Camail> so it will be on pob
00:31:03 <Runbunny> There's another online site. I forget it's name.
00:31:32 <Runbunny> Anyhoo. I can sleep like 6 hours if I go to bed right now.
00:31:37 <Camail> gogogo
00:31:40 <Runbunny> Goodnight!
00:31:41 <Camail> good night roonboon
00:59:59 -!- Rawr|Fone [~AndChat52@84-217-62-32.customers.ownit.se] has joined #tlponies
02:15:29 -!- Camail_ [~Camail@45.40.84.145] has joined #tlponies
02:15:29 -!- mode/#tlponies [+v Camail_] by Q
02:15:40 -!- BioSC [~BioPon@97.70.165.146] has joined #tlponies
02:38:30 -!- Rawr|Fone [~AndChat52@84-217-62-32.customers.ownit.se] has joined #tlponies
03:59:28 -!- Rawr|Fone [~AndChat52@84-217-62-32.customers.ownit.se] has joined #tlponies
04:48:29 -!- Rawr|Fone [~AndChat52@84-217-62-32.customers.ownit.se] has joined #tlponies
06:05:36 -!- ShotgunPrincess [Westy543@c-73-93-93-161.hsd1.ca.comcast.net] has joined #tlponies
06:05:42 -!- mode/#tlponies [+v ShotgunPrincess] by Q
06:23:06 -!- Rawr|Fone [~AndChat52@84-217-62-32.customers.ownit.se] has joined #tlponies
06:46:02 <Rawr|Fone> 🐴🐴🐴
07:01:30 -!- Golly [Golly@cm-84.212.249.112.getinternet.no] has joined #tlponies
07:10:31 <DoT|Phone> Morning
07:23:35 <Rawr|Fone> DoT DoT DoT
07:26:33 <DoT|Phone> Rawr Rawr Rawr
07:26:38 <DoT|Phone> 💖💖💖
07:26:54 <Rawr|Fone> 💖💖💖
07:34:09 -!- DoT|Phone1 [~Dot@185.69.144.157] has joined #tlponies
07:41:47 <DoT|Phone1> .tell camail yea we should play V2 sometime also that other game we played once hell...Something
07:44:13 <DoT|Phone1> what's the plan today Rawr
07:49:03 <Rawr|Fone> I'm gonna go to the gym
07:49:17 <Rawr|Fone> And then play table tennis later tonight
07:49:24 <DoT|Phone1> great
07:49:32 <Rawr|Fone> Waiting for a response with the job thing
07:49:59 <DoT|Phone1> jobs are silly like that
07:50:00 <Rawr|Fone> I did a programming test for another company and waiting for a response from them too
07:50:31 <DoT|Phone1> how you feel that test went?
07:50:54 <Rawr|Fone> It showed the result when I turned it in
07:51:03 <DoT|Phone1> ah
07:51:14 <Rawr|Fone> I got 100% on the first task and 92% on the second
07:51:24 <DoT|Phone1> those are good marks
07:51:36 <Rawr|Fone> I hope it's good enough
07:52:01 <DoT|Phone1> would you prefer the second job/
07:54:55 <Rawr|Fone> Maybe
07:55:01 <Rawr|Fone> It's closer to home
07:55:25 <DoT|Phone1> hmm. that's always a nice thing
07:56:58 <Rawr|Fone> I just want to have time for gym and table tennis
07:59:32 <DoT|Phone1> smart
08:01:52 <Rawr|Fone> I'll tell you if they respond dot
08:03:56 <DoT|Phone1> thanks Rawr, gl
08:14:09 <Rawr|Fone> How are you doing today dot
08:35:47 <DoT|Phone1> I'm ok Rawr. writing
08:35:51 <DoT|Phone1> working*
08:38:26 <Rawr|Fone> As usual
08:38:32 <Rawr|Fone> What a good pon
10:08:03 <Rawr|Fone> 🐴🐴🐴
10:20:41 <Micen|Droid> You dare post emoji in the Irc rawr? 
10:22:30 <Rawr|Fone> Absolutely
10:27:00 -!- Rawr|Phone [~AndChat52@m83-185-91-184.cust.tele2.se] has joined #tlponies
10:38:00 -!- Micen|Droid_ [~Micen@ip-99-203-32-152.pools.cgn.spcsdns.net] has joined #tlponies
10:40:07 -!- Micen|Droid [~Micen@h96.113.89.75.dynamic.ip.windstream.net] has joined #tlponies
10:45:13 <DoT|Phone1> you dare shorten the word emoticon Micen?
11:48:47 -!- Micen|Droid [~Micen@h96.113.89.75.dynamic.ip.windstream.net] has joined #tlponies
12:11:28 -!- BioPone [~androirc@mobile-166-170-25-249.mycingular.net] has joined #tlponies
12:38:02 -!- BioPone [~androirc@12.33.239.117] has joined #tlponies
12:42:20 -!- Rawr|Fone [~AndChat52@84-217-62-32.customers.ownit.se] has joined #tlponies
12:52:06 <Rawr|Fone> Beep boop
13:22:48 <DoT|Phone1> Rawr Rawr
13:23:14 <Rawr|Fone> Dot Dot
13:23:24 <Rawr|Fone> 💖💖
13:24:15 <DoT|Phone1> 💖💖
14:38:40 -!- BioPone [~androirc@12.33.239.117] has joined #tlponies
14:42:42 -!- BioPone [~androirc@12.33.239.117] has joined #tlponies
15:12:46 -!- reification [~thomas@cpc76294-cosh16-2-0-cust297.6-1.cable.virginm.net] has joined #tlponies
15:12:46 -!- mode/#tlponies [+v reification] by Q
15:13:02 <Rawr|Fone> Reef reef!
15:13:04 <Rawr|Fone> Good evening
15:15:34 -!- Camail [~Camail@45.40.84.145] has joined #tlponies
15:15:34 -!- mode/#tlponies [+v Camail] by Q
15:15:43 <Rawr|Fone> And a camail too
15:15:49 <Rawr|Fone> Wonderful
15:16:54 <Camail> all the bois
15:17:23 <Camail> DoT|Phone1  helldivers
15:17:38 <Camail> yea you got us that game, i'd like to actually learn to play it
15:21:16 <DoT|Phone1> oh yea
15:21:26 <DoT|Phone1> hey Reif, cam
15:25:59 -!- Runbunny [~Runbunny@91.100.28.10.generic-hostname.arrownet.dk] has joined #tlponies
15:26:04 -!- BioPone [~androirc@12.33.239.117] has joined #tlponies
15:26:08 <DoT|Phone1> Runbun!
15:26:26 <Runbunny> Hai.
15:28:13 <Rawr|Fone> Anders
15:28:18 <Rawr|Fone> My dear friend
15:29:19 <Runbunny> Henrik.
15:30:04 <Rawr|Fone> How are things in denmarkland
15:36:36 <Runbunny> It's melting.
15:36:56 <Runbunny> It is election day today. 
15:37:58 <Runbunny> and there's a guy that I don't want to get elected. However he's is at the threshold.
15:40:46 -!- Rawr|Phone [~AndChat52@m83-185-92-169.cust.tele2.se] has joined #tlponies
15:45:02 <reification> hi roar roar, dotties, runbun
15:46:01 <reification> .tell bio https://twitter.com/MINECRAFTMILF/status/1135905793360969728
15:55:37 <Runbunny> Hai Reif.
15:56:14 <Camail> runbun pob has the skill tree but not the gems
15:56:32 <Runbunny> Yes.
15:56:37 <Runbunny> I was just making my build :D
15:56:48 <Camail> does generic attack damage double dip on conversions
15:57:00 <Runbunny> Nothing double dips.
15:57:04 <Runbunny> At least not anymore.
15:57:32 <Camail> ah, yea i was trying to find recent threads but it's hard
15:58:11 <Camail> converted damage is affect by all the types of increased damage, but generics only apply once?
15:58:17 <Camail> makes sense
15:58:20 <Runbunny> It used to, You just get a shaper weapon, which granted you non chaos damage as extra chaos damage. That would give extra chaos damage for each conversion.
15:59:45 <Camail> also, +1 minimum endurance charges runbun
15:59:49 <Camail> that's dank as fuck, runbun
15:59:58 <Runbunny> Minimum?
16:00:00 <Camail> yes
16:00:05 <Camail> bottom of the tree
16:00:26 <Camail> i'm tempted to make a vigilant strike build
16:02:15 -!- Zounds [webchat@cloak-07ouvien.14-2.cable.virginm.net] has joined #tlponies
16:02:24 <DoT|Phone1> Zounds
16:02:51 <Zounds> hey
16:03:46 <Runbunny> Apparently betrayal league had items that gave + 1 minimun charges as well.
16:06:05 <Camail> well that node let me use multistrike, which i am happy about
16:08:39 <Runbunny> You probably have plenty of endurance charge generation anyway.
16:09:10 <Camail> if i was using warlord's mark, sure
16:16:43 -!- DoT|Phone [~Dot@232.123.7.51.dyn.plus.net] has joined #tlponies
16:17:11 <Camail> occultist got murdered
16:19:02 -!- Dot` [~Dot@232.123.7.51.dyn.plus.net] has joined #tlponies
16:22:58 -!- BioPone [~androirc@12.33.239.117] has joined #tlponies
16:25:50 -!- BioPone [~androirc@12.33.239.117] has joined #tlponies
16:39:46 -!- BioPone [~androirc@12.33.239.117] has joined #tlponies
16:41:00 -!- skram [~skram@134.19.189.68] has joined #tlponies
16:41:33 <skram> asdafg
16:43:39 <Dot`> my favourite!
16:43:40 <Dot`> a skram
16:44:35 <Camail> you could do better
16:44:58 <Dot`> doubtful
16:45:03 <Dot`> runbun https://imgur.com/gallery/2kpTvlX
16:45:36 <Dot`> you look too cam
16:45:46 <Dot`> everyone needs otters
16:46:15 <Camail> animals discovering lenses are always funny
16:46:25 <Camail> it's like the mirror test but trippy
16:55:23 -!- BioPone [~androirc@12.33.239.117] has joined #tlponies
16:57:59 <skram> im so hangry dot
16:59:07 <Dot`> oh noes
16:59:14 <Dot`> pls eat
16:59:41 <skram> but im too tired to cook
16:59:52 <Dot`> same
17:00:13 <Dot`> you should order food
17:07:22 -!- BioPone [~androirc@12.33.239.117] has joined #tlponies
17:23:22 <Runbunny> Rawr|Phone, Help... I am melting.
17:23:29 <Runbunny> It's too hot.
17:26:30 <reification> get some mint choc chip ice cream
17:27:27 <skram> Maybe your cold black heart will thaw finally runbun
17:45:51 <reification> oh i just noticed it is no longer new year :O
17:54:57 <reification> rawr dot https://twitter.com/historylvrsclub/status/1135045414690930689
17:55:22 <Dot`> the best of boys
18:10:43 <Rawr|Phone> It's summer anders
18:11:44 <Dot`> rawr there was a pokemon reveal thing
18:11:48 <Dot`> and there was a sword dog
18:11:59 <Rawr|Phone> I saw a little bit of it
18:20:45 <Dot`> skram i may just skip supper tonight, im tired and not really hungry
18:21:08 <skram> i had some yoghurt instead
18:21:12 <skram> maybe you should do that, too
18:21:27 <Dot`> i have no yoghurt :(
18:21:54 <skram> you should keep some
18:22:26 <skram> its the easiest thing you can eat
18:23:19 <Dot`> hmm, probably
18:28:42 -!- Rawr|Fone [~AndChat52@84-217-62-32.customers.ownit.se] has joined #tlponies
18:30:18 <Rawr|Fone> You shouldn't skip meals dot
18:30:22 <Rawr|Fone> Food is important
18:30:58 <Dot`> im tired rawr
18:31:21 <Rawr|Fone> That doesn't change anything my dear
18:36:06 -!- tredc [~tredc@c83-254-129-166.bredband.comhem.se] has joined #tlponies
18:37:06 <Dot`> bring me food pls rawr
18:38:30 <skram> dot you're a grownup
18:39:09 <Dot`> debatable
18:39:11 <Rawr|Fone> Just give me some time dot
18:44:34 <skram> bring the boy some kladdkaka
18:47:37 <skram> i get my summer bonus in a week
18:47:49 <skram> boy i cant wait to spend all my hard earned skrilla on bills
18:48:20 <Rawr|Fone> Bills and lego?
18:49:51 <Dot`> and strawberyy plants
18:50:35 <Zounds> I ate kladdkaka when I was in sweden
18:50:42 <Zounds> I called it lembas cake because it was very dense
18:50:59 <Zounds> made me think of that elvish bread
18:51:02 <Rawr|Fone> Kladdekauga
18:51:21 <skram> is that how you say it in skåne
18:51:25 <Rawr|Fone> Yes
18:51:55 <skram> i have some bad news, rawr
18:51:59 <skram> people in skåne are weird
18:52:19 <Rawr|Fone> Lies and slander
18:55:21 <Rawr|Fone> Kladdekauga me flöte jonas
18:56:16 <reification> bio https://www.youtube.com/watch?v=fGt6qezSIBw
18:57:33 <reification> .tell dub` https://twitter.com/41Strange/status/1134946468136071168
19:02:47 <skram> Dot` https://www.youtube.com/watch?v=6kYco2Zt-cM
19:05:23 <Dot`> why does this exist skram
19:06:35 <skram> better question is why have this only existed since 2018
19:09:01 <Rawr|Fone> Probably because of skrams degenerate activities dot
19:09:23 <Dot`> hmmm, makes sense rawr
19:09:31 <skram> please
19:09:38 <skram> dont blame me for early 00s pop music
19:10:34 <Rawr|Fone> I think I will
19:10:56 <skram> this is the gravest injustice
19:13:35 <Dot`> have you tried not being at fault skram?
19:15:46 <skram> y'all are the worst
19:24:29 -!- Gollie [~Golly@cm-84.212.249.112.getinternet.no] has joined #tlponies
19:27:52 -!- BioPone [~androirc@12.33.239.117] has joined #tlponies
19:29:34 <reification> cr|42 https://twitter.com/stwuffies/status/1135206219101196289
19:34:19 -!- Phearlock [webchat@cloak-e3kb14bi.208.146.128.getinternet.no] has joined #tlponies
19:34:26 <Phearlock> Evening ponypons
19:34:45 <Dot`> pear pon <3
19:35:02 <Phearlock> New british knight raven pokemon looks sweet
19:35:17 <Phearlock> I want to hug it
19:35:29 <Dot`> all ive seen is sif
19:35:38 <Phearlock> https://swordshield.pokemon.com/assets/img/articles/pokemon_corviknight_2x.jpg
19:35:46 <Phearlock> very majestic
19:35:53 <Dot`> looks good
19:35:55 <Phearlock> Sif is cute too. doggo with pointy stick
19:36:01 <Rawr|Fone> Knight birb
19:36:01 <Phearlock> dogs love sticks
19:42:44 -!- BioPone [~androirc@12.33.239.117] has joined #tlponies
19:44:56 <Dot`> hows the intenret skram
19:45:26 <skram> my vaporwave remixes load so fast
19:46:30 <Zounds> \o/
19:46:47 <Dot`> did you start watching chernobyl yet?
19:47:34 <skram> no but im gonnap do it right now
19:48:16 -!- skraam [~skram@82.147.53.83] has joined #tlponies
19:48:47 <Dot`> *skram has crouched*
19:49:33 -!- skraaam [~skram@134.19.189.140] has joined #tlponies
19:49:50 <Dot`> is this a vpm IN a VPN
19:50:09 <Dot`> ready to hack the kremlin
19:50:13 <skraaam> It wouldnt let me while I pretended to be in holland
19:50:39 <skraaam> Good luck catching me now putin, im behind 7 proxies
19:51:59 <Dot`> hows the build planning going cam?
19:52:20 <Camail> it's hard, lots of numbers
19:53:05 <Camail> i have a chieftain build, but i really just want someone else to make a berserker build for me
20:06:53 <skraaam> rmbk reactors dont asplode he said
20:07:00 <skraaam> right after it had indeed done an asplosion
20:07:15 <Dot`> he wouldnt lie skram!
20:07:35 <skraaam> maybe he just a dummy
20:08:47 <Dot`> its only 3,6, nothing to worry about
20:09:17 <skraaam> todays lesson
20:09:28 <skraaam> intrumentation range limits
20:09:49 <Dot`> i told you the series was 3,6/10 skram
20:10:24 <skraaam> i dont think i got the reference at the time
20:10:34 <Dot`> but you do now!
20:10:49 <skraaam> yay
20:11:18 <Rawr|Fone> Hey skram
20:11:25 <skraaam> hey rawr
20:11:40 <Rawr|Fone> You are adorable
20:11:44 <skraaam> <3<3
20:12:03 <Rawr|Fone> ❤❤
20:20:05 <BioPone> Neigh
20:20:15 <skraaam> vrinsk
20:22:18 <skraaam> why do everyone speak british in ukraine, dot?
20:23:13 <Dot`> i read sometihng that they didnt want to have everyone using bad russian accents
20:24:20 <skraaam> maybe its for the best yeh
20:24:21 <Dot`> no one would be able to tell the diffrence in ukraine district dialects, this made it more reaching
20:25:30 <BioPone> I'm building a box of stuff at work pons
20:27:03 <skraaam> what sort of stuff bio
20:41:08 <skraaam> secret stuff apparently
20:41:12 <Camail> but dot
20:41:14 <Camail> muh stalker
20:41:43 <Dot`> i know cam, there is a real lack of guitars in chernobyl
20:42:03 <Dot`> but i dream of a world where they will now make season 2 and its in fact STALKER
20:42:04 <Camail> i'm glad hbo has a good show to keep subscriptions up
20:42:14 <Camail> season 2 is a multimedia event
20:42:19 <Camail> where they release stalker 2
20:42:58 <Camail> just let me play as pre-monolith strelok
20:43:01 <Dot`> still no release dat for that :(
20:43:03 <Dot`> https://www.stalker2.com/
20:43:08 <Camail> and put in a good artifact economy
20:43:28 <Dot`> date*
20:43:44 <Camail> release soldat pls
20:44:03 <Camail> sigh, i wish my old cheap vps didnt die
20:44:09 <Camail> having a soldat server was nice
20:44:45 <Dot`> you where all too good at soldat and i was still in South Africa
20:44:50 <Dot`> with that sweet 300 pping
20:45:14 <Camail> no redemption arc for you
20:45:35 <Camail> also can someone tell skram to calm the fuck down
20:45:41 <Camail> just...too many a's!
20:45:43 <Camail> far too many
20:45:47 -!- Crisium [~Crisium@c-73-174-151-51.hsd1.pa.comcast.net] has joined #tlponies
20:45:54 <Camail> it's scaring the children
20:45:54 <Dot`> chernobyl radiation cam
20:45:58 <Dot`> cris pon
20:46:10 <Camail> that's impossible dot
20:46:18 <Camail> these reactors dont explode
20:46:30 <Camail> how can he be irradiated 
20:47:09 <Camail> Runbunny so are you doing a curse build even tho occultist got mega nerfed
20:47:20 <Camail> i knew the answer before finishing that sentence...
20:47:24 <Runbunny> Yeah
20:47:26 <Camail> it makes you want to play one even more
20:47:33 <Runbunny> Ofc.
20:47:36 <Camail> now that you have awful ES
20:48:04 <Camail> well you can probably place top 100 now that there will only be like 63 players
20:48:08 <Zounds> hey cris
20:49:54 <Dot`> hmm, no ones made a gof yet of the reactor rods bouncing that i can find
20:52:17 <BioPone> Box of power skrmmaaa
20:52:27 <skraaam> pOWER
20:52:38 <Dot`> i guess chernobyl spoilers, but not really 
20:52:42 <Dot`> https://external-preview.redd.it/Zmp9cM-uzX1SCMhGFvbcS3Hx7XW3TG2C2pCfBQgb9Lk.gif?format=mp4&s=cd48d844267539876c8e88d979a5758f684a7b84
20:52:54 <Dot`> bounce bounce
20:53:09 <Dot`> 350 kg rods hopping about
20:54:02 <skraaam> This is from that other movie about it
20:54:27 <Dot`> no, its in the series as a flashback at some point
20:54:46 <Dot`> i dont tihnk the footage was taken from elsewhere?
20:54:54 <skraaam> im 9000% certain ive seen this before
21:00:41 <Camail> did you dream it
21:01:03 <skraaam> i only dream about bunny girl senpai now, cam
21:01:17 <Camail> you trash
21:01:52 <skraaam> eh
21:02:04 <skraaam> you're not wrong i guess
21:04:53 <Runbunny> I opened another window.
21:05:47 <skraaam> are you naked yet
21:05:59 <Dot`> did he ever get dressed?
21:06:04 <Runbunny> Underneath my garmens.
21:06:11 <skraaam> pervert
21:11:22 <Crisium> why does skram have so many A's now
21:11:27 <Crisium> i thought he was either 1 or 0
21:12:39 <skraaam> ive leveled up
21:16:34 <Camail> we tried keeping him restrained but there's nothing we could do
21:16:51 <Camail> we could keep people logged in as the higher a's but i dont want to expose people to that
21:17:06 <Camail> and also it would just drive him further into degeneracy with a+1
21:19:16 <skraaam> you cant contain my girth
21:20:03 <Camail> the character limit can, tho
21:22:11 <Camail> i wanna do vermintide but i'm gonna have to do something at some point soon
21:22:12 <Camail> bleh
21:24:03 <Camail> Dot`  skraaam  https://www.poebuilds.cc/
21:24:11 <Camail> gotta look for builds again
21:24:50 <Camail> people are updating stuff or making new builds in the next few days
21:24:57 <Dot`> nice
21:25:12 <Dot`> think ill go witch this time
21:27:01 <BioPone> Home time
21:27:25 <Dot`> gl
21:28:30 <skraaam> im gonna be a swordbitch
21:32:29 <Camail> arc was a fun first build
21:35:38 <Camail> skram you probably want to do a cyclone build
21:35:46 <Camail> you jump into a bunch of fuckers then spin real fast
21:35:52 <skraaam> perf
21:36:15 <Camail> gotta find a slayer cyclone build
21:47:30 <Cane> Is cyclone back?
21:47:49 <Runbunny> Yes Cane.
21:47:52 <Cane> I only played in Chaos league and there wasn't as much of that.
21:48:06 <Cane> I think I heard they changed it a bit.
21:48:16 <Runbunny> It's a channeled skill now
21:48:22 <Cane> Oh thank fuck.
21:48:30 <Cane> Game is now playable.
21:48:40 <Cane> I know they initially had it the way it was because Diablo II did that.
21:48:47 <Cane> Doesn't mean it was the right thing to do lol
21:48:56 -!- BioPone [~androirc@97.70.165.146] has joined #tlponies
21:49:25 <Camail> a lot of these builds aren't updated to 3.7 yet
21:49:44 <Camail> they just changed their tag, implying they are working on conversions, i guess
21:50:44 <Cane> I wonder if Poet's Pen Volatile Dead nonsense still works, or if they said "whoops lol patched".
21:51:43 <Camail> it was nerfed in 3.6, apparently
21:52:34 <Camail> also you can use shield charge with a wand now
21:52:43 <Camail> which a lot of people are happy about
21:52:52 <Camail> no longer stuck with flame dash as your only option
22:03:13 <Cane> Ooo.
22:03:38 <Cane> I wonder if a staff build is possible. I wanted to do one but it was always, invariably, underwhelming and nobody ever made a build that used any of the game's staffs,
22:03:50 <Cane> Despite that they were expensive as fuck.
22:03:50 <Camail> staffs are split between casters and melee now
22:04:03 <Camail> so casting affixes wont roll on certain bases
22:04:37 <Cane> Hmm.
22:05:05 <Cane> I should play again. It's been a long time. I was gonna play last league but it didn't pan out and, from all accounts, it was kind of a mess.
22:05:40 <Camail> there are tons of staff nodes in the upper left quadrant 
22:05:56 <Cane> There were back in Chaos league too, but the numbers just never worked out.
22:05:58 <Camail> i imagine templar staff builds are gonna be really node efficient
22:06:00 <Cane> Item + shield was always better.
22:06:04 <Camail> true
22:06:08 <Camail> and probably still true
22:06:11 <Cane> Sadly.
22:06:16 <Camail> but it's probably viable
22:09:46 <Runbunny> I shall retire to my bed.
22:10:36 <Camail> nn
22:10:45 <Cane> Later Runbunny. <3
22:19:59 <Camail> .tell runbunny +1 minimum endurance charge isn't broken, you can't spend it infinitely like i thought. Boooo...
22:22:10 <reification> ?zebra
22:41:20 <BioSC> frig
22:41:53 -!- BioPone [~androirc@97.70.165.146] has joined #tlponies
22:43:56 -!- Rawr|Phone [~AndChat52@m83-185-87-81.cust.tele2.se] has joined #tlponies
22:44:07 -!- Rawr|Fone [~AndChat52@84-217-62-32.customers.ownit.se] has joined #tlponies
22:47:06 <Camail> Cane  another cool thing about cyclone is that you can move while channeling
22:47:23 <Camail> reduced movespeed, but its still more than 0
22:49:44 <Camail> but yea me, runbun, skram, dot, and tentatively dub are all playing this league
22:50:02 <Camail> so we could potentially have a 6man party doing end game league content
22:50:19 <Camail> which would be fun to see at least once
22:51:27 <Camail> armor chest pieces are gonna go up in price this league, sadly
23:15:35 -!- Golly [Golly@cm-84.212.249.112.getinternet.no] has joined #tlponies
