01:27:40 <Camail> why'd you get it for free
01:34:48 <DuB`> Key came with gpu purchase
01:34:53 <DuB`> Also new wolfenstein
01:36:24 <Camail> there are cheaper ways to get free stuff, dub
01:36:29 <Camail> you dont have to buy a new card every time
01:36:55 <skrma> i dont know, almost makes that 1000 dollar gpu worth it
01:37:13 <DuB`> If $1200 is free then I am certainly doing things wrong
01:40:34 <Camail> skram go home and sleep
01:40:38 <Camail> whats wrong with you
01:40:42 <Camail> you've been working all day
01:40:52 <skrma> right
01:41:35 <skram> im home
01:41:46 <Camail> oh
01:41:48 <Camail> welcome home
01:49:22 <DuB`> So fas
01:53:23 <Bio> ASDF
02:21:02 -!- BioPone [~androirc@97.70.165.146] has joined #tlponies
02:41:51 -!- BioPone [~androirc@97.70.165.146] has joined #tlponies
02:51:25 -!- BioPone [~androirc@97.70.165.146] has joined #tlponies
02:55:34 -!- BioPone [~androirc@97.70.165.146] has joined #tlponies
05:02:06 -!- Rawr|Fone [~AndChat52@c-4eb4e655.020-164-6d6c6d4.bbcust.telenor.se] has joined #tlponies
05:16:58 -!- Rawr|Fone [~AndChat52@c-4eb4e655.020-164-6d6c6d4.bbcust.telenor.se] has joined #tlponies
05:21:47 -!- DoT|Phone [~Dot@228.89.99.195.dyn.plus.net] has joined #tlponies
05:21:52 <DoT|Phone> morning
05:24:42 -!- Rawr|Fone [~AndChat52@c-4eb4e655.020-164-6d6c6d4.bbcust.telenor.se] has joined #tlponies
05:32:41 <CockRoach|42> morning dots
05:36:20 <DoT|Phone> cr!
05:41:05 <CockRoach|42> <3
05:41:45 <DoT|Phone> <3
05:52:40 -!- DoT|Phone1 [~Dot@85.255.237.205] has joined #tlponies
06:13:21 -!- Rawr|Fone [~AndChat52@c-4eb4e655.020-164-6d6c6d4.bbcust.telenor.se] has joined #tlponies
06:23:52 <Rawr|Fone> Horse horse
06:28:27 <DoT|Phone1> Rawr Rawr Rawr
06:28:37 <DoT|Phone1> 💖💖💖
06:28:41 <Rawr|Fone> DoT DoT DoT
06:28:43 <Rawr|Fone> 💖💖💖
06:49:44 <DoT|Phone1> How's the horses today
07:05:43 <Rawr|Fone> Feeling pretty great dot
07:05:46 <Rawr|Fone> How are you
07:10:21 <DoT|Phone1> I'm ok. Just got to site
07:21:30 -!- Rawr|Fone [~AndChat52@c-4eb4e655.020-164-6d6c6d4.bbcust.telenor.se] has joined #tlponies
07:23:27 -!- Rawr|Phone [~AndChat52@m83-185-89-192.cust.tele2.se] has joined #tlponies
07:33:24 -!- Rawr|Fone [~AndChat52@host-90-232-189-14.mobileonline.telia.com] has joined #tlponies
07:47:03 -!- Runbunny [~Runbunny@91.100.28.10.generic-hostname.arrownet.dk] has joined #tlponies
07:53:20 <Rawr|Fone> Anders.
07:55:51 -!- Rawr|Phone [~AndChat52@m83-185-89-192.cust.tele2.se] has joined #tlponies
08:14:20 -!- tredc [~tredc@c83-254-129-166.bredband.comhem.se] has joined #tlponies
08:36:07 <Runbunny> Oh hello.
08:40:25 <Runbunny> Pretty heavy thundering going on.
08:41:11 <Runbunny> Or the swedes are invading.
08:47:33 <Rawr|Phone> It's a warm and sunny day runbun
08:47:39 <Rawr|Phone> Probably an invasion
08:48:20 -!- Golly [Golly@cm-84.213.21.103.getinternet.no] has joined #tlponies
09:05:23 -!- BioPone [~androirc@97.70.165.146] has joined #tlponies
09:12:02 <DoT|Phone1> Hey Runbun
09:59:32 -!- reification [~thomas@cpc76294-cosh16-2-0-cust297.6-1.cable.virginm.net] has joined #tlponies
09:59:32 -!- mode/#tlponies [+v reification] by Q
10:05:04 -!- carcinisation [~thomas@cpc76294-cosh16-2-0-cust297.6-1.cable.virginm.net] has joined #tlponies
10:05:04 -!- mode/#tlponies [+v carcinisation] by Q
10:05:09 <DoT|Phone1> reef!
10:17:51 <carcinisation> dawt
10:26:11 <Rawr|Phone> Reef reef!
10:26:29 <carcinisation> roar roar
10:28:36 <Rawr|Phone> How are you this wonderful afternoon reef reef
10:29:16 <carcinisation> i await to hear from garage how expensive the day will be
10:33:19 <carcinisation> runbunny https://twitter.com/Trad_West_Art/status/1166261513520332801
10:33:42 <carcinisation> .tell skram https://twitter.com/luvsiege/status/1166054796463357958
10:33:42 <Runbunny> I'll check after shower.
10:33:56 <carcinisation> .tell dub` https://twitter.com/SteveStuWill/status/1166467313782050816
10:34:19 <carcinisation> bun https://twitter.com/TradFemdom/status/1166298285574885376
10:37:06 <reification> ooh there's gonna be a queen's speech on my birthday
10:44:48 <Rawr|Phone> Hopefully she congratulates you
11:04:28 <reification> think you have to get to 100 for that rawr
11:06:27 <Rawr|Phone> Hmm
11:06:34 <Rawr|Phone> Maybe skram or dot has a chance
11:15:19 -!- skram [~skram@185.212.171.216] has joined #tlponies
11:19:17 -!- DoT|Phone [~Dot@85.255.237.205] has joined #tlponies
11:24:12 -!- carcinisation [~thomas@cpc76294-cosh16-2-0-cust297.6-1.cable.virginm.net] has joined #tlponies
11:24:12 -!- mode/#tlponies [+v carcinisation] by Q
11:24:46 <DoT|Phone> rude Rawr
11:25:08 <Rawr|Phone> Well it's true
11:29:17 <DoT|Phone> the truth hurts though Rawr
11:30:14 <Rawr|Phone> I feel like you are old enough to handle it dot
11:30:36 <Rawr|Phone> Being congratulated by the queen would be nice right
11:31:57 <DoT|Phone> I think it's only English that get that though
11:48:09 -!- Cane [~Cane@CaneCraft.users.quakenet.org] has joined #tlponies
11:48:09 -!- mode/#tlponies [+o Cane] by Q
11:48:14 <Rawr|Phone> At least you can almost retire and just play video games all day
11:55:34 <DoT|Phone> the dream Rawr
11:58:53 -!- Zounds [webchat@cloak-07ouvien.14-2.cable.virginm.net] has joined #tlponies
11:58:58 <Rawr|Phone> Soon dot
11:59:05 <Rawr|Phone> Good afternoon zoonds
11:59:39 <Zounds> hey
11:59:42 -!- BioPone [~androirc@12.33.239.117] has joined #tlponies
12:00:40 <Zounds> how u
12:01:39 <Rawr|Phone> Pretty gooood
12:01:42 <Rawr|Phone> Slow day today
12:01:48 <Rawr|Phone> How are you zounds
12:03:18 <Zounds> i'm alright
12:05:34 <skram> hey pals
12:06:54 <Zounds> hi
12:10:58 <Rawr|Phone> Jonas
12:13:30 <skram> Henrik, Zounds
12:13:39 <skram> how you bean
12:14:19 <Zounds> fairly decent
12:14:44 <skram> have you been up to any mischief lately
12:16:56 <Zounds> naw
12:17:07 <Zounds> well
12:17:09 <Zounds> nah
12:27:18 <carcinisation> runbunny zounds https://twitter.com/Nibellion/status/1139985085493645313
12:35:26 <DoT|Phone> Hey Skram, Zounds
12:51:27 <Runbunny> I am back from my meeting with the givers of free money.
12:52:33 <skram> did they give you any
12:56:24 <Runbunny> Yeah
12:56:34 <skram> score
12:56:39 <Runbunny> Jonas, because I have been a good boy and done my things.
12:56:52 <skram> I know, buddy
12:56:55 <skram> the best boy
12:57:03 <Runbunny> I was even on time (although sweaty) for my meeting.
12:57:52 <Rawr|Phone> What a magnificently good boy you are anders
13:19:06 <carcinisation> gj bun
13:27:50 <Runbunny> Thank you, thank you.
13:42:38 <Zounds> how's the WoW treating you so far Runbunny 
13:51:52 <skram> did you get to play at all yet
13:52:27 <Zounds> I'm not playing it myself but I'm curious as to how folks are doing
13:52:36 <Zounds> I will probably in a couple weeks
13:53:20 <skram> most of my pals who are really into it are neets or part timers so i wouldnt be able to keep up anyway
13:53:25 <skram> might give it a try in a week or two
13:53:59 <Zounds> we can be slow old men together maybe skram
13:54:12 <skram> heck yeah
13:54:58 <skram> which faction would you be
13:55:05 <Zounds> not fussed
13:55:29 <skram> I really wanna be alliance again tbh
13:55:38 <Zounds> works for me
14:07:36 <Runbunny> Zounds, queues are insane.
14:10:28 <Zounds> You thought you did but you don't roon
14:10:31 <Zounds> xP
14:23:02 <Rawr|Phone> Maybe you should quit your job skram
14:26:20 <DoT|Phone> alliance is clearly best
14:41:45 <Rawr|Phone> Gnomes are the best dot
14:42:05 <skram> almost as great as priests
14:42:08 <skram> no
14:42:10 <skram> dwars
14:42:15 <skram> d w a r f s
14:42:28 <Rawr|Phone> Let me consider
14:42:30 <Rawr|Phone> Nah
14:42:49 <skram> interesting point
14:42:50 <skram> however
14:42:52 <skram> u wrong
14:44:08 -!- DuB|fon [~androirc@155.201.42.62] has joined #tlponies
14:44:12 <Rawr|Phone> No u
14:44:20 <skram> no u
14:45:03 <DuB|fon> No me
14:45:26 <skram> yes you
14:45:29 <skram> stand still laddie
14:48:43 <Zounds> gnomes are good
14:48:54 <Zounds> dwarves are not even the best at being short
14:49:37 -!- DuB|fon [~androirc@155.201.42.62] has joined #tlponies
14:49:42 <skram> fight me irl zounds
14:49:48 <Zounds> okay
14:50:25 <Zounds> I'd rather have a drink with you though
14:57:33 -!- DuB|fon [~androirc@155.201.42.62] has joined #tlponies
14:58:39 <skram> why not both!
14:58:45 <skram> anyway, i have to go outside for a bit
14:58:57 <Rawr|Phone> Don't forget your helmet jonas
14:59:14 <skram> hai
14:59:56 <Rawr|Phone> Is that a yes
15:00:01 <DoT|Phone> Hey dub
15:05:37 <DoT|Phone> it better be Rawr
15:10:24 <Rawr|Phone> I hope so
15:40:19 -!- Camail [~Camail@45.40.84.145] has joined #tlponies
15:40:19 -!- mode/#tlponies [+v Camail] by Q
15:46:10 <carcinisation> .tell dot` :p https://twitter.com/Fire_Sister_Bee/status/1164862044522389509
15:47:21 <reification> hq animation https://twitter.com/avillanappears/status/1165398075986206721
15:48:25 <reification> .tell skram https://www.reddit.com/r/aww/comments/cw8jlp/kittens_and_2_thrifts_store_find_priceless/
15:58:18 <DoT|Phone> Haha Reif
16:09:14 -!- DoT|Phone1 [~Dot@228.89.99.195.dyn.plus.net] has joined #tlponies
16:13:31 -!- DoT` [~Dot@228.89.99.195.dyn.plus.net] has joined #tlponies
16:31:19 <Rawr|Phone> DoT DoT
16:42:40 <DoT`> rawr rawr
16:42:41 <DoT`> <3 <3
16:42:44 <Rawr|Phone> ❤❤
16:43:05 <Rawr|Phone> Are you home from work dot
16:44:59 <DoT`> yes
16:45:03 <DoT`> was making soup
16:45:20 <DoT`> i added potatoes and exra beg to a tin of vegetable soup
16:45:23 <DoT`> master cook
16:47:43 <Rawr|Phone> 🤨
16:47:52 <Rawr|Phone> Great work dot
16:47:56 <Rawr|Phone> I'm proud
16:48:15 <DoT`> that face says otherwise
16:49:18 <Rawr|Phone> Nooooo
16:51:28 <DoT`> reeeef, rawrs being mean again
16:56:22 <Rawr|Phone> I would never 
16:57:31 <DoT`> Runbunny https://imgur.com/gallery/Y7Amqzt
17:01:39 <Camail> dot.
17:02:02 <DoT`> cam
17:24:20 -!- skram [~skram@82.147.53.42] has joined #tlponies
17:24:44 <skram> Rawr|Phone i forgot my helmet
17:27:27 <Zounds> skram pls
17:28:19 <Camail> helmets are important!
17:28:28 <Camail> danger boy skram
17:28:57 <skram> RIDE OR DIE
17:29:54 <Camail>              ^
17:30:15 <DoT`> you will ride AND die without a helmet
17:30:29 <skram> even better
17:30:47 <Camail> skram pls
17:30:51 <Camail> we like you too much
17:31:01 <Camail> it would be annoying if you were dead
17:31:18 <skram> oh ok
17:35:13 <skram> DoT`: https://i.imgur.com/jHOyDYM.mp4
17:35:26 <skram> didnt you say that big dogs were gentle af
17:36:59 <DoT`> i see no intentional violance here
17:37:32 <skram> premeditated yeeting
18:00:06 <DoT`>  it is a very adorable Great Dane Skram
18:00:24 <skram> he's bullying the weak
18:00:35 <skram> more like okay-ish dane
18:01:12 <DoT`> D:
18:01:33 <DoT`> Runbun, defend your fellow Dane
18:02:19 <skram> runbun's a great dane
18:02:21 <skram> he doesnt kick his pals
18:02:35 <DoT`> all danes are great
18:02:41 <skram> no
18:03:00 <Camail> most Scandinavians are bad
18:03:08 <Camail> especially the fins
18:03:25 <Golly> good thing finland isnt scandinavia then
18:03:51 <skram> 1 finland isnt in scandinavia 2 finns are the best
18:04:39 <Camail> you two sound like a pair of dirty fins
18:05:18 <skram> i showered today u basic bitch
18:05:19 <Golly> im no lake monster im a fjeldabe thank you very much
18:05:33 <skram> siddiser
18:05:39 <Golly> :p
18:49:39 <Zounds> butts
18:57:30 <Runbunny> Nice.
19:05:56 <Camail> https://www.twitch.tv/starladder_cs_en/
19:27:51 -!- skrma [~skram@134.19.189.84] has joined #tlponies
19:34:23 <Camail> fukin RIP navi
20:16:26 -!- BioPhone [~androirc@mobile-166-177-58-43.mycingular.net] has joined #tlponies
20:17:10 <BioPhone> Neigh
20:26:49 <DoT`> bio
20:27:08 <Runbunny> Dot.
20:27:16 <Runbunny> Why is it this hot?
20:28:40 <skrma> Because you didnt eat your vegetables.
20:28:49 <Rawr|Phone> Yes dot, please lower the temperature
20:29:03 <Rawr|Phone> Anders has been a good boi
20:30:40 <Camail> i don't believe that
20:30:57 <Runbunny> It's true Camail.
20:36:27 <Camail> unlikely
20:36:44 <skrma> let me see your good boi points card
20:44:32 <Runbunny> Ehm..
20:53:40 -!- Crisium [~Crisium@c-24-3-150-105.hsd1.pa.comcast.net] has joined #tlponies
21:00:50 -!- BioPhone [~androirc@mobile-166-177-58-43.mycingular.net] has joined #tlponies
21:01:53 -!- Rawr|Fone [~AndChat52@c-4eb4e655.020-164-6d6c6d4.bbcust.telenor.se] has joined #tlponies
21:10:25 <skrma> .tell bio https://www.youtube.com/watch?v=SOYkG5VMhp8
21:15:17 <Zounds> what you up to skrma
21:16:26 <skrma> browsing bandcamp for terrible music atm
21:17:43 <skrma> i purchased a copy of this https://echo-beach.bandcamp.com/album/pink-lady-kakuteru
21:18:32 <Crisium> hopefully on casette
21:18:38 <skrma> ...yes
21:19:36 <skrma> I just repaired my old cassette deck so I need something else than my dads 79 elcamino roatrip summer jamz #3 mixtapes
21:21:11 <Crisium> nice
21:35:37 <Camail> skram is so rude and sassy
21:35:43 <Camail> how can one person be so sassy
21:36:36 <DoT`> degeneracy
21:36:45 <skrma> thats your answer to everything
21:37:00 <DoT`> your very degenerate
21:37:06 <skrma> am not
21:39:54 -!- Crisium|2 [~Crisium@173.239.197.242] has joined #tlponies
21:40:56 <DoT`> ok dear
21:41:23 <skrma> are you trying to impersonate my grandma again
21:42:42 <DoT`> you seem to need more grandma support
21:44:16 <Camail> no woman is safe around a truly degenerate weeb
21:44:53 <skrma> good thing we dont know any of those then
21:45:11 <DoT`> no women at all
21:45:23 <skrma> nono, weebs
21:46:22 <Camail> oh shit, runbun
21:46:28 <Camail> soul ripper got a div card
21:46:38 <Camail> hopefully it wont be 70ex anymore
21:47:00 <Camail> the div card must be more farmable than the temple
21:47:00 <Runbunny> !!!
21:47:11 <Camail> i can't imagine a world where it's as hard to get
21:47:15 <Camail> https://www.pathofexile.com/forum/view-thread/2625502/page/1#p22326605
21:49:56 <Camail> the double corrupted fishing rod is a solid $1k meme
21:51:09 <Runbunny> Isn't it kinda old?
21:51:36 <Camail> ?
21:53:59 <Runbunny> Fishing rods
21:55:55 <Camail> yea, but this particular whale decided to refresh the meme
21:56:02 <Camail> so it's new again
21:56:05 -!- Rawr|Fone [~AndChat52@c-4eb4e655.020-164-6d6c6d4.bbcust.telenor.se] has joined #tlponies
21:57:24 -!- Crisium [~Crisium@c-24-3-150-105.hsd1.pa.comcast.net] has joined #tlponies
22:08:23 <DoT`> reif, the queen failed us
22:09:11 <Runbunny> O:
22:09:19 <Runbunny> Elaborate please.
22:10:10 <DoT`> it turns out the prime minister can just choose to shutdown parliment
22:10:23 <Runbunny> Oh.
22:10:26 <skrma> this can only go well
22:10:27 <DoT`> but needs the queens permission
22:11:06 <DoT`> but in reality she can only really go along with it, but still! she could have said no
22:11:15 <DoT`> just to see what would happen
22:13:31 <Runbunny> If it's the same as with Denmarks queen, she'd just stop being the queen.
22:15:18 <Runbunny> Also why is it above 20 degrees? It's over midnight.
22:15:34 -!- DuB` [DuB@cpe-68-174-122-249.nyc.res.rr.com] has joined #tlponies
22:15:57 <DoT`> reif, rawr https://imgur.com/gallery/CmNNtgU
22:17:07 <skrma> Its the end times, Anders.
22:17:09 <skrma> DuB`
22:18:28 <DuB`> :O
22:19:21 <Runbunny> End me?
22:20:54 <skrma> you, me, everyone
22:21:01 <Runbunny> oh okay.
22:21:44 <skrma> we're trapped in the belly of this horrible machine, Runbunny
22:21:51 <skrma> and the machine is bleeding to death, Runbunny!
22:22:15 <Runbunny> How metaphorical.
22:22:34 <Runbunny> I am guessing that we're the ones bleeding it to death.
22:23:33 <skrma> probably
22:23:36 <skrma> i dont remember the rest
22:24:42 <DoT`> skram https://i.imgur.com/bFaaaiE.png
22:25:31 <skrma> do you have this figure in your warhammer collection dot
22:27:57 <CockRoach|42> https://i.imgur.com/kCXx62N.jpg
22:28:14 <Runbunny> DoT`, maybe the uk should try the "cup'a tea and come down" thing that Hob talks about from time to time.
22:29:14 <CockRoach|42> https://i.imgur.com/VADbpQI.jpg
22:30:10 <DoT`> i would prefer if ppl cared runbun
22:30:20 <DoT`> and no skrammmenn, i have no warhammer anymore
22:30:41 <skrma> its a pretty good faux giraffe CR
22:30:50 <skrma> why not dot
22:31:08 <skrma> you have a job now to feed your plastic figurine addiction
22:31:32 <DoT`>  i can pay rent and buy food
22:32:25 <DoT`>  i also have a large need for books
22:32:28 <DoT`> and cheese
22:32:37 <skrma> a man of vices, you are
22:32:42 <Runbunny> Dot is eating books with cheese.
22:32:58 <skrma> cant you just buy books about cheese instead
22:33:21 <DoT`> dont mix drugs skram
22:33:48 <CockRoach|42> skrma: i dunno... it looks like a real giraffe
22:34:00 <CockRoach|42> dont trust everything you read
22:34:34 <skrma> i dont know
22:34:35 <DoT`> it has a neck and girafes are widely known to have necks
22:34:44 <skrma> i want to trust you on this but you told me not to, CR
22:35:17 <CockRoach|42> DoT`: that is very reasonable
22:45:56 <Rawr|Fone> Dot is the expert after all
22:49:01 -!- BioPone [~androirc@97.70.165.146] has joined #tlponies
22:58:22 -!- Rawr|Fone [~AndChat52@c-4eb4e655.020-164-6d6c6d4.bbcust.telenor.se] has joined #tlponies
23:11:15 <Runbunny> I'm trying secret technique to sleep
23:11:24 <Runbunny> I'll tell you tomorrow if it worked
23:14:47 <Bio> i am hom
23:14:58 <Bio> a dude i worked with had his last day today
23:15:01 <Bio> p sad
23:15:08 <Bio> taught me a bunch
23:15:58 <skrma> F
23:16:03 <skrma> did you have cake
23:17:25 <Bio> we went and had a beer
23:39:41 -!- BioPone [~androirc@97.70.165.146] has joined #tlponies
