00:00:18 <BioPhone> 🙃
00:00:22 <BioPhone> Time to fly
00:05:12 <BioPhone> Cya soon
01:01:32 <Runbunny> .tell Dot` https://i.imgur.com/YBtYFpk.jpg
01:24:09 -!- Camail [~Camail@45.40.84.145] has joined #tlponies
01:24:09 -!- mode/#tlponies [+v Camail] by Q
01:32:23 -!- BioPhone [~androirc@mobile-166-177-57-108.mycingular.net] has joined #tlponies
01:32:40 <BioPhone> Henlo horsemen's
01:41:11 <Camail> yo
01:42:07 <DuB`> No they are all slepp
01:42:12 <DuB`> Only humanes left
01:45:35 <Micen_> i am here
01:47:53 <DuB`> And the jury is still out on micen's humanity
01:48:02 <DuB`> Or... equininity?
01:49:35 <Micen_> i am the devil incarnate. corrupting the youth of America with secks, drugs,  and rock and roll. 
01:50:04 <DuB`> Do you even play geetar
01:50:33 <Micen_> ...in my mind.
01:54:06 <DuB`> strum strum twang twang
02:10:21 <Camail> holy shit matt is DMing for stephen colbert
02:34:47 <Camail> marisha just had the strongest contribution to the game she's ever had
02:36:46 -!- BioPone [~androirc@mobile-166-175-61-104.mycingular.net] has joined #tlponies
02:54:49 -!- BioPone [~androirc@mobile-166-175-61-104.mycingular.net] has joined #tlponies
03:58:09 <Camail> man, campaign 2 is just... so special
04:06:38 -!- Rawr|Fone [~AndChat52@84-217-62-32.customers.ownit.se] has joined #tlponies
04:10:06 <Micen|Droid> .tell DuB` https://i.imgur.com/mYxDFm3.gifv
05:33:10 -!- BioPhone [~androirc@mobile-166-175-190-162.mycingular.net] has joined #tlponies
05:33:14 <BioPhone> Nej
05:45:22 -!- skram [~skram@185.212.171.211] has joined #tlponies
05:48:44 <Micen|Droid> Hi bio.
05:48:56 <Micen|Droid> You still alive? 
06:43:33 <DoT|Phone> nothing
06:43:43 <DoT|Phone> no. I'll try again
06:43:46 <DoT|Phone> Morning
06:43:53 <DoT|Phone> silly phone
06:50:14 <DuB`> Morning dot!
06:50:23 <DoT|Phone> dub 💖
06:50:49 <DoT|Phone> how's you
07:04:15 -!- Golly [Golly@cm-84.212.249.112.getinternet.no] has joined #tlponies
07:09:01 <DuB`> v gud
07:10:10 <DoT|Phone> great
07:14:06 <DuB`> And now hopefully gud sleep
07:14:11 <DuB`> Didn't last night for some reason :T
07:16:31 -!- DoT|Phone1 [~Dot@85.255.236.221] has joined #tlponies
07:49:05 -!- Rawr|Fone [~AndChat52@84-217-62-32.customers.ownit.se] has joined #tlponies
07:52:26 <DoT|Phone1> Rawr Rawr Rawr
07:52:42 <Rawr|Fone> DoT DoT DoT
07:52:45 <Rawr|Fone> 💖💖💖
07:53:22 <DoT|Phone1> 💖💖💖
08:01:23 -!- Cane [~Cane@CaneCraft.users.quakenet.org] has joined #tlponies
08:01:23 -!- mode/#tlponies [+o Cane] by Q
08:01:30 <Cane> Hi internet!
08:01:55 <Cane> .tell Dot Fire anomaly. https://i.imgur.com/edqe0ni.gifv
08:38:33 <Rawr|Fone> Good morning cane
08:38:59 <Cane> 'Allo Rawr. <3
08:40:34 <Rawr|Fone> <3
08:49:52 <DoT|Phone1> hey cane <3
10:24:27 -!- tredc [~tredc@c83-254-129-166.bredband.comhem.se] has joined #tlponies
10:56:45 -!- reification [~thomas@cpc76294-cosh16-2-0-cust297.6-1.cable.virginm.net] has joined #tlponies
10:56:46 -!- mode/#tlponies [+v reification] by Q
10:56:54 <DoT|Phone1> hey Reif
10:57:02 <reification> hi dotties
11:40:52 -!- Rawr|Phone [~AndChat52@m83-185-90-189.cust.tele2.se] has joined #tlponies
11:50:08 -!- BioPhone [~androirc@mobile-166-175-190-162.mycingular.net] has joined #tlponies
11:57:20 -!- BioPhone [~androirc@mobile-166-175-190-162.mycingular.net] has joined #tlponies
12:33:26 <DoT|Phone1> horse
12:43:59 <Rawr|Phone> DoT
12:44:23 <DoT|Phone1> Rawr
12:44:32 <Rawr|Phone> 💖💖
12:44:40 <Rawr|Phone> How is work dot
12:52:34 <DoT|Phone1> 💖💖
12:52:49 <DoT|Phone1> not bad Rawr. probably finish in about an hour
12:52:56 <DoT|Phone1> how's your Friday
12:53:13 <Rawr|Phone> Currently at the gym
13:00:38 <BioPhone> Sir horse
13:01:23 <DoT|Phone1> bio
13:13:49 -!- BioPhone [~androirc@mobile-166-175-190-162.mycingular.net] has joined #tlponies
13:30:25 -!- BioPhone [~androirc@mobile-166-175-190-162.mycingular.net] has joined #tlponies
13:34:35 -!- BioPhone [~androirc@mobile-166-175-190-162.mycingular.net] has joined #tlponies
13:51:25 <BioPhone> Nej
14:05:38 <DoT|Phone1> you is the nej
14:09:37 -!- Rawr|Fone [~AndChat52@84-217-62-32.customers.ownit.se] has joined #tlponies
14:11:11 <Rawr|Fone> Beep boop
14:11:14 <Rawr|Fone> Finally home
14:12:19 <DoT|Phone1> good
14:15:12 -!- BioPhone [~androirc@mobile-166-175-190-162.mycingular.net] has joined #tlponies
14:38:39 -!- DoT|Phone [~Dot@232.123.7.51.dyn.plus.net] has joined #tlponies
14:50:34 -!- Dot` [~Dot@232.123.7.51.dyn.plus.net] has joined #tlponies
14:52:42 <Rawr|Fone> Dot
14:52:46 <Dot`> Rawr
14:52:50 <Dot`> <3 <3
14:53:06 <Rawr|Fone> <3 <3
14:53:19 <Rawr|Fone> You made it home safely I see
14:56:01 <Dot`> i did
14:56:05 <Dot`> and bought pizza
14:57:33 <Rawr|Fone> Hmm
14:59:16 <Rawr|Fone> Pizza is a dangerous addiction dot
15:00:29 <Dot`> yes
15:00:33 <Dot`> so is gym
15:03:30 <BioPhone> Pizza is good and wholesome you shut ur mouth... unless it's to eat pizza
15:03:34 <BioPhone> Also hi
15:14:51 -!- skram [~skram@82.147.53.175] has joined #tlponies
15:15:36 <Dot`> skram!
15:18:44 <Dot`> happy norway day?
15:29:12 <BioPhone> Every day in Norway is happy. Or else.
15:50:44 <Rawr|Fone> Dot snela
15:50:49 -!- BioPhone [~androirc@mobile-166-175-190-162.mycingular.net] has joined #tlponies
15:51:22 <Dot`> he left rawr :(
15:51:38 <Rawr|Fone> 😥😥😥
16:04:27 -!- Camail [~Camail@45.40.84.145] has joined #tlponies
16:04:27 -!- mode/#tlponies [+v Camail] by Q
16:06:16 <Rawr|Fone> Oh
16:09:19 <Dot`> well
16:42:14 -!- BioPone [~androirc@mobile-166-175-190-162.mycingular.net] has joined #tlponies
16:54:30 <BioPone> Bois
16:57:51 <reification> bio
16:58:45 -!- DuB` [DuB@65-130-49-94.slkc.qwest.net] has joined #tlponies
16:58:48 <DuB`> :D
17:01:10 -!- skram [~skram@134.19.189.124] has joined #tlponies
17:01:32 <skram> thanks DoT|Phone
17:02:37 <DuB`> thank mr dot 
17:04:46 -!- Runbunny [~Runbunny@91.100.28.10.generic-hostname.arrownet.dk] has joined #tlponies
17:04:55 <Runbunny> Hei hei.
17:04:56 <Dot`> wat
17:05:01 <Dot`> runbun halp
17:05:06 <Runbunny> Skikkelig norway day.
17:05:17 <Runbunny> Dot how can I assist you?
17:05:32 <Dot`> im being thanked
17:05:38 <Dot`> its very confusing
17:06:04 <Runbunny> Well Dot you're a very helpful person, you should be thanked.
17:06:09 <Runbunny> How did this occur?
17:06:16 <skram> https://youtu.be/Al_Hc7c5ARk?t=6
17:07:47 <Runbunny> Jonas, there were some people in traditional norway garb at the train station.
17:07:58 <skram> people of culture*
17:10:01 <Runbunny> Ah yes. I wonder what they were doing in a danish train station in the middle of the capital.
17:12:22 <Dot`> trying to prove dominance?
17:13:51 -!- Zounds [webchat@cloak-07ouvien.14-2.cable.virginm.net] has joined #tlponies
17:13:55 <Zounds> hey
17:13:58 <skram> They were blessing the danish plebians with their presence
17:14:38 <skram> zounds pal
17:14:52 <Zounds> o/
17:15:08 -!- Golly [Golly@cm-84.212.249.112.getinternet.no] has joined #tlponies
17:15:40 <skram> gralla m/ da'n, kamerat golly
17:16:59 <Golly> jo likeså min furete og værbitte venn
17:17:48 <skram> glimrende
17:19:57 <Zounds> how's your constitution day going skram
17:20:03 <skram> well so far
17:20:10 <skram> im gonna go get drunk now though, cheers
17:20:43 <Runbunny> I feel blessed.
17:20:53 <Runbunny> Thank you Jonas, have a great night.
17:23:22 <Dot`> wear your saftey hat skram
17:24:26 <Zounds> cya skrm friend
17:30:56 -!- Dot [~Dot@232.123.7.51.dyn.plus.net] has joined #tlponies
17:32:06 <reification> dub https://www.reddit.com/r/Overwatch/comments/bp9vqa/came_across_this_gem_not_mine/
17:36:14 <BioPone> Asdf
17:36:32 <DuB`> Perfection
18:13:04 -!- BioPone [~androirc@mobile-166-175-190-162.mycingular.net] has joined #tlponies
18:23:18 <DuB`> Was gonna go level in new d3 season and ask if anyone wanted to join, but...
18:23:33 <DuB`> Apparently they are starting this one on a rolling schedule, 5pm wherever you are
18:23:38 <DuB`> So I don't have it yet!
18:24:07 <Camail> lul
18:24:08 <DuB`> I wanted to pley all day but now I stoody :T
18:24:44 <Camail> rolling schedules seem kinda dumb
18:25:07 <DuB`> Guess they wanted to avoid euros who wanted to rush for leaderboards etc not have to stay up all night
18:25:07 <Camail> well i have time to patch at least
18:25:52 <Camail> yea so now they let people in russia have a few hours of a head start
18:26:18 <Camail> it's restricting races to time zones, which is the worse of the two options
18:26:32 <DuB`> troo
18:26:59 <Camail> oh, t14-16 are a thing
18:27:08 <Camail> doesn't super matter, other than getting resources faster late game
18:27:51 <Camail> good end game chars can make speedrun builds for  gr75 without too much issue
18:29:15 <Camail> oh shit they added a search bar lul
18:29:20 <Camail> please take more things from poe
18:29:27 <Camail> its not like it's as useful int his game tho
18:32:06 <Camail> they're trying to make WD poison darts a thing, neat
18:32:38 <Camail> oh shit sage's set bonus
18:32:49 <Camail> they are upping the DB drop rate massively this season
18:32:57 <Camail> maybe because it was so ass
18:35:54 <DuB`> Now we can JUST rift :P
18:36:01 <DuB`> And more bounties this time, I guess
18:36:30 <Camail> bounties drop DBs so yea
18:36:51 <Camail> and we dont have shitty bounties where we have to run around the map for 2 minutes
18:45:51 <Camail> my hand feels like garbage to day tho, so i'll try but if there's a 5th wanting to play they can replace me
18:46:42 -!- DoT|Phone [~Dot@232.123.7.51.dyn.plus.net] has joined #tlponies
18:46:59 <DuB`> Well I can't even start until it's after midnight for the euros, doubt we'll even have 4 :P
18:48:58 <Runbunny> How long till the thing starts Dub?
18:49:18 <DuB`> Should have started for you
18:50:34 <Runbunny> Oh.
18:55:46 <Runbunny> What is the gimmick this time Dub?
18:56:27 <Camail> the unset is implicit
18:56:32 <Camail> litany
18:56:44 <DuB`> Permanent legacy of nightmares effect, which is the rings which give the buff for not using set items
18:58:16 <Runbunny> So you're crazy strong when not using set items?
18:58:45 <Camail> gotta use ancients, tho
18:58:55 <DuB`> Ye ye
18:58:57 <Camail> so lots of grinding and the power curce is more sporadic
18:59:02 <Camail> curve*
18:59:18 <DuB`> Oh I don't have the game dled lul
18:59:19 <Camail> before it was first set> top tier set> optimized top tier set
18:59:21 <DuB`> Gogo 16gb
18:59:37 <DuB`> Could do this in 30 min if I was still at uni apartment!
18:59:48 <Camail> but with lon its first set> something else> critical mass of ancients
19:01:14 <Runbunny> lel.
19:05:47 <Camail> dunno which class i want to play, tb
19:05:56 <Camail> h
19:07:03 <Runbunny> random.org
19:07:16 <Camail> nah, it's not tha ti want to play multiple
19:07:24 <Runbunny> Choose list randomizer and write every class in.
19:07:29 <Camail> it's that i dont particularly want to play any so i need to figure out what i want
19:07:42 <Runbunny> I say skip then.
19:08:00 <Camail> this is my process
19:08:12 <Camail> i dont plan on going hard, either way
19:15:49 -!- BioPone [~androirc@mobile-166-175-190-162.mycingular.net] has joined #tlponies
19:50:15 -!- BioPone [~androirc@mobile-166-175-190-162.mycingular.net] has joined #tlponies
20:01:31 <DuB`> OH
20:01:33 <DuB`> I'm 25 now wee
20:01:38 <DuB`> Forgot haha
20:09:21 <reification> gratz dub
20:10:59 <reification> runbunny https://twitter.com/PraiseTheBunz/status/1129198197912551424
20:20:26 -!- BioPone [~androirc@mobile-166-175-190-162.mycingular.net] has joined #tlponies
20:20:30 <Rawr|Fone> So old dub
20:25:29 <Dot> dub, did you get a cane to help you walk?
20:26:32 <Runbunny> Nice!
20:27:09 <DuB`> I think Cane is probably busy, Dot.
20:27:36 <Rawr|Fone> But how are you going to be able to walk dub
20:28:43 <DuB`> Force of will, probably.
20:29:01 <Rawr|Fone> Hmm
20:31:04 <Dot> im sure cane has some time for you dub
20:31:09 <Dot> he cares
20:31:35 <DuB`> Oh, d3 season start isn't full rolling-time like the article I read suggested, just 5pm pst for NA and 5pm cest for EU
20:35:28 <Camail> ah, makes much more sense
20:35:34 <Camail> thats still really late =/
20:38:58 <DuB`> These californians and their thinking they matter most!
20:47:17 <DuB`> Xcom 2 -75%, $15
20:47:20 <DuB`> Might get that one
20:48:54 <reification> finally i win a reward freeroll on sky :D
20:49:31 <Dot> huzzah
20:49:47 <reification> prob because i was listening to the greatest videogame music https://www.youtube.com/watch?v=hB9h6LHYgN0
20:57:48 <DuB`> If you says so
21:04:58 <Runbunny> idk Reif. That sounds like clustering illusion to me.
21:08:36 -!- BioPone [~androirc@mobile-166-175-190-162.mycingular.net] has joined #tlponies
21:15:10 -!- BioPone [~androirc@mobile-166-175-190-162.mycingular.net] has joined #tlponies
21:20:20 <reification> https://twitter.com/_watsu/status/1128824469047398400
21:21:57 -!- Crisium [~Crisium@c-73-174-151-51.hsd1.pa.comcast.net] has joined #tlponies
21:22:39 <reification> hi cris
21:23:29 <Crisium> hej
21:26:15 -!- Bio [~BioPon@97.70.165.146] has joined #tlponies
21:33:15 -!- carcinisation [~thomas@cpc76294-cosh16-2-0-cust297.6-1.cable.virginm.net] has joined #tlponies
21:33:16 -!- mode/#tlponies [+v carcinisation] by Q
22:15:56 -!- Crisium|2 [~Crisium@45.56.154.108] has joined #tlponies
22:16:44 <reification> double cris!
22:20:15 <Crisium|2> there can be only 1!
22:32:20 -!- BioPone [~androirc@mobile-166-175-190-162.mycingular.net] has joined #tlponies
22:32:24 <Camail> DuB` 90 minutes
22:32:37 <Camail> anyone else wanna d3
22:40:47 -!- skram [~skram@134.19.189.124] has joined #tlponies
22:41:24 <skram> hey pals
22:41:54 <reification> hi skram
22:44:04 <Dot> skram
22:45:46 <Camail> skram are you done drinking
22:45:58 <skram> ya
22:48:19 <Crisium> skrim
22:49:03 <skram> howdy pardner
22:49:04 <Camail> we gonna play d3 s17 in 75 mins skram
22:49:48 <skram> theres still seasons in d3
22:50:04 <skram> wait how many of you are there
22:58:40 -!- Micen|Droid_ [~Micen@h29.53.172.72.dynamic.ip.windstream.net] has joined #tlponies
23:01:12 <Camail> just me and dub atm
23:01:25 <Camail> no one else has said anything
23:02:41 <Dot> i sleep soon
23:03:06 <reification> likewise
23:18:13 -!- Crisium|2 [~Crisium@c-73-174-151-51.hsd1.pa.comcast.net] has joined #tlponies
23:22:37 <Camail> cris do you have d3?
23:30:16 <Runbunny> Dot, https://i.imgur.com/QfCjt1N.mp4
23:36:48 <Runbunny> I'll go read a book. Goodnight lads.
23:37:05 <skram> good luck pal
