00:07:14 <Camail> skram do you want to try uber elder at some point
00:07:51 <Camail> hmmmm, i suppose you should get uber lab first...
00:39:21 <Camail> man FUCK poe steam updates
00:39:30 <Camail> this is the worst it's ever been
00:39:44 <skrma> lol
00:40:33 <skrma> i was trying to use my external soundcard to route the guitar signal into rocksmith because i lost the speshul cable
00:40:38 <skrma> apparently its fuckin' impossible
01:31:24 -!- Rawr|Fone [~AndChat52@c-4eb4e655.020-164-6d6c6d4.bbcust.telenor.se] has joined #tlponies
01:59:29 -!- Camail__ [~Camail@45.40.84.145] has joined #tlponies
01:59:30 -!- mode/#tlponies [+v Camail__] by Q
04:19:44 -!- Rawr|Fone [~AndChat52@c-4eb4e655.020-164-6d6c6d4.bbcust.telenor.se] has joined #tlponies
05:17:52 <DoT|Phone1> Morning
06:06:27 <Zounds> hey dot
06:07:35 -!- DoT|Phone [~Dot@85.255.237.201] has joined #tlponies
06:17:23 <DoT|Phone> pon pon
06:21:23 -!- Rawr|Fone [~AndChat52@c-4eb4e655.020-164-6d6c6d4.bbcust.telenor.se] has joined #tlponies
06:23:38 <DoT|Phone> Rawr Rawr Rawr
06:48:08 <Rawr|Fone> DoT DoT DoT
06:48:11 <Rawr|Fone> 💖💖💖
06:59:29 <DoT|Phone> 💖💖💖
07:18:29 <DoT|Phone> I would like sleep please
07:35:58 -!- Runbunny [~Runbunny@91.100.28.10.generic-hostname.arrownet.dk] has joined #tlponies
07:44:02 <DoT|Phone> Angel <3
07:45:59 <Rawr|Fone> You are a workhorse dot, no sleep
07:46:08 <Rawr|Fone> Good morning anders my dear
07:50:55 -!- reification [~thomas@cpc76294-cosh16-2-0-cust297.6-1.cable.virginm.net] has joined #tlponies
07:50:55 -!- mode/#tlponies [+v reification] by Q
07:51:03 <DoT|Phone> Hey Reif
07:51:06 <reification> hey dotties
07:51:55 <reification> you don't need to worry about the suspension of parliament
07:52:20 <reification> it's only effectively for a few days and overdue at that
07:53:49 <DoT|Phone> it's for a month isn't it?
07:53:57 <reification> you have to remember MPs are real lazy
07:54:38 <reification> they have 3 weeks off for conferences almost immediately after huge summer break
07:56:06 <reification> it looks more like a bait to freak out the opposition and get them to do something dumb
07:58:56 <reification> now if they had suspended from now til november...
08:09:20 <DoT|Phone> I heard mp summer break mentioned. what the hell is that
08:10:24 <reification> they have 6 weeks or so off in summer dot
08:10:52 <DoT|Phone> they aren't school children...
08:10:54 <reification> https://www.parliament.uk/about/faqs/house-of-commons-faqs/business-faq-page/recess-dates/
08:13:07 <DoT|Phone> mad
08:39:25 -!- tredc [~tredc@c83-254-129-166.bredband.comhem.se] has joined #tlponies
08:59:59 -!- Phearlock [webchat@cloak-mmem9569.215.120.245.getinternet.no] has joined #tlponies
09:00:24 <Phearlock> hey ponypons
09:04:39 <DoT|Phone> Hey Phear a
09:04:43 <Phearlock> Fun morning of going out and getting a new modem from my ISP
09:04:44 <DoT|Phone> !*
09:04:50 <Phearlock> Storm nuked the old one last night
09:04:58 <DoT|Phone> yours borked?
09:05:03 <DoT|Phone> aww
09:05:04 <Phearlock> (thankfully only thing that borked)
09:05:11 <DoT|Phone> good
09:05:16 <Phearlock> And it was a free replacement
09:05:35 <Phearlock> I felt a bit bad for the shop lady though, she had a pile of like 12 broken appliances behind her.
09:05:42 <Phearlock> added my old modem to the pile
09:05:46 <Phearlock> busy day after the storm xD
09:05:57 <DoT|Phone> Haha
09:06:20 -!- Golly [Golly@cm-84.213.21.103.getinternet.no] has joined #tlponies
10:25:46 <reification> what was phear looking at on the internet that made god strike down his modem? :O
10:26:03 <Phearlock> I dunno, same thing as the rest of southeast norway
10:26:13 <Phearlock> 19000 lightning strikes in like 6 hours
11:16:30 -!- BioPhone [~androirc@97.70.165.146] has joined #tlponies
11:32:53 <DoT|Phone> probably Skrams fault
11:48:10 -!- BioPone [~androirc@mobile-166-177-57-232.mycingular.net] has joined #tlponies
12:29:23 -!- skram [~skram@185.217.171.22] has joined #tlponies
12:31:28 -!- Rawr|Fone [~AndChat52@c-4eb4e655.020-164-6d6c6d4.bbcust.telenor.se] has joined #tlponies
12:32:11 -!- BioPhone [~androirc@12.33.239.117] has joined #tlponies
12:47:28 -!- BioPhone [~androirc@12.33.239.117] has joined #tlponies
13:08:56 -!- carcinisation [~thomas@cpc76294-cosh16-2-0-cust297.6-1.cable.virginm.net] has joined #tlponies
13:08:56 -!- mode/#tlponies [+v carcinisation] by Q
13:29:26 <DoT|Phone> Skram horse
13:39:08 <carcinisation> .tell bio https://twitter.com/therottingking/status/1166647361680138240
13:40:38 <carcinisation> phear https://twitter.com/41Strange/status/1166895885160050688
13:55:26 <Phearlock> lizard stack! =D
14:10:14 -!- Rawr|Fone [~AndChat52@c-4eb4e655.020-164-6d6c6d4.bbcust.telenor.se] has joined #tlponies
14:18:14 <skram> hey frens
14:27:49 <skram> .tell dub` https://www.businessinsider.nl/costco-sells-cheese-wheel-weighs-72-pounds-and-costs-900-2019-8/
14:43:37 -!- Camail [~Camail@45.40.84.145] has joined #tlponies
14:43:38 -!- mode/#tlponies [+v Camail] by Q
15:11:34 -!- DuB|fon [~androirc@168.149.241.80] has joined #tlponies
15:14:45 -!- Rawr|Fone [~AndChat52@c-4eb4e655.020-164-6d6c6d4.bbcust.telenor.se] has joined #tlponies
15:20:41 -!- BioPhone [~androirc@12.33.239.117] has joined #tlponies
15:21:02 <BioPhone> He
15:22:58 <Camail> DuB|fon  liquid play next
15:23:13 <Camail> hi boi
15:23:27 <DuB|fon> :o
15:24:41 <DoT|Phone> hello
15:26:18 <Camail> dot
15:26:34 -!- DoT|Phone [~Dot@85.255.237.201] has joined #tlponies
15:45:18 -!- BioPhone [~androirc@12.33.239.117] has joined #tlponies
15:46:33 <DoT|Phone> pon
16:26:00 -!- DoT|Phone1 [~Dot@228.89.99.195.dyn.plus.net] has joined #tlponies
16:31:01 <carcinisation> dot https://www.reddit.com/r/technicallythetruth/comments/cws1ly/nice_sheep/
16:38:49 -!- DoT` [~Dot@228.89.99.195.dyn.plus.net] has joined #tlponies
16:52:41 -!- Phearlock [webchat@cloak-mmem9569.215.120.245.getinternet.no] has joined #tlponies
17:09:09 -!- Rawr|Fone [~AndChat52@c-4eb4e655.020-164-6d6c6d4.bbcust.telenor.se] has joined #tlponies
17:11:50 <carcinisation> oh boy celeste and inside both free now (on epic store)
17:13:54 <DoT`> celeste looks hard
17:14:02 -!- Micen [~Micen@h223.219.117.75.dynamic.ip.windstream.net] has joined #tlponies
17:19:37 <Zounds> I've got gamon steaks
17:19:42 <Zounds> lucky me~
17:22:46 <carcinisation> good choice
17:23:08 <carcinisation> you are very skillful dot, i'm sure you can manage
17:31:07 <Runbunny> You can do this Dot.
17:36:06 -!- Rawr|Fone [~AndChat52@c-4eb4e655.020-164-6d6c6d4.bbcust.telenor.se] has joined #tlponies
17:47:25 -!- Rawr|Fone [~AndChat52@c-4eb4e655.020-164-6d6c6d4.bbcust.telenor.se] has joined #tlponies
17:55:12 -!- BioPhone [~androirc@12.33.239.117] has joined #tlponies
18:04:05 -!- BioPhone [~androirc@12.33.239.117] has joined #tlponies
18:36:26 <DoT`> pon pon
18:37:18 <Runbunny> Dot dot.
18:37:28 <Runbunny> Play Celeste Dot.
18:38:55 <DoT`> i have so much dnd prep to do
18:39:03 <DoT`> then i need to eat something, maybe
18:39:10 <DoT`> then i may play if its not too late
18:39:23 <Runbunny> Yes.
18:49:13 <BioPhone> Po
18:49:16 <BioPhone> Knee
18:53:44 <Phearlock> hey bio
18:54:42 <Runbunny> .tell skram https://i.imgur.com/00Vjivh.jpg
18:58:15 <Runbunny> DoT`, https://i.imgur.com/WHRlrLV.mp4
19:00:41 <Camail> euros y so ded
19:01:27 <DoT`> otters!
19:06:17 <Runbunny> We're not dead!
19:07:03 <Runbunny> But Britain has it a bit rough atm I believe.
19:15:26 <Camail> runbunnnnn
19:16:07 <Runbunny> Camail.
19:16:31 <Camail> i wanna play the new league =/
19:16:44 <Runbunny> !!!
19:16:50 <Camail> strongly considering going ssf
19:16:51 <Runbunny> You have to wait just like everyone else.
19:16:57 <Camail> no but give it to me
19:16:59 <Camail> i waaaaant it
19:17:15 <Runbunny> and pray that Chris Wilson don't punish you for your hubris.
19:17:39 <Camail> he made me hate melee so he's doing something right
19:22:28 -!- skram [~skram@185.217.171.22] has joined #tlponies
19:22:58 <Runbunny> Jonas.
19:23:09 <skram> Anders.
19:23:45 <skram> Anders, you pervert
19:23:48 <skram> Im into it thought.
19:24:27 <Camail> tags: asphyxiation
19:25:22 <skram> just a lil is ok
19:28:00 <Runbunny> O:
19:30:01 -!- Rawr|Fone [~AndChat52@c-4eb4e655.020-164-6d6c6d4.bbcust.telenor.se] has joined #tlponies
19:34:46 <skram> brb
19:38:11 -!- skram [~skram@5.79.76.39] has joined #tlponies
19:41:50 -!- Rawr|Fone [~AndChat52@c-4eb4e655.020-164-6d6c6d4.bbcust.telenor.se] has joined #tlponies
19:44:38 -!- Rawr|Phone [~AndChat52@83.185.90.2] has joined #tlponies
20:01:36 -!- Rawr|Fone [~AndChat52@c-4eb4e655.020-164-6d6c6d4.bbcust.telenor.se] has joined #tlponies
20:02:16 <Camail> he never came back
20:06:18 <Camail> runbun how you doin today
20:07:42 <Camail> we should do some boardgames this weekend, i'm finally not doing anything
20:07:45 <Runbunny> I'm alright. 
20:07:50 <Camail> thats good
20:07:56 <Camail> its better than bad
20:08:00 <Runbunny> Very
20:08:33 <Camail> any new media that's caught your eye recently
20:09:33 <Runbunny> I don't think so.
20:09:50 <Runbunny> I did conduct a plan on how to save the world from climate change and stuff.
20:09:54 <Runbunny> kinda. 
20:09:59 <DuB|fon> We should, cam
20:10:02 <Runbunny> also how to get a job.
20:10:02 <Camail> that's important
20:10:04 <Camail> no dub, not you
20:10:04 <DuB|fon> Gotta marsgame
20:10:09 <DuB|fon> O
20:10:13 <Camail> :P
20:10:25 <DuB|fon> :t
20:10:35 <Camail> i havent put any time into marsgame
20:10:38 <Camail> gonna have to look it up
20:10:57 <Camail> my legacy group stopped playing because betrayal legacy isn't that good
20:11:01 <Camail> because well... I'm me
20:11:17 <Camail> and i don't hold friendship above competition
20:11:36 <DuB|fon> Haha
20:11:40 <skram> i thought friendship was the real treasure?
20:11:53 <Camail> yea but fuck that
20:11:55 <Camail> winning is the best
20:12:16 <Runbunny> Winning friends.
20:12:28 <Camail> i am so much nicer of a person than i used to be but i still find it impossible to play games casually
20:12:49 <Camail> try hard or die, i just dont care if i am not trying as hard as i can
20:13:15 <DuB|fon> Need to impose a month of only playing Flower and Journey
20:13:19 <DuB|fon> Heheh
20:13:29 <Camail> its why i love coop games
20:13:38 <Camail> i can try hard and not hurt people
20:14:55 <DuB|fon> Need dat teraraerer update
20:15:09 <DuB|fon> Oh, 2tb ssd arriving tomorrow
20:15:13 <DuB|fon> Woooo
20:15:30 <DuB|fon> 400mb open on my hdd right now :p
20:15:57 <skram> They make SSDs that big?
20:16:06 <Camail> i need to get a big dick hdd
20:16:17 <DoT`> for a price skram
20:16:37 <DuB|fon> Intel 660p, $180
20:16:42 <skram> y i k e s
20:16:42 <Camail> i might get like a 4tb hd or something
20:17:02 <skram> did you get the m.2 thing
20:17:04 <Camail> those are $80
20:17:12 <DuB|fon> Ye
20:17:28 <skram> disc drivers are cheap
20:17:32 <skram> ssds are kinda cheap too honestly
20:18:53 <DuB|fon> Realized I have bit never played the 2nd shadow of mordor or whatever it's called, and that's 110gb
20:18:59 <DuB|fon> Have but*
20:19:24 <DuB|fon> My total capacity right now is like 1.2 tb
20:19:43 <DoT`> i had about 4tb at one point
20:19:44 <DuB|fon> Much needed upgrade
20:19:47 <DoT`> then so many drive deaths
20:19:51 <skram> I got about 3.5 tb 
20:19:57 <skram> at least 2tb's worth of steam games lol
20:19:57 <DoT`> no i have 750 gb
20:20:03 <DoT`> now*
20:20:03 <DuB|fon> O dear
20:20:44 <DoT`> large HDD space is important in africa becuase no internet and much pirating at LANs
20:21:02 <skram> indeed
20:22:51 <Camail> shadow of war is a shit game
20:22:56 <Camail> like legit its terrible
20:23:31 <Camail> the story is god awful and the ending is gated by a grind that manipulates you into buying lootboxes
20:23:39 <Camail> unsinstall that awful thing
20:23:53 <DuB|fon> Well I think no got it free so I'll not feel to bad :P
20:23:56 <Runbunny> oh right
20:24:02 <DuB|fon> Think I *
20:24:10 <Runbunny> I forgot to tell that my trick worked.
20:24:15 <Camail> i pirated it, it was still a bad game
20:24:19 <DuB|fon> Haha
20:24:33 <Runbunny> Hot shower before going to sleep on warm nights.
20:24:40 <Camail> oh, good
20:24:55 <skram> lifehacks
20:25:03 <DuB|fon> Trick your body into slowing and cooling itself! Ez
20:25:56 <Runbunny> My hands are too warm, always.
20:26:01 <Runbunny> It's crazy.
20:26:17 <skram> I usually put the over my heart to cool them down
20:26:20 <skram> them
20:26:32 <DoT`> runbun, i can play like 10 minutes of celest then its sleep time
20:26:52 <Camail> yes, play a stressful game before sleep
20:26:59 <Camail> that usually does good things to you
20:27:43 <DoT`> pfff its not like i would go to sleep anyway
20:38:23 <skram> .tell dub` https://www.youtube.com/watch?v=UiSB2Fbw9gs
20:39:59 -!- Crisium [~Crisium@c-24-3-150-105.hsd1.pa.comcast.net] has joined #tlponies
20:39:59 <skram> .tell dub` https://www.youtube.com/watch?v=dF6E47Pn6mY
20:44:52 <Camail> make hi play sweet jams out of his phone
20:45:15 <skram> i dont wanna make dub be THAT GUY at the office
20:45:26 <Runbunny> Celeste is not a stressful game O:
20:46:30 <Camail> its a platformer
20:50:15 <skram> DuB|fon I got an ad for a 49" 144hz curved monitor for only 900 buckaroos
20:50:18 <skram> i didnt know i wanted this
20:50:19 <skram> but i do
20:50:42 <DuB|fon> That's a lotta inches
20:51:03 <DuB|fon> 360° fov
20:51:05 <skram> phrasing, dub
20:51:10 <DuB|fon> Lul
20:51:26 <skram> i guess its 1080p because its like 3000x1080
20:51:39 <DuB|fon> Pff
20:51:41 <skram> so its basically two 1080p monitors sorta smushed together
20:52:07 <skram> 3840 wide
20:52:08 <skram> hmm
20:53:09 <DuB|fon> Silly
20:53:57 <DuB|fon> Hey should I go for the Cougar Conquer case instead of the LianLi 011 one?
20:54:00 <DuB|fon> :P
20:54:36 <skram> wow
20:54:40 <skram> its pretty ugly to be honest
20:55:16 <DuB|fon> "Optimus Prime's Kidney"
20:55:44 <skram> If you showed up at a LAN with this in 2005 you would've been the coolest dude ever though
20:56:02 <DuB|fon> Hek ye
20:56:10 <Runbunny> Hek.
21:00:06 <Golly> around 2006 I had a black plexiglass tower full of leds
21:00:21 <skram> sweet
21:02:18 -!- BioPone [~androirc@mobile-166-170-21-219.mycingular.net] has joined #tlponies
21:02:34 <Golly> it looked cool but the holes and screws and stuff didnt align properly
21:03:51 <skram> Functionality is less important than looking bitchin'
21:11:44 <Camail> my case has a dust trap in the bottom
21:12:03 <skram> do you ever clean it
21:12:12 <Camail> yes
21:12:21 <Camail> i cleaned the entire thing a few months ago
21:12:28 <Camail> its a pain in the ass tho
21:12:46 <Camail> so shaking out the dust trap is what i do now
21:12:58 <Camail> and my cpu temp is always hella low so idc
21:14:03 -!- Rawr|Fone [~AndChat52@c-4eb4e655.020-164-6d6c6d4.bbcust.telenor.se] has joined #tlponies
21:14:44 <Runbunny> I vacuumed my room and pc, in the process my HDMI cable got bent, so I am a one screen pleb.
21:14:55 <skram> anders that was weeks ago??
21:15:53 <Runbunny> Yeah
21:16:03 <skram> my cpu is like room temp-ish but my gpu idles at 50
21:16:26 <Runbunny> I checked my local hardware store and they only have 15 meter cables :/
21:16:40 <skram> anders you live in københavn
21:16:54 <skram> im 96% sure theres a store that will sell you a short and cheap hdmi cable
21:17:34 <Runbunny> Maybe.
21:17:36 <skram> dont you have biltema in danmark
21:17:42 <Runbunny> Sure.
21:17:49 <Runbunny> I don't know where one is though.
21:18:04 <Runbunny> We have Elgigaten.
21:18:14 <skram> theres one in glostrup
21:18:20 <skram> wherever that is
21:18:43 <DuB|fon> Hooometime
21:19:00 <DuB|fon> Also I forgot holiday on monday weew
21:19:20 <skram> where do you live again runbun
21:20:30 <Runbunny> amager
21:20:38 <Runbunny> Glostrup is pretty far away.
21:20:52 <skram> yeah it is a bit
21:28:55 <DoT`> wait
21:29:01 <DoT`> malmo is RIGHT there
21:29:16 <DoT`> runbun you are so close to rawr
21:29:18 <skram> yes
21:29:29 <skram> thats why they speak danish in malmö
21:29:58 <DoT`> does rawr have a danish swedish accent?
21:30:27 <skram> sort of i guess
21:30:46 <skram> i havent heard henrik speak swedish but skåne is danish-ish
21:31:26 <Camail> are runbun and rawr the same person
21:31:41 <Camail> you euros live so close to each other
21:32:04 <Runbunny> O:
21:32:42 <skram> runbun is henriks complete lack of morals
21:33:08 <Runbunny> I have plently of morals.
21:33:24 -!- Bio [~BioPon@97.70.165.146] has joined #tlponies
21:33:38 <Runbunny> How else am I going to break them?
21:33:58 <skram> that logic seems twisted
21:36:50 <Camail> Aristotle said the worst kind of person is the one who knows what is right and deliberately does the opposite
21:37:12 <Camail> so runbun is literally the worst
21:37:18 <Camail> it checks out
21:42:17 <skram> poor runbun
21:47:25 <DoT`> runbun is a worshiper of slannesh, so probably enjoys it
21:47:58 <Camail> spell their name right you unworthy fuk
21:49:18 <DoT`> nah
21:49:39 <skram> you're the worst
21:49:52 -!- DuB` [DuB@cpe-68-174-122-249.nyc.res.rr.com] has joined #tlponies
21:50:26 <DoT`> skram https://www.reddit.com/r/dwarffortress/comments/cwx14u/get_hype/
21:50:54 <skram> what a great poster though
21:51:17 <DoT`> high art
21:53:10 <Runbunny> Well, I am the only one I have.
21:53:16 <Runbunny> Just gotta live with that.
22:00:32 <Camail> hmm, i'm happy with what i did in legion
22:00:46 <Camail> made insane amounts of money, had fun with builds
22:00:49 <DuB`> Time to go agane already? :O
22:01:08 <Camail> new league new me
22:01:15 <DuB`> o my
22:01:24 <Camail> this time i am a dog
22:01:27 <skram> this time im a lightning bitch
22:01:28 <Camail> bark bark
22:01:35 <skram> i left the spinny bits behind me
22:02:14 <Camail> i haven't picked a build yet
22:02:37 <Camail> i want something with good clear speed, but preferably not meta
22:03:00 <skram> I kinda wanna try plague herald again tbh
22:03:09 <Camail> herald of agony, but yes
22:03:13 <skram> yeyeye
22:03:13 <Camail> thats gonna be hella strong
22:03:29 <Camail> stormbrand hoag is very strong
22:03:50 <Camail> too slow for me but maybe this league will make it faster
22:04:31 -!- BioPone [~androirc@97.70.165.146] has joined #tlponies
22:07:55 -!- Rawr|Fone [~AndChat52@c-4eb4e655.020-164-6d6c6d4.bbcust.telenor.se] has joined #tlponies
22:08:06 <Camail> i kinda wanna do poison, i like accumulating damage as a mechanic
22:11:54 <Camail> but above all, i want to play at range
22:12:13 <Camail> so if all the poison garbo is melee then i'll throw it all away
22:16:17 <DuB`> Cam I forgot to go finish my last d3 conquest and didn't get the wings :P
22:16:25 <Camail> woops
22:16:26 <DuB`> Even had all 8 sets I needed and everything haha
22:16:33 <Camail> RIP wings
22:16:41 <Camail> i got wings in  different game
22:16:46 <DuB`> flip flap
22:17:02 <Camail> the d3 ones look cooler, wish i could get those in poe
22:17:15 <Camail> get them without paying $30*
22:31:33 <skram> DuB` im counting on you to reciprocate my carefully curated youtube recoms with some bloops
22:31:42 <DuB`> o oke
22:32:45 <skram> i think i finished my depressive cowboy music period
22:32:50 <skram> need some happy jamz nmow
22:37:14 <Runbunny> kommunal pop?
22:39:42 <skram> whats that runbun
22:39:43 <DuB`> Hmmm I mostly have slow swoopy bassy things from this week
22:40:47 <Runbunny> you linked me something a few years ago and I don't remember the name, except it was like "kommunal musik"
22:40:59 <skram> DuB`: https://gulfaudiocompany.bandcamp.com/album/--3
22:41:53 <skram> i have no idea what you're talking about, runbun :P
22:42:34 <skram> DuB`: This too https://gulfaudiocompany.bandcamp.com/track/yesterdays-jam
22:43:17 <DuB`> Better than the first one :P
22:43:31 <skram> ppft
22:43:36 <skram> these are all tasty as HECK
22:43:49 <DuB`> https://www.youtube.com/watch?v=G1Kurt2VwVg
22:44:21 <DuB`> https://www.youtube.com/watch?v=P1VmWx0JeRA
22:44:38 <Camail> dub this bass is too mellow
22:44:42 <Camail> i'mma have to arrest you
22:44:46 <Camail> for being too chill
22:45:11 <DuB`> Well I don't HAVE to hold back the weirder ones  https://www.youtube.com/watch?v=5ZpZ_pAZYjU
22:45:14 <skram> second one is better
22:45:28 <skram> its got that synth thing that goes wappwappwappa
22:46:02 <DuB`> wappawappa is the best description of it, yes
22:46:17 <Camail> its like flailing around a riding crop in the air
22:46:27 <Camail> or a stick
22:46:42 <DuB`> Third one is more like THUNKAWOPPAWOPPA
22:46:43 <skram> ah hey did i tell you i played amnesia scanner to my 60 year old dad rock fanatic coworker real loud?
22:46:49 <DuB`> Ya ya
22:47:48 <skram> i dont think he's gotten over it yet
22:47:57 <DuB`> Bahahaha
22:48:09 <Camail> in a good or bad way?
22:48:41 <skram> honestly im not sure
22:48:46 <Camail> dub
22:48:53 <DuB`> AS is somethin
22:48:54 <Camail> this third song has a point where i think he drops a bunch of sivlerware
22:48:57 <Camail> silverware*
22:49:01 <DuB`> haha
22:49:27 <skram> i really dig AS but like 3 songs in a row is enough for a while
22:50:32 <Camail> just googled them
22:50:58 <Camail> this bass is going so low its making me physically squirm
22:51:12 <Camail> i dont think i like that
22:51:29 <Camail> maybe i should close my headphones
22:51:39 <skram> what sort of stuff do you usually listen to cam
22:51:53 <Camail> nothing
22:52:03 <Camail> i dont listen to music usually
22:52:21 <DuB`> Pretty sure I put this one here a while ago already? https://www.youtube.com/watch?v=iz7V_IQDy2w
22:52:26 <DuB`> It also has wappawappawappa
22:52:46 -!- Rawr|Fone [~AndChat52@c-4eb4e655.020-164-6d6c6d4.bbcust.telenor.se] has joined #tlponies
22:53:11 <skram> o ya i remember the animation
22:53:17 <Runbunny> Jonas.
22:53:20 <Runbunny> I am going to bed.
22:53:29 <skram> yeah this is the one with the terrible recommendations lol
22:53:33 <skram> godnat, andersdreng
22:53:36 <skram> sov godt
22:53:36 <DuB`> Right
22:53:43 <Runbunny> Thank.
22:54:03 <skram> peppa pig nederlands compilatie
22:54:06 <skram> 30 minutes
22:54:10 <skram> this is what i want
22:54:13 <DuB`> lulul
22:54:47 <Camail> gn runbun
22:55:58 <Camail> someone played this song on loop for their child
22:56:01 <Camail> for like 3 months
22:56:12 <Camail> thats the only explanation on how the algorithm fucked up so bad
22:56:51 <Camail> dub i like the whapwhap but its not arrhythmic enough
22:56:57 <Camail> needs that geriatric whap
22:57:03 <skram> lol
22:57:33 <DuB`> There's a sentence
22:57:56 <DuB`> With a very specific meaning
22:58:30 <skram> how about some sad piano music ft. creaky piano chair https://www.youtube.com/watch?v=W9t3mbv2Hd8
23:02:22 <Camail> dub how much did you learn about japanese noise music while in weebland
23:04:18 <DuB`> Noise music?
23:05:04 <skram> its like music
23:05:06 <skram> but with noise
23:05:22 <Camail> https://www.youtube.com/watch?v=zhNvAduJe9k
23:06:13 <DuB`>  ... no can't say I did
23:06:35 <skram> this is proper weird, camail
23:06:37 <skram> i kinda like it
23:07:00 <Camail> i had brief contact with it years and years ago
23:07:10 <Camail> fairly polarizing
23:07:31 <skram> yeah no doubt
23:08:51 <skram> sort of like musique concrete i guess
23:12:14 <DuB`> https://www.youtube.com/watch?v=Jr_jVqe1OH4
23:12:16 <DuB`> :P
23:12:44 <DuB`> 87 minutes of analog bleeoops
23:12:51 <Camail> https://www.youtube.com/watch?v=JS0d06MW3sc
23:13:22 <Camail> dot is this what you're gonna waste all your big bucks on
23:13:27 <Camail> a bunch of synth modules
23:13:30 <Camail> dub*
23:13:42 <DuB`> I think skram is more likely :P
23:13:53 <Camail> you're gonna let skram spend your big bucks?
23:13:54 <Camail> how kind
23:13:59 <Camail> skram give me some of his money too
23:14:02 <skram> thankfully skram doesnt have the kind of money it takes to get a proper modular setup
23:14:13 <DuB`> No but apparently I need to send dot an ssd for christmas
23:14:23 <DuB`> Poor boy doesn't even have his own terabyte
23:14:33 <Camail> you dont needs a tb ssd
23:14:44 <DuB`> Terabyte of anything!
23:14:46 <skram> that modular rack he's using is easily 10k$
23:15:02 <Camail> steal a car
23:15:03 <Camail> sell the car
23:15:16 <Camail> ez 10k
23:15:27 <Camail> 10k euros or usd
23:15:38 <Camail> noth that it matters lul ty greece
23:16:04 <skram> I have entertained the thought of building my own a few times but i've got no space to tinker really
23:16:19 <skram> its not super complicated electronics or anything
23:16:38 <Camail> loft your bed
23:16:57 <skram> my bedroom is too small even without the bed
23:17:32 <skram> but im going to look at a house on thurs that has like 3 bedrooms so that'd give me some space to fuck around
23:18:03 <DuB`> A whole harem
23:18:05 <Camail> and thus the tlp harem house was born
23:18:11 <skram> LO
23:18:12 <skram> L
23:18:16 <skram> you perverts
23:18:21 <DuB`> Your phrasing
23:18:39 <skram> ...fair
23:18:39 <Camail> you look me in the eyes and tell me you wouldn't fuck dot
23:18:41 <Camail> he's so small
23:18:56 <Camail> easy to ship
23:19:05 <skram> well its got a jacuzzi on the balcony so who knows what might happen ;) ;) ;)
23:19:08 <Camail> so he's the first concubine, then we expand
23:19:23 <Bio> man what did i stumble on
23:19:27 <Camail> i wanna be the madame
23:19:40 <skram> ill get you a whip
23:19:47 <Camail> epsteins' is getting off scot free so far so its a secure job, i guess
23:20:13 <skram> no minors, cam
23:20:16 <skram> miners welcome though
23:20:40 <Camail> yes obviously, but we know how deep the depravity goes
23:20:44 <Camail> so swimming on the surface is fine
23:21:33 <skram> man are you gonna look like a dummy when we flood the surface with lava
23:22:29 <Camail> ooh, was looking at a few more of that band's song, i like this one https://www.youtube.com/watch?v=aQ6Uzl5g43w
23:23:52 <Bio> ?biostream
23:24:09 <Bio> wow q simulator and meme gifs w/ the music skrm linked above
23:24:41 <skram> only 1788 in queue
23:24:43 <skram> not bad
23:27:37 <Bio> its get hype time
23:28:51 <Bio> rofl
23:28:56 <Bio> my WOW classic
23:28:59 <Bio> ez top kek
23:29:17 <skram> its gettin lit
23:35:19 <Bio> v v lit
23:52:48 <Bio> I'm slowly losing my mind lel
23:58:38 <Bio> anyone got any good gif ideas
