01:04:11 -!- BioPhone [~androirc@mobile-166-170-20-126.mycingular.net] has joined #tlponies
01:04:15 <BioPhone> Nej
01:04:23 <BioPhone> How do horsens
01:15:30 -!- BioPhone [~androirc@mobile-166-170-20-126.mycingular.net] has joined #tlponies
02:03:45 -!- Bio [~BioPon@97.70.165.146] has joined #tlponies
02:04:14 -!- Bio [~BioPon@97.70.165.146] has joined #tlponies
02:12:26 -!- Rawr|Fone [~AndChat52@84-217-62-32.customers.ownit.se] has joined #tlponies
02:26:09 <BioPhone> Poen
02:59:04 <BioPhone> I heart the poens
02:59:06 <BioPhone> Nn
05:03:52 -!- Rawr|Fone [~AndChat52@84-217-62-32.customers.ownit.se] has joined #tlponies
05:33:35 -!- Golly [Golly@cm-84.212.249.112.getinternet.no] has joined #tlponies
06:08:04 -!- skram [~skram@82.147.53.175] has joined #tlponies
06:19:40 -!- Rawr|Fone [~AndChat52@84-217-62-32.customers.ownit.se] has joined #tlponies
06:20:23 <DoT|Phone> Morning all
06:22:10 <DoT|Phone> Skram
06:22:35 <skram> bjørn pal
06:22:36 <skram> morning
06:23:52 <DoT|Phone> DnD is far away Skram. you work this coming weekend. so it's the following Saturday
06:24:12 <skram> what a shame
06:25:20 <DoT|Phone> you asked
06:32:15 <DoT|Phone> why you sound so sarcastic Skram
06:32:37 <skram> im not trying to
06:32:50 <DoT|Phone> ok.
06:32:57 <DoT|Phone> I'm still waking up
06:36:03 <DoT|Phone> how was work k
06:36:08 <DoT|Phone> ?
06:36:16 <skram> boring
06:36:19 <skram> good to be home honestly
06:36:32 <DuB`> Frems
06:36:47 <skram> dubster
06:37:40 <DoT|Phone> dub
06:41:10 <DuB`> Sleep :P
06:41:11 <DuB`> zzz
06:41:58 <skram> dub it is morning!
06:42:01 <skram> up and at them
06:42:02 <skram> etc
06:43:15 <DuB`> Wha
06:43:23 <DuB`> nu
06:54:07 <DoT|Phone> he ded
06:54:53 <skram> F
07:00:00 -!- DoT|Phone1 [~Dot@85.255.237.85] has joined #tlponies
07:02:32 <DoT|Phone1> what you up to Skram
07:03:23 <skram> looking at cats
07:03:50 <DoT|Phone1> no animes?
07:04:05 <DoT|Phone1> or do you mean cat girls
07:04:16 <DoT|Phone1> Runbun would be proud
07:04:57 <skram> ill have one of each, please
07:05:57 <DoT|Phone1> haha
07:10:31 <Rawr|Fone> Jonas 
07:10:58 <Rawr|Fone> Are you not supposed to be asleep
07:11:03 <DoT|Phone1> Rawr Rawr Rawr
07:11:19 <DoT|Phone1> 💖💖💖
07:11:22 <Rawr|Fone> DoT DoT DoT
07:11:25 <Rawr|Fone> 💖💖💖
07:12:03 <skram> im a grown boi, rawr
07:12:06 <DoT|Phone1> Skram is old Rawr. old ppl nap throughout the day then can't sleep at night
07:13:25 <skram> no way
07:13:29 <skram> im still young and hip
07:13:53 <DoT|Phone1> forsooth
07:14:00 <Rawr|Fone> Definitely not skram
07:14:12 <Rawr|Fone> But it's okay
07:14:24 <Rawr|Fone> We still love you very much
07:14:30 <skram> how dare you :(
07:21:06 <DoT|Phone1> these youths Skram
07:21:19 <DoT|Phone1> no respect
08:46:48 -!- Runbunny [~Runbunny@91.100.28.10.generic-hostname.arrownet.dk] has joined #tlponies
08:48:05 <DoT|Phone1> Angel <3
08:50:50 <Runbunny> Hai.
09:01:05 <Cane> DoT|Phone1, looks like the disguise system was causing the crashes. I disabled it and it's not crashing in the same spots any more.
09:05:03 <DoT|Phone1> Huzzah!
09:05:23 <DoT|Phone1> but no more sneeki breeki?
09:14:50 <Cane> You can, but it crashes under certain parameters.
09:14:57 <Cane> https://www.moddb.com/mods/stalker-anomaly/forum/thread/crash-and-disguise/#1092018
09:40:15 <Runbunny> here you go DoT|Phone1 Rawr|Fone https://i.imgur.com/vL9UgH9.mp4
09:44:07 <DoT|Phone1> tappy tap
10:47:22 -!- DoT|Phone [~Dot@85.255.232.218] has joined #tlponies
11:29:12 <Runbunny> .tell reification https://danbooru.donmai.us/posts/3493049
11:35:12 <DoT|Phone> phone won't even open the link. must be very lewd
11:43:28 -!- reification [~thomas@cpc76294-cosh16-2-0-cust297.6-1.cable.virginm.net] has joined #tlponies
11:43:29 -!- mode/#tlponies [+v reification] by Q
11:45:01 <DoT|Phone> hey Reif
12:00:04 <reification> hi dotties
12:11:37 <Runbunny> It's not lewd at all!
12:16:09 <reification> i doubt that, everything runbun does is permeated with lewdness :p
12:25:19 <Runbunny> :/
12:36:05 -!- tredc [~tredc@c83-254-129-166.bredband.comhem.se] has joined #tlponies
13:20:52 -!- BioPhone [~androirc@12.33.239.117] has joined #tlponies
13:20:58 <BioPhone> Nej
13:25:48 <DoT|Phone> hedge
13:31:17 <reification> boio
13:42:00 <Runbunny> reification, https://danbooru.donmai.us/posts/3493113
13:44:25 <reification> F
14:05:00 <Cane> DoT|Phone, game is not crashing any more. <3 Back to fun.
14:08:29 <DoT|Phone> good to hear
14:39:49 -!- BioPhone [~androirc@12.33.239.117] has joined #tlponies
15:20:17 -!- Camail [~Camail@45.40.84.145] has joined #tlponies
15:20:17 -!- mode/#tlponies [+v Camail] by Q
15:21:12 -!- Rawr|Phone [~AndChat52@m83-185-82-81.cust.tele2.se] has joined #tlponies
16:10:53 <DoT|Phone> no cam
16:10:58 <Camail> no
16:11:24 <DoT|Phone> k
16:22:03 -!- DuB` [DuB@65-130-48-126.slkc.qwest.net] has joined #tlponies
16:22:06 <DuB`> Gud mornink
16:22:24 <DoT|Phone> daab
16:22:36 <DoT|Phone> you free horse
16:24:03 <DuB`> The freest
16:24:54 -!- skram [~skram@82.147.53.175] has joined #tlponies
16:25:04 <DoT|Phone> and Skram!
16:25:25 <DoT|Phone> the day improves
16:25:38 <DuB`> Ya ya
16:25:59 <skram> dear frens
16:35:53 <DoT|Phone> how was sleep Skram?
16:37:59 <skram> interrupted and too short
16:38:08 <skram> how was work
16:43:36 -!- DoT|Phone1 [~Dot@232.123.7.51.dyn.plus.net] has joined #tlponies
16:44:14 <DoT|Phone1> just got home
16:51:42 -!- Zounds [webchat@cloak-07ouvien.14-2.cable.virginm.net] has joined #tlponies
16:51:53 <Zounds> hey
16:51:58 <reification> ho
16:52:02 <Runbunny> Hai.
16:52:47 <skram> zounds pal
17:03:22 -!- Dot [~quassel@232.123.7.51.dyn.plus.net] has joined #tlponies
17:38:21 <Camail> skram go back to sleep
17:38:39 <skram> you cant control me
17:38:53 <Camail> dream of dot shedding his nerd cocoon and becoming an even bigger nerd butterfly 
17:39:05 <skram> i dont think thats possible
17:39:05 <Camail> yea but you want to go to sleep
17:39:17 <Camail> and that can only happen in the dreamworld
17:40:37 -!- Rawr|Fone [~AndChat52@84-217-62-32.customers.ownit.se] has joined #tlponies
17:41:09 <skram> im already awake
17:41:11 <skram> its too late
17:43:04 <Camail> hmmm
17:48:06 <Dot> rip, never butterfly
17:50:15 <Camail> i tried
17:57:35 <Dot> all caught up on crit roll now
18:06:01 <Runbunny> Hold up.
18:06:05 <Runbunny> Dot is a nerd?
18:06:27 <skram> apparently
18:07:11 <Dot> D: Discovered
18:12:18 <Dot> Bio https://i.imgur.com/K0Y2Rh1.jpg
18:54:29 <BioPhone> Good meme
18:56:30 <Dot> also bio https://i.imgur.com/eBuNH4U.jpg
19:16:05 -!- Rawr|Phone [~AndChat52@m83-185-92-9.cust.tele2.se] has joined #tlponies
19:17:13 <Runbunny> Rawr.
19:17:20 <Dot> Rawr.
19:21:18 <Rawr|Phone> Anders.
19:21:22 <Rawr|Phone> Björn.
19:22:14 <BioPhone> Also good
19:34:19 <skram> Bjørn.
19:38:02 <Dot> Jonas.
19:43:02 <skram> i must depart.
19:43:07 <Dot> no
19:47:03 <Runbunny> Take care Jonas.
19:51:37 <Runbunny> reification, btw one punch man got better at episode 3.
19:51:48 <Dot> this is good news
19:52:29 <reification> yes dot is the right one to ping about that
19:53:12 <Runbunny> reification, Dot 
19:54:33 <Dot> me
19:55:32 <Runbunny> You!
20:23:03 <Dot> how was your day runbun?
20:25:56 <Runbunny> Uneventful.
20:36:51 <Runbunny> though Dot I might have slumbing with my jaw on my hand with my elbow on the table. 
20:37:06 <Runbunny> Which is causing me to clench my jaw weirdly and give me an headache.
20:38:18 <BioPhone> Asdf
20:38:31 <BioPhone> Almost home time
20:38:38 <BioPhone> Which means nap time
20:42:19 <Dot> pls runbun 
20:43:30 <Runbunny> That is the only explaination I have come up with for my weird headache yesterday.
20:46:25 -!- Crisium [~Crisium@c-73-174-151-51.hsd1.pa.comcast.net] has joined #tlponies
20:51:46 <Zounds> hey cris
20:53:42 <Crisium> yo
20:57:52 <Runbunny> Zounds, can I safely assume that everyone wearing like a diadem or goggles on their forehead is Garleans?
21:03:33 -!- BioPone [~androirc@mobile-166-170-20-115.mycingular.net] has joined #tlponies
21:28:20 <Micen> hello
21:29:53 <Dot> Hey micen
21:32:35 <Micen> How is the evening/night? 
21:34:55 -!- Bio [~BioPon@97.70.165.146] has joined #tlponies
21:34:58 <Bio> hej
21:34:59 <Bio> i hom
21:35:57 <Crisium> ho
21:39:08 <Zounds> Runbunny: the forehead gems are for native garleans
21:39:33 <Zounds> native garleans are kinda like midlanders but a bit taller and stronger like cid
21:39:34 <reification> pretty tired micen, had to get up early to be taxi service
21:40:07 <Zounds> dunesfolk lalafel also have a similar forehead gem thing but it's more optional
21:42:20 <Zounds> The garleans are an empire so although they're all collectively garleans there are proper garleans
21:43:11 <Zounds> Cid and Nero are native garlean, biggs and wedge are "garleans" but presumably from lands owned by the garlean empire
21:54:40 <Zounds> a lot of the chaff and grunts you fight are just conscripts looking for citzenship or forced to fight
21:54:43 -!- skrm [webchat@unv2.iieq.zttm.ip] has joined #tlponies
21:54:49 <Dot> SKRM!
21:54:52 <skrm> DOT!
21:56:21 <Bio> GOT Spoilers, kinda, but awesome shot: https://i.redd.it/0v5agibp0ev21.jpg
21:56:35 <Bio> also hello horsens
21:57:49 <Crisium> GOT Spoilers: Ned Stark doesn't become the king
22:00:27 <skrm> fuk cris
22:00:28 <skrm> how dare you
22:02:06 <Runbunny> He doesn't have wear that burden on his head, or his head for that matter.
22:11:35 <Zounds> DuB`: Crisium any ow for you 2 tonight?
22:11:51 <Crisium> i can
22:12:01 <Zounds> but do you want to
22:14:51 <Zounds> tdm is back if you're looking for boxes
22:15:45 <Zounds> also mystery deathmatch
22:15:49 <Zounds> which is terrible
22:27:20 <Bio> y'all got anymore of them... lootboxes
22:30:21 <Zounds> Crisium: ping me when you want to play then
22:32:01 <Micen> if there is overwatch, ill join and lower your rank for easier games
22:32:36 <Bio> https://i.redd.it/1981nd6mjev21.jpg
22:39:33 <Zounds> I think timezones might have killed my ow dreams tonight actually. feeling a bit too tired to play tbh
22:39:35 <Zounds> gnight pons
22:39:48 <Dot> too fast
22:40:20 <Bio> dublaw is deder than sc2
22:40:24 <Bio> Kappa
22:41:09 <Dot> reminds me
22:41:11 <Dot> HSC is soon!
22:42:09 <Crisium> oh no zounds ran away
22:42:38 <Bio> https://i.redd.it/bqpfpiq7y7v21.jpg
22:43:44 <Runbunny> That looks very anime Bio.
22:43:54 <Bio> pls
22:43:59 <Bio> thats GoT
22:44:04 <Crisium> ya that was the best part of the episode tbh
22:44:11 <Crisium> that shot
22:44:20 <Bio> baller A F 
22:45:04 <skrm> which how to train your dragon movie is this
22:45:22 <Runbunny> Game of thrones is Anime. https://www.youtube.com/watch?v=efD3nmwF-IM
22:45:35 <Crisium> the one where they burn to death nobles
22:46:18 <Crisium> id actually love to see the anime take on GOT
22:46:38 <Crisium> the count of monte cristo is one of my favourite books, and the japanese had an interesting take on the anime
22:47:43 <Bio> anime defiles things again
22:47:51 <Bio> remove this filth from the planet
22:47:57 <Bio> preferrably with fire
22:48:45 <reification> Gankutsuou had a very odd but beautiful style cris
22:49:23 <Crisium> it did
23:15:59 -!- Crisium|2 [~Crisium@45.56.154.52] has joined #tlponies
23:29:06 <Crisium|2> skrm https://twitter.com/eurogamer/status/1123215856757018624
23:29:42 <Dot> haha
23:29:58 <Dot> that thing really is rather horrifying
23:30:10 -!- Crisium [~Crisium@c-73-174-151-51.hsd1.pa.comcast.net] has joined #tlponies
23:41:06 <reification> night all
23:42:01 <DoT|Phone1> Gnight Reif
23:42:07 <DoT|Phone1> I sleep to. Gnight
23:44:19 <Micen> good night
23:57:13 -!- Rawr|Fone [~AndChat52@84-217-62-32.customers.ownit.se] has joined #tlponies
