00:10:42 <carcinisation> skram that sounds like a good choice in dakimura
00:26:10 -!- Rawr|Fone [~AndChat52@c-4eb4e655.020-164-6d6c6d4.bbcust.telenor.se] has joined #tlponies
01:11:11 <Runbunny> Dot`, https://imgur.com/gallery/GYf7bzk
02:13:37 -!- Rawr|Fone [~AndChat52@c-4eb4e655.020-164-6d6c6d4.bbcust.telenor.se] has joined #tlponies
02:38:06 -!- Micen [~Micen@h169.49.172.72.dynamic.ip.windstream.net] has joined #tlponies
03:56:50 -!- Rawr|Fone [~AndChat52@c-4eb4e655.020-164-6d6c6d4.bbcust.telenor.se] has joined #tlponies
04:35:54 -!- Rawr|Fone [~AndChat52@c-4eb4e655.020-164-6d6c6d4.bbcust.telenor.se] has joined #tlponies
04:45:09 -!- Rawr|Fone [~AndChat52@c-4eb4e655.020-164-6d6c6d4.bbcust.telenor.se] has joined #tlponies
05:06:28 -!- Rawr|Fone [~AndChat52@c-4eb4e655.020-164-6d6c6d4.bbcust.telenor.se] has joined #tlponies
05:31:07 -!- Rawr|Fone [~AndChat52@c-4eb4e655.020-164-6d6c6d4.bbcust.telenor.se] has joined #tlponies
05:40:53 -!- Rawr|Fone [~AndChat52@c-4eb4e655.020-164-6d6c6d4.bbcust.telenor.se] has joined #tlponies
06:03:42 -!- Rawr|Fone [~AndChat52@c-4eb4e655.020-164-6d6c6d4.bbcust.telenor.se] has joined #tlponies
06:16:56 -!- Rawr|Fone [~AndChat52@c-4eb4e655.020-164-6d6c6d4.bbcust.telenor.se] has joined #tlponies
06:22:19 -!- Dot|Phone [uid393803@2001:67c:2f08:8::6:24b] has joined #tlponies
06:22:25 <Dot|Phone> Morning
06:35:22 -!- Rawr|Fone [~AndChat52@c-4eb4e655.020-164-6d6c6d4.bbcust.telenor.se] has joined #tlponies
07:00:18 -!- Rawr|Fone [~AndChat52@c-4eb4e655.020-164-6d6c6d4.bbcust.telenor.se] has joined #tlponies
07:17:04 -!- Rawr|Fone [~AndChat52@c-4eb4e655.020-164-6d6c6d4.bbcust.telenor.se] has joined #tlponies
07:42:15 -!- Rawr|Fone [~AndChat52@c-4eb4e655.020-164-6d6c6d4.bbcust.telenor.se] has joined #tlponies
08:02:34 -!- Rawr|Fone [~AndChat52@c-4eb4e655.020-164-6d6c6d4.bbcust.telenor.se] has joined #tlponies
08:13:40 -!- Golly [~kvirc@cm-84.213.21.103.getinternet.no] has joined #tlponies
08:18:58 -!- Rawr|Fone [~AndChat52@c-4eb4e655.020-164-6d6c6d4.bbcust.telenor.se] has joined #tlponies
08:23:50 <Dot|Phone> Rawr Rawr Rawr
08:52:40 -!- Rawr|Fone [~AndChat52@c-4eb4e655.020-164-6d6c6d4.bbcust.telenor.se] has joined #tlponies
09:07:31 -!- Rawr|Fone [~AndChat52@c-4eb4e655.020-164-6d6c6d4.bbcust.telenor.se] has joined #tlponies
09:35:31 -!- Rawr|Fone [~AndChat52@c-4eb4e655.020-164-6d6c6d4.bbcust.telenor.se] has joined #tlponies
09:40:04 -!- skrma [~skram@109.202.111.164] has joined #tlponies
09:40:40 <skrma> mornin
10:00:11 <Dot|Phone> Skram friend
10:02:06 <skrma> dot pal
10:05:03 <Dot|Phone> https://www.reddit.com/r/pokemon/comments/dv438w/complete_list_of_all_problems_known_so_far_in
10:05:42 <Dot|Phone> This is the opposite of the feeling I get towards Goose game
10:06:42 <skrma> :(
10:07:05 <skrma> i was kidna excited about it too
10:17:33 <Dot|Phone> Yea
10:37:09 <Dot|Phone> What you up to today skram
10:37:22 <skrma> im gonna peel some almonds
10:37:25 <skrma> maybe have a nap
11:05:15 -!- Bio [~BioPon@97.70.165.146] has joined #tlponies
11:30:52 -!- tredc [~tredc@c83-254-129-166.bredband.comhem.se] has joined #tlponies
12:01:00 <Dot|Phone> Hmm
12:24:31 -!- Cane [~Cane@CaneCraft.users.quakenet.org] has joined #tlponies
12:24:31 -!- mode/#tlponies [+o Cane] by Q
12:24:43 <Dot|Phone> Hey Cane
12:24:51 <Cane> Hiya. <3
12:25:17 <Dot|Phone> <3
12:53:35 -!- Runbunny [~Runbunny@91.100.28.10.generic-hostname.arrownet.dk] has joined #tlponies
13:06:14 -!- reification [~thomas@cpc76294-cosh16-2-0-cust297.6-1.cable.virginm.net] has joined #tlponies
13:06:14 -!- mode/#tlponies [+v reification] by Q
13:07:44 <Runbunny> Hey Reif.
13:09:39 <reification> hello bun
13:16:15 <Runbunny> Dot|Phone, Rawr|Fone https://i.imgur.com/14pLtHp.mp4
13:16:21 <Runbunny> You may look as well Reif.
13:16:31 <Dot|Phone> Hey runbun, Reif
13:17:25 -!- BioPhone [~androirc@12.33.239.117] has joined #tlponies
13:19:48 <Runbunny> Dot|Phone, one more https://i.imgur.com/mS1LFBI.mp4
13:20:35 <Dot|Phone> Oof
13:28:48 <BioPhone> Oof ouch owie
13:29:41 <BioPhone> Hi
13:38:21 -!- skram [~skram@109.202.111.164] has joined #tlponies
13:40:31 <BioPhone> Skrm
13:40:53 <skram> biopon old chap
13:47:37 <Dot|Phone> Skram
13:47:43 <Dot|Phone> Did you have a good nap? 
13:48:07 <skram> didnt nap yet
13:48:14 <skram> peeled some almonds though
13:48:21 <Dot|Phone> Exciting
13:53:11 <BioPhone> Just get them unpeeled sir
13:53:47 <Runbunny> Then you don't get the joy of shooting them all over the place O:
13:53:52 <skram> im a very exciting person as you can tell
13:56:20 -!- Rawr|Fone [~AndChat52@c-4eb4e655.020-164-6d6c6d4.bbcust.telenor.se] has joined #tlponies
14:20:52 -!- BioPhone [~androirc@12.33.239.117] has joined #tlponies
14:21:00 <skram> Anders?
14:28:15 <Dot|Phone> Jonas? 
14:28:52 <skram> Bjørn?
14:31:54 -!- Micen [~Micen@h169.49.172.72.dynamic.ip.windstream.net] has joined #tlponies
14:32:03 -!- BioPhone [~androirc@12.33.239.117] has joined #tlponies
14:34:14 <Dot|Phone> Joe? 
14:35:26 <skram> who dat
14:39:31 -!- Rawr|Fone [~AndChat52@c-4eb4e655.020-164-6d6c6d4.bbcust.telenor.se] has joined #tlponies
14:39:33 <BioPhone> Joe Nas
14:51:01 <Runbunny> Jonas, how can I help you?
14:53:22 <BioPhone> With cheese, probably
14:53:50 <Runbunny> I don't have any cheese :/
14:57:36 <Dot|Phone> D:
14:57:41 <Dot|Phone> No cheese? 
15:00:54 <BioPhone> The sadness
15:01:07 <BioPhone> I will go buy some for you
15:01:23 <BioPhone> Just come over to my place to pick it up
15:06:38 <skram> how is your face, run of bun
15:09:34 <Rawr|Fone> Jonas dear
15:09:46 <skram> henrique
15:11:33 <BioPhone> Skrm his face is sad... no cheese!
15:11:46 <skram> WHAT
15:12:18 <skram> im gonna pack my emergency brie and head right over
15:15:02 <Runbunny> I'm pretty alright.
15:19:10 <skram> are you sure you dont want some cheddar
15:30:10 -!- Dot` [webchat@cloak-vnm1j07w.71.208.46.dyn.plus.net] has joined #tlponies
15:30:15 <Dot`> skram
15:30:46 <skram> yeet
15:31:25 <Dot`> why did you slap me at 11:30 last night while i was asleep
15:31:55 <skram> just checking if you were alive or not
15:32:09 <Dot`> rude
15:40:54 <BioPhone> I'll take some cheddar skrm
15:41:09 <BioPhone> Also Ya Yeet
15:41:27 <skram> ill there asap
15:46:08 -!- Camail [~Camail@45.40.84.145] has joined #tlponies
15:46:08 -!- mode/#tlponies [+v Camail] by Q
15:46:21 <skram> yes
15:46:25 <Camail> no
15:46:30 <skram> YES
15:46:36 <Camail> hmmm
15:46:39 <Camail> nope
15:46:48 <skram> fuck
15:47:02 <Camail> neither of us are working today, this can go one forever
15:47:22 <skram> i wish
15:47:47 <Camail> i thought you had this week off
15:47:53 <Camail> or was it weekends
15:48:06 <skram> no i do
15:48:10 <skram> i just want to argue forever
15:48:15 <Camail> you fuckin dwarf
15:48:23 <skram> how fuckin dare you
15:48:52 <Camail> it was a compliment
15:49:07 <skram> its not a compliment if you put fuck in it
15:49:24 <Camail> that's just not true
15:49:30 <Micen> but what if it were a fuckin compliment from cam?
15:49:42 <Camail> lots of people enjoy putting a fuck in
15:49:46 <skram> i wouldnt trust it
15:50:53 <Micen> any of you want to hunt some monsters?
15:51:15 <skram> fur is murder, micen
15:51:53 <skram> what mons are you hunting tho
15:51:56 <Micen> glorious soft, warm murder. 
15:52:32 <Micen> i have a 2 person tempered Pink Rathian (4 purple box reward)  
15:52:40 <skram> sold
15:53:08 <Micen> in the tlp discord
15:54:20 <BioPhone> Dont get bit skrms
15:55:37 <Camail> and if you do, dont get bit a lot
17:23:16 <Camail> skram Micen  how'd the hunt go
17:23:29 <Camail> any rubies
17:25:44 <Micen> sadly no. but i did get my thing to unlock augments.
17:25:54 <Micen> at least no rubies for me :(
17:26:03 <Micen> Skram went to go get food
17:32:40 <Camail> getting a streamstone for your main weapon is more rare
17:32:44 <Camail> so that's honestly better
17:32:54 <Camail> can't buy those
17:35:51 <Micen> it wasnt for my main weapon
17:36:07 <Micen> it was a bowgun.  but it unlocked the other stuff for me to remove armor level cap
17:36:10 <Micen> so ill take it
17:37:02 <Camail> ah, that's convenient
17:37:49 <Micen> and it was right as i capped all my armor as well. 
17:57:45 -!- Rawr|Fone [~AndChat52@c-4eb4e655.020-164-6d6c6d4.bbcust.telenor.se] has joined #tlponies
18:04:39 <Rawr|Fone> 🐴🐴🐴
18:08:13 <Camail> roar
18:08:25 <Rawr|Fone> Camail
18:24:08 <Dot`> hows all
18:33:35 -!- Zounds [webchat@cloak-07ouvien.14-2.cable.virginm.net] has joined #tlponies
18:33:47 <Zounds> ponz
18:33:58 <Camail> all is good
18:34:32 <Camail> hey dot wanna hunt sometime today? i can bap those meanie mons for you
18:58:36 <Dot`> nah, im just chilling
18:59:00 <Dot`> sorry, i really do mean to try get into sometime, just havnt really got stuck into anygame recently
19:10:46 -!- Rawr|Fone [~AndChat52@c-4eb4e655.020-164-6d6c6d4.bbcust.telenor.se] has joined #tlponies
19:14:49 <Camail> nbd, we'll find one
19:31:33 -!- BioPhone [~androirc@12.33.239.117] has joined #tlponies
19:34:27 <skram> beep boop
19:34:47 <Dot`> Honk
19:37:58 -!- BioPhone [~androirc@12.33.239.117] has joined #tlponies
19:56:53 -!- Golly [~kvirc@cm-84.213.21.103.getinternet.no] has joined #tlponies
19:56:59 <Dot`> what do americans call American hard gums?
19:58:22 <Micen> dots
19:58:29 <Micen> https://en.wikipedia.org/wiki/Dots_(candy)
19:58:34 <Dot`> arent dots small?
19:59:00 <Micen> like somewhere in the range of a d4 in terms of size 
19:59:02 <Dot`> yea, these are like slightly smaller than thimble size
19:59:17 <Dot`> and sugar coated
19:59:32 <Micen> gumdrops
20:00:55 <Dot`> hmm, yea, could be
20:05:18 <Micen> but around my part of the states Dots is an eponym for that. 
20:07:25 <Dot`> hmm, now i want some, that and spogs are the best
20:10:55 -!- Rawr|Fone [~AndChat52@c-4eb4e655.020-164-6d6c6d4.bbcust.telenor.se] has joined #tlponies
20:13:19 <BioPhone> Poggers
20:30:17 <reification> i shall be farming new mercy skin if anyone wants to join
20:44:14 -!- BioPhone [~androirc@12.33.239.117] has joined #tlponies
21:13:33 <BioPhone> Asdf
21:13:43 <reification> biop
21:13:52 <BioPhone> Reifypon
21:14:02 <skram> Micen imma hun some mons
21:14:14 <BioPhone> I may have played anime game off strim a bunch
21:14:24 <skram> w e e b
21:14:42 <BioPhone> But imma play through the bank robbery part soon
21:14:58 <BioPhone> Its ok if its vidya tho skrm, obvs
21:15:39 <BioPhone> Plus a game with such a great soundtrack cant be degenerate
21:15:40 -!- Rawr|Fone [~AndChat52@c-4eb4e655.020-164-6d6c6d4.bbcust.telenor.se] has joined #tlponies
21:15:58 <skram> you should do doki doki litterature club
21:16:47 <BioPhone> I would, but I watched game grumps do it so spoilt
21:16:52 <Golly> https://twitter.com/tyson_hesse/status/1194331183351357440
21:17:24 <Golly> this is the same guy that did this https://www.deviantart.com/tysonhesse/art/Nipples-the-Enchilada-152320643
21:18:36 <skram> lol
21:18:40 <BioPhone> What a meme
21:30:42 -!- BioPone [~androirc@mobile-166-170-23-184.mycingular.net] has joined #tlponies
21:32:11 <Runbunny> Dot`, https://i.imgur.com/pj7koWI.mp4
21:33:55 <Dot`> i need a dog
21:34:43 <Runbunny> Yes.
21:40:27 <Runbunny> reification, https://i.imgur.com/seDvNI1.mp4
21:42:01 -!- BioPone [~androirc@74.85.109.4] has joined #tlponies
21:44:30 <reification> yes that is correct bun
21:51:49 -!- Rawr|Fone [~AndChat52@c-4eb4e655.020-164-6d6c6d4.bbcust.telenor.se] has joined #tlponies
22:07:15 -!- Rawr|Fone [~AndChat52@c-4eb4e655.020-164-6d6c6d4.bbcust.telenor.se] has joined #tlponies
22:07:37 -!- Crisium [~Crisium@c-24-3-150-105.hsd1.pa.comcast.net] has joined #tlponies
22:09:18 <Dot`> Crisium!
22:09:24 <Crisium> howdy
22:12:52 <skram> yee haw
22:16:46 <reification> hej cris
22:21:55 <skram> Dot`
22:22:37 <Dot`> AH
22:24:33 <Dot`> skram
22:24:57 <skram> hello friend
22:25:32 <Dot`> hi 
22:33:22 <skram> remember that time you smuggled chocolate for me?
22:33:56 <Dot`> yea
22:34:14 <Dot`> good times
22:36:34 <skram> i tihnk i found a local dealer this year so you wont have to be a criminal again
22:38:02 <Dot`> ill have to find another way to keep my villianous aura alive
22:47:15 <skram> hmm
22:47:19 <skram> well you're already a pirate
22:55:05 <Bio> hey
22:55:09 <Bio> ?biostream
22:55:10 <Bio> soon
22:55:17 <Bio> more jrpg 
22:57:54 <Bio> fuuuuug this dungeon song is a fuckin slapper
23:00:31 <reification> this is not an overwatch stream bio
23:00:39 <reification> it doesn't give waifu sprays
23:01:16 <Bio> got me there
23:01:26 <Bio> i didn't know i could even do that
23:01:33 <Bio> but however
23:01:39 <Bio> listen to that fuggin base S L A P
23:02:49 <skram> when are we gonna watch konosuba bio
23:03:07 <Bio> I don't know what that is :smile:
23:05:27 <Crisium> i watched that
23:05:34 <Crisium> thats the one with explosion magic right?
23:05:38 <Crisium> thats mostly what i remember
23:05:40 <Crisium> EXPLOSION!
23:05:42 <skram> yass
23:06:10 <skram> and the bdsm paladin
23:14:39 <Camail> solid nap
23:14:50 <skram> good job
23:16:48 <Camail> were there any hunts you wanted to do skram
23:17:51 <skram> well theres the lunastra farm and the limited bounty i guess
23:18:09 -!- Rawr|Fone [~AndChat52@c-4eb4e655.020-164-6d6c6d4.bbcust.telenor.se] has joined #tlponies
23:18:25 <skram> other than that i just need HR49 now really
23:37:24 <Crisium> i reminder for starcraft nerds to  watch this game from time to time https://www.youtube.com/watch?v=oFm4dhxaxRc
