00:00:40 -!- Rawr|Fone [~AndChat52@c-4eb4e655.020-164-6d6c6d4.bbcust.telenor.se] has joined #tlponies
00:09:52 <Micen> anyone doing a hunt or something interesting?
00:23:35 -!- carcinisation [~thomas@cpc76294-cosh16-2-0-cust297.6-1.cable.virginm.net] has joined #tlponies
00:23:35 -!- mode/#tlponies [+v carcinisation] by Q
00:30:09 <DuB`> Saving up hunts for this weekend with the event running :D
00:30:17 <DuB`> ... I'm also not sure what to do right now, actually
00:39:20 <DuB`> Might grabe TW:warhammerII or Code Vein to try while everyone's busy with thanksgivinging
00:39:25 <DuB`> grab*
00:47:36 -!- reification [~thomas@cpc76294-cosh16-2-0-cust297.6-1.cable.virginm.net] has joined #tlponies
00:47:36 -!- mode/#tlponies [+v reification] by Q
00:48:16 <DuB`> Today is like a friday
00:48:20 <DuB`> Pizza time I thinks
00:53:50 <Crisium> dubza
00:54:01 <DuB`> crimsimum
00:55:38 <DuB`> .choose TW CV pizza
00:55:43 <DuB`> hm hm
01:00:43 <Crisium> what kind of choice is that
01:00:48 <Crisium> vidya or food??
01:00:55 <DuB`> Haha
01:01:07 <DuB`> Maybe I do all three and am just choosing which first ;D
02:10:14 <Camail> code vein is good, lots of viable playstyles
02:10:50 <Camail> the bosses are kinda janky
02:10:57 <Camail> and most of them are anime tiddy
02:11:54 <Camail> but the story is engaging, and the game is quite fun. I'd say it's better than dark souls 2, but worse than ds3
02:13:16 <Camail> it's interesting that the game has two difficulties, stupidly easy co-op and quite hard solo
02:14:03 <Camail> they definitely had the casual anime tiddy market in mind when they designed the co-op partners
02:19:43 <DuB`> Interesting
02:22:03 <Camail> there's a kinda hidden thing that i think (havent finished the game yet) gives a better ending
02:22:16 <Camail> gotta find hidden things throughout the level before you beat the boss
02:22:44 <Camail> it's kinda lame that you don't realize that it matters, and is irreversible
02:24:01 <Camail> and one minor bad thing: the best armor that also lets you keep your light roll also looks really edgy and has terrible bloom affects
02:24:24 <Camail> been wearing the same armor since hour 2 and its glaring
02:24:38 <Camail> but it enables a RALLY fun playstyle
02:26:08 <Camail> it does have one boss with might be my favorite fight in any souls-like, maybe right under maria from bloodborne
02:43:22 <Runbunny> Sounds cool.
02:43:32 <Runbunny> I kinda skipped that one though.
02:43:48 <Runbunny> Also gotta sleep.
02:43:53 <Runbunny> Sleep forever.
02:44:57 <Camail> .tell runbunny good morning, u butt
02:47:55 -!- Rawr|Fone [~AndChat52@c-4eb4e655.020-164-6d6c6d4.bbcust.telenor.se] has joined #tlponies
05:39:37 -!- Rawr|Fone [~AndChat52@c-4eb4e655.020-164-6d6c6d4.bbcust.telenor.se] has joined #tlponies
06:05:46 <Camail> .tell skram at game stage 200 tier 5 missions are brutal
06:46:44 -!- Micen [~Micen@h54.212.18.98.dynamic.ip.windstream.net] has joined #tlponies
07:31:56 -!- Dot|Phone [uid393803@2001:67c:2f08:8::6:24b] has joined #tlponies
07:32:33 <Dot|Phone> Morning
07:46:26 <Micen> Morning Dot
07:46:50 <Dot|Phone> Hey Micen 
07:48:38 <Dot|Phone> You started your thanksgiving cooking yet? 
07:48:52 <Micen> yes actually 
07:49:02 <Micen> I have seafoam salad chilling in the fridge. 
07:49:31 <Dot|Phone> Lol
07:50:07 <Micen> thats been a tradition for years
07:55:15 <Micen> How do you all feel about a "Mesquite Smoked Maple Bacon Bourbon Pecan Pie"
08:14:01 <Dot|Phone> I was worried when I read mosquito
08:14:29 <Dot|Phone> And a don't drink alcohol, apart from that sounds well worth trying
08:45:55 <Micen> it sounds like too many flavors in the pie
09:02:55 -!- Rawr|Fone [~AndChat52@c-4eb4e655.020-164-6d6c6d4.bbcust.telenor.se] has joined #tlponies
09:40:51 <Dot|Phone> Is thanksgiving just a unspoken competition about who can use the weirdest ingredients and still have something ppl will eat
09:41:02 <Micen> ...no?
09:41:11 <Micen> its normal food. 
09:41:53 <Dot|Phone> There is nothing normal about bacon on a pecan pie or a seafoam salad
09:42:22 <Micen> seafoam salad is fruit suspended in jello and whipped cream. 
09:42:36 <Micen> the bacon thing is a bit strange, but that was the point of mentioning that 
09:43:13 <Dot|Phone> I saw that imgur list! 
09:44:11 <Micen> its mostly Turkey, sweet potatoes, non-sweet potatoes, peas, green beans (usually in the form of a casserole), corn, and then we do pies for dessert. 
09:44:43 <Dot|Phone> I'm suspicious 
09:45:08 <Micen> what sounds weird about that?
09:45:10 -!- Runbunny [~Runbunny@91.100.28.10.generic-hostname.arrownet.dk] has joined #tlponies
09:45:33 <Runbunny> Can't wake up.
09:45:47 <Runbunny> .tell Camail I am already up.
09:45:53 <Dot|Phone> Runbun
09:46:04 <Runbunny> Dot, good sir.
09:46:11 <Dot|Phone> My friend
09:46:14 <Dot|Phone> How are you
09:46:18 <Runbunny> Tired.
09:47:08 <Runbunny> but hopefully I am still tired tonight so I can be properly rested for my meeting tomorrow.
09:54:15 <Dot|Phone> Is it a job centre meeting? 
09:54:41 -!- Rawr|Fone [~AndChat52@c-4eb4e655.020-164-6d6c6d4.bbcust.telenor.se] has joined #tlponies
10:01:06 <Dot|Phone> Skram should have been here by now
10:01:22 <Dot|Phone> I think he went straight to bed from work, sad day
10:02:38 <Dot|Phone> Micen, why is it so hard to get lpl to talk about dnd outside the 4 hours a week? 
10:02:46 <Dot|Phone> It's a really weird thing
10:03:41 <Micen> I dont know. 
10:05:53 <Runbunny> Yes Dot.
10:06:10 <Dot|Phone> I believe in you bun
10:07:20 <Dot|Phone> I spent a year going to a job centre and then 2 months going to the place they send you when the job centre can't help you
10:07:27 <Dot|Phone> It's rough
10:14:20 -!- tredc [~tredc@c83-254-129-166.bredband.comhem.se] has joined #tlponies
10:20:05 -!- Golly [~kvirc@cm-84.213.21.103.getinternet.no] has joined #tlponies
10:33:42 -!- Cane [~Cane@CaneCraft.users.quakenet.org] has joined #tlponies
10:33:42 -!- mode/#tlponies [+o Cane] by Q
10:40:03 <Dot|Phone> Hedge Cane 
10:40:11 <Dot|Phone> <3
11:07:06 -!- Rawr|Fone [~AndChat52@c-4eb4e655.020-164-6d6c6d4.bbcust.telenor.se] has joined #tlponies
11:22:05 -!- Rawr|Fone [~AndChat52@c-4eb4e655.020-164-6d6c6d4.bbcust.telenor.se] has joined #tlponies
11:32:53 -!- reification [~thomas@cpc76294-cosh16-2-0-cust297.6-1.cable.virginm.net] has joined #tlponies
11:32:53 -!- mode/#tlponies [+v reification] by Q
11:35:13 <reification> morn tlp
11:50:04 <Dot|Phone> Hey Reif
11:50:31 <reification> hi dotties
12:32:52 -!- carcinisation [~thomas@cpc76294-cosh16-2-0-cust297.6-1.cable.virginm.net] has joined #tlponies
12:32:52 -!- mode/#tlponies [+v carcinisation] by Q
13:30:59 <carcinisation> dot 4.bp.blogspot.com/-oPnCr-dR-t8/UinNu3332AI/AAAAAAAAAHY/520kWW8Yk7A/s1600/Chocolate+Orange+and+Apple+Product+Brochure+1936+-+Please+credit+With+kind+permission+of+Borthwick+Institute.jpg
13:32:23 <carcinisation> .tell skram https://www.reddit.com/r/CasualUK/comments/e2wsg9/just_my_cat_being_a_graceful_elegant_example_of/
13:33:00 <Dot|Phone> Terry's apple? What is this
13:33:10 <carcinisation> history dot
13:33:36 <carcinisation> they stopped being made in 1958
13:37:11 <Rawr|Fone> Pon pon
13:38:06 <carcinisation> roar roar
13:39:09 <Rawr|Fone> Reef reef!
13:44:52 <Dot|Phone> Rawr Rawr 
13:45:11 <Rawr|Fone> DoT DoT
13:45:13 <Rawr|Fone> 💖💖
13:58:30 <Dot|Phone> 💖💖
13:58:43 <Dot|Phone> Your great Rawr 
13:58:57 <Rawr|Fone> No u!
14:15:15 -!- Rawr|Fone [~AndChat52@m83-185-94-222.cust.tele2.se] has joined #tlponies
14:38:02 <Rawr|Fone> 🐴🐴🐴
14:43:48 -!- skram [~skram@178.239.173.200] has joined #tlponies
14:44:10 <skram> IAMA Jonas, AMA
14:45:58 <Runbunny> Why is i² defined as -1?
14:47:01 <skram> drugs
14:47:47 <Runbunny> Fairly certain it's math, not meth.
14:49:12 <skram> its the same thing
14:51:02 <Dot|Phone> What are the struggles of a horse in everyday life
14:51:14 <skram> wouldnt know
14:51:34 <Dot|Phone> What's it like to lie to your friends
14:51:46 <skram> apparently you're not my friend
14:52:23 <Golly> why is your face
14:52:45 <skram> how do you know is my face when mirrors arent real
14:55:42 -!- DuB` [DuB@cpe-68-174-122-249.nyc.res.rr.com] has joined #tlponies
14:56:58 <Runbunny> Well.
14:57:06 <skram> Well.
14:57:25 <Runbunny> Maybe skram is lying to his friends to protect them.
14:58:18 <DuB`> I trust skram.
14:58:22 <Runbunny> The courage to tell lie instead of telling the truth could be applauded in this case. 
14:58:47 <skram> I dont know what they're on about DuB`
14:58:59 <Runbunny> https://www.youtube.com/watch?v=VUqBM-Y4r9Q skram
14:59:11 <Runbunny> Don't read the comment section though.
14:59:54 <skram> the hell is this
15:01:28 <Dot|Phone> Seems like your kind of thing skram
15:01:30 <Dot|Phone> Dub
15:01:34 <Dot|Phone> When you get here
15:01:37 <DuB`> dot
15:01:39 <DuB`> Just now!
15:01:51 <Dot|Phone> So in a little while? 
15:02:05 <DuB`> pff
15:02:12 <DuB`> O macy's day parade started an hour ago
15:02:15 <DuB`> Maybe I should walk over
15:02:22 <skram> hey dub
15:02:25 <Dot|Phone> Go see the thing dub
15:02:26 <skram> whats the deal with parades
15:02:29 <Dot|Phone> Hey pictures
15:02:32 <Dot|Phone> Get 
15:02:44 <Dot|Phone> Americans like being noisy skram
15:03:05 <DuB`> There, pictures https://www.youtube.com/watch?v=V6-uisXk6P8
15:03:05 <skram> dubs not very noisy though
15:03:10 <skram> does that mean he's bad at america
15:03:24 <skram> im not allowed to look at this, DuB`
15:03:30 <DuB`> o lol
15:03:42 <DuB`> Guess YOU aren't american enough
15:03:55 <skram> somehow thats a relief, dub
15:04:04 <Dot|Phone> It's an odd compliment
15:04:11 <Dot|Phone> I would take it
15:05:42 <skram> Anders, I spoke to a danish person with the most glorious mustache today
15:05:51 <Runbunny> Oh?
15:06:04 <DuB`> The spot near me is the beginning of the route and it started an hour ago, dunno if there will be much
15:06:09 <DuB`> Guess I'll go for a jog and see
15:06:33 <skram> theres some boys doing repairs on a crane and they're all danes
15:06:52 <Runbunny> Sounds like a great day.
15:06:58 <skram> yep pretty good
15:07:11 <skram> DuB` cant you just look out the window
15:09:11 <Dot|Phone> Boy needs his excercise 
15:09:25 <skram> im not sure its safe
15:09:32 <Runbunny> Don't we all? :/
15:09:37 <Runbunny> I have been slacking Dot.
15:10:22 <Dot|Phone> Oh dear
15:10:34 <Dot|Phone> You too should go for a jog then
15:13:52 <Runbunny> It's cold out and my head is hurting.
15:17:20 <Dot|Phone> Drink more water
15:17:24 <Dot|Phone> Please runbun
15:17:43 -!- reification [~thomas@cpc76294-cosh16-2-0-cust297.6-1.cable.virginm.net] has joined #tlponies
15:17:43 -!- mode/#tlponies [+v reification] by Q
15:17:57 <Dot|Phone> Then wait a bit, then go out, once you're moving you wont feel cold
15:18:45 <reification> no you should go now, send the message to yourself that you do this no matter what!
15:21:30 <Runbunny> I have something more pressing that I really need to do.
15:55:43 <DuB`> Did a jog, took some pics of parade
15:55:45 <DuB`> Is v windy
15:57:14 <Dot|Phone> Does the parade have those big floaty things
15:57:21 <DuB`> Ya
15:57:39 <Dot|Phone> Anyone being carried off by high winds? 
15:57:56 <DuB`> Naw
15:58:10 <DuB`> Though they were moving extra slow and flying them low because of the winds, apparently
15:58:27 <Dot|Phone> America is funny
16:05:55 <DuB`> no u
16:06:01 <reification> old dog https://www.bbc.co.uk/news/world-europe-50586508
16:06:03 <DuB`> Welp, time to play games all day!
16:06:25 <DuB`> What great lil teefs, reif
16:18:22 -!- Dot` [webchat@cloak-yh0bvvn2.123.7.51.dyn.plus.net] has joined #tlponies
16:18:38 <Runbunny> Dot you made it home.
16:20:45 <Dot`> I DID
16:20:47 <Dot`> caps
16:25:10 <Rawr|Fone> Great job dot
16:25:54 <Dot`> thanks horse
16:30:56 -!- Rawr|Phone [~AndChat52@c-4eb4e655.020-164-6d6c6d4.bbcust.telenor.se] has joined #tlponies
17:00:10 -!- Rawr|Fone [~AndChat52@m83-185-94-222.cust.tele2.se] has joined #tlponies
17:14:07 <Dot`> dub
17:15:20 <Rawr|Fone> dub
17:17:43 <DuB`> Hi
17:22:22 -!- BioPhone [~androirc@mobile-166-170-27-145.mycingular.net] has joined #tlponies
17:26:48 -!- Camail_Phone [~camailpho@118.sub-174-221-11.myvzw.com] has joined #tlponies
17:36:23 -!- BioPhone [~androirc@mobile-166-170-27-145.mycingular.net] has joined #tlponies
17:39:23 -!- Crisium [~Crisium@c-24-3-150-105.hsd1.pa.comcast.net] has joined #tlponies
17:42:37 <DuB`> Hm
17:42:46 <DuB`> I stuffed myself with sushi for both of my thanksgivings in Japan
17:42:48 <DuB`> Maybe I'll do that
17:42:55 <DuB`> Haven't had any here yet
17:44:01 <Dot`> dub
17:44:09 <DuB`> yes dot
17:44:10 <Dot`> have you thought of a plan for either dnd 
17:46:16 <DuB`> Um
17:47:25 <DuB`> Well it's down to "try to infiltrate and free everyone" or "beg someone for help somehow" for Cecci, and the second seems awkward or unlikely given how entirely our fault it was
17:54:26 <Runbunny> I'll help you Dub.
17:54:33 <Runbunny> "Murder everyone"
17:54:45 <Runbunny> You can thank me now or later. Up to you.
18:00:09 <DuB`> I'm just a lil birb guy, this sounds hard
18:00:23 -!- Zounds [webchat@cloak-07ouvien.14-2.cable.virginm.net] has joined #tlponies
18:00:26 <Zounds> hey
18:02:50 <DuB`> Hi!
18:08:30 -!- BioPhone [~androirc@mobile-166-170-27-145.mycingular.net] has joined #tlponies
18:09:46 <Zounds> how r u DuB` 
18:16:56 <reification> hello zounds
18:17:33 <Zounds> hi
18:19:07 <reification> i shall go watch some icefight at the weekend
18:19:18 <reification> haven't done that in a while
18:22:08 <Dot`> skram, zounds https://imgur.com/gallery/6EY9Fdm
18:29:42 <Zounds> <3
18:42:20 -!- BioPhone [~androirc@mobile-166-170-27-110.mycingular.net] has joined #tlponies
18:49:03 -!- BioPhone [~androirc@mobile-166-170-27-110.mycingular.net] has joined #tlponies
19:10:31 <DuB`> Well the only place in the neighborhood that's open today is the italian place, might make that my thanksgiving dinner :P
19:10:43 -!- skrma [~skram@178.239.173.200] has joined #tlponies
19:11:38 <skrma> a s d f
19:11:45 <DuB`> s k r m
19:12:09 <skrma> d |_| b
19:14:25 <Dot`> skrm/\
19:15:15 <skrma> excellent
19:15:23 <skrma> did you see the parade, dub
19:16:30 <DuB`> A lil
19:54:42 <Dot`>  pon
19:59:06 <Rawr|Fone> Pon
20:22:02 <reification> on
20:26:14 <Rawr|Fone> n
20:41:05 <reification> wow it even went past the line :O
21:03:06 -!- Rawr|Phone [~AndChat52@c-4eb4e655.020-164-6d6c6d4.bbcust.telenor.se] has joined #tlponies
21:28:22 <Rawr|Phone> 🐴
21:46:15 -!- Rawr|Fone [~AndChat52@c-4eb4e655.020-164-6d6c6d4.bbcust.telenor.se] has joined #tlponies
21:56:16 -!- Rawr|Fone [~AndChat52@c-4eb4e655.020-164-6d6c6d4.bbcust.telenor.se] has joined #tlponies
23:07:11 -!- Rawr|Fone [~AndChat52@c-4eb4e655.020-164-6d6c6d4.bbcust.telenor.se] has joined #tlponies
23:30:30 -!- Rawr|Fone [~AndChat52@c-4eb4e655.020-164-6d6c6d4.bbcust.telenor.se] has joined #tlponies
23:53:13 -!- carcinisation [~thomas@cpc76294-cosh16-2-0-cust297.6-1.cable.virginm.net] has joined #tlponies
23:53:13 -!- mode/#tlponies [+v carcinisation] by Q
23:59:23 -!- reimeuk [~thomas@cpc76294-cosh16-2-0-cust297.6-1.cable.virginm.net] has joined #tlponies
23:59:23 -!- mode/#tlponies [+v reimeuk] by Q
