00:06:08 -!- BioPone [~androirc@97.70.165.146] has joined #tlponies
00:18:49 -!- Rawr|Fone [~AndChat52@c-4eb4e655.020-164-6d6c6d4.bbcust.telenor.se] has joined #tlponies
00:20:02 <Rawr|Fone> Internet is bad
00:20:05 <Rawr|Fone> 😵
00:20:16 <skram> only good boys get good internets, rawr
00:20:30 <Rawr|Fone> Rude
00:22:53 -!- DuB` [DuB@cpe-68-174-122-249.nyc.res.rr.com] has joined #tlponies
00:23:06 <skram> DuB` you're late
00:23:09 <Rawr|Fone> DuB
00:23:14 <DuB`> :o
00:23:21 <DuB`> Was at a fancy hotel rooftop
00:23:43 <skram> what were you doing all the way up there
00:23:50 <DuB`> Drinking lemonade
00:25:42 <skram> well alright then
00:25:53 <DuB`> Others had more fancy drinks :P
00:27:23 <skram> you could've had some ~fancy~ lemonade
00:35:47 <DuB`> O an lotsa snacks
00:36:15 -!- BioPone [~androirc@97.70.165.146] has joined #tlponies
00:36:16 <skram> I had a GIANT kinder egg today
00:38:48 <DuB`> :O
00:38:57 <Rawr|Fone> Tell me more jonas dear
00:39:17 <skram> it was like a normal one but real big
00:39:30 <Rawr|Fone> Impressive
00:54:44 -!- BioPone [~androirc@97.70.165.146] has joined #tlponies
00:59:02 -!- BioPone [~androirc@97.70.165.146] has joined #tlponies
01:03:32 -!- Cane [~Cane@CaneCraft.users.quakenet.org] has joined #tlponies
01:03:32 -!- mode/#tlponies [+o Cane] by Q
01:26:46 -!- BioPone [~androirc@97.70.165.146] has joined #tlponies
01:37:23 -!- Micen_ [~Micen@h54.212.18.98.dynamic.ip.windstream.net] has joined #tlponies
02:18:41 -!- Rawr|Fone [~AndChat52@c-4eb4e655.020-164-6d6c6d4.bbcust.telenor.se] has joined #tlponies
02:38:27 <DuB`> Battletech 66% off hmmmm
02:56:09 <Rawr|Fone> 🐴🐴🐴
02:56:14 <Rawr|Fone> Horses
03:53:20 -!- Rawr|Fone [~AndChat52@c-4eb4e655.020-164-6d6c6d4.bbcust.telenor.se] has joined #tlponies
04:30:53 -!- Rawr|Fone [~AndChat52@c-4eb4e655.020-164-6d6c6d4.bbcust.telenor.se] has joined #tlponies
05:00:47 -!- Rawr|Fone [~AndChat52@c-4eb4e655.020-164-6d6c6d4.bbcust.telenor.se] has joined #tlponies
05:10:09 -!- Rawr|Fone [~AndChat52@c-4eb4e655.020-164-6d6c6d4.bbcust.telenor.se] has joined #tlponies
05:55:06 -!- Rawr|Fone [~AndChat52@c-4eb4e655.020-164-6d6c6d4.bbcust.telenor.se] has joined #tlponies
05:55:39 <Rawr|Fone> 🐴🐴🐴
06:48:44 -!- Rawr|Fone [~AndChat52@c-4eb4e655.020-164-6d6c6d4.bbcust.telenor.se] has joined #tlponies
07:15:03 -!- Rawr|Fone [~AndChat52@c-4eb4e655.020-164-6d6c6d4.bbcust.telenor.se] has joined #tlponies
08:05:53 -!- Golly [~kvirc@cm-84.213.21.103.getinternet.no] has joined #tlponies
08:14:50 -!- Rawr|Fone [~AndChat52@c-4eb4e655.020-164-6d6c6d4.bbcust.telenor.se] has joined #tlponies
08:43:54 -!- Dot|Phone [uid393803@2001:67c:2f08:8::6:24b] has joined #tlponies
08:55:03 -!- Rawr|Fone [~AndChat52@c-4eb4e655.020-164-6d6c6d4.bbcust.telenor.se] has joined #tlponies
09:29:16 -!- Rawr|Fone [~AndChat52@c-4eb4e655.020-164-6d6c6d4.bbcust.telenor.se] has joined #tlponies
09:42:43 -!- Dot` [webchat@5dx3.pthb.xiw1.ip] has joined #tlponies
09:59:24 -!- Rawr|Fone [~AndChat52@c-4eb4e655.020-164-6d6c6d4.bbcust.telenor.se] has joined #tlponies
10:32:55 -!- Runbunny [~Runbunny@91.100.28.10.generic-hostname.arrownet.dk] has joined #tlponies
10:36:39 <Dot`> runbun <3
10:37:45 <Runbunny> Hai Dot.
10:53:29 <Runbunny> Dot`, https://i.imgur.com/afy59yP.mp4
10:56:47 <Runbunny> .tell skram https://i.imgur.com/P56n9Zb.mp4
11:01:12 -!- Rawr|Fone [~AndChat52@c-4eb4e655.020-164-6d6c6d4.bbcust.telenor.se] has joined #tlponies
11:03:18 <Runbunny> Henrik.
11:14:33 <Dot`> those are some chubby otters
11:31:51 <Dot`> runbun https://imgur.com/gallery/J3IIKRb
11:43:35 <Runbunny> !!!
11:47:06 -!- tredc [~tredc@c83-254-129-166.bredband.comhem.se] has joined #tlponies
11:48:19 -!- skram [~skram@82.147.53.215] has joined #tlponies
11:53:55 <Dot`> the jonas friend
11:55:13 -!- Rawr|Fone [~AndChat52@c-4eb4e655.020-164-6d6c6d4.bbcust.telenor.se] has joined #tlponies
11:56:36 <skram> the dot pal
12:04:53 <Runbunny> Jonas.
12:07:43 <skram> Anders.
13:13:01 -!- BioPone [~androirc@mobile-166-177-59-107.mycingular.net] has joined #tlponies
13:17:58 <skram> Dot`: https://imgur.com/gallery/s9tnKrK
13:20:20 <Dot`> a man of culrure
13:20:26 <Dot`> culture
13:20:33 <skram> indeed
13:20:43 <skram> now i just need to find someone to smuggle poptars for me
13:26:48 <Dot`> try cam, im sure he has chicago gangster connections
13:27:22 <Runbunny> Sounds reasonable.
13:27:31 -!- BioPone [~androirc@12.33.239.117] has joined #tlponies
13:36:57 <Rawr|Fone> Anders.
13:37:00 <Rawr|Fone> Jonas
13:37:05 <Rawr|Fone> Pals
13:50:05 -!- Rawr|Fone [~AndChat52@c-4eb4e655.020-164-6d6c6d4.bbcust.telenor.se] has joined #tlponies
13:58:01 <Runbunny> Henrik. Hello.
13:58:05 <Runbunny> I was at the store.
13:58:32 <Rawr|Fone> Did you return safely
14:13:43 <Runbunny> Yes.
14:21:34 <BioPone> Asdf
14:22:34 <BioPone> Little hors
14:27:06 <Runbunny> Bio.
14:33:13 <BioPone> Bun
14:33:30 -!- reification [~thomas@cpc76294-cosh16-2-0-cust297.6-1.cable.virginm.net] has joined #tlponies
14:33:30 -!- mode/#tlponies [+v reification] by Q
14:45:33 <reification> hello tlp. i have returned!
14:46:16 <skram> reifmannen
14:46:21 <skram> its been so long
14:46:31 <skram> how was yurop
14:47:41 <reification> it was charming
14:47:59 <reification> also my shoulders ache now from bringing back the goodies
14:48:07 <skram> oh boi
14:48:10 <skram> any good cheese to be had?
14:48:16 <Dot`> REEEEF
14:48:18 <Dot`> you live!
14:48:33 <reification> got some gouda from holland
14:49:26 <skram> ooh
14:49:39 <reification> also choc from belgium and cider/calvados from france
14:50:10 <skram> are you a brandy person reif
14:51:00 <reification> not especially
14:51:14 <reification> hello dotties, i was alive all the time
14:51:41 <reification> not much internet on the high seas though (unless you pay silly prices)
14:52:42 <skram> yarr
15:26:14 <reification> ooh gj sweden, getting me free monies while i was away :D https://i.imgur.com/LrVaaOZ.png
15:26:14 -!- Rawr|Fone [~AndChat52@c-4eb4e655.020-164-6d6c6d4.bbcust.telenor.se] has joined #tlponies
15:27:03 <reification> roar roar
15:35:04 <Rawr|Fone> Reef reef
15:48:35 <Runbunny> Hai Reif.
15:48:45 <reification> hello bun
15:49:15 <reification> i was reading the monogatari books while i was away
15:49:21 <Runbunny> Good!
15:49:50 <Runbunny> Did you bite your tongue?
15:50:09 <reification> very good. especially the extra kanbaru content
15:54:27 <Runbunny> Kanbaru is a treasure. 
15:54:29 <Runbunny> But.
15:54:43 <Runbunny> Kanbaru's mom though...
16:10:47 -!- DuB` [DuB@cpe-68-174-122-249.nyc.res.rr.com] has joined #tlponies
16:10:54 <DuB`> :D
16:12:10 <CockRoach|42> <3
16:12:52 <skram> :D
16:13:01 <skram> did you skiip work DuB`
16:13:24 <DuB`> Hmmm sorta
16:13:40 <DuB`> I have my laptop open next to me so if someone needs something I can jump on it
16:13:53 <DuB`> But nothing so far and nothing on the calendar
16:19:48 -!- Camail [~Camail@45.40.84.145] has joined #tlponies
16:19:49 -!- mode/#tlponies [+v Camail] by Q
16:20:08 <skram> no?
16:24:02 <BioPone> I would like to leave werk now kthx
16:24:18 <skram> i will allow it
16:29:57 <Dot`> dub never works fridays
16:40:42 <BioPone> What a guy
16:40:49 -!- Zounds [webchat@cloak-07ouvien.14-2.cable.virginm.net] has joined #tlponies
16:40:55 <Zounds> hey
16:46:01 <DuB`> Heyo zounds
16:46:19 <Camail> hey so skram, dub, i quit playing 7days an hour before horde night start so whenever you feel like immediately killing a bunch of zombies for XP, we can do that
16:46:24 <Camail> also yea dub why are you home
16:46:40 <Camail> why dont they just switch to 4 day work weeks
16:48:02 <Zounds> hi dab hi cam
16:48:09 <Camail> yo, zounds
16:48:34 -!- Rawr|Fone [~AndChat52@c-4eb4e655.020-164-6d6c6d4.bbcust.telenor.se] has joined #tlponies
16:56:03 <skram> cam im down in like 30 mins
16:56:08 <skram> what about DuB` DuB` DuB`
17:05:16 <Camail> he ded
17:05:22 <skram> unfortunate
17:13:36 <DuB`> Ah sorry, working a bit
17:14:22 <DuB`> And gonna grab food now
17:43:47 <Camail> skram u rdy
17:43:58 <skram>  hell yeah
17:47:45 -!- Dot|Phone [uid393803@2001:67c:2f08:8::6:24b] has joined #tlponies
18:14:27 -!- BioPone [~androirc@12.33.239.117] has joined #tlponies
19:04:00 <Camail> dub
19:04:01 <Camail> you planted
19:04:04 <Camail> SO MANY TREES
19:04:21 <DuB`> :D
19:04:21 <Dot|Phone> What a good boy
19:05:38 <reification> dub is saving the planet?!
19:06:22 <Dot|Phone> Not letting a little zombie apocalypse get in his way
19:21:28 -!- Rawr|Fone [~AndChat52@m83-185-85-187.cust.tele2.se] has joined #tlponies
19:40:42 <reification> https://gfycat.com/questionablemintycrownofthornsstarfish-minecraft-overwatch
19:45:25 <reification> also https://www.reddit.com/r/Overwatch/comments/dztzlx/very_rare_to_see_two_rein_ults_at_the_same_time_i/
19:50:50 <skram> cam discord died
19:50:56 <Camail> rip
19:51:45 <skram> cam
19:51:49 <Camail> ?
19:51:52 <skram> im gonna need to reconnect real quick
19:51:55 <Camail> kk
19:57:47 <reification> dub https://twitter.com/380kmh/status/1197918435705049090
19:59:10 -!- Micen|droid [~androirc@h71.55.91.75.dynamic.ip.windstream.net] has joined #tlponies
19:59:46 <Micen|droid> Hello.
19:59:52 <reification> hi micen
20:02:04 <Dot|Phone> Hedge
20:02:08 <Micen|droid> Blah. Finally got around to using a new mobile irc client. I don't like it. It's change.
20:09:29 -!- skrma [~skram@109.236.94.21] has joined #tlponies
20:13:15 -!- Micen|droid [~androirc@h54.212.18.98.dynamic.ip.windstream.net] has joined #tlponies
20:13:15 <Camail> skram  did you  log off with all the paper money
20:13:18 <Camail> i cant find it
20:13:36 <skrma> ah no i sold it
20:14:00 <Camail> ............
20:14:02 <Camail> ........................
20:14:04 <Dot|Phone> You sold money
20:14:05 <Micen|droid> I don't think your supposed to sell money.
20:14:05 <Camail> .............................................................................................
20:14:09 <Camail> ............................
20:14:11 <Micen|droid> Hahaha
20:14:21 <Camail> thats how i make ammo, my dude
20:14:34 <skrma> with MONEY?
20:14:39 <Camail> scrapped into paper
20:14:43 <Camail> to make shells
20:14:49 <skrma> well
20:14:50 <skrma> shit
20:14:52 <Camail> it stacks to thousands instead of paper's 250
20:14:58 <Camail> which i had stockpiled
20:15:01 <Camail> lul
20:15:04 <Dot|Phone> Haha
20:16:49 <Camail> my plans have changed
20:17:20 <skrma> cant we just use dubs forest to make the paper
20:18:27 <Camail> takes a lot more effort than scrapping the 1.5k money i had
20:20:40 <Camail> is fine, i can make enough for now
20:29:28 -!- Micen|robit [~androirc@h54.212.18.98.dynamic.ip.windstream.net] has joined #tlponies
20:33:43 -!- Crisium [~Crisium@c-24-3-150-105.hsd1.pa.comcast.net] has joined #tlponies
20:35:56 <Rawr|Fone> Crisioom
20:35:59 <Rawr|Fone> Horse
20:36:03 <Crisium> rooroo
20:37:03 <reification> hej cris
20:41:49 <Zounds> Crisium the golden god
20:41:53 <Zounds> hi
20:41:58 <Crisium> howdy zoonds
20:42:07 <Zounds> and reif hullo
20:42:18 <Crisium> reif ahoy
20:47:03 <Dot|Phone> Hey zounds, crisium
20:47:59 -!- carcinisation [~thomas@cpc76294-cosh16-2-0-cust297.6-1.cable.virginm.net] has joined #tlponies
20:47:59 -!- mode/#tlponies [+v carcinisation] by Q
20:57:22 <reification> hi zounds
21:01:14 -!- Golly [~kvirc@cm-84.213.21.103.getinternet.no] has joined #tlponies
21:14:49 -!- BioPone [~androirc@12.33.239.117] has joined #tlponies
21:17:38 <DuB`> werk werk
21:17:49 <skrma> dub pls :(
21:18:27 <DuB`> There was confusion
21:18:33 <DuB`> So I fixed everything
21:18:40 <skrma> my hero~
21:18:46 <DuB`> And now am waiting to see if it's actually fixed for reals :P
21:19:02 <skrma> did they screw up your carefully crafted spreadsheet
21:29:46 <Camail> DuB` wanna do a factory later?
21:31:05 <skrma> be careful on the roof
21:31:09 <skrma> it collapses and kills you
21:54:45 <Golly> man this ep of the mandalorian was hype
21:54:56 <Golly> havent been this happy about a show in a long time
21:56:32 -!- carcinisation [~thomas@cpc76294-cosh16-2-0-cust297.6-1.cable.virginm.net] has joined #tlponies
21:56:32 -!- mode/#tlponies [+v carcinisation] by Q
21:56:56 <Dot`> mandalorian is great
21:57:14 <Dot`> space western hype, pew pew
21:57:40 <Golly> and a cute babby yode
21:58:15 <skrma> are y'all pirating??
21:58:18 <skrma> im calling the fbi
21:58:26 <Golly> harr harr
21:58:32 <Dot`> skram, your already on thier watchilist
21:58:36 <Dot`> with all those animes
21:59:23 <skrma> dont worry, im behind 7 proxies
21:59:39 <Dot`> but it requires 8 to be saf
21:59:42 <Dot`> safe
22:03:32 <skrma> dot https://i.imgur.com/vdvo047.mp4
22:04:24 <Dot`> pokemon gifs just make me sad now becuase no bulbasaur
22:06:41 <skrma> turn sound on
22:07:29 -!- BioPone [~androirc@mobile-166-177-58-251.mycingular.net] has joined #tlponies
22:11:44 -!- Rawr|Phone [~AndChat52@c-4eb4e655.020-164-6d6c6d4.bbcust.telenor.se] has joined #tlponies
22:13:32 <Rawr|Phone> Hey hors
22:19:50 <Zounds> pokémon gifs make me happy
22:39:59 -!- reimeuk [~thomas@cpc76294-cosh16-2-0-cust297.6-1.cable.virginm.net] has joined #tlponies
22:39:59 -!- mode/#tlponies [+v reimeuk] by Q
22:47:41 -!- Bio [~BioPon@97.70.165.146] has joined #tlponies
22:47:59 <reimeuk> runbunny https://twitter.com/DesutroyedMe/status/1197933632725405698
22:48:04 <DuB`> Went to just go play a doto bot game because those are easy to pause
22:48:15 <DuB`> And indeed had to pause for nearly 2hr for more werk wewwwww
22:48:19 <DuB`> Done for sure now though
22:48:31 <Bio> i forgot to back kingdoms and warfare.
22:48:33 <Bio> welp
22:53:49 -!- Rawr|Fone [~AndChat52@c-4eb4e655.020-164-6d6c6d4.bbcust.telenor.se] has joined #tlponies
23:15:54 <Runbunny> Pretty neat Reif.
23:22:22 -!- Rawr|Fone [~AndChat52@c-4eb4e655.020-164-6d6c6d4.bbcust.telenor.se] has joined #tlponies
23:23:57 -!- Crisium|2 [~Crisium@104.194.218.224] has joined #tlponies
23:31:52 -!- Micen [~Micen@h54.212.18.98.dynamic.ip.windstream.net] has joined #tlponies
23:33:38 -!- Rawr|Fone [~AndChat52@c-4eb4e655.020-164-6d6c6d4.bbcust.telenor.se] has joined #tlponies
23:54:22 -!- Micen|robit [~androirc@h54.212.18.98.dynamic.ip.windstream.net] has joined #tlponies
