00:45:41 -!- Camail [~Camail@45.40.84.145] has joined #tlponies
00:45:42 -!- mode/#tlponies [+v Camail] by Q
00:45:49 <Camail> pls
00:46:21 <Camail> good tells
01:55:57 -!- BioPone [~androirc@97.70.165.146] has joined #tlponies
02:00:00 <Bio> hej
02:00:02 <Bio> bek 
02:01:22 <Camail> keb
02:11:38 <DuB`> ab
03:05:26 <DuB`> .tell skram aaaaaaaaaaa this city girl album is incredible
03:25:04 <Camail> Cane  i got a full breach stone from an incubator >_>
03:28:40 <Cane> I haven't gotten anything good from incubators yet I don't think.
04:47:39 -!- BioPone [~androirc@97.70.165.146] has joined #tlponies
05:20:33 -!- Rawr|Fone [~AndChat52@84-217-62-32.customers.ownit.se] has joined #tlponies
05:55:38 -!- Rawr|Fone [~AndChat52@84-217-62-32.customers.ownit.se] has joined #tlponies
06:35:55 -!- DoT|Phone [~Dot@232.123.7.51.dyn.plus.net] has joined #tlponies
06:36:17 <DoT|Phone> Morning
06:36:35 <DuB`> Dot <3
06:37:33 <DoT|Phone> <3
06:37:48 <DoT|Phone> it's dub the study horse
06:46:47 <DuB`> Unfortunately
06:56:41 <DoT|Phone> cam you butt. I finished game and now have the game trying to hurt my resistance
06:56:53 <DoT|Phone> it's not a very nice congrats
06:56:53 <Camail> yes, -60% is rough
06:57:17 <Camail> but now you'll be finding items with +30 and +40 so it should be fine
06:57:34 <DoT|Phone> I've managed to get it up to 75/72/54 using bench. but now I'm poor
06:57:41 <Camail> and now you gotta run a bazillion maps to get the trials
06:57:51 <Camail> well, you were always poor
06:57:56 <DoT|Phone> true
06:58:27 <DoT|Phone> I also Need to run third lab
07:08:59 <Camail> that's important
07:09:11 <Camail> and pretty easy at this point
07:09:22 <Camail> do you have a 5 link yet
07:10:56 <Camail> so tired, sleep now
07:11:03 <Camail> dub you should sleep as well
07:11:10 <DuB`> o fine
07:17:30 -!- Rawr|Fone [~AndChat52@84-217-62-32.customers.ownit.se] has joined #tlponies
07:19:12 <DoT|Phone> .tell camail only a 4 link, do need a 5 but it's not serious.
07:25:07 -!- DoT|Phone1 [~Dot@85.255.236.9] has joined #tlponies
07:35:07 -!- Golly [Golly@cm-84.212.249.112.getinternet.no] has joined #tlponies
07:44:09 -!- Runbunny [~Runbunny@91.100.28.10.generic-hostname.arrownet.dk] has joined #tlponies
07:44:50 <DoT|Phone1> Angel <3
07:45:06 <Runbunny> Hai Dot.
07:45:27 <Runbunny> My friend told me about this story that I should read.
07:45:44 <Runbunny> Which is apparently a pony fanfiction?
07:46:38 <DoT|Phone1> hahaha. you think your out but then your dragged back in
07:46:56 <DoT|Phone1> what's it called?
07:48:31 <DoT|Phone1> cupcakes. rainbow factory
07:51:41 <Runbunny> Friendship is optimal.
07:52:35 <Runbunny> However the website it's on, is broken for my browser and I can't access the site.
08:08:11 -!- reification [~thomas@cpc76294-cosh16-2-0-cust297.6-1.cable.virginm.net] has joined #tlponies
08:08:11 -!- mode/#tlponies [+v reification] by Q
08:13:48 -!- skram [~skram@190.2.149.11] has joined #tlponies
08:21:14 <Runbunny> Reif, Jonas.
08:21:25 <skram> Anders, reif.
08:21:38 <reification> bun
08:21:45 <reification> skram
08:31:59 <Rawr|Fone> So many ponies
08:35:55 <Runbunny> Henrik!
08:36:07 <Rawr|Fone> Anders!
08:42:51 -!- DoT|Phone [~Dot@85.255.233.44] has joined #tlponies
08:43:05 <DoT|Phone> Skram, Reif!
08:43:09 <DoT|Phone> <3
08:45:46 <skram> Bjørn, Henrik!
08:45:47 <reification> dotties!
08:46:26 <Rawr|Fone> Jonas my dear
08:47:03 <skram> I dont like summer because the sun makes me wake up early
08:47:43 <reification> have you tried curtains?
08:48:05 <skram> yes yes but I have stupid windows so it gets too hot
08:49:05 <reification> ah right, i get that too but only at peak summer
08:49:18 <reification> weather is being too british at the moment for that
08:49:55 <reification> .tell dub` https://pbs.twimg.com/media/D9O2uEuXUAE8-r8.jpg
08:49:56 <skram> my bedroom is facing east so it gets the morning sun
08:51:59 <Rawr|Fone> Should have thought about that before you moved in
08:52:39 <skram> well its too late now
08:55:23 <reification> buy those mirrored panels for putting in car windscreens to keep them cool?
09:02:47 <reification> skram i didn't know forklifts were so dangerous https://twitter.com/ItaloSaxonGamer/status/1112157718008221697
09:03:44 <skram> oh its stapelfuhrer klaus
09:03:54 <skram> its a cautionary tale, reif
09:36:41 <DoT|Phone> was it you driving Skram?
09:39:53 <skram> what a silly thing to say
10:08:06 <DoT|Phone> hmm
10:18:34 -!- tredc [~tredc@c83-254-129-166.bredband.comhem.se] has joined #tlponies
10:46:59 -!- Rawr|Phone [~AndChat52@m83-185-81-227.cust.tele2.se] has joined #tlponies
11:22:51 -!- Cane_ [~Cane@CaneCraft.users.quakenet.org] has joined #tlponies
11:22:51 -!- mode/#tlponies [+o Cane_] by Q
11:28:46 -!- Cane [~Cane@77.222.195.203] has joined #tlponies
11:28:46 -!- Cane [~Cane@CaneCraft.users.quakenet.org] has joined #tlponies
11:28:46 -!- mode/#tlponies [+o Cane] by Q
12:03:51 <Runbunny> skram, are you a stapelfuhrer?
12:06:40 <skram> hell yeah buddy
12:28:08 <Rawr|Phone> Are you the best one in the land skram
12:30:31 <skram> i can go so fsat
12:56:19 <DoT|Phone> fast enough to chop ppl in half
13:04:21 -!- Rawr|Fone [~AndChat52@84-217-62-32.customers.ownit.se] has joined #tlponies
13:38:29 <Rawr|Fone> Hors hors
14:42:23 -!- DoT|Phone [~Dot@85.255.236.192] has joined #tlponies
15:20:51 <DoT|Phone> pon
15:21:12 <Rawr|Fone> DoT DoT
15:21:22 <DoT|Phone> Rawr Rawr
15:21:28 <DoT|Phone> 💖💖
15:21:32 <Rawr|Fone> 💖💖
15:21:33 <DoT|Phone> how's your day
15:25:25 <Rawr|Fone> Pretty goood
15:25:35 <Rawr|Fone> Been to the gym and gonna go play table tennis
15:26:06 <DoT|Phone> what a day
15:28:18 <Runbunny> Good Henrik.
15:40:32 -!- DoT|Phone1 [~Dot@148.252.129.81] has joined #tlponies
15:43:31 <Runbunny> DoT|Phone1, 
15:43:41 <Runbunny> Remember not to think of heresy.
15:43:42 <Runbunny> https://i.imgur.com/hYMwBTR.png
15:45:38 -!- DoT` [~Dot@232.123.7.51.dyn.plus.net] has joined #tlponies
15:45:46 -!- DoT|Phone [~Dot@232.123.7.51.dyn.plus.net] has joined #tlponies
15:45:53 <reification> .tell zounds https://twitter.com/AdmiralAegis/status/1133173057600856070
15:47:20 <reification> also runbun https://dotclue.org/archive/2019/01/005696/
15:51:14 -!- Rawr|Phone [~AndChat52@m83-185-85-251.cust.tele2.se] has joined #tlponies
16:00:38 -!- BioPhone [~androirc@12.33.239.117] has joined #tlponies
16:00:47 <BioPhone> Horsenpons
16:04:50 -!- Camail [~Camail@45.40.84.145] has joined #tlponies
16:04:50 -!- mode/#tlponies [+v Camail] by Q
16:33:15 <reification> biomannen
16:38:46 <DoT`> bio, cam
16:39:05 <DoT`> rawr, runbun https://imgur.com/gallery/ZJ3bxBH
16:40:23 <BioPhone> Good puppo
16:40:47 -!- DuB` [DuB@65-130-75-179.slkc.qwest.net] has joined #tlponies
16:43:06 <Camail> dot
16:48:00 <DuB`> dot
16:48:09 <Rawr|Phone> dot
16:48:13 <DoT`> AHH
16:58:40 <reification> dub
16:58:54 <DuB`> Good morn reif
16:59:11 <DuB`> Thank you for cozy pic even if it's IRRADIATED
17:01:46 <DoT`> show me radiation pls
17:03:50 <DuB`> https://pbs.twimg.com/media/D9O2uEuXUAE8-r8.jpg
17:06:12 <Camail> not good, but not terrible
17:06:26 <Camail> also the first pic should be the last pic
17:06:52 <DoT`> haha
17:26:03 <DuB`> Moving across the country in 6 day
17:26:04 <DuB`> wew
17:26:45 <Camail> so you can go from studying in utah to studying in new york
17:26:59 <DuB`> And WORKING for real monies
17:27:08 <DuB`> Though that doesn't start for nearly another month
17:29:41 -!- Zounds [~Zounds@cpc108453-cowc8-2-0-cust8.14-2.cable.virginm.net] has joined #tlponies
17:30:00 <Zounds> hey
17:30:52 <DoT`> Zounds <3
17:30:56 <DoT`> gl dubs
17:31:20 <DuB`> Hi hi zond
17:31:28 <Zounds> dab
17:31:48 <DuB`> Dot, terraforming mars boardgame is pretty great
17:31:55 <DuB`> It's like catan but not boring :P
17:33:57 <DoT`> lol
17:34:11 <DoT`> well you must show us how to play sometime, i ahev it on TTS
17:34:30 <DuB`> o good
17:44:25 <DoT`> camail, i have a skullhead secutor helm if you want
17:45:03 <Camail> i'll take it for my slam boy, sure
17:45:15 <Zounds> :3
17:45:20 <Camail> he is wearing a bucket atm
17:46:34 -!- Golly [Golly@cm-84.212.249.112.getinternet.no] has joined #tlponies
17:50:01 <DoT`> cam, is life or ES more important for me?
17:50:25 <Camail> hmmm
17:50:47 <DoT`> canes asking me questions that require me to know more than , move and right click
17:51:02 <Camail> if you plan on eventually going CI energy shield is more important
17:51:09 <Camail> but it depends on the item
17:51:17 <Camail> is it jewelry, or an armor piece
17:51:31 <reification> dot https://twitter.com/klara_sjo/status/1139950298108219392
17:51:32 <Camail> and if the armor a high enough ES to warrant giving up hybrid ehp
17:51:33 <DoT`> amulet, i currently have one that adds 9% ES
17:51:44 <Camail> does it do anything else
17:51:52 <DoT`> but not really anything else i just had it for attributes earlier on and still have it
17:52:09 <Camail> does the new one give you something other than health?
17:52:54 <DoT`> cane has one with 29 lightning and 33 fire resistand +52 life
17:53:25 <Camail> you should use that, i assume your resistances aren't capped
17:53:39 <DoT`> nah, lightning is it 54
17:54:02 <Camail> you can do that, and maybe roll lightning on some fire resist you crafted onto something else
17:54:18 <Camail> also spending chaos to craft tier 3 mods on your items isn't advised
17:54:35 <Camail> you'll be replacing it all slowly, you save the strong crafts for more permanent items
17:55:37 <Cane> Camail, my build is OP.
17:55:49 <Cane> I got most of my gear and suddenly I'm death incarnate on red maps.
17:55:59 <reification> bio meem https://twitter.com/SilverVVulpes/status/1140155647507468289
17:56:15 <Cane> I forgot how miserable trying to find all the trials could be though.
17:56:20 <Cane> Like, yep, that's one of the five I already have.
17:56:39 <Cane> Camail, which maps would you recommend shaping btw?
17:58:27 <Camail> i haven't been shaping any atm, haven't felt like looking it up
17:58:40 <Camail> the only strategy i've ever followed is for elder orb
17:58:54 <Camail> but there are lists on the internet about what to shape, for various reasons
17:59:05 <Camail> some maps have good div cards, other good density
17:59:50 <Camail> and yea i'm on that 6th trial grind too
18:00:21 <Camail> i got lucky in synth, hit it pretty bad in flashback, but getting to t12 without uber lab is butts
18:00:27 <Camail> which trial are you missing
18:11:00 <Cane> I don't even know the name of it.
18:11:05 <Cane> The first one.
18:13:46 <Camail> piercing truth? the spike trap one?
18:14:18 <Camail> i'll keep a lookout if i see it
18:15:09 <Cane> Yep that's the one.
18:15:12 <Camail> i'm missing lingering pain
18:15:12 <Cane> Which one do you need?
18:15:17 <Cane> Righto.
18:15:29 <Cane> Adding that to the Discord thing.
18:15:55 <Camail> oh also i bought my lions roar, they finally dropped in price
18:16:10 <Camail> it's a nice defensive and offensive buff
18:16:51 <Cane> How much did they drop?
18:16:54 <Cane> They were like 1 ex for a while.
18:17:35 <Camail> a few intsa sold at 50c, and i got mine for 70c
18:17:51 <Camail> which is around .5ex
18:18:00 <Camail> ex are 120c atm
18:18:20 <Cane> Yeah that's way more reasonable.
18:20:07 <Cane> Camail, have you seen any of my Discord messages?
18:20:15 <Camail> oh i dont open discord >_>
18:21:39 <Camail> i promoted you so maybe that'll work
18:24:23 <Cane> Nope, need to be leader. I can apparently donate points to the guild though?
18:25:03 <Camail> ah, want do you want it to be for, then
18:25:54 <Cane> Shared stash. I always pick up generically useful items like rings/jewels/belts that's useful for all classes.
18:25:58 <Camail> oh, there's literally only two guild things to buy
18:26:04 <Cane> lol yeah?
18:26:20 <Camail> stash tabs and guild slots
18:26:25 <Cane> Righto.
18:27:26 <Cane> There, I transferred enough to get 2 tabs.
18:27:31 <Cane> I think.
18:27:54 <Camail> ok, time to figure out how to spend them
18:28:08 <Camail> oh, i had to accept
18:28:10 <Camail> neat
18:28:41 <Cane> Yeah I dunno how you use them to buy a tab.
18:29:32 <Camail> ok
18:29:34 <Camail> they exist now
18:29:39 <Camail> gotta lleave the instance
18:31:11 <Camail> do we want to name them or just leave them as dump tabs for shareable items
18:31:14 <Camail> the latter seems fine
18:36:18 -!- Rawr|Fone [~AndChat52@84-217-62-32.customers.ownit.se] has joined #tlponies
18:38:15 <Cane> Yeah, you can name them something like "Shared items" or "Free to take" but so long as the few people in the guild knows it's there it doesn't really matter.
18:38:28 <Cane> DoT`, I put the amulet in the guild stash so you can pick it up whenever you want.
18:38:40 <Camail> DoT` DuB` guild stash is a thing now, get ur free shit
18:39:00 <Camail> .tell skram poe guild stash has tabs now, free gear inside
18:44:33 -!- skram [~skram@190.2.149.11] has joined #tlponies
18:45:03 <skram> DoT`
18:45:08 <skram> do you want to ascend
18:50:16 <DoT`> skram
18:50:17 <DoT`> hello
18:50:28 <DoT`> cam, do i care about weapons with fancy backgrounds
18:54:03 <DoT`> skram, you appear to be playing dota, that is decending
18:54:09 <Camail> you care about shaper weapons, but not really, yet
18:54:10 <Rawr|Fone> Oh is this that skram
18:54:17 <Rawr|Fone> I hear he is pretty great
18:54:27 <Camail> pick all of thme up, tho
18:54:36 <DoT`> then sell?
18:54:44 <DoT`> or am i hoarding for some reason
18:54:50 <Camail> usually sell
18:55:08 <Camail> sometimes they have good stats, and sometimes they even have a useful special mod
18:55:44 <Camail> i'm not super well versed in shaper and elder modifiers, and which ones are worth keeping
19:07:03 -!- Phearlock [webchat@cloak-e3kb14bi.208.146.128.getinternet.no] has joined #tlponies
19:07:12 <Phearlock> evening
19:08:39 <DoT`> phear <3
19:13:58 <Zounds> phear pone
19:20:18 <skram> well you didnt answer dot
19:20:27 <skram> but im losing in like 10 minutes so maybe you wanna go ascend then
19:22:39 <DoT`> i wasnt THAT slow in awnsering
19:23:24 <skram> a whole 300 seconds dot
19:23:41 <DoT`> you have no proof!
19:23:49 <skram> mIRC has timestamps
19:23:49 <skram> pls
19:25:30 <DoT`> did you at least win at your bad game?
19:25:53 <DoT`> and cane it seems i still need the dex from the amulet i have lol
19:25:58 <skram> just lost
19:26:55 <skram> dot dis cord
19:29:55 -!- skrma [~skram@37.120.149.38] has joined #tlponies
19:34:52 <Cane> DoT`, yeah that keeps happening to me too lol
19:37:26 <DuB`> I've been in the mood for Terraria but keep feeling that I should wait for the mega update sometime this year to do it...
19:37:27 <DuB`> Pah!
19:38:05 <Camail> you should wait
19:38:31 <Camail> then wait for mods to be updated to make early game interesting
19:53:33 -!- BioSC [~BioPon@97.70.165.146] has joined #tlponies
20:05:41 <Runbunny> Oh boy, I am watching Chernobyl. 
20:05:55 <Runbunny> They're having a swell old time.
20:07:01 <Camail> yea, good ending
20:13:01 -!- Micen [~Micen@h96.113.89.75.dynamic.ip.windstream.net] has joined #tlponies
20:25:49 <skrma> spoiler alert: its explodes
20:26:08 <DoT`> but first it hippity hops, and thats the best
20:26:48 <Runbunny> O:
20:35:12 <BioPhone> Terararar
20:36:30 -!- carcinisation [~thomas@cpc76294-cosh16-2-0-cust297.6-1.cable.virginm.net] has joined #tlponies
20:36:30 -!- mode/#tlponies [+v carcinisation] by Q
20:40:37 <Camail> DoT`  i'm teaching skrumboi how to trade in poe, i should do the same for you
20:41:14 <DoT`> my build doesnt need anything. HA
20:41:23 <DoT`> i have avoided the need to talk to strangers
20:42:24 <Camail> that's a lie, tho
20:52:20 <Runbunny> DoT`, you should carry a raise zombie skill gem in your inventory at all times. So that you can make yourself a friend if the need arises.
20:52:50 <DoT`> but i have you runbun
20:53:19 <Runbunny> Until I am found at least.
20:53:45 -!- Crisium [~Crisium@c-73-174-151-51.hsd1.pa.comcast.net] has joined #tlponies
20:57:23 <Camail> dot, skram got an ex!
20:57:42 <Camail> he's busy selling it
20:58:33 <DoT`> im happy for him
21:02:17 -!- BioPone [~androirc@mobile-166-170-25-36.mycingular.net] has joined #tlponies
21:09:54 <reification> didn't know norway allowed slave trading :O
21:12:19 <DuB`> Zounds I wanted to hop on planetside for a bit and shoot things but all of the Daybreak customer support and account recovery pages seem broken -.-;
21:12:32 -!- BioPone [~androirc@74.85.109.2] has joined #tlponies
21:12:50 <DoT`> dub you should PoE and get up your levels
21:13:41 <DuB`> blehh
21:13:48 <Runbunny> Dub dub.
21:14:19 <DuB`> Run bun.
21:15:02 <Camail> did you acc get hacked dub
21:15:10 <Camail> maybe dont have such a weeby password
21:15:20 <Runbunny> weeby password?
21:15:37 <DuB`> I jus don't remember the pass, haven't played in like a year!
21:15:58 <Camail> account recovery should be automated
21:16:05 <DuB`> Yes
21:16:09 <Camail> try harder
21:16:10 <DuB`> And the webpages are broken
21:16:14 <Camail> ask really nicely
21:16:17 <reification> https://www.bbc.com/news/amp/world-asia-48663289
21:16:22 <Camail> this is clearly a sign to play poe
21:16:30 <Camail> you can level with my slamjam man
21:19:14 <DoT`> cam btw, i put the hat in the guild stash
21:19:28 <Camail> cool
21:23:59 <Camail> good hat received
21:24:14 <Camail> i'll level into it next time i play, probably later tonight
21:34:40 -!- BioPone [~androirc@97.70.165.146] has joined #tlponies
21:49:36 <skrma> DuB` I ordered myself a D.Va lego thing
21:51:48 <reification> you and your lego
21:52:36 <skrma> he said, with great jealousy in his eyes
21:54:29 <Zounds> Dva is the worst character skrma
21:54:39 <Zounds> But I suppose the mech would make good lego :(
21:56:11 <skrma> its d.va and reinhardt actually
21:56:15 <skrma> the two best characters maybe
21:57:05 <Zounds> No character can be a beautiful model / pro gamer / crack shot / mecha pilot / actress at 19 y/o and be good
21:57:49 <skrma> she's probably got mad issues
21:58:18 <Zounds> McCree is the best character
21:58:33 <Zounds> He's a two dimensional composite cowboy
21:58:49 <Zounds> but he's a cowboy so yeah
21:58:51 <skrma> the whole d.va persona is probably just her disassociating from all the shitty things that robots do
21:59:02 <skrma> i mean yeah cowboys are still cool
21:59:13 <Zounds> I don't know if McCree would make good lego though
22:00:13 <skrma> the most important attribute
22:00:15 <skrma> legobility
22:00:58 <reification> bastion seems very legoable
22:01:33 <Zounds> if you made the model reaaaaaaaaally big
22:01:36 <Zounds> then McCree could be good lego
22:01:38 <skrma> so much so that he has his own set
22:08:13 <Camail> .tell cane i looked through the blog post on what bugs they're fixing... apparently bladestorm's first hit hasn't actually been hitting. 
22:14:07 <Camail> i might be doing like half the DPS i should be doing
22:14:13 <Camail> which would explain a lot, tbh
22:14:16 <reification> runbun 🥩 https://twitter.com/akuma_0728/status/1135519173260394501
22:14:40 <Runbunny> Hehehe.
22:14:50 <Runbunny> How do you find all of this Reif?
22:15:47 <reification> the magic of twitter
22:17:41 <reification> skram https://twitter.com/380kmh/status/1140706322389884928
22:17:51 <reification> dub https://pbs.twimg.com/media/D9SqoYDXkAEq5-j.png
22:18:54 <Runbunny> Uhh magic!
22:19:02 <reification> also https://pbs.twimg.com/media/D9R698PX4AASp5Q.jpg
22:26:42 -!- skram [~skram@95.174.67.132] has joined #tlponies
22:27:41 -!- BioPone [~androirc@mobile-166-170-25-70.mycingular.net] has joined #tlponies
22:36:00 -!- carcinisation [~thomas@cpc76294-cosh16-2-0-cust297.6-1.cable.virginm.net] has joined #tlponies
22:36:00 -!- mode/#tlponies [+v carcinisation] by Q
22:37:48 <Zounds> Crisium DuB`https://dotesports.com/overwatch/news/brigittes-rally-armor-is-reducing-more-damage-than-expected-in-overwatch
22:37:52 <Zounds> Did you guys see this btw
22:38:10 <Zounds> It explains some things we've noticed without realising
22:38:21 <Crisium> weird
22:39:56 <Zounds> I always figured the healing + gaining armor was what making shooting her with soldier entirely pointless
22:39:59 <Zounds> which it is
22:40:02 <Zounds> but even more so
22:41:48 <carcinisation> she does seem unreasonably hard to kill when ulting
22:43:54 <carcinisation> dub bun https://twitter.com/WeebMs/status/1137798116420120576
22:47:20 <skram> reif why are they driving on the wrong side of the road
22:47:37 <DuB`> Yeah!
22:48:10 <DuB`> Seems dangerous
22:49:47 <skram> dub when are you moving to nyc
22:49:55 <carcinisation> it is the correct side for islands of tea drinkers
22:50:04 <Runbunny> Jonas.
22:50:22 <skram> Anders.
22:50:32 <skram> thats some weird ass gatekeeping reifmanne
22:51:07 <Runbunny> Jonas I am going to sleep.
22:51:19 <skram> will there be room for 2
22:51:23 <Runbunny> No.
22:51:28 <skram> denied
22:51:34 <DuB`> Sundey, skram
22:51:43 <skram> this sunday?
22:51:45 <skram> daaaaaang
22:51:46 <DuB`> Ya ya
22:51:59 <skram> and how long till you start job
22:52:03 <DuB`> Gonna make a lotta ikeabois
22:52:05 <DuB`> July 11 is werk
22:52:30 <skram> well thats not so bad, youll have time to put up string lights and everything
22:53:22 <DuB`> Something like that
22:53:39 <DuB`> On my Kallax or my Ekedalen?
22:54:16 <skram> kallax of course
22:54:35 <DuB`> hmm hmm
22:55:59 <carcinisation> phearlock cr|42 https://twitter.com/WeebMs/status/1138530337363857408
23:11:13 <carcinisation> night all
23:11:32 <Zounds> night reif lad
23:17:37 <Camail> DoT`  hey you are gonna want to look for crystal belts on the trade site, they are cheap for a ton of ES, 5c will get you a decent one
