00:07:28 -!- skraam [~skram@82.147.53.3] has joined #tlponies
00:12:48 -!- Crisium|2 [~Crisium@104.194.218.62] has joined #tlponies
00:19:37 -!- Crisium [~Crisium@c-73-174-151-51.hsd1.pa.comcast.net] has joined #tlponies
00:44:04 -!- Rawr|Fone [~AndChat52@c-4eb4e655.020-164-6d6c6d4.bbcust.telenor.se] has joined #tlponies
01:21:36 -!- BioPone [~androirc@97.70.165.146] has joined #tlponies
01:27:24 -!- BioPone [~androirc@97.70.165.146] has joined #tlponies
01:45:02 -!- Rawr|Fone [~AndChat52@c-4eb4e655.020-164-6d6c6d4.bbcust.telenor.se] has joined #tlponies
02:01:28 -!- BioPone [~androirc@97.70.165.146] has joined #tlponies
02:04:40 -!- Rawr|Fone [~AndChat52@c-4eb4e655.020-164-6d6c6d4.bbcust.telenor.se] has joined #tlponies
02:13:21 -!- BioPone [~androirc@97.70.165.146] has joined #tlponies
02:19:55 -!- Rawr|Fone [~AndChat52@c-4eb4e655.020-164-6d6c6d4.bbcust.telenor.se] has joined #tlponies
02:32:25 -!- BioPone [~androirc@97.70.165.146] has joined #tlponies
03:06:51 -!- Rawr|Fone [~AndChat52@c-4eb4e655.020-164-6d6c6d4.bbcust.telenor.se] has joined #tlponies
03:34:22 -!- Rawr|Fone [~AndChat52@c-4eb4e655.020-164-6d6c6d4.bbcust.telenor.se] has joined #tlponies
03:51:19 -!- DoT|Phone [~Dot@85.255.233.19] has joined #tlponies
03:55:36 -!- Rawr|Fone [~AndChat52@c-4eb4e655.020-164-6d6c6d4.bbcust.telenor.se] has joined #tlponies
04:22:40 -!- Rawr|Fone [~AndChat52@c-4eb4e655.020-164-6d6c6d4.bbcust.telenor.se] has joined #tlponies
04:43:04 -!- Rawr|Fone [~AndChat52@c-4eb4e655.020-164-6d6c6d4.bbcust.telenor.se] has joined #tlponies
05:16:02 -!- Rawr|Fone [~AndChat52@c-4eb4e655.020-164-6d6c6d4.bbcust.telenor.se] has joined #tlponies
05:51:49 -!- Rawr|Fone [~AndChat52@c-4eb4e655.020-164-6d6c6d4.bbcust.telenor.se] has joined #tlponies
06:02:39 -!- Rawr|Fone [~AndChat52@c-4eb4e655.020-164-6d6c6d4.bbcust.telenor.se] has joined #tlponies
06:09:28 -!- Rawr|Fone [~AndChat52@c-4eb4e655.020-164-6d6c6d4.bbcust.telenor.se] has joined #tlponies
06:34:07 -!- Rawr|Fone [~AndChat52@c-4eb4e655.020-164-6d6c6d4.bbcust.telenor.se] has joined #tlponies
06:36:19 <DoT|Phone> morning
06:42:28 <Rawr|Fone> DoT DoT DoT
06:42:44 <Rawr|Fone> 💖💖💖
06:43:17 <DoT|Phone> Rawr Rawr Rawr
06:43:21 <DoT|Phone> 💖💖💖
06:52:42 -!- Rawr|Phone [~AndChat52@m83-185-94-188.cust.tele2.se] has joined #tlponies
07:10:39 <Rawr|Phone> DoT DoT
07:10:50 <Rawr|Phone> Are you at work
07:14:24 <DoT|Phone> nope, leaving soon
07:14:56 <DoT|Phone> don't have much work to do today but I am running a bit later than normal
07:17:30 <Rawr|Phone> D:
07:34:21 <DoT|Phone> what you up to today Rawr
07:35:13 <Rawr|Phone> More work
07:35:25 <Rawr|Phone> 4 hours, then gym, then table tennis
07:35:37 <DoT|Phone> is the work fun?
07:46:54 <Rawr|Phone> Not really
07:47:03 <Rawr|Phone> But honestly kind of interesting
07:47:34 <Rawr|Phone> I have to sort through the archives of every note they have made about words in the swedish language
07:47:49 <Rawr|Phone> The oldest ones are from like 500 years ago
07:51:25 <DoT|Phone> that is interesting indeed!
07:51:41 <DoT|Phone> any particular good ones so far?
08:10:30 <Rawr|Phone> Mostly people disagreeing on what to call new things dot
08:10:38 <DoT|Phone> haha
08:10:43 <Rawr|Phone> Airplanes are called "flygplan" in swedish
08:10:58 <Rawr|Phone> But many people called them "vingflygare"
08:11:05 <Rawr|Phone> Which means wingflyer
08:11:48 <DoT|Phone> and flygplan translates as?
08:13:09 <Rawr|Phone> Flyplane I guess
08:15:15 -!- Golly [Golly@cm-84.213.21.103.getinternet.no] has joined #tlponies
09:06:02 -!- tredc [~tredc@c83-254-129-166.bredband.comhem.se] has joined #tlponies
09:26:07 <Rawr|Phone> 🐴🐴
09:26:36 -!- reification [~thomas@cpc76294-cosh16-2-0-cust297.6-1.cable.virginm.net] has joined #tlponies
09:26:36 -!- mode/#tlponies [+v reification] by Q
09:26:50 <Rawr|Phone> Reef reef
09:29:21 <reification> roar roar
09:29:29 <reification> .tell runbunny https://danbooru.donmai.us/posts/3597430
09:59:44 -!- Cane [~Cane@CaneCraft.users.quakenet.org] has joined #tlponies
09:59:44 -!- mode/#tlponies [+o Cane] by Q
10:02:33 <DoT|Phone> Reif!
10:05:37 <reification> Dot!
10:08:05 -!- carcinisation [~thomas@cpc76294-cosh16-2-0-cust297.6-1.cable.virginm.net] has joined #tlponies
10:08:05 -!- mode/#tlponies [+v carcinisation] by Q
10:29:12 <DoT|Phone> how's it going Reif
10:30:40 <carcinisation> sad because weather 
10:31:07 <DoT|Phone> Hmm
10:39:33 <Rawr|Phone> Hmm
10:45:07 -!- DoT|Phone1 [~Dot@228.89.99.195.dyn.plus.net] has joined #tlponies
11:06:48 -!- DoT` [~Dot@228.89.99.195.dyn.plus.net] has joined #tlponies
11:18:01 <carcinisation> https://www.foxnews.com/travel/miniature-horses-allowed-fly-service-animals-dot
11:35:42 <Cane> Bio, https://i.imgur.com/o6zTxML.jpg
12:14:10 -!- skram [~skram@5.79.76.39] has joined #tlponies
12:15:13 <skram> bois bois bois
12:15:27 <DoT`> skrm lad!
12:15:31 <Rawr|Phone> Jonas Jonas Jonad
12:16:24 <Rawr|Phone> Sss
12:17:25 <skram> Henris, Dot
12:17:29 <skram> p a l s
12:23:55 -!- BioPone [~androirc@mobile-166-170-27-246.mycingular.net] has joined #tlponies
12:24:16 <Rawr|Phone> How are you today jonas dear
12:24:52 <skram> tiredface today
12:24:55 <skram> what you up to henrik
12:25:15 <Rawr|Phone> I'm on the bus on my way to the gym
12:25:26 <skram> are you the rock yet
12:29:57 <Rawr|Phone> Soon
12:46:30 -!- Micen [~Micen@h223.219.117.75.dynamic.ip.windstream.net] has joined #tlponies
12:52:20 -!- Zounds [webchat@cloak-07ouvien.14-2.cable.virginm.net] has joined #tlponies
12:59:57 <Zounds> hey
13:00:21 <skram> zounds pal
13:10:12 <Zounds> o/
13:12:57 <DoT`> zounds
13:15:09 <skram> I was makinbg some breakfast in my underpants earlier and there was a guy just standing outside of my kitchen window
13:15:15 <skram> i live on the 2nd floor
13:15:24 <DoT`> haha
13:15:38 <DoT`> what where you making though?
13:15:42 <skram> apparently he's just doing maintenance
13:15:54 <skram> i was washing my carrots obviously
13:19:18 <carcinisation> as long as that isn't a euphemism you should be ok skram
13:22:17 -!- Runbunny [~Runbunny@91.100.28.10.generic-hostname.arrownet.dk] has joined #tlponies
13:23:02 <skram> its nothing like that time i got hot sauce on my willy
13:23:12 <Runbunny> oh boy
13:23:22 <Runbunny> I wandered in here at the right moment.
13:23:28 <carcinisation> hey bun
13:23:32 <Runbunny> Hai.
13:23:50 <skram> anders buddy
13:24:05 <Runbunny> I am done in the consultant house, so now I just have to find a job.
13:24:07 <Runbunny> BUT!
13:24:25 <Runbunny> I had a chance to talk to cute short haired honey.
13:25:26 <skram> noice
13:26:04 <Runbunny> Indeed.
13:26:17 <DoT`> RUNBUN
13:26:18 <DoT`> <3
13:26:19 <Runbunny> DOT!
13:26:30 <Runbunny> and I am never ever gonna see her again. 
13:26:34 <Rawr|Phone> What a day anders.
13:26:54 <Runbunny> I agree Henrik. It has been quite a good day.
13:27:24 <Rawr|Phone> I'm glad to hear that my friend
13:28:40 <Runbunny> Now we just have to rub Dot the wrong way so that he is happy too.
13:29:34 <DoT`> im already unsure about this runbun
13:30:59 <Runbunny> Good.
13:31:38 <Zounds> huh
13:32:03 <Runbunny> Hello Zounds.
13:32:11 <Zounds> hi
13:32:36 <Runbunny> Are you ready to be troll freaks in classic yet?
13:33:33 <Zounds> maybe still not sure ill play much
13:34:37 <Runbunny> As it's supposed to be.
13:35:02 <skram> I already finished classic, runbun
13:35:14 <Runbunny> Dang.
13:35:26 <Runbunny> Are you an epic gamer as well?
13:36:32 <skram> deffo
13:36:52 <reification> bio https://twitter.com/sendrawz/status/1162006143138316288
13:38:29 <Zounds> i've got different people wanting me to join different servers and factions
13:38:36 <Zounds> maybe I cba with any
13:39:30 <skram> Yeh all the old bois showed up and were like hey lets all play together and now they're spread over like 3 servers
13:40:08 <Runbunny> Same kinda...
13:40:13 <Rawr|Phone> You are an old boi too skram
13:40:37 <skram> no way
13:43:32 -!- DuB|fon [~androirc@168.149.241.80] has joined #tlponies
13:43:50 <DoT`> dub dub
13:45:11 <DuB|fon> dot dot
13:45:49 <DuB|fon> Not sure where everyone is lol
13:45:57 <DuB|fon> Very quiet on fridays...
13:46:00 <skram> I am here!
13:46:13 <DoT`> im here!
13:46:21 <reification> lots of ppl are here
13:46:22 <Zounds> you talking about your workplace?
13:46:31 <DuB|fon> Yes zonds :P
13:46:37 <Zounds> Why am I the smartest one
13:46:42 <reification> but you are never busy dub
13:46:48 <DuB|fon> You guys are aaaaaall the way over the waters
13:46:55 <reification> so how is friday different?
13:47:06 <DuB|fon> I do some things now!
13:47:15 <DuB|fon> At least two things today!
13:47:39 <DoT`> no fun alloweed zounds?
13:48:10 <Zounds> I had fun once and I wont do it again
13:48:15 <skram> lol
13:48:25 <DoT`> understandable
13:49:02 <DuB|fon> America cannot into buy Greenland :T
13:49:37 <skram> america pls, greenland is viking territory
13:49:54 <reification> it's nice that greenland is getting some attention
13:50:32 <reification> https://www.youtube.com/watch?v=dep69ARBNpE&list=PLR7yrLMHm11Xv2FOeHtuhern2tYm_Yd0H&index=4
13:50:59 <Runbunny> Hai Dub.
13:51:07 <DuB|fon> Yahallo
13:51:16 <skram> .tell skrm https://www.youtube.com/watch?v=dep69ARBNpE&list=PLR7yrLMHm11Xv2FOeHtuhern2tYm_Yd0H&index=4
13:51:23 <skram> imma listen to this at work reif
13:51:40 <reification> the whole series is great skram
13:52:10 <reification> i especially enjoyed the easter island one even if it was sad
13:57:58 <DuB|fon> I've been working with a Jonas
13:58:04 <DuB|fon> But he is from Brasil
13:58:24 <skram> is brazil even real
13:58:28 <Cane> skram, https://www.youtube.com/watch?v=j0YXfeNxJJ0
14:00:06 <skram> LOL
14:00:16 <skram> this is a masterpiece, cane
14:01:19 <skram> corpse makeup and beaches
14:02:35 <Runbunny> oh no what is this
14:03:23 <Cane> And you burned my soul like the Fantoft church in June 1992, babe.
14:03:35 <skram> hahahah
14:03:36 <Cane> Art is what it is.
14:09:47 <Runbunny> That was beautiful.
14:18:09 <Rawr|Phone> So are you runbun
15:11:43 -!- Camail [~Camail@45.40.84.145] has joined #tlponies
15:11:43 -!- mode/#tlponies [+v Camail] by Q
15:20:14 <Rawr|Phone> Camarail
15:20:54 <Camail> hullo
15:21:41 <Rawr|Phone> Good evening
15:36:07 -!- BioPone [~androirc@mobile-166-177-59-56.mycingular.net] has joined #tlponies
15:48:16 <Camail> it is morning
15:48:20 <Camail> silly 
15:48:33 <Camail> forever tired zzz
15:56:23 -!- BioPone [~androirc@mobile-166-177-59-56.mycingular.net] has joined #tlponies
15:57:20 <Runbunny> Hai Camail.
15:57:34 <Camail> hello bunrun
16:21:35 <DoT`> hi cam
16:21:51 <Camail> Dot.
16:21:53 <Camail> Hello.
16:22:44 <Camail> skram needs to be here, we almost have enough people here to do something
16:28:11 <DuB|fon> No fun allowed for next 4 hr, I am work!
16:29:55 <Camail> no that's when we need to have all the fun
16:51:23 -!- BioPone [~androirc@mobile-166-177-59-56.mycingular.net] has joined #tlponies
16:58:32 -!- BioPone [~androirc@mobile-166-177-59-56.mycingular.net] has joined #tlponies
17:01:26 -!- BioPone [~androirc@mobile-166-177-59-56.mycingular.net] has joined #tlponies
17:10:35 <DuB|fon> Favorite thing I've seen today https://i.redd.it/9uijseh5itg31.jpg
17:16:03 <reification> dub with the 2016 memes :p
17:18:46 <DuB|fon> Aw
17:19:09 -!- skrm [webchat@pioj.eid3.887x.ip] has joined #tlponies
17:21:44 <skrm> ugh
17:24:11 <DuB|fon> Guh
17:25:55 <DoT`> skrm
17:27:33 <Runbunny> Jonas.
17:27:38 <Runbunny> Er det du?
17:28:03 <reification> hello working skram
17:31:00 -!- Rawr|Fone [~AndChat52@c-4eb4e655.020-164-6d6c6d4.bbcust.telenor.se] has joined #tlponies
17:40:56 <Camail> skrum is hard at work
17:40:57 <Camail> being sad
18:10:51 <DuB|fon> Whaaaaaaaaa
18:10:52 <DuB|fon> Dot
18:11:04 <DoT`> Dub
18:11:09 <DuB|fon> I forgot alllll about pheobe+unicorn lol
18:11:16 <DuB|fon> Lots to catch up on now...
18:11:33 <skrm> im alway hard when you're here, camail
18:11:53 <Camail> pls
18:17:32 -!- BioPone [~androirc@mobile-166-177-59-56.mycingular.net] has joined #tlponies
18:22:54 <skrm> cant help it clambail
18:22:59 -!- BioPone [~androirc@mobile-166-177-59-56.mycingular.net] has joined #tlponies
18:37:59 -!- Rawr|Fone [~AndChat52@c-4eb4e655.020-164-6d6c6d4.bbcust.telenor.se] has joined #tlponies
18:57:14 -!- BioPone [~androirc@mobile-166-177-59-56.mycingular.net] has joined #tlponies
19:02:36 -!- BioPone [~androirc@mobile-166-177-59-56.mycingular.net] has joined #tlponies
19:20:02 <DoT`> pon pon
19:28:10 -!- BioPone [~androirc@mobile-166-177-59-56.mycingular.net] has joined #tlponies
19:31:31 -!- BioPone [~androirc@mobile-166-177-59-56.mycingular.net] has joined #tlponies
19:31:41 <DoT`> Bio snela
19:41:38 -!- BioPone [~androirc@mobile-166-177-59-56.mycingular.net] has joined #tlponies
19:46:50 -!- BioPone [~androirc@mobile-166-177-59-56.mycingular.net] has joined #tlponies
19:53:20 <DoT`> this horse is out of control
19:53:24 <DoT`> what you up to skram
19:56:40 <reification> he is working and learning about greenland vikings
20:01:20 <DoT`> important work indeed
20:14:30 <Golly> https://twitter.com/FcFleshlight/status/1162425725636534278
20:19:51 -!- BioPone [~androirc@mobile-166-177-59-56.mycingular.net] has joined #tlponies
20:28:36 -!- Rawr|Fone [~AndChat52@c-4eb4e655.020-164-6d6c6d4.bbcust.telenor.se] has joined #tlponies
20:42:21 -!- DuB` [DuB@cpe-68-174-122-249.nyc.res.rr.com] has joined #tlponies
20:53:14 <DoT`> dub dub
20:55:56 <DuB`> dot dot
20:56:00 <DuB`> Home p early!
20:56:04 <DuB`> Pizzatime?
20:57:31 -!- Rawr|Fone [~AndChat52@c-4eb4e655.020-164-6d6c6d4.bbcust.telenor.se] has joined #tlponies
21:01:21 <DoT`> yes, friday is pizza
21:03:57 -!- Rawr|Fone [~AndChat52@c-4eb4e655.020-164-6d6c6d4.bbcust.telenor.se] has joined #tlponies
21:04:04 <DuB`> ok then brb
21:06:30 <skrm> im a bit bored DoT` 
21:06:37 -!- Crisium [~Crisium@c-73-174-151-51.hsd1.pa.comcast.net] has joined #tlponies
21:06:38 <skrm> looking at haus
21:06:43 <skrm> crisiminium
21:09:18 <DoT`> cris pon <3
21:09:24 <DoT`> any good house?
21:11:29 <skrm> hmm
21:11:33 <skrm> https://www.finn.no/realestate/homes/ad.html?finnkode=154844643 how about this
21:13:18 <Golly> cozy
21:13:44 <DoT`> yes
21:15:01 <skrm> its a bit far away though
21:16:37 <DuB`> So much lawn room for activities
21:16:51 <DuB`> Like running around on
21:18:51 <skrm> yes i do a lot of lawn running
21:18:53 <skrm> its my hobby
21:19:47 <reification> it seems close to elverum, is that where you are hiding the elves?
21:20:03 <DuB`> skrm hasta go keep an eye on 'em
21:22:06 <skrm> we're gonna build a wall
21:22:12 <reification> keep them away from fries
21:22:19 <DuB`> Haha
21:22:31 <Crisium> howdy
21:22:46 <DuB`> howdy darn tootin', rustler
21:23:18 <Golly> are you going to use the hamar or the lillehammer to make the wall
21:23:36 <skrm> im gonna use the storhamar, golly
21:23:43 <Golly> clearly
21:28:54 <BioPone> Frig boys
21:30:07 <BioPone> The super qt intern I was crushing on has a bf
21:31:33 <DuB`> f
21:31:43 <DuB`> Back to FE waifus
21:33:52 <BioPone> Mission failed we'll get em next time
21:39:16 <Camail> DuB` DoT`  Zounds any vermintide interest
21:39:35 <Zounds> no ty cam my lad
21:41:06 <DoT`> i am plaing DOS2 with a friend
21:41:15 <DoT`> actually probably sleep soon
21:48:47 -!- Rawr|Fone [~AndChat52@c-4eb4e655.020-164-6d6c6d4.bbcust.telenor.se] has joined #tlponies
21:59:26 -!- BioPone [~androirc@mobile-166-177-58-222.mycingular.net] has joined #tlponies
22:10:12 -!- DuB` [DuB@cpe-68-174-122-249.nyc.res.rr.com] has joined #tlponies
22:27:12 <reification> .tell phearlock https://twitter.com/Saber_Says/status/1161755097166155777
22:27:20 <reification> https://twitter.com/RexChapman/status/1161374575831277569
22:35:11 <Runbunny> .choose sleep rest bed
22:35:13 -!- Rawr|Fone [~AndChat52@c-4eb4e655.020-164-6d6c6d4.bbcust.telenor.se] has joined #tlponies
22:35:14 <Runbunny> Right
23:10:00 <Cane> .tell Phearlock https://cdn.microsoftstudios.com/fsi/wp-content/uploads/2019/08/ARCACHON.mp4 Looks like MSFS 2020 is coming along nicely.
23:26:16 <DoT`> dub
23:26:19 <DoT`> how was pizza
23:28:40 <DoT`> skrm
23:28:45 <DoT`> still bored?
23:28:51 <skrm> a bit
23:28:51 <DuB`> One slice left
23:28:53 <DuB`> v good
23:29:02 <skrm> how many pineapples was on it
23:29:23 <DoT`> maybe it was one large slice of pineapple
23:29:29 <DoT`> with cheese melted on ot
23:29:40 <DuB`> I had one hawaiian
23:29:49 <DuB`> But I don't think that is a nyc specialty, wasn't great :P
23:33:15 <skrm> have you been yelled at by greasy italians yet?
23:37:29 <DuB`> Nawh
23:43:51 <DoT`> skram i went to work for 2 hours today then left becuase no one else from my team turned up
23:43:55 <DoT`> and i finished my work
23:53:58 <skrm> fuck those guys though
23:54:14 <DuB`> 2 hrs noice
23:54:24 <skrm> dot do you wanna visit oslo with me next weekend
23:54:36 <skrm> theres a store there that sells foodstuffs i want
23:55:14 <skrm> but im scared to go alone into the big city
23:55:16 <DoT`> i want to but i may not have time, have dnd prep for that saturday
23:55:23 <skrm> im just a country boy, you know
23:55:43 <DoT`> in a lonely world
23:56:07 <skrm> all around me are familiar faces
23:56:51 -!- Rawr|Fone [~AndChat52@c-4eb4e655.020-164-6d6c6d4.bbcust.telenor.se] has joined #tlponies
