00:16:50 -!- BioPone [~androirc@166.137.96.71] has joined #tlponies
00:56:42 -!- BioPone [~androirc@166.137.96.71] has joined #tlponies
01:01:51 -!- Micen_ [~Micen@h169.49.172.72.dynamic.ip.windstream.net] has joined #tlponies
01:23:02 -!- Rawr|Fone [~AndChat52@c-4eb4e655.020-164-6d6c6d4.bbcust.telenor.se] has joined #tlponies
01:39:00 -!- skram [~skram@37.120.141.28] has joined #tlponies
01:56:39 -!- BioPone [~androirc@166.137.96.71] has joined #tlponies
02:07:33 <Camail> oof this particular boss i'm fighting is incredibly hard but the first interesting boss in the game
02:07:38 <Camail> so i am mad and happy at the same time
02:07:50 <Camail> i'm pretty sure it's a midboss, too
02:24:41 <Crisium> ur a midboss
02:33:25 <Camail> that'd be cool
02:37:22 -!- Rawr|Fone [~AndChat52@c-4eb4e655.020-164-6d6c6d4.bbcust.telenor.se] has joined #tlponies
02:41:15 <DuB`> What game, Camail?
02:41:23 <Camail> code vain
02:41:27 <DuB`> ooo
02:41:42 <Camail> basically he has a built in berserk phase where you're goal is to not die for 30 seconds
02:41:59 <Camail> it breaks the pattern of phase 1,2,dead
02:42:10 <Camail> it goes phase 1,2,1,2,dead
02:42:28 <Camail> this game is a blatant souls rip off with some really cool concepts added on
02:42:48 <Camail> lots of things that are souls fingerprints, but the way classes work is pretty nice
02:43:47 <DuB`> Sounds gewd
02:44:07 <DuB`> I have a whole page and a half of TED investigations but so many are very difficult :P
02:44:16 <DuB`> 15-min 2 man, 1 death, etc
02:45:24 <Camail> yup
02:45:43 <Camail> do temperds to get gear so that you can do AT even quests
02:45:48 <Camail> and that's the rest of the game
02:45:52 <Camail> event*
02:46:09 <Camail> i think 3-4 ATs have been ported to pc since i quit
02:53:04 <Camail> oof, finally done. that took awhile
02:53:30 <DuB`> noice
04:41:12 <Dot`> morning
06:03:49 -!- Dot|Phone [uid393803@id-393803.stonehaven.irccloud.com] has joined #tlponies
08:30:54 -!- Runbunny [~Runbunny@91.100.28.10.generic-hostname.arrownet.dk] has joined #tlponies
08:49:57 <Dot|Phone> Runbun! 
08:59:33 -!- reification [~thomas@cpc76294-cosh16-2-0-cust297.6-1.cable.virginm.net] has joined #tlponies
08:59:33 -!- mode/#tlponies [+v reification] by Q
09:06:43 -!- carcinisation [~thomas@cpc76294-cosh16-2-0-cust297.6-1.cable.virginm.net] has joined #tlponies
09:06:43 -!- mode/#tlponies [+v carcinisation] by Q
09:07:57 <Dot|Phone> Hey Reif
09:08:27 <carcinisation> hi dotties
09:09:33 -!- Golly [Golly@cm-84.213.21.103.getinternet.no] has joined #tlponies
09:18:24 <Dot|Phone> How's it going
09:22:48 <carcinisation> pretty good ty
09:22:56 <carcinisation> i shall go exercise
09:23:04 <carcinisation> how's you?
09:24:30 <Dot|Phone> At Dronfield site today. Not much happening
09:24:38 <Dot|Phone> Except rain
09:31:55 -!- tredc [~tredc@c83-254-129-166.bredband.comhem.se] has joined #tlponies
10:03:47 -!- Rawr|Fone [~AndChat52@c-4eb4e655.020-164-6d6c6d4.bbcust.telenor.se] has joined #tlponies
10:08:35 <Dot|Phone> Rawr Rawr Rawr
10:11:48 <Rawr|Fone> DoT DoT DoT
10:11:51 <Rawr|Fone> 💖💖💖
10:12:22 <Dot|Phone> 💖💖💖
10:12:27 <Dot|Phone> How's you
10:19:01 -!- reimeuk [~thomas@cpc76294-cosh16-2-0-cust297.6-1.cable.virginm.net] has joined #tlponies
10:19:01 -!- mode/#tlponies [+v reimeuk] by Q
11:26:02 <Rawr|Fone> Fantastic dot
11:28:23 <Dot|Phone> Great
11:29:14 -!- CockRoach|42 [~CR@CockRoach|42.users.quakenet.org] has joined #tlponies
11:29:15 -!- mode/#tlponies [+v CockRoach|42] by Q
11:32:22 <Rawr|Fone> How is my favorite dot doing
11:34:26 <Dot|Phone> Doing ok. Got a bit wet because rain. Otherwise not much happening
11:40:20 <Dot|Phone> What you up to today Rawr
11:41:28 <Rawr|Fone> I am just about to go to the gym
11:42:48 -!- Rawr|Phone [~AndChat52@m83-185-87-216.cust.tele2.se] has joined #tlponies
11:48:05 <Dot|Phone> Got to improve those hugs 
11:56:32 -!- Rawr|Fone [~AndChat52@m83-185-87-216.cust.tele2.se] has joined #tlponies
13:13:00 -!- skram [~skram@134.19.189.28] has joined #tlponies
13:19:02 <Rawr|Fone> Jonas
13:23:03 <Dot|Phone> Skram friend
13:25:46 <skram> hey pals
13:31:05 <Runbunny> Hei Jonas.
13:38:10 -!- Rawr|Phone [~AndChat52@c-4eb4e655.020-164-6d6c6d4.bbcust.telenor.se] has joined #tlponies
13:48:55 -!- Rawr|Fone [~AndChat52@85.230.180.78] has joined #tlponies
13:50:00 <Dot|Phone> Pon Pon
13:50:05 -!- Zounds [webchat@cloak-07ouvien.14-2.cable.virginm.net] has joined #tlponies
13:50:13 <Dot|Phone> Zoonds horse 
13:50:15 <Zounds> hey
13:50:50 <reimeuk> https://twitter.com/lyger_0/status/1176187601662836736
13:50:56 <reimeuk> hi zounds
13:52:47 <Zounds> hi reif
14:03:00 <Runbunny> Hey Zounds.
14:05:47 <Zounds> hi
14:19:01 <Dot|Phone> How's all doing
14:25:33 <CockRoach|42> hors hors
14:32:00 <Dot|Phone> Cr horse 
14:33:34 -!- Rawr|Fone [~AndChat52@c-4eb4e655.020-164-6d6c6d4.bbcust.telenor.se] has joined #tlponies
14:40:07 -!- Rawr|Fone [~AndChat52@c-4eb4e655.020-164-6d6c6d4.bbcust.telenor.se] has joined #tlponies
14:40:12 <CockRoach|42> <3
15:09:24 -!- Camail [~Camail@45.40.84.145] has joined #tlponies
15:09:25 -!- mode/#tlponies [+v Camail] by Q
15:18:48 -!- Dot` [webchat@cloak-vnm1j07w.71.208.46.dyn.plus.net] has joined #tlponies
15:28:57 <reimeuk> .tell dub` https://twitter.com/CampbellxEmma/status/1178400639208116224
15:48:21 -!- reification [~thomas@cpc76294-cosh16-2-0-cust297.6-1.cable.virginm.net] has joined #tlponies
15:48:21 -!- mode/#tlponies [+v reification] by Q
16:00:31 <Camail> rubun pls
16:06:01 <Dot`> cam
16:06:07 <Camail> doot
16:31:44 <Runbunny> I'm a runbun.
16:32:04 <Camail> yes you are
16:32:11 <Runbunny> I was walking to the store with my flatmate in the rain.
16:34:07 <Camail> so you're a wetbun?
16:49:32 <Runbunny> Yes.
17:11:00 -!- Rawr|Fone [~AndChat52@c-4eb4e655.020-164-6d6c6d4.bbcust.telenor.se] has joined #tlponies
17:31:18 -!- Rawr|Fone [~AndChat52@c-4eb4e655.020-164-6d6c6d4.bbcust.telenor.se] has joined #tlponies
18:17:45 -!- Rawr|Fone [~AndChat52@c-4eb4e655.020-164-6d6c6d4.bbcust.telenor.se] has joined #tlponies
18:35:40 -!- Rawr|Fone [~AndChat52@c-4eb4e655.020-164-6d6c6d4.bbcust.telenor.se] has joined #tlponies
18:48:17 -!- Rawr|Fone [~AndChat52@c-4eb4e655.020-164-6d6c6d4.bbcust.telenor.se] has joined #tlponies
18:50:00 -!- skram [~skram@134.19.189.28] has joined #tlponies
18:51:15 <skram> hi
18:52:15 <Dot`> skram <3
18:52:17 <Dot`> where you been
18:52:34 <skram> went outside for a bit
18:52:44 <skram> had some mad tunes on the radio so i just drove around for a bit
18:54:18 <Dot`> end up anywhere interisting?
18:55:12 <skram> who knows, its dark outside
19:02:02 <Runbunny> O:
19:02:29 <Runbunny> Does darkness envelope you?
19:07:37 <skram> it always does, anders
19:11:53 <Rawr|Fone> Jonas my dear
19:13:12 <skram> henrik my fren
19:13:48 <Rawr|Fone> How is my favorite little horse doing this evening
19:14:32 <skram> well enough i suppose
19:14:34 <skram> how you bean
19:15:31 <Rawr|Fone> Same I guess
19:22:58 <Dot`> rawr
19:52:17 <Dot`> runbun, how was your day
19:55:14 -!- Crisium [~Crisium@c-24-3-150-105.hsd1.pa.comcast.net] has joined #tlponies
19:56:27 <Dot`> Crisium!
19:56:40 <Crisium> yo
19:57:43 -!- Rawr|Fone [~AndChat52@c-4eb4e655.020-164-6d6c6d4.bbcust.telenor.se] has joined #tlponies
20:01:16 <skram> c r i s
20:01:30 <Crisium> skrim
20:01:43 <Crisium> i dunno what to eat hmm
20:02:02 <Dot`> pizza
20:03:50 <skram> octopus balls
20:04:44 <Crisium> ya i was thinking that actually
20:04:46 <Crisium> the pizza
20:04:49 <Crisium> not the octopus balls wtf
20:07:22 <Dot`> Jonas snela
20:08:07 <skram> i saw it in my cartoons and it looked delicious ok
20:08:25 <Crisium> no, is not ok >:C
20:09:52 <skram> where's your spirit of adventure, cris?
20:14:37 -!- BioPhone [~androirc@cpe-69-132-107-172.carolina.res.rr.com] has joined #tlponies
20:21:13 -!- Rawr|Fone [~AndChat52@c-4eb4e655.020-164-6d6c6d4.bbcust.telenor.se] has joined #tlponies
20:38:07 <skram> .tell dub` https://www.youtube.com/watch?v=RPgmGtCQCzU
20:50:30 <reification> not bad skram
21:00:46 <Dot`> skram
21:00:52 <Dot`> i havnt seen dub all week
21:00:52 <skram> aye
21:01:01 <skram> is he still alive
21:01:08 <Dot`> i dont know!
21:01:19 <Dot`> also, i got destiny 2 dled, i know cam mentioned trying it
21:01:20 <reification> well he lives in a dangerous place now
21:04:45 <Dot`> i hope he wears hit hard hat and high vis
21:05:45 <Dot`> his*
21:06:11 <skram> well he's a diligent lad
21:06:45 <Dot`> in the cutthroat world of finance!
21:07:07 <skram> he's probably doing blow in a private jet or something
21:08:29 <Dot`> well its friday, so that makes sense
21:08:33 <Dot`> as long as there is pizza
21:15:27 -!- Rawr|Fone [~AndChat52@c-4eb4e655.020-164-6d6c6d4.bbcust.telenor.se] has joined #tlponies
21:24:49 -!- BioPone [~androirc@mobile-166-177-184-122.mycingular.net] has joined #tlponies
21:25:10 <Dot`> what now skram
21:25:25 -!- BioPone [~androirc@cpe-69-132-107-172.carolina.res.rr.com] has joined #tlponies
21:26:10 <skram> have some soviet post punk https://www.youtube.com/watch?v=WPo3MkMyWBc
21:29:50 <Dot`> its no sovietwave, but very russian
21:30:42 -!- Golly [Golly@cm-84.213.21.103.getinternet.no] has joined #tlponies
21:30:55 <Dot`> golly!
21:31:06 <skram> it sounds just like how I imagine living in russia is tbh
21:31:45 <Dot`> im sure the true russian experience requires stalker guitar music around a fire
21:32:24 <skram> they dont have guitars in russia
21:32:33 <skram> all they have is vodka and things made out of concrete
21:32:59 <Dot`> runbun https://imgur.com/gallery/UoHfR2E
21:35:58 <Dot`> Pat the horse
21:39:49 -!- BioPone [~androirc@cpe-69-132-107-172.carolina.res.rr.com] has joined #tlponies
21:54:04 -!- BioPone [~androirc@cpe-69-132-107-172.carolina.res.rr.com] has joined #tlponies
22:10:49 -!- Rawr|Fone [~AndChat52@c-4eb4e655.020-164-6d6c6d4.bbcust.telenor.se] has joined #tlponies
22:25:36 <Runbunny> Dot`, 
22:25:46 <Runbunny> This makes sense to me.
22:26:04 -!- Rawr|Fone [~AndChat52@c-4eb4e655.020-164-6d6c6d4.bbcust.telenor.se] has joined #tlponies
22:27:31 <Dot`> great
22:29:29 <skram> lies
22:29:33 <skram> nothing makes sense in danish
22:34:17 <Runbunny> The diarrhea one is kinda off though
22:38:14 <Runbunny> Should be "The fields of Lars Thin shit"
22:38:30 <skram> now say it in danish
22:38:45 <Dot`> i didnt think you believed in Danish skram
22:39:29 <skram> i believe it exists
22:40:15 <Runbunny> Lars tyndskids marker.
22:44:41 -!- DuB` [DuB@cpe-68-174-122-249.nyc.res.rr.com] has joined #tlponies
22:45:00 <Dot`> DAAAB
22:45:22 <DuB`> DAAAAT
22:45:35 <Dot`> Where you been
22:45:39 <DuB`> !
22:45:39 <DuB`> ?
22:45:41 <DuB`> Werk
22:45:54 <Dot`> so much werk
22:47:10 <reification> well before there was nothing to do
22:49:32 -!- BioPhone [~androirc@cpe-69-132-107-172.carolina.res.rr.com] has joined #tlponies
22:50:13 <Dot`> Dub, i downloaded desting 2 then got confused on how to play and lcosed game
22:50:25 <Dot`> Destiny
22:51:05 <DuB`> locosed
22:51:10 <DuB`> O closed
22:51:20 <Dot`> typing is hard
22:51:20 <DuB`> Hmm hmm I think you point the guns at the guys first
22:51:28 <DuB`> As far as I remember
22:51:34 <Dot`> i talked to the gun guy, then the warlock
22:51:42 <Dot`> then had to go somewhere but the map was tricky
22:52:32 <DuB`> Hmm hmm
22:52:49 <skram> he's alive, dot
22:52:50 <skram> neat
22:52:53 <DuB`> Well I'm sure I could get a team together to consult on this issue if you'd like :P
22:53:09 <DuB`> I'd be willing to leave the mons enough for long enough to try
22:53:19 <DuB`> alone for long enough*
22:53:25 <skram> mons are for huggin', dub
22:53:35 <skram> are you sure its not you who is the monster
22:53:45 <DuB`> I unno I just hit the big roary guys with my stick
22:53:53 <Dot`> maybe if you have time tomorow dub we can play a bit
22:54:09 <Dot`> see if you can spare time from killing poor cute critters
22:55:43 <DuB`> I remember enjoying d2 pvp
22:55:50 <DuB`> Just only use hand cannons and pretend you're mccree
22:56:09 <DuB`> skram this ΔXIUS LIИK is cool
22:56:12 <Dot`> mcree is like 2nd worst hero
22:56:23 <DuB`> Oh it's an HOUR of music, nice
22:56:33 <DuB`> Dot you haven't played game in 2 years
22:56:50 <skram> yaya ive been jamming to it for hours
22:56:58 <skram> its kinda DnB-y which i know you like
22:59:01 -!- BioPone [~androirc@mobile-166-177-184-76.mycingular.net] has joined #tlponies
23:02:15 <DuB`> One day I'll have skram listening to Burial or a Burial-like
23:03:40 <skram> are they the ones that go skrktrskkrktksrkstk (dusty record noises) skrsktksrskrksktks
23:03:48 <DuB`> Many of them :P
23:04:01 <skram> ach
23:04:30 -!- BioPone [~androirc@cpe-69-132-107-172.carolina.res.rr.com] has joined #tlponies
23:04:53 <skram> ive been into gunship lately, actually
23:04:57 <skram> i even bought their record
23:06:26 <DuB`> Here this one isn't dusty https://www.youtube.com/watch?v=3y1lJKWvXXI
23:08:59 <skram> https://www.youtube.com/watch?v=Duh7gEz5wbU
23:09:08 <skram> that ones still kinda duty
23:09:39 <skram> ha https://www.youtube.com/watch?v=7lWK1C4HYj4
23:09:41 <DuB`> Mmmmsax
23:09:45 <skram> this is a good channel actually
23:10:05 <DuB`> <100 views 
23:10:08 <DuB`> We got some good stuf
23:11:28 <DuB`> Well besides the dusty Burial-likes, my other favorite style is stuff like the two I linked you as "low slow floaty" on discord a while ago
23:11:53 <DuB`> And nothing else really comes close to those two styles
23:12:01 <skram> i liked those more
23:12:02 <DuB`> They've been my favorite by a mile for a very long time now
23:12:35 <DuB`> https://www.youtube.com/watch?v=OwyXSmTk9as
23:12:49 <DuB`> I think Holy Other was where I started finding that 2nd style
23:15:28 <reification> EE banned :D
23:15:39 <DuB`> :o
23:16:02 <skram> ??
23:17:05 <reification> turns out having 1 behaviour score is not good
23:18:25 <skram> lol
23:20:46 <skram> so he did stupid shit and role stealing in ranked mm
23:20:47 <skram> top lad
23:21:02 <DuB`> An odd thing: https://www.youtube.com/watch?v=iq9LYFhf5X0
23:22:20 <skram> this slaps though
23:28:23 <DuB`> I think
23:28:30 <DuB`> Tonight is hamberger
23:28:39 <reification> a wise choice dub
23:30:31 <skram> borgar
23:33:35 <reification> i like the penultimate track you linked dub, occasionally you find something good :p
23:38:11 <DuB`> Holy Other is vvv nice
23:59:15 <Runbunny> Burgz
