00:07:19 -!- BioPone [~androirc@mobile-107-92-120-246.mycingular.net] has joined #tlponies
00:10:18 -!- Golly [~kvirc@cm-84.213.21.103.getinternet.no] has joined #tlponies
00:10:23 <Bio> mm
00:10:24 <Bio> lads
00:10:32 <Bio> this was good pizza bois
00:11:08 <Bio> https://i.redd.it/3du4odbsmf441.jpg
00:18:34 -!- Micen [~Micen@h54.212.18.98.dynamic.ip.windstream.net] has joined #tlponies
00:56:21 <Dot`> pon
00:59:01 <Rawr|Fone> Dot
00:59:12 <Rawr|Fone> It is time to go to bed
01:01:10 <Bio> nein
01:01:12 <Bio> is weekend
01:01:14 <Bio> stay up all day
01:02:05 <Rawr|Fone> But it is night 🅱️io
01:02:14 <Rawr|Fone> My horsefriend
01:06:47 <Dot`> but raaawwwr
01:08:42 <Rawr|Fone> Sleep is very important dotpon
01:08:49 <Rawr|Fone> Especially when you get older
01:17:35 <Dot`> if only it helped rawr
01:19:42 <Rawr|Fone> Hmm
01:26:13 <Bio> sleep is for the dead
01:26:22 <Bio> vidja gaems are the now
02:15:18 -!- BioPone [~androirc@mobile-107-92-120-246.mycingular.net] has joined #tlponies
02:56:11 -!- BioPone [~androirc@mobile-107-92-120-246.mycingular.net] has joined #tlponies
03:18:35 -!- BioPone [~androirc@mobile-107-92-120-246.mycingular.net] has joined #tlponies
03:33:14 -!- BioPone [~androirc@mobile-107-92-120-246.mycingular.net] has joined #tlponies
03:36:21 -!- BioPone [~androirc@mobile-107-92-120-246.mycingular.net] has joined #tlponies
04:12:11 -!- Rawr|Fone [~AndChat52@c-4eb4e655.020-164-6d6c6d4.bbcust.telenor.se] has joined #tlponies
06:37:18 -!- Rawr|Fone [~AndChat52@c-4eb4e655.020-164-6d6c6d4.bbcust.telenor.se] has joined #tlponies
07:00:05 -!- Runbunny [~Runbunny@91.100.28.10.generic-hostname.arrownet.dk] has joined #tlponies
08:36:14 -!- Dot` [webchat@cloak-4omtozzm.230.208.46.dyn.plus.net] has joined #tlponies
09:30:21 -!- Rawr|Fone [~AndChat52@c-4eb4e655.020-164-6d6c6d4.bbcust.telenor.se] has joined #tlponies
09:36:13 <Rawr|Fone> 🐴🐴🐴
09:36:48 -!- Golly [~kvirc@cm-84.213.21.103.getinternet.no] has joined #tlponies
09:39:14 <Dot`> morning
09:40:31 <Rawr|Fone> Dot Dot Dot
09:40:37 -!- reification [~thomas@cpc76294-cosh16-2-0-cust297.6-1.cable.virginm.net] has joined #tlponies
09:40:37 -!- mode/#tlponies [+v reification] by Q
09:42:04 <Runbunny> Good morning.
09:42:23 <Rawr|Fone> Anders.
09:42:28 <Rawr|Fone> Reef reef!
09:42:39 <reification> hello roar roar, runbunny
09:49:40 <Dot`> Reif, Rawr, Runbun
09:49:46 <Dot`> <3  <3 <3
09:49:51 <Rawr|Fone> ❤❤❤
10:15:39 <reification> .tell dub` https://danbooru.donmai.us/posts?tags=too_many_birds
10:30:11 -!- Rawr|Fone [~AndChat52@c-4eb4e655.020-164-6d6c6d4.bbcust.telenor.se] has joined #tlponies
10:49:11 -!- tredc [~tredc@c83-254-129-166.bredband.comhem.se] has joined #tlponies
11:51:50 <Rawr|Fone> Horse
11:55:34 -!- skram [~skram@194.127.172.74] has joined #tlponies
11:56:19 <skram> AAA
11:58:16 <Rawr|Fone> Jonas
11:58:28 <Rawr|Fone> I'm glad to see you
11:58:51 <skram> Likewise, Henrik gamle ørn
12:05:53 <Dot`> jonas
12:07:26 <skram> bjørn
12:25:26 <skram> Dot` https://i.imgur.com/D5RdYCD.jpg
12:27:12 -!- Cane [~Cane@CaneCraft.users.quakenet.org] has joined #tlponies
12:27:12 -!- mode/#tlponies [+o Cane] by Q
12:29:01 -!- carcinisation [~thomas@cpc76294-cosh16-2-0-cust297.6-1.cable.virginm.net] has joined #tlponies
12:29:01 -!- mode/#tlponies [+v carcinisation] by Q
12:30:44 <Dot`> why would you call a cat an owl?
13:00:25 -!- Zounds [webchat@cloak-07ouvien.14-2.cable.virginm.net] has joined #tlponies
13:07:21 <Dot`> Hey zounds
13:07:28 <Zounds> hey
13:16:51 <skram> ride or die, dot
13:16:53 <skram> heya zounds
13:17:03 <Zounds> o/
13:17:43 <skram> im going to a christmas party with some pals today and we're all bringing some sorta food
13:17:48 <skram> do limes for the GT count?
13:18:02 <skram> or should I bring some crisps just in case
13:20:14 <Golly> potato chips were invented in merrica skram
13:21:29 <Zounds> bring both
13:27:19 <Zounds> I'm doing laser quest then latin american food next week
13:27:59 <Zounds> On a wednesday which is a little odd but it's the best time before people start taking their holidays proper =p
13:29:36 <skram> whats laser quest zounds
13:34:20 <Dot`> what skram
13:34:48 <skram> what dot
13:39:31 <Zounds> its like indoor paintball with sensors and lasers instead of paint
13:39:35 <Zounds> laser tag its often called too
13:39:45 <Zounds> but we scots are brand loyal or something and call it laser quest
13:41:06 <skram> oh yah
13:41:08 <skram> sounds fun
13:41:58 <Dot`> it was laser quest in South Africa too
13:43:17 <Rawr|Fone> Laserdome
13:48:36 -!- Rawr|Phone [~AndChat52@m83-185-83-207.cust.tele2.se] has joined #tlponies
13:53:05 <Golly> its not really laser tho, unless you want to burn eyesockets
14:27:18 <reification> dot https://twitter.com/ReimuArmpit/status/1205295378905518080
14:38:37 <Dot`> its the more likley than the real thing 
14:44:20 <Golly> william wallace 2, in space
15:24:38 -!- DuB` [DuB@cpe-68-174-122-249.nyc.res.rr.com] has joined #tlponies
15:24:44 <reification> dub!
15:29:51 <DuB`> reif!
15:29:52 <DuB`> G'morn
15:33:38 <Rawr|Phone> It's the dub!
15:33:42 <Rawr|Phone> Wonderful
15:34:03 <Dot`> dub dub
15:34:36 <skram> dub dub
15:34:51 <skram> im going out pals, keep an eye on dot for me please
15:35:12 <DuB`> Easy
15:38:33 <Rawr|Phone> Don't forget your helmet jonas
15:40:30 <Dot`> nooo skram
16:43:38 <CockRoach|42> hors
16:49:08 <Dot`> dub calm down
16:49:11 <Dot`> you too cr
16:56:36 <DuB`> Dot why can't I make install to anywhere but C drive -.-;
16:57:00 <DuB`> There's no option on install, and if I try to move files afterward it says I can't have it anywhere else
16:57:27 <Dot`> C drive is best drive?
16:57:34 <DuB`> No it is full
17:08:44 <Bio> asdf
17:08:50 <Bio> is it time
17:08:52 <Bio> it is
17:08:55 <Bio> time to do a thing
17:08:58 <Bio> new gpu
17:09:07 <DuB`> !
17:15:13 <Bio> but to do
17:15:17 <Bio> i need to remove old one
17:15:18 <Bio> T)T
17:17:49 <Bio> good bye for now frinds
17:33:24 -!- BioPone [~androirc@mobile-107-92-120-246.mycingular.net] has joined #tlponies
17:35:59 <Dot`> he ded
17:48:18 -!- Rawr|Fone [~AndChat52@m83-185-83-207.cust.tele2.se] has joined #tlponies
18:00:52 -!- Rawr|Fone [~AndChat52@m83-185-83-207.cust.tele2.se] has joined #tlponies
18:23:26 -!- Camail [~Camail@45.40.84.145] has joined #tlponies
18:23:27 -!- mode/#tlponies [+v Camail] by Q
18:36:28 <Dot`> cam
18:36:32 <Camail> dot
18:38:54 <Dot`> hows the new season?
18:48:27 <Dot`> micen, hows set up going?
18:58:49 -!- Rawr|Fone [~AndChat52@m83-185-83-207.cust.tele2.se] has joined #tlponies
19:22:21 -!- Rawr|Fone [~AndChat52@m83-185-83-207.cust.tele2.se] has joined #tlponies
19:25:18 -!- carcinisation [~thomas@cpc76294-cosh16-2-0-cust297.6-1.cable.virginm.net] has joined #tlponies
19:25:18 -!- mode/#tlponies [+v carcinisation] by Q
19:53:46 -!- Crisium [~Crisium@c-24-3-150-105.hsd1.pa.comcast.net] has joined #tlponies
19:56:31 <Zounds> Howdy
19:57:23 -!- Rawr|Fone [~AndChat52@m83-185-83-207.cust.tele2.se] has joined #tlponies
19:59:11 <Crisium> howdy zounds
20:09:58 <Rawr|Fone> Horses
20:17:13 <Dot`> Crisium, zounds
20:17:20 <Crisium> commander dot
20:31:05 -!- Rawr|Fone [~AndChat52@m83-185-83-207.cust.tele2.se] has joined #tlponies
20:36:21 -!- BioPone [~androirc@97.70.165.146] has joined #tlponies
20:41:49 <Golly> http://i.imgur.com/xiPOgsW.png
20:42:02 -!- Rawr|Fone [~AndChat52@m83-185-83-207.cust.tele2.se] has joined #tlponies
20:49:10 <Rawr|Fone> Why is my internet so bad
21:03:45 <Crisium> Zounds up for any OW?
21:04:00 <Crisium> or anyone else too
21:04:43 -!- CrisPone [uid127042@2001:67c:2f08:7::1:f042] has joined #tlponies
21:08:57 <Zounds> Sorry cris doing a thing in ff tonight
21:36:58 -!- Rawr|Fone [~AndChat52@c-4eb4e655.020-164-6d6c6d4.bbcust.telenor.se] has joined #tlponies
21:46:04 -!- BioPhone [~androirc@mobile-107-92-120-227.mycingular.net] has joined #tlponies
21:46:13 <BioPhone> Pones
21:46:23 <BioPhone> Com8ng back soon with the 2070
21:46:43 <BioPhone> Could have got the 2080 but went ehh
21:49:23 <carcinisation> https://www.reddit.com/r/CasualUK/comments/eao9bt/wtf_asda/
22:35:00 <Rawr|Fone> 🐴
22:54:45 <Dot`> rawr horse
22:54:56 <Dot`> bio, are you now super pixels?
22:57:05 <Rawr|Fone> Dot dot
22:57:15 <Rawr|Fone> It's almost bed time
22:57:46 <Dot`> but im playing dnd with friends rawr
22:57:56 <Rawr|Fone> Too bad
23:07:23 <BioPhone> Welp, I will need a new power supply, the one I got doesn't have enough ports for the monster
23:07:56 <Dot`> :/
23:08:08 <BioPhone> Bak to the store tomorrow
