00:16:54 -!- Camail [~Camail@45.40.84.145] has joined #tlponies
00:16:54 -!- mode/#tlponies [+v Camail] by Q
00:16:57 <DoT`> skram, updates! https://www.reddit.com/r/dwarffortress/comments/cfk574/dwarf_fortress_gladiator_tournament_draw_and/
00:17:05 <Camail> dot calm down
00:17:27 <DoT`> 114 entries so there is 2 Battle royals for those that didnt make it in
00:17:27 <Camail> DuB`  you watching liquid shootbangs?
00:17:31 <DuB`> yE
00:17:52 <Camail> elige is good at shooting ppl
00:24:20 -!- Camail [~Camail@45.40.84.145] has joined #tlponies
00:24:20 -!- mode/#tlponies [+v Camail] by Q
00:24:27 <DoT`> cam pls
00:26:12 <Camail> having sound issues =/
00:36:13 -!- Crisium [~Crisium@c-73-174-151-51.hsd1.pa.comcast.net] has joined #tlponies
00:38:12 <DoT`> cris hest <3
00:47:48 <Crisium> hedge
00:50:35 <DoT`> skram https://www.reddit.com/r/dwarffortress/comments/cforfn/dwarf_fortress_gladiator_tournament_iv_battle/
00:50:51 <DoT`> Comrade Bull is victorious in the Heavy Weight
00:51:18 -!- Camail [~Camail@45.40.84.145] has joined #tlponies
00:51:19 -!- mode/#tlponies [+v Camail] by Q
00:52:24 <Camail> that wide swing
00:59:24 <DuB`> How sneeky
01:04:16 <Runbunny> Slep.
01:07:05 <Camail> ples
01:13:06 <DuB`> neeeeeeeetro
01:15:44 <Camail> gg
01:15:53 <Camail> and maybe even, EZ
01:16:17 <DuB`> Haha
01:50:56 -!- Rawr|Fone [~AndChat52@c-4eb4e655.020-164-6d6c6d4.bbcust.telenor.se] has joined #tlponies
02:31:12 <DoT`> .tell skram https://i.imgur.com/oNt0Zzh.png
04:37:21 <DoT`> walk time
05:10:07 <Camail> tfw it's easier to convert currency with bots...
05:11:10 -!- Rawr|Fone [~AndChat52@c-4eb4e655.020-164-6d6c6d4.bbcust.telenor.se] has joined #tlponies
05:23:23 -!- Westy543 [Westy543@c-73-93-93-161.hsd1.ca.comcast.net] has joined #tlponies
05:23:23 -!- mode/#tlponies [+v Westy543] by Q
06:40:08 -!- Rawr|Fone [~AndChat52@c-4eb4e655.020-164-6d6c6d4.bbcust.telenor.se] has joined #tlponies
06:45:25 <DoT`> back
06:52:02 <Rawr|Fone> DoT DoT DoT
06:52:12 <DoT`> Rawr Rawr Rawr
06:52:13 <Rawr|Fone> ❤❤❤
06:52:17 <DoT`> <3 <3 <3
07:04:02 -!- Micen [~Micen@h240.50.91.75.dynamic.ip.windstream.net] has joined #tlponies
07:19:01 -!- Golly [Golly@cm-84.212.249.112.getinternet.no] has joined #tlponies
07:24:32 <DoT`> .tell bio https://i.imgur.com/tL9zkjC.jpg
07:38:33 <Rawr|Fone> How are you doing dot
07:39:12 <DoT`> watching some critical role and relaxing rawr
07:39:17 <DoT`> im tired form yesterday
07:39:42 <DoT`> what you up to rawr
07:40:12 <Rawr|Fone> Eating
07:43:01 <DoT`> pancakes?
07:50:55 -!- Runbunny [~Runbunny@91.100.28.10.generic-hostname.arrownet.dk] has joined #tlponies
07:51:15 <DoT`> RUNBUN
07:51:20 <Runbunny> DOT
07:52:22 <Runbunny> It's afternoon for you now right?
07:52:27 <Runbunny> or early evening?
07:52:48 <DoT`> 6pm
07:58:02 <DuB`> :o
07:58:19 <DoT`> wtf
07:58:21 <DoT`> dub
07:58:25 <DoT`> why you still up
07:58:29 <DuB`> D:
07:58:38 <DuB`> There is overwatchings
07:59:00 <DoT`> your a working lad now, you need your sleep
07:59:17 <DuB`> Pff weekend!
08:21:01 <Rawr|Fone> Dub snela
08:48:00 <DuB`> It's micen's fault
08:48:01 <DuB`> He joined
08:48:12 <Micen|Droid> I did not. 
08:48:17 <Micen|Droid> I was invited to join
08:48:23 <Micen|Droid> There is a distinction!
08:49:12 <DoT`> no, one leads to the other
08:49:25 <Micen|Droid> I was happy to play soloq
08:49:32 <Micen|Droid> And get mad and go back to sleep
08:49:34 <Micen|Droid> But no
08:49:36 <DuB`> Haha
08:55:18 <DoT`> .tell dub` DUB LAW
08:59:21 <Rawr|Fone> Such a rude hors dot
08:59:34 <DoT`> ikr
09:08:55 -!- Cane [~Cane@CaneCraft.users.quakenet.org] has joined #tlponies
09:08:55 -!- mode/#tlponies [+o Cane] by Q
09:08:57 <Cane> Beep boop.
09:09:03 <DoT`> cane!
09:09:07 <DoT`> ?morning
09:09:07 <Cane> Reformat complete.
09:13:09 -!- reification [~thomas@cpc76294-cosh16-2-0-cust297.6-1.cable.virginm.net] has joined #tlponies
09:13:10 -!- mode/#tlponies [+v reification] by Q
09:13:16 <Cane> Inky dinky do dah morning.
09:13:34 <DoT`> hey reif
09:18:34 <reification> hi dotties, cane
09:18:54 <Cane> 'Allo. <3
09:24:40 <DoT`> oh no!
09:24:46 <DoT`> https://www.reddit.com/r/dwarffortress/comments/cfx3fz/dwarf_fortress_gladiator_tournament_iv_battle/
09:25:00 <DoT`> "Good Boy bled to death"
09:25:07 <DoT`> rip best doggo
09:40:16 <DoT`> Runbunny https://imgur.com/gallery/9D2gMpn
09:54:51 <DoT`> .tell dub` https://imgur.com/gallery/0SNYIXN
09:54:56 <DoT`> look reif, runbun
10:03:55 <reification> ty dotties
10:10:09 <reification> guess i should do the extra exercise dub isn't doing
10:10:25 <DoT`> dont start bleeding
10:10:28 <DoT`> thats dubs thing
10:10:49 <reification> he can keep that
10:14:24 -!- Zounds [webchat@cloak-07ouvien.14-2.cable.virginm.net] has joined #tlponies
10:14:31 <Zounds> hey
10:14:43 <DoT`> Zoonds!
10:38:37 -!- skram [~skram@82.147.53.232] has joined #tlponies
10:41:05 <DoT`> Jonas friend <3
10:41:19 <skram> dot old pal
11:00:33 <Zounds> skram
11:04:27 <skram> ay zounds
11:06:30 <DoT`> hows the horses doing?
11:07:03 <skram> BLARGH
11:07:14 <skram> what you up to dot
11:07:32 <DoT`> that well skram?
11:07:39 <DoT`> im relaxing
11:09:13 <skram> this is my last day of freedom
11:09:25 <DoT`> oh dear
11:10:15 <Zounds> oh no
11:37:16 <DoT`> what you going to do with your last day skram
11:37:50 <skram> nothing
11:38:00 <DoT`> sounds great
11:38:31 <Zounds> counting down the hours skram buddy
11:39:54 <Runbunny> O:
11:40:05 <Runbunny> Well I have to go outside.
11:40:07 <Runbunny> BEst of luck.
11:58:52 <reification> i bak
11:59:11 <DoT`> wb
11:59:14 <reification> but i do appear to have cut myself somehow in my exertions 
11:59:18 <reification> i blame dub
12:03:43 <DoT`> reif you said you wouldnt take dubs thing!
12:04:05 <reification> i was trying not to!
12:08:39 <DoT`> are you bleeding to death?
12:26:17 <reification> no. i hope that isn't dub's thing either :O
12:28:56 <DoT`> all his bleeding was on the inside, right where blood is suppose to be
12:29:19 <reification> i was only bleeding externally i hope
12:36:56 <DoT`> .tell dub` https://external-preview.redd.it/c7mmM5sfArioc-Xl06bHro2FjalS_JTrCzdyJ5BXph4.jpg?width=960&crop=smart&auto=webp&s=045085ac669576936eddf4d44473c042f5c71519
13:06:03 -!- Rawr|Fone [~AndChat52@c-4eb4e655.020-164-6d6c6d4.bbcust.telenor.se] has joined #tlponies
13:08:53 -!- carcinisation [~thomas@cpc76294-cosh16-2-0-cust297.6-1.cable.virginm.net] has joined #tlponies
13:08:54 -!- mode/#tlponies [+v carcinisation] by Q
13:30:07 <reification> skram https://twitter.com/41Strange/status/1152611427653320704
13:30:14 <reification> also https://twitter.com/AwwwwCats/status/1152562382209769472
13:32:18 -!- carcinisation [~thomas@cpc76294-cosh16-2-0-cust297.6-1.cable.virginm.net] has joined #tlponies
13:32:19 -!- mode/#tlponies [+v carcinisation] by Q
13:34:49 <carcinisation> https://twitter.com/MyMomsVisaCard/status/1152202132067692544
13:48:21 -!- tredc [~tredc@c83-254-129-166.bredband.comhem.se] has joined #tlponies
13:58:21 <carcinisation> https://pbs.twimg.com/media/D_1o__KUIAAu3j7.jpg
14:00:59 <Zounds> reif you wanna play some ow
14:04:00 <carcinisation> right now?
14:04:24 <Zounds> sure why not
14:14:14 -!- Crisium [~Crisium@c-73-174-151-51.hsd1.pa.comcast.net] has joined #tlponies
14:22:23 <Zounds> hi cris
14:33:08 <Zounds> brb reif think I crashed the game
14:33:51 <Zounds> or my entire pc wtf
14:34:26 <carcinisation> oh dear
14:34:28 <Zounds> unusual to crash in ow in my experience
14:35:04 <Zounds> ill be a few mins restarting >.<
14:45:56 <carcinisation> np
14:50:48 -!- Rawr|Fone [~AndChat52@c-4eb4e655.020-164-6d6c6d4.bbcust.telenor.se] has joined #tlponies
15:14:09 -!- Runbunny [~Runbunny@91.100.28.10.generic-hostname.arrownet.dk] has joined #tlponies
15:14:29 <Runbunny> I am back.
15:14:34 <Runbunny> It was raining outside.
15:14:57 <skram> did you wear an umbrella
15:27:47 -!- Camail [~Camail@45.40.84.145] has joined #tlponies
15:27:47 -!- mode/#tlponies [+v Camail] by Q
15:33:30 -!- Rawr|Fone [~AndChat52@c-4eb4e655.020-164-6d6c6d4.bbcust.telenor.se] has joined #tlponies
15:51:24 -!- Rawr|Fone [~AndChat52@c-4eb4e655.020-164-6d6c6d4.bbcust.telenor.se] has joined #tlponies
16:05:46 <reification> runbunny https://twitter.com/FourPenisJim/status/1151829529662328834
16:06:24 <Runbunny> Suddenly legs.
16:06:43 -!- Runbunny [~Runbunny@91.100.28.10.generic-hostname.arrownet.dk] has joined #tlponies
16:06:48 <Runbunny> Something happened.
16:07:04 <reification> yes you left us :(
16:08:36 <reification> dot https://twitter.com/41Strange/status/1152952999691481088
16:13:17 <skram> .tell DoT` https://imgur.com/gallery/0Ql6OBm
16:27:05 <reification> dot rawr https://twitter.com/AN1MALBIBLE/status/1152671073596518402
16:28:04 <Rawr|Fone> Clever doggo
16:32:08 -!- carcinisation [~thomas@cpc76294-cosh16-2-0-cust297.6-1.cable.virginm.net] has joined #tlponies
16:32:09 -!- mode/#tlponies [+v carcinisation] by Q
16:46:26 <Golly> https://www.youtube.com/watch?v=h9zHxkWriV0 oh my
16:46:38 <Golly> jack black as guest
16:48:02 <skram> whaa
16:48:26 <skram> why does jack black always suddenly show up in unexpected places
16:55:50 <Camail> he's getting into youtube so he can be in a lot of weird places now
17:16:21 <Bio> asdf
17:17:24 -!- Rawr|Fone [~AndChat52@c-4eb4e655.020-164-6d6c6d4.bbcust.telenor.se] has joined #tlponies
17:38:12 <Bio> bois
17:38:28 <Bio> y'all want some casual breath of the wild today
17:38:31 <Bio> cause i do
17:39:28 -!- DuB` [DuB@cpe-68-174-122-249.nyc.res.rr.com] has joined #tlponies
17:43:02 -!- Rawr|Fone [~AndChat52@c-4eb4e655.020-164-6d6c6d4.bbcust.telenor.se] has joined #tlponies
17:48:34 <Runbunny> How casual Bio?
17:51:44 <carcinisation> i ate too much and now i must walk some of it off
17:53:11 <Bio> v v casual bun
17:54:03 <Rawr|Fone> Double v casual
18:10:40 -!- Rawr|Fone [~AndChat52@c-4eb4e655.020-164-6d6c6d4.bbcust.telenor.se] has joined #tlponies
18:34:08 -!- tredc [~tredc@c83-254-129-166.bredband.comhem.se] has joined #tlponies
18:48:47 <Bio> ?biostream
18:48:55 <Bio> starting soon
18:56:49 <Bio> aka nao
18:59:34 <Runbunny> I'll come watch when Tekken is done.
19:13:21 <carcinisation> runbun https://twitter.com/OldPersonOnline/status/1152769055922806786
19:41:13 -!- Rawr|Fone [~AndChat52@c-4eb4e655.020-164-6d6c6d4.bbcust.telenor.se] has joined #tlponies
19:50:55 <DuB`> o boi csgo finals time
20:09:01 <reification> dub https://twitter.com/41Strange/status/1152963208828768256
20:11:56 <Runbunny> DuB`, is it easy for ence?
20:12:56 <DuB`> no v difficult
20:19:20 <reification> bio this is kannon https://vignette.wikia.nocookie.net/gantz/images/d/de/KannonManga.jpg/revision/latest?cb=20131028151603
20:32:02 <DuB`> hard 4 ence
21:06:27 <Camail> TL can't win pistols
21:06:30 <Camail> it's so weird
21:06:33 <DuB`> Yeah haha
21:06:59 <Camail> its like...the weirdest thing about any team ever
21:07:06 <Camail> they've never been good at pistols
21:08:21 -!- Rawr|Fone [~AndChat52@c-4eb4e655.020-164-6d6c6d4.bbcust.telenor.se] has joined #tlponies
21:14:55 <Camail> ence wtf
21:14:59 <Camail> there's another door
21:15:01 <Camail> use that one
21:15:05 <DuB`> lol
21:15:46 <Camail> LUL
21:15:52 <Camail> this is miserable
21:16:40 <DuB`> Not much countersrike happening :P
21:16:56 <Camail> they are getting so thoroughly out played
21:17:09 <Camail> both in aim and angle
21:17:21 <Camail> LOL
21:17:25 <Camail> aerial is so mind fucked
21:17:31 <Camail> he's checking everything
21:17:43 <Camail> even near-perfect spawn rush angles
21:22:14 -!- DoT` [~Dot@203.40.131.152] has joined #tlponies
21:22:28 <Rawr|Fone> DoT DoT DoT
21:22:48 <DoT`> Rawr Rawr Rawr
21:22:52 <DoT`> <3 <3 <3
21:22:54 <DoT`> Mornign pons <3
21:22:55 <Rawr|Fone> ❤❤❤
21:23:18 <DuB`> G"morn
21:23:22 <Camail> they win a pistol on t side
21:23:24 <Camail> it's over
21:24:24 <Camail> they are so aware of each other's situation
21:26:54 <Camail> LULULULUL
21:27:07 <Camail> auto shotty best rifle
21:43:38 <DoT`> dub dub
21:43:43 <DoT`> you slept yet dub?
21:46:02 <DuB`> Yes DoT` haha
21:46:32 <DoT`> great
21:46:50 <DoT`> i thought you might like this dub https://www.reddit.com/r/ImaginarySliceOfLife/
21:47:28 <skram> where do i get one of those creme brulee dragon torches
21:48:04 <DuB`> v nice
21:48:13 <DuB`> Creme brulee #1 dessert
21:49:22 <skram> eeh top 3
21:51:24 -!- tredc [~tredc@c83-254-129-166.bredband.comhem.se] has joined #tlponies
21:55:47 <DoT`> time to go
21:55:49 <DoT`> later all <3
21:55:54 <DuB`> glhf
22:07:54 <Camail> elige so good
22:47:41 <Camail> geegee
23:17:16 <Bio> poen
