00:15:09 <DuB`> Dot go slepps
00:15:17 <DuB`> Be helthy
00:21:48 <reification> i shall do so
00:21:51 <reification> night all
01:00:15 -!- Rawr|Fone [~AndChat52@c-4eb4e655.020-164-6d6c6d4.bbcust.telenor.se] has joined #tlponies
02:01:06 <Runbunny> Failed 3-4 times on AT KT at pursuit 6 :/
02:01:26 <Runbunny> Should probably just sleep.
02:01:59 <Camail> with 3 randos?
02:02:14 <Camail> it's a hard fight with people who dont do it right
02:02:41 <Camail> but also sleep will heal all
02:03:00 <Runbunny> Yeah, we got area 4 every time.
02:03:25 <Runbunny> But someone just die in area 2 every time and stuff.
02:04:36 <Camail> carting on kt is always a bummer
02:47:35 -!- Rawr|Fone [~AndChat52@c-4eb4e655.020-164-6d6c6d4.bbcust.telenor.se] has joined #tlponies
05:37:12 -!- Rawr|Fone [~AndChat52@c-4eb4e655.020-164-6d6c6d4.bbcust.telenor.se] has joined #tlponies
06:32:54 -!- Rawr|Fone [~AndChat52@c-4eb4e655.020-164-6d6c6d4.bbcust.telenor.se] has joined #tlponies
06:51:23 -!- Rawr|Phone [~AndChat52@m83-185-81-217.cust.tele2.se] has joined #tlponies
07:09:51 -!- Dot|Phone [uid393803@2001:67c:2f08:8::6:24b] has joined #tlponies
07:09:53 <Dot|Phone> Morning
07:21:27 -!- Dot` [webchat@i3nb.6u5z.emrn.ip] has joined #tlponies
08:05:00 -!- Golly [~kvirc@cm-84.213.21.103.getinternet.no] has joined #tlponies
08:43:56 -!- Rawr|Fone [~AndChat52@c-4eb4e655.020-164-6d6c6d4.bbcust.telenor.se] has joined #tlponies
09:15:17 -!- reification [~thomas@cpc76294-cosh16-2-0-cust297.6-1.cable.virginm.net] has joined #tlponies
09:15:17 -!- mode/#tlponies [+v reification] by Q
09:34:12 <Dot`> hey reif <3
09:40:35 -!- skram [~skram@178.239.173.240] has joined #tlponies
09:41:53 <Dot`> oh boy! jonas!
09:44:37 <skram> good morning bjørn
09:44:41 <skram> are you donmt at work already?
09:45:03 <Dot`> working from home
09:45:44 <skram> mr bigshot
09:45:48 <skram> are you wearing pants?
09:46:32 <Dot`> tracksuit pants
09:46:34 <Dot`> becuase its cold
09:47:17 <skram> hmm hmm
10:03:32 <skram> are you getting any work done at all
10:03:39 <skram> or are you busy looking at cats
10:09:20 <Dot`> reminds me!
10:09:28 <Dot`> https://imgur.com/gallery/8YtL12F
10:09:48 <skram> paddling is tricky business
10:09:53 <skram> dont think i'd bring a cat
10:10:13 <Dot`> how it is tricky? 
10:10:23 <Dot`> ive been paddling many times and not tipped over
10:10:30 <Dot`> you always get a bit wet though
10:12:13 <skram> how do you get in it without falling over
10:12:35 <Dot`> carefully?
10:13:01 <skram> tricky
10:15:20 <Dot`> i think im done with work for the day skram
10:15:28 <Dot`> its been like 2 hours!
10:15:37 <Dot`> 3 even!
10:32:52 -!- Runbunny [~Runbunny@91.100.28.10.generic-hostname.arrownet.dk] has joined #tlponies
10:33:55 <reification> hello bun
10:34:26 <Dot`> runbun
10:34:30 <reification> have this https://twitter.com/DesutroyedMe/status/1186594051602169856
10:35:56 <Runbunny> Hai
10:37:08 <Runbunny> Dot what are you doing home?
10:37:20 <Dot`> working!
10:37:36 <Dot`> thats a lie i finished what i had set aside to do today
10:37:39 <Runbunny> Carry on.
10:37:42 <Runbunny> O:
10:37:44 <Dot`> now im browsing the internet
10:37:55 <Runbunny> Have you made them cancel brexit yet?
10:38:40 <Dot`> no need, it will never happen
10:38:53 <Dot`> it will just drag on till the econmy collapses
10:39:39 <Runbunny> I guess that's a better scenario than brexit.
10:40:21 <reification> currently you can enjoy watching various opposition parties come up with various excuses not to have an election
10:43:14 <Runbunny> Isn't Germany getting fed up with it?
10:44:05 <reification> the overwhelming feeling generally is just get it over with
10:44:33 <reification> of course even passing this withdrawal agreement would only really be a first step
10:50:54 <reification> current situation not really surprising, EU referenda "no" results never get respected unless there is no wiggle room (euro currency membership)
12:01:58 <Dot`> Rawr Rawr Rawr
12:13:40 -!- tredc [~tredc@c83-254-129-166.bredband.comhem.se] has joined #tlponies
12:25:52 -!- Rawr|Fone [~AndChat52@c-4eb4e655.020-164-6d6c6d4.bbcust.telenor.se] has joined #tlponies
12:59:22 <reification> https://twitter.com/DrunkAustrian/status/1186317042519105536
13:04:39 <Dot`> The Tiamat of eagkes
13:04:44 <Dot`> eagles
13:24:35 -!- Camail [~Camail@45.40.84.145] has joined #tlponies
13:24:35 -!- mode/#tlponies [+v Camail] by Q
13:24:50 <Dot`> cann
13:29:28 <Camail> hullo
13:38:16 -!- Rawr|Fone [~AndChat52@c-4eb4e655.020-164-6d6c6d4.bbcust.telenor.se] has joined #tlponies
14:08:32 * skram slaps Camail around a bit with a large trout
14:09:53 <Camail> no
14:21:03 -!- Rawr|Fone [~AndChat52@c-4eb4e655.020-164-6d6c6d4.bbcust.telenor.se] has joined #tlponies
14:29:50 <Dot`> hows the HC going cam?
14:29:56 <Dot`> hand doing ok?
14:30:02 <Camail> haven't play since yesterday
14:30:30 <Camail> hands are fine
14:30:46 <Camail> i'm taking this character very very slow
14:30:53 <Camail> y'know, because of the fear of death
14:32:07 <Dot`> I hear its pretty premanent
14:46:02 -!- Rawr|Fone [~AndChat52@c-4eb4e655.020-164-6d6c6d4.bbcust.telenor.se] has joined #tlponies
14:58:31 <Golly> hm, which is the least reprehensible place to buy outer worlds from
14:58:37 <Golly> humble bundle?
15:12:46 -!- DuB|fon [~androirc@155.201.42.62] has joined #tlponies
15:14:03 <DuB|fon> 76 days, Camail :o
15:14:29 <Camail> countdowns are for the devil, dub
15:14:53 <DuB|fon> ICEY MONS
15:15:15 <Dot`> Dub DUb
15:15:34 <DuB|fon> Dot Dot
15:15:39 <DuB|fon> Is Friday!
15:15:57 <DuB|fon> But I already got pizza twice this week hmmmm
15:19:53 <reification> you could get pasta? that's still the right country
15:27:02 <Dot`> weak dub
15:34:31 -!- Rawr|Fone [~AndChat52@c-4eb4e655.020-164-6d6c6d4.bbcust.telenor.se] has joined #tlponies
15:36:51 <Runbunny> Camail, I found why I ditched the gunlance.
15:37:01 <Runbunny> I don't have the streamstones to augment it :/
15:37:19 <Camail> rip
15:37:49 <Camail> are tempered dragon investigations still the best way to get them
15:38:18 <Runbunny> Probably. Unless there's some event I don't know about.
15:39:09 <Camail> augmenting is nice, but it's not like a make or break for most fights
15:39:36 <Camail> it's useful when you're fighting ATs i would say
15:40:45 <Runbunny> Health regen on long gunlances mean that you with the stone whatever mantle can just tank the monster and keep firing your shells.
15:44:53 <Camail> meh, if you only want to play it so you don't have to interact with the fights then yea i guess it's necessary
15:49:16 <Runbunny> I just want to clap on some monsters :D
15:53:34 <Camail> you gotta grind it out before the expansion
15:55:10 <Runbunny> Yes.
15:55:15 <Runbunny> Looking forward to that!
16:10:15 <Camail> we can do at kt or something once dub gets home
16:10:23 <Camail> maybe some investigations
16:13:46 -!- Rawr|Fone [~AndChat52@c-4eb4e655.020-164-6d6c6d4.bbcust.telenor.se] has joined #tlponies
16:32:25 -!- Rawr|Fone [~AndChat52@c-4eb4e655.020-164-6d6c6d4.bbcust.telenor.se] has joined #tlponies
16:42:35 <Runbunny> Not sure how much time I'll have today though.
16:46:16 <Camail> npnp, if it happens it happens
16:46:58 <Camail> i wont be here this weekend so you and dub have all the time to kill mons
16:47:14 <Runbunny> Yeh!
17:01:17 -!- Rawr|Fone [~AndChat52@c-4eb4e655.020-164-6d6c6d4.bbcust.telenor.se] has joined #tlponies
17:51:22 -!- Rawr|Fone [~AndChat52@c-4eb4e655.020-164-6d6c6d4.bbcust.telenor.se] has joined #tlponies
17:51:30 <Dot`> rawr rawr
18:18:36 -!- Dot|Phone [uid393803@2001:67c:2f08:8::6:24b] has joined #tlponies
18:29:47 <Dot|Phone> .tell dub' I am lead to believe new York has the largest perigan falcon population of any city
18:48:08 <Rawr|Fone> Dot dot
19:05:30 <Dot|Phone> Rawr! 
19:05:33 <Dot|Phone> 💖💖💖
19:05:48 <Rawr|Fone> Dot!
19:05:50 <Dot|Phone> Where u you been? Ping pong? 
19:05:52 <Rawr|Fone> 💖💖💖
19:06:20 <Rawr|Fone> I played table tennis this morning and then I slept for most of the day because I was up late talking to a friend in the us
19:07:57 -!- skram [~skram@178.239.173.240] has joined #tlponies
19:08:06 <Rawr|Fone> Jonas
19:11:21 <Dot`> Skram
19:11:33 <skram> bjørnhenrik
19:11:44 <skram> bjørnrik
19:11:45 <skram> henjørn
19:13:18 <Dot`> are you drunk again skram
19:13:57 <skram> no
19:14:11 <skram> you two need a ship name
19:18:42 <Camail> the old cranky brit and the 12 year old boy
19:18:47 <Camail> a match made in heaven
19:29:47 <skram> its basically a hallmark movie already
19:52:16 -!- Rawr|Fone [~AndChat52@c-4eb4e655.020-164-6d6c6d4.bbcust.telenor.se] has joined #tlponies
19:52:24 <Rawr|Fone> 🐴🐴
19:54:40 -!- skrma [~skram@62.112.10.131] has joined #tlponies
20:05:38 <skrma> Dot`, apparently a guy I went to school with is a corgi breeder or something
20:05:57 <Dot`> WHAT
20:06:13 <Dot`> Rawr! skrma has access to limitless corgis
20:06:30 <Rawr|Fone> Send me some skram
20:07:29 <skrma> this is kinda wild, the dogs got a proper family tree longer than I do
20:07:36 <skrma> http://www.cardiped.net/testmating.php?dam=94591&sire=94782&gens=9
20:08:33 <skrma> haha, if you change the gens variable in the url you can go back to the friggin 1920s
20:08:39 <skrma> dog people are something else
20:10:28 <Camail> corgis are important
20:11:12 <Dot`> https://imgur.com/gallery/F71Aq3i
20:11:14 <Dot`> Honk
20:11:15 <skrma> yeah apparently
20:12:24 <Camail> i hope goose game has dlc
20:12:31 <Camail> untitled dlc
20:12:55 <skrma> wonder how much a corgi like this would cost
20:13:45 <Rawr|Fone> Corgis, much like you jonas, are priceless
20:14:06 <skrma> well theres a few out for ~2000 dollarydoos
20:14:17 <skrma> i wouldnt pay that much for a skram honestly
20:14:55 <Dot`> i tihnk your organs are worth more on the black market
20:15:42 <skrma> eh they're all used up at this point
20:16:01 <Camail> the chinese disagree
20:16:12 <Camail> just go over there with a quran
20:17:27 <skrma> yeah i dont think im gonna go to china ever
20:18:27 -!- skram [~skram@37.120.149.164] has joined #tlponies
20:18:41 <skram> internet is being a shit
20:31:03 -!- Rawr|Fone [~AndChat52@c-4eb4e655.020-164-6d6c6d4.bbcust.telenor.se] has joined #tlponies
20:41:49 -!- Rawr|Fone [~AndChat52@c-4eb4e655.020-164-6d6c6d4.bbcust.telenor.se] has joined #tlponies
20:51:54 -!- Rawr|Fone [~AndChat52@c-4eb4e655.020-164-6d6c6d4.bbcust.telenor.se] has joined #tlponies
20:52:25 <Dot`> CockRoach!!!! Doggos!
20:52:30 <Dot`> ?DnDoggos
21:18:37 -!- Rawr|Fone [~AndChat52@c-4eb4e655.020-164-6d6c6d4.bbcust.telenor.se] has joined #tlponies
21:25:11 -!- Crisium [~Crisium@c-24-3-150-105.hsd1.pa.comcast.net] has joined #tlponies
21:26:16 <reification> hi cris
21:29:03 <Crisium> hej
21:33:21 <Dot`> hey Crisium 
21:33:27 <Crisium> yo
21:33:42 <Crisium> how did you friday evening go
21:33:46 <Crisium> @ europeans
21:37:48 <Dot`> not bad, had pizza
21:37:59 <Crisium> nice
21:38:06 <reification> cam the mosque in xian was very impressive, but i did notice the unusual prominent red sign at entrance praising the emperor who allowed it to be built
21:39:47 <Camail> yea fun times for diversity of ideas in china
21:48:34 <Bio> asdf
22:17:54 <skram> cris, bio
22:18:47 <Dot`> Bio
22:19:11 <Crisium> skrim
22:20:04 <reification> lol i bet leicester would score in each half and they won 9-0 to equal premier league record
22:20:15 <reification> guess i should have been more ambitious
22:25:13 -!- Rawr|Fone [~AndChat52@c-4eb4e655.020-164-6d6c6d4.bbcust.telenor.se] has joined #tlponies
22:31:03 <reification> bio https://pbs.twimg.com/media/EHlInAsW4AA_TkQ.jpg
22:35:01 <Bio> gud mem
22:42:34 -!- Rawr|Fone [~AndChat52@c-4eb4e655.020-164-6d6c6d4.bbcust.telenor.se] has joined #tlponies
22:46:30 -!- Dot|Phone [uid393803@2001:67c:2f08:8::6:24b] has joined #tlponies
22:59:31 <Dot|Phone> Skram
22:59:42 <skram> aye lad
23:00:24 <Dot|Phone> Hello
23:00:27 <Dot|Phone> How's you
23:00:28 <skram> hey bud
23:01:02 <skram> hmmm
23:01:08 <skram> pretty good probably
23:01:10 <skram> what you up to
23:02:42 <Dot|Phone> Was going to do dnd prep, needed a token and found I didn't have any. So naturally made about a hundred or more
23:02:51 <Dot|Phone> And didn't get any real prep done
23:03:13 <skram> well tokens are important
23:03:48 <Dot|Phone> I could populate a crowd now I guess
23:04:43 <skram> are you planning a riot
23:05:20 <Dot|Phone> May as well now
23:06:07 <Dot|Phone> Seeing as I got nothing prepped because I was making tokens 
23:08:47 <Dot|Phone> What about your skram, what you up to? 
23:08:53 <Dot|Phone> Nothing degenerate I hope
23:09:02 <skram> nono
23:09:07 <skram> im looking at tanks on youtube
23:09:33 <Dot|Phone> Very wholesome
23:09:44 <skram> i knoow
23:11:08 <skram> its leading me to believe that tanks were quite a bit more dangerous than they are in girls und panzer
23:11:50 -!- carcinisation [~thomas@cpc76294-cosh16-2-0-cust297.6-1.cable.virginm.net] has joined #tlponies
23:11:50 -!- mode/#tlponies [+v carcinisation] by Q
23:13:16 <Dot|Phone> Naah
23:14:51 <Dot|Phone> Besides the ones in tank girl anime they do talk about the armour and stuff that make it safe
23:16:32 <skram> true enough
23:27:27 -!- Cane [~Cane@CaneCraft.users.quakenet.org] has joined #tlponies
23:27:28 -!- mode/#tlponies [+o Cane] by Q
23:28:23 <Dot|Phone> Hi Cane
23:28:35 <Cane> Hi. <3
23:32:09 <Camail> dot are you in bed
23:32:44 <Dot|Phone> Yea
23:34:54 <Camail> good
23:54:50 <Dot|Phone> Thanks
