00:24:57 -!- carcinisation [~thomas@cpc76294-cosh16-2-0-cust297.6-1.cable.virginm.net] has joined #tlponies
00:24:57 -!- mode/#tlponies [+v carcinisation] by Q
01:25:54 -!- Rawr|Fone [~AndChat52@84-217-62-32.customers.ownit.se] has joined #tlponies
02:55:42 -!- Rawr|Fone [~AndChat52@84-217-62-32.customers.ownit.se] has joined #tlponies
04:26:36 -!- Rawr|Fone [~AndChat52@84-217-62-32.customers.ownit.se] has joined #tlponies
05:23:53 -!- Rawr|Fone [~AndChat52@84-217-62-32.customers.ownit.se] has joined #tlponies
06:00:20 -!- DoT|Phone [~Dot@232.123.7.51.dyn.plus.net] has joined #tlponies
06:01:18 -!- Cane [~Cane@CaneCraft.users.quakenet.org] has joined #tlponies
06:01:19 -!- mode/#tlponies [+o Cane] by Q
06:20:58 <DoT|Phone> Morning
06:47:05 <Rawr|Fone> P
06:47:14 <Rawr|Fone> Morning
06:54:00 -!- DoT|Phone1 [~Dot@148.252.128.57] has joined #tlponies
06:54:50 <DoT|Phone1> Rawr Rawr
06:54:57 <DoT|Phone1> 💖💖
06:55:04 <Rawr|Fone> DoT DoT
06:55:07 <Rawr|Fone> 💖💖
07:00:32 <DoT|Phone1> what you up to today Rawr
07:01:15 <Rawr|Fone> My job interview got moved to today
07:01:19 <Rawr|Fone> 2pm
07:02:54 <DoT|Phone1> ooo
07:03:03 <DoT|Phone1> you excited?
07:05:13 <Rawr|Fone> Yes
07:05:39 <DoT|Phone1> great
08:33:25 <Rawr|Fone> Hors hors
08:34:40 -!- Runbunny [~Runbunny@91.100.28.10.generic-hostname.arrownet.dk] has joined #tlponies
08:35:08 <Runbunny> I return.
08:35:29 <Runbunny> Dot Dot.
08:35:34 <DoT|Phone1> Runbun <3
08:40:39 <Runbunny> .tell Camail Just scourge and sell.
08:49:25 <DoT|Phone1> how's it going runbun? the new PoE league started?
08:50:08 -!- skram [~skram@109.201.133.236] has joined #tlponies
08:50:31 <DoT|Phone1> Skram <3
08:50:43 <Runbunny> Nah Dot. New league is in 7 days.
08:50:55 <Runbunny> but I think I'll be late to the league start actually.
08:51:34 <DoT|Phone1> oh. I thought it was this weekend cam wanted to game it, must be next weekend
08:53:48 -!- Golly [Golly@cm-84.212.249.112.getinternet.no] has joined #tlponies
08:56:03 <skram> good morning frens
08:56:38 <Runbunny> Yes.
08:56:41 <Runbunny> Hai Jonas.
08:56:49 <Runbunny> Bestest ferns.
08:59:08 <Rawr|Fone> Anders.
08:59:11 <Rawr|Fone> Jonas
08:59:23 <Rawr|Fone> My lovely frens
09:08:47 <Runbunny> Ahh Henrik.
09:08:56 <Runbunny> My day just got even better.
09:16:26 <Rawr|Fone> So did mine runbun my dear
09:18:39 -!- reification [~thomas@cpc76294-cosh16-2-0-cust297.6-1.cable.virginm.net] has joined #tlponies
09:18:39 -!- mode/#tlponies [+v reification] by Q
09:19:15 <DoT|Phone1> hi Reif
09:21:58 <reification> hi dotties
09:43:20 -!- carcinisation [~thomas@cpc76294-cosh16-2-0-cust297.6-1.cable.virginm.net] has joined #tlponies
09:43:20 -!- mode/#tlponies [+v carcinisation] by Q
09:59:44 -!- reification [~thomas@cpc76294-cosh16-2-0-cust297.6-1.cable.virginm.net] has joined #tlponies
09:59:44 -!- mode/#tlponies [+v reification] by Q
10:24:11 -!- carcinisation [~thomas@cpc76294-cosh16-2-0-cust297.6-1.cable.virginm.net] has joined #tlponies
10:24:11 -!- mode/#tlponies [+v carcinisation] by Q
10:27:45 <DoT|Phone1> Reif your internet is borked again
10:31:37 <carcinisation> yes D:
10:32:03 <carcinisation> i shall go away and hope it gets it together
10:32:09 <DoT|Phone1> noo
10:54:20 -!- Rawr|Phone [~AndChat52@m83-185-84-134.cust.tele2.se] has joined #tlponies
10:56:02 <DoT|Phone1> gl Rawr for interview
10:59:52 <Rawr|Phone> DoT ❤
11:02:51 <DoT|Phone1> <3
11:30:02 -!- Rawr|Fone [~AndChat52@m83-185-84-134.cust.tele2.se] has joined #tlponies
11:48:57 -!- skraam [~skram@109.201.133.236] has joined #tlponies
11:50:04 <DoT|Phone1> no work today Skram?
11:50:19 <skraam> Not today!
11:50:27 <DoT|Phone1> yay
12:07:37 <DoT|Phone1> and Skram. I know you normally get home about the time we start DnD on Saturday, if you want to join for even a little bit before heading to sleep it's an option
12:13:40 <skraam> Nah I leave like 2 hours before we usually start
12:13:44 <skraam> its night shift
12:14:06 <skraam> if it was day shift, hell yeah we'd play
12:15:16 <skraam> anyways, i must go
12:17:28 <DoT|Phone1> ah
12:17:33 <DoT|Phone1> where you going?
12:20:04 -!- BioPhone [~androirc@12.33.239.117] has joined #tlponies
12:20:13 <BioPhone> Hej
12:20:17 <BioPhone> Work time
12:37:56 <Rawr|Fone> Beep boop
12:39:46 <DoT|Phone1> how it go Rawr
12:40:51 <Rawr|Fone> It went well dot
12:41:09 <DoT|Phone1> great
12:41:10 <Rawr|Fone> I need to do one more interview though
12:41:32 <DoT|Phone1> that's good. getting to the third round
12:42:57 <Rawr|Fone> It's promising so far
12:45:11 -!- Rawr|Phone [~AndChat52@host-78-78-11-214.mobileonline.telia.com] has joined #tlponies
12:54:40 <BioPhone> Git ur jerb
12:55:40 <DoT|Phone1> job = money
12:55:52 <DoT|Phone1> money = cheese
12:57:19 <BioPhone> Job is cheese
12:58:31 -!- tredc [~tredc@c83-254-129-166.bredband.comhem.se] has joined #tlponies
13:32:19 -!- Rawr|Fone [~AndChat52@84-217-62-32.customers.ownit.se] has joined #tlponies
14:02:57 -!- Zounds [webchat@cloak-07ouvien.14-2.cable.virginm.net] has joined #tlponies
14:03:06 <Zounds> pon
14:03:17 <DoT|Phone1> Zounds
14:12:01 -!- Rawr|Fone [~AndChat52@84-217-62-32.customers.ownit.se] has joined #tlponies
14:36:31 <DoT|Phone1> I go home
14:45:18 <carcinisation> i bak
14:45:44 <reification> also i am victorious in parking ticket dispute \o/
14:45:52 <DoT|Phone1> gj
14:57:24 -!- BioPhone [~androirc@12.33.239.117] has joined #tlponies
15:14:01 <Zounds> http://is2.4chan.org/tv/1559314860700.webm
15:15:21 -!- DoT|Phone [~Dot@232.123.7.51.dyn.plus.net] has joined #tlponies
15:17:38 -!- Dot` [~Dot@232.123.7.51.dyn.plus.net] has joined #tlponies
15:41:56 -!- BioPone [~androirc@mobile-166-177-56-13.mycingular.net] has joined #tlponies
17:17:23 <Rawr|Fone> Hors hors
17:19:55 <Dot`> rawr rawr
17:20:57 <Rawr|Fone> DoT DoT
17:21:00 <Rawr|Fone> ❤❤
17:23:25 -!- Micen [~Micen@h96.113.89.75.dynamic.ip.windstream.net] has joined #tlponies
17:23:49 <Dot`> <3 <3
17:41:47 <reification> https://twitter.com/Real_Xi_Jinping/status/1134371763536781312
18:00:48 -!- Camail [~Camail@45.40.84.145] has joined #tlponies
18:00:48 -!- mode/#tlponies [+v Camail] by Q
18:05:38 <Zounds> hey cam
18:05:45 <Camail> hullo zounds
18:06:44 <Camail> Runbunny i'd rather keep it as a trophy, it's corrupted
18:06:59 <Runbunny> Ahh.
18:06:59 <Camail> it's a armor/evasion chest piece
18:07:06 <Camail> it's so, so so bad
18:07:07 <Runbunny> THROW IT INTO THE FIRE!
18:07:31 <Camail> it might get deleted on the move to standard
18:07:41 <Camail> might make a character just to hold it
18:07:53 <Camail> gonna delete my map mules from normal synth
18:08:19 <Camail> i got up to t8 maps in flashback, and i completed the build
18:08:25 <Camail> i think i'm done until legion
18:08:33 <Runbunny> It's only a week.
18:09:02 <Runbunny> You can still have it standard.
18:09:22 <Camail> i did everything i wanted to
18:09:35 <Runbunny> But your limited stash space will be sucky.
18:10:20 <Camail> standard is a graveyard
18:11:13 <Camail> i'm happy with where she's at, i got all 4 curses running
18:11:17 <Camail> two 5 links
18:11:47 <Camail> haven't pushed to see how far i can get, but idc about that really
18:12:49 <Camail> wow tabulas in flashback are twice the price of synth
18:13:20 <Camail> wait no, they're 20c in synth now too
18:13:24 <Camail> fuckin inflation
18:13:34 <Camail> back in my day you could buy TWO tabulas with that
18:13:48 <Camail> and a tootsie roll
18:24:19 <Runbunny> Yeah that always happen doing league ends
18:24:45 <Runbunny> Fear of missing out probably plays into it as well
18:25:28 <Runbunny> Hmm.. tabula is 30c in standard :D
18:26:04 <Runbunny> Even shitty corrupted ones
18:27:23 <Camail> lul
18:28:17 <Camail> poe trade has a non-public tab option with forum threads and that one application
18:28:24 <Camail> i might actually use it next league
18:43:08 -!- skram [~skram@134.19.189.60] has joined #tlponies
18:45:48 <skram> pals
18:47:59 <Rawr|Fone> Jonas
18:48:07 <skram> Henrik my dear
18:48:16 <Dot`> skram <3
18:48:19 <Rawr|Fone> How are you doing darling
18:49:00 <skram> Ive had a migraine for like 3 days and it finally stopped today so im feeling pretty great actually
18:49:15 <skram> what did you do today henrik
18:49:36 <Rawr|Fone> Great to hear
18:49:43 <Rawr|Fone> I had a job interview
18:49:56 <Camail> skramboi hello
18:50:41 <skram> did you win at it
18:50:48 <Dot`> rawr is master of jobs now im sure
18:50:56 <skram> heya cam
18:51:26 <Rawr|Fone> I have a new one next week skram
18:53:53 <skram> are you gonna win at that one, too?
18:56:05 <Rawr|Fone> Hopefully
18:58:25 -!- Rawr|Phone [~AndChat52@m83-185-87-8.cust.tele2.se] has joined #tlponies
19:02:45 -!- Phearlock [webchat@cloak-e3kb14bi.208.146.128.getinternet.no] has joined #tlponies
19:02:50 <Phearlock> evening ponypons
19:02:59 <skram> hai ferlok
19:03:11 <Phearlock> hey skram =)
19:03:21 <Phearlock> Work going ok?
19:03:44 <Rawr|Phone> Good evening phear
19:04:08 <skram> i got switched around again so not that well :p
19:04:15 <Phearlock> awww
19:11:11 <Dot`> again again skram?
19:12:06 <Phearlock> They're obviously fighting over him.
19:12:17 <Phearlock> They can't agree on who gets the skram
19:12:20 <skram> naw naw
19:13:15 <skram> We had planned startup on saturday, but it got pushed back so they want me to work monday instead
19:14:00 <skram> since startup is a lot of work and is gonna take about 3 days and they need a monkey to turn some valves and stuff
19:27:43 <Camail> you should just take all their money
19:27:44 <Dot`> skram is best monkey?
19:29:59 <skram> probably
19:30:37 <skram> its cheaper to replace the monkey that gets his face melted off when the stem seal fails and sprays superheated steam everywhere than an actual human bean i guess
19:38:16 -!- Rawr|Fone [~AndChat52@c-4eb4e655.020-164-6d6c6d4.bbcust.telenor.se] has joined #tlponies
19:48:41 <Camail> we should browse some poe builds during the week
19:52:05 <Dot`> give me a build cam
19:52:14 <Camail> pls
19:52:59 <Camail> vaal arc was a good first build, i had fun with it
19:53:04 <Dot`> i need you to get 4 builds that compliment eachother and synergise well 
19:53:37 <Camail> i dont know anything about team comps
19:54:27 <Camail> also we dont have 4 people cuz runbun is playing on league start
19:54:46 <Dot`> dub, skram, you and i
19:54:51 <Dot`> isnt it?
19:55:35 -!- Rawr|Fone [~AndChat52@c-4eb4e655.020-164-6d6c6d4.bbcust.telenor.se] has joined #tlponies
19:55:49 <Camail> i did not know dub was playing
19:55:55 <Camail> he has said he doesn't like poe
19:56:11 <Dot`> oh right
19:56:26 <Dot`> i dont know, i just lug dub in when we play games
19:57:04 <Camail> i'd like him to, but we'd need to find the right build that has enough active skills
19:57:11 <Camail> he doesn't like building around a single skill
19:57:26 <Camail> and those are the most common
19:57:32 <Dot`> *plays D3 all the time*
19:57:35 <Camail> ikr
19:57:44 <Camail> i've declined to dig too deep into that
19:58:09 <Dot`> lol
19:58:25 <Camail> dot you might like doing a curse build, it's supporty and does damage
20:00:07 <Camail> you could go real big on the memes and put as many curses as possible
20:00:29 <Camail> i was able to comfortably do 4 and keep all my stats and resists up, but maybe you could get another in, who knows
20:01:55 <Dot`> sounds interisting
20:03:14 -!- Rawr|Phone [~AndChat52@m83-185-87-8.cust.tele2.se] has joined #tlponies
20:03:38 <Camail> it's hard because parties aren't really a thing people think about
20:07:14 <Camail> skram might like a chieftan tectonic slam build
20:08:24 <Camail> only issue there is that it uses a newly released asc keystone so i dont think there are any established builds
20:08:26 <skram> how similar is it to a barbarian
20:08:43 <Camail> piggy backing off an existing one would work for a more experienced player but we babbies
20:08:54 <Camail> well, it's melee
20:09:05 <Camail> and you are tanky as fuck
20:09:19 <skram> sold
20:09:20 <Camail> because you have a bunch of endurance charges
20:09:36 <skram> do i need to be angry to play
20:10:02 <Camail> it's an options
20:10:13 <Camail> it doesnt use the rage mechanic that berserker has
20:10:22 <Runbunny> skram, https://www.youtube.com/watch?v=WZN_4bPZkgU
20:10:22 <Camail> but we literally dont know what it will be yet
20:13:23 <Runbunny> Actually this one is pretty great https://www.youtube.com/watch?v=oh836ipcShg
20:13:28 <Runbunny> Have a look as well Camail.
20:17:14 <Camail> that seems like a fun awful build
20:22:24 <Runbunny> poe meme builds are the best.
20:35:40 <Runbunny> Dot`, here is your party friendly build https://www.youtube.com/watch?v=Zl9eKbJaPgc
20:48:45 <Dot`> is it designed to break the game servers?
21:06:26 -!- BioPone [~androirc@mobile-166-170-23-251.mycingular.net] has joined #tlponies
21:06:27 -!- BioPhone [~androirc@mobile-166-170-23-251.mycingular.net] has joined #tlponies
21:16:08 <Zounds> butts butts butts
21:16:36 <skram> aye pal, tell me about them
21:17:06 <Runbunny> Dot`, that build won't break the servers.
21:17:17 <Zounds> They are excellent and go well with spats
21:17:22 <Zounds> the shorts not the shoes
21:17:32 <Runbunny> but this one does Dot` https://www.youtube.com/watch?v=MWyV0kIp5n4
21:18:36 <skram> zounds thats lewd
21:19:48 <Zounds> lewd 'n gewd
21:20:21 <BioPhone> HORS
21:23:17 <Dot`> nice build runbun
21:28:17 <Runbunny> It's horrible to play though.
22:03:10 <Dot`> skram
22:04:42 <skram> aye lad
22:05:43 <Dot`> hows it going?
22:05:56 <skram> pretty good i think
22:06:01 <skram> what you up to
22:07:26 <Dot`> not much, browsing the internet
22:07:39 <Dot`> wasting my life
22:07:41 <Dot`> the usual
22:10:06 <skram> hell yeah bud
22:40:22 <skram> see any good cats
22:40:36 <Zounds> good night pons
22:40:42 <skram> gnight lad
22:40:57 <Dot`> only the one i sent you
22:41:17 <skram> that was a pretty good one though
22:50:06 <Dot`> glad you liked it
22:50:12 <Dot`> also skram, 17 days to go
22:51:40 <Camail> dort dort dort
22:51:56 <Dot`> cawail
22:52:08 <Camail> waaaah
22:54:12 <skram> what happens in 17 days
22:55:02 <Dot`> pls
22:57:38 <skram> pls
22:58:21 <Dot`> panzers
22:58:22 <Dot`> and
22:58:24 <Dot`> anime
22:58:29 <skram> oooh
23:00:07 <skram> das right
23:06:05 <Bio> degenerate
23:06:06 <Bio> and
23:06:11 <Bio> vile
23:06:17 <skram> yass
23:06:40 <Bio> they are paving over my parking lot
23:06:45 <Bio> so i have to park like
23:06:55 <Bio> a minute walk away
23:06:57 <Bio> from my apt
23:07:03 <Bio> this is unacceptable
23:07:06 <Dot`> the struggle
23:07:09 <skram> oh nooooo
23:07:32 <Bio> my disappointment is immesurable, and my day is ruined
23:38:46 -!- Rawr|Fone [~AndChat52@84-217-62-32.customers.ownit.se] has joined #tlponies
23:40:32 <Dot`> i think i should sleep
23:40:42 <Dot`> gnight pons <3
23:40:59 <skram> goodnight pal
