00:00:09 <Bio> nej
00:00:24 <Bio> dasjdfkl;
00:15:21 <Bio> time to relax in bed and do some switcheroo
00:15:24 <BioSleep> nn
00:26:16 <reification> night bio 
00:26:26 <reification> and indeed everyone else
00:28:45 <DuB`> nn!
00:34:29 -!- Rawr|Fone [~AndChat52@c-4eb4e655.020-164-6d6c6d4.bbcust.telenor.se] has joined #tlponies
02:48:14 -!- Rawr|Fone [~AndChat52@c-4eb4e655.020-164-6d6c6d4.bbcust.telenor.se] has joined #tlponies
03:09:42 -!- Rawr|Fone [~AndChat52@c-4eb4e655.020-164-6d6c6d4.bbcust.telenor.se] has joined #tlponies
03:18:01 -!- Rawr|Fone [~AndChat52@c-4eb4e655.020-164-6d6c6d4.bbcust.telenor.se] has joined #tlponies
03:47:06 <Dot`> Dub pls
03:51:28 <DuB`> Dot!
03:54:37 <Dot`> you should be asleep, you have work
03:57:39 <Dot`> silly addiccted horse
05:19:13 -!- Golly [~kvirc@cm-84.213.21.103.getinternet.no] has joined #tlponies
05:37:41 -!- Rawr|Fone [~AndChat52@c-4eb4e655.020-164-6d6c6d4.bbcust.telenor.se] has joined #tlponies
06:58:26 -!- Rawr|Fone [~AndChat52@c-4eb4e655.020-164-6d6c6d4.bbcust.telenor.se] has joined #tlponies
07:22:55 -!- Rawr|Fone [~AndChat52@c-4eb4e655.020-164-6d6c6d4.bbcust.telenor.se] has joined #tlponies
08:01:17 -!- Dot|Phone [uid393803@id-393803.stonehaven.irccloud.com] has joined #tlponies
08:01:23 <Dot|Phone> Morning
08:50:33 -!- Rawr|Fone [~AndChat52@c-4eb4e655.020-164-6d6c6d4.bbcust.telenor.se] has joined #tlponies
10:15:52 -!- Rawr|Fone [~AndChat52@c-4eb4e655.020-164-6d6c6d4.bbcust.telenor.se] has joined #tlponies
11:07:43 -!- Rawr|Phone [~AndChat52@m83-185-95-198.cust.tele2.se] has joined #tlponies
11:16:33 -!- tredc [~tredc@c83-254-129-166.bredband.comhem.se] has joined #tlponies
11:36:38 -!- Runbunny [~Runbunny@91.100.28.10.generic-hostname.arrownet.dk] has joined #tlponies
11:37:44 <Dot|Phone> Hey runbun
11:37:45 <Runbunny> oh hello.
11:52:11 <Rawr|Phone> Hors hors
11:59:37 <Dot|Phone> Rawr hest
11:59:44 <Dot|Phone> 💖
12:00:05 <Rawr|Phone> Dot hest
12:00:07 <Rawr|Phone> 💖
12:03:43 -!- reification [~thomas@cpc76294-cosh16-2-0-cust297.6-1.cable.virginm.net] has joined #tlponies
12:03:44 -!- mode/#tlponies [+v reification] by Q
12:05:57 <Dot|Phone> Hey Reif
12:06:40 <reification> hi dotties
12:10:37 <Rawr|Phone> Reef reef
12:20:48 <reification> roar roar
12:32:55 -!- skram [~skram@185.180.222.177] has joined #tlponies
12:43:31 <Rawr|Phone> Jonas
12:45:02 <skram> Henrik
12:46:56 <Rawr|Phone> How are you doing jonas dear
12:50:19 <skram> got a bit of a migraine
12:50:21 <skram> hows your face
12:50:33 <Rawr|Phone> D:
12:50:55 <Rawr|Phone> Good good
12:50:59 <Rawr|Phone> At the gym
12:52:43 <skram> are you using ur fone while lifting, henrik?
12:52:45 <skram> that is very dangerous
12:53:11 <Rawr|Phone> Only while resting my dear
12:53:16 <Rawr|Phone> I am very responsible
12:53:18 <skram> oh i see
12:55:09 -!- BioPone [~androirc@mobile-166-177-56-98.mycingular.net] has joined #tlponies
12:57:00 <Dot|Phone> Hey skram
13:00:05 <skram> hey dot
13:21:55 -!- carcinisation [~thomas@cpc76294-cosh16-2-0-cust297.6-1.cable.virginm.net] has joined #tlponies
13:21:56 -!- mode/#tlponies [+v carcinisation] by Q
14:01:41 -!- BioPone [~androirc@mobile-166-177-56-98.mycingular.net] has joined #tlponies
14:06:43 -!- Rawr|Fone [~AndChat52@c-4eb4e655.020-164-6d6c6d4.bbcust.telenor.se] has joined #tlponies
14:15:49 <BioPone> Asdf
14:18:58 <Dot|Phone> Bio
14:42:53 <skram> bio, the boy
14:42:56 <skram> i made enchiladas
14:47:59 <BioPone> Sounds yum
14:48:41 <BioPone> Imma make some chicken chili this week I think
14:50:04 <skram> ah hells yeh
14:53:45 <Dot|Phone> Skram please send food, I'm a starving African
15:02:44 <Micen> im debating if i should stop being lazy and make breakfast burritos 
15:07:55 -!- BioPhone [~androirc@12.33.239.117] has joined #tlponies
15:10:03 <skram> hmm
15:10:18 <skram> im certain theres a way you can be lazy and have a burrito at the same time, micen
15:10:31 <Micen> not when i have to cook everything
15:10:59 <BioPhone> It probably has to do with food deliveries
15:11:23 <skram> do you have any easily manipulated family memebers
15:11:39 <Micen> hahaha i live so far out from anything i cant even get any pizza hut delivered. they stop a mile up the road. 
15:12:11 <Micen> none that i trust in a kitchen. my sister almost cut her finger off cutting apples into eights for dipping. 
15:12:42 <skram> they gotta learn somehow, micen
15:12:56 <skram> losing a finger is a good lesson probably
15:14:20 <Micen> i dont feel like cleaning up blood skram. 
15:14:37 <skram> fair enough
15:17:06 -!- reification [~thomas@cpc76294-cosh16-2-0-cust297.6-1.cable.virginm.net] has joined #tlponies
15:17:07 -!- mode/#tlponies [+v reification] by Q
15:17:33 <BioPhone> oldguyshruggingmeme.png
15:17:40 <BioPhone> Guess I starve
15:18:14 <BioPhone> https://images.app.goo.gl/E8qYQ14dGJBHTHpc9
15:18:18 <BioPhone> This one
15:18:56 <skram> i think i make this gesture at least 9 times a day
15:19:26 <Micen> I think thats actually a photo of you and this is how youm are trying to get the meme around.
15:20:31 <Dot|Phone> That looks like skram 
15:23:12 <skram> im nmot gray yet :(
15:27:04 <Dot|Phone> Skram, it's grey
15:27:09 <Dot|Phone> We are not American
15:27:25 <skram> im not british either
15:28:20 <Dot|Phone> But your European 
15:29:50 <skram> so wat
15:30:11 <Dot|Phone> That's the point
15:37:30 <Micen> græy?
15:37:37 <Micen> hows that?
15:37:44 <skram> grå
15:37:44 <skram> pls
15:56:17 -!- Rawr|Fone [~AndChat52@c-4eb4e655.020-164-6d6c6d4.bbcust.telenor.se] has joined #tlponies
16:05:25 -!- BioPhone [~androirc@12.33.239.117] has joined #tlponies
16:31:38 -!- Dot` [webchat@cloak-vnm1j07w.71.208.46.dyn.plus.net] has joined #tlponies
16:33:22 -!- Camail [~Camail@45.40.84.145] has joined #tlponies
16:33:22 -!- mode/#tlponies [+v Camail] by Q
16:45:36 -!- Rawr|Fone [~AndChat52@c-4eb4e655.020-164-6d6c6d4.bbcust.telenor.se] has joined #tlponies
16:45:40 <reification> griza
17:00:42 <Camail> pls
17:01:36 <Rawr|Fone> No
17:02:41 <skram> please urslef
17:12:59 <Camail> skram  Dot`  wanna hunt in like 10 mins or something
17:14:02 <skram> heck yeah
17:25:15 <Camail> is dort dead
17:25:19 <Camail> or just hiding from us
17:25:34 <skram> i dont know cam
17:25:51 <Camail> Runbunny  play?
17:27:36 <skram> i think he just dont like us no more
17:28:03 <Camail> discrawd
17:36:08 -!- BioPhone [~androirc@12.33.239.117] has joined #tlponies
17:36:46 <BioPhone> Nei
17:39:33 <Camail> yo
17:43:03 <BioPhone> Yo
17:46:56 <Runbunny> Hai.
17:47:07 <Runbunny> Maybe in like 45 min?
17:50:02 <BioPhone> Nah I'll still be at the work
18:07:41 -!- Rawr|Fone [~AndChat52@c-4eb4e655.020-164-6d6c6d4.bbcust.telenor.se] has joined #tlponies
18:46:01 -!- Rawr|Fone [~AndChat52@c-4eb4e655.020-164-6d6c6d4.bbcust.telenor.se] has joined #tlponies
19:03:25 -!- BioPhone [~androirc@12.33.239.117] has joined #tlponies
19:12:47 -!- Rawr|Fone [~AndChat52@c-4eb4e655.020-164-6d6c6d4.bbcust.telenor.se] has joined #tlponies
19:19:57 <BioPhone> Asdf
19:26:38 <Dot`> SKRAM
19:26:41 <Dot`> important news
19:26:47 <Dot`> https://imgur.com/gallery/YujLiTC
19:38:51 <BioPhone> LÖÖP
20:07:24 -!- Rawr|Fone [~AndChat52@c-4eb4e655.020-164-6d6c6d4.bbcust.telenor.se] has joined #tlponies
20:13:27 <Camail> yo
20:13:36 <Camail> critical role cartoon is coming to amazon prime
20:13:50 <Camail> i'm honestly not too surprised
20:14:02 <Camail> given that they got a lot of attention with the 11mil
20:14:12 <Camail> but still, adding a second season is dope as shit
20:14:52 <Dot`> thats reall cool
20:14:57 <Dot`> bunch of nerds and thier dnd
20:16:32 <Camail> its gonna be a full 12 eps per season
20:16:43 <Camail> went from 1 episode to 24
20:16:47 <Camail> i'd say thats a success
20:17:24 <skram> pretty solid
20:17:42 <skram> whats the cartoon gonna be about?
20:18:19 <skram> is it gonna be the podcast animated so to speak or is it gonna be an origins sort of thing like the comics
20:19:02 <Camail> its gonna be the briarwood arc first
20:19:07 <Camail> then...no one knows
20:19:10 <skram> oh sick
20:19:11 <Camail> i dont even think they really know
20:44:15 <Camail> so skram what weapon are you building
20:44:24 <Camail> xeno blades?
20:44:54 <skram> decimation claws
20:45:42 <Runbunny> I got my gunlance setup up and running yesterday.
20:45:49 <Runbunny> It's still pretty slow though.
20:46:38 <Camail> nice
20:46:48 <Camail> skram you should get https://monsterhunterworld.wiki.fextralife.com/Empress+Daggers+Ruin
20:47:41 <Camail> its an easy way to get health recovery
20:48:09 <Camail> otherwise you gotta farm for streamstones and gems, which is a pain when you're just getting into end game
20:48:21 <Camail> but that also means getting lunastra on farm
20:48:27 <Camail> and nergi
20:48:42 <skram> lunastra is too scary
20:49:02 <Camail> you've fought her for like 10 minutes
20:49:18 <Camail> we need to farm a  monster and get some balls for you to equip
20:49:26 <Camail> right now you have some little jagras balls
20:49:39 <Camail> you need at least legiana sized balls
20:49:51 <skram> rude
20:49:58 <skram> ...not untrue, though
20:50:30 <Camail> you have to learn when to commit to the big DPS
20:50:41 <Camail> and where you can safely stand
20:50:56 <Runbunny> Awaken your demon Jonas.
20:51:00 <Camail> for example: foreleg armpit is a very good place to stand vs the chimeras
20:51:11 <Runbunny> and then transcend to archdemon.
20:51:58 <skram> yeh
20:52:12 <skram> i feel like im just too slow on the uptake when the big dick attacks hit
20:52:21 <Camail> you get used to it
20:52:52 <Camail> the mons you've been fighting have had their AI and damage limited
20:53:25 <Camail> give it another 30 hours and you'll be good to go
20:56:39 -!- Rawr|Fone [~AndChat52@c-4eb4e655.020-164-6d6c6d4.bbcust.telenor.se] has joined #tlponies
21:05:18 <Dot`> skram, you didnt reply to Loops
21:05:31 <Camail> YOU didnt reply to hunts
21:07:42 <Dot`> yea, i only saw it after supper and im just feeling meh latly
21:08:58 <Dot`> team leader at work handed in his notice friday out the blue, whole team is feeling it
21:09:05 <Camail> oof
21:14:01 <Dot`> did you carry skram through scary caves and dark forests cam?
21:14:25 <Camail> well, crystal mountains and arenas
21:14:33 <skram> become the new team leader
21:14:41 <Camail> tbf i got luck on lunastra
21:15:00 <Camail> took me 3 times to complete that mission the first time
21:19:43 -!- Crisium [~Crisium@c-24-3-150-105.hsd1.pa.comcast.net] has joined #tlponies
21:20:43 <Dot`> Hedge Crisium
21:20:53 <Crisium> howdy
21:32:19 <reification> rawr dot https://twitter.com/CatholicGf/status/1191813260619780096
21:35:57 <Dot`> this is great
21:36:15 -!- BioPone [~androirc@mobile-166-177-56-53.mycingular.net] has joined #tlponies
21:36:51 <reification> there was an important gaming anniversary https://twitter.com/NostalgicVGEdit/status/1191511820235726848
21:40:40 -!- Rawr|Fone [~AndChat52@c-4eb4e655.020-164-6d6c6d4.bbcust.telenor.se] has joined #tlponies
21:50:40 <Dot`> F
21:53:59 <reification> .tell bio https://pbs.twimg.com/media/EIgp9arU4AAIXnl.jpg
21:54:09 <reification> also runbunny ^
22:11:42 <Bio> excellent mem
22:12:23 <Bio> also holy shit F is 5 years old
22:12:49 <Bio> and it has 1337 retweets when i opened it just now
22:13:12 -!- Rawr|Fone [~AndChat52@c-4eb4e655.020-164-6d6c6d4.bbcust.telenor.se] has joined #tlponies
22:16:34 -!- DuB` [DuB@cpe-68-174-122-249.nyc.res.rr.com] has joined #tlponies
22:17:01 <Dot`> Daab
22:17:13 <Bio> dab
22:17:15 <Bio> PLS
22:17:19 <skram> d|_|b
22:17:19 <Dot`> Nerd hest
22:17:23 <DuB`> :O
22:17:29 <DuB`> Manyfrens, hello
22:17:42 <Bio> biggest nerdhest
22:22:32 <skram> did you leave early today mr dub
22:22:38 <DuB`> Ya
22:22:54 <Dot`> got all his work done super fast i bet so he could hunt mo nsters
22:23:03 <skram> great
22:23:53 <DuB`> Did too much work last week, now it is v slow :P
22:24:10 <skram> dont do too much work dub
22:24:13 <skram> then youll just get more of it
22:24:33 <DuB`> Wish I would... been pretty boring this week
22:29:15 <Camail> dub you're weird
22:30:09 <Dot`> i agree with dub, days when there is no work are really boring and long
22:30:19 <Dot`> day drags on
22:54:15 <Crisium> OW comp season ends in 2 days btw, i still need to do placements on my alt if anyone is interested
22:54:19 <Crisium> mostly talking to skram
23:00:10 -!- Rawr|Fone [~AndChat52@c-4eb4e655.020-164-6d6c6d4.bbcust.telenor.se] has joined #tlponies
23:01:49 <DuB`> skram https://www.youtube.com/watch?v=XypCPdl4oJs
23:05:26 <Camail> dub you need to farm some mons with skram
23:05:34 <Camail> or w could all do it in a bit
23:06:02 <Camail> he needs xeno, nergi, and teo+luna
23:12:15 <Bio> crispon, OW 2 is coming why even play dead game
23:12:16 <Bio> ???
23:12:46 <DuB`> He IS playing OW2's pvp :P
23:14:33 -!- carcinisation [~thomas@cpc76294-cosh16-2-0-cust297.6-1.cable.virginm.net] has joined #tlponies
23:14:34 -!- mode/#tlponies [+v carcinisation] by Q
23:19:14 -!- reification [~thomas@cpc76294-cosh16-2-0-cust297.6-1.cable.virginm.net] has joined #tlponies
23:19:15 -!- mode/#tlponies [+v reification] by Q
