00:05:01 -!- BioPone [~androirc@97.70.165.146] has joined #tlponies
00:35:46 <skrm> hmm what kind of lunch is it DuB` 
00:35:55 <DuB`> I unno
00:36:19 <DuB`> But I got put in charge of both ordering catering for a big meeting on monday AND choosing location for team dinner the week after
00:36:42 <DuB`> So we're having SO MUCH SUSHI
00:37:03 <DuB`> Jk greek for monday lunch and mebbe italian for dins
00:43:04 <Bio> dob stop flaunting ur priviledge
00:43:34 <Bio> pls
00:43:49 <DuB`> But I checked it
00:43:54 <DuB`> And THEN flaunted it
00:44:01 <Bio> check it again u horselord
01:23:00 <skrm> srs
01:23:59 <skrm> all i get for lunch are stern words, DuB` 
01:39:50 <DuB`> Well you tell your boss I said to speak softly and gently
01:43:40 <skrm> well ill try but he's a real ruff boi
01:46:16 -!- Micen [~Micen@h186.243.40.162.dynamic.ip.windstream.net] has joined #tlponies
01:52:16 -!- Rawr|Fone [~AndChat52@c-4eb4e655.020-164-6d6c6d4.bbcust.telenor.se] has joined #tlponies
03:05:39 <DuB`> Should I get monhun
03:05:41 <DuB`> HMM
03:40:27 <Camail> dub yes
03:40:30 <Camail> yes you should
03:40:55 <Camail> its a game i accidently 100% because it's just fun to play
03:43:12 <Camail> and you get to be a katana wielding weeb
03:43:29 <Camail> it's the best freestyle weapon in the game imo
03:49:47 -!- Rawr|Fone [~AndChat52@c-4eb4e655.020-164-6d6c6d4.bbcust.telenor.se] has joined #tlponies
03:50:27 <DuB`> ok got it :P
03:50:34 <DuB`> Perfec thing for a friday tomoro
04:38:24 -!- Rawr|Fone [~AndChat52@c-4eb4e655.020-164-6d6c6d4.bbcust.telenor.se] has joined #tlponies
06:16:50 -!- Golly [Golly@cm-84.213.21.103.getinternet.no] has joined #tlponies
06:41:12 -!- DoT|Phone [~Dot@83.71.208.46.dyn.plus.net] has joined #tlponies
06:41:24 <DoT|Phone> Morning pons
06:45:44 <skram> bjørnboy
06:45:45 <skram> good mornin
06:45:55 <DoT|Phone> Jonas friend
06:51:38 <skram> im gonna go to sleep now i think dot
06:51:42 <skram> its pretty late
06:59:43 <DoT|Phone> aww
07:10:49 -!- Rawr|Fone [~AndChat52@c-4eb4e655.020-164-6d6c6d4.bbcust.telenor.se] has joined #tlponies
07:21:10 <DoT|Phone> Rawr Rawr Rawr
07:21:17 <DoT|Phone> 💖💖💖
07:21:29 <Rawr|Fone> DoT DoT DoT
07:21:31 <Rawr|Fone> 💖💖💖
07:23:53 -!- DoT|Phone1 [~Dot@85.255.237.66] has joined #tlponies
07:24:13 -!- DoT|Phone2 [~Dot@83.71.208.46.dyn.plus.net] has joined #tlponies
07:24:41 -!- DoT|Phone [~Dot@85.255.237.66] has joined #tlponies
07:35:10 -!- DoT|Phone [~Dot@185.69.144.79] has joined #tlponies
07:35:54 <DoT|Phone> phone please
07:46:31 <Rawr|Fone> Skärpning dot
07:48:30 -!- DoT|Phone1 [~Dot@85.255.235.48] has joined #tlponies
08:01:23 -!- DoT|Phone [~Dot@85.255.233.69] has joined #tlponies
08:04:54 -!- DoT|Phone2 [~Dot@185.69.144.82] has joined #tlponies
08:21:43 -!- DoT|Phone [~Dot@85.255.233.66] has joined #tlponies
08:23:46 -!- DoT|Phone1 [~Dot@148.252.128.211] has joined #tlponies
08:31:27 <DoT|Phone1> my phone knows I'm getting rid of it soon
08:51:42 <DoT|Phone1> cam you rebel. always up so late doing your exiling
08:51:57 <Camail> finishing up now
09:03:42 -!- DoT|Phone [~Dot@85.255.235.187] has joined #tlponies
09:08:46 -!- DoT|Phone1 [~Dot@85.255.232.118] has joined #tlponies
09:09:35 <Rawr|Fone> DoT
09:09:42 <Rawr|Fone> Skärpning
09:16:46 <DoT|Phone1> I'm trying Rawr
09:17:46 <Rawr|Fone> Do your best my dear
09:17:59 <Rawr|Fone> Are you back at work today
09:19:39 <DoT|Phone1> I am
09:20:04 <DoT|Phone1> You ping pong today?
09:20:38 <Rawr|Fone> No, only gym today
09:23:15 <DoT|Phone1> no ping pong?? are you ok Rawr
09:24:28 <Rawr|Fone> I wish I could play every day dot, but that's not possible
09:24:46 <Rawr|Fone> Also not the optimal strategy for getting better
09:26:11 <DoT|Phone1> hmm true
09:38:52 -!- DoT|Phone [~Dot@85.255.235.185] has joined #tlponies
09:49:56 -!- tredc [~tredc@c83-254-129-166.bredband.comhem.se] has joined #tlponies
09:55:53 -!- Runbunny [~Runbunny@91.100.28.10.generic-hostname.arrownet.dk] has joined #tlponies
09:56:14 <DoT|Phone> Angel <3
09:56:17 <Runbunny> Hai.
09:56:22 <DoT|Phone> How are you doing today
09:56:53 <Runbunny> Well, I found out what was causing my pc to be very noisy and fixed it.
09:57:20 <Runbunny> But I think I need to slow down the noisy fan manually every time I turn on my pc.
09:57:27 <Runbunny> So I don't know really.
09:58:14 <DoT|Phone> install fanspeed?
10:01:10 <Runbunny> For some reason only my CPU fan show up in my BIOS.
10:01:18 <Runbunny> What is fanspeed?
10:01:34 <Runbunny> Is that some engineer secret application?
10:02:30 <DoT|Phone> a free program that tracks pc temps and can control fan speed
10:13:27 <Runbunny> Hmm.
10:28:48 <DoT|Phone> hmm
10:32:31 <Rawr|Fone> Hmm
10:41:17 -!- DoT|Phone1 [~Dot@148.252.129.87] has joined #tlponies
10:58:22 -!- DoT|Phone [~Dot@85.255.235.185] has joined #tlponies
10:58:29 <DoT|Phone> hmm
10:58:33 <DoT|Phone> phone crashed
11:20:15 -!- Rawr|Fone [~AndChat52@c-4eb4e655.020-164-6d6c6d4.bbcust.telenor.se] has joined #tlponies
11:21:49 -!- reification [~thomas@cpc76294-cosh16-2-0-cust297.6-1.cable.virginm.net] has joined #tlponies
11:21:49 -!- mode/#tlponies [+v reification] by Q
11:24:08 <DoT|Phone> hey Reif
11:29:06 -!- carcinisation [~thomas@cpc76294-cosh16-2-0-cust297.6-1.cable.virginm.net] has joined #tlponies
11:29:06 -!- mode/#tlponies [+v carcinisation] by Q
11:57:16 <carcinisation> hi dotties
12:05:59 -!- reification [~thomas@cpc76294-cosh16-2-0-cust297.6-1.cable.virginm.net] has joined #tlponies
12:05:59 -!- mode/#tlponies [+v reification] by Q
12:08:52 <reification> internet being crappy again D:
12:09:18 <DoT|Phone> it's spreading
12:15:20 -!- BioPone [~androirc@mobile-166-170-20-40.mycingular.net] has joined #tlponies
12:20:28 <reification> https://twitter.com/entobird/status/1174383839105441797
12:22:06 <reification> sound https://twitter.com/JTSHEEPS35/status/1174280558932877312
12:29:33 <Runbunny> BioPone, https://i.imgur.com/ZenTaxR.gifv
13:23:49 -!- skram [~skram@185.132.132.76] has joined #tlponies
13:25:54 <Runbunny> Jonas!
13:26:38 <skram> Ah, Anders
13:26:53 <DoT|Phone> morning Skram
13:30:30 <skram> good morning dot
13:38:55 -!- DoT|Phone1 [~Dot@85.255.237.120] has joined #tlponies
13:40:10 <DoT|Phone1> home time
13:40:20 <skram> woo
13:40:48 <CockRoach|42> DoT|Phone1: https://imgur.com/gallery/L0jbcMe
13:44:58 -!- Rawr|Fone [~AndChat52@c-4eb4e655.020-164-6d6c6d4.bbcust.telenor.se] has joined #tlponies
13:46:12 <DoT|Phone1> that's a cute rope
13:53:58 -!- DuB|fon [~androirc@155.201.42.62] has joined #tlponies
13:54:09 <DoT|Phone1> daaAab
13:54:20 <DuB|fon> Daaaat
13:54:30 <DoT|Phone1> How's you this Friday
13:54:36 <DuB|fon> Chillin
13:54:52 <DuB|fon> Might get to leave 2pm ish
13:55:14 <DuB|fon> Grabbed monhun last night
13:55:18 <DoT|Phone1> I just left at 2:30
13:55:22 <DoT|Phone1> is nice
13:55:24 <DuB|fon> Woohoo!
13:57:49 <DuB|fon> Hmmm is monster hunter one of those games better with a controller, I wonder
13:58:00 <DuB|fon> Seems like it may be one of those
13:58:07 <DuB|fon> Where is carmal
13:58:21 <DuB|fon> Or bunbun
13:59:17 <DoT|Phone1> Runbun snela
14:00:04 <Rawr|Fone> Gone
14:00:07 <Rawr|Fone> 5ever
14:00:15 <Rawr|Fone> Only phones here
14:00:20 <DoT|Phone1> noo
14:01:48 <DuB|fon> O, there is he
14:01:53 <DuB|fon> Runbubby
14:01:56 <DuB|fon> Runbunny
14:01:57 <Runbunny> Dub ub
14:02:00 <Runbunny> Hai.
14:02:10 <DuB|fon> Monhun with controller or kb+m?
14:02:20 <DuB|fon> I did a buy
14:02:26 <Runbunny> I personally played with kb + m
14:02:47 <Runbunny> Which is fine, but it's probably better on a controller
14:02:51 <Runbunny> Like Dark souls I guess.
14:03:13 <DuB|fon> Interest
14:03:15 <DuB|fon> Oke
14:04:01 <Runbunny> Should be down to preference.
14:05:02 <Runbunny> Not like dark souls 2 where all your attacks with mouse is delay because it has to be ready in case you double tab for heavy attacks
14:05:04 <DoT|Phone1> is Runbun practicing to be a politician
14:05:08 <Runbunny> That shit was so dumb.
14:05:55 <Runbunny> Nah, I just feel weird giving my preferences to people. 
14:08:50 -!- skrma [~skram@82.102.27.204] has joined #tlponies
14:09:43 <DuB|fon> Skrma skmkmrarkmsa
14:10:08 <skrma> ah the dubfon
14:10:11 <skrma> my favorite phone brand
14:10:30 <DoT|Phone1> rude
14:11:18 <DuB|fon> Hehe
14:11:39 <skrma> the dotphone has chinese spy programs, dot
14:11:41 <skrma> i am sure of it
14:12:15 <DuB|fon> SA spy programs, maybe
14:12:51 <skrma> i dont think they have phones in SA
14:13:34 <DoT|Phone1> I feel attacked
14:16:03 -!- DoT|Phone [~Dot@83.71.208.46.dyn.plus.net] has joined #tlponies
14:20:16 -!- Dot` [webchat@cloak-vnm1j07w.71.208.46.dyn.plus.net] has joined #tlponies
14:27:10 <Dot`> .tell BioPone https://i.imgur.com/wqo1A94.mp4
14:36:55 <Rawr|Fone> Jonas
14:37:01 <Rawr|Fone> Rude
15:11:28 <Rawr|Fone> 🐴
15:15:38 <Dot`> rawr
15:21:11 -!- DuB|fon [~androirc@155.201.42.62] has joined #tlponies
15:21:35 <Rawr|Fone> dot
15:25:18 -!- Camail [~Camail@45.40.84.145] has joined #tlponies
15:25:19 -!- mode/#tlponies [+v Camail] by Q
15:28:00 <Camail> pls
15:28:14 <Camail> Runbunny did you hear, dub got monhun
15:28:20 <Camail> just in time to not play the dlc
15:28:22 <Runbunny> Yeah
15:28:28 <Runbunny> Pretty cool.
15:44:00 -!- DuB|fon [~androirc@155.201.42.62] has joined #tlponies
15:58:14 <Camail> Runbunny  wow, i got some two-toned ilvl86+ boots and i didnt even get a chance to price them before i started getting whispers
15:58:23 <Camail> bots are real
16:00:15 <DuB|fon> Carmal do you kb+m or controller for monhun
16:00:36 <Runbunny> lel
16:00:48 <Camail> controller
16:01:24 <Camail> mouse is good for ranged weapons, controller is good for melee weapons
16:02:05 <DuB|fon> Hmm hmm
16:02:23 <Runbunny> If you already have a controller, play on that.
16:02:48 <Runbunny> If you don't then kb + m is all well and good.
16:03:13 <DuB|fon> Might grab a xb1 controller on the way back from work, I've wanted it for a few things
16:04:16 <Camail> thats what i use
16:15:26 <Runbunny> Camail are you going to play Weeb souls?
16:15:41 <Camail> nah
16:29:32 -!- DvB|fon [~androirc@155.201.42.62] has joined #tlponies
16:31:58 <Rawr|Fone> DuB skärpning
16:40:05 <DvB|fon> :o
16:40:42 <reification> i started reading the manga dub recommended a while back
16:40:51 <reification> so far it's full of hand-holding!
16:41:10 <skrma> which one was that reifmannen
16:41:11 -!- DvB|fon [~androirc@155.201.42.62] has joined #tlponies
16:41:45 <reification> Tonikaku Kawaii
16:42:13 <skrma> oh yeah
16:42:15 <reification> they do get married first so i guess it's allowed
16:43:10 <skrma> still though
16:43:14 <skrma> in public and everything
16:46:54 <Runbunny> Here Jonas reification https://imgur.com/gallery/Q1eNF
16:47:12 <Runbunny> page 8 and after is pretty NSFW.
16:47:19 <Runbunny> But it's like memes and stuff.
16:48:32 <reification> oh dear
16:50:55 <reification> bun pls don't scare the skram away with your degeneracy :O
16:55:24 -!- Rawr|Fone [~AndChat52@c-4eb4e655.020-164-6d6c6d4.bbcust.telenor.se] has joined #tlponies
16:56:41 <Camail> runbun this build i'm doing is gonna top out at around 13k ES
16:56:47 <Camail> this is quite enjoyable
16:57:13 <Camail> i'm at 12.1k now, will get another 700 from unnatural instinct soon
16:59:18 -!- carcinisation [~thomas@cpc76294-cosh16-2-0-cust297.6-1.cable.virginm.net] has joined #tlponies
16:59:18 -!- mode/#tlponies [+v carcinisation] by Q
17:04:49 -!- reification [~thomas@cpc76294-cosh16-2-0-cust297.6-1.cable.virginm.net] has joined #tlponies
17:04:49 -!- mode/#tlponies [+v reification] by Q
17:05:04 <Runbunny> O:
17:05:10 <reification> https://www.youtube.com/watch?v=Y-HiMIudSgI
17:05:25 -!- DvB|fon [~androirc@155.201.42.62] has joined #tlponies
17:45:42 -!- DvB|fon [~androirc@155.201.42.62] has joined #tlponies
18:01:02 -!- DvB|fon [~androirc@155.201.42.62] has joined #tlponies
18:16:48 <Dot`> pon pon
18:19:14 <Rawr|Fone> DoT DoT
18:19:37 <Dot`> Rawr Rawr
18:19:40 <Dot`> how was your day
18:20:16 <Rawr|Fone> ❤❤
18:20:23 <Rawr|Fone> Pretty uneventful my dear
18:20:28 <Rawr|Fone> How was yours
18:22:08 <Dot`> i had work, finished what i wanted to mostly
18:22:22 <Dot`> otherwise relaxing
18:22:40 <Golly> dat midas mode pretty hype not gonna lie
18:26:38 -!- skram [~skram@82.102.27.204] has joined #tlponies
18:29:43 <Rawr|Fone> Great job dot
18:29:49 <Rawr|Fone> Good evening jonas
18:30:38 <Dot`> thanks rawr
18:31:34 <skram> godaften, henrik
18:57:50 -!- carcinisation [~thomas@cpc76294-cosh16-2-0-cust297.6-1.cable.virginm.net] has joined #tlponies
18:57:50 -!- mode/#tlponies [+v carcinisation] by Q
19:01:54 -!- Rawr|Fone [~AndChat52@m83-185-87-254.cust.tele2.se] has joined #tlponies
19:24:41 <Rawr|Fone> 🐴🐴🐴
19:47:30 <Camail> Dot` if you ever plan on playing poe, patching takes a million year so start patching before you want to play
19:58:08 <Dot`> yea its up to date, havnt found a multi golem build yet
19:58:11 <Dot`> was going to look more later
19:58:36 <skram> im doing multi golem rite now Dot`
19:58:41 <skram> well
19:58:44 <skram> trying to, anyway
19:59:10 <Dot`> i was told you had gone zombie
19:59:49 <skram> well, both
20:02:06 <Runbunny> Jonas.
20:02:11 <Runbunny> Do you have the jewel?
20:04:15 <skram> not yet
20:04:24 <skram> its too expensive for me still
20:07:48 <skram> they're like 85 chaos runbun
20:07:52 <skram> thats a lot of moni
20:15:49 <Dot`> well guess i have to find a diffrent build now
20:15:54 <Dot`> skram seems to have claimed it
20:18:15 <skram> it doesnt matter if we do the same build lol
20:22:18 <Rawr|Fone> Yes it does!
20:24:55 <Dot`> i dont know skram, you seemed very possesive of it
20:26:36 <skram> well as long as you dont steal my zombie bois
20:26:46 <skram> these are my corpses damnit
20:38:20 <Dot`> zombies are silly
20:38:26 <Dot`> golems are the only true way
20:42:58 <skram> well you wouldnt use golems only i dont tihnik
20:51:33 <Dot`> not with that attitiude
20:55:26 -!- Rawr|Phone [~AndChat52@c-4eb4e655.020-164-6d6c6d4.bbcust.telenor.se] has joined #tlponies
21:10:13 -!- DuB` [DuB@cpe-68-174-122-249.nyc.res.rr.com] has joined #tlponies
21:10:20 <skram> the dub
21:10:22 <skram> home so early
21:10:32 <DuB`> Shoulda been home 3 hr ago >:T
21:10:52 <DuB`> But had to delay a 20-min chat for ages 'cause one person was busy
21:11:05 <skram> friggin people
21:11:07 <DuB`> But now is games
21:11:21 <DuB`> I don't feel like getting pizza on a friday????
21:11:24 <DuB`> Wat is happen
21:11:35 <skram> did you hit your head
21:12:13 <DuB`> I think it's the heat
21:12:40 <DuB`> Mebbe after I cool down I'll ppiza
21:22:53 <Camail> skram how was the poe today
21:23:52 <Camail> Dot`  did you look at this one https://www.pathofexile.com/forum/view-thread/2305121
21:24:08 <Camail> i havent actually looked
21:24:29 <skram> i just did a few maps really
21:24:33 <skram> im not as hard as you cam
21:24:48 <Camail> that's not true
21:26:44 <skram> how do you earn money in this game camail
21:26:50 <skram> without having luck
21:27:01 <Camail> know a lot
21:27:09 <DuB`> Have you tried leaving game and pley with me
21:27:12 <DuB`> Lately
21:27:29 <Camail> skram you can take over the pale court key market if you want
21:27:36 <Camail> there's also mapping efficiently
21:27:37 <skram> will you give me chaos orbs dub
21:27:50 <skram> i dont even know what the pale court is, uncle cma
21:28:12 <DuB`> I will give you um
21:28:16 <Camail> do atlas, unlock mud geyser, buy feral lord V prophecies, sell keys
21:28:39 <Camail> 13c profit per key
21:28:53 <DuB`> Hmm the only games I'm rich in are warframe and runescape and I don think anyone cares about those
21:29:18 <DuB`> Off to learn the monhuns now, I think!
21:29:18 <Camail> i make most of my money in syndicate
21:29:31 <Camail> dub if you have questions i can try to remember the answer
21:29:46 <Camail> first tip: make honey
21:30:13 <DuB`> First question: Ok?
21:30:25 <DuB`> I'mma just whack the mons
21:30:33 <DuB`> whacka whacka
21:30:59 <Camail> mega potions are crucial
21:32:26 <Camail> low rank is very easy, you can just kill things for the first 40 hours of the game
21:34:21 <DuB`> Perfec
21:36:59 <DuB`> Oh lucky
21:37:12 <DuB`> The game went off of 50% sale today, I bought last night right before bed
21:37:15 <DuB`> Phew
21:37:40 <DuB`> Guess I won't be tempting any other friends to get it and start with me though lol
21:53:01 <Camail> its gonna go on sale again at some point
21:53:28 <DuB`> But I'm starting noowwww
21:53:31 <DuB`> (After foods)
21:53:37 <Camail> yea, and they can start later
21:54:11 <Camail> i could play with you, put some default gear on
21:54:41 <Camail> skram also selling rares is a good consistent money maker, but you need to know how to do it
21:55:00 <Camail> and picking up common, but important, uniques and seeing if they have good rolls
21:57:40 <Camail> i've been planning to write a short guide kind of thing about getting into the trade market in poe
21:58:11 <Camail> still trying to figure out the shape of it, it's aimed at beginners so it's hard to hone down
22:03:18 <DuB`> .choose berger pizza
22:03:21 <DuB`> wew
22:12:40 <carcinisation> runbunny https://twitter.com/DesutroyedMe/status/1174348105535434755
22:16:09 -!- Rawr|Fone [~AndChat52@c-4eb4e655.020-164-6d6c6d4.bbcust.telenor.se] has joined #tlponies
22:17:36 <Dot`> build looks interisting cam
22:21:50 <Runbunny> Haha.
22:35:24 <skram> Dot`
22:37:15 <Dot`> what
22:38:14 -!- Crisium [~Crisium@c-24-3-150-105.hsd1.pa.comcast.net] has joined #tlponies
22:38:26 <Dot`> skram
22:38:29 <Dot`> hey Crisium 
22:38:34 <Crisium> howdy
22:39:03 <skram> do u want 2 play together, dot
22:39:18 <Dot`> arnt you already doing mapping?
22:40:14 <skram> well yeah but i could make a new guy
22:42:07 <Dot`> im probably only going to play for like 20 minutes
22:42:17 <skram> oki doki
22:42:18 <Dot`> so i can recall what buttons are
22:42:27 <skram> well theres like 7 of them
22:42:27 <Dot`> play tomroow probably
22:42:49 <Dot`> well it also helps me to recall skills and stuff playing the game
22:43:12 <skram> i just listen to whatever camail yells at me
22:44:00 <Crisium> i got my GM back in OW
22:44:08 <Crisium> role queue is so much better
22:44:10 <Dot`> gj Crisium 
22:44:11 <Crisium> altho the meta is kinda meh
22:44:14 <Crisium> with double shield
22:47:17 <Crisium> thx dote
22:47:47 <Dot`> i dont get cam yelling at me
22:47:54 <Dot`> just dissapointed silence
22:49:31 <Dot`> you see
22:49:33 <Dot`> its constant
22:49:42 <DuB`> :P
22:55:29 <Camail> dot pls
22:56:46 <Dot`> what
23:11:09 <carcinisation> night all
23:12:24 <Dot`> gnight reif
23:29:29 -!- BioPone [~androirc@mobile-166-170-20-40.mycingular.net] has joined #tlponies
