00:02:14 <Runbunny> Agreed.
00:07:43 <Zounds> looking forward to trying it once I get a bit settled at 80 Runbunny
00:08:03 <Zounds> My potato will twirl to victory and throw sharp things
00:08:20 <Zounds> for the honour of root vegetables everywhere
00:08:44 <Runbunny> Yes.
00:09:04 <Runbunny> It seems rather simple, for the most part, unless I am missing something.
00:09:17 <Runbunny> I did see a reddit post calling for nerfs though.
00:09:31 <Zounds> eh they don't know anything
00:11:13 <reification> night all
00:11:17 <skram> night pal
00:11:34 <Zounds> nn reif
00:11:39 <Runbunny> Goodnight Reif.
00:12:59 <Zounds> shadowbringers really turns up the edge runbun
00:13:31 <Zounds> there's one scene that's actually pretty horrifying
00:15:35 <Runbunny> Is it Yoko Taro writing?
00:17:12 <Runbunny> DoT`, DoT` Hob is so corny from time to time. I love it.
00:17:28 <Zounds> no yoko taro will be working on the allied raid storyline though
00:18:39 <Runbunny> Oh.
00:20:10 <Runbunny> Meh. I don't want to go to bed, as I don't have book to read :/
00:22:16 <skram> then
00:22:17 <skram> dont
00:23:57 <Runbunny> Still kinda need sleep though. You want me to die Jonas ?!?!
00:24:37 <Zounds> I'm off to bed o/ g'night
00:24:42 <skram> hnight pal
00:25:06 <skram> well seems to me you're doing that to yourself already ranbjan
00:30:26 <Runbunny> I'll try sleeping then
00:30:54 -!- BioHorse [~BioPon@97.70.165.146] has joined #tlponies
01:36:20 -!- BioSC [~BioPon@97.70.165.146] has joined #tlponies
02:39:28 -!- Golly [Golly@cm-84.212.249.112.getinternet.no] has joined #tlponies
06:33:25 <DoT|Phone1> Morning
06:59:47 -!- Cane_ [~Cane@CaneCraft.users.quakenet.org] has joined #tlponies
06:59:47 -!- mode/#tlponies [+o Cane_] by Q
07:10:32 -!- DoT|Phone [~Dot@85.255.234.166] has joined #tlponies
07:27:37 <DoT|Phone> pon pon
07:38:55 <CockRoach|42> hors hors
07:39:36 -!- Runbunny [~Runbunny@91.100.28.10.generic-hostname.arrownet.dk] has joined #tlponies
07:40:03 <DoT|Phone> cr! Angel <3
07:40:26 <CockRoach|42> <3
07:45:47 <Runbunny> Good morning.
08:12:56 -!- reification [~thomas@cpc76294-cosh16-2-0-cust297.6-1.cable.virginm.net] has joined #tlponies
08:12:56 -!- mode/#tlponies [+v reification] by Q
08:31:29 <CockRoach|42> henlo reification 
08:31:52 <reification> ?henlo
08:32:02 <reification> hey cr|42
08:32:40 <reification> .r henlo https://i.kym-cdn.com/photos/images/newsfeed/001/462/250/67d.png
08:34:44 <CockRoach|42> :D
08:35:46 <reification> .tell zounds https://twitter.com/FFXIV_Kelly
08:35:50 <reification> ^runbun
08:37:08 <DoT|Phone> hey Reif
08:44:18 <reification> hi dotties
09:01:08 -!- DoT|Phone1 [~Dot@148.252.129.11] has joined #tlponies
09:31:47 -!- DoT|Phone [~Dot@85.255.233.205] has joined #tlponies
09:44:24 -!- DoT|Phone1 [~Dot@85.255.233.248] has joined #tlponies
10:05:38 -!- DoT|Phone [~Dot@148.252.128.248] has joined #tlponies
10:07:52 <reification> .tell skram https://twitter.com/380kmh/status/1144719179691503621
10:08:03 <reification> .tell zounds https://twitter.com/380kmh/status/1059641550693523456
10:08:41 <reification> .tell rawr https://twitter.com/Nmv7NiqD7znspbO/status/1145104999388786688
10:08:47 <reification> dot where is rawr?
10:13:44 <reification> https://twitter.com/WashletJP/status/1145162338451877888
10:13:55 <reification> https://twitter.com/scott_atwell88/status/1145138491820584961
10:18:16 -!- skram [~skram@82.147.53.78] has joined #tlponies
10:24:11 <DoT|Phone> J o n a s
10:25:46 <skram> b j ø r n
10:26:24 <skram> reif is this the cat version of the three-point superhero landing
10:27:03 <reification> yep
10:28:18 <Runbunny> Jonas.
10:32:04 <skram> Anders.
10:39:33 -!- Golly [Golly@cm-84.212.249.112.getinternet.no] has joined #tlponies
10:47:26 -!- DoT|Phone1 [~Dot@85.255.234.92] has joined #tlponies
10:55:41 <DoT|Phone1> you on holiday now Skram?
10:56:01 <skram> hell yeah
10:56:06 <skram> im already bored
10:56:16 <DoT|Phone1> what
10:56:18 <DoT|Phone1> snela
10:56:33 <reification> skram did so much work it's all he knows now
10:56:50 <DoT|Phone1> did you watch all the anime now
10:58:35 <DoT|Phone1> do you need book series to read?
11:04:49 -!- carcinisation [~thomas@cpc76294-cosh16-2-0-cust297.6-1.cable.virginm.net] has joined #tlponies
11:04:49 -!- mode/#tlponies [+v carcinisation] by Q
11:27:51 -!- Rawr|Fone [~AndChat52@m83-185-88-182.cust.tele2.se] has joined #tlponies
11:28:24 <Rawr|Fone> 🐴🐴🐴
11:28:36 <DoT|Phone1> Rawr Rawr Rawr
11:29:03 <Rawr|Fone> DoT DoT DoT
11:29:06 <Rawr|Fone> 💖💖💖
11:29:21 <DoT|Phone1> 💖💖💖
12:01:02 -!- Rawr|Fone [~AndChat52@m83-185-88-182.cust.tele2.se] has joined #tlponies
12:09:13 -!- Rawr|Fone [~AndChat52@c-4eb4e655.020-164-6d6c6d4.bbcust.telenor.se] has joined #tlponies
12:30:18 <DoT|Phone1> Rawr how's the new place
12:33:43 <reification> https://twitter.com/SpeciesPodcast/status/1144999968505245696
12:40:13 -!- Rawr|Fone [~AndChat52@c-4eb4e655.020-164-6d6c6d4.bbcust.telenor.se] has joined #tlponies
12:48:07 <Runbunny> SCHMETTERLING!
12:48:37 <skram> aww thanks buddy
12:48:40 <skram> why you suddenly german do
12:50:11 <Runbunny> Reifs link.
12:53:08 <skram> oh haha
12:53:13 <Runbunny> DoT|Phone1, https://i.imgur.com/IhOrUPh.jpg
12:54:53 <skram> bamboozled
13:03:10 <DoT|Phone1> a true genius
13:28:59 -!- Rawr|Fone [~AndChat52@m83-185-90-137.cust.tele2.se] has joined #tlponies
13:44:58 -!- DoT|Phone [~Dot@148.252.129.145] has joined #tlponies
13:47:17 <Rawr|Fone> DoT
14:45:08 <DoT|Phone> Rawr
15:17:49 <DoT|Phone> Skram
15:18:07 <skram> doot doot
15:18:25 <DoT|Phone> calm down please
15:18:31 <skram> NEIGH
15:18:39 <DoT|Phone> rowdy horse
15:18:55 <DoT|Phone> how's the boredom going?
15:20:33 <skram> im just thinkin bout cats
15:21:28 <DoT|Phone> which ones
15:22:59 <skram> all of them
15:23:24 <DoT|Phone> that's a lot to think about
15:23:37 <DoT|Phone> you only have 3 weeks
15:26:11 <Rawr|Fone> DoT
15:26:17 <Rawr|Fone> My dear
15:26:33 <Runbunny> Are you alright Jonas?
15:26:35 <DoT|Phone> good friend Rawr
15:26:42 <Runbunny> There seems to be a lot on your mind.
15:26:54 <Rawr|Fone> How are you dot
15:26:56 <skram> I just want to hug every cat, Anders.
15:26:56 -!- Camail [~Camail@45.40.84.145] has joined #tlponies
15:26:56 -!- mode/#tlponies [+v Camail] by Q
15:27:03 <Rawr|Fone> Camial
15:27:15 <DoT|Phone> cawail
15:27:16 <Runbunny> Do you get emotional when you think about it?
15:27:18 <skram> Camayl
15:27:23 <Runbunny> Camumail.
15:27:30 <skram> I think about how many dont have a home
15:27:34 <skram> and how i should have them, anders
15:27:52 <Runbunny> What if they do have a home in the wilds and you just don't know about it?
15:28:20 <skram> thats not how it works
15:29:53 <Runbunny> How do you know?
15:31:17 <skram> I know everything about cats, runbun
15:33:38 <DoT|Phone> except how to acquire them all
15:33:48 <skram> indeed
15:40:39 -!- DuB` [DuB@cpe-68-174-122-249.nyc.res.rr.com] has joined #tlponies
15:41:20 <DoT|Phone> dub
15:41:48 <DuB`> dot
15:42:02 <DoT|Phone> I
15:45:16 -!- DoT|Phone1 [~Dot@232.123.7.51.dyn.plus.net] has joined #tlponies
15:58:13 -!- DoT` [~Dot@232.123.7.51.dyn.plus.net] has joined #tlponies
16:06:27 <reification> runbun https://twitter.com/DangerDelta2/status/1144675132293689346
16:36:02 -!- Zounds [webchat@cloak-07ouvien.14-2.cable.virginm.net] has joined #tlponies
16:37:34 -!- CellRoach [~AndChat14@m77-218-247-53.cust.tele2.se] has joined #tlponies
16:37:59 <CellRoach> .tell BioSC happy birthday!
17:47:02 -!- Rawr|Fone [~AndChat52@c-4eb4e655.020-164-6d6c6d4.bbcust.telenor.se] has joined #tlponies
17:56:41 -!- Rawr|Fone [~AndChat52@c-4eb4e655.020-164-6d6c6d4.bbcust.telenor.se] has joined #tlponies
17:56:42 <Rawr|Fone> The wifi here is so bad
18:05:53 <DoT`> oh dear
18:13:08 -!- Rawr|Fone [~AndChat52@c-4eb4e655.020-164-6d6c6d4.bbcust.telenor.se] has joined #tlponies
18:13:25 <Rawr|Fone> 🐴🐴🐴
18:28:19 <Zounds> what are pons up to
18:29:39 <DuB`> Stoody
18:34:34 <Zounds> sad!
18:41:37 <DuB`> DoT`, stormlight 4 probly in 2020
18:42:09 <DoT`> you go tell him dub i say thats too far
18:42:27 <DoT`> oh wait, your in th ewrong part of the country now
18:42:30 <DoT`> dammit dub
18:42:58 <DuB`> Haha
19:13:03 -!- Rawr|Fone [~AndChat52@c-4eb4e655.020-164-6d6c6d4.bbcust.telenor.se] has joined #tlponies
19:17:50 <DoT`> how are the horses
19:18:26 <Rawr|Fone> Phone is not feeling well
19:29:42 <DoT`> get it some rice rawr
20:25:58 -!- skram [~skram@185.217.171.67] has joined #tlponies
20:28:12 <Zounds> oWo skram
20:28:35 <skram> whats this
20:29:47 <Zounds> how fareth thee and thine skram my friend
20:30:05 <skram> I made lemonade
20:30:20 <skram> I dont know why its not really a thing here in scandiland because its friggin delicious
20:31:11 <Zounds> be the trendsetter
20:31:11 <DuB`> Not a thing! Kinda surprising
20:31:23 <Zounds> deliver your people from their lack of lemonade
20:31:27 <skram> :D
20:32:35 <Golly> this is saft country skram
20:32:39 <skram> Well I suppose historically speaking its because citrus fruits dont really live up here and we got our sweet drinks from squash instead
20:32:43 <skram> yeh
20:33:02 <skram> all about dat sun berry saf
20:33:16 <skram> though i suppose way over in the west you lot do weird things to apples instead
20:35:39 <Golly> is there any other word than kool aid to explain it
20:36:07 <Golly> youd think there would be a word
20:36:26 <skram> they call it squash in the uk
20:36:41 <Zounds> \o/
20:36:53 <Golly> ironically lemonade is the only word i can think of thats close
20:37:15 <skram> Its where you reduce berries/fruit to a syrup and mix it with water when you wanna drink it, zounds?
20:37:32 <skram> you also do that with lemonade sorta
20:37:48 <Zounds> yes skrammen
20:38:45 <Zounds> also called a cordial or concentrate
20:39:02 <skram> yup same thing then
20:39:59 <reification> i was very weeb and had yuzu sake this weekend
20:40:24 -!- Rawr|Fone [~AndChat52@c-4eb4e655.020-164-6d6c6d4.bbcust.telenor.se] has joined #tlponies
20:40:37 <skram> does japanese whisky make you a weeb reif
20:40:39 <Zounds> how was it
20:40:48 <reification> i liked it
20:41:03 <Zounds> would you have if you had not known it was nipponese
20:41:33 <reification> well i only got it because i was in the japan store and saw it... >.>
20:42:05 <reification> ramune is more the weeb lemonade tho
20:42:23 <reification> also a classic romance anime if you like that kind of thing
20:44:14 <Zounds> I like my romances tragic
20:44:27 <reification> in other news i listened to this and now want to visit easter island: https://www.youtube.com/watch?v=nCyzrie_les
20:48:38 <reification> zounds i placed 1.7k with my mercy only comp deathmatch play
20:48:46 <reification> couldn't quite win a game :(
20:53:03 <Zounds> aw
20:54:31 <Zounds> ah comp deathmatch might be fun but my soul is claimed atm
20:58:00 <reification> you could prob get top 500
20:58:21 <reification> it's under 3.1k atm...
21:01:00 <Zounds> tempting but if it's not grand anime adventure it's not for me right now
21:22:23 -!- Rawr|Fone [~AndChat52@c-4eb4e655.020-164-6d6c6d4.bbcust.telenor.se] has joined #tlponies
21:25:06 <Rawr|Fone> 🐴🐴🐴
21:43:51 -!- Rawr|Fone [~AndChat52@c-4eb4e655.020-164-6d6c6d4.bbcust.telenor.se] has joined #tlponies
21:45:02 <Runbunny> Henrik
21:47:41 <skram> Henrik
21:47:50 <DoT`> Henrik
21:51:16 <Runbunny> That hopefully set him straight.
21:51:22 <Runbunny> Thanks lads.
21:51:48 <skram> Anything for you, runbun pal.
22:02:17 <DoT`> runbun, does unemployment continue to be fun?
22:08:50 <Runbunny> Was it ever fun?
22:08:55 <Runbunny> I have a meeting tomorrow.
22:09:22 <Runbunny> at the job center, afterwards I have a meeting at the dentist.
22:09:31 <DoT`> job centers are the worst!
22:09:31 <Runbunny> So.
22:09:39 <DoT`> they will try get you a call centre job
22:09:39 <Runbunny> I am heading to bed.
22:09:47 <DoT`> gl <3
22:09:51 <skram> godnat andersdreng
22:09:51 <skram> <3
22:09:56 <Runbunny> Thanks <3
22:09:58 <Zounds> g'night Runbunny
22:18:26 -!- Rawr|Fone [~AndChat52@c-4eb4e655.020-164-6d6c6d4.bbcust.telenor.se] has joined #tlponies
22:18:28 <Rawr|Fone> Snela
22:18:43 -!- Cane [~Cane@CaneCraft.users.quakenet.org] has joined #tlponies
22:18:43 -!- mode/#tlponies [+o Cane] by Q
22:25:11 <DoT`> skarpning
22:25:59 <Rawr|Fone> The wifi here doesn't like andchat dot
22:26:13 <DoT`> why not rawr
22:26:32 <Rawr|Fone> I would like to find out
22:26:55 <Rawr|Fone> It's fine for everything else
22:29:55 <skram> Maybe you should buy a real computer and use mIRC instead
22:30:31 <Rawr|Fone> Never
22:41:45 <skram> well i tried
22:53:26 -!- Rawr|Fone [~AndChat52@c-4eb4e655.020-164-6d6c6d4.bbcust.telenor.se] has joined #tlponies
22:53:28 <Rawr|Fone> 😥😥😥
