00:00:31 <DuB`> Micen http://archive.evenews24.com/2012/03/14/the-great-contract-scam/comment-page-1/
00:02:05 <Dot`> ill look at it tomorow cam, have a look at its mechanics
00:04:55 <Dot`> skrm, you going to make dnd next week?
00:06:23 <Camail> DuB`  i was confused seeing kwark, then i saw the date
00:07:26 <DuB`> Haha
00:20:34 <DuB`> I can't tell if this DL is telling me 26 minutes or 26 hours Camail, but it's started :P
00:20:52 <Camail> lul
00:23:09 <DuB`> 26:00 somethings
00:28:53 <Dot`> days
00:29:58 <DuB`> Well unless 8ish minutes is 33% of 26 days now, I'm gonna guess it's minutes based on the progres bar
00:33:15 <Camail> DuB`  the loli character type isn't in their character art
00:33:17 <Camail> shocker
00:45:32 -!- Golly [Golly@cm-84.212.249.112.getinternet.no] has joined #tlponies
00:45:59 <Camail> DuB`  mine downloaded, wanna try it?
00:46:21 <Camail> no idea if it even has a social feature
01:00:22 -!- Rawr|Fone [~AndChat52@84-217-62-32.customers.ownit.se] has joined #tlponies
01:05:22 <Camail> hmmm
01:05:28 <Camail> nah i'm good
01:07:01 <Camail> the control scheme was pretty garbage, so i can't really play it
01:07:24 <Camail> .tellm
01:08:06 <Camail> .tellm Dot` dot, don't bother is guardians of ember, i tried it and it feels pretty garbo compared to literally any arpg
01:13:06 -!- Crisium [~Crisium@c-73-174-151-51.hsd1.pa.comcast.net] has joined #tlponies
01:37:16 -!- skrm [webchat@pioj.eid3.887x.ip] has joined #tlponies
01:43:33 -!- Rawr|Fone [~AndChat52@84-217-62-32.customers.ownit.se] has joined #tlponies
01:45:01 <skrm> hmm
01:50:15 <Crisium> hrm
01:54:38 <skrm> im gonna take my horse, cris
01:54:41 <skrm> down the old town road
02:01:43 <Bio> hotel room*
02:08:40 -!- Crisium|2 [~Crisium@104.194.218.181] has joined #tlponies
02:16:40 -!- Crisium [~Crisium@c-73-174-151-51.hsd1.pa.comcast.net] has joined #tlponies
02:17:22 -!- Rawr|Fone [~AndChat52@84-217-62-32.customers.ownit.se] has joined #tlponies
03:20:43 -!- Rawr|Fone [~AndChat52@84-217-62-32.customers.ownit.se] has joined #tlponies
04:25:37 <Crisium> https://gfycat.com/shockedyellowishdarwinsfox
05:21:18 -!- skram [~skram@109.236.83.63] has joined #tlponies
07:00:06 -!- Rawr|Fone [~AndChat52@84-217-62-32.customers.ownit.se] has joined #tlponies
08:03:08 -!- Dot` [Dot@90.209.64.71] has joined #tlponies
08:04:19 <Dot`> dddddddddddddddddddddddddddddddddddddddddddddddddddddddddddddddddddmorning
08:04:24 <Dot`> hmm
08:04:31 <Dot`> morning
08:18:28 -!- Golly [Golly@cm-84.212.249.112.getinternet.no] has joined #tlponies
08:27:06 <Rawr|Fone> DoT DoT DoT
08:33:31 -!- Runbunny [~Runbunny@91.100.28.10.generic-hostname.arrownet.dk] has joined #tlponies
08:33:46 <Runbunny> Hai
08:35:09 <Runbunny> Anyhoo I have to go vote.
08:38:29 <Dot`> Rawr Rawr Rawr
08:38:31 <Dot`> <3 <3 <3
08:38:34 <Dot`> Hey runbun!
08:38:36 <Rawr|Fone> 💖💖💖
08:38:45 <Rawr|Fone> Anders.
08:42:04 <Dot`> runbun, i heard hob got his no hit sikiro run 2 nights ago
08:44:16 <Dot`> also here you go angel https://imgur.com/gallery/2vpXY86
08:51:02 <Dot`> .tell skram https://imgur.com/gallery/Ig8CIry
09:17:21 <Runbunny> I return
09:17:29 <Runbunny> Voting has been done.
09:17:32 <Dot`> wb
09:18:03 <Runbunny> Thanks Dot.
09:18:14 <Runbunny> How is bakewell treating you?
09:22:35 -!- reification [~thomas@cpc76294-cosh16-2-0-cust297.6-1.cable.virginm.net] has joined #tlponies
09:22:36 -!- mode/#tlponies [+v reification] by Q
09:22:42 <Dot`> pretty good runbun
09:22:44 <Dot`> hey reif
09:22:48 <reification> hi dotties
09:22:56 <Runbunny> Hai Reif.
09:23:09 <reification> yes bun
09:41:55 -!- tredc [~tredc@c83-254-129-166.bredband.comhem.se] has joined #tlponies
10:17:39 -!- Micen|Droid_ [~Micen@ip-99-203-33-154.pools.spcsdns.net] has joined #tlponies
10:54:37 <reification> .tell skram https://twitter.com/miyari_s/status/1131811315305967616
10:57:32 -!- Rawr|Fone [~AndChat52@84-217-62-32.customers.ownit.se] has joined #tlponies
11:59:56 <reification> dot bio https://twitter.com/mirthismight/status/1131245824124555264
12:00:45 <reification> runbunny https://twitter.com/NekoSouth/status/1130673495237468160
12:02:47 <Dot`> haha
12:05:01 <reification> runbunny bio https://twitter.com/SexIsEvil/status/1131608071514419200
12:05:43 <reification> cr|42 https://twitter.com/41Strange/status/1131403481502273536
12:19:29 -!- Micen|Droid [~Micen@ip-99-203-32-230.pools.cgn.spcsdns.net] has joined #tlponies
12:20:22 <Micen|Droid> Hello
12:20:42 <Dot`> hi
12:21:27 -!- Phearlock [webchat@cloak-e3kb14bi.208.146.128.getinternet.no] has joined #tlponies
12:21:33 <Phearlock> pans
12:21:33 <Micen|Droid> Hi phear. 
12:21:35 <Dot`> hey phear
12:22:14 <Phearlock> Tfw you wake up and want to keep reading the cool story but then remember you finished it D=
12:22:26 <Micen|Droid> :(
12:22:33 <Micen|Droid> Find new stories. 
12:22:49 <Micen|Droid> Seek out new life, and new civilizations. 
12:23:14 <Phearlock> ye I read some chapters of a ponyfic and now I'll just play some darn videogames =P
12:26:32 <Micen|Droid> I've got no time for games today. 
12:28:06 <Micen|Droid> First BBQ of the year over here. 
12:28:12 <Micen|Droid> I should get the ribs on soon. 
12:59:18 <reification> double pie dinner was pretty good
13:16:04 <reification> !! https://www.reddit.com/r/CasualUK/comments/bszm2k/everything_about_this_is_sinister/
13:32:12 <Micen|Droid> Double pie? 
13:36:06 <reification> steak and kidney pie then cherry pie :D
13:41:18 <reification> chess with more rng: https://www.twitch.tv/chess
13:41:55 <Micen|Droid> That double pie sounds good Reif 
13:43:43 <reification> the butcher that makes the best pies is four hours drive away though, so i only get it when i visit my sister
13:49:06 <Micen|Droid> I haven't been to the local butcher in years. We get our meats from the store. :(
14:11:15 <Runbunny> Dot`, https://i.imgur.com/0HzDhbD.mp4
14:11:21 <Runbunny> Phearlock look at it as well.
14:19:13 <Dot`> runbun i linked oyu that ealrier
14:19:17 <Dot`> you even said thanks
14:21:13 <Runbunny> I missed that, I said thanks, since you said wb.
14:21:37 <Runbunny> You linked it while I was afk O:
14:22:45 <Runbunny> Have this instead then Dot. https://i.imgur.com/jkboTR9.mp4
14:29:48 <Dot`> ill accept thus
14:29:50 <Dot`> this
14:37:48 <Bio> gmorn
14:38:21 <Dot`> morn
14:40:05 <reification> bio
14:42:02 <Phearlock> awwwww nice panda runbun <3
14:46:25 <Bio> asdf
14:49:41 <Bio> today is the day i catch up on critrol
14:50:11 -!- Micen|Droid_ [~Micen@h188.24.16.98.dynamic.ip.windstream.net] has joined #tlponies
14:50:12 <Bio> only on ep 57
14:52:24 <Dot`> only 24 hours of content, but you had to be up at midnight to start, your behind already
14:52:38 <Bio> its ok, if i watch at 1.5x
14:53:11 <Dot`> and skip when bo speaks
14:54:52 <Bio> rofl
15:04:48 <reification> i'm not sure how i finish second in a 24 player head to head shootout poker tourney by winning one round...
15:05:08 <reification> thank you 888 poker for wonderful matchmaking
15:11:15 <Dot`> yay?
15:13:49 -!- Zounds [webchat@cloak-07ouvien.14-2.cable.virginm.net] has joined #tlponies
15:14:44 <Dot`> Zonds
15:21:40 <Zounds> hey
15:36:08 -!- Camail [~Camail@45.40.84.145] has joined #tlponies
15:36:08 -!- mode/#tlponies [+v Camail] by Q
15:36:58 <Runbunny> Hey Zounds and Camail.
15:39:52 -!- skram [~skram@109.236.83.63] has joined #tlponies
15:40:04 <Dot`> skram!
15:40:11 -!- skraam [~skram@46.46.200.39] has joined #tlponies
15:40:15 <Dot`> skraam
15:40:58 <Runbunny> Double Jonas action.
15:45:06 <skraam> all the way
15:45:07 <skraam> waow
15:46:01 <skraam> he ded :(
15:46:13 <Dot`> it was nice while it lasted
15:46:23 <Dot`> what you up to today mr skrammen
15:48:22 <skraam> im gonna have to go to work again
15:50:10 <Rawr|Fone> You should stop working so much jonas
15:50:59 <Dot`> i agree with rawr
15:51:28 <skraam> how else am i gonna get enough skrilla to sustain my lego addiction
15:53:19 <Dot`> become dubs butler
15:55:30 <skraam> im pretty sure thats more work than i've already got
16:16:10 <Bio> sell an organ or 2
16:37:33 -!- Rawr|Fone [~AndChat52@84-217-62-32.customers.ownit.se] has joined #tlponies
17:23:28 <Camail> Runbunny  my currency drops: 3c, 1 annul, 2 divine
17:23:33 <Camail> wtf are these drops
17:23:41 <Runbunny> :D
17:23:59 <Camail> gonna get an ex before i reach 10c, i sweart
17:24:08 <Runbunny> I am more or less done this event. So if you need something you can have it.
17:24:26 <Camail> eh, i'm good
17:24:27 <Runbunny> I guess you have been unlucky with harbringers.
17:24:38 <Camail> just wanna get through act 10 then i'm probably done
17:24:50 <Camail> never gonna get all 4 curses running but i'l do that some other char
17:25:16 <Runbunny> I mostly played for the challenges that I missed.
17:25:35 <Runbunny> Needed a few for the next reward.
17:26:18 -!- DuB` [DuB@65-130-49-94.slkc.qwest.net] has joined #tlponies
17:27:40 -!- Dot` [Dot@90.209.64.71] has joined #tlponies
17:28:12 <Dot`> pon
17:28:17 <Bio> neigh
17:43:05 -!- skrm [webchat@pioj.eid3.887x.ip] has joined #tlponies
17:44:19 <Dot`> skrm for a third time today!
17:44:25 <Dot`> isnt this great rawr
17:44:55 <skrm> are you sure about that
17:44:59 <skrm> how do you know im not the evil twin
17:45:38 <Dot`> you are the evil twin
17:45:52 <skrm> trick question
17:45:55 <skrm> we're both the evil twin
17:47:01 -!- Rawr|Fone [~AndChat52@84-217-62-32.customers.ownit.se] has joined #tlponies
17:48:33 <Rawr|Fone> Hors hors
17:49:25 <Dot`> rawr rawr
17:49:40 <Runbunny> Henrik my friend.
17:50:04 <Rawr|Fone> DoT DoT
17:50:07 <Rawr|Fone> Anders my dear
18:03:59 <Runbunny> Dot`, https://i.imgur.com/31NlBSF.mp4
18:07:51 <Camail> i'd need to do 2 more to get the pet
18:07:57 <Camail> but i honestly don't want it
18:08:12 <Zounds> nice reindeer centaur reif
18:08:14 <Zounds> just saw it
18:14:37 <Runbunny> skrm, watch FLCL
18:14:45 -!- carcinisation [~thomas@cpc76294-cosh16-2-0-cust297.6-1.cable.virginm.net] has joined #tlponies
18:14:45 -!- mode/#tlponies [+v carcinisation] by Q
18:18:19 -!- reification [~thomas@cpc76294-cosh16-2-0-cust297.6-1.cable.virginm.net] has joined #tlponies
18:18:19 -!- mode/#tlponies [+v reification] by Q
18:41:33 <Dot`> skrm
18:42:10 <Dot`> you never said they are sill making Panzer anime , 6 part film seires
18:42:20 <Dot`> this is good news
18:56:56 -!- Micen|Droid [~Micen@h188.24.16.98.dynamic.ip.windstream.net] has joined #tlponies
19:00:31 <Zounds> Micen|Droid: wanna play some ow dude?
19:17:40 <Micen|Droid> I always do zounds but I can't 
19:18:01 <Micen|Droid> A pc is currently unhooked and I'm doing the great American bbq
19:23:21 <Zounds> oh okay
19:38:26 <Dot`> Runbunny https://imgur.com/gallery/ZY2Dd56
19:39:05 <Runbunny> That is one small otter.
19:51:45 <skrm> Anders what is FLCL
19:52:22 <Micen|Droid> It's anime 
19:53:41 <Camail> it about penis envy
19:53:47 <skrm> perfect
19:54:23 -!- reification [~thomas@cpc76294-cosh16-2-0-cust297.6-1.cable.virginm.net] has joined #tlponies
19:54:24 -!- mode/#tlponies [+v reification] by Q
19:54:52 <reification> maybe my isp has stopped being garbage now... :/
20:03:30 -!- carcinisation [~thomas@cpc76294-cosh16-2-0-cust297.6-1.cable.virginm.net] has joined #tlponies
20:03:31 -!- mode/#tlponies [+v carcinisation] by Q
20:04:03 <carcinisation> guess not
20:14:08 <skrm> its getting released in june i think mr Dot` 
20:19:24 <skrm> Bio are you watching the world ice fight cup
20:19:47 <Bio> nein
20:19:56 <Bio> Icepuck NA is tomorrow
20:20:04 <Bio> and my favorite team is playing in it
20:20:10 <Bio> yey!
20:20:23 <Bio> also imma go get those meats we talked about the other day skmr
20:20:26 <Bio> brb
20:20:33 <skrm> finland is gonna spank the canadas
20:20:38 <skrm> oh nice
20:29:38 <Zounds> meats and bbqs
20:29:55 <Zounds> I wish I was in on some of this
20:34:19 <DuB`> Mmmm
20:34:27 <DuB`> Steaks and ribs this weekend, life is good
20:35:33 -!- Crisium [~Crisium@c-73-174-151-51.hsd1.pa.comcast.net] has joined #tlponies
20:36:45 <Zounds> I'll need to get some of my own
20:44:18 <Dot`> the second part skram, first one is out isnt it?
20:46:02 <Rawr|Fone> Skrm
20:57:08 <Dot`> well i didnt expect to see johannesburg used as a desciptor in an anime
20:58:34 <Zounds> Crisium lad
20:58:54 <Crisium> ahoy
20:59:07 <Zounds> want to do a bit of oberwatch
21:00:09 <Crisium> sure
21:01:02 <Zounds> noice
21:02:48 <Zounds> im online on EU
21:22:20 <Micen|Droid> Ill be good to go in like an hour and a half if you horses are still playomg
21:37:05 <Dot`> ok skrm, now im all caught up
21:54:06 <skrm> what are you all caught up in dot
21:54:10 <skrm> is it trouble
21:54:33 <Dot`> the Panzer Vor 
21:54:41 <skrm> o yah
21:54:46 <skrm> its pretty good yeah?
21:54:59 <Dot`> only 5 ep left and last one not out till 2024
21:55:06 <Dot`> why you do this to me
21:55:14 <skrm> haha
21:55:35 <skrm> well it means you can add another 5 years to the calendar at least
21:55:56 <Dot`> guess im back to having a ww2 tank obsession
21:56:39 <skrm> but this time
21:56:41 <skrm> they're cute
21:57:06 <Dot`> true
21:57:11 <skrm> did you see the lil CVs in pretend italy?
21:57:13 <skrm> totes adorbs
21:57:43 <DuB`> skrm i AM WORRIED
21:57:44 <Dot`> haha yea
21:57:47 <DuB`> caps
21:58:11 <skrm> whats got you worried, pal?
21:58:19 <DuB`> Well
21:58:29 <DuB`> I mean, among other things, you just said "totes adorbs"
21:59:12 <skrm> it is the proper word in this context
21:59:20 <Dot`> dub, at least its a step up form watchign tik tok compilations
22:00:00 <skrm> where else am i gonna get my memes
22:00:15 <Dot`> and also dub, have you watched Cute Tank Aime yet?
22:03:56 <skrm> he's busy with the animal cruelty one, no doubt
22:04:01 <Dot`> from memebase skram
22:05:09 -!- Micen|Droid_ [~Micen@ip-99-203-32-32.pools.cgn.spcsdns.net] has joined #tlponies
22:05:15 <skrm> memebase is for normies, dot
22:06:25 <Dot`> does it still exist? 
22:06:38 <Dot`> it was the cool place like 15 years ago skram
22:09:50 <Dot`> are you busy at work today skrm?
22:10:56 -!- reification [~thomas@cpc76294-cosh16-2-0-cust297.6-1.cable.virginm.net] has joined #tlponies
22:10:57 -!- mode/#tlponies [+v reification] by Q
22:11:20 <Dot`> reif, did you get any of those really good sausage rolls while up this way?
22:15:18 <reification> no, i got pork pie and sausages tho
22:15:33 <Dot`> sausages are good i guess
22:16:19 <reification> runbunny https://twitter.com/nanimachines/status/1132440150238044160
22:17:08 <reification> dot https://twitter.com/BuckCKong/status/1132037123001991168
22:17:47 <skrm> pretty busy, Dot` 
22:17:49 <Dot`> i dont know if its just a photoshop of a dog/bear/otter
22:17:51 <Dot`> or a real thing
22:18:01 <reification> also dub` https://twitter.com/Ratchet_fox/status/1132676004596670466
22:18:06 <skrm> we've stopped everything and we're doing the yearly maintenance thing
22:18:31 <Runbunny> Hehehe. Tenshi is pretty good as well.
22:19:06 <Runbunny> But ofc, none has anything on Reisen and Tewi.
22:19:06 <reification> dot it's real https://en.wikipedia.org/wiki/Bush_dog
22:19:44 <Dot`> its pretty cute
22:22:10 <reification> i know you must live up to your name runbun but don't forget nazrin
22:22:33 <Runbunny> There is a bunch of great 2hus
22:23:26 <Runbunny> Suwako for the memes. Such a good frog.
22:32:06 <Camail> curse builds are fun, runbun
22:32:30 <Camail> bane was fun to try out
22:32:35 <Camail> dunno what i want to do for legion
22:32:59 <Runbunny> I am gonna do bane for legion.
22:33:03 <Camail> worb is still so good, and i havent done elementalist
22:33:08 <Runbunny> Or rather that was my plan.
22:33:34 <Camail> i enjoyed it
22:33:49 <Runbunny> You could try a cold DoT build. 
22:34:01 <Runbunny> That was pretty strong in betrayal.
22:34:07 <Camail> nah, i don't want to do a dot build again
22:34:24 <Dot`> may i take offence?
22:34:32 <Camail> it was fun to figure out how to play around it but things don't die quite as fast as i want them to
22:34:40 <Camail> no, you may not
22:35:56 <Camail> doing a CI build looks fun, but expensive
22:37:38 <Runbunny> You could do a melee build, with the melee rework in legion.
22:38:15 <Camail> i am interested in that, yea
22:38:21 <Camail> i also am a big fan of shield charge
22:38:40 <Camail> but movement skills are getting reworked
22:44:23 <Runbunny> Camail are you watching Combobreaker?
22:44:35 -!- reification [~thomas@cpc76294-cosh16-2-0-cust297.6-1.cable.virginm.net] has joined #tlponies
22:44:36 -!- mode/#tlponies [+v reification] by Q
22:44:43 <Camail> yea, not atm cuz sf5 ended
22:44:50 <Camail> and dbfz is boring
22:46:06 <Runbunny> I have been watching a bit of tekken and I caught the end of Guilty gear.
22:49:03 <Camail> if i could do a 0 fucks given beefy tank cyclone build, that'd be nice
22:50:46 <Camail> but it depends on how armor is changed, really
22:52:10 <Runbunny> They change armor as well?
23:00:28 <Zounds> nn pon
23:17:54 <Camail> i heard that armor is getting a rework
23:18:09 <Camail> if it's gonna be a relevant state it seems like it needs one
23:18:27 <Camail> evasion and ES are literally all that matter, as far as i can tell
23:21:36 <Dot`> rude
23:39:01 <skrm> what a bitch, dot
23:39:54 <Dot`> ikr
23:40:43 <Dot`>  hows maintanace? are they making everything shiny?
23:43:50 <skrm> The danish lads are fixing the grate
23:44:04 <skrm> i fixed like 9 pumps and did some plumbing
23:45:29 <Dot`> did you wear your high vis?
23:46:44 <skrm> obviously
23:46:46 <skrm> helmet too
23:46:54 <Dot`> great
23:47:27 <skrm> Theres a whole person who's job is to yell at people to wear their PPE this year
23:47:44 <skrm> career goals tbh
23:47:54 <skrm> i love yelling
23:48:01 <Dot`> you should appky for that
23:48:40 <Dot`> i want to hear norwegion shouting, it must be adorable
23:49:52 <skrm> how dare you
23:50:14 <Camail> probably squeaky 
23:50:23 <Camail> with some yipping for punctuation
23:51:03 <Dot`> i just imagine its very simler to swedish chef
23:53:46 <Camail> they are basically the same people
