00:07:46 <Dot`> time to go
00:07:49 <Dot`> later all
00:08:17 <skram> take care pal
00:08:26 <skram> remember the ground strap so you dont fall off the earth
00:56:05 <DuB`> Phew
00:56:09 <DuB`> Keyboard dried out :P
01:11:15 <skram> we thought you had a stroke, DuB`
01:22:30 <DuB`> I tried to say that interest rates were dark magic
01:22:50 <DuB`> But I was cursed by banker warlocks wielding even darker powers
01:32:02 <Camail> did you spill something on your keyboard
01:37:24 <DuB`> Just a liiiitle
01:54:00 -!- Dot` [webchat@9uoy.r1nm.k299.ip] has joined #tlponies
01:54:06 <Dot`> horse horse
01:54:18 <skram> did you fall off?
01:54:31 <Dot`> not yet
01:55:04 <skram> phew
01:58:08 <Dot`> how you skram, you up late
02:00:38 -!- Rawr|Fone [~AndChat52@c-4eb4e655.020-164-6d6c6d4.bbcust.telenor.se] has joined #tlponies
02:07:39 <skram> meh im just sittin here
02:09:18 <DuB`> My favorite pastime
02:11:34 <skram> im looking forward to winter
02:11:54 <skram> that way i wont have to go to bed with the sunrise
02:12:18 <DuB`> I would be excited for winter but I dunno how good my heater is gonna be 
02:12:36 <skram> blankets are cheap
02:12:40 <skram> and cozy
02:15:13 <DuB`> I got $100 to spend on on company merch 
02:15:25 <DuB`> So far I've ordered 4 mugs for hot cocoa I guess
02:15:37 <skram> company merch..??
02:15:43 <DuB`> Just branded random stuff
02:15:51 <skram> thats so weird
02:15:56 <DuB`> Also an umbrella cause I don have one
02:16:29 <DuB`> I could've gotten 50 bags of lil gummy bears with the company logo on them :P
02:16:44 <Camail> word of mouth is the easiest kind of advertisement if you make good hoodies for your employees
02:16:58 <Camail> walking billboards
02:17:18 <DuB`> Joke's on them I'mma sip from my mug riiiiight here
02:17:23 <skram> I dont think i'd want anything with the company logo on it outside of work honestly
02:18:12 <Camail> eh, if it's a small logo and a legit coat or something, i wouldn't mind
02:18:31 <Camail> it let's you not wear a collared shirt but still look like you work somewhere
02:19:13 <DuB`> Nice lil logo https://preview.thenewsmarket.com/Previews/PWC/StillAssets/196567_v2.jpg
02:19:21 <Camail> pvvc
02:19:36 <DuB`> I surely don't care if that's up on top of my umbrella somewhere
02:19:47 <Camail> gasp
02:19:54 <Camail> you work for a british company
02:19:57 <Camail> how could you
02:20:08 <Camail> i thought you were A PATRIOT
02:20:17 <DuB`> Akshually
02:20:50 <DuB`> Companies in this industry are so tightly regulated that the branch in each country is completely independent
02:21:08 <Camail> that's what benedict arnold said
02:21:11 <DuB`> So my company is 100% usa legally/owned etc
02:21:21 <Camail> RIGHT before he killed lincoln
02:21:24 <DuB`> Haha
02:21:25 <Camail> ya commie
02:22:55 <skram> I have a jacket with they Hydro logo on it (where I used to work) that I sometimes wear, and they're apparently destroying brazil these days
02:22:56 <skram> good times
02:24:55 <DuB`> Oops
03:20:29 -!- Rawr|Fone [~AndChat52@c-4eb4e655.020-164-6d6c6d4.bbcust.telenor.se] has joined #tlponies
03:21:38 <Camail> zzz
05:18:54 -!- Rawr|Fone [~AndChat52@c-4eb4e655.020-164-6d6c6d4.bbcust.telenor.se] has joined #tlponies
05:26:51 -!- Rawr|Fone [~AndChat52@c-4eb4e655.020-164-6d6c6d4.bbcust.telenor.se] has joined #tlponies
06:55:15 -!- Runbunny [~Runbunny@91.100.28.10.generic-hostname.arrownet.dk] has joined #tlponies
07:01:07 <Dot`> Runbun!
07:01:09 <Dot`> so early
07:08:37 -!- Rawr|Fone [~AndChat52@c-4eb4e655.020-164-6d6c6d4.bbcust.telenor.se] has joined #tlponies
07:35:53 <Dot`> .tell bio https://i.imgur.com/PxOFPYX.png
07:43:01 -!- Rawr|Fone [~AndChat52@c-4eb4e655.020-164-6d6c6d4.bbcust.telenor.se] has joined #tlponies
07:48:47 <Dot`> .tell skram https://imgur.com/gallery/ozgE1SA
07:48:49 <Dot`> look runbun
07:59:13 -!- Golly [Golly@cm-84.212.249.112.getinternet.no] has joined #tlponies
08:00:54 -!- Rawr|Fone [~AndChat52@c-4eb4e655.020-164-6d6c6d4.bbcust.telenor.se] has joined #tlponies
08:10:21 <Dot`> Rawr Rawr Rawr
08:10:53 <Rawr|Fone> DoT` DoT` DoT`
08:11:07 <Rawr|Fone> ❤❤❤
08:14:07 <Dot`> <3 <3 <3
08:34:01 <Dot`> .tell skram https://i.imgur.com/ouff6eH.jpg
08:51:56 -!- Rawr|Fone [~AndChat52@c-4eb4e655.020-164-6d6c6d4.bbcust.telenor.se] has joined #tlponies
08:52:00 <Rawr|Fone> 😥😥
08:52:18 -!- reification [~thomas@cpc76294-cosh16-2-0-cust297.6-1.cable.virginm.net] has joined #tlponies
08:52:18 -!- mode/#tlponies [+v reification] by Q
09:13:51 -!- Zounds [webchat@cloak-07ouvien.14-2.cable.virginm.net] has joined #tlponies
09:14:08 <Zounds> pon
09:19:13 <Dot`> hey zounds
09:19:16 <Dot`> whats wrong rawr
09:19:30 <Rawr|Fone> My internet
09:19:37 <Dot`> :/
09:19:38 <Rawr|Fone> Can you fix it
09:20:03 <Dot`> ill try
09:20:16 -!- tredc [~tredc@c83-254-129-166.bredband.comhem.se] has joined #tlponies
10:06:17 <Rawr|Fone> 🐴
10:38:24 <Dot`> im tired rawr
10:38:41 -!- Rawr|Fone [~AndChat52@c-4eb4e655.020-164-6d6c6d4.bbcust.telenor.se] has joined #tlponies
10:52:18 -!- Micen_ [~Micen@h240.50.91.75.dynamic.ip.windstream.net] has joined #tlponies
10:54:24 <Dot`> .tell skram GET HYPE https://www.reddit.com/r/dwarffortress/comments/cc2r3d/the_fourth_annual_rdwarffortress_gladiator/
10:57:02 -!- carcinisation [~thomas@cpc76294-cosh16-2-0-cust297.6-1.cable.virginm.net] has joined #tlponies
10:57:02 -!- mode/#tlponies [+v carcinisation] by Q
10:57:38 <Dot`> hey reif
11:00:39 -!- Micen [~Micen@h240.50.91.75.dynamic.ip.windstream.net] has joined #tlponies
11:11:42 -!- reification [~thomas@cpc76294-cosh16-2-0-cust297.6-1.cable.virginm.net] has joined #tlponies
11:11:42 -!- mode/#tlponies [+v reification] by Q
11:13:30 <Dot`> reef
11:33:20 <reification> dot
11:42:47 <reification> .tell zounds https://pbs.twimg.com/media/D_SkAFEUcAEK7H5.jpg https://twitter.com/Moomuns/status/1146235982754140161
11:42:54 <reification> runbunny ^
11:48:22 <Dot`> .tell skram https://i.imgur.com/3JWlV2r.jpg
12:00:34 -!- skram [~skram@190.2.149.60] has joined #tlponies
12:03:10 <Dot`> Jonas friend <3
12:09:56 <skram> ah, dot pal
12:10:00 <skram> hey bud
12:12:12 -!- Cane [~Cane@CaneCraft.users.quakenet.org] has joined #tlponies
12:12:13 -!- mode/#tlponies [+o Cane] by Q
12:12:24 <skram> what did you do today bjørn
12:21:00 <Dot`> went to a craft market, and otherwise relaxed
12:21:18 <Dot`> tomrow is a farmers market and then some other stuff i dont know what yet though
12:26:46 <skram> right
12:26:49 <skram> you should buy some farmers
12:27:09 <Dot`> trouble gettign them in luggage home
12:36:23 -!- Rawr|Fone [~AndChat52@c-4eb4e655.020-164-6d6c6d4.bbcust.telenor.se] has joined #tlponies
12:48:19 -!- carcinisation [~thomas@cpc76294-cosh16-2-0-cust297.6-1.cable.virginm.net] has joined #tlponies
12:48:19 -!- mode/#tlponies [+v carcinisation] by Q
13:24:27 <Bio> gmornhors
13:39:07 <Runbunny> Hai Bio.
13:50:06 <Bio> ser bun
13:57:14 <reification> runbun https://twitter.com/hanamichai/status/1149666342481670144
14:01:04 -!- Rawr|Fone [~AndChat52@c-4eb4e655.020-164-6d6c6d4.bbcust.telenor.se] has joined #tlponies
14:09:25 -!- skram [~skram@190.2.149.60] has joined #tlponies
14:09:33 <Micen> yay. I think i just about have windows reinstalled
14:10:20 <skram> but micen how can you internet if you no have windows??
14:11:08 <Micen> i mean programs. i did the windows reinstall last night
14:11:32 <skram> oh i see
14:11:38 <Micen> the windows reinstall was like an hour last night 
14:12:41 <Micen> had like 2 years of bloat that is gone. 
14:12:47 <reification> wb micen
14:14:08 <skram> you've become speed now, micen
14:14:34 <Micen> its me
14:14:43 <Micen> https://images.immediate.co.uk/production/volatile/sites/3/2019/05/Screen-Shot-2019-05-03-at-09.56.25-d8b8a97.png?quality=45&resize=620,413
14:14:53 <Micen> i am speed
14:18:11 <skram> oh no
14:18:12 <skram> micen
14:18:14 <skram> what happened
14:18:30 <Micen> its i sanik 
14:18:59 <skram> ill pray 4 u
14:35:18 -!- Rawr|Fone [~AndChat52@c-4eb4e655.020-164-6d6c6d4.bbcust.telenor.se] has joined #tlponies
15:04:04 -!- Rawr|Fone [~AndChat52@c-4eb4e655.020-164-6d6c6d4.bbcust.telenor.se] has joined #tlponies
15:04:42 <Rawr|Fone> Jonas
15:04:43 <Rawr|Fone> Snela
15:04:44 <Rawr|Fone> Fix
15:04:56 <skram> hmm alright
15:04:59 <skram> ill be there seen
15:09:38 <Rawr|Fone> Good
15:47:17 <Rawr|Fone> 🐴
15:48:08 -!- DuB` [DuB@cpe-68-174-122-249.nyc.res.rr.com] has joined #tlponies
15:49:48 <DuB`> Hmm good morn
15:51:53 -!- Rawr|Phone [~AndChat52@m83-185-90-197.cust.tele2.se] has joined #tlponies
15:58:09 -!- Rawr|Fone [~AndChat52@c-4eb4e655.020-164-6d6c6d4.bbcust.telenor.se] has joined #tlponies
15:58:14 <Rawr|Fone> Hallo DuB`
16:02:55 <DuB`> Rawr how are ya my boy
16:03:09 <Rawr|Fone> Very gooooood!
16:03:18 <Rawr|Fone> How are you doing in the big city
16:06:30 <DuB`> Perfec
16:29:57 <Dot`> Hello Horses
16:30:12 <reification> hello dotties
16:30:16 <DuB`> Dot!
16:30:56 <Dot`> hows all
16:31:13 <DuB`> Chillin
16:36:35 <Dot`> good dub
16:45:59 <Rawr|Fone> DoT`
16:48:48 <Dot`> Rawr
16:49:27 <Rawr|Fone> Good evening my dear friend
16:50:50 <Dot`> good morning rawr dear
16:54:57 <Runbunny> ugh
16:55:00 <Runbunny> I am melting.
16:55:04 <Runbunny> It's too hot.
16:57:22 <DuB`> Speaking of hot'
16:57:27 <DuB`> I think it's essercise time
16:59:59 -!- Camail [~Camail@45.40.84.145] has joined #tlponies
16:59:59 -!- mode/#tlponies [+v Camail] by Q
17:13:27 <Dot`> cam
17:13:33 <Camail> dot
17:19:36 <Rawr|Fone> Ciamal
17:19:47 <Camail> roar
17:20:06 <Rawr|Fone> Good evening
17:34:47 -!- Rawr|Phone [~AndChat52@m83-185-92-227.cust.tele2.se] has joined #tlponies
18:35:19 -!- Rawr|Fone [~AndChat52@c-4eb4e655.020-164-6d6c6d4.bbcust.telenor.se] has joined #tlponies
18:42:54 <DuB`> BTS doto stream has a ubereats coupon code which is tempting me...
18:43:32 <DuB`> Could have some solid food for like $10 and just sit here hmmmm
18:50:17 <DuB`> Cane Dot` https://imgur.com/gallery/DOQMdwd
18:50:46 <Cane> Ooooo.
18:50:47 <Cane> Want.
18:57:35 <Camail> Cane  alterations are going for 1/4 chaos right now
18:57:38 <Camail> that's nuts
19:00:59 -!- Phearlock [webchat@cloak-8w00owjr.208.129.136.getinternet.no] has joined #tlponies
19:01:11 <Phearlock> evening ponypons
19:01:23 -!- Micen [~Micen@h240.50.91.75.dynamic.ip.windstream.net] has joined #tlponies
19:06:43 <motbob> that ubereats coupon is sick
19:06:56 <motbob> especially if it covers more than the delivery fee
19:07:08 <motbob> unfortunately, where I live, the delivery fee is always $5, so meh
19:07:43 <motbob> they don't put the most value items on the ubereats menu so it's just better to drive out yourself and order
19:12:07 <DuB`> $3 delivery fee for most things here, so it takes care of that and the service fee and a lil, pretty good
19:14:56 -!- Micen [~Micen@h240.50.91.75.dynamic.ip.windstream.net] has joined #tlponies
19:27:01 <Runbunny> $3 seems pretty cheap for delivery. 
19:27:30 <Runbunny> Here it's like 5-7, for "cheap" places. 
19:38:57 <Rawr|Fone> That's quite a lot anders
19:43:12 <Runbunny> Some places it's like 10-20 dollars.
19:45:42 <Cane> Camail, yeah it's pretty crazy.
20:11:05 <Camail> Runbunny  i've vaaled so many jewels this league
20:11:21 <Camail> and i've got like 4 corrupted bloods
20:11:42 <Camail> this implicit is so elusive...
20:11:44 <Runbunny> Vaal everything.
20:12:19 <Camail> i'm vaaling a lot
20:12:22 <Camail> legion drops so many
20:30:13 <reification> .tell skram https://pbs.twimg.com/media/D_X2-BpUwAAa0of.jpg
20:42:13 <Bio> ya yeet
20:50:42 <reification> dub https://twitter.com/itsnaturepixs/status/1149878601031933954
20:50:52 <DuB`> O boi
20:57:29 <Dot`> Morning
20:59:27 <DuB`> Dot! <3
21:04:04 <Dot`> Dab <3
21:06:08 <Rawr|Fone> DoT DoT DoT
21:06:31 <Dot`> Rawr Rawr Rawr
21:06:33 <Dot`> <3 <3 <3
21:06:38 <Rawr|Fone> ❤❤❤
21:10:20 <Dot`> hows all doing
21:10:41 <Rawr|Fone> It's bedtime dot
21:12:50 <Camail> oh snap, i got an imprint beast
21:13:16 <Dot`> Fancy cam
21:13:20 <Dot`> you should sleep rawr
21:13:48 <Camail> dot if you wanted to play poe again i have a decent 400es 6link
21:13:53 <Rawr|Fone> Soon dot
21:19:00 <Dot`> nice cam, will be at least 2 more weeks till i play though
21:19:15 <Camail> well, it probably wont sell, so it'll be waiting
21:23:52 <Dot`> Bio https://www.derpibooru.org/2081624
21:24:51 <Bio> a good purple indeed
21:48:20 -!- skram [~skram@109.236.87.235] has joined #tlponies
21:48:38 <skram> Pals.
21:48:46 <reification> skramannen
21:49:36 <skram> reifgutten
21:50:25 <skram> hm,
21:50:59 <Dot`> Jonas friend <3
21:53:55 -!- skraam [~skram@212.8.252.205] has joined #tlponies
21:59:39 -!- Crisium [~Crisium@c-73-174-151-51.hsd1.pa.comcast.net] has joined #tlponies
22:01:01 <Dot`> skrm pls
22:01:03 <Dot`> hey Crisium 
22:01:09 <skraam> :(
22:01:43 <DuB`> Ah poo
22:01:49 <DuB`> I don't own any chopsticks!
22:02:09 <skraam> just use your hands
22:02:39 <Dot`> use 2 sticks
22:02:41 <DuB`> I got food delivered to my door thanks to DOTA but now I can't eat it right
22:02:42 <Dot`> skram https://imgur.com/gallery/xJoAJ5L
22:02:49 <DuB`> Dot sticks come from nature
22:03:07 <DuB`> I'd have to go all the way over to central park to find any o that!
22:03:22 <skraam> im like 96% certain there are no foods that can be eaten with chopsticks but not knife/fork
22:03:51 <DuB`> It's not about ability
22:03:53 <DuB`> But principle
22:04:05 <skraam> u weeb
22:04:33 <DuB`> u hypocrite
22:06:12 <DuB`> skraam can you tell these doto teams to stop being cowards and play visage?
22:06:15 <DuB`> I need it
22:06:23 <skraam> visage is a snoozefest
22:06:36 <skraam> just tell em to play wrath of the morokai
22:06:39 <skraam> the only game mode that matters
22:07:23 <DuB`> You mean solo medium bots
22:08:05 <skraam> i worry about you, dub
22:11:15 <skraam> oh wow
22:11:27 <skraam> ixmike is playing dota!
22:11:37 <DuB`> ya
22:11:52 <DuB`> The stacheboi himselfs
22:12:32 <skraam> lovely
22:14:47 <DuB`> Only 1 TI slot per region quals though, so not looking good...
22:21:00 <DuB`> Ah, not elim match yet so that's ok
22:57:58 -!- Bio [~BioPon@97.70.165.146] has joined #tlponies
23:02:42 -!- Dot` [webchat@9uoy.r1nm.k299.ip] has joined #tlponies
23:16:02 <skraam> hey DuB` you found any good bloops lately
23:21:16 <reification> skram thread for your isekai list https://twitter.com/Merryweatherey/status/1149566139338412032
23:23:01 <skraam> this is actually perfect
23:23:54 <skraam> though i did already read the one where the guy turns into a sword and the one with the guys mom dual wields
23:34:28 <reification> we need dub to write the tax one
23:35:36 <skraam> I Got Reincarnated In A Medieval World And I Saved The Kingdom By Doing The Taxes Really Well
23:47:01 <Dot`> al capone style
23:55:19 <reification> night all
23:55:35 <skraam> gnight reif pal
23:55:36 <skraam> Dot`
23:59:54 <Dot`> Gnight reif
23:59:56 <Dot`> skram
