00:00:38 <reification> night all
00:01:07 <Bio> nnnnnn
00:10:16 -!- BioPone [~androirc@mobile-166-176-249-248.mycingular.net] has joined #tlponies
00:37:32 <DuB`> Friday pizza get
00:39:57 <skram> friday pizza give
00:41:13 <skram> pls im a just a poor boy :(
00:41:14 <DuB`> Went to an apparently-famous pizza place that the real estate person got excited about when we were walking around here last time
00:41:31 <skram> did you see any italians
00:41:44 <DuB`> I unno
00:42:12 <DuB`> Also got another book weee
00:42:35 <skram> whats this one about
00:42:36 <skram> butts?
00:43:01 <DuB`> Who knows
00:43:04 <DuB`> I haven't read it yet!
00:43:15 <skram> whats the title, then :P
00:43:26 <DuB`> Also got one about underworld thiefy things in a rennaisance italy -inspired world
00:43:38 <DuB`> Book 2 of the name of the wind thing which I already finished
00:43:42 <skram> so assassins creed: the book
00:44:02 <DuB`> I think not
00:44:22 <DuB`> https://en.wikipedia.org/wiki/The_Lies_of_Locke_Lamora
00:44:28 <DuB`> Medieval, not rennaisance then
00:44:42 <DuB`> Oh my gootness this pizza is really somethin
00:45:21 <skram> ooh
00:45:28 <skram> im gonna put that on my LIST
00:45:55 <DuB`> Yeah I just thought it looked nice, hadn't heard about it beforehand or anything
00:46:36 <DuB`> Oh no, there are 3 books out of 7 in the series done
00:46:37 <DuB`> Oops
00:47:12 <skram> did you read the aeronauts windlass yet though
00:47:18 <DuB`> No
00:47:30 <skram> Next time then
00:47:46 <skram> Its probably one of my favorite books honestly
00:47:56 <Bio> skrm come to me
00:47:59 <Bio> i'll give u pizz
00:48:03 <Bio> pizza
00:48:42 <DuB`> Is this steampunk
00:48:48 <DuB`> I honestly don't love steampunk
00:50:10 <skram> It is, but its a bit subdued
00:50:20 <skram> its not all arrgh i love steam engines hnnngg
00:50:27 <DuB`> Haha
00:50:30 <skram> but theres a cat that talks which is neat
00:50:36 <DuB`> Is everything brass and wood though
00:50:40 <skram> Bio, I will be right the frick over
00:50:51 <skram> I guess?
00:50:57 <DuB`> :P
00:51:24 <skram> I mean, in other steampunk novels ive read its a quarter page to describe how lovingly polished this brass whatever is with rain forest wood inlayed yada yada yada
00:51:26 <skram> its not like that
00:51:36 <skram> (even though i frickin love steampunk)
00:51:49 <DuB`> oke oke
00:51:54 <skram> (and steam engines)
00:51:56 <skram> :D
00:58:10 -!- BioPone [~androirc@97.70.165.146] has joined #tlponies
01:03:27 <DuB`> aaaaa
01:03:48 <DuB`> This pizza is just burn-y enough of the bottom for perfect crispyness and sorta toasted marshmellow taste and so gooood
01:06:41 <skram> you're gonna make me jealous, dubster
01:06:43 <skram> :((((((((
01:10:55 <DuB`> Well remind me to take you to williamsburg pizza when you visit manehattan
01:11:17 <skram> thanks buddy
01:17:22 <Bio> pst, sksrm, new york is the butts
01:17:44 <Bio> come to michigan, its still butts, but we've got lakes n shit
01:18:19 <skram> ah shit thats all you had to say
01:18:40 <skram> gonna do me a dip at the lake
01:18:52 <Bio> lakes so good, they call them great
01:18:52 <skram> maybe bask in some mofuggin SUNLIGHT
01:19:03 <skram> a ma a z ing
01:19:12 <Bio> dude its like 930 and its still sun out
01:19:22 <Bio> throwing me the F U C K off
01:19:37 <skram> fuck that shit, winter come 2 me
01:19:43 <Bio> tru
01:19:53 <Bio> i hate paying air conditioning
01:19:55 <skram> its a bit past 3 here so the suns about to rise
01:20:09 <DuB`> Who needs lake when you have OCEAN
01:20:16 <skram> you filthy burgeoise
01:20:16 <Bio> where as in winter i can put on M O R E C L O T H E S
01:20:21 <DuB`> And also lake
01:20:36 <Bio> great lake is so big its basically ocean
01:21:00 <skram> but which one is the superior one
01:21:14 <Bio> hrm
01:21:22 <Bio> i'd have to go with Michigan
01:21:24 <DuB`> Well NY has erie and ontario
01:21:27 <Bio> cause its named after the state
01:21:42 <Bio> not where u are!
01:21:43 <skram> ontario is in canada silly
01:21:54 <DuB`> pshh
01:22:41 <skram> where in the michigans do you live bio
01:22:44 <skram> or was it the ill noise
01:22:53 <Bio> i used to live ill noise
01:23:03 <skram> right
01:23:04 <Bio> but i left cause that state is trashgarbage
01:23:18 <Bio> also they wouldn't employme
01:23:23 <skram> dicks
01:23:30 <Bio> very
01:24:00 <skram> lots of famous places in michigan tho
01:24:01 <skram> or
01:24:04 <skram> places ive heard of
01:24:06 <skram> is more correct
01:24:51 <skram> the best band in the entire world is from there, bio
01:24:54 <skram> VULFPECK
01:25:15 <Bio> how does a vulf peck tho
01:25:22 <skram> with its MOUF
01:25:27 <Bio> i live in a town called novi
01:26:53 <skram> thats almost in detroit, bio
01:27:11 <skram> isnt detroit vv scary place
01:27:24 <Bio> eh, its about the same as stl
01:27:42 <Bio> this town seems nice, they haven't tried to kill me once
01:27:47 <skram> what a treat
01:28:36 <skram> all i have to contend with is murderous moose and hateful seagulls
03:04:19 <DuB`> skram r u wake
03:06:33 -!- Cane [~Cane@CaneCraft.users.quakenet.org] has joined #tlponies
03:06:34 -!- mode/#tlponies [+o Cane] by Q
03:10:44 <skram> im reading comics DuB`
03:10:46 <skram> important work
03:10:50 <skram> this one is about WEEB CHESS.
03:11:23 <DuB`> At this hour
03:11:24 <DuB`> tsk tsk
03:12:47 <DuB`> Is it... saki or the ayumu one?
03:13:29 <skram> I dont know what those things are
03:13:43 <DuB`> Guess not then
03:13:50 <skram> Its about shogi and honestly its kinda miserable
03:13:54 <DuB`> Those are the only shogi ones I know
03:14:27 <skram> its called 3 gatsu no lion
03:15:12 <skram> or as its called in english, sad boy plays weeb chess while wallowing in self pity
03:15:15 <skram> (probably)
03:15:29 <DuB`> I see I see
06:32:02 -!- DoT` [~Dot@2.123.160.101] has joined #tlponies
06:32:40 <DoT`> morning
06:40:40 <DoT`> .tell skram https://imgur.com/gallery/XPJBLB5
06:43:30 <DuB`> Morn dot
06:43:39 <DoT`> dubs
06:43:42 <DoT`> you finish the book?
06:46:20 <DuB`> Yeah went and got the 2nd
06:46:29 <DuB`> But started on the other book I got earlier
06:47:05 <DoT`> what other book?
06:49:58 <DoT`> .tell phearlock https://imgur.com/gallery/2voPyDW
06:50:09 <DuB`> Um
06:50:13 <DuB`> The Lies of Locke Lamora
06:50:25 <DoT`> i never finished the third book :/
06:51:21 <DoT`> they where good books, just overhyped so i went in expecting a lot more
07:17:47 <DuB`> I hadn't even heard about it, just read the back in the store and seemed nice :P
07:20:15 <Cane> DoT`, https://i.redd.it/vs96nxrzzi831.jpg
07:31:22 <DoT`> fishing mod for stalker when
07:38:59 -!- Runbunny [~Runbunny@91.100.28.10.generic-hostname.arrownet.dk] has joined #tlponies
07:39:38 <DoT`> RUNBUN
07:41:53 <Runbunny> I am here.
07:41:59 <Runbunny> kinda.
07:42:07 <DoT`> great
08:08:09 <DuB`> Whoops 4am
08:08:33 <DoT`> gj
08:08:40 <DuB`> When did that happen
08:08:56 <DoT`> dub, when you start work?
08:09:04 <DuB`> 11th
08:09:30 <DoT`> you excited?
08:09:54 <DuB`> Hmmmm yes
08:10:06 <DuB`> If it weren't for the CPA stuff I'd be really excited, but as is...
08:10:12 <DoT`> aww
08:10:18 <DuB`> Just gonna be yuck busy with like 2-4 hours study after work every day etc
08:10:33 <DuB`> This first year may be rough lol
08:11:03 <DoT`> they normaly are in jobs
08:11:18 <DoT`> well first 2-6 months
08:12:52 <DuB`> Will hopefully have cpa done before next spring
08:13:13 <DuB`> If I pass each section 1st try and don't take too long to study
08:13:18 <DuB`> Anyway, zzz
08:13:26 <DoT`> gnight
08:41:29 -!- tredc [~tredc@c83-254-129-166.bredband.comhem.se] has joined #tlponies
08:59:36 <DoT`> .tell skram https://imgur.com/gallery/M0tRZzk
08:59:43 <DoT`> look runbun
09:06:09 <Runbunny> what lustrous mane.
09:16:05 -!- reification [~thomas@cpc76294-cosh16-2-0-cust297.6-1.cable.virginm.net] has joined #tlponies
09:16:05 -!- mode/#tlponies [+v reification] by Q
09:17:39 <DoT`> Its reef!
09:22:17 -!- Golly [Golly@cm-84.212.249.112.getinternet.no] has joined #tlponies
09:26:24 <reification> hello dotties
09:26:44 <reification> .tell skram https://twitter.com/TsukiZuramaru/status/1090675286092455940
09:26:48 <reification> runbun ^
09:27:48 <reification> something a bit different about this monika https://twitter.com/TsukiZuramaru/status/1092571429923631105
09:56:00 <Runbunny> Raphtalia is pretty good.
10:30:16 <reification> runbun https://twitter.com/nekomaids/status/1145081377748062210
10:32:06 <reification> also https://pbs.twimg.com/media/D-U2KAHX4AciTpo.jpg
10:45:06 <Runbunny> Evangelion is great.
10:45:38 <Runbunny> It's the most important anime and no one understand it.
11:08:24 <reification> .tell skram https://twitter.com/EmrgencyKittens/status/1144410589588000768
11:12:07 <reification> runbun https://pbs.twimg.com/media/D92-GmOWsAE4Hgk.jpg:large
11:27:56 <reification> bio https://twitter.com/VRSJMS/status/1145462319046111233
11:44:23 <DoT`> pons
11:44:54 <reification> dot
11:45:10 <DoT`> i went into town, didnt get cheese though :(
11:48:54 <reification> what a terrible mistake
11:50:06 <reification> .tell dub` https://www.reddit.com/r/CasualUK/comments/c9ryam/guy_came_into_work_the_other_day_all_casual_with/
11:51:08 <DoT`> daaww
12:08:17 <reification> .r clam https://pbs.twimg.com/media/D99PeabVUAAsWBX.jpg
12:48:36 -!- carcinisation [~thomas@cpc76294-cosh16-2-0-cust297.6-1.cable.virginm.net] has joined #tlponies
12:48:36 -!- mode/#tlponies [+v carcinisation] by Q
13:05:04 <Cane> .tell Zounds Reaper dream is pretty real with the new Reaper. Kind of.
14:01:31 <reification> dot https://steamcommunity.com/sharedfiles/filedetails/?id=1794046566
14:22:52 -!- skram [~skram@134.19.189.86] has joined #tlponies
14:27:02 -!- skraam [~skram@194.32.146.38] has joined #tlponies
14:27:36 <reification> hello skrams
14:27:55 <DoT`> Jonas Friend <3
14:28:21 <DoT`> cast iron pan is best weapon
14:28:24 <DoT`> and defence
14:29:31 <skraam> hey frens
14:30:08 <skraam> howw you bean
14:30:50 <DoT`> good
14:30:55 <DoT`> what you been up to today
14:31:01 <skraam> sleeping
14:31:07 <DoT`> lazy
14:31:10 <DoT`> sounds nice
14:36:01 <skraam> its true
14:36:03 <DoT`> where you up late being a degenerate?
14:36:04 <skraam> i am pretty lazy
14:36:10 <skraam> of course not
14:48:25 <DoT`> i want to trust you skram
15:15:39 <DoT`> skram https://imgur.com/gallery/zuobKch
15:15:43 <DoT`> runbun
15:15:48 <DoT`> reif
15:20:59 <Bio> tfw i wake up at nine and look at memes in bed for another 2h
15:21:40 <reification> :O
15:50:25 <reification> https://i.redd.it/pzbk5slcfo831.jpg
15:55:03 <DoT`> cheetas are very silly critters
15:56:41 <Runbunny> Cheetas are critters?
15:57:18 <DoT`> probably
15:59:26 -!- Camail [~Camail@45.40.84.145] has joined #tlponies
15:59:27 -!- mode/#tlponies [+v Camail] by Q
16:06:24 <Runbunny> Hey Camail.
16:06:29 <Camail> hullo
16:38:41 <DoT`> hedge cam
16:38:53 <Camail> bush, dot
16:56:54 -!- Phearlock [webchat@cloak-e3kb14bi.208.146.128.getinternet.no] has joined #tlponies
16:57:02 <DoT`> Phear <3
16:57:09 <Phearlock> Meee
16:59:52 -!- DuB` [DuB@cpe-68-174-122-249.nyc.res.rr.com] has joined #tlponies
17:00:01 <DoT`> Dub Dub DUb
17:00:06 <DuB`> Hallu
17:04:08 <Bio> nej
17:12:42 <Rawr|Phone> Hors hors
17:15:27 <DoT`> Rawr hors
17:15:39 <DoT`> hows the tourney?
17:15:45 <Rawr|Phone> DoT` hors
17:16:02 <Rawr|Phone> I lost in the quarterfinal in todays event
17:16:09 <DoT`> aww
17:16:30 <DoT`> thats great though <3
17:16:42 <DoT`> and you won the other one
17:16:46 <DoT`> and got a third
17:17:05 <Rawr|Phone> I'm satisfied sofar
17:17:09 <Rawr|Phone> So far
17:19:22 <Rawr|Phone> Last day tomorrow
17:45:44 <Camail> DuB` https://www.twitch.tv/esl_csgo
17:56:53 <DoT`> 1 hour to go dub, about
17:57:06 <DoT`> remonder becuas ei know your in a new timezone
17:57:53 <DuB`> Ya ya
17:58:05 <DuB`> Boats soon
18:11:43 <skraam> it is official, dot
18:11:48 <skraam> i am old
18:11:54 <Camail> Runbunny i was once again in a coin flip to annul a good foil
18:12:05 <skraam> i did a stretch and something in my back went bloop and now my back hurts
18:12:05 <Camail> skram we know, you've always been old
18:12:10 <Runbunny> :D
18:12:17 <Camail> and i lost it
18:12:22 <DoT`> now your ancient skram
18:12:23 <skraam> thanks for your sympathy, clamail
18:12:31 <Runbunny> That's unfortunate.
18:12:38 <Camail> yea...
18:13:48 -!- skram [~skram@134.19.189.156] has joined #tlponies
18:13:56 <DoT`> too old for anime it seems
18:14:41 <skram> i only watch the evening news now
19:08:44 <DoT`> "dorfs are dum" - Micen 2019
19:09:38 <Camail> likwuid do gud
19:09:51 <skram> thats it
19:09:55 <skram> im fighting micen
19:10:35 -!- Micen [~Micen@h240.50.91.75.dynamic.ip.windstream.net] has joined #tlponies
19:10:53 <skram> micen u ignorant slut
19:11:03 <Micen> NO U
19:11:12 <skram> >:(
19:32:29 <DoT`> dub` https://imgur.com/gallery/VlUdh0t
19:34:01 <DoT`> runbun https://imgur.com/gallery/5MH912E
19:51:26 <reification> dot https://twitter.com/velmu/status/1146412640736096257
19:55:45 <reification> ?clam
19:55:50 <reification> skram ^
19:57:03 <Bio> asdf
20:06:43 <reification> u2 bio
20:07:06 <Bio> thank
20:27:30 <reification> skram you need to learn how to exercise properly, watch Dumbbell Nan Kilo Moteru
20:27:44 <Bio> Or
20:27:51 <Bio> Consider NAWT
20:28:29 <reification> ?bio
20:28:57 <reification> ?silencebio
20:30:01 <reification> ah here it is https://i.imgur.com/CrJLmuf.jpg
20:37:54 <Runbunny> oh boy.
20:38:06 <Runbunny> Good thing I saved some ice cream for this occasion.
20:41:20 <reification> think of the calorie info popups runbun
20:51:08 <Runbunny> I am!
20:54:09 <Runbunny> I
20:54:17 <Runbunny> I'm done eating ice cream for now.
20:57:46 <skram> i trust you reif
20:57:58 <DuB`> I should go get an ice cream
20:58:00 <DuB`> It's so hoooot
21:05:17 <skram> put some ice cubes inside ur pants
21:13:27 <Runbunny> No need, not with the kind of heart I have.
21:32:59 <reification> you should be able to get all sorts of fancy ice creams now dub!
21:37:47 <DuB`> Yes!
21:37:58 <DuB`> There is a great cafe with fun gelatos just across the street
21:52:24 <DoT`> skram
21:54:10 <skram> hi
21:54:31 <DoT`> hello
21:55:44 <Camail> no
21:56:37 <DoT`> well no conversation for us skram
22:01:43 <Runbunny> DoT`.
22:02:50 <skram> ah im doing a dota
22:03:16 <DoT`> Angel
22:05:09 <Runbunny> Dot I am going to bed.
22:05:15 <Bio> a whole dota skrm?
22:06:28 <DoT`> gnight runbun!
22:06:31 <DoT`> sleep well
22:06:46 <DoT`> i may see you in the monring, but i leave to airport early
22:07:14 <skram> a whole dota bio
22:07:20 <skram> D:
22:07:26 <skram> what are you gonna do on the plane
22:07:39 <DoT`> use my laptop
22:07:43 <Bio> question skrm
22:08:00 <Bio> in dragon game, does your merc company have a name, or should i make one up
22:08:09 <skram> its the shitlords
22:08:10 <Bio> also, same question for ur wife/family
22:08:23 <skram> helga lovegood
22:08:26 <skram> of the lovegood family
22:08:30 <Bio> baller
22:08:43 <Bio> did you have some twisted love babies i forget
22:16:47 <skram> naw 
22:22:29 <Bio> mkay
22:22:44 <Bio> i'm doing some nice prep today
22:23:32 <DuB`> nnnnnnnice
22:23:45 <Bio> speaking of prep
22:24:00 <Bio> the fuck is ur charachters mahtivation nowadays dobalub
22:24:08 <Bio> uve killed ur list
22:24:59 <DoT`> rip
22:26:13 <DuB`> Hmm hmm
22:28:30 <Bio> i don't need an answer now, just good to start thinking about
22:34:18 <DoT`> bio, had we had a long rest? or are we starting as we left off
22:35:01 <Bio> a short period of about a couple days will have passed
22:35:18 <DuB`> We survive the crash, but the now-structurally-unsound castle collapses on our heads as we try to leave
22:35:20 <DuB`> tkp rip
22:35:24 <DuB`> tpk
22:35:33 <Bio> 3 ez 4 bio-teezy
22:36:17 <Phearlock> I think those white cultists are awfully suspicious dub.
22:36:27 <Phearlock> You can't just leave them uninvestigated
22:36:39 <DoT`> we should go back ther and kill them
22:37:15 <Bio> ez
22:37:40 <DoT`> we dont kill them becuause its easy bio
22:37:48 <DoT`> we do it becuase we are murder hobos
22:37:59 <DoT`> have to keep the standards up
22:38:18 <Bio> tru
22:38:21 <Phearlock> or down, as it were
22:38:42 <Bio> Pherlok 
22:38:51 <Bio> does ur archeology mentor have a name
22:39:39 <Phearlock> He is listed as "Someguy" in the notes
22:39:52 <Bio> a strong name
22:39:57 <Phearlock> So Mr Somgui
22:41:31 <Bio> excellent, he sounds of asian descent
22:42:02 <Bio> Philippines or chinese
22:42:06 <Bio> haha
23:05:55 <reification> night all
23:13:18 <reification> dub https://pbs.twimg.com/media/D-xboM7UYAEoFlK.jpg
23:17:09 <DuB`> Hehe
23:17:11 <DuB`> G'night reif
23:30:29 <DuB`> Bio I wrote a whole buncha stuff in Akhat's bio (stuff which I though I already had... huh) and a lil bit about maybe motivations/desires but I may think of more
23:30:42 <Bio> hey thx
23:45:46 <Bio> man how can i murder your backstory dub if they are already all dead
23:46:09 <DuB`> But they might NOT be!
23:46:21 <DuB`> Who knowssss
23:46:32 <skram> GM cant kill your family if they're already dead :BigBrain:
23:46:40 <skram> nice
23:46:57 <DuB`> They're only MOSTLY and PROBABLY dead, but maybe not!
23:50:20 <Bio> true, i could bring them all back alive, just to kill them! Genius!
23:50:39 <Bio> anyways, walk time i think
23:50:43 <Bio> then icecream
