02:19:44 <Cane> Camail, https://cdn.discordapp.com/attachments/112512700420005888/593626062517174272/unknown.png
02:19:46 <Cane> Interesting find.
03:37:26 -!- DoT|Phone [~Dot@232.123.7.51.dyn.plus.net] has joined #tlponies
04:18:39 <Camail> yea, i have yet to find a really fun talisman
04:18:47 <Camail> they have potential with some neat implicits tho
05:34:00 -!- skram [~skram@82.147.53.134] has joined #tlponies
05:49:33 -!- BioSC [~BioPon@97.70.165.146] has joined #tlponies
06:32:25 <DoT|Phone> Morning
06:53:06 -!- Runbunny [~Runbunny@91.100.28.10.generic-hostname.arrownet.dk] has joined #tlponies
06:54:08 <DoT|Phone> Angel <3
06:55:22 <skram> Bjørn
06:55:52 <DoT|Phone> well well well if it isn't Jonas
06:56:12 <Runbunny> Hai.
06:56:16 <Runbunny> I am awake now.
06:57:10 <DoT|Phone> would not advise Runbun
06:57:16 <DoT|Phone> go back to sleep
06:57:27 <skram> same
07:01:32 <Runbunny> CAn't
07:02:52 <skram> oh no
07:02:55 <skram> is it tomorrow
07:02:59 <skram> when you have to do all the things
07:04:59 <Runbunny> It's today.
07:05:05 <skram> FUVK
07:16:00 <DoT|Phone> better take that nap then Skram
07:16:13 <skram> soon
07:23:45 -!- DoT|Phone1 [~Dot@185.69.144.181] has joined #tlponies
07:32:30 <DoT|Phone1> Skram. with the whole Australia trip I forgot it's my mom's birthday soon
07:33:50 <DoT|Phone1> now I need to find something
07:33:59 <skram> scarf
07:34:11 <DoT|Phone1> we are going to Australia
07:34:33 <DoT|Phone1> also I should not be trusted with buying clothing
07:35:15 <skram> hmmmmm
07:35:18 <skram> sandals
07:35:49 <DoT|Phone1> shoes are clothing no?
07:36:35 <skram> only sort of
07:36:50 <DoT|Phone1> maybe books
07:39:48 <DoT|Phone1> I'm sick
07:39:55 <DoT|Phone1> maybe I'll do a half day
07:40:08 <skram> do no day
07:40:54 <DoT|Phone1> I leave on holiday soon. need to get the project finished
07:41:01 <DoT|Phone1> at least my bits
07:42:51 <DoT|Phone1> also Skram, you are available for DnD right?
07:43:16 <DoT|Phone1> you have said nothing in discord, but you are working night shift atm
07:53:35 -!- Golly [Golly@cm-84.212.249.112.getinternet.no] has joined #tlponies
07:53:43 <skram> ah
07:53:43 <skram> yes
07:53:49 <skram> ill be there
07:54:51 <DoT|Phone1> great
09:03:01 -!- DoT|Phone [~Dot@85.255.235.128] has joined #tlponies
09:16:11 <Runbunny> Dot dot.
09:18:17 <DoT|Phone> Angel
09:18:21 <DoT|Phone> how's your dad
09:18:23 <DoT|Phone> day
09:18:30 <DoT|Phone> Phone please
09:18:44 <DoT|Phone> though I hope your dad is good too
09:22:44 -!- reification [~thomas@cpc76294-cosh16-2-0-cust297.6-1.cable.virginm.net] has joined #tlponies
09:22:44 -!- mode/#tlponies [+v reification] by Q
09:22:55 <DoT|Phone> reief
09:23:59 <reification> dawat
09:24:22 <reification> .tell zounds https://twitter.com/AbyssalGrief/status/1143951528551751684
09:24:31 <reification> also runbunny ^
09:25:05 <Runbunny> Hai Reif.
09:25:12 <Runbunny> My dad and day is great.
09:25:22 <reification> paper of the day is for you bun: https://twitter.com/alt_kia/status/1143647209684004864
09:27:42 <DoT|Phone> hahaha
09:27:43 <Runbunny> Oh boy!
09:40:26 -!- carcinisation [~thomas@cpc76294-cosh16-2-0-cust297.6-1.cable.virginm.net] has joined #tlponies
09:40:26 -!- mode/#tlponies [+v carcinisation] by Q
09:42:35 <Runbunny> So basically assumptions of a girls personality is asociated with her name.
09:43:21 <DoT|Phone> you never judged someone on hearing they are called Leonard?
09:44:21 <carcinisation> anyone called bjorn must be huge and ferocious like a bear :p
09:46:23 <DoT|Phone> that's the thing though Reif, a name does evoke certain expectations
10:02:13 -!- carcinisation [~thomas@cpc76294-cosh16-2-0-cust297.6-1.cable.virginm.net] has joined #tlponies
10:02:13 -!- mode/#tlponies [+v carcinisation] by Q
10:13:35 -!- tredc [~tredc@c83-254-129-166.bredband.comhem.se] has joined #tlponies
11:08:00 <carcinisation> well you sure convinced me how good the original was https://twitter.com/RottenTomatoes/status/1143232464174735360
11:08:16 <carcinisation> runbunny https://pbs.twimg.com/media/D-AfeW1XUAEw7Q8.jpg
11:13:24 <DoT|Phone> best at explosions
11:21:37 <Runbunny> Hahaha
11:21:44 <Runbunny> Chomuske is there as well.
11:24:17 -!- DoT|Phone1 [~Dot@85.255.232.219] has joined #tlponies
11:53:23 -!- reification [~thomas@cpc76294-cosh16-2-0-cust297.6-1.cable.virginm.net] has joined #tlponies
11:53:23 -!- mode/#tlponies [+v reification] by Q
12:22:42 <Rawr|Fone> Hors hors
12:36:55 -!- carcinisation [~thomas@cpc76294-cosh16-2-0-cust297.6-1.cable.virginm.net] has joined #tlponies
12:36:55 -!- mode/#tlponies [+v carcinisation] by Q
12:43:32 -!- DoT|Phone [~Dot@85.255.237.134] has joined #tlponies
12:45:10 <Rawr|Fone> DoT DoT
12:48:43 -!- reimeuk [~thomas@cpc76294-cosh16-2-0-cust297.6-1.cable.virginm.net] has joined #tlponies
12:48:43 -!- mode/#tlponies [+v reimeuk] by Q
12:52:47 -!- DuBtop [DuBtop@cpe-68-174-122-249.nyc.res.rr.com] has joined #tlponies
12:54:06 <DuBtop> G'morn
12:54:24 <Rawr|Fone> DuB
12:54:29 <Rawr|Fone> The big city pon
12:54:44 <DuBtop> No I am still normal size
12:59:14 <Rawr|Fone> I doubt it
13:10:33 -!- BioPhone [~androirc@12.33.239.117] has joined #tlponies
13:11:21 <BioPhone> Hooorse
13:38:31 <Runbunny> DoT|Phone, Rawr|Fone https://i.imgur.com/E5qb2aE.mp4
13:44:26 -!- BioPhone [~androirc@12.33.239.117] has joined #tlponies
13:46:36 <Rawr|Fone> Can you get me one of those Anders
13:49:09 <DoT|Phone> Rawr Rawr
13:49:19 <Rawr|Fone> 💖💖
13:49:19 <DoT|Phone> sorry I was in a meeting
13:49:27 <DoT|Phone> 💖💖
13:49:42 <Rawr|Fone> I will forgive you this time
13:52:31 <DoT|Phone> ty
13:57:03 <Runbunny> I am not sure.
14:10:17 -!- BioPhone [~androirc@12.33.239.117] has joined #tlponies
14:21:17 <DuBtop> Woohoo, pc shipping is ahead of original estimate and should arrive... tomoro? Mebbe
14:31:41 <DoT|Phone> gl
14:42:29 <DoT|Phone> how's sgdq today?
14:50:30 <DuBtop> Dunno, been watching doto vods
14:50:37 -!- skram [~skram@82.147.53.182] has joined #tlponies
14:51:10 <DoT|Phone> Skram!
14:51:26 <DoT|Phone> that's the wrong vods dub
14:51:43 <DoT|Phone> you should watch raelcun red alert run
14:51:56 <skram> vinur
14:52:08 <skram> ok boss
14:52:17 <DoT|Phone> Skram borked?
14:52:25 <skram> no??
14:52:35 <DoT|Phone> vinur isn't a word
14:52:47 <skram> please
14:53:06 <DuBtop> Dot there is doto major and liquid is doing win
14:53:11 <DuBtop> I gotta watch em
14:53:25 <skram> ooo ya theres a lotta things happenin
14:53:44 <skram> dubtop when are you gonna get your big boi pc set up
14:55:01 <DuBtop> Mebbe tomoro, actually
14:55:41 <skram> neat
14:55:52 <skram> do you have good inter tubes in the new york
14:56:55 <Rawr|Fone> Jonas my darling
14:57:11 <DuBtop> Yeah 150/20 ish
14:57:13 <Rawr|Fone> How are you today my wonderful friend
14:57:39 <skram> Immeasurably better now that you're here
14:57:42 <skram> what you been up to
14:58:01 <Rawr|Fone> I am getting ready to move
14:58:52 <skram> where are you moving to?
14:59:24 <Rawr|Fone> A more central place in malmö
15:04:04 <Rawr|Fone> Feel free to drop by for fika whenever you want skram
15:04:41 <skram> sweden is very scery though
15:05:31 <Rawr|Fone> Anders can come and help you feel relaxed
15:05:37 -!- Zounds [webchat@cloak-07ouvien.14-2.cable.virginm.net] has joined #tlponies
15:05:49 <Zounds> yo
15:05:56 <skram> perfect
15:06:00 <skram> hey there zounds
15:06:29 <Zounds> hi skram
15:06:57 <Zounds> lol reif
15:07:15 <Rawr|Fone> Good evening zooonds
15:10:09 <Zounds> hi
15:14:46 <DoT|Phone> hey Zounds
15:19:10 <DoT|Phone> can I come too Rawr?
15:21:01 <skram> i bet runbuns arms are big enough for all of us
15:22:58 <Rawr|Fone> Of course dot
15:29:34 <DoT|Phone> all you Scandinavians are very tall
15:30:11 <DuBtop> Gonna go for haircut and maybe a run, bbl
15:30:25 <DoT|Phone> don't run in the city!
15:30:37 <DoT|Phone> you'll get suspected of robbery
15:32:13 <DuBtop> In the paaark
15:32:26 <skram> EYY IM WALKIN HEER
15:43:57 <Runbunny> I have big arms?
15:46:27 <Rawr|Fone> Yes
15:48:14 <Runbunny> Hmm. That's news to me.
15:48:25 <skram> all the better for huggin
16:04:08 <DoT|Phone> Skram, how tall are you?
16:10:57 <Rawr|Fone> Probably 300 cm
16:11:28 -!- Camail [~Camail@45.40.84.145] has joined #tlponies
16:11:28 -!- mode/#tlponies [+v Camail] by Q
16:20:04 <DoT|Phone> mac
16:24:34 <Camail> tod
16:33:35 <skram> dot i think rawr is twice as tall as me t b h
16:36:47 <DoT|Phone> hmm. sounds tall
16:38:47 <Rawr|Fone> Hmm
16:42:35 <Camail> dot i put a good wand in the stash for you
16:44:00 <DoT|Phone> ok. I'll look once I'm home. just left work
16:50:44 <Rawr|Fone> Hurry dot
16:51:48 <DoT|Phone> I don't think I will Rawr, I'm a bit sick and was shaking by the time I got home yesterday
16:51:59 <DoT|Phone> going to take a bit easier walk today
16:56:33 <Camail> first map of the day got an ex, good start
16:57:05 <Zounds> how did you get sick dot D:
16:57:18 <DoT|Phone> ppl probably
16:57:42 <DoT|Phone> they carry many diseases
16:58:09 <Zounds> sweet delicate dotters
16:58:14 <Zounds> try not to die
16:58:43 <Zounds> I would find that regrattable
16:58:57 <DoT|Phone> thanks, I'll try
16:59:08 <Zounds> regrettable* no rats involved
16:59:20 <Zounds> unless that's how you got sick
16:59:28 <DoT|Phone> but you may need to come cook me good Scottish food
17:00:11 <Zounds> some hearty mince 'n tatties is good for those ailing
17:00:25 <Zounds> Don't think I could eat it in this weather though
17:02:24 <DoT|Phone> just eat later in the day
17:11:35 -!- DoT|Phone1 [~Dot@232.123.7.51.dyn.plus.net] has joined #tlponies
17:14:28 -!- DoT` [~Dot@232.123.7.51.dyn.plus.net] has joined #tlponies
17:15:09 <Rawr|Fone> DoT http://imgur.com/a/Kaly8XS
17:15:31 <Rawr|Fone> Everyone else is allowed to look too if they want
17:15:41 <DoT`> AAHHHHH
17:15:52 <DoT`> ITS THE BEST BOY
17:22:33 <DoT`> how is he doing rawr?
17:23:02 <Rawr|Fone> Fine I think, maybe a little less energetic than usual
17:23:55 <DoT`> aww <3
17:24:14 <DuBtop> Going for a run at 1pm in june not on my top 10 greatest ideas ever
17:24:31 <BioPhone> Bruh
17:24:46 <DoT`> pls no internal bleeding dub
17:25:03 <DoT`> you are known to not be the smartest at exercise
17:25:23 <DuBtop> rude
17:26:17 <Rawr|Fone> But true
17:42:03 -!- Cane [~Cane@CaneCraft.users.quakenet.org] has joined #tlponies
17:42:04 -!- mode/#tlponies [+o Cane] by Q
17:45:34 -!- BioPhone [~androirc@12.33.239.117] has joined #tlponies
17:48:57 <DoT`> skram https://imgur.com/gallery/az3I1nn
17:52:48 <skram> hahah
17:52:56 <skram> step off, duck
17:56:23 -!- BioPhone [~androirc@12.33.239.117] has joined #tlponies
18:06:57 <DoT`> skram https://imgur.com/gallery/qCrUr3V
18:06:58 <DoT`> reif
18:12:56 <skram> https://i.imgur.com/L1UpO0I.jpg this is such a cool picture though
18:13:07 <skram> look at that cute lil cat
18:13:11 <skram> gonna claw your face off
18:21:23 <reimeuk> ty dotties
18:28:47 <Camail> skram i am poe middle class
18:29:14 <Camail> i dont have big bags of money but i live in the suburbs and have a 401k
18:29:47 <skram> do you have 1.5 kids
18:31:33 <Camail> 2.5
18:37:01 <DoT`> oi
18:43:36 <Camail> dot pls
18:55:04 <DoT`> oh, its HSC time
19:01:50 -!- Phearlock [webchat@cloak-e3kb14bi.208.146.128.getinternet.no] has joined #tlponies
19:02:10 <Phearlock> afternoon ponypons
19:06:56 <DoT`> hey phear
19:08:19 <skram> a phearlock
19:08:20 <skram> wonderful
19:09:38 <Phearlock> You're wonderful
19:11:40 <skram> <3
19:24:49 <Golly> not quite breathtaking
19:24:52 <Golly> but close
19:33:47 <skram> .tell DuBtop https://www.youtube.com/watch?v=9yl5VUD_Wf4
19:53:06 -!- Runbunny [~Runbunny@91.100.28.10.generic-hostname.arrownet.dk] has joined #tlponies
19:53:19 <skram> .tell DuBtop https://www.youtube.com/watch?v=OmHpZUaIcyo
19:53:20 <DoT`> runbun!
19:53:27 <skram> A n d e r s.
19:53:30 <reimeuk> dub https://twitter.com/yuriayatos/status/1142574592504061953
19:53:35 <Runbunny> I return.
19:57:10 <Zounds> Runbunny lad
19:57:28 <Zounds> I want to throw wide the gates already
19:57:28 <Zounds> zzz
19:59:09 <Runbunny> :D
19:59:14 <Runbunny> I still haven't bought the game.
20:03:11 <Zounds> are you all caught up?
20:03:47 <Runbunny> Nah. I made it to the last trial then the queue was too long.
20:04:00 <Runbunny> But there are still all the patches after stormblood.
20:04:24 <Zounds> Ah well if you've still got a bunch of SB stuff to do there's no rush to buy the new one :p
20:04:40 <Zounds> I'd love to help you with queues but alas...
20:04:49 <Zounds> centre split tore our friendship apart
20:05:22 <Runbunny> Yes.
20:05:37 <Runbunny> It's alright. I found a free company, that are very friendly.
20:06:49 -!- Zounds_ [webchat@cloak-07ouvien.14-2.cable.virginm.net] has joined #tlponies
20:06:56 <Zounds_> wups
20:08:43 <Zounds> I've made some good pals in my FC
20:08:57 <Zounds> Thought that part of my MMO life was over but it can still happen :D
20:09:42 <Runbunny> :D
20:13:38 <Zounds> https://eu.finalfantasyxiv.com/jobguide/battle/ you should check this Runbunny for the patch tomorrow
20:13:45 <Zounds> has a good summary of the class changes
20:14:28 <Runbunny> Oh noes. I nearly just learned to play MCH.
20:14:45 <Zounds> I think MCH is getting made a bit less horribly punishing
20:15:03 <Zounds> It's known as the most obnoxious job of all as it was :P
20:15:44 <Zounds> "Oops my wildfire was not 100% optimally timed" = RIP dps
20:16:05 <Runbunny> Yes.
20:16:58 <Runbunny> It looks like it was just done better. Hot shot that is just a self buff and minor damage is now of the GCD.
20:17:08 -!- BioPhone [~androirc@mobile-166-170-27-162.mycingular.net] has joined #tlponies
20:17:11 <Zounds> Aye
20:17:15 <Runbunny> I might just go straight Dancer.
20:17:24 <Zounds> I played a bit of MCH since I liked the aesthetic but I felt like turning the gun on myself more often than not
20:17:34 <Runbunny> Yes I'll hoe myself out, like everyone else.
20:17:45 <Zounds> I'll be doing that at some point
20:17:48 <Zounds> delicious potato x_x
20:18:32 <Zounds> I changed my mind about going DRK and am gonna go with WAR though
20:18:43 <Zounds> I find myself defaulting to WAR in most situations so may aswell go with it
20:18:59 <Zounds> even if it's not quite as fitting for ShB
20:19:43 <Runbunny> Three charges of Gauss round ?!?!?!?!
20:19:47 <Runbunny> What is this?
20:21:43 <Zounds> WARs getting an even stronger fel cleave after it uses infuriate (which is getting 2 charges)
20:21:48 <DoT`> skram, zounds https://imgur.com/gallery/akzo1re
20:22:11 <Zounds> 920 god dang potency on inner chaos
20:22:24 <Runbunny> I'll just go straight dancer.
20:23:38 <Zounds> cute DoT` <3
20:23:45 <Zounds> DNC looks totally busted on paper tbh
20:23:57 <Zounds> not sure how it will actually work out but it looks nutso
20:33:56 -!- BioPone [~androirc@97.70.165.146] has joined #tlponies
20:42:41 <BioSC> hey
20:42:42 <BioSC> pons
20:42:47 <Bio> its i
20:42:49 <Bio> the guy
20:43:33 <Zounds> hey
20:46:45 -!- Micen [~Micen@h239.69.91.75.dynamic.ip.windstream.net] has joined #tlponies
21:07:07 <reification> runbun !! https://www.technologyreview.com/s/613788/life-could-exists-in-a-2d-universe-according-to-physics-anyway/
21:11:12 -!- skrm [webchat@pioj.eid3.887x.ip] has joined #tlponies
21:11:57 <DoT`> its the wrk horse
21:12:20 <reification> is this you bun, are you a yandere? https://twitter.com/Yamaxanadieu/status/1140067836766937088
21:16:58 <Runbunny> O:
21:17:01 <Runbunny> I don't think so.
21:17:32 <DoT`> but you're not sure
21:17:47 <DuBtop> Ooh, sly cooper in this gdq
21:17:54 <DuBtop> I wanna see one o those
21:22:46 <DoT`> whats a sly cooper dub
21:23:20 <Zounds> half decent vidya
21:26:43 <skrm> i thought it was 02 reif
21:27:26 -!- skrm_ [webchat@pioj.eid3.887x.ip] has joined #tlponies
21:27:39 -!- BioPone [~androirc@97.70.165.146] has joined #tlponies
21:37:17 -!- BioPone [~androirc@97.70.165.146] has joined #tlponies
21:40:30 <reification> https://twitter.com/PublicDomainRev/status/1139912202201305089
21:41:45 <Zounds> reification: how much of the twitter weebosphere is hyped for shadowbringers tomorrow
21:56:43 <reification> there seems to be a fair amount of excitement zounds
22:02:50 <Zounds> The games producer YoshiP singing the Auspice Byakko boss fight theme is a pretty cool thing
22:02:59 <Zounds> https://www.youtube.com/watch?v=cqgM7VEG0Ss&feature=youtu.be helps the song is a certified banger in general
22:03:29 <Zounds> first phase song is pretty good then during the fight that one starts up and gets the blood pumping
22:04:30 <Zounds> Tanks get slammed into the ground and your mates gotta stand underneath to catch you in that one x_x
22:20:37 <Bio> pan
22:27:57 <skrm> pan urslef, pal
22:29:38 <Zounds> pain au chocolat
22:41:07 -!- Runbunny [~Runbunny@91.100.28.10.generic-hostname.arrownet.dk] has joined #tlponies
22:41:08 <Bio> no skrm
22:41:09 <Bio> u pan
22:41:21 <skrm> gasp
22:41:42 <Runbunny> My computer crashed.
22:41:50 <Runbunny> This is mildly upsetting.
22:42:28 <skrm> did all those virtual desktop catgirls finally manage to escape these digital mortal coils
22:45:38 <Runbunny> You don't understand Jonas.
22:45:42 <Runbunny> They are gone.
22:45:53 <Runbunny> I don't know how to get them back.
22:52:25 <skrm> free at last
23:04:04 <DuBtop> Oh dear, steam summer sale
23:10:02 <Runbunny> memory test time.
23:58:07 <Phearlock> Look at this raelcun, surrounded by women
23:58:09 <Phearlock> living the high life
