00:02:32 <skram> DuB`
00:09:27 <Bio> bbl
00:11:31 <DuB`> skram
00:11:43 <skram> gasp
00:11:44 <skram> you're alive
00:11:50 <DuB`> Ya made a sammich
00:12:15 <skram> its too hot for sammiches
00:12:29 <DuB`> ??
00:12:38 <DuB`> Sammich ain't hot
00:13:05 <skram> did you put ice creem on them
00:13:40 <DuB`> Mayo swiss cheez ham 'n lettoos
00:14:34 -!- BioPone [~androirc@mobile-166-176-251-55.mycingular.net] has joined #tlponies
00:16:34 <skram> mayo is v unhealthy dub!
00:16:41 <DuB`> Just a lil
00:23:10 <DuB`> Also less unhealthy than butter
00:29:51 <skram> dont use butter and dont use mayo
00:29:57 <skram> just put sadness on your bread instead
00:30:36 <DuB`> nu
01:12:17 <Bio> i bek
02:34:23 <Bio> S L E P
02:34:30 <BioSlep> nnnnnnnnnnnnnnnnnnnnnnnnnnnnnnnnnnnnnnnnnnnnn
05:22:19 -!- DoT` [~Dot@2.123.160.101] has joined #tlponies
05:23:03 <DoT`> Mornign
05:27:53 <DuB`> Dot <3
05:27:55 <DuB`> glhf travel
05:27:59 <DoT`> DUb <3
05:28:05 <DoT`> you up late readg again
05:42:33 <DuB`> Naw oberwaj
05:49:52 <Rawr|Phone> DoT DoT DoT
05:50:00 <Rawr|Phone> DuB snela
05:58:19 <Camail> i only died 2 times on uber elder
05:58:42 <Camail> thats much better than my previous attempt of 17
05:58:59 <Camail> though the fight was bugged last time so i blame that
06:00:23 <DoT`> Rawr Rawr Rawr
06:00:25 <DoT`> <3 <3 <3
06:00:32 <DoT`> gj cam
06:00:57 <Camail> i didn't get any good loot tho
06:08:39 <Rawr|Phone> 💖💖💖
06:14:36 -!- DoT|Phone [~Dot@2.123.160.101] has joined #tlponies
06:17:29 -!- DoT|Phone1 [~Dot@85.255.237.163] has joined #tlponies
06:28:47 <Camail> dot i'm so close to getting my headhunter jr.
06:40:28 -!- Runbunny [~Runbunny@91.100.28.10.generic-hostname.arrownet.dk] has joined #tlponies
06:40:42 <Runbunny> Have you left yet DoT|Phone1 ?
06:43:15 -!- DoT|Phone [~Dot@85.255.237.163] has joined #tlponies
06:45:40 -!- Zounds [webchat@cloak-07ouvien.14-2.cable.virginm.net] has joined #tlponies
06:45:48 <Zounds> hey
06:45:55 <DuB`> Hi!
06:46:14 <Zounds> o/
06:46:33 <Zounds> you're up late dab
06:49:07 <DuB`> Yes was OWstack
06:49:21 <DuB`> With 50 whole fps at 50% render scale :P
06:49:42 <DoT|Phone> I believe in you cam
06:49:57 <DoT|Phone> Runbun, heading to the airport
06:50:11 <Runbunny> Remember to enjoy your vacation Dot.
06:50:23 <DoT|Phone> I'll try remember
06:51:56 <Zounds> cheers dot see you on the other side
06:52:14 <Zounds> DuB`: your brain is gonna explode when you get back onto a proper setup
06:52:29 <Zounds> too many frames
06:52:31 <DuB`> Yup
06:53:08 <DuB`> Might just wait a couple months and go big on a rtx2080 and 240hz monitor and really amaze myself haha
06:53:18 <DuB`> Would help me focus on study in the meantime maybe too...
06:53:43 <DoT|Phone> dub dub
06:55:59 <DuB`> dot dot
06:56:41 <DuB`> I just went over to get water only to realize I'd unconsciously put the entire pitcher in the freezer
06:56:43 <DuB`> Oops
06:57:19 <DoT|Phone> silly horse
07:06:07 <DuB`> zz
07:06:07 <DuB`> zz
07:19:44 -!- DoT|Phone1 [~Dot@85.255.237.163] has joined #tlponies
07:21:09 -!- DoT|Phone [~Dot@85.255.233.175] has joined #tlponies
07:25:42 -!- DoT|Phone2 [~Dot@185.69.144.129] has joined #tlponies
07:26:46 -!- DoT|Phone1 [~Dot@85.255.235.48] has joined #tlponies
07:30:01 -!- DoT|Phone1 [~Dot@85.255.235.48] has joined #tlponies
07:31:32 -!- DoT|Phone [~Dot@85.255.235.48] has joined #tlponies
07:35:55 -!- DoT|Phone1 [~Dot@85.255.237.147] has joined #tlponies
07:37:14 <DoT|Phone1> phone is picnic
07:52:08 -!- DoT|Phone [~Dot@185.69.144.135] has joined #tlponies
08:07:13 <DoT|Phone> airport queues... yay
08:09:52 <DoT|Phone> what's all up to
08:16:14 -!- DoT|Phone1 [~Dot@85.255.233.153] has joined #tlponies
08:21:55 -!- DoT|Phone [~Dot@85.255.237.134] has joined #tlponies
08:25:18 -!- DoT|Phone2 [~Dot@85.255.237.134] has joined #tlponies
08:27:27 <DoT|Phone2> hope you all enjoyed the x-ray
08:31:36 <Runbunny> Was lovely.
08:31:59 <DoT|Phone2> now to wait around for 3 hours
08:32:15 <DoT|Phone2> what you up to Runbun
08:33:55 <Runbunny> Warframe.
08:35:55 <Runbunny> Other than that, I have some practical things I need to sort today.
08:36:47 <DoT|Phone2> how very responsible of you
08:49:48 -!- tredc [~tredc@c83-254-129-166.bredband.comhem.se] has joined #tlponies
08:55:42 -!- DoT|Phone [~Dot@85.255.233.139] has joined #tlponies
09:39:52 -!- DoT|Phone1 [~Dot@185.69.144.94] has joined #tlponies
09:43:39 -!- reification [~thomas@cpc76294-cosh16-2-0-cust297.6-1.cable.virginm.net] has joined #tlponies
09:43:39 -!- mode/#tlponies [+v reification] by Q
09:51:29 <reification> morning tlp
09:51:32 <reification> runbunny https://twitter.com/Sho_lwlw/status/1146721016216817664
09:52:26 <Runbunny> me!
09:52:28 <Runbunny> Hai reif.
09:54:25 -!- DoT|Phone [~Dot@85.255.233.125] has joined #tlponies
09:58:18 -!- DoT|Phone1 [~Dot@85.255.232.223] has joined #tlponies
10:13:05 -!- DoT|Phone [~Dot@85.255.233.125] has joined #tlponies
10:15:42 -!- DoT|Phone2 [~Dot@185.69.144.87] has joined #tlponies
10:21:42 -!- DoT|Phone [~Dot@85.255.237.60] has joined #tlponies
10:28:27 <DoT|Phone> almost boarding time
10:30:32 <DoT|Phone> I would like to take a moment to point out I'm not a great fan of flying
10:54:17 <Runbunny> Sounds like you're going to have tonnes of fun Dot.
10:54:23 <Runbunny> Enjoy!
10:55:35 <DoT|Phone> yay
11:09:16 -!- DoT|Phone1 [~Dot@185.69.144.115] has joined #tlponies
11:10:32 <reification> gl dotties
11:13:37 <DoT|Phone1> on plane. later pons
12:37:10 -!- skram [~skram@134.19.189.22] has joined #tlponies
13:01:17 <Zounds> skram
13:02:32 <skram> zounds you old rascal
13:04:19 <Zounds> how r u
13:05:19 <skram> i slept too much and now i feel like a zombie
13:05:27 <skram> i'd give it a 4 tbh
13:05:34 <skram> hows life in glasgow
13:12:13 <Zounds> its alright
13:16:11 <Zounds> what should I get by brother for his birthday skram 
13:16:19 <Zounds> my*
13:19:40 <skram> hmmm
13:20:14 <skram> well i dont know what your brother likes but im getting that ahegao sweater for my brother
13:21:35 <Zounds> hm he'd probably get a laugh out of something like that
13:22:26 <skram> is your brother older or younger
13:23:03 <Zounds> he's turning 32
13:23:14 <Zounds> an ahegao sweater would be funny but I don't think I'd actually get him one
13:25:08 <skram> well i'd refrain from getting giftcards etc
13:25:22 <skram> giftcards are a curse unless its something specifically asked for
13:26:30 <skram> like i have 50 pounds or so in a giftcard in a shop where i dont want or need anything but its gonna run out at some point and i cant just not use them so then im gonna have to buy something i dont need or want just to break out of this curse my siblings put on me
13:26:38 <Zounds> he doesn't drink or i'd just get him a bottle of something nice
13:26:52 <Zounds> he makes things complicated
13:27:42 <skram> alcohol is the ol fallback
13:28:39 <skram> you should bake him a cake, zounds
13:29:47 <Zounds> this is something I could do
13:31:28 <skram> i made some chocolate cake with a whiskey sauce and cream some time ago, would recommend
14:08:56 <BioSlep> asdf
14:09:01 <Bio> hej
14:09:30 <reification> bio
14:09:41 <Bio> imma get some brekky
14:09:47 <Bio> and some coffee
14:10:03 <reification> i had eggs and bacon
14:10:07 <reification> would recommend
14:15:20 <Bio> done
14:15:33 <Rawr|Phone> Great job bio
14:16:45 <Bio> thank
14:17:31 <Bio> brbrb
14:17:45 -!- Rawr|Fone [~AndChat52@m83-185-90-87.cust.tele2.se] has joined #tlponies
14:22:17 -!- BioPone [~androirc@mobile-166-176-250-226.mycingular.net] has joined #tlponies
14:33:28 -!- BioPone [~androirc@97.70.165.146] has joined #tlponies
14:38:27 -!- Phearlock [webchat@cloak-e3kb14bi.208.146.128.getinternet.no] has joined #tlponies
14:44:40 <Runbunny> Hai Phearlock.
14:45:56 <Phearlock> hey =)
15:15:48 <Bio> asdf
15:15:56 <Bio> hedje
15:35:00 -!- DuB` [DuB@cpe-68-174-122-249.nyc.res.rr.com] has joined #tlponies
15:43:30 <skram> Hm. Dub.
15:44:37 <DuB`> Hmmm :o
15:46:44 <DuB`> Watching CS the GO
15:46:57 <skram> Who's GOing this time
15:48:04 <DuB`> Liquid 'n Vitality in grand finals
16:28:03 <Runbunny> oh right
16:31:15 <skram> Anders did you get played like a cum stained fiddle too?
16:31:31 <DuB`> What the
16:32:19 <skram> https://twitter.com/itanimeirl/status/1147899851465564160
16:45:52 <Bio> i'd be lying if i said i wasn't amused
16:46:04 <Bio> degenerates get what they sew ect ect
16:46:07 <Bio> xDDDDD
17:11:25 <reification> trusting fakku LUL
17:35:16 <Runbunny> skram, https://www.youtube.com/watch?v=4JuK1Yr35Io
17:42:53 -!- Camail [~Camail@45.40.84.145] has joined #tlponies
17:42:53 -!- mode/#tlponies [+v Camail] by Q
17:45:13 <Camail> dub dub dub
17:45:16 <Camail> liquid is doing it
17:45:21 <DuB`> Ya 
17:48:45 -!- Rawr|Phone [~AndChat52@c-4eb4e655.020-164-6d6c6d4.bbcust.telenor.se] has joined #tlponies
17:50:25 <Rawr|Phone> I am home again
17:50:59 <DuB`> And yet still phone
17:52:17 <Rawr|Phone> Always phone
17:52:28 <Rawr|Phone> I don't use my compiter anymore dub
17:53:01 <Rawr|Phone> Compooter
17:56:35 <DuB`> ooooaaahhh
17:56:36 <Camail> look at elige's face
17:56:49 <Camail> that was 100% accidental
17:58:31 <Camail> skram wanna map some more
17:59:50 <Zounds> you lads and your aggressive cartography
18:02:23 <Camail> we travel across the dreamscape killing everything we see
18:08:12 <Runbunny> Murderers.
18:23:33 -!- Rawr|Fone [~AndChat52@c-4eb4e655.020-164-6d6c6d4.bbcust.telenor.se] has joined #tlponies
18:32:31 -!- Rawr|Fone [~AndChat52@c-4eb4e655.020-164-6d6c6d4.bbcust.telenor.se] has joined #tlponies
18:32:32 <Rawr|Fone> 😥
18:39:10 <Bio> pan
18:39:53 <Runbunny> Why is job applications the hardest thing in the world to write?
18:40:06 <Bio> a struggle indeed
18:44:25 -!- Rawr|Fone [~AndChat52@c-4eb4e655.020-164-6d6c6d4.bbcust.telenor.se] has joined #tlponies
18:54:04 -!- Rawr|Phone [~AndChat52@m83-185-90-87.cust.tele2.se] has joined #tlponies
18:54:59 <Zounds> Anything other than utter self deprecation sounds completely phoney
18:55:17 <Zounds> true facts x_x
19:08:18 <DuB`> eeeeeeeeeeelige
19:10:20 <Camail> gg
19:12:19 <Runbunny> gg.
19:40:29 <skram> Do you want me to write it for you, Runbunny?
19:40:51 <Runbunny> Hmm.
19:51:30 <Camail> runbun i got starforge
19:51:47 <Camail> i guess i should make a cyclone slayer
19:53:38 <Camail> divined it once and its worth 7ex, gonna keep it tho, i kinda wanna make the dumb HH cyclone build, but just with inspired learning
19:56:47 <Runbunny> Nice!
20:02:16 <Runbunny> I got my glacial hammer build through the game, but I am struggling hard in maps.
20:02:29 <Runbunny> Also a bit underleveled.
20:10:11 <Camail> do you need a lab carry?
20:30:19 <Runbunny> Nah I am good.
20:30:32 <Runbunny> What I need is a proper chest armor.
21:13:34 -!- Golly [~Golly@cm-84.212.249.112.getinternet.no] has joined #tlponies
21:29:20 <Runbunny> reification, https://i.imgur.com/spJOboA.gif
21:30:03 <reification> uh... thanks bun
21:47:02 <skram> ive been staring at it for 5 minutes
21:49:18 <Camail> Runbunny i just craft a 691 ES vaal regalia
22:10:24 -!- Camail_ [~Camail@45.40.84.145] has joined #tlponies
22:10:24 -!- mode/#tlponies [+v Camail_] by Q
22:11:28 -!- tredc_ [~tredc@c83-254-129-166.bredband.comhem.se] has joined #tlponies
22:11:38 -!- Kittybunny [~Runbunny@91.100.28.10.generic-hostname.arrownet.dk] has joined #tlponies
22:12:31 -!- Westy543 [Westy543@c-73-93-93-161.hsd1.ca.comcast.net] has joined #tlponies
22:12:35 -!- mode/#tlponies [+v Westy543] by Q
22:15:57 -!- methos [~methos@li1016-58.members.linode.com] has joined #tlponies
22:34:49 -!- DoT|Phone [~Dot@218.189.35.128] has joined #tlponies
22:35:41 <DoT|Phone> planes are the worst
22:35:47 <DoT|Phone> fact
22:36:41 <Camail> you just need more butt
22:36:52 <Camail> makes the time more bearable
22:38:58 <DoT|Phone> hmm. true.
22:39:14 <DoT|Phone> I shall take you with next time cam
22:39:21 <DoT|Phone> your the biggest butt
22:39:26 <Camail> i wont let you sit on me
22:39:28 <Camail> i'm not skram
22:39:49 <DoT|Phone> rude
22:39:59 <skram> yeah ya rude ass bitch
22:40:13 <skram> are you in australia yet DoT|Phone
22:40:19 <DoT|Phone> no
22:40:22 <DoT|Phone> half way
22:40:25 <DoT|Phone> Hong Kong
22:41:33 <DoT|Phone> it's a long way
22:41:49 <skram> yeah it is a bit
22:43:41 <DoT|Phone> I have a migraine Skram and feel awful
22:44:11 <skram> coffeine helps
22:44:15 <skram> ibuprofen helps
22:45:14 <DuB`> :(
22:45:28 <DoT|Phone> daaab
22:45:43 <DuB`> Long flies are tough even when you feel fine :(
22:46:17 <skram> is there a pharmacy at the airport
22:46:27 <DoT|Phone> well I did the 11 hour one, now a 9 hour one next
22:46:38 <skram> maybe they have the Good Shit OTC in hk
22:46:51 <DoT|Phone> not through inspection yet Skram
22:47:41 <skram> how longs your wait
22:54:53 <DoT|Phone> 3 hours
22:55:22 <DoT|Phone> another x-Ray for irc
22:55:28 <DoT|Phone> you all passed
22:55:46 <skram> phew
22:57:35 <skram> go find some coffee, dot
22:57:37 <skram> and then get some water
22:57:59 -!- DoT|Phone1 [~Dot@218.189.35.128] has joined #tlponies
22:58:37 -!- Emily [emily@falconspy.org] has joined #tlponies
22:59:28 <Camail> drugs > coffee
23:01:08 -!- DoT|Phone [~Dot@218.189.35.128] has joined #tlponies
23:05:01 <skram> well yeah
23:05:03 <skram> if you can get em
23:05:16 <Camail> skram why dont you want to murder some shaper bois
23:07:16 <skram> i just wanna look at cats
23:07:17 <skram> on the internet
23:08:25 -!- DoT|Phone1 [~Dot@218.189.35.128] has joined #tlponies
23:08:56 <DoT|Phone1> phone is not happy
23:12:33 -!- DoT|Phone [~Dot@218.189.35.128] has joined #tlponies
23:16:22 <Kittybunny> Hai Dot.
23:17:24 <Kittybunny> skram, https://imgur.com/gallery/6OttQhe
23:19:49 <skram> this i how i want to die
23:25:08 -!- Camail [~Camail@45.40.84.145] has joined #tlponies
23:25:08 -!- mode/#tlponies [+v Camail] by Q
23:26:17 <Camail> internet, y u so fucky
23:27:43 -!- DoT|Phone [~Dot@218.189.35.128] has joined #tlponies
23:32:59 <DoT|Phone> well how's all doing. I'm not moving around now so hopefully internet sticks
23:34:21 <skram> certainly no degeneracy to be found round these parts
23:34:29 <skram> only healthy interests today, sir!
23:34:46 <DoT|Phone> glad to hear it
23:35:11 <DoT|Phone> but also no tank anime. so what's
23:35:14 <DoT|Phone> the point
23:36:46 -!- Zounds [webchat@cloak-07ouvien.14-2.cable.virginm.net] has joined #tlponies
23:36:47 <skram> Actually I found the stupidest thing today
23:37:09 <skram> boi gets isekai'd with his mum who is a lot better than him
23:37:17 <skram> sounds so stupid i gotta look at it
23:37:28 <DoT|Phone> hahaha
23:37:37 <DoT|Phone> hey Zounds
23:38:40 <skram> z o u n d s
23:40:45 <reification> g'night all
23:40:49 <skram> gnight pal
23:41:04 <DoT|Phone> Gnight Reif
23:41:56 -!- DoT|Phone1 [~Dot@218.189.35.128] has joined #tlponies
23:48:19 -!- DoT|Phone [~Dot@218.189.35.128] has joined #tlponies
23:48:23 <Zounds> where's the mom isekai skram
23:48:41 <skram> https://myanimelist.net/anime/38573/Tsuujou_Kougeki_ga_Zentai_Kougeki_de_Ni-kai_Kougeki_no_Okaasan_wa_Suki_Desu_ka
23:48:50 <skram> soon
23:48:59 <Bio> asdfjkl;
23:49:10 <skram> you alright there bio
23:49:18 <Bio> weekend is over
23:49:23 <Bio> and we sad
23:49:25 <Zounds> This could be interesting
23:49:40 <skram> dont you get any time off this summer pal?
23:49:43 -!- DoT|Phone1 [~Dot@42-200-20-80.static.imsbiz.com] has joined #tlponies
23:50:11 <skram> not enough milfs in animu, zounds
23:51:10 <Zounds> milfs aint really my thing but I'm open to new experiences
23:51:35 <Zounds> maybe they'l be a good character rather than an object of carnal desire
23:52:18 <Zounds> not that those things are exclusive but they tend to be
23:52:30 <skram> unfortunately
23:54:12 -!- DoT|Phone2 [~Dot@42-200-20-220.static.imsbiz.com] has joined #tlponies
23:57:52 -!- DoT|Phone [~Dot@42-200-20-36.static.imsbiz.com] has joined #tlponies
23:59:53 <Kittybunny> skram, https://cdn.discordapp.com/attachments/128865161988669440/597577443959767041/w7piMfZqzjlxqvmdn0uOQ9PLvMkCQiwcKy2jub0Ho-g.jpg
