02:30:23 <Rawr|Fone> 🐴🐴🐴
04:21:03 <Cane> Quake is hard.
04:31:01 <DuB`> Just aim lul
04:31:06 <DuB`> And strafejump
04:31:14 <DuB`> And have stopwatches in your head
04:46:01 <Runbunny> Literally a point and click adventure game where you count.
04:46:18 <Runbunny> Also I turned in my thesis.
04:49:45 <DuB`> :D
04:49:49 <DuB`> gj bun
04:50:58 <Runbunny> I just need to pass the defense and then I can go be a NEET.
06:02:15 -!- Rawr|Fone [~AndChat52@84-217-62-32.customers.ownit.se] has joined #tlponies
06:26:08 -!- DoT|Phone [~Dot@232.123.7.51.dyn.plus.net] has joined #tlponies
06:26:44 <DoT|Phone> Morning
06:33:12 -!- Rawr|Fone [~AndChat52@84-217-62-32.customers.ownit.se] has joined #tlponies
06:53:18 <DuB`> Morning dot <3
06:58:46 <DoT|Phone> <3
07:21:21 <DuB`> zzz
07:45:48 -!- DoT|Phone1 [~Dot@85.255.236.114] has joined #tlponies
08:38:07 <DoT|Phone1> pon pon
08:58:05 -!- Golly [Golly@cm-84.212.249.112.getinternet.no] has joined #tlponies
09:31:54 <CockRoach|42> dot|hors
09:36:48 -!- DoT|Phone [~Dot@85.255.237.12] has joined #tlponies
09:38:29 -!- reification [~thomas@cpc76294-cosh16-2-0-cust297.6-1.cable.virginm.net] has joined #tlponies
09:38:29 -!- mode/#tlponies [+v reification] by Q
09:39:50 -!- Runbunny [~Runbunny@91.100.28.10.generic-hostname.arrownet.dk] has joined #tlponies
09:41:24 -!- Kittybunny [~Runbunny@91.100.28.10.generic-hostname.arrownet.dk] has joined #tlponies
09:41:24 <reification> hello runbun et al.
09:41:38 <Runbunny> Hai Reif.
09:55:06 <DoT|Phone> Reif, Runbun!
09:55:15 <DoT|Phone> cr horse
10:07:57 -!- tredc [~tredc@c83-254-129-166.bredband.comhem.se] has joined #tlponies
10:24:15 <reification> dotties!
10:28:42 <DoT|Phone> How's it going
10:33:25 <reification> i need to go lift things in a minute
10:39:36 <DoT|Phone> gl
10:44:01 <Runbunny> Dot Dot.
10:53:06 <DoT|Phone> Runbun
10:55:57 <Runbunny> I have a delicious cup of earl grey tea. 
11:01:34 <Rawr|Fone> 🍵🍵
11:02:14 <Runbunny> Henrik.
11:02:22 <Runbunny> Do you like tea?
11:02:59 <DoT|Phone> I like tea occasionally
11:03:06 <Runbunny> O:
11:03:34 <Rawr|Fone> Anders.
11:03:40 <Rawr|Fone> I only drink water
11:03:45 <Runbunny> I see you're still not british by heart yet.
11:04:05 <Runbunny> Tea is watery leaf soup.
11:05:48 <Rawr|Fone> That does not make it sound very appealing
11:07:58 <Runbunny> It's added flavour to your hot water.
11:11:15 <Rawr|Fone> I'm still not convinced
11:18:04 -!- Rawr|Phone [~AndChat52@m83-185-85-206.cust.tele2.se] has joined #tlponies
11:23:13 <Runbunny> You only drink water, but you don't drink it hot?
11:34:07 -!- skram [~skram@193.36.116.162] has joined #tlponies
11:42:52 <Rawr|Phone> Why would I do that runbun
11:43:05 <Rawr|Phone> Cold water is one of the best things in the world
11:43:11 <Rawr|Phone> Along with this jonas guy
11:43:45 <Runbunny> Boiling the water get rid of most microbes. 
11:46:04 <Rawr|Phone> Our water is quite clean 
11:47:23 <Runbunny> Yeah, same here. But you can boil it.
11:47:58 <Rawr|Phone> I'll take the risk
11:49:01 -!- BioPone [~androirc@mobile-107-92-121-6.mycingular.net] has joined #tlponies
12:12:42 -!- BioPone [~androirc@12.33.239.117] has joined #tlponies
13:04:26 -!- Rawr|Fone [~AndChat52@84-217-62-32.customers.ownit.se] has joined #tlponies
13:11:32 <Runbunny> reification, https://www.youtube.com/watch?v=IdMZgpzxEPw when is season 2? :/
13:14:38 <reification> there is a season 2 not just movie?
13:25:15 <reification> .tell bio muffled rave music can be heard https://www.reddit.com/r/CasualUK/comments/bmvh4e/dont_look_back_just_run/
13:30:04 <Runbunny> Wasn't there?
13:30:36 <Runbunny> ahh it's just movie.
13:30:40 <Runbunny> next year :&
13:46:03 <DoT|Phone> time to go home
13:46:09 <DoT|Phone> is weekend
13:48:24 <Runbunny> It is!
13:52:27 <BioPone> Poenies
13:53:15 <BioPone> Do you have ur pizza
13:54:10 <DoT|Phone> of course. it's Friday
14:00:19 <Runbunny> O:
14:00:19 <Rawr|Fone> 🤨🤨🤨
14:00:26 <Runbunny> I had pizza the other day.
14:04:57 <BioPone> I took home so much leftovers from the company outing
14:05:08 <BioPone> Imma have pizza the whole weekend
14:10:13 <Rawr|Fone> How decadent
14:14:52 <BioPone> Free is best!
14:15:56 <Runbunny> Free is best value as well.
14:17:24 -!- DoT|Phone1 [~Dot@232.123.7.51.dyn.plus.net] has joined #tlponies
14:28:55 -!- Dot` [~Dot@232.123.7.51.dyn.plus.net] has joined #tlponies
14:32:04 -!- Rawr|Phone [~AndChat52@m83-185-92-42.cust.tele2.se] has joined #tlponies
14:47:13 <Rawr|Phone> Horsepons
14:49:23 <Dot`> rawr horse
14:49:36 <Rawr|Phone> DoT` my dear
14:49:45 <Rawr|Phone> How has your day been
14:51:24 <Dot`> good rawr, im home now
14:51:28 <Dot`> and hows you rawr?
14:51:45 <Rawr|Phone> Pretty goooood
15:05:54 <BioPone> Im want to go home
15:06:04 <BioPone> Work is da poops
15:10:19 <BioPone> Vidya better
15:28:17 -!- Micen|Droid [~Micen@h1.26.16.98.dynamic.ip.windstream.net] has joined #tlponies
15:39:32 -!- skram [~skram@193.36.116.162] has joined #tlponies
15:40:08 <Dot`> skram!
15:41:55 <skram> dot!
15:42:56 <Rawr|Phone> Jonas
15:43:02 <skram> Henrik
15:43:15 <Rawr|Phone> How are you darling
15:44:03 <skram> i am quite well, thank you
15:44:08 <skram> how is life in malmö these days
15:51:40 -!- skraam [~skram@134.19.189.94] has joined #tlponies
15:59:10 <Rawr|Phone> Everything is as usual jonas
16:03:47 -!- BioPone [~androirc@12.33.239.117] has joined #tlponies
16:18:33 <BioPone> Asdf
16:18:44 <BioPone> 3h more of werk
16:29:36 -!- Camail [~Camail@45.40.84.145] has joined #tlponies
16:29:36 -!- mode/#tlponies [+v Camail] by Q
16:32:29 <Dot`> but why cam
16:32:56 <Camail> no
16:54:58 -!- BioPone [~androirc@12.33.239.117] has joined #tlponies
17:02:12 -!- DuB` [DuB@65-130-48-126.slkc.qwest.net] has joined #tlponies
17:02:24 <Dot`> its dub!
17:02:38 <DuB`> It is!
17:18:14 <BioPone> Dob pls
17:23:20 -!- Micen|Droid_ [~Micen@66.87.152.173] has joined #tlponies
17:24:06 <Dot`> cr!
17:24:08 <Dot`> https://www.reddit.com/r/DnD/comments/bmz8pr/art_dungeons_and_doggos_101_not_so_perfect_idea/
17:24:23 <Dot`> the doggos are so suspicious
17:25:29 -!- Micen|Droid__ [~Micen@h192.28.16.98.dynamic.ip.windstream.net] has joined #tlponies
17:47:41 -!- BioPone [~androirc@12.33.239.117] has joined #tlponies
17:53:45 <Runbunny> Camail, are you going to play in the flashback league tonight?
17:53:50 -!- Golly [Golly@cm-84.212.249.112.getinternet.no] has joined #tlponies
17:55:25 <Camail> it does interest me, but not likely. I'm hooked on kenshi at the moment
17:59:48 <Runbunny> you could at least lvl to lvl 35 for the free cosmetic box.
17:59:54 <Runbunny> well at some point.
18:00:12 <Runbunny> flashback league is open for like 25 days.
18:39:32 <reification> .tell skram https://pbs.twimg.com/media/D6NtODKW4AAWu9d.jpg
18:40:48 <reification> runbunny https://pbs.twimg.com/media/D6NWTjJXkAAk5YD.jpg
18:40:49 -!- skram [~skram@134.19.189.94] has joined #tlponies
18:41:03 <reification> skram!
18:41:17 <BioPone> Skrm
18:41:23 <skram> hey pals
18:41:50 <skram> i wish my brains were just three cats too, reif
18:45:19 <DuB`> Are you sure it's not?
18:46:10 <BioPone> Three cats and an active laser pointer
18:58:48 <skram> im just three horses in a trench coat
18:59:49 <BioPone> I knew it!
19:00:35 -!- skraam [~skram@185.38.13.169] has joined #tlponies
19:08:01 <skram> im the skram now
19:13:33 <Dot`> something a fake skram would say
19:24:38 <Camail> Runbunny i'll probably watch the race for the first few days
19:24:48 <Camail> i might even try to make my own build when i decide to play
19:26:14 <skram> u dont kno my life dot
19:26:26 -!- Phearlock [webchat@cloak-e3kb14bi.208.146.128.getinternet.no] has joined #tlponies
19:26:33 <Phearlock> Evening ponypons
19:26:49 <skram> ferlok buddy
19:27:19 <BioPone> Time to home
19:27:23 <BioPone> And pizza
19:27:36 <skram> hell yeah
19:27:57 <Phearlock>  DuB` don't know if you still play starsector regularly but theres a neat new mod out: http://fractalsoftworks.com/forum/index.php?topic=15321.0
19:28:31 <Camail> dub's a slut for spaceships
19:28:44 <Phearlock> Aren't you? Spaceships are hot.
19:28:50 <Camail> a spslut, if you will
19:29:29 <Camail> sci-fi is cool but it doesn't drop my panties
19:29:35 <Camail> i get why it does for a lot of people tho
19:30:39 <reification> guess you didn't back subverse then cam :p
19:31:00 <Phearlock> That's a very reasonable answer Camail
19:31:02 <Phearlock> you butt
19:31:18 <Camail> ikr
19:31:43 <Camail> also reif i can appreciate porn regardless of genre
19:32:25 <Camail> warhammer 40k is my kind of sci fi
19:32:32 <Camail> which is to say, sci fantasy?
19:33:56 <Phearlock> Yeah that's about right.
19:34:43 <Runbunny> I can link you my stuff then Camail ?!?!?!
19:34:49 <Phearlock> I appreciate 40k stuff on a small enough scale that you can do character stories.
19:34:50 <skram> uh oh
19:35:03 <Phearlock> But the grand lore stuff is just incredibly silly.
19:35:07 <Camail> runbun pls
19:35:22 <Camail> i love that orcs are dumb wizards
19:35:26 -!- Crisium [~Crisium@c-73-174-151-51.hsd1.pa.comcast.net] has joined #tlponies
19:35:47 <skram> howdy
19:35:52 <Crisium> howdy
19:36:31 <Rawr|Phone> howdy
19:36:32 <Phearlock> Haha yeah the orks are alright
19:36:48 <Phearlock> I also like the Zerg
19:37:56 <Golly> heresy
19:38:12 <Crisium> serve the hive
19:44:55 -!- BioPone [~androirc@97.70.165.146] has joined #tlponies
19:50:57 <Dot`> cris horse!
19:51:04 <Bio> hoiwdy
19:51:16 <Crisium> yo
19:53:37 <reification> hi cris https://pbs.twimg.com/media/D6JvvMiX4AA-7rk.jpg
20:11:22 -!- BioPone [~androirc@mobile-107-92-120-237.mycingular.net] has joined #tlponies
20:22:44 <Dot`> skram
20:22:49 <skram> aye lad
20:23:20 <Dot`> what you up to
20:23:40 <skram> thinkin bout cats again
20:24:14 <reification> .tell bio clever meem https://twitter.com/g_rdn_/status/1088076881621078018
20:26:07 <Dot`> any good cats on your mind skram?
20:30:19 <reification> .tell bio bonus followup meem https://pbs.twimg.com/media/D6OFqRnW4AE401x.jpg
20:31:49 <Bio> i love mem
20:33:22 <reification> https://twitter.com/octillerize/status/1126453778427912192
20:34:11 -!- BioPone [~androirc@97.70.165.146] has joined #tlponies
20:36:16 <skram> not yet dot
20:36:53 <Dot`> ill wait
20:41:37 <reification> https://www.dailymail.co.uk/news/article-7015799/Woman-accused-breaking-familys-home-doing-dishes.html
20:46:30 <Bio> https://i.redd.it/lpsoukxpk8x21.png
20:47:00 <Dot`> you could get 4 feilds
20:47:03 <Dot`> fields
20:47:51 <skram> thunderdooooome
20:48:47 <Bio> https://i.imgur.com/Dgph23m.jpg
20:48:52 <Bio> B I G mood
20:52:40 <Bio> https://i.redd.it/yl59hwyu37x21.jpg
20:53:57 <Bio> https://i.redd.it/hpsttf5ry7x21.jpg  <--- for skram only
20:55:00 <skram> SlaPs RoOf oF cAt
21:15:12 <Camail> Runbunny  lul, servers are being all fucky
21:16:06 <Runbunny> Such is league starts.
21:17:30 <Camail> the event looks really cool tho
21:27:08 -!- BioPone [~androirc@97.70.165.146] has joined #tlponies
21:45:11 -!- Rawr|Fone [~AndChat52@84-217-62-32.customers.ownit.se] has joined #tlponies
22:21:12 <Dot`> dub
22:21:27 <DuB`> dot
22:21:52 <Dot`> !
22:21:54 <Dot`> hows you]
22:22:11 <DuB`> Tired!
22:22:15 <DuB`> Not much relax today :P
22:22:32 <skram> but dub it is the friday
22:22:48 <DuB`> Study and yardwork and exercise 
22:23:24 <skram> yard work
22:23:31 <skram> how are the petunias this year
22:23:50 <DuB`> Pulled weeds and planted some sort of flower, dunno if they're petunias :P
22:32:19 <skram> they're small and they have trumpets
22:32:33 <skram> i thought you were knowledgeble about flowers!
22:37:58 <DuB`> Hardly
22:46:13 <Dot`> dub probably has a flower press book
23:01:51 <skram> doesnt everyone?
23:26:36 <Camail> dub did you feel betrayed when you learned that you would need to study after school ended
23:27:01 <Camail> studying is eternal
