00:36:01 <Runbunny> Dot`, Rawr|Fone https://imgur.com/gallery/a1iauI9
00:58:47 -!- Crisium|2 [~Crisium@c-24-3-150-105.hsd1.pa.comcast.net] has joined #tlponies
01:28:11 -!- Rawr|Fone [~AndChat52@c-4eb4e655.020-164-6d6c6d4.bbcust.telenor.se] has joined #tlponies
02:01:19 -!- Rawr|Fone [~AndChat52@c-4eb4e655.020-164-6d6c6d4.bbcust.telenor.se] has joined #tlponies
04:33:57 -!- Cane [~Cane@CaneCraft.users.quakenet.org] has joined #tlponies
04:33:58 -!- mode/#tlponies [+o Cane] by Q
04:51:00 -!- skram [~skram@185.180.222.177] has joined #tlponies
04:57:14 -!- Rawr|Fone [~AndChat52@c-4eb4e655.020-164-6d6c6d4.bbcust.telenor.se] has joined #tlponies
06:32:35 -!- Rawr|Fone [~AndChat52@c-4eb4e655.020-164-6d6c6d4.bbcust.telenor.se] has joined #tlponies
06:35:19 -!- Golly [~kvirc@cm-84.213.21.103.getinternet.no] has joined #tlponies
06:49:49 <Cane> .tell Dot` https://i.redd.it/x5sb8hor9cx31.jpg
07:23:37 -!- Dot|Phone [uid393803@2001:67c:2f08:8::6:24b] has joined #tlponies
07:23:40 <Dot|Phone> Morning
08:31:00 -!- Rawr|Fone [~AndChat52@c-4eb4e655.020-164-6d6c6d4.bbcust.telenor.se] has joined #tlponies
09:08:06 <Golly> https://www.youtube.com/watch?v=RTZZPCw4nQM
09:42:42 -!- reification [~thomas@cpc76294-cosh16-2-0-cust297.6-1.cable.virginm.net] has joined #tlponies
09:42:43 -!- mode/#tlponies [+v reification] by Q
09:48:27 <Dot|Phone> Hey Reif
09:48:31 <reification> hi dotties
10:52:41 -!- Rawr|Fone [~AndChat52@c-4eb4e655.020-164-6d6c6d4.bbcust.telenor.se] has joined #tlponies
11:01:14 -!- Rawr|Fone [~AndChat52@c-4eb4e655.020-164-6d6c6d4.bbcust.telenor.se] has joined #tlponies
11:24:25 -!- Runbunny [~Runbunny@91.100.28.10.generic-hostname.arrownet.dk] has joined #tlponies
11:27:11 <Dot|Phone> Runbun, hedge
11:29:33 <Rawr|Fone> Anders.
11:30:15 <Runbunny> Hello
11:30:28 <Runbunny> Henrik what are you doing next weekend?
11:31:34 <Rawr|Fone> I am going to halmstad to play table tennis
11:32:29 <Runbunny> I have a family thing stuff thing in Sweden next weekend.
11:36:59 <Rawr|Fone> Where?
11:42:11 <Runbunny> I am not entirely sure yet.
11:42:16 <Runbunny> I wasn't told anything :/
11:42:26 <Runbunny> I'll know more this sunday.
12:17:53 -!- tredc [~tredc@c83-254-129-166.bredband.comhem.se] has joined #tlponies
12:20:02 -!- Micen [~Micen@h169.49.172.72.dynamic.ip.windstream.net] has joined #tlponies
12:22:22 <Dot|Phone> Hi Micen
12:24:46 <Micen> hi
12:55:20 -!- BioPone [~androirc@mobile-166-177-58-69.mycingular.net] has joined #tlponies
13:01:47 <Dot|Phone> Bio boi 
13:14:49 -!- BioPone [~androirc@12.33.239.117] has joined #tlponies
13:15:13 <BioPone> Asdf
13:37:47 -!- Rawr|Phone [~AndChat52@m83-185-95-221.cust.tele2.se] has joined #tlponies
13:38:22 <Dot|Phone> I want to home
13:39:29 -!- Rawr|Phone [~AndChat52@c-4eb4e655.020-164-6d6c6d4.bbcust.telenor.se] has joined #tlponies
13:40:49 -!- Rawr|Fone [~AndChat52@m83-185-95-221.cust.tele2.se] has joined #tlponies
13:46:37 -!- Rawr|Phone [~AndChat52@c-4eb4e655.020-164-6d6c6d4.bbcust.telenor.se] has joined #tlponies
14:06:34 -!- BioPhone [~androirc@12.33.239.117] has joined #tlponies
14:11:56 <BioPhone> Me too dot
14:12:16 <BioPhone> Al least I am gonna smash at lunch with my frinds
14:24:16 <skram> hi frens
14:24:28 <Micen> hai skram
14:24:42 <Dot|Phone> Hedge Jonas friend
14:28:03 <skram> i fondly remember that one time you got it right, Dot|Phone
14:28:11 <skram> but i believe in you
14:29:09 <Dot|Phone> It's your belief that allows me to continue
14:29:33 <skram> should i stop believing then
14:32:41 <Dot|Phone> But then I would be sad
14:33:24 <skram> hmm true
14:33:50 <Micen> dont make dot sad skram. 
14:36:43 <Rawr|Phone> Jonas
14:40:06 <skram> henrik
14:40:38 <Rawr|Phone> How are you doing today my dear friend
14:44:19 <BioPhone> Horse frins
14:44:26 <BioPhone> Neigh indeed
14:44:38 <Rawr|Phone> 🅱️io📱
14:45:28 <skram> im alright henrik, it is snowing
14:45:35 <skram> hows your face
14:45:48 <Rawr|Phone> Pretty gooood
14:45:55 <Rawr|Phone> No snow here though
14:48:23 <Dot|Phone> I need to remember to look for my gloves once I'm home
14:52:12 -!- BioPone [~androirc@mobile-166-177-57-253.mycingular.net] has joined #tlponies
15:36:18 -!- BioPone [~androirc@mobile-166-170-25-93.mycingular.net] has joined #tlponies
15:51:08 -!- Dot` [webchat@cloak-vnm1j07w.71.208.46.dyn.plus.net] has joined #tlponies
15:51:58 -!- Camail [~Camail@45.40.84.145] has joined #tlponies
15:51:58 -!- mode/#tlponies [+v Camail] by Q
15:52:16 <Dot`> cambutt
15:52:33 <Camail> dot
15:53:25 -!- BioPone [~androirc@mobile-166-170-23-168.mycingular.net] has joined #tlponies
15:53:51 <Dot`> cane, that is nice stalker art
15:53:56 <Dot`> when Stalker 2
15:53:56 <Cane> 'Tis.
15:54:06 <Cane> In years, if we're lucky. =(
15:54:14 <Dot`> but i NEED it
15:54:18 <Dot`> can you explain that too them?
15:54:26 <Cane> I'll call them right up and let them know.
15:54:34 <Dot`> thanks
15:55:40 -!- mode/#tlponies [+vvvvvv Bio BioPone Dot` Dot|Phone Micen Rawr|Phone] by Cane
15:55:40 -!- mode/#tlponies [+vvvv Runbunny skram sweetiebot tredc] by Cane
16:40:44 <Dot`> skram
16:47:38 <Camail> dont say his name
17:20:59 <Dot`> rip
17:22:21 <Camail> attack on titan took a REALLY long detour, but it's finally back to where i'm interested
17:33:28 -!- BioPone [~androirc@mobile-166-170-23-168.mycingular.net] has joined #tlponies
17:48:01 -!- BioPone [~androirc@mobile-166-170-23-168.mycingular.net] has joined #tlponies
17:54:48 -!- skram [~skram@82.147.53.248] has joined #tlponies
17:57:31 <Dot`> hmm, hes alive
18:01:58 -!- BioPone [~androirc@mobile-166-170-23-168.mycingular.net] has joined #tlponies
18:07:09 <Camail> no
18:09:59 <BioPone> Maybe?
18:11:26 -!- skrm [webchat@pioj.eid3.887x.ip] has joined #tlponies
18:14:41 <skrm> hmm
18:31:55 <reification> he got disemvoweled
18:31:55 -!- Zounds [webchat@cloak-07ouvien.14-2.cable.virginm.net] has joined #tlponies
18:32:01 <Zounds> horse
18:32:10 <reification> zounds
18:33:13 <Zounds> reef
18:34:48 <Dot|Phone> Zoonds, Skrm
18:34:58 <Camail> dot why phone
18:35:59 <skrm> he's goign to a braai
18:36:01 <skrm> whatever that is
18:36:37 <Camail> boo
18:36:37 <reification> i thought that was a south african bbq thingy
18:36:46 <reification> doesn't seem the time of year for it
18:46:03 -!- Rawr|Fone [~AndChat52@c-4eb4e655.020-164-6d6c6d4.bbcust.telenor.se] has joined #tlponies
18:47:08 <Dot|Phone> That's next week skram
18:49:05 <Dot|Phone> This week I'm in bakewell
18:50:22 -!- BioPone [~androirc@mobile-166-170-23-168.mycingular.net] has joined #tlponies
19:00:11 -!- Golly [~kvirc@cm-84.213.21.103.getinternet.no] has joined #tlponies
19:11:03 -!- BioPone [~androirc@mobile-166-170-23-168.mycingular.net] has joined #tlponies
19:56:09 -!- Dot` [webchat@i3nb.6u5z.emrn.ip] has joined #tlponies
19:58:46 <Dot`> horses
20:01:31 <Dot`> skrm, start any fires yet today?
20:06:12 <Dot`> Bio: https://i.imgur.com/jDHM70I.jpg
20:07:07 <Dot`> another https://i.imgur.com/5VRD8Os.jpg
20:20:16 <BioPone> Excellent
20:21:49 <BioPone> Might have a stream this weekend boid
20:21:51 <BioPone> Bois
20:22:00 <BioPone> I got big brain plans
20:26:08 <Dot|Phone> ... 
20:27:52 <Dot|Phone> Bio plans sounds dangerous
20:30:40 <Dot|Phone> Will there be smooth jazz? 
20:46:29 <BioPone> Maybe
20:59:58 -!- Runbunny [~Runbunny@91.100.28.10.generic-hostname.arrownet.dk] has joined #tlponies
21:00:18 -!- BioPhone [~androirc@12.33.239.117] has joined #tlponies
21:00:52 <Dot|Phone> Angel
21:01:06 <BioPhone> Neigh
21:02:25 <reification> https://imgur.com/oQ1xLHh
21:04:15 <BioPhone> My favorite kind of snack
21:08:44 -!- DuB` [DuB@cpe-68-174-122-249.nyc.res.rr.com] has joined #tlponies
21:08:51 <DuB`> wewew fridays
21:11:09 <Runbunny> Hai.
21:11:13 <Runbunny> I made it back.
21:11:25 <DuB`> :O
21:13:28 <reification> dubbun
21:34:07 -!- BioPone [~androirc@mobile-166-170-23-150.mycingular.net] has joined #tlponies
21:34:30 <Dot`> Dub Dub
21:34:35 <Dot`> i had pizza
21:36:46 -!- Rawr|Fone [~AndChat52@c-4eb4e655.020-164-6d6c6d4.bbcust.telenor.se] has joined #tlponies
21:40:03 -!- Rawr|Phone [~AndChat52@m83-185-87-7.cust.tele2.se] has joined #tlponies
21:40:03 <reification> it is the day for it
21:50:26 -!- carcinisation [~thomas@cpc76294-cosh16-2-0-cust297.6-1.cable.virginm.net] has joined #tlponies
21:50:27 -!- mode/#tlponies [+v carcinisation] by Q
21:50:29 <Camail> skrm when will you be home
21:50:32 <Camail> so we can hun
21:50:39 <DuB`> Dot dot!
21:50:45 <DuB`> I shall have some later
21:50:51 -!- carcinisation [~thomas@cpc76294-cosh16-2-0-cust297.6-1.cable.virginm.net] has joined #tlponies
21:50:51 -!- mode/#tlponies [+v carcinisation] by Q
21:51:26 <Camail> dub no, we need to maintain your hip:waist ratio
21:51:39 -!- Rawr|Fone [~AndChat52@c-4eb4e655.020-164-6d6c6d4.bbcust.telenor.se] has joined #tlponies
21:56:22 <DuB`> my wha
21:56:31 <DuB`> I am v fit thankyouverymuch
21:57:10 <Dot`> ?dub
21:57:23 <Dot`> i forgot this was a thing!
21:57:27 <Dot`> its dub!
21:57:29 <DuB`> rofl
21:57:36 <DuB`> That's like 8 years old
21:57:52 <Dot`> almost as old as rawr
21:57:54 <DuB`> I had a C A M E R A
21:58:17 <DuB`> delet this
21:58:20 <Dot`> no
21:58:27 <skrm> never
21:58:40 <skrm> hey you know who called me, dot? the fire dept
21:58:41 <Dot`> but we can always add a new one to the list there
21:58:43 <skrm> my pals
21:58:58 <Dot`> skram, are you on thier christmas card list?
21:59:08 <skrm> they told me that one of the other plants downtown was on fire
21:59:20 <skrm> it wasnt, but its always nice to hang out with friends
21:59:21 <Dot`> they wanted to know if you had visitied
21:59:39 <DuB`> skram the Firebringer
22:00:17 <Dot`> skram is Prometheus?
22:00:19 <skrm> https://www.youtube.com/watch?v=RLG1ys2CGcI
22:01:31 <Rawr|Fone> Dub aren't we pretty much the same age
22:02:23 <skrm> im ragnaros, dot
22:02:30 <skrm> he who was ancient when the world was young, etc
22:05:36 <Dot`> skram is very old though it seems
22:05:51 <Dot`> rawr, dub isnt 12
22:06:08 <Camail> dub do you have a beard
22:06:15 <DuB`> ha no
22:06:38 <Camail> then you probably look the same
22:12:29 <Dot`> cam can onyl distinguish ppl by thier beards
22:13:06 <Rawr|Fone> But I have a beard
22:14:00 <skrm> that means you're a grownup probably
22:14:21 <Rawr|Fone> A very young grownup
22:25:18 <BioPone> Asdf
22:27:32 <Rawr|Fone> Asdf
22:51:41 <Bio> asdf
22:51:43 <Bio> i hom
22:51:46 <Bio> time to set up
22:57:15 <carcinisation> wb bio
23:11:20 <Dot`> bio https://i.imgur.com/2PqLcmf.png
23:14:11 <Bio> noice
23:14:15 <Bio> meem
23:14:30 <Bio> OBS update lel
23:22:07 <Bio> neet
23:22:10 <Bio> lets do a thing
23:26:10 <Bio> ?biostream
23:31:12 <Bio> bout to get cozy up in here
23:31:17 <Bio> with some games
23:33:42 <Rawr|Fone> But bio
23:33:47 <Rawr|Fone> It is time for bed
23:34:09 <Bio> sir
23:34:10 <Bio> pls
23:34:13 <Bio> its the weekend
23:34:28 <Bio> just turn the stream on then go to slep xD
23:37:50 <Rawr|Fone> The weekend is when I actually have to get up early
23:38:49 <Bio> rwr pls
23:47:07 <Rawr|Fone> U pls
23:48:13 -!- reimeuk [~thomas@cpc76294-cosh16-2-0-cust297.6-1.cable.virginm.net] has joined #tlponies
23:48:14 -!- mode/#tlponies [+v reimeuk] by Q
23:48:26 <Bio> game has started
