00:54:50 -!- Rawr|Fone [~AndChat52@c-4eb4e655.020-164-6d6c6d4.bbcust.telenor.se] has joined #tlponies
01:49:51 -!- Rawr|Fone [~AndChat52@c-4eb4e655.020-164-6d6c6d4.bbcust.telenor.se] has joined #tlponies
01:50:09 <Camail> i like this skill
02:44:08 -!- Rawr|Fone [~AndChat52@c-4eb4e655.020-164-6d6c6d4.bbcust.telenor.se] has joined #tlponies
04:18:02 -!- skram [~skram@82.147.53.114] has joined #tlponies
04:28:08 -!- Rawr|Fone [~AndChat52@c-4eb4e655.020-164-6d6c6d4.bbcust.telenor.se] has joined #tlponies
04:51:12 -!- Rawr|Fone [~AndChat52@c-4eb4e655.020-164-6d6c6d4.bbcust.telenor.se] has joined #tlponies
04:51:48 -!- Micen [~Micen@h223.219.117.75.dynamic.ip.windstream.net] has joined #tlponies
05:08:35 -!- skrm [webchat@pioj.eid3.887x.ip] has joined #tlponies
05:50:45 -!- Rawr|Fone [~AndChat52@m83-185-95-89.cust.tele2.se] has joined #tlponies
06:32:35 <DoT`> hmmmmmm
06:40:36 <DuB`> Hm!
06:42:51 <DoT`> dub, why am i wide awake at 7:30 in the morning with 6 hours sleep
06:44:43 <DuB`> Um
06:44:46 <DuB`> Very healthy body!
06:49:54 <DoT`> its dnd day dub!
06:50:05 <DuB`> No that is tomoro
06:50:08 <DuB`> I have not slept yet
07:06:01 <DoT`> what you doing duba
07:06:05 <DoT`> dubs
07:06:17 <DuB`> R6 Siege 5-man
07:06:20 <DuB`> Just done now
07:08:20 <DoT`> did you do the winning?
07:14:51 <DoT`> skrm
07:15:21 <DuB`> Lots
07:15:34 <DuB`> Won the first 8 or so in a row, and I had some hard carry  performances
07:15:44 <DuB`> Great fun, is nice game
07:18:43 <DoT`> great
07:23:44 -!- Runbunny [~Runbunny@91.100.28.10.generic-hostname.arrownet.dk] has joined #tlponies
07:24:01 <Runbunny> Well that was some restless sleep.
07:24:34 <Runbunny> Sexy Mathil kept disrupting my sleep.
07:24:59 <DoT`> RUNBUN
07:25:05 <Runbunny> Hey Dot.
07:25:49 <DoT`> i too woke up far too early
07:25:56 <DoT`> after only 6 hours sleep
07:27:11 <Runbunny> I'll be right as rain in an hour or so.
07:27:24 <Runbunny> Just need some time to proper wake up.
08:16:06 -!- Golly [Golly@cm-84.213.21.103.getinternet.no] has joined #tlponies
09:49:23 <DoT`> SKRM https://imgur.com/gallery/Lba8TzR
09:55:05 -!- tredc [~tredc@c83-254-129-166.bredband.comhem.se] has joined #tlponies
10:58:47 <DoT`> pon pon
11:18:19 <Camail> Runbunny  fuuuuck
11:18:20 <Camail> i did it
11:18:29 <Camail> into yellow maps, made enough chaos to buy 2 ex
11:18:32 <Camail> i'm so cold
11:18:56 <Camail> converted to ex and now i'm done for the day...night...morning
11:19:38 <DoT`> gj cam
11:31:37 <Runbunny> O:
11:34:49 -!- skrm [webchat@pioj.eid3.887x.ip] has joined #tlponies
11:35:00 <skrm> wew
11:35:06 <DoT`> Jonas <3
11:35:12 <skrm> dot pal
11:48:37 -!- reification [~thomas@cpc76294-cosh16-2-0-cust297.6-1.cable.virginm.net] has joined #tlponies
11:48:37 -!- mode/#tlponies [+v reification] by Q
11:49:14 <DoT`> reeeef
11:53:36 <reification> daaawt
12:08:08 <Rawr|Fone> Hors hors
12:08:23 <DoT`> Rawr Hest
12:08:25 <DoT`> where you been
12:08:33 <Rawr|Fone> I am at a tournament
12:08:37 <Rawr|Fone> No time to phone
12:10:12 <DoT`> of course, you win then talk to us rawr
12:11:45 <Rawr|Fone> I got third in the elite event
12:12:00 <Rawr|Fone> Almost won against a really good player
12:12:07 <Rawr|Fone> Would have been my best win ever
12:12:15 <Rawr|Fone> But I lost 9-11 in the decider
12:15:06 <DoT`> this is the tourney wit all the pros?
12:39:09 -!- carcinisation [~thomas@cpc76294-cosh16-2-0-cust297.6-1.cable.virginm.net] has joined #tlponies
12:39:09 -!- mode/#tlponies [+v carcinisation] by Q
13:27:31 <Bio> moern hoers
13:29:40 <DoT`> morn
13:35:48 <Rawr|Fone> Yes dot
13:52:46 -!- Golly [~Golly@cm-84.213.21.103.getinternet.no] has joined #tlponies
14:17:12 <carcinisation> https://twitter.com/Steampunk_T/status/1169632353758732295
14:45:09 <skrm> strandbeests are cool, reif
14:59:46 <carcinisation> runbunny https://twitter.com/rikk_kun/status/1169396522481356801
15:00:50 <Runbunny> Hahaha :D
15:02:36 <Runbunny> I want a touhou danmaku machine now.
16:04:38 <DoT`> pon pon
16:20:24 -!- DuB` [DuB@cpe-68-174-122-249.nyc.res.rr.com] has joined #tlponies
16:20:56 <DuB`> G'morn
16:24:11 -!- Zounds [webchat@cloak-07ouvien.14-2.cable.virginm.net] has joined #tlponies
16:24:28 <Zounds> hey
16:27:12 <carcinisation> hi dub, zounds
16:31:20 <DoT`> Dub, Zounds <3
16:31:42 <Zounds> reif
16:31:43 <Zounds> dawt
16:31:44 <Zounds> <3
16:34:10 -!- Rawr|Phone [~AndChat52@c-4eb4e655.020-164-6d6c6d4.bbcust.telenor.se] has joined #tlponies
16:36:26 <skrm> asdf
16:42:08 <DoT`> skrm
16:42:29 <skrm> .tell crisium https://i.imgur.com/wkpcTRW.jpg
16:42:31 <skrm> hey bud
16:42:40 <DoT`> hows it going? you surviving work?
16:51:09 <skrm> long day bud
16:51:15 <skrm> gonna go home though so brb
16:51:55 -!- Camail [~Camail@45.40.84.145] has joined #tlponies
16:51:55 -!- mode/#tlponies [+v Camail] by Q
16:57:17 <DoT`> cannail
17:09:07 -!- reimeuk [~thomas@cpc76294-cosh16-2-0-cust297.6-1.cable.virginm.net] has joined #tlponies
17:09:07 -!- mode/#tlponies [+v reimeuk] by Q
17:24:54 -!- skram [~skram@185.132.179.246] has joined #tlponies
17:26:39 <Bio> hoersens
17:26:49 <skram> bio pls
17:26:52 <skram> u r the hoersest
17:27:00 <Bio> nei
17:27:06 <skram> eh jo
17:30:21 <Rawr|Phone> Eh nä
17:31:14 <skram> henrik
17:31:17 <skram> erru frekk??
17:31:46 <Runbunny> Jonas.
17:32:15 <skram> Ah. Anders.
17:33:19 <Rawr|Phone> Kanske
17:33:32 <Runbunny> Skikkeligt.
17:33:38 <Runbunny> Or however that is spelled.
17:33:48 <skram> not like that probably
17:34:08 <Runbunny> Sjikkeligt
17:34:12 <Runbunny> ?
17:34:17 <skram> definitly
17:34:19 <Runbunny> pronounced kinda like that.
17:34:31 <Runbunny> Dang.
17:35:03 <skram> i'd fight you, Henrik, but you're probably stronger than me
17:35:32 <Runbunny> Why?
17:36:04 <skram> he was being very rude runbun and thats what people do when they're offended maybe
17:36:23 <Runbunny> Or do you mean like, you fight him with your tongue in his mouth?
17:36:47 <Rawr|Phone> 🤨🤨🤨
17:36:51 <Runbunny> You seem uncertain. 
17:37:32 -!- Rawr|Fone [~AndChat52@m83-185-95-89.cust.tele2.se] has joined #tlponies
17:39:45 <skram> Im gonna punch his face, runbun
17:39:48 <skram> with my own face
17:39:53 <skram> softly
17:41:45 <Rawr|Fone> Sounds great jonas
17:44:12 <Runbunny> That's great.
17:44:46 <Runbunny> I knew that only love existed between even amongst the harsh words.
17:48:55 <skram> is this one of them sun d rays, runbunny
17:50:30 <Runbunny> I don't know what that is.
17:54:51 -!- Rawr|Fone [~AndChat52@c-4eb4e655.020-164-6d6c6d4.bbcust.telenor.se] has joined #tlponies
18:31:18 -!- Rawr|Fone [~AndChat52@c-4eb4e655.020-164-6d6c6d4.bbcust.telenor.se] has joined #tlponies
18:33:46 <Rawr|Fone> 🐴🐴🐴
18:44:27 <DoT`> rawr rawr
18:44:29 <DoT`> dub dub
18:44:54 <DuB`> :o
18:45:13 <DoT`> <3
18:45:35 <DoT`> trying to finish making supper dub, will hopefully be ready for dnd soon
18:46:08 <Zounds> what you having DoT` 
18:47:10 <DoT`> a tha green curry thing from aldies, but i had no chicken to put in, so i put in chickpeas, potatoes and vegetables
18:47:40 <DoT`> but i forgot to pre cook the potatoes becuase im bad
18:47:54 <DoT`> so its taking a while to make now trying to let it siimmer longer
18:48:33 -!- Phearlock [webchat@cloak-mmem9569.215.120.245.getinternet.no] has joined #tlponies
18:48:39 <Phearlock> Evening ponypons
18:48:40 <DoT`> Hey phear
18:58:11 -!- Micen [~Micen@h223.219.117.75.dynamic.ip.windstream.net] has joined #tlponies
18:58:37 <DoT`> cutting it close micen?
19:00:41 <Micen> was getting computer set up in quiet room
19:04:11 <DoT`> what is our official start time micen?
19:04:58 <Micen> 3:15
19:05:06 <Micen> or 15 past the hour i mean
19:16:54 -!- Rawr|Fone [~AndChat52@c-4eb4e655.020-164-6d6c6d4.bbcust.telenor.se] has joined #tlponies
19:39:07 <Bio> neigh
19:40:15 <Phearlock> hi
19:40:31 <DoT`> hi
19:56:34 -!- Rawr|Fone [~AndChat52@c-4eb4e655.020-164-6d6c6d4.bbcust.telenor.se] has joined #tlponies
20:02:49 <Camail> Runbunny i got through t1-6 zana missions so fast...then maps dried up
20:06:59 <Runbunny> O:
20:07:01 <Runbunny> Dang.
20:15:50 -!- Rawr|Fone [~AndChat52@c-4eb4e655.020-164-6d6c6d4.bbcust.telenor.se] has joined #tlponies
20:36:20 <Runbunny> Camail, are you using the skitterbug thingy?
20:36:44 <Runbunny> apparently it's just free chill and shock, even if you aren't a mine/trap build.
20:37:02 <Camail> yea i should, gotta find a way to fit it in tho
20:37:58 -!- Rawr|Fone [~AndChat52@c-4eb4e655.020-164-6d6c6d4.bbcust.telenor.se] has joined #tlponies
20:55:57 <Camail> woo, just got new maps as soon as i have to leave, RIP
20:56:05 -!- Rawr|Fone [~AndChat52@c-4eb4e655.020-164-6d6c6d4.bbcust.telenor.se] has joined #tlponies
20:56:15 <Rawr|Fone> Internet is back to being bad
20:57:43 <DoT`> :(
20:59:02 <Rawr|Fone> Help me dot
20:59:30 <DoT`> im trying!
21:09:37 <Rawr|Fone> Hmm
22:06:01 -!- skram [~skram@185.132.179.246] has joined #tlponies
22:06:19 <DoT`> wb skram
23:34:17 -!- Rawr|Fone [~AndChat52@c-4eb4e655.020-164-6d6c6d4.bbcust.telenor.se] has joined #tlponies
23:44:52 <DoT`> pon pon
23:44:54 <DoT`> hows all
