00:09:19 -!- BioPone [~androirc@mobile-166-170-25-157.mycingular.net] has joined #tlponies
00:15:45 <DuB`> I'mma play for just an hour or so if you still wanna, Micen
00:31:36 -!- Rawr|Fone [~AndChat52@c-4eb4e655.020-164-6d6c6d4.bbcust.telenor.se] has joined #tlponies
00:44:05 <Micen|Droid> Sorry DuB` reached my limit of sitting for a while. And got my reaper skin. 
00:45:32 <DuB`> Oke
01:13:41 -!- BioPhone [~androirc@97.70.165.146] has joined #tlponies
01:14:40 <Bio> attention
01:14:42 <Bio> https://www.youtube.com/watch?v=I9HeAqZh8no&t=28s
01:14:49 <Bio> that is all.
01:20:37 <Crisium> a new one? wut
01:25:42 <Crisium> lol pretty good
01:26:43 <Micen> What!
02:09:13 <Camail_> weren't they DMCAd
02:32:03 -!- Micen [~Micen@h240.50.91.75.dynamic.ip.windstream.net] has joined #tlponies
02:35:02 <DuB`> https://twitter.com/iNcontroLTV/status/1153484240199258112?s=20
02:35:06 <DuB`> :t
02:39:40 <Camail> he had issues before with bloodclots didn't he
02:39:44 <Camail> god, thats miserable
02:39:55 <Camail> this entire thing is miserable
02:42:01 -!- Rawr|Fone [~AndChat52@c-4eb4e655.020-164-6d6c6d4.bbcust.telenor.se] has joined #tlponies
02:44:45 -!- Micen [~Micen@h240.50.91.75.dynamic.ip.windstream.net] has joined #tlponies
03:17:47 <skrm> fuckin hell dude
03:18:03 <skrm> one day its just poof and you're gone
03:19:13 <skrm> its so fucked up
05:38:52 -!- skram [~skram@89.38.98.149] has joined #tlponies
05:41:36 -!- Rawr|Fone [~AndChat52@c-4eb4e655.020-164-6d6c6d4.bbcust.telenor.se] has joined #tlponies
06:28:59 <Rawr|Fone> 🐴
06:56:23 <Rawr|Fone> Skram
06:57:35 -!- Runbunny [~Runbunny@91.100.28.10.generic-hostname.arrownet.dk] has joined #tlponies
06:57:42 <Rawr|Fone> Anders.
06:58:45 -!- Golly [Golly@cm-84.212.249.112.getinternet.no] has joined #tlponies
07:00:36 <Runbunny> Henrik.
07:00:52 <Rawr|Fone> How are you feeling today dear
07:03:16 <Runbunny> I'm pretty alright. I have been waking up early these past few days, but I have also been going to be late.
07:03:58 <Runbunny> Been lacking a bit of sleep.
07:05:59 <Rawr|Fone> It's good to still get up early even though you don't have to work
07:08:18 <Runbunny> Yeah.
07:08:50 <Runbunny> Still think I would have prefered the sleep ;)
07:13:32 <Rawr|Fone> Of course
07:20:00 -!- BioPhone [~androirc@97.70.165.146] has joined #tlponies
07:36:41 -!- DoT|Phone [~Dot@1.144.107.118] has joined #tlponies
07:37:14 <DoT|Phone> pon pon
07:51:58 <CockRoach|42> hors hors
07:54:23 <DoT|Phone> cr hors
08:18:27 -!- ShotgunPrincess [Westy543@c-24-4-167-102.hsd1.ca.comcast.net] has joined #tlponies
08:22:13 -!- reification [~thomas@cpc76294-cosh16-2-0-cust297.6-1.cable.virginm.net] has joined #tlponies
08:22:13 -!- mode/#tlponies [+v reification] by Q
08:35:16 -!- ShotgunPrincess [~Westy543@c-24-4-167-102.hsd1.ca.comcast.net] has joined #tlponies
08:35:20 -!- mode/#tlponies [+v ShotgunPrincess] by Q
08:39:39 -!- Westy543 [~Westy543@c-24-4-167-102.hsd1.ca.comcast.net] has joined #tlponies
08:39:43 -!- mode/#tlponies [+v Westy543] by Q
08:51:36 -!- BioPhone [~androirc@97.70.165.146] has joined #tlponies
08:58:19 -!- Rawr|Fone [~AndChat52@c-4eb4e655.020-164-6d6c6d4.bbcust.telenor.se] has joined #tlponies
09:08:12 -!- BioPhone [~androirc@97.70.165.146] has joined #tlponies
09:15:02 -!- BioPhone [~androirc@97.70.165.146] has joined #tlponies
09:19:44 -!- Dot` [webchat@cloak-n5ib542k.lnk.telstra.net] has joined #tlponies
09:19:52 <Dot`> pons
09:22:01 <Dot`> hows it going
09:23:47 -!- Rawr|Fone [~AndChat52@c-4eb4e655.020-164-6d6c6d4.bbcust.telenor.se] has joined #tlponies
09:24:26 <CockRoach|42> it'd going ok
09:25:38 -!- Dot [~Dot@amjone.lnk.telstra.net] has joined #tlponies
09:25:49 <Dot> blarg, dodgy internet
09:47:05 <reification> hello dotties, i have coffee so day has started
09:47:30 <Dot> ive had many coffees
09:47:50 <reification> you have a 12h headstart!
09:48:36 <Dot> only 9!
09:52:15 -!- tredc_ [~tredc@c83-254-129-166.bredband.comhem.se] has joined #tlponies
10:06:12 -!- DoT` [~Dot@1.144.106.12] has joined #tlponies
10:06:33 -!- BioPhone [~androirc@97.70.165.146] has joined #tlponies
10:10:09 <DoT`> .tell skram https://www.reddit.com/r/dwarffortress/comments/cgqi1l/dwarf_fortress_gladiator_tournament_iv_document/
10:18:00 <DoT`> hows it going reif?
10:21:26 -!- DoT|Phone [~Dot@1.144.106.12] has joined #tlponies
10:21:38 <DoT`> phone what
10:21:48 <DoT`> where you
10:22:28 <reification> it's sentient now!
10:22:51 <reification> i'm not too bad. how is down under land?
10:28:16 <DoT`> good, been driving and seeing sights all day
10:40:17 <Rawr|Fone> DoT DoT DoT
10:41:21 <DoT`> Rawr Rawr Rawr
10:41:23 <DoT`> <3 <3 <3
10:41:35 <Rawr|Fone> ❤❤❤
10:43:37 <DoT`> hows your face rawr
10:45:12 <Rawr|Fone> Doing very well
10:45:16 <Rawr|Fone> How are you dot
10:47:00 <DoT`> im good rawr, a bit tired
10:47:06 <DoT`> busy days
10:47:36 <DoT`> why are you not great rawr? whats up
10:48:57 <Rawr|Fone> I think very well and great are about the same level
10:49:28 <DoT`> im watchign you rawr! dont let me catch you not being great
10:51:01 <Rawr|Fone> I am doing my best my dear
10:51:16 <DoT`> thats all i ask rawr <3
10:53:12 <Rawr|Fone> You are a great pon dot ❤
10:54:50 <DoT`> no u
11:09:59 <DoT`> whats the plan today rawr
11:12:03 <Rawr|Fone> Gym and table tennis
11:12:13 <DoT`> thats very rawr
11:12:31 <Rawr|Fone> Maybe some programming and job searching
11:12:38 <Rawr|Fone> Well I am very me
11:12:57 <DoT`> what you programming? or just general studies/practice
11:14:08 <Rawr|Fone> I am trying to make lots of different small web projects to make a portfolio of stuff 
11:19:30 -!- Dot [~Dot@amjone.lnk.telstra.net] has joined #tlponies
11:20:38 <Rawr|Fone> Dot
11:24:42 -!- DoT` [~Dot@1.144.106.12] has joined #tlponies
11:29:42 <Rawr|Fone> DoT snela
11:34:32 <Runbunny> Stable yourself Dot.
11:40:20 <DoT`> oh dear
11:46:40 -!- Rawr|Phone [~AndChat52@m83-185-91-73.cust.tele2.se] has joined #tlponies
11:53:49 -!- BioPone [~androirc@mobile-166-170-25-143.mycingular.net] has joined #tlponies
12:02:52 -!- Dot [~Dot@amjone.lnk.telstra.net] has joined #tlponies
12:03:26 <Dot> hmmm
12:03:32 <Dot> maybe ok now? probably not
12:08:02 <Dot> runbun, hows your day
12:08:16 -!- BioPone [~androirc@12.33.239.117] has joined #tlponies
12:57:26 <Rawr|Phone> It's getting late dot
13:05:52 <Dot> sleep soon rawr
13:14:52 -!- BioPone [~androirc@12.33.239.117] has joined #tlponies
13:18:30 -!- BioPone [~androirc@12.33.239.117] has joined #tlponies
13:34:21 -!- BioPone [~androirc@12.33.239.117] has joined #tlponies
13:40:19 -!- DoT` [~Dot@amjone.lnk.telstra.net] has joined #tlponies
14:26:11 -!- BioPhone [~androirc@12.33.239.117] has joined #tlponies
14:26:51 <BioPhone> Pan.
14:33:49 <Rawr|Phone> BioHorse
14:36:15 -!- Micen|Droid_ [~Micen@ip-99-203-32-72.pools.cgn.spcsdns.net] has joined #tlponies
14:44:56 -!- skram [~skram@89.38.98.149] has joined #tlponies
14:47:23 <skram> my frens
14:50:39 -!- BioPhone [~androirc@12.33.239.117] has joined #tlponies
14:59:54 <reification> hello bio, skram
15:06:14 -!- Micen|Droid [~Micen@ip-99-203-143-87.pools.spcsdns.net] has joined #tlponies
15:22:34 -!- Zounds [webchat@cloak-07ouvien.14-2.cable.virginm.net] has joined #tlponies
15:22:40 <Zounds> hey
15:22:49 <reification> hi zounds
15:22:57 <Zounds> reef
16:03:06 -!- Camail [~Camail@45.40.84.145] has joined #tlponies
16:03:06 -!- mode/#tlponies [+v Camail] by Q
16:06:10 <Zounds> new OW hero gas a cool aesthetic reification
16:06:23 <Zounds> has*
16:06:52 <reification> i haven't seen anything zounds
16:07:13 <Zounds> check it out he looks pretty baller
16:08:32 <Zounds> https://www.youtube.com/watch?v=onplsJSdp4A
16:10:23 <Zounds> gonna be a tank
16:41:30 <reification> he seems definitely not insane zounds
16:42:22 <reification> good idea to have a new tank for role queue
16:42:25 <Zounds> eccentric is what blizzard called him
16:49:46 -!- carcinisation [~thomas@cpc76294-cosh16-2-0-cust297.6-1.cable.virginm.net] has joined #tlponies
16:49:46 -!- mode/#tlponies [+v carcinisation] by Q
16:52:08 -!- reification [~thomas@cpc76294-cosh16-2-0-cust297.6-1.cable.virginm.net] has joined #tlponies
16:52:08 -!- mode/#tlponies [+v reification] by Q
16:54:27 <reification> that was not convenient timing for internet to die
16:55:04 <reification> skram have i linked you this for your isekai list? https://twitter.com/Merryweatherey/status/1149566139338412032
16:56:41 <reification> ah i have nvm
17:33:16 <Zounds> its warm
17:33:20 <Zounds> save me D:
17:35:48 <reification> get ice cream zounds
17:35:59 <reification> mint choc chip
17:41:32 -!- DuB|fon [~androirc@168.149.241.80] has joined #tlponies
17:41:55 <Zounds> hmm ice cream
17:42:03 <Zounds> mint choc chip aint my thing but my bro likes that
17:48:23 <DuB|fon> Walked over to electronics store during lunch break and found a corsair 750w Gold psu on sale for $100
17:48:32 <DuB|fon> Now I just need the GPU and monitor...
18:05:06 <Runbunny> Hai Dub.
18:06:04 <DuB|fon> Hallu
18:14:41 <skram> hey DuB|fon i made an amazing discovery today
18:15:06 <skram> did you know that it is in fact possible to put TOO MANY parmesan on a pasta??
18:15:45 <DuB|fon> Uh no
18:16:47 <Rawr|Phone> Is it more than one skram
18:18:10 <skram> well i grated 2/3 of a stick of reggiano and it was too many
18:19:21 <DuB|fon> I'm not sure I believe you
18:19:38 <skram> try this experiment at home!
18:19:56 <skram> just go buck w i l d  with the grating iron
18:20:12 <DuB|fon> I only have some pretty grated :P
18:20:18 <DuB|fon> And no grater!
18:20:27 <DuB|fon> Pre-*
18:21:55 <skram> you should get a grater
18:26:14 <DuB|fon> I do have a weird little wire roller cheese slicer thing
18:26:21 <DuB|fon> No idea where it came from
18:26:39 <skram> rejected
18:32:17 <DuB|fon> Just gotta wait to get paid and see if the 2080 prices come down more or if I just get SUPER
18:34:40 <skram> credit cards pls
18:35:54 <Zounds> parmesan is not good skrammen
18:36:00 <Zounds> it's infact bad
18:36:17 <skram> its good on things but i wouldnt wanna munch it
18:36:28 <Zounds> Nono it's not good on things either
18:36:33 <Zounds> glad we cleared up this misunderstanding
18:36:37 <skram> what the fuck zounds
18:36:40 <skram> u wanna go??
18:37:06 <Zounds> meet you at the north sea
18:37:12 <skram> bring a bat
18:37:25 <Zounds> yer gettin' a doing ya wee prick
18:37:54 <skram> come at me bro
18:38:18 <Rawr|Phone> I agree zounds
18:38:38 <skram> im being bullied, DuB|fon
18:39:26 <DuB|fon> Zounds u r bad pls don't talk that way about my cheese
18:39:39 <DuB|fon> Is in fact #1
18:39:43 <Zounds> I'll take you and all ye parmy loving wee fanny
18:40:41 <skram> dub what language is this
18:40:52 <skram> i think im being threatened but im not sure
18:41:11 <DuB|fon> Wakaranai
18:41:38 <skram> S O U K A
18:44:38 <skram> I watched goblin slayer the other day and thats like 50% of his dialogue
18:45:17 -!- BioPhone [~androirc@12.33.239.117] has joined #tlponies
18:45:34 <BioPhone> Poen
18:47:24 <skram> neigh
18:47:29 <skram> i am a meat popsicle
18:48:23 <Rawr|Phone> You are a pon
18:48:27 <Rawr|Phone> A great pon
19:01:18 -!- tredc [~tredc@c83-254-129-166.bredband.comhem.se] has joined #tlponies
19:08:41 -!- Camail [~Camail@45.40.84.145] has joined #tlponies
19:08:41 -!- mode/#tlponies [+v Camail] by Q
19:18:48 <Rawr|Phone> Cam
19:18:52 <Camail> roar
19:18:56 <Rawr|Phone> Good evening
19:20:29 <Camail> hullo
19:26:28 <Camail> aww man, they changed the TL logo to geoff's dog
19:26:35 <Camail> well that fucked me up real quick
19:54:22 <Micen> hello
20:13:44 -!- BioPone [~androirc@mobile-107-92-123-26.mycingular.net] has joined #tlponies
20:39:45 <Bio> hej
20:42:20 <Rawr|Phone> Hai bayo
20:58:46 -!- Micen_ [~Micen@h148.242.40.162.dynamic.ip.windstream.net] has joined #tlponies
21:06:20 <Bio> https://i.redd.it/8w89qp68e2c31.jpg
21:06:30 <Bio> tlp circa 2019, colorized
21:08:43 <Bio> https://i.redd.it/3d853xvvj3c31.jpg
21:15:27 <Bio> https://i.redd.it/9m5b2whio1c31.png
21:15:33 <Bio> me_irl
21:23:17 -!- skrm [webchat@pioj.eid3.887x.ip] has joined #tlponies
21:30:05 <DuB|fon> Home time wew
21:51:21 -!- Crisium [~Crisium@c-73-174-151-51.hsd1.pa.comcast.net] has joined #tlponies
21:57:30 <Zounds> hi Crisium 
22:00:37 -!- Rawr|Fone [~AndChat52@c-4eb4e655.020-164-6d6c6d4.bbcust.telenor.se] has joined #tlponies
22:08:37 <reification> hey cris
22:18:07 -!- DuB` [DuB@cpe-68-174-122-249.nyc.res.rr.com] has joined #tlponies
22:30:40 <skrm> DuB`: 
22:30:57 <DuB`> skrm:
22:31:20 <skrm> pal
22:31:23 <Runbunny> Jonas, Jake.
22:31:25 <DuB`> bud
22:31:35 <Runbunny> It's the middle of the night.
22:32:07 <skrm> Anders.
22:32:11 <skrm> Its only midnight.
22:32:27 <Runbunny> As I was saying.
22:32:29 <DuB`> Janders
22:32:38 <Runbunny> Nyanners?
22:36:13 <DuB`> Everyone deserves a J on their name
22:36:55 <DuB`> .choose pasta sammich
22:36:58 <DuB`> ohohoho
22:37:22 <DuB`> But first SIGMA
22:37:24 <DuB`> Sigma TOES
22:37:46 <Crisium> Sigma is fun
22:45:50 <DuB`> My injured pc doesn't like the ptr :P
22:45:54 <DuB`> Crashed 5sec in
22:45:56 <DuB`> o well pasta time
22:49:32 <reification> thunderstorm has arrived
22:49:39 <DuB`> O boi
22:49:43 <Runbunny> oh?
22:49:51 <DuB`> Do you have a book and hot cocoa and a window to sit by?
22:49:56 <Runbunny> Quick to the thunder webpage thing.
22:50:50 <Runbunny> That's quite the storm it would seem.
22:52:11 <reification> i have a bed to sleep in dub
22:52:33 <DuB`> Also cozy
22:56:25 -!- carcinisation [~thomas@cpc76294-cosh16-2-0-cust297.6-1.cable.virginm.net] has joined #tlponies
22:56:25 -!- mode/#tlponies [+v carcinisation] by Q
23:11:25 <Runbunny> .tell zounds The chungus miqo'te, omg.
23:17:46 <reification> night all
23:28:08 <skrm> DuB` do you eat pasta for every meal?
23:37:20 <DuB`> No!
23:37:27 <DuB`> Sweetie told me to!
23:51:07 <skrm> dont trust sweetie
23:51:13 <skrm> remember who summoned her into being
