00:02:21 <Dot`> rawr, this rude horse
00:02:54 <skram> hoi
00:02:58 <skram> i was making me a food
00:03:05 <Dot`> what food?
00:03:48 <skram> just some mozzerella sticks
00:04:10 <skram> more of a snack really
00:04:47 <Dot`> hmm
00:04:59 <Dot`> you dled destiny 2 yet?
00:05:16 <skram> naw
00:11:01 -!- BioPone [~androirc@cpe-69-132-107-172.carolina.res.rr.com] has joined #tlponies
00:35:27 <Dot`> why you like that skram
00:35:40 <skram> like what
00:36:19 <Dot`> not wanting to try game
00:36:32 <skram> are we playing right now?
00:36:37 <skram> i could probably download it in 20 minutes
00:36:59 <Dot`> not RIGHT now, i sleep soon
00:37:07 <Dot`> but you need to dl it 
00:37:10 <Dot`> its 80 gb
00:39:23 <skram> its ok, i got that big dick internet
00:57:02 -!- Dot|Phone [uid393803@id-393803.stonehaven.irccloud.com] has joined #tlponies
01:16:00 -!- Rawr|Fone [~AndChat52@c-4eb4e655.020-164-6d6c6d4.bbcust.telenor.se] has joined #tlponies
01:16:55 <Phearlock> Finished watching pony
01:17:16 <Phearlock> It was great
01:24:52 <Camail> skram we could play it after the sleep
01:25:03 <skram> sure
01:30:35 <tredc> Pony is officically over
01:30:45 <tredc> It was great
01:33:27 <Phearlock> Hell yeah
01:33:40 <Phearlock> cozy ending =3
01:34:29 <tredc> yea
01:35:40 <Phearlock> Was it worth it? Yeah, all the pony was worth
01:37:47 <tredc> well i have to sleep now, silly americans having the finale in the middle of the night.
02:13:09 -!- BioPone [~androirc@mobile-166-170-57-198.mycingular.net] has joined #tlponies
03:51:38 -!- Rawr|Fone [~AndChat52@c-4eb4e655.020-164-6d6c6d4.bbcust.telenor.se] has joined #tlponies
04:15:24 -!- BioPone [~androirc@mobile-166-170-57-198.mycingular.net] has left #tlponies
04:15:35 -!- BioPhone [~androirc@mobile-166-170-57-198.mycingular.net] has joined #tlponies
05:57:14 -!- Rawr|Fone [~AndChat52@c-4eb4e655.020-164-6d6c6d4.bbcust.telenor.se] has joined #tlponies
