00:09:54 <Camail> population control and research
00:10:00 <Camail> you get more rewards for capturing mons
00:10:12 <Camail> so they encourage animal safety
00:10:33 <Camail> DuB`  fun fact, any flying mon can be staggered with a flash
00:10:50 <Camail> other than that one elder dragon that gets really mad
00:11:07 <Camail> but in low rank flying mons = easy kills
00:11:24 <Camail> bring 3 shots and 10 bugs, 13 trips
00:22:34 -!- Rawr|Fone [~AndChat52@c-4eb4e655.020-164-6d6c6d4.bbcust.telenor.se] has joined #tlponies
00:24:33 <DuB`> Legiana tonite :O
00:53:20 <Camail> ah, just dont get chilled, and if you do dont use stamina
01:08:27 <DuB`> Captured 'n everthing
01:46:50 -!- Rawr|Fone [~AndChat52@c-4eb4e655.020-164-6d6c6d4.bbcust.telenor.se] has joined #tlponies
02:55:18 -!- BioPhone [~androirc@mobile-166-175-189-56.mycingular.net] has joined #tlponies
02:55:24 <BioPhone> Hoers
02:55:32 <BioPhone> I home
03:21:41 <DuB`> :O
03:21:43 <DuB`> Finalee
03:40:46 -!- Rawr|Fone [~AndChat52@c-4eb4e655.020-164-6d6c6d4.bbcust.telenor.se] has joined #tlponies
03:54:37 -!- Golly [Golly@cm-84.213.21.103.getinternet.no] has joined #tlponies
04:14:52 <DoT|Phone> morning horses
04:33:28 <DoT|Phone> rude Skram
04:37:58 -!- Rawr|Fone [~AndChat52@c-4eb4e655.020-164-6d6c6d4.bbcust.telenor.se] has joined #tlponies
04:51:46 -!- DoT|Phone1 [~Dot@148.252.129.29] has joined #tlponies
05:09:58 -!- DoT|Phone [~Dot@85.255.232.151] has joined #tlponies
05:28:14 -!- DoT|Phone1 [~Dot@148.252.129.80] has joined #tlponies
05:33:27 <Camail> dot is here, time to sleep
06:27:24 -!- DoT|Phone [~Dot@185.69.144.131] has joined #tlponies
06:30:48 -!- DoT|Phone2 [~Dot@85.255.236.176] has joined #tlponies
06:32:42 -!- DoT|Phone1 [~Dot@85.255.236.176] has joined #tlponies
06:33:29 -!- DoT|Phone3 [~Dot@148.252.129.80] has joined #tlponies
06:40:09 -!- DoT|Phone [~Dot@148.252.129.217] has joined #tlponies
06:44:54 -!- DoT|Phone1 [~Dot@85.255.236.176] has joined #tlponies
06:58:12 -!- DoT|Phone [~Dot@185.69.144.89] has joined #tlponies
07:00:53 <DoT|Phone> pon pon
07:17:57 -!- Rawr|Fone [~AndChat52@c-4eb4e655.020-164-6d6c6d4.bbcust.telenor.se] has joined #tlponies
07:19:07 -!- DoT|Phone1 [~Dot@85.255.235.84] has joined #tlponies
07:21:42 -!- DoT|Phone2 [~Dot@85.255.235.84] has joined #tlponies
07:26:38 -!- DoT|Phone [~Dot@85.255.235.84] has joined #tlponies
07:30:03 -!- DoT|Phone [~Dot@85.255.235.84] has joined #tlponies
07:33:26 <DoT|Phone> internet please
07:37:53 -!- DoT|Phone1 [~Dot@185.69.144.122] has joined #tlponies
07:40:56 -!- DoT|Phone [~Dot@85.255.235.84] has joined #tlponies
07:41:13 <DoT|Phone> I'm so tired
07:41:49 <DoT|Phone> 5am is not natural
07:42:40 <Golly> idd
07:49:07 -!- DoT|Phone1 [~Dot@185.69.144.122] has joined #tlponies
07:50:17 <DoT|Phone1> phone is not happy today
07:55:13 -!- DoT|Phone [~Dot@85.255.232.104] has joined #tlponies
08:02:45 -!- DoT|Phone1 [~Dot@85.255.232.104] has joined #tlponies
08:20:27 <Golly> fakk i lost a filling again
08:20:34 -!- DoT|Phone [~Dot@85.255.232.104] has joined #tlponies
08:23:37 -!- Rawr|Fone [~AndChat52@c-4eb4e655.020-164-6d6c6d4.bbcust.telenor.se] has joined #tlponies
08:27:07 <Rawr|Fone> 🐴🐴🐴
08:51:18 -!- DoT|Phone1 [~Dot@85.255.233.30] has joined #tlponies
08:56:15 -!- DoT|Phone [~Dot@85.255.232.104] has joined #tlponies
09:07:23 -!- DoT|Phone1 [~Dot@85.255.232.104] has joined #tlponies
09:24:10 -!- DoT|Phone [~Dot@85.255.237.162] has joined #tlponies
09:30:46 -!- DoT|Phone2 [~Dot@85.255.232.104] has joined #tlponies
09:31:15 <Rawr|Fone> DoT
09:58:13 -!- BioPhone [~androirc@mobile-166-175-189-56.mycingular.net] has joined #tlponies
10:35:42 -!- tredc [~tredc@c83-254-129-166.bredband.comhem.se] has joined #tlponies
10:46:19 -!- Rawr|Fone [~AndChat52@c-4eb4e655.020-164-6d6c6d4.bbcust.telenor.se] has joined #tlponies
10:53:54 <Golly> welp, turns out i didnt lose a filling, it was a root filled tooth that caved in
10:53:59 <Golly> will need a crown :/
10:57:37 -!- Rawr|Fone [~AndChat52@c-4eb4e655.020-164-6d6c6d4.bbcust.telenor.se] has joined #tlponies
12:16:23 -!- BioPone [~androirc@12.33.239.117] has joined #tlponies
13:41:57 -!- BioPhone [~androirc@12.33.239.117] has joined #tlponies
13:42:10 <BioPhone> Sup nerds
13:48:54 <BioPhone> I'm thinking about finally finishing ffx
13:49:08 <BioPhone> Getting that itch again
14:01:22 <BioPhone> Hors
14:02:56 -!- reification [~thomas@cpc76294-cosh16-2-0-cust297.6-1.cable.virginm.net] has joined #tlponies
14:02:56 -!- mode/#tlponies [+v reification] by Q
14:21:28 -!- Runbunny [~Runbunny@91.100.28.10.generic-hostname.arrownet.dk] has joined #tlponies
14:21:36 <Runbunny> Hai.
14:22:50 -!- skram [~skram@82.147.53.47] has joined #tlponies
14:29:05 <Rawr|Fone> Anders
14:29:08 <Rawr|Fone> Jonas
14:29:14 <skram> Anders
14:29:15 <skram> Henrik
14:30:44 <reification> skram bun
14:31:05 <skram> reif mannen
14:38:08 <Runbunny> Hai
14:38:13 <Runbunny> I am back.
14:38:58 <skram> welcome buddy
14:49:16 -!- BioPhone [~androirc@12.33.239.117] has joined #tlponies
14:49:20 <skram> whats your face like today runbun
14:57:43 <BioPhone> Furry prolly
14:58:03 <skram> is Runbunny a sonic cosplayer irl
14:58:08 <skram> vote on your phones now
14:58:30 <Runbunny> I am not O:
14:58:43 <skram> survey says probably
14:59:28 <Runbunny> How many responded to your survey?
14:59:44 <skram> 100%
15:10:31 <Runbunny> lel
15:10:34 <Runbunny> Rigged.
15:10:36 <Runbunny> Also
15:10:43 <Runbunny> Leave my sonic OC alone.
15:10:51 <skram> are you questioning my integrity runbun
15:10:56 <skram> *teleports behind u*
15:11:02 <skram> nothing personell, kid
15:12:43 -!- DoT|Phone [~Dot@85.255.235.145] has joined #tlponies
15:12:49 <DoT|Phone> pons
15:12:53 <DoT|Phone> halp
15:12:55 <reification> dot
15:13:00 <reification> wat wrong?
15:13:09 <DoT|Phone> company functions have SO much socialising
15:13:15 <reification> ?help
15:13:18 <reification> ?halp
15:13:26 <skram> just go home dot
15:13:34 <DoT|Phone> I have like an hour in my hotel room before I should head back out
15:14:02 <reification> if you look fearsome enough ppl won't talk to you dot
15:15:19 <DoT|Phone> they keep being friendly!
15:15:23 <skram> face tatts, dot
15:15:29 <skram> get a teardrop tattoed on your face
15:15:59 <skram> or start yelling in afrikaans
15:16:36 <DoT|Phone> I'll know for next year Skram
15:17:19 <Rawr|Fone> You can start yelling in afrikaans today dot
15:17:29 <DoT|Phone> I don't know any Skram
15:17:33 <DoT|Phone> Rawr
15:17:41 <DoT|Phone> sorry, in very tired
15:17:42 <skram> dot you lived in afrika
15:17:51 <DoT|Phone> I lived in Africa
15:17:56 <reification> they probably don't either dot so you can make it up
15:18:13 <Rawr|Fone> Excellent point reef reef
15:18:20 <DoT|Phone> I with Reif but there is a south African I've been told
15:18:26 <DoT|Phone> no idea who it is
15:18:39 <skram> ek is 'n boude
15:18:58 <reification> ah sounds like when i had to do an impromptu talk at uni dot
15:19:28 <reification> i chose to do some basic japanese cause i figured no-one would know if i got anything wrong
15:19:41 <skram> except all the weebs
15:19:58 <reification> sadly one person did so i had to ignore them smirking at my mistakes
15:21:02 <DoT|Phone> aww
15:21:16 <DoT|Phone> rude weeb
15:22:14 <reification> i also blame japan for using the wrong characters for particles D:
15:24:16 <Micen> is japan wrong though?
15:24:25 <DoT|Phone> micen what you stream
15:24:27 <skram> about almost everything
15:24:31 <Micen> warcraft
15:24:49 <Micen> twitch.tv/itsmicen
15:24:58 <skram> did you do ony yet
15:25:06 <DoT|Phone> I can't watch micen
15:25:07 <Micen> im not 60 yes
15:25:20 <DoT|Phone> I have like £2 of data
15:25:37 <Micen> I leveled my shammy to 41 then asked about tanking and was told i could MT
15:25:39 <skram> think you only need to be 55 or 58 to go in
15:25:43 <Micen> so now im leveling my warrior
15:25:46 <Micen> who is 34
15:27:49 <DoT|Phone> How's the dnd hype going micen? I know I'm excited
15:28:02 <Micen> hype is near max
15:28:39 <DoT|Phone> great
15:28:52 <Micen> cant wait for session one.
15:31:12 <DoT|Phone> should I roll stats now for new character? in prep
15:33:09 <DoT|Phone> Hmm, I don't think swoots can roll 4 and drop lowest
15:35:05 <DoT|Phone> what's all up to
15:39:53 -!- DoT|Phone [~Dot@85.255.235.145] has joined #tlponies
15:41:56 -!- DoT|Phone1 [~Dot@85.255.235.145] has joined #tlponies
15:42:06 <DoT|Phone1> Hmm
15:43:49 -!- DoT|Phone [~Dot@85.255.235.145] has joined #tlponies
15:43:56 <DoT|Phone> this hotel Wi-Fi blocks irc
15:44:00 <DoT|Phone> useless
15:57:14 <Rawr|Fone> D:
16:19:50 <reification> it has begun https://www.twitch.tv/moonducktv
16:38:46 -!- Camail [~Camail@45.40.84.145] has joined #tlponies
16:38:46 -!- mode/#tlponies [+v Camail] by Q
16:40:58 <Camail> no
16:41:13 <DoT|Phone> Hmm
16:46:53 <Rawr|Fone> Jo
17:05:06 -!- Phearlock [webchat@cloak-mmem9569.215.120.245.getinternet.no] has joined #tlponies
17:09:55 <skram> DoT|Phone
17:10:36 <Phearlock> hi
17:11:05 <skram> heya ferlok
17:11:08 <reification> phear
17:16:22 <Camail> dot the uk isn't as broken as it was yesterday, your government actually has some structure
17:16:24 <Camail> impressive
17:25:13 <Runbunny> Hai
17:41:55 <Camail> hello runbun
17:43:05 <Camail> Runbunny i found a HH div card yesterday
17:44:15 <reification> cam the ruling is no big surprise given lack of witness statement from the pm
17:44:32 <Camail> yea it's the rational conclusion
17:44:40 <Camail> but we both live in political turmoil
17:44:41 <reification> the bill of rights decision smells of power grab and could make for drama down the line
17:44:44 <Camail> where the norm doesn't matter
17:44:53 <Camail> any win is a win
17:45:02 <reification> very much so
17:45:27 <reification> i expect more like this next month
18:46:59 -!- Rawr|Fone [~AndChat52@c-4eb4e655.020-164-6d6c6d4.bbcust.telenor.se] has joined #tlponies
18:48:06 -!- Rawr|Phone [~AndChat52@m83-185-85-20.cust.tele2.se] has joined #tlponies
18:56:33 -!- Cane [~Cane@CaneCraft.users.quakenet.org] has joined #tlponies
18:56:33 -!- mode/#tlponies [+o Cane] by Q
19:00:20 -!- DoT|Phone [~Dot@148.252.128.183] has joined #tlponies
19:00:26 <DoT|Phone> pons
19:00:50 <skram> dot pal
19:01:15 <DoT|Phone> .tell dub' what's this juniors I hear about with like 50 types of cheesecake
19:02:20 <skram> i went and looked at the purple house, dot
19:02:23 <skram> it was shit
19:02:58 <reification> i guess that's why they made it purple to try and distract you
19:03:37 <skram> i guess
19:03:52 <skram> you'd probably have to replace all the exterior cladding, regardless if its purple or not
19:31:10 -!- DoT|Phone1 [~Dot@85.255.232.48] has joined #tlponies
19:34:01 <Camail> hmm
19:34:12 <Camail> i just realized all my friends are playing summoners
19:34:48 <skram> im gonna try being a different boi when I got time
19:35:22 <Camail> i just made a dank diamond flask and before selling it i tried to think of anyone to give it to, unsuccesfully
19:35:31 <Camail> i should put it on my assassin tho
20:23:59 <DoT|Phone1> you'll probably get your new lad to catch up with me Skram
20:25:31 -!- DoT|Phone [~Dot@85.255.232.48] has joined #tlponies
20:40:38 <Camail> skram is pretty fast now
20:40:54 <Camail> but he still doesn't have quest progression memorized
20:40:58 <Camail> because he isn't an insane person
20:52:19 -!- BioPhone [~androirc@mobile-166-170-20-55.mycingular.net] has joined #tlponies
20:52:45 -!- Crisium [~Crisium@c-24-3-150-105.hsd1.pa.comcast.net] has joined #tlponies
21:06:27 <DoT|Phone> hey cris
21:14:33 -!- BioPone [~androirc@97.70.165.146] has joined #tlponies
21:19:51 -!- Rawr|Fone [~AndChat52@c-4eb4e655.020-164-6d6c6d4.bbcust.telenor.se] has joined #tlponies
21:22:01 -!- Bio [~BioPon@97.70.165.146] has joined #tlponies
21:22:35 <Bio> hej
21:37:05 <Runbunny> Hei.
21:41:11 <Bio> i have
21:41:18 <Bio> eated leftover pizza
21:41:55 <reification> that's what it's for
21:45:10 -!- Rawr|Fone [~AndChat52@c-4eb4e655.020-164-6d6c6d4.bbcust.telenor.se] has joined #tlponies
22:07:02 -!- DoT|Phone1 [~Dot@85.255.235.17] has joined #tlponies
22:25:23 -!- Rawr|Fone [~AndChat52@c-4eb4e655.020-164-6d6c6d4.bbcust.telenor.se] has joined #tlponies
22:33:51 -!- Rawr|Fone [~AndChat52@c-4eb4e655.020-164-6d6c6d4.bbcust.telenor.se] has joined #tlponies
23:00:57 <reification> night all
23:01:39 <skram> gnight reifmannen
23:04:04 -!- DoT|Phone [~Dot@85.255.236.230] has joined #tlponies
23:07:35 -!- DoT|Phone [~Dot@85.255.236.230] has joined #tlponies
23:13:42 -!- DoT|Phone1 [~Dot@85.255.236.230] has joined #tlponies
23:18:03 <Rawr|Fone> Skram
23:18:08 <skram> Hey pal
23:18:30 <Rawr|Fone> It is past bed time my dear
23:18:42 <skram> nu uh
23:18:57 <Rawr|Fone> Jo
23:19:08 <skram> henrik jeg er stor gutt
23:19:15 <skram> venligst
23:19:25 <Rawr|Fone> Inte på insidan
23:19:30 <skram> jojo
23:20:36 <Rawr|Fone> Övertyga mig
23:20:50 <skram> >:(
23:22:09 <Rawr|Fone> Well, I am going back to bed at least
23:22:16 <skram> good idea
23:22:29 <Rawr|Fone> You are a good idea
23:22:42 <skram> <3
23:23:45 <Rawr|Fone> <3
23:45:44 <Runbunny> I go sleep.
23:45:48 <Runbunny> Or something.
23:51:47 -!- DuB` [DuB@cpe-68-174-122-249.nyc.res.rr.com] has joined #tlponies
