00:03:53 -!- Crisium|2 [~Crisium@c-73-174-151-51.hsd1.pa.comcast.net] has joined #tlponies
00:15:11 <Cane> Final episode rendering.
00:38:12 -!- Bio [~BioPon@97.70.165.146] has joined #tlponies
00:48:13 <Bio> hoors
02:24:30 -!- Rawr|Fone [~AndChat52@c-4eb4e655.020-164-6d6c6d4.bbcust.telenor.se] has joined #tlponies
04:14:52 -!- Rawr|Fone [~AndChat52@c-4eb4e655.020-164-6d6c6d4.bbcust.telenor.se] has joined #tlponies
04:43:30 -!- Rawr|Fone [~AndChat52@c-4eb4e655.020-164-6d6c6d4.bbcust.telenor.se] has joined #tlponies
05:05:56 -!- DoT|Phone [~Dot@185.69.145.77] has joined #tlponies
05:11:31 -!- Rawr|Fone [~AndChat52@c-4eb4e655.020-164-6d6c6d4.bbcust.telenor.se] has joined #tlponies
05:14:42 <DoT|Phone> Morning pons
05:15:25 <Rawr|Fone> DoT DoT DoT
05:15:38 <DoT|Phone> Rawr Rawr Rawr
05:15:42 <Rawr|Fone> 💖💖💖
05:15:42 <DoT|Phone> 💖💖💖
05:15:54 <DoT|Phone> it's too early horse
05:15:59 <Rawr|Fone> Yes
05:19:21 <DoT|Phone> more work today Rawr?
05:21:12 <Rawr|Fone> Yes
05:22:30 <Rawr|Fone> I will probably only do 4 hours 
05:39:20 -!- Rawr|Fone [~AndChat52@c-4eb4e655.020-164-6d6c6d4.bbcust.telenor.se] has joined #tlponies
05:40:55 -!- Rawr|Phone [~AndChat52@m83-185-83-170.cust.tele2.se] has joined #tlponies
05:46:26 <Rawr|Phone> Hors hors
06:01:25 <DoT|Phone> pon pon
06:39:00 -!- DoT|Phone1 [~Dot@85.255.234.196] has joined #tlponies
08:53:40 <Rawr|Phone> 🤔🐴🐴
10:41:03 <Cane> Woo TI.
10:41:07 <Cane> Time for VODs.
10:48:51 -!- skram [~skram@109.236.83.78] has joined #tlponies
10:51:40 -!- Golly [Golly@cm-84.213.21.103.getinternet.no] has joined #tlponies
10:57:58 <Rawr|Phone> Jonas
10:58:05 <skram> Henrik my boy
10:58:22 <Rawr|Phone> How are you today dear
10:59:27 <skram> Good, I think
10:59:35 <skram> im gonna go pick up my new glasses in a bit
11:00:34 <Rawr|Phone> Exciting
12:05:19 <Rawr|Phone> Why is dot gone skram
12:06:57 -!- BioPone [~androirc@mobile-166-175-61-138.mycingular.net] has joined #tlponies
12:26:41 -!- DoT|Phone [~Dot@85.255.237.175] has joined #tlponies
12:27:54 <DoT|Phone> pons
12:28:27 <Rawr|Phone> DoT
12:28:32 <Rawr|Phone> Where have you been!
12:30:58 <DoT|Phone> I'm on a site. testing and stuff
12:31:01 <DoT|Phone> phone was dead
12:33:58 <Rawr|Phone> I missed you my dear
12:40:21 <DoT|Phone> <3
12:47:20 <skram> did you pass DoT|Phone?
12:57:38 <DoT|Phone> not yet
13:02:12 <Cane> I just finished the final episode of the Terraria summoner series. It's rendered and looks gorgeous. <3
13:02:41 <skram> whoah
13:02:54 <skram> its been a while since you started it
13:04:34 <Cane> I'll say.
13:46:54 <Cane> Uploading. Should be published in a few hours.
13:51:13 <skram> Cant wait :D
13:54:40 -!- Runbunny [~Runbunny@91.100.28.10.generic-hostname.arrownet.dk] has joined #tlponies
13:55:01 <skram> Anders.
13:55:04 <Runbunny> Tadaima.
13:55:05 <Runbunny> Jonas.
13:55:50 <Runbunny> I bought cake around lunch time today. I haven't had a chance to eat it until now.
13:56:46 <skram> Cake on a thursday? Madness!
13:57:17 <Runbunny> It's great.
13:57:36 <Runbunny> Well, it's great if you like cake.
14:02:37 <skram> depends what kind of cake
14:08:50 <Runbunny> You know that cheap stuff? Like when a baker is just making cake out of leftovers basically?
14:09:28 <Runbunny> Just add some marzipan and a bit of chocolate.
14:11:16 <skram> well yes but what is it made out of
14:16:12 <Runbunny> leftover stuff.
14:16:27 <Runbunny> It's basically "studenterbrød"
14:17:19 <skram> right right
14:17:36 -!- DuB|fon [~androirc@168.149.241.80] has joined #tlponies
14:17:49 <DuB|fon> :o
14:17:50 <Runbunny> Hai Dub.
14:18:08 <Runbunny> .tell reification https://danbooru.donmai.us/posts/3597059
14:18:28 <DuB|fon> Donmai donmai
14:18:29 <skram> Dub. Why are you so surprised
14:19:01 <Runbunny> He found himself here... again..
14:19:08 <Runbunny> It's a surprise to everyone.
14:19:25 <skram> but a welcome one to be sure
14:19:46 <DuB|fon> :D
14:20:19 <DuB|fon> :o is more of a "Ooh, what's in here"
14:20:23 <DuB|fon> Yes
14:25:14 -!- DoT|Phone [~Dot@85.255.233.24] has joined #tlponies
14:25:28 <DoT|Phone> pons phone has a bit if charge now
14:25:53 <skram> you spend too much time on your snapchats and instagrams
14:26:27 <CockRoach|42> hors hors
14:26:51 <DoT|Phone> I have neither! as you know
14:26:58 <DoT|Phone> I never get your foods pics
14:27:13 <skram> thats why i only use the discords now
14:27:31 <skram> you 19th century boy
14:28:35 <DoT|Phone> once I have a new phone my dear
14:28:51 <DoT|Phone> then I will get all your new fangled things
14:28:55 <DuB|fon> I'm getting a new phone next week!
14:29:04 <DuB|fon> ... it's the same phone I have right now
14:29:18 <skram> lol
14:29:21 <DuB|fon> But biw I didn't have ti pay for anything! :P
14:29:24 <DuB|fon> Now*
14:29:58 <skram> my phone should have an unfortunate accident soon
14:33:06 <DoT|Phone> what phone dub?
14:33:15 <DuB|fon> Galaxy 9+
14:33:19 <skram> one that goes beep beep i bet
14:34:07 <Runbunny> Dot dot.
14:34:37 -!- skraam [~skram@95.174.66.230] has joined #tlponies
14:35:21 <skraam> you should get a chinese spy phone, dot
14:38:18 -!- Rawr|Fone [~AndChat52@c-4eb4e655.020-164-6d6c6d4.bbcust.telenor.se] has joined #tlponies
14:44:25 <DuB|fon> Paid! 2080ti #2 time
14:44:29 <DuB|fon> Heheh
14:44:56 <skraam> WOW look at you mr moneybags with ur TIs and 4k monitors
14:45:29 <DuB|fon> No 4k bad, not enuff hz
14:46:36 <DuB|fon> Actually there is a 4k 144hz Acer predator monitor, but is $1k
14:46:46 <skraam> so cheap!
14:47:28 <DuB|fon> I could eat food for months for that much!
14:47:59 <skraam> Thats like 4 pounds of parmesan
14:48:31 <DuB|fon> Or put money in my retirement investment aka post climate-change apocalypse saving account
14:50:33 <skraam> thats future dubs problem
14:50:45 <skraam> present dub wants to pig out on the good stuff
14:54:37 <DuB|fon> Like LUNCH
14:54:52 <DuB|fon> Maybe I'll eat something today
14:55:16 <skraam> that sounds like a good idea
14:55:47 <DuB|fon> I usually skip lunch
14:56:14 <DuB|fon> Never really feel like eating, I unno
14:57:13 -!- Camail [~Camail@45.40.84.145] has joined #tlponies
14:57:14 -!- mode/#tlponies [+v Camail] by Q
14:58:32 <DuB|fon> Carmal
14:59:25 <skraam> campai
15:01:25 -!- reification [~thomas@cpc76294-cosh16-2-0-cust297.6-1.cable.virginm.net] has joined #tlponies
15:01:25 -!- mode/#tlponies [+v reification] by Q
15:04:35 <DoT|Phone> Skram I've actually looked at getting an Huawei phone
15:04:42 <Runbunny> Yes.
15:04:52 <Runbunny> Give in to the chinese overlords.
15:05:00 <Cane> I'm kind of nervous. I really hope my small group of fans will enjoy the conclusion to my Terraria series, especially since it's been so long since the last episode.
15:05:45 <DoT|Phone> Runbun I already have a Huawei laptop, it's great
15:07:25 <Runbunny> Yes.
15:07:41 <DoT|Phone> and the only company proven to not have hard wired/ coded spying. besides everyone's phone/ laptop already tracks everything they do between Google, mc, Facebook and Apple
15:08:19 <DoT|Phone> ms*
15:10:18 <DuB|fon> Cane terrararerr??? O boi
15:10:41 <Cane> Yes indeed.
15:11:07 <Cane> I scheduled it to be published in ~50 minutes. Currently updating playlists and things like that ahead of time.
15:13:21 <DuB|fon> https://twitter.com/R1CH_TL/status/1161989428191080450?s=20
15:13:32 <DuB|fon> Ti9 liquipedia traffic lol
15:14:18 <DoT|Phone> gl cane! <3
15:14:55 <Cane> Thanks. <3
15:16:14 <Cane> Hahah that tweet is great.
15:16:30 <DoT|Phone> Runbun, did you get to your workshop today?
15:16:38 <Cane> TI is the event everyone watches, not just Dota fans. I have to imagine a bunch of people are reading up on it.
15:17:43 <DuB|fon> Dota2 has always been my favorite esport for viewing
15:17:57 <DuB|fon> Csgona reasonably close second
15:18:05 <DuB|fon> Csgo is a
15:20:32 -!- Rawr|Fone [~AndChat52@c-4eb4e655.020-164-6d6c6d4.bbcust.telenor.se] has joined #tlponies
15:21:31 <DoT|Phone> Rawr Rawr Rawr
15:24:20 -!- tredc [~tredc@c83-254-129-166.bredband.comhem.se] has joined #tlponies
15:24:55 <DuB|fon> Oh dear, TL got stomped a couple of times
15:26:25 <skraam> RIP
15:26:32 <DoT|Phone> maybe we will get a tree
15:27:11 <skraam> wait whats happening now dub
15:27:19 <skraam> main event dont start til the 20th
15:27:23 <skraam> group stage?
15:27:59 <DuB|fon> Ye
15:28:32 <skraam> neat
15:28:47 <skraam> terrible timezone for yurop though
15:29:06 <skraam> starts at 04:000 and ends before i get off work
15:29:17 <DuB|fon> Yep
15:29:59 <DuB|fon> Tree is 1-0 so far, dot :P
15:30:06 <DoT|Phone> great
15:32:27 <DoT|Phone> how's work dub
15:32:36 <DuB|fon> Gewd
15:32:48 <skraam> did you do anything yet
15:32:52 <DuB|fon> Ya
15:33:23 <DoT|Phone> are you tasked with watering the plants?
15:33:47 <DuB|fon> No plants :(
15:34:01 <DoT|Phone> D:
15:34:12 <skraam> hows your coffee fetching skills
15:36:52 <DuB|fon> I get hot cocoa for myself regularly
15:37:41 <DoT|Phone> offer to make for ppl in the team when your getting
15:38:22 <DoT|Phone> easiest way to make friends
15:38:26 <DuB|fon> I'd have to go find them first :p
15:38:49 <DuB|fon> Desk hoteling system is weird
15:39:00 <skraam> send a global email and ask if anyone else needs a cup
15:39:20 <DuB|fon> Lol
15:39:23 <Camail> make yourself a bunch of coffee and drink it
15:39:37 <Camail> then brag about how much coffee you drank
15:40:25 <skraam> that makes people think you're cool
15:40:40 <Camail> yup
15:41:59 <Rawr|Fone> DoT DoT DoT
15:44:57 <DoT|Phone> 💖💖💖
15:47:51 <Rawr|Fone> 💖💖💖
15:50:44 <DoT|Phone> how was your day Rawr
15:51:06 <Rawr|Fone> I worked and I went to the gym
15:51:24 <DoT|Phone> no ping pong?
15:51:29 <Rawr|Fone> Now I'm going to watch the bulgaria open 
15:51:38 <Rawr|Fone> Only watching today dot
15:52:17 <DoT|Phone> hmm
15:52:49 <Rawr|Fone> My favorite player is playing in one hour
15:53:18 <DoT|Phone> he a defensive one?
15:53:27 <Rawr|Fone> Yes
15:53:44 <DoT|Phone> what's their name
15:53:49 <Runbunny> DoT|Phone, I had no workshops today. So I was just there. But it's the last day tomorrow.
15:54:00 <Runbunny> True NEET then.
15:54:24 <DoT|Phone> I believe in your Runbun
15:54:37 <Rawr|Fone> His name is Ma Te dot
15:54:54 <Rawr|Fone> He is playing against Quadri Aruna, the best african player
15:55:49 <DoT|Phone> well I'm sorry Rawr but I hope your player loses
15:55:59 <Rawr|Fone> How rude
15:56:00 <DoT|Phone> go African person
15:56:11 <DuB|fon> Haha
15:56:21 <skraam> wow
15:56:32 <skraam> is this how their friendship dies, DuB|fon?
15:57:51 <DuB|fon> Hmmmmmmmproblnot
15:59:04 <Rawr|Fone> Maybe
15:59:12 <Rawr|Fone> Depends on who wins
15:59:23 <DoT|Phone> depends how much of a sore loser Rawr is
16:00:22 <Rawr|Fone> There is no way Ma Te can lose
16:00:24 <Rawr|Fone> Please
16:00:28 <Rawr|Fone> He is the best
16:00:37 <Rawr|Fone> I want to be like him when I grow up
16:00:43 <skraam> I too believe in MaTe
16:03:18 <DuB|fon> M8
16:04:54 <Cane> Published video. Instantly get a comment posted. lol
16:05:53 <skraam> damnit
16:05:58 <skraam> missed my chance to say first
16:07:16 <skraam> so did it take you just as long to finish the game as the videos or have you been editing the final episode for a while, cane?
16:08:22 <Cane> Just the videos take forever to make. It's a ton of work for barely a couple hundred views (a week's worth of free time per episode some times), and it's hard to convince yourself it's a worthwhile project.
16:08:33 <Cane> Mostly procrastination and lack of interest on my part.
16:08:37 <Cane> But at least it's done and I can say that conclusively.
16:08:39 <skraam> yeah i bet
16:08:53 <skraam> editing's pretty mint
16:10:01 <Cane> The series as a whole is my favorite thing I've ever made, and I really like the montage at the end of the final episode. Lot of memories for me.
16:12:57 -!- DuB|fon [~androirc@168.149.241.80] has joined #tlponies
16:13:26 -!- DoT` [~Dot@228.89.99.195.dyn.plus.net] has joined #tlponies
16:25:31 -!- Rawr|Fone [~AndChat52@c-4eb4e655.020-164-6d6c6d4.bbcust.telenor.se] has joined #tlponies
16:35:41 <Camail> y'all are butts
16:35:43 <Camail> everyone of you
16:35:48 <Rawr|Fone> :o
16:36:13 <skraam> how fuckin' dare you
16:36:14 <skraam> clampail
16:36:23 -!- BioPhone [~androirc@12.33.239.117] has joined #tlponies
16:36:30 <BioPhone> Pone
16:37:07 <skraam> enop
16:40:55 <Rawr|Fone> 🐴🐴
16:47:02 <Runbunny> Camail!
16:47:11 <Camail> runbun
16:47:16 <Runbunny> Is monster hunter yet ?!?!
16:47:16 <Camail> hello
16:47:19 <Runbunny> Hai.
16:47:19 <Camail> umm no
16:47:24 <Runbunny> ughhh
16:47:24 <Camail> i believe it will never come out
16:47:29 <Runbunny> Noes.
16:47:35 <Camail> yes very sad
16:49:01 <Runbunny> Overwhelmingly so.
16:58:09 <BioPhone> Asdf
17:02:14 -!- Rawr|Fone [~AndChat52@c-4eb4e655.020-164-6d6c6d4.bbcust.telenor.se] has joined #tlponies
17:15:05 -!- Rawr|Fone [~AndChat52@c-4eb4e655.020-164-6d6c6d4.bbcust.telenor.se] has joined #tlponies
17:15:19 <Rawr|Fone> The match is starting now dot
17:17:15 -!- DuB|fon [~androirc@168.149.241.80] has joined #tlponies
17:23:46 <BioPhone> Who work horse here
17:24:30 <DuB|fon> Allhors
17:24:48 <skraam> not me L O L
17:25:16 <BioPhone> Lucker
17:25:45 <BioPhone> Imma strum some H E C K I N FE tonight I think lads
17:25:55 <BioPhone> If yall wanna hang
17:26:37 <skraam> yasss
17:26:55 <DuB|fon> Not if I stream OBERWAJ and steal all ur viewers
17:26:59 <DuB|fon> Muaha
17:27:28 <reification> :O
17:28:23 <BioPhone> Pls
17:28:36 <BioPhone> Oberwadje ded gaem
17:29:35 <DuB|fon> Aliver than hon
17:30:10 <BioPhone> Fact
17:30:18 <BioPhone> RIP in pepe hon
17:30:40 <skraam> savage 2 remaster when
17:32:25 <DoT`> your old skram
17:32:47 <BioPhone> Soon hopefully
17:33:01 <BioPhone> Maliken has to stop doing hookers and blow first tho
17:34:26 <skraam> so never then
17:36:47 <BioPhone> Tru
17:46:07 <Runbunny> Didn't they sell hon to some other company?
17:46:26 <Runbunny> So everyone got S2'd a final time.
17:53:42 <DuB|fon> Oh huh
17:53:53 <DuB|fon> New phone is today, I guess! Fun
17:55:35 <reification> local news is all about smol hors that had to be rescued by firefighters from a drain it fell down
17:56:12 <reification> also first game of day i got carried by played called "littleponey"
17:59:18 <Camail> that means you need a new phone name
17:59:26 <Camail> i suggest Tony
17:59:39 <Camail> or Allen
18:00:09 <Runbunny> What about "Tony 2"
18:00:25 <Runbunny> oh he left already.
18:00:27 <Runbunny> Boo.
18:03:36 <skraam> what happened to tony 1
18:04:45 -!- DuB|fon [~androirc@168.149.241.80] has joined #tlponies
18:06:11 -!- Rawr|Fone [~AndChat52@c-4eb4e655.020-164-6d6c6d4.bbcust.telenor.se] has joined #tlponies
18:20:20 -!- Rawr|Fone [~AndChat52@c-4eb4e655.020-164-6d6c6d4.bbcust.telenor.se] has joined #tlponies
18:49:32 -!- Rawr|Fone [~AndChat52@c-4eb4e655.020-164-6d6c6d4.bbcust.telenor.se] has joined #tlponies
19:19:56 -!- Rawr|Fone [~AndChat52@c-4eb4e655.020-164-6d6c6d4.bbcust.telenor.se] has joined #tlponies
19:24:42 -!- BioPhone [~androirc@12.33.239.117] has joined #tlponies
19:25:24 <DuB|fon> Ooooooh
19:25:41 <DuB|fon> Was easy to export everything over to new phone
19:25:57 <DuB|fon> All setting and theme and everything
19:26:38 <reification> if only you could move home so easily
19:30:58 <reification> sadly it looks like i won't get to see cricket tomorrow
19:31:13 <reification> given there are now weather warnings about flooding :(
19:31:20 <Runbunny> Oh :/
19:31:27 <Runbunny> Will they even play?
19:31:40 <reification> no bun
19:31:53 <reification> cricket stops for basically any rain
19:35:12 <DoT`> rawr
19:35:33 <DoT`> did tye best player win?
19:36:12 <Rawr|Fone> No
19:39:35 <Camail> so dub what's the new phone's name
20:04:24 <Camail> runbun how's the shocknova going
20:13:41 <Runbunny> DoT`, https://i.imgur.com/6XPUQmG.mp4
20:14:12 <Runbunny> It's alright Camail. I need to transit out of tabula rasa though.
20:14:18 <Runbunny> So still kinda squish.
20:15:01 <Camail> ah, but prices are great now
20:15:35 <Camail> also, it feels good to sell stuff to people who have like 4 challenges done
20:15:47 <Camail> like giving your kid a lunch for school
20:17:36 <skraam> camails turned into a big sister
20:17:55 <DoT`> runbun, otters are the best
20:18:04 <Camail> nah skraam i'm ur daddy
20:18:28 <Camail> dot is also my son but he's all prodigal and shit
20:18:50 <skraam> you're not my REAL DAD
20:18:56 <Camail> you'e right
20:18:57 <Camail> I'm better
20:19:23 <Camail> i'm dad 2, with more features
20:19:37 <skraam> none of the bugs
20:19:52 <skraam> like being stuck at the cigarette queue at the gas station for 19 years
20:20:29 <Camail> yea my race conditions don't cause deadlocks
20:20:31 -!- skram [~skram@82.147.53.3] has joined #tlponies
20:27:23 <DoT`> cam pls, i am too cheap to be frivolous and extravagant with money
20:27:43 <Camail> i wouldn't know because you never come home
20:27:51 <Camail> who know what you're doing with those brits
20:28:02 <skram> dot's a delinquent
20:30:50 <Runbunny> DoT`, https://i.imgur.com/mJJQdXj.mp4
20:45:42 <BioPhone> Home tiem
20:46:28 -!- BioPone [~androirc@mobile-166-170-26-147.mycingular.net] has joined #tlponies
20:48:58 -!- Crisium [~Crisium@c-73-174-151-51.hsd1.pa.comcast.net] has joined #tlponies
20:50:29 -!- Rawr|Fone [~AndChat52@c-4eb4e655.020-164-6d6c6d4.bbcust.telenor.se] has joined #tlponies
20:52:17 -!- DvB|fon [~androirc@168.149.241.80] has joined #tlponies
20:52:33 <DvB|fon> New fone is the live
21:14:00 <Bio> he
21:14:03 <Bio> its i
21:14:05 <Bio> the home guy
21:15:50 -!- BioPone [~androirc@97.70.165.146] has joined #tlponies
21:20:26 <Runbunny> Welcome home Bio
21:20:36 <Runbunny> Just in time for me to go sleep.
21:20:48 <Crisium> gn roonboon
21:21:07 <Bio> but fire emblem tho
21:21:27 <Runbunny> I have obligations... 
21:21:36 <Bio> TO ME
21:21:38 <Bio> !
21:21:45 <Runbunny> But you don't pay me money.
21:25:26 <skram> bio will give you a dollar to watch his stream
21:25:35 <Runbunny> No he won't.
21:25:43 <skram> fine
21:25:46 <skram> ill give you a dollar
21:26:18 <Bio> you come to my place i'll give u something worth more =)
21:26:35 <Runbunny> The taxation witches will take most of the dollar Jonas.
21:26:52 <skram> no??
21:26:59 <skram> gifts are untaxed, runbun
21:27:15 <DvB|fon> Especially if you don't tell taxman.
21:28:00 <Runbunny> There are taxes on gifts!
21:28:11 <Runbunny> Well if they're large enough.
21:28:39 <Runbunny> It's like 350 dollars for me to go to USA.
21:29:02 <skram> go to NYC and partake in dubs hospitality
21:29:12 <skram> he was all waah i have too many monies what do earlier
21:29:21 <Runbunny> Dub is only 9 hours and 350 dollars away.
21:29:35 <Bio> the magic of the future
21:29:46 <Bio> teleporters when tho
21:29:49 <Runbunny> He spent them all on fancy monitors and gfx cards.
21:29:54 <Runbunny> Never.
21:30:24 <Runbunny> Anyhoo sleep.
21:38:57 * skram slaps DoT` around a bit with a large trout
21:49:37 <DoT`> whhyyy
21:50:16 <skram> just wanted to see if you were asleep yet
21:51:58 <DoT`> no
21:52:01 <DoT`> i was gaming
21:52:05 <DoT`> i should be asleep though
21:52:22 <skram> hmm
21:52:29 <skram> did you finish your sat yet
21:53:07 <DoT`> it will take like a month at least skram
21:53:15 <DoT`> but im not there till next friday
21:53:31 <DoT`> another guy is handling it till then, then he goes on holiday
21:53:44 <Bio> FE soon
21:53:46 <skram> why so long
21:54:00 <DoT`> skram you have to test EVERYTHING
21:54:10 <DoT`> all IO, every alarm, every process, every fault
21:54:37 <DoT`> imagine turning every small thing on and off/ open close at your work
21:54:40 <skram> pfft
21:54:56 <skram> how big is this project
21:57:28 <DoT`> asp feed, anoxic zone, asp lanes, asp blowers, FST, desludge and RAS control, RAS/SAS pumps, Thickener feed tanks, TFT air mixers, Thickener feed pumps, Drum thickeners, sludge export, return liquors, washwater booster, washwater transfer, poly handling, poly mixing, service water
21:57:33 <DoT`> i think that was the zones
21:58:30 <DoT`> ASP lanes has 8 PID's!!!
21:59:17 <skram> auto tune, plz
21:59:39 <skram> what sort of controls are you using
22:00:02 <skram> PLCs with some sort of HMI attached or a integrated SCADA thing
22:00:50 <DoT`> a main SCADA and HMI at the MCC and 2 further HMI's at the drum thickneres
22:02:38 <skram> neat
22:03:01 <skram> distributed IO over ethernet? or are you using something dumb like profibus
22:04:03 <DoT`> what you have against profibus
22:04:13 <DoT`> and no, its just a copper network
22:04:51 <skram> dunno, profibus gives weird errors sometimes
22:05:02 <skram> what do you mean by copper network
22:06:30 -!- DvB|fon [~androirc@mobile-166-172-60-49.mycingular.net] has joined #tlponies
22:08:13 <DoT`> ethernet
22:08:28 <skram> i see
22:08:34 <DoT`> i dont know, we call it either copper or fiber
22:09:43 <skram> p cool
22:09:49 <DoT`> skram, the fact is no one seems to know how to set profibus up correctly, they just click till it seems to be doing the right thing
22:09:57 <DoT`> its annoying
22:10:51 <skram> profibus is at least 30 years old by now, DoT`
22:11:45 <DoT`> oh... now i recall exactly what that is
22:12:02 <DoT`> we have recently been trying to do some asset replacment with it
22:12:18 <DoT`> one guy spent 3 days trying to get it to talk so he could copy the code off
22:12:45 <DoT`> rockwell likes its profibus
22:14:45 <DoT`> my knowledge of systems is still spotty skram as for the 9 months ive been working there, all but 3 weeks at the start have been on 1 job
22:15:11 <skram> well its a big job
22:15:26 -!- DvB|fon [~androirc@mobile-166-172-60-49.mycingular.net] has joined #tlponies
22:16:23 <skram> AB uses mostly ethernet/ip or devicenet
22:17:03 <skram> or the rare rs485 but thats a bit old-fashioned
22:17:55 <DoT`> well the only time i have come in contact with AB is asset replacemtn jobs for sites that are 20+ years old
22:18:05 <DoT`> all new stuff we do is seimens
22:18:18 <skram> siemens is the devil
22:18:18 <skram> pls
22:19:10 <DoT`> better the devil you know?
22:19:40 -!- DvB|fon [~androirc@cpe-68-174-122-249.nyc.res.rr.com] has joined #tlponies
22:19:40 <skram> I guess
22:20:02 <skram> not that I have much experience with anything else than S5
22:22:05 <skram> How my old boss managed to make that old miserable hag communicate with mondern PCs over ethernet/ip is probably one of the greatest victories of the 21st century
22:22:20 <DoT`> lol
22:23:00 -!- DuB` [DuB@cpe-68-174-122-249.nyc.res.rr.com] has joined #tlponies
22:23:19 <Bio> @cane, i missed ur vid, grats on finishing it
22:23:38 <Cane> Oh hai Bio. <3
22:24:31 <Bio> I saw the highlight vid and I was like, wait, i dont remember if he did the last boss
22:24:38 <Bio> then looked back a couple days and saw it
22:26:03 -!- Rawr|Fone [~AndChat52@c-4eb4e655.020-164-6d6c6d4.bbcust.telenor.se] has joined #tlponies
22:27:10 <DoT`> skram, runbun https://imgur.com/gallery/41XkGPv
22:28:05 <Bio> anywho
22:28:06 <Bio> ?biostream
22:28:07 <skram> she looks way too old for this shit
22:30:06 <DuB`> Home in time for cane vid and bio strim side by side mmmm
22:30:20 <Bio> mm
22:47:55 <DuB`> Did my role queue placements on the alt last night
22:48:32 <DuB`> Between 2500-2950 on all three there, which means I can't play some roles with the bronze / low silver friends T_T
23:00:03 -!- BioPone [~androirc@97.70.165.146] has joined #tlponies
23:03:35 -!- skram [~skram@93.190.142.43] has joined #tlponies
23:06:56 <Micen_> im close to climbing out for healer at least.
23:07:19 <DuB`> wew
23:07:27 <DuB`> Oh what the it's thursday already?
23:08:27 <DuB`> 2x wew
23:09:27 <reification> night all
23:09:51 <DuB`> nn reef
23:36:24 -!- Rawr|Fone [~AndChat52@c-4eb4e655.020-164-6d6c6d4.bbcust.telenor.se] has joined #tlponies
23:51:30 -!- BioPone [~androirc@97.70.165.146] has joined #tlponies
