00:00:45 <Dot`> skrm
00:00:55 <Dot`> how dare you!
00:00:57 <Dot`> i know 2 memes!
00:01:03 <Dot`> Loops 
00:01:16 <skram> and salami?
00:01:17 <Dot`> Goose
00:01:26 <Dot`> thats 3!
00:01:28 <skram> ah, my bad my bad
00:01:56 <Dot`> big of you to admit you where wrong
00:02:09 <Bio> what an absolute unit
00:02:17 <Dot`> also skrm, did you see the scottish thingn i linked you before you left
00:02:31 <skram> im nothing if not magnanimous
00:02:35 <skram> nein
00:04:41 <Dot`> skrm https://imgur.com/gallery/kCzgzGK
00:06:57 <skram> whats a tattie heid
00:07:51 <skram> whats bowfin
00:11:21 <Dot`> i thought you spoke scottish
00:12:39 <skram> guess not
00:13:17 <Crisium> skrammen only speaks his native language
00:13:20 <Crisium> english
00:15:16 <skram> exactly
00:19:00 <Cane> Anyone have Phearlock's contact info? The dude has Discord, right?
00:19:06 <Cane> Oh there he is.
00:19:12 <Cane> I was looking at offline like a spaz.
00:19:32 <skram> :D
00:19:52 <skram> think i have his actual phone number somewhere
00:25:51 <carcinisation> CockRoach|42, https://twitter.com/yunuki/status/1206523887405555713
00:30:23 -!- reimeuk [~thomas@cpc76294-cosh16-2-0-cust297.6-1.cable.virginm.net] has joined #tlponies
00:30:23 -!- mode/#tlponies [+v reimeuk] by Q
00:35:52 <Runbunny> Oh boy.
00:42:46 <reimeuk> .tell dub` old beep boop https://www.youtube.com/watch?v=NL4lHwjX9pM
00:47:01 <skram> this is fake, reif
00:47:09 <skram> daft punk are robots and these are clearly human
00:48:06 <reification> maybe it's so old it's from before they turned into robots skram
00:48:33 <skram> or maybe they were the ones who built the robots
00:58:55 <reification> now i shall sleep
00:58:59 <reification> g'night all
00:59:13 <skram> gnight reifmannen
00:59:49 <reification> well maybe i shall listen to some of the new fall of civ podcast
01:00:05 <reification> only some cause it's 4 hours long...
01:00:11 <skram> dont stay up all night again reif
01:00:51 -!- BioPone [~androirc@mobile-166-170-20-167.mycingular.net] has joined #tlponies
01:13:44 -!- BioPone [~androirc@mobile-166-170-20-167.mycingular.net] has joined #tlponies
01:16:40 <Camail> skram the new atlas is so different
01:16:50 <skram> what did they do to it
01:16:57 <Camail> i tried to fight the last boss and go gimped by environmental hazards
01:17:02 <Camail> well...a lot
01:17:34 <Camail> the gist of it is that they changed it from drilling a path to the middle, to completing chunks of the map at a time
01:18:00 <skram> cool
01:18:07 <skram> what are your thoughts about it
01:18:13 <skram> better? worse?
01:20:52 <Camail> well, i like the old one a lot
01:21:04 <Camail> the new one has fun stuff
01:21:10 <Camail> but i really really liked the old end game
01:21:18 <Camail> and i just got to the point of farming it!
01:21:48 <Camail> this new stuff is the most unfriendly to new players
01:21:53 <Camail> out of all the content in the game
01:22:05 <skram> does it take more effort to complete
01:22:08 <Camail> but i think that's intentional, because its end game, its the last thing you do
01:22:11 <Camail> ohhhhh hell yea
01:22:15 <Camail> i literally cant carry you
01:22:45 <Camail> you can't rush through the story because it's based on overall map completion
01:22:53 <skram> dang
01:24:29 <skram> whats the end goal of the new map
01:24:45 <Camail> if i shared my map pool you'd still have to run at an absolute minimum  minimum of 80 maps
01:24:51 <Camail> if my math is right
01:25:02 <Camail> a new boss
01:25:07 <Camail> i'm not entirely sure because i'm still not done
01:25:20 <skram> ait
01:25:24 <Camail> but there's essentially a whole new level of difficulty
01:25:34 <Camail> like, uber map completion
01:25:39 <skram> no spike traps though?
01:25:46 <Camail> only in lab
01:25:49 <Camail> sirus has worse tho
01:25:53 <skram> ok good
01:25:54 <Camail> he has black death tornados
01:25:56 <skram> sirus?
01:26:06 <Camail> he's the big bad
01:26:09 <skram> fuckin' AoEs bro
01:26:27 <Camail> i literally died 5 times to them not knowing where i needed to go
01:26:33 <Camail> only died once to the boss
01:26:54 <Camail> andi have no idea how to get a second shot
01:27:06 <Camail> there are no map fragments anymore
01:27:12 <Camail> +
01:29:00 <skram> hmm
01:29:06 <skram> have to make a new character i guess
01:37:34 <Camail> arc mine saboteur is generally seen as pretty good
01:37:50 <Camail> minions are still good, most people use skellies for leveling
01:38:20 <Camail> zombies got nerfed quite heavily but they were so laughably good that now they're just normal good
01:38:39 <skram> hah ye
01:38:45 <skram> no more necromancer stuff i dont think
01:38:55 <skram> it was good but kinda boring honestly
01:39:40 <Camail> its only fun in hc, where you really dont want anything bad to happen ever
01:40:05 <Camail> but yea you could try slayer cyclone, or gladiator impale
01:40:33 <Camail> ed contagion trickster is still good
01:43:07 <skram> any good builds that spin?
01:45:34 <Camail> cyclone is the spinny build
01:46:19 <Camail> melee gets a biiiit rough with the multimod nerf
02:53:24 -!- BioPone [~androirc@mobile-166-170-20-167.mycingular.net] has joined #tlponies
03:09:15 -!- Rawr|Fone [~AndChat52@173-25-20-95.client.mchsi.com] has joined #tlponies
03:18:25 <Rawr|Fone> 🐴🐴🐴
05:03:03 -!- BioPone [~androirc@97.70.165.146] has joined #tlponies
06:12:41 -!- Micen_ [~Micen@98.23.74.6] has joined #tlponies
07:47:47 -!- Dot|Phone [uid393803@2001:67c:2f08:8::6:24b] has joined #tlponies
09:02:16 <Dot|Phone> Morning pons 
09:46:48 -!- reification [~thomas@cpc76294-cosh16-2-0-cust297.6-1.cable.virginm.net] has joined #tlponies
09:46:48 -!- mode/#tlponies [+v reification] by Q
10:35:55 -!- Dot|Phone [uid393803@2001:67c:2f08:8::6:24b] has joined #tlponies
10:35:56 <Dot|Phone> Yay morning meetings
