00:12:59 -!- BioPone [~androirc@mobile-166-170-23-233.mycingular.net] has joined #tlponies
00:27:54 <Runbunny> I gotta sleep.
00:40:51 -!- BioPone [~androirc@mobile-166-170-23-233.mycingular.net] has joined #tlponies
01:02:42 -!- BioPone [~androirc@mobile-166-170-23-233.mycingular.net] has joined #tlponies
01:12:29 -!- Rawr|Fone [~AndChat52@c-4eb4e655.020-164-6d6c6d4.bbcust.telenor.se] has joined #tlponies
01:15:48 -!- BioPone [~androirc@mobile-166-170-23-233.mycingular.net] has joined #tlponies
01:46:58 -!- Rawr|Fone [~AndChat52@c-4eb4e655.020-164-6d6c6d4.bbcust.telenor.se] has joined #tlponies
02:04:05 -!- Rawr|Fone [~AndChat52@c-4eb4e655.020-164-6d6c6d4.bbcust.telenor.se] has joined #tlponies
02:44:55 -!- Rawr|Fone [~AndChat52@c-4eb4e655.020-164-6d6c6d4.bbcust.telenor.se] has joined #tlponies
03:36:06 -!- BioPone [~androirc@mobile-166-170-23-233.mycingular.net] has joined #tlponies
03:42:10 -!- Rawr|Fone [~AndChat52@c-4eb4e655.020-164-6d6c6d4.bbcust.telenor.se] has joined #tlponies
03:46:57 -!- BioPone [~androirc@mobile-166-170-23-233.mycingular.net] has joined #tlponies
03:54:36 <Rawr|Fone> 🐴🐴🐴
04:34:58 -!- Rawr|Fone [~AndChat52@c-4eb4e655.020-164-6d6c6d4.bbcust.telenor.se] has joined #tlponies
04:55:31 -!- Rawr|Fone [~AndChat52@c-4eb4e655.020-164-6d6c6d4.bbcust.telenor.se] has joined #tlponies
05:08:52 -!- BioPone [~androirc@mobile-166-170-23-233.mycingular.net] has joined #tlponies
05:35:46 -!- BioPone [~androirc@mobile-166-170-23-233.mycingular.net] has joined #tlponies
05:40:12 <Rawr|Fone> Horse
06:11:44 -!- Rawr|Fone [~AndChat52@c-4eb4e655.020-164-6d6c6d4.bbcust.telenor.se] has joined #tlponies
06:29:58 -!- Micen [~Micen@h54.212.18.98.dynamic.ip.windstream.net] has joined #tlponies
06:39:01 -!- Runbunny [~Runbunny@91.100.28.10.generic-hostname.arrownet.dk] has joined #tlponies
07:10:33 -!- Rawr|Fone [~AndChat52@c-4eb4e655.020-164-6d6c6d4.bbcust.telenor.se] has joined #tlponies
07:22:24 -!- Rawr|Fone [~AndChat52@c-4eb4e655.020-164-6d6c6d4.bbcust.telenor.se] has joined #tlponies
07:22:28 -!- Dot|Phone [uid393803@2001:67c:2f08:8::6:24b] has joined #tlponies
07:22:40 <Dot|Phone> Morning
07:22:52 <Micen> morning
07:55:03 -!- Rawr|Fone [~AndChat52@c-4eb4e655.020-164-6d6c6d4.bbcust.telenor.se] has joined #tlponies
08:06:20 -!- Rawr|Fone [~AndChat52@c-4eb4e655.020-164-6d6c6d4.bbcust.telenor.se] has joined #tlponies
08:13:10 -!- Rawr|Phone [~AndChat52@83.187.167.116] has joined #tlponies
08:14:51 -!- Rawr|Pone [~AndChat52@c-4eb4e655.020-164-6d6c6d4.bbcust.telenor.se] has joined #tlponies
08:17:47 -!- Rawr|Phone [~AndChat52@m83-185-42-222.cust.tele2.se] has joined #tlponies
08:19:29 -!- Rawr|Phone [~AndChat52@c-4eb4e655.020-164-6d6c6d4.bbcust.telenor.se] has joined #tlponies
08:23:50 -!- BioPone [~androirc@mobile-166-170-23-233.mycingular.net] has joined #tlponies
08:28:34 -!- Rawr|Fone [~AndChat52@m83-185-42-222.cust.tele2.se] has joined #tlponies
08:30:37 <Dot|Phone> Rawr Rawr Rawr
08:34:36 -!- BioPone [~androirc@mobile-166-170-23-233.mycingular.net] has joined #tlponies
08:36:46 <Rawr|Fone> DoT DoT DoT
08:36:56 <Rawr|Fone> I am on my way to usa
08:37:24 <Dot|Phone> 💖💖💖
08:37:40 <Dot|Phone> Rawr famous ping ponger? 
08:37:51 <Rawr|Fone> 💖💖💖
08:38:03 <Rawr|Fone> Visiting friends
08:38:37 <Runbunny> O:
08:38:47 <Runbunny> Have a nice trip Henrik.
08:38:48 <Dot|Phone> Where in America? 
08:39:18 <Rawr|Fone> Des Moines in Iowa
08:39:25 <Rawr|Fone> Thanks Anders dear
08:39:42 <Dot|Phone> Iowa? Isn't there just corn fields there? 
08:40:20 <Dot|Phone> Sorry. All my knowledge of there comes from MASH
08:40:46 <Rawr|Fone> I don't know, I have never been there
08:40:48 <Micen> no, thats basically it. 
08:41:04 <Rawr|Fone> My girlfriends sister lives there though
08:41:26 <Dot|Phone> Sounds great Rawr. 
08:41:55 <Dot|Phone> Eat a burger while you are there
08:42:28 <Rawr|Fone> Hmm
08:42:31 <Rawr|Fone> We'll see
08:42:35 <Rawr|Fone> Probably not
08:42:54 <Dot|Phone> Snela
08:43:04 <Dot|Phone> Are you a vegetarian Rawr? 
08:43:38 <Rawr|Fone> Pretty much at this point honestly
08:44:12 <Micen> if so, im not sure if it made it out to Europe, but all Burger King's now have Impossible Whoppers. Plant based imitation meat. 
08:44:14 <Rawr|Fone> I never really made a decision, but I have pretty much stopped eating meat
08:44:18 <Dot|Phone> Well enjoy a nice corn on the cob while there
08:44:55 <Dot|Phone> Me to Rawr. 
08:45:31 <Dot|Phone> I still enjoy occasional meat. But don't eat much nowadays
08:46:38 <Rawr|Fone> I have been eating it less and less and now it just makes me feel weird
08:46:40 <Rawr|Fone> Kind of easy to just cut it out entirely I think
08:47:01 <Rawr|Fone> I can be the next Clarence Kennedy
08:49:03 -!- Rawr|Phone [~AndChat52@m77-218-244-99.cust.tele2.se] has joined #tlponies
08:54:27 <Rawr|Phone> I have arrived at the airport
08:59:22 <Dot|Phone> Gl Rawr
09:24:50 -!- Golly [~kvirc@cm-84.213.21.103.getinternet.no] has joined #tlponies
09:56:30 <Dot|Phone> Runbun
09:57:01 -!- Cane [~Cane@77.222.195.203] has joined #tlponies
09:57:01 -!- Cane [~Cane@CaneCraft.users.quakenet.org] has joined #tlponies
09:57:01 -!- mode/#tlponies [+o Cane] by Q
09:58:05 <Dot|Phone> Hey Cane <3
09:59:51 <Rawr|Phone> 🐴🐴🐴
10:00:28 <Cane> Hello hello. <3
10:09:18 -!- tredc [~tredc@c83-254-129-166.bredband.comhem.se] has joined #tlponies
10:13:18 <Runbunny> Dot|Phone, 
10:14:26 <Dot|Phone> How's you
10:14:56 <Rawr|Phone> I am through the security, now I have to wait for an hour
10:24:50 <Runbunny> I'm pretty meh to be honest.
10:25:00 <Runbunny> I think I ate some bad meat yesterday.
10:27:59 <Rawr|Phone> D:
10:29:17 <Runbunny> Feeling a bit under the weather right now.
10:30:33 <Dot|Phone> :/
10:57:48 -!- reification [~thomas@cpc76294-cosh16-2-0-cust297.6-1.cable.virginm.net] has joined #tlponies
10:57:48 -!- mode/#tlponies [+v reification] by Q
10:58:21 <Dot|Phone> Reif reef ryf
11:02:40 <reification> Dot dawt drt
11:04:20 <reification> https://pbs.twimg.com/media/EL32PogW4AA0b3U.jpg
11:08:18 <Rawr|Phone> Reef reef!
11:08:47 <Rawr|Phone> I am about to board the plane that takes me to london
11:15:04 <reification> this is the first i have heard about this!
11:15:47 <reification> what brings you to london rawr?
11:15:59 <Rawr|Phone> Just stopping by to change flight
11:16:25 <Rawr|Phone> After that I will be on my way to chicago
11:16:34 <Rawr|Phone> And then another flight
11:23:08 <Runbunny> Bye Rawr :3
11:23:39 <Rawr|Phone> I will hopefully be back soon
11:24:13 <Rawr|Phone> Plane should take off in 30 minutes
11:25:27 <Dot|Phone> Did you ask for vegetarian food on the plane Rawr? 
11:25:56 <Rawr|Phone> I don't think there is food on this plane
11:26:05 <Dot|Phone> Well the main flight
11:33:22 <Rawr|Phone> Nah, I didn't order anything special
11:34:43 <Dot|Phone> You flown much before? 
11:38:19 <Rawr|Phone> I fly at most once a year usually
11:38:28 <Rawr|Phone> But mostly in a big group with friends
11:38:56 <Rawr|Phone> Now it's only me since my girlfriend is already there
11:44:10 <Rawr|Phone> Bye pons
11:44:16 <Rawr|Phone> See you later
11:44:18 <Rawr|Phone> Maybe
11:45:37 <Dot|Phone> Later Rawr
11:45:41 <Dot|Phone> 💖💖💖
13:30:55 -!- BioPone [~androirc@166.170.23.233] has joined #tlponies
13:36:32 -!- BioPhone [~androirc@12.33.239.117] has joined #tlponies
13:47:42 <reification> .tell skram https://twitter.com/DoingJobs/status/1206191561408598016
13:55:28 -!- Rawr|Fone [~AndChat52@m83-185-83-191.cust.tele2.se] has joined #tlponies
13:56:23 <Rawr|Fone> Horse
14:04:51 <Dot|Phone> Hest
14:05:06 <Dot|Phone> You all ready for your next flight Rawr? 
14:06:30 <Rawr|Fone> Yes
14:06:37 <Rawr|Fone> I have 90 minutes
14:07:12 <Dot|Phone> What time you landing there? And how long a flight
14:07:27 <Rawr|Fone> Around 10 pm
14:07:32 <Rawr|Fone> 9 hour flight
14:07:56 <Dot|Phone> Hmm, longer than I expected 
14:08:42 <BioPhone> V far
14:08:52 <Dot|Phone> Bio horse 
14:10:44 <Rawr|Fone> I had so much leg room on this flight
14:10:59 <Rawr|Fone> I was right next to one of the emergency exits
14:17:24 -!- skram [~skram@185.38.13.169] has joined #tlponies
14:17:30 <skram> frens
14:17:56 <skram> reification i am not sure what job these cats are doing but it looks terribly important
14:18:26 <Dot|Phone> Jonas friend
14:19:06 <Dot|Phone> I'm sleepy
14:19:20 <skram> me too bud
14:19:40 <skram> I visited the tooth doctor for the last time today and they gave me the bill
14:19:52 <skram> 800£ to fix one fuckin' tooth
14:20:16 <skram> I got like 30 more of them bastards, if they ever go im gonna be bankrupt
14:30:45 <Dot|Phone> Oh dear
14:30:59 <Dot|Phone> Just get a string and yank it out
14:32:20 <BioPhone> They dont grow back dottles!
14:33:55 <Dot|Phone> Well just yank out the troublesome one 
14:34:30 <skram> ill just get a better toothbrush i guess
14:57:13 <Rawr|Fone> My flight has been delayed
14:57:15 <Rawr|Fone> D:
14:58:32 <BioPhone> Oh noes
14:58:47 <BioPhone> Did you bring a vidja
15:01:35 <Dot|Phone> Oh dear
15:02:58 <Rawr|Fone> I have a ds, a book and a rubiks cube
15:05:14 <BioPhone> Hmm
15:05:25 <BioPhone> This may satisfy for all of 10 mins
15:05:38 <BioPhone> I can conclude that you are doomed
15:05:40 <Rawr|Fone> Yes
15:05:47 <Rawr|Fone> I am bored
15:05:54 <skram> did you not bring your pokemans
15:05:54 <BioPhone> F in the chat boys
15:06:05 <Dot|Phone> F
15:06:09 <Rawr|Fone> They are in my ds jonas
15:06:42 <Rawr|Fone> At least I can charge my phone
15:07:17 <Rawr|Fone> London is very rainy
15:08:29 <skram> did you wear your umbrella
15:10:00 <Rawr|Fone> No
15:12:16 <skram> F
15:14:44 <reification> visiting uk in winter and not expecting rain...
15:14:46 <reification> ?🤔
15:15:53 <Rawr|Fone> Do you really need to specify winter reef reef
15:17:22 <BioPhone> I just imagine it's always rain in the uk
15:24:53 <Rawr|Fone> I think it is
15:25:08 <Rawr|Fone> Like that
15:32:44 <Dot|Phone> Lies! Sometimes it's just overcast
15:43:21 <Rawr|Fone> Hmm
15:45:47 <Dot|Phone> How long is it delayed? 
15:46:58 <Rawr|Fone> One more hour it seems
15:47:25 <Rawr|Fone> Although they announced the gate earlier than they said, so we will see
15:48:01 <Rawr|Fone> It looks like they are preparing to let people board
16:17:30 <Rawr|Fone> I am on the plane
16:29:35 <Dot|Phone> Gl Rawr
16:41:44 <Rawr|Fone> 🐴🐴🐴
16:44:13 -!- BioPhone [~androirc@mobile-166-170-23-108.mycingular.net] has joined #tlponies
16:46:59 <Rawr|Fone> Not moving yet
16:48:32 <Dot|Phone> Hmm
16:48:34 <Rawr|Fone> Moving
16:48:38 <Rawr|Fone> Bye pons
16:48:51 <Rawr|Fone> Hopefully we will talk again in 10 hours
16:48:58 <Rawr|Fone> ❤❤❤
16:48:59 <Dot|Phone> 💖💖💖
16:49:07 <Rawr|Fone> 💖💖💖
16:59:35 <BioPhone> Asdf
16:59:38 <Dot|Phone> Khfd
17:29:01 -!- BioPone [~androirc@12.33.239.117] has joined #tlponies
17:30:31 -!- Dot` [webchat@cloak-4omtozzm.230.208.46.dyn.plus.net] has joined #tlponies
18:15:57 -!- skram [~skram@185.38.13.169] has joined #tlponies
18:17:39 -!- skrma [~skram@95.174.66.252] has joined #tlponies
18:50:49 -!- skram [~skram@134.19.189.212] has joined #tlponies
19:08:36 <skram> weh
19:09:18 <skram> im looking for a dot
19:09:22 <skram> is there a dot in here
19:14:10 <Dot`> hmmm
19:14:12 <Dot`> not sure
19:14:44 <skram> too bad
19:17:51 <skram> I need some more god damn plates, Dot`!
19:18:29 <Micen> well then go outside and get some clay and make them
19:18:54 <skram> no silly
19:18:57 <skram> IRON plates!
19:19:17 <Micen> okay then, it starts the same, just need a bit more walking and a pickaxe. 
19:19:21 <Micen> go mine. 
19:20:03 <Micen> if dot doesnt want to make plates, i am hunting monsters skram 
19:20:43 <skram> hmmm maybe later?
19:20:48 <Micen> kay-o
19:21:07 <skram> my eyes are doing the weird thing again so im probably gonna be hit with another migraine in 30-45 minutes
19:22:57 <Dot`> you should go lie down skram
19:23:14 <Runbunny> Are you seeing the thing Jonas?
19:23:33 <skram> I literally just had a nap! Im gonna wait till it hits then do some drugs. I have stuff that needs doing.
19:24:03 <skram> its a glowy... worm?
19:24:34 <Runbunny> My brother describes the same thing.
19:25:49 <skram> sort of like this http://www.sauerburgermd.com/education/scotomafig2.gif
20:54:36 -!- Zounds [webchat@cloak-07ouvien.14-2.cable.virginm.net] has joined #tlponies
20:55:08 <Zounds> hey
20:55:56 <skram> heya zounds
20:58:58 <Zounds> how are you skram
21:02:21 <skram> eh been better
21:02:29 <skram> what you up to zounds
21:02:50 <Zounds> whats up skramen
21:03:15 <skram> just a wee migraine is all
21:05:13 <Zounds> thats shit
21:19:01 -!- Crisium [~Crisium@c-24-3-150-105.hsd1.pa.comcast.net] has joined #tlponies
21:19:45 -!- Camail [~Camail@45.40.84.145] has joined #tlponies
21:19:45 -!- mode/#tlponies [+v Camail] by Q
21:29:58 <Dot`> hey zounds
21:30:04 <Dot`> skram, more getting better pls
21:30:08 <Zounds> hi
21:31:03 <skram> im doing all the drugs i have
21:31:19 <Crisium> what is skram doing
21:31:32 <skram> doing drugs
21:33:19 <Dot`> his very best Crisium 
21:33:22 <Dot`> its all we can ask for
21:44:55 -!- BioPhone [~androirc@12.33.239.117] has joined #tlponies
22:06:27 <BioPhone> Blurstball
22:07:06 <Crisium> beo
22:08:05 <BioPhone> Crisi pon
22:34:29 -!- BioPone [~androirc@166.170.23.245] has joined #tlponies
22:40:44 <BioPone> Home time
22:40:48 <BioPone> Then din
22:41:27 <skram> what is din
22:41:32 <skram> 2day
22:44:58 -!- BioPone [~androirc@74.85.109.5] has joined #tlponies
22:56:24 <BioPone> Skrm its steak n rice
22:56:32 <BioPone> Maybe a vegetable
22:56:50 <skram> got some asparagus to slap on that bitch?
22:56:53 <BioPone> Green 🅱️eans sounds gud
22:56:58 <BioPone> Nah
22:57:06 <skram> heckin green beens y'all
22:57:45 <skram> is rice your favorite carb
22:57:49 <skram> u put it on the everything
23:11:40 <Runbunny> reification, https://www.youtube.com/watch?v=4UK_PdRWRYQ
23:17:14 <skram> dr trashlove
23:17:18 <skram> is this your alter ego runbun
23:19:45 -!- BioPone [~androirc@97.70.165.146] has joined #tlponies
23:21:01 <Camail> Runbunny  hey does your game hardcrash when you throw dynamite
23:21:01 <reification> ty bun
23:21:11 <Camail> because mine does
23:21:23 <Runbunny> I haven't tried. I'll go to the mine and check
23:23:56 <Runbunny> Camail, I can throw dynamite just fine.
23:24:04 <Camail> sigh
23:28:55 <Runbunny> :/
23:32:06 <Zounds> nn
