02:17:19 -!- Rawr|Fone [~AndChat52@c-4eb4e655.020-164-6d6c6d4.bbcust.telenor.se] has joined #tlponies
03:31:19 <Camail> dead
04:06:20 <DuB`> Siege is gud game
04:06:23 <DuB`> Enjoying it much
05:29:00 -!- Rawr|Fone [~AndChat52@c-4eb4e655.020-164-6d6c6d4.bbcust.telenor.se] has joined #tlponies
06:18:34 <DoT|Phone> Morning pons
06:44:40 -!- Golly [Golly@cm-84.213.21.103.getinternet.no] has joined #tlponies
07:02:17 -!- DoT|Phone [~Dot@148.252.128.19] has joined #tlponies
07:15:58 -!- Rawr|Fone [~AndChat52@c-4eb4e655.020-164-6d6c6d4.bbcust.telenor.se] has joined #tlponies
07:29:16 -!- DoT|Phone1 [~Dot@85.255.235.100] has joined #tlponies
07:58:57 -!- Rawr|Fone [~AndChat52@c-4eb4e655.020-164-6d6c6d4.bbcust.telenor.se] has joined #tlponies
08:00:27 <DoT|Phone1> Rawr Rawr Rawr
08:00:34 <DoT|Phone1> 💖💖💖
08:19:16 <Rawr|Fone> DoT DoT DoT
08:19:18 <Rawr|Fone> 💖💖💖
08:19:29 <Rawr|Fone> It's raining quite a lot today
08:23:45 <DoT|Phone1> sounds nice
08:50:20 -!- Runbunny [~Runbunny@91.100.28.10.generic-hostname.arrownet.dk] has joined #tlponies
08:53:00 <Rawr|Fone> Anders.
08:53:07 <Rawr|Fone> Dear friend
08:53:32 <DoT|Phone1> Runbun
08:55:04 <Runbunny> Hai
08:55:45 <Runbunny> I was woken by the construction work going on in the apartment below my room.
08:56:26 <DoT|Phone1> rude
09:00:43 -!- reification [~thomas@cpc76294-cosh16-2-0-cust297.6-1.cable.virginm.net] has joined #tlponies
09:00:43 -!- mode/#tlponies [+v reification] by Q
09:01:33 -!- Micen [~Micen@h179.50.91.75.dynamic.ip.windstream.net] has joined #tlponies
09:03:42 <Runbunny> I am kinda tired :/
09:06:04 <DoT|Phone1> hey Reif, micen
09:06:15 <Micen> hello
09:06:28 <reification> hi bun, dot, micen
09:21:59 -!- carcinisation [~thomas@cpc76294-cosh16-2-0-cust297.6-1.cable.virginm.net] has joined #tlponies
09:21:59 -!- mode/#tlponies [+v carcinisation] by Q
09:36:46 -!- skram [~skram@185.132.179.246] has joined #tlponies
09:37:46 <DoT|Phone1> Jonas friend
09:38:30 <skram> Bjørn pal
09:40:33 -!- Rawr|Fone [~AndChat52@c-4eb4e655.020-164-6d6c6d4.bbcust.telenor.se] has joined #tlponies
09:54:10 <DoT|Phone1> what you up to today Skram
09:54:50 -!- reification [~thomas@cpc76294-cosh16-2-0-cust297.6-1.cable.virginm.net] has joined #tlponies
09:54:50 -!- mode/#tlponies [+v reification] by Q
10:00:12 <skram> im having a doctors appointment and then im gonna go and look at a house
10:01:46 <DoT|Phone1> nice house?
10:02:05 <skram> well i think so
10:04:34 <DoT|Phone1> gl
10:11:52 -!- tredc [~tredc@c83-254-129-166.bredband.comhem.se] has joined #tlponies
10:13:51 -!- Rawr|Fone [~AndChat52@c-4eb4e655.020-164-6d6c6d4.bbcust.telenor.se] has joined #tlponies
11:02:26 -!- Rawr|Phone [~AndChat52@m83-185-80-182.cust.tele2.se] has joined #tlponies
11:12:51 -!- Micen [~Micen@h179.50.91.75.dynamic.ip.windstream.net] has joined #tlponies
11:28:35 -!- DoT|Phone [~Dot@185.69.144.148] has joined #tlponies
11:53:22 -!- Rawr|Fone [~AndChat52@c-4eb4e655.020-164-6d6c6d4.bbcust.telenor.se] has joined #tlponies
12:25:36 -!- Rawr|Fone [~AndChat52@c-4eb4e655.020-164-6d6c6d4.bbcust.telenor.se] has joined #tlponies
12:47:27 <reification> runbun https://twitter.com/DEVGRU_P/status/1171190694100127744
12:51:48 <reification> .tell dot` https://twitter.com/DoggoDating/status/1171182184851525633
12:51:50 <reification> rawr ^
12:57:19 -!- carcinisation [~thomas@cpc76294-cosh16-2-0-cust297.6-1.cable.virginm.net] has joined #tlponies
12:57:19 -!- mode/#tlponies [+v carcinisation] by Q
13:54:45 -!- Rawr|Fone [~AndChat52@c-4eb4e655.020-164-6d6c6d4.bbcust.telenor.se] has joined #tlponies
13:59:27 -!- skram [~skram@185.132.179.246] has joined #tlponies
14:08:02 <skram> Runbunny.
14:31:40 <Runbunny> skram.
14:31:52 <Runbunny> Sorry, was a bit busy. How can I help you?
14:32:12 <skram> Hm. How about a bedtime story?
14:33:55 <Runbunny> So there were these two great friends.
14:34:04 <Runbunny> They had tons of good times together.
14:34:43 <Runbunny> Generally an enjoyable
14:34:47 <Runbunny> However one day
14:35:02 <skram> :O
14:35:35 <Runbunny> Their good times continue.
14:35:42 <skram> :D
14:35:49 <Runbunny> and they lived happily ever after.
14:35:57 <skram> what a lovely story
14:36:50 <Runbunny> It's based on a true story.
14:37:44 <skram> all the best stories are
14:43:24 <skram> im gonna go outside again
15:36:03 -!- DoT` [~Dot@49.48.198.146.dyn.plus.net] has joined #tlponies
15:36:43 <Runbunny> Hey Dot.
15:44:32 <DoT`> hey runbun
15:44:34 <DoT`> <3
15:51:25 -!- reification [~thomas@cpc76294-cosh16-2-0-cust297.6-1.cable.virginm.net] has joined #tlponies
15:51:25 -!- mode/#tlponies [+v reification] by Q
15:54:34 -!- Camail [~Camail@45.40.84.145] has joined #tlponies
15:54:34 -!- mode/#tlponies [+v Camail] by Q
15:55:45 <Camail> pls
15:56:16 <DoT`> nooo
15:57:23 <Runbunny> Hai Camail.
15:57:44 <Camail> hullo
16:47:07 -!- CockRoach|42 [~CR@CockRoach|42.users.quakenet.org] has joined #tlponies
16:47:07 -!- mode/#tlponies [+v CockRoach|42] by Q
16:50:38 -!- Rawr|Fone [~AndChat52@c-4eb4e655.020-164-6d6c6d4.bbcust.telenor.se] has joined #tlponies
16:55:37 <CockRoach|42> .roll d20 success?
16:57:28 <Runbunny> time to go outside a bit
16:59:36 -!- Zounds [webchat@cloak-07ouvien.14-2.cable.virginm.net] has joined #tlponies
16:59:40 <Zounds> hey
16:59:58 <CockRoach|42> hi Zounds 
17:00:10 <Zounds> hi cr
17:39:25 <Rawr|Fone> 🐴
18:19:55 <DoT`> zounds, rawr <3
18:40:44 <Camail> Runbunny did you every get into the league mechanic
18:41:55 <Runbunny> A bit. 
18:42:24 <Runbunny> I kinda want to hit 60 in wow, then play a bit more of poe.
18:44:22 <Runbunny> I did see a picture on reddit with stuff all over the screen.
18:48:15 <Camail> that was a blighted map, so it doesn't always look like that
18:48:25 <Camail> tho sometimes it gets awful
18:48:44 <Camail> the screen clutter is actually pretty bad...
18:55:44 -!- Golly [Golly@cm-84.213.21.103.getinternet.no] has joined #tlponies
18:58:34 <Runbunny> I like the lady.
18:58:41 <Runbunny> Singing songs and stuff.
18:58:58 <Runbunny> And not saying the exact same line when you meet her.
19:25:17 -!- Rawr|Fone [~AndChat52@c-4eb4e655.020-164-6d6c6d4.bbcust.telenor.se] has joined #tlponies
20:05:02 <Camail> dont let her meet skram
20:05:05 <Camail> she'll burn him
20:07:43 -!- skram [~skram@82.147.53.13] has joined #tlponies
20:08:59 <Zounds> skram lad
20:09:31 <skram> zounds old pal
20:11:37 <DoT`> skram
20:11:56 <skram> dot, also old pal
20:12:34 <skram> I learned a distressing fact at the doctors today
20:12:43 <skram> apparently there's skeletons INSIDE you
20:13:26 <DoT`> your just a cacoon for a soldier in the skeleton war
20:14:08 <skram> 2spooky
20:14:20 <skram> i looked at this today DoT` https://www.finn.no/realestate/homes/ad.html?finnkode=156210372
20:14:28 <skram> how much should i bid do you think
20:15:18 <Rawr|Fone> All your money
20:15:32 <skram> are you trying to rob me again, henrik
20:15:45 <Rawr|Fone> Absolutely not
20:15:59 <Rawr|Fone> Trust me jonas
20:16:25 <skram> I am a bit sceptical
20:16:28 <skram> after all
20:16:31 <skram> you did steal my heart
20:17:00 <DoT`> i would trust rawr with anything
20:17:03 <DoT`> and everything
20:17:36 <DoT`> that is one sweet pad jonas
20:17:39 <DoT`> get it
20:17:59 <Rawr|Fone> You are so charming jonas my dear
20:18:06 <skram> haha
20:18:53 <skram> well it is a bit big for lil old me dot and theres things that needs fixin', but if its cheap enough I might consider it
20:19:21 <DoT`> you need space for me to visit
20:19:45 <DoT`> and there is a extra Soverom
20:20:31 <skram> the second soverom is illegal because there's no fire escape :(
20:20:41 <DoT`> thats a thing?
20:21:08 <skram> yeah
20:21:27 <skram> since its below ground it doesnt have big enough windows to escape through
20:21:43 <skram> and if its on the second floor or above you need a ladder
20:23:08 <DoT`> yea, i got no such thing
20:23:26 <DoT`> im at the 3rd floor 
20:23:30 <skram> pretty sure you're supposed to
20:23:36 <skram> though neither do I at my current apt
20:29:39 <Camail> skram you gonna start poe this weekend?
20:29:46 <Camail> i could roll up a new boy to play with you
20:30:03 <Camail> dot could try minions
20:30:07 <Camail> minions are hella strong
20:30:09 <skram> think so
20:30:19 <Camail> and i wanna try sab mines, maybe
20:30:22 <skram> i dont know if im gonna be busy or not
20:30:30 <Camail> no rush
20:30:56 <Camail> i'll have plenty to do on my main, i'm gonna be chill once i do shaper
20:32:06 <skram> how far are you?
20:32:53 <Camail> doing red elder/guardians
20:33:00 <skram> jeez
20:33:00 <Camail> doing nothing atm because servers are awful
20:33:11 <Camail> and just kinda doing random maps and shaping my atlas
20:33:11 <skram> werent you gonna go soft this season
20:33:22 <Camail> yes, this season as a whole
20:33:44 <Camail> going hard the first week lets me reap the benefits all season
20:33:52 <skram> i guess
20:34:08 <skram> how's herald of agony this season
20:35:11 <Camail> the minion meta is strong
20:35:43 <Camail> cold iron point is a dagger that gives you +3 levels to it
20:36:09 <Camail> so if you dual wield, that's +6
20:36:30 <skram> cool, maybe ill do that again
20:36:35 <skram> or some magic bitch build
20:36:42 <skram> havent really looked at anything yet
20:36:52 <Camail> toxic rain hoag is meh
20:39:00 <Camail> necro hoag might be good
20:39:19 <Zounds> these hoagies don't sound tasty
20:41:09 <DoT`> will have to see cam
20:41:12 <DoT`> skram https://i.imgur.com/CIr7R1X.jpg
20:41:54 <skram> My alignment is goblin floof
21:01:57 <Camail> humans are all naked goblins
21:02:20 <DoT`> what about really hairy ppl
21:26:38 -!- Crisium [~Crisium@c-24-3-150-105.hsd1.pa.comcast.net] has joined #tlponies
21:36:01 <Crisium> bop
21:36:15 <skram> howdy
21:36:53 <Zounds> hi cris
21:54:10 -!- Rawr|Fone [~AndChat52@c-4eb4e655.020-164-6d6c6d4.bbcust.telenor.se] has joined #tlponies
21:56:00 <DoT`> Runbunny, is hob losing it
21:56:21 <skram> Hasnt hob been losing it for like 5 years now dot
21:56:35 <reification> that's all you've been telling us about him for a while dot
21:57:04 <DoT`> true, but he is at the same spot as when i last checked about an hour and a half ago
21:57:31 <DoT`> reif, runbun has been telling me that the past few days
21:57:43 <DoT`> so i thought to return the favour
22:03:32 <DoT`> he keeps dying to ponies
22:03:58 <Runbunny> Hob is really bad at doing stuff he hasn't done before.
22:04:28 <Runbunny> improvisation and doing stuff on the fly isn't his strong suit.
22:04:42 <Runbunny> and the stream amplifies it.
22:09:08 <Crisium> Hobbert
22:11:23 <Runbunny> Happy Hobbert.
22:16:58 -!- DuB` [DuB@cpe-68-174-122-249.nyc.res.rr.com] has joined #tlponies
22:17:01 <DuB`> wew
22:17:04 <skram> a dub
22:17:50 <DuB`> Indeedy!
22:17:57 <DuB`> Home before dark, even
22:18:38 <skram> you must'nt go outside at night, DuB`
22:18:58 <skram> im like 74$ certain theres vampires in NYC
22:19:02 <DuB`> But that's when the city lights are all pretty
22:19:38 <Runbunny> Is Dub a vampire?
22:20:14 <skram> Well you never know
22:20:34 <skram> try throwing garlic bread at him
22:20:38 <DuB`> Oh please do
22:20:41 <skram> if he ducks he's 10000% a vampire
22:20:47 <Runbunny> I am trying to figure out.
22:21:14 <Runbunny> Maybe he doesn't duck to throw you off and he's masochistic.
22:22:39 <DuB`> Still waiting for garlic bread
22:23:21 <skram> Im trying to find a hitman on the DEEP WEB that'll take this mission
22:23:49 <DuB`> Hurry or I'll have to go get my own garlic bread
22:23:53 <Runbunny> Hahaha.
22:24:02 <skram> did you get the falafel yet
22:24:17 <DuB`> nuh uh
22:24:24 <skram> hurry up!
22:26:24 <DuB`> Hey hey 
22:26:32 <DuB`> R6 Siege is great fun, been loving it
22:26:44 <DuB`> Surprised so few of my steam friends have it :o
22:28:17 <skram> shooty games are scary
22:28:49 <Runbunny> He did it DoT`.
22:29:04 <Runbunny> Not drowning in pussy anymore.
22:31:46 <Crisium> dab
22:32:41 <DuB`> crasimum
22:32:52 <Crisium> im almost gold border dab
22:32:57 <Crisium> dont let me beat you
22:32:59 <DuB`> ooaooo
22:33:13 <DuB`> I don't think I can do 80hrs of OW that fast :P
22:34:25 <skram> well
22:34:26 <skram> chop chop
22:34:30 <Crisium> yeah
22:34:33 <Crisium> listen to skram
22:34:35 <Crisium> he's your boss
22:34:43 <DuB`> But will he play with me
22:35:11 <Crisium> if you ask him nicely
22:36:25 <skram> very nicely
22:40:43 -!- BioPone [~androirc@29.sub-174-221-140.myvzw.com] has joined #tlponies
22:40:50 -!- BioPhone [~androirc@29.sub-174-221-140.myvzw.com] has joined #tlponies
23:18:02 -!- BioPhone [~androirc@mobile-166-175-184-89.mycingular.net] has joined #tlponies
23:39:57 -!- BioPone [~androirc@29.sub-174-221-140.myvzw.com] has joined #tlponies
23:58:32 <DuB`> .tell skram interesting thing https://www.youtube.com/watch?v=ZqbfYldbAfc
