00:00:15 <Runbunny> That was a happy murder dog Dot.
00:12:18 <DoT`> skram seems to be drun kand is speaking some weird dialect to me
00:14:19 <DuB`> O boi my chair arrived
00:14:56 <DoT`> dub its 1 am 
00:15:02 <DoT`> thats not a great time for ppl to deliver
00:15:05 <DuB`> Time to be comf
00:15:42 <DuB`> 8pm!
00:16:09 <DoT`> runbun pls translate drunk skram
00:16:15 <DoT`> "Sumimasen"
00:16:50 <Bio> am i high? I don't see skram
00:17:32 <DoT`> i cant speak for your current state bio
00:18:37 <Runbunny> Tell him: "Guteskerdet"
00:19:09 <Runbunny> and then "Spissnigel"
00:19:38 <DoT`> done
00:20:37 -!- carcinisation [~thomas@cpc76294-cosh16-2-0-cust297.6-1.cable.virginm.net] has joined #tlponies
00:20:37 -!- mode/#tlponies [+v carcinisation] by Q
00:20:50 <DoT`> runbun he said Those are not real words
00:21:26 <Runbunny> What does he know? He's the one that is drunk.
00:21:34 <DoT`> true
00:21:49 <Bio> where is skram
00:22:03 <DoT`> getting drunk it seems
00:23:21 <Runbunny> How are the two of you communicating?
00:23:45 <DoT`> via
00:23:50 <DoT`> THE INTERNET
00:23:56 <Runbunny> Telepathy ?!?!
00:23:56 <DoT`> aka discord
00:23:58 <Runbunny> oh
00:24:30 <DoT`> im sry its so mundane
00:24:43 <DoT`> i would rather it was via pidgeon
00:24:49 <DoT`> but they dont like norway
00:24:52 <Runbunny> I got my hopes up for just a moment.
00:26:50 <Bio> >where
00:26:53 <Bio> >getting drunk
00:26:57 <Bio> >thinking
00:27:42 <DoT`> bio he is speaking some made up language he calls norwegion
00:27:48 <DoT`> cant tell where he is
00:28:49 <Runbunny> Probably norway.
00:28:55 <Runbunny> Anyhoo I'll go sleep.
00:29:04 <DoT`> gnight bun
00:29:11 <Runbunny> Godnat.
00:32:22 <DoT`> i enjoy developers being around for the speedruns
00:53:19 <DoT`> i cant follow some of the stuff happening
00:54:39 -!- skram [~skram@134.19.189.38] has joined #tlponies
00:54:55 <DoT`> oh no
00:55:12 <DoT`> jigs up boys
00:57:29 <skram> u wot m8
00:58:35 <skram> wheres anders
00:58:42 <DoT`> i told you
00:58:45 <DoT`> he went to sleep
00:59:06 <skram> that fuck
00:59:07 <DoT`> probably in denmark
00:59:22 <DoT`> what did he say to you skram
00:59:49 <skram> well he's a danish
00:59:51 <skram> thats reason enough
01:00:34 <skram> wel at least my cartoon spouse will never leave me
01:01:02 <DoT`> is it loli stalin ?
01:03:14 <skram> its the tiger of course
01:03:56 <DoT`> that tank is thick
01:05:52 <DoT`> but what about your true love, the little italian tank
01:06:06 <skram> ah, the CVs
01:06:12 <skram> forbidden love
01:07:18 <DuB`> Palmtop Tiger > Tiger Tank
01:07:33 <DoT`> Heresy
01:07:36 <skram> lets not get ahead of ourselves
01:07:44 <skram> oh no wait
01:07:47 <skram> yes i do agree mr dub
01:07:59 <DuB`> :D
01:09:20 <DoT`> oh, i thought it was a plant
01:09:35 <DuB`> Is best feisty lil tsundere
01:09:37 <DoT`> i have not seen this anime so cannot dispute
01:10:06 <skram> its very good
01:10:41 <skram> did you use your animu netflix pass yet
01:10:42 <skram> its on there
01:10:55 <DuB`> Uh oh
01:11:01 <DuB`> NASL sound guy tripping on a cable
01:11:06 <skram> D:
01:11:08 <DuB`> F
01:11:14 <skram> thats an ancient meme dub
01:11:31 <DuB`> And yet he's still employed at most events
01:11:38 <skram> fair
01:12:18 <skram> how was tasbot
01:13:07 <DuB`> Is playing celeste right now
01:13:18 <skram> ooh neat
01:13:21 <DuB`> Gonna send this vod segment to my friend, he raged at this game for a week straight when he played
01:14:40 <skram> is that a bit rude
01:14:50 <DuB`> A lil, what are friends for
01:18:37 <DoT`> look at that little bot go
01:18:52 <DoT`> cam pls teach swoots to ggame
01:19:17 <Camail> she's fine
01:20:11 <skram> are they running cuphead this year
01:25:42 <DuB`> Looks like no
01:33:17 <DoT`> dub https://imgur.com/gallery/LPTbdO7
01:33:20 <DoT`> birb
01:39:00 <DuB`> I do love humbirbs
01:39:29 <DuB`> So I go a lil fan for when I don't quite need the whole AC turned on
01:39:48 <DuB`> But it's suprisingly powerful and it turns out sitting in a wind tunnel is kind of distracting and uncomfortable
01:48:50 <DoT`> dub https://i.imgur.com/5jdr5LN.jpg
01:49:17 <DuB`> haha
02:16:36 <DoT`> hows the chair and pc dub
02:16:44 <DuB`> Perfect
02:17:11 <DuB`> Got the same chair I had before, found it online free shipping at 50% off
02:17:20 <DoT`> nice
02:17:24 <DuB`> And them chrome extension found a coupon code for another 15% off!
02:17:32 <DuB`> So was like $65 lol
02:17:46 <DoT`> nice chrome
02:18:09 <DuB`> "Honey" extension, seems to work well enough
05:33:10 <Rawr|Fone> 🐴🐴🐴
07:29:18 -!- Runbunny [~Runbunny@91.100.28.10.generic-hostname.arrownet.dk] has joined #tlponies
07:31:59 <Runbunny> It's morning.
07:36:25 <DoT`> Morning all
07:36:28 <DoT`> runbun <3
07:39:46 <Runbunny> Dot!
07:40:07 <Runbunny> Did Jonas serenade you with his drunkeness?
07:41:15 <DoT`> he showed up here looking for you
07:52:58 <DoT`> look runbun https://imgur.com/gallery/PIgVJ1O
08:03:00 <Runbunny> I had gone sleeping.
08:03:37 <Runbunny> Cats are pretty cool.
08:18:47 -!- reification [~thomas@cpc76294-cosh16-2-0-cust297.6-1.cable.virginm.net] has joined #tlponies
08:18:47 -!- mode/#tlponies [+v reification] by Q
08:19:50 <DoT`> reef
08:19:55 <DoT`> hello
08:22:01 <reification> hey dotties
08:22:15 <reification> .r seal https://twitter.com/undeadmp3/status/1143676210972467200
08:22:32 <reification> i need one of these signs
08:39:24 <reification> runbun https://twitter.com/Irongear71/status/1144682127470059521
08:40:54 <DoT`> lol
09:07:48 -!- Rawr|Fone [~AndChat52@m83-185-83-188.cust.tele2.se] has joined #tlponies
09:08:57 <DoT`> Rawr Rawr Rawr
09:09:10 <Rawr|Fone> DoT` DoT` DoT`
09:09:16 <Rawr|Fone> ❤❤❤
09:09:24 <DoT`> <3 <3 <3
09:09:30 <DoT`> your great rawr
09:09:43 <Rawr|Fone> You are great dot!
09:11:57 <Rawr|Fone> One of the most wonderful pons in the world
09:12:11 <DoT`> no you
09:18:58 -!- tredc [~tredc@c83-254-129-166.bredband.comhem.se] has joined #tlponies
09:20:11 <Rawr|Fone> How are you doing so far today dot
09:21:59 <DoT`> saturday morning cleaning time rawr
09:22:46 <Rawr|Fone> Sounds fun
09:24:08 <DoT`> so very much
09:24:12 <DoT`> and how you rawr
09:24:35 <Rawr|Fone> Getting ready to move
09:45:28 <DoT`> will you still ba able to go ping pong from the new place?
10:01:08 <Rawr|Fone> Yes dot, it will be a little closer
10:11:31 <reification> runbunny https://twitter.com/stocjia/status/1143990836834664448
10:23:05 <Runbunny> Hanekawa!
10:42:40 -!- skram [~skram@82.147.53.137] has joined #tlponies
10:42:48 <DoT`> my skram friend
10:45:20 <skram> ah
10:45:21 <skram> the dot pal
10:54:48 <DoT`> how is jonas today
10:56:50 <skram> great
10:57:26 <DoT`> great
10:59:13 <skram> tummy hurts a bit tho
10:59:29 <DoT`> skram https://imgur.com/gallery/SQT7EXb
11:00:05 <skram> no hesitation
11:00:08 <skram> glomp
11:08:24 <DoT`> skram https://imgur.com/gallery/x7XgRHA
11:08:28 <DoT`> its cat related
11:17:40 <Runbunny> Jonas.
11:18:07 <DoT`> skra, what did runbun have me say to you last night?
11:18:52 -!- Golly [Golly@cm-84.212.249.112.getinternet.no] has joined #tlponies
11:21:27 <skram> I have no idea.
11:21:32 <skram> Anders.
11:24:05 <Runbunny> Literally this https://youtu.be/s-mOy8VUEBk?t=41
11:29:34 <DoT`> hahaha
12:21:48 <Rawr|Fone> Kamelååååsåå
13:38:31 <Rawr|Fone> 🐴🐴🐴
13:38:39 <DoT`> Rawrasaur
13:55:33 <Rawr|Fone> DoT`
14:09:52 -!- Runbunny [~Runbunny@91.100.28.10.generic-hostname.arrownet.dk] has joined #tlponies
14:09:58 <Runbunny> My pc crashed :/
14:10:04 <DoT`> oh noes
14:10:11 <DoT`> tell it not to
14:10:38 <Runbunny> I thought I did.
14:11:07 <Runbunny> I think it's twitch related. or rather if I have a stream running for a long period of time.
14:17:04 -!- Rawr|Fone [~AndChat52@m77-218-243-138.cust.tele2.se] has joined #tlponies
14:22:29 <Rawr|Fone> Hors hors
14:26:00 <DoT`> you moveing today rawr?
14:26:22 <Rawr|Fone> Yes
14:34:04 <DoT`> you got some help?
14:34:07 -!- Zounds [webchat@cloak-07ouvien.14-2.cable.virginm.net] has joined #tlponies
14:34:07 <DoT`> or should i send skram
14:34:12 <DoT`> Zounds pon <3
14:34:12 <Zounds> people
14:34:18 <DoT`> no ppl here
14:34:20 <Zounds> dot love
14:34:25 <DoT`> just horses and degenerates
14:34:45 <Zounds> neat
14:36:39 <DoT`> is the game going well zounds?
14:36:47 <Zounds> It is. taking a break right now though
14:36:58 <Zounds> gotta head off to work in a coupe hours :(
14:37:10 <DoT`> aww
14:37:22 <Rawr|Fone> Yes dot, pretty much done too
14:37:29 <DoT`> hows the plan to move up and into the control room going zounds
14:37:32 <DoT`> great rawr
14:37:38 <Rawr|Fone> But send skram anyway
14:37:42 <DoT`> will do
14:37:57 <DoT`> rawr, is it a nice place?
14:38:23 <Zounds> It's going pretty good DoT` actually was up there a few days ago
14:38:43 <DoT`> nice!
14:39:45 <DoT`> so you work for a comany that gets outsourced to events then right? how bigs the company?
14:42:50 <Zounds> Not gigantic but not small either. I think it's around 2500 people over the UK
14:43:13 <Zounds> We're a pretty big deal in scotland but getting bigger down in england aswell nowadays
14:43:17 <DoT`> thats a fair size
14:43:33 <Zounds> still tiny compared to company like G4S :P
14:44:41 <DoT`> the company does more than just general public event securty?
14:44:55 <Zounds> Yeah that's just a part of it
14:45:00 <DoT`> these GS4 ppl from a quick look like they do a lot
14:45:27 <Zounds> we also do CCTV and pubs/clubs and close protection
14:45:32 <Zounds> close protection = bodyguarding
14:46:35 <DoT`> fancy
14:46:59 <Zounds> yeh sometimes us plebs in events cross path with the close protection guys
14:47:03 <Zounds> they're pretty much what you'd expect
14:47:21 <Golly> beefcakeeeee
14:47:30 <DoT`> bored out of thier minds probably
14:47:44 <skram> ah hey zans
14:48:05 <Golly> https://www.youtube.com/watch?v=SrY2_4XoWno
14:48:31 <Zounds> The doormen are the real beefcakes
14:48:56 <Zounds> the close protection are more like quiet professionals
14:49:13 <Golly> makes sense
14:51:55 <Golly> need speed to jump in front of bulit
15:01:49 <Zounds> there's lots of scottish pixies in the new ffxiv expansion DoT`
15:01:55 <Zounds> I think you'd like it
15:02:08 <DoT`> i am a fan of scottish pixies?
15:02:15 <DoT`> sure
15:02:48 <Bio> morn horsne
15:02:56 <Bio> coffee time
15:03:00 <DoT`> hedge
15:03:54 <Zounds> you like scottish accents
15:04:19 <Zounds> or maybe that was skrammen lad
15:04:21 <Zounds> it was somebody
15:04:45 <skram> dont tell them my secret zounds
15:05:21 <DoT`> who doesnt like scottish accents?
15:05:25 <Zounds> so it was u
15:05:46 <DoT`> skram too
15:05:46 <skram> some kids visited the plant i work at some time ago because they had to do a project about bioenergy or whatever
15:06:15 <skram> and since they werent able to film a whole lot they recreated the entire plant in minecraft and used that as the base for their presentation
15:06:20 <skram> im honestly impressed
15:06:24 <Zounds> That's cool
15:06:43 <Zounds> bet they had fun with that
15:06:55 <skram> sure looked like it
15:11:12 <DoT`> i reuire pictures skram
15:11:30 <DoT`> ewquire
15:11:33 <DoT`> eh
15:11:36 <DoT`> you know what i mean
15:11:39 <skram> hahah
15:11:51 <Golly> rewire equines
15:11:52 <Bio> skrm boi
15:11:52 <Golly> got it
15:11:54 <Bio> henlo
15:12:22 <skram> hahah
15:12:27 <skram> bio, a boi
15:12:28 <skram> greet
15:14:10 <Bio> are u ready for shenannies
15:14:38 <skram> no this is a serious campaign and we will behave accordingly
15:15:08 <DoT`> right after some bagpipe serenades
15:16:35 <DoT`> zounds, how do you feel knowing every skram dnd charcter plays bagpipes
15:17:15 <skram> 5th dwarf character with bagpipe proficiency
15:17:20 <skram> first one to actually own bagpipes
15:17:40 <Zounds> don't try to serenade somebody with them
15:18:48 <Bio> this strongholds book is nicely made dot
15:19:01 <DoT`> i look forward to getting mine
15:19:11 <skram> i did, zounds
15:19:15 <DoT`> probably arrive while im in au
15:19:17 <skram> people cried because it was so beautiful
15:19:30 <DoT`> they cried
15:20:04 <Zounds> I like bagpipes, more than the average scot maybe
15:20:44 <Zounds> however I don't think they're best suited to a serenade
15:21:17 <skram> so you dont think i would be able to seduce you with some tender bagpipe music
15:23:06 <Zounds> what does tender bagpipe music even sound like
15:23:21 <DoT`> so your saying theres a chance
15:23:59 <Zounds> they can be romantic if you're a handsome lone piper playing a song bringing to mind the beauty of the glens
15:24:17 <Zounds> but you'd have to cut an imposing figure in the distance
15:24:23 <Zounds> not playing softly and tenderly
15:24:52 <skram> i dont know zounds but im gonna find out
15:26:30 <Zounds> maybe the hurdy gurdy is more your speed
15:26:45 <DoT`> did you not have a dorf with that too skram?
15:27:10 <skram> i dont think a hurdy gurdy is a weapon of romance
15:27:17 <skram> pfft never
15:27:21 <skram> that was probably miccen
15:27:22 <skram> micen
15:38:41 -!- DuB` [DuB@cpe-68-174-122-249.nyc.res.rr.com] has joined #tlponies
15:40:50 <DuB`> 1 of my monitors won't turn on T_T
15:42:11 <skram> F
15:42:23 <DoT`> F
15:44:41 <DuB`> It works when I swap to other monitor's hdmi cable :o
15:45:04 <skram> so your gfx card is borked then
15:49:34 <DoT`> zounds, rawr https://imgur.com/gallery/mo3zTW9
15:49:42 <DoT`> reif too i think
15:52:28 <DuB`> Oke have both monitors on but...
15:52:37 <DuB`> Yeah I'm on "Intel UHD graphics" right now
15:53:21 <skram> the best a man can get
15:53:31 <DuB`> T_T
16:12:48 -!- DvB` [DuB@cpe-68-174-122-249.nyc.res.rr.com] has joined #tlponies
16:12:53 <DvB`> Everything is fix???
16:12:57 <DvB`> That was terrifying
16:13:00 <DoT`> yay?
16:13:10 <skram> woo!
16:13:34 <DvB`> Finally got both monitors on after updating things, but then pc was slowed beyond a crawl
16:13:52 <DvB`> Like, right clicking on desktop froze everything for 40 seconds until menu would appear etc
16:14:03 <DvB`> Dunno wat happen
16:14:24 <skram> the robot uprising
16:14:25 <skram> its starting
16:14:32 <DvB`> But I'm back at 144hz phew
16:14:59 <skram> so many hertz
16:16:06 <DvB`> New time is confus
16:16:09 <DvB`> Dnd when?
16:16:49 <skram> 2 hours 44 minutes i think
16:19:08 <DoT`> blarg
17:04:34 -!- Camail [~Camail@45.40.84.145] has joined #tlponies
17:04:34 -!- mode/#tlponies [+v Camail] by Q
17:08:31 <DoT`> camial
17:14:14 <Rawr|Fone> Caimal
17:16:11 <Camail> no
17:16:18 <Camail> neither of those are right
17:16:21 <Camail> you're both terrible
17:26:02 <Rawr|Fone> Ciamal
17:26:09 <DoT`> your very unapreciative
17:53:04 <reification> runbunny https://danbooru.donmai.us/posts/3548446
17:53:37 <Runbunny> Tatsumaki :D
17:54:41 <DoT`> im sure you linked that 2 days ago reif
17:54:55 <DoT`> im not sure where else i would have seen it
17:55:07 <reification> oh it may well have been in the compilation i linked
19:15:52 <skram> Clamail
19:16:52 <Camail> still not my name
19:17:00 <Camail> clearly you are all dumb
19:17:06 <Camail> only possible answer
19:51:01 <skram> You seem upset, campail
20:00:27 -!- Cane [~Cane@CaneCraft.users.quakenet.org] has joined #tlponies
20:00:27 -!- mode/#tlponies [+o Cane] by Q
20:10:27 <reification> https://www.youtube.com/watch?v=iFwxEDVjw0w
20:15:13 <reification> kamimashita
21:20:09 -!- Micen [~Micen@h239.69.91.75.dynamic.ip.windstream.net] has joined #tlponies
21:48:20 <Rawr|Fone> 🐴🐴🐴
21:48:27 <Rawr|Fone> Quietpons today
21:49:39 <DoT`> was doing dnd rawr
21:49:41 <DoT`> done now
21:52:41 <Rawr|Fone> What a bunch of nerdpons
22:03:17 <DoT`> it you you who are the nerdpon rawr
22:03:30 <DoT`> ping pong is the nerdiest of non-esports
22:03:43 <DoT`> after rubix cube events
22:04:00 <Runbunny> No it isn't O:
22:04:03 <skram> or disc golf
22:04:11 <Runbunny> Cup stacking.
22:04:33 <Runbunny> Blows ping pong right out of the water in terms of nerdiness.
22:05:58 <Rawr|Fone> DoT pls
22:06:47 <skram> My pal's gf trimmed my beard yesterday while we were quite inebriated
22:06:53 <skram> she did a better job than i do sober
22:08:16 <Camail> have you ever tried to get better tho
22:08:37 <Camail> i just put a guard on my razor and run against the grain, 0 effort besides that
22:09:06 <skram> what do you mean by guard
22:09:20 <Camail> like a little plastic cover to keep the length consistent 
22:09:29 <skram> ooh yeah
22:09:51 <skram> i dont have an electric razor, i just scissor it til it looks meh
22:11:04 <Camail> maybe your friend didnt want to fuck up your beard
22:11:09 <Camail> and was more motivated
22:11:56 <skram> probably
22:15:15 <DoT`> skram pls look after yourself better
22:19:13 <skram> you're not the boss of meeeeeee
22:23:45 <DoT`> do i need to write a letter to your boss?
22:24:03 <skram> you dont know who that is dot
22:24:28 <DoT`> Mr PowerPlant Man, Norway
22:24:36 <DoT`> aka skrams boss
22:30:01 <skram> damn
22:30:05 <skram> how did you figure out my riddle
22:30:54 <DoT`> asked after the biggest anime degenerate north of oslo
22:31:08 <skram> im like 96% certain thats not me
22:36:28 <DvB`> Official: Nonzero chance that skram is biggest weeb
22:36:45 <skram> thanks dub
22:39:33 <DoT`> north of oslo dub
22:41:49 <DvB`> Go far enough north and you'll end up going south
22:48:42 <DvB`> DoT`, after all that warhammer talk I booted up the stellaris game I started today, and my very first neighbors are the "Divine Terran Crusade", an empire of human fanatical purifier religious zealots
22:58:02 <DoT`> good good
