00:09:42 -!- Cane [~Cane@CaneCraft.users.quakenet.org] has joined #tlponies
00:09:42 -!- mode/#tlponies [+o Cane] by Q
00:33:48 <DuB`> It has rained here every day for 5 days now :O
00:33:50 <DuB`> Some desert
00:52:31 <DuB`> Ah, xcom 2 still on -75% sale
00:52:43 <DuB`> Question is, do I just get vanilla or some of the -50% dlc...
00:58:13 <Camail> neither, get monster hunter
00:58:18 <Camail> superior tactical shooter
00:58:30 <DuB`> Uh 
00:58:31 <DuB`> huh
01:00:04 <DuB`> LoN so OP, I was throwing out 50B blessed shield crits less than an hour after hitting 70, in full int necro gear :P
01:01:31 <Camail> yea the more i learn about it, the more i realize i dislike LoN more than i do sets in general
01:02:24 <DuB`> It's really weird
01:03:02 <DuB`> We need reissue, just cut all the set/legendary effects down to 10% of current :P
01:03:14 <DuB`> START OVER
01:04:36 <Camail> i'd like a new gameplay feature
01:04:47 <Camail> but i know we will never get one
01:04:58 <Camail> they only have game designers on d3 at this point
01:12:02 <Runbunny> On that note.
01:12:11 <Runbunny> Get Monster Hunter.
01:18:30 <Runbunny> Sleep.
01:38:48 <Bio> ?biostream
01:39:39 <Bio> ZOMBIE KILLINGS
01:39:43 <Bio> with coworkers
04:47:10 -!- DvB` [DuB@65-130-49-94.slkc.qwest.net] has joined #tlponies
05:37:43 -!- BioPone [~androirc@97.70.165.146] has joined #tlponies
05:47:12 -!- BioPone [~androirc@97.70.165.146] has joined #tlponies
05:51:18 -!- BioPone [~androirc@97.70.165.146] has joined #tlponies
06:03:48 -!- Golly [Golly@cm-84.212.249.112.getinternet.no] has joined #tlponies
06:16:58 -!- BioPone [~androirc@97.70.165.146] has joined #tlponies
06:36:17 -!- DoT|Phone [~Dot@232.123.7.51.dyn.plus.net] has joined #tlponies
06:36:26 <DoT|Phone> Morning
06:58:48 -!- Rawr|Fone [~AndChat52@84-217-62-32.customers.ownit.se] has joined #tlponies
06:59:18 <DoT|Phone> Rawr Rawr Rawr
07:07:04 -!- DoT|Phone1 [~Dot@85.255.232.162] has joined #tlponies
07:12:22 <DoT|Phone1> Dub
07:33:37 <DvB`> Dot!
07:33:46 <DvB`> I was xcomming
07:35:34 <DvB`> Now zzz
07:44:18 <DoT|Phone1> aww
07:58:13 <Rawr|Fone> DoT DoT DoT
07:58:24 <DoT|Phone1> Rawr Rawr Rawr
07:58:28 <DoT|Phone1> 游눘游눘游눘
07:58:30 <Rawr|Fone> 游눘游눘游눘
08:03:00 <DoT|Phone1> how are you this day Rawr
08:07:34 <Rawr|Fone> Good good
08:07:40 <Rawr|Fone> How are you dot
08:10:22 <DoT|Phone1> good so far
08:14:12 <Rawr|Fone> Great to hear
08:36:28 -!- BioPone [~androirc@97.70.165.146] has joined #tlponies
08:49:22 -!- DoT|Phone [~Dot@85.255.232.64] has joined #tlponies
08:58:31 -!- BioPone [~androirc@97.70.165.146] has joined #tlponies
09:14:33 -!- BioPone [~androirc@97.70.165.146] has joined #tlponies
09:19:53 -!- BioPone [~androirc@97.70.165.146] has joined #tlponies
09:34:39 -!- Runbunny [~Runbunny@91.100.28.10.generic-hostname.arrownet.dk] has joined #tlponies
09:34:57 <Runbunny> Hai.
09:35:08 <DoT|Phone> Angel <3
09:35:15 <Runbunny> Dot dot <3
09:36:20 <DoT|Phone> how's it going today
09:36:30 <Runbunny> pretty alright. I slept in a bit.
09:37:23 <Runbunny> What abut you friend?
09:37:54 <DoT|Phone> I'm doing ok. doing work
09:41:13 <Runbunny> Great!
09:41:32 -!- DoT|Phone1 [~Dot@85.255.232.157] has joined #tlponies
09:57:10 -!- BioPone [~androirc@97.70.165.146] has joined #tlponies
10:00:45 -!- skram [~skram@37.120.141.20] has joined #tlponies
10:05:57 -!- tredc [~tredc@c83-254-129-166.bredband.comhem.se] has joined #tlponies
10:15:39 <DoT|Phone1> Skram friend!
10:15:51 <skram> Dot buddy!
10:17:23 <DoT|Phone1> how you doing today? and how's the headaches been
10:18:12 <skram> its all good, old pal
10:18:13 <skram> hows work
10:19:07 <DoT|Phone1> I'm working on code and scada for the ras/sas pumps atm
10:19:40 <skram> whats ras/sas
10:21:08 <DoT|Phone1> I've wondered this myself
10:21:23 <DoT|Phone1> the r is for recirculation.
10:22:33 <skram> is it this http://www.aesarabia.com/activated-sludge-process/
10:25:53 -!- DoT|Phone [~Dot@185.69.144.33] has joined #tlponies
10:27:14 -!- DoT|Phone2 [~Dot@148.252.128.222] has joined #tlponies
10:27:25 <skram> so many phones
10:28:06 -!- Golly [Golly@cm-84.212.249.112.getinternet.no] has joined #tlponies
10:29:49 -!- DoT|Phone3 [~Dot@85.255.232.27] has joined #tlponies
10:32:52 <DoT|Phone3> we have got asp as part of this
10:32:59 <DoT|Phone3> so probably
10:34:59 -!- DoT|Phone [~Dot@85.255.232.210] has joined #tlponies
10:35:43 <DoT|Phone> this phone is getting worse
11:16:06 <Rawr|Fone> Dot fix pls
11:16:58 <DoT|Phone> I would have to buy a new phone Rawr
11:17:27 <Rawr|Fone> Go ahead
11:17:41 <DoT|Phone> give money please
11:19:17 <Rawr|Fone> You have a job, I don't
11:21:03 -!- DoT|Phone1 [~Dot@85.255.237.42] has joined #tlponies
11:21:13 <DoT|Phone1> rip
11:26:56 -!- DoT|Phone [~Dot@148.252.128.242] has joined #tlponies
11:41:23 <Bio> LOL left strim on
11:41:36 <Bio> ez 12h strim
11:42:27 <Bio> work tiem
11:47:13 <DoT|Phone> sleep streams are the new thing
11:59:28 -!- DoT|Phone1 [~Dot@148.252.128.242] has joined #tlponies
12:07:17 -!- BioPone [~androirc@12.33.239.117] has joined #tlponies
12:27:40 -!- DoT|Phone [~Dot@85.255.232.247] has joined #tlponies
12:28:10 <DoT|Phone> it's roughly every half hour this phone freezes up
12:33:05 <Rawr|Fone> Please dot
12:37:19 <DoT|Phone> I don't know Rawr. I disabled all the things auto updates. as that caused it a few times
12:40:56 <Rawr|Fone> Hmm
12:45:00 -!- BioPone [~androirc@12.33.239.117] has joined #tlponies
12:47:40 <Rawr|Fone> Have you tried talking to it in a stern voice dot
12:48:22 <DoT|Phone> of course I was in IT
12:48:30 <DoT|Phone> I've also threatened it
12:50:33 <Rawr|Fone> Maybe that last part is the problem
12:51:31 <DoT|Phone> nope. I'm an expert
13:00:28 -!- BioPone [~androirc@12.33.239.117] has joined #tlponies
13:08:58 -!- Phearlock [webchat@cloak-e3kb14bi.208.146.128.getinternet.no] has joined #tlponies
13:09:10 <Phearlock> afternoon ponypons
13:10:26 -!- DoT|Phone1 [~Dot@85.255.234.127] has joined #tlponies
13:11:10 <DoT|Phone1> well there it is Rawr. 40 minutes this time
13:12:16 <Rawr|Fone> D:
13:12:19 <Rawr|Fone> Hai phear
13:12:47 <Rawr|Fone> You are clearly not an expert according to your phone dot
13:14:52 <DoT|Phone1> phone is dum
13:26:00 <DoT|Phone1> should dc in the next 5 minutes Rawr
13:26:19 <Rawr|Fone> Don't
13:26:35 <DoT|Phone1> I'll try
13:28:30 -!- BioPone [~androirc@12.33.239.117] has joined #tlponies
13:31:34 <Rawr|Fone> It's been 5 minutes dot
13:32:17 <DoT|Phone1> hmm
13:44:09 -!- BioPone [~androirc@12.33.239.117] has joined #tlponies
13:45:27 <Rawr|Fone> It's been 20 minutes and you are still here dot
13:48:09 <DoT|Phone1> odd. must have know we where on to it
14:10:45 -!- BioPone [~androirc@12.33.239.117] has joined #tlponies
14:19:53 -!- BioPone [~androirc@12.33.239.117] has joined #tlponies
14:44:02 -!- BioPone [~androirc@12.33.239.117] has joined #tlponies
14:50:58 <Runbunny> O:
14:52:04 <Runbunny> Only Bio is dc'ing
14:52:11 <Runbunny> Dot lied to us?
14:55:30 -!- DoT|Phone [~Dot@85.255.233.185] has joined #tlponies
14:55:31 <DoT|Phone> Runbun whhhyyyyy
15:29:03 -!- skram [~skram@37.120.141.20] has joined #tlponies
15:29:49 <DoT|Phone> Skram
15:29:56 <DoT|Phone> no work?
15:30:22 -!- Camail [~Camail@45.40.84.145] has joined #tlponies
15:30:22 -!- mode/#tlponies [+v Camail] by Q
15:30:43 <DoT|Phone> cawail
15:35:40 <skram> DoT|Phone
15:35:42 <skram> work is for suckers
15:35:52 <DoT|Phone> that's why I left
15:35:57 <skram> good lad
15:36:37 <skram> My old wow pals are trying to start things for WoW Classic
15:36:53 <DoT|Phone> haha
15:37:06 <skram> I dont know if I wanna ruin this sweet nostalgia with the grim reality of what was actually pretty terrible gameplay
15:39:28 <DoT|Phone> hmm
15:39:57 -!- DoT|Phone1 [~Dot@148.252.128.171] has joined #tlponies
15:40:01 <Camail> i've heard that people who are playing with old wow friends are having a really good times
15:40:33 <Camail> in a vacuum the game is awful, but it doesn't seem to matter
15:41:00 <skram> true
15:41:21 <skram> the real epic loot was the friendships we made along the way
15:42:01 <DoT|Phone1> Jonas snela
15:42:12 <skram> yes dear
15:44:38 -!- DuB` [DuB@65-130-49-94.slkc.qwest.net] has joined #tlponies
15:44:43 <DuB`> Gud morn
15:44:48 <DoT|Phone1> daaab
15:44:54 <skram> morn du
15:48:42 -!- BioPone [~androirc@mobile-107-92-120-167.mycingular.net] has joined #tlponies
15:50:19 -!- DoT|Phone [~Dot@232.123.7.51.dyn.plus.net] has joined #tlponies
15:53:04 <Rawr|Fone> Jonas
15:53:28 <Rawr|Fone> My wonderful norwegian friend
15:56:24 -!- Dot` [~Dot@232.123.7.51.dyn.plus.net] has joined #tlponies
16:09:04 -!- BioPone [~androirc@12.33.239.117] has joined #tlponies
16:10:22 <DuB`> xcom xcom alien shooty pew pew
16:11:41 <Dot`> did you kill them all dub
16:11:47 <Dot`> and miss 95% shots
16:11:52 <DuB`> Working on it
16:12:03 <Runbunny> Hai Dub.
16:12:04 <DuB`> Man my guys aren't even good enough to have 95%s :P
16:12:09 <DuB`> Always 60-70 lol
16:12:28 <Phearlock> high ground best ground
16:12:42 <Runbunny> The game actually lies to you. It displays 95% but it's way less.
16:12:54 <Runbunny> Phearlock!
16:13:02 <Phearlock> I mean actually xcom cheats the odds in your favor
16:13:16 <Phearlock> But it lets you miss sometimes
16:13:20 <Phearlock> usually at a bad time
16:13:47 <Runbunny> Some times. 
16:14:13 <Runbunny> It very heavily cheated against me in my iron man last mission thing in the first game.
16:14:24 <Runbunny> Haven't touched it since :&
16:14:33 <skram> but anders, did you consider this:
16:14:33 <skram> git
16:14:34 <skram> gud
16:14:51 <Phearlock> just get a lot of repeater procs eyyy
16:15:06 <Runbunny> Jonas.
16:15:16 <Runbunny> As they say in TExas.
16:15:19 <Runbunny> Git.
16:15:29 <Runbunny> Go on.
16:15:31 <Runbunny> Git.
16:17:01 <skram> Hvad fanden sagde du lige om mig din lille k칝lling?
16:18:08 <Rawr|Fone> Calm down skrammypants
16:19:05 <skram> but the ddanes are getting rowdy again
16:19:38 <Runbunny> Ro p친 Jonas, du vil ikke begynde p친 det her. Jeg fl칝kker dig fuldst칝ndigt.
16:22:13 <skram> Hvis bare du havde vidst hvilken uhellig h칝vn din "smarte" lille kommentar ville forsage dig, ville du nok have holdt din k칝ft
16:22:29 <Rawr|Fone> Rysligt ohyfsat
16:23:36 -!- Rawr|Phone [~AndChat52@m83-185-92-154.cust.tele2.se] has joined #tlponies
16:24:02 <skram> watch out or we'll hyfs u too, henrik
16:25:31 <Rawr|Phone> Kom d친
16:25:49 <skram> i would but uuh i have underpants to wash
16:26:21 <Rawr|Phone> Vill du 친ka plingplongtaxi till pl친sterhuset?
16:26:28 <skram> hahah
16:27:16 <Runbunny> Hahahaha
17:32:01 <Camail> DuB` stop them
17:32:10 <Camail> stop them right now
17:33:20 <DuB`> I AM trying to stop the aliens!
17:34:17 <Camail> that doesnt sound like monhun talk to me
17:34:18 <Camail> for shame
17:34:25 <Camail> your world deserves to be destroyed, thne
17:43:17 -!- BioPone [~androirc@12.33.239.117] has joined #tlponies
17:45:20 <Dot`> the world will die dub!
17:47:55 <Rawr|Phone> And it's all your fault dub
17:52:26 -!- BioPone [~androirc@12.33.239.117] has joined #tlponies
17:56:26 * skram slaps Dot` around a bit with a large trout
17:59:42 <Dot`> oi!
18:01:12 <skram> what doing
18:03:04 <Dot`> i just had food
18:03:08 <Dot`> now im looking at the internet
18:03:20 <Dot`> you?
18:03:20 <skram> seen any good cats
18:03:24 <Dot`> nope
18:03:29 <Dot`> some great dogs though
18:03:32 <skram> hmm
18:03:51 <Dot`> look https://imgur.com/gallery/CWDrIoc
18:03:53 <skram> im watching a dumpster fire
18:03:55 <Dot`> rawr runbun
18:04:20 <Dot`> an anime or an actual dumpster fire
18:04:27 <Dot`> you work at the right place to watch one
18:06:22 <skram> this time im the dumpster though
18:06:26 <Runbunny> Dot dot.
18:06:53 <Runbunny> What a cutie.
18:07:05 <Dot`> you should look at your own life skram
18:07:07 <Dot`> thats dangerous
18:07:22 <Camail> https://www.youtube.com/watch?v=3658C2y4LlA
18:07:31 <skram> eh its just pratice for when ill be burning in hell
18:07:40 <Camail> aren't you already in hell
18:07:41 <Dot`> starting watching it cam, they both look very happy
18:07:46 <Camail> ikr
18:08:01 <Camail> matt is basically in a fugue state, i assume
18:10:03 <Camail> stephen looks legitimately thrilled
18:11:43 <Dot`> yea, his face as mat descibes things in the first combat is great
18:13:24 <Camail> the best part is, he is gonna be flooded with fanart
18:13:40 <Camail> he is not prepared for how much art he's gonna get from this 1 hour side gig
18:13:50 <Dot`> haha
18:13:58 <Dot`> this is true
18:25:08 <Camail> Dot`  lmao he gets scared when mat has the monster leap out at him
18:25:18 <Camail> this is wholesome as fuck
18:25:44 <Dot`> haha yea, i got to 17 minutes, going to keep watching later
18:25:51 <Dot`> really enjoyable sp far
18:25:53 <Dot`> so*
18:26:41 <Dot`> mats face at 17:08 where i have it paused it good
18:41:27 -!- BioPone [~androirc@12.33.239.117] has joined #tlponies
18:46:51 -!- BioPone [~androirc@12.33.239.117] has joined #tlponies
19:03:11 -!- BioPone [~androirc@12.33.239.117] has joined #tlponies
19:09:46 -!- Golly [Golly@cm-84.212.249.112.getinternet.no] has joined #tlponies
19:13:58 -!- Rawr|Fone [~AndChat52@84-217-62-32.customers.ownit.se] has joined #tlponies
19:16:39 <Rawr|Fone> 游냢游냢游냢
19:17:43 <Dot`> horse horse
19:17:52 <Rawr|Fone> You are the horse
19:18:06 <Dot`> we are all horse rawr
19:19:51 <Rawr|Fone> Sweden is winning against finland in the ice sport
19:20:15 <Dot`> might finland stab sweden if they lose?
19:20:44 <Rawr|Fone> And now they are not winning anymore just because I mentioned it
19:20:50 <Rawr|Fone> We'll see dot
19:25:44 <skram> did you see them not win against russian though lol
19:29:02 <Rawr|Fone> I haven't watched any games actually
19:29:18 <Rawr|Fone> I haven't followed hockey closely since I stopped playing
19:29:37 <Rawr|Fone> But I have seen the media talk about it
19:30:30 <Rawr|Fone> How did norway do skrammypants
19:30:58 <skram> pretty bad, as usual
19:31:08 <skram> think 9-1 loss against russia
19:31:36 <Rawr|Fone> Better luck next time
19:32:56 <Runbunny> When did you play Hockey Rawr?
19:33:15 <Runbunny> I thought you were a pingis man.
19:33:31 <Rawr|Fone> Kids usually play more than one sport anders
19:33:42 <Runbunny> But you were so dedicated.
19:34:13 <Rawr|Fone> I played table tennis from 5, started hockey a few years later
19:34:27 <Rawr|Fone> I quit hockey at 13 or 14 to focus on table tennis
19:34:59 <Runbunny> Oh.
19:40:19 <Rawr|Fone> Sweden scored with a slapshot that hit the lens of the camera in the goal
19:40:30 <Rawr|Fone> They thought it was on the crossbar
19:42:30 <Runbunny> Can Icebourne come out already?
19:42:37 <Runbunny> I don't want to be bored anymore :&
19:43:26 <Runbunny> Dot`, https://i.imgur.com/hqIAdsH.mp4
19:43:39 -!- Camail_ [~Camail@45.40.84.145] has joined #tlponies
19:43:40 -!- mode/#tlponies [+v Camail_] by Q
19:44:18 <Dot`> this is good
19:48:09 <Dot`> cam, mat is good at bee sounds
19:48:31 <Camail_> matt has great everything
19:48:41 <Camail_> his only mistake was about the stalagmites
19:52:11 <Dot`> you can tell stephen played early dnd by how cautious he is of everything trying to instant kill him
19:55:07 <Camail_> yea, and when he said " i go over the bridge...no i got back"
19:55:25 <Camail_> being that meticulous, and wanting to know if it was a natural cave or carved steps
19:55:28 <Camail_> very old school
20:00:11 -!- BioPone [~androirc@12.33.239.117] has joined #tlponies
20:02:27 <DuB`> Woohoo my diplomas arrived
20:02:31 <DuB`> I am official noschool
20:02:39 <skram> WOOOOOO
20:02:47 <Dot`> Congrats dubs <3
20:02:51 <Dot`> now get back to studies
20:03:54 <DuB`> o ok sorry
20:05:50 <DuB`> But doooooooot
20:05:53 <DuB`> The aliens!
20:06:04 <Dot`> true
20:15:07 <skram> which aliens are we killing this time dub
20:17:21 <Runbunny> Congratulations Dub.
20:20:07 <DuB`> The ones in xcom, skram!
20:22:31 -!- Crisium [~Crisium@c-73-174-151-51.hsd1.pa.comcast.net] has joined #tlponies
20:27:39 <skram> those guys are the worst, DuB`
20:28:05 <Dot`> elves are worse skram
20:28:14 <skram> hmm
20:28:20 <skram> thats a tough call
20:31:03 <Dot`> hmm, are you the real skram?
20:31:48 <Dot`> the only tough call is which kind of elf is the worst
20:32:18 <skram> that one's easy
20:32:22 <skram> its the ones with the ears
20:33:03 <Dot`> but how do you choose between drow edginess and wood elf extra tree huginess
20:33:29 <skram> drow edginess is the one redeeming feature of elves, Dot`
20:34:17 <Dot`> i think you will find its how long they live skram, becuase it means when you kill them its so much more of an elf life taken
20:34:54 <Phearlock> Elf lives matter
20:34:58 <skram> no
20:35:00 <Phearlock> The amount of them you've ruined that is
20:35:11 <skram> ayy
20:35:15 <skram> you done me a bamboozle
20:35:24 <Dot`> aayyy
20:40:14 -!- BioPone [~androirc@12.33.239.117] has joined #tlponies
20:40:33 <skram> what are your thoughts about dwarfs, Dot`
20:40:53 <Dot`> too tall
20:41:09 <skram> hmm
20:41:42 <Dot`> what are your thoughts on halflings?
20:41:51 <skram> too small
20:41:58 <Dot`> hmmm
20:49:02 -!- BioPone [~androirc@12.33.239.117] has joined #tlponies
20:49:11 <Dot`> dub https://imgur.com/gallery/Lcuowwz
20:49:13 <Runbunny> It would seem that you two are destined to be mortal enemies forever.
20:49:35 <skram> like norwegians and danes
20:49:51 <Runbunny> And swedes and danes.
20:49:57 <skram> and danes and danes
20:50:07 <Runbunny> Ofc.
20:50:10 <Golly> danes, they ruined denmark
20:50:14 <Runbunny> Have you been to Jylland?
20:50:36 <skram> yeah
20:51:25 <skram> thats where legoland is, anders
20:51:29 <Runbunny> I think there was a partion a few years ago, about having the danes leave Denmark.
20:51:42 <skram> where would they go
20:52:37 <Golly> canada
20:54:26 <Runbunny> Canada sounds like a nice place.
20:54:34 <Runbunny> I should go at some point.
20:54:50 <Golly> https://www.youtube.com/watch?v=QrJ-kN4P-Xo
20:56:02 <Runbunny> We don't like hockey though.
20:56:14 <skram> its not that cold either
20:56:35 <Runbunny> It really isn't.
20:56:36 <Golly> its onlt sweden that gets accurate jokes about them
20:56:49 <Runbunny> Finnish people as well.
20:57:30 <skram> https://www.youtube.com/watch?v=xk0h1WcPMHI
20:57:34 <skram> this is pretty accurate though
20:58:52 <Runbunny> Silly swedes.
20:59:08 <skram> they're adorable
21:02:16 <Runbunny> skram, https://youtu.be/mLdTpyFmr8c?t=110
21:03:41 <skram> HELT D칀SE
21:03:50 <skram> this is awful and you should feel bad on their behalf, anders
21:04:11 <Crisium> i prefer the hockey northerners
21:04:19 <Crisium> so sweden and finland win
21:04:25 <skram> the good ones or the slightly better ones
21:09:25 <skram> .tell Runbunny https://www.youtube.com/watch?v=0Mz0trc-ZpY
21:10:28 <Runbunny> Jonas it's too bad that the Boku review isn't on youtube anymore.
21:10:49 <skram> a travesty, no doubt
21:14:44 <Golly> https://twitter.com/SirPatStew/status/1131605962673012736 sweet jesus
21:16:01 <skram> :O
21:16:16 <skram> yES
21:16:50 <Golly> filed under reasons to live
21:18:07 <skram> guess ill add another year to my calendar
21:20:55 <Phearlock> Oooooooooooooo
21:25:30 <BioPone> Pone
21:25:38 <BioPone> What a long werk
21:26:18 <BioPone> Quick, need a song to groove to on the way home
21:27:40 <Runbunny> BioPone, https://www.youtube.com/watch?v=rY-FJvRqK0E
21:28:16 <skram> https://www.youtube.com/watch?v=gEABPD4wNCg
21:28:52 <skram> https://www.youtube.com/watch?v=HsQoNUpqwKY
21:29:28 <skram> https://www.youtube.com/watch?v=o9zZ4Gj75xs
21:29:32 <skram> i dont know how long your drive is
21:44:09 -!- skraam [~skram@46.46.200.67] has joined #tlponies
21:48:51 <skraam> I accidentally ordered me a new headset, DuB`
21:50:02 <Dot`> when skram becomes skraam https://www.youtube.com/watch?v=9OPc7MRm4Y8
21:50:27 <skraam> haha
21:51:53 -!- BioPone [~androirc@mobile-107-92-121-11.mycingular.net] has joined #tlponies
21:55:36 <Dot`> i sleep now
21:55:46 <skraam> good night lad
21:55:49 <Dot`> stay safe skram
21:55:55 <Dot`> <3
21:55:57 <skraam> i always sometimes do
21:55:57 <skraam> <3
21:59:38 -!- BioPone [~androirc@97.70.165.146] has joined #tlponies
22:04:33 <Rawr|Fone> That sounds like a lie skram
22:05:49 <Bio> hoi
22:05:51 <Bio> i home now
22:06:56 <skraam> i never lie, rawr
22:06:58 <skraam> most of the time
22:07:03 <skraam> welcome home bio the boi
22:07:26 <Rawr|Fone> 游뱂游뱂游뱂
22:11:29 <Bio> hors
22:11:41 <skraam> neigh
22:11:44 <Bio> nei
22:11:49 <skraam> jo??
22:12:00 <Bio> bijo
22:13:19 <skraam> bio thats rude
22:13:21 <Bio> asdfasdfasdf
22:13:55 <Crisium> https://kittens-jpg.tumblr.com/post/185086329949
22:14:10 <skraam> my dumdum brother went and broke his shoulder so i lent him my switch since he has to stay home for like 2 months
22:14:15 <skraam> but now i really wanna do a zelda
22:14:54 <Bio> tell him to get his own
22:16:01 <Rawr|Fone> Break your own shoulder an he will have to give it back
22:16:10 <skraam> ooh thats a better idea
22:16:46 <skraam> right, all I needs is a bottle of bourbon and a bike
22:18:16 -!- Micen|Droid [~Micen@h188.24.16.98.dynamic.ip.windstream.net] has joined #tlponies
22:24:29 <Runbunny> oh right I need to fix my bike as well :/
22:24:52 <Rawr|Fone> Skram you just told dot that you would stay safe
22:27:39 <skraam> i never said that
22:33:03 <skraam> henrik ive been working with a guy from sk친ne for a few days now
22:33:12 <skraam> i understand almost 40% of the things he says
22:33:29 <Rawr|Fone> Where in sk친ne though
22:33:40 <Runbunny> Across the bridge.
22:33:43 <Runbunny> It's Benny.
22:33:47 <Runbunny> The Dane.
22:33:59 <skraam> Not sure, Rawr, but sk친ne isnt that big??
22:34:12 <skraam> No, Benny's retired now I think, Anders
22:34:19 <Runbunny> Oh really?
22:34:26 <Rawr|Fone> Not really skram
22:34:28 <Runbunny> You have no danish comrades then?
22:34:46 <skraam> Well there's the other V칮lund boys that show up each summer
22:35:31 <Rawr|Fone> You should ask him about his hometown skram
22:36:38 <skraam> I will do that
22:36:59 <skraam> He's a welder, maybe you know him
22:37:03 <Rawr|Fone> There is only one acceptable answer though
22:37:23 <skraam> which one is that
22:38:28 <Rawr|Fone> Malm칬칬칬칬칬칬칬칬칬
22:40:55 <skraam> hell yeah buddy
22:44:33 <Rawr|Fone> I bet he is from the eastern part though
22:44:40 <Rawr|Fone> Probably sj칬bo
22:44:43 <skraam> is that the bad part?
22:47:49 <Rawr|Fone> Yes
22:48:44 <skraam> They're all ruffians I bet
22:55:57 <Rawr|Fone> It's kind of like the swedish version of the bible belt? Maybe
23:01:45 -!- skram [~skram@109.236.83.63] has joined #tlponies
23:02:27 -!- BioPone [~androirc@97.70.165.146] has joined #tlponies
23:14:23 <Runbunny> You know what boys. I'll go sleep.
23:15:06 <Rawr|Fone> Excellent plan runbun
23:15:12 <Rawr|Fone> I will do the same
23:15:55 <Runbunny> See you there then.
23:16:05 <Runbunny> Goodnight Henrik.
