00:06:59 <Camail> twitch made some tweaks to theater mode, nice little convenience features
00:08:15 <Camail> with bttv to hide all the advertising garbage, the actual functionality decisions of twitch have consistently been really good
00:29:16 <Runbunny> ublock origin currently still works for twitch, or maybe the streams I watch just doesn't do commercials.
00:30:25 <Camail> no not the ads on stream, stuff like advertised channels and whispers and the prime bell
00:30:52 <Camail> all the stuff that has nothing to do with the stream i am currently watching, i hide it all
00:31:08 <Camail> but i've actually stopped hiding twitch extensions because some are pretty useful
00:31:26 <Camail> the poe one is quite nice, as navigating poe profiles is metaphorical cancer
00:33:37 <Runbunny> lel
00:33:54 <Runbunny> The magic the gathering one is pretty neat as well.
00:34:35 <Runbunny> I don't really look at recommended channels and nobody whispers me so that's all great.
00:34:40 <Camail> yea, but when i do watch it's typically not arena so i dont get much out of it
00:35:23 <Runbunny> Yeh I guess.
00:37:07 <Camail> eh, it's all clutter
00:37:12 <Camail> i'd rather it not be there if i dont use it
00:37:37 <Camail> so that i can let my eyes wander and only see things i care about
01:34:35 <Camail> ded
02:12:30 <DuB`> O no
02:12:35 <DuB`> 0 HR gain today! D:
02:30:48 <Camail> rip
02:31:04 <Camail> you'll never be a monhun at this rate
05:08:55 -!- skram [~skram@185.107.80.182] has joined #tlponies
07:18:27 -!- Dot|Phone [uid393803@id-393803.stonehaven.irccloud.com] has joined #tlponies
07:18:33 <Dot|Phone> Morning all
08:18:18 -!- tredc [~tredc@c83-254-129-166.bredband.comhem.se] has joined #tlponies
08:29:27 -!- Rawr|Fone [~AndChat52@c-4eb4e655.020-164-6d6c6d4.bbcust.telenor.se] has joined #tlponies
09:08:49 -!- Golly [Golly@cm-84.213.21.103.getinternet.no] has joined #tlponies
10:58:56 -!- Runbunny [~Runbunny@91.100.28.10.generic-hostname.arrownet.dk] has joined #tlponies
11:04:12 <Dot|Phone> Runbun
11:06:56 <Runbunny> Dot.
11:07:13 <Dot|Phone> How's you
11:07:48 <Runbunny> Not great. I ate something bad.
11:13:05 <Dot|Phone> :/
11:13:32 <Dot|Phone> You know if you eat nothing but rabbit you will die
11:26:17 <Runbunny> O:
11:27:52 <Rawr|Fone> Are you saying that runbun is a cannibal dot
11:52:24 -!- Rawr|Fone [~AndChat52@c-4eb4e655.020-164-6d6c6d4.bbcust.telenor.se] has joined #tlponies
11:52:34 <Dot|Phone> Not at all Rawr, just important info that everyone needs
11:53:26 <Rawr|Fone> 🤨🤨🤨
11:53:44 <Dot|Phone> Please calm down Rawr
11:54:04 <Rawr|Fone> No
11:55:42 -!- Rawr|Phone [~AndChat52@m83-185-91-194.cust.tele2.se] has joined #tlponies
12:45:05 -!- BioPone [~androirc@mobile-166-170-22-81.mycingular.net] has joined #tlponies
13:11:35 -!- BioPhone [~androirc@12.33.239.117] has joined #tlponies
13:15:50 <BioPhone> Hors
13:15:53 <BioPhone> Ens
13:18:35 <Rawr|Phone> 🅱️io📱
13:21:25 <BioPhone> Rawr phon
13:21:27 <BioPhone> How do
13:30:20 <Rawr|Phone> Pretty good today, about to head back from the gym
13:30:25 <Rawr|Phone> How is the bio
13:53:47 -!- Rawr|Fone [~AndChat52@c-4eb4e655.020-164-6d6c6d4.bbcust.telenor.se] has joined #tlponies
14:05:51 <BioPhone> I am in the work
14:06:02 <BioPhone> Bout to finish a design
14:08:52 -!- skram [~skram@185.107.80.182] has joined #tlponies
14:27:35 <Rawr|Fone> Jonas
14:27:41 <Rawr|Fone> Good luck bio
15:05:19 <Dot|Phone> He is very rude Rawr
15:05:25 <Dot|Phone> Hi bio
15:05:43 <Rawr|Fone> Yes
15:06:54 <Dot|Phone> What you designing bio, is it a death robot? 
15:24:41 <Runbunny> horse robot.
15:30:13 <Runbunny> afk for a few hours.
15:55:21 -!- Dot` [webchat@cloak-vnm1j07w.71.208.46.dyn.plus.net] has joined #tlponies
15:59:39 -!- Rawr|Fone [~AndChat52@c-4eb4e655.020-164-6d6c6d4.bbcust.telenor.se] has joined #tlponies
16:10:17 -!- Rawr|Fone [~AndChat52@m83-185-80-227.cust.tele2.se] has joined #tlponies
16:55:59 -!- reify [webchat@cloak-onuumbvm.29.165.46.threembb.co.uk] has joined #tlponies
16:56:23 <reify> Hi tlp
17:01:49 <BioPhone> Hai
17:02:04 <BioPhone> I got some work pizza
17:02:10 <BioPhone> I'm happi
17:02:20 <BioPhone> Didnt even have to pay for it
17:02:39 <reify> the dream 
17:03:14 <reify> I had a chocolate bomb
17:14:53 <reify> Time to go back home
17:22:34 -!- Camail [~Camail@45.40.84.145] has joined #tlponies
17:22:35 -!- mode/#tlponies [+v Camail] by Q
17:36:43 <Dot`> camm
17:42:23 <BioPhone> Dort
17:43:13 <Camail> yo
17:47:16 <Dot`> bio
17:57:23 <BioPhone> How do
18:00:26 <Dot`> good enough, you?
18:15:15 <Rawr|Fone> 🐴
18:19:46 <Dot`> rawr horse
18:19:59 <Rawr|Fone> Dotpon
18:20:02 <Rawr|Fone> ❤
18:20:39 <Dot`> <3
18:20:45 <Dot`> how was your day
18:25:59 <Camail> .tell skram https://twitter.com/suzusiro333/status/1184407851176841216
18:37:21 <Rawr|Fone> Just got done playing table tennis dot
18:37:41 <Rawr|Fone> I have a job interview tomorrow
18:39:24 <BioPhone> Child labor is illegal tho?
18:49:47 <Dot`> gl rawr!
18:50:03 <Dot`> dont let them know you are a horse, some ppl only hire humans
18:54:15 <Rawr|Fone> I look older than I am bio
18:54:54 <Rawr|Fone> I will watch out for that dot
18:56:45 -!- skram [~skram@185.107.80.182] has joined #tlponies
18:56:52 <skram> hi
18:57:16 <Rawr|Fone> Jonas
18:57:41 <skram> henrique
18:57:42 <skram> hmm brb
18:58:15 -!- skrma [~skram@95.174.67.132] has joined #tlponies
18:58:48 <skrma> wheres camail
19:00:11 <Rawr|Fone> I think he left when he heard your hooves running to the computer
19:00:45 <skrma> eat my ass
19:02:07 <Rawr|Fone> Rysligt ohyfsat
19:02:24 <skrma> you're being pretty ohyfsat too henriken
19:06:29 <Dot`> skram only comes here to see cam confirmed
19:08:31 <skrma> we're planmning to elope
19:08:39 <skrma> gonna get one of those elvis impersonators to marry us in vegas
19:09:33 <Dot`> elvish*
19:09:48 <skrma> eww no
19:11:57 <Dot`> back to elf hating?
19:12:06 <skrma> did we ever stop?
19:12:16 <Dot`> how drunk where you yesterday?
19:12:43 <skrma> no more than usual, surely
19:12:52 <Dot`> well you where all elf loving
19:12:57 <Golly> drunk everywhere
19:13:00 <skrma> impossible
19:32:12 -!- Rawr|Phone [~AndChat52@c-4eb4e655.020-164-6d6c6d4.bbcust.telenor.se] has joined #tlponies
19:51:20 <Runbunny> Hai
19:51:22 <Runbunny> I return
19:52:19 <Dot`> wb bun
19:54:17 -!- reification [~thomas@cpc76294-cosh16-2-0-cust297.6-1.cable.virginm.net] has joined #tlponies
19:54:17 -!- mode/#tlponies [+v reification] by Q
19:57:25 <reification> they really should bring the old dota2 ability icons back https://imgur.com/gallery/CuIrM
20:03:06 <Dot`> thats some paint skills
20:06:36 <skrma> i overslept today Dot`
20:06:57 <skrma> i accidentally rewatched all the panzer last night
20:07:09 <Dot`> all in one night?
20:07:12 <Dot`> you mad lad
20:07:20 <Dot`> did you miss work?
20:07:45 <skrma> eeh just the last 5 + the movies
20:12:12 <Dot`> when is new movie out with subs
20:12:15 <Dot`> pls slram
20:12:18 <Dot`> skram
20:12:58 <skrma> i dont know buddy
20:14:01 <skrma> not sure if its released to dvd/br yet
20:14:26 <reification> i would expect it to be available with subs very soon after
20:16:12 <BioPhone> Pls no degeneracy in my wholesome internet relay chat
20:16:40 <skrma> theres nothing degenerate about schoolgirls shooting at each other with ww2 era tanks
20:20:54 <BioPhone> Pls
20:21:01 -!- Rawr|Fone [~AndChat52@c-4eb4e655.020-164-6d6c6d4.bbcust.telenor.se] has joined #tlponies
20:24:34 <Dot`> Wholesome Tank fun
20:25:29 <Dot`> its a show all about friendship bio
20:26:55 <BioPhone> I don't believe you
20:30:09 <reification> clearly you'll have to watch it to find out then bio
20:32:03 <Rawr|Fone> Don't fall for it bio
20:58:40 -!- BioPone [~androirc@mobile-166-170-22-213.mycingular.net] has joined #tlponies
21:01:05 -!- Rawr|Fone [~AndChat52@c-4eb4e655.020-164-6d6c6d4.bbcust.telenor.se] has joined #tlponies
21:05:52 <Dot`> skram!
21:06:01 <Dot`> new DnD UA is out
21:06:15 <Dot`> has a cool looking fighter subclass
21:06:35 <Dot`> Rune knight, you can play a dorf with Rune magick
21:07:04 <skrma> no magic
21:08:26 <Dot`> its from rune carving, very dorfish
21:08:56 <skrma> hmm
21:09:06 <skrma> magic is an abomination
21:09:28 <Dot`> vakist used magic
21:10:51 <skrma> pfft lies
21:13:26 <Dot`> there is a super edgy rogue archtype
21:13:30 <Dot`> The Revived
21:15:47 -!- carcinisation [~thomas@cpc76294-cosh16-2-0-cust297.6-1.cable.virginm.net] has joined #tlponies
21:15:47 -!- mode/#tlponies [+v carcinisation] by Q
21:20:23 -!- Bio [~BioPon@97.70.165.146] has joined #tlponies
21:21:44 <Bio> hej
21:21:50 <Dot`> hedge
21:23:29 -!- Rawr|Fone [~AndChat52@c-4eb4e655.020-164-6d6c6d4.bbcust.telenor.se] has joined #tlponies
21:26:47 <skrma> blargh
21:26:48 <skrma> time for bed
21:26:57 <Bio> but skarm
21:27:00 <Bio> i just got here
21:27:29 <skrma> i know bud but i have work in like 6 hours
21:27:46 <Bio> have you considered my feelings tho
21:27:48 <Dot`> gl skram
21:28:26 <Bio> oh frig that tyranny of dargons book comes out next week
21:28:31 <Bio> neato
21:33:27 <carcinisation> https://twitter.com/skeptycally/status/1182028696447668224
21:59:47 -!- skram [~skram@82.147.53.89] has joined #tlponies
22:01:39 <Dot`> skram go to sleep
22:14:56 <carcinisation> i shall do just that
22:20:24 <Bio> spleep
23:50:12 -!- Crisium [~Crisium@c-24-3-150-105.hsd1.pa.comcast.net] has joined #tlponies
23:53:17 -!- BioPone [~androirc@mobile-166-170-22-164.mycingular.net] has joined #tlponies
