00:54:45 <Camail> DuB`  all the event quests are coming back on the 17th
00:54:58 <Camail> so you'll have a lot more content to do that week
00:55:03 <DuB`> :o
00:55:06 <DuB`> Noice
00:55:11 <Camail> KT is fairly important for filling out your weapon selection
00:55:42 <Camail> AT jagras is the best in the game for deco farming
01:09:41 -!- Rawr|Fone [~AndChat52@c-4eb4e655.020-164-6d6c6d4.bbcust.telenor.se] has joined #tlponies
01:15:55 -!- BioPone [~androirc@97.70.165.146] has joined #tlponies
02:08:32 <DuB`> Camail how do I get the old jaunty Astera base music back >:T
02:08:48 <DuB`> I don't like the loud grand orchestra version after you beat the things
02:09:16 <Camail> i dunno, never noticed
02:12:21 <DuB`> Also why does my radial wheel keep resetting itself!
02:12:38 <DuB`> I've customized it like 4 times this week and it keeps goign back to what I had last previously :(
02:40:10 <Camail> i think any time you add something it changes
02:40:15 <Camail> i know i've had issues with it in the past
03:17:17 -!- Rawr|Fone [~AndChat52@c-4eb4e655.020-164-6d6c6d4.bbcust.telenor.se] has joined #tlponies
03:21:08 <DuB`> HR 49 get, time for tempered kirin tomoro
03:21:09 <DuB`> wew
03:30:56 <Camail> nice
03:31:03 <Camail> do you have any stun decos
03:35:27 <DuB`> Anti-stun? One
05:59:26 -!- Golly [Golly@cm-84.213.21.103.getinternet.no] has joined #tlponies
06:20:30 -!- Rawr|Fone [~AndChat52@c-4eb4e655.020-164-6d6c6d4.bbcust.telenor.se] has joined #tlponies
07:21:31 -!- Rawr|Fone [~AndChat52@c-4eb4e655.020-164-6d6c6d4.bbcust.telenor.se] has joined #tlponies
07:30:41 -!- Dot|Phone [uid393803@id-393803.stonehaven.irccloud.com] has joined #tlponies
07:31:22 <Dot|Phone> Morning pons
07:45:03 <Rawr|Fone> DoT DoT DoT
07:45:06 <Rawr|Fone> 💖💖💖
07:56:21 <Dot|Phone> Rawr Rawr Rawr
07:56:24 <Dot|Phone> 💖💖💖
08:31:08 -!- Rawr|Fone [~AndChat52@c-4eb4e655.020-164-6d6c6d4.bbcust.telenor.se] has joined #tlponies
08:43:13 -!- Runbunny [~Runbunny@91.100.28.10.generic-hostname.arrownet.dk] has joined #tlponies
08:57:18 <Dot|Phone> Angel! 
08:58:38 <Runbunny> Dot!
09:01:20 <Dot|Phone> How's your day
09:10:43 -!- tredc [~tredc@c83-254-129-166.bredband.comhem.se] has joined #tlponies
09:15:55 <Runbunny> Is okay.
09:16:02 <Runbunny> A bit tired.
10:02:31 -!- Rawr|Fone [~AndChat52@c-4eb4e655.020-164-6d6c6d4.bbcust.telenor.se] has joined #tlponies
10:28:06 -!- Rawr|Fone [~AndChat52@c-4eb4e655.020-164-6d6c6d4.bbcust.telenor.se] has joined #tlponies
10:56:04 -!- reification [~thomas@cpc76294-cosh16-2-0-cust297.6-1.cable.virginm.net] has joined #tlponies
10:56:04 -!- mode/#tlponies [+v reification] by Q
11:03:22 <Dot|Phone> Hey Reif
11:04:43 <reification> hi dotties
11:07:47 -!- Rawr|Fone [~AndChat52@c-4eb4e655.020-164-6d6c6d4.bbcust.telenor.se] has joined #tlponies
11:32:01 -!- BioPone [~androirc@mobile-166-176-249-29.mycingular.net] has joined #tlponies
11:40:18 <reification> rawr i found cosplay for you https://www.reddit.com/r/DotA2/comments/3vjc5c/meepo_girls_cosplay_from_dreamhack_moscow/
12:27:38 -!- Rawr|Fone [~AndChat52@c-4eb4e655.020-164-6d6c6d4.bbcust.telenor.se] has joined #tlponies
12:46:56 -!- Rawr|Fone [~AndChat52@c-4eb4e655.020-164-6d6c6d4.bbcust.telenor.se] has joined #tlponies
13:04:40 -!- tredc_ [~tredc@c83-254-129-166.bredband.comhem.se] has joined #tlponies
13:04:51 -!- skram [~skram@37.120.141.28] has joined #tlponies
13:06:49 <Dot|Phone> Jonas chap
13:07:43 <skram> dot chum
13:15:48 <reification> ooh it's a name day (i read the word "reify" in the wild)
13:21:14 <reification> runbunny holoween https://twitter.com/PheenDK/status/1181228449702305794
13:27:07 -!- BioPone [~androirc@mobile-166-176-249-29.mycingular.net] has joined #tlponies
13:46:02 <Runbunny> Holoween!
14:00:55 -!- Golly [Golly@cm-84.213.21.103.getinternet.no] has joined #tlponies
14:09:37 -!- Rawr|Fone [~AndChat52@c-4eb4e655.020-164-6d6c6d4.bbcust.telenor.se] has joined #tlponies
14:35:23 <BioSC> asdf
14:47:05 <Dot|Phone>  Bio 
14:49:48 -!- Camail [~Camail@45.40.84.145] has joined #tlponies
14:49:48 -!- mode/#tlponies [+v Camail] by Q
15:04:54 <Dot|Phone> A cam
15:05:04 <Camail> one dot
15:35:10 -!- BioPone [~androirc@mobile-166-176-249-29.mycingular.net] has joined #tlponies
15:41:30 -!- Rawr|Fone [~AndChat52@c-4eb4e655.020-164-6d6c6d4.bbcust.telenor.se] has joined #tlponies
15:59:23 -!- BioPone [~androirc@mobile-166-176-249-29.mycingular.net] has joined #tlponies
16:12:46 -!- Dot` [webchat@cloak-vnm1j07w.71.208.46.dyn.plus.net] has joined #tlponies
16:19:43 -!- Runbunny [~Runbunny@91.100.28.10.generic-hostname.arrownet.dk] has joined #tlponies
16:37:09 <BioSC> hom erly today bois
16:37:30 <BioSC> wop
16:39:50 <reification> wb bio
16:41:19 -!- Rawr|Fone [~AndChat52@c-4eb4e655.020-164-6d6c6d4.bbcust.telenor.se] has joined #tlponies
16:44:32 <Rawr|Fone> 🐴🐴🐴
16:48:03 <Camail> dot have you done uber lab yet?
16:54:44 -!- Zounds [webchat@cloak-07ouvien.14-2.cable.virginm.net] has joined #tlponies
16:55:06 <Zounds> homepon
16:59:04 <BioSC> why hello there
17:27:19 <reification> wb zounds
17:34:25 <Zounds> ty!
17:38:56 <Camail> hey zounds, any interest in trying destiny 2 now that its free?
17:44:33 <Zounds> Hmm it's tempting but I've got my fill of vidya at the moment
17:45:05 <Zounds> I did like Destiny 1 a lot so I'll prob try 2 out, not right away though
17:51:23 -!- Rawr|Fone [~AndChat52@c-4eb4e655.020-164-6d6c6d4.bbcust.telenor.se] has joined #tlponies
18:02:53 <Dot`> no  have not cam, soooon(tm)
18:19:34 -!- Rawr|Fone [~AndChat52@c-4eb4e655.020-164-6d6c6d4.bbcust.telenor.se] has joined #tlponies
18:20:31 <Camail> i have a guy that needs to run lab if you wanna do it today someitme
18:24:53 -!- skram [~skram@82.147.53.4] has joined #tlponies
18:31:20 <CockRoach|42> Dot`: https://twitter.com/shortsnek
18:32:05 <skram> frens
18:32:20 <CockRoach|42> skram boi
18:32:57 <skram> cr y ou heckin rascal
18:33:59 <CockRoach|42> <3
18:34:29 <skram> <3
18:38:49 <Camail> skram is here at a normal time
18:38:49 <Camail> weird
18:39:18 <skram> im almost always here at this time??
18:40:59 <Camail> WEIRD
18:41:51 <Dot`> how long does the uber lab take cam?
18:42:07 <Camail> like 10 minutes
18:42:54 <Dot`> tomorow we do labs then
18:42:59 <Dot`> skram will join
18:45:18 <skram> will he though
18:46:45 <Dot`> if he cares
19:02:07 <skram> i only care about cats, dot
19:02:11 <skram> you already know t his
19:03:38 -!- Rawr|Fone [~AndChat52@c-4eb4e655.020-164-6d6c6d4.bbcust.telenor.se] has joined #tlponies
19:04:15 <Camail> you are the horse we will ride into battle
19:05:19 <Runbunny> O:
19:47:14 <Golly> https://www.youtube.com/watch?v=jS-cu_2xQq4
19:47:22 <Golly> its....magnificent
19:49:13 -!- Rawr|Fone [~AndChat52@c-4eb4e655.020-164-6d6c6d4.bbcust.telenor.se] has joined #tlponies
19:49:21 <skram> what the hell is this golly
19:49:30 <Golly> peak gaming
19:59:37 <Camail> the classic, trash fighting games
20:00:07 <Golly> im not in the know but what little ive heard is its actually good
20:00:27 <Golly> despite its lools
20:00:29 <Golly> looks
20:00:41 <Golly> i dont play these games tho so i wouldnt know
20:45:23 -!- BioPone [~androirc@mobile-166-176-248-242.mycingular.net] has joined #tlponies
21:01:27 -!- Rawr|Fone [~AndChat52@c-4eb4e655.020-164-6d6c6d4.bbcust.telenor.se] has joined #tlponies
21:14:44 <Dot`> pon pon
21:16:41 <Camail> so far, code vein is fun
21:17:16 <Camail> it's a solid 8/10, would be higher if the story was good, the tits were smaller, and the bosses were a tad more interesting
21:17:36 -!- Rawr|Fone [~AndChat52@c-4eb4e655.020-164-6d6c6d4.bbcust.telenor.se] has joined #tlponies
21:27:21 <reification> cam clearly it needs some dlc https://store.steampowered.com/app/537780/GalGun_Double_Peace__Angel_Cutting_Board_Item/
21:28:39 <Camail> yea that'd be nice
21:28:48 <Camail> just give me a normal female profile pls
21:31:35 -!- Crisium [~Crisium@c-24-3-150-105.hsd1.pa.comcast.net] has joined #tlponies
21:42:10 -!- BioPone [~androirc@mobile-166-176-248-242.mycingular.net] has joined #tlponies
21:44:03 <reification> dot https://twitter.com/aph_daisy/status/1181282765414625283
21:45:32 <reification> .tell skram https://twitter.com/tsundere_asuka/status/1181295302952620032
21:53:23 -!- BioPone [~androirc@mobile-166-176-248-242.mycingular.net] has joined #tlponies
22:14:23 -!- Rawr|Fone [~AndChat52@c-4eb4e655.020-164-6d6c6d4.bbcust.telenor.se] has joined #tlponies
22:27:59 -!- skram [~skram@37.120.141.28] has joined #tlponies
22:37:15 <Rawr|Fone> Jonas
22:51:46 <reification> bio https://twitter.com/NucleusNine/status/1180855961172533248
23:02:19 <reification> .tell dub` https://twitter.com/RyeMidnight/status/1181300528896204805
23:02:24 <reification> skram ^
23:45:10 -!- Rawr|Fone [~AndChat52@c-4eb4e655.020-164-6d6c6d4.bbcust.telenor.se] has joined #tlponies
