00:03:16 -!- DoT|Phone [~Dot@85.255.237.114] has joined #tlponies
02:16:38 <motbob> DORTA UNDERLORDS
02:19:41 <motbob> dota underlords is too stressful
02:19:51 <motbob> i'm going to play some nice relaxing sekiro
04:57:32 -!- Cane_ [~Cane@CaneCraft.users.quakenet.org] has joined #tlponies
04:57:32 -!- mode/#tlponies [+o Cane_] by Q
05:37:55 -!- skram [~skram@134.19.189.38] has joined #tlponies
05:50:31 -!- Golly [Golly@cm-84.212.249.112.getinternet.no] has joined #tlponies
06:00:18 -!- DoT|Phone1 [~Dot@232.123.7.51.dyn.plus.net] has joined #tlponies
06:27:36 -!- Runbunny [~Runbunny@91.100.28.10.generic-hostname.arrownet.dk] has joined #tlponies
06:27:53 <DoT|Phone1> Morning
06:28:00 <Runbunny> Good morning Dot.
06:28:28 <DoT|Phone1> hey Runbun
06:48:43 <Rawr|Fone> DoT DoT DoT
06:52:06 <DoT|Phone1> Rawr Rawr Rawr
06:52:11 <DoT|Phone1> 💖💖💖
06:52:28 <Rawr|Fone> 💖💖💖
06:54:34 -!- DoT|Phone [~Dot@85.255.237.138] has joined #tlponies
07:00:05 <DoT|Phone> how you Rawr
07:00:57 <Rawr|Fone> Great so far
07:01:02 <Rawr|Fone> Just woke up
07:03:15 <Rawr|Fone> Are you being a good workpon as usual dot
07:06:31 <Runbunny> DoT|Phone, https://i.imgur.com/RFT6P8x.jpg
07:31:42 <DoT|Phone> I am Rawr
07:32:12 <Rawr|Fone> Wonderful
07:35:03 -!- Camail [~Camail@45.40.84.145] has joined #tlponies
07:35:03 -!- mode/#tlponies [+v Camail] by Q
07:37:13 <DoT|Phone> that's a swan Rawr.  they are scary
07:41:40 <Rawr|Fone> It does seem like it is trying to strangle the person
08:30:30 <Runbunny> weird stuff is happening
08:46:50 -!- Runbunny [~Runbunny@91.100.28.10.generic-hostname.arrownet.dk] has joined #tlponies
09:33:55 <Golly> just started playing slay the spire, and let me just say, fuck the awakened one
10:18:07 <Runbunny> :D
11:31:04 -!- reification [~reificati@host31-54-239-111.range31-54.btcentralplus.com] has joined #tlponies
11:34:59 <DoT|Phone> hey Reif
11:35:12 <reification> hello dotties
12:34:05 -!- BioPhone [~androirc@12.33.239.117] has joined #tlponies
12:34:45 <BioPhone> Mroning horselords
12:35:15 <Golly> m0rnin
12:36:00 <DoT|Phone> morn
12:37:29 <BioPhone> Is work time
13:03:22 <Runbunny> Have fun at work Bio love.
13:05:44 <BioPhone> No fun at work. Only work
13:07:43 -!- reification [~reificati@host31-54-239-111.range31-54.btcentralplus.com] has joined #tlponies
13:23:57 -!- skram [~skram@82.147.53.210] has joined #tlponies
13:51:30 -!- DuBtop [DuBtop@cpe-68-174-122-249.nyc.res.rr.com] has joined #tlponies
13:54:53 <Rawr|Fone> No pc yet dub?
13:55:14 <DuBtop> Out for delivery, as is my chair
13:55:17 <DuBtop> wew
14:03:20 <DoT|Phone> gl
14:08:05 <DoT|Phone> home time
14:18:36 <DoT|Phone> dub. what doing today
14:20:02 <DuBtop> Um
14:20:07 <DuBtop> Study exercise and play
14:20:10 <DuBtop> The usual!
14:20:15 <DoT|Phone> good plan
14:28:19 <DuBtop> And lotsa dotowatch
14:39:30 -!- DoT|Phone [~Dot@232.123.7.51.dyn.plus.net] has joined #tlponies
14:42:48 -!- DoT` [~Dot@232.123.7.51.dyn.plus.net] has joined #tlponies
14:59:14 -!- Rawr|Phone [~AndChat52@84-217-62-32.customers.ownit.se] has joined #tlponies
14:59:15 <DoT`> oh, half life run
15:02:15 <DoT`> .tell skram https://imgur.com/gallery/O48pQyT
15:10:04 <Runbunny> .Tell Zounds The bunners have quite the ears, but no tails.
15:11:03 <Runbunny> Dot dot.
15:11:11 <Runbunny> Do you have weekend now?
15:13:04 <DoT`> i do
15:17:37 <Runbunny> Well done Friend.
15:18:14 <DoT`> thanks bun
15:18:22 <DoT`> one more week of work, then i go to australia
15:19:37 <DoT`> more covertmuffin
15:40:04 -!- cmc [~methos@li1016-58.members.linode.com] has joined #tlponies
15:52:02 <Runbunny> O:
16:15:50 <DoT`> hows your day going rnbun
16:16:09 <DoT`> bio, octopath after MC i think
16:19:23 -!- Camail [~Camail@45.40.84.145] has joined #tlponies
16:19:23 -!- mode/#tlponies [+v Camail] by Q
16:28:13 <Camail> DoT` behave yourself
16:28:27 <Camail> enough of this high flying risky business
16:28:31 <Camail> you need to calm down
16:28:56 <DoT`> i do what must be done
16:29:55 -!- Rawr|Fone [~AndChat52@m83-185-91-99.cust.tele2.se] has joined #tlponies
16:30:12 <Camail> pls
17:01:49 <Rawr|Fone> Pls
17:02:16 <DoT`> ty
17:14:32 <CockRoach|42> calm down
17:16:01 <Rawr|Fone> Cr you can't supress the pons
17:16:05 <DoT`> but cr
17:16:09 <DoT`> ITS DOGGO DAY
17:17:20 <DoT`> https://www.reddit.com/r/DnD/comments/c6l5hw/art_dungeons_and_doggos_108_ewe_rock/
17:17:22 <DoT`> !!!!
17:30:45 <DuBtop> Liquid playing visage, o boi
17:30:53 <DuBtop> Excite
17:31:01 <DuBtop> But nerfed visage, so some worry :P
17:32:04 <Camail> dub are you excited about TL Marvel
17:32:14 <Camail> that's pretty nuts
17:33:34 <DuBtop> The wha
17:33:53 <Camail> team liquid partnered with marvel
17:34:17 <DoT`> fancy
17:34:17 <Camail> they have avengers jerseys
17:34:38 <Camail> i could care less about the merch, but the fact that disney is invested is a great sign for them
17:34:38 <DuBtop> Huh
17:34:48 <DuBtop> Yeah that's an unexpected combo
17:35:00 <Camail> https://www.youtube.com/watch?v=N4Fuvz0LN38
17:35:35 <Camail> i mean, it's terrifying if disney ever buys liquid
17:35:42 <Camail> that would be the worst possible outcome
17:35:52 <Camail> but partnerships are good
17:39:35 <DoT`> cam i was trying to get a dnd map to line up on roll20 and was having more trouble than normal
17:39:49 <DoT`> its a 3 story building and the tiles on the diffrent floors dont line up....
17:40:30 <Camail> cut the images out into 3 separate maps
17:40:32 <CockRoach|42> DoT`!!! i think i missed last week?
17:41:25 <DoT`> wow cr, you just dont care about doggos :(
17:41:51 <CockRoach|42> i bet you didnt even post it
17:41:51 <Camail> worst boy
17:41:54 <DoT`> yea cam, or ill just remove the grid from map once its roughly the right size
17:45:00 <Golly> crazy dotes happenin
17:45:25 <DuBtop> Ya haha
17:52:08 <DuBtop> What a visage
17:52:11 <DuBtop> Best bird
17:57:26 -!- Rawr|Phone [~AndChat52@c-4eb4e655.020-164-6d6c6d4.bbcust.telenor.se] has joined #tlponies
17:57:47 -!- Rawr|Pone [~AndChat52@m83-185-94-15.cust.tele2.se] has joined #tlponies
18:01:08 <DoT`> 3 rawrs
18:01:13 <DoT`> rawr rawr rawr
18:01:38 <Rawr|Pone> Dot dot dot
18:01:45 <DoT`> <3 <3 <3
18:02:00 <Rawr|Pone> ❤❤❤
18:02:55 <DoT`> there goes one
18:03:03 <DoT`> off on adventure
18:03:20 <CockRoach|42> probably being rowdy
18:03:44 -!- BioPhone [~androirc@12.33.239.117] has joined #tlponies
18:05:32 <Camail> DoT` if you ever wanted to make quick money in poe you could buy pale court prophecies, beat the boss, then sell the key fragments
18:05:46 <Camail> there's a huge discrepancy in the ratios right now
18:06:15 <Camail> even for buying the maps to find the bosses
18:08:40 <DoT`> odd
18:11:27 <Camail> key prices are the same, but prophecies have unexpectedly high drop rates in legion
18:11:32 <Camail> the market hasn't adjusted
18:12:41 <Camail> unbreathing queen V is 4c, cemetery map is 2c, volkuur's key is 15c
18:12:47 <Camail> 7c flip every few minutes
18:13:10 <Camail> you could completely flood the market, and i think the demand is high enough for you to do it without ruining the ratio
18:13:41 <Camail> honestly shocked that no one is doing this yet
18:14:04 <DuBtop> Out for delivery at 9:20am. Expected delivery: By End of Day
18:14:09 <DuBtop> Nice window
18:14:12 <Camail> lul
18:14:14 <DuBtop> I'll just sit here
18:14:27 <Camail> go play d3
18:15:24 <DuBtop> Doto for now
18:25:11 <Rawr|Pone> 🐴🐴🐴
18:25:23 -!- Zounds [webchat@cloak-07ouvien.14-2.cable.virginm.net] has joined #tlponies
18:25:32 <Zounds> mlem
18:31:26 <DoT`> Zounds!
18:31:35 <DoT`> hows the new game?
18:52:32 <Zounds> awesome so far
19:02:39 -!- Cane [~Cane@CaneCraft.users.quakenet.org] has joined #tlponies
19:02:39 -!- mode/#tlponies [+o Cane] by Q
19:03:31 <DoT`> hey cane!
19:18:13 <Cane> Hiya. <3
19:45:52 <DoT`> reif https://imgur.com/gallery/EuURcU1
19:47:23 -!- BioPhone [~androirc@12.33.239.117] has joined #tlponies
19:48:03 <DoT`> bio snela
19:49:49 <BioPhone> Snell pls
20:20:39 -!- BioPone [~androirc@mobile-166-170-26-39.mycingular.net] has joined #tlponies
20:25:48 <BioPone> I am home pon time
20:26:05 <BioPone> Pizza will be gotted
20:34:52 -!- DuB` [DuB@cpe-68-174-122-249.nyc.res.rr.com] has joined #tlponies
20:35:24 <DoT`> Oh boy
20:35:28 <DoT`> its the true dub
20:35:34 <DuB`> Wew!
20:43:16 <DuB`> Turns out 1920x1080 is so much nicer than 1300x700
20:43:19 <DuB`> I can SEEEEEE
20:43:23 <DoT`> lol
20:43:43 <DuB`> Mebbe run time though? Hmmmm
20:46:14 <DoT`> in the sun again?
20:46:17 <DoT`> no no
20:48:46 <DuB`> But dotos is over and it's only megaman on gdq
20:55:27 <Bio> as
20:55:28 <Bio> drf
20:55:31 <Bio> i hom
20:56:45 <DuB`> Battletech and Pillars 2 tempting on sale right now
20:56:53 -!- BioPone [~androirc@97.70.165.146] has joined #tlponies
20:56:55 <Bio> dob
20:56:56 <Bio> PLS
20:57:14 <DuB`> And surviving mars and tw warhammer 2
20:57:16 <DuB`> O dear
20:59:42 <Bio> pls
21:02:45 <Zounds> so many vidya games
21:06:43 <DoT`> runbun, hob has a good run going
21:10:32 <Runbunny> Good.
21:19:09 -!- BioPone [~androirc@97.70.165.146] has joined #tlponies
21:21:48 <Camail> runbun i have a ratio and someone needs to exploit it, will it be you?
21:22:08 -!- reification [~thomas@cpc76294-cosh16-2-0-cust297.6-1.cable.virginm.net] has joined #tlponies
21:22:08 -!- mode/#tlponies [+v reification] by Q
21:22:15 -!- BioPone [~androirc@97.70.165.146] has joined #tlponies
21:22:22 <DoT`> reif
21:22:23 <Camail> go buy pale court prophecies and make bank
21:22:28 <reification> dot
21:22:34 <reification> i bak from london
21:22:50 <DoT`> london is a silly place reif
21:23:16 <DoT`> and gj not getting stabbed
21:24:13 -!- tredc [~tredc@c83-254-129-166.bredband.comhem.se] has joined #tlponies
21:25:49 <reification> neither stabbed nor attacked with acid
21:26:54 <DoT`> succesful trip
21:28:09 <DoT`> bun, the hob run ripped :/
21:28:18 <DoT`> i didnt see how
21:30:14 <reification> skram https://i.redd.it/9t64vlv713731.jpg
21:30:37 <DoT`> we have no skram
21:31:57 <DoT`> reif runbun https://i.imgur.com/lDNld2E.jpg  
21:32:25 <DoT`> rawr https://imgur.com/gallery/xoWHkuG
21:42:16 <reification> sry dot i already sent that to runbun :p
21:42:46 <DoT`> ill need to up the weeb game then
21:42:50 <DoT`> or stick to bunnies
21:59:56 <Rawr|Pone> Dot
22:00:04 <Rawr|Pone> My dear friend
22:00:47 <DoT`> rawr deer
22:12:49 <Rawr|Fone> How was your day dot
22:13:51 <DoT`> it was good rawr, and you?
22:22:17 -!- BioPone [~androirc@97.70.165.146] has joined #tlponies
22:23:50 <Rawr|Fone> Today was pretty great dot
22:28:38 <Bio> i dozed off in my chair after eating pizza
22:28:43 <Bio> is this what being old is
22:28:47 <Bio> anywho
22:28:49 <Bio> tetris next
22:32:53 <DuB`> Aha tasbot stuff
22:33:02 <DuB`> I'll watch those THEN run!
22:42:41 <DoT`> how is tetris such a crazy game
22:51:06 <DoT`> DOLPHINS
22:51:54 <DoT`> vr tetris, what a world
22:57:50 <Bio> pretty lights
23:01:55 <DoT`> SPEEED
23:03:41 <Zounds> night horsies
23:03:51 <DoT`> gnight zoonds <3
23:03:54 <Zounds> <3
23:10:48 <DoT`> this guy aint too bad at stacking blocks
23:15:41 <Bio> stack blocks gud mang
23:18:18 <Cane> God damn I love Tetris runs.
23:18:22 <Cane> That one was freaking mesmerizing.
23:18:27 <Cane> I couldn't take my eyes off the screen.
23:18:37 <DoT`> it was great
23:18:38 <Cane> TASBot block next. <3
23:18:48 <DoT`> second cutest bot
23:22:43 <Bio> oi
23:22:51 <Bio> i got my strongholds book bois
23:25:25 <DoT`> mmm, new book smell
23:37:53 <Camail> Cane just killed uber elder, no portals left portal. just like last time
23:38:06 <Camail> the issue with berserker is that i need rage to do anything
23:38:07 <Cane> Gj.
23:38:14 <Camail> the hardest part was phase 1
23:38:28 <Camail> chasing shaper around to gain stacks was not great
23:47:43 <DoT`> dub, give skram pls
23:48:20 <DoT`> .tell skram https://imgur.com/gallery/td8BXwn
23:48:35 <DoT`> look Runbunny
23:49:33 <DuB`> I wish, dot :(
23:50:00 <DuB`> I need to tell him about my favorite new artist, "⣎⡇ꉺლ༽இ•̛)ྀ◞ ༎ຶ ༽ৣৢ؞ৢ؞ؖ ꉺლ"
23:50:06 <DuB`> Great music
23:51:02 <DoT`> is it random plastic on metal screeching in an anandoned car park that is 2,67 miles form the equator?
23:51:04 <DuB`> Did 2 mile run, weather is perfec 
23:51:27 <Cane> Get to the point!
23:51:35 <DuB`> No it's awfully normal, DoT` :P
23:51:55 <DoT`> is it miley cyris dub?
23:51:59 <DoT`> thats skrams favourite
23:52:46 <DuB`> It's Four Tet, but I don't know whether Four Tet is actually Miley Cyrus or not
23:52:52 <DuB`> So I couldn't tell ya
23:59:10 <DoT`> lol this bot
23:59:44 <DuB`> Is gud one
