00:05:57 <skrm> i ordered internets for the new apt
00:06:12 <skrm> 7-12 weeks wait for inter tubes >_>
00:06:23 <skrm> guess imma have to get a 4g router meanwhile smh
00:06:46 <Rawr|Fone> 🤨🤨🤨
00:18:48 -!- Camail_Phone [~camailpho@225.sub-174-221-12.myvzw.com] has joined #tlponies
00:18:54 <Camail_Phone> I am train
00:45:11 <Runbunny> I am sleep.
01:26:27 <Camail> i am here
01:26:44 <Camail> dub are you working on the CR backlog yet?
01:47:05 <Camail> .tell dot dub is ignoring me, tell him he's a butt
02:13:04 <DuB`> Been busy with family and stuff Camail, might start on one just now
02:13:26 <DuB`> Was out to graduation-celebratory steak dinner tonight!
02:13:35 <DuB`> Mmmmm big fat medium-rare filet
02:14:27 <Camail> juicy
02:15:58 <Camail> dot's still gonna call you a butt
02:16:03 <Camail> such is the power of a .tell
02:39:16 -!- Rawr|Fone [~AndChat52@84-217-62-32.customers.ownit.se] has joined #tlponies
05:42:06 -!- skram [~skram@82.147.53.175] has joined #tlponies
05:55:53 -!- Golly [Golly@cm-84.212.249.112.getinternet.no] has joined #tlponies
06:02:02 <DoT|Phone1> .tell dub you're a butt
06:02:08 <DoT|Phone1> morning all
06:02:16 <skram> why he a butt
06:02:20 <skram> good morning
06:02:50 <DoT|Phone1> cam requested I inform dub of his status
06:02:54 <skram> ah
06:02:57 <skram> carry on then
06:09:00 <DoT|Phone1> how you Skram
06:09:26 <skram> bit sleepy
06:25:09 -!- DuB` [DuB@65-130-48-126.slkc.qwest.net] has joined #tlponies
06:37:55 -!- DoT|Phone [~Dot@85.255.232.242] has joined #tlponies
06:44:59 <DoT|Phone> have you tried sleep Skram?
06:45:16 <skram> hmm
06:45:20 <skram> i dont know that spell
06:46:41 <DoT|Phone> that's because your a barbarian
07:39:34 <DoT|Phone> dub
07:44:34 <DoT|Phone> Rawr
07:44:57 <Rawr|Fone> DoT
07:45:04 <DoT|Phone> !
07:45:09 <Rawr|Fone> !
07:45:16 <DoT|Phone> thought my phone was broken again
07:45:55 <Rawr|Fone> Not yet
07:46:39 <CockRoach|42> morning horses
07:48:01 <Rawr|Fone> Hai cr horse
07:48:26 <DoT|Phone> cr hest
08:10:25 -!- Micen [~Micen@h192.28.16.98.dynamic.ip.windstream.net] has joined #tlponies
08:10:36 <DoT|Phone> hey Micen
08:10:41 <Micen> Good morning
08:16:01 -!- reification [~thomas@cpc76294-cosh16-2-0-cust297.6-1.cable.virginm.net] has joined #tlponies
08:16:01 -!- mode/#tlponies [+v reification] by Q
08:16:10 <Micen> Morning Reif!
08:16:31 <reification> hello micen
08:17:20 <reification> .tell dub` https://imgur.com/gallery/D0vyWts
08:30:19 -!- Micen|Droid [~Micen@h192.28.16.98.dynamic.ip.windstream.net] has joined #tlponies
09:20:58 -!- Runbunny [~Runbunny@91.100.28.10.generic-hostname.arrownet.dk] has joined #tlponies
09:31:14 <DoT|Phone> Runbun
09:31:21 <Runbunny> Dot.
09:31:22 <DoT|Phone> hey Reif
09:37:39 -!- carcinisation [~thomas@cpc76294-cosh16-2-0-cust297.6-1.cable.virginm.net] has joined #tlponies
09:37:39 -!- mode/#tlponies [+v carcinisation] by Q
09:38:35 -!- reimeuk [~thomas@cpc76294-cosh16-2-0-cust297.6-1.cable.virginm.net] has joined #tlponies
09:38:35 -!- mode/#tlponies [+v reimeuk] by Q
09:45:06 <reimeuk> i hope my internet is not going to be silly again D:
09:51:39 <Rawr|Fone> Probably will be
09:52:01 <reimeuk> i will trust your expertise on silliness
09:52:12 <reimeuk> and go lift things instead
10:00:54 <DoT|Phone> later Reif
10:02:30 -!- carcinisation [~thomas@cpc76294-cosh16-2-0-cust297.6-1.cable.virginm.net] has joined #tlponies
10:02:30 -!- mode/#tlponies [+v carcinisation] by Q
10:04:07 <Rawr|Fone> Lifting things sounds good
10:04:14 <Rawr|Fone> I'm gonna go do that too
10:05:09 -!- Rawr|Phone [~AndChat52@m83-185-83-158.cust.tele2.se] has joined #tlponies
10:07:18 <DoT|Phone> don't fall over while holding the heavy things Rawr
10:09:51 <CockRoach|42> i should do some of that lift too
10:10:22 <DoT|Phone> all the lifts
10:10:28 <DoT|Phone> you nerds
10:10:32 <CockRoach|42> pls
10:10:35 <Rawr|Phone> I will do my best dot
10:10:37 <CockRoach|42> so rowdy
10:12:06 <DoT|Phone> I have not yet begun to rowd cr!
10:12:12 <CockRoach|42> good!
10:12:30 -!- reimeuk [~thomas@cpc76294-cosh16-2-0-cust297.6-1.cable.virginm.net] has joined #tlponies
10:12:30 -!- mode/#tlponies [+v reimeuk] by Q
10:29:47 <Rawr|Phone> DoT DoT
10:34:48 <DoT|Phone> Rawr Rawr
10:34:52 <Rawr|Phone> 💖💖
10:34:53 <DoT|Phone> 💖💖
10:35:04 <Rawr|Phone> How is your day going
10:35:26 <DoT|Phone> good Rawr. you?
10:35:40 <Rawr|Phone> Pretty goooood
10:35:49 <Rawr|Phone> Are you at work dot
10:36:07 <DoT|Phone> I am
10:36:21 <DoT|Phone> are you on the bus ?
10:36:27 <Rawr|Phone> But it is a holiday today dot
10:36:40 <Rawr|Phone> No, I am at the gym
10:37:07 <DoT|Phone> it's a holiday?
10:37:18 <DoT|Phone> what you celebrating?
10:37:52 <Rawr|Phone> .wiki labour day
10:38:53 <DoT|Phone> Rawr is US now
10:40:11 <Rawr|Phone> Labour day is a public holiday in many countries dot
10:40:38 <DoT|Phone> ah I see. they just spell it wrong
10:43:12 <Rawr|Phone> Yes
10:51:17 <Runbunny> Rawr what was the swedish holiday yesterday?
10:53:12 -!- tredc [~tredc@c83-254-129-166.bredband.comhem.se] has joined #tlponies
10:54:07 <Rawr|Phone> Valborg
11:49:16 -!- Rawr|Fone [~AndChat52@84-217-62-32.customers.ownit.se] has joined #tlponies
11:50:08 -!- BioPone [~androirc@mobile-166-170-21-107.mycingular.net] has joined #tlponies
11:51:30 <reimeuk> it must be summer. i am getting welcomed back home every time by next door's cat :D
11:52:49 <DoT|Phone> haha
11:53:24 <reimeuk> soon they go on holiday so it will be with extra enthusiasm 
11:54:08 <reimeuk> ?divehug
11:54:31 <reimeuk> .r
11:54:41 <reimeuk> .r divehug + https://video.twimg.com/tweet_video/D5dlmUvW0AEwolf.mp4
11:55:05 <DoT|Phone> good gifs
11:56:22 <reimeuk> could add some calvin and hobbes too
11:58:20 <Runbunny> "I hate sundays"
11:58:31 <Runbunny> Only thing I know about that show.
12:00:01 -!- reification [~thomas@cpc76294-cosh16-2-0-cust297.6-1.cable.virginm.net] has joined #tlponies
12:00:01 -!- mode/#tlponies [+v reification] by Q
12:05:23 -!- Biop [~androirc@12.33.239.117] has joined #tlponies
12:32:42 <DoT|Phone> why would you hate Sundays bun?
12:38:14 -!- Biop [~androirc@12.33.239.117] has joined #tlponies
12:38:35 <DoT|Phone> biop
12:40:30 <Runbunny> Nah it's from the divehug show that Reif linked.
12:40:55 <Runbunny> https://www.youtube.com/watch?v=d8MIAW2vYhc
12:40:58 <Runbunny> for reference
12:44:17 -!- Biop [~androirc@12.33.239.117] has joined #tlponies
12:50:15 -!- Biop [~androirc@12.33.239.117] has joined #tlponies
12:51:26 <Biop> Internet hard
12:51:37 <Biop> Morn
12:52:25 <Rawr|Fone> Hai baio
13:12:44 -!- DoT|Phone1 [~Dot@85.255.234.220] has joined #tlponies
13:33:59 <reification> https://pbs.twimg.com/media/D5VFns3WkAYItLQ.jpg
13:34:43 <Golly> who doesnt like fresh cooked
14:07:05 -!- skram [~skram@82.147.53.175] has joined #tlponies
14:22:21 <DoT|Phone1> Skram! morning friend
14:24:34 -!- skrm1 [~skram@134.19.189.132] has joined #tlponies
14:24:38 <skrm1> wew lads
14:24:41 <skrm1> hey dot
14:29:31 <skrm1> i got a vpn so the cyber police cant backtrace me anymore
14:30:23 <reification> :O
14:30:44 <skrm1> no goofs here
14:33:41 -!- BioPhone [~androirc@12.33.239.117] has joined #tlponies
14:34:52 <DoT|Phone1> Skram stop being ill eagle
14:37:45 <skrm1> avast me hearties
14:43:25 <DoT|Phone1> is this so you can satiate your anime addiction?
14:43:53 <skrm1> how dare you accuse me of such deviancy
14:52:19 <skrm1> i am good christian boy, DoT|Phone1
14:55:13 <DoT|Phone1> that's what worries me
15:06:13 -!- BioPhone [~androirc@12.33.239.117] has joined #tlponies
15:10:06 -!- BioPhone [~androirc@12.33.239.117] has joined #tlponies
15:13:21 <reification> didn't get drawn for the sky comp to vegas :(
15:16:32 <DoT|Phone1> that's rude of them Reif
15:17:36 <reification> they better fix it for next week!
15:22:38 <BioPhone> Tt
15:25:36 <DoT|Phone1> bio please
15:25:58 <DoT|Phone1> remain calm
15:33:31 -!- Zounds [webchat@cloak-wmbqgxv5.14-2.cable.virginm.net] has joined #tlponies
15:33:35 <Zounds> hey
15:33:44 <reification> hi zounds
15:34:13 <Zounds> o/
15:35:36 <DoT|Phone1> hey Zounds
15:36:46 <skrm1> zounds pal
15:37:48 <reification> hmm pokerstars has cancelled and remade a tourney i was registered to without refunding my ticket... D:
15:38:43 <DoT|Phone1> not a good day for Reif poker
15:38:57 <BioPhone> Become vengeance
15:39:12 <reification> i will have to write in and complain again
15:49:47 -!- DoT|Phone [~Dot@232.123.7.51.dyn.plus.net] has joined #tlponies
15:59:03 -!- BioPhone [~androirc@12.33.239.117] has joined #tlponies
16:00:18 -!- Dot [~quassel@232.123.7.51.dyn.plus.net] has joined #tlponies
16:05:24 -!- Camail [~Camail@45.40.84.145] has joined #tlponies
16:05:24 -!- mode/#tlponies [+v Camail] by Q
16:24:54 -!- BioPone [~androirc@12.33.239.117] has joined #tlponies
16:34:36 -!- DuB` [DuB@65-130-48-126.slkc.qwest.net] has joined #tlponies
16:34:44 <DuB`> Ohayou morning
16:35:11 <skrm1> arr
16:35:17 <skrm1> good mornin pal
16:37:52 <Rawr|Fone> Jonas
16:37:56 <Rawr|Fone> DuB`
16:38:13 <DuB`> Hey there rawr you phone you
16:39:59 <Rawr|Fone> Are you done with school forever now dub
16:41:21 <DuB`> Ya ya
16:44:49 <Dot> Dub <3
16:47:55 <Zounds> hi dab
16:48:40 <DuB`> <3
16:50:19 <Dot> skram https://imgur.com/gallery/0c94Ls2
17:00:03 <skram> PUNS
17:18:16 <Dot> BIO
17:19:01 <Dot> wait, i tihnk i linked this to you before, but you can have it again https://pbs.twimg.com/media/D3WTj9yUYAEIxOd.jpg
17:26:52 <Zounds> noice swoots
17:32:09 <BioPone> Woop
17:43:29 <BioPone> How are my little horses
17:44:17 <Dot> need more DnD, aside from that a bit hungry
18:01:26 -!- BioPone [~androirc@12.33.239.117] has joined #tlponies
18:07:48 <Zounds> Runbunny: what part of the story are you on now btw
18:09:41 <Runbunny> Just about to fight the reborn king Thordan.
18:10:00 <Runbunny> Literally just entered the trial.
18:10:09 <Dot> what is this runbun?
18:10:23 <Runbunny> Anime.
18:10:37 <Dot> there are many animes
18:10:56 <Runbunny> Final Fantasy XIV
18:10:56 <skram> at least 9
18:11:28 <Dot> skram has seen like 7 anime now, he is almost all caught up then
18:11:57 <skram> XIV is 14 innit so theres at LEAST 14
18:12:01 <Zounds> Runbunny: that fight is aesthetic af
18:16:04 <Runbunny> Yeah, I had no clue what was going on. It went super fast as well.
18:17:09 <Runbunny> Old man = Defeated.
18:17:26 <Zounds> good cuz he's a dick
18:23:02 <Camail> so despite having a full beard people still get my age wrong by like...5-6 years
18:23:13 <Camail> twice yesterday people thought i was 21
18:23:20 <Camail> motherfuckers, do i have young EYES?
18:23:24 <Camail> i have no face anymore!
18:24:14 <Dot> is it a fake beard?
18:25:21 <Camail> no, but it would serve the same purpose
18:26:55 <Dot> how many times today have you been told " it must be so nice to look so much younger than you are"
18:26:59 <Dot> "your so lucky"
18:30:28 <Camail> its not daily, but any time the conversation comes up that is a line
18:30:42 <Camail> but then the other people with young faces are like "yea it fuckin sucks"
18:30:53 <Camail> and those are the only ones that matter
18:31:15 <Camail> commiseration is key
18:31:55 <Camail> cuz it turns out everyone is ageist, and will treat you differently if they think you're younger
18:32:01 <Camail> either in a positive or negative way
18:32:20 <Dot> i know it well, it does indeed suck
18:40:18 <Golly> im old enough that looking younger is mostly a positive
18:40:48 <Golly> ie people think im late 20s when im mid 30s
18:45:51 -!- BioPone [~androirc@12.33.239.117] has joined #tlponies
18:46:34 <Golly> was pretty funny when there was a new girl at work, 19yo, and they were like you should hit that
18:46:46 <Golly> meanwhile guy same age as me was told to back off, lol
18:50:37 <Camail> talking to a teenager is like...the last thing i would want to do at this point
18:52:34 <skram> y'all baby faced
18:52:40 <skram> i look like im 35
18:53:27 <Camail> are you actually 25
18:54:00 <skram> 43
18:54:03 <skram> na im 27
18:54:24 <Camail> try stretching your face to appear younger
18:54:31 <Camail> or at least to scare people
18:55:11 <skram> i dont know if thats gonna work
18:56:21 <skram> what if i end up having a long face
18:56:42 <Camail> well then you can live some peoples' life long dream of being a horse
19:00:26 <Camail> also a little late but while playing vtm bloodlines i was able to get some nice bunnyhops going once i realized it was a source engine game
19:03:46 <Camail> and sv_cheats is 1 by default so i got to noclip through some particularly awful/buggy parts
19:15:58 -!- BioPone [~androirc@12.33.239.117] has joined #tlponies
19:16:55 <Cane> Dot, I got sick of the "avenge my fallen comrade and I'll give you his old rifle" quest never actually giving you a fucking gun, so I made it give you one.
19:16:56 <Runbunny> If I recall it was actually the first game released on the source engine.
19:16:56 <Cane> That is all.
19:23:21 <Camail> Cane make it say that you will get 2 guns, but only give one
19:23:29 <Camail> maybe the disappointment was part of the journey
19:23:30 <Dot> haha cane
19:24:35 <Cane> You still have a chance of getting a shitty worn-out hunting shotgun from like 1968.
19:25:00 <Dot> they are the best for boar and snork protection though
19:34:58 <Dot> skram https://i.imgur.com/SKLl7Wc.png
19:36:49 <skram> hah
19:37:15 <skram> big mood, dot
19:39:03 <Dot> no work today skram?
19:39:26 <BioPone> Mood
19:40:35 <skram> dot i already done my labor today!
19:41:08 <Dot> oh, its holiday in norway?
19:41:10 <skram> only 40 hours of work left this week!
19:41:18 <skram> i mean yeah but only for normal people
19:53:01 <Dot> Dub` https://imgur.com/gallery/Pjz2Ppj
19:55:01 <skram> im glad theres sound
19:55:31 -!- Micen|Droid_ [~Micen@ip-66-87-153-224.nsvltn.spcsdns.net] has joined #tlponies
20:18:42 -!- Micen|Droid [~Micen@ip-66-87-152-131.nsvltn.spcsdns.net] has joined #tlponies
20:19:51 -!- Micen|Droid__ [~Micen@ip-99-203-29-216.pools.spcsdns.net] has joined #tlponies
20:23:46 -!- Micen|Droid_ [~Micen@ip-66-87-153-204.nsvltn.spcsdns.net] has joined #tlponies
20:24:51 <Dot> im sleepy
20:25:04 <skram> then have a nap
20:37:26 <BioPone> Skrm what have u don
20:37:37 <BioPone> Now he nap 5 evr
20:48:14 -!- BioPone [~androirc@12.33.239.117] has joined #tlponies
20:52:29 <BioPone> Asdf
20:52:33 <BioPone> Home time
21:19:14 -!- BioPone [~androirc@97.70.165.146] has joined #tlponies
21:28:06 -!- Micen|Droid [~Micen@ip-99-203-28-152.pools.spcsdns.net] has joined #tlponies
21:30:15 -!- Micen|Droid__ [~Micen@ip-66-87-153-101.nsvltn.spcsdns.net] has joined #tlponies
21:36:33 -!- Crisium [~Crisium@c-73-174-151-51.hsd1.pa.comcast.net] has joined #tlponies
21:48:30 -!- Micen|Droid [~Micen@ip-99-203-142-90.pools.cgn.spcsdns.net] has joined #tlponies
21:57:18 -!- skram [~skram@134.19.189.132] has joined #tlponies
22:00:36 <Crisium> skram
22:07:18 <Bio> skram
22:09:25 <Rawr|Fone> skram
22:09:55 <Runbunny> skram
22:11:11 <Crisium> he's too important to speak with us plebs
22:15:42 <Camail> skram
22:16:11 -!- Micen|Droid_ [~Micen@ip-66-87-152-69.nsvltn.spcsdns.net] has joined #tlponies
22:45:48 -!- BioPone [~androirc@97.70.165.146] has joined #tlponies
22:51:21 <reification> skram
22:53:43 <reification> maybe he require an offering to be summoned https://www.reddit.com/r/Catswithjobs/comments/bjhpr5/bread_baker_in_training/
23:23:09 <reification> night all
23:31:12 -!- BioPone [~androirc@97.70.165.146] has joined #tlponies
23:34:02 -!- BioPone [~androirc@97.70.165.146] has joined #tlponies
23:39:37 -!- BioPone [~androirc@97.70.165.146] has joined #tlponies
23:53:12 -!- BioPone [~androirc@97.70.165.146] has joined #tlponies
23:58:33 -!- Rawr|Fone [~AndChat52@84-217-62-32.customers.ownit.se] has joined #tlponies
