00:08:45 -!- Golly [Golly@cm-84.213.21.103.getinternet.no] has joined #tlponies
00:25:59 <Crisium> sorry DuB` playing wiht someone else
00:28:37 <Micen_> are you just duoing?
00:28:46 <Micen_> because dub and i have two slots Crisium 
01:57:49 -!- Rawr|Fone [~AndChat52@c-4eb4e655.020-164-6d6c6d4.bbcust.telenor.se] has joined #tlponies
04:11:16 -!- Rawr|Fone [~AndChat52@c-4eb4e655.020-164-6d6c6d4.bbcust.telenor.se] has joined #tlponies
05:13:48 -!- Rawr|Fone [~AndChat52@c-4eb4e655.020-164-6d6c6d4.bbcust.telenor.se] has joined #tlponies
05:19:03 -!- Westy543 [Westy543@c-24-130-12-152.hsd1.ca.comcast.net] has joined #tlponies
05:19:04 -!- mode/#tlponies [+v Westy543] by Q
05:29:56 -!- Rawr|Fone [~AndChat52@c-4eb4e655.020-164-6d6c6d4.bbcust.telenor.se] has joined #tlponies
05:49:59 -!- Rawr|Fone [~AndChat52@c-4eb4e655.020-164-6d6c6d4.bbcust.telenor.se] has joined #tlponies
06:09:21 -!- Rawr|Fone [~AndChat52@c-4eb4e655.020-164-6d6c6d4.bbcust.telenor.se] has joined #tlponies
06:10:35 -!- Rawr|Phone [~AndChat52@m83-185-94-18.cust.tele2.se] has joined #tlponies
06:15:58 <Rawr|Phone> Hors hors
06:48:11 -!- DoT|Phone [~Dot@228.89.99.195.dyn.plus.net] has joined #tlponies
06:48:24 <DoT|Phone> Morning pons
07:26:38 -!- DoT|Phone1 [~Dot@85.255.234.93] has joined #tlponies
07:31:08 <Rawr|Phone> DoT DoT DoT
07:34:40 <DoT|Phone1> Rawr Rawr Rawr
07:34:47 <DoT|Phone1> 💖💖💖
07:34:54 <Rawr|Phone> 💖💖💖
07:35:09 <DoT|Phone1> how are you today dear
07:39:33 <Rawr|Phone> Good dot, I have a small part-time job this week
07:39:59 <DoT|Phone1> oh? that's great!
07:40:07 <Rawr|Phone> Are you already at work?
07:40:14 <DoT|Phone1> is it programming?
07:40:56 <Rawr|Phone> No
07:40:57 <DoT|Phone1> I'm walking atm. it was raining so I'm heading in a bit later than usual
07:41:21 <DoT|Phone1> what's the job?
07:41:34 <Rawr|Phone> I'm helping sort through the archives at SAOB
07:41:53 <DoT|Phone1> gl!
07:42:07 <DoT|Phone1> what is soab
07:42:12 <Rawr|Phone> They make the swedish dictionary
07:42:25 <DoT|Phone1> ooo
08:13:52 <CockRoach|42> :O
08:55:25 -!- Golly [Golly@cm-84.213.21.103.getinternet.no] has joined #tlponies
08:57:04 <DoT|Phone1> hey golly
09:01:26 -!- Zounds [webchat@cloak-07ouvien.14-2.cable.virginm.net] has joined #tlponies
09:01:42 <DoT|Phone1> Zoonds!
09:05:53 <Golly> hi
09:11:21 -!- tredc [~tredc@c83-254-129-166.bredband.comhem.se] has joined #tlponies
09:11:37 -!- reification [~thomas@cpc76294-cosh16-2-0-cust297.6-1.cable.virginm.net] has joined #tlponies
09:11:37 -!- mode/#tlponies [+v reification] by Q
09:11:57 <reification> morning tlp
09:11:58 <reification> https://pbs.twimg.com/media/EB3UHu9WkAEtiPW.jpg
09:17:54 -!- Cane [~Cane@CaneCraft.users.quakenet.org] has joined #tlponies
09:17:54 -!- mode/#tlponies [+o Cane] by Q
09:20:24 <reification> https://twitter.com/makidekazu/status/1161191068999643136
09:25:12 <DoT|Phone1> hey Reif, cane <3
09:25:34 <Cane> Hiya. <3
09:26:18 <Zounds> hey
09:32:53 <DoT|Phone1> how's all
09:39:09 -!- carcinisation [~thomas@cpc76294-cosh16-2-0-cust297.6-1.cable.virginm.net] has joined #tlponies
09:39:09 -!- mode/#tlponies [+v carcinisation] by Q
10:51:25 -!- skram [~skram@185.59.222.119] has joined #tlponies
11:04:08 <reification> .tell runbunny https://twitter.com/StopGettingAway/status/1161346982444707845
11:13:32 <DoT|Phone1> Jonas friend
11:14:14 <reification> dot cr|42 https://twitter.com/_da_tu_ra_/status/1161262145499099137
11:20:54 <skram> Bjørn old boi
11:23:56 <DoT|Phone1> how's your day Skram
11:24:22 <skram> I dont know yet, Dot
11:25:48 <skram> But im sure its gonna be the worst
11:35:56 -!- skraam [~skram@194.32.146.36] has joined #tlponies
11:44:10 -!- DoT|Phone [~Dot@85.255.236.128] has joined #tlponies
11:44:18 <DoT|Phone> Skram please
11:50:42 <skraam> whats up bud
11:56:25 <DoT|Phone> my phone is dum
12:14:11 -!- BioPone [~androirc@mobile-166-175-61-42.mycingular.net] has joined #tlponies
12:38:12 -!- Zounds [webchat@cloak-07ouvien.14-2.cable.virginm.net] has joined #tlponies
13:11:40 <Rawr|Phone> 🐴🐴🐴
13:12:18 <DoT|Phone> Rawr Rawr
13:12:25 <DoT|Phone> how's the work?
13:16:47 -!- DuB|fon [~androirc@168.149.241.80] has joined #tlponies
13:19:11 <DoT|Phone> daaaab
13:37:15 <Rawr|Phone> DoT DoT
13:37:42 <DoT|Phone> 💖💖
13:39:51 <Rawr|Phone> 💖💖
13:39:57 <Rawr|Phone> It's going well
13:40:03 <Rawr|Phone> Headed home now
14:00:34 -!- Rawr|Fone [~AndChat52@c-4eb4e655.020-164-6d6c6d4.bbcust.telenor.se] has joined #tlponies
14:30:31 <reification> .tell runbunny https://twitter.com/Fire_Sister_Bee/status/1161242250346663936
14:40:09 <reification> .tell skram https://twitter.com/OppAdam/status/910713931097833472
15:01:45 -!- Rawr|Fone [~AndChat52@c-4eb4e655.020-164-6d6c6d4.bbcust.telenor.se] has joined #tlponies
15:07:10 <CockRoach|42> https://twitter.com/vincentpeone/status/1160977452299984896?s=20
15:12:35 <reification> lol
15:14:40 -!- BioPhone [~androirc@12.33.239.117] has joined #tlponies
15:19:04 -!- skram [~skram@194.32.146.36] has joined #tlponies
15:32:49 <DoT|Phone> wb Skram
15:38:36 -!- Rawr|Fone [~AndChat52@c-4eb4e655.020-164-6d6c6d4.bbcust.telenor.se] has joined #tlponies
15:50:39 <reification> hmm this isn't dnd https://twitter.com/BPD_GOD/status/1160324546563416064
15:58:27 -!- Camail [~Camail@45.40.84.145] has joined #tlponies
15:58:27 -!- mode/#tlponies [+v Camail] by Q
16:00:11 <reification> hi cam
16:00:31 <Camail> yo
16:05:34 <DoT|Phone> oy
16:09:39 -!- BioPhone [~androirc@12.33.239.117] has joined #tlponies
16:39:21 <Camail> zzz
16:42:15 <Zounds> zzz
16:49:12 -!- Rawr|Fone [~AndChat52@c-4eb4e655.020-164-6d6c6d4.bbcust.telenor.se] has joined #tlponies
16:52:49 -!- skrm [webchat@pioj.eid3.887x.ip] has joined #tlponies
16:53:39 * skrm slaps skram around a bit with a large fishbot
16:53:40 <Rawr|Fone> Skrm
16:53:44 <skrm> hai
16:54:02 <Rawr|Fone> Good evening dear
16:59:32 <skrm> good evening my frend
16:59:42 <CockRoach|42> henlo horss
17:03:03 <DoT|Phone> why such violence Skram
17:11:53 -!- DoT|Phone1 [~Dot@228.89.99.195.dyn.plus.net] has joined #tlponies
17:12:14 -!- DoT` [~Dot@228.89.99.195.dyn.plus.net] has joined #tlponies
17:14:49 <BioPhone> Asdf
17:16:10 <skrm> and a good asdf to you too bio
17:16:17 <skrm> DoT` why is skram here
17:16:25 <skrm> did someone break into my house and steal my computer
17:17:45 <Camail> maybe you're the fake
17:19:00 <DoT`> are you fake skrm?
17:23:32 -!- Runbunny [~Runbunny@91.100.28.10.generic-hostname.arrownet.dk] has joined #tlponies
17:23:39 <Runbunny> I return.
17:23:44 <skrm> bruh its too early for an existential crisis
17:23:46 <skrm> Anders.
17:23:48 <skrm> Godag.
17:23:55 <Runbunny> It's never too early.
17:24:00 <Runbunny> Lay it on me.
17:26:49 <reification> hey runbun https://pbs.twimg.com/media/EBzg2hIWkAYP8kq.jpg
17:28:41 <DoT`> Angel <3
17:30:48 <Runbunny> Hello hello.
17:30:54 <Runbunny> I had ramen today.
17:31:12 <Runbunny> That is way too relatable Reif :/
17:31:27 <Camail> control your destiny runbun
17:31:33 <Runbunny> I should probably talk to a professional at some point.
17:31:53 <Camail> yea
17:44:57 -!- Rawr|Fone [~AndChat52@c-4eb4e655.020-164-6d6c6d4.bbcust.telenor.se] has joined #tlponies
17:53:00 <reification> https://twitter.com/AvillanAppears/status/1161051523817697281
17:57:51 <Runbunny> I passed a restaurant today which had their own cat. It was rested in the street outside the place.
18:08:16 -!- BioPhone [~androirc@12.33.239.117] has joined #tlponies
18:17:03 <reification> guard cat
18:24:33 -!- Rawr|Fone [~AndChat52@c-4eb4e655.020-164-6d6c6d4.bbcust.telenor.se] has joined #tlponies
18:41:00 -!- Rawr|Fone [~AndChat52@c-4eb4e655.020-164-6d6c6d4.bbcust.telenor.se] has joined #tlponies
19:01:04 <DoT`> im sleepy
19:04:19 -!- BioPhone [~androirc@12.33.239.117] has joined #tlponies
19:06:19 -!- Rawr|Fone [~AndChat52@c-4eb4e655.020-164-6d6c6d4.bbcust.telenor.se] has joined #tlponies
19:06:29 <DoT`> skrm
19:19:12 -!- Rawr|Fone [~AndChat52@c-4eb4e655.020-164-6d6c6d4.bbcust.telenor.se] has joined #tlponies
19:21:43 <DoT`> no skrm then
19:21:46 <DoT`> Runbunny
19:21:55 <DoT`> my favourite dane
19:22:02 <DoT`> a Great Dane one might say
19:25:03 <Zounds> :(
19:25:36 <DoT`> Zounsa
19:25:43 <DoT`> whats the problem
19:30:27 <Zounds> dawt yells and nobody was answering
19:31:01 <Rawr|Fone> Poor little dot
19:32:33 <DoT`> it happens a lot
19:32:41 <DoT`> rawr is always here though
19:32:47 <DoT`> what a good horse
19:32:58 <Rawr|Fone> Of course my dear
19:33:01 <Rawr|Fone> I try my best
19:33:07 <Zounds> ^^
19:34:35 <DoT`> hows it going zoinds
19:36:46 <Runbunny> DoT`, 
19:36:53 <Runbunny> I was playing CS:GO.
19:37:03 <DoT`> where you rushing B?
19:37:17 <Runbunny> At one point yes.
19:37:26 <Runbunny> Not with a p90.
19:37:45 <DoT`> but P90 is best gun
19:37:57 <Runbunny> No.
19:40:54 <Zounds> goes fine dot
19:48:17 -!- DuBphon [~androirc@168.149.241.80] has joined #tlponies
19:48:35 -!- BioPhone [~androirc@12.33.239.117] has joined #tlponies
19:51:27 -!- DuBphon [~androirc@168.149.241.80] has joined #tlponies
19:56:31 -!- BioPhone [~androirc@12.33.239.117] has joined #tlponies
19:58:40 <DoT`> Dub Dab Dib
19:59:55 <reification> dub streamed yesterday but it was too late :(
20:08:36 -!- Rawr|Fone [~AndChat52@c-4eb4e655.020-164-6d6c6d4.bbcust.telenor.se] has joined #tlponies
20:11:11 <DuBphon> Wanted to try stack ow stream
20:11:20 <DuBphon> But it crashed ow lul
20:11:44 <DoT`> graphics too good for twitch
20:15:16 -!- Runbunny [~Runbunny@91.100.28.10.generic-hostname.arrownet.dk] has joined #tlponies
20:15:23 <Runbunny> Hello.
20:15:55 <DuBphon> Hai
20:16:01 <Runbunny> I messed about with some internet settings and then I lost my connection.
20:16:05 <Runbunny> Now I am back.
20:16:39 <DoT`> wb
20:18:16 <DuBphon> Did you overclock your tubes
20:18:42 <Runbunny> No. I pressed a thing.
20:19:23 <DuBphon> Hopefully not the self-destruct button
20:20:03 <Runbunny> Well my internet died.
20:23:54 <BioPhone> As sdf
20:24:01 <BioPhone> Work almost over
20:24:06 <BioPhone> But I have chores
20:24:14 <BioPhone> Need to unpack still
20:24:18 <BioPhone> Asdf
20:24:36 <BioPhone> I just wanna play fe and stuff
20:30:15 -!- Rawr|Fone [~AndChat52@c-4eb4e655.020-164-6d6c6d4.bbcust.telenor.se] has joined #tlponies
20:32:35 -!- BioPone [~androirc@mobile-166-175-61-52.mycingular.net] has joined #tlponies
20:35:01 <skrm> DoT`
20:35:13 <skrm> i was doing a labour
20:35:20 <skrm> a manual one, even
20:35:34 <DoT`> ,ift any forks?
20:35:39 <DoT`> lift
20:36:39 <Runbunny> Probably yes.
20:36:42 <skrm> i had to manipulate some steel
20:36:49 <skrm> with a big ass hammer
20:37:06 <DoT`> gentle persusion
20:37:51 <skrm> almost as gentle as that quack chiropractor i used to go to
20:43:59 <reification> https://twitter.com/telewaifus/status/1158625341163876352
20:45:16 <reification> ?hug
20:52:39 <reification> .r hug + https://video.twimg.com/tweet_video/EB3u57XXYAA9nQn.mp4
20:53:58 -!- Rawr|Fone [~AndChat52@c-4eb4e655.020-164-6d6c6d4.bbcust.telenor.se] has joined #tlponies
20:58:58 <DuBphon> Almost hometime
20:59:57 <DuBphon> .choose OW r6 other
21:00:01 <DuBphon> Oho
21:22:02 <Runbunny> .choose sleep sleep
21:22:05 <Runbunny> Great.
21:22:30 <DuBphon> Zzz
21:22:48 <Runbunny> There, now I can sleep.
21:23:18 <Runbunny> You guys wouldn't believe how busy you when you don't have a job.
21:25:34 -!- Rawr|Fone [~AndChat52@c-4eb4e655.020-164-6d6c6d4.bbcust.telenor.se] has joined #tlponies
21:35:00 <Bio> pan
21:37:57 <skram> pen
21:38:18 <Bio> skram
21:38:21 <Bio> hoes mad.
21:38:36 <skram> why the hoes mad?
21:41:45 <Bio> They just are my dude
21:42:01 <Bio> also i found my rum cake
21:42:09 <Bio> dessert shall be delicious
21:42:14 -!- DoT` [~Dot@228.89.99.195.dyn.plus.net] has joined #tlponies
21:42:30 <skram> hell yeah brother
21:45:29 <DuBphon> O
21:47:04 -!- Rawr|Fone [~AndChat52@c-4eb4e655.020-164-6d6c6d4.bbcust.telenor.se] has joined #tlponies
22:03:53 -!- Rawr|Fone [~AndChat52@c-4eb4e655.020-164-6d6c6d4.bbcust.telenor.se] has joined #tlponies
22:26:34 -!- DuB` [DuB@cpe-68-174-122-249.nyc.res.rr.com] has joined #tlponies
22:32:56 <skram> dub
22:38:14 <DuB`> skram
22:38:47 <skram> have you found any good bloops lately
22:39:01 <DuB`> hmm hmm
22:43:25 <DuB`> https://www.youtube.com/watch?v=BVjty8oTuls
22:44:52 <DuB`> https://www.youtube.com/watch?v=0Sr7y5khyLY
22:45:01 <skram> theres not a single bloop in that first one
22:45:24 <skram> is pretty good though
22:46:07 <reification> oh second one is that hippie hand drum thing
22:46:13 <skram> handpan ya
22:46:18 <DuB`> mmm
22:46:27 <skram> its pretty good
22:46:47 <DuB`> Oh wat here's an actual bloopy one https://www.youtube.com/watch?v=iz7V_IQDy2w
22:48:07 <skram> this song is pretty sick but why the hell are all the recommended vids on this one thai and arabic kids shows
22:49:11 <reification> youtube reco algo is mental sometimes
22:49:50 <skram> i'd say
22:50:03 <skram> ill?
22:50:21 <skram> nothing particularly weird about this video either
22:51:07 <Bio> jkl;
22:51:59 <DuB`> Meanwhile spotify algorithm is 1000 IQ
22:55:07 <DuB`> Ooooh
22:55:12 <DuB`> THE INTERNATIONAL
22:55:13 <DuB`> begins
22:55:31 <skram> oh boi
22:55:52 <DuB`> Who's gon get rich this time
22:56:08 <skram> not me probably
22:56:12 <DuB`> The answer is ME because payday tomoro muehehe
22:56:57 <reification> are you going to use your whole paycheque to gamble on esports dub?
22:57:17 <reification> last time you coulda put in all on og and gotten rich!
23:00:04 <DuB`> Um probl no
23:00:14 <DuB`> Maybe I get... another gpu! >:P
23:00:17 <DuB`> Or some food tonight...
23:06:18 <skram> dont spend your whole paycheque on food either
23:07:06 <DuB`> I am v frugal
23:07:20 <DuB`> Didn't even go out to eat last night after sweetie said no
23:07:28 <DuB`> So today I don't think I'll ask ;D
23:07:58 <skram> well now that you're making pretty good money you gotta watch out for lifestyle creep
23:08:35 <DuB`> I probably should eat more+better though...
23:08:48 <DuB`> I skip lunch most days and have like a sammich for dinner haha
23:08:57 <skram> das no good either
23:09:27 <skram> though making dinner for yourself is kinda boring
23:10:06 <skram> i done the thing where you go to the store with the grandest of all plans and get like a million vegetables for a PRINCELY FEAST and when dinner time rolls around you're all meh and end up eating a yoghurt instead
23:10:16 <DuB`> eyup
23:10:56 <DuB`> Anyway brb
23:18:27 -!- Crisium [~Crisium@104.194.218.193] has joined #tlponies
23:28:16 -!- Zounds [webchat@cloak-07ouvien.14-2.cable.virginm.net] has joined #tlponies
23:59:21 <reification> hello cris, zounds
