01:06:47 <Camail> skram i've been doing some snooping and figured out that you can change the shape of wood frames by pressing r
01:06:55 <Camail> so gonna have to redo the entire ramp again
01:06:57 <Camail> yay
01:07:12 <Camail> killing so many of dub's trees for nothing
01:07:18 <skram> hahah
01:07:20 <DuB`> D: D: D:
01:07:23 <skram> thats the best part of it all
01:07:25 <Camail> i replanted them
01:07:47 <DuB`> :D
02:55:45 -!- Rawr|Fone [~AndChat52@c-4eb4e655.020-164-6d6c6d4.bbcust.telenor.se] has joined #tlponies
03:45:20 -!- Westy543 [Westy543@c-24-130-12-152.hsd1.ca.comcast.net] has joined #tlponies
03:45:20 -!- mode/#tlponies [+v Westy543] by Q
05:51:11 -!- Rawr|Fone [~AndChat52@c-4eb4e655.020-164-6d6c6d4.bbcust.telenor.se] has joined #tlponies
06:34:39 -!- Dot|Phone [uid393803@2001:67c:2f08:8::6:24b] has joined #tlponies
06:35:18 <Dot|Phone> Morning
09:29:03 -!- Rawr|Fone [~AndChat52@c-4eb4e655.020-164-6d6c6d4.bbcust.telenor.se] has joined #tlponies
09:37:57 -!- Rawr|Fone [~AndChat52@c-4eb4e655.020-164-6d6c6d4.bbcust.telenor.se] has joined #tlponies
11:22:18 -!- tredc [~tredc@c83-254-129-166.bredband.comhem.se] has joined #tlponies
11:28:42 -!- tredc_ [~tredc@c83-254-129-166.bredband.comhem.se] has joined #tlponies
11:29:52 -!- Dot|Phone [uid393803@2001:67c:2f08:8::6:24b] has joined #tlponies
11:54:05 -!- Rawr|Fone [~AndChat52@c-4eb4e655.020-164-6d6c6d4.bbcust.telenor.se] has joined #tlponies
12:30:26 <Dot|Phone> Pon Pon
12:59:12 <Rawr|Fone> DoT DoT
13:04:40 <Dot|Phone> Rawr Rawr Rawr
13:04:48 <Dot|Phone> 💖💖💖
13:04:52 <Rawr|Fone> 💖💖💖
13:11:17 -!- Runbunny [~Runbunny@91.100.28.10.generic-hostname.arrownet.dk] has joined #tlponies
13:14:20 <Dot|Phone> Angel <3
13:27:04 <Runbunny> Hai Dot.
13:50:09 -!- Golly [~kvirc@cm-84.213.21.103.getinternet.no] has joined #tlponies
14:18:06 -!- BioPhone [~androirc@12.33.239.117] has joined #tlponies
14:19:21 <BioPhone> Neigh
14:55:46 -!- Rawr|Fone [~AndChat52@c-4eb4e655.020-164-6d6c6d4.bbcust.telenor.se] has joined #tlponies
15:28:19 <Dot|Phone>  Bio
15:28:34 <Dot|Phone> The horse 
15:40:05 -!- skrma [~skram@93.190.143.79] has joined #tlponies
15:40:19 <BioPhone> Asdf
15:44:53 <skrma> fdsa
15:48:01 <Rawr|Fone> Jonas
15:48:09 <skrma> henrik
15:48:29 <Dot|Phone> Jonas friend
15:49:00 <skrma> bjørn pal
16:02:53 <Dot|Phone> How's your face
16:04:07 <skrma> v sleepy
16:04:19 <skrma> gonna have to go outside because my fridge is empty
16:13:11 <Dot|Phone> Don't go
16:13:14 <Dot|Phone> It's cold
16:17:33 <Runbunny> That's all right.
16:41:10 -!- BioPone [~androirc@mobile-166-177-59-38.mycingular.net] has joined #tlponies
17:18:14 <skrma> it went fine, dot
17:18:18 <skrma> i have a jacket
17:23:07 <Dot|Phone> A big cozy one? 
17:24:49 <skrma> obviously
17:24:53 <skrma> thats the only kind that matter
17:25:06 -!- Camail [~Camail@45.40.84.145] has joined #tlponies
17:25:07 -!- mode/#tlponies [+v Camail] by Q
17:25:11 <skrma> YES
17:26:23 <Camail> no
17:26:38 <skrma> but daaaaaaaaad
17:28:01 -!- Rawr|Fone [~AndChat52@c-4eb4e655.020-164-6d6c6d4.bbcust.telenor.se] has joined #tlponies
17:28:41 <Camail> nope
17:28:51 <Camail> amazon just gave me the option of free 0 day shipping
17:29:07 <Camail> i guess thats the nice part living in between 3 amazon warehouses?
17:29:24 <Camail> but thats still like...unsettling
17:29:34 <Camail> like damn, dont work yourself to the bone for my pants
17:30:11 <skrma> sometimes you just need brand new pants right now
17:30:26 <Camail> i dunno
17:35:28 <Dot|Phone> Skram, does the jacket have reflective stripes? 
17:36:55 <skrma> nuu
17:40:58 -!- BioPone [~androirc@mobile-166-177-59-38.mycingular.net] has joined #tlponies
18:03:03 -!- BioPone [~androirc@mobile-166-177-59-38.mycingular.net] has joined #tlponies
18:54:20 <Dot|Phone> That's dangerous
19:05:56 -!- Zounds [webchat@cloak-07ouvien.14-2.cable.virginm.net] has joined #tlponies
19:06:02 <Zounds> hey
19:09:31 <skrma> heya zounds
19:10:12 <Zounds> hi
19:11:12 -!- Micen [~Micen@h54.212.18.98.dynamic.ip.windstream.net] has joined #tlponies
19:12:00 <Micen> good afternoon
19:12:54 <skrma> good evening moocen
19:14:36 <Zounds> of mice and micen
19:18:41 <Dot|Phone> Hedge
19:18:49 <skrma> dot why arent you home yet
19:18:52 <Dot|Phone> Skram in at IKEA 
19:18:58 <Dot|Phone> I'm
19:19:02 <skrma> why though
19:19:14 <Dot|Phone> Why are you not at an IKEA
19:19:41 <skrma> i somewhat value my sanity
19:23:15 -!- Rawr|Fone [~AndChat52@c-4eb4e655.020-164-6d6c6d4.bbcust.telenor.se] has joined #tlponies
19:25:38 <Dot|Phone> Sanity is for the weak
19:50:50 <Micen> ikea is wonderful 
19:51:20 <skrma> sort if
19:51:22 <skrma> of
19:51:36 <skrma> they have EVERYTHING so you only need to go to one stor once
19:51:52 <Micen> what if you dont have the money for everything at once?
19:52:06 <skrma> then you save until you do!
19:52:22 <skrma> when last I moved I spent a months wage in that wretched place
19:55:48 <Micen> then you open all your ikea and lay it out before building anything!
19:58:56 <skrma> that parts fine
19:59:01 <skrma> if youve got a cordless drill
19:59:11 <Micen> all hand tools
19:59:16 <Micen> only way
20:00:08 <skrma> eww no
20:31:06 <Dot|Phone> Had meatballs
20:31:11 <Dot|Phone> Time to head home
20:35:24 -!- Rawr|Fone [~AndChat52@c-4eb4e655.020-164-6d6c6d4.bbcust.telenor.se] has joined #tlponies
20:48:12 <skrma> what'd you get at the ikeas Dot|Phone
20:50:00 <Dot|Phone> My mom needed some frames for her pewter work and look at shelving for displaying stuff at markets
20:55:33 <skrma> did you get the shark plushie
21:01:41 <Dot|Phone> Do do do? 
21:05:12 <skrma> pls no
21:06:28 -!- BioPhone [~androirc@12.33.239.117] has joined #tlponies
21:07:15 <BioPhone> Hedje
21:28:46 -!- Rawr|Fone [~AndChat52@c-4eb4e655.020-164-6d6c6d4.bbcust.telenor.se] has joined #tlponies
21:41:51 -!- Dot` [webchat@5dx3.pthb.xiw1.ip] has joined #tlponies
21:49:08 -!- Crisium [~Crisium@c-24-3-150-105.hsd1.pa.comcast.net] has joined #tlponies
21:49:17 <skrma> kris
21:49:17 <Dot|Phone> What you up to skram
21:50:19 <skrma> im watching dumb stuff on youtube again
21:50:31 <skrma> https://www.youtube.com/watch?v=v26fTGBEi9E
22:03:19 <Dot|Phone> Are you watching safety videos again? 
22:03:37 <Dot|Phone> Did you cause another incident 
22:03:51 <Crisium> howdy skram
22:03:54 <Dot|Phone> And this is like community service
22:04:18 <Dot|Phone> Hey crisium
22:04:52 <Crisium> hej
22:04:55 <Crisium> im mad
22:05:03 <Dot|Phone> Oh dear
22:05:05 <Crisium> i played 25 games and have enough SR for t500 but i dont have it
22:05:06 <Crisium> reee
22:05:07 <Dot|Phone> What's up
22:05:18 <Crisium> blizzard give me my shiny badge 
22:05:24 <Dot|Phone> Git gud? 
22:05:25 <Crisium> >:c
22:05:32 <Crisium> im good enough
22:05:35 <Crisium> but it not showing
22:05:53 <Dot|Phone> Rude blizzard
22:11:28 <Zounds> isn;t it 50 games for t500
22:11:38 <Crisium> pre-role queue it was
22:11:44 <Zounds> oh right ofc
22:12:23 <skrma> cris u amateur
22:13:02 -!- skram [~skram@185.212.171.70] has joined #tlponies
22:13:05 <Crisium> no i have everything
22:13:08 <Crisium> i dont get it
22:13:10 <Crisium> reeee
22:13:17 <Crisium> ill go play another game... maybe 1 more
22:14:28 -!- Rawr|Fone [~AndChat52@c-4eb4e655.020-164-6d6c6d4.bbcust.telenor.se] has joined #tlponies
22:33:09 -!- BioPhone [~androirc@12.33.239.117] has joined #tlponies
22:34:20 -!- BioPone [~androirc@mobile-166-177-59-107.mycingular.net] has joined #tlponies
22:41:22 <Crisium> we did it fam
22:41:27 <Crisium> https://cdn.discordapp.com/attachments/631329433273499658/647204009785950247/ScreenShot_19-11-21_17-37-04-000.jpg
22:41:30 <Dot|Phone> Huzzah
22:41:31 <Crisium> https://cdn.discordapp.com/attachments/631329433273499658/647204265713991710/ScreenShot_19-11-21_17-38-32-000.jpg
22:42:03 <skram> hell yeah buddy
22:42:16 <Zounds> nice Crisium 
22:42:22 <Zounds> I see a skarm on that list
22:42:42 <Crisium> is that skram's murican brother
22:42:53 <skram> ah its just a smurf account
22:42:54 <skram> nbd
22:46:22 <Zounds> so what do you o now Crisium 
22:46:27 <Zounds> do*
22:46:29 <Zounds> you've won the game
22:46:34 <Crisium> D:
22:46:37 <Crisium> i didnt think of it that way
22:46:42 <Crisium> well
22:46:45 <Crisium> i can play for fun
22:46:53 <Crisium> or see where DPS and tank get me
22:47:00 <Crisium> which will be diamond if im lucky
22:50:51 <Zounds> I believe
22:55:07 -!- Rawr|Fone [~AndChat52@c-4eb4e655.020-164-6d6c6d4.bbcust.telenor.se] has joined #tlponies
23:04:23 <Rawr|Fone> 🐴🐴🐴
23:09:10 <Crisium> rooroo
23:09:14 <Crisium> how is u
23:09:23 <Rawr|Fone> Crisioom
23:09:27 <Rawr|Fone> Pretty gooood
23:09:46 <Rawr|Fone> Going to try to fix my sleep schedule today
23:09:52 <Rawr|Fone> How are you
23:11:05 <Crisium> im happy cause i did good at my video game!
23:11:16 <Crisium> a healthy sleep schedule is a worthy goal
23:11:17 <Crisium> gl fren
23:11:42 <skram> whats a healthy sleep schedule pal
23:14:11 <Crisium> probably not what you have lol
23:14:19 <Crisium> i would say it is waking up within 2 hours of the same time every day
23:14:30 <Crisium> and if you can help it, waking up between 5am and 9am
23:14:30 <Crisium> imo
23:14:49 <Crisium> even tho waking up at 5am is horrible feeling, it is actually kinda natural
23:15:33 <skram> i see
23:15:46 <Crisium> skram tell me your weekly wake up times
23:16:14 <skram> uuh depends on what shifts im doing
23:16:58 <Rawr|Fone> I have been getting up later and later the last few weeks
23:17:06 <skram> but usually wake up at 6 if im starting at 7 or 1200-1400 if i start at 1500 or around 1700 if i start at 2300
23:17:45 <Crisium> ya see thats wrecking havoc on your body
23:17:49 <Crisium> not healthy at all
23:18:00 <skram> :(
23:18:02 <Crisium> but i know you have to
23:18:04 <Crisium> so it's ok
23:18:16 <Crisium> i mean if you're adaptable im sure its fine
23:18:23 <Crisium> but for most ppl they would be groggy
23:18:28 <Rawr|Fone> Probably not very good
23:18:35 <Crisium> as their circadian rhythm is thrown off
23:18:47 <skram> well i sleep fine most of the time
23:18:50 <Crisium> good
23:18:56 <skram> but hopefully im not doing this when im 40
23:19:24 <Bio> hoi
23:19:33 <skram> ioh
23:20:32 <Bio> skrma pls
23:20:49 <Rawr|Fone> Bio boi
23:21:47 <Bio> mr fone
23:23:38 <Bio> https://www.twitch.tv/twitchplayspokemon
23:23:46 <Bio> twitch plays goose game
23:23:53 <Bio> spoiler, theres lots of honking
23:25:29 -!- BioPone [~androirc@97.70.165.146] has joined #tlponies
23:46:19 -!- Rawr|Fone [~AndChat52@c-4eb4e655.020-164-6d6c6d4.bbcust.telenor.se] has joined #tlponies
