00:06:13 -!- DoT|Phone1 [~Dot@148.252.128.146] has joined #tlponies
00:42:02 <skrma> what level u at camail
00:42:22 <Camail> 71
00:42:28 <skrma> jeez
00:42:52 <skrma> how long did it take you to rush through the acts
00:43:19 <Camail> uhhh, i dunno yesterday and today
00:43:35 <Camail> maybe somewhere around 12-14 hours?
00:44:11 <Camail> i haven't played for a full day so it couldn't be more, but i didnt time it
00:44:25 <skrma> thats pretty fast, cam
00:44:58 <Camail> eh, it's my fourth character in end game, you get faster each time
01:09:22 <Camail> lul, keen
01:13:02 <DuB`> Cyberpunk in 8 months
01:13:04 <DuB`> hoo boi
01:14:22 <skrma> weeeoow
01:16:19 <DuB`> With KEANU
01:16:58 <skrma> dub thats the matrix
01:22:03 <DuB`> nuh uh
01:27:36 -!- Rawr|Fone [~AndChat52@84-217-62-32.customers.ownit.se] has joined #tlponies
01:38:01 -!- Crisium [~Crisium@c-73-174-151-51.hsd1.pa.comcast.net] has joined #tlponies
01:55:26 <Zounds> muh cris
01:55:59 <Zounds> also nn
02:51:34 -!- Golly [Golly@cm-84.212.249.112.getinternet.no] has joined #tlponies
03:06:20 <DuB`> 8-month-away Cyberpunk preorder is top selling game on steam
03:06:21 <DuB`> lul
03:16:10 <Golly> not even mad .jpg
03:49:16 -!- Rawr|Fone [~AndChat52@84-217-62-32.customers.ownit.se] has joined #tlponies
04:02:26 <Camail> so DuB`  even if poe is a bit much, do you at least believe it's more iteractive than your previous totem build?
04:20:19 -!- Micen|Droid_ [~Micen@ip-99-203-32-207.pools.cgn.spcsdns.net] has joined #tlponies
04:27:39 <Cane> In 8 months? That's actually earlier than I expected.
04:27:42 <Cane> Hype anyway.
04:27:48 <Cane> Definitely getting that one on release day.
04:28:23 <Cane> And then we just need to wait another 3 years for Bannerlord or whatever.
04:44:43 -!- DoT|Phone [~Dot@232.123.7.51.dyn.plus.net] has joined #tlponies
04:45:56 -!- Rawr|Fone [~AndChat52@84-217-62-32.customers.ownit.se] has joined #tlponies
05:34:26 <Camail> Cane  i just fought a general, it's like fighting a boss, they have unique moves and drops soooo much loot
05:56:03 -!- Rawr|Fone [~AndChat52@84-217-62-32.customers.ownit.se] has joined #tlponies
06:29:17 -!- Rawr|Fone [~AndChat52@84-217-62-32.customers.ownit.se] has joined #tlponies
06:39:13 <DoT|Phone> Morning
06:48:01 <CockRoach|42> morning dot <3
06:57:32 <Camail> pffft, it's still night
07:00:35 <Rawr|Fone> No camail
07:01:29 <DuB`> Dot!
07:07:52 <DoT|Phone> cr, cam, dub <3
07:07:58 <Camail> doot
07:08:12 <DoT|Phone> I don't want to Monday
07:15:17 -!- DoT|Phone1 [~Dot@148.252.128.192] has joined #tlponies
08:09:37 -!- Micen|Droid [~Micen@h96.113.89.75.dynamic.ip.windstream.net] has joined #tlponies
08:14:58 -!- reification [~thomas@cpc76294-cosh16-2-0-cust297.6-1.cable.virginm.net] has joined #tlponies
08:14:58 -!- mode/#tlponies [+v reification] by Q
08:19:02 <DoT|Phone1> hey Micen, Reif
08:19:12 <reification> hi dotties
08:30:51 <Micen|Droid> Hey dot, hey reif! 
08:31:13 <reification> hi micen
08:38:01 <reification> cr|42 https://pbs.twimg.com/media/D8qza4HWwAAXSRs.jpg
08:52:29 <reification> .tell runbunny https://twitter.com/untoinfinity/status/1137909515783852032
08:55:33 <DoT|Phone1> how's all today
09:02:14 -!- Golly [Golly@cm-84.212.249.112.getinternet.no] has joined #tlponies
09:05:49 -!- Rawr|Phone [~AndChat52@m83-185-80-34.cust.tele2.se] has joined #tlponies
09:12:08 <reification> i good, need to organise plan for lifting things now
09:12:15 <reification> .tell runbunny https://twitter.com/40hara/status/1136560094953394177
09:14:52 <reification> looks pretty neat https://www.youtube.com/watch?v=o-L0_TJ4i-o
11:01:07 -!- carcinisation [~thomas@cpc76294-cosh16-2-0-cust297.6-1.cable.virginm.net] has joined #tlponies
11:01:07 -!- mode/#tlponies [+v carcinisation] by Q
11:16:10 -!- tredc [~tredc@c83-254-129-166.bredband.comhem.se] has joined #tlponies
11:32:54 -!- Rawr|Fone [~AndChat52@84-217-62-32.customers.ownit.se] has joined #tlponies
11:33:46 -!- skram [~skram@85.159.237.49] has joined #tlponies
11:35:00 <DoT|Phone1> Jonas friend!
11:35:27 <skram> Bjørn pal!
11:38:50 <Rawr|Fone> Jonas!
11:39:26 <skram> Henrik!
11:39:53 <Rawr|Fone> How are you doing today darling
11:40:15 <skram> im not sure yet but i have a good feeling about today
11:41:05 -!- Micen|Droid_ [~Micen@ip-99-203-32-56.pools.cgn.spcsdns.net] has joined #tlponies
11:42:33 <DoT|Phone1> no wor?
11:42:52 <skram> work tonight
11:49:20 <Rawr|Fone> I hope you have a fantastic day skram
11:53:49 <skram> you too buddy
12:46:05 -!- Micen|Droid [~Micen@h96.113.89.75.dynamic.ip.windstream.net] has joined #tlponies
13:44:27 -!- Zounds [webchat@cloak-07ouvien.14-2.cable.virginm.net] has joined #tlponies
13:44:36 <Zounds> hey
13:49:00 <carcinisation> i bak
13:49:52 <reification> time to try polish energy drink i found on offer at supermarket
13:51:57 <reification> well it seems exactly like red bull to me
13:52:09 <reification> but 1/3 the price
13:53:23 <reification> .tell bio this is inspired meem https://twitter.com/380kmh/status/1137072446039887873
13:54:40 <reification> rawr dot https://twitter.com/darkandfried/status/1137095549390340097
13:55:56 <Rawr|Fone> What a floof
13:56:34 <reification> .tellm dub` phearlock, i want this game https://twitter.com/JVCom/status/1137824759847280641
13:56:40 <reification> ^ dot zounds
13:57:40 <reification> https://twitter.com/EBakuTheGreat/status/1137814583433998336
13:58:24 <Zounds> Cute deer
13:58:28 <Zounds> I forsee only tragedy happening
13:58:55 <reification> your job is to prevent that!
14:00:00 <Zounds> Like an indie dev is ever gonna let both those deer live
14:00:50 <Zounds> Last scene will be going across a railway and fawn will be stuck
14:01:04 <Zounds> you'll have to butt fawn to freedom and be hit
14:09:55 <DoT|Phone1> well now it's spoiled. no need to play
14:10:53 <Zounds> If any of you do end up playing it make sure to let me know how right I am
14:25:49 <reification> .tell dub` https://www.youtube.com/watch?v=u04vh9AvURs
15:18:43 -!- Camail [~Camail@45.40.84.145] has joined #tlponies
15:18:43 -!- mode/#tlponies [+v Camail] by Q
15:22:43 <Zounds> Camail lad
15:22:59 <Camail> zounds boy
15:50:08 -!- skram [~skram@134.19.189.156] has joined #tlponies
15:50:18 -!- Rawr|Phone [~AndChat52@m83-185-84-96.cust.tele2.se] has joined #tlponies
15:57:15 -!- DuB` [DuB@65-130-75-92.slkc.qwest.net] has joined #tlponies
15:58:38 <skram> dvb
15:58:47 <DuB`> skrem
16:00:21 <skram> comrade
16:03:46 <DuB`> Ya never know what you're getting with reification .tells
16:03:52 <DuB`> Except that they're great, of course ;D
16:04:04 <Zounds> Rabbits or monster girls for me
16:04:38 <Zounds> He extracts the good from twitter so we don't have to
16:08:20 <skram> i worry about some of the user names tho
16:11:31 <DuB`> Haha
16:14:14 <DuB`> Off to errands
16:14:23 <Zounds> waffenstr8shota found his way to combine his love of nazi military and young boys in one username
16:14:25 <Zounds> gotta admire him for that
16:15:03 <DuB`> Eye check, haircut, dry cleaning pickup zzz
16:15:11 <DuB`> What if I need GLASSES?
16:15:30 <skram> how can u be a NERD if u dun wear glasses
16:15:51 <DuB`> Guess I'm not
16:16:00 <DuB`> brb 2hr or somethin
16:16:05 <skram> be careful
16:16:13 <Zounds> Another thing to accessorize dab
16:18:20 -!- DoT|Phone [~Dot@232.123.7.51.dyn.plus.net] has joined #tlponies
16:22:22 <Zounds> https://i.imgur.com/r1efAEi.gifv
16:25:33 -!- Dot` [~Dot@232.123.7.51.dyn.plus.net] has joined #tlponies
16:27:51 -!- carcinisation [~thomas@cpc76294-cosh16-2-0-cust297.6-1.cable.virginm.net] has joined #tlponies
16:27:51 -!- mode/#tlponies [+v carcinisation] by Q
16:44:28 -!- reification [~thomas@cpc76294-cosh16-2-0-cust297.6-1.cable.virginm.net] has joined #tlponies
16:44:28 -!- mode/#tlponies [+v reification] by Q
16:49:58 -!- carcinisation [~thomas@cpc76294-cosh16-2-0-cust297.6-1.cable.virginm.net] has joined #tlponies
16:49:58 -!- mode/#tlponies [+v carcinisation] by Q
17:28:57 -!- reimeuk [~thomas@cpc76294-cosh16-2-0-cust297.6-1.cable.virginm.net] has joined #tlponies
17:28:57 -!- mode/#tlponies [+v reimeuk] by Q
17:32:59 <Camail> skram wanna poe
17:39:25 -!- Zounds [webchat@cloak-07ouvien.14-2.cable.virginm.net] has joined #tlponies
17:53:01 <Dot`> i tihnk skram had work 
17:53:29 <reification> well i finished uk sudoku open championship
17:53:38 <reification> didn't do too bad for me
17:53:59 <Dot`> \o/
18:20:08 -!- Rawr|Fone [~AndChat52@84-217-62-32.customers.ownit.se] has joined #tlponies
18:26:12 <DuB`> Hair: cut, eyes: checked, pants: got
18:26:20 <DuB`> Now do I be lazy or exercise
18:26:21 <DuB`> Or stoooody
18:26:30 <Dot`> ask swooots
18:26:32 <Dot`> she knows all
18:27:24 <DuB`> .choose relaxe stoody essercise
18:27:27 <DuB`> hehehe
18:28:21 <reification> :O
18:44:49 <Dot`> what you going to do to relax dub?
18:46:07 <Rawr|Fone> Probably something superbly nerdy
18:46:59 <Dot`> one can hope
18:47:55 <DuB`> O hey a day9
18:48:21 <DuB`> O ending
18:49:45 <Dot`> dub
18:49:55 <Dot`> pls explain why anyone watches e3?
18:50:27 <DuB`> Well I SHOULD have, I didn't know about all the cyberpunk stuff for HOURS! :P
18:50:55 <Dot`> a 2 minute cutscene and promises
18:51:09 <Dot`> doesnt seem like much
18:51:21 <Zounds> Buying new games LOL
18:52:22 <DuB`> Oooh, missed new terraria stuff
18:53:07 <DuB`> 800 new items and new biomes 'n stuff
18:53:39 <Zounds> I don't like a game unless I've played it before
18:53:53 <Dot`> all made for the cancled new version probably dub
18:54:08 <Dot`> have to get some use from that work
18:55:18 <reification> dub there was this game https://www.youtube.com/watch?v=TDjbZyvvyu0
18:55:38 <DuB`> ya ya
18:55:58 <DuB`> Cutes in the japan
18:57:02 <reification> oh wait i already told you, memory is probably going in my old age :(
18:57:56 <DuB`> I hear puzzles help with that ;D
18:58:24 <Dot`> they use memory dub
18:58:31 <Dot`> when you use something it gets less
18:58:31 <reification> i wore my brain out today on them
18:58:56 <reification> there was also this game i linked before, reminds me of the thing: https://www.youtube.com/watch?v=o-L0_TJ4i-o
18:59:31 <Dot`> oh, i saw a early gif of this a few months back
18:59:33 <Dot`> looks fun
19:01:49 <reification> this video is interesting for any overwatch players https://www.youtube.com/watch?v=sTb2s7pg9bQ
19:02:13 <reification> dub zounds ^
19:02:48 <reification> the widow thing is silly op
19:13:29 <skram> DuB` did you watch kaguya-sama yet
19:18:31 <Zounds> that is OP af reif
19:20:02 <DuB`> No but I shall
19:21:28 <skram> it peaks at episode 3 or so
19:23:11 <Dot`> so only watch till then
19:23:17 <Zounds> you can use baptiste immortality field to block doomfist punches aswell reification if you're looking for obscure tips
19:23:34 <Zounds> the time between throwing it and it activating it's immune to damage but still blocks the punch
19:23:57 <reification> ooh that's nifty
19:27:03 <Zounds> one I've thought about but haven't actually tried is putting mei wall through an enemy baptiste immortality field
19:27:40 <Zounds> I think it would block the line of sight on the field so they could die but I haven't had the opportunity to try
19:28:09 <Zounds> not really sure if it gets lifted up or sits inside the wall :P
19:28:25 <Zounds> or if that would even matter, cause how big is the range vertically?
19:31:10 <reification> i think it should work, it's not that high
19:32:52 -!- Crisium [~Crisium@c-73-174-151-51.hsd1.pa.comcast.net] has joined #tlponies
19:33:56 <reification> hi cris
19:35:02 <Crisium> howdy
19:43:34 -!- Dot` [~Dot@232.123.7.51.dyn.plus.net] has joined #tlponies
19:55:50 <Zounds> hey
19:57:27 <Dot`> Zounds!
19:58:55 <skram> Zounds!
19:59:16 <Dot`> i thought the skram was at work
19:59:22 <Dot`> was he just watchign anime and ignoring us
19:59:35 <skram> i was doing a nap and then a dota
19:59:38 <skram> im leaving in like 10 mins
20:00:43 <Dot`> gl!
20:00:47 <Dot`> remember your hat
20:01:28 <Zounds> doing the dota
20:01:35 <Zounds> could be a dance move
20:01:40 * Zounds does the dota
20:02:12 <skram> i bet leroy has some sweet moves for that
20:02:19 <skram> https://www.youtube.com/watch?v=3ZrHfdBkqVo
20:03:09 <Dot`> skram you keep doing things to my youtube recomendations
20:03:27 <skram> you're welcome
20:04:37 <Zounds> elefantmannen does look like me playing dota
20:04:48 <skram> i bet rawr is realy good at doing the pingis
20:08:07 <Zounds> don't go to werk skrammen
20:08:09 <Zounds> keep me company
20:08:24 <skram> if i could stay home i would zounds
20:11:02 <Zounds> https://i.imgur.com/emusgJO.jpg
20:12:31 <Crisium> reported
20:12:52 <skram> hahahaa
20:13:00 <skram> fuckin'
20:13:02 <skram> truth
20:15:28 <skram> anyway gotta go
20:15:53 <Zounds> cya mate
20:18:28 <Dot`> later skram <3
20:44:58 <Dot`> .tell skrm https://i.imgur.com/GMm2Qpy.jpg
20:45:01 <reification> .tell skram https://twitter.com/RussianMemesLtd/status/1138139009870286848
21:17:12 -!- skrm [webchat@pioj.eid3.887x.ip] has joined #tlponies
21:18:18 <Dot`> skrm
21:18:37 <reification> skrmnnn
21:24:49 <skrm> bojs
21:25:06 <skrm> dot pls im at work
21:25:20 <skrm> no lewd miners pls
21:25:32 <Dot`> isnt that how you all work there?
21:26:42 <skrm> no we wear proper ppe
21:27:02 <skrm> hi vis jackets and a fireproof sock for our doodle
21:27:15 <Dot`> and hard hats i hope
21:27:19 <Dot`> to help agains tthat steam
21:29:08 <skrm> yes of course
21:31:01 <skrm> at least WTE power plants dont blow up
21:31:06 <skrm> unlike RBMK reactors
21:31:34 <Dot`> i tihnk you will find RBMK reactors dont explode
21:33:10 <skrm> Ah of course
21:33:16 <skrm> its only 3.6 roentgens after all
21:34:12 <Dot`> not good, not terrible
21:37:41 <Bio> poen
22:05:59 <Zounds> https://imgur.com/gallery/SSR7JjY
23:29:17 -!- Rawr|Fone [~AndChat52@84-217-62-32.customers.ownit.se] has joined #tlponies
23:36:10 <skrm> bio i have it on good authority
23:36:11 <skrm> that u
23:36:13 <skrm> are in fact
23:36:16 <skrm> the poen
23:36:34 <Bio> you is right
