00:04:09 -!- Rawr|Fone [~AndChat52@c-4eb4e655.020-164-6d6c6d4.bbcust.telenor.se] has joined #tlponies
01:47:05 -!- Rawr|Fone [~AndChat52@c-4eb4e655.020-164-6d6c6d4.bbcust.telenor.se] has joined #tlponies
02:20:39 <Camail> dub
02:20:47 <Camail> tomorrow should be boardgame day
02:20:53 <Camail> we can play during the euro evening
02:41:50 <DuB`> yay
02:42:09 <DuB`> Would love to, have been awfully bored with everyone off doing wow :P
02:42:38 -!- Rawr|Fone [~AndChat52@c-4eb4e655.020-164-6d6c6d4.bbcust.telenor.se] has joined #tlponies
05:08:10 -!- Rawr|Fone [~AndChat52@c-4eb4e655.020-164-6d6c6d4.bbcust.telenor.se] has joined #tlponies
05:31:55 -!- DoT|Phone [~Dot@228.89.99.195.dyn.plus.net] has joined #tlponies
05:32:02 <DoT|Phone> Morning all
05:32:09 <DuB`> Dot <3
05:56:31 <DoT|Phone> Dub <3
05:56:34 <DoT|Phone> you horse
05:58:52 <DuB`> o 2am woops
05:59:12 <DoT|Phone> gnight dubs. sleep well
05:59:29 <DuB`> z
06:02:19 -!- DoT|Phone1 [~Dot@85.255.236.114] has joined #tlponies
06:46:45 -!- Rawr|Fone [~AndChat52@c-4eb4e655.020-164-6d6c6d4.bbcust.telenor.se] has joined #tlponies
06:50:27 <DoT|Phone1> Rawr Rawr Rawr
06:50:34 <DoT|Phone1> 💖💖💖
06:52:10 <Rawr|Fone> DoT DoT DoT
06:52:13 <Rawr|Fone> 💖💖💖
07:13:00 -!- Golly [Golly@cm-84.213.21.103.getinternet.no] has joined #tlponies
07:44:35 <DoT|Phone1> how's you today Rawr
08:00:38 <Rawr|Fone> Great dot
08:00:51 <Rawr|Fone> Going to take spike fora walk
08:01:01 <Rawr|Fone> Then go to the gym
08:01:17 <Rawr|Fone> How about you
08:03:51 <CockRoach|42> stronk boi rawr
08:11:08 <Rawr|Fone> 💪
08:11:22 <Rawr|Fone> 🏋️‍♂️🏋️‍♂️🏋️‍♂️
08:21:22 -!- Runbunny [~Runbunny@91.100.28.10.generic-hostname.arrownet.dk] has joined #tlponies
08:27:46 <DoT|Phone1> I'm doing good Rawr
08:27:49 <DoT|Phone1> Angel!
08:27:57 <DoT|Phone1> my favourite Dane
08:29:10 -!- Rawr|Fone [~AndChat52@c-4eb4e655.020-164-6d6c6d4.bbcust.telenor.se] has joined #tlponies
08:32:12 -!- Kittybunny [~Runbunny@91.100.28.10.generic-hostname.arrownet.dk] has joined #tlponies
08:32:25 <DoT|Phone1> Rawr. I'm doing good
08:32:33 <DoT|Phone1> how is spike
08:35:26 <Rawr|Fone> Pretty tired
08:36:06 <Rawr|Fone> He is not as energetic as he was before the surgery
08:39:59 <DoT|Phone1> aww. poor pup.
09:02:26 <Runbunny> Oh hello.
09:11:09 -!- Rawr|Phone [~AndChat52@83.185.93.223] has joined #tlponies
09:29:58 -!- reification [~thomas@cpc76294-cosh16-2-0-cust297.6-1.cable.virginm.net] has joined #tlponies
09:29:58 -!- mode/#tlponies [+v reification] by Q
09:30:21 <reification> .tell dub` https://twitter.com/41Strange/status/1167471341928206336
09:37:57 <DoT|Phone1> hi Reif
09:40:35 -!- reification [~thomas@cpc76294-cosh16-2-0-cust297.6-1.cable.virginm.net] has joined #tlponies
09:40:35 -!- mode/#tlponies [+v reification] by Q
09:41:08 -!- reification [~thomas@cpc76294-cosh16-2-0-cust297.6-1.cable.virginm.net] has joined #tlponies
09:41:08 -!- mode/#tlponies [+v reification] by Q
10:05:55 <reification> runbunny https://twitter.com/lyger_0/status/1165960074931523585
10:07:15 <Runbunny> Hahaha.
11:10:05 <Rawr|Phone> 🐴🐴🐴
11:37:30 <DoT|Phone1> Rawr Rawr
11:38:30 <DoT|Phone1> what's all up to
11:39:52 -!- reification [~thomas@cpc76294-cosh16-2-0-cust297.6-1.cable.virginm.net] has joined #tlponies
11:39:52 -!- mode/#tlponies [+v reification] by Q
11:40:51 <Rawr|Phone> DoT DoT
11:42:45 -!- skram [~skram@190.2.132.85] has joined #tlponies
11:43:07 <Rawr|Phone> Jonas!
11:43:14 <skram> Henrik!
11:43:35 <Rawr|Phone> How are you my dear friend
11:44:46 <skram> I have high hopes for today
11:44:53 <skram> how about you old friend
11:45:53 <Rawr|Phone> Today has been fantastic so far and it only got better when you showed up
11:46:13 <skram> <3<3<3
11:46:48 <Rawr|Phone> ❤❤
11:51:03 <Rawr|Phone> What are your plans for the day skrammypants
11:51:28 <skram> Hmmm
11:51:51 <skram> I tihnk im gonna go pick up my packages and then make some excellent dinner
11:52:47 <Rawr|Phone> Don't you make excellent dinner everyday
11:54:04 <skram> no :(
11:56:25 <Rawr|Phone> D:
11:59:15 <DoT|Phone1> Skram!
11:59:26 <CockRoach|42> pls calm down
11:59:40 <DoT|Phone1> no
11:59:56 <skram> Dot!
12:02:47 <Rawr|Phone> Dot
12:19:17 <DoT|Phone1> Skram
12:19:18 <DoT|Phone1> Rawr
12:19:53 <Rawr|Phone> I did it today dot
12:19:56 <Rawr|Phone> 200 kg deadlift
12:19:59 <Rawr|Phone> Twice!
12:20:03 <skram> whoah
12:20:20 <skram> i bet you're real good at huggin' now
12:21:02 <DoT|Phone1> the best probably
12:23:13 <Rawr|Phone> We will have to find out
12:47:41 -!- Rawr|Fone [~AndChat52@c-4eb4e655.020-164-6d6c6d4.bbcust.telenor.se] has joined #tlponies
13:29:59 -!- Rawr|Fone [~AndChat52@c-4eb4e655.020-164-6d6c6d4.bbcust.telenor.se] has joined #tlponies
14:35:47 <Bio> mornen ponners
14:37:54 -!- DuB` [DuB@cpe-68-174-122-249.nyc.res.rr.com] has joined #tlponies
14:37:58 <DuB`> Morn!
14:39:20 <Bio> DOB
14:39:24 <Bio> helo
14:40:29 <skram> BIO und DUB
14:41:09 <skram> die grosen ponys
14:41:38 <DuB`> ich bin kein pony
14:42:27 <skram> nein
14:42:28 <skram> du bist
14:42:29 <skram> der pony
14:43:36 <DuB`> hmm hmm
14:43:41 <DuB`> Pony wants a bagel
14:45:02 <DuB`> I pulled something in the arch of my foot really badly while running yesterday T_T
14:45:06 <DuB`> Now I'm limping all overr
14:45:16 <skram> next time dont use your feet
14:45:23 <DuB`> o
14:47:13 <skram> cant sprain your foot if you run on your hands
15:07:55 <DuB`> The cure is GAMES
15:12:36 <DoT|Phone1> Dub, bio <3
15:12:53 <DoT|Phone1> stop injuring yourself please dub
15:13:05 <DuB`> I blame the ground
15:16:12 -!- Rawr|Fone [~AndChat52@c-4eb4e655.020-164-6d6c6d4.bbcust.telenor.se] has joined #tlponies
15:16:52 <DoT|Phone1> Dub! I get to play dnd in a few days. I haven't got to play in months
15:17:06 <DuB`> Ooooh!
15:17:14 <DuB`> Whatcha doin
15:17:30 <DoT|Phone1> Saturday. your playing too
15:19:33 <DoT|Phone1> please dub. your going to stab ppl
15:19:38 <DoT|Phone1> from far away
15:19:55 <DuB`> o
15:19:58 <DuB`> That's a lotta days
15:20:05 <DuB`> I was thinking like... three
15:20:08 <DuB`> I see :P
15:20:29 <DoT|Phone1> Haha
15:20:49 <DoT|Phone1> well.. if micen wants to run a session then too I'm up for it
15:23:58 <DoT|Phone1> it's only 4 days really. and it's soon compared to the 3 months I haven't played.
15:24:33 <DuB`> Absolutely
15:24:43 <DuB`> Are you get to PC today dot?
15:24:48 <DuB`> Could boardgame
15:25:54 <DoT|Phone1> I'm heading home now. then need food.
15:26:39 <DoT|Phone1> so in an hour and a half, maybe 2
15:26:49 <DoT|Phone1> depends on traffic
15:26:53 <DuB`> No Camail yet anyway
15:29:44 -!- Camail [~Camail@45.40.84.145] has joined #tlponies
15:29:45 -!- mode/#tlponies [+v Camail] by Q
15:30:13 <DuB`> o haha
15:30:28 <DuB`> Camail, skram boardgame in 2 hrs ish?
15:31:01 <Camail> sure
15:33:28 <DoT|Phone1> cam is a psychic butt
15:34:17 <Camail> am i
15:34:27 <DoT|Phone1> what American holiday is it?
15:34:42 <DoT|Phone1> freedom+ day?
15:35:09 <Camail> labor day
15:35:26 <Camail> we celebrate working by not working
15:35:42 <DoT|Phone1> very smart
15:39:59 <Camail> Runbunny assasin looks sexy as fuck
15:40:11 <Camail> mistwalker is like...the best node
15:43:32 -!- DoT|Phone [~Dot@185.69.144.15] has joined #tlponies
15:51:13 <Camail> ugggh i wanna play poison so bad but i'm worried it doesn't have good clear speed
15:52:17 <Runbunny> O:
15:52:21 <Runbunny> Poison OP
15:52:54 <skram> DuB`: sure but I got work tonight so I can only do like 2-3 hours or so
15:53:22 <DuB`> Oke. Dot go faster :P
15:53:28 <DoT|Phone> I'm trying!
15:53:55 <DoT|Phone> you can start now though. don't have to wait
15:58:01 <Camail> i can start soon, afk for a bit
16:03:08 <Runbunny> DuB`, skram https://i.imgur.com/WQ9lSHc.png
16:07:55 -!- Rawr|Fone [~AndChat52@c-4eb4e655.020-164-6d6c6d4.bbcust.telenor.se] has joined #tlponies
16:13:55 <Camail> DuB` skram lets figure out what game/s to play
16:14:01 <Camail> anyone with tts can join in
16:14:38 <DuB`> The maaaars?
16:14:46 -!- DoT|Phone1 [~Dot@228.89.99.195.dyn.plus.net] has joined #tlponies
16:14:59 <skram> maaaaars!
16:15:03 <skram> if it exists in tts
16:15:26 <Camail> do we wanna start with that
16:16:14 <skram> lets do a few games of the card game thing we do
16:16:22 <skram> cmon dub
16:21:42 -!- DoT` [~Dot@228.89.99.195.dyn.plus.net] has joined #tlponies
16:21:49 * skram slaps DoT` around a bit with a large trout
16:23:02 -!- Rawr|Phone [~AndChat52@83.185.84.3] has joined #tlponies
16:25:37 <Bio> neigh!
16:25:55 <skram> knegg
16:30:14 <Rawr|Phone> Jonas
16:30:29 <Rawr|Phone> That is very horse like behaviour 
16:30:58 <DoT`> oi!
16:31:14 <skram> jak er snel hest
16:31:29 <DoT`> du er en hest jonas
16:31:55 <skram> kom hit så skarru få juling, du din atale rasstapp
16:31:57 <skram> discord dot pls
16:32:11 <DoT`> im trying to cook food
16:32:23 <DoT`> i just got in form work
16:33:05 <Rawr|Phone> So you are a horse skram
16:33:38 <skram> well if i were a horse i wouldnt be klad right now
16:34:04 -!- tredc [~tredc@c83-254-129-166.bredband.comhem.se] has joined #tlponies
16:34:09 <DoT`> skram, i asked google what you said
16:34:11 <Rawr|Phone> Are you lessen right now
16:34:12 <DoT`> come here so scanty beating, you your ebull race
16:34:13 <Bio> silly words... in MY internet relay chat?
16:34:31 <skram> seems about right, dot
16:35:52 -!- Rawr|Fone [~AndChat52@83.185.84.3] has joined #tlponies
17:11:32 -!- Cane [~Cane@CaneCraft.users.quakenet.org] has joined #tlponies
17:11:32 -!- mode/#tlponies [+o Cane] by Q
17:11:38 -!- mode/#tlponies [+vvvvvv Bio DoT` DoT|Phone1 DuB` Golly Rawr|Fone] by Cane
17:11:40 -!- mode/#tlponies [+vvvv Runbunny skram sweetiebot tredc] by Cane
17:32:43 <DoT`> hi cane
17:33:04 <Cane> Hi. <3
17:33:57 <DoT`> https://imgur.com/gallery/oAobXgc CockRoach|42
17:36:08 <Runbunny> skram, https://i.imgur.com/LO4byOp.jpg
17:41:26 <Runbunny> Bio, I am going to the store, do you need anything?
17:43:09 <Bio> yeh, donut
17:44:45 <Camail> https://images-na.ssl-images-amazon.com/images/I/D1hdAE7NGyS.pdf
17:47:31 -!- Westy543 [Westy543@c-24-130-12-152.hsd1.ca.comcast.net] has joined #tlponies
17:47:31 -!- mode/#tlponies [+v Westy543] by Q
18:51:14 <Runbunny> Sorry Bio, there were no donuts.
18:53:15 <Bio> fug
18:53:19 <Bio> oh wel
18:55:24 <Runbunny> I think I know where there is a donut store though. 
18:55:28 <Runbunny> I'll go tomorrow.
19:25:01 <Bio> thank
19:46:40 <Rawr|Fone> Hors hors
19:49:28 <Runbunny> Henrik.
19:49:47 <Rawr|Fone> Anders.
19:50:39 <Cane> https://www.twitch.tv/CaneCraft More random DOS games.
19:59:21 <skram> Bio: https://powerlunch.bandcamp.com/album/pok-wave
20:58:52 <DoT`> Runbunny
20:59:00 <Runbunny> Dot.
20:59:04 <Runbunny> Hello.
20:59:08 <DoT`> how was your day
21:00:02 <DoT`> also here https://i.imgur.com/2WrJOCc.jpg
21:00:05 <Runbunny> Pretty alright. 
21:00:11 <Runbunny> Very slow though
21:00:15 <DoT`> this seems to be the new anime everyone is making mems of
21:00:25 <Runbunny> I did do the dishes and stuff.
21:01:06 <Runbunny> Zombie Imouto. Or is it vampire? I haven't watched that show yet
21:01:21 <DoT`> i thought demon
21:01:27 <Runbunny> It supposingly very aestetic.
21:01:57 <Runbunny> It might be Demon.
21:03:52 <Runbunny> What about you Dot?
21:04:56 <DoT`> im doing ok, wake up, go to work, come home and tired
21:05:13 <DoT`> working on site atm so just over an hour to get there and another to get home
21:07:40 -!- reification [~thomas@cpc76294-cosh16-2-0-cust297.6-1.cable.virginm.net] has joined #tlponies
21:07:40 -!- mode/#tlponies [+v reification] by Q
21:25:45 <reification> dot rawr https://twitter.com/humorandanimals/status/1168187001000071170
21:31:17 <Rawr|Fone> Thanks reef reef
21:33:35 <reification> runbunny https://twitter.com/astrokuso/status/1166610189514096640
21:39:34 -!- reification [~thomas@cpc76294-cosh16-2-0-cust297.6-1.cable.virginm.net] has joined #tlponies
21:39:34 -!- mode/#tlponies [+v reification] by Q
21:40:20 -!- reification [~thomas@cpc76294-cosh16-2-0-cust297.6-1.cable.virginm.net] has joined #tlponies
21:40:20 -!- mode/#tlponies [+v reification] by Q
21:40:32 <Runbunny> Hahaha Reif :D
21:41:00 -!- skrm [webchat@pioj.eid3.887x.ip] has joined #tlponies
21:41:31 <DoT`> skrm
21:43:14 <Runbunny> Skrm
21:44:18 <skrm> frens
21:46:00 <DoT`> skrm is friend shaped
21:46:26 <skrm> did you win at mars yet dot
21:46:40 <DuB`> He won at love letter
21:46:44 -!- Rawr|Phone [~AndChat52@c-4eb4e655.020-164-6d6c6d4.bbcust.telenor.se] has joined #tlponies
21:46:45 <DoT`> no, i won the netter game
21:46:59 <DoT`> without the tainted starting choices
21:49:02 <DuB`> Can you imagine if skram was one of the plants-boosting corps instead of beginner corp
21:49:16 <DuB`> Greenest mars ever
21:52:33 <reification> skram toki wa kita https://twitter.com/OnoeOmi/status/1168556040385810439
22:01:24 -!- BioSC [~BioPon@97.70.165.146] has joined #tlponies
22:01:30 <DoT`> bio
22:01:35 -!- tredc_ [~tredc@c83-254-129-166.bredband.comhem.se] has joined #tlponies
22:01:47 -!- Camail_ [~Camail@45.40.84.145] has joined #tlponies
22:01:47 -!- mode/#tlponies [+v Camail_] by Q
22:02:00 <DoT`> fake cam
22:20:25 -!- Rawr|Fone [~AndChat52@c-4eb4e655.020-164-6d6c6d4.bbcust.telenor.se] has joined #tlponies
22:27:18 <reification> ! https://twitter.com/upsideman/status/1168280477599457280
22:27:56 <DuB`> !
