00:24:03 -!- Rawr|Fone [~AndChat52@c-4eb4e655.020-164-6d6c6d4.bbcust.telenor.se] has joined #tlponies
01:26:09 -!- Rawr|Fone [~AndChat52@c-4eb4e655.020-164-6d6c6d4.bbcust.telenor.se] has joined #tlponies
01:27:48 -!- BioPone [~androirc@mobile-166-175-60-61.mycingular.net] has joined #tlponies
01:42:54 -!- Rawr|Fone [~AndChat52@c-4eb4e655.020-164-6d6c6d4.bbcust.telenor.se] has joined #tlponies
02:24:15 <Camail> i took a second nap
02:24:27 <Camail> dub why didnt you wake me up
02:34:27 <DuB`> Growing boy needs his Zs
02:52:43 -!- Rawr|Fone [~AndChat52@c-4eb4e655.020-164-6d6c6d4.bbcust.telenor.se] has joined #tlponies
03:20:32 -!- Rawr|Fone [~AndChat52@c-4eb4e655.020-164-6d6c6d4.bbcust.telenor.se] has joined #tlponies
03:26:53 -!- Rawr|Fone [~AndChat52@c-4eb4e655.020-164-6d6c6d4.bbcust.telenor.se] has joined #tlponies
04:11:20 -!- skram [~skram@89.38.98.91] has joined #tlponies
04:30:36 -!- Rawr|Fone [~AndChat52@c-4eb4e655.020-164-6d6c6d4.bbcust.telenor.se] has joined #tlponies
04:38:13 -!- Rawr|Fone [~AndChat52@c-4eb4e655.020-164-6d6c6d4.bbcust.telenor.se] has joined #tlponies
04:58:17 -!- DoT|Phone [~Dot@228.89.99.195.dyn.plus.net] has joined #tlponies
06:16:43 -!- Rawr|Fone [~AndChat52@c-4eb4e655.020-164-6d6c6d4.bbcust.telenor.se] has joined #tlponies
06:36:10 <DoT|Phone> Morning all
06:40:54 <CockRoach|42> morning dot
06:41:27 <DoT|Phone> cr!
06:41:30 <CockRoach|42> <3
06:41:42 <DoT|Phone> <3
06:42:12 -!- Rawr|Fone [~AndChat52@c-4eb4e655.020-164-6d6c6d4.bbcust.telenor.se] has joined #tlponies
06:44:27 <DoT|Phone> Rawr Rawr Rawr
06:44:42 <DoT|Phone> 💖💖💖
06:52:06 -!- Rawr|Fone [~AndChat52@c-4eb4e655.020-164-6d6c6d4.bbcust.telenor.se] has joined #tlponies
07:26:41 -!- DoT|Phone1 [~Dot@85.255.234.116] has joined #tlponies
09:05:47 -!- reification [~thomas@cpc76294-cosh16-2-0-cust297.6-1.cable.virginm.net] has joined #tlponies
09:05:47 -!- mode/#tlponies [+v reification] by Q
09:07:39 <DoT|Phone1> hey Reif
09:09:06 -!- Runbunny [~Runbunny@91.100.28.10.generic-hostname.arrownet.dk] has joined #tlponies
09:09:47 <DoT|Phone1> Angel!
09:09:48 <reification> hello dotties, bun
09:10:08 <reification> .tell skram https://twitter.com/GolfEmperorYang/status/1161084317549903872
09:10:11 <Runbunny> Hai.
09:10:13 <reification> also bun ^
09:10:18 <Runbunny> I think I have a fever.
09:10:37 <DoT|Phone1> oh dear
09:17:05 -!- carcinisation [~thomas@cpc76294-cosh16-2-0-cust297.6-1.cable.virginm.net] has joined #tlponies
09:17:05 -!- mode/#tlponies [+v carcinisation] by Q
09:23:37 -!- DoT|Phone [~Dot@148.252.128.224] has joined #tlponies
09:25:02 -!- tredc [~tredc@c83-254-129-166.bredband.comhem.se] has joined #tlponies
09:43:11 -!- Rawr|Fone [~AndChat52@c-4eb4e655.020-164-6d6c6d4.bbcust.telenor.se] has joined #tlponies
09:43:15 <Rawr|Fone> Hors hors
09:44:18 <carcinisation> dot cr|42 https://pbs.twimg.com/media/EBzr5iCXYAAyqm7.png
09:54:54 <DoT|Phone> Haha
09:55:02 <DoT|Phone> Rawr hest
09:55:40 <Rawr|Fone> DoT hest
09:55:43 <Rawr|Fone> 💖💖
09:55:55 <DoT|Phone> 💖💖
09:59:57 <reification> i see tumblr has been sold for around $10M
10:00:14 <reification> slightly less that the $1.1B six years ago
10:00:46 <DoT|Phone> That's what happens when you start banning ppl all over the place I guess
10:01:28 <reification> "Yahoo promises to 'not screw up' acquisition of blogging website"
10:04:42 -!- DoT|Phone1 [~Dot@148.252.128.182] has joined #tlponies
10:18:39 <Runbunny> But they removed the porn..
10:20:47 <reification> https://twitter.com/41Strange/status/1160729642283593729
10:26:46 -!- DoT|Phone [~Dot@148.252.128.224] has joined #tlponies
10:32:21 <Runbunny> Sadly most of the bus advertisements are kinda bad.
10:32:28 <Runbunny> That one was cool though.
10:33:15 <Runbunny> I'd go to the zoo more if it wasn't 20£ to get in.
10:38:05 -!- DoT|Phone1 [~Dot@85.255.235.80] has joined #tlponies
10:41:36 <reification> bun https://twitter.com/catgirls_bot/status/1161051498681393153
10:57:19 <Runbunny> I enjoy this reification.
11:05:43 -!- Rawr|Fone [~AndChat52@c-4eb4e655.020-164-6d6c6d4.bbcust.telenor.se] has joined #tlponies
11:26:18 -!- Rawr|Fone [~AndChat52@c-4eb4e655.020-164-6d6c6d4.bbcust.telenor.se] has joined #tlponies
11:31:41 <DoT|Phone1> how's all doing
11:32:33 <Runbunny> idk
11:32:42 <Runbunny> feel kinda sick but not too much.
11:32:54 <DoT|Phone1> did you try a walk?
11:35:45 <Runbunny> Nah.
11:44:25 <Runbunny> But I am kind out of tea.
11:48:06 <DoT|Phone1> tea withdrawals
11:48:50 -!- BioPone [~androirc@mobile-166-175-61-158.mycingular.net] has joined #tlponies
11:50:47 <DoT|Phone1> bio
11:53:37 <Runbunny> Bio.
12:00:42 <Rawr|Fone> Bio
12:54:09 -!- Rawr|Fone [~AndChat52@c-4eb4e655.020-164-6d6c6d4.bbcust.telenor.se] has joined #tlponies
13:00:23 -!- DoT|Phone [~Dot@185.69.145.213] has joined #tlponies
13:06:50 -!- BioPhone [~androirc@12.33.239.117] has joined #tlponies
13:06:56 <BioPhone> Asdf
13:13:26 <DoT|Phone> he's alive
13:25:30 <CockRoach|42> .tell carcinisation <3
13:25:44 -!- reification [~thomas@cpc76294-cosh16-2-0-cust297.6-1.cable.virginm.net] has joined #tlponies
13:25:44 -!- mode/#tlponies [+v reification] by Q
13:27:46 -!- skram [~skram@89.38.98.91] has joined #tlponies
13:31:34 -!- Rawr|Fone [~AndChat52@c-4eb4e655.020-164-6d6c6d4.bbcust.telenor.se] has joined #tlponies
13:32:21 <DoT|Phone> Jonas friend
13:32:50 <skram> Dot pal
13:33:29 <skram> I went to the bank today and they were like bruh of course we're gonna give you 2 and a half million king haralds
13:33:41 <skram> so im gonna go look at a hous today
13:34:15 <skram> .tell reification saus??
13:34:50 <DoT|Phone> That's so many kings
13:36:16 <skram> right??? I wouldnt give me a single krone
13:36:47 <skram> they lady at the bank was all wow looks like you're very responsible with ur monies
13:36:58 <skram> (me not mentioning my recent 400£ lego purchase) absoLUTELY
13:38:14 <reification> skram i think it's the new fate thingy
13:38:26 <skram> right
13:38:40 <skram> is that the one with a million episodes and impossible storyline
13:39:59 -!- Rawr|Phone [~AndChat52@m83-185-85-188.cust.tele2.se] has joined #tlponies
13:49:50 -!- Cane [~Cane@CaneCraft.users.quakenet.org] has joined #tlponies
13:49:50 -!- mode/#tlponies [+o Cane] by Q
13:54:34 -!- Golly [Golly@cm-84.213.21.103.getinternet.no] has joined #tlponies
13:56:04 <DoT|Phone> Skram you should share the wealth
14:02:54 <skram> i will send you
14:02:56 <skram> a shrubbery
14:06:42 <Rawr|Phone> Jonas darling
14:11:06 <Rawr|Phone> Bye :(
14:16:24 -!- carcinisation [~thomas@cpc76294-cosh16-2-0-cust297.6-1.cable.virginm.net] has joined #tlponies
14:16:24 -!- mode/#tlponies [+v carcinisation] by Q
14:23:49 <DoT|Phone> aww
14:23:55 <DoT|Phone> rich ppl are so rude
14:24:16 <Rawr|Phone> Very rude
14:24:27 <Rawr|Phone> Probably busy earning more money
14:43:08 <Runbunny> Hai.
14:43:13 <Runbunny> I went for a walk Dot.
14:43:35 <Runbunny> Stopped by the candy store, on the way back it started raining as well.
14:44:16 <DoT|Phone> sounds like an eventful walk
14:44:21 <DoT|Phone> You feel better?
14:45:10 <Runbunny> I'm alright, I think.
14:45:17 <Runbunny> I'll probably go do workshops tomorrow.
14:46:45 <Runbunny> plus I have candy.
14:48:39 <Rawr|Phone> Anders.
14:48:47 <Runbunny> Henrik friend.
14:49:07 -!- Camail [~Camail@45.40.84.145] has joined #tlponies
14:49:07 -!- mode/#tlponies [+v Camail] by Q
14:49:56 <Runbunny> Hai Camail.
14:53:07 <Camail> hullo roonboon
14:53:44 -!- BioPone [~androirc@mobile-166-175-61-72.mycingular.net] has joined #tlponies
14:53:47 <Camail> hey run, need anything for your character in poe
14:58:33 <Runbunny> I could use some OP staff.
15:07:57 <Camail> what does the staff need
15:16:02 -!- DuB|fon [~androirc@168.149.241.80] has joined #tlponies
15:16:34 <DoT|Phone> daab
15:17:01 <Rawr|Phone> DuB|📱
15:17:11 <Runbunny> Just a whole lot of spell damage I think.
15:17:16 <Runbunny> Hai Dub.
15:18:31 <DuB|fon> O hi
15:20:09 <Runbunny> Camail, Do you happen to have a devouring diadem?
15:20:33 <Camail> no but i have 35ex
15:21:35 <Runbunny> well shit.
15:21:54 <Runbunny> It's like 45c which I have plenty of.
15:22:21 <Camail> yea it pretty cheap
15:22:52 <Camail> was trying to find if there is a special veiled mody that costs more but i think it's just a catarina's veil 
15:41:18 <DuB|fon> Gonna start learning r6 siege, might boot up the ol' stream too now that my pc and net are stronk
15:41:52 <DoT|Phone> gl dub
15:42:11 <DoT|Phone> why r6?
15:42:51 <DuB|fon> Brother started into it, and younger cousin I caught up with at wedding just built his first PC and has been playing it
15:46:48 <DoT|Phone> nice
15:56:48 -!- DoT|Phone1 [~Dot@228.89.99.195.dyn.plus.net] has joined #tlponies
15:57:01 -!- DoT` [~Dot@228.89.99.195.dyn.plus.net] has joined #tlponies
16:03:42 <Camail> Runbunny i assume you want a +3 staff
16:09:02 <Runbunny> well idk.
16:09:15 -!- BioPone [~androirc@12.33.239.117] has joined #tlponies
16:09:17 <Runbunny> I bought some staff.
16:09:46 <Camail> level 24 nova does like 30% more damage than 21
16:10:02 <Camail> spells in general scale better with levels than % increase
16:10:16 <Camail> i'd say fossil crafting is the best bet
16:11:00 <Camail> maybe with an ilvl 63 staff
16:11:54 <Camail> eh, nah
16:12:03 <Camail> that's not really removing any mods from the pool
16:15:11 <BioPone> 🅱️ony
16:46:38 <DoT`> pon
16:48:05 <Runbunny> DoT`, Camail was right all along.
16:48:14 <Runbunny> My investigation has revealed this.
16:49:14 <DoT`> dont tell cam, but he is a pretty smart guy
16:49:23 <Camail> about what
16:53:17 -!- Gollie [Golly@cm-84.213.21.103.getinternet.no] has joined #tlponies
17:03:37 -!- BioPone [~androirc@12.33.239.117] has joined #tlponies
17:16:43 -!- BioPone [~androirc@12.33.239.117] has joined #tlponies
17:22:20 -!- Camail [~Camail@45.40.84.145] has joined #tlponies
17:22:20 -!- mode/#tlponies [+v Camail] by Q
17:23:45 <Camail> my internet shat the bed when you complimented me
17:23:47 <Camail> please dont
17:23:54 <Camail> this is clearly a sign from god
17:35:18 <DoT`> i will endevour to avoid such things in the future
17:38:32 <Camail> i'm still curious to what i was right about, though i am slightly scared i might be struck by lightning if i learn it
17:42:08 <DoT`> better to not know then
17:42:56 <DuB|fon> Probably called skram a weeb
17:43:52 <Camail> well that's obvious
17:44:21 <Camail> even dub, the most extreme weeb can tell how weeby skram is
17:45:06 <Camail> dot, scold dub for me
17:45:11 <Camail> he didn't wake me up from my double nap
17:45:18 <Camail> and i wasted so much time yesterday sleeping
17:45:22 <Camail> ugh
17:46:06 <DoT`> daaaab
17:50:25 <DuB|fon> dattt
18:17:25 <Camail> wtf attack on titan is getting weirder
18:18:01 <Camail> it took a dive into mediocrity for awhile but i'm kinda getting hyped again
19:07:12 -!- skram [~skram@89.38.98.91] has joined #tlponies
19:08:10 <Rawr|Phone> Jonas
19:08:14 <Rawr|Phone> You're back
19:10:10 <DoT`> jonas
19:10:46 <skram> finally home
19:10:48 <skram> hello frens
19:12:02 <carcinisation> first game queuing support role in new 222 overwatch, our moira gets damage card...
19:12:13 <skram> house was bad, DoT` :(
19:12:34 <skram> sigh i miss tank meta reef
19:12:40 <DoT`> aww
19:13:54 <reification> was it like the first sketch here skram? https://www.youtube.com/watch?v=oZdrVo8ERyQ
19:14:43 <skram> lol
19:15:29 <skram> naw it was nice and i really liked it but it had water issues that would require a lot of work and money to make proper before it all rots away
19:18:51 <Micen_> sigma patch out for OW
19:19:05 <Micen_> and role queue
19:27:39 -!- DuB|fon [~androirc@168.149.241.80] has joined #tlponies
19:28:11 -!- Rawr|Fone [~AndChat52@c-4eb4e655.020-164-6d6c6d4.bbcust.telenor.se] has joined #tlponies
19:29:17 <DuB|fon> I wanna OW D:
19:29:53 <Micen_> sigma is strange
19:30:10 <Micen_> sigma also good against hog and reaper 
19:30:25 <Micen_> jsut eat projectiles 
19:31:51 <reification> sigma weapon takes some getting used to
19:32:01 <Micen_> im confused
19:32:20 <Micen_> i check comp role queue and healer has the longest queue
19:32:24 <reification> at least i will have flying skills for his ult
19:32:36 <reification> it is changing each time micen
19:32:46 <reification> but it's pretty equal
19:33:03 <reification> healer is actually quite popular and there is a new tank
19:33:18 <Micen_> oh okay. im used to wow's role queue that updates like once every 2m
19:33:54 <reification> also it gives fair rewards
20:32:56 -!- BioPone [~androirc@mobile-166-175-61-92.mycingular.net] has joined #tlponies
20:41:59 -!- skraam [~skram@82.102.22.94] has joined #tlponies
20:43:47 <skraam> DoT`
20:45:27 -!- Rawr|Fone [~AndChat52@c-4eb4e655.020-164-6d6c6d4.bbcust.telenor.se] has joined #tlponies
20:46:51 <Camail> there are too many skrams here
20:47:00 <skraam> wow
20:47:27 <Camail> oh, skram can you make your poe profile public so i can check out your build
20:47:41 <Camail> and see if using a starforge actually makes you do less damage
20:47:42 <DoT`> skram
20:47:56 <skraam> didnt we already do this
20:48:24 <Camail> hmm maybe
20:49:55 <skraam> https://www.pathofexile.com/account/view-profile/skramboi/characters
20:51:02 <Camail> you could take the strength off your ring and put int on there, then save 4 points on your tree
20:51:15 <Camail> yea i got it on pob ty
20:51:52 <Camail> you could put them into  the crit wheel near ranger on the right
20:54:52 <Camail> also remove the silver flask and get a diamond flask
20:56:02 <skraam> right
20:56:17 <Camail> respeccing a bit and swapping out a flask are the quickes and easiest things to do
20:56:32 <Camail> well, and getting uber lab
20:57:29 <Camail> also i dont use the leech nodes from berserker anymore, i just went for the extra crit
20:57:45 <Camail> i doooont think you have life leech from anywhere yet tho
20:57:47 <Camail> so maybe not that
20:58:06 <skraam> no i dont think i do
21:04:51 <DoT`> skram
21:04:54 <DoT`> why you ping me
21:05:00 <skraam> right
21:05:04 <skraam> what you up to buddy
21:05:24 <DoT`> i was playing Divinity Original Sin 2 with a friend
21:05:30 <DoT`> and it seems forgot to make supper
21:05:39 <skraam> its never too late for supper
21:06:01 <Micen_> call it an American supper. 
21:06:02 <DoT`> i am making some of that rice you put in the microwave
21:07:10 <skraam> for your next birthday im getting you a cookbook
21:07:44 <Runbunny> How nice of you Jonas.
21:08:11 <Runbunny> You're really concerned with Bjørn. Must be nice to be worried about.
21:08:34 <skraam> are you feeling lonely, anders?
21:09:55 <Runbunny> Yes. But such is the life of a hermit.
21:10:33 <Runbunny> Or rather, I feel lonely, but I don't long for company either.
21:10:47 <DoT`> i know the feeling runbun
21:12:21 <DoT`> skram i can only accept cookbooks in person
21:12:28 <Runbunny> Also the feeling of wanted to talk to someone, but having nothing to say?
21:12:41 <Runbunny> Dot x skram date when?
21:12:45 <Camail> maybe you just think the things you want to say aren't worth saying
21:13:26 <DoT`> yes runbun
21:13:33 <Camail> wait wtf
21:13:35 <Camail> skram is my bitch
21:13:39 <Camail> you dont get to date him
21:13:57 <skraam> im not just some object ok
21:14:00 <skraam> i got feelings
21:14:01 <Camail> yes you are
21:14:01 <skraam> and things
21:14:06 <Camail> no stop that
21:14:12 <DoT`> well you can have du for a bit cam, he is too far from me atm, skram is closer
21:14:24 <DoT`> dub*
21:14:33 <Camail> why are you the MC of the tlp harem
21:14:37 <Camail> i call shenanigans
21:14:40 <skraam> lol
21:14:44 <Micen_> ?doormat
21:14:48 <Runbunny> Dot is the MC?
21:14:52 <Camail> he wants to be
21:14:54 <skraam> apparently?
21:14:59 <DoT`> im pretty sure skram is th eMC
21:15:08 <Camail> no he's a foot stool
21:15:10 <skraam> does moving from SA count as an isekai
21:15:11 <Runbunny> Who is he trying to dethrone?
21:15:36 <Runbunny> Nah, he is just the mysterious exchange student.
21:15:36 <DoT`> reverse isekai may e skram?
21:15:39 <Camail> this is getting complicated
21:15:44 <DoT`> maybe*
21:15:58 <Camail> skram are you home
21:16:04 <Camail> we could do codenames
21:16:12 <DoT`> skram doesnt have a home
21:16:13 <DoT`> yet
21:16:23 <Camail> stop trying to get him to move into your doghouse dot
21:16:35 <DoT`> it has food AND water
21:16:36 <skraam> i need at least a dog mansion
21:16:46 <Camail> he has to EARN his food
21:16:55 <skraam> ya im home but its a bit late for games for me
21:17:05 <skraam> im the breadwinner cam please
21:17:11 <skraam> i have so much bread atm
21:17:28 <DoT`> are you a duck?
21:17:36 <Camail> pls
21:17:52 <Runbunny> Duck skram :D
21:18:00 <skraam> im a real human bean
21:18:11 <Runbunny> Real human being a duck.
21:18:19 <skraam> did you know that bread literally grows on trees though
21:18:23 <skraam> you just have to put some bacteria on it
21:19:11 <Runbunny> Ehm..
21:19:19 -!- Crisium [~Crisium@c-73-174-151-51.hsd1.pa.comcast.net] has joined #tlponies
21:20:04 <DoT`> skram, are you eating 'bread' that your growing on trees yourself?
21:20:04 <Micen_> I dont think thats quite right
21:20:24 <Runbunny> It's very wrong.
21:20:29 <skraam> wheat stalks are basically trees
21:20:33 <skraam> prove me wrong, science
21:20:34 <Runbunny> No.
21:21:12 <Camail> Runbunny just 6 linked a fortify axe in 250 fusings lets goooo
21:21:18 <DoT`> im not sure i want a cook book from you anymore skram
21:21:19 <Camail> my first self linked
21:21:43 <Runbunny> You lucky son of a gun Camail!
21:21:45 <Runbunny> Well done!
21:21:55 <skraam> please i know everything about agriculture
21:22:12 <DoT`> farming simulator is not irl
21:22:24 <Camail> the 38% quality helped, but still it was some nice luck
21:23:29 <DoT`> is this more of your 'food found in nature' skram https://imgur.com/gallery/EZCgLsU
21:24:59 <skraam> tasty
21:28:11 <Rawr|Fone> Skrammypants my dear
21:28:32 <skraam> henrik old bean
21:29:05 <Rawr|Fone> How does it feel to soon be living in a large house where you can store all the lego you want
21:29:47 <skraam> so excited
21:30:16 <reification> will you have any money left for lego once you've paid for the house?
21:30:25 <skraam> probably not
21:30:47 <DoT`> well morgage payments are normaly less than rent
21:30:59 <DoT`> so MORE lego money?
21:31:59 <skraam> eh did some MATHS and should have a fair bit of money left each month even after all expenses
21:34:45 <Runbunny> Well I am going straight to bed.
21:34:55 <skraam> plus, once i get saddled with debt my taxes decrease by a fair chunk
21:34:57 <skraam> godnat andershut
21:34:57 <Runbunny> Fare you well and goodnight.
21:34:59 <skraam> gut
21:35:00 <skraam> dreng
21:35:05 <DoT`> gnight runbun <3
21:54:49 -!- Rawr|Fone [~AndChat52@c-4eb4e655.020-164-6d6c6d4.bbcust.telenor.se] has joined #tlponies
21:57:52 <DuB|fon> To home!
22:04:05 -!- Rawr|Fone [~AndChat52@c-4eb4e655.020-164-6d6c6d4.bbcust.telenor.se] has joined #tlponies
22:05:04 -!- skram [~skram@185.107.80.180] has joined #tlponies
22:06:24 <DoT`> skram , its past sleep time
22:07:07 <skram> im a big boi
22:15:03 -!- Bio [~BioPon@97.70.165.146] has joined #tlponies
22:15:12 <Bio> po
22:15:13 <Bio> ne
22:22:42 <Bio> memes
22:23:31 <Crisium> maymays
22:26:22 <Bio> crispypone
22:28:54 -!- DuB` [DuB@cpe-68-174-122-249.nyc.res.rr.com] has joined #tlponies
22:28:56 <DuB`> wew
22:29:16 * Bio slaps DuB` around a bit with a large trout
22:29:29 <DuB`> ow
22:29:41 <Bio> dob
22:29:42 <Bio> PLS
22:30:09 <DuB`> Hmmm am I a hypocrite if I listen to punk rock on the commute from my 9-6 accounting deskjob? :P
22:30:34 <Bio> yes
22:31:14 <DuB`> Drat
22:39:22 <DuB`> .choose ramen no
22:39:26 <DuB`> >:T
22:57:10 <reification> you asked
22:58:26 <DuB`> Fine then, sushi!
23:07:13 <Camail> dub your job doesn't make it hypocritical, it's your generally agreeable nature that does
23:09:45 <DuB`> pff
23:27:12 <Micen_> Any of you fine ponies want to play some Overwatch?
23:33:20 <DuB`> Gonna be playing on that friend discord server in a minute, Micen_
23:33:36 <Micen_> ohh ill join if there is space
23:52:03 <reification> night all
