00:01:55 <Dot|Phone> The same feeling I had as when we played Eldritch horror board game. 
00:02:12 -!- DuB` [webchat@cloak-86dri4yk.slkc.qwest.net] has joined #tlponies
00:04:21 <skram> hahah
00:04:23 <skram> no escape
00:07:33 -!- BioPhone [~androirc@mobile-166-170-222-110.mycingular.net] has joined #tlponies
00:07:43 <reification> i am sure you died valiantly
00:08:07 <DuB`> I think "desperately" is more appropriate
00:19:44 <reification> dub for your space tax career https://www.youtube.com/watch?v=QPvX7efgHLs
00:20:53 -!- carcinisation [~thomas@cpc76294-cosh16-2-0-cust297.6-1.cable.virginm.net] has joined #tlponies
00:20:53 -!- mode/#tlponies [+v carcinisation] by Q
00:22:35 <Dot|Phone> Hmm, we should also play more boats games
00:22:38 <Dot|Phone> Board
00:26:40 <reification> and i though dot was suddenly about to start playing azur lane :p
00:27:15 <Dot|Phone> Is that anime boat girls? 
00:28:27 <reification> it did just get an anime
00:29:41 <reification> .tell runbunny https://danbooru.donmai.us/posts/3726429
00:29:52 <Dot|Phone> If it was like tank girl anime then I would watch. But it's probably that one where they are literal boats
00:32:00 <reification> i think that has a game iirc
00:33:22 <reification> oh is ps4/switch only
00:34:22 <reification> though you can get eng subs
00:36:32 <Dot|Phone> How's the puzzle practice going Reif? 
00:38:57 <reification> it's test solving rather than practise, but it has been fine
00:39:12 <reification> i've solved all the ones so far
00:39:35 <reification> still got a set of sudoku to review though which will be harder for me
00:41:58 <reification> hungarian pentominoes is a neat puzzle type
00:46:21 <reification> i should sleep soon
00:46:26 <reification> g'night all
00:46:34 <Dot|Phone> Hmm. Don't know it
00:46:37 <Dot|Phone> Gnight Reif
00:48:42 <Dot|Phone> Even Google couldn't auto compete that
00:51:06 <reification> rare type for sure
00:51:29 <reification> there is a page here (pdf download) http://oapc.wpc2009.org/download.php?id=86
00:51:42 <Dot|Phone> Thanks
00:55:38 -!- Rawr|Fone [~AndChat52@c-4eb4e655.020-164-6d6c6d4.bbcust.telenor.se] has joined #tlponies
00:59:19 <BioPhone> Pone
01:01:24 <Dot|Phone> Horse
01:22:12 <BioPhone> Dottl
01:22:14 <BioPhone> How do
01:43:22 -!- Rawr|Fone [~AndChat52@c-4eb4e655.020-164-6d6c6d4.bbcust.telenor.se] has joined #tlponies
01:57:05 -!- BioPhone [~androirc@mobile-166-170-222-110.mycingular.net] has joined #tlponies
02:11:30 -!- BioPhone [~androirc@mobile-166-170-222-110.mycingular.net] has joined #tlponies
02:15:59 -!- BioPhone [~androirc@mobile-166-170-222-110.mycingular.net] has joined #tlponies
02:53:14 <Camail> skram why are you awake
02:55:51 <skram> im a grownup and i can ruin my health if I want to
02:57:31 <Camail> stop
03:03:07 <skram> its ok, im in night mode
03:08:38 -!- BioPhone [~androirc@mobile-166-170-222-110.mycingular.net] has joined #tlponies
03:11:30 <Camail> hey skram you gonna poe this league?
03:11:57 <skram> no plans honestly
03:12:17 <Camail> understandable
04:31:13 -!- Rawr|Fone [~AndChat52@c-4eb4e655.020-164-6d6c6d4.bbcust.telenor.se] has joined #tlponies
06:01:26 -!- Runbunny [~Runbunny@91.100.28.10.generic-hostname.arrownet.dk] has joined #tlponies
06:03:03 <Runbunny> .tell Dot|Phone Good morning.
06:07:25 <Runbunny> It's morning.
06:40:06 <Micen> hello
06:40:09 <Micen> good morning
06:41:02 <Runbunny> Morning!
06:48:55 <Micen> i did not realise how nice it is to go from 2 to 3 monitors. 
07:01:40 -!- BioPhone [~androirc@mobile-166-170-222-110.mycingular.net] has joined #tlponies
07:12:31 <DuB`> Micen!
07:20:28 -!- Rawr|Fone [~AndChat52@c-4eb4e655.020-164-6d6c6d4.bbcust.telenor.se] has joined #tlponies
07:37:47 <Micen> .tell dub` sorry, was playing some league and didnt have a moment to type
07:41:27 -!- Rawr|Fone [~AndChat52@c-4eb4e655.020-164-6d6c6d4.bbcust.telenor.se] has joined #tlponies
07:56:11 -!- Rawr|Fone [~AndChat52@c-4eb4e655.020-164-6d6c6d4.bbcust.telenor.se] has joined #tlponies
08:24:55 <Runbunny> Henrik.
08:24:59 <Runbunny> Are you back home?
08:25:07 <Rawr|Fone> Anders.
08:25:09 <Rawr|Fone> Yes
08:25:22 <Rawr|Fone> As you can see by the constand disconnects
09:12:51 -!- Dot|Phone [uid393803@2001:67c:2f08:8::6:24b] has joined #tlponies
09:14:34 <Dot|Phone> Morning
09:16:20 <Dot|Phone> Thanks runbun
09:16:39 <Dot|Phone> But I see sleep was not good to you again
09:20:14 -!- reification [~thomas@cpc76294-cosh16-2-0-cust297.6-1.cable.virginm.net] has joined #tlponies
09:20:14 -!- mode/#tlponies [+v reification] by Q
09:20:36 <Dot|Phone> Reef! 
09:26:42 <reification> dawt!
09:43:16 <Runbunny> Dot and reif.
09:49:13 <reification> bun
09:55:49 <reification> quick gym time
09:58:02 <Dot|Phone> Gl
10:22:41 -!- Rawr|Fone [~AndChat52@c-4eb4e655.020-164-6d6c6d4.bbcust.telenor.se] has joined #tlponies
10:32:21 -!- tredc [~tredc@c83-254-129-166.bredband.comhem.se] has joined #tlponies
11:04:11 <reification> oh no it's the dreaded customs fee D:
11:08:01 <reification> i guess it would be too much to expect the royal mail site to actually work...
11:10:48 <Dot|Phone> Oh dear
11:11:01 <Dot|Phone> ?ohno
11:12:59 -!- Rawr|Fone [~AndChat52@c-4eb4e655.020-164-6d6c6d4.bbcust.telenor.se] has joined #tlponies
11:18:29 -!- Golly [~kvirc@cm-84.213.21.103.getinternet.no] has joined #tlponies
11:28:04 <Dot|Phone> Rawr Rawr Rawr 
11:28:24 <Dot|Phone> 💖💖💖
11:31:40 <Runbunny> Dot Dot Dot.
11:32:21 <reification> i go
11:46:18 -!- Rawr|Fone [~AndChat52@c-4eb4e655.020-164-6d6c6d4.bbcust.telenor.se] has joined #tlponies
11:46:19 <Rawr|Fone> DoT DoT DoT
11:46:22 <Rawr|Fone> 💖💖💖
12:09:02 -!- Rawr|Fone [~AndChat52@c-4eb4e655.020-164-6d6c6d4.bbcust.telenor.se] has joined #tlponies
12:11:12 <Dot|Phone> Rawr. How was America
12:11:22 <Dot|Phone> Did you ever get a burger? 
12:12:54 <Rawr|Fone> It was great dot
12:12:57 <Rawr|Fone> I did get one
12:13:06 <Dot|Phone> Well your great Rawr
12:13:15 <Rawr|Fone> No u!
12:15:57 <Rawr|Fone> How have you been dot
12:20:11 <Dot|Phone> Good Rawr. Holiday is nice
12:20:23 <Dot|Phone> I should quit work to have free time
12:26:44 <Rawr|Fone> Good idea
14:12:14 <Runbunny> I could eat a burger.
14:19:26 -!- skram [~skram@37.48.65.49] has joined #tlponies
14:21:36 <Dot|Phone> Jonas friend
14:23:27 <skram> Bjørn pal
14:58:59 <skram> halo is out dot
14:59:12 -!- BioPhone [~androirc@mobile-166-170-222-110.mycingular.net] has joined #tlponies
15:01:47 <Dot|Phone> Oh. That's good
15:02:33 -!- Crisium [~Crisium@c-24-3-150-105.hsd1.pa.comcast.net] has joined #tlponies
15:05:55 <Dot|Phone> Crisium! Howdy
15:06:06 <Crisium> howdy
15:35:04 -!- Rawr|Fone [~AndChat52@c-4eb4e655.020-164-6d6c6d4.bbcust.telenor.se] has joined #tlponies
15:40:10 <Dot|Phone> How's it going today
15:56:22 -!- Rawr|Fone [~AndChat52@c-4eb4e655.020-164-6d6c6d4.bbcust.telenor.se] has joined #tlponies
16:07:22 -!- BioPhone [~androirc@mobile-166-170-222-110.mycingular.net] has joined #tlponies
16:08:19 -!- Zounds [webchat@cloak-07ouvien.14-2.cable.virginm.net] has joined #tlponies
16:08:27 -!- Rawr|Phone [~AndChat52@83.191.116.195] has joined #tlponies
16:11:12 <Dot|Phone> Pon pon
16:23:18 -!- Camail [~Camail@45.40.84.145] has joined #tlponies
16:23:18 -!- mode/#tlponies [+v Camail] by Q
16:23:33 <Camail> no
16:30:20 <Runbunny> Hey Camail.
16:30:25 <Camail> hullo
16:36:50 <Dot|Phone> Hmm
16:44:30 <skram> i did it dot
16:44:33 <skram> i sent a rocket to space
16:44:36 <skram> i won factorio
16:44:44 <Camail> woo
16:44:49 <Camail> no more bottles
16:45:06 <Camail> no more science
16:45:19 <Camail> all comfort and luxury from here on out
16:46:23 <skram> what do i do now
16:46:25 <skram> life feels empty
16:47:23 <Camail> play on different settings?
16:48:26 <skram> i dont think i have another 42 hours of this in me
16:48:40 <Camail> hmm
16:49:41 <skram> https://i.imgur.com/52760t5.png
16:50:02 <Camail> you tree murderer
16:50:29 <skram> there are no place for trees in my industrial wonderland
16:53:51 <Camail> any interest in isekai games?
16:56:40 <skram> i think halo is next but tell me about isekai games
16:59:39 <Camail> well, one in particular is cross code
16:59:52 <Camail> there's the .hack series but i never played those
17:00:03 <Camail> there are a toooon of .hack games and anime
17:00:25 <Camail> i consumed cross code at an alarming rate
17:00:36 <Zounds> halo sounds good skram
17:00:39 <Zounds> you ever played those before?
17:03:11 <skram> cross codes on switch so i might pick that up actually
17:03:23 <skram> naw zounds, never had an xbox
17:03:45 <Zounds> They might seem a little slow when you're used to modern fps but they are great fun
17:04:25 <Dot|Phone> Skram. You have to send more for science research
17:04:53 <skram> the final tech is ATOM BOMB and im not about to doom this world
17:05:09 <skram> anyways, i gotta dip
17:06:34 <Dot|Phone> Gl
17:23:17 <Crisium> dip dop it's skram bop
17:38:25 <Zounds> crisium crissybum
17:39:38 <Crisium> zoonds
17:39:54 <Crisium> .butt
17:40:03 <Crisium> .buttrate Crisium
17:40:07 <Crisium> oof
17:40:14 <Crisium> crissybum is pretty weak sadly
17:40:50 <Zounds> aw
18:20:42 <BioPhone> Poor crispy hors
18:22:07 <Zounds> .buttrate BioPhone 
18:22:30 <BioPhone> Sweetie-kun...
18:31:43 <Zounds> what are pons up to
18:32:30 <Dot|Phone> Not much, relaxing. How about you zounds? 
18:33:09 <Zounds> yeah just chillin' mostly enjoying my sat
18:33:12 <Zounds> ate a big curry
18:33:49 <skram> pal
18:34:03 <skram> i feel like i should be hella hungry but im not
18:39:18 -!- reification [~reificati@80.4.218.13] has joined #tlponies
18:39:32 * Zounds baps reif
18:39:43 <Zounds> get bapped
18:39:57 <reification> .roll d20 to bap zounds
18:40:00 <skram> wow ok
18:40:12 <skram> rude way to say hello
18:41:11 <Zounds> I see what is right and I approve, but I do what is wrong.
18:41:52 <skram> are all scottish people contrarians
18:45:16 <Zounds> generalise much skram?
18:45:41 <Dot|Phone> It's a very Norwegian thing to do
18:45:57 <skram> lol
18:48:16 <Rawr|Phone> Jonas
18:49:07 <skram> Henrik my dear
18:49:47 <Rawr|Phone> How was your christmas sötnos
18:50:46 <skram> Had a good time, Henrik
18:50:50 <skram> How is amerika
18:50:53 <skram> or are you home again
18:50:59 <Rawr|Phone> I am home again
18:51:10 <Rawr|Phone> Got home yesterday at 1 pm
18:51:35 <skram> How's Malmö been without you
18:54:19 <Rawr|Phone> It's still here
18:56:49 -!- Camail_ [~Camail@45.40.84.145] has joined #tlponies
18:56:49 -!- mode/#tlponies [+v Camail_] by Q
19:04:22 -!- BioPhone [~androirc@mobile-166-170-222-110.mycingular.net] has joined #tlponies
19:14:04 <Runbunny> Dot|Phone, https://i.imgur.com/PbxIYzr.mp4
19:18:31 <Dot|Phone> Just give the thing a whole packet you monster! 
19:33:37 -!- reification [~reificati@80.4.218.13] has joined #tlponies
20:01:38 -!- Rawr|Fone [~AndChat52@c-4eb4e655.020-164-6d6c6d4.bbcust.telenor.se] has joined #tlponies
20:04:01 <Zounds> Crisium do you wanna ow
20:04:20 <Zounds> reification: 
20:04:54 <reification> i’m not home zounds so i can’t for a while
20:05:01 <Zounds> Ah okay reif
20:06:24 <Rawr|Fone> Are you a reefphone
20:09:42 <Zounds> dub is playing but I don't wanna barge my way into his custom game
20:21:08 <reification> no rawr i am reiflaptop
20:21:22 <Rawr|Fone> Fancy
20:23:05 <reification> it is a very weeb laptop rawr, it has 日本語 keyboard
20:23:28 <Rawr|Fone> 🤨🤨🤨
20:23:47 <Zounds> can you make any use of that
20:24:28 <reification> and i was just reading 化物語 on it
20:25:57 <reification> well actually zounds currently mi lernas esperanton
20:26:04 <reification> so not so much use
20:27:12 <reification> i got it cheap off ebay though
20:29:01 <Zounds> you seem just the type to learn esperanto reif
20:29:16 <reification> esperanto estas pli tre facila ol japana
20:29:35 <Zounds> yeah since it's similar to romance languges
20:33:33 <reification> it’s fully phonetic and the grammar is very clean and regular
20:34:03 <reification> well i have ordered a translation of the hobbit in it so i shall see how i get on 
20:36:37 <Crisium> i can play for a bit
20:36:47 <Zounds> playing with dab atm cris
20:36:56 <Zounds> in a 5 stack with his buds
20:37:10 <reification> sounds like 1 space for you
20:43:34 <reification> laters all
20:43:46 <Zounds> laters reef
20:43:51 <Zounds> im on tlp discord Crisium 
20:56:09 <Crisium> you wanna play Zounds?
20:56:46 <Crisium> or DuB'
20:57:18 <Crisium> since that was pretty pointless lol
20:57:30 <Zounds> yeah Crisium 
20:57:32 <Zounds> ill play a few rounds
21:00:08 -!- Rawr|Fone [~AndChat52@c-4eb4e655.020-164-6d6c6d4.bbcust.telenor.se] has joined #tlponies
21:12:50 -!- Rawr|Fone [~AndChat52@c-4eb4e655.020-164-6d6c6d4.bbcust.telenor.se] has joined #tlponies
21:23:23 -!- skrma [~skram@178.239.173.212] has joined #tlponies
21:25:25 <Dot|Phone> It's the anime horse himself
21:41:46 <skrma> you've been here a while now dot
21:43:59 <skrma> have you seen CATS yet
21:44:23 <Dot|Phone> Why would I? 
21:46:17 <skrma> because its terrible of course
21:48:52 <Dot|Phone> I'm not paying to watch the disaster
21:49:21 <Dot|Phone> One day if I'm bored enough I may pirate it 
21:49:59 <Runbunny> Don't do it Dot.
21:51:50 -!- reification [~thomas@cpc76294-cosh16-2-0-cust297.6-1.cable.virginm.net] has joined #tlponies
21:51:50 -!- mode/#tlponies [+v reification] by Q
22:05:07 -!- Rawr|Fone [~AndChat52@c-4eb4e655.020-164-6d6c6d4.bbcust.telenor.se] has joined #tlponies
22:20:58 <Dot|Phone> Is that where you went earlier skram? 
22:21:21 <skrma> i wish
23:12:34 -!- Rawr|Fone [~AndChat52@c-4eb4e655.020-164-6d6c6d4.bbcust.telenor.se] has joined #tlponies
23:28:54 <reification> i should go somewhere... to bed
23:28:57 <reification> g'night all
23:29:55 <skrma> gnight pal
23:30:37 <Dot|Phone> Gnight Reif
23:59:16 -!- DuB` [webchat@cloak-86dri4yk.slkc.qwest.net] has joined #tlponies
