01:06:58 <Crisium> https://twitter.com/Shikokubo/status/1190017088108281863
01:07:28 <Runbunny> Dot`, https://imgur.com/gallery/WSS4wcg
01:25:51 -!- BioPone [~androirc@mobile-166-170-25-20.mycingular.net] has joined #tlponies
01:33:26 -!- BioPone [~androirc@mobile-166-170-25-20.mycingular.net] has joined #tlponies
01:42:11 -!- BioPone [~androirc@mobile-166-170-25-20.mycingular.net] has joined #tlponies
02:05:44 -!- BioPone [~androirc@mobile-166-170-25-20.mycingular.net] has joined #tlponies
02:50:27 -!- Rawr|Fone [~AndChat52@c-4eb4e655.020-164-6d6c6d4.bbcust.telenor.se] has joined #tlponies
04:24:46 <skrm> DuB`
04:58:18 <DuB`> skram
04:58:23 <DuB`> skram
04:58:26 <DuB`> No
04:58:29 <DuB`> skrm
04:58:31 <DuB`> There
04:58:41 <skrm> :D
04:58:47 <skrm> it is very late mr dub
05:00:53 <DuB`> Ya one more mon
05:05:04 <skrm> leave britney alooooooone
05:13:45 <DuB`> nn
05:29:15 -!- Rawr|Fone [~AndChat52@c-4eb4e655.020-164-6d6c6d4.bbcust.telenor.se] has joined #tlponies
06:13:56 -!- Golly [~kvirc@cm-84.213.21.103.getinternet.no] has joined #tlponies
06:46:03 -!- Rawr|Fone [~AndChat52@c-4eb4e655.020-164-6d6c6d4.bbcust.telenor.se] has joined #tlponies
07:21:18 -!- Dot|Phone [uid393803@id-393803.stonehaven.irccloud.com] has joined #tlponies
07:21:48 <Dot|Phone> Morning
07:25:19 <skram> mornin pal
07:36:19 <Dot|Phone> How was work skram
07:36:51 <skram> tedious
07:36:57 <skram> listened to the new TAZ arc
07:37:03 <skram> its gonna be pretty good i think
07:37:46 <Dot|Phone> How's the new system working for them
07:39:12 <skram> am watching a danish neo-nazi turned russian STALKER or something
07:39:24 <skram> they're back to DnD but Travis is the DM this time
07:40:18 <Dot|Phone> Oh, I should try watch that
07:40:33 <Dot|Phone> I should also get finish first taz
07:41:16 <skram> at this rate the comics are gonna be completed before you listen to the podcast
07:41:20 <skram> where you at in the 1st arc anyway
07:42:53 <Dot|Phone> Red robed guy had been revealed but it had been so long since I saw the start I couldn't recall who he was
07:43:06 <Dot|Phone> So i was very lost
07:43:27 <Dot|Phone> I kinda need to watch from the beginning, but that's a lot to get through
07:44:14 <skram> nah just start where you left off
07:44:43 <Dot|Phone> But I was completely lost
07:45:01 <Dot|Phone> I failed to make notes! 
07:45:06 <skram> red robe guy is the guy they were hired to look for in the first arc
07:45:15 <skram> dont remember what he's called in the actual module though
07:47:49 -!- Rawr|Fone [~AndChat52@c-4eb4e655.020-164-6d6c6d4.bbcust.telenor.se] has joined #tlponies
08:12:10 <Dot|Phone> Still a great part skram is in the necromancer maze thing and they have to choose if they want to push the button
08:13:21 <Dot|Phone> It's a really great character test. When building a character I think about how they would react, and more importantly why. 
08:13:31 <Dot|Phone> It's a good touchstone
08:24:43 <skram> yeah
08:24:49 <skram> wonderland was pretty rough
08:24:55 <skram> anyway, time for bed
08:29:59 -!- BioPone [~androirc@mobile-166-170-25-20.mycingular.net] has joined #tlponies
08:53:44 -!- reification [~thomas@cpc76294-cosh16-2-0-cust297.6-1.cable.virginm.net] has joined #tlponies
08:53:44 -!- mode/#tlponies [+v reification] by Q
09:00:07 <Dot|Phone> Hey Reif
09:00:41 <Dot|Phone> .tell skram sorry, it was raining during my walk to work so phone was in pocket
09:09:42 -!- Runbunny [~Runbunny@91.100.28.10.generic-hostname.arrownet.dk] has joined #tlponies
09:11:10 <Dot|Phone> Angel! 
09:13:11 <Runbunny> Hai Dot.
09:31:45 -!- BioPone [~androirc@mobile-166-170-25-20.mycingular.net] has joined #tlponies
09:47:02 <reification> hi dotties, bun
09:48:13 <reification> runbunny boats coming to pc https://nichegamer.com/2019/10/31/pc-version-confirmed-for-azur-lane-crosswave/
10:41:15 -!- carcinisation [~thomas@cpc76294-cosh16-2-0-cust297.6-1.cable.virginm.net] has joined #tlponies
10:41:15 -!- mode/#tlponies [+v carcinisation] by Q
10:54:03 -!- tredc [~tredc@c83-254-129-166.bredband.comhem.se] has joined #tlponies
11:08:31 <Rawr|Fone> Beep beep
11:21:51 <Runbunny> carcinisation, World of Warships already exists O:
11:51:53 <Dot|Phone> But world of warships isn't very anime runbun
11:54:34 <Runbunny> Hmm.
12:12:31 -!- BioHorse [~androirc@12.33.239.117] has joined #tlponies
12:20:09 -!- Rawr|Fone [~AndChat52@c-4eb4e655.020-164-6d6c6d4.bbcust.telenor.se] has joined #tlponies
12:30:52 <Runbunny> Dot|Phone, https://i.imgur.com/5bDAs6n.jpg
12:33:45 -!- Rawr|Fone [~AndChat52@c-4eb4e655.020-164-6d6c6d4.bbcust.telenor.se] has joined #tlponies
13:18:10 -!- Rawr|Fone [~AndChat52@c-4eb4e655.020-164-6d6c6d4.bbcust.telenor.se] has joined #tlponies
13:21:53 <carcinisation> poi all you like runbun, warships doesn't have laffey!
13:41:58 -!- Rawr|Fone [~AndChat52@c-4eb4e655.020-164-6d6c6d4.bbcust.telenor.se] has joined #tlponies
13:45:40 -!- Rawr|Phone [~AndChat52@m83-185-95-210.cust.tele2.se] has joined #tlponies
14:09:56 -!- BioHorse [~androirc@12.33.239.117] has joined #tlponies
14:10:17 -!- DuB` [DuB@cpe-68-174-122-249.nyc.res.rr.com] has joined #tlponies
14:15:12 <Dot|Phone> Dub dub
14:20:01 -!- DvB` [DuB@cpe-68-174-122-249.nyc.res.rr.com] has joined #tlponies
14:21:13 <Runbunny> Dub.
14:21:19 <DvB`> Runbunny.
14:21:20 <carcinisation> dawb
14:23:01 <DvB`> Sittin' at home 10am on a workday mmmm
14:23:41 <DvB`> I had some things to do quickly this morning so I did them from home pre-commute
14:24:02 <DvB`> But then realized I don't have much else today, so sent messages to my team, "Do I REALLY need to come in today?" :P
14:29:02 <reification> :O
14:32:11 <DvB`> Got ok from 1 of 2 bosses... crossed fingers
14:37:32 -!- Camail [~Camail@45.40.84.145] has joined #tlponies
14:37:32 -!- mode/#tlponies [+v Camail] by Q
14:40:09 -!- skram [~skram@82.147.53.252] has joined #tlponies
14:42:46 <skram> awoo
14:44:27 <DvB`> LOL the company sent out an email about upcoming events, and one is an animal adoption drive: "Adopt-a-Furry Friend Event" hmmmmmmmmmm
14:45:07 <skram> ... aaaaalrighty then
14:45:14 <skram> are you home already dubles
14:45:33 <DvB`> Ya working from home and trying to be done by noonish
14:45:38 <DvB`> Hopeful
14:46:04 <skram> whens noon
14:46:06 <skram> in an hour?
14:46:18 <DvB`> Ya
14:46:25 <skram> neat
14:47:08 <DvB`> v neat
14:49:42 <Dot|Phone> Hello skram, cam 
14:49:50 <skram> doot
14:50:04 <Dot|Phone> Aka skramail
14:50:19 <DvB`> I may have converted to longsword hunting last night
14:50:26 <DvB`> It's so SMOOV
14:51:01 <Runbunny> It's pretty good.
14:51:08 <Runbunny> Now become a parry god.
14:51:19 <DvB`> Who says I'm not already
14:52:35 <skram> i said it
14:53:02 <skram> oh hey, blizzcon starts today
14:53:10 <skram> i hope its gonna be a proper shitshow
14:53:31 <DvB`> Free Hong Kong, revolution of our times
14:53:42 <DvB`> (Also yay OW2)
14:53:45 <DvB`> :P
14:55:18 <Dot|Phone> Lol
15:02:50 -!- BioHorse [~androirc@12.33.239.117] has joined #tlponies
15:10:59 <Rawr|Phone> Horses
15:12:05 -!- Camail [~Camail@45.40.84.145] has joined #tlponies
15:12:05 -!- mode/#tlponies [+v Camail] by Q
15:31:54 -!- BioHorse [~androirc@12.33.239.117] has joined #tlponies
15:46:18 <Camail> hullo skreem
15:46:48 <Camail> Runbunny we can try to monhun as 4 today
15:51:39 -!- Dot` [webchat@cloak-vnm1j07w.71.208.46.dyn.plus.net] has joined #tlponies
15:55:53 -!- BioPone [~androirc@mobile-166-177-56-112.mycingular.net] has joined #tlponies
15:57:47 <Runbunny> I sadly don't have time tonight. I am headed out in 1½ hours.
16:00:20 <DvB`> Dot` promised me weekend monhun
16:00:27 <DvB`> I wonder if friday evening counts
16:05:00 <Camail> it better
16:05:20 <Camail> this is the first game that we can good cop bad cop
16:05:24 <Camail> you talk all nice to him
16:05:30 <Camail> then i kick his shins
16:05:34 <Camail> and bully him to play
16:18:03 <Runbunny> I'll bully him in game then.
16:18:12 <Runbunny> Send him flying towards the sky.
16:19:43 -!- carcinisation [~thomas@cpc76294-cosh16-2-0-cust297.6-1.cable.virginm.net] has joined #tlponies
16:19:43 -!- mode/#tlponies [+v carcinisation] by Q
16:24:44 <skram> just like dub, runbun
16:24:56 <skram> he also bullies people
16:28:38 <DvB`> I greatsword-fling you for your own good
16:28:41 <DvB`> It toughens you
16:30:23 <Runbunny> You go on to the monster.
16:35:06 <skram> what if dub is the real monster
16:36:17 <Camail> we knew that
16:36:26 <Camail> runbun skram wanna hunt?
16:36:37 <skram> yaya
16:37:08 <Runbunny> I don't have time. Sorry.
16:37:23 <skram> apology not accepted
16:37:30 <Runbunny> I gotta eat and shower.
16:37:32 -!- Zounds [webchat@cloak-07ouvien.14-2.cable.virginm.net] has joined #tlponies
16:37:33 <Camail> np, was just curious 
16:37:35 <Zounds> hey
16:37:39 <DvB`> hey me tooooo
16:37:41 <DvB`> Zounds!
16:37:54 <skram> hey zounds pal
16:38:03 <Camail> dub you aren't a relevant person until you can do stuff for me
16:38:08 <Zounds> o/
16:38:13 <skram> WooOOoow
16:41:22 <Zounds> how are you guys
16:42:07 <carcinisation> pretty good ty zounds. how's you?
16:43:03 <Zounds> doing quite all right reif <3
16:44:50 -!- Micen [~Micen@h169.49.172.72.dynamic.ip.windstream.net] has joined #tlponies
16:47:17 <Runbunny> Zounds.
16:47:25 <Zounds> roon
16:51:24 -!- BioPone [~androirc@mobile-166-177-56-112.mycingular.net] has joined #tlponies
16:57:43 -!- carcinisation [~thomas@cpc76294-cosh16-2-0-cust297.6-1.cable.virginm.net] has joined #tlponies
16:57:43 -!- mode/#tlponies [+v carcinisation] by Q
17:09:56 -!- Rawr|Fone [~AndChat52@c-4eb4e655.020-164-6d6c6d4.bbcust.telenor.se] has joined #tlponies
17:10:12 <Rawr|Fone> 🐴🐴🐴
17:14:32 <Rawr|Fone> So many pons
17:14:45 <Rawr|Fone> And one jonas horse
17:16:47 <Dot`> rawr <3
17:16:49 <Dot`> hey zounds
17:17:09 <Rawr|Fone> Dot ❤
17:30:31 -!- BioPone [~androirc@12.33.239.117] has joined #tlponies
17:36:00 <BioPone> Poens
17:39:11 <Zounds> hi
17:39:27 <carcinisation> bio
17:40:17 <Dot`> bio
18:01:35 <Golly> oh boy here we go
18:04:12 <DvB`> Dot` we're mhw grouped in another discord channel if ya want in tonight
18:06:32 <reification> zounds i saw ffxiv now has added nier. are you still enjoying it?
18:06:50 <Zounds> yeah reif
18:06:52 <Zounds> it's real neat
18:07:49 <Dot`> maybe later dub
18:09:15 <BioPone> When is blazcon
18:09:32 <BioPone> Hoping for some juicy dramas
18:09:38 <reification> it now
18:11:29 <BioPone> Oh good, during work
18:12:50 <Zounds> reification: big robbit https://i.imgur.com/a43ZaaP.png
18:12:56 <reification> i'm sure no drama will go unnoticed bio
18:13:00 <Zounds> hard to get a good pic while it's smashing me though
18:13:24 <Zounds> also I can swing at it from about a hundred miles away but perhaps my arms are just deceptively long
18:13:29 <BioPone> What is playing now
18:13:49 <reification> i saw streamer's crew getting smashed by the big robbit
18:15:02 <reification> diablo 4 bio
18:15:51 <BioPone> Mobile games tho?
18:16:05 <Golly> not this time
18:16:09 <reification> they were showing cinematic
18:35:34 -!- Crisium [~Crisium@c-24-3-150-105.hsd1.pa.comcast.net] has joined #tlponies
18:39:36 -!- Rawr|Fone [~AndChat52@c-4eb4e655.020-164-6d6c6d4.bbcust.telenor.se] has joined #tlponies
18:56:51 <Golly> https://twitter.com/crendor/status/1190340057019944962
19:15:05 -!- Rawr|Fone [~AndChat52@c-4eb4e655.020-164-6d6c6d4.bbcust.telenor.se] has joined #tlponies
19:27:13 <Golly> soooo 
19:27:20 -!- Rawr|Fone [~AndChat52@c-4eb4e655.020-164-6d6c6d4.bbcust.telenor.se] has joined #tlponies
19:27:37 <Golly> whats exclusive to ow2 if you buy it
19:30:25 <Camail> pve
19:35:14 <Crisium> ya thats it
19:36:11 <Golly> okay, still
19:36:21 <Golly> couldve been like an expansion or something
19:36:57 <Golly> who cares about a minimal upgrade in graphics
19:37:25 <Camail> yea should've been an expansion
19:41:11 <reification> sure seems so. let's see what we learn in an hour
19:42:55 <Zounds> do you guys think wc3 reforged will get sc2 style co-op
19:43:03 <Zounds> I'd be so into that
19:43:08 <Crisium> https://investor.activision.com/node/32931/pdf
19:45:47 <Crisium> OWWC games started
19:46:38 <Golly> what ive seen of reforged looks like a chinese knockoff
19:46:50 <Golly> but if it sells well who knows
19:58:59 -!- Rawr|Fone [~AndChat52@c-4eb4e655.020-164-6d6c6d4.bbcust.telenor.se] has joined #tlponies
20:01:11 <BioPone> Asdf
20:30:08 <Dot`> CockRoach!!!
20:30:14 <Dot`> ?dndoggos
20:30:18 <Dot`> DOGGOS
20:35:09 <Crisium> Russia gonna 3-0 Canada maybe
20:58:39 <reification> lol http://www.israelnationalnews.com/News/News.aspx/270884
21:06:27 -!- BioPone [~androirc@97.70.165.146] has joined #tlponies
21:21:37 <BioSC> hom
21:21:49 <reification> wb bio
21:22:20 <BioSC> so diablo 4, overwatch 2??? and new wow xpac
21:22:34 <Bio> doesn't it feel like OW has only been out for like 2yrs
21:22:40 <Bio> at least it does for me
21:23:50 <skram> same dude
21:24:05 <skram> but its been like 4 years??
21:25:22 <Bio> strange
21:32:29 <Dot`> makes sense, i moved to the UK soon after it came out
21:32:43 <Dot`> and i could finaly play with horses without 300+ ping
21:34:16 -!- Rawr|Fone [~AndChat52@c-4eb4e655.020-164-6d6c6d4.bbcust.telenor.se] has joined #tlponies
21:39:51 <skram> Dot` i found a new project https://imgur.com/gallery/LaYlLls
21:41:40 <Dot`> is that the birth of tf2 flame guy
21:44:01 <skram> theres an old fps game where you have an assault trombone like that but i cant remember what it was called
21:44:49 <Bio> i was waiting for the funny visual
21:44:56 <Bio> but then realized i needed to unmute it
21:45:06 <Crisium> that video lol
21:45:49 <Bio> https://twitter.com/tobyfox/status/1190199317916569606
21:46:46 <Bio> https://www.youtube.com/watch?v=Dglc95nx-HE
21:46:54 <skram> https://imgur.com/gallery/NFIvtvm
21:47:35 <skram> only 2 weeks to go bio
21:48:41 <Bio> neighing
21:55:42 <Dot`> pon
22:12:29 -!- Rawr|Fone [~AndChat52@c-4eb4e655.020-164-6d6c6d4.bbcust.telenor.se] has joined #tlponies
22:17:57 -!- BioPone [~androirc@97.70.165.146] has joined #tlponies
22:24:13 <Bio> I have added my spells to rho
22:24:28 <Bio> i have also traded detect magic for a single target spell
22:24:34 <Dot`> great
22:24:48 <Bio> i'll let our trash druid be the utility
22:25:20 <Bio> i forgot i got another cantrip as well
22:25:26 <Bio> so i now have frostbite
22:26:34 <Bio> cold damage!
22:27:13 <Dot`> more wooshh
22:36:52 -!- BioPone [~androirc@97.70.165.146] has joined #tlponies
22:54:32 -!- Rawr|Fone [~AndChat52@c-4eb4e655.020-164-6d6c6d4.bbcust.telenor.se] has joined #tlponies
22:59:21 -!- BioPone [~androirc@97.70.165.146] has joined #tlponies
23:04:59 -!- Runbunny [~Runbunny@91.100.28.10.generic-hostname.arrownet.dk] has joined #tlponies
23:05:36 <reification> return of the bun
23:06:05 <Runbunny> Hai.
23:06:55 <Dot`> bun
23:07:14 <Runbunny> Dot.
23:07:29 <Runbunny> Did you fight Pukei-Pukei yet?
23:08:54 <Dot`> im not sure
23:08:58 <Dot`> they all have weird names
23:09:12 <Dot`> i fought a chicken, a fish and a muddy boi
23:09:21 <Dot`> and captured another chicken 
23:09:54 <Runbunny> Nice.
23:10:34 <Dot`> i turned graphics to low and pc isnt getting so hot now
23:10:36 <Dot`> so thats good
23:13:26 <Runbunny> Nice agian. :D
23:14:29 <Dot`> how was your friday runbun?
23:25:34 <Runbunny> Was alright
23:25:49 <Runbunny> I drank beer with old mates.
23:25:54 <Runbunny> Pretty good.
23:27:00 <Dot`> sounds nice
23:28:37 <Runbunny> It was nice.
