01:06:26 -!- Rawr|Fone [~AndChat52@c-4eb4e655.020-164-6d6c6d4.bbcust.telenor.se] has joined #tlponies
01:30:09 -!- Camail [~Camail@45.40.84.145] has joined #tlponies
01:30:09 -!- mode/#tlponies [+v Camail] by Q
01:55:04 -!- DuB` [DuB@cpe-68-174-122-249.nyc.res.rr.com] has joined #tlponies
03:23:36 -!- Rawr|Fone [~AndChat52@c-4eb4e655.020-164-6d6c6d4.bbcust.telenor.se] has joined #tlponies
04:25:09 -!- Rawr|Fone [~AndChat52@c-4eb4e655.020-164-6d6c6d4.bbcust.telenor.se] has joined #tlponies
04:43:27 -!- Rawr|Fone [~AndChat52@m83-185-82-133.cust.tele2.se] has joined #tlponies
05:17:43 -!- Golly [Golly@cm-84.213.21.103.getinternet.no] has joined #tlponies
06:45:52 -!- Dot|Phone [uid393803@id-393803.stonehaven.irccloud.com] has joined #tlponies
06:46:21 <Dot|Phone> Morning
08:15:04 -!- reification [~thomas@cpc76294-cosh16-2-0-cust297.6-1.cable.virginm.net] has joined #tlponies
08:15:04 -!- mode/#tlponies [+v reification] by Q
08:19:28 <Dot|Phone> Reif! 
08:19:30 <Dot|Phone> Hello
08:22:41 <reification> hi dotties
08:24:32 -!- Rawr|Fone [~AndChat52@c-4eb4e655.020-164-6d6c6d4.bbcust.telenor.se] has joined #tlponies
08:29:33 <Dot|Phone> I want to go home
08:31:17 <Dot|Phone> .Tell camail no dnd this week so board games Saturday maybe? 
09:17:16 -!- Rawr|Fone [~AndChat52@c-4eb4e655.020-164-6d6c6d4.bbcust.telenor.se] has joined #tlponies
10:18:17 -!- carcinisation [~thomas@cpc76294-cosh16-2-0-cust297.6-1.cable.virginm.net] has joined #tlponies
10:18:17 -!- mode/#tlponies [+v carcinisation] by Q
10:18:20 -!- Rawr|Fone [~AndChat52@c-4eb4e655.020-164-6d6c6d4.bbcust.telenor.se] has joined #tlponies
10:20:15 -!- tredc [~tredc@c83-254-129-166.bredband.comhem.se] has joined #tlponies
11:13:04 -!- Runbunny [~Runbunny@91.100.28.10.generic-hostname.arrownet.dk] has joined #tlponies
11:56:48 <Dot|Phone> Runbun
11:56:57 <Dot|Phone> It's home time
11:57:24 -!- BioPone [~androirc@mobile-166-170-20-226.mycingular.net] has joined #tlponies
12:12:32 <carcinisation> \o/
12:12:43 -!- BioPone [~androirc@12.33.239.117] has joined #tlponies
12:12:49 <reification> hello bun
12:15:15 <reification> https://knowyourmeme.com/photos/1602368-anime-manga
12:44:07 -!- Dot` [webchat@cloak-vnm1j07w.71.208.46.dyn.plus.net] has joined #tlponies
12:50:24 <Runbunny> Hai.
12:55:39 -!- Rawr|Fone [~AndChat52@c-4eb4e655.020-164-6d6c6d4.bbcust.telenor.se] has joined #tlponies
13:01:42 -!- Rawr|Phone [~AndChat52@m83-185-82-133.cust.tele2.se] has joined #tlponies
13:13:07 -!- Camail [~Camail@45.40.84.145] has joined #tlponies
13:13:07 -!- mode/#tlponies [+v Camail] by Q
13:13:34 <Camail> weird private league for poe, if anyone cares https://www.pathofexile.com/private-leagues/league/Zizs+Ascendant+Only+HC
13:13:36 <Camail> byeeee
13:24:53 <reification> maybe good news https://edition.cnn.com/2019/10/16/australia/tasmanian-tiger-intl-hnk-scli/
13:39:31 -!- skrm [webchat@pioj.eid3.887x.ip] has joined #tlponies
13:39:41 <Dot`> skrm!
13:40:24 <skrm> dot!
13:40:28 <skrm> you're home early today
13:40:59 <Dot`> yes
13:41:12 <Dot`> long work day monday, so i saved those extra hours till friday
13:41:23 <skrm> proper workhorse you
13:42:05 <Runbunny> Hors.
13:42:14 <skrm> Anders. Gamle drenge.
13:42:53 <Runbunny> Jonas, din gamle havenisse.
13:46:06 <skrm> Rude :(
13:46:38 <Runbunny> :(
13:46:56 <Runbunny> It's friendly banter.
13:47:32 <skrm> im very sensitive you know
13:49:04 <skrm> hows your butt today anders
13:52:42 <BioPone> Horsens
13:53:00 <BioPone> It's time to upgrade
13:53:06 <BioPone> Graphics card
13:53:10 <BioPone> Suggestions
13:53:13 <BioPone> Go
13:57:03 <Runbunny> I am feeling a bit better today.
13:57:10 <Runbunny> but I think I am getting sick :/
13:57:18 <skrm> rtx2080 bio
13:57:18 <skrm> go
13:57:30 <skrm> did you not eat your tran anders
13:59:28 <BioPone> That 1200 dollarydoos card?
13:59:32 <BioPone> Expesive
14:00:23 <skrm> i thought you had mad skrilla now
14:01:08 <BioPone> I have some skrilla
14:01:33 <BioPone> Plus imma trade in my old 1070
14:02:10 <BioPone> Poor thing is "running hot"
14:03:14 <BioPone> We've got some sick 6k dollars GPU's around here we put into projects
14:03:24 <BioPone> Wish I could misplace one, lel
14:07:31 <skrm> just say you had to throw it in the bin
14:16:03 -!- BioPone [~androirc@12.33.239.117] has joined #tlponies
14:30:03 -!- carcinisation [~thomas@cpc76294-cosh16-2-0-cust297.6-1.cable.virginm.net] has joined #tlponies
14:30:03 -!- mode/#tlponies [+v carcinisation] by Q
14:40:18 <BioPone> Asdf
14:40:27 <BioPone> Want to do weekend things
14:40:33 <BioPone> Like.... nothing
14:45:46 <carcinisation> runbunny https://twitter.com/40hara/status/1184244100083732481
14:50:26 <reification> hmm this manga has random sign saying "pone house"...
14:51:20 <Runbunny> O:
14:54:06 <CockRoach|42> https://www.youtube.com/watch?v=lAIGb1lfpBw
15:04:55 <skrm> i want the chubby drummer cat pls
15:24:08 <BioPone> Skrm help the weekend is so far away
15:46:34 -!- carcinisation [~thomas@cpc76294-cosh16-2-0-cust297.6-1.cable.virginm.net] has joined #tlponies
15:46:34 -!- mode/#tlponies [+v carcinisation] by Q
15:59:28 -!- BioPone [~androirc@mobile-166-176-250-70.mycingular.net] has joined #tlponies
16:10:30 <Dot`> pon pon
16:13:40 <skrm> yeh bio theres still like 3 days to go til weekend
16:20:13 <Dot`> hows work skrm
16:41:18 -!- BioPone [~androirc@mobile-166-176-250-70.mycingular.net] has joined #tlponies
16:42:00 <skrm> b o r i n g
16:42:18 -!- Rawr|Fone [~AndChat52@c-4eb4e655.020-164-6d6c6d4.bbcust.telenor.se] has joined #tlponies
16:49:47 -!- Rawr|Fone [~AndChat52@c-4eb4e655.020-164-6d6c6d4.bbcust.telenor.se] has joined #tlponies
17:05:40 <Dot`> rip skram horse
17:07:46 -!- Rawr|Fone [~AndChat52@c-4eb4e655.020-164-6d6c6d4.bbcust.telenor.se] has joined #tlponies
17:33:11 -!- skram [~skram@95.174.67.132] has joined #tlponies
17:34:34 -!- Rawr|Fone [~AndChat52@c-4eb4e655.020-164-6d6c6d4.bbcust.telenor.se] has joined #tlponies
17:36:15 <skram> wow
17:44:03 <Rawr|Fone> Wow
17:47:38 <Dot`> wow
18:28:47 -!- BioPhone [~androirc@12.33.239.117] has joined #tlponies
18:29:02 <Dot`> skram
18:30:00 <skram> yas
18:39:01 <Dot`> did all the fires stay in thier proper places?
18:41:52 <BioPhone> With ksrm on duty, of course
18:46:49 <Dot`> debatable
18:50:26 <skram> theres nothing to debate
18:52:48 <skram> hey dot how far are you from bovington
18:54:19 <Dot`> is that a english town?
18:55:15 <skram> yes and theres a big tank museum there
19:01:24 <Dot`> is it the one i linked you a while ago?
19:01:49 <skram> hmm possibly
19:02:11 <Dot`> its about 5 hours away form me
19:08:39 -!- Camail [~Camail@45.40.84.145] has joined #tlponies
19:08:39 -!- mode/#tlponies [+v Camail] by Q
19:12:21 <Dot`> nah
19:21:55 <Camail> ya
19:22:45 <BioPhone> Mayb
19:24:03 <Dot`> i want cake
19:25:11 <Runbunny> Good.
19:42:12 <reification> that reminds me i have cake
19:47:42 <Dot`> D:
19:47:44 <Dot`> please deliver
19:52:05 <reification> no you must collect
19:52:26 <reification> bio https://twitter.com/_PurposefulStud/status/1184685642544041984
19:57:04 -!- Rawr|Fone [~AndChat52@c-4eb4e655.020-164-6d6c6d4.bbcust.telenor.se] has joined #tlponies
19:59:40 <Dot`> rawr rawr
19:59:56 <Rawr|Fone> Dot dot
20:00:00 <Rawr|Fone> ❤❤
20:00:39 <Dot`> <3 <3
20:00:42 <Dot`> how was your week
20:08:52 <Rawr|Fone> Pretty good dot
20:08:56 <Rawr|Fone> How about yours
20:09:23 <Dot`> well enough rawrhest
20:10:20 <Rawr|Fone> I am glad to hear that
20:11:33 -!- Rawr|Phone [~AndChat52@m83-185-82-133.cust.tele2.se] has joined #tlponies
20:22:09 <Dot`> what you doing this weekend rawr? seeing spike at all?
20:25:44 -!- BioPone [~androirc@mobile-166-176-249-234.mycingular.net] has joined #tlponies
20:29:48 <Rawr|Phone> Not this weekend dot dear, I am going to a tournament tomorrow
20:31:22 <Dot`> gl!
20:31:25 <Dot`> more winnig pls
20:32:36 <Rawr|Phone> I will do my best my dear
20:33:31 <reification> i have just failed to do the winning dot
20:33:56 <reification> got swindled out of main event ticket 99 vs A8 D:
20:36:32 <Dot`> oh dear reif
20:36:42 <Dot`> you should try rely less on luck
20:37:54 <reification> didn't have much choice
20:38:04 <Dot`> hmm
20:39:19 <BioPone> Po
20:39:21 <BioPone> Ney
20:43:40 <Dot`> pon?
20:49:38 <Bio> home
20:49:40 <Bio> pon
21:22:44 <Dot`> hows all doing
21:35:27 <Bio> A STATE OF ETERNAL PICNIC AND DREAD
21:35:31 <Bio> or fine
21:35:42 <Bio> not sure which yet
21:35:49 <Bio> i have pizza so maybe that second one
21:46:14 -!- Crisium [~Crisium@c-24-3-150-105.hsd1.pa.comcast.net] has joined #tlponies
21:50:55 <reification> runbunny important news https://twitter.com/eseneko/status/1184976362089504768
21:53:11 -!- Rawr|Fone [~AndChat52@c-4eb4e655.020-164-6d6c6d4.bbcust.telenor.se] has joined #tlponies
22:10:51 <Runbunny> This is great news!
22:41:27 <Bio> asdf
22:41:34 <Bio> jkl;
22:45:20 <Dot`> its cold
22:46:08 -!- Rawr|Fone [~AndChat52@c-4eb4e655.020-164-6d6c6d4.bbcust.telenor.se] has joined #tlponies
23:26:54 <reification> i see we have found a way to get back at sweden https://www.reddit.com/r/CasualUK/comments/djs2ej/bbc_reporter_andrew_bomford_exposed_in_smuggling/
23:39:11 -!- Rawr|Fone [~AndChat52@c-4eb4e655.020-164-6d6c6d4.bbcust.telenor.se] has joined #tlponies
23:57:07 -!- DuB` [DuB@cpe-68-174-122-249.nyc.res.rr.com] has joined #tlponies
