00:06:56 <Camail> Runbunny DuB`  once dub gets good enough/ it's available we should do kulve taroth
00:07:21 <Camail> 3 manning shouldn't be a problem on normal kt
00:07:42 <Camail> could comfortably do it on p4, but will probably do p6 a few times
00:10:19 <Runbunny> Me!
00:10:35 <Runbunny> Yeah that would be cool.
00:11:03 <Runbunny> There is also all the witcher stuff.
00:11:08 <Runbunny> We haven't done that yet.
00:14:25 <Camail> true
00:43:46 <DuB`> Deviljho was a lil awkward with insect glaive
00:43:49 <DuB`> Nergi time
00:56:29 -!- Micen [~Micen@h186.243.40.162.dynamic.ip.windstream.net] has joined #tlponies
01:08:26 -!- BioPhone [~androirc@mobile-107-92-122-3.mycingular.net] has joined #tlponies
01:21:39 -!- Cane [~Cane@CaneCraft.users.quakenet.org] has joined #tlponies
01:21:39 -!- mode/#tlponies [+o Cane] by Q
01:41:40 -!- Rawr|Fone [~AndChat52@c-4eb4e655.020-164-6d6c6d4.bbcust.telenor.se] has joined #tlponies
04:03:37 <Camail> 36/40, and eventually gonna get 37/40 as i play
04:03:41 <Camail> another very tall totem
04:23:05 -!- Rawr|Fone [~AndChat52@c-4eb4e655.020-164-6d6c6d4.bbcust.telenor.se] has joined #tlponies
05:05:13 -!- Micen_ [~Micen@h186.140.40.162.dynamic.ip.windstream.net] has joined #tlponies
05:17:32 -!- Rawr|Fone [~AndChat52@c-4eb4e655.020-164-6d6c6d4.bbcust.telenor.se] has joined #tlponies
05:27:17 -!- Camail_ [~Camail@45.40.84.145] has joined #tlponies
05:27:17 -!- mode/#tlponies [+v Camail_] by Q
06:29:18 -!- Rawr|Fone [~AndChat52@c-4eb4e655.020-164-6d6c6d4.bbcust.telenor.se] has joined #tlponies
06:31:53 <Dot|Phone> Morning
06:42:43 -!- Golly [Golly@cm-84.213.21.103.getinternet.no] has joined #tlponies
06:44:04 <Rawr|Fone> DoT DoT DoT
06:54:02 <Dot|Phone> Rawr Rawr Rawr
06:54:23 <Dot|Phone> 💖💖💖
06:58:59 -!- Rawr|Fone [~AndChat52@c-4eb4e655.020-164-6d6c6d4.bbcust.telenor.se] has joined #tlponies
07:40:31 <Dot|Phone> Rawr|Fone snela
08:34:06 -!- Rawr|Fone [~AndChat52@c-4eb4e655.020-164-6d6c6d4.bbcust.telenor.se] has joined #tlponies
08:34:41 -!- reification [~thomas@cpc76294-cosh16-2-0-cust297.6-1.cable.virginm.net] has joined #tlponies
08:34:41 -!- mode/#tlponies [+v reification] by Q
08:44:37 <Dot|Phone> Reif Reif
08:47:25 <reification> dawt dawt
09:10:45 -!- Rawr|Fone [~AndChat52@c-4eb4e655.020-164-6d6c6d4.bbcust.telenor.se] has joined #tlponies
09:20:19 -!- tredc [~tredc@c83-254-129-166.bredband.comhem.se] has joined #tlponies
09:30:08 -!- Rawr|Fone [~AndChat52@c-4eb4e655.020-164-6d6c6d4.bbcust.telenor.se] has joined #tlponies
09:30:09 <Rawr|Fone> Hors hors
09:45:13 <reification> roar roar
09:45:56 <Rawr|Fone> Reef reef!
09:45:59 <Rawr|Fone> Hallo
09:53:08 -!- Runbunny [~Runbunny@91.100.28.10.generic-hostname.arrownet.dk] has joined #tlponies
09:53:53 <reification> hey bun
09:53:56 <Runbunny> Hey Reif.
09:54:13 <Runbunny> I had a meeting at the jobcenter.
09:57:38 <Dot|Phone> Runbun! 
10:00:03 <Runbunny> Hai Dot.
10:05:26 <Runbunny> Dot dot.
10:05:43 <Runbunny> I am drinking hot chocolate.
10:05:57 <Runbunny> It's perfect after my bike ride.
10:06:33 <Dot|Phone> Is it raining there too? 
10:09:28 <Runbunny> Nah, didn't rain today I think.
10:09:36 <Runbunny> but it's overcast.
10:12:06 -!- skram [~skram@185.217.171.45] has joined #tlponies
10:12:15 <Runbunny> Jonas!
10:12:16 <Dot|Phone> Jonas friend
10:13:57 <skram> good morning pals
11:15:52 -!- BioPone [~androirc@97.70.165.146] has joined #tlponies
11:44:29 -!- Rawr|Fone [~AndChat52@c-4eb4e655.020-164-6d6c6d4.bbcust.telenor.se] has joined #tlponies
11:57:17 <skram> hey Dot|Phone
12:02:28 <Dot|Phone> Yes skram
12:03:05 <skram> i was looking at this house and it looks fairly normal
12:03:23 <Dot|Phone> Sounds dangerous
12:03:26 <skram> but it has an outhouse instead of a proper throne?? in 2019??? in a civilized area????
12:03:33 <Dot|Phone> Hahaha
12:03:43 <skram> i mean its got electricity and running water but no shitter
12:23:55 -!- BioPone [~androirc@12.33.239.117] has joined #tlponies
13:16:47 <Dot|Phone> Norway is weird 
13:20:00 <skram> rude
13:26:01 <reification> but not wrong
13:26:51 <reification> also smol indie company https://clips.twitch.tv/ExuberantJazzyGarageDAESuppy
13:26:52 <skram> reif please you put dead animals in pies
13:27:17 <reification> you want to put alive ones in?!
13:28:08 <skram> pie iis awful
13:28:12 <skram> even if y ou put dead animals in it
13:39:09 <reification> you don't even like fruit pie skram?
13:39:30 <skram> i really dont like pie crust
13:40:08 <reification> :(
13:42:29 <Dot|Phone> Pie crust is the best part of pie
13:46:14 <skram> theres no good part of a pie
14:10:24 <Runbunny> reification, https://danbooru.donmai.us/posts/3644661
14:11:32 <reification> ready for pie
14:12:09 <skram> you monster
14:12:15 <reification> fish kemonomimi-chan has been having a hard time runbun https://danbooru.donmai.us/posts/3637981
14:12:51 <reification> fish pie doesn't use pastry skram, should be ok for you
14:17:50 <skram> sort of like fiskegrateng looks like
14:17:59 <skram> approved
14:26:42 <Runbunny> Haha.
14:51:12 -!- Rawr|Fone [~AndChat52@c-4eb4e655.020-164-6d6c6d4.bbcust.telenor.se] has joined #tlponies
15:12:33 <Runbunny> Youtube autoplay just chose Rick Astley for me.
15:12:51 <Runbunny> Not sure how to feel about that.
15:15:41 <skram> the algorithm is rickrolling you runbun
15:19:06 <reification> hmm https://twitter.com/klara_sjo/status/1178466452921360384
15:20:37 <reification> runbunny https://twitter.com/TamamoNoMeemoo/status/1176947751386603520
15:34:02 <Runbunny> That added heavy breathing for effect :D
15:36:59 <reification> also have some jahy-sama https://twitter.com/WaffenStr8Shota/status/1177418706047131648
15:40:35 <skram> looks like waffenstr8shota is diversifying his interests
15:41:06 <skram> there are so many things on his feed that are neither shota nor panzers
15:42:54 -!- Golly [~Golly@cm-84.213.21.103.getinternet.no] has joined #tlponies
15:54:48 <BioPone> Hey
15:54:56 <BioPone> Its ya boi
15:55:02 <BioPone> Oib
15:56:11 <BioPone> How do
16:06:12 -!- Rawr|Fone [~AndChat52@c-4eb4e655.020-164-6d6c6d4.bbcust.telenor.se] has joined #tlponies
16:09:18 -!- Dot` [webchat@cloak-vnm1j07w.71.208.46.dyn.plus.net] has joined #tlponies
16:15:44 <Dot`> skram
16:16:06 <reification> hi bio
16:17:22 <BioPone> Hai
16:30:18 -!- Rawr|Fone [~AndChat52@c-4eb4e655.020-164-6d6c6d4.bbcust.telenor.se] has joined #tlponies
16:39:15 <Runbunny> Bio
16:42:37 <BioPone> Yes bun
16:43:17 -!- Golly [Golly@cm-84.213.21.103.getinternet.no] has joined #tlponies
17:07:27 <skram> Dot`
17:07:48 <skram> BioPone https://www.youtube.com/watch?v=aaEVHO_AVKs
17:43:13 -!- Golly [Golly@cm-84.213.21.103.getinternet.no] has joined #tlponies
17:50:07 <BioPone> Lol gud vine
17:58:10 -!- carcinisation [~thomas@cpc76294-cosh16-2-0-cust297.6-1.cable.virginm.net] has joined #tlponies
17:58:10 -!- mode/#tlponies [+v carcinisation] by Q
18:17:14 <Runbunny> carcinisation, did you watch all of Kimetsu no yaiba?
18:18:53 <carcinisation> i didn't watch it bun
18:26:03 <Runbunny> I caught up with enen no shouboutai so maybe I should watch that while I wait for new episodes.
18:30:21 <carcinisation> anything good starting this new season?
18:30:59 <Runbunny> both enen no shouboutai and vinland saga are 26 episodes or so.
18:32:04 -!- Rawr|Phone [~AndChat52@m83-185-85-205.cust.tele2.se] has joined #tlponies
18:32:55 <Runbunny> Hero academia and psycho pass 3.
18:33:29 <Runbunny> Some more stuff I have heard about but haven't seen.
18:33:33 <Runbunny> Also Azur lane.
18:41:51 <skram> isnt azur lane a mobile game or something
18:43:10 -!- Golly [Golly@cm-84.213.21.103.getinternet.no] has joined #tlponies
18:44:17 <Runbunny> Yes.
18:50:38 -!- Rawr|Fone [~AndChat52@c-4eb4e655.020-164-6d6c6d4.bbcust.telenor.se] has joined #tlponies
18:55:43 -!- Camail [~Camail@45.40.84.145] has joined #tlponies
18:55:44 -!- mode/#tlponies [+v Camail] by Q
18:57:03 <Camail> pls
18:57:11 <Rawr|Fone> No u pls
18:57:38 <Runbunny> Hello Camail.
18:57:43 <Camail> hullo
19:07:20 * skram slaps Camail around a bit with a large trout
19:07:37 <Camail> fuck
19:07:40 <Camail> you got me
19:07:57 <skram> i cant believe you've done this
19:08:04 -!- Golly [Golly@cm-84.213.21.103.getinternet.no] has joined #tlponies
19:09:48 <Camail> skram  got a trial 4 u
19:11:06 <skram> which one pal
19:11:12 <skram> dot and i did a couple earlier so im only missing 1
19:12:02 <Camail> fear
19:12:06 <Camail> f.e.a.r.
19:12:18 <skram> ah dang, im missing RAGE
19:12:25 <Camail> that's not true
19:12:28 <Camail> you are all rage
19:12:31 <Camail> that's all you are
19:12:34 <skram> well true
19:12:38 <skram> but my character is missing rage
19:12:44 <Camail> hmm
19:12:48 <Camail> well we better solve that asap
19:12:51 <Camail> so we can do uber lab
19:13:00 <Camail> and i can protect your fragile accident prone body
19:13:10 <skram> yes pls
19:15:12 <skram> be my big spoon
19:16:18 <Camail> i am a very big spoon
19:16:24 <Camail> with 13.5k es
19:16:29 <Camail> and i will give you a few thousand
19:16:30 <skram> the biggest
19:25:16 <BioPone> We have the best spoons folks
19:32:58 -!- Rawr|Fone [~AndChat52@c-4eb4e655.020-164-6d6c6d4.bbcust.telenor.se] has joined #tlponies
19:56:02 -!- DuB|fon [~androirc@155.201.42.62] has joined #tlponies
19:57:39 <DuB|fon> :o
19:58:02 <carcinisation> dub is here with his surprised face
19:59:12 <DuB|fon> I ran out of things to do but am waiting to maybe or maybe not meet with a person who is v busy today so I cant just leave :T
20:01:15 <Dot`> dub dub
20:05:01 <Camail> dub you butt
20:05:01 <DuB|fon> dot dot
20:05:04 <Camail> how's the monhun
20:05:09 <Camail> you win yet?
20:05:46 <DuB|fon> Gonna hun nergi when I get a new stick to hit it with
20:10:38 -!- Rawr|Fone [~AndChat52@c-4eb4e655.020-164-6d6c6d4.bbcust.telenor.se] has joined #tlponies
20:20:06 <Crisium> oh apparently my computer was not sleeping
20:20:08 <Crisium> windows pls
20:27:05 -!- DuB|fon [~androirc@155.201.42.62] has joined #tlponies
20:39:05 -!- DuB|fon [~androirc@155.201.42.62] has joined #tlponies
20:39:38 -!- Rawr|Fone [~AndChat52@c-4eb4e655.020-164-6d6c6d4.bbcust.telenor.se] has joined #tlponies
20:50:07 <Camail> dub do you know that you need to break nergi's leg spines to keep him from doing his big dive?
20:50:44 <Camail> also, if you are sprinting with your weapon sheathed and you hit the dodge button right before being hit you do a big jump with huge amounts of i frames
20:50:58 <Camail> that's pretty much the only way to avoid his big attack
20:51:27 <Dot`> i only started reading at the second part and thought it was suppose to be PoE related
20:51:31 <Dot`> very confusing
20:54:01 <Dot`> cam spemds half his time explaining game stuff to TLP members
20:54:21 <Dot`> horses are not very good at games
20:54:43 <Crisium> games are hard
20:57:41 <Dot`> he is very patient
20:58:04 <Dot`> a good friend
20:59:54 -!- BioPone [~androirc@97.70.165.146] has joined #tlponies
21:00:24 <Dot`> Bio
21:01:20 <Camail> some games are easy, those aren't always the fun ones tho
21:01:39 <Camail> and i enjoy teaching people stuff
21:06:11 <DuB|fon> Ya I read about him a but, haven't tried yet
21:06:14 <DuB|fon> A bit
21:12:10 <Camail> a butt!?
21:12:18 <Camail> dont look at monbut at work dub
21:12:47 <Camail> save that for late at night
21:12:59 <Camail> look up that hot lunastra r34
21:15:54 -!- Rawr|Fone [~AndChat52@c-4eb4e655.020-164-6d6c6d4.bbcust.telenor.se] has joined #tlponies
21:23:10 <Camail> get it
21:23:12 <Camail> cuz fire
21:24:20 <Camail> code vein got cracked, if anyone's interested in trying that game
21:33:52 <Dot`> thats illegal!
21:34:39 <Camail> yes, it is
21:34:50 <Camail> i am a marginally worse person because of it'
21:36:54 <Dot`> i miss the days of having Terabytes of pirated stuff
21:36:58 <Dot`> good times
21:40:26 <Bio> hej
21:40:29 <Bio> i hom
21:43:30 -!- DuB|fon [~androirc@155.201.42.62] has joined #tlponies
21:58:16 <Bio> https://i.redd.it/9yckfn62wwp31.jpg
22:00:19 -!- Rawr|Fone [~AndChat52@c-4eb4e655.020-164-6d6c6d4.bbcust.telenor.se] has joined #tlponies
22:03:15 <DuB|fon> We should terraform mars again sometime
22:03:40 <Bio> dob ideally you only do that once
22:05:26 <DuB|fon> But I didn't win
22:12:01 -!- skram [~skram@185.217.171.45] has joined #tlponies
22:24:20 <Bio> skrmemen
22:28:52 -!- Rawr|Fone [~AndChat52@c-4eb4e655.020-164-6d6c6d4.bbcust.telenor.se] has joined #tlponies
22:34:29 <Camail> dot i've offered to p2p you over irc but noooo
22:37:10 <Bio> https://i.redd.it/2ibycf5b7yp31.jpg
22:37:22 <Bio> he wuz fone
22:48:57 -!- Rawr|Fone [~AndChat52@c-4eb4e655.020-164-6d6c6d4.bbcust.telenor.se] has joined #tlponies
22:49:18 -!- DuB` [DuB@cpe-68-174-122-249.nyc.res.rr.com] has joined #tlponies
23:10:46 <Runbunny> Sleeeeeeeeeeeeeeep
23:12:24 -!- Rawr|Fone [~AndChat52@c-4eb4e655.020-164-6d6c6d4.bbcust.telenor.se] has joined #tlponies
23:21:07 -!- Rawr|Fone [~AndChat52@c-4eb4e655.020-164-6d6c6d4.bbcust.telenor.se] has joined #tlponies
23:32:56 <DuB`> Critrole and monhun is a pretty perfect combo
23:32:56 <DuB`> mmmm
