00:29:17 -!- Camail [~Camail@45.40.84.145] has joined #tlponies
00:29:17 -!- mode/#tlponies [+v Camail] by Q
00:29:30 <skram> clamail
00:31:02 <DuB`> carameil
00:31:32 <skram> clair de mail
00:31:55 <DuB`> crab mail?
00:33:00 <skram> camelot!
01:46:51 -!- Rawr|Fone [~AndChat52@c-4eb4e655.020-164-6d6c6d4.bbcust.telenor.se] has joined #tlponies
01:59:41 <Camail> skramdub
01:59:44 <Camail> pls
02:00:13 <Camail> hey skram wanna do some exile pathing
02:03:23 <Camail> 2 weeks until the next league starts revealing
02:05:40 -!- Rawr|Fone [~AndChat52@c-4eb4e655.020-164-6d6c6d4.bbcust.telenor.se] has joined #tlponies
03:06:58 <Camail> .tell skram play poe so i can spoil you with my wealth, u fuk
04:03:56 -!- Westy543 [~Westy543@c-24-4-167-102.hsd1.ca.comcast.net] has joined #tlponies
04:03:56 -!- mode/#tlponies [+v Westy543] by Q
05:01:32 -!- Rawr|Fone [~AndChat52@c-4eb4e655.020-164-6d6c6d4.bbcust.telenor.se] has joined #tlponies
06:29:35 -!- Rawr|Fone [~AndChat52@c-4eb4e655.020-164-6d6c6d4.bbcust.telenor.se] has joined #tlponies
06:53:52 -!- DoT|Phone1 [~Dot@228.89.99.195.dyn.plus.net] has joined #tlponies
06:54:01 <DoT|Phone1> Morning
07:00:18 -!- DoT|Phone [~Dot@85.255.235.82] has joined #tlponies
07:29:31 <Rawr|Fone> DoT DoT DoT
07:32:52 <DoT|Phone> Rawr Rawr Rawr
07:32:56 <DoT|Phone> 💖💖💖
07:37:30 <CockRoach|42> .roll d20 to horse
07:37:53 <DoT|Phone> very horse
07:37:57 <Rawr|Fone> 💖💖💖
07:38:21 <CockRoach|42> pretty good horse, just like you all <3
07:38:44 <DoT|Phone> oh you
07:38:47 <DoT|Phone> <3
08:08:30 <Zounds> CR lad
08:08:39 <Zounds> <3
08:08:49 <DoT|Phone> Zounds! what you up to this early
08:34:02 -!- Rawr|Fone [~AndChat52@c-4eb4e655.020-164-6d6c6d4.bbcust.telenor.se] has joined #tlponies
08:45:43 -!- DoT|Phone1 [~Dot@148.252.129.125] has joined #tlponies
08:52:43 -!- reification [~thomas@cpc76294-cosh16-2-0-cust297.6-1.cable.virginm.net] has joined #tlponies
08:52:43 -!- mode/#tlponies [+v reification] by Q
08:52:58 <reification> morning all
08:53:10 <reification> zounds https://twitter.com/yoshida_seiji/status/1158695524066721792
08:58:15 <Zounds> hey reif
09:03:28 <Zounds> tfw no Yōkai buddies to share daily life with
09:03:33 <Zounds> :(
09:04:13 -!- DoT|Phone [~Dot@148.252.129.71] has joined #tlponies
09:05:56 <Zounds> i'm often up way earlier than this DoT|Phone im just not on irc
09:06:43 <Zounds> but day off today so comfiness
09:21:52 -!- DoT|Phone1 [~Dot@85.255.236.165] has joined #tlponies
09:23:03 <reification> all sounds a bit "no pics, didn't happen" zounds :p
09:27:22 <Zounds> D:
09:27:31 <DoT|Phone1> hey Reif
09:29:45 <reification> hi dotties
09:37:17 <DoT|Phone1> how's it going
09:42:46 <reification> slowly
10:06:34 -!- tredc [~tredc@c83-254-129-166.bredband.comhem.se] has joined #tlponies
10:18:20 -!- Rawr|Fone [~AndChat52@c-4eb4e655.020-164-6d6c6d4.bbcust.telenor.se] has joined #tlponies
10:19:38 -!- Micen [~Micen@h148.242.40.162.dynamic.ip.windstream.net] has joined #tlponies
10:21:25 <DoT|Phone1> hey Micen
10:22:49 <Micen> Hello
10:25:12 <Micen> How are you?
10:27:10 <DoT|Phone1> doing good. you?
10:28:26 <Micen> doing pretty good, myself. 
10:32:49 <DoT|Phone1> pain killers doing their job?
10:34:39 <Micen> had to go get more monday, one of the incisions started to spasm hard. but the doctor said thats just a sign of healing
10:44:28 <DoT|Phone1> hmm
10:52:04 -!- Rawr|Fone [~AndChat52@c-4eb4e655.020-164-6d6c6d4.bbcust.telenor.se] has joined #tlponies
10:55:52 <DoT|Phone1> you know what would help you Micen, running a DnD game on Saturday
10:55:57 -!- skram [~skram@185.59.222.117] has joined #tlponies
10:56:38 <DoT|Phone1> Jonas friend
10:57:58 <DoT|Phone1> oh wait Micen. I forgot we are missing 2 ppl
10:59:21 <skram> Bjørn pal
11:04:41 <Zounds> what should I get for dinner skram
11:04:51 <Zounds> I'm thinking a pasta but what should I put in it
11:05:38 <skram> meatballs and tomato sauce, zounds!
11:05:48 <DoT|Phone1> cheese, chillies
11:05:49 <reification> rawr dot https://twitter.com/CanYouPetTheDog/status/1158818379094011905
11:06:04 <Zounds> hmm good suggestions
11:06:28 <reification> zounds https://twitter.com/CIub88/status/1158927868241596416
11:06:38 <Zounds> how about tomato sauce. chillies and some sausage
11:06:54 <DoT|Phone1> that does sound good
11:07:31 <Zounds> i'd be so scared to hold a little thing like that reif
11:07:34 <Zounds> so delicate
11:08:48 <reification> you could hold this, it doesn't seem small or delicate https://twitter.com/AAAAAGGHHHH/status/1158617669987233792
11:09:39 <Zounds> lol
11:15:40 -!- Rawr|Fone [~AndChat52@c-4eb4e655.020-164-6d6c6d4.bbcust.telenor.se] has joined #tlponies
11:30:25 <reification> that's some next level c9 https://www.reddit.com/r/Overwatch/comments/cmm6ud/squad_so_ready_to_take_b_that_you_forget_to_take_a/
11:41:16 -!- Rawr|Fone [~AndChat52@c-4eb4e655.020-164-6d6c6d4.bbcust.telenor.se] has joined #tlponies
11:45:23 -!- Rawr|Phone [~AndChat52@m83-185-89-246.cust.tele2.se] has joined #tlponies
11:45:33 <DoT|Phone1> Rawr Rawr
11:46:48 <Rawr|Phone> DoT DoT
11:47:01 <DoT|Phone1> 💖💖
11:47:09 <DoT|Phone1> how's your day going
11:47:09 <Rawr|Phone> 💖💖
11:59:08 <Rawr|Phone> I'm at they gym dot
11:59:12 <Rawr|Phone> It's going well
11:59:16 <Rawr|Phone> How are you
11:59:23 <reification> i should but at the gym
11:59:34 <reification> but instead i am eating chocolate :O
12:00:02 <Micen> Go workout reif. 
12:00:18 <reification> i shall do shortly
12:02:56 <DoT|Phone1> Rawr how much can you lift?
12:04:26 <Rawr|Phone> Depends on what lift
12:04:43 <Rawr|Phone> Benching today, best bench is around 100 kg
12:05:44 <DoT|Phone1> almost 2 of me
12:05:46 <DoT|Phone1> gj
12:06:00 <Micen> thats almost one of me.
12:12:22 <Rawr|Phone> It's kind of low in relation to my other lifts I think
12:12:43 <Rawr|Phone> I should be able to do more
12:16:43 <DoT|Phone1> I believe in you Rawr
12:17:01 <Rawr|Phone> Thanks my dear
12:43:19 -!- carcinisation [~thomas@cpc76294-cosh16-2-0-cust297.6-1.cable.virginm.net] has joined #tlponies
12:43:19 -!- mode/#tlponies [+v carcinisation] by Q
14:05:33 -!- Runbunny [~Runbunny@91.100.28.10.generic-hostname.arrownet.dk] has joined #tlponies
14:05:42 <Runbunny> oh hello.
14:05:49 <Runbunny> carcinisation, https://giant.gfycat.com/HastySecondAsiantrumpetfish.webm
14:14:15 <Rawr|Phone> Anders.
14:18:42 <skram> Anders.
14:19:13 <Rawr|Phone> Jonas.
14:19:18 <skram> He's not answering, Henrik. What a rude ass bish
14:19:29 <Rawr|Phone> Very
14:19:56 <skram> Im writing harsh words about him in my diary atm
14:20:03 <Rawr|Phone> Good
14:20:21 <Rawr|Phone> Maybe he'll learn one day
14:20:49 <Runbunny> Me.
14:21:05 <skram> Good, you're here
14:21:08 <Runbunny> Yes.
14:21:22 <Runbunny> I was eating the last of my crisps.
14:23:48 <skram> Did you get the jobs
14:30:42 <DoT|Phone1> hey Runbun
14:31:05 <DoT|Phone1> Skram please control yourself. did you forget to eat your carrot this morning
14:35:11 <Runbunny> No?
14:35:34 <skram> Absolutely, DoT|Phone1.
14:35:35 <Runbunny> You don't get jobs at a job application course.
14:35:48 <skram> Today was such a good day that I even had 2
14:36:04 <Runbunny> You forgot to have 2?
14:36:22 <skram> Ehm
14:36:24 <skram> Yes.
14:36:28 <Runbunny> Ahh neat.
14:39:06 <Zounds> hej Runbunny
14:39:22 <Runbunny> Hey Zounds.
14:41:21 <DoT|Phone1> Skram I helped a senior engineer fix multiple code issues today
14:42:59 <Runbunny> Nice.
14:45:34 <skram> dot has leveled up
14:46:29 <carcinisation> runnbuny augmented reality sure has some possiblities
14:47:00 <Runbunny> Yes.
14:47:02 <Runbunny> carcinisation, https://danbooru.donmai.us/posts/3589956
14:47:11 <carcinisation> also interesting gacha crossover https://twitter.com/InNoutSanity/status/1158900977115598848
14:47:12 <skram> whens the tail fluffing accessory coming out
14:48:12 <Runbunny> You have to grow your own Jonas.
14:49:54 <skram> thats no fun
14:50:50 <carcinisation> old boy https://twitter.com/GothGirlVonDark/status/1158521506281992192
14:51:13 <reification> .tell bio silly meem https://twitter.com/Fetusberry/status/1158903049722585089
14:52:38 <reification> skram https://twitter.com/vulpestribus/status/1158902331964055552
14:53:28 <skram> you cant just *remove* the cat
14:53:29 <skram> rookies
14:55:17 <reification> bun https://twitter.com/081712/status/1158359488396578817
14:56:00 <Runbunny> that struggle is real.
15:00:36 <Micen> I have a better solution skram. Dont get a cat in the first place
15:01:17 <skram> what the f u c k micen
15:01:50 <Micen> dogs are better
15:02:02 <reification> you are allowed both you know!
15:02:06 <reification> https://www.youtube.com/watch?v=TQomlr61Bdc
15:02:12 <Micen> super allergic
15:02:17 <Micen> im not :(
15:02:30 <Rawr|Phone> Dogs are the best
15:02:45 <reification> sadly i have family who are allergic so i get neither D:
15:02:46 <Micen> see Rawr knows the truth
15:03:31 <skram> you guys are awful
15:03:51 <reification> servals are the best but i definitely can't get one of them :(
15:05:32 <skram> what about one of those nekkid cats
15:06:41 <reification> only nekkid cat*girls* pls skram
15:07:54 <skram> maybe both
15:09:00 <Runbunny> You're allowed to get a cat if you're allergic Micen. 
15:09:09 <Runbunny> I wouldn't reccommend it. 
15:09:18 <Runbunny> But you're allowed to.
15:10:04 <CockRoach|42> DoT|Phone1: https://scontent.fmmx1-1.fna.fbcdn.net/v/t1.0-9/68390668_2880154688721719_1737112631107387392_o.jpg?_nc_cat=104&_nc_oc=AQkePwVRImrkZRCeyPkMzzG2gBnbQh574K3BUr8xj1xElxHZZQpdRFgwx1ThYM63kkE&_nc_ht=scontent.fmmx1-1.fna&oh=c2b7424b8f5812b53fd50b02e4e06a95&oe=5DDA66DC
15:12:24 -!- DoT|Phone [~Dot@228.89.99.195.dyn.plus.net] has joined #tlponies
15:14:42 <skram> this looks like serious business, CR
15:15:00 <CockRoach|42> it is!
15:16:21 -!- DoT` [~Dot@228.89.99.195.dyn.plus.net] has joined #tlponies
15:18:18 -!- Camail [~Camail@45.40.84.145] has joined #tlponies
15:18:18 -!- mode/#tlponies [+v Camail] by Q
15:27:38 <Rawr|Phone> One camail
15:30:15 <DoT`> camwmm
15:34:54 <Camail> yes
15:56:53 <Runbunny> Yes.
16:23:43 <Camail> runbunnn
16:24:00 <Camail> anything you wanna do in poe before league ends?
17:06:35 <skram> when does league end
17:26:17 <Camail> in a month
18:21:13 <Runbunny> Hmm..
18:23:12 -!- Camail_ [~Camail@45.40.84.145] has joined #tlponies
18:23:12 -!- mode/#tlponies [+v Camail_] by Q
18:23:27 <Runbunny> I might make a new character. But I don't know
18:23:38 <Runbunny> I am literally just killing time till wow classic is out.
18:47:15 <Camail_> runbun i'm vaaling and selling my ts MF deadeye and i got +% to crit on my sadima's touch
18:47:27 <Camail_> i used this char so little that selling my gear is gonna be more profitable
18:48:32 -!- DuB` [DuB@cpe-68-174-122-249.nyc.res.rr.com] has joined #tlponies
18:48:41 <DuB`> F in chat for my 7pm flight 
18:48:53 <DuB`> Thunderystorms done cancelled it!
18:49:14 <DuB`> Now flying 9am out of Newark instead of JFK, so I'll be up at like 5am lol
18:49:41 <Camail_> RIP
18:49:50 <Camail_> though i feel less sympathy because you memed us
18:50:05 <DuB`> However
18:50:23 <DuB`> This means I can sit and play with my 2080ti I just brought home :P
18:50:27 <DuB`> YEE
18:51:13 <DoT`> dub
18:51:18 <DuB`> dot
18:51:22 <DoT`> hi
18:51:26 <DuB`> Hi!
18:51:50 <Rawr|Phone> Hi
18:54:05 <DuB`> Um
18:54:25 <DuB`> Something is maxing out my SSD and preventing drivers installing >:T
18:54:29 <DuB`> And making everything crawl
18:54:45 <DuB`> Stop that, "System"
18:55:23 <Rawr|Phone> D:
18:55:32 <DuB`> Brb deleting system32
18:55:40 <DuB`> hehe
18:56:42 <DoT`> dub with the nerd joke
18:56:55 <DoT`> soon he will be able to plug his pc in
18:57:02 <DoT`> then he will get to do ALL the family IT
18:57:04 <DuB`> That IS where the 100% disk usage file is located
18:57:07 <DuB`> dot pls
18:57:57 <reification> you know what is really to blame dub https://blog.codinghorror.com/why-is-the-system-idle-process-hogging-all-the-resources/
19:00:05 <DuB`> hmm hmm
19:01:15 <DoT`> dont listen dub, its chinese bit coin miners
19:01:26 <DoT`> pre-loaded on manufacture
19:01:37 <DuB`> evil nvidia
19:01:41 <DuB`> Mining my ssd
19:16:32 -!- DuB` [DuB@cpe-68-174-122-249.nyc.res.rr.com] has joined #tlponies
19:24:45 <skram> DuB` did you put your gtx in yet
19:34:04 <DuB`> YUS
19:34:09 <DuB`> Except
19:34:10 <DuB`> RTX
19:34:47 <skram> oh hell yeah
19:35:00 <DuB`> Getting 600fps on the userbenchmark tests that ran 20fps on my intel graphics :P
19:36:58 <Runbunny> Dub dub.
19:37:03 <DuB`> Run bun.
19:37:04 <Runbunny> Can you play video games again?
19:37:06 <DuB`> YES!
19:37:11 <Runbunny> Great!
19:37:12 <skram> damn boy how many fps do you get in minecraft?
19:37:23 <Runbunny> 45 jonas.
19:37:27 <DuB`> Well I can play games until my flight which is now tomoro instead of right now
19:37:39 <Runbunny> oh it was delayed?
19:37:46 <Runbunny> Boo.
19:39:51 <DuB`> Also Newark airport in NJ instead of the usual JFK
19:40:00 <DuB`> So I get to go find a bus and transfer and blehhh
19:44:06 <DoT`> hmmm it seems i just spent 30 minutes trying to force delete a windows created folder that sometimes gets created on secondary drives
19:44:15 <DoT`> it denied me permision though....
19:44:19 <DoT`> going to keep trying
19:44:45 <DuB`> Did you remind your pc that YOU OWN IT
19:44:50 <DuB`> Sometimes they get uppity
19:44:54 <DoT`> ikr???!!!
19:45:01 <DoT`> hence the need to delete it
19:45:06 <skram> you need to curb the robot uprising early
19:45:12 <DoT`> but now its micro stuttering
19:45:19 <skram> i keep a cattle prod for just these occasions
19:45:23 <DoT`> i refuse to yeild
19:46:27 <DoT`> ok... this one guy is crazy, he dled and burned linux toa disk to run it as a boot device
19:46:39 <DoT`> he may be on to something though
19:47:31 <skram> live distros are a thing
19:48:37 <DuB`> hoaaaaaaaaahhhhhhh my GOODNESS
19:48:49 <DoT`> skram, no one sane touches linux
19:49:14 <skram> i always use linux when i hack the MAINFRAMES
19:49:21 <DuB`> Going from 540p 60fps low to 1440p 200fps epic/ultra is something
19:49:28 <DuB`> Something indeedy
19:49:30 <DoT`> https://xkcd.com/456/
19:50:24 <skram> eh ubuntu is like windows but not
19:50:43 <DuB`> Wait 10% gpu utilization
19:50:47 <DuB`> What IS this thing
19:51:12 <skram> imagine what you could do with 100%!
19:51:15 <DuB`> Pretty sure I accidentaly bought future tech
19:51:33 <Camail> go play an unoptimized euro game if you want to feel normal again
19:51:49 <DuB`> This is like in Civ when you're fighting longbowmen with a nuclear mech bot
19:51:56 <Camail> stalker still wont run well
19:52:18 <DuB`> Haha
19:52:53 <DoT`> one day cam
19:53:05 <DoT`> the true goal of all pc advancement
19:53:19 <Camail> maybe when we can integrate artifacts into computers
19:53:25 <DuB`> Haha
19:56:50 <DuB`> New Jersy to Florida, 5 hour stay, then to SLC
19:56:56 <DuB`> Instead of JFK-SLC
19:56:58 <DuB`> zzz 
19:57:06 <skram> florida is dangerous
20:04:22 <Camail> DuB` skram DoT`  vermintide?
20:04:27 <Camail> there was a massive update
20:04:37 <skram> im headin off for work D:
20:04:46 <Camail> oh, well start the download
20:04:47 <DoT`> oh, i thought my steam was dumb and just lost it
20:04:52 <Camail> the entire game needs to be redownloaded
20:04:54 <DoT`> it dled like 38 gb
20:05:11 <Camail> yea they remastered it so essentially the patch is the entire game
20:05:33 <DoT`> ah, well mine wont finish dl today, im off to bed soon
20:05:40 <DoT`> tomorow?
20:05:46 <Camail> yea sure, whenever
20:06:13 <DuB`> I am gone until monday after tonight
20:10:55 <Camail> download it!
20:11:25 <Camail> do you have to go back to utah for your monthly recalibration?
20:13:09 <DuB`> Sister's wedding, but um yes
20:13:16 <DuB`> Can't NOT see any mountains for too long
20:25:11 -!- DuB` [DuB@cpe-68-174-122-249.nyc.res.rr.com] has joined #tlponies
20:37:20 <Camail> https://www.twitch.tv/day9tv
20:37:31 <Camail> if you havent played this game yet, it's great
20:51:52 <DoT`> isnt it only on epic store atm?
20:58:56 <Camail> outer wilds, not worlds
20:59:09 <DoT`> ill never keep those 2 straight
21:04:15 <Camail> no one does, it's an unfortunate thing
21:08:44 <DoT`> .tell skrm https://imgur.com/gallery/yYf65Ki
21:13:40 -!- Crisium [~Crisium@c-73-174-151-51.hsd1.pa.comcast.net] has joined #tlponies
21:13:47 <DoT`> cris horse!
21:18:46 -!- DuB` [DuB@cpe-68-174-122-249.nyc.res.rr.com] has joined #tlponies
21:19:18 <Crisium> howdy
21:20:06 <DuB`> Hm
21:20:21 <DuB`> Bluescreened :P
21:21:31 <DoT`> ...
21:21:45 <DoT`> thats what happens when you oc dub
21:22:14 <DuB`> I was still under 50c on everything!
21:22:15 <DuB`> Hmph
21:22:26 <DoT`> just update drivers dub, bluescreens can just happen
21:22:50 <DoT`> if it happens again i will talk you through some checks/tests
21:23:03 <DuB`> Turned down OC anyway
21:23:09 <DuB`> Display driver are new
21:38:46 <Runbunny> .choose sleep anime
21:38:52 <Runbunny> Always dude...
21:39:49 -!- skrm [webchat@pioj.eid3.887x.ip] has joined #tlponies
21:40:18 <reification> new dumbbell ep today bun
21:40:43 <Runbunny> I am way behind on that.
21:40:51 <Runbunny> I am too embarrased.
21:41:12 <Runbunny> Because I haven't been doing my squats.
21:41:53 <DoT`> skrm
21:43:34 <skrm> dot
21:44:12 <skrm> mamaaaaaaaaa
21:44:54 <skrm> https://www.youtube.com/watch?v=tgbNymZ7vqY
21:46:33 <Runbunny> Did you kill a man Jonas?
21:47:12 <skrm> absolutely
21:47:28 <Runbunny> Pretty sure that's illegal.
21:49:06 <skrm> dang
22:03:06 <Runbunny> Anime was watched, now I have to sleep.
22:25:10 <Camail> dot you should also sleep
22:44:33 <skrm> you too camhail
22:52:58 <reification> i shall sleep
22:59:15 <Camail> its not even dark out yet skram
22:59:20 <Camail> u r redic
23:26:52 <skrm> its best to be awake when its dark out
23:26:55 <skrm> sleep the sun away, cam!
23:51:01 <Crisium> skrm you should stay awake for 1000 years
23:51:02 -!- Rawr|Fone [~AndChat52@c-4eb4e655.020-164-6d6c6d4.bbcust.telenor.se] has joined #tlponies
23:51:39 <skrm> wish i could
