00:03:54 <Dot`> runbun, reif https://imgur.com/gallery/IYZCSXV
00:09:03 <skrma> well
00:09:06 <skrma> i do need a new car
00:11:41 <Camail> skram DuB`  do you want to take part in the bunker's first defense?
00:12:31 <Camail> or is dnd still going
00:13:28 <Dot`> no, i killed them all
00:14:00 <Zounds> krool
00:17:07 <reification> i guess it won't get stolen dot
00:17:10 <reification> night all
00:17:42 <Zounds> nn
00:18:24 <Dot`> gnight reif
00:20:39 -!- Rawr|Fone [~AndChat52@c-4eb4e655.020-164-6d6c6d4.bbcust.telenor.se] has joined #tlponies
00:30:55 <Camail> RIP skrma, he was an okay dude
00:30:59 <Camail> well, he was tolerable
00:31:09 <Zounds> was he though
00:31:10 <Camail> well, he was.
00:41:21 <Dot`> i knew a skram once
00:43:03 <skrma> DuB`: https://www.youtube.com/watch?v=dYKU26Pt_HI&t=234s
00:43:20 <skrma> 3 fuckin' crits and im still not dead
00:43:30 <skrma> ill see you in hell, DM DoT
00:52:06 <Dot`> i did get a good number of crits tonight
00:52:26 <Dot`> the whole thing was pretty screwed from the start though
00:52:42 <skrma> yeah no kiddin
00:55:13 <Camail> skram there was a hiccup in the road plan
00:55:21 <Camail> you cant build ramps diagonally
00:55:29 <Camail> so i had to make...large changes
00:55:32 <Camail> that are not done yet
00:55:47 <skrma> i believe in you buddy
00:56:12 <Camail> no time to build, it's horde night
00:57:17 <Camail> gonna save this one for when we have all 3 of us
00:59:40 -!- Micen|droid [~androirc@h54.212.18.98.dynamic.ip.windstream.net] has joined #tlponies
01:00:18 <Micen|droid> Sorry DuB` windows update
01:11:20 <skrma> im down for it tomorro cam
01:31:00 <Crisium> what is a skram
01:31:12 <skrma> a miserable pile of friendship
01:33:45 <Crisium> fren skram
01:43:45 -!- Rawr|Fone [~AndChat52@c-4eb4e655.020-164-6d6c6d4.bbcust.telenor.se] has joined #tlponies
01:52:18 <Camail> skram i made around 400 7.62 while i was prepping, which isn't as much as i'd have liked, but i got obsessed with the road and didn't do anything the else for 3 days
01:52:35 <Camail> but we dont have to use as much ammo with this set up
01:52:43 <skrma> hopefully not
01:52:49 <Camail> you can also bring over your turret
01:52:58 <Camail> i am gonna have junk ammo in the chest near the generator
01:53:04 <skrma> its alright though, i only used about 500 rounds last time
01:53:36 <Camail> i dont have enough junk ammo to last the night but i ran out of iron and time
01:53:47 <Camail> we have like 100k stone tho
01:53:51 <Camail> so we could throw that
01:54:05 <skrma> make a sea of gas and light it on fire
01:54:12 <Camail> that too
01:55:00 <Camail> after the road, i need to finish the bridge, then reinforce the base
01:55:06 <Camail> then the long hole through the mountain
01:55:16 <Camail> which is very doable with my current digging strats
01:55:22 <Camail> controlled cave-ins are great
01:55:39 <skrma> man imagine what we could do with 2 augers
01:55:43 <Camail> cut workload exponentially according to the surface area : volume ratio
01:56:00 <Camail> i could make you a lvl 5 one
01:56:16 <Camail> dunno if we have the parts
01:56:31 <Camail> motor parts are a bitch to get
01:56:42 <skrma> could do a car svac run
01:56:46 <skrma> scav
01:57:36 <Camail> do they drop from cars?
01:57:48 <skrma> yep
01:58:19 <skrma> oh right, motor tool parts
01:58:19 <Camail> then yea, that'd be worth it
01:58:20 <skrma> then no
01:58:24 <Camail> ah, yep
01:58:42 <Camail> pretty much just gotta fined low level tools or buy them from traders
01:58:48 <skrma> yeah
01:58:52 <skrma> scrappin chainsaws
01:58:52 <Camail> can do that after horde night
02:26:55 -!- Micen|robit [~androirc@h71.55.91.75.dynamic.ip.windstream.net] has joined #tlponies
03:29:33 <skrma> oh DuB` I found a proper banger https://www.youtube.com/watch?v=Noik2dTYClw
03:30:03 <skrma> <1000 views, should be obscure enough for you
03:41:25 -!- Rawr|Fone [~AndChat52@c-4eb4e655.020-164-6d6c6d4.bbcust.telenor.se] has joined #tlponies
03:48:32 -!- Cane [~Cane@CaneCraft.users.quakenet.org] has joined #tlponies
03:48:32 -!- mode/#tlponies [+o Cane] by Q
04:12:50 -!- Rawr|Fone [~AndChat52@c-4eb4e655.020-164-6d6c6d4.bbcust.telenor.se] has joined #tlponies
05:41:45 -!- Rawr|Fone [~AndChat52@c-4eb4e655.020-164-6d6c6d4.bbcust.telenor.se] has joined #tlponies
07:04:20 -!- methos [~methos@li1016-58.members.linode.com] has joined #tlponies
07:36:12 -!- Rawr|Fone [~AndChat52@c-4eb4e655.020-164-6d6c6d4.bbcust.telenor.se] has joined #tlponies
08:17:59 -!- Golly [~kvirc@cm-84.213.21.103.getinternet.no] has joined #tlponies
09:29:05 -!- reification [~thomas@cpc76294-cosh16-2-0-cust297.6-1.cable.virginm.net] has joined #tlponies
09:29:05 -!- mode/#tlponies [+v reification] by Q
09:41:33 -!- Rawr|Fone [~AndChat52@c-4eb4e655.020-164-6d6c6d4.bbcust.telenor.se] has joined #tlponies
09:47:43 -!- Dot` [webchat@5dx3.pthb.xiw1.ip] has joined #tlponies
09:47:45 <Dot`> i wake
09:47:52 <reification> hej dotties
09:48:27 <Dot`> <3
10:01:28 -!- Runbunny [~Runbunny@91.100.28.10.generic-hostname.arrownet.dk] has joined #tlponies
10:05:54 <Runbunny> Dot`, https://i.imgur.com/1UoYexJ.mp4
10:07:52 <CockRoach|42> hors hors
10:08:45 <Runbunny> CockRoach.
10:08:47 <Runbunny> Hello.
10:11:58 <Dot`> runbun, cr
10:22:46 <CockRoach|42> <3
10:24:12 <CockRoach|42> https://imgur.com/gallery/ocNGHJJ
10:24:39 -!- Micen|robit [~androirc@ip-99-203-96-83.pools.cgn.spcsdns.net] has joined #tlponies
10:36:19 -!- tredc [~tredc@c83-254-129-166.bredband.comhem.se] has joined #tlponies
10:41:27 <Runbunny> Dot`, https://i.imgur.com/tCL01hH.mp4
10:48:43 <Dot`> this is sufficently fluffy
10:51:00 -!- Rawr|Fone [~AndChat52@c-4eb4e655.020-164-6d6c6d4.bbcust.telenor.se] has joined #tlponies
11:18:16 <reification> i go
11:51:39 -!- Rawr|Fone [~AndChat52@c-4eb4e655.020-164-6d6c6d4.bbcust.telenor.se] has joined #tlponies
14:27:14 -!- Zounds [webchat@cloak-07ouvien.14-2.cable.virginm.net] has joined #tlponies
14:27:27 <Zounds> hey
14:31:27 -!- Dot|Phone [uid393803@2001:67c:2f08:8::6:24b] has joined #tlponies
14:31:35 <Dot|Phone> Pon
14:33:13 -!- reification [~reificati@80.4.218.13] has joined #tlponies
14:38:11 <Dot|Phone> Wb Reif
14:38:39 <reification> hej dotties
14:39:00 <reification> i am not really back, i am in salisbury
14:46:39 <Dot|Phone> A knock off sainsbury? 
14:59:12 -!- skram [~skram@134.19.189.36] has joined #tlponies
15:01:40 <reification> more neurotoxins dot
15:03:06 <skram> dot no
15:03:11 <skram> neurotoxins are bad for you ok
15:03:39 <reification> glados was very keen on them skram
15:04:11 <skram> well GLaDOS is not a very good person and you shouldnt imitate them, reif!
15:15:35 <Dot|Phone> I didn't do nuffin
15:15:41 <Dot|Phone> I'm a good boy
15:42:48 -!- Micen|robit [~androirc@h54.212.18.98.dynamic.ip.windstream.net] has joined #tlponies
15:46:00 -!- Rawr|Fone [~AndChat52@c-4eb4e655.020-164-6d6c6d4.bbcust.telenor.se] has joined #tlponies
15:54:20 -!- reification [~reificati@80.4.218.13] has joined #tlponies
15:59:20 -!- Rawr|Fone [~AndChat52@c-4eb4e655.020-164-6d6c6d4.bbcust.telenor.se] has joined #tlponies
15:59:32 -!- Micen|robit [~androirc@h54.212.18.98.dynamic.ip.windstream.net] has joined #tlponies
16:07:27 -!- Dot` [webchat@cloak-yh0bvvn2.123.7.51.dyn.plus.net] has joined #tlponies
16:12:52 -!- Micen|robit [~androirc@h54.212.18.98.dynamic.ip.windstream.net] has joined #tlponies
16:15:48 -!- Rawr|Fone [~AndChat52@m83-185-87-95.cust.tele2.se] has joined #tlponies
16:20:30 <Rawr|Fone> 🐴🐴🐴
16:21:48 <reification> 🦄🦄🦄
16:23:20 <Rawr|Fone> 🦓🦓🦓
16:29:12 <reification> 🦙🦙🦙
16:32:38 <Rawr|Fone> 🐫🐫🐫
16:40:31 -!- Micen|robit [~androirc@h54.212.18.98.dynamic.ip.windstream.net] has joined #tlponies
16:47:28 -!- DuB` [DuB@cpe-68-174-122-249.nyc.res.rr.com] has joined #tlponies
16:47:32 <DuB`> :O
16:50:23 <Dot`> daab
16:50:34 <DuB`> daat
16:51:02 <reification> hi dubbles
17:09:13 -!- BioPone [~androirc@mobile-166-177-58-233.mycingular.net] has joined #tlponies
17:29:00 -!- BioPone [~androirc@38.142.65.19] has joined #tlponies
17:55:27 -!- BioPhone [~androirc@38.142.65.19] has joined #tlponies
17:56:04 <BioPhone> Asdf
18:01:15 -!- BioPone [~androirc@mobile-166-177-59-28.mycingular.net] has joined #tlponies
18:03:56 <Runbunny> .choose order pasta
18:04:00 <Runbunny> Whelp.
18:42:46 -!- reification [~reificati@80.4.218.13] has joined #tlponies
18:45:45 <Runbunny> You return Reif.
18:46:21 <reification> i was having tea, there was pizza and cake :D
18:52:37 <Runbunny> That's quite the tea.
19:02:30 -!- skram [~skram@82.147.53.29] has joined #tlponies
19:02:39 <Dot`> jonas
19:03:30 <skram> ah, bjørn
19:03:33 <skram> just the boy i was lookin for
19:04:09 <skram> hows the face
19:06:18 <reification> still attached we hope
19:06:31 -!- skrma [~skram@185.212.171.211] has joined #tlponies
19:15:17 <Rawr|Fone> Jonas
19:15:20 <Rawr|Fone> Pal
19:15:22 <Rawr|Fone> Buddy
19:15:25 <Rawr|Fone> Horse
19:17:18 <skrma> Henrik
19:17:23 <skrma> polare
19:17:25 <skrma> kumpan
19:17:28 <skrma> vän
19:17:59 <Rawr|Fone> Kompis
19:18:04 <Rawr|Fone> Kamrat
19:18:25 <skrma> hmm
19:18:27 <skrma> im out of words
19:18:35 <skrma> gullibubban
19:19:32 <Rawr|Fone> Don't worry jonas
19:28:57 <Dot`> skram
19:29:16 <skrma> aye pa
19:29:17 <skrma> l
19:31:40 <Dot`> hedge
19:32:33 <skrma> i demand a shrubbery
19:40:30 <reification> careful or you’ll get cut down to size
19:42:08 <Dot`> with a little path down the middle
19:45:45 -!- Rawr|Phone [~AndChat52@c-4eb4e655.020-164-6d6c6d4.bbcust.telenor.se] has joined #tlponies
20:07:39 <reification> laters all
20:40:48 <Dot`> https://imgur.com/gallery/lxq0mjM
20:40:51 <Dot`> Honk
20:41:36 <Rawr|Phone> 🦢🦢🦢
20:55:37 -!- Rawr|Fone [~AndChat52@c-4eb4e655.020-164-6d6c6d4.bbcust.telenor.se] has joined #tlponies
21:06:35 -!- Rawr|Fone [~AndChat52@c-4eb4e655.020-164-6d6c6d4.bbcust.telenor.se] has joined #tlponies
21:10:07 -!- Camail [~Camail@45.40.84.145] has joined #tlponies
21:10:08 -!- mode/#tlponies [+v Camail] by Q
21:10:46 <Camail> no
21:10:57 <skrma> ah fuck
21:11:27 <Camail> skram dub
21:11:47 <skrma> dam skrub
21:13:56 -!- Rawr|Fone [~AndChat52@c-4eb4e655.020-164-6d6c6d4.bbcust.telenor.se] has joined #tlponies
21:15:15 <skrma> i dont know if DuB` is still alive, Camail
21:15:28 <Camail> might be playing d3
21:19:51 <Camail> hey DuB` do you want to do bunker horde night or no
21:21:41 <DuB`> O hi
21:21:42 <DuB`> Sure
21:24:15 <Dot`> dont get bit dub
21:24:28 <Dot`> keep skram at a distance
21:30:34 -!- Golly [~kvirc@cm-84.213.21.103.getinternet.no] has joined #tlponies
21:38:41 -!- reification [~thomas@cpc76294-cosh16-2-0-cust297.6-1.cable.virginm.net] has joined #tlponies
21:38:41 -!- mode/#tlponies [+v reification] by Q
21:57:27 <reification> runbunny check the 1990's section https://blog.jlist.com/featured/what-forgotten-anime-should-fans-watch/
22:00:35 <Dot`> is it golden boy?
22:01:41 <reification> immediately followed by you're under arrest!
22:02:59 <reification> the other picks are good too
22:03:04 <Runbunny> It's nice that Dokuro-chan is on the banner along with excaliburg.
22:05:02 <reification> i shall even forgive them dissing the original kanon anime...
22:05:06 <Runbunny> No excel saga :/
22:06:02 <reification> yeah that deserves a spot
22:08:04 <Runbunny> I have seen like half of the list. 
22:08:17 <reification> that means you are pretty cultured
22:08:25 <Runbunny> !!!
22:08:43 <reification> i am defo tempted to go and watch those i haven't seen
22:09:56 <reification> have seen 12, not seen 9
22:13:42 <Runbunny> Neat!
22:29:42 -!- carcinisation [~thomas@cpc76294-cosh16-2-0-cust297.6-1.cable.virginm.net] has joined #tlponies
22:29:42 -!- mode/#tlponies [+v carcinisation] by Q
22:56:09 <reification> .tell rawr https://twitter.com/CasualBoycott/status/1198039331295944704
23:00:15 -!- Rawr|Fone [~AndChat52@c-4eb4e655.020-164-6d6c6d4.bbcust.telenor.se] has joined #tlponies
23:24:49 -!- Rawr|Fone [~AndChat52@c-4eb4e655.020-164-6d6c6d4.bbcust.telenor.se] has joined #tlponies
