00:00:18 <skraam> what you up to
00:00:21 <skraam> in upside down land
00:00:35 <skraam> oh right, i guess it would be what are you down to, then
00:01:00 <Dot`> the others went to a farmers market, i chose to stay and relax 
00:01:14 <Dot`> going out to hunter valley to see things and have lunch once they are back
00:01:56 <skraam> any good farmers at the market though?
00:02:05 <Dot`> i dont know, i didnt go
00:02:12 <Dot`> i will find out when they get back
00:04:39 <skraam> maybe the got some upside down cheese
00:07:32 <Dot`> one can hope
00:07:33 -!- Crisium|2 [~Crisium@173.239.197.111] has joined #tlponies
00:10:43 <Dot`> what you up to skram
00:11:39 <skraam> i went to my sisters 30th birthday party and now im reading GRAPHIC NOVELS
00:12:09 <skraam> i love my sister and all but her family is pretty exhausting tbh
00:13:48 <Dot`> most ppl are exausting :/
00:15:33 <skraam> i guess
00:15:35 <skraam> some more than others
00:18:35 <Dot`> its true
00:35:40 -!- Rawr|Fone [~AndChat52@c-4eb4e655.020-164-6d6c6d4.bbcust.telenor.se] has joined #tlponies
00:38:47 <Dot`> time to be social
00:38:51 <Dot`> later pons
00:39:00 <skraam> uh oh
00:39:08 <skraam> cheers pal, dont forget the ground strap
00:42:15 <Dot`> dont need a helmet here at least
01:07:29 <Runbunny> I am still up it would seem.
01:08:10 <skraam> how did this happen runbun
01:09:51 <DuB`> o no
01:10:02 <Runbunny> Dunno.
01:10:09 <Runbunny> I don't really feel all that tired.
01:15:24 <DuB`> Apparently there was a big transformer fire that knocked power out to nearly 1/3 of manhattan
01:15:29 <DuB`> Dodged that, phew
01:16:12 <skraam> it happens
01:16:41 <skraam> they do make some funny noises when they go poof, too!
01:18:06 <DuB`> Dark times square would be weird
01:18:12 <DuB`> https://twitter.com/Sahid0/status/1150186823232212992
01:23:10 <DuB`> https://twitter.com/nat_zhang/status/1150188477092438022?s=20
01:23:41 <skraam> much better
01:25:06 <DuB`> Pics of the subways are kinda freaky
01:25:28 <DuB`> All stopped and pitch black with people trying to navigate around with phone lights
01:25:53 <skraam> o ya the trains are all electric arent they
01:25:58 <skraam> did they just stop
01:26:04 <DuB`> ya
01:26:09 <skraam> like in the middle of the tunnel?
01:26:14 <skraam> das a bit scary
01:26:31 <DuB`> https://twitter.com/GainerTV/status/1150189549668249601?s=20
01:26:49 <DuB`> I think they have some generators for down there, dunno
01:27:02 <skraam> probly
01:29:56 <DuB`> Lotsa vids of citizens directing traffic and cancelled broadway plays out singing on the street instead
01:30:01 <DuB`> I'm just sitting here watchin doto
01:30:16 <skraam> people are kinda cool sometimes
01:34:31 <DuB`> Huh
01:34:35 <DuB`> Today is anniversary of https://mashable.com/2015/11/02/nyc-blackout/
01:35:06 <Runbunny> Guess I'll try sleeping a bit.
01:35:32 <skraam> best of luck
01:36:05 <Runbunny> Thank.
01:37:27 -!- Rawr|Fone [~AndChat52@c-4eb4e655.020-164-6d6c6d4.bbcust.telenor.se] has joined #tlponies
01:45:02 <skraam> DuB` https://www.youtube.com/watch?v=ELKbtFljucQ
01:47:56 <DuB`> wew
01:55:08 <DuB`> https://www.youtube.com/watch?v=yRwIW0D02xw
01:56:15 <skraam> this is a very funky sauce pan
02:18:25 <DuB`> Glad nvidia were kind enough to release new SUPER rtx cards, my new 2070 or 2080 willl be more affordable now!
02:18:38 <DuB`> In a month or two
04:37:38 -!- Rawr|Fone [~AndChat52@c-4eb4e655.020-164-6d6c6d4.bbcust.telenor.se] has joined #tlponies
05:13:48 -!- Camail [~Camail@45.40.84.145] has joined #tlponies
05:13:48 -!- mode/#tlponies [+v Camail] by Q
06:21:42 -!- Dot` [webchat@9uoy.r1nm.k299.ip] has joined #tlponies
06:22:25 <Dot`> pon pon pon
06:38:11 -!- Rawr|Fone [~AndChat52@c-4eb4e655.020-164-6d6c6d4.bbcust.telenor.se] has joined #tlponies
06:42:01 <Dot`> Rawr Rawr Rawr
06:43:15 <Rawr|Fone> DoT DoT DoT
06:43:19 <Rawr|Fone> ❤❤❤
06:45:32 <Dot`> <3 <3 <3
06:45:39 <Dot`> is it not early there rawr
06:46:02 <Rawr|Fone> Not super early
06:46:06 <Rawr|Fone> 9 am
06:46:12 <Dot`> oh not so bad
06:49:20 <Dot`> hows the work hunt going?
06:49:48 <Rawr|Fone> Pretty bad
06:55:13 <Dot`> :(
06:55:22 <Dot`> job hunting is aweful
07:01:13 <Dot`> youll get it rawr <3
07:01:27 <Rawr|Fone> One day
07:19:38 <Dot`> .tell skram https://www.reddit.com/r/dwarffortress/comments/ccqek9/fanart_troll_in_boots_for_the_gladiator_tournament/
07:25:19 <Dot`> .tell runbunny https://imgur.com/gallery/bhSNJo5
07:52:46 <Dot`> what you up to today rawr
07:53:50 <Rawr|Fone> I am watching the australian open in table tennis
07:55:10 -!- Golly [Golly@cm-84.212.249.112.getinternet.no] has joined #tlponies
07:55:54 <Dot`> any interisting players?
07:55:59 <Dot`> hey golly
07:59:17 <Rawr|Fone> The third best german player is having the tournament of his life
07:59:53 <Rawr|Fone> He won against the second best chinese player and is up 3-2 against the world number 1
08:04:59 <Dot`> sounds great
08:12:00 -!- Runbunny [~Runbunny@91.100.28.10.generic-hostname.arrownet.dk] has joined #tlponies
08:12:21 <Rawr|Fone> You are great dot
08:12:28 <Dot`> no u
08:12:31 <Dot`> hey runbun
08:12:43 <Runbunny> Hai Dot.
08:12:49 <Runbunny> You certainly are great.
08:12:58 <Runbunny> Keen eyes on our very own Rawr.
08:26:44 <Dot`> you two are too kind
08:26:59 <Dot`> how are you today runbun
08:27:08 <Rawr|Fone> Anders.
08:52:40 -!- tredc [~tredc@c83-254-129-166.bredband.comhem.se] has joined #tlponies
09:10:15 -!- reification [~thomas@cpc76294-cosh16-2-0-cust297.6-1.cable.virginm.net] has joined #tlponies
09:10:15 -!- mode/#tlponies [+v reification] by Q
09:10:28 <Runbunny> Yo
09:10:38 <Runbunny> I was watching violin meme videos.
09:10:41 <Runbunny> I am pretty good.
09:10:56 <Runbunny> I have to apply to a job later.
09:11:12 <Runbunny> or rather just send an application.
09:11:56 <reification> morning tlp
09:12:21 <reification> you are going to become a professional violin memer runbun?
09:14:09 <Dot`> het reif!
09:17:50 <Dot`> gl bun
09:18:25 <Dot`> are yo applying at Catgirls Engineering Inc?
09:18:34 <Runbunny> I don't have a violin and it has been many years since I participated in any music.
09:18:44 <Runbunny> Is there such a company?
09:27:37 <reification> like catgirls runbun, sometimes you have to make a thing yourself if it doesn't exist but needs to
09:36:49 <reification> .tell dub` what are the axis on this chart? https://pbs.twimg.com/media/D_Ut_HDU0AI7SKY.jpg
10:25:01 <Rawr|Fone> Horses
10:25:47 <Dot`> rawrasaur
10:25:48 <Rawr|Fone> It seems like my wifi has magically fixed itself
10:26:32 <Dot`> i did what i could rawr
10:26:39 <reification> rawr has magical internet :O
10:27:04 <Rawr|Fone> Great job dot
10:27:17 <Rawr|Fone> Except that it didn't work during the night
10:27:28 <Rawr|Fone> But I haven't disconnected once today
10:28:42 <Dot`> ill keep working on it
10:29:32 <Rawr|Fone> Thank you my dear
10:29:37 <Dot`> <3
10:31:36 <Rawr|Fone> ❤
11:24:19 <Dot`> hows your day going runbun
12:16:58 -!- skram [~skram@212.8.252.205] has joined #tlponies
12:24:48 <Dot`> Jonas <3
12:24:53 <Dot`> its bed time
12:24:57 <skram> nooo
12:25:07 <Dot`> :(
12:25:08 <reification> g'night dotties
12:25:24 <skram> did you get any cheese at least?
12:26:02 <Dot`> no, we did go to the "Smelly cheese shop"
12:26:08 <Dot`> it was very overpriced
12:26:12 <skram> ach!
12:26:52 <Dot`> are you following the dorf fort gladiator tourny?
12:27:20 <skram> i didnt even know about it :p
12:27:51 <Dot`> wow
12:27:58 <Dot`> you dont even look at the tells i send you
12:28:24 <skram> hmmmm
12:28:33 <skram> oh yesterday
12:28:55 <Dot`> i sent you an update today too
12:29:03 <Dot`> troll in boots pic
12:29:07 <skram> haha yes
12:29:38 <Dot`> i was confused till i read the Troll in Boots backstory
12:29:57 <skram> theres a backstory, too?
12:31:19 <Dot`> each submission as a lore section
12:31:20 <Dot`> https://www.reddit.com/r/dwarffortress/comments/cc2r3d/the_fourth_annual_rdwarffortress_gladiator/
12:31:32 <Dot`> Troll in boots is simple and short
12:31:56 <Dot`> "One day not long time ago, a cat with boots challenge a troll"
12:32:20 <skram> i see it
12:32:21 <skram> hahah
12:35:37 <Dot`> i am rooting for the bear man
12:35:40 <Dot`> and the 4 kobolds
12:36:37 <skram> what about the opossum
12:37:30 <Dot`> tempting, too much chance she plays dead though
12:37:35 <Dot`> then becomes dead
12:37:48 <skram> hmm true
12:38:01 <skram> if only elephants were allowed
12:38:15 <Dot`> haha
12:38:24 <Dot`> i wonder if elephant men are allowed
12:38:45 <Dot`> there is a size limit but im not sure how they compare to minitours
12:38:48 <Dot`> which are allowed
12:39:36 <Dot`> antwomen has 4 arms, so if she can win a round or 2 could get some nice equipment
12:39:45 <skram> 4 swords!
12:39:59 <Dot`> Kenobi
12:40:34 <skram> hello there
12:44:16 <Dot`> last year had some interisting combatants
12:44:20 <Dot`> https://docs.google.com/spreadsheets/d/1J8ueZoJF9k455mhNI1exVFeEmcyMHIxKd6wrx0IgdD0/edit#gid=1449863209
12:44:36 -!- Rawr|Fone [~AndChat52@c-4eb4e655.020-164-6d6c6d4.bbcust.telenor.se] has joined #tlponies
12:44:58 <skram> these names are excellent
12:45:40 <Dot`> indeed
12:45:52 <Dot`> all good cat names
12:56:11 <Dot`> i eagrly await all this years entries
12:57:38 <skram> :D
12:57:48 <skram> antwoman hwaiting~
12:58:17 <Dot`> !!!
13:20:37 -!- Rawr|Fone [~AndChat52@c-4eb4e655.020-164-6d6c6d4.bbcust.telenor.se] has joined #tlponies
13:34:00 -!- Rawr|Fone [~AndChat52@c-4eb4e655.020-164-6d6c6d4.bbcust.telenor.se] has joined #tlponies
13:34:01 <Rawr|Fone> I thought you fixed it dot
13:44:14 -!- Kittybunny [~Runbunny@91.100.28.10.generic-hostname.arrownet.dk] has joined #tlponies
14:41:38 -!- skram [~skram@212.8.252.205] has joined #tlponies
15:01:52 <Rawr|Fone> Jonas
15:03:14 <Bio> asdf
15:07:19 -!- Crisium|2 [~Crisium@c-73-174-151-51.hsd1.pa.comcast.net] has joined #tlponies
15:24:21 -!- Rawr|Fone [~AndChat52@c-4eb4e655.020-164-6d6c6d4.bbcust.telenor.se] has joined #tlponies
15:39:31 -!- skram [~skram@85.159.237.57] has joined #tlponies
15:46:06 <Rawr|Fone> Jonas
15:46:19 <skram> Henrik, gamle ørn
15:48:14 <Rawr|Fone> How are you doing today my dear friend
15:48:39 <skram> im having chicken curry so its pretty excellent
15:48:41 <skram> how's the you
15:49:51 <Rawr|Fone> The me is doing quite alright
15:50:01 <Rawr|Fone> I am glad to hear you are as well
15:53:43 <skram> how's the new apartment
15:56:44 <Rawr|Fone> Almost as great as your face
16:01:10 -!- Rawr|Phone [~AndChat52@m83-185-89-165.cust.tele2.se] has joined #tlponies
16:19:12 -!- DuB` [DuB@cpe-68-174-122-249.nyc.res.rr.com] has joined #tlponies
16:25:37 -!- Rawr|Fone [~AndChat52@m83-185-91-132.cust.tele2.se] has joined #tlponies
17:12:54 -!- Golly [Golly@cm-84.212.249.112.getinternet.no] has joined #tlponies
17:21:10 -!- carcinisation [~thomas@cpc76294-cosh16-2-0-cust297.6-1.cable.virginm.net] has joined #tlponies
17:21:10 -!- mode/#tlponies [+v carcinisation] by Q
17:26:17 -!- reimeuk [~thomas@cpc76294-cosh16-2-0-cust297.6-1.cable.virginm.net] has joined #tlponies
17:26:17 -!- mode/#tlponies [+v reimeuk] by Q
17:35:11 <Rawr|Fone> Hors hors
18:27:34 <DuB`> Shhh rawr
18:27:38 <DuB`> Today is quiet day
18:27:47 <Micen> hi rawr and dub
18:28:49 <Rawr|Fone> DuB` skärp dig
18:28:51 <DuB`> Mocen! How are ya
18:28:54 <Rawr|Fone> Hallo moooocen
18:29:10 <Micen> im doing okay. settling down to watch hours and hours of wrestling. 
18:29:34 <Micen> Starting in Japan and then good old usa wrestling.  
18:35:21 <reimeuk> should have been watching the england sport micen
18:36:20 <reimeuk> cricket/tennis/f1 all crazy excite
18:37:09 <DuB`> O ya I missed f1
18:37:18 <DuB`> Read about some things on the twotter
18:39:30 -!- Micen|Droid [~Micen@h240.50.91.75.dynamic.ip.windstream.net] has joined #tlponies
18:40:26 <Micen> reification i did watch Wimbeldon 
18:40:34 <Micen> and before that Tour de france. 
18:40:43 <Micen> all the sports and sports entertainment today
18:41:08 <Micen> an international buffet of sports 
19:00:16 <Crisium|2> https://youtu.be/W86cTIoMv2U
19:03:18 <Crisium> https://www.youtube.com/watch?v=tGdL-34L-GE
19:05:21 -!- Dot` [webchat@9uoy.r1nm.k299.ip] has joined #tlponies
19:05:47 <Dot`> Hedge horses
19:05:57 <reification> very smol
19:06:00 <DuB`> Mmmdot
19:08:18 <Kittybunny> Hey Dot.
19:08:34 <Crisium> hedge
19:08:58 <Kittybunny> oh these cats.
19:09:33 <skram> pals
19:09:43 <Kittybunny> They are like one of the most successful predators.
19:11:41 <Dot`> skram https://imgur.com/gallery/VDm0CJb
19:11:59 <reification> all cats are murder machines
19:12:25 <skram> good panzers, dot
19:12:28 <skram> where are the girls though
19:12:57 <Dot`> i think you have to provide them sepreatly
19:16:47 <Kittybunny> Murder me please.
19:17:55 <Kittybunny> not actually though.
19:18:02 <Kittybunny> I still have things to do.
19:18:18 * reification puts away the knife
19:19:53 <skram> ill give u some of that lil death, runbun ;) ;) ;)
19:40:27 <Rawr|Fone> 🐴🐴🐴
20:23:13 <Dot`> hows is all doing?
20:23:44 <Micen|Droid> I'm doing good. Got dinner in the oven 
20:24:10 <Micen|Droid> Potatoes baking off for potato skins. 
20:25:00 <Micen|Droid> You dot? 
20:27:27 <Dot`> just woke up
20:27:41 <Dot`> wakl down to the beach for sunrise soon
20:27:51 <skram> dont go to the beach
20:28:05 <skram> there are sharks and things
20:33:51 <Dot`> i stay up on the walkway
20:36:00 <Rawr|Fone> You are always awake so early dot
20:46:52 <skram> .tell DuB` https://www.youtube.com/watch?v=uBZvydGWqa0
21:17:33 <Dot`> yes rawr, changing 9 times zones has lasting effects
21:28:00 <Bio> have you seen any drop bears yet
21:28:06 <Dot`> yes
21:28:21 <Bio> be careful
21:28:41 <Dot`> its safer than south africa
21:33:23 <Dot`> i miss DnD
21:49:40 <skram> i dont
21:49:45 <skram> you keep trying to kill us and i dont like it
21:51:02 <Dot`> its the only way i know how to show i care
21:51:17 <skram> like a cat that only knows how to bite :(
21:59:19 <Dot`> its very sad
22:06:26 <DuB`> None of the cats we met bit us
22:06:33 <DuB`> In fact they were very polite
22:09:37 -!- tredc [~tredc@c83-254-129-166.bredband.comhem.se] has joined #tlponies
22:10:06 <skram> thats just because they wanted us to join their cult
22:10:48 -!- Rawr|Phone [~AndChat52@c-4eb4e655.020-164-6d6c6d4.bbcust.telenor.se] has joined #tlponies
22:15:52 <DuB`> You mean the org I'm in
22:15:54 <DuB`> >:T
22:16:01 <DuB`> And have been for some time
22:17:01 <skram> dont trust cats
22:17:55 <reification> are you sakaki in disguise skram?
22:18:31 <skram> i dont know who that is
22:19:24 <Dot`> which cult is dub getting invited to?
22:19:44 <skram> the one that i forgot the name to
22:19:54 <skram> he was already in it, remember
22:20:00 <DuB`> Emerald Enclave lol
22:21:04 <skram> right right
22:21:18 <Dot`> they are more just fantaical support groups
22:21:21 <skram> gemstone place
22:21:27 <Dot`> fanatical*
22:21:36 <DuB`> Time for pastas and dotos
22:21:46 <Dot`> you havnt knowingly joined any true cults yet
22:21:49 <skram> not at the same time surely!!
22:22:14 <Dot`> he should be fine skram as long as he doesnt try to have water too
22:22:18 <Dot`> thats where it goes wrong
22:22:26 <skram> ah, true
22:22:28 <DuB`> Just temporarily wrong
22:22:47 <DuB`> My keyboard is amphibious at this point, in and out of the water fairly often
22:23:02 <skram> i dont think thats a good thing dubste
22:23:03 <skram> r
22:23:21 <DuB`> It's called surprise cleaning
22:23:29 <Dot`> dont take it to the bath with you
22:23:40 <skram> better a keyboard than a toaster
22:26:36 <DuB`> THOSE shanghai dragons are up 3-2 in OWL stage 3 finals
22:26:41 <DuB`> Wild
22:26:42 <skram> what
22:26:56 <skram> did everyone else have a stroke
22:27:07 <DuB`> Thems good now!
22:27:19 <DuB`> Diem+Dding is probably the best dps duo there is right now
22:27:49 <reification> skram https://www.youtube.com/watch?v=2bciUHhzmNo
22:28:18 <reification> i guess you need to add azumanga daioh to you queue :p
22:29:25 <skram> If I add it at the bottom I should be done with it some time in 2021
22:30:40 <DuB`> I do think goats ow is finally dead
22:31:16 <skram> i do wish they'd let people do duplicate heroes again
22:31:20 <skram> 3mcree meta best meta
22:31:34 <Dot`> 6 monkey is only true meta skram
22:31:37 <DuB`> 2winston 2tracer 2lucio for every koth time
22:32:08 <skram> For the last time, he's a SCIENTIST, Dot`!
22:32:26 <Dot`> a scientest moneky
22:32:35 <skram> gorilla
22:32:35 <skram> pls
22:42:28 <reification> multi orisa chain halt into the pit
22:42:40 <skram> hmm
22:42:56 <skram> the best counter to orisa pull is the orisa defensive skill
22:43:03 <skram> so its just 6 orisas trying to kill shields
22:44:24 <DuB`> OWL stage finals game 7 and TI9 NA quals grand finals at the same time!
22:44:42 <DuB`> So much to watching
22:44:51 <reification> not just sport clashing but esport clashing today
22:45:50 <skram> its been so long since ive watched dotos
22:45:56 <skram> i dont recognize most of the qual teams
22:46:06 <skram> its all veterans tho
22:52:19 <DuB`> Shanghai win!!!
22:52:38 <reification> shanghai!
22:53:22 <DuB`> Zero to hero, and all it took was... going full korean and firing all the chinese players! 
22:53:48 <skram> why are they called shanghai if they have no chinedudes
22:54:05 <DuB`> Well they tried chinese players
22:54:13 <DuB`> They went 0-40 :P
22:54:54 <reification> well there's always dotes
23:14:37 <Kittybunny> slep
23:14:45 <Kittybunny> Goodnight.
23:14:56 <DuB`> nn bun
23:23:13 <Dot`> time to go do things i guess
23:23:19 <skram> nooooo
23:23:20 <Dot`> later horses, be good <3
23:23:28 <Dot`> skram, pls get up earlier
23:23:33 <skram> okay :(
23:23:38 <Dot`> ty <3
