02:17:53 -!- Rawr|Fone [~AndChat52@c-4eb4e655.020-164-6d6c6d4.bbcust.telenor.se] has joined #tlponies
05:24:12 -!- Rawr|Fone [~AndChat52@c-4eb4e655.020-164-6d6c6d4.bbcust.telenor.se] has joined #tlponies
05:56:43 -!- Golly [Golly@cm-84.213.21.103.getinternet.no] has joined #tlponies
06:32:42 -!- DoT` [~Dot@90.212.77.189] has joined #tlponies
06:33:37 <DoT`> mornign all
06:48:47 <Camail> sleep
06:48:52 <DoT`> no
06:58:06 -!- Runbunny [~Runbunny@91.100.28.10.generic-hostname.arrownet.dk] has joined #tlponies
06:58:19 <Runbunny> Hai.
06:58:21 <DoT`> Runbun <3
06:58:38 <Runbunny> You're not phone dot today? O:
06:59:43 <DoT`> nope, working from home
06:59:53 <DoT`> im not working yet, but i am home
06:59:56 <DoT`> which is nice
07:08:13 <Runbunny> Neat.
07:14:40 -!- Rawr|Fone [~AndChat52@c-4eb4e655.020-164-6d6c6d4.bbcust.telenor.se] has joined #tlponies
07:15:51 <DoT`> rawr rawr rawr
07:17:26 <Runbunny> rawr rawr rawr.
07:31:23 -!- Rawr|Fone [~AndChat52@c-4eb4e655.020-164-6d6c6d4.bbcust.telenor.se] has joined #tlponies
07:38:14 -!- Rawr|Fone [~AndChat52@c-4eb4e655.020-164-6d6c6d4.bbcust.telenor.se] has joined #tlponies
08:15:14 -!- Rawr|Fone [~AndChat52@c-4eb4e655.020-164-6d6c6d4.bbcust.telenor.se] has joined #tlponies
08:21:42 <Rawr|Fone> Pon pon
08:24:00 <DoT`> Rawr!
08:24:08 <DoT`> <3 <3 
08:24:13 <Rawr|Fone> DoT`!
08:24:16 <Rawr|Fone> ❤❤
08:40:22 -!- Rawr|Fone [~AndChat52@c-4eb4e655.020-164-6d6c6d4.bbcust.telenor.se] has joined #tlponies
08:56:01 -!- skram [~skram@195.181.173.201] has joined #tlponies
09:00:15 <DoT`> Jonas friend <3
09:02:40 <skram> Dot pal <3
09:02:50 <skram> Are you working hard
09:08:08 <DoT`> yip
09:14:16 <Rawr|Fone> Jonas dear
09:14:24 <Rawr|Fone> Dot my internet is bad today
09:14:46 <DoT`> i see so rawr
09:14:51 <DoT`> :(
09:15:25 <skram> Henrik pal, come on over and you can use some of mine
09:17:24 <Rawr|Fone> Thank you jonas
09:29:42 <DoT`> ive done like an hour of work skram, can i stop for the day now
09:31:22 <skram> well is anyone gonna check your work?
09:59:47 -!- reification [~thomas@cpc76294-cosh16-2-0-cust297.6-1.cable.virginm.net] has joined #tlponies
09:59:47 -!- mode/#tlponies [+v reification] by Q
10:01:19 <reification> morning tlp
10:01:41 <Runbunny> Hai.
10:01:49 <skram> reifmannen
10:01:56 <reification> bun skram
10:02:39 -!- tredc [~tredc@c83-254-129-166.bredband.comhem.se] has joined #tlponies
10:08:32 <skram> i got paid today
10:08:34 <skram> whoop whoop
10:10:30 <DoT`> time for lego, anime and cheese
10:10:34 <DoT`> hey reif
10:10:52 <skram> I wish, DoT`
10:11:18 <skram> Im gonna put 1/3rd of it my savings account instead
10:11:50 <DoT`> very responsable
10:12:10 <Runbunny> O:
10:12:30 <Runbunny> Wealthy man Jonas.
10:12:55 <skram> naw im just cheap
10:13:31 <Runbunny> Stingy?
10:13:55 <skram> sometimes
10:14:20 <reification> skram you need to investigate new cheeses to find ones to recommend for me
10:16:03 <skram> The selection in this small town I live in is pretty bad, reification
10:16:15 <Runbunny> You don't import cheese?
10:16:49 <skram> i personally dont import cheese, no :P
10:17:35 <skram> well theres not that many people so why would the local store carry a huge stock
10:19:19 -!- carcinisation [~thomas@cpc76294-cosh16-2-0-cust297.6-1.cable.virginm.net] has joined #tlponies
10:19:19 -!- mode/#tlponies [+v carcinisation] by Q
10:19:31 <skram> i had this lately carcinisation https://en.wikipedia.org/wiki/Kraftkar
10:19:53 <skram> i also learned that there's a world cheese awards
10:20:01 <carcinisation> world champion :O
10:23:56 <Runbunny> https://en.wikipedia.org/wiki/Guild_of_Fine_Food
10:24:11 <Runbunny> Last year's winner looks pretty interesting.
10:24:16 <Runbunny> I'd eat that.
10:24:26 <Runbunny> Speaking of eating, I'll make some lunch.
10:24:45 <skram> Fana, eh
10:25:06 <skram> famous for having easily combustible churches
10:25:11 <carcinisation> repeated wins for ossau-iraty :D
10:26:52 <carcinisation> you might find it hard to get runbun
10:27:14 <carcinisation> the man who makes it only has 12 cows apparently
10:27:26 <carcinisation> https://www.theguardian.com/food/shortcuts/2018/dec/17/the-best-cheese-in-the-world-is-running-out-fast-what-should-we-eat-instead
10:30:46 <skram> he should probably get some more cows
10:34:31 <Runbunny> Hahaha.
10:34:34 <Runbunny> Indeed.
10:46:48 -!- Cane [~Cane@CaneCraft.users.quakenet.org] has joined #tlponies
10:46:48 -!- mode/#tlponies [+o Cane] by Q
10:52:14 <carcinisation> https://twitter.com/PandasAndGaming/status/1172422556495646726
11:01:25 -!- Dot [~Dot@90.212.77.189] has joined #tlponies
11:05:16 <carcinisation> runbunny https://twitter.com/40hara/status/1171561763000578053
11:12:23 <Runbunny> Cute.
11:12:31 -!- Rawr|Fone [~AndChat52@c-4eb4e655.020-164-6d6c6d4.bbcust.telenor.se] has joined #tlponies
11:14:17 <Dot> i return
11:15:38 <carcinisation> wb dotties
11:22:16 <Dot> this work is boring
11:23:21 <Dot> export screen file to twt, open it in notepad, change white to red, black to white then red to black. save, close, import, start again with next page
11:23:30 <Dot> all with a very small lag on this vm for some readon
11:23:33 <Dot> reason
11:35:43 <Rawr|Fone> D:
12:07:08 <Cane> Deep Rock Galactic is free on Steam if you get it within 3 days or so.
12:07:13 <Cane> Might be worth picking up.
12:21:59 <Golly> i paid for that but havent played yet ><
12:40:05 <carcinisation> oh a free weekend nice
12:47:09 <carcinisation> runbunny https://twitter.com/pewdiepie/status/1172204106271940609
12:49:32 <carcinisation> .tell bio https://www.youtube.com/watch?v=OcCRZkeqFY8
12:51:18 <carcinisation> skram https://twitter.com/41Strange/status/1172234354262761472
13:00:27 -!- Rawr|Fone [~AndChat52@c-4eb4e655.020-164-6d6c6d4.bbcust.telenor.se] has joined #tlponies
13:10:11 -!- skrma [~skram@37.120.149.164] has joined #tlponies
13:10:53 <skrma> last one looks like the guardian of the forest that is also tired of your shit, reif
13:29:08 <Dot> .tell Dub` TL Dota left TL?
13:38:07 <CockRoach|42> .tell zounds happy zounds day!
13:46:23 <Runbunny> I must go friends.
13:46:29 <skrma> Anders! No!
13:46:35 <Runbunny> Anders! yes.
13:47:00 <skrma> Be careful
13:47:03 <Rawr|Fone> Anders! Nej!
13:47:09 <Rawr|Fone> Bring your helmet
13:47:16 <skrma> Dont break your arm like your pal did
13:48:01 <Runbunny> I have to bike 20 kilometers
13:48:09 <skrma> thats too far
13:48:15 <Runbunny> I will be wearing my helmet. and not break my arm.
13:48:49 <Runbunny> I will send you pictures of animals if I see them Jonas.
13:48:53 <Rawr|Fone> Do your best my friend
13:48:59 <skrma> you're a good friend, runbun
13:49:09 <Runbunny> I try sometimes.
14:31:07 <Dot> no work skram?
14:31:24 <skrma> its the weekend, dot!
14:31:41 <Dot> its friday
14:32:05 <skrma> precisely
14:32:25 <Dot> thats not weekend
14:32:38 <skrma> yes
14:45:44 <skrma> I wish to play a computer game, Dot
14:45:47 <skrma> do you know of any good ones
14:46:17 <Dot> dorf fort
14:46:17 -!- Rawr|Fone [~AndChat52@c-4eb4e655.020-164-6d6c6d4.bbcust.telenor.se] has joined #tlponies
14:46:59 <skrma> no
14:48:06 <Dot> hmm
14:49:10 <skrma> think im gonna try the new tropico
14:49:19 <skrma> i wanna do a city management/builder thing
14:52:17 <Dot> thats dorf fort
15:11:46 <Dot> have you tried rimword skram
15:12:02 <Dot> its even got a useable UI
15:13:38 <skrma> blasphemy
15:13:46 <skrma> actually i forgot about rimworld
15:28:33 -!- Rawr|Fone [~AndChat52@c-4eb4e655.020-164-6d6c6d4.bbcust.telenor.se] has joined #tlponies
15:54:56 -!- Camail [~Camail@45.40.84.145] has joined #tlponies
15:54:56 -!- mode/#tlponies [+v Camail] by Q
16:05:08 <Dot> cam
16:05:30 <Camail> dot
16:05:33 <Camail> hello
16:05:39 <Camail> welcome to the weekend
16:05:44 <Camail> i'll be your host
16:13:16 <Camail> .tell runbunny i got a scorching ray enchant from blight
16:15:58 -!- reification [~thomas@cpc76294-cosh16-2-0-cust297.6-1.cable.virginm.net] has joined #tlponies
16:15:58 -!- mode/#tlponies [+v reification] by Q
16:30:01 -!- Rawr|Fone [~AndChat52@c-4eb4e655.020-164-6d6c6d4.bbcust.telenor.se] has joined #tlponies
16:30:19 <Rawr|Fone> Horse
16:31:48 <Dot> horse
16:41:54 <Rawr|Fone> Dot Dot
16:44:29 <Dot> Rawr Rawr
16:46:18 <Rawr|Fone> ❤❤
16:46:34 <Rawr|Fone> How has your day been dot my dear
16:47:38 <Dot> <3 <3
16:47:45 <Dot> good rawr
16:47:50 <Dot> yours?
16:48:39 <Rawr|Fone> Good good
16:48:52 <Rawr|Fone> I have started doing an online programming course
16:49:10 <Rawr|Fone> It's supposed to help you build a portfolio
16:49:19 <Rawr|Fone> Maybe I can get a job after this
16:55:25 -!- DoT` [~Dot@90.212.77.189] has joined #tlponies
16:55:28 <DoT`> im sure you will rawr
16:59:40 <Rawr|Fone> I hope so dot
17:09:12 <Rawr|Fone> One day I will be a real adult
17:12:06 -!- BioPhone [~androirc@mobile-166-175-184-102.mycingular.net] has joined #tlponies
17:12:38 <DoT`> its not worth it rawr
17:13:22 <Rawr|Fone> I am aware of that 
17:40:29 <DoT`> what you end up getting skram?
17:42:35 -!- Rawr|Fone [~AndChat52@c-4eb4e655.020-164-6d6c6d4.bbcust.telenor.se] has joined #tlponies
17:43:15 <BioPhone> Hej
17:43:24 <BioPhone> Bek 2 basement
17:52:53 <DoT`> is bio working on super secret stuff
17:57:00 -!- Dot [~Dot@90.212.77.189] has joined #tlponies
17:57:33 <Camail> oh, there's a skram
18:20:45 -!- DoT|Phone [~Dot@90.212.77.189] has joined #tlponies
18:23:47 <Camail> is skram a zombie
18:24:34 <DoT|Phone> Just a horse
18:41:40 <skrma> i am neither
18:41:41 <skrma> you whores
18:43:23 <DoT|Phone> very defensive
18:46:24 <DoT|Phone> watching planet earth 2, Bobcats are great Runbun
19:11:24 -!- Rawr|Fone [~AndChat52@c-4eb4e655.020-164-6d6c6d4.bbcust.telenor.se] has joined #tlponies
19:25:20 <Camail> runbun is not here
19:25:27 <Camail> neither is dub
19:25:32 <Camail> where are these nerds
19:29:52 -!- DoT|Phone1 [~Dot@85.255.235.70] has joined #tlponies
19:31:41 -!- DoT|Phone [~Dot@90.212.77.189] has joined #tlponies
19:34:53 <skrma> runbun is riding is bike
19:35:22 <skrma> dub is browsing hentai doujins (probably)
19:37:45 -!- DoT|Phone1 [~Dot@85.255.235.70] has joined #tlponies
19:37:58 -!- DoT|Phone2 [~Dot@90.212.77.189] has joined #tlponies
19:47:30 -!- DoT` [DoT@90.212.77.189] has joined #tlponies
19:49:19 <Camail> how are you today, skram
19:49:30 <Camail> dot as well
19:51:01 <DoT`> i am pretty good
19:51:24 <skrma> I got paid today and managed to not waste all of it
19:51:29 <skrma> so im doing pretty well
19:51:39 <skrma> did you do uber elder yet cam
19:51:54 <Camail> no, i havent even done shaper yet
19:52:02 <Camail> i slowed down a lot the last few days
19:52:11 -!- DoT|Phone [~Dot@90.212.77.189] has joined #tlponies
19:52:11 <skrma> have you gone soft cam?
19:52:14 <Camail> but i think i'm gonna do shaper tonight
19:52:20 <Camail> i'm never soft, skram
19:52:28 <Camail> firm, yet pliable
19:53:25 <skrma> like the mighty ash
19:53:50 <DoT`> or the larch
19:54:57 -!- DoT|Phone1 [~Dot@85.255.235.53] has joined #tlponies
19:55:20 -!- DoT|Phone2 [~Dot@90.212.77.189] has joined #tlponies
19:55:30 <skrma> so there's a company making brand new nixie tubes and clocks and stuff that are really sexy
19:55:42 <skrma> https://millclock.com/nixie-clock/63-90-zin18-new-nixie-tube-clock-silver-aluminium-rounded-case-with-transparent-glass-cover#/39-base-matt_base_of_tube
19:56:11 -!- DoT|Phone [~Dot@90.212.77.189] has joined #tlponies
19:56:45 <skrma> maybe ill be fine without
19:56:49 -!- Rawr|Fone [~AndChat52@c-4eb4e655.020-164-6d6c6d4.bbcust.telenor.se] has joined #tlponies
19:56:50 -!- DoT|Phone1 [~Dot@85.255.235.53] has joined #tlponies
19:56:52 <DoT`> probably not
19:57:28 -!- DoT|Phone [~Dot@90.212.77.189] has joined #tlponies
19:57:28 <skrma> contain ur fone, DoT`
19:57:46 <DoT`> im trying
20:00:02 <skrma> the 4-digit one is a steal at only 859 dollarydoos
20:06:32 <DoT`> make your own skram
20:08:52 <skrma> I have a kit in a box somewhere actually
20:24:21 -!- DuB` [DuB@cpe-68-174-122-249.nyc.res.rr.com] has joined #tlponies
20:24:23 <DuB`> wew
20:24:28 <DoT`> is this a dub?
20:24:35 <DuB`> I... I think so.
20:24:41 <DoT`> i thought he became too corprate for us
20:24:44 <DuB`> :(
20:24:49 <DoT`> <3
20:24:58 <DoT`> busy week dub?
20:25:05 <DuB`> My company is a limited liabitily partnership, not a corporation!
20:25:12 <DuB`> Ya ya
20:25:15 <DoT`> oh
20:25:17 <DoT`> its a cult
20:25:34 <DuB`> Something like that.
20:26:11 <DuB`> Hmmm pizza when
20:26:20 <skrma> never
20:26:24 <skrma> pizza is illegal now
20:26:37 <DuB`> Oh
20:26:52 <DuB`> Well what if I said LOOKIT THIS https://www.youtube.com/watch?v=facDr2lTAUM
20:27:24 <DuB`> Especially 1:36:20
20:28:59 <skrma> well it goes through and over a bunch of mountains so there is snow sometimes
20:29:14 <skrma> you should watch the 8 hour broadcast of the whole trip, DuB`
20:29:31 <DuB`> :D
20:29:38 <DuB`> AND two episodes of critrole
20:38:47 <DuB`> CCP Grey's latest video is brilliant, by the way https://www.youtube.com/watch?v=Ex74x_gqTU0
20:39:06 <DuB`> He's such a good writer/speaker and so funny
20:39:38 <Golly> he shouldve teamed up with lemmino and gone even deeper
20:44:48 <Golly> https://www.rockpapershotgun.com/2019/09/12/rune-2-release-date/ wait what
20:45:08 <Golly> fukken loved rune, but didnt know about this somehow
20:46:49 <Golly> doesnt look too good lul
21:22:48 -!- Runbunny [~Runbunny@91.100.28.10.generic-hostname.arrownet.dk] has joined #tlponies
21:23:03 <Runbunny> Hai.
21:23:17 <Runbunny> I didn't see any animals Jonas.
21:23:40 <Runbunny> but it's friday the 13th and it's a full moon out.
21:23:54 <DuB`> Spoopeh
21:24:34 <Runbunny> Camail, I have gotten Flameblast now, scorching ray was just a filler.
21:24:37 <Runbunny> Hai Dub.
21:24:43 <DuB`> Hallu
21:25:16 -!- Rawr|Fone [~AndChat52@c-4eb4e655.020-164-6d6c6d4.bbcust.telenor.se] has joined #tlponies
21:26:03 <skrma> Anders. You're alive.
21:26:59 <Runbunny> Yeah easy.
21:27:17 <Runbunny> I didn't drive down the scary path next to the train tracks.
21:27:33 <Camail> runbun i'm almost 94, i missed doing end game with ranged builds
21:28:00 -!- BioPhone [~androirc@100.45.40.126] has joined #tlponies
21:28:01 <Camail> melee needs to be so tanky to face tank, unless you're cyclone
21:28:13 <BioPhone> What's the happy hap.
21:28:16 <BioPhone> Horsens
21:28:20 <BioPhone> Werk done
21:28:29 <BioPhone> Now to eat on company dime
21:28:32 <Runbunny> Yeah.
21:28:41 <Runbunny> Hai bio.
21:28:51 <BioPhone> I was at a customer, they had the bad internet
21:29:35 <DoT`> was it all in a secret underground bunker bio?
21:32:48 <BioPhone> Basically
21:34:19 -!- BioPone [~androirc@mobile-166-175-191-246.mycingular.net] has joined #tlponies
21:39:44 <BioPone> Company paying for my food def makes it taste better
21:41:01 <Runbunny> Yes. People usually say that hunger is the best spice. However I'll argue that free is pretty up there.
21:53:30 <Camail> runbun they swapped 3-socket and 1-socket resonator rarity for the first week of the league
21:53:45 <Camail> single sockets were going for like 2c each
22:06:25 <Runbunny> lel.
22:13:00 -!- Rawr|Fone [~AndChat52@c-4eb4e655.020-164-6d6c6d4.bbcust.telenor.se] has joined #tlponies
22:22:55 <DoT`> pon pon
22:23:21 <Runbunny> DoT`.
22:23:26 <Runbunny> I am gonna go sleep.
22:23:34 <DoT`> gnight bun <3
22:23:40 <DoT`> sleep well
22:27:09 <Runbunny> Yes.
22:55:42 -!- Rawr|Fone [~AndChat52@c-4eb4e655.020-164-6d6c6d4.bbcust.telenor.se] has joined #tlponies
23:03:00 <skrma> DoT` i made a nuclear powerplant in this communist utopia in tropico and it immediatly caught on fire
23:03:11 <skrma> thankfully theres no graphite on the ground, of course.
23:03:25 <DuB`> These things happen
23:03:30 <DuB`> As long as you learned something
23:04:01 <DoT`> skram, just dont pick up the black rocks with bare hands
23:04:23 <DoT`> and collect all your sand and boron in the meantime
23:04:28 <DoT`> unrealted to the fire
23:04:35 <DoT`> unrelated*
23:09:08 <skrma> of course
23:09:16 <skrma> i wonder how much liquid nitrogen these guys got
23:19:57 -!- Dot [~Dot@90.212.77.189] has joined #tlponies
23:42:56 <Camail> skrma if you wanna start the league just ping me
23:56:54 -!- Dot [~Dot@90.212.77.189] has joined #tlponies
