01:56:24 -!- Camail [~Camail@45.40.84.145] has joined #tlponies
01:56:24 -!- mode/#tlponies [+v Camail] by Q
01:59:33 <Camail> DuB`  critrul soon
01:59:42 <Camail> also you should watch the colbert solo session
02:00:01 <Camail> it's a legit session
05:05:13 -!- BioSC [~BioPon@97.70.165.146] has joined #tlponies
05:56:47 -!- Golly [Golly@cm-84.212.249.112.getinternet.no] has joined #tlponies
06:34:52 <DoT|Phone> Morning
06:55:28 <Rawr|Fone> DoT DoT DoT
06:55:32 -!- DoT|Phone1 [~Dot@185.69.145.236] has joined #tlponies
06:55:40 <Rawr|Fone> Pls
06:57:42 <DoT|Phone1> Rawr Rawr Rawr
06:58:04 <Rawr|Fone> 💖💖💖
06:58:12 <DoT|Phone1> 💖💖💖
08:42:48 <Rawr|Fone> 🐴🐴🐴
09:12:54 <DoT|Phone1> Rawr horse. how's your day
09:14:50 -!- Micen [~Micen@h188.24.16.98.dynamic.ip.windstream.net] has joined #tlponies
09:17:42 <DoT|Phone1> hey Micen
09:17:55 <Micen> hello
09:18:01 <Micen> morning Dot. 
09:20:41 <Rawr|Fone> Pretty good so far dotpon
09:20:47 <Rawr|Fone> About to go to the gym
09:20:53 <Rawr|Fone> Good morning mooocen
09:24:35 <DoT|Phone1> Micen. DnD soooon
09:24:38 <DoT|Phone1> hype?
09:24:43 <Micen> no.
09:24:52 <DoT|Phone1> aww
09:25:10 <Micen> ive spend the last hour setting up a google form, and filling it over and over again so i know the crew
09:25:40 <Micen> im growing  tired of this prep. but it only needs to be done once. 
09:26:40 <DoT|Phone1> I have like 3 lines on each important npc. main descriptors.
09:27:03 <DoT|Phone1> at most I have a few common phrases/words after that
09:27:08 <Micen> I have this im filling out (as much as I can) 
09:27:08 <Micen> https://forms.gle/iyYuBDgWejdXTMwf9
09:27:27 <DoT|Phone1> can't check from phone
09:28:00 <Micen> ahh. its just simple stuff. but tedious work. I just want to be able to give names to your fellow pirates. 
09:28:35 <DoT|Phone1> John Mark Bob Dave
09:29:06 <DoT|Phone1> aka peasant 1 to 4
09:29:26 <Micen> But what about Giffer Tibbs, or Barefoot Samms Toppin?
09:29:55 <DoT|Phone1> peasant 5 to 7
09:30:43 <Micen> im enjoying myself. the grumbling is just a part of my process for working through things. 
09:30:46 <DoT|Phone1> I only care so far about cleric lady who have me my book back
09:30:56 <DoT|Phone1> gave me*
09:30:59 <Micen> I do have that noted. 
09:31:08 <DoT|Phone1> the rest can die
09:32:02 <DoT|Phone1> *will die
09:32:06 <Micen> What about the fiddler halfling who you agreed to help?
09:32:47 <DoT|Phone1> she's may be of use
09:33:50 -!- Runbunny [~Runbunny@91.100.28.10.generic-hostname.arrownet.dk] has joined #tlponies
09:34:05 <Runbunny> Hai.
09:34:21 <DoT|Phone1> Angel!
09:34:27 <Runbunny> Dot Dot!
09:34:29 <Micen> Hello
09:34:33 <Runbunny> It's friday.
09:35:07 <Micen> you mean
09:35:07 <Micen> https://www.youtube.com/watch?v=kfVsfOSbJY0
09:36:07 <Runbunny> I was thinking more the lines of this Micen https://i.redd.it/09lmlw3n73031.jpg
09:37:32 <DoT|Phone1> ?morning
09:40:28 <Micen> no 
09:40:41 <Micen> its been over a year since i clicked this link. 
09:40:48 <Micen> Why would you do this DoT|Phone1 
09:40:50 <Micen> Why?!
10:16:43 <DoT|Phone1> blame cane
10:51:06 -!- Rawr|Phone [~AndChat52@m83-185-82-181.cust.tele2.se] has joined #tlponies
11:18:53 -!- skram [~skram@109.236.83.63] has joined #tlponies
11:20:28 <DoT|Phone1> Skram old friend
11:20:46 <skram> Dot ol' chum
11:21:03 <Rawr|Phone> The jonas!
11:21:05 <DoT|Phone1> how you bean
11:21:49 <skram> I slept soo looong
11:21:50 <skram> it was great
11:21:56 <skram> Henrik of Henriks
11:21:59 <DoT|Phone1> sleep is nice
11:22:11 <skram> what you up to
11:22:26 <DoT|Phone1> I was woken at 5am by a noise and didn't get back to sleep till about 6
11:27:04 <DoT|Phone1> but otherwise just working
11:27:09 <DoT|Phone1> it's Friday though
11:31:31 <skram> friday woo
11:31:46 <skram> only 36 more work hours to go
11:34:15 <DoT|Phone1> Huzzah
12:21:32 -!- Zounds [webchat@cloak-07ouvien.14-2.cable.virginm.net] has joined #tlponies
12:21:36 <Zounds> hey
12:21:51 <skram> good afternoon mr zounds
12:22:50 <Zounds> skram buddy
12:23:36 <skram> how you doin
12:29:08 <Zounds> doing okay
12:43:10 -!- Rawr|Fone [~AndChat52@84-217-62-32.customers.ownit.se] has joined #tlponies
13:41:10 <Rawr|Fone> Hors hors
13:49:00 -!- DoT|Phone [~Dot@232.123.7.51.dyn.plus.net] has joined #tlponies
13:52:19 -!- tredc [~tredc@c83-254-129-166.bredband.comhem.se] has joined #tlponies
13:59:49 -!- DoT|Phone1 [~Dot@185.69.145.189] has joined #tlponies
14:08:00 <DoT|Phone1> pon pon
14:10:41 <skram> dot why are you still at work
14:11:20 -!- DoT|Phone [~Dot@185.69.145.189] has joined #tlponies
14:16:34 -!- DoT|Phone1 [~Dot@185.69.145.192] has joined #tlponies
14:17:05 <Rawr|Fone> Why are you not at work jonas
14:22:12 <DoT|Phone1> I'm not Skram
14:22:18 <DoT|Phone1> I'm heading back to Bakewell
14:22:40 <Rawr|Fone> Good pon
14:24:39 <DoT|Phone1> your the good pon Rawr
14:25:28 <Rawr|Fone> No u
14:57:17 <Runbunny> Zounds,  I finally completed Heavenward.
15:28:13 -!- DuB` [DuB@65-130-49-94.slkc.qwest.net] has joined #tlponies
15:29:12 -!- Dot` [Dot@90.209.64.71] has joined #tlponies
15:29:16 -!- DoT|Phone [~Dot@90.209.64.71] has joined #tlponies
15:29:48 <Dot`> hello horses
15:31:24 <Dot`> i forgot the HDMI cable
15:31:34 <Dot`> rip, only 13" laptop screen for me
15:33:30 <Runbunny> Oh noes.
15:33:49 <Runbunny> What adventures are you up to Dot?
15:34:31 <DuB`> Is dot in the WILDERNESS?
15:34:32 <Dot`> im in bakewell for the long weekend
15:34:45 <Dot`> the sticks
15:35:16 <skram> the districts
15:39:35 <Dot`> there should be an RS32 around here somwhere
15:41:43 <Runbunny> What is in Bakewell?
15:42:04 <Dot`> my mother
15:42:48 <Runbunny> Give her my salutations and reassurences that we're treating you well.
15:43:00 <skram> are you, though?
15:45:26 <DuB`> All dot really needs to survive is dnd, so I think we're doing fine
15:45:39 <skram> rip
15:52:22 <Zounds> gj completing HW Runbunny
15:52:25 <Zounds> pretty good ending eh
15:52:40 <Zounds> DuB`: have you seen the McCree buff on PTR
15:53:09 <DuB`> Ya
15:53:14 <DuB`> pewpewpewpewpewpew
15:53:25 <Zounds> It's gonna fuck my aim up so bad for a while :D
15:53:32 <Zounds> assuming it makes it in
15:54:06 <DuB`> Yeah haha, 3 years of acclimitization to redo
15:56:28 <Dot`> i found the calbe
15:56:31 <Dot`> cable
16:10:07 <skram> asdf
16:10:18 <Dot`> skram
16:13:35 <Dot`> wtf, now it decides to forget my roll20 password
16:36:53 <Zounds> never trust the machines
16:37:42 <Dot`> luckly had gmail on my phone so i could reset it, it recalled my password every day except now im not near my pc with my password list
16:37:52 <Dot`> useless
16:38:33 -!- Camail [~Camail@45.40.84.145] has joined #tlponies
16:38:33 -!- mode/#tlponies [+v Camail] by Q
16:44:42 <Runbunny> Well zounds. I mean there's a big dragon on the loose and an impeding war. There's troubles in Doma that are kinda ominous.
16:45:48 <Runbunny> The warrior of darkness thing did seem a little just thrown in there for the hell of it.
16:46:56 <Zounds> It's not
16:49:18 <Dot`> runbun, if you just played the previous 17 games it would make sense
16:50:07 <Zounds> that's not really how final fantasy works
16:50:21 <Zounds> I've barely played any of them but they are self contained although they do share themes and certain things
17:07:32 <Runbunny> Moogles are one.
17:19:13 <Dot`> https://www.reddit.com/r/mylittlepony/comments/bsh0w0/the_dd_show_critical_role_will_be_having_a_one/
17:30:57 -!- Zounds [webchat@cloak-07ouvien.14-2.cable.virginm.net] has joined #tlponies
17:32:46 -!- skrm [webchat@pioj.eid3.887x.ip] has joined #tlponies
17:32:51 <skrm> asdf
17:33:04 <Dot`> skrm
17:33:09 <skrm> yes
17:33:18 <Dot`> i missed you
17:35:51 -!- Rawr|Phone [~AndChat52@m83-185-83-162.cust.tele2.se] has joined #tlponies
17:36:23 <skrm> thanks buddy
17:41:37 <Micen|Droid> Hello!
17:43:21 <Rawr|Phone> Skrm
17:43:29 <Rawr|Phone> And a moocen
17:43:51 <skrm> hallo moocen
17:43:53 <skrm> henrique
17:44:22 <Rawr|Phone> How are you jonas
17:49:14 -!- DoT|Phone1 [~Dot@90.209.64.71] has joined #tlponies
17:49:18 <skrm> im just waiting to die, now
17:49:20 <skrm> im a bit bored
17:49:46 <Dot`> but skram, who will recomend anime to me?
17:50:59 -!- DoT|Phone [~Dot@90.209.64.71] has joined #tlponies
17:51:19 <Rawr|Phone> What about all the cats on the internet you haven't seen skrammypants
17:52:20 <skrm> good point
17:52:34 <skrm> i must see them all
17:55:16 <Camail> dot have you watched anymore of the one shot
17:56:01 <Dot`> i finished it
17:56:13 <Dot`> it was great stuff
17:56:28 <Dot`> did dub watch it
17:57:26 <Rawr|Phone> Probably not
17:58:37 <Dot`> doe sdub try to dissapoit or is it natural for him?
17:59:53 <Camail> i think it's his base state
18:00:09 <Camail> in earths sea level atmospheric pressure, of course
18:00:21 <Camail> he might be less useless in higher altitudes
18:11:57 -!- Golly [Golly@cm-84.212.249.112.getinternet.no] has joined #tlponies
18:15:30 -!- Rawr|Fone [~AndChat52@m83-185-83-162.cust.tele2.se] has joined #tlponies
18:32:11 -!- Zounds [webchat@cloak-07ouvien.14-2.cable.virginm.net] has joined #tlponies
18:49:32 -!- DoT|Phone1 [~Dot@85.255.234.63] has joined #tlponies
18:52:25 -!- DoT|Phone2 [~Dot@90.209.64.71] has joined #tlponies
19:16:48 <Dot`> rawr
19:16:57 <Dot`> hows your friday
19:17:16 <Rawr|Fone> Dot
19:19:20 <Dot`> rawr
19:19:24 <Dot`> <3
19:19:29 <Rawr|Fone> ❤
19:19:33 <Rawr|Fone> Not doing much
19:19:44 <Dot`> hows spike?
19:40:05 <Cane> It's an inky dinky do dah morning.
19:47:53 <Dot`> hey cane <3
19:49:07 <CockRoach|42> Dot`: is has come to my attention that it's... DOGGO DAY!
19:50:05 <Dot`> YES
19:50:35 <Dot`> https://www.reddit.com/r/DnD/comments/bshxx2/art_dungeons_and_doggos_103_smells_fishy/
19:50:45 <Dot`> this doggo is very suspicious
19:51:49 <CockRoach|42> such silly doggos
19:52:01 <Dot`> indeed
20:17:22 <Dot`> skrm! https://imgur.com/gallery/Wc3parT
20:17:24 <Dot`> runbun
20:25:21 -!- Camail [~Camail@45.40.84.145] has joined #tlponies
20:25:21 -!- mode/#tlponies [+v Camail] by Q
20:26:20 <Dot`> skrm https://imgur.com/gallery/JbLbdkG
20:52:57 -!- Crisium [~Crisium@c-73-174-151-51.hsd1.pa.comcast.net] has joined #tlponies
20:53:25 <Dot`> cris pon <3
20:53:35 <Crisium> howdy
20:55:30 <Zounds> Crisium lad
21:02:19 <DuB`> Back from SUIT shopping
21:04:24 <Crisium> zoot suit
21:09:54 <Rawr|Fone> Spike is acting normal so far dot
21:09:57 <Rawr|Fone> No changes
21:10:24 <Dot`> good to hear rawr <3
21:14:36 <Rawr|Fone> ❤❤❤
21:15:34 <skrm> i hope you got a zoot suit
21:15:37 <skrm> you'd look great
21:20:16 <Dot`> you see cats skrm
21:23:07 <skrm> who names their cat coral
21:25:48 <BioSC> hedge
21:26:52 <Crisium> BioStarCraft
21:27:03 <BioSC> crispy
21:27:06 <BioSC> pone
21:27:14 <Crisium> it's true what they say
21:27:43 <BioSC> i made some p tasty rice n meat n shit tonight
21:37:51 <Dot`> i havnt watched mostly walking in a long time, but day9 playing a kings quest game is always funny
22:01:09 -!- Rawr|Phone [~AndChat52@84-217-62-32.customers.ownit.se] has joined #tlponies
22:14:47 <BioSC> nej
22:14:50 <Bio> asdf
22:18:38 -!- Micen|Droid_ [~Micen@h188.24.16.98.dynamic.ip.windstream.net] has joined #tlponies
22:32:14 <skrm> Dot` i hurt my hand
22:32:21 <skrm> pls send thots and prayers
22:53:12 <Camail> that's slavery
22:53:31 <Camail> but also dont hurt yourself
22:55:11 <Runbunny> skrm, How badly?
23:08:49 <skrm> gruesome injury
23:08:55 <skrm> there was even blood
23:11:14 <Bio> skrm pls
23:11:18 <Bio> stahp try to kill self 
23:21:18 <Runbunny> .tell Dot` https://i.imgur.com/WvWuIMC.mp4
23:33:36 <skrm> but bio I NEEDS to fix the thing
23:42:29 <Bio> pls
