00:34:17 -!- Rawr|Fone [~AndChat52@c-4eb4e655.020-164-6d6c6d4.bbcust.telenor.se] has joined #tlponies
01:21:37 -!- Rawr|Fone [~AndChat52@c-4eb4e655.020-164-6d6c6d4.bbcust.telenor.se] has joined #tlponies
01:39:40 -!- Rawr|Fone [~AndChat52@c-4eb4e655.020-164-6d6c6d4.bbcust.telenor.se] has joined #tlponies
01:56:10 -!- Rawr|Fone [~AndChat52@c-4eb4e655.020-164-6d6c6d4.bbcust.telenor.se] has joined #tlponies
02:21:57 -!- Camail [~Camail@45.40.84.145] has joined #tlponies
02:21:57 -!- mode/#tlponies [+v Camail] by Q
03:07:35 -!- Rawr|Fone [~AndChat52@c-4eb4e655.020-164-6d6c6d4.bbcust.telenor.se] has joined #tlponies
03:11:23 <Rawr|Fone> 🐴🐴🐴
03:34:21 -!- Rawr|Fone [~AndChat52@m83-185-82-133.cust.tele2.se] has joined #tlponies
06:04:18 -!- skrm [webchat@pioj.eid3.887x.ip] has joined #tlponies
06:04:30 <skrm> wew
06:09:04 -!- Dot` [webchat@cloak-vnm1j07w.71.208.46.dyn.plus.net] has joined #tlponies
06:09:08 <Dot`> morning
06:28:11 <skrm> morning pal
06:59:24 <DuB`> Dot! skrm!
07:05:14 <skrm> dub you're up so late
07:05:25 <skrm> did you get lost hunting the monsters again
07:06:01 <skrm> gotta watch out so you dont also become the monster
07:09:53 <DuB`> Hmmm yes
07:09:55 <DuB`> And yes
07:10:18 <DuB`> Played monhun until midnight then OW until 2am then monhun until 3am! :P
07:30:53 <DuB`> zzz
08:14:39 <Dot`> what you up to skram
08:32:33 <skrm> "working"
08:34:16 <skrm> if you work with the electricity you have to do a certification thing online every year that takes like 3 hours
08:34:35 <skrm> and ive done it for like 10 years now and the questions never change so im just sorta spacing out and pretending to listen
08:39:47 <Dot`> lol
09:13:57 <CockRoach|42> hors hors
09:16:52 -!- reification [~thomas@cpc76294-cosh16-2-0-cust297.6-1.cable.virginm.net] has joined #tlponies
09:16:52 -!- mode/#tlponies [+v reification] by Q
09:17:15 <reification> morning tlp
09:17:21 <CockRoach|42> morning  reification 
09:17:23 <reification> .r awake https://pbs.twimg.com/media/EHEOuBxWoAAfxFh.jpg
09:17:37 <reification> cr|42 <3
09:18:36 <reification> .tell runbunny terrible memes https://twitter.com/rebelwithacau19/status/1185256101261955072 https://twitter.com/monyosdawn/status/1181984342567989249
09:18:53 <Dot`> cr, reif <3
09:34:26 <CockRoach|42> https://scontent.fmmx1-1.fna.fbcdn.net/v/t1.0-9/72470579_3094767563927096_774228066250522624_o.jpg?_nc_cat=104&_nc_oc=AQnYJ35u9A1F2VF5F2fZdqUNRDcXNaz19Y00u9i8VjawHqI5e8YawWeaWU0rszqU9f4&_nc_ht=scontent.fmmx1-1.fna&oh=591ed950ac7febf31e44180fdbc86fd4&oe=5E24FA93
09:57:41 -!- tredc [~tredc@c83-254-129-166.bredband.comhem.se] has joined #tlponies
10:42:56 -!- carcinisation [~thomas@cpc76294-cosh16-2-0-cust297.6-1.cable.virginm.net] has joined #tlponies
10:42:56 -!- mode/#tlponies [+v carcinisation] by Q
11:15:47 -!- Runbunny [~Runbunny@91.100.28.10.generic-hostname.arrownet.dk] has joined #tlponies
11:18:10 <Dot`> Runbun!
11:24:48 <Runbunny> Hai.
11:40:28 <Runbunny> reification, those were horrible.
12:42:55 <Dot`> runbun
12:43:10 <Dot`> https://imgur.com/gallery/fI2jRKF
12:43:59 <reification> true bun but they were no feet s/n
12:44:31 <reification> have this to cleanse your palette https://danbooru.donmai.us/posts/3661292
13:15:22 <Runbunny> Cute.
13:16:25 <Runbunny> Dot`, https://imgur.com/gallery/OdA703N
13:18:54 -!- Camail [~Camail@45.40.84.145] has joined #tlponies
13:18:54 -!- mode/#tlponies [+v Camail] by Q
13:26:11 -!- Dot|Phone [uid393803@id-393803.stonehaven.irccloud.com] has joined #tlponies
13:43:50 <Dot`> what a silly loaf of bread runbun
14:03:51 -!- carcinisation [~thomas@cpc76294-cosh16-2-0-cust297.6-1.cable.virginm.net] has joined #tlponies
14:03:51 -!- mode/#tlponies [+v carcinisation] by Q
14:44:38 -!- Micen [~Micen@h169.49.172.72.dynamic.ip.windstream.net] has joined #tlponies
14:46:26 <Dot`> skrm
15:36:10 <skrm> Dot`
15:41:50 <Dot`> ah there you are
15:42:01 <Dot`> here https://imgur.com/gallery/fwzssjt
15:48:58 <Bio> i want
15:49:01 <Bio> icecream
15:49:10 <Bio> so i may go get some
15:49:14 <Bio> also hi
15:49:15 -!- DuB` [DuB@cpe-68-174-122-249.nyc.res.rr.com] has joined #tlponies
15:52:17 <Bio> dob pls
15:52:29 <DuB`> boyo wat
15:52:55 <Dot`> Daaaab
15:53:25 <DuB`> Daaaaaat
15:57:21 <Dot`> weekend!
15:57:23 <Dot`> how is you
15:57:44 <DuB`> P gud
16:06:27 -!- Westy543 [Westy543@c-24-130-12-152.hsd1.ca.comcast.net] has joined #tlponies
16:06:27 -!- mode/#tlponies [+v Westy543] by Q
16:14:50 <Bio> brb
17:23:16 -!- skram [~skram@85.159.237.68] has joined #tlponies
17:23:22 <Dot`> skram!
17:23:24 <Dot`> you made it
17:24:35 <skram> phew
17:25:19 <skram> just barely ay
17:33:13 <Rawr|Fone> Jonas
17:34:36 <skram> henrique
18:00:49 <skram> Dot` important news
18:00:52 <skram> https://i.imgur.com/7domjr6.jpg
18:04:01 <Dot`> this does appear to be vital info
18:06:25 <skram> yes indeed
18:33:27 <DuB`> Anyone plej?
18:33:34 <DuB`> OW D2 MHW etc
18:38:33 <Camail> eating lunch, can monhun after
18:54:51 -!- Rawr|Fone [~AndChat52@c-4eb4e655.020-164-6d6c6d4.bbcust.telenor.se] has joined #tlponies
19:04:58 <BioGone> bek
19:06:11 -!- Rawr|Fone [~AndChat52@c-4eb4e655.020-164-6d6c6d4.bbcust.telenor.se] has joined #tlponies
19:21:36 <Camail> DuB`  Runbunny  wanna tear off a golden dress?
19:21:43 <Runbunny> Yes.
19:21:45 <DuB`> Oo la la
19:21:56 <Camail> lesgo
19:21:57 <Runbunny> But let me order some food first.
19:22:01 <Camail> kk
19:31:32 <Runbunny> alright.
19:31:35 <Runbunny> I am ready.
19:31:36 -!- Rawr|Fone [~AndChat52@c-4eb4e655.020-164-6d6c6d4.bbcust.telenor.se] has joined #tlponies
19:54:20 <Dot`> pon
20:11:15 -!- Rawr|Fone [~AndChat52@c-4eb4e655.020-164-6d6c6d4.bbcust.telenor.se] has joined #tlponies
20:56:39 -!- Crisium [~Crisium@c-24-3-150-105.hsd1.pa.comcast.net] has joined #tlponies
21:01:55 <Crisium> bop
21:05:20 <Dot`> Crisium!
21:05:37 <Crisium> whats up mr dot
21:07:13 <Dot`> not much, you?
21:11:51 <Crisium> lazy
21:12:01 <Crisium> or laziness
21:54:07 -!- skram [~skram@85.159.237.68] has joined #tlponies
21:54:33 <reification> skram!
21:55:52 <Dot`> skram!
21:55:56 <Dot`> i tihnk its supper time
21:56:29 -!- Rawr|Fone [~AndChat52@c-4eb4e655.020-164-6d6c6d4.bbcust.telenor.se] has joined #tlponies
21:56:41 <DuB`> Hmmm burger time?
21:57:48 <Crisium> borger
21:58:15 <Crisium> https://twitter.com/KamiiiSamaa/status/1184600397408866304
22:04:45 <reification> https://danbooru.donmai.us/posts/3648441
22:08:40 <Crisium> shoulda known reif would be on top of it
22:09:19 <DuB`> KT's really cool
22:09:21 <DuB`> That was neat
22:15:46 -!- Rawr|Fone [~AndChat52@c-4eb4e655.020-164-6d6c6d4.bbcust.telenor.se] has joined #tlponies
22:25:44 <Runbunny> I think the kjarr gunlance I got is really good.
22:25:58 <Runbunny> Time to become an explode boy again.
22:26:05 -!- Rawr|Fone [~AndChat52@c-4eb4e655.020-164-6d6c6d4.bbcust.telenor.se] has joined #tlponies
22:32:13 <CockRoach|42> https://m.twitch.tv/clip/TransparentImpossibleMageImGlitch
22:34:29 <Bio> dayj up to dayj things
22:34:42 <Bio> also i should probably food before i starve i guess ?
22:34:54 <Runbunny> Oh day9
22:35:03 <Runbunny> What a lad.
22:36:48 -!- carcinisation [~thomas@cpc76294-cosh16-2-0-cust297.6-1.cable.virginm.net] has joined #tlponies
22:36:48 -!- mode/#tlponies [+v carcinisation] by Q
22:38:22 -!- Rawr|Fone [~AndChat52@c-4eb4e655.020-164-6d6c6d4.bbcust.telenor.se] has joined #tlponies
22:49:08 <carcinisation> night all
22:49:22 <Crisium> nn
22:49:38 <DuB`> G'night reif
22:49:51 <Dot`> gnight reef <3
23:21:21 -!- Rawr|Fone [~AndChat52@c-4eb4e655.020-164-6d6c6d4.bbcust.telenor.se] has joined #tlponies
23:56:54 <Bio> asdf
