01:13:04 -!- Rawr|Fone [~AndChat52@c-4eb4e655.020-164-6d6c6d4.bbcust.telenor.se] has joined #tlponies
01:17:30 -!- Crisium [~Crisium@c-24-3-150-105.hsd1.pa.comcast.net] has joined #tlponies
02:04:27 -!- Rawr|Fone [~AndChat52@c-4eb4e655.020-164-6d6c6d4.bbcust.telenor.se] has joined #tlponies
02:19:46 -!- DuB` [DuB@cpe-68-174-122-249.nyc.res.rr.com] has joined #tlponies
03:09:09 -!- Rawr|Fone [~AndChat52@c-4eb4e655.020-164-6d6c6d4.bbcust.telenor.se] has joined #tlponies
05:05:55 -!- Runbunny [~Runbunny@91.100.28.10.generic-hostname.arrownet.dk] has joined #tlponies
05:06:35 <Runbunny> Early bun.
05:07:06 <DuB`> late dub
05:08:48 <Runbunny> Dub dub.
07:04:36 -!- Rawr|Fone [~AndChat52@c-4eb4e655.020-164-6d6c6d4.bbcust.telenor.se] has joined #tlponies
08:04:53 -!- Dot|Phone [uid393803@2001:67c:2f08:8::6:24b] has joined #tlponies
08:05:07 <Dot|Phone> Morning
08:08:51 <Camail> runbun hello
08:09:12 <Camail> enjoying the league so far
08:09:23 <Camail> dot, i am actually going to bed!
08:09:36 <Camail> which is weird because i didnt completely ruin my sleep schedule for league start
08:10:05 <Camail> nnnnnnn
08:48:13 -!- Rawr|Fone [~AndChat52@c-4eb4e655.020-164-6d6c6d4.bbcust.telenor.se] has joined #tlponies
09:20:39 <Runbunny> Dot|Phone.
09:21:14 <Dot|Phone> Runbun
09:21:29 <Runbunny> .tell reification https://danbooru.donmai.us/posts/2211013
09:21:40 <Runbunny> How is the monday treating you Dot?
09:22:06 <Dot|Phone> Not great so far. Will see how it goes
09:22:09 <Dot|Phone> You? 
09:34:30 -!- reification [~thomas@cpc76294-cosh16-2-0-cust297.6-1.cable.virginm.net] has joined #tlponies
09:34:30 -!- mode/#tlponies [+v reification] by Q
10:04:15 -!- Rawr|Fone [~AndChat52@c-4eb4e655.020-164-6d6c6d4.bbcust.telenor.se] has joined #tlponies
10:09:08 <Dot|Phone> Hey Reif! 
10:10:05 <reification> hi dotties
10:47:04 -!- Cane [~Cane@CaneCraft.users.quakenet.org] has joined #tlponies
10:47:04 -!- mode/#tlponies [+o Cane] by Q
10:50:30 <Dot|Phone> Morning Cane
10:59:23 -!- skram [~skram@178.239.173.160] has joined #tlponies
10:59:30 <Dot|Phone> Jonas friend
11:00:15 <skram> bjørn old friend
11:57:10 <Dot|Phone> How's it going skram
12:02:50 <skram> pretty miserable tbh
12:02:52 <skram> got a bit of a migraine
12:03:00 <Dot|Phone> Not a good start
12:03:16 <Dot|Phone> To much radiation? 
12:03:43 <skram> not enough radiation probably
12:10:51 <Dot|Phone> Drink some water, take drugs, put on sunglasses and go for a walk
12:38:19 <Runbunny> :/
12:39:45 <skram> i did drugs and am having a strong coffee
13:32:59 -!- Rawr|Fone [~AndChat52@c-4eb4e655.020-164-6d6c6d4.bbcust.telenor.se] has joined #tlponies
13:34:31 -!- carcinisation [~thomas@cpc76294-cosh16-2-0-cust297.6-1.cable.virginm.net] has joined #tlponies
13:34:31 -!- mode/#tlponies [+v carcinisation] by Q
14:06:43 -!- Rawr|Fone [~AndChat52@c-4eb4e655.020-164-6d6c6d4.bbcust.telenor.se] has joined #tlponies
14:11:44 <Rawr|Fone> Hors hors
14:12:22 <carcinisation> roar roar
14:12:29 <Rawr|Fone> Reef reef!
14:12:38 <Rawr|Fone> Good afternoon dear
14:13:00 <carcinisation> it is time to do exercise
14:13:15 <carcinisation> i hope that runbunny has not been neglecting his!
14:13:45 <Runbunny> I did some this morning when I woke up.
14:18:38 <carcinisation> ?goodjob
14:22:16 <Rawr|Fone> Great Anders
14:24:22 <Rawr|Fone> I am also going to go and exercise
14:33:54 <Dot|Phone> I'm going to sit at my d desk
14:36:49 <Rawr|Fone> As long as you are doing your best dot
15:09:40 <Dot|Phone> I try Rawr
15:10:28 -!- Rawr|Phone [~AndChat52@m83-185-85-185.cust.tele2.se] has joined #tlponies
15:18:53 -!- BioPhone [~androirc@12.33.239.117] has joined #tlponies
15:22:53 <BioPhone> Pone?
15:24:46 <Dot|Phone> Pon
15:26:27 <BioPhone> Mmm
15:26:28 <BioPhone> Yes
15:28:24 <BioPhone> How do
15:29:35 <Dot|Phone> Work work
15:36:39 <BioPhone> Samesies
15:53:10 <BioPhone> What u doing? I'm wiring relays
15:54:21 <Dot|Phone> I am testing / adjusting the VBA code I wrote to generate stuff from an IO schedule
15:54:42 <Dot|Phone> Will save days to months of time per job
15:54:57 <Dot|Phone> Depending on job size
15:56:59 <Dot|Phone> Stupid how manual we do things as an automation company
15:57:19 <Dot|Phone> I like relays bio, they click
16:10:49 -!- BioPhone [~androirc@12.33.239.117] has joined #tlponies
16:12:28 <Rawr|Phone> I like you dot
16:26:30 <Dot|Phone> Thanks Rawr
16:26:48 <Dot|Phone> Your great
16:33:12 <Rawr|Phone> No u!
16:40:22 -!- Dot` [webchat@cloak-4omtozzm.230.208.46.dyn.plus.net] has joined #tlponies
16:40:49 <Rawr|Phone> You made it home today as well dot
16:49:54 <Dot`> all acording to plan
16:54:26 -!- Golly [~kvirc@cm-84.213.21.103.getinternet.no] has joined #tlponies
16:58:38 -!- BioPone [~androirc@mobile-166-170-23-233.mycingular.net] has joined #tlponies
17:08:51 <BioPone> They do click dort
17:09:05 <BioPone> Some big ones even go clunk
17:13:50 <Rawr|Phone> Exciting
17:14:02 <BioPone> V
17:37:33 -!- Rawr|Fone [~AndChat52@c-4eb4e655.020-164-6d6c6d4.bbcust.telenor.se] has joined #tlponies
18:11:57 <Runbunny> Dot`, https://i.imgur.com/1VWRN3U.mp4
18:20:06 <BioPone> I've been found!
18:20:17 <BioPone> Runs off to doggo jail
18:23:00 <Runbunny> !
18:33:29 -!- Camail [~Camail@45.40.84.145] has joined #tlponies
18:33:30 -!- mode/#tlponies [+v Camail] by Q
18:36:33 <Rawr|Fone> Cam
18:38:35 <Camail> roar
18:39:53 <Rawr|Fone> Good evening friend
18:43:00 <Camail> hello frendo
19:18:43 -!- Rawr|Fone [~AndChat52@c-4eb4e655.020-164-6d6c6d4.bbcust.telenor.se] has joined #tlponies
19:40:01 <Rawr|Fone> 🐴🐴🐴
19:41:16 <Runbunny> blanksteg.
19:45:01 <Rawr|Fone>       
19:48:14 <Golly> https://www.youtube.com/watch?v=ITKxoqEkLxQ
20:34:25 -!- skram [~skram@178.239.173.160] has joined #tlponies
20:34:35 <skram> horsepals
20:39:39 <Dot`> skram hest
20:39:54 <Dot`> we are indeed friend of a horse
20:45:07 <skram> neigh, dot
20:45:11 <skram> u r the horse
20:53:51 <BioPone> Hooors
20:59:55 <BioPone> How are my microscopic equines this fine eve
21:00:13 <skram> my tummy is making the rumblies
21:00:18 <skram> that only hands can satisfy
21:00:25 <Rawr|Fone> Jonas
21:00:38 <skram> Henrik
21:01:11 <Rawr|Fone> Did you just wake up
21:01:41 <BioPone> Go forth and graze
21:02:36 <skram> Ive been awake for HOURS
21:02:47 <Rawr|Fone> Hmm
21:05:33 -!- skrma [~skram@37.120.149.156] has joined #tlponies
21:14:51 -!- Crisium [~Crisium@c-24-3-150-105.hsd1.pa.comcast.net] has joined #tlponies
21:15:42 <Crisium> dot' https://imgur.com/gallery/2fnPp4H
21:23:09 <Dot`> skram, reif https://imgur.com/gallery/ti3wzVx
21:23:25 <Dot`> Cris horse, its a good dog
21:33:13 <Crisium> lol dat link dot
21:35:49 <skrma> cris
21:38:45 -!- Rawr|Phone [~AndChat52@m83-185-95-142.cust.tele2.se] has joined #tlponies
21:40:01 <Crisium> work skram
21:40:17 <skram> D:
21:40:18 <Crisium> home skram
21:41:17 <skram> hell yeah
21:44:05 -!- Micen [~Micen@h54.212.18.98.dynamic.ip.windstream.net] has joined #tlponies
21:53:05 -!- Rawr|Fone [~AndChat52@c-4eb4e655.020-164-6d6c6d4.bbcust.telenor.se] has joined #tlponies
22:17:57 <Dot`> skram
22:18:03 <Dot`> hows the migraine?
22:30:17 -!- Rawr|Fone [~AndChat52@c-4eb4e655.020-164-6d6c6d4.bbcust.telenor.se] has joined #tlponies
22:30:30 <reification> i return from christmas quiz
22:35:36 <Runbunny> Was it a good quiz?
22:40:41 <reification> yes and the food was good too
23:01:20 <Dot`> how you do?
23:07:16 <skram> Dot` pal
23:07:34 <Runbunny> Jonas.
23:07:40 <Runbunny> Give us the scoop.
23:07:44 <skram> Anders.
23:07:47 <skram> The scoop on what?
23:07:58 <Dot`> ice cream
23:08:04 <Runbunny> Yes.
23:08:19 <skram> Ill give you a real scoop of deez nuts
23:09:28 -!- carcinisation [~thomas@cpc76294-cosh16-2-0-cust297.6-1.cable.virginm.net] has joined #tlponies
23:09:28 -!- mode/#tlponies [+v carcinisation] by Q
23:15:24 <Dot`> i expect better from you skram
23:15:33 <skram> well
23:15:33 <skram> dont
23:21:49 <Bio> pown
23:43:14 -!- Rawr|Fone [~AndChat52@c-4eb4e655.020-164-6d6c6d4.bbcust.telenor.se] has joined #tlponies
23:44:21 -!- DuB` [DuB@cpe-68-174-122-249.nyc.res.rr.com] has joined #tlponies
23:44:47 <Rawr|Fone> DuB!
23:46:12 <DuB`> Rawr!
23:46:16 <DuB`> One more day of work...
23:46:36 <Rawr|Fone> It's good to see you dub
23:46:57 <DuB`> Even better to see you
23:47:22 <Rawr|Fone> I doubt it
23:51:26 <DuB`> What the
23:51:36 <DuB`> $5 lamb gyro from the cart on the corner is so gud
23:51:43 <DuB`> I should get this EVERY day
23:57:26 <carcinisation> dub pls restrain yourself :O
23:57:33 <carcinisation> night all
23:57:45 <DuB`> G'night!
