00:09:53 -!- DoT` has quit [Ping timeout]
01:52:12 -!- skram has quit [Ping timeout]
02:57:55 -!- Rawr|Fone has quit [Ping timeout]
03:24:18 -!- Rawr|Fone has quit [Ping timeout]
07:14:57 -!- DoT|Phone has quit [Ping timeout]
07:38:06 -!- Rawr|Fone has quit [Ping timeout]
07:41:05 -!- DoT|Phone1 has quit [Ping timeout]
07:46:58 -!- DoT|Phone has quit [Ping timeout]
08:32:16 -!- Camail has quit [Signed off]
09:06:05 -!- DoT|Phone has quit [Ping timeout]
09:45:16 -!- DoT|Phone1 has quit [Ping timeout]
10:12:37 -!- Rawr|Phone has quit [Ping timeout]
10:16:13 -!- reification has quit [Ping timeout]
10:54:15 -!- skram has quit [Ping timeout]
10:59:06 -!- Rawr|Fone has quit [Ping timeout]
11:39:23 -!- DoT|Phone has quit [Ping timeout]
11:39:29 -!- Zounds has quit [Ping timeout]
11:51:49 -!- DoT|Phone1 has quit [Ping timeout]
11:57:43 -!- carcinisation has quit [Ping timeout]
12:24:11 -!- skrma has quit [Ping timeout]
12:58:45 -!- DoT|Phone has quit [Ping timeout]
13:11:13 -!- DoT|Phone1 has quit [Ping timeout]
13:22:43 -!- reification has quit [Ping timeout]
13:49:36 -!- DoT|Phone has quit [Ping timeout]
14:04:46 -!- DoT|Phone has quit [Ping timeout]
14:14:01 -!- Rawr|Phone has quit [Ping timeout]
14:29:31 -!- Rawr|Fone has quit [Ping timeout]
14:51:00 -!- Golly has quit [Ping timeout]
15:26:04 -!- DoT|Phone1 has quit [Ping timeout]
16:12:40 -!- BioPhone has quit [EOF from client]
16:30:38 -!- DoT|Phone has quit [Read error: Connection reset by peer]
17:23:18 -!- Rawr|Phone has quit [Ping timeout]
19:13:42 -!- BioPhone has quit [Ping timeout]
20:46:04 -!- Rawr|Fone has quit [Ping timeout]
20:56:03 -!- Golly has quit [Ping timeout]
21:11:25 -!- skrm has quit [Ping timeout]
21:19:40 -!- BioPone has quit [Read error: Connection reset by peer]
23:40:22 -!- tredc has quit [Signed off]
23:44:45 -!- Runbunny has quit [Signed off]
