00:57:21 -!- Crisium has quit [Signed off]
01:14:58 -!- BioPhone has quit [EOF from client]
01:15:40 -!- tredc has quit [Signed off]
01:25:47 -!- Camail has quit [Signed off]
02:02:33 -!- Rawr|Fone has quit [Ping timeout]
02:04:00 -!- Bio has quit [EOF from client]
02:14:59 -!- Phearlock has quit [Ping timeout]
02:45:48 -!- skrm has quit [Ping timeout]
02:59:10 -!- BioPhone has quit [Signed off]
03:26:25 -!- Bio has quit [Ping timeout]
05:01:45 -!- Rawr|Fone has quit [Ping timeout]
06:08:54 -!- Rawr|Fone has quit [Ping timeout]
06:43:25 -!- DuB` has quit [Signed off]
07:03:07 -!- DoT|Phone has quit [Ping timeout]
07:41:18 -!- skram has quit [Ping timeout]
10:32:10 -!- DoT|Phone1 has quit [Ping timeout]
14:39:34 -!- BioPhone has quit [EOF from client]
15:26:11 -!- Rawr|Fone has quit [Ping timeout]
16:29:02 -!- Methos has quit [Signed off]
16:43:37 -!- DoT|Phone has quit [Read error: Connection reset by peer]
17:44:55 -!- Rawr|Phone has quit [Ping timeout]
19:20:48 -!- Rawr|Fone has quit [Ping timeout]
19:49:02 -!- skram has quit [Ping timeout]
21:08:58 -!- BioPhone has quit [Ping timeout]
21:18:57 -!- Golly has quit [Ping timeout]
21:24:43 -!- BioPone has quit [Read error: Connection reset by peer]
22:39:39 -!- Zounds has quit [Signed off]
23:20:40 -!- Crisium has quit [Ping timeout]
23:33:00 -!- Dot has quit [EOF from client]
23:35:05 -!- Crisium|2 has quit [Ping timeout]
23:45:39 -!- reification has quit [Signed off]
23:57:07 -!- Rawr|Phone has quit [Read error: Connection reset by peer]
