00:31:09 -!- Rawr|Fone has quit [Ping timeout]
02:44:54 -!- Rawr|Fone has quit [Ping timeout]
03:08:13 -!- DuB` has quit [Signed off]
03:48:41 -!- Rawr|Fone has quit [Ping timeout]
04:33:23 -!- Rawr|Fone has quit [Ping timeout]
04:39:23 -!- Cane has quit [Signed off]
04:43:25 -!- skrm has quit [Signed off]
05:04:52 -!- Camail has quit [Signed off]
05:58:25 -!- DoT` has quit [Ping timeout]
06:00:03 -!- DoT|Phone1 has quit [Ping timeout]
06:15:32 -!- Rawr|Fone has quit [Ping timeout]
06:49:19 -!- skram has quit [Ping timeout]
08:09:05 -!- Rawr|Fone has quit [Ping timeout]
08:34:53 -!- Rawr|Fone has quit [Ping timeout]
09:10:23 -!- reification has quit [EOF from client]
09:19:41 -!- Rawr|Fone has quit [Ping timeout]
11:35:35 -!- reification has quit [Ping timeout]
11:39:18 -!- carcinisation has quit [EOF from client]
12:37:26 -!- Rawr|Fone has quit [Ping timeout]
14:07:02 -!- Rawr|Fone has quit [Ping timeout]
14:49:33 -!- skram has quit [Ping timeout]
16:08:32 -!- skram has quit [Ping timeout]
16:09:33 -!- skrma has quit [Ping timeout]
16:15:30 -!- DoT|Phone has quit [Read error: Connection reset by peer]
16:57:02 -!- BioPhone has quit [EOF from client]
18:16:35 -!- Camail has quit [Ping timeout]
18:24:19 -!- Rawr|Fone has quit [Ping timeout]
18:43:09 -!- Rawr|Fone has quit [Ping timeout]
20:00:36 -!- Rawr|Fone has quit [Ping timeout]
20:21:48 -!- skram has quit [Ping timeout]
20:56:01 -!- BioPhone has quit [Ping timeout]
21:18:12 -!- Golly has quit [Ping timeout]
21:28:19 -!- BioPone has quit [Read error: Connection reset by peer]
22:19:54 -!- Rawr|Phone has quit [Ping timeout]
22:34:10 -!- Rawr|Fone has quit [Ping timeout]
22:50:08 -!- Runbunny has quit [Signed off]
22:53:31 -!- Zounds has quit [Signed off]
23:33:44 -!- DoT|Phone1 has quit [Ping timeout]
23:36:52 -!- Cane has quit [Signed off]
23:47:58 -!- Rawr|Fone has quit [Ping timeout]
