00:18:10 -!- tredc has quit [Signed off]
00:40:17 -!- Runbunny has quit [Signed off]
01:24:19 -!- Phearlock has quit [Ping timeout]
01:59:47 -!- Rawr|Fone has quit [Ping timeout]
02:09:57 -!- Crisium has quit [Signed off]
02:20:00 -!- skram has quit [Ping timeout]
06:08:10 -!- Rawr|Fone has quit [Ping timeout]
07:05:07 -!- DoT|Phone1 has quit [Ping timeout]
07:07:55 -!- Camail has quit [Read error: Connection reset by peer]
07:12:30 -!- DuB` has quit [Signed off]
07:30:34 -!- Micen has quit [Ping timeout]
08:10:07 -!- Golly has quit [EOF from client]
09:12:16 -!- Micen|Droid has quit [Read error: Connection reset by peer]
12:31:42 -!- DoT|Phone has quit [Ping timeout]
12:45:19 -!- Runbunny has quit [Signed off]
13:15:27 -!- Micen|Droid has quit [Ping timeout]
13:36:36 -!- reification has quit [Ping timeout]
14:13:35 -!- BioPhone has quit [EOF from client]
14:32:25 -!- DoT|Phone1 has quit [Read error: Connection reset by peer]
15:26:55 -!- Rawr|Fone has quit [Ping timeout]
17:14:01 -!- BioPhone has quit [EOF from client]
18:08:56 -!- BioPhone has quit [EOF from client]
18:37:38 -!- skram has quit [Ping timeout]
18:44:58 -!- Rawr|Phone has quit [Ping timeout]
19:02:09 -!- Golly has quit [Signed off]
19:02:55 -!- BioPhone has quit [Ping timeout]
19:19:57 -!- BioPone has quit [Read error: Connection reset by peer]
19:41:37 -!- Micen|Droid has quit [Ping timeout]
19:41:37 -!- Micen|Droid_ has quit [Read error: Connection reset by peer]
19:45:45 -!- Cane has quit [Ping timeout]
20:49:30 -!- Golly has quit [Ping timeout]
21:07:28 -!- Crisium has quit [Ping timeout]
21:55:28 -!- Bunny has quit [Signed off]
22:02:10 -!- reification has quit [Signed off]
22:09:07 -!- Crisium has quit [Ping timeout]
22:18:38 -!- Dot has quit [EOF from client]
22:57:26 -!- Micen|Droid__ has quit [Ping timeout]
