00:34:41 -!- reification has quit [Signed off]
01:13:51 -!- skram has quit [Signed off]
01:18:48 -!- tredc has quit [Signed off]
01:21:08 -!- Rawr|Fone has quit [Ping timeout]
01:44:00 -!- Crisium has quit [Signed off]
02:49:16 -!- Rawr|Fone has quit [Ping timeout]
02:57:14 -!- DuB` has quit [Signed off]
03:05:19 -!- Dot` has quit [Ping timeout]
03:41:37 -!- Phearlock has quit [Ping timeout]
04:33:39 -!- Rawr|Fone has quit [Ping timeout]
07:20:07 -!- DoT|Phone1 has quit [Ping timeout]
07:45:55 -!- Camail has quit [Signed off]
08:01:56 -!- Rawr|Fone has quit [Ping timeout]
08:45:25 -!- DoT|Phone has quit [Ping timeout]
08:52:51 -!- DoT|Phone1 has quit [Read error: Connection reset by peer]
08:54:34 -!- DoT|Phone has quit [Ping timeout]
10:09:09 -!- Bio has quit [Ping timeout]
10:17:27 -!- skram has quit [Read error: Connection reset by peer]
10:33:27 -!- skrma has quit [Ping timeout]
10:45:26 -!- skram has quit [Ping timeout]
11:05:27 -!- Rawr|Fone has quit [Ping timeout]
11:33:34 -!- DoT|Phone2 has quit [Ping timeout]
12:04:04 -!- skrma has quit [Ping timeout]
12:05:10 -!- skram has quit [Ping timeout]
12:08:50 -!- BioPone has quit [Read error: Connection reset by peer]
12:24:15 -!- BioPone has quit [EOF from client]
13:12:02 -!- BioPone has quit [EOF from client]
13:24:33 -!- BioPone has quit [EOF from client]
13:51:37 -!- BioPone has quit [EOF from client]
13:58:27 -!- Rawr|Phone has quit [Ping timeout]
14:35:10 -!- Rawr|Fone has quit [Ping timeout]
14:54:39 -!- Micen_ has quit [Read error: Connection reset by peer]
15:14:54 -!- BioPone has quit [EOF from client]
15:45:53 -!- DoT|Phone has quit [Read error: Connection reset by peer]
15:59:51 -!- BioPone has quit [Read error: Connection reset by peer]
16:30:26 -!- Rawr|Fone has quit [Ping timeout]
16:50:30 -!- BioPone has quit [Signed off]
17:25:16 -!- reification has quit [Ping timeout]
18:08:08 -!- BioPone has quit [EOF from client]
18:14:59 -!- BioPone has quit [EOF from client]
18:39:37 -!- BioPone has quit [EOF from client]
18:49:52 -!- Rawr|Phone has quit [Ping timeout]
18:51:51 -!- Rawr|Fone has quit [Ping timeout]
19:08:33 -!- Rawr|Pone has quit [Ping timeout]
19:49:44 -!- Rawr|Fone has quit [Ping timeout]
20:26:31 -!- BioPone has quit [Signed off]
20:41:25 -!- skrm has quit [Signed off]
21:31:58 -!- Golly has quit [Ping timeout]
21:37:46 -!- skram has quit [Ping timeout]
21:38:47 -!- skrma has quit [Ping timeout]
22:00:56 -!- Rawr|Fone has quit [Ping timeout]
22:04:43 -!- reification has quit [Signed off]
22:12:20 -!- skram has quit [Ping timeout]
22:45:13 -!- Rawr|Fone has quit [Ping timeout]
23:41:36 -!- Cane has quit [Signed off]
