00:21:18 -!- Rawr|Fone has quit [Ping timeout]
00:39:43 -!- Runbunny has quit [Signed off]
00:57:50 -!- tredc has quit [Signed off]
00:58:02 -!- Rawr|Fone has quit [Ping timeout]
00:58:43 -!- DoT` has quit [Ping timeout]
02:14:03 -!- BioPone has quit [EOF from client]
02:35:12 -!- Crisium has quit [Signed off]
02:40:02 -!- skram has quit [Ping timeout]
03:00:17 -!- Rawr|Fone has quit [Ping timeout]
04:35:06 -!- Camail has quit [Signed off]
05:07:59 -!- Rawr|Fone has quit [Ping timeout]
05:14:20 -!- DuB` has quit [Signed off]
06:08:35 -!- Rawr|Fone has quit [Ping timeout]
07:55:04 -!- Rawr|Fone has quit [Ping timeout]
09:57:30 -!- Rawr|Fone has quit [Ping timeout]
11:23:52 -!- Golly has quit [Ping timeout]
12:31:55 -!- DoT` has quit [Ping timeout]
12:33:16 -!- CockRoac1|42 has quit [Ping timeout]
12:33:38 -!- skrma has quit [Ping timeout]
12:41:19 -!- DoT|Phone has quit [Ping timeout]
12:50:50 -!- Rawr|Fone has quit [Ping timeout]
12:53:02 -!- DoT|Phone1 has quit [Read error: Connection reset by peer]
13:03:19 -!- DoT|Phone has quit [Read error: Connection reset by peer]
13:22:37 -!- DoT|Phone1 has quit [Read error: Connection reset by peer]
13:31:37 -!- DoT|Phone has quit [Ping timeout]
13:44:59 -!- DoT|Phone has quit [Read error: Connection reset by peer]
14:18:36 -!- Rawr|Fone has quit [Ping timeout]
14:32:51 -!- DoT|Phone has quit [Read error: Connection reset by peer]
14:54:59 -!- Rawr|Fone has quit [Ping timeout]
15:13:15 -!- BioPhone has quit [EOF from client]
15:39:18 -!- BioPhone has quit [EOF from client]
15:57:31 -!- BioPhone has quit [EOF from client]
16:02:28 -!- BioPhone has quit [EOF from client]
16:15:34 -!- Rawr|Fone has quit [Ping timeout]
16:36:33 -!- BioPhone has quit [EOF from client]
16:44:05 -!- Rawr|Fone has quit [Ping timeout]
17:12:10 -!- Rawr|Fone has quit [Ping timeout]
17:29:33 -!- DoT|Phone1 has quit [EOF from client]
17:32:29 -!- Rawr|Fone has quit [Ping timeout]
17:39:13 -!- reification has quit [Ping timeout]
18:15:17 -!- Rawr|Fone has quit [Ping timeout]
19:06:43 -!- carcinisation has quit [Ping timeout]
19:24:22 -!- Rawr|Fone has quit [Ping timeout]
19:47:43 -!- reimeuk has quit [Ping timeout]
20:02:40 -!- Rawr|Fone has quit [Ping timeout]
20:37:14 -!- Rawr|Fone has quit [Ping timeout]
20:51:19 -!- Rawr|Fone has quit [Ping timeout]
22:58:32 -!- Rawr|Fone has quit [Ping timeout]
23:19:39 -!- Runbunny has quit [Signed off]
23:41:40 -!- skram has quit [Ping timeout]
23:45:24 -!- Golly has quit [Ping timeout]
23:56:02 -!- tredc has quit [Signed off]
