00:04:36 -!- skram has quit [Ping timeout]
00:07:56 -!- DoT|Phone1 has quit [Ping timeout]
00:29:23 -!- reification has quit [Ping timeout]
01:05:38 -!- carcinisation has quit [Signed off]
01:24:13 -!- Rawr|Fone has quit [Ping timeout]
02:19:26 -!- Crisium has quit [Signed off]
02:34:10 -!- Cane has quit [Ping timeout]
02:37:58 -!- Rawr|Fone has quit [Ping timeout]
02:47:13 -!- Camail has quit [Signed off]
04:10:52 -!- Rawr|Fone has quit [Ping timeout]
05:17:38 -!- Rawr|Fone has quit [Ping timeout]
06:56:58 -!- DoT|Phone has quit [Ping timeout]
09:47:55 -!- reification has quit [Ping timeout]
10:02:25 -!- carcinisation has quit [Ping timeout]
10:27:25 -!- reification has quit [Ping timeout]
10:57:44 -!- Rawr|Fone has quit [Ping timeout]
11:30:02 -!- Rawr|Phone has quit [Read error: Connection reset by peer]
11:53:52 -!- skram has quit [Ping timeout]
12:21:16 -!- skraam has quit [Ping timeout]
12:49:05 -!- Rawr|Fone has quit [Ping timeout]
12:51:11 -!- Rawr|Phone has quit [Ping timeout]
14:08:58 -!- Rawr|Fone has quit [Ping timeout]
14:57:10 -!- BioPhone has quit [EOF from client]
15:15:21 -!- DoT|Phone1 has quit [Read error: Connection reset by peer]
15:47:21 -!- BioPhone has quit [Ping timeout]
17:21:20 -!- BioPone has quit [Ping timeout]
17:22:30 -!- Micen has quit [Ping timeout]
19:02:05 -!- Rawr|Fone has quit [Ping timeout]
19:42:16 -!- Rawr|Phone has quit [Ping timeout]
19:44:16 -!- Rawr|Fone has quit [Ping timeout]
20:07:35 -!- Rawr|Fone has quit [Ping timeout]
20:30:13 -!- Golly has quit [Ping timeout]
22:10:07 -!- BioPone has quit [Read error: Connection reset by peer]
22:10:07 -!- BioPhone has quit [Read error: Connection reset by peer]
22:40:49 -!- Zounds has quit [Signed off]
23:33:19 -!- Phearlock has quit [Ping timeout]
23:38:41 -!- Rawr|Phone has quit [Read error: Connection reset by peer]
