00:38:24 -!- tredc has quit [Signed off]
00:56:28 -!- BioPone has quit [EOF from client]
01:01:32 -!- Micen_ has quit [Read error: Connection reset by peer]
01:10:01 -!- Runbunny has quit [Signed off]
01:29:02 -!- Rawr|Fone has quit [Ping timeout]
01:55:07 -!- BioPone has quit [EOF from client]
02:04:19 -!- BioPone has quit [Ping timeout]
02:15:02 -!- skram has quit [Signed off]
02:48:38 -!- Crisium has quit [Signed off]
03:25:02 -!- DuB` has quit [Ping timeout]
03:57:40 -!- Camail has quit [Signed off]
04:10:59 -!- Rawr|Fone has quit [Ping timeout]
05:42:16 -!- Micen_ has quit [Read error: Connection reset by peer]
05:44:12 -!- Dot` has quit [Ping timeout]
09:10:18 -!- reification has quit [Ping timeout]
10:23:48 -!- carcinisation has quit [Ping timeout]
11:02:22 -!- CockRoach|42 has quit [Ping timeout]
11:47:28 -!- Rawr|Fone has quit [Ping timeout]
11:56:32 -!- Rawr|Phone has quit [Read error: Connection reset by peer]
13:16:23 -!- Golly has quit [Ping timeout]
13:42:25 -!- Rawr|Fone has quit [Ping timeout]
13:44:10 -!- Rawr|Phone has quit [Ping timeout]
14:27:32 -!- Rawr|Fone has quit [Ping timeout]
14:39:34 -!- Rawr|Fone has quit [Ping timeout]
15:33:55 -!- skram has quit [Ping timeout]
15:52:48 -!- reimeuk has quit [Ping timeout]
16:10:10 -!- Zounds has quit [Signed off]
16:26:59 -!- Rawr|Fone has quit [Ping timeout]
17:17:00 -!- Rawr|Fone has quit [Ping timeout]
17:24:28 -!- Camail has quit [Signed off]
18:16:09 -!- Rawr|Fone has quit [Ping timeout]
18:33:11 -!- Rawr|Fone has quit [Ping timeout]
18:46:35 -!- Rawr|Fone has quit [Ping timeout]
19:23:10 -!- Rawr|Fone has quit [Ping timeout]
20:17:34 -!- Rawr|Fone has quit [Ping timeout]
20:38:12 -!- Rawr|Fone has quit [Ping timeout]
21:21:27 -!- Rawr|Fone has quit [Ping timeout]
21:24:50 -!- BioPhone has quit [Read error: Connection reset by peer]
21:25:10 -!- BioPone has quit [Read error: Connection reset by peer]
21:39:38 -!- BioPone has quit [Read error: Connection reset by peer]
21:53:49 -!- BioPone has quit [EOF from client]
22:17:24 -!- BioPone has quit [EOF from client]
22:24:43 -!- Rawr|Fone has quit [Ping timeout]
23:03:04 -!- BioPhone has quit [Read error: Connection reset by peer]
23:03:04 -!- BioPone has quit [Read error: Connection reset by peer]
23:16:01 -!- Golly has quit [Ping timeout]
23:26:10 -!- tredc has quit [Signed off]
23:40:03 -!- Rawr|Fone has quit [Ping timeout]
23:44:59 -!- Dot|Phone has quit [Signed off]
