00:02:06 -!- reification has quit [Ping timeout]
00:13:56 -!- carcinisation has quit [Signed off]
00:23:14 -!- BioPhone has quit [Signed off]
00:39:15 -!- Camail has quit [Signed off]
01:14:05 -!- tredc has quit [Signed off]
01:14:13 -!- skram has quit [Ping timeout]
01:35:38 -!- Rawr|Fone has quit [Ping timeout]
02:04:47 -!- Dot` has quit [Ping timeout]
02:27:18 -!- Runbunny has quit [Signed off]
02:29:51 -!- BioPhone has quit [EOF from client]
03:10:55 -!- Rawr|Fone has quit [Ping timeout]
03:56:10 -!- Rawr|Fone has quit [Ping timeout]
04:35:28 -!- Rawr|Fone has quit [Ping timeout]
05:58:41 -!- Rawr|Fone has quit [Ping timeout]
06:12:00 -!- DuB` has quit [Signed off]
06:26:52 -!- Rawr|Fone has quit [Ping timeout]
09:13:19 -!- Rawr|Fone has quit [Ping timeout]
09:16:48 -!- Rawr|Phone has quit [Ping timeout]
10:23:21 -!- reification has quit [Ping timeout]
11:45:42 -!- Golly has quit [Ping timeout]
11:46:36 -!- Rawr|Pone has quit [Ping timeout]
12:21:17 -!- skram has quit [Ping timeout]
12:29:26 -!- Rawr|Fone has quit [Ping timeout]
12:48:42 -!- BioPhone has quit [Read error: Connection reset by peer]
17:20:35 -!- BioPone has quit [EOF from client]
17:30:58 -!- Rawr|Fone has quit [Ping timeout]
17:47:55 -!- BioPone has quit [EOF from client]
18:11:25 -!- BioPone has quit [EOF from client]
20:50:37 -!- Dot|Phone has quit [Signed off]
20:52:49 -!- BioPhone has quit [Ping timeout]
21:10:52 -!- BioPone has quit [Ping timeout]
21:16:48 -!- skram has quit [Ping timeout]
