00:03:32 -!- reification has quit [Signed off]
00:27:00 -!- Rawr|Fone has quit [Ping timeout]
00:39:22 -!- BioPhone has quit [Read error: Connection reset by peer]
00:39:24 -!- Rawr|Fone has quit [Ping timeout]
01:02:22 -!- BioPone has quit [EOF from client]
02:04:34 -!- BioPone has quit [Ping timeout]
02:06:19 -!- Phearlock has quit [Ping timeout]
02:17:10 -!- skrma has quit [Ping timeout]
02:21:22 -!- Runbunny has quit [Signed off]
02:35:20 -!- Crisium has quit [Signed off]
02:55:58 -!- Camail has quit [Signed off]
03:35:34 -!- Rawr|Fone has quit [Ping timeout]
03:41:14 -!- Cane has quit [Signed off]
05:16:32 -!- Rawr|Fone has quit [Ping timeout]
05:43:10 -!- Rawr|Fone has quit [Ping timeout]
06:19:49 -!- DuB` has quit [Signed off]
07:54:18 -!- Dot` has quit [Signed off]
08:44:24 -!- Dot` has quit [Ping timeout]
11:50:08 -!- reification has quit [Ping timeout]
13:10:36 -!- BioPhone has quit [EOF from client]
13:25:49 -!- skram has quit [Ping timeout]
13:27:39 -!- BioPhone has quit [Read error: Connection reset by peer]
13:56:54 -!- Rawr|Fone has quit [Ping timeout]
15:40:05 -!- BioPone has quit [Ping timeout]
16:33:27 -!- Golly has quit [Read error: Connection reset by peer]
16:58:24 -!- BioPone has quit [Ping timeout]
17:35:38 -!- reification has quit [Ping timeout]
18:23:13 -!- Rawr|Fone has quit [Ping timeout]
18:28:45 -!- BioPone has quit [EOF from client]
18:42:57 -!- Golly has quit [Ping timeout]
18:49:14 -!- Rawr|Fone has quit [Ping timeout]
18:59:18 -!- Rawr|Fone has quit [Ping timeout]
19:15:05 -!- Dot|Phone has quit [Signed off]
19:52:00 -!- BioPone has quit [EOF from client]
20:30:22 -!- skrm has quit [Ping timeout]
21:53:28 -!- Rawr|Phone has quit [Ping timeout]
22:00:38 -!- skrm has quit [Signed off]
22:34:08 -!- Rawr|Fone has quit [Ping timeout]
23:18:34 -!- Rawr|Fone has quit [Ping timeout]
23:45:29 -!- ShotgunPrincess has quit [Ping timeout]
