00:15:37 -!- Camail has quit [Signed off]
01:09:23 -!- reification has quit [Signed off]
01:13:05 -!- Runbunny has quit [Signed off]
01:13:38 -!- skram has quit [Ping timeout]
01:13:46 -!- tredc has quit [Signed off]
01:29:21 -!- Rawr|Fone has quit [Ping timeout]
01:54:41 -!- Crisium has quit [Signed off]
02:31:22 -!- Dot` has quit [Ping timeout]
03:13:16 -!- Rawr|Fone has quit [Ping timeout]
04:25:47 -!- Micen has quit [Read error: Connection reset by peer]
04:49:53 -!- DuB` has quit [Signed off]
05:24:39 -!- Rawr|Fone has quit [Ping timeout]
06:10:58 -!- Rawr|Fone has quit [Ping timeout]
08:52:50 -!- Rawr|Fone has quit [Ping timeout]
09:56:06 -!- reification has quit [Ping timeout]
12:25:06 -!- Rawr|Fone has quit [Ping timeout]
13:10:07 -!- Rawr|Fone has quit [Ping timeout]
13:20:06 -!- skram has quit [Ping timeout]
13:23:06 -!- carcinisation has quit [Ping timeout]
13:48:41 -!- Rawr|Fone has quit [Ping timeout]
14:13:36 -!- Rawr|Fone has quit [Ping timeout]
16:48:48 -!- Rawr|Phone has quit [Read error: Connection reset by peer]
17:17:54 -!- Rawr|Fone has quit [Ping timeout]
17:43:09 -!- Dot` has quit [Ping timeout]
18:03:24 -!- Rawr|Fone has quit [Ping timeout]
18:09:41 -!- Rawr|Fone has quit [Ping timeout]
19:00:49 -!- Dot|Phone has quit [Signed off]
19:48:47 -!- Rawr|Fone has quit [Ping timeout]
20:16:32 -!- Cane has quit [Ping timeout]
20:31:14 -!- Golly has quit [Ping timeout]
21:44:56 -!- Rawr|Fone has quit [Ping timeout]
21:55:17 -!- skrm has quit [Signed off]
22:01:34 -!- Rawr|Fone has quit [Ping timeout]
22:21:20 -!- Rawr|Fone has quit [Ping timeout]
22:40:07 -!- Crisium has quit [Signed off]
23:45:42 -!- Rawr|Fone has quit [Ping timeout]
