00:12:36 -!- carcinisation has quit [Signed off]
00:12:56 -!- tredc has quit [Signed off]
00:57:47 -!- Phearlock has quit [Signed off]
01:08:40 -!- Rawr|Fone has quit [Ping timeout]
01:58:51 -!- Rawr|Fone has quit [Ping timeout]
02:56:09 -!- Rawr|Fone has quit [Ping timeout]
04:34:01 -!- skram has quit [Ping timeout]
04:43:08 -!- Rawr|Fone has quit [Ping timeout]
05:33:37 -!- Rawr|Fone has quit [Ping timeout]
07:41:08 -!- DuB` has quit [Signed off]
09:09:02 -!- Cane has quit [Signed off]
11:14:37 -!- skrm has quit [Ping timeout]
11:21:25 -!- Camail has quit [Read error: Connection reset by peer]
12:41:06 -!- Golly has quit [Ping timeout]
12:43:52 -!- reification has quit [Ping timeout]
16:34:09 -!- Micen has quit [Ping timeout]
16:39:29 -!- Rawr|Fone has quit [Ping timeout]
16:51:19 -!- skrm has quit [Signed off]
17:13:52 -!- carcinisation has quit [Ping timeout]
17:42:46 -!- Rawr|Phone has quit [Ping timeout]
17:54:37 -!- Rawr|Fone has quit [Read error: Connection reset by peer]
18:25:07 -!- Rawr|Fone has quit [Ping timeout]
18:59:40 -!- Rawr|Fone has quit [Ping timeout]
19:22:54 -!- Rawr|Fone has quit [Ping timeout]
20:14:41 -!- Rawr|Fone has quit [Ping timeout]
20:24:50 -!- Rawr|Fone has quit [Ping timeout]
20:43:58 -!- Rawr|Fone has quit [Ping timeout]
20:51:18 -!- Zounds has quit [Signed off]
20:55:59 -!- Camail has quit [Signed off]
21:33:36 -!- skram has quit [Ping timeout]
21:44:35 -!- Golly has quit [Ping timeout]
22:06:04 -!- Rawr|Fone has quit [Ping timeout]
23:14:23 -!- reimeuk has quit [Signed off]
23:40:17 -!- Rawr|Fone has quit [Ping timeout]
23:47:27 -!- Micen has quit [Read error: Connection reset by peer]
