01:12:17 -!- Crisium has quit [Signed off]
02:22:56 -!- Rawr|Fone has quit [Ping timeout]
03:32:08 -!- Phearlock has quit [Ping timeout]
03:47:27 -!- Camail has quit [Signed off]
05:00:29 -!- Rawr|Fone has quit [Ping timeout]
06:39:35 -!- Micen|Droid has quit [Ping timeout]
07:06:57 -!- DoT|Phone1 has quit [Ping timeout]
07:43:49 -!- Micen|Droid_ has quit [Read error: Connection reset by peer]
11:20:54 -!- tredc has quit [Read error: Connection reset by peer]
11:20:54 -!- Cane has quit [Read error: Connection reset by peer]
11:24:29 -!- Bio has quit [Ping timeout]
11:40:18 -!- reification has quit [Ping timeout]
11:48:25 -!- Rawr|Fone has quit [Ping timeout]
11:50:05 -!- skram has quit [Signed off]
15:37:38 -!- DoT|Phone has quit [Read error: Connection reset by peer]
16:21:05 -!- Rawr|Fone has quit [Ping timeout]
16:33:41 -!- BioPhone has quit [EOF from client]
16:38:44 -!- BioPhone has quit [EOF from client]
16:44:45 -!- BioPhone has quit [EOF from client]
17:28:05 -!- BioPhone has quit [EOF from client]
18:51:30 -!- Rawr|Phone has quit [Ping timeout]
21:04:19 -!- Golly has quit [Ping timeout]
21:04:20 -!- BioPhone has quit [Ping timeout]
21:18:50 -!- BioPone has quit [Read error: Connection reset by peer]
21:56:24 -!- skraam has quit [Ping timeout]
23:42:18 -!- Zounds has quit [Signed off]
23:55:37 -!- tredc has quit [Signed off]
