00:17:24 -!- Dot has quit [Ping timeout]
00:52:58 -!- Rawr|Phone has quit [Ping timeout]
01:31:48 -!- Phearlock has quit [Ping timeout]
03:20:31 -!- Rawr|Fone has quit [Ping timeout]
04:54:19 -!- Rawr|Fone has quit [Ping timeout]
05:19:49 -!- Rawr|Fone has quit [Ping timeout]
08:24:41 -!- DuB` has quit [Signed off]
09:05:54 -!- reification has quit [Ping timeout]
10:20:54 -!- Runbunny has quit [Signed off]
12:41:53 -!- DoT|Phone1 has quit [Read error: Connection reset by peer]
13:11:15 -!- BioPhone has quit [Read error: Connection reset by peer]
13:11:16 -!- BioPone has quit [Read error: Connection reset by peer]
13:15:26 -!- BioPone has quit [Signed off]
15:41:55 -!- DoT|Phone has quit [Ping timeout]
16:02:45 -!- DoT|Phone has quit [Ping timeout]
16:24:07 -!- BioPhone has quit [Ping timeout]
16:27:27 -!- DoT|Phone has quit [Read error: Connection reset by peer]
16:41:13 -!- BioPhone has quit [Ping timeout]
16:49:33 -!- Zounds has quit [Signed off]
16:50:43 -!- BioPhone has quit [Ping timeout]
17:01:30 -!- BioPhone has quit [Ping timeout]
17:08:32 -!- BioPhone has quit [Ping timeout]
17:23:09 -!- skrm has quit [Signed off]
17:31:04 -!- BioPhone has quit [Ping timeout]
18:36:36 -!- skram has quit [Read error: Connection reset by peer]
19:02:43 -!- BioPhone has quit [Ping timeout]
20:13:18 -!- BioPhone has quit [Read error: Connection reset by peer]
20:19:38 -!- BioPhone has quit [Ping timeout]
20:31:54 -!- reification has quit [Ping timeout]
20:40:01 -!- BioPhone has quit [Read error: Connection reset by peer]
20:43:46 -!- BioPhone has quit [EOF from client]
21:13:22 -!- BioPone has quit [EOF from client]
21:13:58 -!- BioPone has quit [EOF from client]
21:17:07 -!- BioPone has quit [Read error: Connection reset by peer]
21:17:23 -!- DoT|Phone1 has quit [Read error: Connection reset by peer]
21:17:56 -!- DoT|Phone has quit [EOF from client]
21:24:00 -!- skrma has quit [Ping timeout]
21:59:02 -!- BioPone has quit [EOF from client]
22:06:02 -!- BioPone has quit [EOF from client]
22:21:00 -!- BioPone has quit [Signed off]
22:59:04 -!- Golly has quit [Ping timeout]
23:20:42 -!- Crisium has quit [Signed off]
