00:09:11 -!- DoT|Phone has quit [Ping timeout]
00:36:39 -!- Runbunny has quit [Signed off]
00:37:29 -!- tredc has quit [Signed off]
01:10:42 -!- Rawr|Fone has quit [Ping timeout]
01:56:03 -!- Zounds has quit [Signed off]
02:15:00 -!- skrma has quit [Ping timeout]
02:24:25 -!- Crisium has quit [Signed off]
03:29:40 -!- Rawr|Fone has quit [Ping timeout]
03:53:20 -!- Golly has quit [Ping timeout]
04:23:08 -!- Micen|Droid has quit [Ping timeout]
04:40:21 -!- Rawr|Fone has quit [Ping timeout]
04:44:43 -!- DoT|Phone1 has quit [Read error: Connection reset by peer]
05:54:57 -!- Rawr|Fone has quit [Ping timeout]
06:20:06 -!- Rawr|Fone has quit [Ping timeout]
07:15:21 -!- DuB` has quit [Signed off]
07:20:12 -!- DoT|Phone has quit [Ping timeout]
08:09:23 -!- Micen|Droid_ has quit [Read error: Connection reset by peer]
09:05:23 -!- Camail has quit [Signed off]
09:09:16 -!- Rawr|Fone has quit [Ping timeout]
11:05:44 -!- reification has quit [Ping timeout]
11:38:02 -!- Rawr|Phone has quit [Ping timeout]
11:45:48 -!- Micen|Droid has quit [Ping timeout]
12:51:32 -!- Micen|Droid_ has quit [Ping timeout]
13:21:01 -!- skram has quit [Signed off]
15:54:23 -!- Rawr|Fone has quit [Ping timeout]
16:18:20 -!- DoT|Phone1 has quit [Read error: Connection reset by peer]
16:32:14 -!- reification has quit [Ping timeout]
16:48:44 -!- carcinisation has quit [Ping timeout]
16:54:14 -!- reification has quit [Ping timeout]
17:11:56 -!- Zounds has quit [Signed off]
17:33:44 -!- carcinisation has quit [Ping timeout]
18:24:28 -!- Rawr|Phone has quit [Ping timeout]
19:43:22 -!- Dot` has quit [Read error: Connection reset by peer]
20:04:34 -!- Golly has quit [Ping timeout]
20:21:27 -!- skram has quit [Ping timeout]
22:36:49 -!- Zounds has quit [Signed off]
23:26:25 -!- Rawr|Fone has quit [Ping timeout]
