00:26:16 -!- BioPone has quit [EOF from client]
00:40:11 -!- tredc has quit [Signed off]
00:46:15 -!- Runbunny has quit [Signed off]
01:15:36 -!- BioPone has quit [EOF from client]
01:38:48 -!- Rawr|Fone has quit [Ping timeout]
03:51:42 -!- DuB` has quit [Signed off]
04:17:24 -!- Rawr|Fone has quit [Ping timeout]
06:06:16 -!- Rawr|Fone has quit [Ping timeout]
06:06:27 -!- Dot has quit [Ping timeout]
07:30:51 -!- DoT|Phone1 has quit [Ping timeout]
07:31:12 -!- DoT|Phone has quit [Read error: Connection reset by peer]
07:37:14 -!- DoT|Phone1 has quit [Ping timeout]
07:42:06 -!- DoT|Phone has quit [Ping timeout]
07:54:38 -!- Rawr|Fone has quit [Ping timeout]
07:55:58 -!- DoT|Phone1 has quit [Ping timeout]
08:02:14 -!- DoT|Phone has quit [Ping timeout]
08:06:09 -!- DoT|Phone1 has quit [Ping timeout]
08:14:57 -!- DoT|Phone has quit [Ping timeout]
08:32:19 -!- Rawr|Fone has quit [Ping timeout]
08:38:16 -!- DoT|Phone1 has quit [Ping timeout]
08:52:52 -!- DoT|Phone has quit [Ping timeout]
08:56:58 -!- DoT|Phone1 has quit [Ping timeout]
09:47:58 -!- Golly has quit [Ping timeout]
09:57:39 -!- Camail has quit [Read error: Connection reset by peer]
10:18:40 -!- DoT|Phone has quit [Ping timeout]
10:56:37 -!- DoT|Phone1 has quit [Ping timeout]
12:44:51 -!- Micen has quit [Read error: Connection reset by peer]
13:13:21 -!- BioPone has quit [Ping timeout]
14:20:50 -!- DoT|Phone has quit [Ping timeout]
15:00:23 -!- DoT|Phone1 has quit [Ping timeout]
15:16:31 -!- DoT|Phone has quit [Ping timeout]
15:34:58 -!- Rawr|Fone has quit [Ping timeout]
16:03:12 -!- Rawr|Phone has quit [Ping timeout]
16:16:03 -!- DoT|Phone has quit [Read error: Connection reset by peer]
16:16:14 -!- DoT|Phone1 has quit [Ping timeout]
16:22:19 -!- reification has quit [Ping timeout]
16:30:09 -!- Rawr|Fone has quit [Ping timeout]
16:44:49 -!- carcinisation has quit [Ping timeout]
17:02:05 -!- DoT|Phone has quit [Read error: Connection reset by peer]
17:04:05 -!- DoT|Phone2 has quit [Ping timeout]
17:18:19 -!- reification has quit [Ping timeout]
19:30:49 -!- carcinisation has quit [Ping timeout]
20:19:11 -!- Rawr|Phone has quit [Read error: Connection reset by peer]
20:46:27 -!- Rawr|Fone has quit [Ping timeout]
22:54:38 -!- Rawr|Fone has quit [Ping timeout]
23:59:19 -!- Phearlock has quit [Ping timeout]
