00:15:03 -!- reification has quit [Signed off]
00:37:07 -!- Rawr|Fone has quit [Ping timeout]
01:28:41 -!- Rawr|Fone has quit [Ping timeout]
01:54:41 -!- skram has quit [Ping timeout]
02:19:43 -!- Rawr|Fone has quit [Ping timeout]
03:06:43 -!- Rawr|Fone has quit [Ping timeout]
03:39:38 -!- DuB` has quit [Signed off]
04:53:58 -!- Rawr|Fone has quit [Ping timeout]
05:02:43 -!- Camail has quit [Signed off]
05:46:51 -!- Rawr|Fone has quit [Ping timeout]
08:04:50 -!- Rawr|Fone has quit [Ping timeout]
09:04:39 -!- Rawr|Fone has quit [Ping timeout]
14:02:56 -!- Rawr|Phone has quit [Ping timeout]
14:28:00 -!- skram has quit [Ping timeout]
15:10:52 -!- Rawr|Fone has quit [Ping timeout]
15:30:59 -!- Dot` has quit [Ping timeout]
17:25:34 -!- reification has quit [Ping timeout]
22:01:07 -!- Golly has quit [Ping timeout]
22:02:24 -!- Zounds has quit [Signed off]
22:11:34 -!- Westy543 has quit [Ping timeout]
23:03:04 -!- reification has quit [Ping timeout]
23:04:30 -!- Rawr|Fone has quit [Ping timeout]
23:56:08 -!- tredc has quit [Signed off]
23:58:20 -!- Dot` has quit [Ping timeout]
