00:00:37 -!- Zounds has quit [Signed off]
01:19:32 -!- Rawr|Phone has quit [Ping timeout]
02:07:43 -!- tredc has quit [Signed off]
02:40:35 -!- Camail has quit [Read error: Connection reset by peer]
02:40:48 -!- Crisium has quit [Signed off]
03:07:45 -!- Rawr|Fone has quit [Ping timeout]
03:13:43 -!- Kittybunny has quit [Signed off]
04:23:19 -!- skram has quit [Ping timeout]
05:32:36 -!- DuB` has quit [Signed off]
06:03:12 -!- Rawr|Fone has quit [Ping timeout]
06:34:48 -!- Dot` has quit [Ping timeout]
08:54:05 -!- Micen_ has quit [Read error: Connection reset by peer]
09:35:03 -!- Rawr|Fone has quit [Ping timeout]
09:54:06 -!- Dot|Phone has quit [Signed off]
11:32:17 -!- tredc has quit [Ping timeout]
11:48:36 -!- Rawr|Fone has quit [Ping timeout]
14:00:56 -!- Rawr|Fone has quit [Ping timeout]
16:10:10 -!- Cane has quit [Read error: Connection reset by peer]
16:43:27 -!- BioPhone has quit [Ping timeout]
17:15:53 -!- Rawr|Fone has quit [Ping timeout]
17:40:09 -!- BioPone has quit [EOF from client]
17:56:52 -!- Rawr|Fone has quit [Ping timeout]
18:02:46 -!- BioPone has quit [EOF from client]
18:31:44 -!- BioPone has quit [Read error: Connection reset by peer]
18:47:51 -!- Camail has quit [Signed off]
19:41:24 -!- Rawr|Fone has quit [Ping timeout]
20:58:15 -!- Rawr|Fone has quit [Ping timeout]
21:34:46 -!- Rawr|Fone has quit [Ping timeout]
22:07:57 -!- Golly has quit [Ping timeout]
22:13:18 -!- Dot` has quit [Ping timeout]
22:18:23 -!- skrma has quit [Ping timeout]
22:32:00 -!- BioPhone has quit [EOF from client]
22:33:19 -!- Rawr|Fone has quit [Ping timeout]
22:40:00 -!- BioPhone has quit [Ping timeout]
23:23:38 -!- BioPone has quit [Read error: Connection reset by peer]
23:38:56 -!- Zounds has quit [Signed off]
23:39:24 -!- Rawr|Fone has quit [Ping timeout]
