00:01:21 -!- reification has quit [Signed off]
00:07:04 -!- DoT|Phone1 has quit [Ping timeout]
00:29:14 -!- Rawr|Fone has quit [Ping timeout]
00:40:32 -!- Runbunny has quit [Signed off]
01:15:10 -!- skram has quit [Ping timeout]
03:05:51 -!- Crisium has quit [Signed off]
04:16:55 -!- DoT` has quit [Ping timeout]
04:25:47 -!- Rawr|Fone has quit [Ping timeout]
06:42:32 -!- DoT` has quit [Ping timeout]
06:47:30 -!- DoT|Phone has quit [Ping timeout]
07:17:52 -!- DuB` has quit [Signed off]
07:59:10 -!- Camail has quit [Signed off]
08:17:18 -!- Rawr|Fone has quit [Ping timeout]
08:47:41 -!- Bio has quit [Ping timeout]
11:08:16 -!- Rawr|Phone has quit [Read error: Connection reset by peer]
12:37:00 -!- DoT|Phone1 has quit [Ping timeout]
12:45:55 -!- BioPhone has quit [EOF from client]
12:54:59 -!- DoT|Phone has quit [Ping timeout]
13:41:36 -!- DoT|Phone1 has quit [Ping timeout]
14:14:51 -!- DoT|Phone1 has quit [Read error: Connection reset by peer]
14:17:19 -!- DoT|Phone has quit [Ping timeout]
15:06:34 -!- BioPhone has quit [EOF from client]
15:15:10 -!- BioPhone has quit [EOF from client]
16:12:01 -!- skram has quit [Signed off]
16:58:10 -!- skram has quit [Ping timeout]
20:16:11 -!- Rawr|Fone has quit [Ping timeout]
20:40:03 -!- BioPhone has quit [EOF from client]
21:11:19 -!- BioPhone has quit [Ping timeout]
21:29:53 -!- Zounds has quit [Signed off]
21:32:24 -!- BioPone has quit [Read error: Connection reset by peer]
22:17:24 -!- reification has quit [Ping timeout]
22:38:33 -!- Runbunny has quit [Signed off]
23:25:39 -!- Golly has quit [Ping timeout]
