00:11:07 -!- reification has quit [Signed off]
01:00:55 -!- tredc has quit [Read error: Connection reset by peer]
01:04:45 -!- skram has quit [Ping timeout]
01:19:50 -!- tredc has quit [Ping timeout]
01:38:38 -!- Rawr|Fone has quit [Ping timeout]
01:48:32 -!- skrma has quit [Signed off]
02:27:24 -!- Cane has quit [Signed off]
02:34:40 -!- Rawr|Fone has quit [Ping timeout]
02:50:02 -!- Dot` has quit [Ping timeout]
03:22:16 -!- Rawr|Fone has quit [Ping timeout]
03:38:38 -!- Crisium has quit [Signed off]
04:20:22 -!- Westy543 has quit [Signed off]
04:30:04 -!- Rawr|Fone has quit [Ping timeout]
04:34:18 -!- DuB` has quit [Signed off]
04:48:04 -!- Rawr|Fone has quit [Ping timeout]
04:53:35 -!- Runbunny has quit [Signed off]
05:12:17 -!- Rawr|Fone has quit [Ping timeout]
05:22:35 -!- Rawr|Fone has quit [Ping timeout]
07:55:20 -!- Rawr|Fone has quit [Read error: Connection reset by peer]
08:23:35 -!- Camail has quit [Signed off]
12:10:24 -!- Rawr|Fone has quit [Ping timeout]
12:31:33 -!- tredc has quit [Read error: Connection reset by peer]
12:41:55 -!- reification has quit [Ping timeout]
13:26:06 -!- Rawr|Fone has quit [Ping timeout]
14:20:35 -!- Rawr|Fone has quit [Ping timeout]
15:43:20 -!- BioPone has quit [EOF from client]
16:51:01 -!- Rawr|Phone has quit [Read error: Connection reset by peer]
17:32:10 -!- Rawr|Fone has quit [Ping timeout]
17:39:24 -!- BioPone has quit [Read error: Connection reset by peer]
18:19:59 -!- Camail has quit [Signed off]
19:42:41 -!- BioPhone has quit [EOF from client]
20:35:06 -!- Dot|Phone has quit [Signed off]
21:12:23 -!- Golly has quit [Ping timeout]
21:33:46 -!- BioPhone has quit [Ping timeout]
21:45:16 -!- skram has quit [Ping timeout]
21:48:39 -!- BioPone has quit [Read error: Connection reset by peer]
21:58:37 -!- Rawr|Phone has quit [Read error: Connection reset by peer]
22:28:39 -!- Rawr|Fone has quit [Ping timeout]
22:35:58 -!- reification has quit [Signed off]
22:46:41 -!- Golly has quit [Read error: Connection reset by peer]
22:48:27 -!- Rawr|Fone has quit [Ping timeout]
23:11:11 -!- BioPone has quit [EOF from client]
23:22:54 -!- skrma has quit [Ping timeout]
