00:47:35 -!- BioPhone has quit [EOF from client]
00:53:54 -!- BioPhone has quit [EOF from client]
01:06:29 -!- BioPhone has quit [EOF from client]
01:17:55 -!- tredc has quit [Signed off]
01:23:29 -!- BioPhone has quit [EOF from client]
01:36:52 -!- skrma has quit [Ping timeout]
01:58:25 -!- Crisium has quit [Ping timeout]
02:06:45 -!- BioPhone has quit [Read error: Connection reset by peer]
02:07:49 -!- Camail has quit [Signed off]
02:36:14 -!- Rawr|Fone has quit [Ping timeout]
02:46:31 -!- Runbunny has quit [Signed off]
02:57:24 -!- Dot` has quit [Ping timeout]
03:00:53 -!- Crisium|2 has quit [Signed off]
03:22:40 -!- Camail has quit [Signed off]
04:02:10 -!- Rawr|Fone has quit [Ping timeout]
04:34:18 -!- Rawr|Fone has quit [Ping timeout]
05:07:56 -!- Rawr|Fone has quit [Ping timeout]
05:12:12 -!- DuB` has quit [Signed off]
05:22:52 -!- Rawr|Fone has quit [Ping timeout]
08:06:21 -!- Rawr|Fone has quit [Read error: Connection reset by peer]
08:32:13 -!- Rawr|Phone has quit [Ping timeout]
10:02:25 -!- Westy543 has quit [Signed off]
10:10:00 -!- BioPone has quit [EOF from client]
10:34:59 -!- Rawr|Fone has quit [Ping timeout]
11:01:49 -!- CellRoach has quit [Signed off]
13:00:56 -!- Rawr|Phone has quit [Ping timeout]
13:21:08 -!- BioPone has quit [Ping timeout]
13:26:55 -!- skram has quit [Ping timeout]
14:16:05 -!- Rawr|Fone has quit [Ping timeout]
15:14:11 -!- Cane has quit [Signed off]
15:42:10 -!- Micen has quit [Ping timeout]
16:04:26 -!- Rawr|Fone has quit [Ping timeout]
16:28:04 -!- BioPone has quit [Ping timeout]
17:21:40 -!- Rawr|Fone has quit [Ping timeout]
18:49:20 -!- BioPone has quit [EOF from client]
18:58:42 -!- BioPone has quit [EOF from client]
19:10:01 -!- BioPone has quit [EOF from client]
21:20:37 -!- Dot|Phone has quit [Signed off]
21:24:33 -!- Golly has quit [Ping timeout]
21:45:40 -!- skrm has quit [Signed off]
22:03:59 -!- Micen_ has quit [Read error: Connection reset by peer]
22:06:16 -!- Runbunny has quit [Ping timeout]
22:30:13 -!- Rawr|Fone has quit [Ping timeout]
22:33:47 -!- Crisium has quit [Ping timeout]
23:26:59 -!- BioPone has quit [Signed off]
23:29:28 -!- Crisium|2 has quit [Ping timeout]
