00:10:12 -!- tredc has quit [Signed off]
01:31:09 -!- Phearlock has quit [Ping timeout]
03:20:00 -!- BioPhone has quit [EOF from client]
04:13:34 -!- Crisium has quit [Signed off]
04:40:59 -!- skram has quit [Ping timeout]
04:57:19 -!- DuB` has quit [Signed off]
08:50:45 -!- Camail has quit [Read error: Connection reset by peer]
09:17:01 -!- Rawr|Fone has quit [Ping timeout]
14:29:28 -!- Rawr|Phone has quit [Read error: Connection reset by peer]
16:02:10 -!- Rawr|Fone has quit [Ping timeout]
16:57:46 -!- Rawr|Fone has quit [Ping timeout]
17:33:04 -!- Bunny has quit [Ping timeout]
18:11:13 -!- Bunny has quit [Ping timeout]
18:49:41 -!- Golly has quit [Ping timeout]
20:21:24 -!- Crisium has quit [Ping timeout]
22:13:35 -!- Bunny has quit [Signed off]
22:48:36 -!- reification has quit [Signed off]
23:16:53 -!- Crisium has quit [Ping timeout]
23:21:59 -!- tredc has quit [Signed off]
23:44:03 -!- BioPhone has quit [EOF from client]
23:52:05 -!- Dot has quit [Read error: Connection reset by peer]
