00:13:42 -!- tredc has quit [Signed off]
00:18:07 -!- reification has quit [Signed off]
01:17:32 -!- Rawr|Phone has quit [Ping timeout]
01:21:57 -!- Dot has quit [Ping timeout]
01:22:37 -!- DuB` has quit [Signed off]
01:52:09 -!- Runbunny has quit [Signed off]
02:23:41 -!- DoT|Phone has quit [Ping timeout]
02:24:18 -!- Crisium has quit [Signed off]
02:34:09 -!- Rawr|Fone has quit [Ping timeout]
03:31:03 -!- Rawr|Fone has quit [Ping timeout]
03:39:02 -!- skram has quit [Ping timeout]
05:38:16 -!- Rawr|Fone has quit [Ping timeout]
05:45:51 -!- Camail has quit [Read error: Connection reset by peer]
06:29:46 -!- DoT` has quit [Ping timeout]
08:07:55 -!- Rawr|Fone has quit [Ping timeout]
08:19:18 -!- DoT` has quit [Ping timeout]
08:21:13 -!- DoT|Phone has quit [Ping timeout]
08:34:43 -!- Rawr|Fone has quit [Ping timeout]
08:36:37 -!- Zounds has quit [Ping timeout]
08:54:17 -!- Rawr|Fone has quit [Ping timeout]
08:56:04 -!- Cane has quit [Ping timeout]
09:00:21 -!- Cane has quit [Registered]
09:03:04 -!- Cane_ has quit [Ping timeout]
09:33:04 -!- Cane has quit [Ping timeout]
09:36:38 -!- Cane has quit [Signed off]
11:23:50 -!- Rawr|Fone has quit [Ping timeout]
12:28:23 -!- BioPone has quit [Ping timeout]
12:57:41 -!- DoT` has quit [Ping timeout]
13:08:41 -!- skram has quit [Ping timeout]
13:23:41 -!- Golly has quit [Ping timeout]
14:05:37 -!- Rawr|Phone has quit [Ping timeout]
15:06:31 -!- DoT|Phone has quit [Ping timeout]
15:38:19 -!- DuB|fon has quit [Read error: Connection reset by peer]
15:43:40 -!- DuBphon has quit [Ping timeout]
15:47:35 -!- BioPhone has quit [Ping timeout]
16:13:28 -!- Rawr|Fone has quit [Ping timeout]
16:46:10 -!- skram has quit [Ping timeout]
16:51:41 -!- DuB|fon has quit [Ping timeout]
17:15:18 -!- BioPone has quit [Read error: Connection reset by peer]
18:31:10 -!- Rawr|Fone has quit [Ping timeout]
18:39:10 -!- Rawr|Fone has quit [Ping timeout]
18:51:30 -!- Micen has quit [Read error: Connection reset by peer]
19:09:40 -!- Rawr|Fone has quit [Ping timeout]
20:05:04 -!- BioPone has quit [Ping timeout]
20:25:30 -!- Cane has quit [Read error: Connection reset by peer]
20:31:33 -!- Cane_ has quit [Read error: Connection reset by peer]
21:01:55 -!- reification has quit [Signed off]
21:15:00 -!- BioPone has quit [Read error: Connection reset by peer]
21:19:27 -!- Bio has quit [Read error: Connection reset by peer]
21:33:51 -!- DuB|fon has quit [Ping timeout]
21:58:11 -!- Bio has quit [Read error: Connection reset by peer]
21:59:40 -!- Rawr|Phone has quit [Read error: Connection reset by peer]
22:25:34 -!- Golly has quit [Ping timeout]
22:44:31 -!- Zounds has quit [Signed off]
23:05:07 -!- DoT|Phone has quit [Ping timeout]
23:48:06 -!- Runbunny has quit [Signed off]
23:57:13 -!- Cane has quit [Read error: Connection reset by peer]
23:58:39 -!- tredc has quit [Signed off]
