00:03:14 -!- Zounds has quit [Signed off]
00:14:23 -!- Rawr|Fone has quit [Ping timeout]
00:16:25 -!- carcinisation has quit [Signed off]
01:01:38 -!- Runbunny has quit [Signed off]
01:05:24 -!- Dot` has quit [Ping timeout]
01:15:28 -!- Rawr|Fone has quit [Ping timeout]
01:19:49 -!- tredc has quit [Signed off]
02:51:48 -!- BioPone has quit [Read error: Connection reset by peer]
03:52:36 -!- Rawr|Fone has quit [Ping timeout]
05:43:10 -!- skrm has quit [Signed off]
05:57:54 -!- Rawr|Fone has quit [Ping timeout]
06:06:18 -!- DuB` has quit [Signed off]
07:57:43 -!- Camail has quit [Signed off]
08:08:30 -!- Rawr|Fone has quit [Ping timeout]
09:04:56 -!- skram has quit [Ping timeout]
10:34:41 -!- reification has quit [Ping timeout]
12:22:40 -!- Rawr|Fone has quit [Ping timeout]
12:50:43 -!- Rawr|Fone has quit [Ping timeout]
13:11:41 -!- carcinisation has quit [Ping timeout]
13:32:38 -!- BioPone has quit [Read error: Connection reset by peer]
13:42:11 -!- reimeuk has quit [Ping timeout]
13:46:41 -!- carcinisation has quit [Ping timeout]
14:31:41 -!- reification has quit [Ping timeout]
14:54:41 -!- reification has quit [Ping timeout]
15:44:14 -!- BioPhone has quit [EOF from client]
16:40:59 -!- Rawr|Fone has quit [Ping timeout]
16:58:47 -!- Rawr|Fone has quit [Ping timeout]
18:05:49 -!- Camail has quit [Signed off]
18:45:27 -!- carcinisation has quit [Signed off]
19:23:55 -!- Dot|Phone has quit [Signed off]
20:29:29 -!- Golly has quit [Read error: Connection reset by peer]
20:36:37 -!- Rawr|Phone has quit [Read error: Connection reset by peer]
21:08:47 -!- skram has quit [Ping timeout]
21:23:10 -!- Rawr|Fone has quit [Ping timeout]
21:43:14 -!- Micen has quit [Ping timeout]
21:47:12 -!- Golly has quit [Ping timeout]
21:55:33 -!- BioPhone has quit [Ping timeout]
22:10:00 -!- BioPone has quit [Read error: Connection reset by peer]
22:23:04 -!- Rawr|Fone has quit [Ping timeout]
22:52:34 -!- Cane has quit [Signed off]
22:54:52 -!- Rawr|Fone has quit [Ping timeout]
