00:01:13 -!- Phearlock has quit [Ping timeout]
00:09:17 -!- reification has quit [Signed off]
00:10:00 -!- DoT|Phone has quit [Ping timeout]
02:15:32 -!- Crisium has quit [Signed off]
03:26:39 -!- DoT` has quit [Ping timeout]
04:56:59 -!- DuB` has quit [Signed off]
05:14:28 -!- Camail has quit [Ping timeout]
06:58:02 -!- DoT|Phone has quit [Ping timeout]
07:56:03 -!- Runbunny has quit [Ping timeout]
08:07:47 -!- DoT|Phone1 has quit [Ping timeout]
09:06:46 -!- DoT|Phone has quit [Ping timeout]
09:21:55 -!- DoT|Phone1 has quit [Ping timeout]
10:09:20 -!- DoT|Phone has quit [Ping timeout]
10:09:51 -!- tredc has quit [Signed off]
10:15:57 -!- tredc has quit [Ping timeout]
10:25:08 -!- DoT|Phone1 has quit [Ping timeout]
10:54:06 -!- tredc has quit [Ping timeout]
10:54:06 -!- tredc_ has quit [EOF from client]
10:55:35 -!- DoT|Phone has quit [Ping timeout]
11:12:15 -!- Zounds has quit [Signed off]
11:49:41 -!- Golly has quit [Ping timeout]
13:11:18 -!- DoT|Phone1 has quit [Ping timeout]
13:37:15 -!- DoT|Phone has quit [Ping timeout]
14:15:30 -!- DoT|Phone1 has quit [Ping timeout]
14:43:41 -!- DoT|Phone has quit [Ping timeout]
14:49:03 -!- DoT|Phone1 has quit [Ping timeout]
15:10:07 -!- Cane has quit [Signed off]
15:38:41 -!- DoT|Phone has quit [Read error: Connection reset by peer]
21:48:20 -!- Crisium has quit [Ping timeout]
23:06:16 -!- Kittybunny has quit [Signed off]
23:16:03 -!- Golly has quit [Ping timeout]
23:43:24 -!- reification has quit [Signed off]
