00:09:21 -!- Golly has quit [Ping timeout]
00:16:22 -!- reification has quit [Signed off]
01:34:28 -!- tredc has quit [Signed off]
03:12:39 -!- skram has quit [Ping timeout]
03:24:45 -!- Rawr|Phone has quit [Signed off]
03:26:24 -!- Dot` has quit [Ping timeout]
03:31:18 -!- Rawr|Fone has quit [Ping timeout]
03:48:44 -!- Crisium has quit [Signed off]
04:02:18 -!- Runbunny has quit [Signed off]
05:42:53 -!- DuB` has quit [Signed off]
06:31:09 -!- Micen has quit [Read error: Connection reset by peer]
06:59:50 -!- Cane has quit [Signed off]
07:03:52 -!- BioPone has quit [EOF from client]
08:51:19 -!- Camail has quit [Signed off]
12:04:40 -!- reification has quit [Ping timeout]
12:13:53 -!- Rawr|Fone has quit [Read error: Connection reset by peer]
12:14:57 -!- Rawr|Phone has quit [Read error: Connection reset by peer]
12:22:33 -!- Rawr|Fone has quit [Read error: Connection reset by peer]
12:37:21 -!- Rawr|Phone has quit [Read error: Connection reset by peer]
13:04:34 -!- BioPone has quit [Ping timeout]
13:18:24 -!- Golly has quit [Ping timeout]
13:22:55 -!- skram has quit [Ping timeout]
15:47:03 -!- BioPone has quit [EOF from client]
15:50:41 -!- BioPone has quit [EOF from client]
15:56:21 -!- BioPone has quit [EOF from client]
16:41:22 -!- Cane_ has quit [Registered]
16:41:22 -!- Cane has quit [Read error: Connection reset by peer]
17:59:40 -!- carcinisation has quit [Ping timeout]
18:13:03 -!- DuB` has quit [Signed off]
18:15:54 -!- Dot|Phone has quit [Signed off]
18:20:40 -!- BioPone has quit [EOF from client]
18:58:57 -!- BioPone has quit [Read error: Connection reset by peer]
21:10:08 -!- BioPone has quit [EOF from client]
21:52:38 -!- skrm has quit [Signed off]
21:59:32 -!- DuB|fon has quit [Read error: Connection reset by peer]
22:49:15 -!- skram has quit [Ping timeout]
23:11:52 -!- DvB|fon has quit [Read error: Connection reset by peer]
23:17:16 -!- DvB|fon has quit [Read error: Connection reset by peer]
23:20:31 -!- DvB|fon has quit [Read error: Connection reset by peer]
23:22:03 -!- skrma has quit [Ping timeout]
23:53:40 -!- reification has quit [Ping timeout]
