00:26:24 -!- tredc has quit [Signed off]
00:43:56 -!- Runbunny has quit [Signed off]
01:39:10 -!- Rawr|Fone has quit [Ping timeout]
03:01:32 -!- Phearlock has quit [Ping timeout]
03:18:26 -!- Rawr|Fone has quit [Ping timeout]
04:34:27 -!- skram has quit [Ping timeout]
04:44:26 -!- DoT` has quit [Ping timeout]
05:12:59 -!- Rawr|Fone has quit [Ping timeout]
05:58:33 -!- DuB` has quit [Signed off]
07:57:10 -!- DoT|Phone1 has quit [Read error: Connection reset by peer]
08:00:01 -!- DoT` has quit [Ping timeout]
08:01:03 -!- DoT|Phone has quit [Ping timeout]
09:16:08 -!- Rawr|Fone has quit [Ping timeout]
09:48:36 -!- Rawr|Fone has quit [Ping timeout]
10:14:45 -!- DoT|Phone has quit [Read error: Connection reset by peer]
13:40:54 -!- Rawr|Fone has quit [Ping timeout]
14:52:58 -!- Rawr|Fone has quit [Ping timeout]
15:00:20 -!- Rawr|Fone has quit [Ping timeout]
15:08:19 -!- Bio has quit [Read error: Connection reset by peer]
16:07:12 -!- Rawr|Fone has quit [Ping timeout]
16:45:18 -!- skrm has quit [Signed off]
16:56:51 -!- Rawr|Fone has quit [Ping timeout]
18:24:10 -!- Rawr|Fone has quit [Ping timeout]
18:55:13 -!- Rawr|Fone has quit [Ping timeout]
19:11:32 -!- reification has quit [Read error: Connection reset by peer]
19:26:26 -!- Rawr|Fone has quit [Ping timeout]
19:55:11 -!- reification has quit [Ping timeout]
20:27:09 -!- Rawr|Fone has quit [Ping timeout]
20:30:11 -!- carcinisation has quit [Ping timeout]
20:42:07 -!- Golly has quit [Ping timeout]
20:52:11 -!- reimeuk has quit [Ping timeout]
21:03:11 -!- reification has quit [Ping timeout]
21:05:41 -!- carcinisation has quit [Ping timeout]
21:12:24 -!- Rawr|Fone has quit [Ping timeout]
21:29:48 -!- Rawr|Fone has quit [Ping timeout]
22:08:47 -!- BioPone has quit [EOF from client]
22:11:05 -!- Rawr|Fone has quit [Ping timeout]
22:56:54 -!- skram has quit [Ping timeout]
23:09:44 -!- Rawr|Fone has quit [Ping timeout]
23:31:25 -!- Camail has quit [Ping timeout]
23:35:27 -!- BioPone has quit [EOF from client]
23:35:56 -!- Camail_ has quit [Ping timeout]
23:42:16 -!- reimeuk has quit [Signed off]
