00:28:12 -!- DoT` has quit [Ping timeout]
00:34:23 -!- tredc has quit [Signed off]
01:08:13 -!- DoT` has quit [Signed off]
01:25:12 -!- skram has quit [Ping timeout]
01:35:42 -!- Rawr|Fone has quit [Ping timeout]
02:03:40 -!- skrma has quit [Ping timeout]
03:49:37 -!- DuB` has quit [Signed off]
04:01:49 -!- Rawr|Fone has quit [Ping timeout]
05:32:00 -!- DoT|Phone has quit [Ping timeout]
06:04:54 -!- Rawr|Fone has quit [Ping timeout]
06:16:41 -!- DoT|Phone1 has quit [Ping timeout]
06:56:00 -!- Camail has quit [Signed off]
07:11:59 -!- Rawr|Fone has quit [Ping timeout]
07:35:09 -!- DoT|Phone has quit [Ping timeout]
07:45:33 -!- Rawr|Fone has quit [Ping timeout]
09:02:53 -!- Rawr|Fone has quit [Ping timeout]
09:26:47 -!- Rawr|Fone has quit [Read error: Connection reset by peer]
09:31:38 -!- Rawr|Phone has quit [Ping timeout]
12:27:36 -!- skram has quit [Ping timeout]
12:34:01 -!- DoT|Phone1 has quit [EOF from client]
13:14:31 -!- Runbunny has quit [Ping timeout]
15:15:51 -!- BioPhone has quit [Ping timeout]
15:52:23 -!- BioPone has quit [Ping timeout]
16:01:31 -!- DoT|Phone has quit [Read error: Connection reset by peer]
16:08:16 -!- Rawr|Fone has quit [Ping timeout]
16:28:23 -!- BioPone has quit [EOF from client]
16:47:22 -!- BioPone has quit [EOF from client]
17:00:46 -!- Rawr|Phone has quit [Ping timeout]
17:10:06 -!- BioPone has quit [Read error: Connection reset by peer]
18:34:01 -!- Rawr|Fone has quit [Ping timeout]
18:50:37 -!- Rawr|Fone has quit [Ping timeout]
19:09:12 -!- reification has quit [Ping timeout]
19:12:35 -!- Golly has quit [Ping timeout]
19:29:56 -!- Rawr|Fone has quit [Ping timeout]
19:37:12 -!- carcinisation has quit [Ping timeout]
20:04:41 -!- Rawr|Fone has quit [Ping timeout]
20:39:09 -!- skrm has quit [Ping timeout]
20:46:51 -!- Rawr|Fone has quit [Ping timeout]
21:15:25 -!- BioPhone has quit [Ping timeout]
21:33:37 -!- BioPone has quit [Read error: Connection reset by peer]
21:53:08 -!- Crisium has quit [Read error: Connection reset by peer]
22:04:15 -!- Rawr|Fone has quit [Ping timeout]
22:59:46 -!- Runbunny has quit [Signed off]
23:06:42 -!- reimeuk has quit [Ping timeout]
23:15:49 -!- Rawr|Fone has quit [Ping timeout]
