00:09:52 -!- Phearlock has quit [Ping timeout]
00:25:49 -!- BioPhone has quit [Read error: Connection reset by peer]
00:35:34 -!- carcinisation has quit [Ping timeout]
00:57:48 -!- Rawr|Fone has quit [Ping timeout]
01:37:24 -!- Runbunny has quit [Signed off]
01:40:54 -!- Crisium has quit [Signed off]
01:51:08 -!- Rawr|Fone has quit [Ping timeout]
02:23:28 -!- Rawr|Fone has quit [Ping timeout]
02:39:14 -!- Westy543 has quit [Signed off]
03:22:13 -!- DuB` has quit [Signed off]
03:28:06 -!- skram has quit [Ping timeout]
03:37:04 -!- Rawr|Fone has quit [Ping timeout]
04:31:47 -!- Dot` has quit [Ping timeout]
06:00:13 -!- Rawr|Fone has quit [Ping timeout]
06:11:14 -!- Camail has quit [Read error: Connection reset by peer]
08:07:31 -!- Cane has quit [Signed off]
09:24:49 -!- Dot` has quit [Ping timeout]
10:44:18 -!- Rawr|Fone has quit [Ping timeout]
11:11:30 -!- Zounds has quit [Signed off]
11:55:02 -!- reification has quit [Ping timeout]
12:11:42 -!- BioPone has quit [Ping timeout]
12:40:31 -!- Rawr|Phone has quit [Ping timeout]
14:52:22 -!- Rawr|Fone has quit [Ping timeout]
15:46:56 -!- BioPone has quit [Ping timeout]
16:55:09 -!- Dot` has quit [Ping timeout]
17:20:04 -!- BioPone has quit [Read error: Connection reset by peer]
17:37:06 -!- BioPone has quit [Read error: Connection reset by peer]
18:26:22 -!- Rawr|Fone has quit [Ping timeout]
19:00:21 -!- Rawr|Phone has quit [Ping timeout]
19:16:32 -!- Rawr|Fone has quit [Ping timeout]
19:32:33 -!- Dot` has quit [Ping timeout]
20:24:55 -!- Rawr|Fone has quit [Ping timeout]
20:26:14 -!- Camail has quit [Signed off]
21:03:55 -!- Phearlock has quit [Ping timeout]
21:12:30 -!- Rawr|Fone has quit [Ping timeout]
21:23:23 -!- Micen has quit [Read error: Connection reset by peer]
21:26:09 -!- Rawr|Fone has quit [Ping timeout]
21:28:48 -!- BioPhone has quit [Ping timeout]
21:56:08 -!- BioPone has quit [Read error: Connection reset by peer]
22:23:02 -!- BioPone has quit [EOF from client]
22:53:34 -!- BioPone has quit [Ping timeout]
22:59:10 -!- Golly has quit [Ping timeout]
22:59:57 -!- Runbunny has quit [Signed off]
23:45:04 -!- reification has quit [Signed off]
23:50:45 -!- tredc has quit [Signed off]
