00:32:12 -!- tredc has quit [Signed off]
00:51:34 -!- skram has quit [Ping timeout]
02:04:35 -!- Crisium has quit [Signed off]
02:42:09 -!- Runbunny has quit [Signed off]
02:43:10 -!- Phearlock has quit [Signed off]
03:04:13 -!- Rawr|Fone has quit [Ping timeout]
03:15:57 -!- Dot` has quit [Ping timeout]
03:26:25 -!- Camail has quit [Read error: Connection reset by peer]
03:39:38 -!- DuB` has quit [Signed off]
06:05:29 -!- Rawr|Fone has quit [Ping timeout]
08:29:09 -!- Rawr|Fone has quit [Ping timeout]
09:47:11 -!- Rawr|Fone has quit [Ping timeout]
10:07:46 -!- skram has quit [Ping timeout]
10:36:02 -!- reification has quit [Ping timeout]
10:46:47 -!- Rawr|Fone has quit [Ping timeout]
11:17:32 -!- reification has quit [Ping timeout]
11:43:46 -!- Rawr|Fone has quit [Ping timeout]
12:47:06 -!- Golly has quit [Ping timeout]
13:33:11 -!- BioPhone has quit [EOF from client]
14:15:42 -!- Rawr|Fone has quit [Ping timeout]
14:39:02 -!- reification has quit [Ping timeout]
15:12:00 -!- skrma has quit [Ping timeout]
15:21:37 -!- Rawr|Phone has quit [Ping timeout]
15:46:02 -!- reimeuk has quit [Ping timeout]
16:39:49 -!- Rawr|Fone has quit [Ping timeout]
16:59:51 -!- Micen has quit [Ping timeout]
20:34:40 -!- Dot|Phone has quit [Signed off]
21:10:07 -!- BioPhone has quit [Ping timeout]
21:28:25 -!- Rawr|Phone has quit [Ping timeout]
21:42:48 -!- BioPone has quit [Read error: Connection reset by peer]
22:15:14 -!- BioPone has quit [Ping timeout]
22:47:04 -!- skram has quit [Ping timeout]
22:48:27 -!- reification has quit [Ping timeout]
22:49:57 -!- carcinisation has quit [Ping timeout]
23:34:33 -!- reimeuk has quit [Signed off]
