00:30:53 -!- tredc has quit [Signed off]
00:52:20 -!- Rawr|Fone has quit [Ping timeout]
01:51:04 -!- Runbunny has quit [Signed off]
02:21:04 -!- Camail has quit [Signed off]
02:23:41 -!- Crisium has quit [Signed off]
02:55:09 -!- Rawr|Fone has quit [Ping timeout]
03:27:12 -!- Dot` has quit [Ping timeout]
04:44:15 -!- DuB` has quit [Signed off]
05:22:45 -!- Camail has quit [Read error: Connection reset by peer]
06:20:38 -!- Rawr|Fone has quit [Ping timeout]
07:41:01 -!- Rawr|Fone has quit [Ping timeout]
08:20:57 -!- reification has quit [Ping timeout]
09:46:54 -!- Golly has quit [Ping timeout]
09:52:57 -!- carcinisation has quit [Ping timeout]
09:58:25 -!- Rawr|Fone has quit [Ping timeout]
10:06:57 -!- reification has quit [Ping timeout]
10:42:27 -!- reification has quit [Ping timeout]
10:49:42 -!- Rawr|Phone has quit [Ping timeout]
11:36:45 -!- Rawr|Fone has quit [Ping timeout]
12:06:46 -!- BioPone has quit [EOF from client]
12:12:31 -!- BioPone has quit [Read error: Connection reset by peer]
13:34:33 -!- Rawr|Phone has quit [Ping timeout]
14:18:53 -!- Rawr|Fone has quit [Ping timeout]
14:37:25 -!- Rawr|Fone has quit [Ping timeout]
18:14:15 -!- Dot|Phone has quit [Signed off]
19:27:11 -!- Rawr|Phone has quit [Ping timeout]
19:41:45 -!- Rawr|Fone has quit [Ping timeout]
20:17:03 -!- Rawr|Fone has quit [Ping timeout]
20:44:00 -!- BioPhone has quit [Ping timeout]
21:02:35 -!- Rawr|Fone has quit [Ping timeout]
21:08:03 -!- BioPone has quit [Read error: Connection reset by peer]
21:20:22 -!- Zounds has quit [Signed off]
22:24:19 -!- Rawr|Fone has quit [Ping timeout]
22:26:57 -!- Golly has quit [Ping timeout]
23:57:58 -!- tredc has quit [Signed off]
23:58:45 -!- Rawr|Fone has quit [Ping timeout]
