00:40:38 -!- tredc has quit [Signed off]
01:10:45 -!- Rawr|Fone has quit [Ping timeout]
01:54:59 -!- Rawr|Fone has quit [Ping timeout]
02:46:09 -!- CrisPone has quit [Signed off]
03:49:20 -!- Rawr|Fone has quit [Ping timeout]
04:10:20 -!- Runbunny has quit [Signed off]
04:25:15 -!- skram has quit [Ping timeout]
04:35:02 -!- Crisium has quit [Signed off]
05:16:42 -!- skram has quit [Ping timeout]
05:41:12 -!- Camail has quit [Signed off]
06:28:09 -!- Rawr|Fone has quit [Ping timeout]
06:58:43 -!- DuB` has quit [Signed off]
07:49:22 -!- Golly has quit [Ping timeout]
09:34:51 -!- Rawr|Fone has quit [Ping timeout]
10:08:23 -!- Cane has quit [Signed off]
11:48:10 -!- Rawr|Fone has quit [Ping timeout]
14:13:45 -!- BioPone has quit [Read error: Connection reset by peer]
19:38:29 -!- Dot|Phone has quit [Signed off]
21:22:06 -!- BioPone has quit [Ping timeout]
21:47:21 -!- skram has quit [Ping timeout]
22:05:09 -!- Golly has quit [Ping timeout]
22:10:47 -!- skram has quit [Ping timeout]
22:50:02 -!- BioPone has quit [EOF from client]
23:15:09 -!- CrisPone has quit [Signed off]
