00:38:18 -!- tredc has quit [Signed off]
00:53:17 -!- Rawr|Fone has quit [Ping timeout]
01:28:33 -!- reification has quit [Signed off]
02:54:11 -!- Rawr|Fone has quit [Ping timeout]
03:08:58 -!- Rawr|Fone has quit [Ping timeout]
03:15:54 -!- Dot|Phone has quit [Signed off]
03:31:28 -!- Cane has quit [Signed off]
03:55:45 -!- Rawr|Fone has quit [Ping timeout]
04:41:25 -!- Rawr|Fone has quit [Ping timeout]
05:19:51 -!- skram has quit [Ping timeout]
06:00:31 -!- Rawr|Fone has quit [Ping timeout]
06:14:51 -!- Camail has quit [Signed off]
06:33:19 -!- Crisium has quit [Signed off]
06:54:38 -!- Rawr|Fone has quit [Ping timeout]
07:06:58 -!- DuB` has quit [Signed off]
07:15:53 -!- Rawr|Fone has quit [Ping timeout]
08:16:16 -!- Rawr|Fone has quit [Ping timeout]
08:48:03 -!- Rawr|Fone has quit [Ping timeout]
09:09:23 -!- Rawr|Fone has quit [Ping timeout]
09:51:29 -!- Dot` has quit [Ping timeout]
10:28:34 -!- skrm has quit [Ping timeout]
11:44:53 -!- Rawr|Fone has quit [Ping timeout]
11:55:54 -!- Rawr|Fone has quit [Ping timeout]
12:48:28 -!- Rawr|Fone has quit [Ping timeout]
13:47:28 -!- Rawr|Fone has quit [Ping timeout]
14:15:31 -!- reification has quit [Ping timeout]
14:31:31 -!- carcinisation has quit [Ping timeout]
14:59:01 -!- reimeuk has quit [Ping timeout]
15:15:31 -!- reification has quit [Ping timeout]
17:55:01 -!- skrm_ has quit [Ping timeout]
18:00:01 -!- carcinisation has quit [Ping timeout]
18:08:07 -!- Rawr|Phone has quit [Ping timeout]
18:23:29 -!- Rawr|Fone has quit [Ping timeout]
18:36:47 -!- Rawr|Fone has quit [Ping timeout]
18:37:31 -!- Dot|Phone has quit [Signed off]
19:38:41 -!- Rawr|Fone has quit [Ping timeout]
21:12:01 -!- reification has quit [Ping timeout]
21:19:51 -!- Rawr|Fone has quit [Ping timeout]
21:46:31 -!- carcinisation has quit [Ping timeout]
22:05:48 -!- skram has quit [Ping timeout]
22:21:13 -!- Dot|Phone has quit [Signed off]
22:40:29 -!- Rawr|Fone has quit [Ping timeout]
23:01:16 -!- Rawr|Fone has quit [Ping timeout]
23:13:48 -!- Zounds has quit [Signed off]
