00:07:49 -!- tredc has quit [Signed off]
00:11:26 -!- Runbunny has quit [Signed off]
00:13:20 -!- Zounds has quit [Signed off]
00:37:41 -!- DoT|Phone has quit [Ping timeout]
01:47:47 -!- Zounds has quit [Ping timeout]
02:02:30 -!- Golly has quit [Ping timeout]
02:37:25 -!- Crisium has quit [Signed off]
02:58:09 -!- DuB` has quit [Signed off]
03:26:40 -!- Rawr|Fone has quit [Ping timeout]
03:54:05 -!- Camail has quit [Signed off]
03:54:39 -!- skram has quit [Ping timeout]
05:03:52 -!- Rawr|Fone has quit [Ping timeout]
09:12:44 -!- Rawr|Fone has quit [Ping timeout]
09:39:59 -!- reification has quit [Ping timeout]
10:58:56 -!- DoT|Phone has quit [Ping timeout]
12:24:43 -!- tredc has quit [EOF from client]
12:40:51 -!- Zounds has quit [Ping timeout]
12:58:37 -!- Cane has quit [Signed off]
13:11:59 -!- reification has quit [Ping timeout]
14:27:29 -!- reification has quit [Ping timeout]
14:47:29 -!- carcinisation has quit [Ping timeout]
14:58:28 -!- BioPhone has quit [EOF from client]
15:25:18 -!- reification has quit [Read error: Connection reset by peer]
15:54:27 -!- Zounds has quit [Ping timeout]
15:58:59 -!- reification has quit [Ping timeout]
16:01:14 -!- tredc has quit [EOF from client]
19:25:22 -!- tredc has quit [EOF from client]
20:25:01 -!- skram has quit [Ping timeout]
21:06:52 -!- Zounds has quit [Ping timeout]
21:12:23 -!- BioPhone has quit [Ping timeout]
21:28:59 -!- BioPone has quit [Read error: Connection reset by peer]
21:38:10 -!- DoT|Phone has quit [Ping timeout]
21:43:48 -!- DoT|Phone1 has quit [Ping timeout]
21:52:06 -!- DoT` has quit [Ping timeout]
21:57:10 -!- Golly has quit [Ping timeout]
22:21:00 -!- Dot has quit [Signed off]
22:32:58 -!- Runbunny has quit [Signed off]
23:10:19 -!- Camail has quit [Ping timeout]
23:20:23 -!- Rawr|Phone has quit [Read error: Connection reset by peer]
23:43:14 -!- reification has quit [Signed off]
23:44:52 -!- tredc has quit [Signed off]
23:57:45 -!- Dot` has quit [Ping timeout]
