00:11:00 -!- tredc has quit [Signed off]
00:19:06 -!- Runbunny has quit [Signed off]
00:24:52 -!- reification has quit [Signed off]
00:27:35 -!- DvB` has quit [Ping timeout]
01:30:14 -!- Rawr|Fone has quit [Ping timeout]
02:12:13 -!- DuB` has quit [Ping timeout]
02:17:05 -!- Rawr|Fone has quit [Ping timeout]
02:18:54 -!- Crisium has quit [Signed off]
03:20:55 -!- DvB` has quit [Read error: Connection reset by peer]
03:30:06 -!- DuB` has quit [Ping timeout]
04:22:44 -!- Rawr|Fone has quit [Ping timeout]
06:05:20 -!- Micen|Droid__ has quit [Ping timeout]
06:18:19 -!- DvB` has quit [Signed off]
07:13:47 -!- Rawr|Fone has quit [Ping timeout]
08:54:16 -!- Camail has quit [Signed off]
10:04:01 -!- Micen|Droid has quit [Ping timeout]
10:08:35 -!- Micen|Droid has quit [Read error: Connection reset by peer]
10:40:48 -!- Golly has quit [Ping timeout]
12:31:27 -!- skram has quit [Ping timeout]
14:03:21 -!- Zounds has quit [Ping timeout]
15:10:07 -!- Rawr|Fone has quit [Ping timeout]
16:03:13 -!- reification has quit [Ping timeout]
17:45:08 -!- Rawr|Fone has quit [Ping timeout]
19:12:34 -!- Micen|Droid has quit [Read error: Connection reset by peer]
19:13:50 -!- Micen|Droid_ has quit [Ping timeout]
21:43:26 -!- Rawr|Phone has quit [Read error: Connection reset by peer]
22:28:40 -!- Runbunny has quit [Signed off]
22:37:53 -!- Zounds has quit [Signed off]
23:39:00 -!- reification has quit [Signed off]
23:44:11 -!- Crisium has quit [Ping timeout]
23:56:32 -!- Micen|Droid__ has quit [Ping timeout]
23:59:34 -!- Crisium|2 has quit [Read error: Connection reset by peer]
