00:47:06 -!- reification has quit [Signed off]
00:59:31 -!- Rawr|Fone has quit [Ping timeout]
01:03:33 -!- Crisium has quit [Read error: Connection reset by peer]
01:10:41 -!- BioPone has quit [Read error: Connection reset by peer]
01:37:11 -!- Rawr|Fone has quit [Ping timeout]
01:43:37 -!- Runbunny has quit [Signed off]
03:00:44 -!- Camail has quit [Signed off]
04:08:41 -!- Crisium|2 has quit [Signed off]
04:33:42 -!- skram has quit [Ping timeout]
04:40:10 -!- Rawr|Fone has quit [Ping timeout]
05:09:16 -!- Rawr|Fone has quit [Ping timeout]
06:04:31 -!- DuB` has quit [Signed off]
06:32:27 -!- Dot` has quit [Ping timeout]
06:41:35 -!- Rawr|Fone has quit [Ping timeout]
09:39:55 -!- Micen has quit [Ping timeout]
10:45:22 -!- Rawr|Fone has quit [Ping timeout]
10:47:37 -!- Golly has quit [Ping timeout]
10:58:41 -!- Rawr|Fone has quit [Ping timeout]
11:54:21 -!- Zounds has quit [Signed off]
13:13:41 -!- BioPone has quit [Read error: Connection reset by peer]
13:39:15 -!- Rawr|Phone has quit [Read error: Connection reset by peer]
13:39:45 -!- Rawr|Fone has quit [Ping timeout]
13:45:29 -!- Rawr|Phone has quit [Ping timeout]
13:49:54 -!- Rawr|Fone has quit [Ping timeout]
13:53:37 -!- BioPone has quit [EOF from client]
14:57:58 -!- BioPhone has quit [Ping timeout]
15:32:04 -!- BioPone has quit [Ping timeout]
15:42:35 -!- BioPone has quit [Ping timeout]
16:40:07 -!- Runbunny has quit [Signed off]
17:19:38 -!- skram has quit [Ping timeout]
17:32:29 -!- BioPone has quit [EOF from client]
17:47:43 -!- BioPone has quit [EOF from client]
18:01:30 -!- BioPone has quit [EOF from client]
18:07:30 -!- Dot` has quit [Ping timeout]
18:45:18 -!- Rawr|Phone has quit [Ping timeout]
18:46:34 -!- BioPone has quit [Ping timeout]
19:10:37 -!- BioPone has quit [Read error: Connection reset by peer]
20:55:05 -!- BioPone has quit [Read error: Connection reset by peer]
21:30:25 -!- Rawr|Fone has quit [Ping timeout]
21:39:36 -!- BioPhone has quit [Ping timeout]
21:42:46 -!- Rawr|Fone has quit [Ping timeout]
21:50:32 -!- carcinisation has quit [Read error: Connection reset by peer]
21:52:57 -!- reification has quit [Ping timeout]
21:54:04 -!- Golly has quit [Ping timeout]
21:56:13 -!- Rawr|Phone has quit [Ping timeout]
22:35:31 -!- BioPone has quit [Read error: Connection reset by peer]
23:13:31 -!- Dot|Phone has quit [Signed off]
23:52:20 -!- Cane has quit [Signed off]
23:52:57 -!- carcinisation has quit [Ping timeout]
