00:03:35 -!- reification has quit [Signed off]
00:34:15 -!- Rawr|Fone has quit [Ping timeout]
00:41:10 -!- Camail has quit [Signed off]
01:14:45 -!- Rawr|Fone has quit [Ping timeout]
01:38:55 -!- tredc has quit [Signed off]
02:31:20 -!- Rawr|Fone has quit [Ping timeout]
02:42:52 -!- DoT` has quit [Ping timeout]
03:25:48 -!- Rawr|Fone has quit [Ping timeout]
03:36:15 -!- DuB` has quit [Signed off]
04:54:07 -!- skrm has quit [Signed off]
05:57:00 -!- Camail has quit [Signed off]
06:04:13 -!- DoT|Phone has quit [Ping timeout]
06:05:17 -!- Phearlock has quit [Ping timeout]
06:19:09 -!- Rawr|Fone has quit [Ping timeout]
06:58:07 -!- skram has quit [Ping timeout]
07:24:18 -!- Rawr|Fone has quit [Ping timeout]
07:38:02 -!- Rawr|Fone has quit [Ping timeout]
09:31:20 -!- Rawr|Fone has quit [Ping timeout]
11:38:07 -!- Rawr|Fone has quit [Ping timeout]
11:52:31 -!- Golly has quit [Signed off]
12:15:18 -!- BioPone has quit [Read error: Connection reset by peer]
12:38:24 -!- reification has quit [Ping timeout]
12:50:45 -!- BioPhone has quit [EOF from client]
13:26:39 -!- Rawr|Phone has quit [Ping timeout]
13:29:24 -!- carcinisation has quit [Ping timeout]
13:55:24 -!- reimeuk has quit [Ping timeout]
14:17:23 -!- skram has quit [Ping timeout]
14:54:51 -!- Zounds has quit [Signed off]
15:11:34 -!- BioPhone has quit [EOF from client]
15:32:18 -!- DoT|Phone1 has quit [Read error: Connection reset by peer]
16:21:58 -!- DoT|Phone has quit [Read error: Connection reset by peer]
16:39:08 -!- Rawr|Fone has quit [Ping timeout]
16:51:16 -!- BioPhone has quit [EOF from client]
18:39:54 -!- reification has quit [Ping timeout]
19:36:13 -!- BioPhone has quit [EOF from client]
20:48:46 -!- skram has quit [Ping timeout]
21:18:10 -!- BioPhone has quit [Read error: Connection reset by peer]
21:18:46 -!- Golly has quit [Ping timeout]
21:36:18 -!- Rawr|Phone has quit [Ping timeout]
21:43:37 -!- BioPhone has quit [EOF from client]
22:00:13 -!- BioPhone has quit [EOF from client]
22:04:51 -!- BioPhone has quit [EOF from client]
22:08:32 -!- BioPhone has quit [EOF from client]
22:17:27 -!- Rawr|Fone has quit [Ping timeout]
22:34:11 -!- Rawr|Fone has quit [Ping timeout]
23:15:02 -!- Cane has quit [Signed off]
23:28:12 -!- BioPhone has quit [EOF from client]
23:41:50 -!- Runbunny has quit [Signed off]
23:47:46 -!- carcinisation has quit [Signed off]
