00:11:59 -!- reification has quit [Signed off]
00:37:15 -!- skram has quit [Ping timeout]
00:39:12 -!- Rawr|Fone has quit [Ping timeout]
01:25:38 -!- Runbunny has quit [Signed off]
02:03:44 -!- Rawr|Fone has quit [Ping timeout]
02:59:57 -!- Micen has quit [Read error: Connection reset by peer]
03:17:56 -!- DuB` has quit [Signed off]
03:18:02 -!- Rawr|Fone has quit [Ping timeout]
04:05:49 -!- Rawr|Fone has quit [Ping timeout]
04:08:12 -!- Dot` has quit [Ping timeout]
05:14:03 -!- BioPhone has quit [EOF from client]
06:25:13 -!- Bio has quit [Ping timeout]
06:37:03 -!- Rawr|Fone has quit [Ping timeout]
08:40:30 -!- Rawr|Fone has quit [Ping timeout]
09:20:49 -!- Rawr|Fone has quit [Ping timeout]
09:41:10 -!- reification has quit [Ping timeout]
10:12:40 -!- carcinisation has quit [Ping timeout]
10:22:17 -!- Rawr|Fone has quit [Ping timeout]
11:08:10 -!- reification has quit [Ping timeout]
12:07:06 -!- Rawr|Phone has quit [Ping timeout]
12:13:26 -!- BioPhone has quit [Read error: Connection reset by peer]
12:24:27 -!- Rawr|Fone has quit [Ping timeout]
12:40:14 -!- Rawr|Fone has quit [Ping timeout]
12:45:53 -!- BioPone has quit [Signed off]
12:50:52 -!- Golly has quit [Ping timeout]
13:38:59 -!- Rawr|Fone has quit [Ping timeout]
13:56:33 -!- skram has quit [Ping timeout]
14:08:22 -!- Rawr|Fone has quit [Ping timeout]
14:20:35 -!- Rawr|Fone has quit [Ping timeout]
15:11:40 -!- Rawr|Fone has quit [Ping timeout]
15:31:40 -!- reification has quit [Ping timeout]
16:08:13 -!- Rawr|Fone has quit [Ping timeout]
16:37:40 -!- reification has quit [Ping timeout]
17:23:54 -!- Rawr|Fone has quit [Ping timeout]
18:31:15 -!- Westy543 has quit [Ping timeout]
18:37:44 -!- Micen has quit [Read error: Connection reset by peer]
19:44:51 -!- Dot|Phone has quit [Signed off]
20:13:56 -!- Rawr|Fone has quit [Ping timeout]
20:41:15 -!- BioPhone has quit [Ping timeout]
21:06:38 -!- Cane has quit [Signed off]
21:06:38 -!- BioPone has quit [Read error: Connection reset by peer]
21:40:48 -!- Rawr|Fone has quit [Ping timeout]
21:41:00 -!- Micen has quit [Ping timeout]
21:49:57 -!- Golly has quit [Ping timeout]
21:59:13 -!- Rawr|Fone has quit [Ping timeout]
23:37:58 -!- reification has quit [Signed off]
