00:13:29 -!- BioPhone has quit [EOF from client]
00:40:29 -!- Golly has quit [Signed off]
00:57:27 -!- Micen has quit [Read error: Connection reset by peer]
01:18:44 -!- Rawr|Fone has quit [Ping timeout]
01:18:57 -!- Runbunny has quit [Signed off]
01:22:41 -!- skraam has quit [Ping timeout]
01:48:40 -!- Rawr|Fone has quit [Ping timeout]
02:18:02 -!- skram has quit [Ping timeout]
02:30:52 -!- Phearlock has quit [Ping timeout]
02:38:14 -!- Crisium has quit [Signed off]
03:02:03 -!- skraam has quit [Signed off]
04:16:55 -!- Rawr|Fone has quit [Ping timeout]
04:31:33 -!- DuB` has quit [Signed off]
05:12:19 -!- DoT|Phone has quit [Ping timeout]
06:51:48 -!- Rawr|Fone has quit [Ping timeout]
06:59:31 -!- Rawr|Fone has quit [Ping timeout]
08:00:08 -!- Rawr|Fone has quit [Ping timeout]
09:18:48 -!- reification has quit [Read error: Connection reset by peer]
09:57:42 -!- tredc has quit [Signed off]
10:04:05 -!- Rawr|Fone has quit [Ping timeout]
10:53:17 -!- skram has quit [Read error: Connection reset by peer]
11:02:10 -!- Rawr|Fone has quit [Ping timeout]
13:13:20 -!- Rawr|Phone has quit [Read error: Connection reset by peer]
13:39:43 -!- BioPhone has quit [Read error: Connection reset by peer]
14:35:06 -!- Runbunny has quit [Signed off]
14:59:16 -!- Rawr|Fone has quit [Ping timeout]
15:29:58 -!- DuB|fon has quit [Read error: Connection reset by peer]
15:40:14 -!- Zounds has quit [Signed off]
15:44:12 -!- skraam has quit [Ping timeout]
15:50:11 -!- BioPone has quit [Ping timeout]
15:51:02 -!- Rawr|Fone has quit [Ping timeout]
16:10:32 -!- reification has quit [Signed off]
16:20:43 -!- Rawr|Fone has quit [Ping timeout]
16:25:08 -!- tredc has quit [EOF from client]
16:31:07 -!- DuBphon has quit [Signed off]
16:58:59 -!- DoT|Phone has quit [Ping timeout]
17:15:44 -!- Rawr|Fone has quit [Ping timeout]
17:24:02 -!- BioPone has quit [Ping timeout]
18:01:44 -!- reification has quit [Signed off]
19:22:25 -!- reification has quit [Signed off]
20:39:51 -!- BioPhone has quit [Ping timeout]
21:01:02 -!- BioPone has quit [EOF from client]
21:13:33 -!- BioPone has quit [EOF from client]
21:25:31 -!- BioPone has quit [EOF from client]
21:30:19 -!- tredc has quit [EOF from client]
21:43:47 -!- BioPone has quit [EOF from client]
22:04:54 -!- reification has quit [Ping timeout]
22:19:54 -!- reification has quit [Ping timeout]
22:35:54 -!- carcinisation has quit [Ping timeout]
22:42:08 -!- reification has quit [Signed off]
22:42:56 -!- Rawr|Fone has quit [Ping timeout]
