00:04:01 -!- Runbunny has quit [Signed off]
00:11:58 -!- tredc has quit [Signed off]
00:23:34 -!- Rawr|Fone has quit [Ping timeout]
00:55:44 -!- BioPone has quit [EOF from client]
01:54:12 -!- BioPone has quit [EOF from client]
02:04:37 -!- Phearlock has quit [Ping timeout]
02:12:40 -!- BioPone has quit [EOF from client]
02:20:18 -!- BioPone has quit [EOF from client]
02:58:51 -!- Crisium has quit [Signed off]
03:08:56 -!- Rawr|Fone has quit [Ping timeout]
03:12:20 -!- BioPone has quit [EOF from client]
03:23:02 -!- BioPone has quit [EOF from client]
03:53:27 -!- Camail has quit [Signed off]
04:00:01 -!- BioPone has quit [EOF from client]
04:04:52 -!- ShotgunPrincess has quit [Ping timeout]
04:14:06 -!- Westy543 has quit [Signed off]
04:19:22 -!- BioPone has quit [EOF from client]
04:39:03 -!- BioPone has quit [EOF from client]
04:51:06 -!- skrm has quit [Signed off]
05:05:04 -!- BioPone has quit [EOF from client]
05:33:32 -!- Rawr|Fone has quit [Ping timeout]
05:49:17 -!- BioPone has quit [EOF from client]
06:16:46 -!- DuB` has quit [Signed off]
07:19:44 -!- skram has quit [Ping timeout]
07:19:47 -!- Rawr|Fone has quit [Ping timeout]
09:25:20 -!- Rawr|Fone has quit [Ping timeout]
10:09:25 -!- Rawr|Fone has quit [Ping timeout]
10:55:45 -!- Rawr|Fone has quit [Ping timeout]
11:13:21 -!- Rawr|Fone has quit [Ping timeout]
11:57:01 -!- Rawr|Fone has quit [Ping timeout]
13:36:41 -!- reification has quit [Ping timeout]
14:15:41 -!- carcinisation has quit [Ping timeout]
14:26:11 -!- reimeuk has quit [Ping timeout]
14:39:18 -!- Cane has quit [Signed off]
14:47:30 -!- BioPone has quit [EOF from client]
14:56:11 -!- carcinisation has quit [Ping timeout]
15:19:47 -!- BioPone has quit [EOF from client]
15:47:11 -!- Rawr|Fone has quit [Ping timeout]
16:10:02 -!- Rawr|Phone has quit [Ping timeout]
16:18:01 -!- skram has quit [Ping timeout]
16:37:41 -!- reification has quit [Ping timeout]
17:36:29 -!- Rawr|Fone has quit [Ping timeout]
17:43:05 -!- Crisium has quit [Ping timeout]
17:57:49 -!- BioPone has quit [EOF from client]
18:38:44 -!- Rawr|Fone has quit [Ping timeout]
19:08:29 -!- Rawr|Fone has quit [Ping timeout]
20:30:23 -!- Golly has quit [Ping timeout]
20:56:41 -!- carcinisation has quit [Ping timeout]
21:19:54 -!- Rawr|Fone has quit [Ping timeout]
22:06:12 -!- Rawr|Fone has quit [Ping timeout]
23:08:55 -!- Rawr|Fone has quit [Ping timeout]
