00:03:13 -!- tredc has quit [Signed off]
00:03:41 -!- Rawr|Fone has quit [Ping timeout]
00:09:07 -!- BioPone has quit [EOF from client]
00:26:58 -!- DoT` has quit [Ping timeout]
00:39:00 -!- reification has quit [Signed off]
02:35:23 -!- Rawr|Fone has quit [Ping timeout]
02:37:27 -!- Runbunny has quit [Signed off]
02:41:20 -!- Camail has quit [Signed off]
03:00:37 -!- Crisium has quit [Ping timeout]
04:31:07 -!- DuB` has quit [Signed off]
04:36:57 -!- skram has quit [Ping timeout]
04:43:58 -!- Rawr|Fone has quit [Ping timeout]
05:06:22 -!- DoT|Phone1 has quit [Ping timeout]
05:09:13 -!- Bio has quit [Ping timeout]
05:57:38 -!- DoT|Phone has quit [Ping timeout]
06:23:58 -!- skrm has quit [Ping timeout]
06:32:21 -!- Rawr|Fone has quit [Ping timeout]
07:37:20 -!- Rawr|Fone has quit [Ping timeout]
08:25:27 -!- Cane has quit [Signed off]
09:09:38 -!- Rawr|Fone has quit [Ping timeout]
09:41:19 -!- Rawr|Fone has quit [Ping timeout]
10:53:59 -!- Crisium has quit [Signed off]
11:55:59 -!- reification has quit [Ping timeout]
12:11:59 -!- carcinisation has quit [Ping timeout]
12:14:06 -!- Rawr|Phone has quit [Read error: Connection reset by peer]
12:14:13 -!- Golly has quit [Ping timeout]
12:22:29 -!- BioPone has quit [Read error: Connection reset by peer]
12:32:09 -!- DoT|Phone1 has quit [Read error: Connection reset by peer]
12:48:40 -!- BioPone has quit [EOF from client]
13:06:59 -!- reimeuk has quit [Ping timeout]
14:07:45 -!- Rawr|Fone has quit [Ping timeout]
14:42:16 -!- Rawr|Fone has quit [Ping timeout]
15:11:44 -!- Rawr|Fone has quit [Ping timeout]
15:38:31 -!- Runbunny has quit [Ping timeout]
15:51:58 -!- Rawr|Fone has quit [Ping timeout]
16:48:34 -!- skrm has quit [Signed off]
17:08:35 -!- DuB|fon has quit [EOF from client]
18:02:42 -!- DuB|fon has quit [Read error: Connection reset by peer]
18:05:51 -!- Rawr|Fone has quit [Ping timeout]
19:39:41 -!- Golly has quit [Ping timeout]
20:08:38 -!- skram has quit [Ping timeout]
20:36:26 -!- Rawr|Phone has quit [Ping timeout]
20:47:28 -!- Zounds has quit [Signed off]
21:03:07 -!- BioPone has quit [Ping timeout]
21:19:18 -!- BioPone has quit [Read error: Connection reset by peer]
22:14:58 -!- Kittybunny has quit [Signed off]
23:23:24 -!- Micen_ has quit [Read error: Connection reset by peer]
23:57:55 -!- Rawr|Fone has quit [Ping timeout]
