00:25:31 -!- reification has quit [Signed off]
00:38:39 -!- Rawr|Fone has quit [Ping timeout]
00:58:59 -!- Micen has quit [Read error: Connection reset by peer]
01:09:37 -!- Zounds has quit [Signed off]
01:52:45 -!- Rawr|Fone has quit [Ping timeout]
02:30:04 -!- Micen|robit has quit [Read error: Connection reset by peer]
02:31:48 -!- Micen|droid has quit [Read error: Connection reset by peer]
03:38:26 -!- Runbunny has quit [Signed off]
03:50:17 -!- Crisium has quit [Signed off]
03:59:26 -!- Rawr|Fone has quit [Ping timeout]
04:49:42 -!- Rawr|Fone has quit [Ping timeout]
05:21:27 -!- Dot` has quit [Ping timeout]
05:23:20 -!- skrma has quit [Ping timeout]
05:59:45 -!- Rawr|Fone has quit [Ping timeout]
06:53:26 -!- Camail has quit [Signed off]
07:00:21 -!- methos has quit [*.net *.split]
08:13:32 -!- DuB` has quit [Signed off]
09:39:10 -!- Rawr|Fone has quit [Ping timeout]
10:30:40 -!- Micen|robit has quit [Ping timeout]
10:48:24 -!- Rawr|Fone has quit [Ping timeout]
11:00:00 -!- Rawr|Fone has quit [Ping timeout]
11:19:16 -!- reification has quit [Signed off]
13:50:44 -!- Golly has quit [Ping timeout]
13:52:48 -!- Dot` has quit [Ping timeout]
15:26:37 -!- skram has quit [Ping timeout]
15:43:50 -!- Rawr|Fone has quit [Ping timeout]
15:51:39 -!- reification has quit [Signed off]
15:52:00 -!- Rawr|Fone has quit [Ping timeout]
15:59:20 -!- Micen|robit has quit [Read error: Connection reset by peer]
16:08:20 -!- Rawr|Fone has quit [Ping timeout]
16:12:04 -!- Micen|robit has quit [EOF from client]
16:39:41 -!- Micen|robit has quit [EOF from client]
16:47:08 -!- Micen|robit has quit [EOF from client]
17:26:44 -!- BioPone has quit [Read error: Connection reset by peer]
17:36:40 -!- Dot|Phone has quit [Signed off]
17:46:24 -!- BioPone has quit [Read error: Connection reset by peer]
17:49:23 -!- reification has quit [Signed off]
18:06:52 -!- BioPhone has quit [Ping timeout]
18:22:15 -!- BioPone has quit [Read error: Connection reset by peer]
19:10:39 -!- skram has quit [Ping timeout]
19:50:27 -!- Rawr|Fone has quit [Ping timeout]
20:01:33 -!- Cane has quit [Signed off]
20:09:00 -!- reification has quit [Signed off]
20:51:06 -!- Rawr|Phone has quit [Ping timeout]
21:04:38 -!- Rawr|Fone has quit [Ping timeout]
21:12:35 -!- Rawr|Fone has quit [Ping timeout]
22:20:47 -!- Rawr|Fone has quit [Ping timeout]
22:34:26 -!- reification has quit [Ping timeout]
23:09:15 -!- Rawr|Fone has quit [Ping timeout]
23:18:14 -!- Zounds has quit [Signed off]
