00:08:51 -!- Rawr|Fone has quit [Ping timeout]
00:35:34 -!- Rawr|Fone has quit [Ping timeout]
01:20:09 -!- Cane has quit [Read error: Connection reset by peer]
01:38:36 -!- Cane has quit [Signed off]
01:48:33 -!- DoT` has quit [Ping timeout]
01:55:13 -!- Rawr|Fone has quit [Ping timeout]
02:06:57 -!- Crisium has quit [Signed off]
02:18:47 -!- Rawr|Fone has quit [Ping timeout]
02:45:22 -!- Camail has quit [Signed off]
03:05:31 -!- Rawr|Fone has quit [Ping timeout]
04:20:51 -!- Rawr|Fone has quit [Ping timeout]
04:40:04 -!- BioPone has quit [Read error: Connection reset by peer]
04:47:17 -!- skrm has quit [Signed off]
05:07:29 -!- Rawr|Fone has quit [Ping timeout]
06:50:49 -!- DuB` has quit [Signed off]
07:00:09 -!- skram has quit [Ping timeout]
08:28:40 -!- Rawr|Fone has quit [Read error: Connection reset by peer]
11:04:37 -!- Rawr|Phone has quit [Read error: Connection reset by peer]
12:04:26 -!- Rawr|Fone has quit [Ping timeout]
12:24:07 -!- Rawr|Fone has quit [Ping timeout]
12:33:32 -!- Rawr|Fone has quit [Ping timeout]
12:46:26 -!- Rawr|Fone has quit [Ping timeout]
13:05:08 -!- Rawr|Fone has quit [Ping timeout]
13:11:48 -!- Rawr|Fone has quit [Ping timeout]
13:39:55 -!- Rawr|Fone has quit [Ping timeout]
14:05:33 -!- Rawr|Fone has quit [Ping timeout]
14:43:07 -!- Rawr|Fone has quit [Ping timeout]
15:06:25 -!- Rawr|Fone has quit [Ping timeout]
15:25:39 -!- Rawr|Fone has quit [Ping timeout]
15:42:32 -!- Rawr|Fone has quit [Ping timeout]
15:58:54 -!- Rawr|Fone has quit [Ping timeout]
16:06:20 -!- reification has quit [Ping timeout]
16:19:36 -!- skram has quit [Ping timeout]
16:26:23 -!- Rawr|Fone has quit [Ping timeout]
17:26:55 -!- Rawr|Fone has quit [Ping timeout]
17:45:42 -!- Rawr|Fone has quit [Ping timeout]
18:06:01 -!- Rawr|Fone has quit [Ping timeout]
18:13:25 -!- Micen has quit [Read error: Connection reset by peer]
18:31:02 -!- Rawr|Fone has quit [Ping timeout]
18:37:20 -!- reification has quit [Ping timeout]
18:52:02 -!- Rawr|Fone has quit [Ping timeout]
21:01:33 -!- Runbunny has quit [Signed off]
21:44:56 -!- Rawr|Fone has quit [Ping timeout]
21:56:09 -!- BioPone has quit [EOF from client]
22:26:49 -!- skrm has quit [Ping timeout]
22:50:20 -!- reification has quit [Ping timeout]
22:57:56 -!- Rawr|Fone has quit [Ping timeout]
23:08:20 -!- carcinisation has quit [Ping timeout]
23:14:42 -!- Rawr|Fone has quit [Ping timeout]
23:29:22 -!- Rawr|Fone has quit [Ping timeout]
23:35:52 -!- BioPone has quit [EOF from client]
23:46:59 -!- tredc has quit [Signed off]
