00:02:36 -!- reification has quit [Signed off]
00:32:36 -!- skrma has quit [Ping timeout]
01:55:24 -!- Crisium has quit [Signed off]
03:05:23 -!- DoT` has quit [Ping timeout]
03:10:28 -!- DuB` has quit [Signed off]
03:41:40 -!- Camail has quit [Signed off]
07:03:15 -!- Micen has quit [Read error: Connection reset by peer]
08:00:50 -!- Rawr|Fone has quit [Ping timeout]
08:14:00 -!- Rawr|Fone has quit [Ping timeout]
08:44:17 -!- Rawr|Fone has quit [Ping timeout]
10:37:22 -!- Rawr|Fone has quit [Ping timeout]
10:44:02 -!- Rawr|Fone has quit [Ping timeout]
10:58:45 -!- Rawr|Fone has quit [Ping timeout]
11:24:26 -!- Rawr|Phone has quit [Ping timeout]
12:03:25 -!- reification has quit [Ping timeout]
12:58:59 -!- Runbunny has quit [Signed off]
13:05:06 -!- Cane has quit [Signed off]
13:25:06 -!- skram has quit [Ping timeout]
14:12:51 -!- Rawr|Fone has quit [Read error: Connection reset by peer]
14:17:28 -!- Rawr|Phone has quit [Ping timeout]
14:18:57 -!- Rawr|Pone has quit [Ping timeout]
14:22:46 -!- BioPhone has quit [Ping timeout]
14:28:58 -!- Rawr|Fone has quit [Read error: Connection reset by peer]
14:36:03 -!- skram has quit [Ping timeout]
14:45:07 -!- Rawr|Fone has quit [Ping timeout]
16:54:32 -!- BioPhone has quit [EOF from client]
16:55:52 -!- carcinisation has quit [Ping timeout]
17:09:52 -!- reimeuk has quit [Ping timeout]
17:33:33 -!- Rawr|Phone has quit [Ping timeout]
18:03:55 -!- DoT` has quit [Ping timeout]
18:15:40 -!- Rawr|Fone has quit [Ping timeout]
18:36:40 -!- Rawr|Fone has quit [Ping timeout]
19:03:38 -!- DoT|Phone has quit [Read error: Connection reset by peer]
19:15:59 -!- DoT|Phone1 has quit [Read error: Connection reset by peer]
20:51:47 -!- Rawr|Fone has quit [Ping timeout]
21:11:53 -!- BioPhone has quit [Ping timeout]
21:25:15 -!- DuB|fon has quit [Signed off]
22:08:07 -!- BioPone has quit [Read error: Connection reset by peer]
22:38:17 -!- Rawr|Fone has quit [Ping timeout]
22:39:10 -!- Golly has quit [Ping timeout]
23:21:14 -!- Rawr|Fone has quit [Ping timeout]
23:29:50 -!- tredc has quit [Signed off]
