01:12:17 -!- BioPone has quit [Read error: Connection reset by peer]
01:33:36 -!- skram has quit [Ping timeout]
03:14:16 -!- DoT` has quit [Ping timeout]
03:54:59 -!- Phearlock has quit [Ping timeout]
06:15:57 -!- DoT` has quit [Ping timeout]
06:20:36 -!- DoT|Phone has quit [Ping timeout]
06:43:15 -!- DoT|Phone1 has quit [Read error: Connection reset by peer]
07:06:31 -!- DuB` has quit [Signed off]
07:19:44 -!- DoT|Phone has quit [Read error: Connection reset by peer]
07:25:44 -!- DoT|Phone1 has quit [Ping timeout]
07:29:52 -!- DoT|Phone1 has quit [Read error: Connection reset by peer]
07:30:17 -!- DoT|Phone has quit [Ping timeout]
07:31:33 -!- DoT|Phone1 has quit [Read error: Connection reset by peer]
07:31:42 -!- DoT|Phone2 has quit [Ping timeout]
07:33:02 -!- Camail has quit [Signed off]
07:40:33 -!- DoT|Phone has quit [Ping timeout]
07:55:14 -!- DoT|Phone1 has quit [Ping timeout]
08:18:52 -!- DoT|Phone has quit [Ping timeout]
08:25:14 -!- DoT|Phone1 has quit [Ping timeout]
08:25:14 -!- DoT|Phone has quit [Read error: Connection reset by peer]
09:01:04 -!- DoT|Phone2 has quit [Ping timeout]
09:43:45 -!- DoT|Phone has quit [Ping timeout]
09:57:52 -!- DoT|Phone1 has quit [Ping timeout]
10:03:25 -!- DoT|Phone has quit [Ping timeout]
10:15:55 -!- DoT|Phone has quit [Read error: Connection reset by peer]
10:16:18 -!- DoT|Phone1 has quit [Ping timeout]
10:24:42 -!- DoT|Phone2 has quit [Ping timeout]
11:13:37 -!- DoT|Phone has quit [Ping timeout]
11:19:37 -!- DoT|Phone1 has quit [Ping timeout]
14:21:33 -!- Rawr|Phone has quit [Ping timeout]
14:33:14 -!- BioPone has quit [Read error: Connection reset by peer]
15:19:53 -!- BioPone has quit [EOF from client]
17:53:06 -!- Rawr|Fone has quit [Ping timeout]
18:16:01 -!- Rawr|Phone has quit [Ping timeout]
18:29:33 -!- Rawr|Fone has quit [Ping timeout]
18:41:32 -!- Rawr|Fone has quit [Ping timeout]
18:59:27 -!- Rawr|Fone has quit [Ping timeout]
21:13:22 -!- Golly has quit [EOF from client]
21:24:24 -!- Rawr|Phone has quit [Ping timeout]
22:10:59 -!- Phearlock has quit [Ping timeout]
22:11:22 -!- Zounds has quit [Ping timeout]
22:15:35 -!- Emily has quit [*.net *.split]
22:15:35 -!- ShotgunPrincess has quit [*.net *.split]
22:15:35 -!- cmc has quit [*.net *.split]
22:15:35 -!- Runbunny has quit [*.net *.split]
22:15:35 -!- tredc has quit [*.net *.split]
22:15:35 -!- Camail has quit [*.net *.split]
22:57:54 -!- DoT|Phone has quit [Read error: Connection reset by peer]
23:00:59 -!- DoT|Phone1 has quit [Read error: Connection reset by peer]
23:09:49 -!- DoT|Phone has quit [Read error: Connection reset by peer]
23:12:33 -!- DoT|Phone1 has quit [Read error: Connection reset by peer]
23:18:33 -!- DoT|Phone has quit [Ping timeout]
23:18:39 -!- Camail has quit [Ping timeout]
23:41:56 -!- DoT|Phone has quit [Read error: Connection reset by peer]
23:42:02 -!- reification has quit [Signed off]
23:43:43 -!- Golly has quit [Ping timeout]
23:48:19 -!- DoT|Phone1 has quit [Read error: Connection reset by peer]
23:51:32 -!- tredc has quit [Signed off]
23:54:19 -!- DoT|Phone has quit [Ping timeout]
23:55:42 -!- DoT|Phone1 has quit [Ping timeout]
23:57:43 -!- DoT|Phone2 has quit [Read error: Connection reset by peer]
