00:01:26 -!- reification has quit [Signed off]
00:34:32 -!- tredc has quit [Signed off]
01:21:12 -!- Camail has quit [Signed off]
01:37:39 -!- Crisium has quit [Signed off]
02:17:24 -!- Phearlock has quit [Ping timeout]
02:34:38 -!- skram has quit [Ping timeout]
02:53:56 -!- Runbunny has quit [Signed off]
03:14:27 -!- Dot` has quit [Ping timeout]
03:22:55 -!- Dot has quit [Ping timeout]
04:06:05 -!- Dot` has quit [Ping timeout]
07:08:34 -!- Dot has quit [Ping timeout]
07:26:02 -!- Dot` has quit [Ping timeout]
07:29:19 -!- DuB` has quit [Signed off]
11:56:44 -!- Dot has quit [Signed off]
12:15:17 -!- Rawr|Fone has quit [Ping timeout]
13:38:04 -!- Rawr|Phone has quit [Ping timeout]
13:43:10 -!- Rawr|Fone has quit [Ping timeout]
13:58:12 -!- Rawr|Phone has quit [Ping timeout]
14:11:07 -!- Dot has quit [Ping timeout]
14:28:37 -!- Dot has quit [Ping timeout]
16:24:02 -!- Rawr|Fone has quit [Ping timeout]
16:34:01 -!- Dot` has quit [Ping timeout]
16:36:36 -!- Rawr|Phone has quit [Read error: Connection reset by peer]
16:41:04 -!- Dot has quit [Ping timeout]
18:11:34 -!- skram has quit [Ping timeout]
18:16:23 -!- Dot` has quit [Ping timeout]
20:14:43 -!- Micen|Droid has quit [Ping timeout]
20:32:44 -!- skram has quit [Signed off]
21:28:34 -!- Runbunny has quit [Signed off]
22:19:13 -!- BioPhone has quit [Read error: Connection reset by peer]
23:22:29 -!- BioPhone has quit [EOF from client]
23:34:00 -!- BioPhone has quit [EOF from client]
23:55:18 -!- BioPhone has quit [EOF from client]
23:55:26 -!- reification has quit [Signed off]
