00:05:30 -!- DoT|Phone1 has quit [Read error: Connection reset by peer]
00:08:30 -!- DoT|Phone2 has quit [Read error: Connection reset by peer]
00:15:09 -!- DoT|Phone has quit [Ping timeout]
00:50:30 -!- tredc has quit [Signed off]
02:09:36 -!- Camail has quit [Ping timeout]
02:49:04 -!- DoT|Phone has quit [Read error: Connection reset by peer]
02:52:09 -!- DoT|Phone1 has quit [Read error: Connection reset by peer]
02:57:04 -!- DoT|Phone has quit [Read error: Connection reset by peer]
03:08:51 -!- Crisium has quit [Signed off]
03:24:02 -!- DoT` has quit [Ping timeout]
03:37:56 -!- DoT|Phone1 has quit [Read error: Connection reset by peer]
03:58:58 -!- DoT|Phone has quit [Ping timeout]
06:14:09 -!- DuB` has quit [Signed off]
06:14:54 -!- Camail_ has quit [Signed off]
14:00:10 -!- Golly has quit [Ping timeout]
16:31:10 -!- DoT` has quit [Ping timeout]
16:48:22 -!- skrm has quit [Signed off]
18:52:53 -!- Rawr|Phone has quit [Ping timeout]
20:17:42 -!- BioPone has quit [Read error: Connection reset by peer]
20:25:08 -!- Zounds has quit [Signed off]
20:54:48 -!- skram has quit [Ping timeout]
22:49:24 -!- Rawr|Fone has quit [Ping timeout]
23:12:37 -!- reification has quit [Signed off]
23:36:22 -!- Golly has quit [Ping timeout]
23:45:27 -!- Cane has quit [Signed off]
23:53:12 -!- tredc has quit [Signed off]
