00:30:09 -!- tredc has quit [Signed off]
00:48:08 -!- skram has quit [Ping timeout]
01:46:32 -!- Crisium has quit [Signed off]
01:56:46 -!- Micen_ has quit [Ping timeout]
04:31:49 -!- Phearlock has quit [Ping timeout]
06:38:33 -!- DoT|Phone has quit [Ping timeout]
06:48:22 -!- Camail has quit [Signed off]
07:35:17 -!- DuB` has quit [Signed off]
09:54:06 -!- Golly has quit [Signed off]
10:16:17 -!- Rawr|Fone has quit [Ping timeout]
12:04:05 -!- skram has quit [Ping timeout]
13:04:58 -!- BioPone has quit [Read error: Connection reset by peer]
13:37:18 -!- DoT|Phone1 has quit [Read error: Connection reset by peer]
13:38:03 -!- Rawr|Fone has quit [Ping timeout]
14:26:29 -!- Dot has quit [EOF from client]
14:43:08 -!- DoT|Phone1 has quit [Read error: Connection reset by peer]
14:43:20 -!- DoT|Phone has quit [Ping timeout]
14:47:15 -!- DoT|Phone has quit [Read error: Connection reset by peer]
14:47:36 -!- DoT|Phone2 has quit [Read error: Connection reset by peer]
14:53:15 -!- DoT|Phone1 has quit [Ping timeout]
14:57:26 -!- DoT|Phone has quit [Read error: Connection reset by peer]
15:03:26 -!- DoT|Phone1 has quit [Ping timeout]
15:28:35 -!- DoT|Phone has quit [EOF from client]
17:22:10 -!- Dot has quit [Ping timeout]
17:44:49 -!- Rawr|Fone has quit [Ping timeout]
17:46:52 -!- Rawr|Phone has quit [Ping timeout]
17:55:57 -!- Camail has quit [Ping timeout]
20:04:07 -!- BioPone has quit [EOF from client]
20:36:50 -!- BioPone has quit [Ping timeout]
20:51:53 -!- BioPone has quit [Ping timeout]
20:52:54 -!- skrm has quit [Ping timeout]
20:57:48 -!- DoT|Phone has quit [Read error: Connection reset by peer]
20:57:48 -!- DoT|Phone1 has quit [Read error: Connection reset by peer]
21:08:16 -!- DoT|Phone2 has quit [EOF from client]
21:16:30 -!- BioPone has quit [Read error: Connection reset by peer]
22:53:53 -!- Zounds has quit [Signed off]
23:12:30 -!- Rawr|Pone has quit [Ping timeout]
