00:29:04 -!- BioPhone has quit [EOF from client]
00:30:03 -!- Dot has quit [Ping timeout]
00:35:13 -!- Dot` has quit [Ping timeout]
00:38:51 -!- BioPhone has quit [EOF from client]
00:42:04 -!- BioPhone has quit [EOF from client]
01:04:08 -!- BioPhone has quit [EOF from client]
01:15:34 -!- BioPhone has quit [EOF from client]
01:33:56 -!- BioPhone has quit [EOF from client]
01:43:59 -!- tredc has quit [Signed off]
02:07:18 -!- skram has quit [Ping timeout]
02:08:22 -!- Dot has quit [Ping timeout]
02:12:19 -!- Phearlock has quit [Ping timeout]
02:52:04 -!- Dot` has quit [Ping timeout]
03:15:32 -!- Dot has quit [Ping timeout]
03:46:58 -!- Micen|Droid_ has quit [Ping timeout]
04:17:42 -!- Crisium has quit [Signed off]
04:37:12 -!- Dot` has quit [Ping timeout]
04:58:43 -!- Dot has quit [Ping timeout]
05:24:13 -!- Rawr|Fone has quit [Read error: Connection reset by peer]
05:30:13 -!- Rawr|Phone has quit [Ping timeout]
06:38:38 -!- Dot` has quit [Ping timeout]
06:40:27 -!- Dot has quit [Signed off]
07:17:40 -!- Camail has quit [Read error: Connection reset by peer]
08:02:57 -!- Camail has quit [Read error: Connection reset by peer]
08:15:34 -!- DuB` has quit [Signed off]
09:41:08 -!- Rawr|Fone has quit [Read error: Connection reset by peer]
11:58:31 -!- Methos has quit [Ping timeout]
13:42:49 -!- Rawr|Phone has quit [Read error: Connection reset by peer]
13:48:21 -!- Rawr|Fone has quit [Ping timeout]
13:48:58 -!- Rawr|Phone has quit [Ping timeout]
13:50:27 -!- Rawr|Pone has quit [Ping timeout]
14:14:38 -!- Rawr|Fone has quit [Ping timeout]
16:03:06 -!- skram has quit [Ping timeout]
16:05:07 -!- Rawr|Phone has quit [Ping timeout]
16:05:59 -!- Rawr|Fone has quit [Ping timeout]
16:28:00 -!- Rawr|Pone has quit [Ping timeout]
20:02:02 -!- reification has quit [Ping timeout]
20:06:38 -!- Crisium has quit [Ping timeout]
20:33:32 -!- reification has quit [Ping timeout]
21:09:58 -!- Crisium|2 has quit [Ping timeout]
21:22:32 -!- reification has quit [Ping timeout]
22:49:10 -!- reification has quit [Ping timeout]
22:54:59 -!- Runbunny has quit [Signed off]
23:27:28 -!- carcinization has quit [Signed off]
