00:22:35 -!- Rawr|Fone has quit [Ping timeout]
00:49:33 -!- tredc has quit [Signed off]
01:05:47 -!- carcinisation has quit [Signed off]
01:15:41 -!- Rawr|Fone has quit [Ping timeout]
02:36:06 -!- Cane has quit [Signed off]
03:26:01 -!- Rawr|Fone has quit [Ping timeout]
04:56:06 -!- Runbunny has quit [Signed off]
05:18:09 -!- skram has quit [Ping timeout]
05:28:27 -!- Crisium has quit [Signed off]
05:36:52 -!- Rawr|Fone has quit [Ping timeout]
06:06:48 -!- Rawr|Fone has quit [Ping timeout]
08:07:37 -!- Dot` has quit [Ping timeout]
08:43:36 -!- DuB` has quit [Signed off]
08:45:52 -!- Camail has quit [Signed off]
10:28:18 -!- Zounds has quit [Signed off]
10:29:38 -!- Rawr|Fone has quit [Ping timeout]
10:47:27 -!- reification has quit [Read error: Connection reset by peer]
12:39:35 -!- reification has quit [Ping timeout]
12:42:20 -!- Zounds has quit [Signed off]
13:02:05 -!- carcinisation has quit [Ping timeout]
13:38:05 -!- Micen has quit [Ping timeout]
13:39:35 -!- reimeuk has quit [Ping timeout]
15:36:05 -!- reification has quit [Ping timeout]
16:26:55 -!- carcinisation has quit [Signed off]
17:43:56 -!- skrm has quit [Signed off]
18:56:03 -!- Rawr|Phone has quit [Read error: Connection reset by peer]
19:43:26 -!- Runbunny has quit [Signed off]
20:11:59 -!- Rawr|Fone has quit [Ping timeout]
20:33:10 -!- Rawr|Fone has quit [Ping timeout]
20:47:09 -!- skram has quit [Ping timeout]
21:15:58 -!- Golly has quit [Ping timeout]
21:33:00 -!- Rawr|Fone has quit [Ping timeout]
23:03:50 -!- Dot` has quit [EOF from client]
23:22:21 -!- Dot` has quit [EOF from client]
23:22:21 -!- Zounds has quit [EOF from client]
23:39:31 -!- Rawr|Fone has quit [Ping timeout]
