00:12:08 -!- reification has quit [Signed off]
00:24:50 -!- Zounds has quit [Signed off]
00:30:28 -!- Runbunny has quit [Signed off]
00:35:40 -!- BioSC has quit [Ping timeout]
00:56:43 -!- tredc has quit [EOF from client]
01:14:02 -!- DoT` has quit [Ping timeout]
01:41:09 -!- BioHorse has quit [Ping timeout]
01:46:19 -!- skram has quit [Ping timeout]
01:46:23 -!- Crisium has quit [Signed off]
01:50:55 -!- Micen has quit [Ping timeout]
03:03:58 -!- Camail_ has quit [Signed off]
04:35:54 -!- DuB` has quit [Signed off]
05:44:57 -!- Golly has quit [Ping timeout]
07:01:45 -!- Cane has quit [Read error: Connection reset by peer]
07:15:25 -!- DoT|Phone1 has quit [Ping timeout]
09:04:08 -!- DoT|Phone has quit [Ping timeout]
09:34:08 -!- DoT|Phone1 has quit [Ping timeout]
09:49:47 -!- DoT|Phone has quit [Ping timeout]
10:05:30 -!- DoT|Phone1 has quit [Read error: Connection reset by peer]
10:51:12 -!- DoT|Phone has quit [Ping timeout]
11:09:12 -!- reification has quit [Ping timeout]
11:25:20 -!- Cane has quit [Signed off]
11:58:58 -!- Rawr|Fone has quit [Ping timeout]
12:08:58 -!- Rawr|Fone has quit [Read error: Connection reset by peer]
12:22:21 -!- Rawr|Fone has quit [Ping timeout]
12:40:17 -!- Rawr|Fone has quit [Signed off]
13:48:10 -!- DoT|Phone1 has quit [Ping timeout]
15:45:17 -!- DoT|Phone has quit [Read error: Connection reset by peer]
16:54:53 -!- CellRoach has quit [Signed off]
16:55:58 -!- skram has quit [Ping timeout]
17:46:48 -!- Rawr|Fone has quit [Read error: Connection reset by peer]
17:56:03 -!- Rawr|Fone has quit [Ping timeout]
18:05:42 -!- Rawr|Fone has quit [Ping timeout]
18:44:16 -!- Rawr|Fone has quit [Ping timeout]
19:36:38 -!- Rawr|Fone has quit [Ping timeout]
21:16:03 -!- Rawr|Fone has quit [Ping timeout]
21:20:59 -!- Golly has quit [Ping timeout]
21:42:48 -!- Rawr|Fone has quit [Ping timeout]
22:01:51 -!- Rawr|Fone has quit [Ping timeout]
22:10:00 -!- Runbunny has quit [Signed off]
22:52:00 -!- Rawr|Fone has quit [Ping timeout]
23:27:25 -!- Rawr|Fone has quit [Ping timeout]
23:45:58 -!- reification has quit [Signed off]
