00:25:55 -!- tredc has quit [Signed off]
00:35:36 -!- Rawr|Fone has quit [Ping timeout]
01:10:53 -!- DuB` has quit [Signed off]
01:20:55 -!- Runbunny has quit [Signed off]
02:21:08 -!- Crisium has quit [Signed off]
02:54:58 -!- Rawr|Fone has quit [Ping timeout]
04:52:58 -!- Rawr|Fone has quit [Ping timeout]
04:53:41 -!- skrm has quit [Signed off]
06:09:20 -!- Rawr|Fone has quit [Ping timeout]
06:38:03 -!- Camail has quit [Signed off]
06:54:25 -!- Rawr|Fone has quit [Ping timeout]
07:25:55 -!- Rawr|Fone has quit [Ping timeout]
09:04:09 -!- skram has quit [Ping timeout]
11:48:17 -!- Rawr|Fone has quit [Ping timeout]
12:16:53 -!- BioPone has quit [Read error: Connection reset by peer]
13:31:45 -!- BioPhone has quit [Read error: Connection reset by peer]
13:47:31 -!- BioPone has quit [Ping timeout]
14:10:22 -!- Rawr|Fone has quit [Ping timeout]
15:15:28 -!- BioPone has quit [EOF from client]
15:19:19 -!- BioPone has quit [EOF from client]
15:36:48 -!- Rawr|Fone has quit [Ping timeout]
15:45:52 -!- Rawr|Fone has quit [Ping timeout]
15:46:34 -!- BioPone has quit [Ping timeout]
16:01:06 -!- DuB|fon has quit [Read error: Connection reset by peer]
16:19:20 -!- Cane has quit [Signed off]
16:36:17 -!- Rawr|Fone has quit [Ping timeout]
18:31:18 -!- BioPone has quit [EOF from client]
18:53:51 -!- BioPone has quit [Read error: Connection reset by peer]
19:15:51 -!- Golly has quit [Ping timeout]
19:33:23 -!- Rawr|Fone has quit [Ping timeout]
19:36:13 -!- DuB|fon has quit [Read error: Connection reset by peer]
19:43:44 -!- DuB|fon has quit [Read error: Connection reset by peer]
19:57:28 -!- skram has quit [Ping timeout]
20:19:57 -!- Rawr|Fone has quit [Ping timeout]
20:20:23 -!- tredc has quit [EOF from client]
21:00:08 -!- BioPhone has quit [Ping timeout]
21:24:39 -!- BioPone has quit [Read error: Connection reset by peer]
21:28:41 -!- DuBphon has quit [Read error: Connection reset by peer]
21:36:42 -!- DuBphon has quit [Ping timeout]
21:37:38 -!- skraam has quit [Ping timeout]
21:49:15 -!- Rawr|Fone has quit [Ping timeout]
22:24:33 -!- Rawr|Fone has quit [Ping timeout]
23:41:02 -!- Rawr|Fone has quit [Ping timeout]
23:46:31 -!- reification has quit [Signed off]
23:53:31 -!- DuB` has quit [Signed off]
