00:01:17 -!- carcinisation has quit [Signed off]
00:20:19 -!- BioPone has quit [EOF from client]
00:25:45 -!- BioPone has quit [Read error: Connection reset by peer]
00:31:09 -!- Crisium has quit [Ping timeout]
00:43:51 -!- Crisium|2 has quit [Ping timeout]
00:52:43 -!- skram has quit [Ping timeout]
01:20:51 -!- Runbunny has quit [Signed off]
01:37:24 -!- DoT|Phone has quit [Ping timeout]
01:58:31 -!- Rawr|Fone has quit [Ping timeout]
02:20:22 -!- skrma has quit [Ping timeout]
02:25:29 -!- BioPone has quit [EOF from client]
02:54:38 -!- BioPone has quit [EOF from client]
03:39:09 -!- Crisium has quit [Signed off]
03:52:25 -!- BioPone has quit [EOF from client]
03:57:05 -!- BioPone has quit [EOF from client]
04:08:52 -!- Camail has quit [Signed off]
04:20:01 -!- Rawr|Fone has quit [Ping timeout]
04:54:13 -!- BioPone has quit [EOF from client]
05:05:24 -!- Rawr|Fone has quit [Ping timeout]
05:28:37 -!- DuB` has quit [Signed off]
06:12:07 -!- Rawr|Fone has quit [Ping timeout]
08:13:08 -!- Rawr|Fone has quit [Ping timeout]
09:14:05 -!- Rawr|Fone has quit [Ping timeout]
10:22:18 -!- Rawr|Fone has quit [Ping timeout]
10:27:37 -!- DoT|Phone has quit [Read error: Connection reset by peer]
11:29:33 -!- reification has quit [Ping timeout]
11:31:39 -!- Rawr|Fone has quit [Ping timeout]
11:34:33 -!- carcinisation has quit [Ping timeout]
13:04:34 -!- skram has quit [Ping timeout]
13:18:06 -!- BioPone has quit [EOF from client]
13:18:27 -!- Rawr|Fone has quit [Ping timeout]
13:39:48 -!- BioPone has quit [EOF from client]
15:06:22 -!- Rawr|Fone has quit [Ping timeout]
16:38:38 -!- Golly has quit [Ping timeout]
17:14:16 -!- Rawr|Fone has quit [Ping timeout]
17:51:03 -!- BioPone has quit [EOF from client]
17:56:06 -!- BioPone has quit [EOF from client]
18:09:01 -!- Rawr|Fone has quit [Ping timeout]
18:33:03 -!- reimeuk has quit [Ping timeout]
19:06:55 -!- Rawr|Fone has quit [Ping timeout]
19:21:03 -!- Rawr|Phone has quit [Read error: Connection reset by peer]
19:48:13 -!- Rawr|Fone has quit [Ping timeout]
20:08:40 -!- Rawr|Fone has quit [Ping timeout]
20:46:13 -!- BioPone has quit [EOF from client]
21:06:43 -!- Rawr|Fone has quit [Ping timeout]
21:16:28 -!- Camail has quit [Read error: Connection reset by peer]
22:44:03 -!- reification has quit [Signed off]
23:37:22 -!- Rawr|Fone has quit [Ping timeout]
23:40:56 -!- tredc has quit [Signed off]
