00:20:19 -!- tredc has quit [Signed off]
01:00:40 -!- Rawr|Fone has quit [Ping timeout]
01:08:57 -!- skraam has quit [Read error: Connection reset by peer]
01:10:48 -!- reification has quit [Signed off]
01:26:02 -!- Rawr|Fone has quit [Ping timeout]
01:44:34 -!- Crisium has quit [Signed off]
03:28:10 -!- Rawr|Fone has quit [Ping timeout]
07:28:53 -!- DoT|Phone has quit [Ping timeout]
07:52:41 -!- Camail has quit [Read error: Connection reset by peer]
08:48:15 -!- DuB` has quit [Signed off]
10:06:26 -!- skram has quit [Read error: Connection reset by peer]
10:10:05 -!- reification has quit [Read error: Connection reset by peer]
10:22:29 -!- Golly has quit [Ping timeout]
12:09:01 -!- Rawr|Fone has quit [Ping timeout]
12:26:05 -!- BioPhone has quit [EOF from client]
12:29:07 -!- DoT|Phone1 has quit [EOF from client]
12:47:07 -!- DoT|Phone has quit [EOF from client]
12:58:01 -!- BioPhone has quit [EOF from client]
13:01:50 -!- BioPhone has quit [EOF from client]
13:12:28 -!- BioPhone has quit [EOF from client]
13:36:44 -!- skraam has quit [Ping timeout]
13:43:59 -!- skram has quit [Read error: Connection reset by peer]
13:45:04 -!- Micen|Droid has quit [Ping timeout]
14:01:21 -!- BioPhone has quit [EOF from client]
15:15:35 -!- BioPhone has quit [EOF from client]
15:29:10 -!- BioPhone has quit [EOF from client]
16:03:44 -!- BioPhone has quit [Ping timeout]
16:10:18 -!- Runbunny has quit [Signed off]
16:13:43 -!- skram has quit [Ping timeout]
16:13:45 -!- Rawr|Fone has quit [Ping timeout]
17:12:47 -!- BioPone has quit [Read error: Connection reset by peer]
17:13:13 -!- reification has quit [Ping timeout]
18:05:56 -!- skram has quit [Signed off]
18:58:55 -!- BioPhone has quit [EOF from client]
19:03:31 -!- Golly has quit [EOF from client]
19:26:01 -!- BioPhone has quit [EOF from client]
19:44:15 -!- Rawr|Phone has quit [Ping timeout]
20:09:19 -!- BioPhone has quit [EOF from client]
20:12:06 -!- Rawr|Fone has quit [Ping timeout]
20:53:47 -!- Phearlock has quit [Signed off]
21:03:55 -!- Golly has quit [Ping timeout]
21:27:46 -!- BioPhone has quit [Ping timeout]
21:41:20 -!- BioPone has quit [Read error: Connection reset by peer]
21:50:21 -!- BioPone has quit [EOF from client]
21:56:19 -!- skram has quit [Ping timeout]
22:02:10 -!- BioPone has quit [EOF from client]
22:02:51 -!- Rawr|Fone has quit [Ping timeout]
22:22:54 -!- Rawr|Fone has quit [Ping timeout]
22:38:43 -!- reification has quit [Ping timeout]
22:56:55 -!- Zounds has quit [Signed off]
23:27:38 -!- Rawr|Fone has quit [Ping timeout]
23:51:08 -!- tredc has quit [Signed off]
23:52:38 -!- Rawr|Fone has quit [Ping timeout]
23:58:01 -!- carcinisation has quit [Signed off]
