00:05:21 -!- reimeuk has quit [Signed off]
00:10:06 -!- DoT|Phone1 has quit [Ping timeout]
00:42:54 -!- Rawr|Fone has quit [Ping timeout]
00:43:56 -!- tredc has quit [Signed off]
01:20:51 -!- Crisium has quit [Signed off]
01:40:00 -!- Rawr|Fone has quit [Ping timeout]
01:45:50 -!- DoT` has quit [Ping timeout]
01:51:54 -!- Rawr|Fone has quit [Ping timeout]
02:01:28 -!- BioPone has quit [Read error: Connection reset by peer]
03:01:43 -!- Rawr|Fone has quit [Ping timeout]
03:01:48 -!- DuB` has quit [Signed off]
03:26:32 -!- Rawr|Fone has quit [Ping timeout]
03:32:53 -!- Rawr|Fone has quit [Ping timeout]
03:53:27 -!- Camail has quit [Signed off]
04:25:19 -!- skram has quit [Ping timeout]
04:36:36 -!- Rawr|Fone has quit [Ping timeout]
04:50:13 -!- Rawr|Fone has quit [Ping timeout]
06:35:45 -!- Rawr|Fone has quit [Ping timeout]
06:51:12 -!- Rawr|Fone has quit [Ping timeout]
07:29:42 -!- DoT|Phone has quit [Ping timeout]
09:18:01 -!- reification has quit [Ping timeout]
09:25:37 -!- DoT|Phone1 has quit [Ping timeout]
09:36:47 -!- Rawr|Fone has quit [Ping timeout]
10:09:46 -!- DoT|Phone has quit [Ping timeout]
10:31:42 -!- DoT|Phone1 has quit [Ping timeout]
10:41:46 -!- DoT|Phone has quit [Ping timeout]
10:59:03 -!- Rawr|Fone has quit [Ping timeout]
11:24:34 -!- Rawr|Fone has quit [Ping timeout]
12:04:50 -!- BioPone has quit [Read error: Connection reset by peer]
12:43:53 -!- Rawr|Fone has quit [Ping timeout]
13:03:09 -!- Rawr|Fone has quit [Ping timeout]
13:05:49 -!- DoT|Phone1 has quit [Ping timeout]
13:25:20 -!- reification has quit [Read error: Connection reset by peer]
13:43:34 -!- Rawr|Fone has quit [Ping timeout]
14:10:38 -!- skram has quit [Ping timeout]
14:20:01 -!- reification has quit [Ping timeout]
14:59:16 -!- BioPhone has quit [Ping timeout]
15:56:48 -!- DoT|Phone has quit [Read error: Connection reset by peer]
16:09:03 -!- BioPone has quit [Read error: Connection reset by peer]
16:56:40 -!- Golly has quit [Ping timeout]
17:00:23 -!- Camail has quit [Ping timeout]
17:03:21 -!- BioPone has quit [EOF from client]
17:16:17 -!- BioPone has quit [EOF from client]
17:57:04 -!- BioPone has quit [EOF from client]
19:27:26 -!- DuB|fon has quit [Read error: Connection reset by peer]
19:31:21 -!- Rawr|Phone has quit [Ping timeout]
20:32:02 -!- Rawr|Fone has quit [Ping timeout]
20:46:54 -!- skram has quit [Ping timeout]
21:02:36 -!- BioPone has quit [Read error: Connection reset by peer]
21:35:09 -!- Runbunny has quit [Signed off]
21:54:29 -!- Rawr|Fone has quit [Ping timeout]
21:57:55 -!- DuB|fon has quit [EOF from client]
22:00:49 -!- Rawr|Fone has quit [Ping timeout]
22:07:09 -!- skraam has quit [Read error: Connection reset by peer]
22:31:08 -!- skram has quit [Ping timeout]
23:05:41 -!- DoT|Phone1 has quit [EOF from client]
23:08:25 -!- Golly has quit [Ping timeout]
23:26:25 -!- DoT` has quit [Ping timeout]
23:28:48 -!- Cane has quit [Signed off]
23:52:26 -!- reification has quit [Signed off]
