00:00:03 -!- tredc has quit [Signed off]
00:49:09 -!- Rawr|Fone has quit [Ping timeout]
02:10:19 -!- Dot` has quit [Ping timeout]
02:52:46 -!- DuB` has quit [Signed off]
03:24:45 -!- skram has quit [Ping timeout]
03:55:18 -!- Camail has quit [Signed off]
04:40:13 -!- Rawr|Fone has quit [Ping timeout]
06:51:01 -!- Rawr|Fone has quit [Ping timeout]
07:47:49 -!- Rawr|Fone has quit [Ping timeout]
09:08:01 -!- Rawr|Fone has quit [Ping timeout]
09:46:22 -!- Golly has quit [Ping timeout]
10:45:59 -!- Rawr|Fone has quit [Ping timeout]
11:46:28 -!- Rawr|Fone has quit [Ping timeout]
12:36:44 -!- Rawr|Fone has quit [Ping timeout]
12:59:04 -!- skram has quit [Ping timeout]
13:02:46 -!- Micen has quit [Read error: Connection reset by peer]
13:24:48 -!- Rawr|Fone has quit [Ping timeout]
15:40:23 -!- Rawr|Fone has quit [Ping timeout]
15:52:44 -!- BioPhone has quit [Ping timeout]
16:38:56 -!- Rawr|Fone has quit [Ping timeout]
16:55:50 -!- Rawr|Fone has quit [Ping timeout]
17:05:22 -!- Rawr|Fone has quit [Ping timeout]
17:09:33 -!- BioPone has quit [Read error: Connection reset by peer]
18:35:22 -!- Rawr|Fone has quit [Ping timeout]
18:54:36 -!- Rawr|Phone has quit [Ping timeout]
18:55:04 -!- Rawr|Fone has quit [Ping timeout]
19:08:54 -!- skrm has quit [Ping timeout]
19:45:48 -!- reification has quit [Ping timeout]
20:30:30 -!- Rawr|Fone has quit [Ping timeout]
20:58:09 -!- BioPone has quit [Ping timeout]
21:13:40 -!- Rawr|Fone has quit [Ping timeout]
21:23:07 -!- Rawr|Fone has quit [Ping timeout]
21:58:00 -!- Dot` has quit [Ping timeout]
22:19:18 -!- Golly has quit [Ping timeout]
22:35:59 -!- Rawr|Fone has quit [Ping timeout]
23:48:04 -!- Cane has quit [Signed off]
23:48:42 -!- carcinisation has quit [Signed off]
23:55:26 -!- Rawr|Fone has quit [Ping timeout]
