00:17:11 -!- Rawr|Fone has quit [Ping timeout]
01:43:32 -!- Phearlock has quit [Ping timeout]
01:50:18 -!- tredc has quit [Signed off]
02:00:59 -!- Runbunny has quit [Signed off]
02:11:13 -!- Rawr|Fone has quit [Ping timeout]
02:28:37 -!- Rawr|Fone has quit [Ping timeout]
03:24:35 -!- BioPone has quit [EOF from client]
03:27:29 -!- BioPone has quit [EOF from client]
03:30:37 -!- BioPone has quit [EOF from client]
03:43:05 -!- BioPone has quit [EOF from client]
04:10:24 -!- Dot` has quit [Ping timeout]
04:18:03 -!- Rawr|Fone has quit [Ping timeout]
04:54:48 -!- skrm has quit [Ping timeout]
05:04:30 -!- Rawr|Fone has quit [Ping timeout]
05:27:15 -!- BioPone has quit [EOF from client]
05:30:37 -!- BioPone has quit [EOF from client]
05:49:39 -!- BioPone has quit [EOF from client]
06:57:40 -!- Rawr|Fone has quit [Ping timeout]
07:14:33 -!- BioPone has quit [EOF from client]
07:24:08 -!- Camail has quit [Signed off]
07:31:31 -!- skram has quit [Ping timeout]
07:38:05 -!- DuB` has quit [Signed off]
08:09:00 -!- Rawr|Fone has quit [Ping timeout]
08:30:23 -!- BioPone has quit [EOF from client]
09:09:54 -!- BioPone has quit [EOF from client]
09:45:44 -!- Rawr|Fone has quit [Ping timeout]
10:01:30 -!- Micen has quit [Read error: Connection reset by peer]
11:38:11 -!- Runbunny has quit [Signed off]
11:47:24 -!- reification has quit [Ping timeout]
13:00:49 -!- Golly has quit [Ping timeout]
16:19:12 -!- skram has quit [Ping timeout]
18:01:15 -!- Micen has quit [Read error: Connection reset by peer]
18:57:15 -!- BioPone has quit [Read error: Connection reset by peer]
19:42:26 -!- Rawr|Fone has quit [Ping timeout]
20:16:33 -!- Rawr|Phone has quit [Ping timeout]
20:33:25 -!- Rawr|Fone has quit [Ping timeout]
20:57:29 -!- Rawr|Fone has quit [Ping timeout]
21:09:17 -!- BioPone has quit [EOF from client]
21:20:18 -!- Rawr|Fone has quit [Ping timeout]
21:38:16 -!- Rawr|Fone has quit [Ping timeout]
21:54:28 -!- Rawr|Fone has quit [Ping timeout]
21:58:51 -!- BioPone has quit [EOF from client]
23:03:23 -!- BioPone has quit [EOF from client]
23:16:20 -!- reification has quit [Signed off]
23:17:45 -!- Rawr|Fone has quit [Ping timeout]
23:26:47 -!- Micen has quit [Read error: Connection reset by peer]
23:34:47 -!- Golly has quit [Ping timeout]
