00:21:36 -!- Rawr|Fone has quit [Ping timeout]
00:42:56 -!- tredc has quit [Signed off]
01:29:26 -!- DoT|Phone has quit [Ping timeout]
02:08:52 -!- Crisium has quit [Signed off]
02:09:50 -!- DoT` has quit [Ping timeout]
02:16:07 -!- Rawr|Fone has quit [Ping timeout]
02:46:30 -!- Golly has quit [Ping timeout]
03:05:48 -!- Rawr|Fone has quit [Ping timeout]
03:06:20 -!- DuB` has quit [Signed off]
03:47:49 -!- Rawr|Fone has quit [Ping timeout]
04:16:52 -!- Rawr|Fone has quit [Ping timeout]
04:42:46 -!- Rawr|Fone has quit [Ping timeout]
05:07:29 -!- Camail has quit [Signed off]
05:14:24 -!- Rawr|Fone has quit [Ping timeout]
05:29:35 -!- Rawr|Fone has quit [Ping timeout]
06:38:23 -!- Rawr|Fone has quit [Ping timeout]
07:14:41 -!- Cane has quit [Signed off]
07:40:21 -!- DoT|Phone has quit [Read error: Connection reset by peer]
07:40:21 -!- DoT|Phone1 has quit [Read error: Connection reset by peer]
12:41:39 -!- Rawr|Fone has quit [Ping timeout]
13:19:11 -!- Rawr|Fone has quit [Read error: Connection reset by peer]
13:24:09 -!- Rawr|Phone has quit [Ping timeout]
13:25:11 -!- skram has quit [Ping timeout]
14:30:58 -!- DoT|Phone1 has quit [Ping timeout]
15:29:53 -!- DoT|Phone has quit [Read error: Connection reset by peer]
15:37:01 -!- Golly has quit [Signed off]
16:27:35 -!- BioPhone has quit [Signed off]
17:49:23 -!- Zounds has quit [Ping timeout]
20:32:25 -!- BioPhone has quit [Ping timeout]
20:51:48 -!- DoT` has quit [Read error: Connection reset by peer]
21:06:27 -!- BioPone has quit [Read error: Connection reset by peer]
21:13:58 -!- Golly has quit [Ping timeout]
21:33:16 -!- Rawr|Fone has quit [Read error: Connection reset by peer]
21:33:54 -!- DuB|fon has quit [Signed off]
21:55:52 -!- Runbunny has quit [Signed off]
22:30:58 -!- DoT` has quit [Ping timeout]
22:31:53 -!- tredc has quit [Signed off]
22:55:40 -!- skram has quit [Ping timeout]
22:57:21 -!- Rawr|Fone has quit [Ping timeout]
23:19:32 -!- Rawr|Fone has quit [Ping timeout]
