00:46:56 -!- tredc has quit [Signed off]
04:09:21 -!- DuB` has quit [Ping timeout]
04:13:53 -!- DvB` has quit [Signed off]
04:42:23 -!- Camail has quit [Signed off]
05:31:32 -!- DoT|Phone has quit [Read error: Connection reset by peer]
05:37:43 -!- DoT|Phone has quit [Ping timeout]
06:03:57 -!- DoT|Phone has quit [Read error: Connection reset by peer]
06:04:28 -!- DoT|Phone1 has quit [Ping timeout]
06:10:42 -!- DoT|Phone2 has quit [Ping timeout]
07:14:19 -!- Rawr|Phone has quit [Ping timeout]
07:28:46 -!- Rawr|Fone has quit [Read error: Connection reset by peer]
07:32:55 -!- DoT|Phone has quit [Ping timeout]
07:41:08 -!- DoT|Phone1 has quit [Ping timeout]
07:48:04 -!- DoT|Phone has quit [Ping timeout]
07:56:25 -!- DoT|Phone1 has quit [Ping timeout]
08:11:15 -!- DoT|Phone has quit [Ping timeout]
08:35:38 -!- Rawr|Phone has quit [Ping timeout]
08:37:56 -!- DoT|Phone1 has quit [Read error: Connection reset by peer]
08:51:48 -!- Rawr|Fone has quit [Ping timeout]
09:15:00 -!- DoT|Phone has quit [Read error: Connection reset by peer]
09:45:21 -!- Golly has quit [Ping timeout]
10:29:20 -!- skram has quit [Ping timeout]
11:36:16 -!- Rawr|Phone has quit [Read error: Connection reset by peer]
12:05:19 -!- BioPone has quit [Read error: Connection reset by peer]
12:21:39 -!- DoT` has quit [Ping timeout]
12:22:02 -!- Rawr|Fone has quit [Ping timeout]
12:38:59 -!- DoT|Phone1 has quit [Ping timeout]
12:49:50 -!- Rawr|Fone has quit [Ping timeout]
13:41:04 -!- DoT|Phone has quit [Ping timeout]
13:52:33 -!- DoT|Phone has quit [Read error: Connection reset by peer]
13:52:58 -!- DoT|Phone1 has quit [Ping timeout]
13:54:34 -!- DoT|Phone2 has quit [EOF from client]
14:09:52 -!- Rawr|Fone has quit [Ping timeout]
14:16:29 -!- Zounds has quit [Ping timeout]
14:37:16 -!- BioPhone has quit [EOF from client]
14:39:00 -!- Rawr|Fone has quit [Ping timeout]
15:30:18 -!- Rawr|Fone has quit [Ping timeout]
15:49:41 -!- Rawr|Phone has quit [Ping timeout]
16:03:45 -!- Rawr|Fone has quit [Ping timeout]
18:09:33 -!- DuB|fon has quit [Read error: Connection reset by peer]
19:03:15 -!- Rawr|Fone has quit [Ping timeout]
19:11:49 -!- BioPhone has quit [EOF from client]
19:25:24 -!- Rawr|Fone has quit [Ping timeout]
19:30:23 -!- BioPhone has quit [EOF from client]
19:52:18 -!- DuBphon has quit [Read error: Connection reset by peer]
21:05:06 -!- BioPhone has quit [Ping timeout]
21:15:31 -!- DuBphon has quit [Read error: Connection reset by peer]
21:19:10 -!- BioPone has quit [Read error: Connection reset by peer]
21:23:30 -!- Golly has quit [Ping timeout]
21:40:44 -!- BioPone has quit [Ping timeout]
22:15:09 -!- BioPone has quit [Ping timeout]
22:17:26 -!- DoT` has quit [Ping timeout]
22:27:42 -!- Zounds has quit [Ping timeout]
22:38:30 -!- Rawr|Fone has quit [Ping timeout]
23:08:22 -!- DuB` has quit [Signed off]
23:11:11 -!- Runbunny has quit [Signed off]
