00:31:34 -!- reification has quit [Signed off]
00:36:30 -!- Zounds has quit [Signed off]
00:42:33 -!- Rawr|Fone has quit [Ping timeout]
01:27:28 -!- Rawr|Fone has quit [Ping timeout]
01:28:50 -!- tredc has quit [Signed off]
01:30:46 -!- Runbunny has quit [Signed off]
01:35:31 -!- Crisium has quit [Signed off]
02:13:22 -!- Rawr|Fone has quit [Ping timeout]
03:44:27 -!- Rawr|Fone has quit [Ping timeout]
04:36:03 -!- Rawr|Fone has quit [Ping timeout]
07:16:12 -!- DoT|Phone1 has quit [Ping timeout]
08:19:27 -!- Camail has quit [Signed off]
08:21:39 -!- DuB` has quit [Signed off]
10:57:10 -!- Rawr|Fone has quit [Read error: Connection reset by peer]
12:04:21 -!- BioPone has quit [Read error: Connection reset by peer]
12:33:50 -!- Golly has quit [Ping timeout]
13:36:17 -!- BioPhone has quit [EOF from client]
14:36:18 -!- BioPhone has quit [EOF from client]
14:41:51 -!- BioPhone has quit [EOF from client]
15:31:03 -!- skram has quit [Ping timeout]
15:45:30 -!- DoT|Phone has quit [Read error: Connection reset by peer]
16:09:12 -!- BioPhone has quit [EOF from client]
16:20:32 -!- Rawr|Fone has quit [Ping timeout]
16:24:49 -!- BioPhone has quit [Read error: Connection reset by peer]
17:17:39 -!- BioPone has quit [EOF from client]
17:22:26 -!- BioPone has quit [EOF from client]
19:05:32 -!- Rawr|Phone has quit [Ping timeout]
21:05:48 -!- BioPone has quit [Ping timeout]
21:05:51 -!- BioPhone has quit [Ping timeout]
21:21:17 -!- Dot has quit [EOF from client]
22:15:06 -!- Cane has quit [Read error: Connection reset by peer]
22:27:31 -!- Zounds has quit [Signed off]
22:37:00 -!- reification has quit [Signed off]
22:37:15 -!- BioPone has quit [Signed off]
23:16:09 -!- Golly has quit [Ping timeout]
