00:08:06 -!- DoT|Phone1 has quit [Ping timeout]
00:15:06 -!- tredc has quit [Signed off]
00:17:32 -!- Zounds has quit [Signed off]
01:40:05 -!- Crisium has quit [Ping timeout]
01:43:53 -!- DoT` has quit [Ping timeout]
02:27:11 -!- Cane has quit [Signed off]
03:09:05 -!- skram has quit [Ping timeout]
04:43:08 -!- Bio has quit [Ping timeout]
06:00:23 -!- DoT|Phone has quit [Read error: Connection reset by peer]
06:52:58 -!- DoT` has quit [Ping timeout]
06:54:06 -!- DoT|Phone1 has quit [Ping timeout]
07:32:11 -!- Camail has quit [Read error: Connection reset by peer]
08:36:58 -!- DuB` has quit [Signed off]
10:59:04 -!- tredc has quit [Ping timeout]
11:43:54 -!- Golly has quit [Ping timeout]
13:02:13 -!- DoT|Phone has quit [Read error: Connection reset by peer]
13:23:15 -!- DoT|Phone1 has quit [Read error: Connection reset by peer]
14:07:17 -!- DoT|Phone has quit [Ping timeout]
14:17:32 -!- DoT|Phone1 has quit [Ping timeout]
14:29:39 -!- DoT|Phone has quit [Read error: Connection reset by peer]
14:32:59 -!- DoT|Phone has quit [EOF from client]
14:34:00 -!- DoT|Phone1 has quit [Ping timeout]
16:32:05 -!- BioPhone has quit [Ping timeout]
16:42:22 -!- BioPone has quit [Read error: Connection reset by peer]
16:53:59 -!- Cane has quit [Signed off]
18:03:44 -!- BioPone has quit [Read error: Connection reset by peer]
21:46:41 -!- Runbunny has quit [Signed off]
21:56:45 -!- Golly has quit [Ping timeout]
21:59:06 -!- Zounds has quit [Signed off]
23:03:50 -!- tredc has quit [Signed off]
