00:45:06 -!- carcinisation has quit [Signed off]
01:42:34 -!- Dot|Phone has quit [Signed off]
01:45:02 -!- tredc has quit [Signed off]
01:57:18 -!- DuB` has quit [Ping timeout]
02:27:00 -!- Runbunny has quit [Signed off]
03:04:08 -!- Crisium|3 has quit [Signed off]
03:24:47 -!- Micen has quit [Read error: Connection reset by peer]
03:39:41 -!- Rawr|Fone has quit [Ping timeout]
03:39:47 -!- Dot` has quit [Ping timeout]
04:03:20 -!- Camail has quit [Read error: Connection reset by peer]
04:31:19 -!- skram has quit [Ping timeout]
05:14:03 -!- DvB` has quit [Signed off]
05:45:49 -!- Rawr|Fone has quit [Ping timeout]
08:22:11 -!- Rawr|Fone has quit [Ping timeout]
13:30:12 -!- BioPone has quit [Read error: Connection reset by peer]
14:20:35 -!- Rawr|Fone has quit [Ping timeout]
14:34:52 -!- reification has quit [Ping timeout]
14:41:16 -!- Rawr|Fone has quit [Ping timeout]
16:30:19 -!- Rawr|Fone has quit [Ping timeout]
16:50:13 -!- BioPhone has quit [Ping timeout]
17:10:33 -!- Rawr|Fone has quit [Ping timeout]
17:26:21 -!- Golly has quit [Ping timeout]
17:27:09 -!- Runbunny has quit [Signed off]
17:50:25 -!- BioPone has quit [EOF from client]
18:00:06 -!- BioPone has quit [Read error: Connection reset by peer]
18:15:50 -!- Rawr|Fone has quit [Ping timeout]
18:48:51 -!- Cane has quit [Signed off]
18:59:37 -!- Rawr|Fone has quit [Ping timeout]
19:35:25 -!- Rawr|Fone has quit [Ping timeout]
20:02:35 -!- Rawr|Fone has quit [Ping timeout]
20:30:18 -!- Rawr|Fone has quit [Ping timeout]
21:01:12 -!- Rawr|Fone has quit [Ping timeout]
21:17:33 -!- Rawr|Fone has quit [Ping timeout]
21:25:05 -!- BioPhone has quit [EOF from client]
21:40:35 -!- Dot|Phone has quit [Signed off]
21:50:10 -!- BioPhone has quit [EOF from client]
22:14:15 -!- Rawr|Phone has quit [Ping timeout]
22:29:14 -!- Golly has quit [Ping timeout]
22:40:48 -!- BioPhone has quit [Ping timeout]
23:18:34 -!- Rawr|Fone has quit [Ping timeout]
