00:03:41 -!- Bio has quit [Read error: Connection reset by peer]
00:06:26 -!- DoT` has quit [Ping timeout]
00:06:26 -!- Golly has quit [Ping timeout]
00:06:33 -!- Crisium has quit [Read error: Connection reset by peer]
00:23:35 -!- reification has quit [Signed off]
00:28:44 -!- tredc has quit [Signed off]
00:49:23 -!- Rawr|Fone has quit [Ping timeout]
01:16:54 -!- Crisium|2 has quit [Signed off]
01:18:31 -!- skram has quit [Ping timeout]
02:36:31 -!- Rawr|Fone has quit [Ping timeout]
04:29:15 -!- Rawr|Fone has quit [Ping timeout]
04:42:50 -!- DuB` has quit [Signed off]
05:06:13 -!- Rawr|Fone has quit [Ping timeout]
05:09:25 -!- DoT|Phone1 has quit [Ping timeout]
05:38:22 -!- Rawr|Fone has quit [Ping timeout]
05:45:20 -!- Rawr|Fone has quit [Ping timeout]
06:43:45 -!- DoT|Phone has quit [Ping timeout]
07:48:03 -!- DoT|Phone1 has quit [Ping timeout]
12:25:09 -!- BioPone has quit [Read error: Connection reset by peer]
13:03:38 -!- DoT|Phone has quit [Ping timeout]
14:38:03 -!- Rawr|Phone has quit [Read error: Connection reset by peer]
14:39:18 -!- skram has quit [Ping timeout]
14:47:18 -!- Rawr|Fone has quit [Ping timeout]
16:12:43 -!- DuB|fon has quit [Read error: Connection reset by peer]
16:13:09 -!- DuB|fon has quit [Signed off]
16:20:28 -!- Rawr|Fone has quit [Ping timeout]
16:49:55 -!- Rawr|Fone has quit [Ping timeout]
17:14:14 -!- Rawr|Fone has quit [Ping timeout]
17:52:51 -!- Rawr|Fone has quit [Ping timeout]
17:59:18 -!- DuB|fon has quit [Read error: Connection reset by peer]
18:15:11 -!- Rawr|Fone has quit [Ping timeout]
18:33:23 -!- BioPhone has quit [EOF from client]
18:47:56 -!- Rawr|Fone has quit [Ping timeout]
19:01:32 -!- Rawr|Fone has quit [Ping timeout]
20:25:52 -!- skraam has quit [Ping timeout]
20:44:01 -!- Rawr|Fone has quit [Ping timeout]
20:52:04 -!- BioPhone has quit [Ping timeout]
21:14:00 -!- BioPone has quit [Read error: Connection reset by peer]
21:30:26 -!- Runbunny has quit [Signed off]
21:44:42 -!- DuB|fon has quit [Signed off]
21:52:20 -!- Rawr|Fone has quit [Ping timeout]
22:01:48 -!- DvB|fon has quit [Ping timeout]
22:12:03 -!- DvB|fon has quit [EOF from client]
22:19:14 -!- DvB|fon has quit [Read error: Connection reset by peer]
22:24:55 -!- DvB|fon has quit [Signed off]
22:47:03 -!- Rawr|Fone has quit [Ping timeout]
22:48:19 -!- skram has quit [Ping timeout]
22:59:48 -!- BioPone has quit [EOF from client]
23:09:57 -!- reification has quit [Signed off]
23:30:44 -!- tredc has quit [Signed off]
23:40:31 -!- Zounds has quit [Signed off]
23:42:24 -!- Rawr|Fone has quit [Ping timeout]
23:51:11 -!- BioPone has quit [EOF from client]
