00:31:35 -!- Rawr|Fone has quit [Ping timeout]
00:41:28 -!- skram has quit [Ping timeout]
00:59:13 -!- BioPone has quit [EOF from client]
01:04:17 -!- reification has quit [Signed off]
01:08:45 -!- BioPone has quit [Signed off]
02:12:47 -!- Rawr|Fone has quit [Ping timeout]
02:21:17 -!- Crisium has quit [Signed off]
04:00:34 -!- Rawr|Fone has quit [Ping timeout]
04:20:28 -!- Camail has quit [Signed off]
04:43:36 -!- DuB` has quit [Signed off]
06:08:07 -!- Rawr|Fone has quit [Ping timeout]
07:25:29 -!- Dot` has quit [Ping timeout]
09:01:50 -!- Runbunny has quit [Signed off]
09:38:36 -!- Rawr|Fone has quit [Ping timeout]
10:44:00 -!- reification has quit [Ping timeout]
11:05:00 -!- carcinisation has quit [Ping timeout]
12:11:42 -!- Rawr|Fone has quit [Ping timeout]
12:59:13 -!- BioPhone has quit [Ping timeout]
13:20:48 -!- skram has quit [Ping timeout]
14:55:22 -!- BioPhone has quit [Read error: Connection reset by peer]
15:14:24 -!- Rawr|Fone has quit [Ping timeout]
16:49:13 -!- Cane has quit [Read error: Connection reset by peer]
17:18:59 -!- Dot` has quit [Ping timeout]
17:24:41 -!- BioPone has quit [EOF from client]
17:36:44 -!- Rawr|Fone has quit [Ping timeout]
18:32:37 -!- DuB|fon has quit [Signed off]
18:39:29 -!- BioPone has quit [EOF from client]
18:45:16 -!- Micen has quit [Ping timeout]
19:36:40 -!- Dot|Phone has quit [Signed off]
19:43:06 -!- Rawr|Phone has quit [Ping timeout]
20:09:53 -!- BioPone has quit [EOF from client]
20:43:12 -!- Rawr|Fone has quit [Ping timeout]
20:51:08 -!- Rawr|Fone has quit [Ping timeout]
21:01:34 -!- Rawr|Fone has quit [Ping timeout]
21:53:03 -!- Rawr|Fone has quit [Ping timeout]
22:20:21 -!- skrm has quit [Ping timeout]
22:31:20 -!- BioPone has quit [Ping timeout]
23:19:50 -!- BioPone has quit [Signed off]
23:41:12 -!- Dot|Phone has quit [Signed off]
