00:01:10 -!- reification has quit [Signed off]
00:12:13 -!- Crisium has quit [Ping timeout]
00:44:14 -!- Dot` has quit [Ping timeout]
01:02:46 -!- Rawr|Fone has quit [Ping timeout]
01:36:31 -!- Runbunny has quit [Signed off]
01:46:31 -!- Rawr|Fone has quit [Ping timeout]
02:24:12 -!- Phearlock has quit [Ping timeout]
02:42:12 -!- skraam has quit [Ping timeout]
04:15:48 -!- Crisium|2 has quit [Ping timeout]
04:43:38 -!- Rawr|Fone has quit [Ping timeout]
04:58:06 -!- DuB` has quit [Signed off]
05:02:13 -!- Camail has quit [Signed off]
05:13:56 -!- Camail has quit [Signed off]
06:21:42 -!- Cane has quit [Signed off]
10:43:35 -!- Golly has quit [Ping timeout]
11:51:49 -!- Rawr|Fone has quit [Ping timeout]
13:05:38 -!- Rawr|Fone has quit [Ping timeout]
13:26:37 -!- Rawr|Fone has quit [Ping timeout]
13:48:33 -!- Runbunny has quit [Ping timeout]
14:00:33 -!- skram has quit [Ping timeout]
15:13:53 -!- Rawr|Fone has quit [Ping timeout]
15:38:47 -!- skram has quit [Signed off]
16:05:52 -!- Rawr|Fone has quit [Ping timeout]
16:30:01 -!- Rawr|Phone has quit [Ping timeout]
16:54:30 -!- tredc has quit [Ping timeout]
17:00:19 -!- Dot` has quit [Ping timeout]
17:23:31 -!- reification has quit [Ping timeout]
17:31:01 -!- carcinisation has quit [Ping timeout]
20:08:49 -!- Crisium has quit [Ping timeout]
20:22:41 -!- Golly has quit [Ping timeout]
22:15:26 -!- Rawr|Fone has quit [Ping timeout]
23:15:06 -!- Kittybunny has quit [Signed off]
23:25:38 -!- Dot` has quit [Ping timeout]
23:44:58 -!- Rawr|Phone has quit [Ping timeout]
23:59:16 -!- tredc has quit [Signed off]
