00:04:44 -!- reification has quit [Signed off]
00:29:24 -!- Phearlock has quit [Ping timeout]
01:03:39 -!- Rawr|Fone has quit [Ping timeout]
01:13:37 -!- skrma has quit [Ping timeout]
01:15:24 -!- Runbunny has quit [Signed off]
01:33:06 -!- Rawr|Fone has quit [Ping timeout]
02:32:12 -!- Rawr|Fone has quit [Ping timeout]
02:49:37 -!- Cane has quit [Read error: Connection reset by peer]
03:57:40 -!- Rawr|Fone has quit [Ping timeout]
04:48:10 -!- Rawr|Fone has quit [Ping timeout]
05:22:42 -!- Dot` has quit [Ping timeout]
05:34:57 -!- Crisium has quit [Signed off]
05:55:42 -!- Rawr|Fone has quit [Ping timeout]
07:14:16 -!- Rawr|Fone has quit [Ping timeout]
08:03:02 -!- DuB` has quit [Signed off]
08:19:53 -!- Rawr|Fone has quit [Ping timeout]
10:09:26 -!- skram has quit [Ping timeout]
10:10:44 -!- skrma has quit [Ping timeout]
11:39:24 -!- Dot` has quit [Ping timeout]
11:54:41 -!- skram has quit [Ping timeout]
12:05:12 -!- Rawr|Fone has quit [Ping timeout]
12:41:03 -!- Rawr|Fone has quit [Ping timeout]
13:00:44 -!- Dot` has quit [Ping timeout]
13:36:06 -!- Rawr|Fone has quit [Ping timeout]
14:02:31 -!- Rawr|Fone has quit [Ping timeout]
18:27:01 -!- Rawr|Fone has quit [Read error: Connection reset by peer]
18:33:16 -!- Rawr|Fone has quit [Ping timeout]
18:59:15 -!- Bio has quit [Ping timeout]
19:09:44 -!- Rawr|Fone has quit [Ping timeout]
19:21:27 -!- Dot|Phone has quit [Signed off]
19:26:59 -!- BioSC has quit [Read error: Connection reset by peer]
20:09:38 -!- Rawr|Fone has quit [Ping timeout]
20:26:29 -!- Rawr|Fone has quit [Ping timeout]
20:53:12 -!- Crisium has quit [Ping timeout]
21:17:51 -!- Rawr|Fone has quit [Ping timeout]
21:34:44 -!- Golly has quit [Ping timeout]
21:41:17 -!- Rawr|Fone has quit [Ping timeout]
22:38:38 -!- Rawr|Fone has quit [Ping timeout]
22:58:12 -!- Rawr|Fone has quit [Ping timeout]
23:02:33 -!- BioPhone has quit [EOF from client]
23:11:54 -!- BioPhone has quit [EOF from client]
23:36:20 -!- tredc has quit [Signed off]
23:37:14 -!- Rawr|Fone has quit [Ping timeout]
