00:04:57 -!- BioPone has quit [Read error: Connection reset by peer]
00:57:54 -!- Runbunny has quit [Signed off]
01:15:26 -!- Rawr|Fone has quit [Ping timeout]
02:04:28 -!- Camail has quit [Signed off]
02:57:51 -!- Crisium has quit [Signed off]
03:29:36 -!- Rawr|Fone has quit [Ping timeout]
04:22:34 -!- skram has quit [Ping timeout]
04:30:08 -!- DuB` has quit [Signed off]
04:37:11 -!- Rawr|Fone has quit [Ping timeout]
06:46:39 -!- Dot` has quit [Ping timeout]
08:24:17 -!- Rawr|Fone has quit [Read error: Connection reset by peer]
09:13:23 -!- Rawr|Fone has quit [Ping timeout]
09:26:16 -!- Rawr|Fone has quit [Ping timeout]
10:22:20 -!- reification has quit [Ping timeout]
12:12:33 -!- BioPone has quit [Read error: Connection reset by peer]
12:50:08 -!- Rawr|Fone has quit [Ping timeout]
13:04:40 -!- Rawr|Fone has quit [Ping timeout]
13:13:43 -!- Camail has quit [Signed off]
13:53:08 -!- Golly has quit [Signed off]
14:14:31 -!- BioPone has quit [EOF from client]
14:34:50 -!- reification has quit [Ping timeout]
14:45:20 -!- Dot|Phone has quit [Signed off]
15:47:49 -!- BioPone has quit [Ping timeout]
15:50:50 -!- reification has quit [Ping timeout]
16:40:18 -!- BioPone has quit [EOF from client]
16:42:04 -!- Rawr|Phone has quit [Read error: Connection reset by peer]
16:48:18 -!- Rawr|Fone has quit [Ping timeout]
16:57:00 -!- skrm has quit [Ping timeout]
16:58:47 -!- Rawr|Fone has quit [Ping timeout]
16:58:48 -!- BioPone has quit [Read error: Connection reset by peer]
17:16:46 -!- Rawr|Fone has quit [Ping timeout]
18:07:38 -!- Rawr|Fone has quit [Ping timeout]
20:06:16 -!- skram has quit [Signed off]
20:16:19 -!- Rawr|Fone has quit [Ping timeout]
20:30:02 -!- BioPhone has quit [Ping timeout]
20:49:39 -!- BioPone has quit [Read error: Connection reset by peer]
21:57:52 -!- Rawr|Phone has quit [Ping timeout]
22:40:02 -!- Rawr|Fone has quit [Ping timeout]
22:42:27 -!- Crisium has quit [Signed off]
22:52:08 -!- Rawr|Fone has quit [Ping timeout]
23:45:11 -!- Rawr|Fone has quit [Ping timeout]
