00:26:12 -!- tredc has quit [Signed off]
00:36:21 -!- Camail has quit [Signed off]
00:43:30 -!- Runbunny has quit [Signed off]
01:40:28 -!- Rawr|Fone has quit [Ping timeout]
02:29:48 -!- Dot` has quit [Ping timeout]
04:07:51 -!- DuB` has quit [Signed off]
04:19:16 -!- Rawr|Fone has quit [Ping timeout]
04:29:15 -!- skram has quit [Ping timeout]
08:27:11 -!- ShotgunPrincess has quit [Ping timeout]
08:28:51 -!- Bio has quit [Ping timeout]
08:54:47 -!- Rawr|Fone has quit [Ping timeout]
09:34:00 -!- Dot|Phone has quit [Signed off]
09:59:25 -!- Rawr|Fone has quit [Ping timeout]
10:19:59 -!- Rawr|Fone has quit [Ping timeout]
10:27:46 -!- reification has quit [Ping timeout]
10:51:46 -!- carcinisation has quit [Ping timeout]
12:14:09 -!- BioPone has quit [Read error: Connection reset by peer]
12:28:22 -!- Rawr|Phone has quit [Ping timeout]
12:55:59 -!- BioPone has quit [EOF from client]
12:58:38 -!- Rawr|Fone has quit [Ping timeout]
13:16:18 -!- Rawr|Fone has quit [Ping timeout]
13:56:01 -!- Cane has quit [Signed off]
16:36:40 -!- BioPone has quit [EOF from client]
17:33:46 -!- reimeuk has quit [Ping timeout]
17:36:16 -!- carcinisation has quit [Ping timeout]
18:11:27 -!- skram has quit [Ping timeout]
19:05:03 -!- skrma has quit [Ping timeout]
19:21:19 -!- Runbunny has quit [Ping timeout]
19:22:24 -!- Rawr|Phone has quit [Ping timeout]
20:23:39 -!- Golly has quit [Ping timeout]
20:26:11 -!- Rawr|Fone has quit [Ping timeout]
20:51:46 -!- reification has quit [Ping timeout]
21:05:46 -!- carcinisation has quit [Ping timeout]
21:15:24 -!- Rawr|Fone has quit [Ping timeout]
21:21:10 -!- skram has quit [Ping timeout]
21:28:46 -!- Dot|Phone has quit [Signed off]
21:41:24 -!- BioPhone has quit [Ping timeout]
21:42:12 -!- Rawr|Fone has quit [Ping timeout]
21:47:06 -!- BioPone has quit [Read error: Connection reset by peer]
22:00:59 -!- skram has quit [Ping timeout]
22:39:11 -!- CrisPone has quit [Signed off]
23:17:16 -!- reimeuk has quit [Ping timeout]
23:18:42 -!- Rawr|Fone has quit [Ping timeout]
23:28:27 -!- reification has quit [Signed off]
