00:12:46 -!- reification has quit [Signed off]
00:21:30 -!- tredc has quit [Signed off]
01:21:23 -!- Rawr|Fone has quit [Ping timeout]
01:32:55 -!- Runbunny has quit [Signed off]
01:33:02 -!- Rawr|Fone has quit [Ping timeout]
01:51:36 -!- Rawr|Fone has quit [Ping timeout]
02:08:11 -!- Rawr|Fone has quit [Ping timeout]
02:14:39 -!- Camail has quit [Signed off]
03:28:41 -!- Rawr|Fone has quit [Ping timeout]
05:02:25 -!- Camail has quit [Signed off]
06:08:59 -!- Dot` has quit [Signed off]
07:31:07 -!- DuB` has quit [Signed off]
10:46:38 -!- reification has quit [Ping timeout]
14:08:38 -!- reification has quit [Ping timeout]
14:43:02 -!- Micen has quit [Read error: Connection reset by peer]
15:35:47 -!- Dot|Phone has quit [Signed off]
16:44:02 -!- skrm has quit [Signed off]
18:54:37 -!- Rawr|Fone has quit [Read error: Connection reset by peer]
19:00:51 -!- Rawr|Fone has quit [Ping timeout]
19:18:11 -!- Rawr|Fone has quit [Ping timeout]
19:40:36 -!- Rawr|Fone has quit [Ping timeout]
19:45:35 -!- skram has quit [Ping timeout]
20:37:11 -!- Rawr|Fone has quit [Ping timeout]
22:05:29 -!- Rawr|Fone has quit [Ping timeout]
22:21:46 -!- Rawr|Fone has quit [Ping timeout]
22:35:05 -!- Rawr|Fone has quit [Ping timeout]
22:41:38 -!- reification has quit [Ping timeout]
22:50:24 -!- Rawr|Fone has quit [Ping timeout]
22:53:48 -!- carcinisation has quit [Signed off]
23:27:05 -!- tredc has quit [Signed off]
