00:01:20 -!- Rawr|Fone has quit [Ping timeout]
00:01:24 -!- tredc has quit [Signed off]
00:20:40 -!- reification has quit [Signed off]
00:25:23 -!- skram has quit [Ping timeout]
00:33:05 -!- Runbunny has quit [Signed off]
00:33:22 -!- Golly has quit [Ping timeout]
00:49:26 -!- Crisium has quit [Signed off]
02:23:19 -!- Rawr|Fone has quit [Ping timeout]
03:21:18 -!- BioPone has quit [Read error: Connection reset by peer]
04:03:27 -!- DoT` has quit [Ping timeout]
04:09:09 -!- DuB` has quit [Signed off]
04:41:28 -!- Camail has quit [Signed off]
05:16:31 -!- Micen has quit [Read error: Connection reset by peer]
05:38:00 -!- Rawr|Fone has quit [Ping timeout]
06:57:34 -!- DoT|Phone has quit [Ping timeout]
07:32:20 -!- DoT|Phone has quit [Ping timeout]
07:57:29 -!- Rawr|Fone has quit [Ping timeout]
09:26:29 -!- reification has quit [Ping timeout]
09:35:18 -!- Rawr|Fone has quit [Ping timeout]
09:46:33 -!- Rawr|Fone has quit [Ping timeout]
09:55:29 -!- carcinisation has quit [Ping timeout]
10:07:25 -!- Micen has quit [Read error: Connection reset by peer]
10:20:25 -!- skram has quit [Ping timeout]
11:07:42 -!- Rawr|Fone has quit [Ping timeout]
11:24:14 -!- Rawr|Phone has quit [Ping timeout]
11:31:37 -!- DoT|Phone1 has quit [Ping timeout]
12:10:35 -!- DoT|Phone has quit [Ping timeout]
12:17:19 -!- Rawr|Fone has quit [Ping timeout]
12:45:35 -!- Golly has quit [Ping timeout]
13:01:59 -!- reification has quit [Ping timeout]
13:13:29 -!- carcinisation has quit [Ping timeout]
13:39:42 -!- Rawr|Fone has quit [Ping timeout]
14:49:23 -!- skram has quit [Ping timeout]
16:14:28 -!- CockRoach|42 has quit [Ping timeout]
16:40:37 -!- Rawr|Fone has quit [Ping timeout]
19:10:54 -!- Rawr|Fone has quit [Ping timeout]
21:53:17 -!- Rawr|Fone has quit [Ping timeout]
22:01:52 -!- Zounds has quit [Ping timeout]
22:32:23 -!- DoT` has quit [Ping timeout]
22:35:23 -!- Golly has quit [Ping timeout]
22:55:28 -!- BioPhone has quit [Read error: Connection reset by peer]
22:55:35 -!- reification has quit [Signed off]
22:59:38 -!- BioPone has quit [Read error: Connection reset by peer]
23:10:44 -!- Runbunny has quit [Signed off]
23:33:37 -!- skram has quit [Ping timeout]
23:39:58 -!- BioPhone has quit [Read error: Connection reset by peer]
