00:21:26 -!- BioPone has quit [EOF from client]
00:24:14 -!- skram has quit [Ping timeout]
00:58:25 -!- Crisium has quit [Signed off]
01:15:12 -!- Dot` has quit [Ping timeout]
01:17:20 -!- Rawr|Fone has quit [Ping timeout]
01:58:06 -!- Runbunny has quit [Signed off]
02:15:30 -!- reification has quit [Signed off]
02:47:03 -!- skram has quit [Signed off]
03:14:40 -!- Rawr|Fone has quit [Ping timeout]
04:42:09 -!- Cane has quit [Signed off]
05:48:30 -!- Rawr|Fone has quit [Ping timeout]
06:05:31 -!- Rawr|Fone has quit [Ping timeout]
06:33:21 -!- Rawr|Fone has quit [Ping timeout]
07:12:27 -!- Rawr|Fone has quit [Ping timeout]
08:04:39 -!- DuB` has quit [Signed off]
10:18:49 -!- Runbunny has quit [Signed off]
10:35:47 -!- Golly has quit [Ping timeout]
10:50:53 -!- reification has quit [Ping timeout]
11:28:53 -!- carcinisation has quit [Ping timeout]
11:53:07 -!- Dot|Phone has quit [Signed off]
13:05:53 -!- reification has quit [Ping timeout]
14:02:04 -!- skram has quit [Ping timeout]
15:47:43 -!- BioPone has quit [EOF from client]
16:05:15 -!- BioPone has quit [Ping timeout]
16:47:44 -!- BioPone has quit [Ping timeout]
16:59:45 -!- BioPone has quit [Ping timeout]
17:14:40 -!- Rawr|Phone has quit [Read error: Connection reset by peer]
17:17:27 -!- BioPone has quit [Ping timeout]
17:23:49 -!- BioPone has quit [Ping timeout]
18:23:54 -!- BioPone has quit [Read error: Connection reset by peer]
18:30:34 -!- Rawr|Fone has quit [Ping timeout]
18:52:46 -!- Rawr|Fone has quit [Ping timeout]
19:13:25 -!- Rawr|Fone has quit [Ping timeout]
19:58:47 -!- Rawr|Fone has quit [Ping timeout]
20:30:12 -!- Golly has quit [Ping timeout]
21:00:14 -!- Rawr|Fone has quit [Ping timeout]
21:35:51 -!- Zounds has quit [Signed off]
22:05:54 -!- Rawr|Fone has quit [Ping timeout]
22:57:07 -!- Rawr|Fone has quit [Ping timeout]
23:27:46 -!- Rawr|Fone has quit [Ping timeout]
23:50:47 -!- reification has quit [Signed off]
23:54:54 -!- BioPhone has quit [Read error: Connection reset by peer]
