00:33:56 -!- skram has quit [Ping timeout]
01:02:00 -!- DoT` has quit [Ping timeout]
01:14:05 -!- DoT|Phone has quit [Ping timeout]
01:17:04 -!- Phearlock has quit [Ping timeout]
01:39:43 -!- Rawr|Fone has quit [Ping timeout]
02:25:47 -!- Rawr|Fone has quit [Ping timeout]
02:58:18 -!- Camail has quit [Ping timeout]
03:04:43 -!- Rawr|Fone has quit [Ping timeout]
03:43:01 -!- Crisium has quit [Signed off]
04:37:56 -!- Camail has quit [Signed off]
05:06:18 -!- Rawr|Fone has quit [Ping timeout]
05:22:00 -!- Rawr|Fone has quit [Ping timeout]
06:10:14 -!- Rawr|Fone has quit [Ping timeout]
08:17:30 -!- Rawr|Fone has quit [Ping timeout]
08:22:34 -!- DvB` has quit [Signed off]
08:53:37 -!- Rawr|Fone has quit [Ping timeout]
09:42:18 -!- reification has quit [Ping timeout]
10:28:26 -!- Rawr|Fone has quit [Ping timeout]
10:55:06 -!- Rawr|Fone has quit [Ping timeout]
13:01:06 -!- tredc has quit [Ping timeout]
13:22:25 -!- Rawr|Fone has quit [Ping timeout]
13:49:12 -!- DoT` has quit [Signed off]
14:07:03 -!- Runbunny has quit [Ping timeout]
14:58:04 -!- Rawr|Fone has quit [Ping timeout]
16:38:07 -!- Rawr|Fone has quit [Ping timeout]
17:00:30 -!- Rawr|Fone has quit [Ping timeout]
17:07:55 -!- Rawr|Fone has quit [Ping timeout]
18:06:54 -!- DoT` has quit [Ping timeout]
19:40:01 -!- Westy543 has quit [Signed off]
21:23:51 -!- DoT` has quit [Signed off]
21:25:57 -!- Golly has quit [Ping timeout]
21:27:32 -!- Camail has quit [Read error: Connection reset by peer]
22:36:42 -!- Bio has quit [Ping timeout]
23:14:39 -!- Zounds has quit [Signed off]
23:17:48 -!- reification has quit [Ping timeout]
23:29:25 -!- Rawr|Fone has quit [Ping timeout]
23:57:50 -!- tredc has quit [Signed off]
