00:13:53 -!- reification has quit [Signed off]
00:15:09 -!- Micen has quit [Read error: Connection reset by peer]
00:51:50 -!- Rawr|Fone has quit [Ping timeout]
00:55:48 -!- Crisium has quit [Signed off]
01:16:02 -!- tredc has quit [Signed off]
01:21:34 -!- skrm has quit [Ping timeout]
01:37:12 -!- Rawr|Fone has quit [Ping timeout]
02:04:34 -!- Rawr|Fone has quit [Ping timeout]
02:13:21 -!- Crisium has quit [Ping timeout]
02:21:29 -!- Phearlock has quit [Ping timeout]
02:21:50 -!- Crisium|2 has quit [Ping timeout]
03:13:55 -!- Camail has quit [Signed off]
03:18:35 -!- Rawr|Fone has quit [Ping timeout]
03:21:54 -!- Golly has quit [Ping timeout]
04:52:44 -!- skrm has quit [Signed off]
05:58:20 -!- Crisium has quit [Signed off]
06:50:58 -!- DuB` has quit [Signed off]
06:59:01 -!- Rawr|Fone has quit [Ping timeout]
07:04:58 -!- skram has quit [Ping timeout]
07:52:57 -!- Dot` has quit [Ping timeout]
10:23:01 -!- Micen|Droid has quit [Ping timeout]
10:57:00 -!- Rawr|Fone has quit [Ping timeout]
10:58:30 -!- Micen|Droid_ has quit [Ping timeout]
14:50:11 -!- Micen|Droid has quit [Read error: Connection reset by peer]
15:45:52 -!- skram has quit [Ping timeout]
16:18:28 -!- skraam has quit [Ping timeout]
16:36:20 -!- Rawr|Fone has quit [Ping timeout]
16:59:33 -!- Dot` has quit [Ping timeout]
17:01:37 -!- Rawr|Fone has quit [Ping timeout]
18:14:50 -!- reification has quit [Ping timeout]
18:20:45 -!- carcinisation has quit [Ping timeout]
18:34:20 -!- reification has quit [Ping timeout]
18:49:30 -!- Micen|Droid_ has quit [Ping timeout]
20:04:07 -!- carcinisation has quit [Signed off]
20:04:08 -!- reification has quit [Ping timeout]
20:39:54 -!- Golly has quit [Ping timeout]
22:09:44 -!- Micen|Droid has quit [Ping timeout]
22:44:11 -!- reification has quit [Ping timeout]
23:00:38 -!- Zounds has quit [Signed off]
23:21:20 -!- Runbunny has quit [Signed off]
23:28:11 -!- reification has quit [Ping timeout]
