00:06:40 -!- carcinisation has quit [Signed off]
00:13:09 -!- Rawr|Fone has quit [Ping timeout]
00:25:08 -!- DoT` has quit [Ping timeout]
00:55:09 -!- Cane has quit [Signed off]
01:53:05 -!- Rawr|Fone has quit [Ping timeout]
02:48:38 -!- Rawr|Fone has quit [Ping timeout]
02:53:55 -!- Camail has quit [Signed off]
05:20:11 -!- Rawr|Fone has quit [Ping timeout]
05:59:31 -!- DuB` has quit [Signed off]
06:05:12 -!- DoT|Phone has quit [Ping timeout]
08:20:25 -!- Rawr|Fone has quit [Ping timeout]
09:02:14 -!- Kittybunny has quit [Signed off]
09:15:22 -!- Rawr|Fone has quit [Ping timeout]
09:40:21 -!- reification has quit [Read error: Broken pipe]
09:40:49 -!- reification has quit [Read error: Connection reset by peer]
10:10:28 -!- reification has quit [EOF from client]
12:10:10 -!- reification has quit [EOF from client]
12:51:43 -!- Rawr|Phone has quit [Ping timeout]
13:29:33 -!- Rawr|Fone has quit [Ping timeout]
14:34:52 -!- Rawr|Fone has quit [Ping timeout]
15:47:42 -!- DoT|Phone1 has quit [Ping timeout]
16:00:54 -!- Rawr|Fone has quit [Ping timeout]
16:14:38 -!- DoT|Phone has quit [Read error: Connection reset by peer]
16:27:46 -!- Rawr|Fone has quit [Ping timeout]
16:35:52 -!- Rawr|Phone has quit [Read error: Connection reset by peer]
17:40:37 -!- Westy543 has quit [Signed off]
20:17:38 -!- skram has quit [Ping timeout]
21:39:20 -!- reification has quit [EOF from client]
21:40:01 -!- reification has quit [EOF from client]
21:50:23 -!- Rawr|Fone has quit [Ping timeout]
22:06:14 -!- tredc has quit [Ping timeout]
22:06:14 -!- Bio has quit [Ping timeout]
22:06:30 -!- Camail has quit [Ping timeout]
22:15:35 -!- Rawr|Phone has quit [Ping timeout]
22:38:05 -!- reification has quit [EOF from client]
22:54:05 -!- Golly has quit [Ping timeout]
23:14:04 -!- DoT` has quit [Ping timeout]
23:16:10 -!- Runbunny has quit [Signed off]
23:22:58 -!- Rawr|Fone has quit [Ping timeout]
23:52:01 -!- tredc has quit [Signed off]
