00:06:25 -!- BioPhone has quit [Read error: Connection reset by peer]
00:30:01 -!- Camail has quit [Signed off]
00:41:15 -!- tredc has quit [Signed off]
00:42:43 -!- reification has quit [Signed off]
01:15:41 -!- BioPone has quit [EOF from client]
01:35:19 -!- skram has quit [Ping timeout]
01:40:05 -!- BioPone has quit [EOF from client]
02:16:02 -!- BioPone has quit [EOF from client]
02:21:11 -!- BioPone has quit [EOF from client]
02:22:56 -!- Crisium has quit [Signed off]
02:40:03 -!- BioPone has quit [EOF from client]
02:46:32 -!- Bio has quit [Ping timeout]
02:56:19 -!- Rawr|Fone has quit [Ping timeout]
03:21:41 -!- Rawr|Fone has quit [Ping timeout]
05:32:27 -!- BioPone has quit [EOF from client]
06:00:36 -!- BioPone has quit [EOF from client]
07:07:01 -!- BioPone has quit [EOF from client]
07:24:50 -!- DuB` has quit [Signed off]
07:28:02 -!- DoT|Phone1 has quit [Read error: Connection reset by peer]
07:30:19 -!- DoT|Phone has quit [Ping timeout]
09:47:29 -!- Golly has quit [Ping timeout]
11:29:07 -!- BioPone has quit [Ping timeout]
11:39:09 -!- Rawr|Fone has quit [Ping timeout]
12:21:37 -!- BioPone has quit [EOF from client]
13:13:23 -!- Rawr|Phone has quit [Read error: Connection reset by peer]
14:03:04 -!- Phearlock has quit [Ping timeout]
15:42:15 -!- Dot|Pone has quit [Read error: Connection reset by peer]
15:46:18 -!- Rawr|Fone has quit [Ping timeout]
16:17:11 -!- BioPone has quit [EOF from client]
16:20:05 -!- BioPone has quit [EOF from client]
16:28:04 -!- BioPone has quit [EOF from client]
16:30:55 -!- BioPone has quit [EOF from client]
16:37:03 -!- BioPone has quit [EOF from client]
16:40:53 -!- BioPone has quit [Signed off]
17:54:05 -!- BioPhone has quit [EOF from client]
18:25:29 -!- Rawr|Phone has quit [Ping timeout]
19:16:46 -!- tredc has quit [Ping timeout]
19:38:09 -!- BioPhone has quit [Ping timeout]
19:52:45 -!- BioPone has quit [Read error: Connection reset by peer]
19:56:46 -!- skram has quit [Ping timeout]
20:33:21 -!- BioPhone has quit [Ping timeout]
21:40:18 -!- Dot has quit [EOF from client]
22:12:04 -!- reification has quit [Signed off]
22:19:02 -!- BioPone has quit [EOF from client]
22:33:02 -!- Golly has quit [Ping timeout]
22:56:50 -!- Runbunny has quit [Signed off]
23:19:12 -!- BioPone has quit [Ping timeout]
23:29:14 -!- Zounds has quit [Signed off]
23:35:34 -!- BioPone has quit [Ping timeout]
