00:30:29 -!- Golly has quit [Ping timeout]
00:41:33 -!- BioPone has quit [Read error: Connection reset by peer]
00:51:18 -!- Cane has quit [Signed off]
01:00:20 -!- reification has quit [Signed off]
01:18:45 -!- BioPone has quit [EOF from client]
01:29:32 -!- BioPone has quit [Ping timeout]
01:52:46 -!- BioPone has quit [Read error: Connection reset by peer]
01:59:58 -!- BioPone has quit [Read error: Connection reset by peer]
02:26:42 -!- Runbunny has quit [Signed off]
05:50:10 -!- Crisium has quit [Signed off]
06:14:13 -!- skrm_ has quit [Ping timeout]
07:03:20 -!- Dot|Phone has quit [Signed off]
07:51:19 -!- skram has quit [Ping timeout]
09:46:51 -!- Rawr|Fone has quit [Ping timeout]
10:46:39 -!- reification has quit [Ping timeout]
14:24:39 -!- BioPhone has quit [EOF from client]
14:35:30 -!- BioPhone has quit [Ping timeout]
15:08:18 -!- BioPhone has quit [Read error: Connection reset by peer]
16:41:54 -!- reification has quit [Ping timeout]
16:43:01 -!- Rawr|Fone has quit [Ping timeout]
17:18:14 -!- skram has quit [Ping timeout]
18:40:54 -!- BioPhone has quit [EOF from client]
20:01:02 -!- BioPhone has quit [Read error: Connection reset by peer]
20:07:04 -!- BioPone has quit [Ping timeout]
20:24:41 -!- BioPone has quit [EOF from client]
20:35:50 -!- BioPone has quit [EOF from client]
21:10:27 -!- BioPone has quit [Read error: Connection reset by peer]
21:34:49 -!- BioPone has quit [Read error: Connection reset by peer]
22:03:29 -!- BioPone has quit [Read error: Connection reset by peer]
22:11:36 -!- Runbunny has quit [Signed off]
22:19:39 -!- BioPone has quit [Read error: Connection reset by peer]
23:31:13 -!- Dot|Phone has quit [Signed off]
23:42:15 -!- Zounds has quit [Signed off]
