00:09:46 -!- Rawr|Fone has quit [Ping timeout]
00:28:26 -!- tredc has quit [Signed off]
00:40:26 -!- skram has quit [Ping timeout]
00:43:47 -!- DoT|Phone1 has quit [Read error: Connection reset by peer]
01:09:16 -!- Rawr|Fone has quit [Ping timeout]
01:54:25 -!- Rawr|Fone has quit [Ping timeout]
02:28:38 -!- DuB` has quit [Signed off]
03:06:37 -!- Rawr|Fone has quit [Ping timeout]
05:24:31 -!- Crisium has quit [Ping timeout]
05:31:59 -!- Camail has quit [Ping timeout]
06:28:54 -!- Rawr|Fone has quit [Ping timeout]
07:35:22 -!- Camail_ has quit [Signed off]
07:36:29 -!- Rawr|Fone has quit [Ping timeout]
08:37:17 -!- Rawr|Fone has quit [Ping timeout]
08:56:54 -!- Rawr|Fone has quit [Ping timeout]
09:20:36 -!- Rawr|Fone has quit [Ping timeout]
10:12:41 -!- Rawr|Fone has quit [Ping timeout]
11:42:50 -!- Rawr|Fone has quit [Ping timeout]
12:08:43 -!- skram has quit [Ping timeout]
12:45:49 -!- DoT|Phone has quit [Ping timeout]
15:11:34 -!- DoT|Phone1 has quit [Read error: Connection reset by peer]
15:53:27 -!- DuB|fon has quit [Read error: Connection reset by peer]
16:17:16 -!- DuBphon has quit [Read error: Connection reset by peer]
16:27:28 -!- BioPhone has quit [Ping timeout]
16:29:51 -!- DuBphon has quit [Ping timeout]
19:15:15 -!- DoT|Phone has quit [EOF from client]
20:35:37 -!- DuBphon has quit [Signed off]
20:52:26 -!- skrm has quit [Signed off]
21:02:42 -!- Runbunny has quit [Signed off]
21:21:09 -!- tredc has quit [EOF from client]
21:23:21 -!- Camail has quit [Signed off]
22:38:18 -!- DoT` has quit [Ping timeout]
22:53:06 -!- Rawr|Fone has quit [Read error: Connection reset by peer]
