00:03:30 -!- tredc has quit [Signed off]
00:08:41 -!- reification has quit [Signed off]
00:28:55 -!- Phearlock has quit [Ping timeout]
00:48:05 -!- Rawr|Fone has quit [Ping timeout]
01:33:54 -!- DoT` has quit [Ping timeout]
02:09:32 -!- Crisium has quit [Signed off]
08:01:13 -!- DuB` has quit [Signed off]
09:05:01 -!- DoT` has quit [Ping timeout]
09:27:33 -!- Rawr|Fone has quit [Ping timeout]
11:34:40 -!- Cane has quit [Signed off]
13:48:47 -!- reification has quit [Ping timeout]
14:13:31 -!- DoT` has quit [Ping timeout]
14:22:14 -!- skrm has quit [Ping timeout]
16:45:08 -!- skrm has quit [Signed off]
18:21:51 -!- Westy543 has quit [Signed off]
18:32:08 -!- Zounds has quit [Ping timeout]
19:17:07 -!- Cane has quit [EOF from client]
19:18:04 -!- Rawr|Fone has quit [Ping timeout]
19:19:32 -!- Cane_ has quit [Read error: Connection reset by peer]
19:19:46 -!- Cane_ has quit [Registered]
19:21:37 -!- Cane_ has quit [Read error: Connection reset by peer]
19:44:46 -!- Cane__ has quit [Read error: Connection reset by peer]
19:47:17 -!- Cane_ has quit [Registered]
19:47:21 -!- Cane has quit [EOF from client]
19:50:09 -!- Cane_ has quit [EOF from client]
19:50:33 -!- Cane__ has quit [Registered]
19:55:33 -!- Cane__ has quit [EOF from client]
20:01:08 -!- Cane has quit [EOF from client]
20:01:24 -!- Cane has quit [Registered]
20:04:32 -!- Cane has quit [Read error: Connection reset by peer]
20:06:08 -!- Cane has quit [EOF from client]
20:09:19 -!- Cane has quit [Registered]
20:09:21 -!- Cane_ has quit [Read error: Connection reset by peer]
20:10:12 -!- Cane has quit [Read error: Connection reset by peer]
20:11:09 -!- Cane_ has quit [EOF from client]
20:11:15 -!- Cane__ has quit [Registered]
20:32:55 -!- Rawr|Fone has quit [Ping timeout]
21:50:17 -!- Golly has quit [Ping timeout]
22:01:47 -!- DoT` has quit [Ping timeout]
22:15:46 -!- skram has quit [Ping timeout]
22:56:49 -!- BioPhone has quit [EOF from client]
23:30:53 -!- Runbunny has quit [Signed off]
