00:32:09 -!- tredc has quit [Signed off]
00:55:25 -!- Golly has quit [Ping timeout]
02:27:25 -!- Rawr|Fone has quit [Ping timeout]
02:51:39 -!- Rawr|Fone has quit [Ping timeout]
02:55:39 -!- skram has quit [Ping timeout]
03:20:27 -!- DuB` has quit [Read error: Connection reset by peer]
04:14:11 -!- Crisium has quit [Signed off]
04:40:23 -!- DvB` has quit [Ping timeout]
05:04:00 -!- ShotgunPrincess has quit [Ping timeout]
05:18:14 -!- Dot` has quit [Ping timeout]
05:24:16 -!- Camail has quit [Signed off]
07:51:43 -!- DuB` has quit [Signed off]
11:26:44 -!- Phearlock has quit [EOF from client]
12:52:32 -!- skram has quit [Ping timeout]
12:54:36 -!- skraam has quit [Ping timeout]
15:43:31 -!- DoT|Phone has quit [Ping timeout]
15:44:53 -!- DoT|Phone1 has quit [Read error: Connection reset by peer]
16:24:27 -!- Rawr|Fone has quit [Ping timeout]
18:48:40 -!- Golly has quit [Ping timeout]
19:19:37 -!- Rawr|Fone has quit [Ping timeout]
19:33:51 -!- Rawr|Phone has quit [Read error: Connection reset by peer]
19:41:13 -!- DuB|fon has quit [Ping timeout]
19:43:18 -!- DuBphon has quit [EOF from client]
19:44:17 -!- DuB|fon has quit [Signed off]
21:04:29 -!- Crisium has quit [Ping timeout]
23:10:55 -!- Rawr|Fone has quit [Ping timeout]
23:24:09 -!- Dot` has quit [Ping timeout]
23:54:39 -!- reification has quit [Signed off]
