00:15:54 -!- BioPone has quit [EOF from client]
00:23:45 -!- tredc has quit [Signed off]
00:36:23 -!- reification has quit [Signed off]
01:03:22 -!- Golly has quit [Ping timeout]
01:37:24 -!- Rawr|Fone has quit [Ping timeout]
01:49:25 -!- Crisium has quit [Signed off]
02:01:34 -!- Camail has quit [Ping timeout]
02:13:33 -!- skrma has quit [Ping timeout]
02:20:39 -!- DoT` has quit [Ping timeout]
03:20:37 -!- DuB` has quit [Signed off]
04:25:44 -!- Rawr|Fone has quit [Ping timeout]
04:35:25 -!- Camail has quit [Signed off]
06:11:52 -!- DoT|Phone1 has quit [Ping timeout]
06:12:56 -!- Micen has quit [Read error: Connection reset by peer]
07:00:59 -!- Bio has quit [Read error: Connection reset by peer]
11:40:13 -!- Rawr|Fone has quit [Ping timeout]
11:53:10 -!- BioPhone has quit [Ping timeout]
12:08:01 -!- BioPone has quit [Read error: Connection reset by peer]
12:40:28 -!- Rawr|Fone has quit [Ping timeout]
12:47:13 -!- BioPhone has quit [EOF from client]
12:50:29 -!- BioPhone has quit [EOF from client]
13:13:40 -!- reification has quit [Ping timeout]
14:25:27 -!- Phearlock has quit [Ping timeout]
14:57:05 -!- Rawr|Fone has quit [Ping timeout]
15:17:05 -!- skram has quit [Ping timeout]
15:26:18 -!- DoT|Phone has quit [Read error: Connection reset by peer]
15:45:03 -!- BioPhone has quit [EOF from client]
15:46:54 -!- Rawr|Fone has quit [Ping timeout]
16:26:01 -!- DoT|Phone has quit [Read error: Connection reset by peer]
17:21:09 -!- Rawr|Fone has quit [Ping timeout]
17:42:06 -!- Rawr|Fone has quit [Ping timeout]
17:54:01 -!- BioPhone has quit [EOF from client]
17:56:25 -!- Rawr|Fone has quit [Ping timeout]
18:03:44 -!- BioPhone has quit [EOF from client]
19:34:50 -!- skram has quit [Signed off]
19:36:01 -!- Rawr|Fone has quit [Ping timeout]
19:47:50 -!- Rawr|Fone has quit [Ping timeout]
20:05:29 -!- Rawr|Phone has quit [Ping timeout]
20:18:43 -!- Phearlock has quit [Ping timeout]
20:47:39 -!- Rawr|Fone has quit [Ping timeout]
21:07:23 -!- BioPhone has quit [Ping timeout]
21:11:57 -!- BioPone has quit [Read error: Connection reset by peer]
21:19:48 -!- DuB|fon has quit [Signed off]
21:29:03 -!- Rawr|Fone has quit [Ping timeout]
21:36:33 -!- Zounds has quit [Signed off]
22:31:46 -!- Rawr|Fone has quit [Ping timeout]
22:51:14 -!- Golly has quit [Ping timeout]
22:55:33 -!- carcinisation has quit [Signed off]
22:55:57 -!- Runbunny has quit [Signed off]
