00:05:53 -!- tredc has quit [Signed off]
00:07:43 -!- DoT|Phone has quit [Ping timeout]
00:20:30 -!- Rawr|Fone has quit [Ping timeout]
01:44:37 -!- Phearlock has quit [Ping timeout]
02:54:17 -!- skrma has quit [Ping timeout]
03:13:39 -!- Rawr|Fone has quit [Ping timeout]
05:15:10 -!- DuB` has quit [Signed off]
05:56:30 -!- Rawr|Fone has quit [Ping timeout]
09:30:58 -!- Rawr|Fone has quit [Ping timeout]
10:05:17 -!- DoT|Phone has quit [Read error: Connection reset by peer]
10:08:13 -!- methos has quit [Ping timeout]
10:18:54 -!- Rawr|Fone has quit [Ping timeout]
10:33:16 -!- Rawr|Fone has quit [Ping timeout]
12:04:33 -!- Cane has quit [Signed off]
12:06:06 -!- skram has quit [Ping timeout]
15:02:17 -!- Runbunny has quit [Signed off]
16:03:01 -!- skram has quit [Signed off]
16:05:06 -!- BioPone has quit [Signed off]
17:47:31 -!- Crisium has quit [Signed off]
18:50:19 -!- reification has quit [Signed off]
19:01:25 -!- DoT` has quit [Signed off]
19:04:34 -!- Rawr|Fone has quit [Read error: Connection reset by peer]
19:13:48 -!- Rawr|Fone has quit [Ping timeout]
20:04:06 -!- Rawr|Fone has quit [Ping timeout]
20:50:13 -!- Golly has quit [Ping timeout]
21:02:12 -!- Rawr|Fone has quit [Ping timeout]
21:43:26 -!- Rawr|Fone has quit [Ping timeout]
22:17:44 -!- Rawr|Fone has quit [Ping timeout]
23:07:43 -!- Rawr|Fone has quit [Ping timeout]
23:17:44 -!- Golly has quit [Ping timeout]
23:22:21 -!- Runbunny has quit [Signed off]
23:32:08 -!- tredc has quit [Signed off]
23:44:06 -!- reification has quit [Signed off]
