00:36:13 -!- Zounds has quit [Signed off]
00:46:26 -!- reification has quit [Ping timeout]
01:58:31 -!- Dot` has quit [Ping timeout]
01:59:33 -!- Crisium has quit [Signed off]
04:07:09 -!- skram has quit [Ping timeout]
05:24:24 -!- Camail has quit [Signed off]
07:02:32 -!- DoT|Phone has quit [Ping timeout]
07:32:40 -!- DuB` has quit [Signed off]
10:37:23 -!- Rawr|Fone has quit [Ping timeout]
10:49:33 -!- Golly has quit [Ping timeout]
11:38:46 -!- Runbunny has quit [Signed off]
13:07:20 -!- BioPhone has quit [Read error: Connection reset by peer]
13:14:03 -!- BioPone has quit [Ping timeout]
13:31:02 -!- Bio_HoN has quit [Signed off]
13:33:17 -!- BioPone has quit [Ping timeout]
13:49:43 -!- Micen|Droid has quit [Ping timeout]
13:59:46 -!- Micen|Droid_ has quit [Ping timeout]
14:20:24 -!- motbob has quit [*.net *.split]
14:20:24 -!- Emily has quit [*.net *.split]
14:20:24 -!- BioSleep has quit [*.net *.split]
14:20:24 -!- BioPhone has quit [*.net *.split]
14:20:24 -!- skram has quit [*.net *.split]
14:20:24 -!- reification has quit [*.net *.split]
14:20:24 -!- Q has quit [*.net *.split]
14:20:24 -!- cmc has quit [*.net *.split]
14:20:24 -!- Rawr|Fone has quit [*.net *.split]
14:20:24 -!- Micen has quit [*.net *.split]
14:20:24 -!- Runbunny has quit [*.net *.split]
14:20:24 -!- Micen|Droid has quit [*.net *.split]
14:20:24 -!- ShotgunPrincess has quit [*.net *.split]
14:20:24 -!- DoT|Phone1 has quit [*.net *.split]
14:20:24 -!- CockRoach|42 has quit [*.net *.split]
14:20:24 -!- tredc has quit [*.net *.split]
14:20:24 -!- Cane has quit [*.net *.split]
14:57:44 -!- BioPhone has quit [EOF from client]
15:02:29 -!- Micen|Droid_ has quit [Read error: Connection reset by peer]
15:04:08 -!- Micen|Droid has quit [Ping timeout]
15:09:28 -!- DoT|Phone1 has quit [Ping timeout]
15:17:29 -!- BioPhone has quit [EOF from client]
15:40:07 -!- Camail has quit [Ping timeout]
15:40:21 -!- DoT|Phone has quit [Read error: Connection reset by peer]
15:44:17 -!- Dot` has quit [Signed off]
16:02:16 -!- skram has quit [Ping timeout]
16:21:34 -!- Rawr|Fone has quit [Ping timeout]
16:22:21 -!- DoT|Phone1 has quit [Ping timeout]
16:34:17 -!- Dot` has quit [Ping timeout]
16:57:17 -!- DoT|Phone has quit [Ping timeout]
17:41:49 -!- BioSleep has quit [Ping timeout]
18:07:21 -!- BioPhone has quit [EOF from client]
18:20:24 -!- BioPhone has quit [EOF from client]
18:40:18 -!- BioPhone has quit [EOF from client]
18:48:52 -!- Rawr|Phone has quit [Read error: Connection reset by peer]
21:43:10 -!- BioPhone has quit [Read error: Connection reset by peer]
22:35:42 -!- Golly has quit [Ping timeout]
23:01:42 -!- Zounds has quit [Signed off]
23:24:23 -!- reification has quit [Signed off]
23:41:31 -!- tredc has quit [Signed off]
