00:05:02 -!- carcinisation has quit [Signed off]
01:16:25 -!- Rawr|Fone has quit [Ping timeout]
01:51:42 -!- Dot` has quit [Ping timeout]
02:07:52 -!- Rawr|Fone has quit [Ping timeout]
02:12:15 -!- Crisium has quit [Signed off]
04:01:48 -!- Rawr|Fone has quit [Ping timeout]
04:07:57 -!- DuB` has quit [Signed off]
04:22:51 -!- skram has quit [Ping timeout]
04:43:58 -!- Rawr|Fone has quit [Ping timeout]
04:54:29 -!- DoT|Phone has quit [Ping timeout]
05:12:49 -!- DoT|Phone1 has quit [Ping timeout]
05:32:59 -!- DoT|Phone has quit [Ping timeout]
05:33:29 -!- Camail has quit [Signed off]
06:31:19 -!- DoT|Phone1 has quit [Ping timeout]
06:33:24 -!- DoT|Phone has quit [Ping timeout]
06:36:48 -!- DoT|Phone2 has quit [Ping timeout]
06:38:42 -!- DoT|Phone1 has quit [Ping timeout]
06:42:29 -!- DoT|Phone3 has quit [Ping timeout]
06:49:10 -!- DoT|Phone has quit [Ping timeout]
07:02:54 -!- DoT|Phone1 has quit [Ping timeout]
07:21:42 -!- DoT|Phone1 has quit [Read error: Connection reset by peer]
07:21:53 -!- DoT|Phone has quit [Ping timeout]
07:26:38 -!- DoT|Phone2 has quit [Read error: Connection reset by peer]
07:29:39 -!- DoT|Phone has quit [Read error: Connection reset by peer]
07:40:44 -!- DoT|Phone has quit [Read error: Connection reset by peer]
07:43:53 -!- DoT|Phone1 has quit [Ping timeout]
07:50:59 -!- Rawr|Fone has quit [Ping timeout]
07:53:51 -!- DoT|Phone has quit [Ping timeout]
07:59:17 -!- DoT|Phone1 has quit [Ping timeout]
08:02:45 -!- DoT|Phone has quit [Read error: Connection reset by peer]
08:20:27 -!- DoT|Phone1 has quit [Read error: Connection reset by peer]
08:30:22 -!- BioPhone has quit [EOF from client]
08:53:36 -!- DoT|Phone has quit [Ping timeout]
09:00:18 -!- DoT|Phone1 has quit [Ping timeout]
09:07:23 -!- DoT|Phone has quit [Read error: Connection reset by peer]
09:28:23 -!- DoT|Phone1 has quit [Ping timeout]
09:33:10 -!- DoT|Phone has quit [Ping timeout]
09:45:50 -!- DoT|Phone2 has quit [Ping timeout]
10:45:29 -!- Rawr|Fone has quit [Ping timeout]
10:55:19 -!- Rawr|Fone has quit [Ping timeout]
12:16:24 -!- BioPhone has quit [Read error: Connection reset by peer]
12:34:18 -!- BioPone has quit [Ping timeout]
14:48:36 -!- BioPhone has quit [EOF from client]
15:38:05 -!- DoT|Phone has quit [Read error: Connection reset by peer]
15:41:56 -!- DoT|Phone has quit [Read error: Connection reset by peer]
15:43:49 -!- DoT|Phone1 has quit [Read error: Connection reset by peer]
16:50:07 -!- BioPhone has quit [EOF from client]
17:09:55 -!- DoT|Phone has quit [EOF from client]
18:28:47 -!- Rawr|Fone has quit [Ping timeout]
18:58:01 -!- Rawr|Fone has quit [Ping timeout]
19:34:15 -!- DoT|Phone has quit [Ping timeout]
20:25:31 -!- DoT|Phone1 has quit [Read error: Connection reset by peer]
20:48:30 -!- Golly has quit [Ping timeout]
21:14:33 -!- BioPhone has quit [Read error: Connection reset by peer]
21:19:37 -!- Rawr|Phone has quit [Read error: Connection reset by peer]
21:31:51 -!- Rawr|Fone has quit [Ping timeout]
21:34:04 -!- BioPone has quit [EOF from client]
22:12:28 -!- DoT|Phone has quit [Ping timeout]
22:23:25 -!- Rawr|Fone has quit [Ping timeout]
22:31:24 -!- Rawr|Fone has quit [Ping timeout]
22:50:30 -!- tredc has quit [Signed off]
23:02:58 -!- reification has quit [Signed off]
23:07:03 -!- DoT|Phone1 has quit [Ping timeout]
23:07:06 -!- DoT|Phone has quit [Read error: Connection reset by peer]
23:13:35 -!- DoT|Phone has quit [Read error: Connection reset by peer]
23:46:31 -!- Runbunny has quit [Signed off]
23:55:48 -!- DoT|Phone1 has quit [Ping timeout]
