00:07:05 -!- tredc has quit [Signed off]
02:17:06 -!- Crisium has quit [Read error: Connection reset by peer]
02:38:57 -!- skram has quit [Ping timeout]
04:26:49 -!- Dot` has quit [Ping timeout]
04:28:41 -!- DuB` has quit [Signed off]
05:34:03 -!- Camail has quit [Signed off]
08:28:20 -!- Dot` has quit [Ping timeout]
11:45:47 -!- Rawr|Fone has quit [Ping timeout]
11:57:48 -!- BioPone has quit [Read error: Connection reset by peer]
12:31:19 -!- BioPone has quit [EOF from client]
12:39:23 -!- BioPone has quit [EOF from client]
13:51:31 -!- Rawr|Phone has quit [Ping timeout]
14:29:47 -!- Rawr|Fone has quit [Ping timeout]
14:40:33 -!- reification has quit [Ping timeout]
14:58:04 -!- BioPhone has quit [EOF from client]
15:05:02 -!- BioPhone has quit [EOF from client]
15:47:18 -!- Rawr|Fone has quit [Ping timeout]
16:16:45 -!- BioPhone has quit [EOF from client]
16:40:29 -!- Zounds has quit [Ping timeout]
19:00:02 -!- skram has quit [Signed off]
19:02:23 -!- Golly has quit [Ping timeout]
19:49:40 -!- Rawr|Phone has quit [Ping timeout]
20:06:16 -!- BioPhone has quit [EOF from client]
20:20:17 -!- Rawr|Fone has quit [Ping timeout]
20:23:21 -!- BioPhone has quit [Ping timeout]
20:30:37 -!- Camail has quit [Read error: Connection reset by peer]
20:44:25 -!- BioPone has quit [Read error: Connection reset by peer]
21:48:34 -!- Rawr|Fone has quit [Ping timeout]
22:03:00 -!- Zounds has quit [Ping timeout]
22:48:39 -!- Zounds has quit [Signed off]
23:01:35 -!- Cane has quit [Signed off]
23:11:20 -!- Golly has quit [Signed off]
23:13:10 -!- Runbunny has quit [Signed off]
23:22:31 -!- Rawr|Fone has quit [Signed off]
23:41:09 -!- reification has quit [Signed off]
