00:15:02 -!- tredc has quit [Signed off]
00:22:11 -!- Runbunny has quit [Signed off]
00:37:53 -!- Rawr|Fone has quit [Ping timeout]
00:44:25 -!- carcinisation has quit [Ping timeout]
01:08:09 -!- BioPhone has quit [EOF from client]
01:53:40 -!- Rawr|Fone has quit [Ping timeout]
02:35:39 -!- skrma has quit [Ping timeout]
03:52:07 -!- DuB` has quit [Signed off]
03:52:34 -!- Dot` has quit [Ping timeout]
04:38:06 -!- Rawr|Fone has quit [Ping timeout]
05:08:20 -!- Micen has quit [Ping timeout]
05:26:33 -!- Rawr|Fone has quit [Ping timeout]
05:29:09 -!- Camail_ has quit [Signed off]
05:33:01 -!- Camail has quit [Ping timeout]
06:55:09 -!- Rawr|Fone has quit [Ping timeout]
08:08:08 -!- Rawr|Fone has quit [Ping timeout]
09:09:58 -!- Rawr|Fone has quit [Ping timeout]
09:22:45 -!- Rawr|Fone has quit [Ping timeout]
11:15:53 -!- BioPhone has quit [Read error: Connection reset by peer]
11:25:47 -!- Rawr|Fone has quit [Ping timeout]
12:11:38 -!- BioPone has quit [Ping timeout]
14:25:59 -!- Golly has quit [Ping timeout]
14:28:20 -!- Rawr|Fone has quit [Ping timeout]
15:50:54 -!- Golly has quit [Ping timeout]
16:05:27 -!- Rawr|Fone has quit [Ping timeout]
16:12:12 -!- Rawr|Fone has quit [Ping timeout]
16:23:01 -!- Cane has quit [Signed off]
16:49:17 -!- Golly has quit [Ping timeout]
17:49:13 -!- Golly has quit [Ping timeout]
18:02:57 -!- reification has quit [Ping timeout]
18:35:29 -!- Rawr|Fone has quit [Ping timeout]
18:49:10 -!- Golly has quit [Ping timeout]
18:56:22 -!- Rawr|Phone has quit [Ping timeout]
19:23:07 -!- Rawr|Fone has quit [Ping timeout]
19:38:58 -!- Rawr|Fone has quit [Ping timeout]
20:22:38 -!- Rawr|Fone has quit [Ping timeout]
20:25:59 -!- DuB|fon has quit [EOF from client]
20:38:12 -!- DuB|fon has quit [EOF from client]
20:45:38 -!- Rawr|Fone has quit [Ping timeout]
20:47:52 -!- BioPone has quit [Ping timeout]
21:21:54 -!- Rawr|Fone has quit [Ping timeout]
21:43:16 -!- DuB|fon has quit [EOF from client]
22:11:19 -!- skram has quit [Ping timeout]
22:16:05 -!- DuB|fon has quit [Ping timeout]
22:18:21 -!- Rawr|Fone has quit [Ping timeout]
22:34:52 -!- Rawr|Fone has quit [Ping timeout]
23:02:06 -!- reification has quit [Signed off]
23:03:57 -!- Rawr|Fone has quit [Ping timeout]
23:10:53 -!- Runbunny has quit [Signed off]
23:18:24 -!- Rawr|Fone has quit [Ping timeout]
23:41:07 -!- tredc has quit [Signed off]
