00:08:00 -!- DoT|Phone has quit [Ping timeout]
00:08:01 -!- tredc has quit [Signed off]
00:31:16 -!- Rawr|Fone has quit [Ping timeout]
00:33:21 -!- Phearlock has quit [Ping timeout]
02:09:19 -!- Crisium has quit [Signed off]
02:51:25 -!- Micen|Droid has quit [Ping timeout]
02:52:45 -!- Micen|Droid_ has quit [Read error: Connection reset by peer]
03:12:33 -!- Camail has quit [Signed off]
07:11:56 -!- DoT|Phone has quit [Ping timeout]
09:53:50 -!- Rawr|Fone has quit [Ping timeout]
11:03:27 -!- Micen|Droid has quit [Ping timeout]
12:36:53 -!- reification has quit [Ping timeout]
12:36:53 -!- BioPone has quit [Read error: Connection reset by peer]
13:24:07 -!- BioPone has quit [EOF from client]
13:48:29 -!- Rawr|Phone has quit [Ping timeout]
14:05:29 -!- Rawr|Fone has quit [Ping timeout]
15:04:02 -!- DoT|Phone1 has quit [Read error: Connection reset by peer]
16:18:19 -!- Rawr|Fone has quit [Ping timeout]
18:47:32 -!- skram has quit [Ping timeout]
19:55:20 -!- Golly has quit [Ping timeout]
21:19:19 -!- BioPone has quit [Read error: Connection reset by peer]
21:27:32 -!- skraam has quit [Ping timeout]
21:35:19 -!- BioPone has quit [EOF from client]
22:03:39 -!- Rawr|Phone has quit [Read error: Connection reset by peer]
22:29:09 -!- skram has quit [Ping timeout]
22:50:42 -!- Zounds has quit [Signed off]
23:37:19 -!- Rawr|Fone has quit [Ping timeout]
23:58:13 -!- reification has quit [Signed off]
