00:25:22 -!- DoT` has quit [Ping timeout]
01:00:58 -!- DoT` has quit [Signed off]
02:03:10 -!- Crisium has quit [Signed off]
02:47:25 -!- Cane has quit [*.net *.split]
02:47:25 -!- CockRoach|42 has quit [*.net *.split]
03:47:05 -!- Rawr|Fone has quit [Ping timeout]
04:19:37 -!- Raelcun_ has quit [Read error: Connection reset by peer]
06:49:27 -!- Camail has quit [Read error: Connection reset by peer]
07:10:41 -!- DoT|Phone has quit [Ping timeout]
07:23:04 -!- Rawr|Fone has quit [Ping timeout]
07:28:22 -!- DuB` has quit [Signed off]
09:51:28 -!- Rawr|Phone has quit [Ping timeout]
10:51:35 -!- reification has quit [Ping timeout]
11:02:26 -!- Rawr|Fone has quit [Ping timeout]
11:30:05 -!- reification has quit [Ping timeout]
12:17:35 -!- carcinisation has quit [Ping timeout]
13:33:35 -!- DoT|Phone1 has quit [Read error: Connection reset by peer]
13:45:46 -!- DoT|Phone has quit [Ping timeout]
13:53:41 -!- Rawr|Phone has quit [Ping timeout]
14:02:34 -!- DoT|Phone1 has quit [EOF from client]
14:15:01 -!- DoT|Phone has quit [Ping timeout]
16:51:15 -!- skrm has quit [Signed off]
17:22:27 -!- Rawr|Fone has quit [Ping timeout]
17:42:54 -!- Rawr|Phone has quit [Ping timeout]
17:48:57 -!- skram has quit [Ping timeout]
17:57:16 -!- DoT` has quit [Ping timeout]
17:57:37 -!- Rawr|Fone has quit [Ping timeout]
19:21:25 -!- Golly has quit [Ping timeout]
19:52:19 -!- Camail has quit [Signed off]
20:35:27 -!- skraam has quit [Signed off]
20:50:16 -!- Dot has quit [Signed off]
21:00:22 -!- DoT` has quit [Ping timeout]
21:02:12 -!- DoT|Phone has quit [Ping timeout]
22:43:16 -!- Rawr|Phone has quit [Ping timeout]
23:11:07 -!- Rawr|Fone has quit [Ping timeout]
23:35:22 -!- tredc has quit [Signed off]
23:40:43 -!- Crisium has quit [Signed off]
23:46:41 -!- Zounds has quit [Signed off]
23:50:52 -!- Runbunny has quit [Signed off]
23:57:22 -!- reification has quit [Signed off]
