00:46:52 -!- tredc has quit [Signed off]
00:47:27 -!- carcinisation has quit [Signed off]
01:33:24 -!- BioPhone has quit [EOF from client]
02:47:51 -!- Micen has quit [Read error: Connection reset by peer]
02:50:30 -!- Cane has quit [Signed off]
03:19:23 -!- BioPhone has quit [EOF from client]
03:40:04 -!- Dot|Phone has quit [Signed off]
03:47:01 -!- Crisium has quit [Signed off]
04:35:00 -!- skram has quit [Ping timeout]
05:52:08 -!- BioPhone has quit [Read error: Connection reset by peer]
07:20:04 -!- Dot|Phone has quit [Signed off]
10:25:55 -!- Rawr|Fone has quit [Ping timeout]
12:12:00 -!- Runbunny has quit [Signed off]
13:05:12 -!- BioPone has quit [Ping timeout]
13:17:24 -!- skram has quit [Ping timeout]
13:39:42 -!- Rial has quit [Signed off]
15:30:49 -!- BioPone has quit [EOF from client]
16:01:05 -!- BioPone has quit [EOF from client]
16:06:03 -!- reification has quit [Ping timeout]
16:24:30 -!- BioPone has quit [EOF from client]
16:33:03 -!- carcinisation has quit [Ping timeout]
17:08:33 -!- BioPone has quit [Read error: Connection reset by peer]
17:27:03 -!- reimeuk has quit [Ping timeout]
17:35:33 -!- carcinisation has quit [Ping timeout]
17:51:44 -!- BioPone has quit [EOF from client]
18:39:49 -!- Rawr|Fone has quit [Ping timeout]
18:49:45 -!- Rawr|Phone has quit [Ping timeout]
18:52:53 -!- BioPone has quit [EOF from client]
21:19:29 -!- BioPone has quit [Ping timeout]
21:36:25 -!- Golly has quit [Ping timeout]
21:45:14 -!- DuB` has quit [Ping timeout]
21:45:55 -!- Runbunny has quit [Signed off]
22:01:36 -!- skrm has quit [Signed off]
23:06:01 -!- reification has quit [Signed off]
23:09:48 -!- BioPone has quit [EOF from client]
