00:28:22 -!- reification has quit [Ping timeout]
00:51:52 -!- carcinisation has quit [Ping timeout]
01:10:52 -!- reification has quit [Signed off]
01:11:49 -!- Rawr|Fone has quit [Ping timeout]
01:17:40 -!- tredc has quit [Signed off]
02:43:55 -!- Runbunny has quit [Signed off]
02:56:55 -!- Rawr|Fone has quit [Ping timeout]
03:33:40 -!- Crisium has quit [Signed off]
03:49:56 -!- Micen has quit [Read error: Connection reset by peer]
04:55:50 -!- Cane has quit [Signed off]
05:19:31 -!- DuB` has quit [Signed off]
05:48:37 -!- Rawr|Fone has quit [Ping timeout]
06:01:27 -!- Dot` has quit [Ping timeout]
06:05:48 -!- Camail has quit [Signed off]
09:11:55 -!- Rawr|Fone has quit [Ping timeout]
10:56:32 -!- Rawr|Fone has quit [Ping timeout]
11:13:06 -!- Rawr|Fone has quit [Ping timeout]
12:37:39 -!- reification has quit [Ping timeout]
14:13:54 -!- Rawr|Fone has quit [Ping timeout]
15:21:39 -!- carcinisation has quit [Ping timeout]
16:36:14 -!- Rawr|Fone has quit [Ping timeout]
17:04:47 -!- Rawr|Phone has quit [Ping timeout]
17:27:46 -!- Camail_Phone has quit [Signed off]
17:28:21 -!- BioPhone has quit [Ping timeout]
17:42:31 -!- BioPhone has quit [Ping timeout]
18:12:35 -!- BioPhone has quit [EOF from client]
18:48:53 -!- BioPhone has quit [Read error: Connection reset by peer]
18:55:03 -!- BioPhone has quit [Ping timeout]
19:01:46 -!- Golly has quit [Ping timeout]
19:13:45 -!- skram has quit [Ping timeout]
20:43:37 -!- Crisium has quit [Ping timeout]
21:07:07 -!- Rawr|Fone has quit [Ping timeout]
21:37:23 -!- Rawr|Phone has quit [Ping timeout]
21:52:15 -!- Rawr|Fone has quit [Ping timeout]
22:42:32 -!- Rawr|Fone has quit [Ping timeout]
23:13:11 -!- Rawr|Fone has quit [Ping timeout]
23:58:09 -!- reification has quit [Ping timeout]
