00:06:15 -!- Golly has quit [Ping timeout]
00:20:13 -!- Micen has quit [Read error: Connection reset by peer]
00:46:12 -!- reification has quit [Signed off]
01:05:43 -!- Rawr|Fone has quit [Ping timeout]
02:24:14 -!- tredc has quit [Signed off]
02:30:52 -!- Rawr|Fone has quit [Ping timeout]
02:51:15 -!- Crisium has quit [Ping timeout]
03:05:38 -!- Zounds has quit [Signed off]
05:13:49 -!- Dot` has quit [Ping timeout]
05:19:52 -!- Crisium has quit [Signed off]
05:22:17 -!- CrisPone has quit [Signed off]
05:31:56 -!- Micen has quit [Ping timeout]
05:46:16 -!- Rawr|Fone has quit [Ping timeout]
05:59:26 -!- Rawr|Fone has quit [Ping timeout]
06:01:30 -!- skrm has quit [Ping timeout]
06:22:15 -!- DuB` has quit [Signed off]
06:29:06 -!- Rawr|Fone has quit [Ping timeout]
06:33:28 -!- skram has quit [Ping timeout]
06:51:19 -!- Camail has quit [Signed off]
07:37:41 -!- Rawr|Fone has quit [Ping timeout]
10:05:37 -!- Rawr|Fone has quit [Ping timeout]
10:30:19 -!- Rawr|Fone has quit [Ping timeout]
11:54:24 -!- Dot` has quit [Ping timeout]
12:20:18 -!- Cane has quit [Signed off]
12:32:52 -!- Cane has quit [Read error: Connection reset by peer]
12:33:48 -!- Runbunny has quit [Signed off]
15:08:31 -!- Rawr|Fone has quit [Ping timeout]
15:39:00 -!- Rawr|Fone has quit [Ping timeout]
15:49:58 -!- Rawr|Fone has quit [Ping timeout]
16:09:14 -!- Rawr|Fone has quit [Ping timeout]
17:22:16 -!- skram has quit [Ping timeout]
17:39:47 -!- Rawr|Fone has quit [Ping timeout]
17:56:24 -!- Rawr|Fone has quit [Ping timeout]
18:16:14 -!- Rawr|Fone has quit [Ping timeout]
18:33:21 -!- Rawr|Phone has quit [Ping timeout]
19:18:35 -!- Rawr|Fone has quit [Ping timeout]
20:08:39 -!- Rawr|Fone has quit [Ping timeout]
20:14:16 -!- Dot|Phone has quit [Signed off]
21:05:45 -!- Rawr|Fone has quit [Ping timeout]
21:12:51 -!- Crisium has quit [Ping timeout]
21:19:32 -!- Golly has quit [Ping timeout]
22:26:13 -!- Rawr|Fone has quit [Ping timeout]
22:34:27 -!- Rawr|Fone has quit [Ping timeout]
22:50:50 -!- Zounds has quit [Signed off]
23:00:52 -!- Rawr|Fone has quit [Ping timeout]
23:19:36 -!- Cane has quit [Read error: Connection reset by peer]
