00:05:18 -!- Micen_ has quit [Read error: Connection reset by peer]
00:33:46 -!- Rawr|Fone has quit [Ping timeout]
00:44:44 -!- Zounds has quit [Ping timeout]
00:56:38 -!- tredc has quit [Signed off]
01:31:40 -!- Dot|Phone has quit [Signed off]
01:37:26 -!- CrisPone has quit [Signed off]
02:16:35 -!- Rawr|Fone has quit [Ping timeout]
03:11:47 -!- Rawr|Fone has quit [Ping timeout]
03:16:55 -!- skram has quit [Ping timeout]
03:17:18 -!- Camail has quit [Signed off]
03:24:31 -!- Bio has quit [Read error: Connection reset by peer]
04:44:07 -!- Rawr|Fone has quit [Ping timeout]
04:48:11 -!- Westy543 has quit [Signed off]
05:41:09 -!- Rawr|Fone has quit [Ping timeout]
06:26:18 -!- Rawr|Fone has quit [Ping timeout]
06:35:00 -!- Cane has quit [Signed off]
09:23:28 -!- DuB` has quit [Signed off]
10:17:43 -!- Dot|Phone has quit [Signed off]
10:41:41 -!- Dot` has quit [Ping timeout]
17:38:50 -!- Rawr|Phone has quit [Read error: Connection reset by peer]
17:48:04 -!- Rawr|Fone has quit [Ping timeout]
18:28:13 -!- Crisium has quit [Signed off]
18:44:20 -!- Rawr|Fone has quit [Ping timeout]
18:54:54 -!- Emily has quit [Ping timeout]
19:01:54 -!- Rawr|Fone has quit [Ping timeout]
19:56:05 -!- Crisium has quit [Signed off]
20:18:37 -!- Rawr|Fone has quit [Ping timeout]
20:31:37 -!- CrisPone has quit [Signed off]
20:59:24 -!- Rawr|Fone has quit [Ping timeout]
21:09:53 -!- Rawr|Fone has quit [Ping timeout]
22:21:13 -!- Rawr|Fone has quit [Ping timeout]
22:23:09 -!- Golly has quit [Ping timeout]
23:53:39 -!- Crisium has quit [Ping timeout]
23:59:40 -!- Rawr|Fone has quit [Ping timeout]
