00:47:08 -!- tredc has quit [Signed off]
01:03:38 -!- Rawr|Fone has quit [Ping timeout]
01:09:31 -!- Golly has quit [Ping timeout]
01:22:07 -!- Micen has quit [Read error: Connection reset by peer]
01:30:01 -!- skram has quit [Ping timeout]
01:35:14 -!- reification has quit [Signed off]
02:03:28 -!- Runbunny has quit [Signed off]
02:16:47 -!- Zounds has quit [Ping timeout]
03:09:39 -!- Rawr|Fone has quit [Ping timeout]
04:09:36 -!- Crisium has quit [Signed off]
05:38:59 -!- Rawr|Fone has quit [Ping timeout]
07:20:43 -!- Rawr|Fone has quit [Ping timeout]
07:54:06 -!- DuB` has quit [Signed off]
09:01:39 -!- Rawr|Fone has quit [Ping timeout]
09:14:19 -!- skram has quit [Ping timeout]
09:27:00 -!- Dot` has quit [Signed off]
10:25:44 -!- Rawr|Fone has quit [Ping timeout]
11:52:59 -!- Cane has quit [Signed off]
14:06:55 -!- reification has quit [Ping timeout]
15:04:32 -!- Rawr|Fone has quit [Ping timeout]
15:09:50 -!- Rawr|Phone has quit [Read error: Connection reset by peer]
15:16:04 -!- Rawr|Fone has quit [Ping timeout]
15:23:31 -!- Rawr|Fone has quit [Ping timeout]
15:38:31 -!- Rawr|Fone has quit [Ping timeout]
15:49:24 -!- Zounds has quit [Signed off]
15:59:12 -!- skraam has quit [Read error: Connection reset by peer]
16:04:36 -!- skram has quit [Ping timeout]
16:17:55 -!- carcinisation has quit [Ping timeout]
18:25:30 -!- Rawr|Fone has quit [Ping timeout]
19:00:48 -!- Rawr|Fone has quit [Ping timeout]
20:08:19 -!- Rawr|Fone has quit [Ping timeout]
20:31:15 -!- Rawr|Fone has quit [Ping timeout]
21:42:53 -!- Rawr|Fone has quit [Ping timeout]
