00:20:53 -!- Rawr|Fone has quit [Ping timeout]
00:39:35 -!- Crisium has quit [Ping timeout]
00:57:24 -!- Crisium|2 has quit [Ping timeout]
00:59:25 -!- Rawr|Fone has quit [Ping timeout]
02:13:48 -!- Rawr|Fone has quit [Ping timeout]
02:33:58 -!- DuB` has quit [Signed off]
03:17:45 -!- DoT` has quit [Ping timeout]
04:19:29 -!- Crisium has quit [Signed off]
04:30:39 -!- Rawr|Fone has quit [Ping timeout]
04:40:24 -!- skrm has quit [Signed off]
04:42:56 -!- Camail has quit [Signed off]
04:49:27 -!- Rawr|Fone has quit [Ping timeout]
05:39:40 -!- Rawr|Fone has quit [Ping timeout]
06:28:21 -!- Rawr|Fone has quit [Ping timeout]
06:45:19 -!- skram has quit [Ping timeout]
07:20:34 -!- DoT|Phone has quit [Ping timeout]
07:31:30 -!- Rawr|Fone has quit [Ping timeout]
08:05:23 -!- Westy543 has quit [Signed off]
08:22:47 -!- reification has quit [Ping timeout]
08:37:39 -!- DoT|Phone1 has quit [EOF from client]
09:21:26 -!- DoT|Phone has quit [Ping timeout]
09:30:11 -!- carcinisation has quit [Read error: Connection reset by peer]
09:51:02 -!- Rawr|Fone has quit [Ping timeout]
10:07:23 -!- DoT|Phone1 has quit [Ping timeout]
10:25:42 -!- Rawr|Fone has quit [Ping timeout]
11:12:33 -!- DuB|fon has quit [Read error: Connection reset by peer]
11:15:43 -!- DuBphon has quit [Read error: Connection reset by peer]
11:30:21 -!- DuBphon has quit [Read error: Connection reset by peer]
12:00:02 -!- DuBfon has quit [Read error: Connection reset by peer]
12:00:32 -!- Rawr|Fone has quit [Ping timeout]
12:30:37 -!- DuBphon has quit [Read error: Connection reset by peer]
12:43:07 -!- Rawr|Fone has quit [Ping timeout]
12:46:46 -!- DvBfon has quit [Read error: Connection reset by peer]
12:47:10 -!- DvBfon has quit [Read error: Connection reset by peer]
13:00:22 -!- DuBphon has quit [Signed off]
13:13:11 -!- Rawr|Fone has quit [Ping timeout]
13:49:10 -!- Rawr|Fone has quit [Ping timeout]
14:08:45 -!- Rawr|Fone has quit [Ping timeout]
14:19:03 -!- skram has quit [Ping timeout]
14:21:23 -!- DoT|Phone has quit [Ping timeout]
14:46:51 -!- Rawr|Fone has quit [Ping timeout]
15:12:39 -!- DoT|Phone1 has quit [Ping timeout]
15:26:32 -!- Rawr|Fone has quit [Ping timeout]
16:25:26 -!- Rawr|Fone has quit [Ping timeout]
16:42:59 -!- DoT|Phone has quit [Read error: Connection reset by peer]
16:45:53 -!- Rawr|Fone has quit [Ping timeout]
17:36:51 -!- Rawr|Fone has quit [Ping timeout]
18:25:05 -!- Rawr|Fone has quit [Ping timeout]
18:48:37 -!- Rawr|Fone has quit [Ping timeout]
19:08:22 -!- Rawr|Fone has quit [Ping timeout]
19:34:01 -!- Rawr|Fone has quit [Ping timeout]
19:40:43 -!- reification has quit [Ping timeout]
19:45:13 -!- carcinisation has quit [Ping timeout]
20:01:47 -!- Rawr|Fone has quit [Ping timeout]
20:16:59 -!- skram has quit [Ping timeout]
20:26:13 -!- reification has quit [Ping timeout]
20:51:47 -!- Rawr|Fone has quit [Ping timeout]
21:05:46 -!- Rawr|Fone has quit [Ping timeout]
21:14:06 -!- Rawr|Fone has quit [Ping timeout]
21:27:06 -!- Rawr|Fone has quit [Ping timeout]
21:28:12 -!- DuB|fon has quit [Read error: Connection reset by peer]
21:39:55 -!- Rawr|Fone has quit [Ping timeout]
21:41:10 -!- Runbunny has quit [Signed off]
21:48:12 -!- DuBphon has quit [Read error: Connection reset by peer]
22:08:33 -!- Rawr|Fone has quit [Ping timeout]
22:15:00 -!- Rawr|Fone has quit [Ping timeout]
22:15:44 -!- Phearlock has quit [Ping timeout]
22:29:32 -!- Rawr|Fone has quit [Ping timeout]
22:37:07 -!- Rawr|Fone has quit [Ping timeout]
22:49:44 -!- Cane has quit [Read error: Connection reset by peer]
22:49:50 -!- skrm has quit [Ping timeout]
22:50:06 -!- Zounds has quit [Ping timeout]
22:57:55 -!- carcinisation has quit [Signed off]
22:59:17 -!- DuBphon has quit [Signed off]
23:27:02 -!- Rawr|Fone has quit [Ping timeout]
23:35:01 -!- DoT` has quit [Ping timeout]
