00:08:07 -!- reification has quit [Signed off]
00:12:02 -!- Runbunny has quit [Signed off]
00:19:20 -!- BioPhone has quit [EOF from client]
00:31:59 -!- Rawr|Fone has quit [Ping timeout]
01:37:03 -!- skram has quit [Ping timeout]
01:38:42 -!- DoT|Phone1 has quit [Ping timeout]
01:46:29 -!- Rawr|Fone has quit [Ping timeout]
03:46:26 -!- Camail has quit [Signed off]
04:02:06 -!- BioPhone has quit [EOF from client]
04:03:50 -!- DuB` has quit [Signed off]
04:15:52 -!- Rawr|Fone has quit [Ping timeout]
04:34:14 -!- BioPhone has quit [EOF from client]
04:37:25 -!- Camail has quit [Signed off]
04:44:27 -!- Dot` has quit [Ping timeout]
05:26:37 -!- Rawr|Fone has quit [Ping timeout]
07:33:37 -!- DoT|Phone has quit [Ping timeout]
07:53:20 -!- Rawr|Fone has quit [Ping timeout]
08:03:30 -!- Rawr|Fone has quit [Ping timeout]
08:41:35 -!- Camail has quit [Signed off]
08:59:21 -!- DoT|Phone1 has quit [Ping timeout]
09:37:09 -!- DoT|Phone has quit [Ping timeout]
11:13:16 -!- DoT|Phone1 has quit [Ping timeout]
11:43:37 -!- Rawr|Fone has quit [Ping timeout]
12:19:47 -!- skram has quit [Read error: Connection reset by peer]
12:20:55 -!- Rawr|Fone has quit [Ping timeout]
12:25:57 -!- skram has quit [Ping timeout]
12:54:57 -!- Rawr|Fone has quit [Ping timeout]
13:16:17 -!- skrma has quit [Ping timeout]
14:15:41 -!- BioPhone has quit [EOF from client]
14:26:39 -!- BioPhone has quit [EOF from client]
15:02:15 -!- DoT|Phone has quit [Read error: Connection reset by peer]
15:14:42 -!- Rawr|Fone has quit [Ping timeout]
15:19:58 -!- DoT|Phone1 has quit [Read error: Connection reset by peer]
15:24:43 -!- DoT|Phone has quit [Read error: Connection reset by peer]
15:38:57 -!- DoT|Phone1 has quit [Ping timeout]
15:47:54 -!- Rawr|Phone has quit [Ping timeout]
15:53:53 -!- DoT|Phone has quit [Read error: Connection reset by peer]
16:20:00 -!- Rawr|Fone has quit [Ping timeout]
16:54:56 -!- reification has quit [Ping timeout]
17:02:56 -!- carcinisation has quit [Ping timeout]
17:25:33 -!- Rawr|Phone has quit [Ping timeout]
17:34:33 -!- BioPhone has quit [Ping timeout]
17:34:58 -!- BioPone has quit [EOF from client]
17:44:42 -!- BioPone has quit [Ping timeout]
21:08:56 -!- Golly has quit [Ping timeout]
21:24:44 -!- skram has quit [Ping timeout]
21:42:47 -!- Rawr|Fone has quit [Ping timeout]
21:44:10 -!- Rawr|Phone has quit [Ping timeout]
22:00:57 -!- Runbunny has quit [Signed off]
22:20:56 -!- reification has quit [Ping timeout]
22:28:56 -!- carcinisation has quit [Ping timeout]
22:44:56 -!- reimeuk has quit [Ping timeout]
23:24:14 -!- tredc has quit [Signed off]
23:38:39 -!- Rawr|Fone has quit [Ping timeout]
23:53:42 -!- Phearlock has quit [Ping timeout]
