00:04:24 -!- Phearlock has quit [Ping timeout]
00:05:48 -!- reification has quit [Signed off]
01:33:59 -!- Micen|Droid__ has quit [Ping timeout]
01:35:18 -!- Crisium has quit [Signed off]
01:37:17 -!- Micen|Droid has quit [Read error: Connection reset by peer]
02:22:54 -!- Rawr|Fone has quit [Ping timeout]
03:32:25 -!- Camail has quit [Signed off]
05:08:12 -!- skram has quit [Ping timeout]
05:50:40 -!- Micen|Droid has quit [Ping timeout]
05:55:16 -!- Rawr|Fone has quit [Ping timeout]
06:52:54 -!- DuB` has quit [Signed off]
07:03:30 -!- Micen has quit [Read error: Connection reset by peer]
07:10:22 -!- DoT|Phone1 has quit [Ping timeout]
07:57:34 -!- ShotgunPrincess has quit [EOF from client]
11:31:29 -!- skram has quit [Ping timeout]
11:41:34 -!- reification has quit [Ping timeout]
12:37:14 -!- Phearlock has quit [Ping timeout]
15:09:02 -!- DoT|Phone has quit [EOF from client]
17:25:48 -!- skram has quit [Ping timeout]
17:30:48 -!- BioPhone has quit [Ping timeout]
18:13:10 -!- BioPone has quit [EOF from client]
18:25:26 -!- skraam has quit [Signed off]
18:45:41 -!- BioPone has quit [EOF from client]
18:54:14 -!- BioPone has quit [EOF from client]
19:04:41 -!- Golly has quit [Ping timeout]
21:14:35 -!- BioPone has quit [Read error: Connection reset by peer]
21:58:42 -!- Zounds has quit [Signed off]
23:21:31 -!- Dot` has quit [Ping timeout]
23:35:02 -!- reification has quit [Signed off]
