00:31:06 -!- Rawr|Fone has quit [Ping timeout]
01:19:58 -!- reimeuk has quit [Signed off]
01:30:26 -!- tredc has quit [Signed off]
02:56:47 -!- Runbunny has quit [Signed off]
03:43:44 -!- Camail has quit [Read error: Connection reset by peer]
03:50:20 -!- Crisium has quit [Signed off]
05:47:12 -!- skrm has quit [Signed off]
05:51:24 -!- Dot` has quit [Ping timeout]
06:08:01 -!- Rawr|Fone has quit [Ping timeout]
06:18:02 -!- Rawr|Fone has quit [Ping timeout]
06:39:00 -!- skram has quit [Ping timeout]
06:39:08 -!- DuB` has quit [Signed off]
07:36:13 -!- skrma has quit [Read error: Connection reset by peer]
11:43:06 -!- Dot` has quit [Ping timeout]
13:35:15 -!- Dot` has quit [Ping timeout]
15:48:32 -!- Dot|Phone has quit [Signed off]
15:57:55 -!- Zounds has quit [Signed off]
17:17:46 -!- skram has quit [Ping timeout]
18:44:25 -!- Rawr|Fone has quit [Read error: Connection reset by peer]
19:12:54 -!- Micen has quit [Ping timeout]
19:24:25 -!- Dot|Phone has quit [Signed off]
19:32:52 -!- Rawr|Fone has quit [Ping timeout]
19:49:50 -!- Crisium has quit [Ping timeout]
20:11:51 -!- Rawr|Fone has quit [Ping timeout]
20:22:34 -!- Rawr|Fone has quit [Ping timeout]
20:54:46 -!- Rawr|Fone has quit [Ping timeout]
21:53:20 -!- BioPone has quit [Read error: Connection reset by peer]
22:17:36 -!- Rawr|Fone has quit [Ping timeout]
22:36:42 -!- CrisPone has quit [Signed off]
22:54:32 -!- Rawr|Fone has quit [Ping timeout]
23:05:50 -!- Crisium|2 has quit [Ping timeout]
23:07:04 -!- Cane has quit [Signed off]
