00:30:15 -!- Zounds has quit [Signed off]
00:32:51 -!- Runbunny has quit [Signed off]
02:37:02 -!- DuB` has quit [Signed off]
04:04:15 -!- Westy543 has quit [Ping timeout]
04:33:43 -!- skram has quit [Ping timeout]
04:36:55 -!- ShotgunPrincess has quit [Read error: Connection reset by peer]
04:42:11 -!- DoT|Phone has quit [Read error: Connection reset by peer]
04:43:01 -!- DoT|Phone1 has quit [Read error: Connection reset by peer]
04:47:36 -!- DoT|Phone has quit [Read error: Connection reset by peer]
04:57:00 -!- DoT|Phone1 has quit [Ping timeout]
05:09:00 -!- Westy543 has quit [Ping timeout]
05:33:27 -!- Camail has quit [Signed off]
05:56:21 -!- DoT|Phone has quit [Read error: Connection reset by peer]
05:58:02 -!- DoT|Phone1 has quit [Read error: Connection reset by peer]
06:14:59 -!- Micen_ has quit [Read error: Connection reset by peer]
06:19:05 -!- DoT|Phone has quit [Ping timeout]
08:01:54 -!- BioPone has quit [Ping timeout]
08:14:39 -!- Rawr|Phone has quit [Ping timeout]
08:33:47 -!- Rawr|Fone has quit [Read error: Connection reset by peer]
08:42:48 -!- Cane has quit [Read error: Connection reset by peer]
08:43:35 -!- reification has quit [Ping timeout]
09:33:30 -!- Cane has quit [Read error: Connection reset by peer]
09:43:01 -!- Rawr|Fone has quit [Ping timeout]
11:03:35 -!- reification has quit [Ping timeout]
13:29:01 -!- Rawr|Phone has quit [Ping timeout]
13:38:35 -!- reification has quit [Ping timeout]
14:13:05 -!- reification has quit [Ping timeout]
15:25:32 -!- BioPhone has quit [EOF from client]
15:28:17 -!- Rawr|Fone has quit [Ping timeout]
16:24:21 -!- Golly has quit [Ping timeout]
17:04:37 -!- DuB|fon has quit [Ping timeout]
18:16:15 -!- DoT|Phone1 has quit [Ping timeout]
18:17:16 -!- Rawr|Fone has quit [Ping timeout]
18:31:14 -!- BioPhone has quit [EOF from client]
19:37:48 -!- BioPhone has quit [Ping timeout]
19:46:02 -!- BioPone has quit [Read error: Connection reset by peer]
19:55:07 -!- Cane has quit [Ping timeout]
19:57:49 -!- BioPone has quit [Ping timeout]
20:09:07 -!- Cane_ has quit [Ping timeout]
20:24:37 -!- Cane has quit [Ping timeout]
20:46:07 -!- BioPone has quit [EOF from client]
20:53:20 -!- BioPone has quit [EOF from client]
21:04:22 -!- DuBphon has quit [Signed off]
21:07:14 -!- DuB|fon has quit [Ping timeout]
21:12:55 -!- DoT|Phone has quit [Ping timeout]
21:34:33 -!- BioPone has quit [EOF from client]
21:41:57 -!- skram has quit [Ping timeout]
21:54:33 -!- BioPone has quit [EOF from client]
22:06:12 -!- BioPone has quit [EOF from client]
22:07:29 -!- DoT` has quit [Ping timeout]
22:17:57 -!- Cane has quit [Read error: Connection reset by peer]
22:26:38 -!- BioPone has quit [EOF from client]
23:33:07 -!- Camail has quit [Ping timeout]
23:36:16 -!- reification has quit [Signed off]
23:37:36 -!- Camail_ has quit [Ping timeout]
23:47:35 -!- Runbunny has quit [Signed off]
23:57:43 -!- DoT` has quit [Ping timeout]
