00:41:49 -!- skram has quit [Ping timeout]
01:18:32 -!- Runbunny has quit [Signed off]
01:36:12 -!- Crisium has quit [Signed off]
04:53:03 -!- DuB` has quit [Ping timeout]
05:37:20 -!- BioPone has quit [EOF from client]
05:46:57 -!- BioPone has quit [EOF from client]
05:50:12 -!- BioPone has quit [EOF from client]
06:15:45 -!- BioPone has quit [EOF from client]
06:23:16 -!- Micen has quit [Ping timeout]
06:46:26 -!- Rawr|Fone has quit [Ping timeout]
06:48:01 -!- Micen|Droid has quit [Read error: Connection reset by peer]
07:11:18 -!- DoT|Phone has quit [Ping timeout]
07:35:50 -!- DvB` has quit [Signed off]
08:33:09 -!- BioPone has quit [EOF from client]
08:42:02 -!- Camail has quit [Read error: Connection reset by peer]
08:52:22 -!- DoT|Phone1 has quit [Ping timeout]
08:58:16 -!- BioPone has quit [EOF from client]
09:14:17 -!- BioPone has quit [EOF from client]
09:18:45 -!- BioPone has quit [EOF from client]
09:43:53 -!- DoT|Phone has quit [Ping timeout]
09:55:43 -!- BioPone has quit [EOF from client]
10:13:09 -!- Golly has quit [Ping timeout]
10:30:23 -!- DoT|Phone1 has quit [Ping timeout]
10:31:53 -!- DoT|Phone has quit [Ping timeout]
10:33:14 -!- DoT|Phone2 has quit [Ping timeout]
10:38:59 -!- DoT|Phone3 has quit [Ping timeout]
10:48:05 -!- Golly has quit [Ping timeout]
11:23:41 -!- DoT|Phone has quit [Ping timeout]
11:30:13 -!- DoT|Phone1 has quit [Ping timeout]
11:30:58 -!- skram has quit [Ping timeout]
11:55:58 -!- BioPone has quit [Ping timeout]
11:59:21 -!- DoT|Phone has quit [Read error: Connection reset by peer]
12:32:30 -!- DoT|Phone1 has quit [Ping timeout]
12:44:09 -!- BioPone has quit [EOF from client]
12:59:38 -!- BioPone has quit [EOF from client]
13:05:10 -!- BioPone has quit [EOF from client]
13:13:31 -!- DoT|Phone has quit [Ping timeout]
13:43:38 -!- BioPone has quit [EOF from client]
14:10:30 -!- BioPone has quit [EOF from client]
14:19:28 -!- BioPone has quit [EOF from client]
14:43:48 -!- BioPone has quit [EOF from client]
15:00:10 -!- DoT|Phone1 has quit [Ping timeout]
15:34:10 -!- BioPone has quit [Ping timeout]
15:45:28 -!- DoT|Phone has quit [Ping timeout]
15:50:19 -!- DoT|Phone1 has quit [Read error: Connection reset by peer]
16:08:53 -!- BioPone has quit [EOF from client]
16:28:29 -!- Rawr|Fone has quit [Ping timeout]
17:42:37 -!- BioPone has quit [EOF from client]
17:51:26 -!- BioPone has quit [EOF from client]
18:39:24 -!- BioPone has quit [EOF from client]
18:45:44 -!- BioPone has quit [EOF from client]
19:01:35 -!- BioPone has quit [EOF from client]
19:19:02 -!- Rawr|Phone has quit [Ping timeout]
19:47:36 -!- Camail has quit [Ping timeout]
19:59:05 -!- BioPone has quit [EOF from client]
20:39:39 -!- BioPone has quit [EOF from client]
20:48:31 -!- BioPone has quit [EOF from client]
21:34:04 -!- BioPone has quit [Ping timeout]
21:48:03 -!- skram has quit [Ping timeout]
21:59:23 -!- BioPone has quit [Read error: Connection reset by peer]
22:00:07 -!- Golly has quit [Ping timeout]
22:01:55 -!- Dot` has quit [Ping timeout]
23:01:37 -!- BioPone has quit [EOF from client]
23:03:36 -!- BioPone has quit [Signed off]
23:04:13 -!- skraam has quit [Read error: Connection reset by peer]
23:16:07 -!- Runbunny has quit [Signed off]
23:19:57 -!- tredc has quit [Signed off]
