00:06:41 -!- Golly has quit [Ping timeout]
00:27:19 -!- reimeuk has quit [Signed off]
00:43:04 -!- Bio has quit [EOF from client]
00:44:11 -!- Rawr|Fone has quit [Ping timeout]
01:46:41 -!- Rawr|Fone has quit [Ping timeout]
01:55:33 -!- tredc has quit [Signed off]
03:16:33 -!- Runbunny has quit [Signed off]
03:36:39 -!- Rawr|Fone has quit [Ping timeout]
03:52:17 -!- Crisium has quit [Signed off]
04:58:04 -!- Camail has quit [Signed off]
05:26:12 -!- Rawr|Fone has quit [Ping timeout]
05:28:29 -!- DuB` has quit [Signed off]
06:16:56 -!- Cane has quit [Signed off]
06:32:56 -!- skram has quit [Ping timeout]
07:02:14 -!- Dot` has quit [Ping timeout]
07:14:06 -!- Rawr|Fone has quit [Ping timeout]
09:24:47 -!- CellRoach has quit [Signed off]
09:38:44 -!- Rawr|Fone has quit [Ping timeout]
10:33:54 -!- Rawr|Fone has quit [Ping timeout]
11:22:35 -!- reification has quit [Ping timeout]
11:28:35 -!- carcinisation has quit [Ping timeout]
11:47:35 -!- reimeuk has quit [Ping timeout]
11:51:56 -!- Golly has quit [Ping timeout]
11:52:38 -!- Rawr|Fone has quit [Ping timeout]
13:16:35 -!- reification has quit [Ping timeout]
14:59:35 -!- reification has quit [Ping timeout]
16:09:05 -!- carcinisation has quit [Ping timeout]
16:23:04 -!- skram has quit [Ping timeout]
18:19:05 -!- reimeuk has quit [Ping timeout]
19:03:15 -!- Zounds has quit [Signed off]
20:02:35 -!- Rawr|Phone has quit [Ping timeout]
20:16:10 -!- Rawr|Fone has quit [Ping timeout]
20:22:40 -!- Rawr|Fone has quit [Ping timeout]
22:05:43 -!- Micen has quit [Read error: Connection reset by peer]
22:56:03 -!- Rawr|Fone has quit [Read error: Connection timed out]
22:56:31 -!- Golly has quit [Ping timeout]
23:14:32 -!- Rawr|Fone has quit [Ping timeout]
