00:11:07 -!- reification has quit [Signed off]
00:30:29 -!- tredc has quit [Signed off]
00:57:23 -!- Rawr|Fone has quit [Ping timeout]
01:30:09 -!- BioPone has quit [EOF from client]
01:39:27 -!- BioPone has quit [EOF from client]
01:48:54 -!- Runbunny has quit [Signed off]
02:05:30 -!- BioPone has quit [EOF from client]
02:59:27 -!- Rawr|Fone has quit [Ping timeout]
03:10:25 -!- Crisium has quit [Signed off]
04:05:42 -!- Cane has quit [Signed off]
04:26:24 -!- Camail has quit [Signed off]
05:13:47 -!- DuB` has quit [Signed off]
05:35:15 -!- Rawr|Fone has quit [Ping timeout]
05:47:50 -!- skrm has quit [Signed off]
06:06:25 -!- Micen has quit [Read error: Connection reset by peer]
06:08:39 -!- Dot` has quit [Ping timeout]
06:52:03 -!- Rawr|Fone has quit [Ping timeout]
08:29:40 -!- BioPone has quit [EOF from client]
08:30:55 -!- skram has quit [Ping timeout]
09:30:40 -!- BioPone has quit [EOF from client]
10:46:00 -!- reification has quit [Ping timeout]
11:32:55 -!- Rawr|Fone has quit [Ping timeout]
12:12:31 -!- BioPone has quit [Read error: Connection reset by peer]
12:32:09 -!- Rawr|Fone has quit [Ping timeout]
12:55:51 -!- Rawr|Fone has quit [Ping timeout]
13:40:10 -!- Rawr|Fone has quit [Ping timeout]
13:47:58 -!- Rawr|Fone has quit [Ping timeout]
14:08:58 -!- BioHorse has quit [EOF from client]
14:21:08 -!- DuB` has quit [Ping timeout]
14:53:17 -!- Camail has quit [Ping timeout]
15:00:59 -!- BioHorse has quit [EOF from client]
15:31:05 -!- BioHorse has quit [EOF from client]
16:01:29 -!- BioHorse has quit [Ping timeout]
16:24:30 -!- reification has quit [Ping timeout]
16:51:07 -!- BioPone has quit [EOF from client]
17:02:30 -!- reification has quit [Ping timeout]
17:13:43 -!- Rawr|Phone has quit [Ping timeout]
17:29:45 -!- BioPone has quit [Read error: Connection reset by peer]
17:43:40 -!- Runbunny has quit [Signed off]
17:50:49 -!- Rawr|Fone has quit [Ping timeout]
18:45:36 -!- Rawr|Fone has quit [Ping timeout]
19:21:01 -!- Dot|Phone has quit [Signed off]
19:21:05 -!- Rawr|Fone has quit [Ping timeout]
19:57:30 -!- Rawr|Fone has quit [Ping timeout]
20:36:18 -!- Rawr|Fone has quit [Ping timeout]
20:55:10 -!- BioPone has quit [Ping timeout]
21:09:52 -!- Golly has quit [Ping timeout]
21:40:16 -!- Rawr|Fone has quit [Ping timeout]
22:10:13 -!- Camail has quit [Read error: Connection reset by peer]
22:15:02 -!- BioPone has quit [EOF from client]
22:34:59 -!- BioPone has quit [EOF from client]
22:38:07 -!- Zounds has quit [Ping timeout]
22:48:33 -!- Rawr|Fone has quit [Ping timeout]
22:59:06 -!- BioPone has quit [EOF from client]
