00:02:02 -!- skram has quit [Signed off]
00:08:05 -!- DoT|Phone has quit [Ping timeout]
00:30:26 -!- Micen|Droid_ has quit [Ping timeout]
00:31:45 -!- Micen|Droid has quit [Ping timeout]
00:33:58 -!- tredc has quit [Signed off]
00:35:26 -!- Micen|Droid__ has quit [Read error: Connection reset by peer]
01:32:42 -!- Crisium has quit [Signed off]
01:39:45 -!- Micen|Droid has quit [Ping timeout]
01:43:46 -!- Runbunny has quit [Signed off]
03:51:12 -!- Micen|Droid_ has quit [Read error: Connection reset by peer]
06:32:40 -!- DoT|Phone has quit [Ping timeout]
07:22:20 -!- DuB` has quit [Signed off]
07:33:44 -!- Camail has quit [Read error: Connection reset by peer]
09:22:10 -!- Westy543 has quit [Ping timeout]
10:44:44 -!- Emily has quit [Ping timeout]
10:50:42 -!- Golly has quit [Ping timeout]
10:51:57 -!- motbob has quit [*.net *.split]
10:51:57 -!- Westy543 has quit [*.net *.split]
10:51:57 -!- Emily has quit [*.net *.split]
10:51:57 -!- Micen|Droid has quit [*.net *.split]
10:51:57 -!- DoT|Phone1 has quit [*.net *.split]
12:09:49 -!- Micen|Droid_ has quit [Read error: Connection reset by peer]
12:10:29 -!- Micen|Droid has quit [Ping timeout]
12:15:19 -!- BioPone has quit [Read error: Connection reset by peer]
15:04:58 -!- Rawr|Fone has quit [Ping timeout]
15:20:24 -!- DoT|Phone has quit [Read error: Connection reset by peer]
15:26:27 -!- DoT|Phone1 has quit [Ping timeout]
15:53:44 -!- BioPhone has quit [Ping timeout]
16:21:26 -!- Rawr|Fone has quit [Ping timeout]
16:35:35 -!- Dot has quit [Ping timeout]
16:47:39 -!- BioPone has quit [Read error: Connection reset by peer]
16:55:24 -!- BioPone has quit [EOF from client]
18:23:51 -!- BioPone has quit [EOF from client]
18:40:05 -!- BioPone has quit [EOF from client]
18:48:38 -!- Rawr|Phone has quit [Ping timeout]
18:54:01 -!- BioPone has quit [EOF from client]
20:46:12 -!- Crisium has quit [Ping timeout]
20:56:10 -!- Micen|Droid has quit [Read error: Connection reset by peer]
20:59:50 -!- Micen|Droid__ has quit [Ping timeout]
21:04:53 -!- BioPone has quit [Ping timeout]
21:59:03 -!- BioPone has quit [EOF from client]
22:10:06 -!- Golly has quit [Ping timeout]
22:19:05 -!- Dot` has quit [EOF from client]
22:27:10 -!- reification has quit [Signed off]
22:29:08 -!- Zounds has quit [Signed off]
22:30:22 -!- skram has quit [Ping timeout]
22:34:53 -!- BioPone has quit [Signed off]
