00:11:00 -!- tredc has quit [Signed off]
00:25:10 -!- Rawr|Fone has quit [Ping timeout]
00:34:36 -!- BioPhone has quit [EOF from client]
01:35:10 -!- Crisium has quit [Signed off]
02:28:03 -!- Camail has quit [Signed off]
02:41:07 -!- DuB` has quit [Signed off]
03:11:49 -!- Camail_Phone has quit [Signed off]
03:22:13 -!- Rawr|Fone has quit [Ping timeout]
04:09:12 -!- DoT` has quit [Ping timeout]
04:21:11 -!- skram has quit [Ping timeout]
06:39:42 -!- Rawr|Fone has quit [Ping timeout]
06:42:16 -!- Cane has quit [Signed off]
07:05:08 -!- DoT|Phone1 has quit [Ping timeout]
07:45:29 -!- Rawr|Fone has quit [Ping timeout]
09:43:05 -!- Golly has quit [Ping timeout]
09:54:59 -!- Rawr|Fone has quit [Ping timeout]
12:28:34 -!- BioPhone has quit [Read error: Connection reset by peer]
13:20:07 -!- Rawr|Fone has quit [Ping timeout]
14:05:17 -!- Rawr|Fone has quit [Ping timeout]
14:09:24 -!- reification has quit [Ping timeout]
14:57:20 -!- DoT|Phone has quit [Read error: Connection reset by peer]
15:32:55 -!- skram has quit [Ping timeout]
15:33:50 -!- Rawr|Fone has quit [Ping timeout]
15:51:32 -!- BioPone has quit [Ping timeout]
16:16:24 -!- carcinisation has quit [Ping timeout]
16:16:37 -!- Rawr|Fone has quit [Ping timeout]
17:22:11 -!- BioPone has quit [Read error: Connection reset by peer]
18:52:18 -!- Rawr|Fone has quit [Ping timeout]
19:21:05 -!- Rawr|Fone has quit [Ping timeout]
19:21:08 -!- Cane has quit [Signed off]
19:28:43 -!- Camail has quit [Signed off]
20:53:26 -!- BioPone has quit [EOF from client]
21:12:44 -!- Golly has quit [Ping timeout]
21:44:50 -!- skram has quit [Ping timeout]
21:46:33 -!- Rawr|Phone has quit [Read error: Connection reset by peer]
21:50:30 -!- BioPone has quit [Read error: Connection reset by peer]
22:03:55 -!- Cane has quit [Read error: Connection reset by peer]
22:23:53 -!- BioPone has quit [EOF from client]
