00:08:52 -!- DoT|Phone1 has quit [Ping timeout]
00:13:10 -!- BioPone has quit [Read error: Connection reset by peer]
00:13:36 -!- tredc has quit [Signed off]
01:18:58 -!- Runbunny has quit [Signed off]
01:25:10 -!- Crisium has quit [Signed off]
01:43:09 -!- skram has quit [Ping timeout]
06:00:16 -!- DoT|Phone has quit [Read error: Connection reset by peer]
06:55:52 -!- DuB` has quit [Signed off]
07:13:36 -!- DoT|Phone1 has quit [Ping timeout]
07:34:12 -!- Camail has quit [Read error: Connection reset by peer]
10:15:29 -!- carcinisation has quit [Ping timeout]
11:20:40 -!- BioPone has quit [Read error: Connection reset by peer]
12:29:18 -!- BioPhone has quit [EOF from client]
12:38:10 -!- BioPhone has quit [EOF from client]
13:56:52 -!- BioPhone has quit [EOF from client]
14:13:23 -!- BioPhone has quit [EOF from client]
15:02:54 -!- BioPhone has quit [EOF from client]
15:24:44 -!- Golly has quit [Ping timeout]
15:38:52 -!- Rawr|Fone has quit [Ping timeout]
15:38:56 -!- BioPhone has quit [Ping timeout]
15:49:46 -!- BioPone has quit [Read error: Connection reset by peer]
16:05:41 -!- Micen|Droid has quit [Ping timeout]
16:06:51 -!- Micen|Droid_ has quit [Ping timeout]
16:18:49 -!- Rawr|Fone has quit [Ping timeout]
16:25:50 -!- Micen|Droid__ has quit [Ping timeout]
16:27:42 -!- Micen|Droid has quit [Ping timeout]
16:29:32 -!- DoT|Phone has quit [Read error: Connection reset by peer]
16:46:56 -!- Micen|Droid_ has quit [Ping timeout]
17:01:03 -!- BioPone has quit [EOF from client]
17:21:24 -!- BioPone has quit [EOF from client]
17:44:41 -!- BioPone has quit [EOF from client]
17:55:29 -!- Zounds has quit [Ping timeout]
18:19:47 -!- BioPone has quit [EOF from client]
18:35:14 -!- BioPone has quit [EOF from client]
18:40:39 -!- BioPone has quit [EOF from client]
18:50:31 -!- Rawr|Phone has quit [Ping timeout]
19:58:31 -!- Golly has quit [Ping timeout]
20:52:34 -!- skrm has quit [Signed off]
20:55:37 -!- BioPone has quit [EOF from client]
21:26:21 -!- BioPone has quit [EOF from client]
21:29:33 -!- BioPone has quit [EOF from client]
21:36:02 -!- BioPone has quit [EOF from client]
21:50:40 -!- BioPone has quit [EOF from client]
21:56:59 -!- BioPone has quit [EOF from client]
22:21:40 -!- Dot` has quit [Ping timeout]
22:27:07 -!- skram has quit [Ping timeout]
22:43:18 -!- BioPone has quit [EOF from client]
23:14:21 -!- BioPone has quit [Signed off]
23:26:08 -!- tredc has quit [Signed off]
23:27:35 -!- skraam has quit [Signed off]
23:29:05 -!- reification has quit [Signed off]
