00:09:49 -!- Dot` has quit [Ping timeout]
00:10:42 -!- tredc has quit [Signed off]
00:19:35 -!- Rawr|Fone has quit [Ping timeout]
02:06:38 -!- Rawr|Fone has quit [Ping timeout]
02:25:16 -!- Cane has quit [Signed off]
03:21:38 -!- Camail has quit [Signed off]
03:59:01 -!- Crisium has quit [Signed off]
04:08:21 -!- Rawr|Fone has quit [Ping timeout]
04:15:25 -!- skram has quit [Ping timeout]
05:24:54 -!- Rawr|Fone has quit [Ping timeout]
05:30:35 -!- DuB` has quit [Signed off]
06:10:42 -!- Rawr|Fone has quit [Ping timeout]
07:14:37 -!- Rawr|Fone has quit [Ping timeout]
07:56:52 -!- Rawr|Fone has quit [Ping timeout]
08:33:33 -!- Rawr|Fone has quit [Ping timeout]
09:28:38 -!- Zounds has quit [Signed off]
10:16:10 -!- Rawr|Fone has quit [Ping timeout]
10:57:00 -!- Micen has quit [Ping timeout]
10:58:33 -!- reification has quit [Ping timeout]
10:59:44 -!- Micen_ has quit [Read error: Connection reset by peer]
11:15:03 -!- carcinisation has quit [Ping timeout]
12:27:32 -!- Rawr|Fone has quit [Ping timeout]
12:52:33 -!- reification has quit [Ping timeout]
13:26:20 -!- skram has quit [Ping timeout]
13:39:16 -!- Rawr|Fone has quit [Ping timeout]
14:26:52 -!- Rawr|Fone has quit [Ping timeout]
14:50:21 -!- Rawr|Fone has quit [Ping timeout]
15:14:44 -!- skram has quit [Ping timeout]
15:55:01 -!- Rawr|Fone has quit [Ping timeout]
15:58:09 -!- Rawr|Phone has quit [Read error: Connection reset by peer]
17:40:23 -!- Rawr|Fone has quit [Ping timeout]
18:39:49 -!- Rawr|Phone has quit [Ping timeout]
19:00:15 -!- Micen has quit [Read error: Connection reset by peer]
19:13:54 -!- Micen has quit [Read error: Connection reset by peer]
20:05:41 -!- Golly has quit [Ping timeout]
21:56:25 -!- skram has quit [Ping timeout]
22:57:44 -!- Bio has quit [Read error: Connection reset by peer]
22:58:43 -!- Dot` has quit [Ping timeout]
23:03:50 -!- tredc has quit [Signed off]
23:17:59 -!- Rawr|Fone has quit [Ping timeout]
