00:30:06 -!- reification has quit [Signed off]
00:41:50 -!- Rawr|Fone has quit [Ping timeout]
01:12:16 -!- Rawr|Fone has quit [Ping timeout]
01:15:24 -!- tredc has quit [Signed off]
02:12:21 -!- Crisium has quit [Signed off]
02:23:13 -!- Runbunny has quit [Signed off]
02:48:01 -!- Phearlock has quit [Signed off]
02:56:35 -!- Rawr|Fone has quit [Ping timeout]
03:42:33 -!- Camail has quit [Read error: Connection reset by peer]
03:55:31 -!- DuB` has quit [Signed off]
04:30:19 -!- Dot` has quit [Ping timeout]
05:48:50 -!- Golly has quit [Ping timeout]
05:58:12 -!- Rawr|Fone has quit [Ping timeout]
06:54:14 -!- Rawr|Fone has quit [Ping timeout]
08:43:42 -!- Rawr|Phone has quit [Read error: Connection reset by peer]
09:49:44 -!- Dot|Phone has quit [Signed off]
12:21:15 -!- Rawr|Fone has quit [Ping timeout]
13:17:44 -!- Rawr|Fone has quit [Ping timeout]
13:44:16 -!- Rawr|Fone has quit [Ping timeout]
14:38:36 -!- Rawr|Fone has quit [Ping timeout]
15:27:53 -!- Rawr|Fone has quit [Ping timeout]
15:55:32 -!- Rawr|Fone has quit [Ping timeout]
16:06:29 -!- DuB|fon has quit [EOF from client]
16:22:46 -!- Rawr|Fone has quit [Ping timeout]
16:38:25 -!- Rawr|Fone has quit [Ping timeout]
17:08:35 -!- skram has quit [Ping timeout]
17:31:09 -!- Rawr|Fone has quit [Ping timeout]
19:27:14 -!- Rawr|Fone has quit [Ping timeout]
19:57:14 -!- skram has quit [Ping timeout]
20:18:28 -!- skrma has quit [Read error: Connection reset by peer]
20:26:32 -!- Rawr|Fone has quit [Ping timeout]
20:37:03 -!- Rawr|Fone has quit [Ping timeout]
20:50:49 -!- Rawr|Fone has quit [Ping timeout]
21:00:55 -!- Rawr|Fone has quit [Ping timeout]
21:18:30 -!- Dot|Phone has quit [Signed off]
21:30:50 -!- Golly has quit [Ping timeout]
21:50:15 -!- Rawr|Fone has quit [Ping timeout]
22:31:13 -!- Rawr|Fone has quit [Ping timeout]
23:15:03 -!- reification has quit [Ping timeout]
