00:34:53 -!- Rawr|Fone has quit [Ping timeout]
00:48:53 -!- skram has quit [Ping timeout]
02:10:22 -!- Phearlock has quit [Ping timeout]
02:29:54 -!- Rawr|Fone has quit [Ping timeout]
02:35:51 -!- Crisium has quit [Signed off]
03:18:34 -!- DuB` has quit [Signed off]
05:30:12 -!- Rawr|Fone has quit [Ping timeout]
06:48:49 -!- Camail has quit [Signed off]
07:26:40 -!- Rawr|Fone has quit [Ping timeout]
07:37:23 -!- Rawr|Fone has quit [Ping timeout]
07:50:29 -!- Rawr|Fone has quit [Ping timeout]
08:39:05 -!- Rawr|Fone has quit [Ping timeout]
10:24:03 -!- reification has quit [Ping timeout]
10:49:13 -!- Rawr|Fone has quit [Ping timeout]
11:04:11 -!- DoT` has quit [Ping timeout]
12:59:36 -!- Rawr|Fone has quit [Ping timeout]
13:15:05 -!- skram has quit [Ping timeout]
13:49:17 -!- Runbunny has quit [Signed off]
14:08:33 -!- carcinisation has quit [Ping timeout]
14:18:41 -!- Rawr|Fone has quit [Ping timeout]
14:58:18 -!- Rawr|Fone has quit [Ping timeout]
15:34:33 -!- Rawr|Fone has quit [Ping timeout]
16:57:19 -!- Dot has quit [Ping timeout]
17:22:22 -!- Rawr|Fone has quit [Ping timeout]
17:49:47 -!- BioPhone has quit [Ping timeout]
17:51:35 -!- Rawr|Fone has quit [Ping timeout]
18:00:25 -!- DoT` has quit [Ping timeout]
18:45:00 -!- Cane has quit [Signed off]
19:17:24 -!- Rawr|Fone has quit [Ping timeout]
19:31:31 -!- DoT|Phone has quit [Read error: Connection reset by peer]
19:31:31 -!- DoT|Phone1 has quit [Read error: Connection reset by peer]
19:37:54 -!- DoT|Phone has quit [Read error: Connection reset by peer]
19:37:54 -!- DoT|Phone1 has quit [Read error: Connection reset by peer]
19:38:32 -!- Dot has quit [Ping timeout]
19:52:03 -!- DoT|Phone2 has quit [Read error: Connection reset by peer]
19:55:15 -!- DoT|Phone has quit [Read error: Connection reset by peer]
19:55:15 -!- DoT|Phone1 has quit [Read error: Connection reset by peer]
19:57:19 -!- DoT|Phone has quit [Read error: Connection reset by peer]
19:57:20 -!- DoT|Phone1 has quit [Read error: Connection reset by peer]
19:57:57 -!- DoT|Phone has quit [EOF from client]
19:58:35 -!- DoT|Phone2 has quit [Read error: Connection reset by peer]
20:08:49 -!- Rawr|Fone has quit [Ping timeout]
20:59:04 -!- Golly has quit [Ping timeout]
21:39:05 -!- BioPhone has quit [Ping timeout]
22:08:37 -!- Rawr|Fone has quit [Ping timeout]
22:27:10 -!- Runbunny has quit [Signed off]
22:35:55 -!- BioPone has quit [Read error: Connection reset by peer]
22:36:53 -!- reification has quit [Signed off]
22:51:51 -!- Rawr|Fone has quit [Ping timeout]
23:22:30 -!- DoT` has quit [Ping timeout]
23:28:47 -!- tredc has quit [Signed off]
23:52:33 -!- Rawr|Fone has quit [Ping timeout]
23:52:56 -!- Dot has quit [Ping timeout]
