00:12:58 -!- DoT|Phone has quit [Ping timeout]
00:32:18 -!- Rawr|Fone has quit [Ping timeout]
00:37:29 -!- tredc has quit [Signed off]
00:53:05 -!- reification has quit [Signed off]
02:05:54 -!- Crisium has quit [Signed off]
02:27:15 -!- DoT|Phone1 has quit [Ping timeout]
03:28:05 -!- Rawr|Fone has quit [Ping timeout]
04:48:59 -!- skrm has quit [Ping timeout]
04:58:14 -!- Rawr|Fone has quit [Ping timeout]
06:06:15 -!- Dot` has quit [Ping timeout]
07:16:44 -!- Rawr|Fone has quit [Ping timeout]
07:17:27 -!- skram has quit [Signed off]
08:05:08 -!- DuB` has quit [Signed off]
08:30:32 -!- Camail has quit [Read error: Connection reset by peer]
08:31:47 -!- DoT|Phone has quit [Ping timeout]
10:04:49 -!- Rawr|Phone has quit [Ping timeout]
13:16:43 -!- reification has quit [Ping timeout]
13:24:00 -!- DoT|Phone has quit [Ping timeout]
15:12:57 -!- DoT|Phone1 has quit [Read error: Connection reset by peer]
16:21:59 -!- DoT|Phone has quit [Ping timeout]
16:24:50 -!- Rawr|Fone has quit [Ping timeout]
17:18:32 -!- Dot` has quit [Ping timeout]
17:24:25 -!- DoT|Phone1 has quit [Read error: Connection reset by peer]
17:44:17 -!- Rawr|Phone has quit [Read error: Connection reset by peer]
19:08:09 -!- tredc has quit [EOF from client]
19:38:40 -!- Zounds has quit [Ping timeout]
20:19:28 -!- skram has quit [Ping timeout]
21:15:58 -!- Golly has quit [Ping timeout]
23:06:40 -!- Zounds_ has quit [Signed off]
23:19:39 -!- Runbunny has quit [Signed off]
23:56:50 -!- reification has quit [Signed off]
