00:00:15 -!- tredc has quit [Signed off]
00:14:50 -!- Runbunny has quit [Signed off]
00:35:24 -!- Rawr|Fone has quit [Ping timeout]
00:49:23 -!- skrma has quit [Ping timeout]
01:18:55 -!- skram has quit [Read error: Connection reset by peer]
01:54:20 -!- skrma has quit [Ping timeout]
02:15:37 -!- Dot` has quit [Ping timeout]
02:25:31 -!- Rawr|Fone has quit [Ping timeout]
02:36:53 -!- Crisium has quit [Signed off]
02:57:02 -!- Rawr|Fone has quit [Ping timeout]
03:09:31 -!- Micen has quit [Read error: Connection reset by peer]
03:12:53 -!- DuB` has quit [Signed off]
04:23:50 -!- Rawr|Fone has quit [Ping timeout]
04:41:05 -!- Rawr|Fone has quit [Ping timeout]
04:54:41 -!- Rawr|Fone has quit [Ping timeout]
06:14:14 -!- Camail has quit [Signed off]
07:04:00 -!- Rawr|Fone has quit [Ping timeout]
07:21:56 -!- DoT|Phone1 has quit [Ping timeout]
08:31:55 -!- Rawr|Phone has quit [Ping timeout]
09:19:07 -!- DoT|Phone has quit [Ping timeout]
09:23:26 -!- Golly has quit [Ping timeout]
09:45:00 -!- Rawr|Fone has quit [Ping timeout]
09:48:59 -!- Golly has quit [Ping timeout]
10:37:53 -!- DoT|Phone has quit [Ping timeout]
10:44:16 -!- Rawr|Fone has quit [Ping timeout]
11:45:26 -!- DoT|Phone1 has quit [Ping timeout]
12:02:17 -!- DoT|Phone has quit [Ping timeout]
12:37:18 -!- skram has quit [Ping timeout]
12:39:19 -!- Rawr|Fone has quit [Ping timeout]
12:47:18 -!- skrma has quit [Ping timeout]
13:35:30 -!- BioPhone has quit [EOF from client]
13:43:34 -!- DoT|Phone1 has quit [Read error: Connection reset by peer]
13:52:39 -!- Rawr|Fone has quit [Ping timeout]
14:15:05 -!- reification has quit [Ping timeout]
14:21:34 -!- Rawr|Fone has quit [Ping timeout]
14:48:05 -!- carcinisation has quit [Ping timeout]
15:05:12 -!- Rawr|Fone has quit [Ping timeout]
15:33:17 -!- DoT|Phone has quit [Read error: Connection reset by peer]
15:40:46 -!- BioPhone has quit [EOF from client]
15:51:28 -!- BioPhone has quit [Ping timeout]
15:58:56 -!- Rawr|Fone has quit [Ping timeout]
16:08:35 -!- reimeuk has quit [Ping timeout]
16:19:02 -!- BioPone has quit [EOF from client]
17:29:58 -!- BioPone has quit [Read error: Connection reset by peer]
17:45:12 -!- Rawr|Fone has quit [Ping timeout]
19:06:01 -!- Rawr|Fone has quit [Ping timeout]
19:34:19 -!- Rawr|Fone has quit [Ping timeout]
20:18:55 -!- skram has quit [Ping timeout]
21:14:52 -!- Rawr|Fone has quit [Ping timeout]
21:24:40 -!- Rawr|Fone has quit [Ping timeout]
21:36:03 -!- BioPhone has quit [Ping timeout]
21:55:54 -!- BioPone has quit [Read error: Connection reset by peer]
23:05:37 -!- BioPone has quit [EOF from client]
23:06:58 -!- Rawr|Fone has quit [Ping timeout]
23:07:34 -!- Cane has quit [Read error: Connection reset by peer]
23:13:54 -!- Zounds has quit [Signed off]
23:16:30 -!- Golly has quit [Ping timeout]
23:30:50 -!- Micen has quit [EOF from client]
