00:07:22 -!- Crisium|2 has quit [Read error: Connection reset by peer]
00:29:39 -!- BioPhone has quit [Read error: Connection reset by peer]
00:31:24 -!- BioPone has quit [Signed off]
01:07:59 -!- tredc has quit [Signed off]
02:12:35 -!- Runbunny has quit [Signed off]
02:36:32 -!- Crisium has quit [Signed off]
06:00:54 -!- Camail has quit [Signed off]
06:08:56 -!- Micen|Droid has quit [Read error: Connection reset by peer]
07:03:58 -!- Rawr|Fone has quit [Ping timeout]
08:02:26 -!- DuB` has quit [Signed off]
09:35:37 -!- Dot` has quit [Ping timeout]
14:41:58 -!- Dot` has quit [Ping timeout]
14:53:47 -!- Golly has quit [Ping timeout]
15:09:12 -!- Crisium has quit [Ping timeout]
15:53:56 -!- Dot` has quit [Ping timeout]
16:50:10 -!- skrm has quit [Signed off]
17:15:16 -!- Dot` has quit [Ping timeout]
17:32:01 -!- Dot` has quit [Signed off]
18:27:14 -!- Rawr|Fone has quit [Ping timeout]
20:56:39 -!- BioPhone has quit [Ping timeout]
21:06:38 -!- skram has quit [Ping timeout]
21:18:37 -!- Golly has quit [Ping timeout]
21:57:01 -!- BioPone has quit [Read error: Connection reset by peer]
22:43:03 -!- Runbunny has quit [Signed off]
22:47:42 -!- Golly has quit [Signed off]
22:54:35 -!- reification has quit [Signed off]
