00:01:25 -!- tredc has quit [Signed off]
00:05:15 -!- BioPhone has quit [Signed off]
01:05:43 -!- Runbunny has quit [Signed off]
01:16:45 -!- Crisium has quit [Signed off]
02:40:40 -!- BioPhone has quit [Ping timeout]
02:54:15 -!- BioPone has quit [EOF from client]
02:55:49 -!- Rawr|Fone has quit [Ping timeout]
03:59:00 -!- BioPone has quit [Ping timeout]
04:54:37 -!- skrm has quit [Signed off]
05:56:27 -!- Micen_ has quit [Ping timeout]
06:39:39 -!- Camail has quit [Read error: Connection reset by peer]
06:47:26 -!- skram has quit [Ping timeout]
07:15:55 -!- DuB` has quit [Signed off]
07:19:10 -!- DoT|Phone has quit [Ping timeout]
07:19:45 -!- Rawr|Fone has quit [Ping timeout]
11:45:44 -!- Rawr|Fone has quit [Ping timeout]
11:49:55 -!- BioPhone has quit [EOF from client]
11:57:06 -!- BioPhone has quit [EOF from client]
12:38:58 -!- Golly has quit [Ping timeout]
13:13:29 -!- BioPhone has quit [EOF from client]
13:29:49 -!- BioPhone has quit [EOF from client]
13:33:25 -!- BioPhone has quit [EOF from client]
14:02:43 -!- BioPhone has quit [Read error: Connection reset by peer]
14:13:39 -!- Rawr|Phone has quit [Ping timeout]
14:38:40 -!- DoT|Phone1 has quit [Read error: Connection reset by peer]
15:46:03 -!- skram has quit [Signed off]
15:50:29 -!- BioPhone has quit [Read error: Connection reset by peer]
15:57:29 -!- BioPhone has quit [Ping timeout]
17:26:10 -!- skram has quit [Ping timeout]
17:32:42 -!- DoT|Phone has quit [Ping timeout]
17:34:22 -!- Dot` has quit [Ping timeout]
18:12:15 -!- BioPone has quit [EOF from client]
18:16:43 -!- BioPone has quit [EOF from client]
18:18:28 -!- Zounds has quit [Signed off]
19:49:59 -!- BioPone has quit [EOF from client]
20:19:38 -!- BioPone has quit [EOF from client]
20:26:45 -!- Golly has quit [Ping timeout]
21:07:47 -!- BioPone has quit [EOF from client]
21:14:07 -!- BioPone has quit [EOF from client]
21:25:56 -!- Bio has quit [Read error: Connection reset by peer]
21:38:01 -!- reification has quit [Ping timeout]
22:20:37 -!- Crisium has quit [Ping timeout]
22:31:09 -!- BioPone has quit [EOF from client]
22:58:40 -!- Micen|Droid has quit [Read error: Connection reset by peer]
23:23:21 -!- Crisium has quit [Ping timeout]
23:37:58 -!- Runbunny has quit [Signed off]
23:52:15 -!- tredc has quit [Signed off]
23:56:23 -!- reification has quit [Signed off]
