00:18:25 -!- tredc has quit [Signed off]
01:47:08 -!- Dot has quit [Ping timeout]
02:04:19 -!- Dot` has quit [Ping timeout]
02:21:30 -!- Dot has quit [Ping timeout]
03:03:20 -!- Dot` has quit [Ping timeout]
03:23:18 -!- Dot has quit [Ping timeout]
03:52:03 -!- Crisium has quit [Signed off]
05:39:01 -!- Rawr|Fone has quit [Ping timeout]
05:44:58 -!- Dot` has quit [Ping timeout]
06:47:40 -!- DuB` has quit [Signed off]
07:04:57 -!- Camail has quit [Signed off]
09:01:04 -!- Dot has quit [Ping timeout]
10:02:15 -!- skram has quit [Ping timeout]
10:57:45 -!- Dot` has quit [Ping timeout]
11:00:35 -!- Dot has quit [Ping timeout]
12:50:30 -!- Rawr|Fone has quit [Ping timeout]
12:50:36 -!- BioSleep has quit [Ping timeout]
13:02:38 -!- Dot` has quit [Read error: Connection reset by peer]
13:16:38 -!- Dot has quit [Ping timeout]
13:58:57 -!- Dot` has quit [Ping timeout]
14:00:42 -!- Dot has quit [Ping timeout]
14:08:35 -!- skram has quit [Ping timeout]
14:14:47 -!- Dot`_ has quit [Ping timeout]
14:40:32 -!- Crisium has quit [Ping timeout]
14:51:26 -!- Dot has quit [Ping timeout]
15:00:16 -!- Rawr|Phone has quit [Ping timeout]
15:14:06 -!- Dot` has quit [Ping timeout]
15:21:26 -!- Dot has quit [Ping timeout]
15:22:47 -!- Crisium|2 has quit [Ping timeout]
15:26:45 -!- Dot` has quit [Ping timeout]
16:18:15 -!- Methos has quit [Signed off]
17:52:38 -!- Micen has quit [Read error: Connection reset by peer]
18:27:24 -!- Dot has quit [Ping timeout]
18:31:45 -!- Dot` has quit [Signed off]
20:14:38 -!- Zounds has quit [Ping timeout]
20:19:01 -!- Crisium has quit [Ping timeout]
20:52:58 -!- Zounds has quit [Signed off]
22:40:45 -!- Runbunny has quit [Signed off]
22:48:33 -!- Golly has quit [Ping timeout]
23:10:05 -!- skram has quit [Ping timeout]
23:17:49 -!- Rawr|Fone has quit [Ping timeout]
