00:05:05 -!- skram has quit [Ping timeout]
00:11:59 -!- Rawr|Fone has quit [Ping timeout]
00:42:59 -!- reification has quit [Signed off]
00:43:29 -!- Rawr|Fone has quit [Ping timeout]
02:32:05 -!- tredc has quit [Signed off]
02:46:37 -!- Runbunny has quit [Signed off]
02:57:14 -!- Rawr|Fone has quit [Ping timeout]
03:15:42 -!- Rawr|Fone has quit [Ping timeout]
03:46:52 -!- Rawr|Fone has quit [Ping timeout]
05:29:39 -!- Dot` has quit [Ping timeout]
05:43:41 -!- Rawr|Fone has quit [Ping timeout]
06:07:59 -!- DuB` has quit [Signed off]
07:13:26 -!- Rawr|Fone has quit [Ping timeout]
08:46:46 -!- Rawr|Fone has quit [Ping timeout]
10:05:07 -!- Rawr|Fone has quit [Ping timeout]
11:13:22 -!- Rawr|Fone has quit [Ping timeout]
13:12:59 -!- BioPone has quit [Read error: Connection reset by peer]
13:25:58 -!- reification has quit [Ping timeout]
14:10:17 -!- Rawr|Phone has quit [Ping timeout]
14:45:34 -!- Rawr|Fone has quit [Ping timeout]
14:50:04 -!- BioPone has quit [Read error: Connection reset by peer]
15:18:58 -!- carcinisation has quit [Ping timeout]
16:02:17 -!- Rawr|Fone has quit [Ping timeout]
16:05:10 -!- BioPhone has quit [EOF from client]
16:10:26 -!- BioPhone has quit [EOF from client]
17:22:41 -!- Rawr|Fone has quit [Ping timeout]
18:45:31 -!- Rawr|Fone has quit [Ping timeout]
18:55:01 -!- Rawr|Fone has quit [Ping timeout]
19:02:12 -!- BioPhone has quit [EOF from client]
19:27:48 -!- Rawr|Fone has quit [Ping timeout]
20:13:24 -!- Rawr|Fone has quit [Ping timeout]
21:32:14 -!- Rawr|Fone has quit [Ping timeout]
21:41:40 -!- BioPhone has quit [Ping timeout]
21:51:11 -!- Dot|Phone has quit [Signed off]
22:07:15 -!- BioPone has quit [Read error: Connection reset by peer]
22:09:31 -!- Rawr|Fone has quit [Ping timeout]
22:25:13 -!- Rawr|Fone has quit [Ping timeout]
22:34:29 -!- Golly has quit [Ping timeout]
23:18:58 -!- reification has quit [Ping timeout]
23:22:58 -!- carcinisation has quit [Ping timeout]
