00:06:15 -!- tredc has quit [Signed off]
00:09:34 -!- reification has quit [Signed off]
01:12:09 -!- Runbunny has quit [Signed off]
01:30:04 -!- Rawr|Fone has quit [Ping timeout]
02:02:16 -!- Crisium has quit [Signed off]
02:08:16 -!- DuB` has quit [Signed off]
02:37:24 -!- Rawr|Fone has quit [Ping timeout]
04:11:35 -!- Camail has quit [Signed off]
04:17:17 -!- skram has quit [Ping timeout]
05:08:01 -!- Rawr|Fone has quit [Ping timeout]
06:39:21 -!- Rawr|Fone has quit [Ping timeout]
07:15:36 -!- Rawr|Fone has quit [Ping timeout]
10:22:58 -!- Rawr|Fone has quit [Ping timeout]
10:28:38 -!- Cane has quit [Signed off]
10:45:29 -!- reification has quit [Ping timeout]
12:48:36 -!- Rawr|Phone has quit [Ping timeout]
13:28:05 -!- BioPone has quit [Ping timeout]
14:10:54 -!- BioPone has quit [Ping timeout]
14:51:37 -!- skram has quit [Ping timeout]
14:53:13 -!- Rawr|Fone has quit [Ping timeout]
15:09:41 -!- Rawr|Fone has quit [Ping timeout]
15:12:29 -!- reification has quit [Ping timeout]
15:12:29 -!- Dot` has quit [Ping timeout]
15:40:43 -!- Rawr|Fone has quit [Ping timeout]
16:19:12 -!- Rawr|Fone has quit [Ping timeout]
17:01:18 -!- Rawr|Fone has quit [Ping timeout]
17:41:32 -!- Rawr|Fone has quit [Ping timeout]
17:47:53 -!- DuB|fon has quit [Signed off]
17:54:36 -!- Rawr|Fone has quit [Ping timeout]
18:10:38 -!- Rawr|Fone has quit [Ping timeout]
18:36:23 -!- Rawr|Fone has quit [Ping timeout]
19:04:44 -!- DuB|fon has quit [Read error: Connection reset by peer]
19:07:18 -!- Rawr|Phone has quit [Signed off]
19:10:25 -!- DuBphon has quit [Ping timeout]
20:01:58 -!- BioPone has quit [EOF from client]
20:07:05 -!- BioPone has quit [EOF from client]
20:15:10 -!- Camail has quit [Ping timeout]
20:27:12 -!- Camail_ has quit [Signed off]
20:52:37 -!- Zounds has quit [Ping timeout]
21:24:34 -!- DuBphon has quit [Signed off]
21:26:01 -!- DuB|fon has quit [Ping timeout]
21:31:01 -!- BioPone has quit [Read error: Connection reset by peer]
21:46:39 -!- Rawr|Fone has quit [Ping timeout]
22:02:54 -!- Golly has quit [Ping timeout]
23:05:35 -!- Dot` has quit [Signed off]
23:42:26 -!- BioPone has quit [Read error: Connection reset by peer]
23:57:29 -!- Cane has quit [Read error: Connection reset by peer]
