00:08:12 -!- DoT|Phone1 has quit [Ping timeout]
00:08:17 -!- reification has quit [Signed off]
00:20:02 -!- Golly has quit [Ping timeout]
00:29:31 -!- Crisium has quit [Signed off]
00:57:31 -!- skrma has quit [Ping timeout]
01:21:54 -!- Rawr|Fone has quit [Ping timeout]
01:55:45 -!- Rawr|Fone has quit [Ping timeout]
02:04:40 -!- DoT|Phone has quit [Read error: Connection reset by peer]
02:16:29 -!- Camail has quit [Signed off]
02:22:44 -!- DuB` has quit [Signed off]
03:41:18 -!- Rawr|Fone has quit [Ping timeout]
05:13:16 -!- DuB` has quit [Signed off]
05:56:38 -!- Rawr|Fone has quit [Ping timeout]
06:56:32 -!- Rawr|Fone has quit [Ping timeout]
07:12:42 -!- Rawr|Fone has quit [Ping timeout]
07:45:51 -!- Rawr|Fone has quit [Ping timeout]
09:43:40 -!- DoT|Phone1 has quit [Ping timeout]
10:07:26 -!- DoT|Phone has quit [Read error: Connection reset by peer]
10:15:39 -!- Rawr|Fone has quit [Ping timeout]
10:28:24 -!- DoT|Phone1 has quit [Read error: Connection reset by peer]
10:33:08 -!- Golly has quit [Ping timeout]
11:18:56 -!- Rawr|Fone has quit [Ping timeout]
11:28:42 -!- skram has quit [Ping timeout]
12:37:38 -!- Rawr|Fone has quit [Ping timeout]
13:13:53 -!- Rawr|Fone has quit [Ping timeout]
13:53:05 -!- reification has quit [EOF from client]
14:07:25 -!- reification has quit [Ping timeout]
14:09:20 -!- carcinisation has quit [EOF from client]
14:17:34 -!- Rawr|Fone has quit [Ping timeout]
15:09:31 -!- Rawr|Fone has quit [Ping timeout]
16:04:27 -!- DoT|Phone has quit [Ping timeout]
16:14:18 -!- DoT|Phone1 has quit [Read error: Connection reset by peer]
16:20:26 -!- DuB` has quit [Read error: Connection reset by peer]
16:27:18 -!- Rawr|Fone has quit [Ping timeout]
16:47:55 -!- reification has quit [Ping timeout]
16:55:55 -!- carcinisation has quit [Ping timeout]
17:53:48 -!- BioPone has quit [Read error: Connection reset by peer]
18:05:04 -!- BioPone has quit [Ping timeout]
18:06:44 -!- Bio has quit [Ping timeout]
18:23:46 -!- Rawr|Fone has quit [Ping timeout]
18:54:22 -!- Rawr|Phone has quit [Ping timeout]
19:00:43 -!- Rawr|Fone has quit [Ping timeout]
19:31:12 -!- BioPone has quit [EOF from client]
19:54:51 -!- BioPone has quit [EOF from client]
20:07:07 -!- Rawr|Fone has quit [Ping timeout]
20:13:25 -!- reimeuk has quit [Ping timeout]
21:02:05 -!- reification has quit [Read error: Connection reset by peer]
21:07:23 -!- reification has quit [EOF from client]
21:44:54 -!- Golly has quit [Ping timeout]
21:55:12 -!- Rawr|Fone has quit [Ping timeout]
22:16:00 -!- Rawr|Fone has quit [Ping timeout]
23:05:53 -!- Rawr|Fone has quit [Ping timeout]
