00:09:45 -!- Crisium has quit [Ping timeout]
00:19:32 -!- BioPhone has quit [EOF from client]
00:23:45 -!- tredc has quit [Signed off]
00:27:33 -!- Camail has quit [Read error: Connection reset by peer]
00:54:35 -!- CrisPone has quit [Signed off]
00:59:15 -!- carcinisation has quit [Signed off]
01:38:21 -!- Zounds has quit [Signed off]
01:45:42 -!- Golly has quit [Ping timeout]
02:34:22 -!- Rawr|Fone has quit [Ping timeout]
02:52:21 -!- skram has quit [Ping timeout]
03:18:27 -!- Crisium has quit [Read error: Connection reset by peer]
03:45:21 -!- Rawr|Fone has quit [Ping timeout]
03:55:14 -!- Runbunny has quit [Signed off]
05:53:36 -!- CrisPone has quit [Signed off]
05:55:08 -!- Rawr|Fone has quit [Ping timeout]
06:32:53 -!- Crisium|2 has quit [Signed off]
06:37:54 -!- Dot` has quit [Ping timeout]
06:48:30 -!- Rawr|Fone has quit [Ping timeout]
07:27:54 -!- DuB` has quit [Signed off]
07:57:08 -!- BioPhone has quit [EOF from client]
11:12:49 -!- Rawr|Fone has quit [Ping timeout]
11:35:39 -!- Camail has quit [Read error: Connection reset by peer]
11:52:39 -!- Dot|Phone has quit [Signed off]
14:54:10 -!- BioPhone has quit [Ping timeout]
16:43:05 -!- BioPone has quit [Signed off]
16:55:22 -!- Rawr|Fone has quit [Ping timeout]
18:01:42 -!- Rawr|Phone has quit [Ping timeout]
18:05:55 -!- reification has quit [Ping timeout]
18:14:36 -!- Rawr|Fone has quit [Ping timeout]
18:27:07 -!- Rawr|Fone has quit [Ping timeout]
19:44:39 -!- Rawr|Fone has quit [Ping timeout]
19:59:59 -!- skram has quit [Ping timeout]
21:09:07 -!- Rawr|Fone has quit [Ping timeout]
21:16:08 -!- Rawr|Phone has quit [Read error: Connection reset by peer]
21:26:14 -!- Golly has quit [Ping timeout]
21:40:57 -!- Rawr|Fone has quit [Ping timeout]
21:52:56 -!- Crisium has quit [Ping timeout]
21:54:05 -!- Rawr|Fone has quit [Ping timeout]
22:04:03 -!- Rawr|Fone has quit [Ping timeout]
22:06:02 -!- CrisPone has quit [Signed off]
22:12:51 -!- skrma has quit [Read error: Connection reset by peer]
22:25:27 -!- Rawr|Fone has quit [Ping timeout]
22:28:55 -!- reification has quit [Ping timeout]
22:30:27 -!- Runbunny has quit [Signed off]
23:09:14 -!- Zounds has quit [Ping timeout]
