22:01:40 -!- Zounds has quit [Signed off]
22:20:48 -!- Crisium has quit [Ping timeout]
22:38:17 -!- skram has quit [Ping timeout]
23:01:23 -!- Golly has quit [Ping timeout]
23:21:32 -!- Golly has quit [Signed off]
23:29:57 -!- DuB` has quit [Ping timeout]
23:47:16 -!- Cane has quit [*.net *.split]
23:47:16 -!- cmc has quit [*.net *.split]
23:47:16 -!- Westy543 has quit [*.net *.split]
23:47:16 -!- Bio has quit [*.net *.split]
23:47:16 -!- Rawr|Fone has quit [*.net *.split]
23:47:16 -!- motbob has quit [*.net *.split]
23:47:16 -!- Emily has quit [*.net *.split]
23:47:16 -!- CockRoach|42 has quit [*.net *.split]
23:47:16 -!- DoT|Phone1 has quit [*.net *.split]
23:47:16 -!- Raelcun has quit [*.net *.split]
23:47:16 -!- Runbunny has quit [*.net *.split]
23:47:16 -!- DvB` has quit [*.net *.split]
23:53:11 -!- reification has quit [Signed off]
23:59:23 -!- CockRoach|42 has quit [Registered]
