00:21:51 -!- tredc has quit [Signed off]
00:50:09 -!- Phearlock has quit [Ping timeout]
01:40:30 -!- skraam has quit [Ping timeout]
02:07:17 -!- Rawr|Phone has quit [Ping timeout]
03:01:48 -!- Crisium has quit [Signed off]
03:34:04 -!- DuB` has quit [Ping timeout]
05:17:48 -!- Dot` has quit [Ping timeout]
05:22:43 -!- Rawr|Fone has quit [Ping timeout]
06:04:05 -!- DvB` has quit [Signed off]
08:16:01 -!- Camail has quit [Read error: Connection reset by peer]
08:33:43 -!- reification has quit [Ping timeout]
09:35:48 -!- carcinisation has quit [Signed off]
14:15:00 -!- Cane has quit [Signed off]
14:15:26 -!- Cane has quit [Signed off]
15:53:33 -!- skram has quit [Ping timeout]
18:43:57 -!- Micen|Droid has quit [Ping timeout]
19:11:23 -!- Zounds has quit [Ping timeout]
19:37:57 -!- skram has quit [Ping timeout]
19:40:38 -!- Micen|Droid_ has quit [Ping timeout]
20:14:56 -!- Rawr|Fone has quit [Ping timeout]
20:33:00 -!- Golly has quit [Ping timeout]
20:49:59 -!- skraam has quit [Read error: Connection reset by peer]
21:06:37 -!- DuB` has quit [Ping timeout]
22:47:01 -!- Zounds has quit [Signed off]
23:22:00 -!- Micen|Droid has quit [Ping timeout]
23:27:21 -!- reification has quit [Signed off]
23:37:35 -!- tredc has quit [Signed off]
