00:18:17 -!- tredc has quit [Signed off]
01:09:32 -!- skram has quit [Ping timeout]
03:09:54 -!- Phearlock has quit [Ping timeout]
03:29:20 -!- DuB` has quit [Ping timeout]
03:45:14 -!- Rawr|Fone has quit [Ping timeout]
04:32:49 -!- DvB` has quit [Ping timeout]
04:59:49 -!- DoT` has quit [Ping timeout]
05:14:16 -!- DoT|Phone has quit [Ping timeout]
06:01:51 -!- Camail has quit [Read error: Connection reset by peer]
06:44:04 -!- DuB` has quit [Signed off]
10:16:11 -!- Bio has quit [Ping timeout]
15:03:03 -!- BioPone has quit [Read error: Connection reset by peer]
15:11:59 -!- BioPone has quit [Ping timeout]
16:51:00 -!- skram has quit [Ping timeout]
16:52:37 -!- skrma has quit [Ping timeout]
17:09:34 -!- BioPone has quit [Ping timeout]
17:32:46 -!- Rawr|Fone has quit [Ping timeout]
19:40:10 -!- Rawr|Fone has quit [Ping timeout]
21:35:27 -!- DuB|fon has quit [Signed off]
22:14:50 -!- Golly has quit [Ping timeout]
22:49:35 -!- BioPone has quit [EOF from client]
23:02:06 -!- BioPone has quit [Signed off]
23:04:37 -!- tredc has quit [Signed off]
23:14:56 -!- Runbunny has quit [Signed off]
23:42:31 -!- reification has quit [Signed off]
