00:12:09 -!- tredc has quit [Signed off]
00:22:20 -!- BioPone has quit [EOF from client]
00:32:38 -!- Rawr|Fone has quit [Ping timeout]
00:55:57 -!- BioPone has quit [EOF from client]
01:27:15 -!- BioPone has quit [EOF from client]
01:28:27 -!- skram has quit [Ping timeout]
01:43:24 -!- BioPone has quit [EOF from client]
02:17:36 -!- Crisium has quit [Signed off]
02:33:34 -!- BioPone has quit [EOF from client]
02:35:35 -!- Rawr|Fone has quit [Ping timeout]
02:57:04 -!- skram has quit [Signed off]
03:08:14 -!- BioPone has quit [EOF from client]
03:08:45 -!- DoT` has quit [Ping timeout]
03:10:36 -!- Rawr|Fone has quit [Ping timeout]
03:15:07 -!- Camail has quit [Signed off]
04:17:29 -!- DuB` has quit [Signed off]
06:08:24 -!- DoT|Phone1 has quit [Ping timeout]
06:15:28 -!- Rawr|Fone has quit [Ping timeout]
06:25:35 -!- Camail has quit [Signed off]
09:10:47 -!- reification has quit [Ping timeout]
10:47:14 -!- Rawr|Fone has quit [Ping timeout]
10:50:46 -!- reification has quit [Ping timeout]
11:09:28 -!- Rawr|Fone has quit [Ping timeout]
11:12:46 -!- carcinisation has quit [Ping timeout]
11:14:16 -!- reimeuk has quit [Ping timeout]
12:19:33 -!- Rawr|Fone has quit [Ping timeout]
12:19:34 -!- BioPone has quit [Read error: Connection reset by peer]
12:41:41 -!- Rawr|Fone has quit [Ping timeout]
13:10:41 -!- Golly has quit [Ping timeout]
13:26:04 -!- Rawr|Fone has quit [Ping timeout]
13:44:11 -!- DoT|Phone has quit [Read error: Connection reset by peer]
14:20:39 -!- DuB|fon has quit [EOF from client]
14:21:03 -!- Rawr|Fone has quit [Ping timeout]
14:51:10 -!- skram has quit [Ping timeout]
15:15:18 -!- DuB|fon has quit [EOF from client]
15:46:04 -!- reification has quit [Ping timeout]
15:52:54 -!- BioPhone has quit [Ping timeout]
16:19:46 -!- Rawr|Fone has quit [Ping timeout]
16:25:04 -!- carcinisation has quit [Ping timeout]
16:38:07 -!- Rawr|Phone has quit [Read error: Connection reset by peer]
16:53:14 -!- BioPone has quit [EOF from client]
17:04:06 -!- BioPone has quit [EOF from client]
17:23:01 -!- BioPone has quit [Read error: Connection reset by peer]
17:50:32 -!- Rawr|Fone has quit [Ping timeout]
19:06:09 -!- Rawr|Fone has quit [Ping timeout]
19:16:57 -!- BioPhone has quit [EOF from client]
19:49:10 -!- BioPhone has quit [EOF from client]
20:13:46 -!- Rawr|Fone has quit [Read error: Connection reset by peer]
20:20:00 -!- Rawr|Fone has quit [Ping timeout]
20:46:18 -!- Rawr|Phone has quit [Read error: Connection reset by peer]
21:05:54 -!- BioPhone has quit [Ping timeout]
21:29:19 -!- BioPone has quit [Read error: Connection reset by peer]
21:38:11 -!- Rawr|Fone has quit [Ping timeout]
21:44:34 -!- reification has quit [Ping timeout]
22:28:02 -!- Rawr|Fone has quit [Ping timeout]
23:17:23 -!- skram has quit [Ping timeout]
23:19:11 -!- Rawr|Fone has quit [Ping timeout]
23:30:20 -!- tredc has quit [Signed off]
23:30:45 -!- Runbunny has quit [Signed off]
23:41:44 -!- Rawr|Fone has quit [Ping timeout]
23:51:04 -!- carcinisation has quit [Ping timeout]
