00:18:41 -!- Crisium has quit [Ping timeout]
00:25:44 -!- reification has quit [Ping timeout]
00:48:27 -!- Rawr|Fone has quit [Ping timeout]
00:53:23 -!- reification has quit [Signed off]
01:02:55 -!- Zounds has quit [Signed off]
01:38:19 -!- Rawr|Fone has quit [Ping timeout]
01:55:35 -!- BioPhone has quit [EOF from client]
02:11:04 -!- BioPhone has quit [EOF from client]
02:15:44 -!- BioPhone has quit [EOF from client]
02:50:27 -!- Rawr|Fone has quit [Ping timeout]
03:08:24 -!- BioPhone has quit [EOF from client]
03:16:06 -!- Dot|Phone has quit [Signed off]
03:42:56 -!- Camail has quit [Signed off]
03:53:26 -!- BioPhone has quit [EOF from client]
04:37:13 -!- Rawr|Fone has quit [Ping timeout]
05:13:12 -!- skram has quit [Ping timeout]
07:24:30 -!- DuB` has quit [Ping timeout]
07:26:28 -!- Rawr|Fone has quit [Ping timeout]
07:52:24 -!- Rawr|Fone has quit [Ping timeout]
09:08:56 -!- Rawr|Fone has quit [Ping timeout]
10:40:43 -!- Rawr|Fone has quit [Ping timeout]
11:33:10 -!- reification has quit [Signed off]
11:39:50 -!- Rawr|Fone has quit [Ping timeout]
12:05:59 -!- Rawr|Fone has quit [Ping timeout]
14:58:44 -!- BioPhone has quit [EOF from client]
15:22:31 -!- Rawr|Fone has quit [Ping timeout]
15:41:04 -!- Rawr|Fone has quit [Ping timeout]
16:07:08 -!- BioPhone has quit [EOF from client]
16:11:19 -!- Rawr|Fone has quit [Ping timeout]
18:30:24 -!- Cane has quit [Signed off]
18:42:42 -!- reification has quit [Signed off]
19:01:34 -!- Camail has quit [Ping timeout]
19:04:07 -!- BioPhone has quit [EOF from client]
20:01:23 -!- Rawr|Phone has quit [Read error: Connection reset by peer]
20:44:09 -!- reification has quit [Signed off]
20:50:29 -!- Rawr|Fone has quit [Ping timeout]
20:54:04 -!- Golly has quit [Ping timeout]
21:12:09 -!- Rawr|Fone has quit [Ping timeout]
21:21:50 -!- Rawr|Fone has quit [Ping timeout]
21:26:26 -!- skram has quit [Ping timeout]
22:06:56 -!- Crisium has quit [Ping timeout]
22:37:27 -!- Rawr|Fone has quit [Ping timeout]
22:38:53 -!- Runbunny has quit [Signed off]
23:38:18 -!- reification has quit [Signed off]
