00:13:49 -!- tredc has quit [Signed off]
00:44:50 -!- Golly has quit [Ping timeout]
01:55:57 -!- Rawr|Fone has quit [Ping timeout]
02:07:14 -!- Camail has quit [Signed off]
02:18:51 -!- Rawr|Fone has quit [Ping timeout]
02:43:04 -!- Crisium has quit [Signed off]
04:16:53 -!- DuB` has quit [Signed off]
04:23:16 -!- Rawr|Fone has quit [Ping timeout]
05:28:48 -!- Rawr|Fone has quit [Ping timeout]
05:44:14 -!- Rawr|Fone has quit [Ping timeout]
06:03:19 -!- Rawr|Fone has quit [Ping timeout]
06:15:21 -!- Rawr|Fone has quit [Ping timeout]
07:30:24 -!- DoT|Phone has quit [Ping timeout]
09:43:23 -!- reification has quit [Ping timeout]
09:51:32 -!- Zounds has quit [Signed off]
11:39:55 -!- skram has quit [Ping timeout]
11:41:56 -!- DoT|Phone1 has quit [Ping timeout]
12:21:24 -!- skraam has quit [Ping timeout]
12:31:02 -!- BioPone has quit [Read error: Connection reset by peer]
14:06:20 -!- Rawr|Phone has quit [Ping timeout]
14:49:35 -!- Rawr|Fone has quit [Ping timeout]
15:31:15 -!- Rawr|Fone has quit [Ping timeout]
16:09:25 -!- BioPhone has quit [EOF from client]
16:24:32 -!- Rawr|Fone has quit [Ping timeout]
17:11:54 -!- DoT|Phone has quit [Read error: Connection reset by peer]
17:42:20 -!- Rawr|Fone has quit [Ping timeout]
18:07:53 -!- BioPhone has quit [EOF from client]
18:18:46 -!- Rawr|Fone has quit [Ping timeout]
18:36:34 -!- Rawr|Fone has quit [Ping timeout]
18:54:51 -!- Rawr|Fone has quit [Ping timeout]
19:04:05 -!- BioPhone has quit [EOF from client]
19:15:19 -!- Rawr|Fone has quit [Ping timeout]
19:48:16 -!- BioPhone has quit [EOF from client]
19:48:16 -!- DuB|fon has quit [Read error: Connection reset by peer]
19:50:56 -!- Rawr|Fone has quit [Ping timeout]
19:51:16 -!- DuBphon has quit [Read error: Connection reset by peer]
19:55:58 -!- BioPhone has quit [EOF from client]
20:02:21 -!- Runbunny has quit [Ping timeout]
20:26:38 -!- Rawr|Fone has quit [Ping timeout]
20:37:54 -!- BioPhone has quit [Ping timeout]
20:44:06 -!- Rawr|Fone has quit [Ping timeout]
20:46:52 -!- Camail has quit [Read error: Connection reset by peer]
20:57:36 -!- BioPone has quit [Read error: Connection reset by peer]
20:58:25 -!- skrm has quit [Signed off]
21:11:58 -!- Rawr|Fone has quit [Ping timeout]
21:17:57 -!- DoT` has quit [Ping timeout]
21:23:32 -!- Runbunny has quit [Signed off]
21:34:35 -!- Rawr|Fone has quit [Ping timeout]
21:45:31 -!- DuBphon has quit [Signed off]
22:01:23 -!- Rawr|Fone has quit [Ping timeout]
22:44:54 -!- Zounds has quit [Ping timeout]
