00:11:29 -!- skram has quit [Ping timeout]
00:17:28 -!- Crisium has quit [Ping timeout]
00:24:58 -!- Crisium|2 has quit [Ping timeout]
00:41:39 -!- DoT|Phone has quit [Read error: Connection reset by peer]
00:52:03 -!- Golly has quit [Ping timeout]
00:53:04 -!- Rawr|Fone has quit [Ping timeout]
01:21:21 -!- BioPone has quit [EOF from client]
01:26:15 -!- BioPone has quit [EOF from client]
01:27:03 -!- skraam has quit [Ping timeout]
01:32:14 -!- Cane has quit [Signed off]
01:51:02 -!- Rawr|Fone has quit [Ping timeout]
02:00:50 -!- BioPone has quit [EOF from client]
02:08:26 -!- Crisium has quit [Signed off]
02:12:59 -!- BioPone has quit [EOF from client]
02:19:40 -!- Rawr|Fone has quit [Ping timeout]
02:29:18 -!- BioPone has quit [EOF from client]
02:41:16 -!- Rawr|Fone has quit [Ping timeout]
03:12:51 -!- Rawr|Fone has quit [Ping timeout]
03:40:22 -!- Rawr|Fone has quit [Ping timeout]
04:01:35 -!- Rawr|Fone has quit [Ping timeout]
04:03:41 -!- DuB` has quit [Signed off]
04:28:20 -!- Micen_ has quit [Read error: Connection reset by peer]
04:34:42 -!- Rawr|Fone has quit [Ping timeout]
04:49:04 -!- Rawr|Fone has quit [Ping timeout]
05:01:16 -!- BioPone has quit [EOF from client]
05:28:02 -!- Rawr|Fone has quit [Ping timeout]
06:00:50 -!- Rawr|Fone has quit [Ping timeout]
06:08:39 -!- Rawr|Fone has quit [Ping timeout]
06:31:19 -!- Rawr|Fone has quit [Ping timeout]
06:48:19 -!- DoT` has quit [Ping timeout]
06:57:52 -!- Rawr|Fone has quit [Ping timeout]
07:56:42 -!- Camail has quit [Read error: Connection reset by peer]
10:12:52 -!- reification has quit [Ping timeout]
10:45:07 -!- DoT|Phone has quit [Read error: Connection reset by peer]
12:45:45 -!- BioPone has quit [Ping timeout]
15:53:05 -!- BioPone has quit [Read error: Connection reset by peer]
16:22:04 -!- skram has quit [Ping timeout]
16:50:04 -!- BioPone has quit [EOF from client]
16:58:07 -!- BioPone has quit [EOF from client]
17:01:04 -!- BioPone has quit [EOF from client]
17:34:06 -!- Rawr|Phone has quit [Ping timeout]
18:17:12 -!- BioPone has quit [EOF from client]
18:20:57 -!- BioPone has quit [EOF from client]
18:37:36 -!- Rawr|Fone has quit [Ping timeout]
18:56:51 -!- BioPone has quit [EOF from client]
19:02:23 -!- BioPone has quit [EOF from client]
19:24:45 -!- BioPone has quit [EOF from client]
19:31:11 -!- BioPone has quit [EOF from client]
19:41:16 -!- BioPone has quit [EOF from client]
19:46:34 -!- BioPone has quit [EOF from client]
20:03:53 -!- DuB|fon has quit [Signed off]
20:19:11 -!- BioPone has quit [EOF from client]
20:26:03 -!- Rawr|Fone has quit [Ping timeout]
20:55:33 -!- Rawr|Fone has quit [Ping timeout]
21:03:31 -!- Rawr|Fone has quit [Ping timeout]
21:39:17 -!- BioPone has quit [Read error: Connection reset by peer]
21:47:56 -!- Rawr|Fone has quit [Ping timeout]
21:52:19 -!- Zounds has quit [Signed off]
22:00:47 -!- Rawr|Fone has quit [Ping timeout]
22:05:11 -!- DuB` has quit [Signed off]
22:36:01 -!- Runbunny has quit [Signed off]
22:52:14 -!- BioPone has quit [Ping timeout]
22:57:07 -!- reification has quit [Signed off]
23:03:08 -!- tredc has quit [Signed off]
23:31:59 -!- Golly has quit [Ping timeout]
23:50:05 -!- Rawr|Fone has quit [Ping timeout]
