17:51:21 :underworld1.no.quakenet.org 001 sweetiebot :Welcome to the QuakeNet IRC Network, sweetiebot
17:51:21 :underworld1.no.quakenet.org 002 sweetiebot :Your host is underworld1.no.quakenet.org, running version u2.10.12.10+snircd(1.3.4a)
17:51:21 :underworld1.no.quakenet.org 003 sweetiebot :This server was created Sat Feb 7 2015 at 01:50:43 CET
17:51:21 :underworld1.no.quakenet.org 004 sweetiebot underworld1.no.quakenet.org u2.10.12.10+snircd(1.3.4a) dioswkgxRXInP biklmnopstvrDcCNuMT bklov
17:51:21 :underworld1.no.quakenet.org 005 sweetiebot WHOX WALLCHOPS WALLVOICES USERIP CPRIVMSG CNOTICE SILENCE=15 MODES=6 MAXCHANNELS=20 MAXBANS=45 NICKLEN=15 :are supported by this server
17:51:21 :underworld1.no.quakenet.org 005 sweetiebot MAXNICKLEN=15 TOPICLEN=250 AWAYLEN=160 KICKLEN=250 CHANNELLEN=200 MAXCHANNELLEN=200 CHANTYPES=#& PREFIX=(ov)@+ STATUSMSG=@+ CHANMODES=b,k,l,imnpstrDducCNMT CASEMAPPING=rfc1459 NETWORK=QuakeNet :are supported by this server
17:51:21 :underworld1.no.quakenet.org 251 sweetiebot :There are 16 users and 12518 invisible on 27 servers
17:51:21 :underworld1.no.quakenet.org 252 sweetiebot 57 :operator(s) online
17:51:21 :underworld1.no.quakenet.org 253 sweetiebot 1 :unknown connection(s)
17:51:21 :underworld1.no.quakenet.org 254 sweetiebot 10981 :channels formed
17:51:21 :underworld1.no.quakenet.org 255 sweetiebot :I have 1067 clients and 1 servers
17:51:21 :underworld1.no.quakenet.org 375 sweetiebot :- underworld1.no.quakenet.org Message of the Day - 
17:51:21 :underworld1.no.quakenet.org 372 sweetiebot :- 2014-12-11 12:37
17:51:21 :underworld1.no.quakenet.org 372 sweetiebot :- 
17:51:21 :underworld1.no.quakenet.org 372 sweetiebot :-            Welcome to the QuakeNet IRC Network!     __     __ 
17:51:21 :underworld1.no.quakenet.org 372 sweetiebot :- .--.--.-----.--|  |.-----.----.--.--.--.-----.----.|  |.--|  |
17:51:21 :underworld1.no.quakenet.org 372 sweetiebot :- |  |  |     |  _  ||  -__|   _|  |  |  |  _  |   _||  ||  _  |
17:51:21 :underworld1.no.quakenet.org 372 sweetiebot :- |_____|__|__|_____||_____|__| |________|_____|__|  |__||_____|
17:51:21 :underworld1.no.quakenet.org 372 sweetiebot :-     U N D E R W O R L D 1 . N O . Q U A K E N E T . O R G
17:51:21 :underworld1.no.quakenet.org 372 sweetiebot :- 
17:51:21 :underworld1.no.quakenet.org 372 sweetiebot :- This server is hosted by Underworld <www.underworld.no> in
17:51:21 :underworld1.no.quakenet.org 372 sweetiebot :- cooperation with Availo AS.
17:51:21 :underworld1.no.quakenet.org 372 sweetiebot :- 
17:51:21 :underworld1.no.quakenet.org 372 sweetiebot :-   [ Disclaimer ]
17:51:21 :underworld1.no.quakenet.org 372 sweetiebot :- 
17:51:21 :underworld1.no.quakenet.org 372 sweetiebot :- IRC is a free media, the operators of this network take no 
17:51:21 :underworld1.no.quakenet.org 372 sweetiebot :- responsibility whatsoever for opinions expressed or actions
17:51:21 :underworld1.no.quakenet.org 372 sweetiebot :- taken by users.
17:51:21 :underworld1.no.quakenet.org 372 sweetiebot :- 
17:51:21 :underworld1.no.quakenet.org 372 sweetiebot :- By connecting to this server you give us the right to
17:51:21 :underworld1.no.quakenet.org 372 sweetiebot :- probe your machine for open proxies/wingates.
17:51:21 :underworld1.no.quakenet.org 372 sweetiebot :- 
17:51:21 :underworld1.no.quakenet.org 372 sweetiebot :-   [ Staff ]
17:51:21 :underworld1.no.quakenet.org 372 sweetiebot :- 
17:51:21 :underworld1.no.quakenet.org 372 sweetiebot :- Administrator  ::  Hardy     <hardy(a)underworld.no>
17:51:21 :underworld1.no.quakenet.org 372 sweetiebot :- Operator       ::  akai       <akai(a)underworld.no>
17:51:21 :underworld1.no.quakenet.org 372 sweetiebot :- Operator       ::  Microbe <microbe(a)underworld.no>
17:51:21 :underworld1.no.quakenet.org 372 sweetiebot :- 
17:51:21 :underworld1.no.quakenet.org 372 sweetiebot :-   [ Rules ]                                       
17:51:21 :underworld1.no.quakenet.org 372 sweetiebot :- 
17:51:21 :underworld1.no.quakenet.org 372 sweetiebot :- This network may NOT be used for:
17:51:21 :underworld1.no.quakenet.org 372 sweetiebot :- 
17:51:21 :underworld1.no.quakenet.org 372 sweetiebot :- * Flooding (including flood/clonebots).
17:51:21 :underworld1.no.quakenet.org 372 sweetiebot :- * Distribution of copyrighted material (eg, warez, mp3, 
17:51:21 :underworld1.no.quakenet.org 372 sweetiebot :-   movies) or pornography.
17:51:21 :underworld1.no.quakenet.org 372 sweetiebot :- * Channels dedicated to cheats designed to cause unfair
17:51:21 :underworld1.no.quakenet.org 372 sweetiebot :-   advantage in multiplayer games.
17:51:21 :underworld1.no.quakenet.org 372 sweetiebot :- * Clones. Please contact info@quakenet.org if you require
17:51:21 :underworld1.no.quakenet.org 372 sweetiebot :-   more than five clients (LAN parties, bots, etc).
17:51:21 :underworld1.no.quakenet.org 372 sweetiebot :- * Attempts to takeover existing channels or network services.
17:51:21 :underworld1.no.quakenet.org 372 sweetiebot :- * Racism and/or Nazism.
17:51:21 :underworld1.no.quakenet.org 372 sweetiebot :- * Spamming and/or advertising.
17:51:21 :underworld1.no.quakenet.org 372 sweetiebot :- * Hacking (including Virus/Trojan distribution).
17:51:21 :underworld1.no.quakenet.org 372 sweetiebot :-  
17:51:21 :underworld1.no.quakenet.org 372 sweetiebot :- Continued use of this server indicates acceptance of these
17:51:21 :underworld1.no.quakenet.org 372 sweetiebot :- conditions.
17:51:21 :underworld1.no.quakenet.org 372 sweetiebot :- 
17:51:21 :underworld1.no.quakenet.org 372 sweetiebot :-   [ Information & Help ]
17:51:21 :underworld1.no.quakenet.org 372 sweetiebot :- 
17:51:21 :underworld1.no.quakenet.org 372 sweetiebot :- Quakenet web page     ::  http://www.quakenet.org
17:51:21 :underworld1.no.quakenet.org 372 sweetiebot :- Quakenet help page    ::  http://www.quakenet.org/faq
17:51:21 :underworld1.no.quakenet.org 372 sweetiebot :- Quakenet servers      ::  http://www.quakenet.org/servers
17:51:21 :underworld1.no.quakenet.org 372 sweetiebot :- 
17:51:21 :underworld1.no.quakenet.org 372 sweetiebot :- Network Channel       ::  #feds
17:51:21 :underworld1.no.quakenet.org 372 sweetiebot :- Help Channel          ::  #help
17:51:21 :underworld1.no.quakenet.org 372 sweetiebot :- Server Channel        ::  #underworld
17:51:21 :underworld1.no.quakenet.org 372 sweetiebot :- Norwegian Channel     ::  #Norge
17:51:21 :underworld1.no.quakenet.org 372 sweetiebot :- 
17:51:21 :underworld1.no.quakenet.org 372 sweetiebot :- You can contact the staff on <quakenet-staff(a)underworld.no>
17:51:21 :underworld1.no.quakenet.org 372 sweetiebot :- 
17:51:21 :underworld1.no.quakenet.org 372 sweetiebot :- This network has channel services. Consult the webpage above 
17:51:21 :underworld1.no.quakenet.org 372 sweetiebot :- to find information on how to use and obtain these services.
17:51:21 :underworld1.no.quakenet.org 372 sweetiebot :- 
17:51:21 :underworld1.no.quakenet.org 372 sweetiebot :-   [ Have a nice stay! ]
17:51:21 :underworld1.no.quakenet.org 372 sweetiebot :- 
17:51:21 :underworld1.no.quakenet.org 372 sweetiebot :- 
17:51:21 :underworld1.no.quakenet.org 376 sweetiebot :End of /MOTD command.
17:51:21 :underworld1.no.quakenet.org 221 sweetiebot +i
17:51:21 :underworld1.no.quakenet.org 332 sweetiebot #tlponies :It was the best of times, it was the blurst of times.
17:51:21 :underworld1.no.quakenet.org 333 sweetiebot #tlponies Cane 1575434553
17:51:21 :underworld1.no.quakenet.org 353 sweetiebot @ #tlponies :sweetiebot +Camail +carcinisation BioPone Crisium @Cane Dot` tredc Runbunny Micen_ Rawr|Fone Bio +Westy543 GGMethos +Emily +CockRoach|42 @Q
17:51:21 :underworld1.no.quakenet.org 366 sweetiebot #tlponies :End of /NAMES list.
17:51:22 :underworld1.no.quakenet.org 353 sweetiebot = #camtestinggg :@sweetiebot
17:51:22 :underworld1.no.quakenet.org 366 sweetiebot #camtestinggg :End of /NAMES list.
